<?xml version="1.0" encoding="UTF-8"?>
<testsuite xmlns:xsi="http://www.w3.org/2001/XMLSchema-instance" xsi:noNamespaceSchemaLocation="https://maven.apache.org/surefire/maven-failsafe-plugin/xsd/failsafe-test-report-3.0.xsd" version="3.0" name="com.swaglabs.testcases.Tests" time="135.766" tests="4" errors="0" skipped="1" failures="0">
  <properties>
    <property name="java.specification.version" value="17"/>
    <property name="sun.cpu.isalist" value="amd64"/>
    <property name="sun.jnu.encoding" value="Cp1252"/>
    <property name="java.class.path" value="C:\Users\RA20312005\Documents\22-23 Poc\swaglabs\target\test-classes;C:\Users\RA20312005\Documents\22-23 Poc\swaglabs\target\swaglabs-0.0.1-SNAPSHOT.jar;C:\Users\RA20312005\.m2\repository\net\serenity-bdd\serenity-core\3.6.12\serenity-core-3.6.12.jar;C:\Users\RA20312005\.m2\repository\net\serenity-bdd\serenity-model\3.6.12\serenity-model-3.6.12.jar;C:\Users\RA20312005\.m2\repository\org\apache\commons\commons-text\1.10.0\commons-text-1.10.0.jar;C:\Users\RA20312005\.m2\repository\commons-net\commons-net\3.9.0\commons-net-3.9.0.jar;C:\Users\RA20312005\.m2\repository\com\google\guava\guava\31.1-jre\guava-31.1-jre.jar;C:\Users\RA20312005\.m2\repository\com\google\guava\failureaccess\1.0.1\failureaccess-1.0.1.jar;C:\Users\RA20312005\.m2\repository\com\google\guava\listenablefuture\9999.0-empty-to-avoid-conflict-with-guava\listenablefuture-9999.0-empty-to-avoid-conflict-with-guava.jar;C:\Users\RA20312005\.m2\repository\com\google\code\findbugs\jsr305\3.0.2\jsr305-3.0.2.jar;C:\Users\RA20312005\.m2\repository\org\checkerframework\checker-qual\3.12.0\checker-qual-3.12.0.jar;C:\Users\RA20312005\.m2\repository\com\google\errorprone\error_prone_annotations\2.11.0\error_prone_annotations-2.11.0.jar;C:\Users\RA20312005\.m2\repository\com\google\j2objc\j2objc-annotations\1.3\j2objc-annotations-1.3.jar;C:\Users\RA20312005\.m2\repository\com\google\inject\guice\5.1.0\guice-5.1.0.jar;C:\Users\RA20312005\.m2\repository\javax\inject\javax.inject\1\javax.inject-1.jar;C:\Users\RA20312005\.m2\repository\aopalliance\aopalliance\1.0\aopalliance-1.0.jar;C:\Users\RA20312005\.m2\repository\org\jsoup\jsoup\1.14.3\jsoup-1.14.3.jar;C:\Users\RA20312005\.m2\repository\com\thoughtworks\xstream\xstream\1.4.20\xstream-1.4.20.jar;C:\Users\RA20312005\.m2\repository\io\github\x-stream\mxparser\1.2.2\mxparser-1.2.2.jar;C:\Users\RA20312005\.m2\repository\xmlpull\xmlpull\1.1.3.1\xmlpull-1.1.3.1.jar;C:\Users\RA20312005\.m2\repository\com\typesafe\config\1.4.2\config-1.4.2.jar;C:\Users\RA20312005\.m2\repository\org\imgscalr\imgscalr-lib\4.2\imgscalr-lib-4.2.jar;C:\Users\RA20312005\.m2\repository\org\awaitility\awaitility\4.2.0\awaitility-4.2.0.jar;C:\Users\RA20312005\.m2\repository\org\freemarker\freemarker\2.3.31\freemarker-2.3.31.jar;C:\Users\RA20312005\.m2\repository\io\github\classgraph\classgraph\4.8.138\classgraph-4.8.138.jar;C:\Users\RA20312005\.m2\repository\net\sourceforge\jexcelapi\jxl\2.6.12\jxl-2.6.12.jar;C:\Users\RA20312005\.m2\repository\net\bytebuddy\byte-buddy\1.12.22\byte-buddy-1.12.22.jar;C:\Users\RA20312005\.m2\repository\net\bytebuddy\byte-buddy-agent\1.12.22\byte-buddy-agent-1.12.22.jar;C:\Users\RA20312005\.m2\repository\org\objenesis\objenesis\3.1\objenesis-3.1.jar;C:\Users\RA20312005\.m2\repository\net\serenity-bdd\serenity-reports\3.6.12\serenity-reports-3.6.12.jar;C:\Users\RA20312005\.m2\repository\net\serenity-bdd\serenity-stats\3.6.12\serenity-stats-3.6.12.jar;C:\Users\RA20312005\.m2\repository\net\serenity-bdd\serenity-reports-configuration\3.6.12\serenity-reports-configuration-3.6.12.jar;C:\Users\RA20312005\.m2\repository\com\vladsch\flexmark\flexmark-all\0.34.30\flexmark-all-0.34.30.jar;C:\Users\RA20312005\.m2\repository\com\vladsch\flexmark\flexmark\0.34.30\flexmark-0.34.30.jar;C:\Users\RA20312005\.m2\repository\com\vladsch\flexmark\flexmark-ext-abbreviation\0.34.30\flexmark-ext-abbreviation-0.34.30.jar;C:\Users\RA20312005\.m2\repository\com\vladsch\flexmark\flexmark-ext-admonition\0.34.30\flexmark-ext-admonition-0.34.30.jar;C:\Users\RA20312005\.m2\repository\com\vladsch\flexmark\flexmark-ext-anchorlink\0.34.30\flexmark-ext-anchorlink-0.34.30.jar;C:\Users\RA20312005\.m2\repository\com\vladsch\flexmark\flexmark-ext-aside\0.34.30\flexmark-ext-aside-0.34.30.jar;C:\Users\RA20312005\.m2\repository\com\vladsch\flexmark\flexmark-ext-attributes\0.34.30\flexmark-ext-attributes-0.34.30.jar;C:\Users\RA20312005\.m2\repository\com\vladsch\flexmark\flexmark-ext-autolink\0.34.30\flexmark-ext-autolink-0.34.30.jar;C:\Users\RA20312005\.m2\repository\org\nibor\autolink\autolink\0.6.0\autolink-0.6.0.jar;C:\Users\RA20312005\.m2\repository\com\vladsch\flexmark\flexmark-ext-definition\0.34.30\flexmark-ext-definition-0.34.30.jar;C:\Users\RA20312005\.m2\repository\com\vladsch\flexmark\flexmark-ext-emoji\0.34.30\flexmark-ext-emoji-0.34.30.jar;C:\Users\RA20312005\.m2\repository\com\vladsch\flexmark\flexmark-ext-enumerated-reference\0.34.30\flexmark-ext-enumerated-reference-0.34.30.jar;C:\Users\RA20312005\.m2\repository\com\vladsch\flexmark\flexmark-ext-escaped-character\0.34.30\flexmark-ext-escaped-character-0.34.30.jar;C:\Users\RA20312005\.m2\repository\com\vladsch\flexmark\flexmark-ext-footnotes\0.34.30\flexmark-ext-footnotes-0.34.30.jar;C:\Users\RA20312005\.m2\repository\com\vladsch\flexmark\flexmark-ext-gfm-issues\0.34.30\flexmark-ext-gfm-issues-0.34.30.jar;C:\Users\RA20312005\.m2\repository\com\vladsch\flexmark\flexmark-ext-gfm-strikethrough\0.34.30\flexmark-ext-gfm-strikethrough-0.34.30.jar;C:\Users\RA20312005\.m2\repository\com\vladsch\flexmark\flexmark-ext-gfm-tables\0.34.30\flexmark-ext-gfm-tables-0.34.30.jar;C:\Users\RA20312005\.m2\repository\com\vladsch\flexmark\flexmark-ext-gfm-tasklist\0.34.30\flexmark-ext-gfm-tasklist-0.34.30.jar;C:\Users\RA20312005\.m2\repository\com\vladsch\flexmark\flexmark-ext-gfm-users\0.34.30\flexmark-ext-gfm-users-0.34.30.jar;C:\Users\RA20312005\.m2\repository\com\vladsch\flexmark\flexmark-ext-gitlab\0.34.30\flexmark-ext-gitlab-0.34.30.jar;C:\Users\RA20312005\.m2\repository\com\vladsch\flexmark\flexmark-ext-jekyll-front-matter\0.34.30\flexmark-ext-jekyll-front-matter-0.34.30.jar;C:\Users\RA20312005\.m2\repository\com\vladsch\flexmark\flexmark-ext-jekyll-tag\0.34.30\flexmark-ext-jekyll-tag-0.34.30.jar;C:\Users\RA20312005\.m2\repository\com\vladsch\flexmark\flexmark-ext-media-tags\0.34.30\flexmark-ext-media-tags-0.34.30.jar;C:\Users\RA20312005\.m2\repository\com\vladsch\flexmark\flexmark-test-util\0.34.30\flexmark-test-util-0.34.30.jar;C:\Users\RA20312005\.m2\repository\com\vladsch\flexmark\flexmark-ext-ins\0.34.30\flexmark-ext-ins-0.34.30.jar;C:\Users\RA20312005\.m2\repository\com\vladsch\flexmark\flexmark-ext-xwiki-macros\0.34.30\flexmark-ext-xwiki-macros-0.34.30.jar;C:\Users\RA20312005\.m2\repository\com\vladsch\flexmark\flexmark-ext-superscript\0.34.30\flexmark-ext-superscript-0.34.30.jar;C:\Users\RA20312005\.m2\repository\com\vladsch\flexmark\flexmark-ext-tables\0.34.30\flexmark-ext-tables-0.34.30.jar;C:\Users\RA20312005\.m2\repository\com\vladsch\flexmark\flexmark-ext-toc\0.34.30\flexmark-ext-toc-0.34.30.jar;C:\Users\RA20312005\.m2\repository\com\vladsch\flexmark\flexmark-ext-typographic\0.34.30\flexmark-ext-typographic-0.34.30.jar;C:\Users\RA20312005\.m2\repository\com\vladsch\flexmark\flexmark-ext-wikilink\0.34.30\flexmark-ext-wikilink-0.34.30.jar;C:\Users\RA20312005\.m2\repository\com\vladsch\flexmark\flexmark-ext-yaml-front-matter\0.34.30\flexmark-ext-yaml-front-matter-0.34.30.jar;C:\Users\RA20312005\.m2\repository\com\vladsch\flexmark\flexmark-ext-youtube-embedded\0.34.30\flexmark-ext-youtube-embedded-0.34.30.jar;C:\Users\RA20312005\.m2\repository\com\vladsch\flexmark\flexmark-formatter\0.34.30\flexmark-formatter-0.34.30.jar;C:\Users\RA20312005\.m2\repository\com\vladsch\flexmark\flexmark-html-parser\0.34.30\flexmark-html-parser-0.34.30.jar;C:\Users\RA20312005\.m2\repository\com\vladsch\flexmark\flexmark-jira-converter\0.34.30\flexmark-jira-converter-0.34.30.jar;C:\Users\RA20312005\.m2\repository\com\vladsch\flexmark\flexmark-pdf-converter\0.34.30\flexmark-pdf-converter-0.34.30.jar;C:\Users\RA20312005\.m2\repository\com\openhtmltopdf\openhtmltopdf-core\0.0.1-RC13\openhtmltopdf-core-0.0.1-RC13.jar;C:\Users\RA20312005\.m2\repository\com\openhtmltopdf\openhtmltopdf-pdfbox\0.0.1-RC13\openhtmltopdf-pdfbox-0.0.1-RC13.jar;C:\Users\RA20312005\.m2\repository\org\apache\pdfbox\pdfbox\2.0.8\pdfbox-2.0.8.jar;C:\Users\RA20312005\.m2\repository\org\apache\pdfbox\fontbox\2.0.8\fontbox-2.0.8.jar;C:\Users\RA20312005\.m2\repository\org\apache\pdfbox\xmpbox\2.0.8\xmpbox-2.0.8.jar;C:\Users\RA20312005\.m2\repository\de\rototor\pdfbox\graphics2d\0.12\graphics2d-0.12.jar;C:\Users\RA20312005\.m2\repository\com\openhtmltopdf\openhtmltopdf-rtl-support\0.0.1-RC13\openhtmltopdf-rtl-support-0.0.1-RC13.jar;C:\Users\RA20312005\.m2\repository\com\ibm\icu\icu4j\59.1\icu4j-59.1.jar;C:\Users\RA20312005\.m2\repository\com\openhtmltopdf\openhtmltopdf-jsoup-dom-converter\0.0.1-RC13\openhtmltopdf-jsoup-dom-converter-0.0.1-RC13.jar;C:\Users\RA20312005\.m2\repository\com\vladsch\flexmark\flexmark-profile-pegdown\0.34.30\flexmark-profile-pegdown-0.34.30.jar;C:\Users\RA20312005\.m2\repository\com\vladsch\flexmark\flexmark-util\0.34.30\flexmark-util-0.34.30.jar;C:\Users\RA20312005\.m2\repository\com\vladsch\flexmark\flexmark-youtrack-converter\0.34.30\flexmark-youtrack-converter-0.34.30.jar;C:\Users\RA20312005\.m2\repository\es\nitaur\markdown\txtmark\0.16\txtmark-0.16.jar;C:\Users\RA20312005\.m2\repository\net\serenity-bdd\serenity-report-resources\3.6.12\serenity-report-resources-3.6.12.jar;C:\Users\RA20312005\.m2\repository\com\google\code\gson\gson\2.9.0\gson-2.9.0.jar;C:\Users\RA20312005\.m2\repository\com\fasterxml\jackson\core\jackson-core\2.14.2\jackson-core-2.14.2.jar;C:\Users\RA20312005\.m2\repository\com\fasterxml\jackson\core\jackson-databind\2.14.2\jackson-databind-2.14.2.jar;C:\Users\RA20312005\.m2\repository\com\fasterxml\jackson\core\jackson-annotations\2.14.2\jackson-annotations-2.14.2.jar;C:\Users\RA20312005\.m2\repository\commons-codec\commons-codec\1.15\commons-codec-1.15.jar;C:\Users\RA20312005\.m2\repository\org\apache\httpcomponents\httpclient\4.5.13\httpclient-4.5.13.jar;C:\Users\RA20312005\.m2\repository\org\apache\httpcomponents\httpcore\4.4.13\httpcore-4.4.13.jar;C:\Users\RA20312005\.m2\repository\commons-logging\commons-logging\1.2\commons-logging-1.2.jar;C:\Users\RA20312005\.m2\repository\org\seleniumhq\selenium\selenium-java\4.8.0\selenium-java-4.8.0.jar;C:\Users\RA20312005\.m2\repository\org\seleniumhq\selenium\selenium-devtools-v107\4.8.0\selenium-devtools-v107-4.8.0.jar;C:\Users\RA20312005\.m2\repository\org\seleniumhq\selenium\selenium-devtools-v108\4.8.0\selenium-devtools-v108-4.8.0.jar;C:\Users\RA20312005\.m2\repository\org\seleniumhq\selenium\selenium-devtools-v109\4.8.0\selenium-devtools-v109-4.8.0.jar;C:\Users\RA20312005\.m2\repository\org\seleniumhq\selenium\selenium-devtools-v85\4.8.0\selenium-devtools-v85-4.8.0.jar;C:\Users\RA20312005\.m2\repository\org\seleniumhq\selenium\selenium-remote-driver\4.8.0\selenium-remote-driver-4.8.0.jar;C:\Users\RA20312005\.m2\repository\com\beust\jcommander\1.82\jcommander-1.82.jar;C:\Users\RA20312005\.m2\repository\io\netty\netty-buffer\4.1.87.Final\netty-buffer-4.1.87.Final.jar;C:\Users\RA20312005\.m2\repository\io\netty\netty-codec-http\4.1.87.Final\netty-codec-http-4.1.87.Final.jar;C:\Users\RA20312005\.m2\repository\io\netty\netty-codec\4.1.87.Final\netty-codec-4.1.87.Final.jar;C:\Users\RA20312005\.m2\repository\io\netty\netty-handler\4.1.87.Final\netty-handler-4.1.87.Final.jar;C:\Users\RA20312005\.m2\repository\io\netty\netty-common\4.1.87.Final\netty-common-4.1.87.Final.jar;C:\Users\RA20312005\.m2\repository\io\netty\netty-transport-classes-epoll\4.1.87.Final\netty-transport-classes-epoll-4.1.87.Final.jar;C:\Users\RA20312005\.m2\repository\io\netty\netty-transport-classes-kqueue\4.1.87.Final\netty-transport-classes-kqueue-4.1.87.Final.jar;C:\Users\RA20312005\.m2\repository\io\netty\netty-transport-native-epoll\4.1.87.Final\netty-transport-native-epoll-4.1.87.Final.jar;C:\Users\RA20312005\.m2\repository\io\netty\netty-transport-native-kqueue\4.1.87.Final\netty-transport-native-kqueue-4.1.87.Final.jar;C:\Users\RA20312005\.m2\repository\io\netty\netty-transport-native-unix-common\4.1.87.Final\netty-transport-native-unix-common-4.1.87.Final.jar;C:\Users\RA20312005\.m2\repository\io\netty\netty-transport\4.1.87.Final\netty-transport-4.1.87.Final.jar;C:\Users\RA20312005\.m2\repository\io\netty\netty-resolver\4.1.87.Final\netty-resolver-4.1.87.Final.jar;C:\Users\RA20312005\.m2\repository\io\opentelemetry\opentelemetry-api\1.22.0\opentelemetry-api-1.22.0.jar;C:\Users\RA20312005\.m2\repository\io\opentelemetry\opentelemetry-context\1.22.0\opentelemetry-context-1.22.0.jar;C:\Users\RA20312005\.m2\repository\io\opentelemetry\opentelemetry-exporter-logging\1.22.0\opentelemetry-exporter-logging-1.22.0.jar;C:\Users\RA20312005\.m2\repository\io\opentelemetry\opentelemetry-sdk-metrics\1.22.0\opentelemetry-sdk-metrics-1.22.0.jar;C:\Users\RA20312005\.m2\repository\io\opentelemetry\opentelemetry-sdk-logs\1.22.0-alpha\opentelemetry-sdk-logs-1.22.0-alpha.jar;C:\Users\RA20312005\.m2\repository\io\opentelemetry\opentelemetry-api-logs\1.22.0-alpha\opentelemetry-api-logs-1.22.0-alpha.jar;C:\Users\RA20312005\.m2\repository\io\opentelemetry\opentelemetry-sdk-common\1.22.0\opentelemetry-sdk-common-1.22.0.jar;C:\Users\RA20312005\.m2\repository\io\opentelemetry\opentelemetry-sdk-extension-autoconfigure-spi\1.22.0\opentelemetry-sdk-extension-autoconfigure-spi-1.22.0.jar;C:\Users\RA20312005\.m2\repository\io\opentelemetry\opentelemetry-sdk-extension-autoconfigure\1.22.0-alpha\opentelemetry-sdk-extension-autoconfigure-1.22.0-alpha.jar;C:\Users\RA20312005\.m2\repository\io\opentelemetry\opentelemetry-sdk-trace\1.22.0\opentelemetry-sdk-trace-1.22.0.jar;C:\Users\RA20312005\.m2\repository\io\opentelemetry\opentelemetry-sdk\1.22.0\opentelemetry-sdk-1.22.0.jar;C:\Users\RA20312005\.m2\repository\io\opentelemetry\opentelemetry-semconv\1.22.0-alpha\opentelemetry-semconv-1.22.0-alpha.jar;C:\Users\RA20312005\.m2\repository\io\ous\jtoml\2.0.0\jtoml-2.0.0.jar;C:\Users\RA20312005\.m2\repository\org\apache\commons\commons-exec\1.3\commons-exec-1.3.jar;C:\Users\RA20312005\.m2\repository\org\asynchttpclient\async-http-client\2.12.3\async-http-client-2.12.3.jar;C:\Users\RA20312005\.m2\repository\org\asynchttpclient\async-http-client-netty-utils\2.12.3\async-http-client-netty-utils-2.12.3.jar;C:\Users\RA20312005\.m2\repository\io\netty\netty-codec-socks\4.1.60.Final\netty-codec-socks-4.1.60.Final.jar;C:\Users\RA20312005\.m2\repository\io\netty\netty-handler-proxy\4.1.60.Final\netty-handler-proxy-4.1.60.Final.jar;C:\Users\RA20312005\.m2\repository\io\netty\netty-transport-native-epoll\4.1.60.Final\netty-transport-native-epoll-4.1.60.Final-linux-x86_64.jar;C:\Users\RA20312005\.m2\repository\io\netty\netty-transport-native-kqueue\4.1.60.Final\netty-transport-native-kqueue-4.1.60.Final-osx-x86_64.jar;C:\Users\RA20312005\.m2\repository\org\reactivestreams\reactive-streams\1.0.3\reactive-streams-1.0.3.jar;C:\Users\RA20312005\.m2\repository\com\typesafe\netty\netty-reactive-streams\2.0.4\netty-reactive-streams-2.0.4.jar;C:\Users\RA20312005\.m2\repository\org\seleniumhq\selenium\selenium-manager\4.8.0\selenium-manager-4.8.0.jar;C:\Users\RA20312005\.m2\repository\org\seleniumhq\selenium\selenium-safari-driver\4.8.0\selenium-safari-driver-4.8.0.jar;C:\Users\RA20312005\.m2\repository\org\seleniumhq\selenium\selenium-api\4.8.0\selenium-api-4.8.0.jar;C:\Users\RA20312005\.m2\repository\org\seleniumhq\selenium\selenium-support\4.8.0\selenium-support-4.8.0.jar;C:\Users\RA20312005\.m2\repository\com\google\auto\service\auto-service-annotations\1.0.1\auto-service-annotations-1.0.1.jar;C:\Users\RA20312005\.m2\repository\com\google\auto\service\auto-service\1.0.1\auto-service-1.0.1.jar;C:\Users\RA20312005\.m2\repository\com\google\auto\auto-common\1.2\auto-common-1.2.jar;C:\Users\RA20312005\.m2\repository\org\seleniumhq\selenium\selenium-json\4.8.0\selenium-json-4.8.0.jar;C:\Users\RA20312005\.m2\repository\org\seleniumhq\selenium\selenium-chrome-driver\4.8.0\selenium-chrome-driver-4.8.0.jar;C:\Users\RA20312005\.m2\repository\org\seleniumhq\selenium\selenium-chromium-driver\4.8.0\selenium-chromium-driver-4.8.0.jar;C:\Users\RA20312005\.m2\repository\org\seleniumhq\selenium\selenium-firefox-driver\4.8.0\selenium-firefox-driver-4.8.0.jar;C:\Users\RA20312005\.m2\repository\org\seleniumhq\selenium\selenium-http\4.8.0\selenium-http-4.8.0.jar;C:\Users\RA20312005\.m2\repository\dev\failsafe\failsafe\3.3.0\failsafe-3.3.0.jar;C:\Users\RA20312005\.m2\repository\org\seleniumhq\selenium\selenium-edge-driver\4.8.0\selenium-edge-driver-4.8.0.jar;C:\Users\RA20312005\.m2\repository\org\seleniumhq\selenium\selenium-ie-driver\4.8.0\selenium-ie-driver-4.8.0.jar;C:\Users\RA20312005\.m2\repository\org\projectlombok\lombok\1.18.20\lombok-1.18.20.jar;C:\Users\RA20312005\.m2\repository\io\appium\java-client\8.3.0\java-client-8.3.0.jar;C:\Users\RA20312005\.m2\repository\commons-validator\commons-validator\1.7\commons-validator-1.7.jar;C:\Users\RA20312005\.m2\repository\commons-digester\commons-digester\2.1\commons-digester-2.1.jar;C:\Users\RA20312005\.m2\repository\org\apache\groovy\groovy\4.0.6\groovy-4.0.6.jar;C:\Users\RA20312005\.m2\repository\net\sf\opencsv\opencsv\2.0\opencsv-2.0.jar;C:\Users\RA20312005\.m2\repository\commons-beanutils\commons-beanutils\1.9.4\commons-beanutils-1.9.4.jar;C:\Users\RA20312005\.m2\repository\org\apache\commons\commons-lang3\3.12.0\commons-lang3-3.12.0.jar;C:\Users\RA20312005\.m2\repository\commons-collections\commons-collections\3.2.2\commons-collections-3.2.2.jar;C:\Users\RA20312005\.m2\repository\org\fluentlenium\fluentlenium-core\0.10.2\fluentlenium-core-0.10.2.jar;C:\Users\RA20312005\.m2\repository\io\github\bonigarcia\webdrivermanager\5.3.0\webdrivermanager-5.3.0.jar;C:\Users\RA20312005\.m2\repository\com\github\docker-java\docker-java\3.2.13\docker-java-3.2.13.jar;C:\Users\RA20312005\.m2\repository\com\github\docker-java\docker-java-core\3.2.13\docker-java-core-3.2.13.jar;C:\Users\RA20312005\.m2\repository\com\github\docker-java\docker-java-api\3.2.13\docker-java-api-3.2.13.jar;C:\Users\RA20312005\.m2\repository\org\bouncycastle\bcpkix-jdk15on\1.64\bcpkix-jdk15on-1.64.jar;C:\Users\RA20312005\.m2\repository\org\bouncycastle\bcprov-jdk15on\1.64\bcprov-jdk15on-1.64.jar;C:\Users\RA20312005\.m2\repository\org\slf4j\jcl-over-slf4j\1.7.30\jcl-over-slf4j-1.7.30.jar;C:\Users\RA20312005\.m2\repository\com\github\docker-java\docker-java-transport-httpclient5\3.2.13\docker-java-transport-httpclient5-3.2.13.jar;C:\Users\RA20312005\.m2\repository\com\github\docker-java\docker-java-transport\3.2.13\docker-java-transport-3.2.13.jar;C:\Users\RA20312005\.m2\repository\net\java\dev\jna\jna\5.8.0\jna-5.8.0.jar;C:\Users\RA20312005\.m2\repository\org\brotli\dec\0.1.2\dec-0.1.2.jar;C:\Users\RA20312005\.m2\repository\org\apache\httpcomponents\client5\httpclient5\5.1.3\httpclient5-5.1.3.jar;C:\Users\RA20312005\.m2\repository\org\apache\httpcomponents\core5\httpcore5\5.1.3\httpcore5-5.1.3.jar;C:\Users\RA20312005\.m2\repository\org\apache\httpcomponents\core5\httpcore5-h2\5.1.3\httpcore5-h2-5.1.3.jar;C:\Users\RA20312005\.m2\repository\com\jhlabs\filters\2.0.235\filters-2.0.235.jar;C:\Users\RA20312005\.m2\repository\com\paulhammant\ngwebdriver\1.1.6\ngwebdriver-1.1.6.jar;C:\Users\RA20312005\.m2\repository\joda-time\joda-time\2.8.2\joda-time-2.8.2.jar;C:\Users\RA20312005\.m2\repository\org\hamcrest\hamcrest\2.2\hamcrest-2.2.jar;C:\Users\RA20312005\.m2\repository\com\google\jimfs\jimfs\1.2\jimfs-1.2.jar;C:\Users\RA20312005\.m2\repository\org\mockito\mockito-core\3.3.3\mockito-core-3.3.3.jar;C:\Users\RA20312005\.m2\repository\javax\xml\bind\jaxb-api\2.3.1\jaxb-api-2.3.1.jar;C:\Users\RA20312005\.m2\repository\javax\activation\javax.activation-api\1.2.0\javax.activation-api-1.2.0.jar;C:\Users\RA20312005\.m2\repository\com\sun\xml\bind\jaxb-core\2.3.0.1\jaxb-core-2.3.0.1.jar;C:\Users\RA20312005\.m2\repository\com\sun\xml\bind\jaxb-impl\2.3.3\jaxb-impl-2.3.3.jar;C:\Users\RA20312005\.m2\repository\jakarta\xml\bind\jakarta.xml.bind-api\2.3.3\jakarta.xml.bind-api-2.3.3.jar;C:\Users\RA20312005\.m2\repository\com\sun\activation\jakarta.activation\1.2.2\jakarta.activation-1.2.2.jar;C:\Users\RA20312005\.m2\repository\javax\activation\activation\1.1.1\activation-1.1.1.jar;C:\Users\RA20312005\.m2\repository\net\serenity-bdd\serenity-cucumber\3.6.12\serenity-cucumber-3.6.12.jar;C:\Users\RA20312005\.m2\repository\io\cucumber\cucumber-core\7.11.0\cucumber-core-7.11.0.jar;C:\Users\RA20312005\.m2\repository\io\cucumber\cucumber-gherkin\7.11.0\cucumber-gherkin-7.11.0.jar;C:\Users\RA20312005\.m2\repository\io\cucumber\cucumber-gherkin-messages\7.11.0\cucumber-gherkin-messages-7.11.0.jar;C:\Users\RA20312005\.m2\repository\io\cucumber\gherkin\26.0.3\gherkin-26.0.3.jar;C:\Users\RA20312005\.m2\repository\io\cucumber\messages\21.0.1\messages-21.0.1.jar;C:\Users\RA20312005\.m2\repository\io\cucumber\tag-expressions\5.0.1\tag-expressions-5.0.1.jar;C:\Users\RA20312005\.m2\repository\io\cucumber\cucumber-expressions\16.1.1\cucumber-expressions-16.1.1.jar;C:\Users\RA20312005\.m2\repository\io\cucumber\datatable\7.11.0\datatable-7.11.0.jar;C:\Users\RA20312005\.m2\repository\io\cucumber\cucumber-plugin\7.11.0\cucumber-plugin-7.11.0.jar;C:\Users\RA20312005\.m2\repository\io\cucumber\docstring\7.11.0\docstring-7.11.0.jar;C:\Users\RA20312005\.m2\repository\io\cucumber\html-formatter\20.2.1\html-formatter-20.2.1.jar;C:\Users\RA20312005\.m2\repository\io\cucumber\junit-xml-formatter\0.1.0\junit-xml-formatter-0.1.0.jar;C:\Users\RA20312005\.m2\repository\io\cucumber\ci-environment\9.1.0\ci-environment-9.1.0.jar;C:\Users\RA20312005\.m2\repository\io\cucumber\cucumber-java\7.11.0\cucumber-java-7.11.0.jar;C:\Users\RA20312005\.m2\repository\io\cucumber\cucumber-junit\7.11.0\cucumber-junit-7.11.0.jar;C:\Users\RA20312005\.m2\repository\org\apache\commons\commons-csv\1.5\commons-csv-1.5.jar;C:\Users\RA20312005\.m2\repository\net\serenity-bdd\serenity-screenplay\3.6.12\serenity-screenplay-3.6.12.jar;C:\Users\RA20312005\.m2\repository\net\serenity-bdd\serenity-screenplay-webdriver\3.6.12\serenity-screenplay-webdriver-3.6.12.jar;C:\Users\RA20312005\.m2\repository\net\serenity-bdd\serenity-ensure\3.6.23\serenity-ensure-3.6.23.jar;C:\Users\RA20312005\.m2\repository\net\serenity-bdd\serenity-junit\3.6.23\serenity-junit-3.6.23.jar;C:\Users\RA20312005\.m2\repository\org\jetbrains\kotlin\kotlin-stdlib\1.8.10\kotlin-stdlib-1.8.10.jar;C:\Users\RA20312005\.m2\repository\org\jetbrains\kotlin\kotlin-stdlib-common\1.8.10\kotlin-stdlib-common-1.8.10.jar;C:\Users\RA20312005\.m2\repository\org\jetbrains\annotations\13.0\annotations-13.0.jar;C:\Users\RA20312005\.m2\repository\org\junit\platform\junit-platform-launcher\1.8.1\junit-platform-launcher-1.8.1.jar;C:\Users\RA20312005\.m2\repository\org\junit\platform\junit-platform-engine\1.8.1\junit-platform-engine-1.8.1.jar;C:\Users\RA20312005\.m2\repository\org\opentest4j\opentest4j\1.2.0\opentest4j-1.2.0.jar;C:\Users\RA20312005\.m2\repository\org\junit\platform\junit-platform-commons\1.8.1\junit-platform-commons-1.8.1.jar;C:\Users\RA20312005\.m2\repository\org\apiguardian\apiguardian-api\1.1.2\apiguardian-api-1.1.2.jar;C:\Users\RA20312005\.m2\repository\org\apache\poi\poi-ooxml\5.2.2\poi-ooxml-5.2.2.jar;C:\Users\RA20312005\.m2\repository\org\apache\poi\poi\5.2.2\poi-5.2.2.jar;C:\Users\RA20312005\.m2\repository\org\apache\commons\commons-math3\3.6.1\commons-math3-3.6.1.jar;C:\Users\RA20312005\.m2\repository\com\zaxxer\SparseBitSet\1.2\SparseBitSet-1.2.jar;C:\Users\RA20312005\.m2\repository\org\apache\poi\poi-ooxml-lite\5.2.2\poi-ooxml-lite-5.2.2.jar;C:\Users\RA20312005\.m2\repository\org\apache\xmlbeans\xmlbeans\5.0.3\xmlbeans-5.0.3.jar;C:\Users\RA20312005\.m2\repository\org\apache\commons\commons-compress\1.21\commons-compress-1.21.jar;C:\Users\RA20312005\.m2\repository\com\github\virtuald\curvesapi\1.07\curvesapi-1.07.jar;C:\Users\RA20312005\.m2\repository\org\apache\commons\commons-collections4\4.4\commons-collections4-4.4.jar;C:\Users\RA20312005\.m2\repository\commons-io\commons-io\2.11.0\commons-io-2.11.0.jar;C:\Users\RA20312005\.m2\repository\org\apache\logging\log4j\log4j-core\2.19.0\log4j-core-2.19.0.jar;C:\Users\RA20312005\.m2\repository\org\apache\logging\log4j\log4j-api\2.19.0\log4j-api-2.19.0.jar;C:\Users\RA20312005\.m2\repository\org\junit\jupiter\junit-jupiter-engine\5.8.2\junit-jupiter-engine-5.8.2.jar;C:\Users\RA20312005\.m2\repository\org\junit\jupiter\junit-jupiter-api\5.8.2\junit-jupiter-api-5.8.2.jar;C:\Users\RA20312005\.m2\repository\org\junit\vintage\junit-vintage-engine\5.8.2\junit-vintage-engine-5.8.2.jar;C:\Users\RA20312005\.m2\repository\junit\junit\4.13.2\junit-4.13.2.jar;C:\Users\RA20312005\.m2\repository\org\hamcrest\hamcrest-core\1.3\hamcrest-core-1.3.jar;C:\Users\RA20312005\.m2\repository\ch\qos\logback\logback-classic\1.2.10\logback-classic-1.2.10.jar;C:\Users\RA20312005\.m2\repository\ch\qos\logback\logback-core\1.2.10\logback-core-1.2.10.jar;C:\Users\RA20312005\.m2\repository\org\slf4j\slf4j-api\1.7.32\slf4j-api-1.7.32.jar;C:\Users\RA20312005\.m2\repository\org\assertj\assertj-core\3.6.2\assertj-core-3.6.2.jar;"/>
    <property name="java.vm.vendor" value="Eclipse Adoptium"/>
    <property name="sun.arch.data.model" value="64"/>
    <property name="user.variant" value=""/>
    <property name="java.vendor.url" value="https://adoptium.net/"/>
    <property name="user.timezone" value="Asia/Calcutta"/>
    <property name="os.name" value="Windows 11"/>
    <property name="java.vm.specification.version" value="17"/>
    <property name="sun.java.launcher" value="SUN_STANDARD"/>
    <property name="user.country" value="IN"/>
    <property name="sun.boot.library.path" value="C:\Users\RA20312005\.p2\pool\plugins\org.eclipse.justj.openjdk.hotspot.jre.full.win32.x86_64_17.0.2.v20220201-1208\jre\bin"/>
    <property name="sun.java.command" value="C:\Users\RA20312005\AppData\Local\Temp\surefire14745507876538790980\surefirebooter5942649580919718117.jar C:\Users\RA20312005\AppData\Local\Temp\surefire14745507876538790980 2023-08-31T11-35-25_256-jvmRun1 surefire16511545792952493930tmp surefire_04635379558967672339tmp"/>
    <property name="jdk.debug" value="release"/>
    <property name="surefire.test.class.path" value="C:\Users\RA20312005\Documents\22-23 Poc\swaglabs\target\test-classes;C:\Users\RA20312005\Documents\22-23 Poc\swaglabs\target\swaglabs-0.0.1-SNAPSHOT.jar;C:\Users\RA20312005\.m2\repository\net\serenity-bdd\serenity-core\3.6.12\serenity-core-3.6.12.jar;C:\Users\RA20312005\.m2\repository\net\serenity-bdd\serenity-model\3.6.12\serenity-model-3.6.12.jar;C:\Users\RA20312005\.m2\repository\org\apache\commons\commons-text\1.10.0\commons-text-1.10.0.jar;C:\Users\RA20312005\.m2\repository\commons-net\commons-net\3.9.0\commons-net-3.9.0.jar;C:\Users\RA20312005\.m2\repository\com\google\guava\guava\31.1-jre\guava-31.1-jre.jar;C:\Users\RA20312005\.m2\repository\com\google\guava\failureaccess\1.0.1\failureaccess-1.0.1.jar;C:\Users\RA20312005\.m2\repository\com\google\guava\listenablefuture\9999.0-empty-to-avoid-conflict-with-guava\listenablefuture-9999.0-empty-to-avoid-conflict-with-guava.jar;C:\Users\RA20312005\.m2\repository\com\google\code\findbugs\jsr305\3.0.2\jsr305-3.0.2.jar;C:\Users\RA20312005\.m2\repository\org\checkerframework\checker-qual\3.12.0\checker-qual-3.12.0.jar;C:\Users\RA20312005\.m2\repository\com\google\errorprone\error_prone_annotations\2.11.0\error_prone_annotations-2.11.0.jar;C:\Users\RA20312005\.m2\repository\com\google\j2objc\j2objc-annotations\1.3\j2objc-annotations-1.3.jar;C:\Users\RA20312005\.m2\repository\com\google\inject\guice\5.1.0\guice-5.1.0.jar;C:\Users\RA20312005\.m2\repository\javax\inject\javax.inject\1\javax.inject-1.jar;C:\Users\RA20312005\.m2\repository\aopalliance\aopalliance\1.0\aopalliance-1.0.jar;C:\Users\RA20312005\.m2\repository\org\jsoup\jsoup\1.14.3\jsoup-1.14.3.jar;C:\Users\RA20312005\.m2\repository\com\thoughtworks\xstream\xstream\1.4.20\xstream-1.4.20.jar;C:\Users\RA20312005\.m2\repository\io\github\x-stream\mxparser\1.2.2\mxparser-1.2.2.jar;C:\Users\RA20312005\.m2\repository\xmlpull\xmlpull\1.1.3.1\xmlpull-1.1.3.1.jar;C:\Users\RA20312005\.m2\repository\com\typesafe\config\1.4.2\config-1.4.2.jar;C:\Users\RA20312005\.m2\repository\org\imgscalr\imgscalr-lib\4.2\imgscalr-lib-4.2.jar;C:\Users\RA20312005\.m2\repository\org\awaitility\awaitility\4.2.0\awaitility-4.2.0.jar;C:\Users\RA20312005\.m2\repository\org\freemarker\freemarker\2.3.31\freemarker-2.3.31.jar;C:\Users\RA20312005\.m2\repository\io\github\classgraph\classgraph\4.8.138\classgraph-4.8.138.jar;C:\Users\RA20312005\.m2\repository\net\sourceforge\jexcelapi\jxl\2.6.12\jxl-2.6.12.jar;C:\Users\RA20312005\.m2\repository\net\bytebuddy\byte-buddy\1.12.22\byte-buddy-1.12.22.jar;C:\Users\RA20312005\.m2\repository\net\bytebuddy\byte-buddy-agent\1.12.22\byte-buddy-agent-1.12.22.jar;C:\Users\RA20312005\.m2\repository\org\objenesis\objenesis\3.1\objenesis-3.1.jar;C:\Users\RA20312005\.m2\repository\net\serenity-bdd\serenity-reports\3.6.12\serenity-reports-3.6.12.jar;C:\Users\RA20312005\.m2\repository\net\serenity-bdd\serenity-stats\3.6.12\serenity-stats-3.6.12.jar;C:\Users\RA20312005\.m2\repository\net\serenity-bdd\serenity-reports-configuration\3.6.12\serenity-reports-configuration-3.6.12.jar;C:\Users\RA20312005\.m2\repository\com\vladsch\flexmark\flexmark-all\0.34.30\flexmark-all-0.34.30.jar;C:\Users\RA20312005\.m2\repository\com\vladsch\flexmark\flexmark\0.34.30\flexmark-0.34.30.jar;C:\Users\RA20312005\.m2\repository\com\vladsch\flexmark\flexmark-ext-abbreviation\0.34.30\flexmark-ext-abbreviation-0.34.30.jar;C:\Users\RA20312005\.m2\repository\com\vladsch\flexmark\flexmark-ext-admonition\0.34.30\flexmark-ext-admonition-0.34.30.jar;C:\Users\RA20312005\.m2\repository\com\vladsch\flexmark\flexmark-ext-anchorlink\0.34.30\flexmark-ext-anchorlink-0.34.30.jar;C:\Users\RA20312005\.m2\repository\com\vladsch\flexmark\flexmark-ext-aside\0.34.30\flexmark-ext-aside-0.34.30.jar;C:\Users\RA20312005\.m2\repository\com\vladsch\flexmark\flexmark-ext-attributes\0.34.30\flexmark-ext-attributes-0.34.30.jar;C:\Users\RA20312005\.m2\repository\com\vladsch\flexmark\flexmark-ext-autolink\0.34.30\flexmark-ext-autolink-0.34.30.jar;C:\Users\RA20312005\.m2\repository\org\nibor\autolink\autolink\0.6.0\autolink-0.6.0.jar;C:\Users\RA20312005\.m2\repository\com\vladsch\flexmark\flexmark-ext-definition\0.34.30\flexmark-ext-definition-0.34.30.jar;C:\Users\RA20312005\.m2\repository\com\vladsch\flexmark\flexmark-ext-emoji\0.34.30\flexmark-ext-emoji-0.34.30.jar;C:\Users\RA20312005\.m2\repository\com\vladsch\flexmark\flexmark-ext-enumerated-reference\0.34.30\flexmark-ext-enumerated-reference-0.34.30.jar;C:\Users\RA20312005\.m2\repository\com\vladsch\flexmark\flexmark-ext-escaped-character\0.34.30\flexmark-ext-escaped-character-0.34.30.jar;C:\Users\RA20312005\.m2\repository\com\vladsch\flexmark\flexmark-ext-footnotes\0.34.30\flexmark-ext-footnotes-0.34.30.jar;C:\Users\RA20312005\.m2\repository\com\vladsch\flexmark\flexmark-ext-gfm-issues\0.34.30\flexmark-ext-gfm-issues-0.34.30.jar;C:\Users\RA20312005\.m2\repository\com\vladsch\flexmark\flexmark-ext-gfm-strikethrough\0.34.30\flexmark-ext-gfm-strikethrough-0.34.30.jar;C:\Users\RA20312005\.m2\repository\com\vladsch\flexmark\flexmark-ext-gfm-tables\0.34.30\flexmark-ext-gfm-tables-0.34.30.jar;C:\Users\RA20312005\.m2\repository\com\vladsch\flexmark\flexmark-ext-gfm-tasklist\0.34.30\flexmark-ext-gfm-tasklist-0.34.30.jar;C:\Users\RA20312005\.m2\repository\com\vladsch\flexmark\flexmark-ext-gfm-users\0.34.30\flexmark-ext-gfm-users-0.34.30.jar;C:\Users\RA20312005\.m2\repository\com\vladsch\flexmark\flexmark-ext-gitlab\0.34.30\flexmark-ext-gitlab-0.34.30.jar;C:\Users\RA20312005\.m2\repository\com\vladsch\flexmark\flexmark-ext-jekyll-front-matter\0.34.30\flexmark-ext-jekyll-front-matter-0.34.30.jar;C:\Users\RA20312005\.m2\repository\com\vladsch\flexmark\flexmark-ext-jekyll-tag\0.34.30\flexmark-ext-jekyll-tag-0.34.30.jar;C:\Users\RA20312005\.m2\repository\com\vladsch\flexmark\flexmark-ext-media-tags\0.34.30\flexmark-ext-media-tags-0.34.30.jar;C:\Users\RA20312005\.m2\repository\com\vladsch\flexmark\flexmark-test-util\0.34.30\flexmark-test-util-0.34.30.jar;C:\Users\RA20312005\.m2\repository\com\vladsch\flexmark\flexmark-ext-ins\0.34.30\flexmark-ext-ins-0.34.30.jar;C:\Users\RA20312005\.m2\repository\com\vladsch\flexmark\flexmark-ext-xwiki-macros\0.34.30\flexmark-ext-xwiki-macros-0.34.30.jar;C:\Users\RA20312005\.m2\repository\com\vladsch\flexmark\flexmark-ext-superscript\0.34.30\flexmark-ext-superscript-0.34.30.jar;C:\Users\RA20312005\.m2\repository\com\vladsch\flexmark\flexmark-ext-tables\0.34.30\flexmark-ext-tables-0.34.30.jar;C:\Users\RA20312005\.m2\repository\com\vladsch\flexmark\flexmark-ext-toc\0.34.30\flexmark-ext-toc-0.34.30.jar;C:\Users\RA20312005\.m2\repository\com\vladsch\flexmark\flexmark-ext-typographic\0.34.30\flexmark-ext-typographic-0.34.30.jar;C:\Users\RA20312005\.m2\repository\com\vladsch\flexmark\flexmark-ext-wikilink\0.34.30\flexmark-ext-wikilink-0.34.30.jar;C:\Users\RA20312005\.m2\repository\com\vladsch\flexmark\flexmark-ext-yaml-front-matter\0.34.30\flexmark-ext-yaml-front-matter-0.34.30.jar;C:\Users\RA20312005\.m2\repository\com\vladsch\flexmark\flexmark-ext-youtube-embedded\0.34.30\flexmark-ext-youtube-embedded-0.34.30.jar;C:\Users\RA20312005\.m2\repository\com\vladsch\flexmark\flexmark-formatter\0.34.30\flexmark-formatter-0.34.30.jar;C:\Users\RA20312005\.m2\repository\com\vladsch\flexmark\flexmark-html-parser\0.34.30\flexmark-html-parser-0.34.30.jar;C:\Users\RA20312005\.m2\repository\com\vladsch\flexmark\flexmark-jira-converter\0.34.30\flexmark-jira-converter-0.34.30.jar;C:\Users\RA20312005\.m2\repository\com\vladsch\flexmark\flexmark-pdf-converter\0.34.30\flexmark-pdf-converter-0.34.30.jar;C:\Users\RA20312005\.m2\repository\com\openhtmltopdf\openhtmltopdf-core\0.0.1-RC13\openhtmltopdf-core-0.0.1-RC13.jar;C:\Users\RA20312005\.m2\repository\com\openhtmltopdf\openhtmltopdf-pdfbox\0.0.1-RC13\openhtmltopdf-pdfbox-0.0.1-RC13.jar;C:\Users\RA20312005\.m2\repository\org\apache\pdfbox\pdfbox\2.0.8\pdfbox-2.0.8.jar;C:\Users\RA20312005\.m2\repository\org\apache\pdfbox\fontbox\2.0.8\fontbox-2.0.8.jar;C:\Users\RA20312005\.m2\repository\org\apache\pdfbox\xmpbox\2.0.8\xmpbox-2.0.8.jar;C:\Users\RA20312005\.m2\repository\de\rototor\pdfbox\graphics2d\0.12\graphics2d-0.12.jar;C:\Users\RA20312005\.m2\repository\com\openhtmltopdf\openhtmltopdf-rtl-support\0.0.1-RC13\openhtmltopdf-rtl-support-0.0.1-RC13.jar;C:\Users\RA20312005\.m2\repository\com\ibm\icu\icu4j\59.1\icu4j-59.1.jar;C:\Users\RA20312005\.m2\repository\com\openhtmltopdf\openhtmltopdf-jsoup-dom-converter\0.0.1-RC13\openhtmltopdf-jsoup-dom-converter-0.0.1-RC13.jar;C:\Users\RA20312005\.m2\repository\com\vladsch\flexmark\flexmark-profile-pegdown\0.34.30\flexmark-profile-pegdown-0.34.30.jar;C:\Users\RA20312005\.m2\repository\com\vladsch\flexmark\flexmark-util\0.34.30\flexmark-util-0.34.30.jar;C:\Users\RA20312005\.m2\repository\com\vladsch\flexmark\flexmark-youtrack-converter\0.34.30\flexmark-youtrack-converter-0.34.30.jar;C:\Users\RA20312005\.m2\repository\es\nitaur\markdown\txtmark\0.16\txtmark-0.16.jar;C:\Users\RA20312005\.m2\repository\net\serenity-bdd\serenity-report-resources\3.6.12\serenity-report-resources-3.6.12.jar;C:\Users\RA20312005\.m2\repository\com\google\code\gson\gson\2.9.0\gson-2.9.0.jar;C:\Users\RA20312005\.m2\repository\com\fasterxml\jackson\core\jackson-core\2.14.2\jackson-core-2.14.2.jar;C:\Users\RA20312005\.m2\repository\com\fasterxml\jackson\core\jackson-databind\2.14.2\jackson-databind-2.14.2.jar;C:\Users\RA20312005\.m2\repository\com\fasterxml\jackson\core\jackson-annotations\2.14.2\jackson-annotations-2.14.2.jar;C:\Users\RA20312005\.m2\repository\commons-codec\commons-codec\1.15\commons-codec-1.15.jar;C:\Users\RA20312005\.m2\repository\org\apache\httpcomponents\httpclient\4.5.13\httpclient-4.5.13.jar;C:\Users\RA20312005\.m2\repository\org\apache\httpcomponents\httpcore\4.4.13\httpcore-4.4.13.jar;C:\Users\RA20312005\.m2\repository\commons-logging\commons-logging\1.2\commons-logging-1.2.jar;C:\Users\RA20312005\.m2\repository\org\seleniumhq\selenium\selenium-java\4.8.0\selenium-java-4.8.0.jar;C:\Users\RA20312005\.m2\repository\org\seleniumhq\selenium\selenium-devtools-v107\4.8.0\selenium-devtools-v107-4.8.0.jar;C:\Users\RA20312005\.m2\repository\org\seleniumhq\selenium\selenium-devtools-v108\4.8.0\selenium-devtools-v108-4.8.0.jar;C:\Users\RA20312005\.m2\repository\org\seleniumhq\selenium\selenium-devtools-v109\4.8.0\selenium-devtools-v109-4.8.0.jar;C:\Users\RA20312005\.m2\repository\org\seleniumhq\selenium\selenium-devtools-v85\4.8.0\selenium-devtools-v85-4.8.0.jar;C:\Users\RA20312005\.m2\repository\org\seleniumhq\selenium\selenium-remote-driver\4.8.0\selenium-remote-driver-4.8.0.jar;C:\Users\RA20312005\.m2\repository\com\beust\jcommander\1.82\jcommander-1.82.jar;C:\Users\RA20312005\.m2\repository\io\netty\netty-buffer\4.1.87.Final\netty-buffer-4.1.87.Final.jar;C:\Users\RA20312005\.m2\repository\io\netty\netty-codec-http\4.1.87.Final\netty-codec-http-4.1.87.Final.jar;C:\Users\RA20312005\.m2\repository\io\netty\netty-codec\4.1.87.Final\netty-codec-4.1.87.Final.jar;C:\Users\RA20312005\.m2\repository\io\netty\netty-handler\4.1.87.Final\netty-handler-4.1.87.Final.jar;C:\Users\RA20312005\.m2\repository\io\netty\netty-common\4.1.87.Final\netty-common-4.1.87.Final.jar;C:\Users\RA20312005\.m2\repository\io\netty\netty-transport-classes-epoll\4.1.87.Final\netty-transport-classes-epoll-4.1.87.Final.jar;C:\Users\RA20312005\.m2\repository\io\netty\netty-transport-classes-kqueue\4.1.87.Final\netty-transport-classes-kqueue-4.1.87.Final.jar;C:\Users\RA20312005\.m2\repository\io\netty\netty-transport-native-epoll\4.1.87.Final\netty-transport-native-epoll-4.1.87.Final.jar;C:\Users\RA20312005\.m2\repository\io\netty\netty-transport-native-kqueue\4.1.87.Final\netty-transport-native-kqueue-4.1.87.Final.jar;C:\Users\RA20312005\.m2\repository\io\netty\netty-transport-native-unix-common\4.1.87.Final\netty-transport-native-unix-common-4.1.87.Final.jar;C:\Users\RA20312005\.m2\repository\io\netty\netty-transport\4.1.87.Final\netty-transport-4.1.87.Final.jar;C:\Users\RA20312005\.m2\repository\io\netty\netty-resolver\4.1.87.Final\netty-resolver-4.1.87.Final.jar;C:\Users\RA20312005\.m2\repository\io\opentelemetry\opentelemetry-api\1.22.0\opentelemetry-api-1.22.0.jar;C:\Users\RA20312005\.m2\repository\io\opentelemetry\opentelemetry-context\1.22.0\opentelemetry-context-1.22.0.jar;C:\Users\RA20312005\.m2\repository\io\opentelemetry\opentelemetry-exporter-logging\1.22.0\opentelemetry-exporter-logging-1.22.0.jar;C:\Users\RA20312005\.m2\repository\io\opentelemetry\opentelemetry-sdk-metrics\1.22.0\opentelemetry-sdk-metrics-1.22.0.jar;C:\Users\RA20312005\.m2\repository\io\opentelemetry\opentelemetry-sdk-logs\1.22.0-alpha\opentelemetry-sdk-logs-1.22.0-alpha.jar;C:\Users\RA20312005\.m2\repository\io\opentelemetry\opentelemetry-api-logs\1.22.0-alpha\opentelemetry-api-logs-1.22.0-alpha.jar;C:\Users\RA20312005\.m2\repository\io\opentelemetry\opentelemetry-sdk-common\1.22.0\opentelemetry-sdk-common-1.22.0.jar;C:\Users\RA20312005\.m2\repository\io\opentelemetry\opentelemetry-sdk-extension-autoconfigure-spi\1.22.0\opentelemetry-sdk-extension-autoconfigure-spi-1.22.0.jar;C:\Users\RA20312005\.m2\repository\io\opentelemetry\opentelemetry-sdk-extension-autoconfigure\1.22.0-alpha\opentelemetry-sdk-extension-autoconfigure-1.22.0-alpha.jar;C:\Users\RA20312005\.m2\repository\io\opentelemetry\opentelemetry-sdk-trace\1.22.0\opentelemetry-sdk-trace-1.22.0.jar;C:\Users\RA20312005\.m2\repository\io\opentelemetry\opentelemetry-sdk\1.22.0\opentelemetry-sdk-1.22.0.jar;C:\Users\RA20312005\.m2\repository\io\opentelemetry\opentelemetry-semconv\1.22.0-alpha\opentelemetry-semconv-1.22.0-alpha.jar;C:\Users\RA20312005\.m2\repository\io\ous\jtoml\2.0.0\jtoml-2.0.0.jar;C:\Users\RA20312005\.m2\repository\org\apache\commons\commons-exec\1.3\commons-exec-1.3.jar;C:\Users\RA20312005\.m2\repository\org\asynchttpclient\async-http-client\2.12.3\async-http-client-2.12.3.jar;C:\Users\RA20312005\.m2\repository\org\asynchttpclient\async-http-client-netty-utils\2.12.3\async-http-client-netty-utils-2.12.3.jar;C:\Users\RA20312005\.m2\repository\io\netty\netty-codec-socks\4.1.60.Final\netty-codec-socks-4.1.60.Final.jar;C:\Users\RA20312005\.m2\repository\io\netty\netty-handler-proxy\4.1.60.Final\netty-handler-proxy-4.1.60.Final.jar;C:\Users\RA20312005\.m2\repository\io\netty\netty-transport-native-epoll\4.1.60.Final\netty-transport-native-epoll-4.1.60.Final-linux-x86_64.jar;C:\Users\RA20312005\.m2\repository\io\netty\netty-transport-native-kqueue\4.1.60.Final\netty-transport-native-kqueue-4.1.60.Final-osx-x86_64.jar;C:\Users\RA20312005\.m2\repository\org\reactivestreams\reactive-streams\1.0.3\reactive-streams-1.0.3.jar;C:\Users\RA20312005\.m2\repository\com\typesafe\netty\netty-reactive-streams\2.0.4\netty-reactive-streams-2.0.4.jar;C:\Users\RA20312005\.m2\repository\org\seleniumhq\selenium\selenium-manager\4.8.0\selenium-manager-4.8.0.jar;C:\Users\RA20312005\.m2\repository\org\seleniumhq\selenium\selenium-safari-driver\4.8.0\selenium-safari-driver-4.8.0.jar;C:\Users\RA20312005\.m2\repository\org\seleniumhq\selenium\selenium-api\4.8.0\selenium-api-4.8.0.jar;C:\Users\RA20312005\.m2\repository\org\seleniumhq\selenium\selenium-support\4.8.0\selenium-support-4.8.0.jar;C:\Users\RA20312005\.m2\repository\com\google\auto\service\auto-service-annotations\1.0.1\auto-service-annotations-1.0.1.jar;C:\Users\RA20312005\.m2\repository\com\google\auto\service\auto-service\1.0.1\auto-service-1.0.1.jar;C:\Users\RA20312005\.m2\repository\com\google\auto\auto-common\1.2\auto-common-1.2.jar;C:\Users\RA20312005\.m2\repository\org\seleniumhq\selenium\selenium-json\4.8.0\selenium-json-4.8.0.jar;C:\Users\RA20312005\.m2\repository\org\seleniumhq\selenium\selenium-chrome-driver\4.8.0\selenium-chrome-driver-4.8.0.jar;C:\Users\RA20312005\.m2\repository\org\seleniumhq\selenium\selenium-chromium-driver\4.8.0\selenium-chromium-driver-4.8.0.jar;C:\Users\RA20312005\.m2\repository\org\seleniumhq\selenium\selenium-firefox-driver\4.8.0\selenium-firefox-driver-4.8.0.jar;C:\Users\RA20312005\.m2\repository\org\seleniumhq\selenium\selenium-http\4.8.0\selenium-http-4.8.0.jar;C:\Users\RA20312005\.m2\repository\dev\failsafe\failsafe\3.3.0\failsafe-3.3.0.jar;C:\Users\RA20312005\.m2\repository\org\seleniumhq\selenium\selenium-edge-driver\4.8.0\selenium-edge-driver-4.8.0.jar;C:\Users\RA20312005\.m2\repository\org\seleniumhq\selenium\selenium-ie-driver\4.8.0\selenium-ie-driver-4.8.0.jar;C:\Users\RA20312005\.m2\repository\org\projectlombok\lombok\1.18.20\lombok-1.18.20.jar;C:\Users\RA20312005\.m2\repository\io\appium\java-client\8.3.0\java-client-8.3.0.jar;C:\Users\RA20312005\.m2\repository\commons-validator\commons-validator\1.7\commons-validator-1.7.jar;C:\Users\RA20312005\.m2\repository\commons-digester\commons-digester\2.1\commons-digester-2.1.jar;C:\Users\RA20312005\.m2\repository\org\apache\groovy\groovy\4.0.6\groovy-4.0.6.jar;C:\Users\RA20312005\.m2\repository\net\sf\opencsv\opencsv\2.0\opencsv-2.0.jar;C:\Users\RA20312005\.m2\repository\commons-beanutils\commons-beanutils\1.9.4\commons-beanutils-1.9.4.jar;C:\Users\RA20312005\.m2\repository\org\apache\commons\commons-lang3\3.12.0\commons-lang3-3.12.0.jar;C:\Users\RA20312005\.m2\repository\commons-collections\commons-collections\3.2.2\commons-collections-3.2.2.jar;C:\Users\RA20312005\.m2\repository\org\fluentlenium\fluentlenium-core\0.10.2\fluentlenium-core-0.10.2.jar;C:\Users\RA20312005\.m2\repository\io\github\bonigarcia\webdrivermanager\5.3.0\webdrivermanager-5.3.0.jar;C:\Users\RA20312005\.m2\repository\com\github\docker-java\docker-java\3.2.13\docker-java-3.2.13.jar;C:\Users\RA20312005\.m2\repository\com\github\docker-java\docker-java-core\3.2.13\docker-java-core-3.2.13.jar;C:\Users\RA20312005\.m2\repository\com\github\docker-java\docker-java-api\3.2.13\docker-java-api-3.2.13.jar;C:\Users\RA20312005\.m2\repository\org\bouncycastle\bcpkix-jdk15on\1.64\bcpkix-jdk15on-1.64.jar;C:\Users\RA20312005\.m2\repository\org\bouncycastle\bcprov-jdk15on\1.64\bcprov-jdk15on-1.64.jar;C:\Users\RA20312005\.m2\repository\org\slf4j\jcl-over-slf4j\1.7.30\jcl-over-slf4j-1.7.30.jar;C:\Users\RA20312005\.m2\repository\com\github\docker-java\docker-java-transport-httpclient5\3.2.13\docker-java-transport-httpclient5-3.2.13.jar;C:\Users\RA20312005\.m2\repository\com\github\docker-java\docker-java-transport\3.2.13\docker-java-transport-3.2.13.jar;C:\Users\RA20312005\.m2\repository\net\java\dev\jna\jna\5.8.0\jna-5.8.0.jar;C:\Users\RA20312005\.m2\repository\org\brotli\dec\0.1.2\dec-0.1.2.jar;C:\Users\RA20312005\.m2\repository\org\apache\httpcomponents\client5\httpclient5\5.1.3\httpclient5-5.1.3.jar;C:\Users\RA20312005\.m2\repository\org\apache\httpcomponents\core5\httpcore5\5.1.3\httpcore5-5.1.3.jar;C:\Users\RA20312005\.m2\repository\org\apache\httpcomponents\core5\httpcore5-h2\5.1.3\httpcore5-h2-5.1.3.jar;C:\Users\RA20312005\.m2\repository\com\jhlabs\filters\2.0.235\filters-2.0.235.jar;C:\Users\RA20312005\.m2\repository\com\paulhammant\ngwebdriver\1.1.6\ngwebdriver-1.1.6.jar;C:\Users\RA20312005\.m2\repository\joda-time\joda-time\2.8.2\joda-time-2.8.2.jar;C:\Users\RA20312005\.m2\repository\org\hamcrest\hamcrest\2.2\hamcrest-2.2.jar;C:\Users\RA20312005\.m2\repository\com\google\jimfs\jimfs\1.2\jimfs-1.2.jar;C:\Users\RA20312005\.m2\repository\org\mockito\mockito-core\3.3.3\mockito-core-3.3.3.jar;C:\Users\RA20312005\.m2\repository\javax\xml\bind\jaxb-api\2.3.1\jaxb-api-2.3.1.jar;C:\Users\RA20312005\.m2\repository\javax\activation\javax.activation-api\1.2.0\javax.activation-api-1.2.0.jar;C:\Users\RA20312005\.m2\repository\com\sun\xml\bind\jaxb-core\2.3.0.1\jaxb-core-2.3.0.1.jar;C:\Users\RA20312005\.m2\repository\com\sun\xml\bind\jaxb-impl\2.3.3\jaxb-impl-2.3.3.jar;C:\Users\RA20312005\.m2\repository\jakarta\xml\bind\jakarta.xml.bind-api\2.3.3\jakarta.xml.bind-api-2.3.3.jar;C:\Users\RA20312005\.m2\repository\com\sun\activation\jakarta.activation\1.2.2\jakarta.activation-1.2.2.jar;C:\Users\RA20312005\.m2\repository\javax\activation\activation\1.1.1\activation-1.1.1.jar;C:\Users\RA20312005\.m2\repository\net\serenity-bdd\serenity-cucumber\3.6.12\serenity-cucumber-3.6.12.jar;C:\Users\RA20312005\.m2\repository\io\cucumber\cucumber-core\7.11.0\cucumber-core-7.11.0.jar;C:\Users\RA20312005\.m2\repository\io\cucumber\cucumber-gherkin\7.11.0\cucumber-gherkin-7.11.0.jar;C:\Users\RA20312005\.m2\repository\io\cucumber\cucumber-gherkin-messages\7.11.0\cucumber-gherkin-messages-7.11.0.jar;C:\Users\RA20312005\.m2\repository\io\cucumber\gherkin\26.0.3\gherkin-26.0.3.jar;C:\Users\RA20312005\.m2\repository\io\cucumber\messages\21.0.1\messages-21.0.1.jar;C:\Users\RA20312005\.m2\repository\io\cucumber\tag-expressions\5.0.1\tag-expressions-5.0.1.jar;C:\Users\RA20312005\.m2\repository\io\cucumber\cucumber-expressions\16.1.1\cucumber-expressions-16.1.1.jar;C:\Users\RA20312005\.m2\repository\io\cucumber\datatable\7.11.0\datatable-7.11.0.jar;C:\Users\RA20312005\.m2\repository\io\cucumber\cucumber-plugin\7.11.0\cucumber-plugin-7.11.0.jar;C:\Users\RA20312005\.m2\repository\io\cucumber\docstring\7.11.0\docstring-7.11.0.jar;C:\Users\RA20312005\.m2\repository\io\cucumber\html-formatter\20.2.1\html-formatter-20.2.1.jar;C:\Users\RA20312005\.m2\repository\io\cucumber\junit-xml-formatter\0.1.0\junit-xml-formatter-0.1.0.jar;C:\Users\RA20312005\.m2\repository\io\cucumber\ci-environment\9.1.0\ci-environment-9.1.0.jar;C:\Users\RA20312005\.m2\repository\io\cucumber\cucumber-java\7.11.0\cucumber-java-7.11.0.jar;C:\Users\RA20312005\.m2\repository\io\cucumber\cucumber-junit\7.11.0\cucumber-junit-7.11.0.jar;C:\Users\RA20312005\.m2\repository\org\apache\commons\commons-csv\1.5\commons-csv-1.5.jar;C:\Users\RA20312005\.m2\repository\net\serenity-bdd\serenity-screenplay\3.6.12\serenity-screenplay-3.6.12.jar;C:\Users\RA20312005\.m2\repository\net\serenity-bdd\serenity-screenplay-webdriver\3.6.12\serenity-screenplay-webdriver-3.6.12.jar;C:\Users\RA20312005\.m2\repository\net\serenity-bdd\serenity-ensure\3.6.23\serenity-ensure-3.6.23.jar;C:\Users\RA20312005\.m2\repository\net\serenity-bdd\serenity-junit\3.6.23\serenity-junit-3.6.23.jar;C:\Users\RA20312005\.m2\repository\org\jetbrains\kotlin\kotlin-stdlib\1.8.10\kotlin-stdlib-1.8.10.jar;C:\Users\RA20312005\.m2\repository\org\jetbrains\kotlin\kotlin-stdlib-common\1.8.10\kotlin-stdlib-common-1.8.10.jar;C:\Users\RA20312005\.m2\repository\org\jetbrains\annotations\13.0\annotations-13.0.jar;C:\Users\RA20312005\.m2\repository\org\junit\platform\junit-platform-launcher\1.8.1\junit-platform-launcher-1.8.1.jar;C:\Users\RA20312005\.m2\repository\org\junit\platform\junit-platform-engine\1.8.1\junit-platform-engine-1.8.1.jar;C:\Users\RA20312005\.m2\repository\org\opentest4j\opentest4j\1.2.0\opentest4j-1.2.0.jar;C:\Users\RA20312005\.m2\repository\org\junit\platform\junit-platform-commons\1.8.1\junit-platform-commons-1.8.1.jar;C:\Users\RA20312005\.m2\repository\org\apiguardian\apiguardian-api\1.1.2\apiguardian-api-1.1.2.jar;C:\Users\RA20312005\.m2\repository\org\apache\poi\poi-ooxml\5.2.2\poi-ooxml-5.2.2.jar;C:\Users\RA20312005\.m2\repository\org\apache\poi\poi\5.2.2\poi-5.2.2.jar;C:\Users\RA20312005\.m2\repository\org\apache\commons\commons-math3\3.6.1\commons-math3-3.6.1.jar;C:\Users\RA20312005\.m2\repository\com\zaxxer\SparseBitSet\1.2\SparseBitSet-1.2.jar;C:\Users\RA20312005\.m2\repository\org\apache\poi\poi-ooxml-lite\5.2.2\poi-ooxml-lite-5.2.2.jar;C:\Users\RA20312005\.m2\repository\org\apache\xmlbeans\xmlbeans\5.0.3\xmlbeans-5.0.3.jar;C:\Users\RA20312005\.m2\repository\org\apache\commons\commons-compress\1.21\commons-compress-1.21.jar;C:\Users\RA20312005\.m2\repository\com\github\virtuald\curvesapi\1.07\curvesapi-1.07.jar;C:\Users\RA20312005\.m2\repository\org\apache\commons\commons-collections4\4.4\commons-collections4-4.4.jar;C:\Users\RA20312005\.m2\repository\commons-io\commons-io\2.11.0\commons-io-2.11.0.jar;C:\Users\RA20312005\.m2\repository\org\apache\logging\log4j\log4j-core\2.19.0\log4j-core-2.19.0.jar;C:\Users\RA20312005\.m2\repository\org\apache\logging\log4j\log4j-api\2.19.0\log4j-api-2.19.0.jar;C:\Users\RA20312005\.m2\repository\org\junit\jupiter\junit-jupiter-engine\5.8.2\junit-jupiter-engine-5.8.2.jar;C:\Users\RA20312005\.m2\repository\org\junit\jupiter\junit-jupiter-api\5.8.2\junit-jupiter-api-5.8.2.jar;C:\Users\RA20312005\.m2\repository\org\junit\vintage\junit-vintage-engine\5.8.2\junit-vintage-engine-5.8.2.jar;C:\Users\RA20312005\.m2\repository\junit\junit\4.13.2\junit-4.13.2.jar;C:\Users\RA20312005\.m2\repository\org\hamcrest\hamcrest-core\1.3\hamcrest-core-1.3.jar;C:\Users\RA20312005\.m2\repository\ch\qos\logback\logback-classic\1.2.10\logback-classic-1.2.10.jar;C:\Users\RA20312005\.m2\repository\ch\qos\logback\logback-core\1.2.10\logback-core-1.2.10.jar;C:\Users\RA20312005\.m2\repository\org\slf4j\slf4j-api\1.7.32\slf4j-api-1.7.32.jar;C:\Users\RA20312005\.m2\repository\org\assertj\assertj-core\3.6.2\assertj-core-3.6.2.jar;"/>
    <property name="sun.cpu.endian" value="little"/>
    <property name="user.home" value="C:\Users\RA20312005"/>
    <property name="user.language" value="en"/>
    <property name="java.specification.vendor" value="Oracle Corporation"/>
    <property name="java.version.date" value="2022-01-18"/>
    <property name="java.home" value="C:\Users\RA20312005\.p2\pool\plugins\org.eclipse.justj.openjdk.hotspot.jre.full.win32.x86_64_17.0.2.v20220201-1208\jre"/>
    <property name="javax.accessibility.assistive_technologies" value="com.sun.java.accessibility.AccessBridge"/>
    <property name="file.separator" value="\"/>
    <property name="basedir" value="C:\Users\RA20312005\Documents\22-23 Poc\swaglabs"/>
    <property name="java.vm.compressedOopsMode" value="Zero based"/>
    <property name="line.separator" value="&#10;"/>
    <property name="java.vm.specification.vendor" value="Oracle Corporation"/>
    <property name="java.specification.name" value="Java Platform API Specification"/>
    <property name="javax.accessibility.screen_magnifier_present" value="true"/>
    <property name="surefire.real.class.path" value="C:\Users\RA20312005\AppData\Local\Temp\surefire14745507876538790980\surefirebooter5942649580919718117.jar"/>
    <property name="user.script" value=""/>
    <property name="java.protocol.handler.pkgs" value="com.google.common"/>
    <property name="sun.management.compiler" value="HotSpot 64-Bit Tiered Compilers"/>
    <property name="java.runtime.version" value="17.0.2+8"/>
    <property name="webdriver.edge.driver" value="C:\\Users\\RA20312005\\Documents\\22-23 Poc\\swaglabs\\src\\test\\resources\\drivers\\windows\\msedgedriver.exe"/>
    <property name="user.name" value="RA20312005"/>
    <property name="path.separator" value=";"/>
    <property name="os.version" value="10.0"/>
    <property name="java.runtime.name" value="OpenJDK Runtime Environment"/>
    <property name="file.encoding" value="Cp1252"/>
    <property name="webdriver.base.url" value=""/>
    <property name="java.vm.name" value="OpenJDK 64-Bit Server VM"/>
    <property name="java.vendor.version" value="Temurin-17.0.2+8"/>
    <property name="localRepository" value="C:\Users\RA20312005\.m2\repository"/>
    <property name="java.vendor.url.bug" value="https://github.com/adoptium/adoptium-support/issues"/>
    <property name="java.io.tmpdir" value="C:\Users\RA2031~1\AppData\Local\Temp\"/>
    <property name="java.version" value="17.0.2"/>
    <property name="user.dir" value="C:\Users\RA20312005\Documents\22-23 Poc\swaglabs"/>
    <property name="os.arch" value="amd64"/>
    <property name="java.vm.specification.name" value="Java Virtual Machine Specification"/>
    <property name="sun.os.patch.level" value=""/>
    <property name="native.encoding" value="Cp1252"/>
    <property name="java.library.path" value="C:\Users\RA20312005\.p2\pool\plugins\org.eclipse.justj.openjdk.hotspot.jre.full.win32.x86_64_17.0.2.v20220201-1208\jre\bin;C:\WINDOWS\Sun\Java\bin;C:\WINDOWS\system32;C:\WINDOWS;C:/Users/RA20312005/.p2/pool/plugins/org.eclipse.justj.openjdk.hotspot.jre.full.win32.x86_64_17.0.2.v20220201-1208/jre/bin/server;C:/Users/RA20312005/.p2/pool/plugins/org.eclipse.justj.openjdk.hotspot.jre.full.win32.x86_64_17.0.2.v20220201-1208/jre/bin;C:\WINDOWS\system32;C:\WINDOWS;C:\WINDOWS\System32\Wbem;C:\WINDOWS\System32\WindowsPowerShell\v1.0\;C:\WINDOWS\System32\OpenSSH\;C:\Program Files\java\jdk-17_windows-x64_bin.exe;C:\Program Files\nodejs\;C:\ProgramData\chocolatey\bin;C:\Program Files\Git\cmd;C:\Users\RA20312005\AppData\Local\Programs\Python\Python311\Scripts\;C:\Users\RA20312005\AppData\Local\Programs\Python\Python311\;C:\Users\RA20312005\AppData\Local\Microsoft\WindowsApps;;C:\Users\RA20312005\AppData\Local\Programs\Microsoft VS Code\bin;C:\Users\RA20312005\AppData\Roaming\npm;C:\Program Files\JetBrains\IntelliJ IDEA Community Edition 2022.3.1\bin;;C:\Users\RA20312005\eclipse\jee-2021-06\eclipse;;."/>
    <property name="java.vm.info" value="mixed mode"/>
    <property name="java.vendor" value="Eclipse Adoptium"/>
    <property name="java.vm.version" value="17.0.2+8"/>
    <property name="sun.io.unicode.encoding" value="UnicodeLittle"/>
    <property name="java.class.version" value="61.0"/>
  </properties>
  <testcase name="testCases" classname="Tests" time="27.346">
    <system-out><![CDATA[11:35:30.463 [main] DEBUG net.thucydides.core.guice.Injectors - Created injector for module net.thucydides.core.guice.webdriver.WebDriverModule
11:35:30.669 [main] DEBUG net.thucydides.core.guice.Injectors - Created injector for module net.thucydides.core.guice.ThucydidesModule
11:35:31.647 [main] DEBUG net.thucydides.core.reports.ReportService - Reporting formats: [JSON, HTML]
11:35:31.812 [main] DEBUG net.thucydides.core.reports.ReportService - Reporting formats: [JSON, HTML]
11:35:31.827 [main] DEBUG net.thucydides.core.reports.ReportService - Reporting formats: [JSON, HTML]
11:35:31.829 [main] DEBUG net.thucydides.core.reports.ReportService - Reporting formats: [JSON, HTML]
11:35:31.833 [main] DEBUG net.thucydides.core.reports.ReportService - Reporting formats: [JSON, HTML]
11:35:31.834 [main] DEBUG net.thucydides.core.reports.ReportService - Reporting formats: [JSON, HTML]
11:35:31.838 [main] DEBUG net.thucydides.core.reports.ReportService - Reporting formats: [JSON, HTML]
11:35:31.839 [main] DEBUG net.thucydides.core.reports.ReportService - Reporting formats: [JSON, HTML]
11:35:32.035 [main] INFO  - 

-------------------------------------------------------------------------------------
     _______. _______ .______       _______ .__   __.  __  .___________.____    ____ 
    /       ||   ____||   _  \     |   ____||  \ |  | |  | |           |\   \  /   / 
   |   (----`|  |__   |  |_)  |    |  |__   |   \|  | |  | `---|  |----` \   \/   /  
    \   \    |   __|  |      /     |   __|  |  . `  | |  |     |  |       \_    _/   
.----)   |   |  |____ |  |\  \----.|  |____ |  |\   | |  |     |  |         |  |     
|_______/    |_______|| _| `._____||_______||__| \__| |__|     |__|         |__|    
                                                                                     
 News and tutorials at http://www.serenity-bdd.info                                  
 Documentation at https://wakaleo.gitbooks.io/the-serenity-book/content/             
 Join the Serenity Community on Gitter: https://gitter.im/serenity-bdd/serenity-core 
 Serenity BDD Support and Training at http://serenity-bdd.info/#/trainingandsupport  
-------------------------------------------------------------------------------------

11:35:32.051 [main] DEBUG net.thucydides.core.steps.StepEventBus - Test suite started for class com.swaglabs.testcases.Tests
11:35:32.057 [main] INFO  - Test Suite Started: Tests
11:35:32.084 [main] INFO  - 
  _____   ___   ___   _____     ___   _____     _     ___   _____   ___   ___  
 |_   _| | __| / __| |_   _|   / __| |_   _|   /_\   | _ \ |_   _| | __| |   \ 
   | |   | _|  \__ \   | |     \__ \   | |    / _ \  |   /   | |   | _|  | |) |
   |_|   |___| |___/   |_|     |___/   |_|   /_/ \_\ |_|_\   |_|   |___| |___/ 

testCases[0]
--------------------------------------------------------------------------------
11:35:32.837 [main] DEBUG net.thucydides.core.steps.StepInterceptor - STARTING STEP: SetUp.launchBrowser - launch browser
11:35:33.080 [main] DEBUG io.netty.util.internal.logging.InternalLoggerFactory - Using SLF4J as the default logging framework
11:35:33.086 [main] DEBUG io.netty.util.ResourceLeakDetector - -Dio.netty.leakDetection.level: simple
11:35:33.086 [main] DEBUG io.netty.util.ResourceLeakDetector - -Dio.netty.leakDetection.targetRecords: 4
11:35:33.091 [main] DEBUG io.netty.util.ResourceLeakDetectorFactory - Loaded default ResourceLeakDetector: io.netty.util.ResourceLeakDetector@388f1258
11:35:33.108 [main] DEBUG io.netty.util.internal.PlatformDependent0 - -Dio.netty.noUnsafe: false
11:35:33.108 [main] DEBUG io.netty.util.internal.PlatformDependent0 - Java version: 17
11:35:33.109 [main] DEBUG io.netty.util.internal.PlatformDependent0 - sun.misc.Unsafe.theUnsafe: available
11:35:33.109 [main] DEBUG io.netty.util.internal.PlatformDependent0 - sun.misc.Unsafe.copyMemory: available
11:35:33.110 [main] DEBUG io.netty.util.internal.PlatformDependent0 - sun.misc.Unsafe.storeFence: available
11:35:33.110 [main] DEBUG io.netty.util.internal.PlatformDependent0 - java.nio.Buffer.address: available
11:35:33.110 [main] DEBUG io.netty.util.internal.PlatformDependent0 - direct buffer constructor: unavailable: Reflective setAccessible(true) disabled
11:35:33.111 [main] DEBUG io.netty.util.internal.PlatformDependent0 - java.nio.Bits.unaligned: available, true
11:35:33.112 [main] DEBUG io.netty.util.internal.PlatformDependent0 - jdk.internal.misc.Unsafe.allocateUninitializedArray(int): unavailable: class io.netty.util.internal.PlatformDependent0$7 cannot access class jdk.internal.misc.Unsafe (in module java.base) because module java.base does not export jdk.internal.misc to unnamed module @63475ace
11:35:33.113 [main] DEBUG io.netty.util.internal.PlatformDependent0 - java.nio.DirectByteBuffer.<init>(long, int): unavailable
11:35:33.115 [main] DEBUG io.netty.util.internal.PlatformDependent - sun.misc.Unsafe: available
11:35:33.115 [main] DEBUG io.netty.util.internal.PlatformDependent - maxDirectMemory: 4217372672 bytes (maybe)
11:35:33.115 [main] DEBUG io.netty.util.internal.PlatformDependent - -Dio.netty.tmpdir: C:\Users\RA2031~1\AppData\Local\Temp (java.io.tmpdir)
11:35:33.115 [main] DEBUG io.netty.util.internal.PlatformDependent - -Dio.netty.bitMode: 64 (sun.arch.data.model)
11:35:33.115 [main] DEBUG io.netty.util.internal.PlatformDependent - Platform: Windows
11:35:33.117 [main] DEBUG io.netty.util.internal.PlatformDependent - -Dio.netty.maxDirectMemory: -1 bytes
11:35:33.117 [main] DEBUG io.netty.util.internal.PlatformDependent - -Dio.netty.uninitializedArrayAllocationThreshold: -1
11:35:33.118 [main] DEBUG io.netty.util.internal.CleanerJava9 - java.nio.ByteBuffer.cleaner(): available
11:35:33.119 [main] DEBUG io.netty.util.internal.PlatformDependent - -Dio.netty.noPreferDirect: false
11:35:33.126 [main] DEBUG io.netty.util.internal.PlatformDependent - org.jctools-core.MpscChunkedArrayQueue: available
11:35:33.146 [main] DEBUG io.netty.util.internal.InternalThreadLocalMap - -Dio.netty.threadLocalMap.stringBuilder.initialSize: 1024
11:35:33.146 [main] DEBUG io.netty.util.internal.InternalThreadLocalMap - -Dio.netty.threadLocalMap.stringBuilder.maxSize: 4096
11:35:33.535 [main] DEBUG io.netty.handler.ssl.JdkSslContext - Default protocols (JDK): [TLSv1.3, TLSv1.2] 
11:35:33.535 [main] DEBUG io.netty.handler.ssl.JdkSslContext - Default cipher suites (JDK): [TLS_ECDHE_ECDSA_WITH_AES_256_GCM_SHA384, TLS_ECDHE_ECDSA_WITH_AES_128_GCM_SHA256, TLS_ECDHE_RSA_WITH_AES_128_GCM_SHA256, TLS_ECDHE_RSA_WITH_AES_256_GCM_SHA384, TLS_ECDHE_RSA_WITH_AES_128_CBC_SHA, TLS_ECDHE_RSA_WITH_AES_256_CBC_SHA, TLS_RSA_WITH_AES_128_GCM_SHA256, TLS_RSA_WITH_AES_128_CBC_SHA, TLS_RSA_WITH_AES_256_CBC_SHA, TLS_AES_128_GCM_SHA256, TLS_AES_256_GCM_SHA384]
11:35:33.566 [main] DEBUG io.netty.channel.MultithreadEventLoopGroup - -Dio.netty.eventLoopThreads: 16
11:35:33.573 [main] DEBUG io.netty.channel.nio.NioEventLoop - -Dio.netty.noKeySetOptimization: false
11:35:33.573 [main] DEBUG io.netty.channel.nio.NioEventLoop - -Dio.netty.selectorAutoRebuildThreshold: 512
11:35:33.736 [main] DEBUG io.netty.buffer.PooledByteBufAllocator - -Dio.netty.allocator.numHeapArenas: 16
11:35:33.737 [main] DEBUG io.netty.buffer.PooledByteBufAllocator - -Dio.netty.allocator.numDirectArenas: 16
11:35:33.737 [main] DEBUG io.netty.buffer.PooledByteBufAllocator - -Dio.netty.allocator.pageSize: 8192
11:35:33.737 [main] DEBUG io.netty.buffer.PooledByteBufAllocator - -Dio.netty.allocator.maxOrder: 9
11:35:33.737 [main] DEBUG io.netty.buffer.PooledByteBufAllocator - -Dio.netty.allocator.chunkSize: 4194304
11:35:33.737 [main] DEBUG io.netty.buffer.PooledByteBufAllocator - -Dio.netty.allocator.smallCacheSize: 256
11:35:33.737 [main] DEBUG io.netty.buffer.PooledByteBufAllocator - -Dio.netty.allocator.normalCacheSize: 64
11:35:33.737 [main] DEBUG io.netty.buffer.PooledByteBufAllocator - -Dio.netty.allocator.maxCachedBufferCapacity: 32768
11:35:33.737 [main] DEBUG io.netty.buffer.PooledByteBufAllocator - -Dio.netty.allocator.cacheTrimInterval: 8192
11:35:33.737 [main] DEBUG io.netty.buffer.PooledByteBufAllocator - -Dio.netty.allocator.cacheTrimIntervalMillis: 0
11:35:33.737 [main] DEBUG io.netty.buffer.PooledByteBufAllocator - -Dio.netty.allocator.useCacheForAllThreads: false
11:35:33.737 [main] DEBUG io.netty.buffer.PooledByteBufAllocator - -Dio.netty.allocator.maxCachedByteBuffersPerChunk: 1023
11:35:33.745 [main] DEBUG io.netty.buffer.ByteBufUtil - -Dio.netty.allocator.type: pooled
11:35:33.745 [main] DEBUG io.netty.buffer.ByteBufUtil - -Dio.netty.threadLocalDirectBufferSize: 0
11:35:33.745 [main] DEBUG io.netty.buffer.ByteBufUtil - -Dio.netty.maxThreadLocalCharBufferSize: 16384
11:35:34.551 [Forwarding newSession on session null to remote] DEBUG io.netty.channel.DefaultChannelId - -Dio.netty.processId: 23656 (auto-detected)
11:35:34.553 [Forwarding newSession on session null to remote] DEBUG io.netty.util.NetUtil - -Djava.net.preferIPv4Stack: false
11:35:34.553 [Forwarding newSession on session null to remote] DEBUG io.netty.util.NetUtil - -Djava.net.preferIPv6Addresses: false
11:35:34.583 [Forwarding newSession on session null to remote] DEBUG io.netty.util.NetUtilInitializations - Loopback interface: lo (Software Loopback Interface 1, 127.0.0.1)
11:35:34.584 [Forwarding newSession on session null to remote] DEBUG io.netty.util.NetUtil - Failed to get SOMAXCONN from sysctl and file \proc\sys\net\core\somaxconn. Default: 200
11:35:34.667 [Forwarding newSession on session null to remote] DEBUG io.netty.channel.DefaultChannelId - -Dio.netty.machineId: dc:21:48:ff:fe:03:6d:8a (auto-detected)
11:35:34.713 [AsyncHttpClient-1-2] DEBUG io.netty.buffer.AbstractByteBuf - -Dio.netty.buffer.checkAccessible: true
11:35:34.713 [AsyncHttpClient-1-2] DEBUG io.netty.buffer.AbstractByteBuf - -Dio.netty.buffer.checkBounds: true
11:35:34.713 [AsyncHttpClient-1-2] DEBUG io.netty.util.ResourceLeakDetectorFactory - Loaded default ResourceLeakDetector: io.netty.util.ResourceLeakDetector@7183de13
11:35:34.728 [AsyncHttpClient-1-2] DEBUG org.asynchttpclient.netty.channel.NettyConnectListener - Using new Channel '[id: 0xa10b78a6, L:/127.0.0.1:61155 - R:localhost/127.0.0.1:39165]' for 'POST' to '/session'
11:35:34.740 [AsyncHttpClient-1-2] DEBUG io.netty.util.Recycler - -Dio.netty.recycler.maxCapacityPerThread: 4096
11:35:34.741 [AsyncHttpClient-1-2] DEBUG io.netty.util.Recycler - -Dio.netty.recycler.ratio: 8
11:35:34.741 [AsyncHttpClient-1-2] DEBUG io.netty.util.Recycler - -Dio.netty.recycler.chunkSize: 32
11:35:34.741 [AsyncHttpClient-1-2] DEBUG io.netty.util.Recycler - -Dio.netty.recycler.blocking: false
11:35:37.842 [AsyncHttpClient-1-2] DEBUG io.netty.handler.codec.compression.Brotli - brotli4j not in the classpath; Brotli support will be unavailable.
11:35:37.842 [AsyncHttpClient-1-2] DEBUG org.asynchttpclient.netty.handler.HttpHandler - 

Request DefaultHttpRequest(decodeResult: success, version: HTTP/1.1)
POST /session HTTP/1.1
User-Agent: selenium/4.8.0 (java windows)
Content-Length: 517
Content-Type: application/json; charset=utf-8
host: localhost:39165
accept: */*

Response DefaultHttpResponse(decodeResult: success, version: HTTP/1.1)
HTTP/1.1 200 OK
Content-Length: 829
Content-Type: application/json; charset=utf-8
cache-control: no-cache

11:35:37.853 [AsyncHttpClient-1-2] DEBUG org.asynchttpclient.netty.channel.ChannelManager - Adding key: http://localhost:39165 for channel [id: 0xa10b78a6, L:/127.0.0.1:61155 - R:localhost/127.0.0.1:39165]
11:35:37.935 [AsyncHttpClient-1-1] DEBUG org.asynchttpclient.netty.channel.DefaultChannelPool - Entry count for : http://localhost:39165 : 1
11:35:37.963 [AsyncHttpClient-1-3] DEBUG org.asynchttpclient.netty.channel.NettyConnectListener - Using new Channel '[id: 0xa61ab7e8, L:/127.0.0.1:61176 - R:localhost/127.0.0.1:61159]' for 'GET' to '/json/version'
11:35:37.967 [AsyncHttpClient-1-3] DEBUG org.asynchttpclient.netty.handler.HttpHandler - 

Request DefaultFullHttpRequest(decodeResult: success, version: HTTP/1.1, content: EmptyByteBufBE)
GET /json/version HTTP/1.1
User-Agent: selenium/4.8.0 (java windows)
host: localhost:61159
accept: */*

Response DefaultHttpResponse(decodeResult: success, version: HTTP/1.1)
HTTP/1.1 200 OK
Content-Security-Policy: frame-ancestors 'none'
Content-Length: 436
Content-Type: application/json; charset=UTF-8

11:35:37.967 [AsyncHttpClient-1-3] DEBUG org.asynchttpclient.netty.channel.ChannelManager - Adding key: http://localhost:61159 for channel [id: 0xa61ab7e8, L:/127.0.0.1:61176 - R:localhost/127.0.0.1:61159]
11:35:37.981 [main] DEBUG io.netty.util.internal.ThreadLocalRandom - -Dio.netty.initialSeedUniquifier: 0x2b81b4a086cc1438
11:35:37.988 [AsyncHttpClient-1-4] DEBUG org.asynchttpclient.netty.channel.NettyConnectListener - Using new Channel '[id: 0xa46e6ed2, L:/127.0.0.1:61177 - R:localhost/127.0.0.1:61159]' for 'GET' to '/devtools/browser/1f2f8f57-07d6-411a-9490-76e98cbaaa4b'
11:35:37.991 [AsyncHttpClient-1-4] DEBUG org.asynchttpclient.netty.handler.WebSocketHandler - 

Request DefaultFullHttpRequest(decodeResult: success, version: HTTP/1.1, content: EmptyByteBufBE)
GET /devtools/browser/1f2f8f57-07d6-411a-9490-76e98cbaaa4b HTTP/1.1
upgrade: websocket
connection: upgrade
sec-websocket-key: tE+NKuuAVFM2EK+kz6530Q==
sec-websocket-version: 13
origin: http://localhost:61159
host: localhost:61159
accept: */*
user-agent: AHC/2.1

Response DefaultHttpResponse(decodeResult: success, version: HTTP/1.1)
HTTP/1.1 101 WebSocket Protocol Handshake
Upgrade: WebSocket
Connection: Upgrade
Sec-WebSocket-Accept: zqZbIHagCZBugVmv16Yw8dWg2Qo=

11:35:38.066 [Forwarding setTimeout on session b4c44b8ab3ec34df82fcca1e22294ffd to remote] DEBUG org.asynchttpclient.netty.request.NettyRequestSender - Using pooled Channel '[id: 0xa10b78a6, L:/127.0.0.1:61155 - R:localhost/127.0.0.1:39165]' for 'POST' to 'http://localhost:39165/session/b4c44b8ab3ec34df82fcca1e22294ffd/timeouts'
11:35:38.067 [Forwarding setTimeout on session b4c44b8ab3ec34df82fcca1e22294ffd to remote] DEBUG org.asynchttpclient.netty.request.NettyRequestSender - Using open Channel [id: 0xa10b78a6, L:/127.0.0.1:61155 - R:localhost/127.0.0.1:39165] for POST '/session/b4c44b8ab3ec34df82fcca1e22294ffd/timeouts'
11:35:38.072 [AsyncHttpClient-1-2] DEBUG org.asynchttpclient.netty.handler.HttpHandler - 

Request DefaultHttpRequest(decodeResult: success, version: HTTP/1.1)
POST /session/b4c44b8ab3ec34df82fcca1e22294ffd/timeouts HTTP/1.1
User-Agent: selenium/4.8.0 (java windows)
Content-Length: 21
Content-Type: application/json; charset=utf-8
host: localhost:39165
accept: */*

Response DefaultHttpResponse(decodeResult: success, version: HTTP/1.1)
HTTP/1.1 200 OK
Content-Length: 14
Content-Type: application/json; charset=utf-8
cache-control: no-cache

11:35:38.072 [AsyncHttpClient-1-2] DEBUG org.asynchttpclient.netty.channel.ChannelManager - Adding key: http://localhost:39165 for channel [id: 0xa10b78a6, L:/127.0.0.1:61155 - R:localhost/127.0.0.1:39165]
11:35:38.081 [Forwarding maximizeCurrentWindow on session b4c44b8ab3ec34df82fcca1e22294ffd to remote] DEBUG org.asynchttpclient.netty.request.NettyRequestSender - Using pooled Channel '[id: 0xa10b78a6, L:/127.0.0.1:61155 - R:localhost/127.0.0.1:39165]' for 'POST' to 'http://localhost:39165/session/b4c44b8ab3ec34df82fcca1e22294ffd/window/maximize'
11:35:38.081 [Forwarding maximizeCurrentWindow on session b4c44b8ab3ec34df82fcca1e22294ffd to remote] DEBUG org.asynchttpclient.netty.request.NettyRequestSender - Using open Channel [id: 0xa10b78a6, L:/127.0.0.1:61155 - R:localhost/127.0.0.1:39165] for POST '/session/b4c44b8ab3ec34df82fcca1e22294ffd/window/maximize'
11:35:38.203 [AsyncHttpClient-1-2] DEBUG org.asynchttpclient.netty.handler.HttpHandler - 

Request DefaultHttpRequest(decodeResult: success, version: HTTP/1.1)
POST /session/b4c44b8ab3ec34df82fcca1e22294ffd/window/maximize HTTP/1.1
User-Agent: selenium/4.8.0 (java windows)
Content-Length: 3
Content-Type: application/json; charset=utf-8
host: localhost:39165
accept: */*

Response DefaultHttpResponse(decodeResult: success, version: HTTP/1.1)
HTTP/1.1 200 OK
Content-Length: 51
Content-Type: application/json; charset=utf-8
cache-control: no-cache

11:35:38.204 [AsyncHttpClient-1-2] DEBUG org.asynchttpclient.netty.channel.ChannelManager - Adding key: http://localhost:39165 for channel [id: 0xa10b78a6, L:/127.0.0.1:61155 - R:localhost/127.0.0.1:39165]
11:35:38.278 [Forwarding get on session b4c44b8ab3ec34df82fcca1e22294ffd to remote] DEBUG org.asynchttpclient.netty.request.NettyRequestSender - Using pooled Channel '[id: 0xa10b78a6, L:/127.0.0.1:61155 - R:localhost/127.0.0.1:39165]' for 'POST' to 'http://localhost:39165/session/b4c44b8ab3ec34df82fcca1e22294ffd/url'
11:35:38.278 [Forwarding get on session b4c44b8ab3ec34df82fcca1e22294ffd to remote] DEBUG org.asynchttpclient.netty.request.NettyRequestSender - Using open Channel [id: 0xa10b78a6, L:/127.0.0.1:61155 - R:localhost/127.0.0.1:39165] for POST '/session/b4c44b8ab3ec34df82fcca1e22294ffd/url'
11:35:39.033 [AsyncHttpClient-1-1] DEBUG org.asynchttpclient.netty.channel.DefaultChannelPool - Entry count for : http://localhost:61159 : 1
11:35:39.316 [AsyncHttpClient-1-2] DEBUG org.asynchttpclient.netty.handler.HttpHandler - 

Request DefaultHttpRequest(decodeResult: success, version: HTTP/1.1)
POST /session/b4c44b8ab3ec34df82fcca1e22294ffd/url HTTP/1.1
User-Agent: selenium/4.8.0 (java windows)
Content-Length: 56
Content-Type: application/json; charset=utf-8
host: localhost:39165
accept: */*

Response DefaultHttpResponse(decodeResult: success, version: HTTP/1.1)
HTTP/1.1 200 OK
Content-Length: 14
Content-Type: application/json; charset=utf-8
cache-control: no-cache

11:35:39.317 [AsyncHttpClient-1-2] DEBUG org.asynchttpclient.netty.channel.ChannelManager - Adding key: http://localhost:39165 for channel [id: 0xa10b78a6, L:/127.0.0.1:61155 - R:localhost/127.0.0.1:39165]
11:35:39.325 [Forwarding setTimeout on session b4c44b8ab3ec34df82fcca1e22294ffd to remote] DEBUG org.asynchttpclient.netty.request.NettyRequestSender - Using pooled Channel '[id: 0xa10b78a6, L:/127.0.0.1:61155 - R:localhost/127.0.0.1:39165]' for 'POST' to 'http://localhost:39165/session/b4c44b8ab3ec34df82fcca1e22294ffd/timeouts'
11:35:39.327 [Forwarding setTimeout on session b4c44b8ab3ec34df82fcca1e22294ffd to remote] DEBUG org.asynchttpclient.netty.request.NettyRequestSender - Using open Channel [id: 0xa10b78a6, L:/127.0.0.1:61155 - R:localhost/127.0.0.1:39165] for POST '/session/b4c44b8ab3ec34df82fcca1e22294ffd/timeouts'
11:35:39.333 [AsyncHttpClient-1-2] DEBUG org.asynchttpclient.netty.handler.HttpHandler - 

Request DefaultHttpRequest(decodeResult: success, version: HTTP/1.1)
POST /session/b4c44b8ab3ec34df82fcca1e22294ffd/timeouts HTTP/1.1
User-Agent: selenium/4.8.0 (java windows)
Content-Length: 21
Content-Type: application/json; charset=utf-8
host: localhost:39165
accept: */*

Response DefaultHttpResponse(decodeResult: success, version: HTTP/1.1)
HTTP/1.1 200 OK
Content-Length: 14
Content-Type: application/json; charset=utf-8
cache-control: no-cache

11:35:39.334 [AsyncHttpClient-1-2] DEBUG org.asynchttpclient.netty.channel.ChannelManager - Adding key: http://localhost:39165 for channel [id: 0xa10b78a6, L:/127.0.0.1:61155 - R:localhost/127.0.0.1:39165]
11:35:39.340 [Forwarding getCurrentUrl on session b4c44b8ab3ec34df82fcca1e22294ffd to remote] DEBUG org.asynchttpclient.netty.request.NettyRequestSender - Using pooled Channel '[id: 0xa10b78a6, L:/127.0.0.1:61155 - R:localhost/127.0.0.1:39165]' for 'GET' to 'http://localhost:39165/session/b4c44b8ab3ec34df82fcca1e22294ffd/url'
11:35:39.340 [Forwarding getCurrentUrl on session b4c44b8ab3ec34df82fcca1e22294ffd to remote] DEBUG org.asynchttpclient.netty.request.NettyRequestSender - Using open Channel [id: 0xa10b78a6, L:/127.0.0.1:61155 - R:localhost/127.0.0.1:39165] for GET '/session/b4c44b8ab3ec34df82fcca1e22294ffd/url'
11:35:39.346 [AsyncHttpClient-1-2] DEBUG org.asynchttpclient.netty.handler.HttpHandler - 

Request DefaultFullHttpRequest(decodeResult: success, version: HTTP/1.1, content: EmptyByteBufBE)
GET /session/b4c44b8ab3ec34df82fcca1e22294ffd/url HTTP/1.1
User-Agent: selenium/4.8.0 (java windows)
Cache-Control: no-cache
Content-Type: application/json; charset=utf-8
host: localhost:39165
accept: */*

Response DefaultHttpResponse(decodeResult: success, version: HTTP/1.1)
HTTP/1.1 200 OK
Content-Length: 38
Content-Type: application/json; charset=utf-8
cache-control: no-cache

11:35:39.346 [AsyncHttpClient-1-2] DEBUG org.asynchttpclient.netty.channel.ChannelManager - Adding key: http://localhost:39165 for channel [id: 0xa10b78a6, L:/127.0.0.1:61155 - R:localhost/127.0.0.1:39165]
11:35:39.351 [Forwarding getCurrentUrl on session b4c44b8ab3ec34df82fcca1e22294ffd to remote] DEBUG org.asynchttpclient.netty.request.NettyRequestSender - Using pooled Channel '[id: 0xa10b78a6, L:/127.0.0.1:61155 - R:localhost/127.0.0.1:39165]' for 'GET' to 'http://localhost:39165/session/b4c44b8ab3ec34df82fcca1e22294ffd/url'
11:35:39.351 [Forwarding getCurrentUrl on session b4c44b8ab3ec34df82fcca1e22294ffd to remote] DEBUG org.asynchttpclient.netty.request.NettyRequestSender - Using open Channel [id: 0xa10b78a6, L:/127.0.0.1:61155 - R:localhost/127.0.0.1:39165] for GET '/session/b4c44b8ab3ec34df82fcca1e22294ffd/url'
11:35:39.357 [AsyncHttpClient-1-2] DEBUG org.asynchttpclient.netty.handler.HttpHandler - 

Request DefaultFullHttpRequest(decodeResult: success, version: HTTP/1.1, content: EmptyByteBufBE)
GET /session/b4c44b8ab3ec34df82fcca1e22294ffd/url HTTP/1.1
User-Agent: selenium/4.8.0 (java windows)
Cache-Control: no-cache
Content-Type: application/json; charset=utf-8
host: localhost:39165
accept: */*

Response DefaultHttpResponse(decodeResult: success, version: HTTP/1.1)
HTTP/1.1 200 OK
Content-Length: 38
Content-Type: application/json; charset=utf-8
cache-control: no-cache

11:35:39.357 [AsyncHttpClient-1-2] DEBUG org.asynchttpclient.netty.channel.ChannelManager - Adding key: http://localhost:39165 for channel [id: 0xa10b78a6, L:/127.0.0.1:61155 - R:localhost/127.0.0.1:39165]
11:35:39.384 [main] INFO  com.swaglabs.base.SetUp - browser launched
11:35:39.435 [main] DEBUG net.serenitybdd.core.photography.Darkroom - Opening darkroom
11:35:39.437 [Darkroom Processing Line] DEBUG net.serenitybdd.core.photography.DarkroomProcessingLine - Darkroom processing line starting up
11:35:39.456 [Forwarding getAlertText on session b4c44b8ab3ec34df82fcca1e22294ffd to remote] DEBUG org.asynchttpclient.netty.request.NettyRequestSender - Using pooled Channel '[id: 0xa10b78a6, L:/127.0.0.1:61155 - R:localhost/127.0.0.1:39165]' for 'GET' to 'http://localhost:39165/session/b4c44b8ab3ec34df82fcca1e22294ffd/alert/text'
11:35:39.456 [Forwarding getAlertText on session b4c44b8ab3ec34df82fcca1e22294ffd to remote] DEBUG org.asynchttpclient.netty.request.NettyRequestSender - Using open Channel [id: 0xa10b78a6, L:/127.0.0.1:61155 - R:localhost/127.0.0.1:39165] for GET '/session/b4c44b8ab3ec34df82fcca1e22294ffd/alert/text'
11:35:39.459 [AsyncHttpClient-1-2] DEBUG org.asynchttpclient.netty.handler.HttpHandler - 

Request DefaultFullHttpRequest(decodeResult: success, version: HTTP/1.1, content: EmptyByteBufBE)
GET /session/b4c44b8ab3ec34df82fcca1e22294ffd/alert/text HTTP/1.1
User-Agent: selenium/4.8.0 (java windows)
Cache-Control: no-cache
Content-Type: application/json; charset=utf-8
host: localhost:39165
accept: */*

Response DefaultHttpResponse(decodeResult: success, version: HTTP/1.1)
HTTP/1.1 404 Not Found
Content-Length: 1522
Content-Type: application/json; charset=utf-8
cache-control: no-cache

11:35:39.460 [AsyncHttpClient-1-2] DEBUG org.asynchttpclient.netty.channel.ChannelManager - Adding key: http://localhost:39165 for channel [id: 0xa10b78a6, L:/127.0.0.1:61155 - R:localhost/127.0.0.1:39165]
11:35:39.469 [Forwarding getCurrentUrl on session b4c44b8ab3ec34df82fcca1e22294ffd to remote] DEBUG org.asynchttpclient.netty.request.NettyRequestSender - Using pooled Channel '[id: 0xa10b78a6, L:/127.0.0.1:61155 - R:localhost/127.0.0.1:39165]' for 'GET' to 'http://localhost:39165/session/b4c44b8ab3ec34df82fcca1e22294ffd/url'
11:35:39.469 [Forwarding getCurrentUrl on session b4c44b8ab3ec34df82fcca1e22294ffd to remote] DEBUG org.asynchttpclient.netty.request.NettyRequestSender - Using open Channel [id: 0xa10b78a6, L:/127.0.0.1:61155 - R:localhost/127.0.0.1:39165] for GET '/session/b4c44b8ab3ec34df82fcca1e22294ffd/url'
11:35:39.496 [AsyncHttpClient-1-2] DEBUG org.asynchttpclient.netty.handler.HttpHandler - 

Request DefaultFullHttpRequest(decodeResult: success, version: HTTP/1.1, content: EmptyByteBufBE)
GET /session/b4c44b8ab3ec34df82fcca1e22294ffd/url HTTP/1.1
User-Agent: selenium/4.8.0 (java windows)
Cache-Control: no-cache
Content-Type: application/json; charset=utf-8
host: localhost:39165
accept: */*

Response DefaultHttpResponse(decodeResult: success, version: HTTP/1.1)
HTTP/1.1 200 OK
Content-Length: 38
Content-Type: application/json; charset=utf-8
cache-control: no-cache

11:35:39.496 [AsyncHttpClient-1-2] DEBUG org.asynchttpclient.netty.channel.ChannelManager - Adding key: http://localhost:39165 for channel [id: 0xa10b78a6, L:/127.0.0.1:61155 - R:localhost/127.0.0.1:39165]
11:35:39.500 [Forwarding screenshot on session b4c44b8ab3ec34df82fcca1e22294ffd to remote] DEBUG org.asynchttpclient.netty.request.NettyRequestSender - Using pooled Channel '[id: 0xa10b78a6, L:/127.0.0.1:61155 - R:localhost/127.0.0.1:39165]' for 'GET' to 'http://localhost:39165/session/b4c44b8ab3ec34df82fcca1e22294ffd/screenshot'
11:35:39.500 [Forwarding screenshot on session b4c44b8ab3ec34df82fcca1e22294ffd to remote] DEBUG org.asynchttpclient.netty.request.NettyRequestSender - Using open Channel [id: 0xa10b78a6, L:/127.0.0.1:61155 - R:localhost/127.0.0.1:39165] for GET '/session/b4c44b8ab3ec34df82fcca1e22294ffd/screenshot'
11:35:39.671 [AsyncHttpClient-1-2] DEBUG org.asynchttpclient.netty.handler.HttpHandler - 

Request DefaultFullHttpRequest(decodeResult: success, version: HTTP/1.1, content: EmptyByteBufBE)
GET /session/b4c44b8ab3ec34df82fcca1e22294ffd/screenshot HTTP/1.1
User-Agent: selenium/4.8.0 (java windows)
Cache-Control: no-cache
Content-Type: application/json; charset=utf-8
host: localhost:39165
accept: */*

Response DefaultHttpResponse(decodeResult: success, version: HTTP/1.1)
HTTP/1.1 200 OK
Content-Length: 56888
Content-Type: application/json; charset=utf-8
cache-control: no-cache

11:35:39.672 [AsyncHttpClient-1-2] DEBUG org.asynchttpclient.netty.channel.ChannelManager - Adding key: http://localhost:39165 for channel [id: 0xa10b78a6, L:/127.0.0.1:61155 - R:localhost/127.0.0.1:39165]
11:35:39.784 [main] DEBUG net.serenitybdd.core.photography.Darkroom - Send negative for processing for target\site\serenity\9e064797e028a3807699613c333f7a315a08d2c82b6ed50ea0e2ad01a26ca09b.png
11:35:39.789 [main] DEBUG net.thucydides.core.steps.StepInterceptor - STEP DONE: launch browser
11:35:39.791 [Darkroom Processing Line] DEBUG net.serenitybdd.core.photography.DarkroomProcessingLine - Processing screenshot image in /var/screenshots/screenshot-14888114017900797593
11:35:39.791 [Darkroom Processing Line] DEBUG net.serenitybdd.core.photography.DarkroomProcessingLine - Saving screenshot to target\site\serenity\9e064797e028a3807699613c333f7a315a08d2c82b6ed50ea0e2ad01a26ca09b.png
11:35:39.804 [Forwarding getPageSource on session b4c44b8ab3ec34df82fcca1e22294ffd to remote] DEBUG org.asynchttpclient.netty.request.NettyRequestSender - Using pooled Channel '[id: 0xa10b78a6, L:/127.0.0.1:61155 - R:localhost/127.0.0.1:39165]' for 'POST' to 'http://localhost:39165/session/b4c44b8ab3ec34df82fcca1e22294ffd/execute/sync'
11:35:39.804 [Forwarding getPageSource on session b4c44b8ab3ec34df82fcca1e22294ffd to remote] DEBUG org.asynchttpclient.netty.request.NettyRequestSender - Using open Channel [id: 0xa10b78a6, L:/127.0.0.1:61155 - R:localhost/127.0.0.1:39165] for POST '/session/b4c44b8ab3ec34df82fcca1e22294ffd/execute/sync'
11:35:39.818 [AsyncHttpClient-1-2] DEBUG org.asynchttpclient.netty.handler.HttpHandler - 

Request DefaultHttpRequest(decodeResult: success, version: HTTP/1.1)
POST /session/b4c44b8ab3ec34df82fcca1e22294ffd/execute/sync HTTP/1.1
User-Agent: selenium/4.8.0 (java windows)
Content-Length: 176
Content-Type: application/json; charset=utf-8
host: localhost:39165
accept: */*

Response DefaultHttpResponse(decodeResult: success, version: HTTP/1.1)
HTTP/1.1 200 OK
Content-Length: 4333
Content-Type: application/json; charset=utf-8
cache-control: no-cache

11:35:39.819 [AsyncHttpClient-1-2] DEBUG org.asynchttpclient.netty.channel.ChannelManager - Adding key: http://localhost:39165 for channel [id: 0xa10b78a6, L:/127.0.0.1:61155 - R:localhost/127.0.0.1:39165]
11:35:39.936 [Forwarding getCurrentUrl on session b4c44b8ab3ec34df82fcca1e22294ffd to remote] DEBUG org.asynchttpclient.netty.request.NettyRequestSender - Using pooled Channel '[id: 0xa10b78a6, L:/127.0.0.1:61155 - R:localhost/127.0.0.1:39165]' for 'GET' to 'http://localhost:39165/session/b4c44b8ab3ec34df82fcca1e22294ffd/url'
11:35:39.937 [Forwarding getCurrentUrl on session b4c44b8ab3ec34df82fcca1e22294ffd to remote] DEBUG org.asynchttpclient.netty.request.NettyRequestSender - Using open Channel [id: 0xa10b78a6, L:/127.0.0.1:61155 - R:localhost/127.0.0.1:39165] for GET '/session/b4c44b8ab3ec34df82fcca1e22294ffd/url'
11:35:39.943 [AsyncHttpClient-1-2] DEBUG org.asynchttpclient.netty.handler.HttpHandler - 

Request DefaultFullHttpRequest(decodeResult: success, version: HTTP/1.1, content: EmptyByteBufBE)
GET /session/b4c44b8ab3ec34df82fcca1e22294ffd/url HTTP/1.1
User-Agent: selenium/4.8.0 (java windows)
Cache-Control: no-cache
Content-Type: application/json; charset=utf-8
host: localhost:39165
accept: */*

Response DefaultHttpResponse(decodeResult: success, version: HTTP/1.1)
HTTP/1.1 200 OK
Content-Length: 38
Content-Type: application/json; charset=utf-8
cache-control: no-cache

11:35:39.944 [AsyncHttpClient-1-2] DEBUG org.asynchttpclient.netty.channel.ChannelManager - Adding key: http://localhost:39165 for channel [id: 0xa10b78a6, L:/127.0.0.1:61155 - R:localhost/127.0.0.1:39165]
11:35:39.952 [main] DEBUG net.thucydides.core.steps.StepInterceptor - STARTING STEP: Tests.testCases - launch browser
11:35:39.956 [Forwarding get on session b4c44b8ab3ec34df82fcca1e22294ffd to remote] DEBUG org.asynchttpclient.netty.request.NettyRequestSender - Using pooled Channel '[id: 0xa10b78a6, L:/127.0.0.1:61155 - R:localhost/127.0.0.1:39165]' for 'POST' to 'http://localhost:39165/session/b4c44b8ab3ec34df82fcca1e22294ffd/url'
11:35:39.956 [Forwarding get on session b4c44b8ab3ec34df82fcca1e22294ffd to remote] DEBUG org.asynchttpclient.netty.request.NettyRequestSender - Using open Channel [id: 0xa10b78a6, L:/127.0.0.1:61155 - R:localhost/127.0.0.1:39165] for POST '/session/b4c44b8ab3ec34df82fcca1e22294ffd/url'
11:35:40.165 [AsyncHttpClient-1-1] DEBUG org.asynchttpclient.netty.channel.DefaultChannelPool - Entry count for : http://localhost:61159 : 1
11:35:40.183 [AsyncHttpClient-1-2] DEBUG org.asynchttpclient.netty.handler.HttpHandler - 

Request DefaultHttpRequest(decodeResult: success, version: HTTP/1.1)
POST /session/b4c44b8ab3ec34df82fcca1e22294ffd/url HTTP/1.1
User-Agent: selenium/4.8.0 (java windows)
Content-Length: 56
Content-Type: application/json; charset=utf-8
host: localhost:39165
accept: */*

Response DefaultHttpResponse(decodeResult: success, version: HTTP/1.1)
HTTP/1.1 200 OK
Content-Length: 14
Content-Type: application/json; charset=utf-8
cache-control: no-cache

11:35:40.184 [AsyncHttpClient-1-2] DEBUG org.asynchttpclient.netty.channel.ChannelManager - Adding key: http://localhost:39165 for channel [id: 0xa10b78a6, L:/127.0.0.1:61155 - R:localhost/127.0.0.1:39165]
11:35:40.195 [Forwarding getCurrentUrl on session b4c44b8ab3ec34df82fcca1e22294ffd to remote] DEBUG org.asynchttpclient.netty.request.NettyRequestSender - Using pooled Channel '[id: 0xa10b78a6, L:/127.0.0.1:61155 - R:localhost/127.0.0.1:39165]' for 'GET' to 'http://localhost:39165/session/b4c44b8ab3ec34df82fcca1e22294ffd/url'
11:35:40.195 [Forwarding getCurrentUrl on session b4c44b8ab3ec34df82fcca1e22294ffd to remote] DEBUG org.asynchttpclient.netty.request.NettyRequestSender - Using open Channel [id: 0xa10b78a6, L:/127.0.0.1:61155 - R:localhost/127.0.0.1:39165] for GET '/session/b4c44b8ab3ec34df82fcca1e22294ffd/url'
11:35:40.208 [AsyncHttpClient-1-2] DEBUG org.asynchttpclient.netty.handler.HttpHandler - 

Request DefaultFullHttpRequest(decodeResult: success, version: HTTP/1.1, content: EmptyByteBufBE)
GET /session/b4c44b8ab3ec34df82fcca1e22294ffd/url HTTP/1.1
User-Agent: selenium/4.8.0 (java windows)
Cache-Control: no-cache
Content-Type: application/json; charset=utf-8
host: localhost:39165
accept: */*

Response DefaultHttpResponse(decodeResult: success, version: HTTP/1.1)
HTTP/1.1 200 OK
Content-Length: 38
Content-Type: application/json; charset=utf-8
cache-control: no-cache

11:35:40.209 [AsyncHttpClient-1-2] DEBUG org.asynchttpclient.netty.channel.ChannelManager - Adding key: http://localhost:39165 for channel [id: 0xa10b78a6, L:/127.0.0.1:61155 - R:localhost/127.0.0.1:39165]
11:35:40.213 [Forwarding getCurrentUrl on session b4c44b8ab3ec34df82fcca1e22294ffd to remote] DEBUG org.asynchttpclient.netty.request.NettyRequestSender - Using pooled Channel '[id: 0xa10b78a6, L:/127.0.0.1:61155 - R:localhost/127.0.0.1:39165]' for 'GET' to 'http://localhost:39165/session/b4c44b8ab3ec34df82fcca1e22294ffd/url'
11:35:40.213 [Forwarding getCurrentUrl on session b4c44b8ab3ec34df82fcca1e22294ffd to remote] DEBUG org.asynchttpclient.netty.request.NettyRequestSender - Using open Channel [id: 0xa10b78a6, L:/127.0.0.1:61155 - R:localhost/127.0.0.1:39165] for GET '/session/b4c44b8ab3ec34df82fcca1e22294ffd/url'
11:35:40.260 [AsyncHttpClient-1-2] DEBUG org.asynchttpclient.netty.handler.HttpHandler - 

Request DefaultFullHttpRequest(decodeResult: success, version: HTTP/1.1, content: EmptyByteBufBE)
GET /session/b4c44b8ab3ec34df82fcca1e22294ffd/url HTTP/1.1
User-Agent: selenium/4.8.0 (java windows)
Cache-Control: no-cache
Content-Type: application/json; charset=utf-8
host: localhost:39165
accept: */*

Response DefaultHttpResponse(decodeResult: success, version: HTTP/1.1)
HTTP/1.1 200 OK
Content-Length: 38
Content-Type: application/json; charset=utf-8
cache-control: no-cache

11:35:40.261 [AsyncHttpClient-1-2] DEBUG org.asynchttpclient.netty.channel.ChannelManager - Adding key: http://localhost:39165 for channel [id: 0xa10b78a6, L:/127.0.0.1:61155 - R:localhost/127.0.0.1:39165]
11:35:40.262 [main] INFO  com.swaglabs.base.SetUp - browser launched
11:35:40.270 [Forwarding getAlertText on session b4c44b8ab3ec34df82fcca1e22294ffd to remote] DEBUG org.asynchttpclient.netty.request.NettyRequestSender - Using pooled Channel '[id: 0xa10b78a6, L:/127.0.0.1:61155 - R:localhost/127.0.0.1:39165]' for 'GET' to 'http://localhost:39165/session/b4c44b8ab3ec34df82fcca1e22294ffd/alert/text'
11:35:40.271 [Forwarding getAlertText on session b4c44b8ab3ec34df82fcca1e22294ffd to remote] DEBUG org.asynchttpclient.netty.request.NettyRequestSender - Using open Channel [id: 0xa10b78a6, L:/127.0.0.1:61155 - R:localhost/127.0.0.1:39165] for GET '/session/b4c44b8ab3ec34df82fcca1e22294ffd/alert/text'
11:35:40.279 [AsyncHttpClient-1-2] DEBUG org.asynchttpclient.netty.handler.HttpHandler - 

Request DefaultFullHttpRequest(decodeResult: success, version: HTTP/1.1, content: EmptyByteBufBE)
GET /session/b4c44b8ab3ec34df82fcca1e22294ffd/alert/text HTTP/1.1
User-Agent: selenium/4.8.0 (java windows)
Cache-Control: no-cache
Content-Type: application/json; charset=utf-8
host: localhost:39165
accept: */*

Response DefaultHttpResponse(decodeResult: success, version: HTTP/1.1)
HTTP/1.1 404 Not Found
Content-Length: 1522
Content-Type: application/json; charset=utf-8
cache-control: no-cache

11:35:40.279 [AsyncHttpClient-1-2] DEBUG org.asynchttpclient.netty.channel.ChannelManager - Adding key: http://localhost:39165 for channel [id: 0xa10b78a6, L:/127.0.0.1:61155 - R:localhost/127.0.0.1:39165]
11:35:40.284 [Forwarding getCurrentUrl on session b4c44b8ab3ec34df82fcca1e22294ffd to remote] DEBUG org.asynchttpclient.netty.request.NettyRequestSender - Using pooled Channel '[id: 0xa10b78a6, L:/127.0.0.1:61155 - R:localhost/127.0.0.1:39165]' for 'GET' to 'http://localhost:39165/session/b4c44b8ab3ec34df82fcca1e22294ffd/url'
11:35:40.284 [Forwarding getCurrentUrl on session b4c44b8ab3ec34df82fcca1e22294ffd to remote] DEBUG org.asynchttpclient.netty.request.NettyRequestSender - Using open Channel [id: 0xa10b78a6, L:/127.0.0.1:61155 - R:localhost/127.0.0.1:39165] for GET '/session/b4c44b8ab3ec34df82fcca1e22294ffd/url'
11:35:40.293 [AsyncHttpClient-1-2] DEBUG org.asynchttpclient.netty.handler.HttpHandler - 

Request DefaultFullHttpRequest(decodeResult: success, version: HTTP/1.1, content: EmptyByteBufBE)
GET /session/b4c44b8ab3ec34df82fcca1e22294ffd/url HTTP/1.1
User-Agent: selenium/4.8.0 (java windows)
Cache-Control: no-cache
Content-Type: application/json; charset=utf-8
host: localhost:39165
accept: */*

Response DefaultHttpResponse(decodeResult: success, version: HTTP/1.1)
HTTP/1.1 200 OK
Content-Length: 38
Content-Type: application/json; charset=utf-8
cache-control: no-cache

11:35:40.294 [AsyncHttpClient-1-2] DEBUG org.asynchttpclient.netty.channel.ChannelManager - Adding key: http://localhost:39165 for channel [id: 0xa10b78a6, L:/127.0.0.1:61155 - R:localhost/127.0.0.1:39165]
11:35:40.296 [Forwarding screenshot on session b4c44b8ab3ec34df82fcca1e22294ffd to remote] DEBUG org.asynchttpclient.netty.request.NettyRequestSender - Using pooled Channel '[id: 0xa10b78a6, L:/127.0.0.1:61155 - R:localhost/127.0.0.1:39165]' for 'GET' to 'http://localhost:39165/session/b4c44b8ab3ec34df82fcca1e22294ffd/screenshot'
11:35:40.296 [Forwarding screenshot on session b4c44b8ab3ec34df82fcca1e22294ffd to remote] DEBUG org.asynchttpclient.netty.request.NettyRequestSender - Using open Channel [id: 0xa10b78a6, L:/127.0.0.1:61155 - R:localhost/127.0.0.1:39165] for GET '/session/b4c44b8ab3ec34df82fcca1e22294ffd/screenshot'
11:35:40.473 [AsyncHttpClient-1-2] DEBUG org.asynchttpclient.netty.handler.HttpHandler - 

Request DefaultFullHttpRequest(decodeResult: success, version: HTTP/1.1, content: EmptyByteBufBE)
GET /session/b4c44b8ab3ec34df82fcca1e22294ffd/screenshot HTTP/1.1
User-Agent: selenium/4.8.0 (java windows)
Cache-Control: no-cache
Content-Type: application/json; charset=utf-8
host: localhost:39165
accept: */*

Response DefaultHttpResponse(decodeResult: success, version: HTTP/1.1)
HTTP/1.1 200 OK
Content-Length: 56888
Content-Type: application/json; charset=utf-8
cache-control: no-cache

11:35:40.474 [AsyncHttpClient-1-2] DEBUG org.asynchttpclient.netty.channel.ChannelManager - Adding key: http://localhost:39165 for channel [id: 0xa10b78a6, L:/127.0.0.1:61155 - R:localhost/127.0.0.1:39165]
11:35:40.480 [main] DEBUG net.serenitybdd.core.photography.Darkroom - Send negative for processing for target\site\serenity\9e064797e028a3807699613c333f7a315a08d2c82b6ed50ea0e2ad01a26ca09b.png
11:35:40.481 [main] DEBUG net.thucydides.core.steps.StepInterceptor - STEP DONE: launch browser
11:35:40.492 [Forwarding getPageSource on session b4c44b8ab3ec34df82fcca1e22294ffd to remote] DEBUG org.asynchttpclient.netty.request.NettyRequestSender - Using pooled Channel '[id: 0xa10b78a6, L:/127.0.0.1:61155 - R:localhost/127.0.0.1:39165]' for 'POST' to 'http://localhost:39165/session/b4c44b8ab3ec34df82fcca1e22294ffd/execute/sync'
11:35:40.492 [Forwarding getPageSource on session b4c44b8ab3ec34df82fcca1e22294ffd to remote] DEBUG org.asynchttpclient.netty.request.NettyRequestSender - Using open Channel [id: 0xa10b78a6, L:/127.0.0.1:61155 - R:localhost/127.0.0.1:39165] for POST '/session/b4c44b8ab3ec34df82fcca1e22294ffd/execute/sync'
11:35:40.508 [AsyncHttpClient-1-2] DEBUG org.asynchttpclient.netty.handler.HttpHandler - 

Request DefaultHttpRequest(decodeResult: success, version: HTTP/1.1)
POST /session/b4c44b8ab3ec34df82fcca1e22294ffd/execute/sync HTTP/1.1
User-Agent: selenium/4.8.0 (java windows)
Content-Length: 176
Content-Type: application/json; charset=utf-8
host: localhost:39165
accept: */*

Response DefaultHttpResponse(decodeResult: success, version: HTTP/1.1)
HTTP/1.1 200 OK
Content-Length: 4333
Content-Type: application/json; charset=utf-8
cache-control: no-cache

11:35:40.509 [AsyncHttpClient-1-2] DEBUG org.asynchttpclient.netty.channel.ChannelManager - Adding key: http://localhost:39165 for channel [id: 0xa10b78a6, L:/127.0.0.1:61155 - R:localhost/127.0.0.1:39165]
11:35:40.518 [Forwarding getCurrentUrl on session b4c44b8ab3ec34df82fcca1e22294ffd to remote] DEBUG org.asynchttpclient.netty.request.NettyRequestSender - Using pooled Channel '[id: 0xa10b78a6, L:/127.0.0.1:61155 - R:localhost/127.0.0.1:39165]' for 'GET' to 'http://localhost:39165/session/b4c44b8ab3ec34df82fcca1e22294ffd/url'
11:35:40.518 [Forwarding getCurrentUrl on session b4c44b8ab3ec34df82fcca1e22294ffd to remote] DEBUG org.asynchttpclient.netty.request.NettyRequestSender - Using open Channel [id: 0xa10b78a6, L:/127.0.0.1:61155 - R:localhost/127.0.0.1:39165] for GET '/session/b4c44b8ab3ec34df82fcca1e22294ffd/url'
11:35:40.523 [AsyncHttpClient-1-2] DEBUG org.asynchttpclient.netty.handler.HttpHandler - 

Request DefaultFullHttpRequest(decodeResult: success, version: HTTP/1.1, content: EmptyByteBufBE)
GET /session/b4c44b8ab3ec34df82fcca1e22294ffd/url HTTP/1.1
User-Agent: selenium/4.8.0 (java windows)
Cache-Control: no-cache
Content-Type: application/json; charset=utf-8
host: localhost:39165
accept: */*

Response DefaultHttpResponse(decodeResult: success, version: HTTP/1.1)
HTTP/1.1 200 OK
Content-Length: 38
Content-Type: application/json; charset=utf-8
cache-control: no-cache

11:35:40.523 [AsyncHttpClient-1-2] DEBUG org.asynchttpclient.netty.channel.ChannelManager - Adding key: http://localhost:39165 for channel [id: 0xa10b78a6, L:/127.0.0.1:61155 - R:localhost/127.0.0.1:39165]
11:35:40.530 [main] DEBUG net.thucydides.core.steps.StepInterceptor - STARTING STEP: Tests.testCases - test2_ValidateUserinterfaceHeadersAndFooters
11:35:40.579 [Forwarding getTitle on session b4c44b8ab3ec34df82fcca1e22294ffd to remote] DEBUG org.asynchttpclient.netty.request.NettyRequestSender - Using pooled Channel '[id: 0xa10b78a6, L:/127.0.0.1:61155 - R:localhost/127.0.0.1:39165]' for 'GET' to 'http://localhost:39165/session/b4c44b8ab3ec34df82fcca1e22294ffd/title'
11:35:40.579 [Forwarding getTitle on session b4c44b8ab3ec34df82fcca1e22294ffd to remote] DEBUG org.asynchttpclient.netty.request.NettyRequestSender - Using open Channel [id: 0xa10b78a6, L:/127.0.0.1:61155 - R:localhost/127.0.0.1:39165] for GET '/session/b4c44b8ab3ec34df82fcca1e22294ffd/title'
11:35:40.584 [AsyncHttpClient-1-2] DEBUG org.asynchttpclient.netty.handler.HttpHandler - 

Request DefaultFullHttpRequest(decodeResult: success, version: HTTP/1.1, content: EmptyByteBufBE)
GET /session/b4c44b8ab3ec34df82fcca1e22294ffd/title HTTP/1.1
User-Agent: selenium/4.8.0 (java windows)
Cache-Control: no-cache
Content-Type: application/json; charset=utf-8
host: localhost:39165
accept: */*

Response DefaultHttpResponse(decodeResult: success, version: HTTP/1.1)
HTTP/1.1 200 OK
Content-Length: 21
Content-Type: application/json; charset=utf-8
cache-control: no-cache

11:35:40.584 [AsyncHttpClient-1-2] DEBUG org.asynchttpclient.netty.channel.ChannelManager - Adding key: http://localhost:39165 for channel [id: 0xa10b78a6, L:/127.0.0.1:61155 - R:localhost/127.0.0.1:39165]
11:35:40.594 [Forwarding getAlertText on session b4c44b8ab3ec34df82fcca1e22294ffd to remote] DEBUG org.asynchttpclient.netty.request.NettyRequestSender - Using pooled Channel '[id: 0xa10b78a6, L:/127.0.0.1:61155 - R:localhost/127.0.0.1:39165]' for 'GET' to 'http://localhost:39165/session/b4c44b8ab3ec34df82fcca1e22294ffd/alert/text'
11:35:40.594 [Forwarding getAlertText on session b4c44b8ab3ec34df82fcca1e22294ffd to remote] DEBUG org.asynchttpclient.netty.request.NettyRequestSender - Using open Channel [id: 0xa10b78a6, L:/127.0.0.1:61155 - R:localhost/127.0.0.1:39165] for GET '/session/b4c44b8ab3ec34df82fcca1e22294ffd/alert/text'
11:35:40.597 [AsyncHttpClient-1-2] DEBUG org.asynchttpclient.netty.handler.HttpHandler - 

Request DefaultFullHttpRequest(decodeResult: success, version: HTTP/1.1, content: EmptyByteBufBE)
GET /session/b4c44b8ab3ec34df82fcca1e22294ffd/alert/text HTTP/1.1
User-Agent: selenium/4.8.0 (java windows)
Cache-Control: no-cache
Content-Type: application/json; charset=utf-8
host: localhost:39165
accept: */*

Response DefaultHttpResponse(decodeResult: success, version: HTTP/1.1)
HTTP/1.1 404 Not Found
Content-Length: 1522
Content-Type: application/json; charset=utf-8
cache-control: no-cache

11:35:40.597 [AsyncHttpClient-1-2] DEBUG org.asynchttpclient.netty.channel.ChannelManager - Adding key: http://localhost:39165 for channel [id: 0xa10b78a6, L:/127.0.0.1:61155 - R:localhost/127.0.0.1:39165]
11:35:40.598 [Forwarding getCurrentUrl on session b4c44b8ab3ec34df82fcca1e22294ffd to remote] DEBUG org.asynchttpclient.netty.request.NettyRequestSender - Using pooled Channel '[id: 0xa10b78a6, L:/127.0.0.1:61155 - R:localhost/127.0.0.1:39165]' for 'GET' to 'http://localhost:39165/session/b4c44b8ab3ec34df82fcca1e22294ffd/url'
11:35:40.598 [Forwarding getCurrentUrl on session b4c44b8ab3ec34df82fcca1e22294ffd to remote] DEBUG org.asynchttpclient.netty.request.NettyRequestSender - Using open Channel [id: 0xa10b78a6, L:/127.0.0.1:61155 - R:localhost/127.0.0.1:39165] for GET '/session/b4c44b8ab3ec34df82fcca1e22294ffd/url'
11:35:40.603 [AsyncHttpClient-1-2] DEBUG org.asynchttpclient.netty.handler.HttpHandler - 

Request DefaultFullHttpRequest(decodeResult: success, version: HTTP/1.1, content: EmptyByteBufBE)
GET /session/b4c44b8ab3ec34df82fcca1e22294ffd/url HTTP/1.1
User-Agent: selenium/4.8.0 (java windows)
Cache-Control: no-cache
Content-Type: application/json; charset=utf-8
host: localhost:39165
accept: */*

Response DefaultHttpResponse(decodeResult: success, version: HTTP/1.1)
HTTP/1.1 200 OK
Content-Length: 38
Content-Type: application/json; charset=utf-8
cache-control: no-cache

11:35:40.603 [AsyncHttpClient-1-2] DEBUG org.asynchttpclient.netty.channel.ChannelManager - Adding key: http://localhost:39165 for channel [id: 0xa10b78a6, L:/127.0.0.1:61155 - R:localhost/127.0.0.1:39165]
11:35:40.606 [Forwarding screenshot on session b4c44b8ab3ec34df82fcca1e22294ffd to remote] DEBUG org.asynchttpclient.netty.request.NettyRequestSender - Using pooled Channel '[id: 0xa10b78a6, L:/127.0.0.1:61155 - R:localhost/127.0.0.1:39165]' for 'GET' to 'http://localhost:39165/session/b4c44b8ab3ec34df82fcca1e22294ffd/screenshot'
11:35:40.607 [Forwarding screenshot on session b4c44b8ab3ec34df82fcca1e22294ffd to remote] DEBUG org.asynchttpclient.netty.request.NettyRequestSender - Using open Channel [id: 0xa10b78a6, L:/127.0.0.1:61155 - R:localhost/127.0.0.1:39165] for GET '/session/b4c44b8ab3ec34df82fcca1e22294ffd/screenshot'
11:35:40.764 [AsyncHttpClient-1-2] DEBUG org.asynchttpclient.netty.handler.HttpHandler - 

Request DefaultFullHttpRequest(decodeResult: success, version: HTTP/1.1, content: EmptyByteBufBE)
GET /session/b4c44b8ab3ec34df82fcca1e22294ffd/screenshot HTTP/1.1
User-Agent: selenium/4.8.0 (java windows)
Cache-Control: no-cache
Content-Type: application/json; charset=utf-8
host: localhost:39165
accept: */*

Response DefaultHttpResponse(decodeResult: success, version: HTTP/1.1)
HTTP/1.1 200 OK
Content-Length: 56888
Content-Type: application/json; charset=utf-8
cache-control: no-cache

11:35:40.765 [AsyncHttpClient-1-2] DEBUG org.asynchttpclient.netty.channel.ChannelManager - Adding key: http://localhost:39165 for channel [id: 0xa10b78a6, L:/127.0.0.1:61155 - R:localhost/127.0.0.1:39165]
11:35:40.771 [main] DEBUG net.serenitybdd.core.photography.Darkroom - Send negative for processing for target\site\serenity\9e064797e028a3807699613c333f7a315a08d2c82b6ed50ea0e2ad01a26ca09b.png
11:35:40.773 [Forwarding getPageSource on session b4c44b8ab3ec34df82fcca1e22294ffd to remote] DEBUG org.asynchttpclient.netty.request.NettyRequestSender - Using pooled Channel '[id: 0xa10b78a6, L:/127.0.0.1:61155 - R:localhost/127.0.0.1:39165]' for 'POST' to 'http://localhost:39165/session/b4c44b8ab3ec34df82fcca1e22294ffd/execute/sync'
11:35:40.773 [Forwarding getPageSource on session b4c44b8ab3ec34df82fcca1e22294ffd to remote] DEBUG org.asynchttpclient.netty.request.NettyRequestSender - Using open Channel [id: 0xa10b78a6, L:/127.0.0.1:61155 - R:localhost/127.0.0.1:39165] for POST '/session/b4c44b8ab3ec34df82fcca1e22294ffd/execute/sync'
11:35:40.781 [AsyncHttpClient-1-2] DEBUG org.asynchttpclient.netty.handler.HttpHandler - 

Request DefaultHttpRequest(decodeResult: success, version: HTTP/1.1)
POST /session/b4c44b8ab3ec34df82fcca1e22294ffd/execute/sync HTTP/1.1
User-Agent: selenium/4.8.0 (java windows)
Content-Length: 176
Content-Type: application/json; charset=utf-8
host: localhost:39165
accept: */*

Response DefaultHttpResponse(decodeResult: success, version: HTTP/1.1)
HTTP/1.1 200 OK
Content-Length: 4333
Content-Type: application/json; charset=utf-8
cache-control: no-cache

11:35:40.781 [AsyncHttpClient-1-2] DEBUG org.asynchttpclient.netty.channel.ChannelManager - Adding key: http://localhost:39165 for channel [id: 0xa10b78a6, L:/127.0.0.1:61155 - R:localhost/127.0.0.1:39165]
11:35:40.789 [Forwarding getCurrentUrl on session b4c44b8ab3ec34df82fcca1e22294ffd to remote] DEBUG org.asynchttpclient.netty.request.NettyRequestSender - Using pooled Channel '[id: 0xa10b78a6, L:/127.0.0.1:61155 - R:localhost/127.0.0.1:39165]' for 'GET' to 'http://localhost:39165/session/b4c44b8ab3ec34df82fcca1e22294ffd/url'
11:35:40.789 [Forwarding getCurrentUrl on session b4c44b8ab3ec34df82fcca1e22294ffd to remote] DEBUG org.asynchttpclient.netty.request.NettyRequestSender - Using open Channel [id: 0xa10b78a6, L:/127.0.0.1:61155 - R:localhost/127.0.0.1:39165] for GET '/session/b4c44b8ab3ec34df82fcca1e22294ffd/url'
11:35:40.795 [AsyncHttpClient-1-2] DEBUG org.asynchttpclient.netty.handler.HttpHandler - 

Request DefaultFullHttpRequest(decodeResult: success, version: HTTP/1.1, content: EmptyByteBufBE)
GET /session/b4c44b8ab3ec34df82fcca1e22294ffd/url HTTP/1.1
User-Agent: selenium/4.8.0 (java windows)
Cache-Control: no-cache
Content-Type: application/json; charset=utf-8
host: localhost:39165
accept: */*

Response DefaultHttpResponse(decodeResult: success, version: HTTP/1.1)
HTTP/1.1 200 OK
Content-Length: 38
Content-Type: application/json; charset=utf-8
cache-control: no-cache

11:35:40.796 [AsyncHttpClient-1-2] DEBUG org.asynchttpclient.netty.channel.ChannelManager - Adding key: http://localhost:39165 for channel [id: 0xa10b78a6, L:/127.0.0.1:61155 - R:localhost/127.0.0.1:39165]
11:35:40.809 [main] INFO  com.swaglabs.base.SetUp - Swag Labs title validation passed
11:35:40.827 [Forwarding findElement on session b4c44b8ab3ec34df82fcca1e22294ffd to remote] DEBUG org.asynchttpclient.netty.request.NettyRequestSender - Using pooled Channel '[id: 0xa10b78a6, L:/127.0.0.1:61155 - R:localhost/127.0.0.1:39165]' for 'POST' to 'http://localhost:39165/session/b4c44b8ab3ec34df82fcca1e22294ffd/element'
11:35:40.827 [Forwarding findElement on session b4c44b8ab3ec34df82fcca1e22294ffd to remote] DEBUG org.asynchttpclient.netty.request.NettyRequestSender - Using open Channel [id: 0xa10b78a6, L:/127.0.0.1:61155 - R:localhost/127.0.0.1:39165] for POST '/session/b4c44b8ab3ec34df82fcca1e22294ffd/element'
11:35:40.845 [AsyncHttpClient-1-2] DEBUG org.asynchttpclient.netty.handler.HttpHandler - 

Request DefaultHttpRequest(decodeResult: success, version: HTTP/1.1)
POST /session/b4c44b8ab3ec34df82fcca1e22294ffd/element HTTP/1.1
User-Agent: selenium/4.8.0 (java windows)
Content-Length: 73
Content-Type: application/json; charset=utf-8
host: localhost:39165
accept: */*

Response DefaultHttpResponse(decodeResult: success, version: HTTP/1.1)
HTTP/1.1 200 OK
Content-Length: 95
Content-Type: application/json; charset=utf-8
cache-control: no-cache

11:35:40.845 [AsyncHttpClient-1-2] DEBUG org.asynchttpclient.netty.channel.ChannelManager - Adding key: http://localhost:39165 for channel [id: 0xa10b78a6, L:/127.0.0.1:61155 - R:localhost/127.0.0.1:39165]
11:35:40.854 [Forwarding isElementDisplayed on session b4c44b8ab3ec34df82fcca1e22294ffd to remote] DEBUG org.asynchttpclient.netty.request.NettyRequestSender - Using pooled Channel '[id: 0xa10b78a6, L:/127.0.0.1:61155 - R:localhost/127.0.0.1:39165]' for 'POST' to 'http://localhost:39165/session/b4c44b8ab3ec34df82fcca1e22294ffd/execute/sync'
11:35:40.854 [Forwarding isElementDisplayed on session b4c44b8ab3ec34df82fcca1e22294ffd to remote] DEBUG org.asynchttpclient.netty.request.NettyRequestSender - Using open Channel [id: 0xa10b78a6, L:/127.0.0.1:61155 - R:localhost/127.0.0.1:39165] for POST '/session/b4c44b8ab3ec34df82fcca1e22294ffd/execute/sync'
11:35:40.871 [AsyncHttpClient-1-2] DEBUG org.asynchttpclient.netty.handler.HttpHandler - 

Request DefaultHttpRequest(decodeResult: success, version: HTTP/1.1)
POST /session/b4c44b8ab3ec34df82fcca1e22294ffd/execute/sync HTTP/1.1
User-Agent: selenium/4.8.0 (java windows)
Content-Length: 48814
Content-Type: application/json; charset=utf-8
host: localhost:39165
accept: */*

Response DefaultHttpResponse(decodeResult: success, version: HTTP/1.1)
HTTP/1.1 200 OK
Content-Length: 14
Content-Type: application/json; charset=utf-8
cache-control: no-cache

11:35:40.872 [AsyncHttpClient-1-2] DEBUG org.asynchttpclient.netty.channel.ChannelManager - Adding key: http://localhost:39165 for channel [id: 0xa10b78a6, L:/127.0.0.1:61155 - R:localhost/127.0.0.1:39165]
11:35:40.874 [Forwarding getElementText on session b4c44b8ab3ec34df82fcca1e22294ffd to remote] DEBUG org.asynchttpclient.netty.request.NettyRequestSender - Using pooled Channel '[id: 0xa10b78a6, L:/127.0.0.1:61155 - R:localhost/127.0.0.1:39165]' for 'GET' to 'http://localhost:39165/session/b4c44b8ab3ec34df82fcca1e22294ffd/element/D6FCA329F55A989BAF0E516CCCB7C1E0_element_11/text'
11:35:40.874 [Forwarding getElementText on session b4c44b8ab3ec34df82fcca1e22294ffd to remote] DEBUG org.asynchttpclient.netty.request.NettyRequestSender - Using open Channel [id: 0xa10b78a6, L:/127.0.0.1:61155 - R:localhost/127.0.0.1:39165] for GET '/session/b4c44b8ab3ec34df82fcca1e22294ffd/element/D6FCA329F55A989BAF0E516CCCB7C1E0_element_11/text'
11:35:40.890 [AsyncHttpClient-1-2] DEBUG org.asynchttpclient.netty.handler.HttpHandler - 

Request DefaultFullHttpRequest(decodeResult: success, version: HTTP/1.1, content: EmptyByteBufBE)
GET /session/b4c44b8ab3ec34df82fcca1e22294ffd/element/D6FCA329F55A989BAF0E516CCCB7C1E0_element_11/text HTTP/1.1
User-Agent: selenium/4.8.0 (java windows)
Cache-Control: no-cache
Content-Type: application/json; charset=utf-8
host: localhost:39165
accept: */*

Response DefaultHttpResponse(decodeResult: success, version: HTTP/1.1)
HTTP/1.1 200 OK
Content-Length: 21
Content-Type: application/json; charset=utf-8
cache-control: no-cache

11:35:40.890 [AsyncHttpClient-1-2] DEBUG org.asynchttpclient.netty.channel.ChannelManager - Adding key: http://localhost:39165 for channel [id: 0xa10b78a6, L:/127.0.0.1:61155 - R:localhost/127.0.0.1:39165]
11:35:40.892 [main] INFO  com.swaglabs.base.SetUp - header validation passed
11:35:40.897 [Forwarding findElement on session b4c44b8ab3ec34df82fcca1e22294ffd to remote] DEBUG org.asynchttpclient.netty.request.NettyRequestSender - Using pooled Channel '[id: 0xa10b78a6, L:/127.0.0.1:61155 - R:localhost/127.0.0.1:39165]' for 'POST' to 'http://localhost:39165/session/b4c44b8ab3ec34df82fcca1e22294ffd/element'
11:35:40.897 [Forwarding findElement on session b4c44b8ab3ec34df82fcca1e22294ffd to remote] DEBUG org.asynchttpclient.netty.request.NettyRequestSender - Using open Channel [id: 0xa10b78a6, L:/127.0.0.1:61155 - R:localhost/127.0.0.1:39165] for POST '/session/b4c44b8ab3ec34df82fcca1e22294ffd/element'
11:35:40.909 [AsyncHttpClient-1-2] DEBUG org.asynchttpclient.netty.handler.HttpHandler - 

Request DefaultHttpRequest(decodeResult: success, version: HTTP/1.1)
POST /session/b4c44b8ab3ec34df82fcca1e22294ffd/element HTTP/1.1
User-Agent: selenium/4.8.0 (java windows)
Content-Length: 73
Content-Type: application/json; charset=utf-8
host: localhost:39165
accept: */*

Response DefaultHttpResponse(decodeResult: success, version: HTTP/1.1)
HTTP/1.1 200 OK
Content-Length: 95
Content-Type: application/json; charset=utf-8
cache-control: no-cache

11:35:40.910 [AsyncHttpClient-1-2] DEBUG org.asynchttpclient.netty.channel.ChannelManager - Adding key: http://localhost:39165 for channel [id: 0xa10b78a6, L:/127.0.0.1:61155 - R:localhost/127.0.0.1:39165]
11:35:40.914 [Forwarding isElementDisplayed on session b4c44b8ab3ec34df82fcca1e22294ffd to remote] DEBUG org.asynchttpclient.netty.request.NettyRequestSender - Using pooled Channel '[id: 0xa10b78a6, L:/127.0.0.1:61155 - R:localhost/127.0.0.1:39165]' for 'POST' to 'http://localhost:39165/session/b4c44b8ab3ec34df82fcca1e22294ffd/execute/sync'
11:35:40.914 [Forwarding isElementDisplayed on session b4c44b8ab3ec34df82fcca1e22294ffd to remote] DEBUG org.asynchttpclient.netty.request.NettyRequestSender - Using open Channel [id: 0xa10b78a6, L:/127.0.0.1:61155 - R:localhost/127.0.0.1:39165] for POST '/session/b4c44b8ab3ec34df82fcca1e22294ffd/execute/sync'
11:35:40.928 [AsyncHttpClient-1-2] DEBUG org.asynchttpclient.netty.handler.HttpHandler - 

Request DefaultHttpRequest(decodeResult: success, version: HTTP/1.1)
POST /session/b4c44b8ab3ec34df82fcca1e22294ffd/execute/sync HTTP/1.1
User-Agent: selenium/4.8.0 (java windows)
Content-Length: 48814
Content-Type: application/json; charset=utf-8
host: localhost:39165
accept: */*

Response DefaultHttpResponse(decodeResult: success, version: HTTP/1.1)
HTTP/1.1 200 OK
Content-Length: 14
Content-Type: application/json; charset=utf-8
cache-control: no-cache

11:35:40.929 [AsyncHttpClient-1-2] DEBUG org.asynchttpclient.netty.channel.ChannelManager - Adding key: http://localhost:39165 for channel [id: 0xa10b78a6, L:/127.0.0.1:61155 - R:localhost/127.0.0.1:39165]
11:35:40.930 [Forwarding getElementText on session b4c44b8ab3ec34df82fcca1e22294ffd to remote] DEBUG org.asynchttpclient.netty.request.NettyRequestSender - Using pooled Channel '[id: 0xa10b78a6, L:/127.0.0.1:61155 - R:localhost/127.0.0.1:39165]' for 'GET' to 'http://localhost:39165/session/b4c44b8ab3ec34df82fcca1e22294ffd/element/D6FCA329F55A989BAF0E516CCCB7C1E0_element_11/text'
11:35:40.930 [Forwarding getElementText on session b4c44b8ab3ec34df82fcca1e22294ffd to remote] DEBUG org.asynchttpclient.netty.request.NettyRequestSender - Using open Channel [id: 0xa10b78a6, L:/127.0.0.1:61155 - R:localhost/127.0.0.1:39165] for GET '/session/b4c44b8ab3ec34df82fcca1e22294ffd/element/D6FCA329F55A989BAF0E516CCCB7C1E0_element_11/text'
11:35:40.937 [AsyncHttpClient-1-2] DEBUG org.asynchttpclient.netty.handler.HttpHandler - 

Request DefaultFullHttpRequest(decodeResult: success, version: HTTP/1.1, content: EmptyByteBufBE)
GET /session/b4c44b8ab3ec34df82fcca1e22294ffd/element/D6FCA329F55A989BAF0E516CCCB7C1E0_element_11/text HTTP/1.1
User-Agent: selenium/4.8.0 (java windows)
Cache-Control: no-cache
Content-Type: application/json; charset=utf-8
host: localhost:39165
accept: */*

Response DefaultHttpResponse(decodeResult: success, version: HTTP/1.1)
HTTP/1.1 200 OK
Content-Length: 21
Content-Type: application/json; charset=utf-8
cache-control: no-cache

11:35:40.937 [AsyncHttpClient-1-2] DEBUG org.asynchttpclient.netty.channel.ChannelManager - Adding key: http://localhost:39165 for channel [id: 0xa10b78a6, L:/127.0.0.1:61155 - R:localhost/127.0.0.1:39165]
11:35:40.943 [Forwarding getAlertText on session b4c44b8ab3ec34df82fcca1e22294ffd to remote] DEBUG org.asynchttpclient.netty.request.NettyRequestSender - Using pooled Channel '[id: 0xa10b78a6, L:/127.0.0.1:61155 - R:localhost/127.0.0.1:39165]' for 'GET' to 'http://localhost:39165/session/b4c44b8ab3ec34df82fcca1e22294ffd/alert/text'
11:35:40.943 [Forwarding getAlertText on session b4c44b8ab3ec34df82fcca1e22294ffd to remote] DEBUG org.asynchttpclient.netty.request.NettyRequestSender - Using open Channel [id: 0xa10b78a6, L:/127.0.0.1:61155 - R:localhost/127.0.0.1:39165] for GET '/session/b4c44b8ab3ec34df82fcca1e22294ffd/alert/text'
11:35:40.944 [AsyncHttpClient-1-2] DEBUG org.asynchttpclient.netty.handler.HttpHandler - 

Request DefaultFullHttpRequest(decodeResult: success, version: HTTP/1.1, content: EmptyByteBufBE)
GET /session/b4c44b8ab3ec34df82fcca1e22294ffd/alert/text HTTP/1.1
User-Agent: selenium/4.8.0 (java windows)
Cache-Control: no-cache
Content-Type: application/json; charset=utf-8
host: localhost:39165
accept: */*

Response DefaultHttpResponse(decodeResult: success, version: HTTP/1.1)
HTTP/1.1 404 Not Found
Content-Length: 1522
Content-Type: application/json; charset=utf-8
cache-control: no-cache

11:35:40.945 [AsyncHttpClient-1-2] DEBUG org.asynchttpclient.netty.channel.ChannelManager - Adding key: http://localhost:39165 for channel [id: 0xa10b78a6, L:/127.0.0.1:61155 - R:localhost/127.0.0.1:39165]
11:35:40.946 [Forwarding getCurrentUrl on session b4c44b8ab3ec34df82fcca1e22294ffd to remote] DEBUG org.asynchttpclient.netty.request.NettyRequestSender - Using pooled Channel '[id: 0xa10b78a6, L:/127.0.0.1:61155 - R:localhost/127.0.0.1:39165]' for 'GET' to 'http://localhost:39165/session/b4c44b8ab3ec34df82fcca1e22294ffd/url'
11:35:40.946 [Forwarding getCurrentUrl on session b4c44b8ab3ec34df82fcca1e22294ffd to remote] DEBUG org.asynchttpclient.netty.request.NettyRequestSender - Using open Channel [id: 0xa10b78a6, L:/127.0.0.1:61155 - R:localhost/127.0.0.1:39165] for GET '/session/b4c44b8ab3ec34df82fcca1e22294ffd/url'
11:35:40.949 [AsyncHttpClient-1-2] DEBUG org.asynchttpclient.netty.handler.HttpHandler - 

Request DefaultFullHttpRequest(decodeResult: success, version: HTTP/1.1, content: EmptyByteBufBE)
GET /session/b4c44b8ab3ec34df82fcca1e22294ffd/url HTTP/1.1
User-Agent: selenium/4.8.0 (java windows)
Cache-Control: no-cache
Content-Type: application/json; charset=utf-8
host: localhost:39165
accept: */*

Response DefaultHttpResponse(decodeResult: success, version: HTTP/1.1)
HTTP/1.1 200 OK
Content-Length: 38
Content-Type: application/json; charset=utf-8
cache-control: no-cache

11:35:40.949 [AsyncHttpClient-1-2] DEBUG org.asynchttpclient.netty.channel.ChannelManager - Adding key: http://localhost:39165 for channel [id: 0xa10b78a6, L:/127.0.0.1:61155 - R:localhost/127.0.0.1:39165]
11:35:40.950 [Forwarding screenshot on session b4c44b8ab3ec34df82fcca1e22294ffd to remote] DEBUG org.asynchttpclient.netty.request.NettyRequestSender - Using pooled Channel '[id: 0xa10b78a6, L:/127.0.0.1:61155 - R:localhost/127.0.0.1:39165]' for 'GET' to 'http://localhost:39165/session/b4c44b8ab3ec34df82fcca1e22294ffd/screenshot'
11:35:40.950 [Forwarding screenshot on session b4c44b8ab3ec34df82fcca1e22294ffd to remote] DEBUG org.asynchttpclient.netty.request.NettyRequestSender - Using open Channel [id: 0xa10b78a6, L:/127.0.0.1:61155 - R:localhost/127.0.0.1:39165] for GET '/session/b4c44b8ab3ec34df82fcca1e22294ffd/screenshot'
11:35:41.089 [AsyncHttpClient-1-2] DEBUG org.asynchttpclient.netty.handler.HttpHandler - 

Request DefaultFullHttpRequest(decodeResult: success, version: HTTP/1.1, content: EmptyByteBufBE)
GET /session/b4c44b8ab3ec34df82fcca1e22294ffd/screenshot HTTP/1.1
User-Agent: selenium/4.8.0 (java windows)
Cache-Control: no-cache
Content-Type: application/json; charset=utf-8
host: localhost:39165
accept: */*

Response DefaultHttpResponse(decodeResult: success, version: HTTP/1.1)
HTTP/1.1 200 OK
Content-Length: 56888
Content-Type: application/json; charset=utf-8
cache-control: no-cache

11:35:41.090 [AsyncHttpClient-1-2] DEBUG org.asynchttpclient.netty.channel.ChannelManager - Adding key: http://localhost:39165 for channel [id: 0xa10b78a6, L:/127.0.0.1:61155 - R:localhost/127.0.0.1:39165]
11:35:41.094 [main] DEBUG net.serenitybdd.core.photography.Darkroom - Send negative for processing for target\site\serenity\9e064797e028a3807699613c333f7a315a08d2c82b6ed50ea0e2ad01a26ca09b.png
11:35:41.095 [Forwarding getPageSource on session b4c44b8ab3ec34df82fcca1e22294ffd to remote] DEBUG org.asynchttpclient.netty.request.NettyRequestSender - Using pooled Channel '[id: 0xa10b78a6, L:/127.0.0.1:61155 - R:localhost/127.0.0.1:39165]' for 'POST' to 'http://localhost:39165/session/b4c44b8ab3ec34df82fcca1e22294ffd/execute/sync'
11:35:41.096 [Forwarding getPageSource on session b4c44b8ab3ec34df82fcca1e22294ffd to remote] DEBUG org.asynchttpclient.netty.request.NettyRequestSender - Using open Channel [id: 0xa10b78a6, L:/127.0.0.1:61155 - R:localhost/127.0.0.1:39165] for POST '/session/b4c44b8ab3ec34df82fcca1e22294ffd/execute/sync'
11:35:41.105 [AsyncHttpClient-1-2] DEBUG org.asynchttpclient.netty.handler.HttpHandler - 

Request DefaultHttpRequest(decodeResult: success, version: HTTP/1.1)
POST /session/b4c44b8ab3ec34df82fcca1e22294ffd/execute/sync HTTP/1.1
User-Agent: selenium/4.8.0 (java windows)
Content-Length: 176
Content-Type: application/json; charset=utf-8
host: localhost:39165
accept: */*

Response DefaultHttpResponse(decodeResult: success, version: HTTP/1.1)
HTTP/1.1 200 OK
Content-Length: 4333
Content-Type: application/json; charset=utf-8
cache-control: no-cache

11:35:41.105 [AsyncHttpClient-1-2] DEBUG org.asynchttpclient.netty.channel.ChannelManager - Adding key: http://localhost:39165 for channel [id: 0xa10b78a6, L:/127.0.0.1:61155 - R:localhost/127.0.0.1:39165]
11:35:41.112 [Forwarding getCurrentUrl on session b4c44b8ab3ec34df82fcca1e22294ffd to remote] DEBUG org.asynchttpclient.netty.request.NettyRequestSender - Using pooled Channel '[id: 0xa10b78a6, L:/127.0.0.1:61155 - R:localhost/127.0.0.1:39165]' for 'GET' to 'http://localhost:39165/session/b4c44b8ab3ec34df82fcca1e22294ffd/url'
11:35:41.112 [Forwarding getCurrentUrl on session b4c44b8ab3ec34df82fcca1e22294ffd to remote] DEBUG org.asynchttpclient.netty.request.NettyRequestSender - Using open Channel [id: 0xa10b78a6, L:/127.0.0.1:61155 - R:localhost/127.0.0.1:39165] for GET '/session/b4c44b8ab3ec34df82fcca1e22294ffd/url'
11:35:41.118 [AsyncHttpClient-1-2] DEBUG org.asynchttpclient.netty.handler.HttpHandler - 

Request DefaultFullHttpRequest(decodeResult: success, version: HTTP/1.1, content: EmptyByteBufBE)
GET /session/b4c44b8ab3ec34df82fcca1e22294ffd/url HTTP/1.1
User-Agent: selenium/4.8.0 (java windows)
Cache-Control: no-cache
Content-Type: application/json; charset=utf-8
host: localhost:39165
accept: */*

Response DefaultHttpResponse(decodeResult: success, version: HTTP/1.1)
HTTP/1.1 200 OK
Content-Length: 38
Content-Type: application/json; charset=utf-8
cache-control: no-cache

11:35:41.118 [AsyncHttpClient-1-2] DEBUG org.asynchttpclient.netty.channel.ChannelManager - Adding key: http://localhost:39165 for channel [id: 0xa10b78a6, L:/127.0.0.1:61155 - R:localhost/127.0.0.1:39165]
11:35:41.129 [Forwarding findElement on session b4c44b8ab3ec34df82fcca1e22294ffd to remote] DEBUG org.asynchttpclient.netty.request.NettyRequestSender - Using pooled Channel '[id: 0xa10b78a6, L:/127.0.0.1:61155 - R:localhost/127.0.0.1:39165]' for 'POST' to 'http://localhost:39165/session/b4c44b8ab3ec34df82fcca1e22294ffd/element'
11:35:41.129 [Forwarding findElement on session b4c44b8ab3ec34df82fcca1e22294ffd to remote] DEBUG org.asynchttpclient.netty.request.NettyRequestSender - Using open Channel [id: 0xa10b78a6, L:/127.0.0.1:61155 - R:localhost/127.0.0.1:39165] for POST '/session/b4c44b8ab3ec34df82fcca1e22294ffd/element'
11:35:41.138 [AsyncHttpClient-1-2] DEBUG org.asynchttpclient.netty.handler.HttpHandler - 

Request DefaultHttpRequest(decodeResult: success, version: HTTP/1.1)
POST /session/b4c44b8ab3ec34df82fcca1e22294ffd/element HTTP/1.1
User-Agent: selenium/4.8.0 (java windows)
Content-Length: 73
Content-Type: application/json; charset=utf-8
host: localhost:39165
accept: */*

Response DefaultHttpResponse(decodeResult: success, version: HTTP/1.1)
HTTP/1.1 200 OK
Content-Length: 95
Content-Type: application/json; charset=utf-8
cache-control: no-cache

11:35:41.138 [AsyncHttpClient-1-2] DEBUG org.asynchttpclient.netty.channel.ChannelManager - Adding key: http://localhost:39165 for channel [id: 0xa10b78a6, L:/127.0.0.1:61155 - R:localhost/127.0.0.1:39165]
11:35:41.143 [Forwarding isElementDisplayed on session b4c44b8ab3ec34df82fcca1e22294ffd to remote] DEBUG org.asynchttpclient.netty.request.NettyRequestSender - Using pooled Channel '[id: 0xa10b78a6, L:/127.0.0.1:61155 - R:localhost/127.0.0.1:39165]' for 'POST' to 'http://localhost:39165/session/b4c44b8ab3ec34df82fcca1e22294ffd/execute/sync'
11:35:41.143 [Forwarding isElementDisplayed on session b4c44b8ab3ec34df82fcca1e22294ffd to remote] DEBUG org.asynchttpclient.netty.request.NettyRequestSender - Using open Channel [id: 0xa10b78a6, L:/127.0.0.1:61155 - R:localhost/127.0.0.1:39165] for POST '/session/b4c44b8ab3ec34df82fcca1e22294ffd/execute/sync'
11:35:41.154 [AsyncHttpClient-1-2] DEBUG org.asynchttpclient.netty.handler.HttpHandler - 

Request DefaultHttpRequest(decodeResult: success, version: HTTP/1.1)
POST /session/b4c44b8ab3ec34df82fcca1e22294ffd/execute/sync HTTP/1.1
User-Agent: selenium/4.8.0 (java windows)
Content-Length: 48814
Content-Type: application/json; charset=utf-8
host: localhost:39165
accept: */*

Response DefaultHttpResponse(decodeResult: success, version: HTTP/1.1)
HTTP/1.1 200 OK
Content-Length: 14
Content-Type: application/json; charset=utf-8
cache-control: no-cache

11:35:41.155 [AsyncHttpClient-1-2] DEBUG org.asynchttpclient.netty.channel.ChannelManager - Adding key: http://localhost:39165 for channel [id: 0xa10b78a6, L:/127.0.0.1:61155 - R:localhost/127.0.0.1:39165]
11:35:41.156 [Forwarding getElementText on session b4c44b8ab3ec34df82fcca1e22294ffd to remote] DEBUG org.asynchttpclient.netty.request.NettyRequestSender - Using pooled Channel '[id: 0xa10b78a6, L:/127.0.0.1:61155 - R:localhost/127.0.0.1:39165]' for 'GET' to 'http://localhost:39165/session/b4c44b8ab3ec34df82fcca1e22294ffd/element/D6FCA329F55A989BAF0E516CCCB7C1E0_element_11/text'
11:35:41.156 [Forwarding getElementText on session b4c44b8ab3ec34df82fcca1e22294ffd to remote] DEBUG org.asynchttpclient.netty.request.NettyRequestSender - Using open Channel [id: 0xa10b78a6, L:/127.0.0.1:61155 - R:localhost/127.0.0.1:39165] for GET '/session/b4c44b8ab3ec34df82fcca1e22294ffd/element/D6FCA329F55A989BAF0E516CCCB7C1E0_element_11/text'
11:35:41.168 [AsyncHttpClient-1-2] DEBUG org.asynchttpclient.netty.handler.HttpHandler - 

Request DefaultFullHttpRequest(decodeResult: success, version: HTTP/1.1, content: EmptyByteBufBE)
GET /session/b4c44b8ab3ec34df82fcca1e22294ffd/element/D6FCA329F55A989BAF0E516CCCB7C1E0_element_11/text HTTP/1.1
User-Agent: selenium/4.8.0 (java windows)
Cache-Control: no-cache
Content-Type: application/json; charset=utf-8
host: localhost:39165
accept: */*

Response DefaultHttpResponse(decodeResult: success, version: HTTP/1.1)
HTTP/1.1 200 OK
Content-Length: 21
Content-Type: application/json; charset=utf-8
cache-control: no-cache

11:35:41.169 [AsyncHttpClient-1-2] DEBUG org.asynchttpclient.netty.channel.ChannelManager - Adding key: http://localhost:39165 for channel [id: 0xa10b78a6, L:/127.0.0.1:61155 - R:localhost/127.0.0.1:39165]
11:35:41.182 [Forwarding getAlertText on session b4c44b8ab3ec34df82fcca1e22294ffd to remote] DEBUG org.asynchttpclient.netty.request.NettyRequestSender - Using pooled Channel '[id: 0xa10b78a6, L:/127.0.0.1:61155 - R:localhost/127.0.0.1:39165]' for 'GET' to 'http://localhost:39165/session/b4c44b8ab3ec34df82fcca1e22294ffd/alert/text'
11:35:41.183 [Forwarding getAlertText on session b4c44b8ab3ec34df82fcca1e22294ffd to remote] DEBUG org.asynchttpclient.netty.request.NettyRequestSender - Using open Channel [id: 0xa10b78a6, L:/127.0.0.1:61155 - R:localhost/127.0.0.1:39165] for GET '/session/b4c44b8ab3ec34df82fcca1e22294ffd/alert/text'
11:35:41.186 [AsyncHttpClient-1-2] DEBUG org.asynchttpclient.netty.handler.HttpHandler - 

Request DefaultFullHttpRequest(decodeResult: success, version: HTTP/1.1, content: EmptyByteBufBE)
GET /session/b4c44b8ab3ec34df82fcca1e22294ffd/alert/text HTTP/1.1
User-Agent: selenium/4.8.0 (java windows)
Cache-Control: no-cache
Content-Type: application/json; charset=utf-8
host: localhost:39165
accept: */*

Response DefaultHttpResponse(decodeResult: success, version: HTTP/1.1)
HTTP/1.1 404 Not Found
Content-Length: 1522
Content-Type: application/json; charset=utf-8
cache-control: no-cache

11:35:41.186 [AsyncHttpClient-1-2] DEBUG org.asynchttpclient.netty.channel.ChannelManager - Adding key: http://localhost:39165 for channel [id: 0xa10b78a6, L:/127.0.0.1:61155 - R:localhost/127.0.0.1:39165]
11:35:41.189 [Forwarding getCurrentUrl on session b4c44b8ab3ec34df82fcca1e22294ffd to remote] DEBUG org.asynchttpclient.netty.request.NettyRequestSender - Using pooled Channel '[id: 0xa10b78a6, L:/127.0.0.1:61155 - R:localhost/127.0.0.1:39165]' for 'GET' to 'http://localhost:39165/session/b4c44b8ab3ec34df82fcca1e22294ffd/url'
11:35:41.189 [Forwarding getCurrentUrl on session b4c44b8ab3ec34df82fcca1e22294ffd to remote] DEBUG org.asynchttpclient.netty.request.NettyRequestSender - Using open Channel [id: 0xa10b78a6, L:/127.0.0.1:61155 - R:localhost/127.0.0.1:39165] for GET '/session/b4c44b8ab3ec34df82fcca1e22294ffd/url'
11:35:41.194 [AsyncHttpClient-1-2] DEBUG org.asynchttpclient.netty.handler.HttpHandler - 

Request DefaultFullHttpRequest(decodeResult: success, version: HTTP/1.1, content: EmptyByteBufBE)
GET /session/b4c44b8ab3ec34df82fcca1e22294ffd/url HTTP/1.1
User-Agent: selenium/4.8.0 (java windows)
Cache-Control: no-cache
Content-Type: application/json; charset=utf-8
host: localhost:39165
accept: */*

Response DefaultHttpResponse(decodeResult: success, version: HTTP/1.1)
HTTP/1.1 200 OK
Content-Length: 38
Content-Type: application/json; charset=utf-8
cache-control: no-cache

11:35:41.194 [AsyncHttpClient-1-2] DEBUG org.asynchttpclient.netty.channel.ChannelManager - Adding key: http://localhost:39165 for channel [id: 0xa10b78a6, L:/127.0.0.1:61155 - R:localhost/127.0.0.1:39165]
11:35:41.194 [Forwarding screenshot on session b4c44b8ab3ec34df82fcca1e22294ffd to remote] DEBUG org.asynchttpclient.netty.request.NettyRequestSender - Using pooled Channel '[id: 0xa10b78a6, L:/127.0.0.1:61155 - R:localhost/127.0.0.1:39165]' for 'GET' to 'http://localhost:39165/session/b4c44b8ab3ec34df82fcca1e22294ffd/screenshot'
11:35:41.194 [Forwarding screenshot on session b4c44b8ab3ec34df82fcca1e22294ffd to remote] DEBUG org.asynchttpclient.netty.request.NettyRequestSender - Using open Channel [id: 0xa10b78a6, L:/127.0.0.1:61155 - R:localhost/127.0.0.1:39165] for GET '/session/b4c44b8ab3ec34df82fcca1e22294ffd/screenshot'
11:35:41.238 [AsyncHttpClient-1-1] DEBUG org.asynchttpclient.netty.channel.DefaultChannelPool - Entry count for : http://localhost:61159 : 1
11:35:41.349 [AsyncHttpClient-1-2] DEBUG org.asynchttpclient.netty.handler.HttpHandler - 

Request DefaultFullHttpRequest(decodeResult: success, version: HTTP/1.1, content: EmptyByteBufBE)
GET /session/b4c44b8ab3ec34df82fcca1e22294ffd/screenshot HTTP/1.1
User-Agent: selenium/4.8.0 (java windows)
Cache-Control: no-cache
Content-Type: application/json; charset=utf-8
host: localhost:39165
accept: */*

Response DefaultHttpResponse(decodeResult: success, version: HTTP/1.1)
HTTP/1.1 200 OK
Content-Length: 56888
Content-Type: application/json; charset=utf-8
cache-control: no-cache

11:35:41.350 [AsyncHttpClient-1-2] DEBUG org.asynchttpclient.netty.channel.ChannelManager - Adding key: http://localhost:39165 for channel [id: 0xa10b78a6, L:/127.0.0.1:61155 - R:localhost/127.0.0.1:39165]
11:35:41.353 [main] DEBUG net.serenitybdd.core.photography.Darkroom - Send negative for processing for target\site\serenity\9e064797e028a3807699613c333f7a315a08d2c82b6ed50ea0e2ad01a26ca09b.png
11:35:41.363 [Forwarding findElement on session b4c44b8ab3ec34df82fcca1e22294ffd to remote] DEBUG org.asynchttpclient.netty.request.NettyRequestSender - Using pooled Channel '[id: 0xa10b78a6, L:/127.0.0.1:61155 - R:localhost/127.0.0.1:39165]' for 'POST' to 'http://localhost:39165/session/b4c44b8ab3ec34df82fcca1e22294ffd/element'
11:35:41.363 [Forwarding findElement on session b4c44b8ab3ec34df82fcca1e22294ffd to remote] DEBUG org.asynchttpclient.netty.request.NettyRequestSender - Using open Channel [id: 0xa10b78a6, L:/127.0.0.1:61155 - R:localhost/127.0.0.1:39165] for POST '/session/b4c44b8ab3ec34df82fcca1e22294ffd/element'
11:35:41.381 [AsyncHttpClient-1-2] DEBUG org.asynchttpclient.netty.handler.HttpHandler - 

Request DefaultHttpRequest(decodeResult: success, version: HTTP/1.1)
POST /session/b4c44b8ab3ec34df82fcca1e22294ffd/element HTTP/1.1
User-Agent: selenium/4.8.0 (java windows)
Content-Length: 79
Content-Type: application/json; charset=utf-8
host: localhost:39165
accept: */*

Response DefaultHttpResponse(decodeResult: success, version: HTTP/1.1)
HTTP/1.1 200 OK
Content-Length: 95
Content-Type: application/json; charset=utf-8
cache-control: no-cache

11:35:41.381 [AsyncHttpClient-1-2] DEBUG org.asynchttpclient.netty.channel.ChannelManager - Adding key: http://localhost:39165 for channel [id: 0xa10b78a6, L:/127.0.0.1:61155 - R:localhost/127.0.0.1:39165]
11:35:41.385 [Forwarding isElementDisplayed on session b4c44b8ab3ec34df82fcca1e22294ffd to remote] DEBUG org.asynchttpclient.netty.request.NettyRequestSender - Using pooled Channel '[id: 0xa10b78a6, L:/127.0.0.1:61155 - R:localhost/127.0.0.1:39165]' for 'POST' to 'http://localhost:39165/session/b4c44b8ab3ec34df82fcca1e22294ffd/execute/sync'
11:35:41.385 [Forwarding isElementDisplayed on session b4c44b8ab3ec34df82fcca1e22294ffd to remote] DEBUG org.asynchttpclient.netty.request.NettyRequestSender - Using open Channel [id: 0xa10b78a6, L:/127.0.0.1:61155 - R:localhost/127.0.0.1:39165] for POST '/session/b4c44b8ab3ec34df82fcca1e22294ffd/execute/sync'
11:35:41.397 [AsyncHttpClient-1-2] DEBUG org.asynchttpclient.netty.handler.HttpHandler - 

Request DefaultHttpRequest(decodeResult: success, version: HTTP/1.1)
POST /session/b4c44b8ab3ec34df82fcca1e22294ffd/execute/sync HTTP/1.1
User-Agent: selenium/4.8.0 (java windows)
Content-Length: 48814
Content-Type: application/json; charset=utf-8
host: localhost:39165
accept: */*

Response DefaultHttpResponse(decodeResult: success, version: HTTP/1.1)
HTTP/1.1 200 OK
Content-Length: 14
Content-Type: application/json; charset=utf-8
cache-control: no-cache

11:35:41.397 [AsyncHttpClient-1-2] DEBUG org.asynchttpclient.netty.channel.ChannelManager - Adding key: http://localhost:39165 for channel [id: 0xa10b78a6, L:/127.0.0.1:61155 - R:localhost/127.0.0.1:39165]
11:35:41.398 [Forwarding getElementText on session b4c44b8ab3ec34df82fcca1e22294ffd to remote] DEBUG org.asynchttpclient.netty.request.NettyRequestSender - Using pooled Channel '[id: 0xa10b78a6, L:/127.0.0.1:61155 - R:localhost/127.0.0.1:39165]' for 'GET' to 'http://localhost:39165/session/b4c44b8ab3ec34df82fcca1e22294ffd/element/D6FCA329F55A989BAF0E516CCCB7C1E0_element_12/text'
11:35:41.398 [Forwarding getElementText on session b4c44b8ab3ec34df82fcca1e22294ffd to remote] DEBUG org.asynchttpclient.netty.request.NettyRequestSender - Using open Channel [id: 0xa10b78a6, L:/127.0.0.1:61155 - R:localhost/127.0.0.1:39165] for GET '/session/b4c44b8ab3ec34df82fcca1e22294ffd/element/D6FCA329F55A989BAF0E516CCCB7C1E0_element_12/text'
11:35:41.407 [AsyncHttpClient-1-2] DEBUG org.asynchttpclient.netty.handler.HttpHandler - 

Request DefaultFullHttpRequest(decodeResult: success, version: HTTP/1.1, content: EmptyByteBufBE)
GET /session/b4c44b8ab3ec34df82fcca1e22294ffd/element/D6FCA329F55A989BAF0E516CCCB7C1E0_element_12/text HTTP/1.1
User-Agent: selenium/4.8.0 (java windows)
Cache-Control: no-cache
Content-Type: application/json; charset=utf-8
host: localhost:39165
accept: */*

Response DefaultHttpResponse(decodeResult: success, version: HTTP/1.1)
HTTP/1.1 200 OK
Content-Length: 12
Content-Type: application/json; charset=utf-8
cache-control: no-cache

11:35:41.408 [AsyncHttpClient-1-2] DEBUG org.asynchttpclient.netty.channel.ChannelManager - Adding key: http://localhost:39165 for channel [id: 0xa10b78a6, L:/127.0.0.1:61155 - R:localhost/127.0.0.1:39165]
11:35:41.408 [main] INFO  com.swaglabs.base.SetUp - username placeholder not validated failed
11:35:41.413 [Forwarding findElement on session b4c44b8ab3ec34df82fcca1e22294ffd to remote] DEBUG org.asynchttpclient.netty.request.NettyRequestSender - Using pooled Channel '[id: 0xa10b78a6, L:/127.0.0.1:61155 - R:localhost/127.0.0.1:39165]' for 'POST' to 'http://localhost:39165/session/b4c44b8ab3ec34df82fcca1e22294ffd/element'
11:35:41.413 [Forwarding findElement on session b4c44b8ab3ec34df82fcca1e22294ffd to remote] DEBUG org.asynchttpclient.netty.request.NettyRequestSender - Using open Channel [id: 0xa10b78a6, L:/127.0.0.1:61155 - R:localhost/127.0.0.1:39165] for POST '/session/b4c44b8ab3ec34df82fcca1e22294ffd/element'
11:35:41.424 [AsyncHttpClient-1-2] DEBUG org.asynchttpclient.netty.handler.HttpHandler - 

Request DefaultHttpRequest(decodeResult: success, version: HTTP/1.1)
POST /session/b4c44b8ab3ec34df82fcca1e22294ffd/element HTTP/1.1
User-Agent: selenium/4.8.0 (java windows)
Content-Length: 79
Content-Type: application/json; charset=utf-8
host: localhost:39165
accept: */*

Response DefaultHttpResponse(decodeResult: success, version: HTTP/1.1)
HTTP/1.1 200 OK
Content-Length: 94
Content-Type: application/json; charset=utf-8
cache-control: no-cache

11:35:41.424 [AsyncHttpClient-1-2] DEBUG org.asynchttpclient.netty.channel.ChannelManager - Adding key: http://localhost:39165 for channel [id: 0xa10b78a6, L:/127.0.0.1:61155 - R:localhost/127.0.0.1:39165]
11:35:41.427 [Forwarding isElementDisplayed on session b4c44b8ab3ec34df82fcca1e22294ffd to remote] DEBUG org.asynchttpclient.netty.request.NettyRequestSender - Using pooled Channel '[id: 0xa10b78a6, L:/127.0.0.1:61155 - R:localhost/127.0.0.1:39165]' for 'POST' to 'http://localhost:39165/session/b4c44b8ab3ec34df82fcca1e22294ffd/execute/sync'
11:35:41.428 [Forwarding isElementDisplayed on session b4c44b8ab3ec34df82fcca1e22294ffd to remote] DEBUG org.asynchttpclient.netty.request.NettyRequestSender - Using open Channel [id: 0xa10b78a6, L:/127.0.0.1:61155 - R:localhost/127.0.0.1:39165] for POST '/session/b4c44b8ab3ec34df82fcca1e22294ffd/execute/sync'
11:35:41.441 [AsyncHttpClient-1-2] DEBUG org.asynchttpclient.netty.handler.HttpHandler - 

Request DefaultHttpRequest(decodeResult: success, version: HTTP/1.1)
POST /session/b4c44b8ab3ec34df82fcca1e22294ffd/execute/sync HTTP/1.1
User-Agent: selenium/4.8.0 (java windows)
Content-Length: 48813
Content-Type: application/json; charset=utf-8
host: localhost:39165
accept: */*

Response DefaultHttpResponse(decodeResult: success, version: HTTP/1.1)
HTTP/1.1 200 OK
Content-Length: 14
Content-Type: application/json; charset=utf-8
cache-control: no-cache

11:35:41.442 [AsyncHttpClient-1-2] DEBUG org.asynchttpclient.netty.channel.ChannelManager - Adding key: http://localhost:39165 for channel [id: 0xa10b78a6, L:/127.0.0.1:61155 - R:localhost/127.0.0.1:39165]
11:35:41.444 [Forwarding getElementText on session b4c44b8ab3ec34df82fcca1e22294ffd to remote] DEBUG org.asynchttpclient.netty.request.NettyRequestSender - Using pooled Channel '[id: 0xa10b78a6, L:/127.0.0.1:61155 - R:localhost/127.0.0.1:39165]' for 'GET' to 'http://localhost:39165/session/b4c44b8ab3ec34df82fcca1e22294ffd/element/D6FCA329F55A989BAF0E516CCCB7C1E0_element_8/text'
11:35:41.445 [Forwarding getElementText on session b4c44b8ab3ec34df82fcca1e22294ffd to remote] DEBUG org.asynchttpclient.netty.request.NettyRequestSender - Using open Channel [id: 0xa10b78a6, L:/127.0.0.1:61155 - R:localhost/127.0.0.1:39165] for GET '/session/b4c44b8ab3ec34df82fcca1e22294ffd/element/D6FCA329F55A989BAF0E516CCCB7C1E0_element_8/text'
11:35:41.454 [AsyncHttpClient-1-2] DEBUG org.asynchttpclient.netty.handler.HttpHandler - 

Request DefaultFullHttpRequest(decodeResult: success, version: HTTP/1.1, content: EmptyByteBufBE)
GET /session/b4c44b8ab3ec34df82fcca1e22294ffd/element/D6FCA329F55A989BAF0E516CCCB7C1E0_element_8/text HTTP/1.1
User-Agent: selenium/4.8.0 (java windows)
Cache-Control: no-cache
Content-Type: application/json; charset=utf-8
host: localhost:39165
accept: */*

Response DefaultHttpResponse(decodeResult: success, version: HTTP/1.1)
HTTP/1.1 200 OK
Content-Length: 12
Content-Type: application/json; charset=utf-8
cache-control: no-cache

11:35:41.454 [AsyncHttpClient-1-2] DEBUG org.asynchttpclient.netty.channel.ChannelManager - Adding key: http://localhost:39165 for channel [id: 0xa10b78a6, L:/127.0.0.1:61155 - R:localhost/127.0.0.1:39165]
11:35:41.454 [main] INFO  com.swaglabs.base.SetUp - password placeholder  validattion failed
11:35:41.463 [Forwarding findElement on session b4c44b8ab3ec34df82fcca1e22294ffd to remote] DEBUG org.asynchttpclient.netty.request.NettyRequestSender - Using pooled Channel '[id: 0xa10b78a6, L:/127.0.0.1:61155 - R:localhost/127.0.0.1:39165]' for 'POST' to 'http://localhost:39165/session/b4c44b8ab3ec34df82fcca1e22294ffd/element'
11:35:41.463 [Forwarding findElement on session b4c44b8ab3ec34df82fcca1e22294ffd to remote] DEBUG org.asynchttpclient.netty.request.NettyRequestSender - Using open Channel [id: 0xa10b78a6, L:/127.0.0.1:61155 - R:localhost/127.0.0.1:39165] for POST '/session/b4c44b8ab3ec34df82fcca1e22294ffd/element'
11:35:41.476 [AsyncHttpClient-1-2] DEBUG org.asynchttpclient.netty.handler.HttpHandler - 

Request DefaultHttpRequest(decodeResult: success, version: HTTP/1.1)
POST /session/b4c44b8ab3ec34df82fcca1e22294ffd/element HTTP/1.1
User-Agent: selenium/4.8.0 (java windows)
Content-Length: 59
Content-Type: application/json; charset=utf-8
host: localhost:39165
accept: */*

Response DefaultHttpResponse(decodeResult: success, version: HTTP/1.1)
HTTP/1.1 200 OK
Content-Length: 95
Content-Type: application/json; charset=utf-8
cache-control: no-cache

11:35:41.477 [AsyncHttpClient-1-2] DEBUG org.asynchttpclient.netty.channel.ChannelManager - Adding key: http://localhost:39165 for channel [id: 0xa10b78a6, L:/127.0.0.1:61155 - R:localhost/127.0.0.1:39165]
11:35:41.495 [Forwarding isElementDisplayed on session b4c44b8ab3ec34df82fcca1e22294ffd to remote] DEBUG org.asynchttpclient.netty.request.NettyRequestSender - Using pooled Channel '[id: 0xa10b78a6, L:/127.0.0.1:61155 - R:localhost/127.0.0.1:39165]' for 'POST' to 'http://localhost:39165/session/b4c44b8ab3ec34df82fcca1e22294ffd/execute/sync'
11:35:41.495 [Forwarding isElementDisplayed on session b4c44b8ab3ec34df82fcca1e22294ffd to remote] DEBUG org.asynchttpclient.netty.request.NettyRequestSender - Using open Channel [id: 0xa10b78a6, L:/127.0.0.1:61155 - R:localhost/127.0.0.1:39165] for POST '/session/b4c44b8ab3ec34df82fcca1e22294ffd/execute/sync'
11:35:41.507 [AsyncHttpClient-1-2] DEBUG org.asynchttpclient.netty.handler.HttpHandler - 

Request DefaultHttpRequest(decodeResult: success, version: HTTP/1.1)
POST /session/b4c44b8ab3ec34df82fcca1e22294ffd/execute/sync HTTP/1.1
User-Agent: selenium/4.8.0 (java windows)
Content-Length: 48814
Content-Type: application/json; charset=utf-8
host: localhost:39165
accept: */*

Response DefaultHttpResponse(decodeResult: success, version: HTTP/1.1)
HTTP/1.1 200 OK
Content-Length: 14
Content-Type: application/json; charset=utf-8
cache-control: no-cache

11:35:41.507 [AsyncHttpClient-1-2] DEBUG org.asynchttpclient.netty.channel.ChannelManager - Adding key: http://localhost:39165 for channel [id: 0xa10b78a6, L:/127.0.0.1:61155 - R:localhost/127.0.0.1:39165]
11:35:41.515 [Forwarding isElementDisplayed on session b4c44b8ab3ec34df82fcca1e22294ffd to remote] DEBUG org.asynchttpclient.netty.request.NettyRequestSender - Using pooled Channel '[id: 0xa10b78a6, L:/127.0.0.1:61155 - R:localhost/127.0.0.1:39165]' for 'POST' to 'http://localhost:39165/session/b4c44b8ab3ec34df82fcca1e22294ffd/execute/sync'
11:35:41.515 [Forwarding isElementDisplayed on session b4c44b8ab3ec34df82fcca1e22294ffd to remote] DEBUG org.asynchttpclient.netty.request.NettyRequestSender - Using open Channel [id: 0xa10b78a6, L:/127.0.0.1:61155 - R:localhost/127.0.0.1:39165] for POST '/session/b4c44b8ab3ec34df82fcca1e22294ffd/execute/sync'
11:35:41.526 [AsyncHttpClient-1-2] DEBUG org.asynchttpclient.netty.handler.HttpHandler - 

Request DefaultHttpRequest(decodeResult: success, version: HTTP/1.1)
POST /session/b4c44b8ab3ec34df82fcca1e22294ffd/execute/sync HTTP/1.1
User-Agent: selenium/4.8.0 (java windows)
Content-Length: 48814
Content-Type: application/json; charset=utf-8
host: localhost:39165
accept: */*

Response DefaultHttpResponse(decodeResult: success, version: HTTP/1.1)
HTTP/1.1 200 OK
Content-Length: 14
Content-Type: application/json; charset=utf-8
cache-control: no-cache

11:35:41.526 [AsyncHttpClient-1-2] DEBUG org.asynchttpclient.netty.channel.ChannelManager - Adding key: http://localhost:39165 for channel [id: 0xa10b78a6, L:/127.0.0.1:61155 - R:localhost/127.0.0.1:39165]
11:35:41.529 [Forwarding isElementDisplayed on session b4c44b8ab3ec34df82fcca1e22294ffd to remote] DEBUG org.asynchttpclient.netty.request.NettyRequestSender - Using pooled Channel '[id: 0xa10b78a6, L:/127.0.0.1:61155 - R:localhost/127.0.0.1:39165]' for 'POST' to 'http://localhost:39165/session/b4c44b8ab3ec34df82fcca1e22294ffd/execute/sync'
11:35:41.529 [Forwarding isElementDisplayed on session b4c44b8ab3ec34df82fcca1e22294ffd to remote] DEBUG org.asynchttpclient.netty.request.NettyRequestSender - Using open Channel [id: 0xa10b78a6, L:/127.0.0.1:61155 - R:localhost/127.0.0.1:39165] for POST '/session/b4c44b8ab3ec34df82fcca1e22294ffd/execute/sync'
11:35:41.539 [AsyncHttpClient-1-2] DEBUG org.asynchttpclient.netty.handler.HttpHandler - 

Request DefaultHttpRequest(decodeResult: success, version: HTTP/1.1)
POST /session/b4c44b8ab3ec34df82fcca1e22294ffd/execute/sync HTTP/1.1
User-Agent: selenium/4.8.0 (java windows)
Content-Length: 48814
Content-Type: application/json; charset=utf-8
host: localhost:39165
accept: */*

Response DefaultHttpResponse(decodeResult: success, version: HTTP/1.1)
HTTP/1.1 200 OK
Content-Length: 14
Content-Type: application/json; charset=utf-8
cache-control: no-cache

11:35:41.540 [AsyncHttpClient-1-2] DEBUG org.asynchttpclient.netty.channel.ChannelManager - Adding key: http://localhost:39165 for channel [id: 0xa10b78a6, L:/127.0.0.1:61155 - R:localhost/127.0.0.1:39165]
11:35:41.541 [main] INFO  com.swaglabs.base.SetUp - loginButton   validation passed
11:35:41.547 [Forwarding findElement on session b4c44b8ab3ec34df82fcca1e22294ffd to remote] DEBUG org.asynchttpclient.netty.request.NettyRequestSender - Using pooled Channel '[id: 0xa10b78a6, L:/127.0.0.1:61155 - R:localhost/127.0.0.1:39165]' for 'POST' to 'http://localhost:39165/session/b4c44b8ab3ec34df82fcca1e22294ffd/element'
11:35:41.547 [Forwarding findElement on session b4c44b8ab3ec34df82fcca1e22294ffd to remote] DEBUG org.asynchttpclient.netty.request.NettyRequestSender - Using open Channel [id: 0xa10b78a6, L:/127.0.0.1:61155 - R:localhost/127.0.0.1:39165] for POST '/session/b4c44b8ab3ec34df82fcca1e22294ffd/element'
11:35:41.555 [AsyncHttpClient-1-2] DEBUG org.asynchttpclient.netty.handler.HttpHandler - 

Request DefaultHttpRequest(decodeResult: success, version: HTTP/1.1)
POST /session/b4c44b8ab3ec34df82fcca1e22294ffd/element HTTP/1.1
User-Agent: selenium/4.8.0 (java windows)
Content-Length: 59
Content-Type: application/json; charset=utf-8
host: localhost:39165
accept: */*

Response DefaultHttpResponse(decodeResult: success, version: HTTP/1.1)
HTTP/1.1 200 OK
Content-Length: 95
Content-Type: application/json; charset=utf-8
cache-control: no-cache

11:35:41.555 [AsyncHttpClient-1-2] DEBUG org.asynchttpclient.netty.channel.ChannelManager - Adding key: http://localhost:39165 for channel [id: 0xa10b78a6, L:/127.0.0.1:61155 - R:localhost/127.0.0.1:39165]
11:35:41.559 [Forwarding isElementDisplayed on session b4c44b8ab3ec34df82fcca1e22294ffd to remote] DEBUG org.asynchttpclient.netty.request.NettyRequestSender - Using pooled Channel '[id: 0xa10b78a6, L:/127.0.0.1:61155 - R:localhost/127.0.0.1:39165]' for 'POST' to 'http://localhost:39165/session/b4c44b8ab3ec34df82fcca1e22294ffd/execute/sync'
11:35:41.559 [Forwarding isElementDisplayed on session b4c44b8ab3ec34df82fcca1e22294ffd to remote] DEBUG org.asynchttpclient.netty.request.NettyRequestSender - Using open Channel [id: 0xa10b78a6, L:/127.0.0.1:61155 - R:localhost/127.0.0.1:39165] for POST '/session/b4c44b8ab3ec34df82fcca1e22294ffd/execute/sync'
11:35:41.571 [AsyncHttpClient-1-2] DEBUG org.asynchttpclient.netty.handler.HttpHandler - 

Request DefaultHttpRequest(decodeResult: success, version: HTTP/1.1)
POST /session/b4c44b8ab3ec34df82fcca1e22294ffd/execute/sync HTTP/1.1
User-Agent: selenium/4.8.0 (java windows)
Content-Length: 48814
Content-Type: application/json; charset=utf-8
host: localhost:39165
accept: */*

Response DefaultHttpResponse(decodeResult: success, version: HTTP/1.1)
HTTP/1.1 200 OK
Content-Length: 14
Content-Type: application/json; charset=utf-8
cache-control: no-cache

11:35:41.572 [AsyncHttpClient-1-2] DEBUG org.asynchttpclient.netty.channel.ChannelManager - Adding key: http://localhost:39165 for channel [id: 0xa10b78a6, L:/127.0.0.1:61155 - R:localhost/127.0.0.1:39165]
11:35:41.577 [Forwarding isElementDisplayed on session b4c44b8ab3ec34df82fcca1e22294ffd to remote] DEBUG org.asynchttpclient.netty.request.NettyRequestSender - Using pooled Channel '[id: 0xa10b78a6, L:/127.0.0.1:61155 - R:localhost/127.0.0.1:39165]' for 'POST' to 'http://localhost:39165/session/b4c44b8ab3ec34df82fcca1e22294ffd/execute/sync'
11:35:41.578 [Forwarding isElementDisplayed on session b4c44b8ab3ec34df82fcca1e22294ffd to remote] DEBUG org.asynchttpclient.netty.request.NettyRequestSender - Using open Channel [id: 0xa10b78a6, L:/127.0.0.1:61155 - R:localhost/127.0.0.1:39165] for POST '/session/b4c44b8ab3ec34df82fcca1e22294ffd/execute/sync'
11:35:41.590 [AsyncHttpClient-1-2] DEBUG org.asynchttpclient.netty.handler.HttpHandler - 

Request DefaultHttpRequest(decodeResult: success, version: HTTP/1.1)
POST /session/b4c44b8ab3ec34df82fcca1e22294ffd/execute/sync HTTP/1.1
User-Agent: selenium/4.8.0 (java windows)
Content-Length: 48814
Content-Type: application/json; charset=utf-8
host: localhost:39165
accept: */*

Response DefaultHttpResponse(decodeResult: success, version: HTTP/1.1)
HTTP/1.1 200 OK
Content-Length: 14
Content-Type: application/json; charset=utf-8
cache-control: no-cache

11:35:41.590 [AsyncHttpClient-1-2] DEBUG org.asynchttpclient.netty.channel.ChannelManager - Adding key: http://localhost:39165 for channel [id: 0xa10b78a6, L:/127.0.0.1:61155 - R:localhost/127.0.0.1:39165]
11:35:41.594 [Forwarding isElementDisplayed on session b4c44b8ab3ec34df82fcca1e22294ffd to remote] DEBUG org.asynchttpclient.netty.request.NettyRequestSender - Using pooled Channel '[id: 0xa10b78a6, L:/127.0.0.1:61155 - R:localhost/127.0.0.1:39165]' for 'POST' to 'http://localhost:39165/session/b4c44b8ab3ec34df82fcca1e22294ffd/execute/sync'
11:35:41.594 [Forwarding isElementDisplayed on session b4c44b8ab3ec34df82fcca1e22294ffd to remote] DEBUG org.asynchttpclient.netty.request.NettyRequestSender - Using open Channel [id: 0xa10b78a6, L:/127.0.0.1:61155 - R:localhost/127.0.0.1:39165] for POST '/session/b4c44b8ab3ec34df82fcca1e22294ffd/execute/sync'
11:35:41.604 [AsyncHttpClient-1-2] DEBUG org.asynchttpclient.netty.handler.HttpHandler - 

Request DefaultHttpRequest(decodeResult: success, version: HTTP/1.1)
POST /session/b4c44b8ab3ec34df82fcca1e22294ffd/execute/sync HTTP/1.1
User-Agent: selenium/4.8.0 (java windows)
Content-Length: 48814
Content-Type: application/json; charset=utf-8
host: localhost:39165
accept: */*

Response DefaultHttpResponse(decodeResult: success, version: HTTP/1.1)
HTTP/1.1 200 OK
Content-Length: 14
Content-Type: application/json; charset=utf-8
cache-control: no-cache

11:35:41.605 [AsyncHttpClient-1-2] DEBUG org.asynchttpclient.netty.channel.ChannelManager - Adding key: http://localhost:39165 for channel [id: 0xa10b78a6, L:/127.0.0.1:61155 - R:localhost/127.0.0.1:39165]
11:35:41.615 [Forwarding getAlertText on session b4c44b8ab3ec34df82fcca1e22294ffd to remote] DEBUG org.asynchttpclient.netty.request.NettyRequestSender - Using pooled Channel '[id: 0xa10b78a6, L:/127.0.0.1:61155 - R:localhost/127.0.0.1:39165]' for 'GET' to 'http://localhost:39165/session/b4c44b8ab3ec34df82fcca1e22294ffd/alert/text'
11:35:41.615 [Forwarding getAlertText on session b4c44b8ab3ec34df82fcca1e22294ffd to remote] DEBUG org.asynchttpclient.netty.request.NettyRequestSender - Using open Channel [id: 0xa10b78a6, L:/127.0.0.1:61155 - R:localhost/127.0.0.1:39165] for GET '/session/b4c44b8ab3ec34df82fcca1e22294ffd/alert/text'
11:35:41.618 [AsyncHttpClient-1-2] DEBUG org.asynchttpclient.netty.handler.HttpHandler - 

Request DefaultFullHttpRequest(decodeResult: success, version: HTTP/1.1, content: EmptyByteBufBE)
GET /session/b4c44b8ab3ec34df82fcca1e22294ffd/alert/text HTTP/1.1
User-Agent: selenium/4.8.0 (java windows)
Cache-Control: no-cache
Content-Type: application/json; charset=utf-8
host: localhost:39165
accept: */*

Response DefaultHttpResponse(decodeResult: success, version: HTTP/1.1)
HTTP/1.1 404 Not Found
Content-Length: 1522
Content-Type: application/json; charset=utf-8
cache-control: no-cache

11:35:41.618 [AsyncHttpClient-1-2] DEBUG org.asynchttpclient.netty.channel.ChannelManager - Adding key: http://localhost:39165 for channel [id: 0xa10b78a6, L:/127.0.0.1:61155 - R:localhost/127.0.0.1:39165]
11:35:41.620 [Forwarding getCurrentUrl on session b4c44b8ab3ec34df82fcca1e22294ffd to remote] DEBUG org.asynchttpclient.netty.request.NettyRequestSender - Using pooled Channel '[id: 0xa10b78a6, L:/127.0.0.1:61155 - R:localhost/127.0.0.1:39165]' for 'GET' to 'http://localhost:39165/session/b4c44b8ab3ec34df82fcca1e22294ffd/url'
11:35:41.620 [Forwarding getCurrentUrl on session b4c44b8ab3ec34df82fcca1e22294ffd to remote] DEBUG org.asynchttpclient.netty.request.NettyRequestSender - Using open Channel [id: 0xa10b78a6, L:/127.0.0.1:61155 - R:localhost/127.0.0.1:39165] for GET '/session/b4c44b8ab3ec34df82fcca1e22294ffd/url'
11:35:41.627 [AsyncHttpClient-1-2] DEBUG org.asynchttpclient.netty.handler.HttpHandler - 

Request DefaultFullHttpRequest(decodeResult: success, version: HTTP/1.1, content: EmptyByteBufBE)
GET /session/b4c44b8ab3ec34df82fcca1e22294ffd/url HTTP/1.1
User-Agent: selenium/4.8.0 (java windows)
Cache-Control: no-cache
Content-Type: application/json; charset=utf-8
host: localhost:39165
accept: */*

Response DefaultHttpResponse(decodeResult: success, version: HTTP/1.1)
HTTP/1.1 200 OK
Content-Length: 38
Content-Type: application/json; charset=utf-8
cache-control: no-cache

11:35:41.627 [AsyncHttpClient-1-2] DEBUG org.asynchttpclient.netty.channel.ChannelManager - Adding key: http://localhost:39165 for channel [id: 0xa10b78a6, L:/127.0.0.1:61155 - R:localhost/127.0.0.1:39165]
11:35:41.630 [Forwarding screenshot on session b4c44b8ab3ec34df82fcca1e22294ffd to remote] DEBUG org.asynchttpclient.netty.request.NettyRequestSender - Using pooled Channel '[id: 0xa10b78a6, L:/127.0.0.1:61155 - R:localhost/127.0.0.1:39165]' for 'GET' to 'http://localhost:39165/session/b4c44b8ab3ec34df82fcca1e22294ffd/screenshot'
11:35:41.630 [Forwarding screenshot on session b4c44b8ab3ec34df82fcca1e22294ffd to remote] DEBUG org.asynchttpclient.netty.request.NettyRequestSender - Using open Channel [id: 0xa10b78a6, L:/127.0.0.1:61155 - R:localhost/127.0.0.1:39165] for GET '/session/b4c44b8ab3ec34df82fcca1e22294ffd/screenshot'
11:35:41.765 [AsyncHttpClient-1-2] DEBUG org.asynchttpclient.netty.handler.HttpHandler - 

Request DefaultFullHttpRequest(decodeResult: success, version: HTTP/1.1, content: EmptyByteBufBE)
GET /session/b4c44b8ab3ec34df82fcca1e22294ffd/screenshot HTTP/1.1
User-Agent: selenium/4.8.0 (java windows)
Cache-Control: no-cache
Content-Type: application/json; charset=utf-8
host: localhost:39165
accept: */*

Response DefaultHttpResponse(decodeResult: success, version: HTTP/1.1)
HTTP/1.1 200 OK
Content-Length: 56888
Content-Type: application/json; charset=utf-8
cache-control: no-cache

11:35:41.766 [AsyncHttpClient-1-2] DEBUG org.asynchttpclient.netty.channel.ChannelManager - Adding key: http://localhost:39165 for channel [id: 0xa10b78a6, L:/127.0.0.1:61155 - R:localhost/127.0.0.1:39165]
11:35:41.769 [main] DEBUG net.serenitybdd.core.photography.Darkroom - Send negative for processing for target\site\serenity\9e064797e028a3807699613c333f7a315a08d2c82b6ed50ea0e2ad01a26ca09b.png
11:35:41.770 [Forwarding getPageSource on session b4c44b8ab3ec34df82fcca1e22294ffd to remote] DEBUG org.asynchttpclient.netty.request.NettyRequestSender - Using pooled Channel '[id: 0xa10b78a6, L:/127.0.0.1:61155 - R:localhost/127.0.0.1:39165]' for 'POST' to 'http://localhost:39165/session/b4c44b8ab3ec34df82fcca1e22294ffd/execute/sync'
11:35:41.770 [Forwarding getPageSource on session b4c44b8ab3ec34df82fcca1e22294ffd to remote] DEBUG org.asynchttpclient.netty.request.NettyRequestSender - Using open Channel [id: 0xa10b78a6, L:/127.0.0.1:61155 - R:localhost/127.0.0.1:39165] for POST '/session/b4c44b8ab3ec34df82fcca1e22294ffd/execute/sync'
11:35:42.032 [AsyncHttpClient-1-2] DEBUG org.asynchttpclient.netty.handler.HttpHandler - 

Request DefaultHttpRequest(decodeResult: success, version: HTTP/1.1)
POST /session/b4c44b8ab3ec34df82fcca1e22294ffd/execute/sync HTTP/1.1
User-Agent: selenium/4.8.0 (java windows)
Content-Length: 176
Content-Type: application/json; charset=utf-8
host: localhost:39165
accept: */*

Response DefaultHttpResponse(decodeResult: success, version: HTTP/1.1)
HTTP/1.1 200 OK
Content-Length: 4333
Content-Type: application/json; charset=utf-8
cache-control: no-cache

11:35:42.032 [AsyncHttpClient-1-2] DEBUG org.asynchttpclient.netty.channel.ChannelManager - Adding key: http://localhost:39165 for channel [id: 0xa10b78a6, L:/127.0.0.1:61155 - R:localhost/127.0.0.1:39165]
11:35:42.053 [Forwarding getCurrentUrl on session b4c44b8ab3ec34df82fcca1e22294ffd to remote] DEBUG org.asynchttpclient.netty.request.NettyRequestSender - Using pooled Channel '[id: 0xa10b78a6, L:/127.0.0.1:61155 - R:localhost/127.0.0.1:39165]' for 'GET' to 'http://localhost:39165/session/b4c44b8ab3ec34df82fcca1e22294ffd/url'
11:35:42.053 [Forwarding getCurrentUrl on session b4c44b8ab3ec34df82fcca1e22294ffd to remote] DEBUG org.asynchttpclient.netty.request.NettyRequestSender - Using open Channel [id: 0xa10b78a6, L:/127.0.0.1:61155 - R:localhost/127.0.0.1:39165] for GET '/session/b4c44b8ab3ec34df82fcca1e22294ffd/url'
11:35:42.142 [AsyncHttpClient-1-2] DEBUG org.asynchttpclient.netty.handler.HttpHandler - 

Request DefaultFullHttpRequest(decodeResult: success, version: HTTP/1.1, content: EmptyByteBufBE)
GET /session/b4c44b8ab3ec34df82fcca1e22294ffd/url HTTP/1.1
User-Agent: selenium/4.8.0 (java windows)
Cache-Control: no-cache
Content-Type: application/json; charset=utf-8
host: localhost:39165
accept: */*

Response DefaultHttpResponse(decodeResult: success, version: HTTP/1.1)
HTTP/1.1 200 OK
Content-Length: 38
Content-Type: application/json; charset=utf-8
cache-control: no-cache

11:35:42.143 [AsyncHttpClient-1-2] DEBUG org.asynchttpclient.netty.channel.ChannelManager - Adding key: http://localhost:39165 for channel [id: 0xa10b78a6, L:/127.0.0.1:61155 - R:localhost/127.0.0.1:39165]
11:35:42.165 [Forwarding findElement on session b4c44b8ab3ec34df82fcca1e22294ffd to remote] DEBUG org.asynchttpclient.netty.request.NettyRequestSender - Using pooled Channel '[id: 0xa10b78a6, L:/127.0.0.1:61155 - R:localhost/127.0.0.1:39165]' for 'POST' to 'http://localhost:39165/session/b4c44b8ab3ec34df82fcca1e22294ffd/element'
11:35:42.165 [Forwarding findElement on session b4c44b8ab3ec34df82fcca1e22294ffd to remote] DEBUG org.asynchttpclient.netty.request.NettyRequestSender - Using open Channel [id: 0xa10b78a6, L:/127.0.0.1:61155 - R:localhost/127.0.0.1:39165] for POST '/session/b4c44b8ab3ec34df82fcca1e22294ffd/element'
11:35:42.182 [AsyncHttpClient-1-2] DEBUG org.asynchttpclient.netty.handler.HttpHandler - 

Request DefaultHttpRequest(decodeResult: success, version: HTTP/1.1)
POST /session/b4c44b8ab3ec34df82fcca1e22294ffd/element HTTP/1.1
User-Agent: selenium/4.8.0 (java windows)
Content-Length: 59
Content-Type: application/json; charset=utf-8
host: localhost:39165
accept: */*

Response DefaultHttpResponse(decodeResult: success, version: HTTP/1.1)
HTTP/1.1 200 OK
Content-Length: 95
Content-Type: application/json; charset=utf-8
cache-control: no-cache

11:35:42.183 [AsyncHttpClient-1-2] DEBUG org.asynchttpclient.netty.channel.ChannelManager - Adding key: http://localhost:39165 for channel [id: 0xa10b78a6, L:/127.0.0.1:61155 - R:localhost/127.0.0.1:39165]
11:35:42.191 [Forwarding isElementDisplayed on session b4c44b8ab3ec34df82fcca1e22294ffd to remote] DEBUG org.asynchttpclient.netty.request.NettyRequestSender - Using pooled Channel '[id: 0xa10b78a6, L:/127.0.0.1:61155 - R:localhost/127.0.0.1:39165]' for 'POST' to 'http://localhost:39165/session/b4c44b8ab3ec34df82fcca1e22294ffd/execute/sync'
11:35:42.192 [Forwarding isElementDisplayed on session b4c44b8ab3ec34df82fcca1e22294ffd to remote] DEBUG org.asynchttpclient.netty.request.NettyRequestSender - Using open Channel [id: 0xa10b78a6, L:/127.0.0.1:61155 - R:localhost/127.0.0.1:39165] for POST '/session/b4c44b8ab3ec34df82fcca1e22294ffd/execute/sync'
11:35:42.241 [AsyncHttpClient-1-2] DEBUG org.asynchttpclient.netty.handler.HttpHandler - 

Request DefaultHttpRequest(decodeResult: success, version: HTTP/1.1)
POST /session/b4c44b8ab3ec34df82fcca1e22294ffd/execute/sync HTTP/1.1
User-Agent: selenium/4.8.0 (java windows)
Content-Length: 48814
Content-Type: application/json; charset=utf-8
host: localhost:39165
accept: */*

Response DefaultHttpResponse(decodeResult: success, version: HTTP/1.1)
HTTP/1.1 200 OK
Content-Length: 14
Content-Type: application/json; charset=utf-8
cache-control: no-cache

11:35:42.242 [AsyncHttpClient-1-2] DEBUG org.asynchttpclient.netty.channel.ChannelManager - Adding key: http://localhost:39165 for channel [id: 0xa10b78a6, L:/127.0.0.1:61155 - R:localhost/127.0.0.1:39165]
11:35:42.249 [Forwarding isElementDisplayed on session b4c44b8ab3ec34df82fcca1e22294ffd to remote] DEBUG org.asynchttpclient.netty.request.NettyRequestSender - Using pooled Channel '[id: 0xa10b78a6, L:/127.0.0.1:61155 - R:localhost/127.0.0.1:39165]' for 'POST' to 'http://localhost:39165/session/b4c44b8ab3ec34df82fcca1e22294ffd/execute/sync'
11:35:42.249 [Forwarding isElementDisplayed on session b4c44b8ab3ec34df82fcca1e22294ffd to remote] DEBUG org.asynchttpclient.netty.request.NettyRequestSender - Using open Channel [id: 0xa10b78a6, L:/127.0.0.1:61155 - R:localhost/127.0.0.1:39165] for POST '/session/b4c44b8ab3ec34df82fcca1e22294ffd/execute/sync'
11:35:42.269 [AsyncHttpClient-1-2] DEBUG org.asynchttpclient.netty.handler.HttpHandler - 

Request DefaultHttpRequest(decodeResult: success, version: HTTP/1.1)
POST /session/b4c44b8ab3ec34df82fcca1e22294ffd/execute/sync HTTP/1.1
User-Agent: selenium/4.8.0 (java windows)
Content-Length: 48814
Content-Type: application/json; charset=utf-8
host: localhost:39165
accept: */*

Response DefaultHttpResponse(decodeResult: success, version: HTTP/1.1)
HTTP/1.1 200 OK
Content-Length: 14
Content-Type: application/json; charset=utf-8
cache-control: no-cache

11:35:42.270 [AsyncHttpClient-1-2] DEBUG org.asynchttpclient.netty.channel.ChannelManager - Adding key: http://localhost:39165 for channel [id: 0xa10b78a6, L:/127.0.0.1:61155 - R:localhost/127.0.0.1:39165]
11:35:42.275 [Forwarding isElementDisplayed on session b4c44b8ab3ec34df82fcca1e22294ffd to remote] DEBUG org.asynchttpclient.netty.request.NettyRequestSender - Using pooled Channel '[id: 0xa10b78a6, L:/127.0.0.1:61155 - R:localhost/127.0.0.1:39165]' for 'POST' to 'http://localhost:39165/session/b4c44b8ab3ec34df82fcca1e22294ffd/execute/sync'
11:35:42.276 [Forwarding isElementDisplayed on session b4c44b8ab3ec34df82fcca1e22294ffd to remote] DEBUG org.asynchttpclient.netty.request.NettyRequestSender - Using open Channel [id: 0xa10b78a6, L:/127.0.0.1:61155 - R:localhost/127.0.0.1:39165] for POST '/session/b4c44b8ab3ec34df82fcca1e22294ffd/execute/sync'
11:35:42.306 [AsyncHttpClient-1-2] DEBUG org.asynchttpclient.netty.handler.HttpHandler - 

Request DefaultHttpRequest(decodeResult: success, version: HTTP/1.1)
POST /session/b4c44b8ab3ec34df82fcca1e22294ffd/execute/sync HTTP/1.1
User-Agent: selenium/4.8.0 (java windows)
Content-Length: 48814
Content-Type: application/json; charset=utf-8
host: localhost:39165
accept: */*

Response DefaultHttpResponse(decodeResult: success, version: HTTP/1.1)
HTTP/1.1 200 OK
Content-Length: 14
Content-Type: application/json; charset=utf-8
cache-control: no-cache

11:35:42.306 [AsyncHttpClient-1-2] DEBUG org.asynchttpclient.netty.channel.ChannelManager - Adding key: http://localhost:39165 for channel [id: 0xa10b78a6, L:/127.0.0.1:61155 - R:localhost/127.0.0.1:39165]
11:35:42.316 [Forwarding getAlertText on session b4c44b8ab3ec34df82fcca1e22294ffd to remote] DEBUG org.asynchttpclient.netty.request.NettyRequestSender - Using pooled Channel '[id: 0xa10b78a6, L:/127.0.0.1:61155 - R:localhost/127.0.0.1:39165]' for 'GET' to 'http://localhost:39165/session/b4c44b8ab3ec34df82fcca1e22294ffd/alert/text'
11:35:42.316 [Forwarding getAlertText on session b4c44b8ab3ec34df82fcca1e22294ffd to remote] DEBUG org.asynchttpclient.netty.request.NettyRequestSender - Using open Channel [id: 0xa10b78a6, L:/127.0.0.1:61155 - R:localhost/127.0.0.1:39165] for GET '/session/b4c44b8ab3ec34df82fcca1e22294ffd/alert/text'
11:35:42.330 [AsyncHttpClient-1-2] DEBUG org.asynchttpclient.netty.handler.HttpHandler - 

Request DefaultFullHttpRequest(decodeResult: success, version: HTTP/1.1, content: EmptyByteBufBE)
GET /session/b4c44b8ab3ec34df82fcca1e22294ffd/alert/text HTTP/1.1
User-Agent: selenium/4.8.0 (java windows)
Cache-Control: no-cache
Content-Type: application/json; charset=utf-8
host: localhost:39165
accept: */*

Response DefaultHttpResponse(decodeResult: success, version: HTTP/1.1)
HTTP/1.1 404 Not Found
Content-Length: 1522
Content-Type: application/json; charset=utf-8
cache-control: no-cache

11:35:42.330 [AsyncHttpClient-1-2] DEBUG org.asynchttpclient.netty.channel.ChannelManager - Adding key: http://localhost:39165 for channel [id: 0xa10b78a6, L:/127.0.0.1:61155 - R:localhost/127.0.0.1:39165]
11:35:42.331 [Forwarding getCurrentUrl on session b4c44b8ab3ec34df82fcca1e22294ffd to remote] DEBUG org.asynchttpclient.netty.request.NettyRequestSender - Using pooled Channel '[id: 0xa10b78a6, L:/127.0.0.1:61155 - R:localhost/127.0.0.1:39165]' for 'GET' to 'http://localhost:39165/session/b4c44b8ab3ec34df82fcca1e22294ffd/url'
11:35:42.331 [Forwarding getCurrentUrl on session b4c44b8ab3ec34df82fcca1e22294ffd to remote] DEBUG org.asynchttpclient.netty.request.NettyRequestSender - Using open Channel [id: 0xa10b78a6, L:/127.0.0.1:61155 - R:localhost/127.0.0.1:39165] for GET '/session/b4c44b8ab3ec34df82fcca1e22294ffd/url'
11:35:42.343 [AsyncHttpClient-1-1] DEBUG org.asynchttpclient.netty.channel.DefaultChannelPool - Entry count for : http://localhost:61159 : 1
11:35:42.355 [AsyncHttpClient-1-2] DEBUG org.asynchttpclient.netty.handler.HttpHandler - 

Request DefaultFullHttpRequest(decodeResult: success, version: HTTP/1.1, content: EmptyByteBufBE)
GET /session/b4c44b8ab3ec34df82fcca1e22294ffd/url HTTP/1.1
User-Agent: selenium/4.8.0 (java windows)
Cache-Control: no-cache
Content-Type: application/json; charset=utf-8
host: localhost:39165
accept: */*

Response DefaultHttpResponse(decodeResult: success, version: HTTP/1.1)
HTTP/1.1 200 OK
Content-Length: 38
Content-Type: application/json; charset=utf-8
cache-control: no-cache

11:35:42.355 [AsyncHttpClient-1-2] DEBUG org.asynchttpclient.netty.channel.ChannelManager - Adding key: http://localhost:39165 for channel [id: 0xa10b78a6, L:/127.0.0.1:61155 - R:localhost/127.0.0.1:39165]
11:35:42.357 [Forwarding screenshot on session b4c44b8ab3ec34df82fcca1e22294ffd to remote] DEBUG org.asynchttpclient.netty.request.NettyRequestSender - Using pooled Channel '[id: 0xa10b78a6, L:/127.0.0.1:61155 - R:localhost/127.0.0.1:39165]' for 'GET' to 'http://localhost:39165/session/b4c44b8ab3ec34df82fcca1e22294ffd/screenshot'
11:35:42.357 [Forwarding screenshot on session b4c44b8ab3ec34df82fcca1e22294ffd to remote] DEBUG org.asynchttpclient.netty.request.NettyRequestSender - Using open Channel [id: 0xa10b78a6, L:/127.0.0.1:61155 - R:localhost/127.0.0.1:39165] for GET '/session/b4c44b8ab3ec34df82fcca1e22294ffd/screenshot'
11:35:42.571 [AsyncHttpClient-1-2] DEBUG org.asynchttpclient.netty.handler.HttpHandler - 

Request DefaultFullHttpRequest(decodeResult: success, version: HTTP/1.1, content: EmptyByteBufBE)
GET /session/b4c44b8ab3ec34df82fcca1e22294ffd/screenshot HTTP/1.1
User-Agent: selenium/4.8.0 (java windows)
Cache-Control: no-cache
Content-Type: application/json; charset=utf-8
host: localhost:39165
accept: */*

Response DefaultHttpResponse(decodeResult: success, version: HTTP/1.1)
HTTP/1.1 200 OK
Content-Length: 56888
Content-Type: application/json; charset=utf-8
cache-control: no-cache

11:35:42.572 [AsyncHttpClient-1-2] DEBUG org.asynchttpclient.netty.channel.ChannelManager - Adding key: http://localhost:39165 for channel [id: 0xa10b78a6, L:/127.0.0.1:61155 - R:localhost/127.0.0.1:39165]
11:35:42.578 [main] DEBUG net.serenitybdd.core.photography.Darkroom - Send negative for processing for target\site\serenity\9e064797e028a3807699613c333f7a315a08d2c82b6ed50ea0e2ad01a26ca09b.png
11:35:42.583 [Forwarding findElement on session b4c44b8ab3ec34df82fcca1e22294ffd to remote] DEBUG org.asynchttpclient.netty.request.NettyRequestSender - Using pooled Channel '[id: 0xa10b78a6, L:/127.0.0.1:61155 - R:localhost/127.0.0.1:39165]' for 'POST' to 'http://localhost:39165/session/b4c44b8ab3ec34df82fcca1e22294ffd/element'
11:35:42.583 [Forwarding findElement on session b4c44b8ab3ec34df82fcca1e22294ffd to remote] DEBUG org.asynchttpclient.netty.request.NettyRequestSender - Using open Channel [id: 0xa10b78a6, L:/127.0.0.1:61155 - R:localhost/127.0.0.1:39165] for POST '/session/b4c44b8ab3ec34df82fcca1e22294ffd/element'
11:35:42.600 [AsyncHttpClient-1-2] DEBUG org.asynchttpclient.netty.handler.HttpHandler - 

Request DefaultHttpRequest(decodeResult: success, version: HTTP/1.1)
POST /session/b4c44b8ab3ec34df82fcca1e22294ffd/element HTTP/1.1
User-Agent: selenium/4.8.0 (java windows)
Content-Length: 77
Content-Type: application/json; charset=utf-8
host: localhost:39165
accept: */*

Response DefaultHttpResponse(decodeResult: success, version: HTTP/1.1)
HTTP/1.1 200 OK
Content-Length: 95
Content-Type: application/json; charset=utf-8
cache-control: no-cache

11:35:42.600 [AsyncHttpClient-1-2] DEBUG org.asynchttpclient.netty.channel.ChannelManager - Adding key: http://localhost:39165 for channel [id: 0xa10b78a6, L:/127.0.0.1:61155 - R:localhost/127.0.0.1:39165]
11:35:42.606 [Forwarding isElementDisplayed on session b4c44b8ab3ec34df82fcca1e22294ffd to remote] DEBUG org.asynchttpclient.netty.request.NettyRequestSender - Using pooled Channel '[id: 0xa10b78a6, L:/127.0.0.1:61155 - R:localhost/127.0.0.1:39165]' for 'POST' to 'http://localhost:39165/session/b4c44b8ab3ec34df82fcca1e22294ffd/execute/sync'
11:35:42.607 [Forwarding isElementDisplayed on session b4c44b8ab3ec34df82fcca1e22294ffd to remote] DEBUG org.asynchttpclient.netty.request.NettyRequestSender - Using open Channel [id: 0xa10b78a6, L:/127.0.0.1:61155 - R:localhost/127.0.0.1:39165] for POST '/session/b4c44b8ab3ec34df82fcca1e22294ffd/execute/sync'
11:35:42.635 [AsyncHttpClient-1-2] DEBUG org.asynchttpclient.netty.handler.HttpHandler - 

Request DefaultHttpRequest(decodeResult: success, version: HTTP/1.1)
POST /session/b4c44b8ab3ec34df82fcca1e22294ffd/execute/sync HTTP/1.1
User-Agent: selenium/4.8.0 (java windows)
Content-Length: 48814
Content-Type: application/json; charset=utf-8
host: localhost:39165
accept: */*

Response DefaultHttpResponse(decodeResult: success, version: HTTP/1.1)
HTTP/1.1 200 OK
Content-Length: 14
Content-Type: application/json; charset=utf-8
cache-control: no-cache

11:35:42.635 [AsyncHttpClient-1-2] DEBUG org.asynchttpclient.netty.channel.ChannelManager - Adding key: http://localhost:39165 for channel [id: 0xa10b78a6, L:/127.0.0.1:61155 - R:localhost/127.0.0.1:39165]
11:35:42.637 [Forwarding getElementText on session b4c44b8ab3ec34df82fcca1e22294ffd to remote] DEBUG org.asynchttpclient.netty.request.NettyRequestSender - Using pooled Channel '[id: 0xa10b78a6, L:/127.0.0.1:61155 - R:localhost/127.0.0.1:39165]' for 'GET' to 'http://localhost:39165/session/b4c44b8ab3ec34df82fcca1e22294ffd/element/D6FCA329F55A989BAF0E516CCCB7C1E0_element_17/text'
11:35:42.637 [Forwarding getElementText on session b4c44b8ab3ec34df82fcca1e22294ffd to remote] DEBUG org.asynchttpclient.netty.request.NettyRequestSender - Using open Channel [id: 0xa10b78a6, L:/127.0.0.1:61155 - R:localhost/127.0.0.1:39165] for GET '/session/b4c44b8ab3ec34df82fcca1e22294ffd/element/D6FCA329F55A989BAF0E516CCCB7C1E0_element_17/text'
11:35:42.649 [AsyncHttpClient-1-2] DEBUG org.asynchttpclient.netty.handler.HttpHandler - 

Request DefaultFullHttpRequest(decodeResult: success, version: HTTP/1.1, content: EmptyByteBufBE)
GET /session/b4c44b8ab3ec34df82fcca1e22294ffd/element/D6FCA329F55A989BAF0E516CCCB7C1E0_element_17/text HTTP/1.1
User-Agent: selenium/4.8.0 (java windows)
Cache-Control: no-cache
Content-Type: application/json; charset=utf-8
host: localhost:39165
accept: */*

Response DefaultHttpResponse(decodeResult: success, version: HTTP/1.1)
HTTP/1.1 200 OK
Content-Length: 106
Content-Type: application/json; charset=utf-8
cache-control: no-cache

11:35:42.650 [AsyncHttpClient-1-2] DEBUG org.asynchttpclient.netty.channel.ChannelManager - Adding key: http://localhost:39165 for channel [id: 0xa10b78a6, L:/127.0.0.1:61155 - R:localhost/127.0.0.1:39165]
11:35:42.650 [main] INFO  com.swaglabs.base.SetUp - Accepted usernames are:validated
11:35:42.650 [main] INFO  com.swaglabs.base.SetUp - standard_uservalidated
11:35:42.650 [main] INFO  com.swaglabs.base.SetUp - locked_out_uservalidated
11:35:42.650 [main] INFO  com.swaglabs.base.SetUp - problem_uservalidated
11:35:42.651 [main] INFO  com.swaglabs.base.SetUp - performance_glitch_uservalidated
11:35:42.657 [Forwarding findElement on session b4c44b8ab3ec34df82fcca1e22294ffd to remote] DEBUG org.asynchttpclient.netty.request.NettyRequestSender - Using pooled Channel '[id: 0xa10b78a6, L:/127.0.0.1:61155 - R:localhost/127.0.0.1:39165]' for 'POST' to 'http://localhost:39165/session/b4c44b8ab3ec34df82fcca1e22294ffd/element'
11:35:42.657 [Forwarding findElement on session b4c44b8ab3ec34df82fcca1e22294ffd to remote] DEBUG org.asynchttpclient.netty.request.NettyRequestSender - Using open Channel [id: 0xa10b78a6, L:/127.0.0.1:61155 - R:localhost/127.0.0.1:39165] for POST '/session/b4c44b8ab3ec34df82fcca1e22294ffd/element'
11:35:42.674 [AsyncHttpClient-1-2] DEBUG org.asynchttpclient.netty.handler.HttpHandler - 

Request DefaultHttpRequest(decodeResult: success, version: HTTP/1.1)
POST /session/b4c44b8ab3ec34df82fcca1e22294ffd/element HTTP/1.1
User-Agent: selenium/4.8.0 (java windows)
Content-Length: 77
Content-Type: application/json; charset=utf-8
host: localhost:39165
accept: */*

Response DefaultHttpResponse(decodeResult: success, version: HTTP/1.1)
HTTP/1.1 200 OK
Content-Length: 95
Content-Type: application/json; charset=utf-8
cache-control: no-cache

11:35:42.674 [AsyncHttpClient-1-2] DEBUG org.asynchttpclient.netty.channel.ChannelManager - Adding key: http://localhost:39165 for channel [id: 0xa10b78a6, L:/127.0.0.1:61155 - R:localhost/127.0.0.1:39165]
11:35:42.679 [Forwarding isElementDisplayed on session b4c44b8ab3ec34df82fcca1e22294ffd to remote] DEBUG org.asynchttpclient.netty.request.NettyRequestSender - Using pooled Channel '[id: 0xa10b78a6, L:/127.0.0.1:61155 - R:localhost/127.0.0.1:39165]' for 'POST' to 'http://localhost:39165/session/b4c44b8ab3ec34df82fcca1e22294ffd/execute/sync'
11:35:42.679 [Forwarding isElementDisplayed on session b4c44b8ab3ec34df82fcca1e22294ffd to remote] DEBUG org.asynchttpclient.netty.request.NettyRequestSender - Using open Channel [id: 0xa10b78a6, L:/127.0.0.1:61155 - R:localhost/127.0.0.1:39165] for POST '/session/b4c44b8ab3ec34df82fcca1e22294ffd/execute/sync'
11:35:42.698 [AsyncHttpClient-1-2] DEBUG org.asynchttpclient.netty.handler.HttpHandler - 

Request DefaultHttpRequest(decodeResult: success, version: HTTP/1.1)
POST /session/b4c44b8ab3ec34df82fcca1e22294ffd/execute/sync HTTP/1.1
User-Agent: selenium/4.8.0 (java windows)
Content-Length: 48814
Content-Type: application/json; charset=utf-8
host: localhost:39165
accept: */*

Response DefaultHttpResponse(decodeResult: success, version: HTTP/1.1)
HTTP/1.1 200 OK
Content-Length: 14
Content-Type: application/json; charset=utf-8
cache-control: no-cache

11:35:42.698 [AsyncHttpClient-1-2] DEBUG org.asynchttpclient.netty.channel.ChannelManager - Adding key: http://localhost:39165 for channel [id: 0xa10b78a6, L:/127.0.0.1:61155 - R:localhost/127.0.0.1:39165]
11:35:42.699 [Forwarding getElementText on session b4c44b8ab3ec34df82fcca1e22294ffd to remote] DEBUG org.asynchttpclient.netty.request.NettyRequestSender - Using pooled Channel '[id: 0xa10b78a6, L:/127.0.0.1:61155 - R:localhost/127.0.0.1:39165]' for 'GET' to 'http://localhost:39165/session/b4c44b8ab3ec34df82fcca1e22294ffd/element/D6FCA329F55A989BAF0E516CCCB7C1E0_element_10/text'
11:35:42.699 [Forwarding getElementText on session b4c44b8ab3ec34df82fcca1e22294ffd to remote] DEBUG org.asynchttpclient.netty.request.NettyRequestSender - Using open Channel [id: 0xa10b78a6, L:/127.0.0.1:61155 - R:localhost/127.0.0.1:39165] for GET '/session/b4c44b8ab3ec34df82fcca1e22294ffd/element/D6FCA329F55A989BAF0E516CCCB7C1E0_element_10/text'
11:35:42.714 [AsyncHttpClient-1-2] DEBUG org.asynchttpclient.netty.handler.HttpHandler - 

Request DefaultFullHttpRequest(decodeResult: success, version: HTTP/1.1, content: EmptyByteBufBE)
GET /session/b4c44b8ab3ec34df82fcca1e22294ffd/element/D6FCA329F55A989BAF0E516CCCB7C1E0_element_10/text HTTP/1.1
User-Agent: selenium/4.8.0 (java windows)
Cache-Control: no-cache
Content-Type: application/json; charset=utf-8
host: localhost:39165
accept: */*

Response DefaultHttpResponse(decodeResult: success, version: HTTP/1.1)
HTTP/1.1 200 OK
Content-Length: 49
Content-Type: application/json; charset=utf-8
cache-control: no-cache

11:35:42.714 [AsyncHttpClient-1-2] DEBUG org.asynchttpclient.netty.channel.ChannelManager - Adding key: http://localhost:39165 for channel [id: 0xa10b78a6, L:/127.0.0.1:61155 - R:localhost/127.0.0.1:39165]
11:35:42.715 [main] INFO  com.swaglabs.base.SetUp - Password for all users:validated
11:35:42.715 [main] INFO  com.swaglabs.base.SetUp - secret_saucevalidated
11:35:42.723 [Forwarding getAlertText on session b4c44b8ab3ec34df82fcca1e22294ffd to remote] DEBUG org.asynchttpclient.netty.request.NettyRequestSender - Using pooled Channel '[id: 0xa10b78a6, L:/127.0.0.1:61155 - R:localhost/127.0.0.1:39165]' for 'GET' to 'http://localhost:39165/session/b4c44b8ab3ec34df82fcca1e22294ffd/alert/text'
11:35:42.723 [Forwarding getAlertText on session b4c44b8ab3ec34df82fcca1e22294ffd to remote] DEBUG org.asynchttpclient.netty.request.NettyRequestSender - Using open Channel [id: 0xa10b78a6, L:/127.0.0.1:61155 - R:localhost/127.0.0.1:39165] for GET '/session/b4c44b8ab3ec34df82fcca1e22294ffd/alert/text'
11:35:42.725 [AsyncHttpClient-1-2] DEBUG org.asynchttpclient.netty.handler.HttpHandler - 

Request DefaultFullHttpRequest(decodeResult: success, version: HTTP/1.1, content: EmptyByteBufBE)
GET /session/b4c44b8ab3ec34df82fcca1e22294ffd/alert/text HTTP/1.1
User-Agent: selenium/4.8.0 (java windows)
Cache-Control: no-cache
Content-Type: application/json; charset=utf-8
host: localhost:39165
accept: */*

Response DefaultHttpResponse(decodeResult: success, version: HTTP/1.1)
HTTP/1.1 404 Not Found
Content-Length: 1522
Content-Type: application/json; charset=utf-8
cache-control: no-cache

11:35:42.726 [AsyncHttpClient-1-2] DEBUG org.asynchttpclient.netty.channel.ChannelManager - Adding key: http://localhost:39165 for channel [id: 0xa10b78a6, L:/127.0.0.1:61155 - R:localhost/127.0.0.1:39165]
11:35:42.728 [Forwarding getCurrentUrl on session b4c44b8ab3ec34df82fcca1e22294ffd to remote] DEBUG org.asynchttpclient.netty.request.NettyRequestSender - Using pooled Channel '[id: 0xa10b78a6, L:/127.0.0.1:61155 - R:localhost/127.0.0.1:39165]' for 'GET' to 'http://localhost:39165/session/b4c44b8ab3ec34df82fcca1e22294ffd/url'
11:35:42.728 [Forwarding getCurrentUrl on session b4c44b8ab3ec34df82fcca1e22294ffd to remote] DEBUG org.asynchttpclient.netty.request.NettyRequestSender - Using open Channel [id: 0xa10b78a6, L:/127.0.0.1:61155 - R:localhost/127.0.0.1:39165] for GET '/session/b4c44b8ab3ec34df82fcca1e22294ffd/url'
11:35:42.735 [AsyncHttpClient-1-2] DEBUG org.asynchttpclient.netty.handler.HttpHandler - 

Request DefaultFullHttpRequest(decodeResult: success, version: HTTP/1.1, content: EmptyByteBufBE)
GET /session/b4c44b8ab3ec34df82fcca1e22294ffd/url HTTP/1.1
User-Agent: selenium/4.8.0 (java windows)
Cache-Control: no-cache
Content-Type: application/json; charset=utf-8
host: localhost:39165
accept: */*

Response DefaultHttpResponse(decodeResult: success, version: HTTP/1.1)
HTTP/1.1 200 OK
Content-Length: 38
Content-Type: application/json; charset=utf-8
cache-control: no-cache

11:35:42.736 [AsyncHttpClient-1-2] DEBUG org.asynchttpclient.netty.channel.ChannelManager - Adding key: http://localhost:39165 for channel [id: 0xa10b78a6, L:/127.0.0.1:61155 - R:localhost/127.0.0.1:39165]
11:35:42.737 [Forwarding screenshot on session b4c44b8ab3ec34df82fcca1e22294ffd to remote] DEBUG org.asynchttpclient.netty.request.NettyRequestSender - Using pooled Channel '[id: 0xa10b78a6, L:/127.0.0.1:61155 - R:localhost/127.0.0.1:39165]' for 'GET' to 'http://localhost:39165/session/b4c44b8ab3ec34df82fcca1e22294ffd/screenshot'
11:35:42.738 [Forwarding screenshot on session b4c44b8ab3ec34df82fcca1e22294ffd to remote] DEBUG org.asynchttpclient.netty.request.NettyRequestSender - Using open Channel [id: 0xa10b78a6, L:/127.0.0.1:61155 - R:localhost/127.0.0.1:39165] for GET '/session/b4c44b8ab3ec34df82fcca1e22294ffd/screenshot'
11:35:42.901 [AsyncHttpClient-1-2] DEBUG org.asynchttpclient.netty.handler.HttpHandler - 

Request DefaultFullHttpRequest(decodeResult: success, version: HTTP/1.1, content: EmptyByteBufBE)
GET /session/b4c44b8ab3ec34df82fcca1e22294ffd/screenshot HTTP/1.1
User-Agent: selenium/4.8.0 (java windows)
Cache-Control: no-cache
Content-Type: application/json; charset=utf-8
host: localhost:39165
accept: */*

Response DefaultHttpResponse(decodeResult: success, version: HTTP/1.1)
HTTP/1.1 200 OK
Content-Length: 56888
Content-Type: application/json; charset=utf-8
cache-control: no-cache

11:35:42.902 [AsyncHttpClient-1-2] DEBUG org.asynchttpclient.netty.channel.ChannelManager - Adding key: http://localhost:39165 for channel [id: 0xa10b78a6, L:/127.0.0.1:61155 - R:localhost/127.0.0.1:39165]
11:35:42.905 [main] DEBUG net.serenitybdd.core.photography.Darkroom - Send negative for processing for target\site\serenity\9e064797e028a3807699613c333f7a315a08d2c82b6ed50ea0e2ad01a26ca09b.png
11:35:42.906 [main] DEBUG net.thucydides.core.steps.StepInterceptor - STEP DONE: test2_ValidateUserinterfaceHeadersAndFooters
11:35:42.914 [Forwarding getPageSource on session b4c44b8ab3ec34df82fcca1e22294ffd to remote] DEBUG org.asynchttpclient.netty.request.NettyRequestSender - Using pooled Channel '[id: 0xa10b78a6, L:/127.0.0.1:61155 - R:localhost/127.0.0.1:39165]' for 'POST' to 'http://localhost:39165/session/b4c44b8ab3ec34df82fcca1e22294ffd/execute/sync'
11:35:42.914 [Forwarding getPageSource on session b4c44b8ab3ec34df82fcca1e22294ffd to remote] DEBUG org.asynchttpclient.netty.request.NettyRequestSender - Using open Channel [id: 0xa10b78a6, L:/127.0.0.1:61155 - R:localhost/127.0.0.1:39165] for POST '/session/b4c44b8ab3ec34df82fcca1e22294ffd/execute/sync'
11:35:42.921 [AsyncHttpClient-1-2] DEBUG org.asynchttpclient.netty.handler.HttpHandler - 

Request DefaultHttpRequest(decodeResult: success, version: HTTP/1.1)
POST /session/b4c44b8ab3ec34df82fcca1e22294ffd/execute/sync HTTP/1.1
User-Agent: selenium/4.8.0 (java windows)
Content-Length: 176
Content-Type: application/json; charset=utf-8
host: localhost:39165
accept: */*

Response DefaultHttpResponse(decodeResult: success, version: HTTP/1.1)
HTTP/1.1 200 OK
Content-Length: 4333
Content-Type: application/json; charset=utf-8
cache-control: no-cache

11:35:42.922 [AsyncHttpClient-1-2] DEBUG org.asynchttpclient.netty.channel.ChannelManager - Adding key: http://localhost:39165 for channel [id: 0xa10b78a6, L:/127.0.0.1:61155 - R:localhost/127.0.0.1:39165]
11:35:42.930 [Forwarding getCurrentUrl on session b4c44b8ab3ec34df82fcca1e22294ffd to remote] DEBUG org.asynchttpclient.netty.request.NettyRequestSender - Using pooled Channel '[id: 0xa10b78a6, L:/127.0.0.1:61155 - R:localhost/127.0.0.1:39165]' for 'GET' to 'http://localhost:39165/session/b4c44b8ab3ec34df82fcca1e22294ffd/url'
11:35:42.931 [Forwarding getCurrentUrl on session b4c44b8ab3ec34df82fcca1e22294ffd to remote] DEBUG org.asynchttpclient.netty.request.NettyRequestSender - Using open Channel [id: 0xa10b78a6, L:/127.0.0.1:61155 - R:localhost/127.0.0.1:39165] for GET '/session/b4c44b8ab3ec34df82fcca1e22294ffd/url'
11:35:42.947 [AsyncHttpClient-1-2] DEBUG org.asynchttpclient.netty.handler.HttpHandler - 

Request DefaultFullHttpRequest(decodeResult: success, version: HTTP/1.1, content: EmptyByteBufBE)
GET /session/b4c44b8ab3ec34df82fcca1e22294ffd/url HTTP/1.1
User-Agent: selenium/4.8.0 (java windows)
Cache-Control: no-cache
Content-Type: application/json; charset=utf-8
host: localhost:39165
accept: */*

Response DefaultHttpResponse(decodeResult: success, version: HTTP/1.1)
HTTP/1.1 200 OK
Content-Length: 38
Content-Type: application/json; charset=utf-8
cache-control: no-cache

11:35:42.948 [AsyncHttpClient-1-2] DEBUG org.asynchttpclient.netty.channel.ChannelManager - Adding key: http://localhost:39165 for channel [id: 0xa10b78a6, L:/127.0.0.1:61155 - R:localhost/127.0.0.1:39165]
11:35:42.962 [main] DEBUG net.thucydides.core.steps.StepInterceptor - STARTING STEP: Tests.testCases - login with user {0}
11:35:42.975 [Forwarding getAlertText on session b4c44b8ab3ec34df82fcca1e22294ffd to remote] DEBUG org.asynchttpclient.netty.request.NettyRequestSender - Using pooled Channel '[id: 0xa10b78a6, L:/127.0.0.1:61155 - R:localhost/127.0.0.1:39165]' for 'GET' to 'http://localhost:39165/session/b4c44b8ab3ec34df82fcca1e22294ffd/alert/text'
11:35:42.975 [Forwarding getAlertText on session b4c44b8ab3ec34df82fcca1e22294ffd to remote] DEBUG org.asynchttpclient.netty.request.NettyRequestSender - Using open Channel [id: 0xa10b78a6, L:/127.0.0.1:61155 - R:localhost/127.0.0.1:39165] for GET '/session/b4c44b8ab3ec34df82fcca1e22294ffd/alert/text'
11:35:42.979 [AsyncHttpClient-1-2] DEBUG org.asynchttpclient.netty.handler.HttpHandler - 

Request DefaultFullHttpRequest(decodeResult: success, version: HTTP/1.1, content: EmptyByteBufBE)
GET /session/b4c44b8ab3ec34df82fcca1e22294ffd/alert/text HTTP/1.1
User-Agent: selenium/4.8.0 (java windows)
Cache-Control: no-cache
Content-Type: application/json; charset=utf-8
host: localhost:39165
accept: */*

Response DefaultHttpResponse(decodeResult: success, version: HTTP/1.1)
HTTP/1.1 404 Not Found
Content-Length: 1522
Content-Type: application/json; charset=utf-8
cache-control: no-cache

11:35:42.979 [AsyncHttpClient-1-2] DEBUG org.asynchttpclient.netty.channel.ChannelManager - Adding key: http://localhost:39165 for channel [id: 0xa10b78a6, L:/127.0.0.1:61155 - R:localhost/127.0.0.1:39165]
11:35:42.982 [Forwarding getCurrentUrl on session b4c44b8ab3ec34df82fcca1e22294ffd to remote] DEBUG org.asynchttpclient.netty.request.NettyRequestSender - Using pooled Channel '[id: 0xa10b78a6, L:/127.0.0.1:61155 - R:localhost/127.0.0.1:39165]' for 'GET' to 'http://localhost:39165/session/b4c44b8ab3ec34df82fcca1e22294ffd/url'
11:35:42.982 [Forwarding getCurrentUrl on session b4c44b8ab3ec34df82fcca1e22294ffd to remote] DEBUG org.asynchttpclient.netty.request.NettyRequestSender - Using open Channel [id: 0xa10b78a6, L:/127.0.0.1:61155 - R:localhost/127.0.0.1:39165] for GET '/session/b4c44b8ab3ec34df82fcca1e22294ffd/url'
11:35:42.996 [AsyncHttpClient-1-2] DEBUG org.asynchttpclient.netty.handler.HttpHandler - 

Request DefaultFullHttpRequest(decodeResult: success, version: HTTP/1.1, content: EmptyByteBufBE)
GET /session/b4c44b8ab3ec34df82fcca1e22294ffd/url HTTP/1.1
User-Agent: selenium/4.8.0 (java windows)
Cache-Control: no-cache
Content-Type: application/json; charset=utf-8
host: localhost:39165
accept: */*

Response DefaultHttpResponse(decodeResult: success, version: HTTP/1.1)
HTTP/1.1 200 OK
Content-Length: 38
Content-Type: application/json; charset=utf-8
cache-control: no-cache

11:35:42.996 [AsyncHttpClient-1-2] DEBUG org.asynchttpclient.netty.channel.ChannelManager - Adding key: http://localhost:39165 for channel [id: 0xa10b78a6, L:/127.0.0.1:61155 - R:localhost/127.0.0.1:39165]
11:35:43.001 [Forwarding screenshot on session b4c44b8ab3ec34df82fcca1e22294ffd to remote] DEBUG org.asynchttpclient.netty.request.NettyRequestSender - Using pooled Channel '[id: 0xa10b78a6, L:/127.0.0.1:61155 - R:localhost/127.0.0.1:39165]' for 'GET' to 'http://localhost:39165/session/b4c44b8ab3ec34df82fcca1e22294ffd/screenshot'
11:35:43.001 [Forwarding screenshot on session b4c44b8ab3ec34df82fcca1e22294ffd to remote] DEBUG org.asynchttpclient.netty.request.NettyRequestSender - Using open Channel [id: 0xa10b78a6, L:/127.0.0.1:61155 - R:localhost/127.0.0.1:39165] for GET '/session/b4c44b8ab3ec34df82fcca1e22294ffd/screenshot'
11:35:43.317 [AsyncHttpClient-1-2] DEBUG org.asynchttpclient.netty.handler.HttpHandler - 

Request DefaultFullHttpRequest(decodeResult: success, version: HTTP/1.1, content: EmptyByteBufBE)
GET /session/b4c44b8ab3ec34df82fcca1e22294ffd/screenshot HTTP/1.1
User-Agent: selenium/4.8.0 (java windows)
Cache-Control: no-cache
Content-Type: application/json; charset=utf-8
host: localhost:39165
accept: */*

Response DefaultHttpResponse(decodeResult: success, version: HTTP/1.1)
HTTP/1.1 200 OK
Content-Length: 56888
Content-Type: application/json; charset=utf-8
cache-control: no-cache

11:35:43.318 [AsyncHttpClient-1-2] DEBUG org.asynchttpclient.netty.channel.ChannelManager - Adding key: http://localhost:39165 for channel [id: 0xa10b78a6, L:/127.0.0.1:61155 - R:localhost/127.0.0.1:39165]
11:35:43.324 [main] DEBUG net.serenitybdd.core.photography.Darkroom - Send negative for processing for target\site\serenity\9e064797e028a3807699613c333f7a315a08d2c82b6ed50ea0e2ad01a26ca09b.png
11:35:43.326 [Forwarding getPageSource on session b4c44b8ab3ec34df82fcca1e22294ffd to remote] DEBUG org.asynchttpclient.netty.request.NettyRequestSender - Using pooled Channel '[id: 0xa10b78a6, L:/127.0.0.1:61155 - R:localhost/127.0.0.1:39165]' for 'POST' to 'http://localhost:39165/session/b4c44b8ab3ec34df82fcca1e22294ffd/execute/sync'
11:35:43.326 [Forwarding getPageSource on session b4c44b8ab3ec34df82fcca1e22294ffd to remote] DEBUG org.asynchttpclient.netty.request.NettyRequestSender - Using open Channel [id: 0xa10b78a6, L:/127.0.0.1:61155 - R:localhost/127.0.0.1:39165] for POST '/session/b4c44b8ab3ec34df82fcca1e22294ffd/execute/sync'
11:35:43.351 [AsyncHttpClient-1-2] DEBUG org.asynchttpclient.netty.handler.HttpHandler - 

Request DefaultHttpRequest(decodeResult: success, version: HTTP/1.1)
POST /session/b4c44b8ab3ec34df82fcca1e22294ffd/execute/sync HTTP/1.1
User-Agent: selenium/4.8.0 (java windows)
Content-Length: 176
Content-Type: application/json; charset=utf-8
host: localhost:39165
accept: */*

Response DefaultHttpResponse(decodeResult: success, version: HTTP/1.1)
HTTP/1.1 200 OK
Content-Length: 4333
Content-Type: application/json; charset=utf-8
cache-control: no-cache

11:35:43.351 [AsyncHttpClient-1-2] DEBUG org.asynchttpclient.netty.channel.ChannelManager - Adding key: http://localhost:39165 for channel [id: 0xa10b78a6, L:/127.0.0.1:61155 - R:localhost/127.0.0.1:39165]
11:35:43.357 [Forwarding getCurrentUrl on session b4c44b8ab3ec34df82fcca1e22294ffd to remote] DEBUG org.asynchttpclient.netty.request.NettyRequestSender - Using pooled Channel '[id: 0xa10b78a6, L:/127.0.0.1:61155 - R:localhost/127.0.0.1:39165]' for 'GET' to 'http://localhost:39165/session/b4c44b8ab3ec34df82fcca1e22294ffd/url'
11:35:43.357 [Forwarding getCurrentUrl on session b4c44b8ab3ec34df82fcca1e22294ffd to remote] DEBUG org.asynchttpclient.netty.request.NettyRequestSender - Using open Channel [id: 0xa10b78a6, L:/127.0.0.1:61155 - R:localhost/127.0.0.1:39165] for GET '/session/b4c44b8ab3ec34df82fcca1e22294ffd/url'
11:35:43.377 [AsyncHttpClient-1-2] DEBUG org.asynchttpclient.netty.handler.HttpHandler - 

Request DefaultFullHttpRequest(decodeResult: success, version: HTTP/1.1, content: EmptyByteBufBE)
GET /session/b4c44b8ab3ec34df82fcca1e22294ffd/url HTTP/1.1
User-Agent: selenium/4.8.0 (java windows)
Cache-Control: no-cache
Content-Type: application/json; charset=utf-8
host: localhost:39165
accept: */*

Response DefaultHttpResponse(decodeResult: success, version: HTTP/1.1)
HTTP/1.1 200 OK
Content-Length: 38
Content-Type: application/json; charset=utf-8
cache-control: no-cache

11:35:43.377 [AsyncHttpClient-1-2] DEBUG org.asynchttpclient.netty.channel.ChannelManager - Adding key: http://localhost:39165 for channel [id: 0xa10b78a6, L:/127.0.0.1:61155 - R:localhost/127.0.0.1:39165]
11:35:43.386 [main] DEBUG net.thucydides.core.steps.StepInterceptor - STARTING STEP: LoginPageSteps.test3_loginWithAllUser - validate password footers
11:35:43.394 [Forwarding findElement on session b4c44b8ab3ec34df82fcca1e22294ffd to remote] DEBUG org.asynchttpclient.netty.request.NettyRequestSender - Using pooled Channel '[id: 0xa10b78a6, L:/127.0.0.1:61155 - R:localhost/127.0.0.1:39165]' for 'POST' to 'http://localhost:39165/session/b4c44b8ab3ec34df82fcca1e22294ffd/element'
11:35:43.395 [Forwarding findElement on session b4c44b8ab3ec34df82fcca1e22294ffd to remote] DEBUG org.asynchttpclient.netty.request.NettyRequestSender - Using open Channel [id: 0xa10b78a6, L:/127.0.0.1:61155 - R:localhost/127.0.0.1:39165] for POST '/session/b4c44b8ab3ec34df82fcca1e22294ffd/element'
11:35:43.411 [AsyncHttpClient-1-2] DEBUG org.asynchttpclient.netty.handler.HttpHandler - 

Request DefaultHttpRequest(decodeResult: success, version: HTTP/1.1)
POST /session/b4c44b8ab3ec34df82fcca1e22294ffd/element HTTP/1.1
User-Agent: selenium/4.8.0 (java windows)
Content-Length: 56
Content-Type: application/json; charset=utf-8
host: localhost:39165
accept: */*

Response DefaultHttpResponse(decodeResult: success, version: HTTP/1.1)
HTTP/1.1 200 OK
Content-Length: 95
Content-Type: application/json; charset=utf-8
cache-control: no-cache

11:35:43.413 [AsyncHttpClient-1-2] DEBUG org.asynchttpclient.netty.channel.ChannelManager - Adding key: http://localhost:39165 for channel [id: 0xa10b78a6, L:/127.0.0.1:61155 - R:localhost/127.0.0.1:39165]
11:35:43.420 [Forwarding isElementDisplayed on session b4c44b8ab3ec34df82fcca1e22294ffd to remote] DEBUG org.asynchttpclient.netty.request.NettyRequestSender - Using pooled Channel '[id: 0xa10b78a6, L:/127.0.0.1:61155 - R:localhost/127.0.0.1:39165]' for 'POST' to 'http://localhost:39165/session/b4c44b8ab3ec34df82fcca1e22294ffd/execute/sync'
11:35:43.420 [Forwarding isElementDisplayed on session b4c44b8ab3ec34df82fcca1e22294ffd to remote] DEBUG org.asynchttpclient.netty.request.NettyRequestSender - Using open Channel [id: 0xa10b78a6, L:/127.0.0.1:61155 - R:localhost/127.0.0.1:39165] for POST '/session/b4c44b8ab3ec34df82fcca1e22294ffd/execute/sync'
11:35:43.433 [AsyncHttpClient-1-1] DEBUG org.asynchttpclient.netty.channel.DefaultChannelPool - Entry count for : http://localhost:61159 : 1
11:35:43.451 [AsyncHttpClient-1-2] DEBUG org.asynchttpclient.netty.handler.HttpHandler - 

Request DefaultHttpRequest(decodeResult: success, version: HTTP/1.1)
POST /session/b4c44b8ab3ec34df82fcca1e22294ffd/execute/sync HTTP/1.1
User-Agent: selenium/4.8.0 (java windows)
Content-Length: 48814
Content-Type: application/json; charset=utf-8
host: localhost:39165
accept: */*

Response DefaultHttpResponse(decodeResult: success, version: HTTP/1.1)
HTTP/1.1 200 OK
Content-Length: 14
Content-Type: application/json; charset=utf-8
cache-control: no-cache

11:35:43.451 [AsyncHttpClient-1-2] DEBUG org.asynchttpclient.netty.channel.ChannelManager - Adding key: http://localhost:39165 for channel [id: 0xa10b78a6, L:/127.0.0.1:61155 - R:localhost/127.0.0.1:39165]
11:35:43.453 [Forwarding clearElement on session b4c44b8ab3ec34df82fcca1e22294ffd to remote] DEBUG org.asynchttpclient.netty.request.NettyRequestSender - Using pooled Channel '[id: 0xa10b78a6, L:/127.0.0.1:61155 - R:localhost/127.0.0.1:39165]' for 'POST' to 'http://localhost:39165/session/b4c44b8ab3ec34df82fcca1e22294ffd/element/D6FCA329F55A989BAF0E516CCCB7C1E0_element_12/clear'
11:35:43.454 [Forwarding clearElement on session b4c44b8ab3ec34df82fcca1e22294ffd to remote] DEBUG org.asynchttpclient.netty.request.NettyRequestSender - Using open Channel [id: 0xa10b78a6, L:/127.0.0.1:61155 - R:localhost/127.0.0.1:39165] for POST '/session/b4c44b8ab3ec34df82fcca1e22294ffd/element/D6FCA329F55A989BAF0E516CCCB7C1E0_element_12/clear'
11:35:43.598 [AsyncHttpClient-1-2] DEBUG org.asynchttpclient.netty.handler.HttpHandler - 

Request DefaultHttpRequest(decodeResult: success, version: HTTP/1.1)
POST /session/b4c44b8ab3ec34df82fcca1e22294ffd/element/D6FCA329F55A989BAF0E516CCCB7C1E0_element_12/clear HTTP/1.1
User-Agent: selenium/4.8.0 (java windows)
Content-Length: 57
Content-Type: application/json; charset=utf-8
host: localhost:39165
accept: */*

Response DefaultHttpResponse(decodeResult: success, version: HTTP/1.1)
HTTP/1.1 200 OK
Content-Length: 14
Content-Type: application/json; charset=utf-8
cache-control: no-cache

11:35:43.598 [AsyncHttpClient-1-2] DEBUG org.asynchttpclient.netty.channel.ChannelManager - Adding key: http://localhost:39165 for channel [id: 0xa10b78a6, L:/127.0.0.1:61155 - R:localhost/127.0.0.1:39165]
11:35:43.604 [Forwarding findElement on session b4c44b8ab3ec34df82fcca1e22294ffd to remote] DEBUG org.asynchttpclient.netty.request.NettyRequestSender - Using pooled Channel '[id: 0xa10b78a6, L:/127.0.0.1:61155 - R:localhost/127.0.0.1:39165]' for 'POST' to 'http://localhost:39165/session/b4c44b8ab3ec34df82fcca1e22294ffd/element'
11:35:43.604 [Forwarding findElement on session b4c44b8ab3ec34df82fcca1e22294ffd to remote] DEBUG org.asynchttpclient.netty.request.NettyRequestSender - Using open Channel [id: 0xa10b78a6, L:/127.0.0.1:61155 - R:localhost/127.0.0.1:39165] for POST '/session/b4c44b8ab3ec34df82fcca1e22294ffd/element'
11:35:43.624 [AsyncHttpClient-1-2] DEBUG org.asynchttpclient.netty.handler.HttpHandler - 

Request DefaultHttpRequest(decodeResult: success, version: HTTP/1.1)
POST /session/b4c44b8ab3ec34df82fcca1e22294ffd/element HTTP/1.1
User-Agent: selenium/4.8.0 (java windows)
Content-Length: 56
Content-Type: application/json; charset=utf-8
host: localhost:39165
accept: */*

Response DefaultHttpResponse(decodeResult: success, version: HTTP/1.1)
HTTP/1.1 200 OK
Content-Length: 95
Content-Type: application/json; charset=utf-8
cache-control: no-cache

11:35:43.625 [AsyncHttpClient-1-2] DEBUG org.asynchttpclient.netty.channel.ChannelManager - Adding key: http://localhost:39165 for channel [id: 0xa10b78a6, L:/127.0.0.1:61155 - R:localhost/127.0.0.1:39165]
11:35:43.633 [Forwarding isElementDisplayed on session b4c44b8ab3ec34df82fcca1e22294ffd to remote] DEBUG org.asynchttpclient.netty.request.NettyRequestSender - Using pooled Channel '[id: 0xa10b78a6, L:/127.0.0.1:61155 - R:localhost/127.0.0.1:39165]' for 'POST' to 'http://localhost:39165/session/b4c44b8ab3ec34df82fcca1e22294ffd/execute/sync'
11:35:43.633 [Forwarding isElementDisplayed on session b4c44b8ab3ec34df82fcca1e22294ffd to remote] DEBUG org.asynchttpclient.netty.request.NettyRequestSender - Using open Channel [id: 0xa10b78a6, L:/127.0.0.1:61155 - R:localhost/127.0.0.1:39165] for POST '/session/b4c44b8ab3ec34df82fcca1e22294ffd/execute/sync'
11:35:43.664 [AsyncHttpClient-1-2] DEBUG org.asynchttpclient.netty.handler.HttpHandler - 

Request DefaultHttpRequest(decodeResult: success, version: HTTP/1.1)
POST /session/b4c44b8ab3ec34df82fcca1e22294ffd/execute/sync HTTP/1.1
User-Agent: selenium/4.8.0 (java windows)
Content-Length: 48814
Content-Type: application/json; charset=utf-8
host: localhost:39165
accept: */*

Response DefaultHttpResponse(decodeResult: success, version: HTTP/1.1)
HTTP/1.1 200 OK
Content-Length: 14
Content-Type: application/json; charset=utf-8
cache-control: no-cache

11:35:43.664 [AsyncHttpClient-1-2] DEBUG org.asynchttpclient.netty.channel.ChannelManager - Adding key: http://localhost:39165 for channel [id: 0xa10b78a6, L:/127.0.0.1:61155 - R:localhost/127.0.0.1:39165]
11:35:43.669 [Forwarding sendKeysToElement on session b4c44b8ab3ec34df82fcca1e22294ffd to remote] DEBUG org.asynchttpclient.netty.request.NettyRequestSender - Using pooled Channel '[id: 0xa10b78a6, L:/127.0.0.1:61155 - R:localhost/127.0.0.1:39165]' for 'POST' to 'http://localhost:39165/session/b4c44b8ab3ec34df82fcca1e22294ffd/element/D6FCA329F55A989BAF0E516CCCB7C1E0_element_12/value'
11:35:43.669 [Forwarding sendKeysToElement on session b4c44b8ab3ec34df82fcca1e22294ffd to remote] DEBUG org.asynchttpclient.netty.request.NettyRequestSender - Using open Channel [id: 0xa10b78a6, L:/127.0.0.1:61155 - R:localhost/127.0.0.1:39165] for POST '/session/b4c44b8ab3ec34df82fcca1e22294ffd/element/D6FCA329F55A989BAF0E516CCCB7C1E0_element_12/value'
11:35:43.828 [AsyncHttpClient-1-2] DEBUG org.asynchttpclient.netty.handler.HttpHandler - 

Request DefaultHttpRequest(decodeResult: success, version: HTTP/1.1)
POST /session/b4c44b8ab3ec34df82fcca1e22294ffd/element/D6FCA329F55A989BAF0E516CCCB7C1E0_element_12/value HTTP/1.1
User-Agent: selenium/4.8.0 (java windows)
Content-Length: 218
Content-Type: application/json; charset=utf-8
host: localhost:39165
accept: */*

Response DefaultHttpResponse(decodeResult: success, version: HTTP/1.1)
HTTP/1.1 200 OK
Content-Length: 14
Content-Type: application/json; charset=utf-8
cache-control: no-cache

11:35:43.829 [AsyncHttpClient-1-2] DEBUG org.asynchttpclient.netty.channel.ChannelManager - Adding key: http://localhost:39165 for channel [id: 0xa10b78a6, L:/127.0.0.1:61155 - R:localhost/127.0.0.1:39165]
11:35:43.829 [main] INFO  com.swaglabs.base.SetUp - username entered a:standard_user
11:35:43.833 [Forwarding findElement on session b4c44b8ab3ec34df82fcca1e22294ffd to remote] DEBUG org.asynchttpclient.netty.request.NettyRequestSender - Using pooled Channel '[id: 0xa10b78a6, L:/127.0.0.1:61155 - R:localhost/127.0.0.1:39165]' for 'POST' to 'http://localhost:39165/session/b4c44b8ab3ec34df82fcca1e22294ffd/element'
11:35:43.833 [Forwarding findElement on session b4c44b8ab3ec34df82fcca1e22294ffd to remote] DEBUG org.asynchttpclient.netty.request.NettyRequestSender - Using open Channel [id: 0xa10b78a6, L:/127.0.0.1:61155 - R:localhost/127.0.0.1:39165] for POST '/session/b4c44b8ab3ec34df82fcca1e22294ffd/element'
11:35:43.852 [AsyncHttpClient-1-2] DEBUG org.asynchttpclient.netty.handler.HttpHandler - 

Request DefaultHttpRequest(decodeResult: success, version: HTTP/1.1)
POST /session/b4c44b8ab3ec34df82fcca1e22294ffd/element HTTP/1.1
User-Agent: selenium/4.8.0 (java windows)
Content-Length: 53
Content-Type: application/json; charset=utf-8
host: localhost:39165
accept: */*

Response DefaultHttpResponse(decodeResult: success, version: HTTP/1.1)
HTTP/1.1 200 OK
Content-Length: 94
Content-Type: application/json; charset=utf-8
cache-control: no-cache

11:35:43.853 [AsyncHttpClient-1-2] DEBUG org.asynchttpclient.netty.channel.ChannelManager - Adding key: http://localhost:39165 for channel [id: 0xa10b78a6, L:/127.0.0.1:61155 - R:localhost/127.0.0.1:39165]
11:35:43.859 [Forwarding isElementDisplayed on session b4c44b8ab3ec34df82fcca1e22294ffd to remote] DEBUG org.asynchttpclient.netty.request.NettyRequestSender - Using pooled Channel '[id: 0xa10b78a6, L:/127.0.0.1:61155 - R:localhost/127.0.0.1:39165]' for 'POST' to 'http://localhost:39165/session/b4c44b8ab3ec34df82fcca1e22294ffd/execute/sync'
11:35:43.859 [Forwarding isElementDisplayed on session b4c44b8ab3ec34df82fcca1e22294ffd to remote] DEBUG org.asynchttpclient.netty.request.NettyRequestSender - Using open Channel [id: 0xa10b78a6, L:/127.0.0.1:61155 - R:localhost/127.0.0.1:39165] for POST '/session/b4c44b8ab3ec34df82fcca1e22294ffd/execute/sync'
11:35:43.882 [AsyncHttpClient-1-2] DEBUG org.asynchttpclient.netty.handler.HttpHandler - 

Request DefaultHttpRequest(decodeResult: success, version: HTTP/1.1)
POST /session/b4c44b8ab3ec34df82fcca1e22294ffd/execute/sync HTTP/1.1
User-Agent: selenium/4.8.0 (java windows)
Content-Length: 48813
Content-Type: application/json; charset=utf-8
host: localhost:39165
accept: */*

Response DefaultHttpResponse(decodeResult: success, version: HTTP/1.1)
HTTP/1.1 200 OK
Content-Length: 14
Content-Type: application/json; charset=utf-8
cache-control: no-cache

11:35:43.883 [AsyncHttpClient-1-2] DEBUG org.asynchttpclient.netty.channel.ChannelManager - Adding key: http://localhost:39165 for channel [id: 0xa10b78a6, L:/127.0.0.1:61155 - R:localhost/127.0.0.1:39165]
11:35:43.886 [Forwarding clearElement on session b4c44b8ab3ec34df82fcca1e22294ffd to remote] DEBUG org.asynchttpclient.netty.request.NettyRequestSender - Using pooled Channel '[id: 0xa10b78a6, L:/127.0.0.1:61155 - R:localhost/127.0.0.1:39165]' for 'POST' to 'http://localhost:39165/session/b4c44b8ab3ec34df82fcca1e22294ffd/element/D6FCA329F55A989BAF0E516CCCB7C1E0_element_8/clear'
11:35:43.886 [Forwarding clearElement on session b4c44b8ab3ec34df82fcca1e22294ffd to remote] DEBUG org.asynchttpclient.netty.request.NettyRequestSender - Using open Channel [id: 0xa10b78a6, L:/127.0.0.1:61155 - R:localhost/127.0.0.1:39165] for POST '/session/b4c44b8ab3ec34df82fcca1e22294ffd/element/D6FCA329F55A989BAF0E516CCCB7C1E0_element_8/clear'
11:35:43.920 [AsyncHttpClient-1-2] DEBUG org.asynchttpclient.netty.handler.HttpHandler - 

Request DefaultHttpRequest(decodeResult: success, version: HTTP/1.1)
POST /session/b4c44b8ab3ec34df82fcca1e22294ffd/element/D6FCA329F55A989BAF0E516CCCB7C1E0_element_8/clear HTTP/1.1
User-Agent: selenium/4.8.0 (java windows)
Content-Length: 56
Content-Type: application/json; charset=utf-8
host: localhost:39165
accept: */*

Response DefaultHttpResponse(decodeResult: success, version: HTTP/1.1)
HTTP/1.1 200 OK
Content-Length: 14
Content-Type: application/json; charset=utf-8
cache-control: no-cache

11:35:43.920 [AsyncHttpClient-1-2] DEBUG org.asynchttpclient.netty.channel.ChannelManager - Adding key: http://localhost:39165 for channel [id: 0xa10b78a6, L:/127.0.0.1:61155 - R:localhost/127.0.0.1:39165]
11:35:43.923 [Forwarding findElement on session b4c44b8ab3ec34df82fcca1e22294ffd to remote] DEBUG org.asynchttpclient.netty.request.NettyRequestSender - Using pooled Channel '[id: 0xa10b78a6, L:/127.0.0.1:61155 - R:localhost/127.0.0.1:39165]' for 'POST' to 'http://localhost:39165/session/b4c44b8ab3ec34df82fcca1e22294ffd/element'
11:35:43.923 [Forwarding findElement on session b4c44b8ab3ec34df82fcca1e22294ffd to remote] DEBUG org.asynchttpclient.netty.request.NettyRequestSender - Using open Channel [id: 0xa10b78a6, L:/127.0.0.1:61155 - R:localhost/127.0.0.1:39165] for POST '/session/b4c44b8ab3ec34df82fcca1e22294ffd/element'
11:35:43.932 [AsyncHttpClient-1-2] DEBUG org.asynchttpclient.netty.handler.HttpHandler - 

Request DefaultHttpRequest(decodeResult: success, version: HTTP/1.1)
POST /session/b4c44b8ab3ec34df82fcca1e22294ffd/element HTTP/1.1
User-Agent: selenium/4.8.0 (java windows)
Content-Length: 53
Content-Type: application/json; charset=utf-8
host: localhost:39165
accept: */*

Response DefaultHttpResponse(decodeResult: success, version: HTTP/1.1)
HTTP/1.1 200 OK
Content-Length: 94
Content-Type: application/json; charset=utf-8
cache-control: no-cache

11:35:43.932 [AsyncHttpClient-1-2] DEBUG org.asynchttpclient.netty.channel.ChannelManager - Adding key: http://localhost:39165 for channel [id: 0xa10b78a6, L:/127.0.0.1:61155 - R:localhost/127.0.0.1:39165]
11:35:43.936 [Forwarding isElementDisplayed on session b4c44b8ab3ec34df82fcca1e22294ffd to remote] DEBUG org.asynchttpclient.netty.request.NettyRequestSender - Using pooled Channel '[id: 0xa10b78a6, L:/127.0.0.1:61155 - R:localhost/127.0.0.1:39165]' for 'POST' to 'http://localhost:39165/session/b4c44b8ab3ec34df82fcca1e22294ffd/execute/sync'
11:35:43.936 [Forwarding isElementDisplayed on session b4c44b8ab3ec34df82fcca1e22294ffd to remote] DEBUG org.asynchttpclient.netty.request.NettyRequestSender - Using open Channel [id: 0xa10b78a6, L:/127.0.0.1:61155 - R:localhost/127.0.0.1:39165] for POST '/session/b4c44b8ab3ec34df82fcca1e22294ffd/execute/sync'
11:35:43.948 [AsyncHttpClient-1-2] DEBUG org.asynchttpclient.netty.handler.HttpHandler - 

Request DefaultHttpRequest(decodeResult: success, version: HTTP/1.1)
POST /session/b4c44b8ab3ec34df82fcca1e22294ffd/execute/sync HTTP/1.1
User-Agent: selenium/4.8.0 (java windows)
Content-Length: 48813
Content-Type: application/json; charset=utf-8
host: localhost:39165
accept: */*

Response DefaultHttpResponse(decodeResult: success, version: HTTP/1.1)
HTTP/1.1 200 OK
Content-Length: 14
Content-Type: application/json; charset=utf-8
cache-control: no-cache

11:35:43.948 [AsyncHttpClient-1-2] DEBUG org.asynchttpclient.netty.channel.ChannelManager - Adding key: http://localhost:39165 for channel [id: 0xa10b78a6, L:/127.0.0.1:61155 - R:localhost/127.0.0.1:39165]
11:35:43.950 [Forwarding sendKeysToElement on session b4c44b8ab3ec34df82fcca1e22294ffd to remote] DEBUG org.asynchttpclient.netty.request.NettyRequestSender - Using pooled Channel '[id: 0xa10b78a6, L:/127.0.0.1:61155 - R:localhost/127.0.0.1:39165]' for 'POST' to 'http://localhost:39165/session/b4c44b8ab3ec34df82fcca1e22294ffd/element/D6FCA329F55A989BAF0E516CCCB7C1E0_element_8/value'
11:35:43.950 [Forwarding sendKeysToElement on session b4c44b8ab3ec34df82fcca1e22294ffd to remote] DEBUG org.asynchttpclient.netty.request.NettyRequestSender - Using open Channel [id: 0xa10b78a6, L:/127.0.0.1:61155 - R:localhost/127.0.0.1:39165] for POST '/session/b4c44b8ab3ec34df82fcca1e22294ffd/element/D6FCA329F55A989BAF0E516CCCB7C1E0_element_8/value'
11:35:44.010 [AsyncHttpClient-1-2] DEBUG org.asynchttpclient.netty.handler.HttpHandler - 

Request DefaultHttpRequest(decodeResult: success, version: HTTP/1.1)
POST /session/b4c44b8ab3ec34df82fcca1e22294ffd/element/D6FCA329F55A989BAF0E516CCCB7C1E0_element_8/value HTTP/1.1
User-Agent: selenium/4.8.0 (java windows)
Content-Length: 207
Content-Type: application/json; charset=utf-8
host: localhost:39165
accept: */*

Response DefaultHttpResponse(decodeResult: success, version: HTTP/1.1)
HTTP/1.1 200 OK
Content-Length: 14
Content-Type: application/json; charset=utf-8
cache-control: no-cache

11:35:44.010 [AsyncHttpClient-1-2] DEBUG org.asynchttpclient.netty.channel.ChannelManager - Adding key: http://localhost:39165 for channel [id: 0xa10b78a6, L:/127.0.0.1:61155 - R:localhost/127.0.0.1:39165]
11:35:44.011 [main] INFO  com.swaglabs.base.SetUp - password entered a:secret_sauce
11:35:44.025 [Forwarding getAlertText on session b4c44b8ab3ec34df82fcca1e22294ffd to remote] DEBUG org.asynchttpclient.netty.request.NettyRequestSender - Using pooled Channel '[id: 0xa10b78a6, L:/127.0.0.1:61155 - R:localhost/127.0.0.1:39165]' for 'GET' to 'http://localhost:39165/session/b4c44b8ab3ec34df82fcca1e22294ffd/alert/text'
11:35:44.025 [Forwarding getAlertText on session b4c44b8ab3ec34df82fcca1e22294ffd to remote] DEBUG org.asynchttpclient.netty.request.NettyRequestSender - Using open Channel [id: 0xa10b78a6, L:/127.0.0.1:61155 - R:localhost/127.0.0.1:39165] for GET '/session/b4c44b8ab3ec34df82fcca1e22294ffd/alert/text'
11:35:44.028 [AsyncHttpClient-1-2] DEBUG org.asynchttpclient.netty.handler.HttpHandler - 

Request DefaultFullHttpRequest(decodeResult: success, version: HTTP/1.1, content: EmptyByteBufBE)
GET /session/b4c44b8ab3ec34df82fcca1e22294ffd/alert/text HTTP/1.1
User-Agent: selenium/4.8.0 (java windows)
Cache-Control: no-cache
Content-Type: application/json; charset=utf-8
host: localhost:39165
accept: */*

Response DefaultHttpResponse(decodeResult: success, version: HTTP/1.1)
HTTP/1.1 404 Not Found
Content-Length: 1522
Content-Type: application/json; charset=utf-8
cache-control: no-cache

11:35:44.028 [AsyncHttpClient-1-2] DEBUG org.asynchttpclient.netty.channel.ChannelManager - Adding key: http://localhost:39165 for channel [id: 0xa10b78a6, L:/127.0.0.1:61155 - R:localhost/127.0.0.1:39165]
11:35:44.030 [Forwarding getCurrentUrl on session b4c44b8ab3ec34df82fcca1e22294ffd to remote] DEBUG org.asynchttpclient.netty.request.NettyRequestSender - Using pooled Channel '[id: 0xa10b78a6, L:/127.0.0.1:61155 - R:localhost/127.0.0.1:39165]' for 'GET' to 'http://localhost:39165/session/b4c44b8ab3ec34df82fcca1e22294ffd/url'
11:35:44.030 [Forwarding getCurrentUrl on session b4c44b8ab3ec34df82fcca1e22294ffd to remote] DEBUG org.asynchttpclient.netty.request.NettyRequestSender - Using open Channel [id: 0xa10b78a6, L:/127.0.0.1:61155 - R:localhost/127.0.0.1:39165] for GET '/session/b4c44b8ab3ec34df82fcca1e22294ffd/url'
11:35:44.035 [AsyncHttpClient-1-2] DEBUG org.asynchttpclient.netty.handler.HttpHandler - 

Request DefaultFullHttpRequest(decodeResult: success, version: HTTP/1.1, content: EmptyByteBufBE)
GET /session/b4c44b8ab3ec34df82fcca1e22294ffd/url HTTP/1.1
User-Agent: selenium/4.8.0 (java windows)
Cache-Control: no-cache
Content-Type: application/json; charset=utf-8
host: localhost:39165
accept: */*

Response DefaultHttpResponse(decodeResult: success, version: HTTP/1.1)
HTTP/1.1 200 OK
Content-Length: 38
Content-Type: application/json; charset=utf-8
cache-control: no-cache

11:35:44.035 [AsyncHttpClient-1-2] DEBUG org.asynchttpclient.netty.channel.ChannelManager - Adding key: http://localhost:39165 for channel [id: 0xa10b78a6, L:/127.0.0.1:61155 - R:localhost/127.0.0.1:39165]
11:35:44.037 [Forwarding screenshot on session b4c44b8ab3ec34df82fcca1e22294ffd to remote] DEBUG org.asynchttpclient.netty.request.NettyRequestSender - Using pooled Channel '[id: 0xa10b78a6, L:/127.0.0.1:61155 - R:localhost/127.0.0.1:39165]' for 'GET' to 'http://localhost:39165/session/b4c44b8ab3ec34df82fcca1e22294ffd/screenshot'
11:35:44.037 [Forwarding screenshot on session b4c44b8ab3ec34df82fcca1e22294ffd to remote] DEBUG org.asynchttpclient.netty.request.NettyRequestSender - Using open Channel [id: 0xa10b78a6, L:/127.0.0.1:61155 - R:localhost/127.0.0.1:39165] for GET '/session/b4c44b8ab3ec34df82fcca1e22294ffd/screenshot'
11:35:44.186 [AsyncHttpClient-1-2] DEBUG org.asynchttpclient.netty.handler.HttpHandler - 

Request DefaultFullHttpRequest(decodeResult: success, version: HTTP/1.1, content: EmptyByteBufBE)
GET /session/b4c44b8ab3ec34df82fcca1e22294ffd/screenshot HTTP/1.1
User-Agent: selenium/4.8.0 (java windows)
Cache-Control: no-cache
Content-Type: application/json; charset=utf-8
host: localhost:39165
accept: */*

Response DefaultHttpResponse(decodeResult: success, version: HTTP/1.1)
HTTP/1.1 200 OK
Content-Length: 56764
Content-Type: application/json; charset=utf-8
cache-control: no-cache

11:35:44.186 [AsyncHttpClient-1-2] DEBUG org.asynchttpclient.netty.channel.ChannelManager - Adding key: http://localhost:39165 for channel [id: 0xa10b78a6, L:/127.0.0.1:61155 - R:localhost/127.0.0.1:39165]
11:35:44.190 [main] DEBUG net.serenitybdd.core.photography.Darkroom - Send negative for processing for target\site\serenity\92a0150d940d87387c76a605a00b3e6d4e669804a317428b81192b175795a37a.png
11:35:44.190 [main] DEBUG net.thucydides.core.steps.StepInterceptor - STEP DONE: validate password footers
11:35:44.190 [main] INFO  com.swaglabs.base.SetUp - username password entered
11:35:44.196 [Darkroom Processing Line] DEBUG net.serenitybdd.core.photography.DarkroomProcessingLine - Processing screenshot image in /var/screenshots/screenshot-17319527425360373035
11:35:44.196 [Darkroom Processing Line] DEBUG net.serenitybdd.core.photography.DarkroomProcessingLine - Saving screenshot to target\site\serenity\92a0150d940d87387c76a605a00b3e6d4e669804a317428b81192b175795a37a.png
11:35:44.200 [Forwarding findElement on session b4c44b8ab3ec34df82fcca1e22294ffd to remote] DEBUG org.asynchttpclient.netty.request.NettyRequestSender - Using pooled Channel '[id: 0xa10b78a6, L:/127.0.0.1:61155 - R:localhost/127.0.0.1:39165]' for 'POST' to 'http://localhost:39165/session/b4c44b8ab3ec34df82fcca1e22294ffd/element'
11:35:44.200 [Forwarding findElement on session b4c44b8ab3ec34df82fcca1e22294ffd to remote] DEBUG org.asynchttpclient.netty.request.NettyRequestSender - Using open Channel [id: 0xa10b78a6, L:/127.0.0.1:61155 - R:localhost/127.0.0.1:39165] for POST '/session/b4c44b8ab3ec34df82fcca1e22294ffd/element'
11:35:44.207 [AsyncHttpClient-1-2] DEBUG org.asynchttpclient.netty.handler.HttpHandler - 

Request DefaultHttpRequest(decodeResult: success, version: HTTP/1.1)
POST /session/b4c44b8ab3ec34df82fcca1e22294ffd/element HTTP/1.1
User-Agent: selenium/4.8.0 (java windows)
Content-Length: 59
Content-Type: application/json; charset=utf-8
host: localhost:39165
accept: */*

Response DefaultHttpResponse(decodeResult: success, version: HTTP/1.1)
HTTP/1.1 200 OK
Content-Length: 95
Content-Type: application/json; charset=utf-8
cache-control: no-cache

11:35:44.207 [AsyncHttpClient-1-2] DEBUG org.asynchttpclient.netty.channel.ChannelManager - Adding key: http://localhost:39165 for channel [id: 0xa10b78a6, L:/127.0.0.1:61155 - R:localhost/127.0.0.1:39165]
11:35:44.212 [Forwarding isElementDisplayed on session b4c44b8ab3ec34df82fcca1e22294ffd to remote] DEBUG org.asynchttpclient.netty.request.NettyRequestSender - Using pooled Channel '[id: 0xa10b78a6, L:/127.0.0.1:61155 - R:localhost/127.0.0.1:39165]' for 'POST' to 'http://localhost:39165/session/b4c44b8ab3ec34df82fcca1e22294ffd/execute/sync'
11:35:44.212 [Forwarding isElementDisplayed on session b4c44b8ab3ec34df82fcca1e22294ffd to remote] DEBUG org.asynchttpclient.netty.request.NettyRequestSender - Using open Channel [id: 0xa10b78a6, L:/127.0.0.1:61155 - R:localhost/127.0.0.1:39165] for POST '/session/b4c44b8ab3ec34df82fcca1e22294ffd/execute/sync'
11:35:44.223 [AsyncHttpClient-1-2] DEBUG org.asynchttpclient.netty.handler.HttpHandler - 

Request DefaultHttpRequest(decodeResult: success, version: HTTP/1.1)
POST /session/b4c44b8ab3ec34df82fcca1e22294ffd/execute/sync HTTP/1.1
User-Agent: selenium/4.8.0 (java windows)
Content-Length: 48814
Content-Type: application/json; charset=utf-8
host: localhost:39165
accept: */*

Response DefaultHttpResponse(decodeResult: success, version: HTTP/1.1)
HTTP/1.1 200 OK
Content-Length: 14
Content-Type: application/json; charset=utf-8
cache-control: no-cache

11:35:44.223 [AsyncHttpClient-1-2] DEBUG org.asynchttpclient.netty.channel.ChannelManager - Adding key: http://localhost:39165 for channel [id: 0xa10b78a6, L:/127.0.0.1:61155 - R:localhost/127.0.0.1:39165]
11:35:44.224 [Forwarding getElementTagName on session b4c44b8ab3ec34df82fcca1e22294ffd to remote] DEBUG org.asynchttpclient.netty.request.NettyRequestSender - Using pooled Channel '[id: 0xa10b78a6, L:/127.0.0.1:61155 - R:localhost/127.0.0.1:39165]' for 'GET' to 'http://localhost:39165/session/b4c44b8ab3ec34df82fcca1e22294ffd/element/D6FCA329F55A989BAF0E516CCCB7C1E0_element_15/name'
11:35:44.224 [Forwarding getElementTagName on session b4c44b8ab3ec34df82fcca1e22294ffd to remote] DEBUG org.asynchttpclient.netty.request.NettyRequestSender - Using open Channel [id: 0xa10b78a6, L:/127.0.0.1:61155 - R:localhost/127.0.0.1:39165] for GET '/session/b4c44b8ab3ec34df82fcca1e22294ffd/element/D6FCA329F55A989BAF0E516CCCB7C1E0_element_15/name'
11:35:44.231 [AsyncHttpClient-1-2] DEBUG org.asynchttpclient.netty.handler.HttpHandler - 

Request DefaultFullHttpRequest(decodeResult: success, version: HTTP/1.1, content: EmptyByteBufBE)
GET /session/b4c44b8ab3ec34df82fcca1e22294ffd/element/D6FCA329F55A989BAF0E516CCCB7C1E0_element_15/name HTTP/1.1
User-Agent: selenium/4.8.0 (java windows)
Cache-Control: no-cache
Content-Type: application/json; charset=utf-8
host: localhost:39165
accept: */*

Response DefaultHttpResponse(decodeResult: success, version: HTTP/1.1)
HTTP/1.1 200 OK
Content-Length: 17
Content-Type: application/json; charset=utf-8
cache-control: no-cache

11:35:44.231 [AsyncHttpClient-1-2] DEBUG org.asynchttpclient.netty.channel.ChannelManager - Adding key: http://localhost:39165 for channel [id: 0xa10b78a6, L:/127.0.0.1:61155 - R:localhost/127.0.0.1:39165]
11:35:44.232 [Forwarding getElementTagName on session b4c44b8ab3ec34df82fcca1e22294ffd to remote] DEBUG org.asynchttpclient.netty.request.NettyRequestSender - Using pooled Channel '[id: 0xa10b78a6, L:/127.0.0.1:61155 - R:localhost/127.0.0.1:39165]' for 'GET' to 'http://localhost:39165/session/b4c44b8ab3ec34df82fcca1e22294ffd/element/D6FCA329F55A989BAF0E516CCCB7C1E0_element_15/name'
11:35:44.232 [Forwarding getElementTagName on session b4c44b8ab3ec34df82fcca1e22294ffd to remote] DEBUG org.asynchttpclient.netty.request.NettyRequestSender - Using open Channel [id: 0xa10b78a6, L:/127.0.0.1:61155 - R:localhost/127.0.0.1:39165] for GET '/session/b4c44b8ab3ec34df82fcca1e22294ffd/element/D6FCA329F55A989BAF0E516CCCB7C1E0_element_15/name'
11:35:44.239 [AsyncHttpClient-1-2] DEBUG org.asynchttpclient.netty.handler.HttpHandler - 

Request DefaultFullHttpRequest(decodeResult: success, version: HTTP/1.1, content: EmptyByteBufBE)
GET /session/b4c44b8ab3ec34df82fcca1e22294ffd/element/D6FCA329F55A989BAF0E516CCCB7C1E0_element_15/name HTTP/1.1
User-Agent: selenium/4.8.0 (java windows)
Cache-Control: no-cache
Content-Type: application/json; charset=utf-8
host: localhost:39165
accept: */*

Response DefaultHttpResponse(decodeResult: success, version: HTTP/1.1)
HTTP/1.1 200 OK
Content-Length: 17
Content-Type: application/json; charset=utf-8
cache-control: no-cache

11:35:44.239 [AsyncHttpClient-1-2] DEBUG org.asynchttpclient.netty.channel.ChannelManager - Adding key: http://localhost:39165 for channel [id: 0xa10b78a6, L:/127.0.0.1:61155 - R:localhost/127.0.0.1:39165]
11:35:44.241 [Forwarding isElementEnabled on session b4c44b8ab3ec34df82fcca1e22294ffd to remote] DEBUG org.asynchttpclient.netty.request.NettyRequestSender - Using pooled Channel '[id: 0xa10b78a6, L:/127.0.0.1:61155 - R:localhost/127.0.0.1:39165]' for 'GET' to 'http://localhost:39165/session/b4c44b8ab3ec34df82fcca1e22294ffd/element/D6FCA329F55A989BAF0E516CCCB7C1E0_element_15/enabled'
11:35:44.241 [Forwarding isElementEnabled on session b4c44b8ab3ec34df82fcca1e22294ffd to remote] DEBUG org.asynchttpclient.netty.request.NettyRequestSender - Using open Channel [id: 0xa10b78a6, L:/127.0.0.1:61155 - R:localhost/127.0.0.1:39165] for GET '/session/b4c44b8ab3ec34df82fcca1e22294ffd/element/D6FCA329F55A989BAF0E516CCCB7C1E0_element_15/enabled'
11:35:44.249 [AsyncHttpClient-1-2] DEBUG org.asynchttpclient.netty.handler.HttpHandler - 

Request DefaultFullHttpRequest(decodeResult: success, version: HTTP/1.1, content: EmptyByteBufBE)
GET /session/b4c44b8ab3ec34df82fcca1e22294ffd/element/D6FCA329F55A989BAF0E516CCCB7C1E0_element_15/enabled HTTP/1.1
User-Agent: selenium/4.8.0 (java windows)
Cache-Control: no-cache
Content-Type: application/json; charset=utf-8
host: localhost:39165
accept: */*

Response DefaultHttpResponse(decodeResult: success, version: HTTP/1.1)
HTTP/1.1 200 OK
Content-Length: 14
Content-Type: application/json; charset=utf-8
cache-control: no-cache

11:35:44.249 [AsyncHttpClient-1-2] DEBUG org.asynchttpclient.netty.channel.ChannelManager - Adding key: http://localhost:39165 for channel [id: 0xa10b78a6, L:/127.0.0.1:61155 - R:localhost/127.0.0.1:39165]
11:35:44.249 [Forwarding isElementEnabled on session b4c44b8ab3ec34df82fcca1e22294ffd to remote] DEBUG org.asynchttpclient.netty.request.NettyRequestSender - Using pooled Channel '[id: 0xa10b78a6, L:/127.0.0.1:61155 - R:localhost/127.0.0.1:39165]' for 'GET' to 'http://localhost:39165/session/b4c44b8ab3ec34df82fcca1e22294ffd/element/D6FCA329F55A989BAF0E516CCCB7C1E0_element_15/enabled'
11:35:44.249 [Forwarding isElementEnabled on session b4c44b8ab3ec34df82fcca1e22294ffd to remote] DEBUG org.asynchttpclient.netty.request.NettyRequestSender - Using open Channel [id: 0xa10b78a6, L:/127.0.0.1:61155 - R:localhost/127.0.0.1:39165] for GET '/session/b4c44b8ab3ec34df82fcca1e22294ffd/element/D6FCA329F55A989BAF0E516CCCB7C1E0_element_15/enabled'
11:35:44.256 [AsyncHttpClient-1-2] DEBUG org.asynchttpclient.netty.handler.HttpHandler - 

Request DefaultFullHttpRequest(decodeResult: success, version: HTTP/1.1, content: EmptyByteBufBE)
GET /session/b4c44b8ab3ec34df82fcca1e22294ffd/element/D6FCA329F55A989BAF0E516CCCB7C1E0_element_15/enabled HTTP/1.1
User-Agent: selenium/4.8.0 (java windows)
Cache-Control: no-cache
Content-Type: application/json; charset=utf-8
host: localhost:39165
accept: */*

Response DefaultHttpResponse(decodeResult: success, version: HTTP/1.1)
HTTP/1.1 200 OK
Content-Length: 14
Content-Type: application/json; charset=utf-8
cache-control: no-cache

11:35:44.256 [AsyncHttpClient-1-2] DEBUG org.asynchttpclient.netty.channel.ChannelManager - Adding key: http://localhost:39165 for channel [id: 0xa10b78a6, L:/127.0.0.1:61155 - R:localhost/127.0.0.1:39165]
11:35:44.260 [Forwarding findElement on session b4c44b8ab3ec34df82fcca1e22294ffd to remote] DEBUG org.asynchttpclient.netty.request.NettyRequestSender - Using pooled Channel '[id: 0xa10b78a6, L:/127.0.0.1:61155 - R:localhost/127.0.0.1:39165]' for 'POST' to 'http://localhost:39165/session/b4c44b8ab3ec34df82fcca1e22294ffd/element'
11:35:44.260 [Forwarding findElement on session b4c44b8ab3ec34df82fcca1e22294ffd to remote] DEBUG org.asynchttpclient.netty.request.NettyRequestSender - Using open Channel [id: 0xa10b78a6, L:/127.0.0.1:61155 - R:localhost/127.0.0.1:39165] for POST '/session/b4c44b8ab3ec34df82fcca1e22294ffd/element'
11:35:44.266 [AsyncHttpClient-1-2] DEBUG org.asynchttpclient.netty.handler.HttpHandler - 

Request DefaultHttpRequest(decodeResult: success, version: HTTP/1.1)
POST /session/b4c44b8ab3ec34df82fcca1e22294ffd/element HTTP/1.1
User-Agent: selenium/4.8.0 (java windows)
Content-Length: 59
Content-Type: application/json; charset=utf-8
host: localhost:39165
accept: */*

Response DefaultHttpResponse(decodeResult: success, version: HTTP/1.1)
HTTP/1.1 200 OK
Content-Length: 95
Content-Type: application/json; charset=utf-8
cache-control: no-cache

11:35:44.267 [AsyncHttpClient-1-2] DEBUG org.asynchttpclient.netty.channel.ChannelManager - Adding key: http://localhost:39165 for channel [id: 0xa10b78a6, L:/127.0.0.1:61155 - R:localhost/127.0.0.1:39165]
11:35:44.269 [Forwarding isElementDisplayed on session b4c44b8ab3ec34df82fcca1e22294ffd to remote] DEBUG org.asynchttpclient.netty.request.NettyRequestSender - Using pooled Channel '[id: 0xa10b78a6, L:/127.0.0.1:61155 - R:localhost/127.0.0.1:39165]' for 'POST' to 'http://localhost:39165/session/b4c44b8ab3ec34df82fcca1e22294ffd/execute/sync'
11:35:44.269 [Forwarding isElementDisplayed on session b4c44b8ab3ec34df82fcca1e22294ffd to remote] DEBUG org.asynchttpclient.netty.request.NettyRequestSender - Using open Channel [id: 0xa10b78a6, L:/127.0.0.1:61155 - R:localhost/127.0.0.1:39165] for POST '/session/b4c44b8ab3ec34df82fcca1e22294ffd/execute/sync'
11:35:44.279 [AsyncHttpClient-1-2] DEBUG org.asynchttpclient.netty.handler.HttpHandler - 

Request DefaultHttpRequest(decodeResult: success, version: HTTP/1.1)
POST /session/b4c44b8ab3ec34df82fcca1e22294ffd/execute/sync HTTP/1.1
User-Agent: selenium/4.8.0 (java windows)
Content-Length: 48814
Content-Type: application/json; charset=utf-8
host: localhost:39165
accept: */*

Response DefaultHttpResponse(decodeResult: success, version: HTTP/1.1)
HTTP/1.1 200 OK
Content-Length: 14
Content-Type: application/json; charset=utf-8
cache-control: no-cache

11:35:44.279 [AsyncHttpClient-1-2] DEBUG org.asynchttpclient.netty.channel.ChannelManager - Adding key: http://localhost:39165 for channel [id: 0xa10b78a6, L:/127.0.0.1:61155 - R:localhost/127.0.0.1:39165]
11:35:44.280 [Forwarding clickElement on session b4c44b8ab3ec34df82fcca1e22294ffd to remote] DEBUG org.asynchttpclient.netty.request.NettyRequestSender - Using pooled Channel '[id: 0xa10b78a6, L:/127.0.0.1:61155 - R:localhost/127.0.0.1:39165]' for 'POST' to 'http://localhost:39165/session/b4c44b8ab3ec34df82fcca1e22294ffd/element/D6FCA329F55A989BAF0E516CCCB7C1E0_element_15/click'
11:35:44.280 [Forwarding clickElement on session b4c44b8ab3ec34df82fcca1e22294ffd to remote] DEBUG org.asynchttpclient.netty.request.NettyRequestSender - Using open Channel [id: 0xa10b78a6, L:/127.0.0.1:61155 - R:localhost/127.0.0.1:39165] for POST '/session/b4c44b8ab3ec34df82fcca1e22294ffd/element/D6FCA329F55A989BAF0E516CCCB7C1E0_element_15/click'
11:35:44.394 [AsyncHttpClient-1-2] DEBUG org.asynchttpclient.netty.handler.HttpHandler - 

Request DefaultHttpRequest(decodeResult: success, version: HTTP/1.1)
POST /session/b4c44b8ab3ec34df82fcca1e22294ffd/element/D6FCA329F55A989BAF0E516CCCB7C1E0_element_15/click HTTP/1.1
User-Agent: selenium/4.8.0 (java windows)
Content-Length: 57
Content-Type: application/json; charset=utf-8
host: localhost:39165
accept: */*

Response DefaultHttpResponse(decodeResult: success, version: HTTP/1.1)
HTTP/1.1 200 OK
Content-Length: 14
Content-Type: application/json; charset=utf-8
cache-control: no-cache

11:35:44.395 [AsyncHttpClient-1-2] DEBUG org.asynchttpclient.netty.channel.ChannelManager - Adding key: http://localhost:39165 for channel [id: 0xa10b78a6, L:/127.0.0.1:61155 - R:localhost/127.0.0.1:39165]
11:35:44.399 [main] INFO  com.swaglabs.base.SetUp - login button clicked
11:35:44.399 [main] INFO  com.swaglabs.base.SetUp - login button clicked
11:35:44.405 [Forwarding getAlertText on session b4c44b8ab3ec34df82fcca1e22294ffd to remote] DEBUG org.asynchttpclient.netty.request.NettyRequestSender - Using pooled Channel '[id: 0xa10b78a6, L:/127.0.0.1:61155 - R:localhost/127.0.0.1:39165]' for 'GET' to 'http://localhost:39165/session/b4c44b8ab3ec34df82fcca1e22294ffd/alert/text'
11:35:44.405 [Forwarding getAlertText on session b4c44b8ab3ec34df82fcca1e22294ffd to remote] DEBUG org.asynchttpclient.netty.request.NettyRequestSender - Using open Channel [id: 0xa10b78a6, L:/127.0.0.1:61155 - R:localhost/127.0.0.1:39165] for GET '/session/b4c44b8ab3ec34df82fcca1e22294ffd/alert/text'
11:35:44.406 [AsyncHttpClient-1-2] DEBUG org.asynchttpclient.netty.handler.HttpHandler - 

Request DefaultFullHttpRequest(decodeResult: success, version: HTTP/1.1, content: EmptyByteBufBE)
GET /session/b4c44b8ab3ec34df82fcca1e22294ffd/alert/text HTTP/1.1
User-Agent: selenium/4.8.0 (java windows)
Cache-Control: no-cache
Content-Type: application/json; charset=utf-8
host: localhost:39165
accept: */*

Response DefaultHttpResponse(decodeResult: success, version: HTTP/1.1)
HTTP/1.1 404 Not Found
Content-Length: 1522
Content-Type: application/json; charset=utf-8
cache-control: no-cache

11:35:44.406 [AsyncHttpClient-1-2] DEBUG org.asynchttpclient.netty.channel.ChannelManager - Adding key: http://localhost:39165 for channel [id: 0xa10b78a6, L:/127.0.0.1:61155 - R:localhost/127.0.0.1:39165]
11:35:44.408 [Forwarding getCurrentUrl on session b4c44b8ab3ec34df82fcca1e22294ffd to remote] DEBUG org.asynchttpclient.netty.request.NettyRequestSender - Using pooled Channel '[id: 0xa10b78a6, L:/127.0.0.1:61155 - R:localhost/127.0.0.1:39165]' for 'GET' to 'http://localhost:39165/session/b4c44b8ab3ec34df82fcca1e22294ffd/url'
11:35:44.408 [Forwarding getCurrentUrl on session b4c44b8ab3ec34df82fcca1e22294ffd to remote] DEBUG org.asynchttpclient.netty.request.NettyRequestSender - Using open Channel [id: 0xa10b78a6, L:/127.0.0.1:61155 - R:localhost/127.0.0.1:39165] for GET '/session/b4c44b8ab3ec34df82fcca1e22294ffd/url'
11:35:44.412 [AsyncHttpClient-1-2] DEBUG org.asynchttpclient.netty.handler.HttpHandler - 

Request DefaultFullHttpRequest(decodeResult: success, version: HTTP/1.1, content: EmptyByteBufBE)
GET /session/b4c44b8ab3ec34df82fcca1e22294ffd/url HTTP/1.1
User-Agent: selenium/4.8.0 (java windows)
Cache-Control: no-cache
Content-Type: application/json; charset=utf-8
host: localhost:39165
accept: */*

Response DefaultHttpResponse(decodeResult: success, version: HTTP/1.1)
HTTP/1.1 200 OK
Content-Length: 52
Content-Type: application/json; charset=utf-8
cache-control: no-cache

11:35:44.413 [AsyncHttpClient-1-2] DEBUG org.asynchttpclient.netty.channel.ChannelManager - Adding key: http://localhost:39165 for channel [id: 0xa10b78a6, L:/127.0.0.1:61155 - R:localhost/127.0.0.1:39165]
11:35:44.418 [Forwarding screenshot on session b4c44b8ab3ec34df82fcca1e22294ffd to remote] DEBUG org.asynchttpclient.netty.request.NettyRequestSender - Using pooled Channel '[id: 0xa10b78a6, L:/127.0.0.1:61155 - R:localhost/127.0.0.1:39165]' for 'GET' to 'http://localhost:39165/session/b4c44b8ab3ec34df82fcca1e22294ffd/screenshot'
11:35:44.418 [Forwarding screenshot on session b4c44b8ab3ec34df82fcca1e22294ffd to remote] DEBUG org.asynchttpclient.netty.request.NettyRequestSender - Using open Channel [id: 0xa10b78a6, L:/127.0.0.1:61155 - R:localhost/127.0.0.1:39165] for GET '/session/b4c44b8ab3ec34df82fcca1e22294ffd/screenshot'
11:35:44.534 [AsyncHttpClient-1-1] DEBUG org.asynchttpclient.netty.channel.DefaultChannelPool - Entry count for : http://localhost:61159 : 1
11:35:44.668 [AsyncHttpClient-1-2] DEBUG org.asynchttpclient.netty.handler.HttpHandler - 

Request DefaultFullHttpRequest(decodeResult: success, version: HTTP/1.1, content: EmptyByteBufBE)
GET /session/b4c44b8ab3ec34df82fcca1e22294ffd/screenshot HTTP/1.1
User-Agent: selenium/4.8.0 (java windows)
Cache-Control: no-cache
Content-Type: application/json; charset=utf-8
host: localhost:39165
accept: */*

Response DefaultHttpResponse(decodeResult: success, version: HTTP/1.1)
HTTP/1.1 200 OK
Content-Length: 507920
Content-Type: application/json; charset=utf-8
cache-control: no-cache

11:35:44.670 [AsyncHttpClient-1-2] DEBUG org.asynchttpclient.netty.channel.ChannelManager - Adding key: http://localhost:39165 for channel [id: 0xa10b78a6, L:/127.0.0.1:61155 - R:localhost/127.0.0.1:39165]
11:35:44.689 [main] DEBUG net.serenitybdd.core.photography.Darkroom - Send negative for processing for target\site\serenity\1a73a20615b8943fcefde46ffca222ec11a53a8b620a6a105e135f8a54e6e0f8.png
11:35:44.690 [main] DEBUG net.thucydides.core.steps.StepInterceptor - STEP DONE: login with user {0}
11:35:44.695 [Darkroom Processing Line] DEBUG net.serenitybdd.core.photography.DarkroomProcessingLine - Processing screenshot image in /var/screenshots/screenshot-10261060364174228837
11:35:44.695 [Darkroom Processing Line] DEBUG net.serenitybdd.core.photography.DarkroomProcessingLine - Saving screenshot to target\site\serenity\1a73a20615b8943fcefde46ffca222ec11a53a8b620a6a105e135f8a54e6e0f8.png
11:35:44.696 [Forwarding getPageSource on session b4c44b8ab3ec34df82fcca1e22294ffd to remote] DEBUG org.asynchttpclient.netty.request.NettyRequestSender - Using pooled Channel '[id: 0xa10b78a6, L:/127.0.0.1:61155 - R:localhost/127.0.0.1:39165]' for 'POST' to 'http://localhost:39165/session/b4c44b8ab3ec34df82fcca1e22294ffd/execute/sync'
11:35:44.696 [Forwarding getPageSource on session b4c44b8ab3ec34df82fcca1e22294ffd to remote] DEBUG org.asynchttpclient.netty.request.NettyRequestSender - Using open Channel [id: 0xa10b78a6, L:/127.0.0.1:61155 - R:localhost/127.0.0.1:39165] for POST '/session/b4c44b8ab3ec34df82fcca1e22294ffd/execute/sync'
11:35:44.706 [AsyncHttpClient-1-2] DEBUG org.asynchttpclient.netty.handler.HttpHandler - 

Request DefaultHttpRequest(decodeResult: success, version: HTTP/1.1)
POST /session/b4c44b8ab3ec34df82fcca1e22294ffd/execute/sync HTTP/1.1
User-Agent: selenium/4.8.0 (java windows)
Content-Length: 176
Content-Type: application/json; charset=utf-8
host: localhost:39165
accept: */*

Response DefaultHttpResponse(decodeResult: success, version: HTTP/1.1)
HTTP/1.1 200 OK
Content-Length: 16376
Content-Type: application/json; charset=utf-8
cache-control: no-cache

11:35:44.707 [AsyncHttpClient-1-2] DEBUG org.asynchttpclient.netty.channel.ChannelManager - Adding key: http://localhost:39165 for channel [id: 0xa10b78a6, L:/127.0.0.1:61155 - R:localhost/127.0.0.1:39165]
11:35:44.716 [Forwarding getCurrentUrl on session b4c44b8ab3ec34df82fcca1e22294ffd to remote] DEBUG org.asynchttpclient.netty.request.NettyRequestSender - Using pooled Channel '[id: 0xa10b78a6, L:/127.0.0.1:61155 - R:localhost/127.0.0.1:39165]' for 'GET' to 'http://localhost:39165/session/b4c44b8ab3ec34df82fcca1e22294ffd/url'
11:35:44.716 [Forwarding getCurrentUrl on session b4c44b8ab3ec34df82fcca1e22294ffd to remote] DEBUG org.asynchttpclient.netty.request.NettyRequestSender - Using open Channel [id: 0xa10b78a6, L:/127.0.0.1:61155 - R:localhost/127.0.0.1:39165] for GET '/session/b4c44b8ab3ec34df82fcca1e22294ffd/url'
11:35:44.720 [AsyncHttpClient-1-2] DEBUG org.asynchttpclient.netty.handler.HttpHandler - 

Request DefaultFullHttpRequest(decodeResult: success, version: HTTP/1.1, content: EmptyByteBufBE)
GET /session/b4c44b8ab3ec34df82fcca1e22294ffd/url HTTP/1.1
User-Agent: selenium/4.8.0 (java windows)
Cache-Control: no-cache
Content-Type: application/json; charset=utf-8
host: localhost:39165
accept: */*

Response DefaultHttpResponse(decodeResult: success, version: HTTP/1.1)
HTTP/1.1 200 OK
Content-Length: 52
Content-Type: application/json; charset=utf-8
cache-control: no-cache

11:35:44.720 [AsyncHttpClient-1-2] DEBUG org.asynchttpclient.netty.channel.ChannelManager - Adding key: http://localhost:39165 for channel [id: 0xa10b78a6, L:/127.0.0.1:61155 - R:localhost/127.0.0.1:39165]
11:35:44.734 [main] DEBUG net.thucydides.core.steps.StepInterceptor - STARTING STEP: Tests.testCases - test4_validateInventoryPageHeaderAndFooters
11:35:44.737 [Forwarding getTitle on session b4c44b8ab3ec34df82fcca1e22294ffd to remote] DEBUG org.asynchttpclient.netty.request.NettyRequestSender - Using pooled Channel '[id: 0xa10b78a6, L:/127.0.0.1:61155 - R:localhost/127.0.0.1:39165]' for 'GET' to 'http://localhost:39165/session/b4c44b8ab3ec34df82fcca1e22294ffd/title'
11:35:44.737 [Forwarding getTitle on session b4c44b8ab3ec34df82fcca1e22294ffd to remote] DEBUG org.asynchttpclient.netty.request.NettyRequestSender - Using open Channel [id: 0xa10b78a6, L:/127.0.0.1:61155 - R:localhost/127.0.0.1:39165] for GET '/session/b4c44b8ab3ec34df82fcca1e22294ffd/title'
11:35:44.742 [AsyncHttpClient-1-2] DEBUG org.asynchttpclient.netty.handler.HttpHandler - 

Request DefaultFullHttpRequest(decodeResult: success, version: HTTP/1.1, content: EmptyByteBufBE)
GET /session/b4c44b8ab3ec34df82fcca1e22294ffd/title HTTP/1.1
User-Agent: selenium/4.8.0 (java windows)
Cache-Control: no-cache
Content-Type: application/json; charset=utf-8
host: localhost:39165
accept: */*

Response DefaultHttpResponse(decodeResult: success, version: HTTP/1.1)
HTTP/1.1 200 OK
Content-Length: 21
Content-Type: application/json; charset=utf-8
cache-control: no-cache

11:35:44.742 [AsyncHttpClient-1-2] DEBUG org.asynchttpclient.netty.channel.ChannelManager - Adding key: http://localhost:39165 for channel [id: 0xa10b78a6, L:/127.0.0.1:61155 - R:localhost/127.0.0.1:39165]
11:35:44.743 [main] INFO  com.swaglabs.base.SetUp - Swag Labs title validation passed
11:35:44.752 [Forwarding getAlertText on session b4c44b8ab3ec34df82fcca1e22294ffd to remote] DEBUG org.asynchttpclient.netty.request.NettyRequestSender - Using pooled Channel '[id: 0xa10b78a6, L:/127.0.0.1:61155 - R:localhost/127.0.0.1:39165]' for 'GET' to 'http://localhost:39165/session/b4c44b8ab3ec34df82fcca1e22294ffd/alert/text'
11:35:44.752 [Forwarding getAlertText on session b4c44b8ab3ec34df82fcca1e22294ffd to remote] DEBUG org.asynchttpclient.netty.request.NettyRequestSender - Using open Channel [id: 0xa10b78a6, L:/127.0.0.1:61155 - R:localhost/127.0.0.1:39165] for GET '/session/b4c44b8ab3ec34df82fcca1e22294ffd/alert/text'
11:35:44.755 [AsyncHttpClient-1-2] DEBUG org.asynchttpclient.netty.handler.HttpHandler - 

Request DefaultFullHttpRequest(decodeResult: success, version: HTTP/1.1, content: EmptyByteBufBE)
GET /session/b4c44b8ab3ec34df82fcca1e22294ffd/alert/text HTTP/1.1
User-Agent: selenium/4.8.0 (java windows)
Cache-Control: no-cache
Content-Type: application/json; charset=utf-8
host: localhost:39165
accept: */*

Response DefaultHttpResponse(decodeResult: success, version: HTTP/1.1)
HTTP/1.1 404 Not Found
Content-Length: 1522
Content-Type: application/json; charset=utf-8
cache-control: no-cache

11:35:44.755 [AsyncHttpClient-1-2] DEBUG org.asynchttpclient.netty.channel.ChannelManager - Adding key: http://localhost:39165 for channel [id: 0xa10b78a6, L:/127.0.0.1:61155 - R:localhost/127.0.0.1:39165]
11:35:44.756 [Forwarding getCurrentUrl on session b4c44b8ab3ec34df82fcca1e22294ffd to remote] DEBUG org.asynchttpclient.netty.request.NettyRequestSender - Using pooled Channel '[id: 0xa10b78a6, L:/127.0.0.1:61155 - R:localhost/127.0.0.1:39165]' for 'GET' to 'http://localhost:39165/session/b4c44b8ab3ec34df82fcca1e22294ffd/url'
11:35:44.756 [Forwarding getCurrentUrl on session b4c44b8ab3ec34df82fcca1e22294ffd to remote] DEBUG org.asynchttpclient.netty.request.NettyRequestSender - Using open Channel [id: 0xa10b78a6, L:/127.0.0.1:61155 - R:localhost/127.0.0.1:39165] for GET '/session/b4c44b8ab3ec34df82fcca1e22294ffd/url'
11:35:44.761 [AsyncHttpClient-1-2] DEBUG org.asynchttpclient.netty.handler.HttpHandler - 

Request DefaultFullHttpRequest(decodeResult: success, version: HTTP/1.1, content: EmptyByteBufBE)
GET /session/b4c44b8ab3ec34df82fcca1e22294ffd/url HTTP/1.1
User-Agent: selenium/4.8.0 (java windows)
Cache-Control: no-cache
Content-Type: application/json; charset=utf-8
host: localhost:39165
accept: */*

Response DefaultHttpResponse(decodeResult: success, version: HTTP/1.1)
HTTP/1.1 200 OK
Content-Length: 52
Content-Type: application/json; charset=utf-8
cache-control: no-cache

11:35:44.761 [AsyncHttpClient-1-2] DEBUG org.asynchttpclient.netty.channel.ChannelManager - Adding key: http://localhost:39165 for channel [id: 0xa10b78a6, L:/127.0.0.1:61155 - R:localhost/127.0.0.1:39165]
11:35:44.762 [Forwarding screenshot on session b4c44b8ab3ec34df82fcca1e22294ffd to remote] DEBUG org.asynchttpclient.netty.request.NettyRequestSender - Using pooled Channel '[id: 0xa10b78a6, L:/127.0.0.1:61155 - R:localhost/127.0.0.1:39165]' for 'GET' to 'http://localhost:39165/session/b4c44b8ab3ec34df82fcca1e22294ffd/screenshot'
11:35:44.762 [Forwarding screenshot on session b4c44b8ab3ec34df82fcca1e22294ffd to remote] DEBUG org.asynchttpclient.netty.request.NettyRequestSender - Using open Channel [id: 0xa10b78a6, L:/127.0.0.1:61155 - R:localhost/127.0.0.1:39165] for GET '/session/b4c44b8ab3ec34df82fcca1e22294ffd/screenshot'
11:35:44.948 [AsyncHttpClient-1-2] DEBUG org.asynchttpclient.netty.handler.HttpHandler - 

Request DefaultFullHttpRequest(decodeResult: success, version: HTTP/1.1, content: EmptyByteBufBE)
GET /session/b4c44b8ab3ec34df82fcca1e22294ffd/screenshot HTTP/1.1
User-Agent: selenium/4.8.0 (java windows)
Cache-Control: no-cache
Content-Type: application/json; charset=utf-8
host: localhost:39165
accept: */*

Response DefaultHttpResponse(decodeResult: success, version: HTTP/1.1)
HTTP/1.1 200 OK
Content-Length: 507920
Content-Type: application/json; charset=utf-8
cache-control: no-cache

11:35:44.949 [AsyncHttpClient-1-2] DEBUG org.asynchttpclient.netty.channel.ChannelManager - Adding key: http://localhost:39165 for channel [id: 0xa10b78a6, L:/127.0.0.1:61155 - R:localhost/127.0.0.1:39165]
11:35:44.962 [main] DEBUG net.serenitybdd.core.photography.Darkroom - Send negative for processing for target\site\serenity\1a73a20615b8943fcefde46ffca222ec11a53a8b620a6a105e135f8a54e6e0f8.png
11:35:44.964 [Forwarding getPageSource on session b4c44b8ab3ec34df82fcca1e22294ffd to remote] DEBUG org.asynchttpclient.netty.request.NettyRequestSender - Using pooled Channel '[id: 0xa10b78a6, L:/127.0.0.1:61155 - R:localhost/127.0.0.1:39165]' for 'POST' to 'http://localhost:39165/session/b4c44b8ab3ec34df82fcca1e22294ffd/execute/sync'
11:35:44.964 [Forwarding getPageSource on session b4c44b8ab3ec34df82fcca1e22294ffd to remote] DEBUG org.asynchttpclient.netty.request.NettyRequestSender - Using open Channel [id: 0xa10b78a6, L:/127.0.0.1:61155 - R:localhost/127.0.0.1:39165] for POST '/session/b4c44b8ab3ec34df82fcca1e22294ffd/execute/sync'
11:35:44.972 [AsyncHttpClient-1-2] DEBUG org.asynchttpclient.netty.handler.HttpHandler - 

Request DefaultHttpRequest(decodeResult: success, version: HTTP/1.1)
POST /session/b4c44b8ab3ec34df82fcca1e22294ffd/execute/sync HTTP/1.1
User-Agent: selenium/4.8.0 (java windows)
Content-Length: 176
Content-Type: application/json; charset=utf-8
host: localhost:39165
accept: */*

Response DefaultHttpResponse(decodeResult: success, version: HTTP/1.1)
HTTP/1.1 200 OK
Content-Length: 16392
Content-Type: application/json; charset=utf-8
cache-control: no-cache

11:35:44.973 [AsyncHttpClient-1-2] DEBUG org.asynchttpclient.netty.channel.ChannelManager - Adding key: http://localhost:39165 for channel [id: 0xa10b78a6, L:/127.0.0.1:61155 - R:localhost/127.0.0.1:39165]
11:35:44.983 [Forwarding getCurrentUrl on session b4c44b8ab3ec34df82fcca1e22294ffd to remote] DEBUG org.asynchttpclient.netty.request.NettyRequestSender - Using pooled Channel '[id: 0xa10b78a6, L:/127.0.0.1:61155 - R:localhost/127.0.0.1:39165]' for 'GET' to 'http://localhost:39165/session/b4c44b8ab3ec34df82fcca1e22294ffd/url'
11:35:44.983 [Forwarding getCurrentUrl on session b4c44b8ab3ec34df82fcca1e22294ffd to remote] DEBUG org.asynchttpclient.netty.request.NettyRequestSender - Using open Channel [id: 0xa10b78a6, L:/127.0.0.1:61155 - R:localhost/127.0.0.1:39165] for GET '/session/b4c44b8ab3ec34df82fcca1e22294ffd/url'
11:35:44.987 [AsyncHttpClient-1-2] DEBUG org.asynchttpclient.netty.handler.HttpHandler - 

Request DefaultFullHttpRequest(decodeResult: success, version: HTTP/1.1, content: EmptyByteBufBE)
GET /session/b4c44b8ab3ec34df82fcca1e22294ffd/url HTTP/1.1
User-Agent: selenium/4.8.0 (java windows)
Cache-Control: no-cache
Content-Type: application/json; charset=utf-8
host: localhost:39165
accept: */*

Response DefaultHttpResponse(decodeResult: success, version: HTTP/1.1)
HTTP/1.1 200 OK
Content-Length: 52
Content-Type: application/json; charset=utf-8
cache-control: no-cache

11:35:44.987 [AsyncHttpClient-1-2] DEBUG org.asynchttpclient.netty.channel.ChannelManager - Adding key: http://localhost:39165 for channel [id: 0xa10b78a6, L:/127.0.0.1:61155 - R:localhost/127.0.0.1:39165]
11:35:45.010 [Forwarding getPageSource on session b4c44b8ab3ec34df82fcca1e22294ffd to remote] DEBUG org.asynchttpclient.netty.request.NettyRequestSender - Using pooled Channel '[id: 0xa10b78a6, L:/127.0.0.1:61155 - R:localhost/127.0.0.1:39165]' for 'POST' to 'http://localhost:39165/session/b4c44b8ab3ec34df82fcca1e22294ffd/execute/sync'
11:35:45.010 [Forwarding getPageSource on session b4c44b8ab3ec34df82fcca1e22294ffd to remote] DEBUG org.asynchttpclient.netty.request.NettyRequestSender - Using open Channel [id: 0xa10b78a6, L:/127.0.0.1:61155 - R:localhost/127.0.0.1:39165] for POST '/session/b4c44b8ab3ec34df82fcca1e22294ffd/execute/sync'
11:35:45.017 [AsyncHttpClient-1-2] DEBUG org.asynchttpclient.netty.handler.HttpHandler - 

Request DefaultHttpRequest(decodeResult: success, version: HTTP/1.1)
POST /session/b4c44b8ab3ec34df82fcca1e22294ffd/execute/sync HTTP/1.1
User-Agent: selenium/4.8.0 (java windows)
Content-Length: 176
Content-Type: application/json; charset=utf-8
host: localhost:39165
accept: */*

Response DefaultHttpResponse(decodeResult: success, version: HTTP/1.1)
HTTP/1.1 200 OK
Content-Length: 16392
Content-Type: application/json; charset=utf-8
cache-control: no-cache

11:35:45.017 [AsyncHttpClient-1-2] DEBUG org.asynchttpclient.netty.channel.ChannelManager - Adding key: http://localhost:39165 for channel [id: 0xa10b78a6, L:/127.0.0.1:61155 - R:localhost/127.0.0.1:39165]
11:35:45.023 [Forwarding getCurrentUrl on session b4c44b8ab3ec34df82fcca1e22294ffd to remote] DEBUG org.asynchttpclient.netty.request.NettyRequestSender - Using pooled Channel '[id: 0xa10b78a6, L:/127.0.0.1:61155 - R:localhost/127.0.0.1:39165]' for 'GET' to 'http://localhost:39165/session/b4c44b8ab3ec34df82fcca1e22294ffd/url'
11:35:45.023 [Forwarding getCurrentUrl on session b4c44b8ab3ec34df82fcca1e22294ffd to remote] DEBUG org.asynchttpclient.netty.request.NettyRequestSender - Using open Channel [id: 0xa10b78a6, L:/127.0.0.1:61155 - R:localhost/127.0.0.1:39165] for GET '/session/b4c44b8ab3ec34df82fcca1e22294ffd/url'
11:35:45.028 [AsyncHttpClient-1-2] DEBUG org.asynchttpclient.netty.handler.HttpHandler - 

Request DefaultFullHttpRequest(decodeResult: success, version: HTTP/1.1, content: EmptyByteBufBE)
GET /session/b4c44b8ab3ec34df82fcca1e22294ffd/url HTTP/1.1
User-Agent: selenium/4.8.0 (java windows)
Cache-Control: no-cache
Content-Type: application/json; charset=utf-8
host: localhost:39165
accept: */*

Response DefaultHttpResponse(decodeResult: success, version: HTTP/1.1)
HTTP/1.1 200 OK
Content-Length: 52
Content-Type: application/json; charset=utf-8
cache-control: no-cache

11:35:45.028 [AsyncHttpClient-1-2] DEBUG org.asynchttpclient.netty.channel.ChannelManager - Adding key: http://localhost:39165 for channel [id: 0xa10b78a6, L:/127.0.0.1:61155 - R:localhost/127.0.0.1:39165]
11:35:45.039 [main] DEBUG net.thucydides.core.steps.StepInterceptor - STARTING STEP: InventoryPageSteps.test4_validateInventoryPageHeaderAndFooters - validate inverntory page headers
11:35:45.042 [Forwarding findElement on session b4c44b8ab3ec34df82fcca1e22294ffd to remote] DEBUG org.asynchttpclient.netty.request.NettyRequestSender - Using pooled Channel '[id: 0xa10b78a6, L:/127.0.0.1:61155 - R:localhost/127.0.0.1:39165]' for 'POST' to 'http://localhost:39165/session/b4c44b8ab3ec34df82fcca1e22294ffd/element'
11:35:45.042 [Forwarding findElement on session b4c44b8ab3ec34df82fcca1e22294ffd to remote] DEBUG org.asynchttpclient.netty.request.NettyRequestSender - Using open Channel [id: 0xa10b78a6, L:/127.0.0.1:61155 - R:localhost/127.0.0.1:39165] for POST '/session/b4c44b8ab3ec34df82fcca1e22294ffd/element'
11:35:45.057 [AsyncHttpClient-1-2] DEBUG org.asynchttpclient.netty.handler.HttpHandler - 

Request DefaultHttpRequest(decodeResult: success, version: HTTP/1.1)
POST /session/b4c44b8ab3ec34df82fcca1e22294ffd/element HTTP/1.1
User-Agent: selenium/4.8.0 (java windows)
Content-Length: 90
Content-Type: application/json; charset=utf-8
host: localhost:39165
accept: */*

Response DefaultHttpResponse(decodeResult: success, version: HTTP/1.1)
HTTP/1.1 200 OK
Content-Length: 95
Content-Type: application/json; charset=utf-8
cache-control: no-cache

11:35:45.058 [AsyncHttpClient-1-2] DEBUG org.asynchttpclient.netty.channel.ChannelManager - Adding key: http://localhost:39165 for channel [id: 0xa10b78a6, L:/127.0.0.1:61155 - R:localhost/127.0.0.1:39165]
11:35:45.063 [Forwarding isElementDisplayed on session b4c44b8ab3ec34df82fcca1e22294ffd to remote] DEBUG org.asynchttpclient.netty.request.NettyRequestSender - Using pooled Channel '[id: 0xa10b78a6, L:/127.0.0.1:61155 - R:localhost/127.0.0.1:39165]' for 'POST' to 'http://localhost:39165/session/b4c44b8ab3ec34df82fcca1e22294ffd/execute/sync'
11:35:45.063 [Forwarding isElementDisplayed on session b4c44b8ab3ec34df82fcca1e22294ffd to remote] DEBUG org.asynchttpclient.netty.request.NettyRequestSender - Using open Channel [id: 0xa10b78a6, L:/127.0.0.1:61155 - R:localhost/127.0.0.1:39165] for POST '/session/b4c44b8ab3ec34df82fcca1e22294ffd/execute/sync'
11:35:45.072 [AsyncHttpClient-1-2] DEBUG org.asynchttpclient.netty.handler.HttpHandler - 

Request DefaultHttpRequest(decodeResult: success, version: HTTP/1.1)
POST /session/b4c44b8ab3ec34df82fcca1e22294ffd/execute/sync HTTP/1.1
User-Agent: selenium/4.8.0 (java windows)
Content-Length: 48814
Content-Type: application/json; charset=utf-8
host: localhost:39165
accept: */*

Response DefaultHttpResponse(decodeResult: success, version: HTTP/1.1)
HTTP/1.1 200 OK
Content-Length: 14
Content-Type: application/json; charset=utf-8
cache-control: no-cache

11:35:45.072 [AsyncHttpClient-1-2] DEBUG org.asynchttpclient.netty.channel.ChannelManager - Adding key: http://localhost:39165 for channel [id: 0xa10b78a6, L:/127.0.0.1:61155 - R:localhost/127.0.0.1:39165]
11:35:45.073 [Forwarding getElementText on session b4c44b8ab3ec34df82fcca1e22294ffd to remote] DEBUG org.asynchttpclient.netty.request.NettyRequestSender - Using pooled Channel '[id: 0xa10b78a6, L:/127.0.0.1:61155 - R:localhost/127.0.0.1:39165]' for 'GET' to 'http://localhost:39165/session/b4c44b8ab3ec34df82fcca1e22294ffd/element/D6FCA329F55A989BAF0E516CCCB7C1E0_element_27/text'
11:35:45.073 [Forwarding getElementText on session b4c44b8ab3ec34df82fcca1e22294ffd to remote] DEBUG org.asynchttpclient.netty.request.NettyRequestSender - Using open Channel [id: 0xa10b78a6, L:/127.0.0.1:61155 - R:localhost/127.0.0.1:39165] for GET '/session/b4c44b8ab3ec34df82fcca1e22294ffd/element/D6FCA329F55A989BAF0E516CCCB7C1E0_element_27/text'
11:35:45.080 [AsyncHttpClient-1-2] DEBUG org.asynchttpclient.netty.handler.HttpHandler - 

Request DefaultFullHttpRequest(decodeResult: success, version: HTTP/1.1, content: EmptyByteBufBE)
GET /session/b4c44b8ab3ec34df82fcca1e22294ffd/element/D6FCA329F55A989BAF0E516CCCB7C1E0_element_27/text HTTP/1.1
User-Agent: selenium/4.8.0 (java windows)
Cache-Control: no-cache
Content-Type: application/json; charset=utf-8
host: localhost:39165
accept: */*

Response DefaultHttpResponse(decodeResult: success, version: HTTP/1.1)
HTTP/1.1 200 OK
Content-Length: 21
Content-Type: application/json; charset=utf-8
cache-control: no-cache

11:35:45.080 [AsyncHttpClient-1-2] DEBUG org.asynchttpclient.netty.channel.ChannelManager - Adding key: http://localhost:39165 for channel [id: 0xa10b78a6, L:/127.0.0.1:61155 - R:localhost/127.0.0.1:39165]
11:35:45.095 [Forwarding getAlertText on session b4c44b8ab3ec34df82fcca1e22294ffd to remote] DEBUG org.asynchttpclient.netty.request.NettyRequestSender - Using pooled Channel '[id: 0xa10b78a6, L:/127.0.0.1:61155 - R:localhost/127.0.0.1:39165]' for 'GET' to 'http://localhost:39165/session/b4c44b8ab3ec34df82fcca1e22294ffd/alert/text'
11:35:45.095 [Forwarding getAlertText on session b4c44b8ab3ec34df82fcca1e22294ffd to remote] DEBUG org.asynchttpclient.netty.request.NettyRequestSender - Using open Channel [id: 0xa10b78a6, L:/127.0.0.1:61155 - R:localhost/127.0.0.1:39165] for GET '/session/b4c44b8ab3ec34df82fcca1e22294ffd/alert/text'
11:35:45.098 [AsyncHttpClient-1-2] DEBUG org.asynchttpclient.netty.handler.HttpHandler - 

Request DefaultFullHttpRequest(decodeResult: success, version: HTTP/1.1, content: EmptyByteBufBE)
GET /session/b4c44b8ab3ec34df82fcca1e22294ffd/alert/text HTTP/1.1
User-Agent: selenium/4.8.0 (java windows)
Cache-Control: no-cache
Content-Type: application/json; charset=utf-8
host: localhost:39165
accept: */*

Response DefaultHttpResponse(decodeResult: success, version: HTTP/1.1)
HTTP/1.1 404 Not Found
Content-Length: 1522
Content-Type: application/json; charset=utf-8
cache-control: no-cache

11:35:45.098 [AsyncHttpClient-1-2] DEBUG org.asynchttpclient.netty.channel.ChannelManager - Adding key: http://localhost:39165 for channel [id: 0xa10b78a6, L:/127.0.0.1:61155 - R:localhost/127.0.0.1:39165]
11:35:45.101 [Forwarding getCurrentUrl on session b4c44b8ab3ec34df82fcca1e22294ffd to remote] DEBUG org.asynchttpclient.netty.request.NettyRequestSender - Using pooled Channel '[id: 0xa10b78a6, L:/127.0.0.1:61155 - R:localhost/127.0.0.1:39165]' for 'GET' to 'http://localhost:39165/session/b4c44b8ab3ec34df82fcca1e22294ffd/url'
11:35:45.101 [Forwarding getCurrentUrl on session b4c44b8ab3ec34df82fcca1e22294ffd to remote] DEBUG org.asynchttpclient.netty.request.NettyRequestSender - Using open Channel [id: 0xa10b78a6, L:/127.0.0.1:61155 - R:localhost/127.0.0.1:39165] for GET '/session/b4c44b8ab3ec34df82fcca1e22294ffd/url'
11:35:45.106 [AsyncHttpClient-1-2] DEBUG org.asynchttpclient.netty.handler.HttpHandler - 

Request DefaultFullHttpRequest(decodeResult: success, version: HTTP/1.1, content: EmptyByteBufBE)
GET /session/b4c44b8ab3ec34df82fcca1e22294ffd/url HTTP/1.1
User-Agent: selenium/4.8.0 (java windows)
Cache-Control: no-cache
Content-Type: application/json; charset=utf-8
host: localhost:39165
accept: */*

Response DefaultHttpResponse(decodeResult: success, version: HTTP/1.1)
HTTP/1.1 200 OK
Content-Length: 52
Content-Type: application/json; charset=utf-8
cache-control: no-cache

11:35:45.106 [AsyncHttpClient-1-2] DEBUG org.asynchttpclient.netty.channel.ChannelManager - Adding key: http://localhost:39165 for channel [id: 0xa10b78a6, L:/127.0.0.1:61155 - R:localhost/127.0.0.1:39165]
11:35:45.106 [Forwarding screenshot on session b4c44b8ab3ec34df82fcca1e22294ffd to remote] DEBUG org.asynchttpclient.netty.request.NettyRequestSender - Using pooled Channel '[id: 0xa10b78a6, L:/127.0.0.1:61155 - R:localhost/127.0.0.1:39165]' for 'GET' to 'http://localhost:39165/session/b4c44b8ab3ec34df82fcca1e22294ffd/screenshot'
11:35:45.106 [Forwarding screenshot on session b4c44b8ab3ec34df82fcca1e22294ffd to remote] DEBUG org.asynchttpclient.netty.request.NettyRequestSender - Using open Channel [id: 0xa10b78a6, L:/127.0.0.1:61155 - R:localhost/127.0.0.1:39165] for GET '/session/b4c44b8ab3ec34df82fcca1e22294ffd/screenshot'
11:35:45.279 [AsyncHttpClient-1-2] DEBUG org.asynchttpclient.netty.handler.HttpHandler - 

Request DefaultFullHttpRequest(decodeResult: success, version: HTTP/1.1, content: EmptyByteBufBE)
GET /session/b4c44b8ab3ec34df82fcca1e22294ffd/screenshot HTTP/1.1
User-Agent: selenium/4.8.0 (java windows)
Cache-Control: no-cache
Content-Type: application/json; charset=utf-8
host: localhost:39165
accept: */*

Response DefaultHttpResponse(decodeResult: success, version: HTTP/1.1)
HTTP/1.1 200 OK
Content-Length: 507920
Content-Type: application/json; charset=utf-8
cache-control: no-cache

11:35:45.281 [AsyncHttpClient-1-2] DEBUG org.asynchttpclient.netty.channel.ChannelManager - Adding key: http://localhost:39165 for channel [id: 0xa10b78a6, L:/127.0.0.1:61155 - R:localhost/127.0.0.1:39165]
11:35:45.289 [main] DEBUG net.serenitybdd.core.photography.Darkroom - Send negative for processing for target\site\serenity\1a73a20615b8943fcefde46ffca222ec11a53a8b620a6a105e135f8a54e6e0f8.png
11:35:45.291 [Forwarding getPageSource on session b4c44b8ab3ec34df82fcca1e22294ffd to remote] DEBUG org.asynchttpclient.netty.request.NettyRequestSender - Using pooled Channel '[id: 0xa10b78a6, L:/127.0.0.1:61155 - R:localhost/127.0.0.1:39165]' for 'POST' to 'http://localhost:39165/session/b4c44b8ab3ec34df82fcca1e22294ffd/execute/sync'
11:35:45.291 [Forwarding getPageSource on session b4c44b8ab3ec34df82fcca1e22294ffd to remote] DEBUG org.asynchttpclient.netty.request.NettyRequestSender - Using open Channel [id: 0xa10b78a6, L:/127.0.0.1:61155 - R:localhost/127.0.0.1:39165] for POST '/session/b4c44b8ab3ec34df82fcca1e22294ffd/execute/sync'
11:35:45.297 [AsyncHttpClient-1-2] DEBUG org.asynchttpclient.netty.handler.HttpHandler - 

Request DefaultHttpRequest(decodeResult: success, version: HTTP/1.1)
POST /session/b4c44b8ab3ec34df82fcca1e22294ffd/execute/sync HTTP/1.1
User-Agent: selenium/4.8.0 (java windows)
Content-Length: 176
Content-Type: application/json; charset=utf-8
host: localhost:39165
accept: */*

Response DefaultHttpResponse(decodeResult: success, version: HTTP/1.1)
HTTP/1.1 200 OK
Content-Length: 16392
Content-Type: application/json; charset=utf-8
cache-control: no-cache

11:35:45.297 [AsyncHttpClient-1-2] DEBUG org.asynchttpclient.netty.channel.ChannelManager - Adding key: http://localhost:39165 for channel [id: 0xa10b78a6, L:/127.0.0.1:61155 - R:localhost/127.0.0.1:39165]
11:35:45.309 [Forwarding getCurrentUrl on session b4c44b8ab3ec34df82fcca1e22294ffd to remote] DEBUG org.asynchttpclient.netty.request.NettyRequestSender - Using pooled Channel '[id: 0xa10b78a6, L:/127.0.0.1:61155 - R:localhost/127.0.0.1:39165]' for 'GET' to 'http://localhost:39165/session/b4c44b8ab3ec34df82fcca1e22294ffd/url'
11:35:45.309 [Forwarding getCurrentUrl on session b4c44b8ab3ec34df82fcca1e22294ffd to remote] DEBUG org.asynchttpclient.netty.request.NettyRequestSender - Using open Channel [id: 0xa10b78a6, L:/127.0.0.1:61155 - R:localhost/127.0.0.1:39165] for GET '/session/b4c44b8ab3ec34df82fcca1e22294ffd/url'
11:35:45.315 [AsyncHttpClient-1-2] DEBUG org.asynchttpclient.netty.handler.HttpHandler - 

Request DefaultFullHttpRequest(decodeResult: success, version: HTTP/1.1, content: EmptyByteBufBE)
GET /session/b4c44b8ab3ec34df82fcca1e22294ffd/url HTTP/1.1
User-Agent: selenium/4.8.0 (java windows)
Cache-Control: no-cache
Content-Type: application/json; charset=utf-8
host: localhost:39165
accept: */*

Response DefaultHttpResponse(decodeResult: success, version: HTTP/1.1)
HTTP/1.1 200 OK
Content-Length: 52
Content-Type: application/json; charset=utf-8
cache-control: no-cache

11:35:45.315 [AsyncHttpClient-1-2] DEBUG org.asynchttpclient.netty.channel.ChannelManager - Adding key: http://localhost:39165 for channel [id: 0xa10b78a6, L:/127.0.0.1:61155 - R:localhost/127.0.0.1:39165]
11:35:45.341 [Forwarding getAlertText on session b4c44b8ab3ec34df82fcca1e22294ffd to remote] DEBUG org.asynchttpclient.netty.request.NettyRequestSender - Using pooled Channel '[id: 0xa10b78a6, L:/127.0.0.1:61155 - R:localhost/127.0.0.1:39165]' for 'GET' to 'http://localhost:39165/session/b4c44b8ab3ec34df82fcca1e22294ffd/alert/text'
11:35:45.341 [Forwarding getAlertText on session b4c44b8ab3ec34df82fcca1e22294ffd to remote] DEBUG org.asynchttpclient.netty.request.NettyRequestSender - Using open Channel [id: 0xa10b78a6, L:/127.0.0.1:61155 - R:localhost/127.0.0.1:39165] for GET '/session/b4c44b8ab3ec34df82fcca1e22294ffd/alert/text'
11:35:45.343 [AsyncHttpClient-1-2] DEBUG org.asynchttpclient.netty.handler.HttpHandler - 

Request DefaultFullHttpRequest(decodeResult: success, version: HTTP/1.1, content: EmptyByteBufBE)
GET /session/b4c44b8ab3ec34df82fcca1e22294ffd/alert/text HTTP/1.1
User-Agent: selenium/4.8.0 (java windows)
Cache-Control: no-cache
Content-Type: application/json; charset=utf-8
host: localhost:39165
accept: */*

Response DefaultHttpResponse(decodeResult: success, version: HTTP/1.1)
HTTP/1.1 404 Not Found
Content-Length: 1522
Content-Type: application/json; charset=utf-8
cache-control: no-cache

11:35:45.343 [AsyncHttpClient-1-2] DEBUG org.asynchttpclient.netty.channel.ChannelManager - Adding key: http://localhost:39165 for channel [id: 0xa10b78a6, L:/127.0.0.1:61155 - R:localhost/127.0.0.1:39165]
11:35:45.345 [Forwarding getCurrentUrl on session b4c44b8ab3ec34df82fcca1e22294ffd to remote] DEBUG org.asynchttpclient.netty.request.NettyRequestSender - Using pooled Channel '[id: 0xa10b78a6, L:/127.0.0.1:61155 - R:localhost/127.0.0.1:39165]' for 'GET' to 'http://localhost:39165/session/b4c44b8ab3ec34df82fcca1e22294ffd/url'
11:35:45.345 [Forwarding getCurrentUrl on session b4c44b8ab3ec34df82fcca1e22294ffd to remote] DEBUG org.asynchttpclient.netty.request.NettyRequestSender - Using open Channel [id: 0xa10b78a6, L:/127.0.0.1:61155 - R:localhost/127.0.0.1:39165] for GET '/session/b4c44b8ab3ec34df82fcca1e22294ffd/url'
11:35:45.351 [AsyncHttpClient-1-2] DEBUG org.asynchttpclient.netty.handler.HttpHandler - 

Request DefaultFullHttpRequest(decodeResult: success, version: HTTP/1.1, content: EmptyByteBufBE)
GET /session/b4c44b8ab3ec34df82fcca1e22294ffd/url HTTP/1.1
User-Agent: selenium/4.8.0 (java windows)
Cache-Control: no-cache
Content-Type: application/json; charset=utf-8
host: localhost:39165
accept: */*

Response DefaultHttpResponse(decodeResult: success, version: HTTP/1.1)
HTTP/1.1 200 OK
Content-Length: 52
Content-Type: application/json; charset=utf-8
cache-control: no-cache

11:35:45.351 [AsyncHttpClient-1-2] DEBUG org.asynchttpclient.netty.channel.ChannelManager - Adding key: http://localhost:39165 for channel [id: 0xa10b78a6, L:/127.0.0.1:61155 - R:localhost/127.0.0.1:39165]
11:35:45.353 [Forwarding screenshot on session b4c44b8ab3ec34df82fcca1e22294ffd to remote] DEBUG org.asynchttpclient.netty.request.NettyRequestSender - Using pooled Channel '[id: 0xa10b78a6, L:/127.0.0.1:61155 - R:localhost/127.0.0.1:39165]' for 'GET' to 'http://localhost:39165/session/b4c44b8ab3ec34df82fcca1e22294ffd/screenshot'
11:35:45.353 [Forwarding screenshot on session b4c44b8ab3ec34df82fcca1e22294ffd to remote] DEBUG org.asynchttpclient.netty.request.NettyRequestSender - Using open Channel [id: 0xa10b78a6, L:/127.0.0.1:61155 - R:localhost/127.0.0.1:39165] for GET '/session/b4c44b8ab3ec34df82fcca1e22294ffd/screenshot'
11:35:45.527 [AsyncHttpClient-1-2] DEBUG org.asynchttpclient.netty.handler.HttpHandler - 

Request DefaultFullHttpRequest(decodeResult: success, version: HTTP/1.1, content: EmptyByteBufBE)
GET /session/b4c44b8ab3ec34df82fcca1e22294ffd/screenshot HTTP/1.1
User-Agent: selenium/4.8.0 (java windows)
Cache-Control: no-cache
Content-Type: application/json; charset=utf-8
host: localhost:39165
accept: */*

Response DefaultHttpResponse(decodeResult: success, version: HTTP/1.1)
HTTP/1.1 200 OK
Content-Length: 507920
Content-Type: application/json; charset=utf-8
cache-control: no-cache

11:35:45.529 [AsyncHttpClient-1-2] DEBUG org.asynchttpclient.netty.channel.ChannelManager - Adding key: http://localhost:39165 for channel [id: 0xa10b78a6, L:/127.0.0.1:61155 - R:localhost/127.0.0.1:39165]
11:35:45.542 [main] DEBUG net.serenitybdd.core.photography.Darkroom - Send negative for processing for target\site\serenity\1a73a20615b8943fcefde46ffca222ec11a53a8b620a6a105e135f8a54e6e0f8.png
11:35:45.542 [main] INFO  com.swaglabs.base.SetUp - inverntory page header validated
11:35:45.547 [main] DEBUG net.thucydides.core.steps.StepInterceptor - STEP DONE: validate inverntory page headers
11:35:45.555 [Forwarding getPageSource on session b4c44b8ab3ec34df82fcca1e22294ffd to remote] DEBUG org.asynchttpclient.netty.request.NettyRequestSender - Using pooled Channel '[id: 0xa10b78a6, L:/127.0.0.1:61155 - R:localhost/127.0.0.1:39165]' for 'POST' to 'http://localhost:39165/session/b4c44b8ab3ec34df82fcca1e22294ffd/execute/sync'
11:35:45.555 [Forwarding getPageSource on session b4c44b8ab3ec34df82fcca1e22294ffd to remote] DEBUG org.asynchttpclient.netty.request.NettyRequestSender - Using open Channel [id: 0xa10b78a6, L:/127.0.0.1:61155 - R:localhost/127.0.0.1:39165] for POST '/session/b4c44b8ab3ec34df82fcca1e22294ffd/execute/sync'
11:35:45.562 [AsyncHttpClient-1-2] DEBUG org.asynchttpclient.netty.handler.HttpHandler - 

Request DefaultHttpRequest(decodeResult: success, version: HTTP/1.1)
POST /session/b4c44b8ab3ec34df82fcca1e22294ffd/execute/sync HTTP/1.1
User-Agent: selenium/4.8.0 (java windows)
Content-Length: 176
Content-Type: application/json; charset=utf-8
host: localhost:39165
accept: */*

Response DefaultHttpResponse(decodeResult: success, version: HTTP/1.1)
HTTP/1.1 200 OK
Content-Length: 16392
Content-Type: application/json; charset=utf-8
cache-control: no-cache

11:35:45.563 [AsyncHttpClient-1-2] DEBUG org.asynchttpclient.netty.channel.ChannelManager - Adding key: http://localhost:39165 for channel [id: 0xa10b78a6, L:/127.0.0.1:61155 - R:localhost/127.0.0.1:39165]
11:35:45.565 [Forwarding getCurrentUrl on session b4c44b8ab3ec34df82fcca1e22294ffd to remote] DEBUG org.asynchttpclient.netty.request.NettyRequestSender - Using pooled Channel '[id: 0xa10b78a6, L:/127.0.0.1:61155 - R:localhost/127.0.0.1:39165]' for 'GET' to 'http://localhost:39165/session/b4c44b8ab3ec34df82fcca1e22294ffd/url'
11:35:45.565 [Forwarding getCurrentUrl on session b4c44b8ab3ec34df82fcca1e22294ffd to remote] DEBUG org.asynchttpclient.netty.request.NettyRequestSender - Using open Channel [id: 0xa10b78a6, L:/127.0.0.1:61155 - R:localhost/127.0.0.1:39165] for GET '/session/b4c44b8ab3ec34df82fcca1e22294ffd/url'
11:35:45.573 [AsyncHttpClient-1-2] DEBUG org.asynchttpclient.netty.handler.HttpHandler - 

Request DefaultFullHttpRequest(decodeResult: success, version: HTTP/1.1, content: EmptyByteBufBE)
GET /session/b4c44b8ab3ec34df82fcca1e22294ffd/url HTTP/1.1
User-Agent: selenium/4.8.0 (java windows)
Cache-Control: no-cache
Content-Type: application/json; charset=utf-8
host: localhost:39165
accept: */*

Response DefaultHttpResponse(decodeResult: success, version: HTTP/1.1)
HTTP/1.1 200 OK
Content-Length: 52
Content-Type: application/json; charset=utf-8
cache-control: no-cache

11:35:45.573 [AsyncHttpClient-1-2] DEBUG org.asynchttpclient.netty.channel.ChannelManager - Adding key: http://localhost:39165 for channel [id: 0xa10b78a6, L:/127.0.0.1:61155 - R:localhost/127.0.0.1:39165]
11:35:45.580 [main] DEBUG net.thucydides.core.steps.StepInterceptor - STARTING STEP: InventoryPageSteps.test4_validateInventoryPageHeaderAndFooters - validate  secondary headers
11:35:45.583 [Forwarding findElement on session b4c44b8ab3ec34df82fcca1e22294ffd to remote] DEBUG org.asynchttpclient.netty.request.NettyRequestSender - Using pooled Channel '[id: 0xa10b78a6, L:/127.0.0.1:61155 - R:localhost/127.0.0.1:39165]' for 'POST' to 'http://localhost:39165/session/b4c44b8ab3ec34df82fcca1e22294ffd/element'
11:35:45.583 [Forwarding findElement on session b4c44b8ab3ec34df82fcca1e22294ffd to remote] DEBUG org.asynchttpclient.netty.request.NettyRequestSender - Using open Channel [id: 0xa10b78a6, L:/127.0.0.1:61155 - R:localhost/127.0.0.1:39165] for POST '/session/b4c44b8ab3ec34df82fcca1e22294ffd/element'
11:35:45.596 [AsyncHttpClient-1-2] DEBUG org.asynchttpclient.netty.handler.HttpHandler - 

Request DefaultHttpRequest(decodeResult: success, version: HTTP/1.1)
POST /session/b4c44b8ab3ec34df82fcca1e22294ffd/element HTTP/1.1
User-Agent: selenium/4.8.0 (java windows)
Content-Length: 124
Content-Type: application/json; charset=utf-8
host: localhost:39165
accept: */*

Response DefaultHttpResponse(decodeResult: success, version: HTTP/1.1)
HTTP/1.1 200 OK
Content-Length: 95
Content-Type: application/json; charset=utf-8
cache-control: no-cache

11:35:45.596 [AsyncHttpClient-1-2] DEBUG org.asynchttpclient.netty.channel.ChannelManager - Adding key: http://localhost:39165 for channel [id: 0xa10b78a6, L:/127.0.0.1:61155 - R:localhost/127.0.0.1:39165]
11:35:45.598 [Forwarding isElementDisplayed on session b4c44b8ab3ec34df82fcca1e22294ffd to remote] DEBUG org.asynchttpclient.netty.request.NettyRequestSender - Using pooled Channel '[id: 0xa10b78a6, L:/127.0.0.1:61155 - R:localhost/127.0.0.1:39165]' for 'POST' to 'http://localhost:39165/session/b4c44b8ab3ec34df82fcca1e22294ffd/execute/sync'
11:35:45.598 [Forwarding isElementDisplayed on session b4c44b8ab3ec34df82fcca1e22294ffd to remote] DEBUG org.asynchttpclient.netty.request.NettyRequestSender - Using open Channel [id: 0xa10b78a6, L:/127.0.0.1:61155 - R:localhost/127.0.0.1:39165] for POST '/session/b4c44b8ab3ec34df82fcca1e22294ffd/execute/sync'
11:35:45.607 [AsyncHttpClient-1-2] DEBUG org.asynchttpclient.netty.handler.HttpHandler - 

Request DefaultHttpRequest(decodeResult: success, version: HTTP/1.1)
POST /session/b4c44b8ab3ec34df82fcca1e22294ffd/execute/sync HTTP/1.1
User-Agent: selenium/4.8.0 (java windows)
Content-Length: 48814
Content-Type: application/json; charset=utf-8
host: localhost:39165
accept: */*

Response DefaultHttpResponse(decodeResult: success, version: HTTP/1.1)
HTTP/1.1 200 OK
Content-Length: 14
Content-Type: application/json; charset=utf-8
cache-control: no-cache

11:35:45.607 [AsyncHttpClient-1-2] DEBUG org.asynchttpclient.netty.channel.ChannelManager - Adding key: http://localhost:39165 for channel [id: 0xa10b78a6, L:/127.0.0.1:61155 - R:localhost/127.0.0.1:39165]
11:35:45.608 [Forwarding getElementText on session b4c44b8ab3ec34df82fcca1e22294ffd to remote] DEBUG org.asynchttpclient.netty.request.NettyRequestSender - Using pooled Channel '[id: 0xa10b78a6, L:/127.0.0.1:61155 - R:localhost/127.0.0.1:39165]' for 'GET' to 'http://localhost:39165/session/b4c44b8ab3ec34df82fcca1e22294ffd/element/D6FCA329F55A989BAF0E516CCCB7C1E0_element_28/text'
11:35:45.608 [Forwarding getElementText on session b4c44b8ab3ec34df82fcca1e22294ffd to remote] DEBUG org.asynchttpclient.netty.request.NettyRequestSender - Using open Channel [id: 0xa10b78a6, L:/127.0.0.1:61155 - R:localhost/127.0.0.1:39165] for GET '/session/b4c44b8ab3ec34df82fcca1e22294ffd/element/D6FCA329F55A989BAF0E516CCCB7C1E0_element_28/text'
11:35:45.616 [AsyncHttpClient-1-2] DEBUG org.asynchttpclient.netty.handler.HttpHandler - 

Request DefaultFullHttpRequest(decodeResult: success, version: HTTP/1.1, content: EmptyByteBufBE)
GET /session/b4c44b8ab3ec34df82fcca1e22294ffd/element/D6FCA329F55A989BAF0E516CCCB7C1E0_element_28/text HTTP/1.1
User-Agent: selenium/4.8.0 (java windows)
Cache-Control: no-cache
Content-Type: application/json; charset=utf-8
host: localhost:39165
accept: */*

Response DefaultHttpResponse(decodeResult: success, version: HTTP/1.1)
HTTP/1.1 200 OK
Content-Length: 20
Content-Type: application/json; charset=utf-8
cache-control: no-cache

11:35:45.616 [AsyncHttpClient-1-2] DEBUG org.asynchttpclient.netty.channel.ChannelManager - Adding key: http://localhost:39165 for channel [id: 0xa10b78a6, L:/127.0.0.1:61155 - R:localhost/127.0.0.1:39165]
11:35:45.616 [main] INFO  com.swaglabs.base.SetUp - secondary header  validation passed
11:35:45.619 [Forwarding getAlertText on session b4c44b8ab3ec34df82fcca1e22294ffd to remote] DEBUG org.asynchttpclient.netty.request.NettyRequestSender - Using pooled Channel '[id: 0xa10b78a6, L:/127.0.0.1:61155 - R:localhost/127.0.0.1:39165]' for 'GET' to 'http://localhost:39165/session/b4c44b8ab3ec34df82fcca1e22294ffd/alert/text'
11:35:45.620 [Forwarding getAlertText on session b4c44b8ab3ec34df82fcca1e22294ffd to remote] DEBUG org.asynchttpclient.netty.request.NettyRequestSender - Using open Channel [id: 0xa10b78a6, L:/127.0.0.1:61155 - R:localhost/127.0.0.1:39165] for GET '/session/b4c44b8ab3ec34df82fcca1e22294ffd/alert/text'
11:35:45.621 [AsyncHttpClient-1-2] DEBUG org.asynchttpclient.netty.handler.HttpHandler - 

Request DefaultFullHttpRequest(decodeResult: success, version: HTTP/1.1, content: EmptyByteBufBE)
GET /session/b4c44b8ab3ec34df82fcca1e22294ffd/alert/text HTTP/1.1
User-Agent: selenium/4.8.0 (java windows)
Cache-Control: no-cache
Content-Type: application/json; charset=utf-8
host: localhost:39165
accept: */*

Response DefaultHttpResponse(decodeResult: success, version: HTTP/1.1)
HTTP/1.1 404 Not Found
Content-Length: 1522
Content-Type: application/json; charset=utf-8
cache-control: no-cache

11:35:45.621 [AsyncHttpClient-1-2] DEBUG org.asynchttpclient.netty.channel.ChannelManager - Adding key: http://localhost:39165 for channel [id: 0xa10b78a6, L:/127.0.0.1:61155 - R:localhost/127.0.0.1:39165]
11:35:45.623 [Forwarding getCurrentUrl on session b4c44b8ab3ec34df82fcca1e22294ffd to remote] DEBUG org.asynchttpclient.netty.request.NettyRequestSender - Using pooled Channel '[id: 0xa10b78a6, L:/127.0.0.1:61155 - R:localhost/127.0.0.1:39165]' for 'GET' to 'http://localhost:39165/session/b4c44b8ab3ec34df82fcca1e22294ffd/url'
11:35:45.623 [Forwarding getCurrentUrl on session b4c44b8ab3ec34df82fcca1e22294ffd to remote] DEBUG org.asynchttpclient.netty.request.NettyRequestSender - Using open Channel [id: 0xa10b78a6, L:/127.0.0.1:61155 - R:localhost/127.0.0.1:39165] for GET '/session/b4c44b8ab3ec34df82fcca1e22294ffd/url'
11:35:45.626 [AsyncHttpClient-1-2] DEBUG org.asynchttpclient.netty.handler.HttpHandler - 

Request DefaultFullHttpRequest(decodeResult: success, version: HTTP/1.1, content: EmptyByteBufBE)
GET /session/b4c44b8ab3ec34df82fcca1e22294ffd/url HTTP/1.1
User-Agent: selenium/4.8.0 (java windows)
Cache-Control: no-cache
Content-Type: application/json; charset=utf-8
host: localhost:39165
accept: */*

Response DefaultHttpResponse(decodeResult: success, version: HTTP/1.1)
HTTP/1.1 200 OK
Content-Length: 52
Content-Type: application/json; charset=utf-8
cache-control: no-cache

11:35:45.626 [AsyncHttpClient-1-2] DEBUG org.asynchttpclient.netty.channel.ChannelManager - Adding key: http://localhost:39165 for channel [id: 0xa10b78a6, L:/127.0.0.1:61155 - R:localhost/127.0.0.1:39165]
11:35:45.627 [Forwarding screenshot on session b4c44b8ab3ec34df82fcca1e22294ffd to remote] DEBUG org.asynchttpclient.netty.request.NettyRequestSender - Using pooled Channel '[id: 0xa10b78a6, L:/127.0.0.1:61155 - R:localhost/127.0.0.1:39165]' for 'GET' to 'http://localhost:39165/session/b4c44b8ab3ec34df82fcca1e22294ffd/screenshot'
11:35:45.627 [Forwarding screenshot on session b4c44b8ab3ec34df82fcca1e22294ffd to remote] DEBUG org.asynchttpclient.netty.request.NettyRequestSender - Using open Channel [id: 0xa10b78a6, L:/127.0.0.1:61155 - R:localhost/127.0.0.1:39165] for GET '/session/b4c44b8ab3ec34df82fcca1e22294ffd/screenshot'
11:35:45.633 [AsyncHttpClient-1-1] DEBUG org.asynchttpclient.netty.channel.DefaultChannelPool - Entry count for : http://localhost:61159 : 1
11:35:45.799 [AsyncHttpClient-1-2] DEBUG org.asynchttpclient.netty.handler.HttpHandler - 

Request DefaultFullHttpRequest(decodeResult: success, version: HTTP/1.1, content: EmptyByteBufBE)
GET /session/b4c44b8ab3ec34df82fcca1e22294ffd/screenshot HTTP/1.1
User-Agent: selenium/4.8.0 (java windows)
Cache-Control: no-cache
Content-Type: application/json; charset=utf-8
host: localhost:39165
accept: */*

Response DefaultHttpResponse(decodeResult: success, version: HTTP/1.1)
HTTP/1.1 200 OK
Content-Length: 507920
Content-Type: application/json; charset=utf-8
cache-control: no-cache

11:35:45.801 [AsyncHttpClient-1-2] DEBUG org.asynchttpclient.netty.channel.ChannelManager - Adding key: http://localhost:39165 for channel [id: 0xa10b78a6, L:/127.0.0.1:61155 - R:localhost/127.0.0.1:39165]
11:35:45.819 [main] DEBUG net.serenitybdd.core.photography.Darkroom - Send negative for processing for target\site\serenity\1a73a20615b8943fcefde46ffca222ec11a53a8b620a6a105e135f8a54e6e0f8.png
11:35:45.820 [main] DEBUG net.thucydides.core.steps.StepInterceptor - STEP DONE: validate  secondary headers
11:35:45.825 [Forwarding getPageSource on session b4c44b8ab3ec34df82fcca1e22294ffd to remote] DEBUG org.asynchttpclient.netty.request.NettyRequestSender - Using pooled Channel '[id: 0xa10b78a6, L:/127.0.0.1:61155 - R:localhost/127.0.0.1:39165]' for 'POST' to 'http://localhost:39165/session/b4c44b8ab3ec34df82fcca1e22294ffd/execute/sync'
11:35:45.825 [Forwarding getPageSource on session b4c44b8ab3ec34df82fcca1e22294ffd to remote] DEBUG org.asynchttpclient.netty.request.NettyRequestSender - Using open Channel [id: 0xa10b78a6, L:/127.0.0.1:61155 - R:localhost/127.0.0.1:39165] for POST '/session/b4c44b8ab3ec34df82fcca1e22294ffd/execute/sync'
11:35:45.835 [AsyncHttpClient-1-2] DEBUG org.asynchttpclient.netty.handler.HttpHandler - 

Request DefaultHttpRequest(decodeResult: success, version: HTTP/1.1)
POST /session/b4c44b8ab3ec34df82fcca1e22294ffd/execute/sync HTTP/1.1
User-Agent: selenium/4.8.0 (java windows)
Content-Length: 176
Content-Type: application/json; charset=utf-8
host: localhost:39165
accept: */*

Response DefaultHttpResponse(decodeResult: success, version: HTTP/1.1)
HTTP/1.1 200 OK
Content-Length: 16392
Content-Type: application/json; charset=utf-8
cache-control: no-cache

11:35:45.835 [AsyncHttpClient-1-2] DEBUG org.asynchttpclient.netty.channel.ChannelManager - Adding key: http://localhost:39165 for channel [id: 0xa10b78a6, L:/127.0.0.1:61155 - R:localhost/127.0.0.1:39165]
11:35:45.838 [Forwarding getCurrentUrl on session b4c44b8ab3ec34df82fcca1e22294ffd to remote] DEBUG org.asynchttpclient.netty.request.NettyRequestSender - Using pooled Channel '[id: 0xa10b78a6, L:/127.0.0.1:61155 - R:localhost/127.0.0.1:39165]' for 'GET' to 'http://localhost:39165/session/b4c44b8ab3ec34df82fcca1e22294ffd/url'
11:35:45.838 [Forwarding getCurrentUrl on session b4c44b8ab3ec34df82fcca1e22294ffd to remote] DEBUG org.asynchttpclient.netty.request.NettyRequestSender - Using open Channel [id: 0xa10b78a6, L:/127.0.0.1:61155 - R:localhost/127.0.0.1:39165] for GET '/session/b4c44b8ab3ec34df82fcca1e22294ffd/url'
11:35:45.845 [AsyncHttpClient-1-2] DEBUG org.asynchttpclient.netty.handler.HttpHandler - 

Request DefaultFullHttpRequest(decodeResult: success, version: HTTP/1.1, content: EmptyByteBufBE)
GET /session/b4c44b8ab3ec34df82fcca1e22294ffd/url HTTP/1.1
User-Agent: selenium/4.8.0 (java windows)
Cache-Control: no-cache
Content-Type: application/json; charset=utf-8
host: localhost:39165
accept: */*

Response DefaultHttpResponse(decodeResult: success, version: HTTP/1.1)
HTTP/1.1 200 OK
Content-Length: 52
Content-Type: application/json; charset=utf-8
cache-control: no-cache

11:35:45.845 [AsyncHttpClient-1-2] DEBUG org.asynchttpclient.netty.channel.ChannelManager - Adding key: http://localhost:39165 for channel [id: 0xa10b78a6, L:/127.0.0.1:61155 - R:localhost/127.0.0.1:39165]
11:35:45.853 [main] DEBUG net.thucydides.core.steps.StepInterceptor - STARTING STEP: InventoryPageSteps.test4_validateInventoryPageHeaderAndFooters - validate Filter
11:35:45.855 [Forwarding findElements on session b4c44b8ab3ec34df82fcca1e22294ffd to remote] DEBUG org.asynchttpclient.netty.request.NettyRequestSender - Using pooled Channel '[id: 0xa10b78a6, L:/127.0.0.1:61155 - R:localhost/127.0.0.1:39165]' for 'POST' to 'http://localhost:39165/session/b4c44b8ab3ec34df82fcca1e22294ffd/elements'
11:35:45.855 [Forwarding findElements on session b4c44b8ab3ec34df82fcca1e22294ffd to remote] DEBUG org.asynchttpclient.netty.request.NettyRequestSender - Using open Channel [id: 0xa10b78a6, L:/127.0.0.1:61155 - R:localhost/127.0.0.1:39165] for POST '/session/b4c44b8ab3ec34df82fcca1e22294ffd/elements'
11:35:45.867 [AsyncHttpClient-1-2] DEBUG org.asynchttpclient.netty.handler.HttpHandler - 

Request DefaultHttpRequest(decodeResult: success, version: HTTP/1.1)
POST /session/b4c44b8ab3ec34df82fcca1e22294ffd/elements HTTP/1.1
User-Agent: selenium/4.8.0 (java windows)
Content-Length: 88
Content-Type: application/json; charset=utf-8
host: localhost:39165
accept: */*

Response DefaultHttpResponse(decodeResult: success, version: HTTP/1.1)
HTTP/1.1 200 OK
Content-Length: 97
Content-Type: application/json; charset=utf-8
cache-control: no-cache

11:35:45.867 [AsyncHttpClient-1-2] DEBUG org.asynchttpclient.netty.channel.ChannelManager - Adding key: http://localhost:39165 for channel [id: 0xa10b78a6, L:/127.0.0.1:61155 - R:localhost/127.0.0.1:39165]
11:35:45.873 [Forwarding findElements on session b4c44b8ab3ec34df82fcca1e22294ffd to remote] DEBUG org.asynchttpclient.netty.request.NettyRequestSender - Using pooled Channel '[id: 0xa10b78a6, L:/127.0.0.1:61155 - R:localhost/127.0.0.1:39165]' for 'POST' to 'http://localhost:39165/session/b4c44b8ab3ec34df82fcca1e22294ffd/elements'
11:35:45.873 [Forwarding findElements on session b4c44b8ab3ec34df82fcca1e22294ffd to remote] DEBUG org.asynchttpclient.netty.request.NettyRequestSender - Using open Channel [id: 0xa10b78a6, L:/127.0.0.1:61155 - R:localhost/127.0.0.1:39165] for POST '/session/b4c44b8ab3ec34df82fcca1e22294ffd/elements'
11:35:45.881 [AsyncHttpClient-1-2] DEBUG org.asynchttpclient.netty.handler.HttpHandler - 

Request DefaultHttpRequest(decodeResult: success, version: HTTP/1.1)
POST /session/b4c44b8ab3ec34df82fcca1e22294ffd/elements HTTP/1.1
User-Agent: selenium/4.8.0 (java windows)
Content-Length: 88
Content-Type: application/json; charset=utf-8
host: localhost:39165
accept: */*

Response DefaultHttpResponse(decodeResult: success, version: HTTP/1.1)
HTTP/1.1 200 OK
Content-Length: 97
Content-Type: application/json; charset=utf-8
cache-control: no-cache

11:35:45.881 [AsyncHttpClient-1-2] DEBUG org.asynchttpclient.netty.channel.ChannelManager - Adding key: http://localhost:39165 for channel [id: 0xa10b78a6, L:/127.0.0.1:61155 - R:localhost/127.0.0.1:39165]
11:35:45.885 [Forwarding getElementText on session b4c44b8ab3ec34df82fcca1e22294ffd to remote] DEBUG org.asynchttpclient.netty.request.NettyRequestSender - Using pooled Channel '[id: 0xa10b78a6, L:/127.0.0.1:61155 - R:localhost/127.0.0.1:39165]' for 'GET' to 'http://localhost:39165/session/b4c44b8ab3ec34df82fcca1e22294ffd/element/D6FCA329F55A989BAF0E516CCCB7C1E0_element_20/text'
11:35:45.885 [Forwarding getElementText on session b4c44b8ab3ec34df82fcca1e22294ffd to remote] DEBUG org.asynchttpclient.netty.request.NettyRequestSender - Using open Channel [id: 0xa10b78a6, L:/127.0.0.1:61155 - R:localhost/127.0.0.1:39165] for GET '/session/b4c44b8ab3ec34df82fcca1e22294ffd/element/D6FCA329F55A989BAF0E516CCCB7C1E0_element_20/text'
11:35:45.896 [AsyncHttpClient-1-2] DEBUG org.asynchttpclient.netty.handler.HttpHandler - 

Request DefaultFullHttpRequest(decodeResult: success, version: HTTP/1.1, content: EmptyByteBufBE)
GET /session/b4c44b8ab3ec34df82fcca1e22294ffd/element/D6FCA329F55A989BAF0E516CCCB7C1E0_element_20/text HTTP/1.1
User-Agent: selenium/4.8.0 (java windows)
Cache-Control: no-cache
Content-Type: application/json; charset=utf-8
host: localhost:39165
accept: */*

Response DefaultHttpResponse(decodeResult: success, version: HTTP/1.1)
HTTP/1.1 200 OK
Content-Length: 82
Content-Type: application/json; charset=utf-8
cache-control: no-cache

11:35:45.896 [AsyncHttpClient-1-2] DEBUG org.asynchttpclient.netty.channel.ChannelManager - Adding key: http://localhost:39165 for channel [id: 0xa10b78a6, L:/127.0.0.1:61155 - R:localhost/127.0.0.1:39165]
11:35:45.897 [main] INFO  com.swaglabs.base.SetUp - Name(A to Z)not validated
11:35:45.898 [Forwarding findElements on session b4c44b8ab3ec34df82fcca1e22294ffd to remote] DEBUG org.asynchttpclient.netty.request.NettyRequestSender - Using pooled Channel '[id: 0xa10b78a6, L:/127.0.0.1:61155 - R:localhost/127.0.0.1:39165]' for 'POST' to 'http://localhost:39165/session/b4c44b8ab3ec34df82fcca1e22294ffd/elements'
11:35:45.898 [Forwarding findElements on session b4c44b8ab3ec34df82fcca1e22294ffd to remote] DEBUG org.asynchttpclient.netty.request.NettyRequestSender - Using open Channel [id: 0xa10b78a6, L:/127.0.0.1:61155 - R:localhost/127.0.0.1:39165] for POST '/session/b4c44b8ab3ec34df82fcca1e22294ffd/elements'
11:35:45.908 [AsyncHttpClient-1-2] DEBUG org.asynchttpclient.netty.handler.HttpHandler - 

Request DefaultHttpRequest(decodeResult: success, version: HTTP/1.1)
POST /session/b4c44b8ab3ec34df82fcca1e22294ffd/elements HTTP/1.1
User-Agent: selenium/4.8.0 (java windows)
Content-Length: 88
Content-Type: application/json; charset=utf-8
host: localhost:39165
accept: */*

Response DefaultHttpResponse(decodeResult: success, version: HTTP/1.1)
HTTP/1.1 200 OK
Content-Length: 97
Content-Type: application/json; charset=utf-8
cache-control: no-cache

11:35:45.908 [AsyncHttpClient-1-2] DEBUG org.asynchttpclient.netty.channel.ChannelManager - Adding key: http://localhost:39165 for channel [id: 0xa10b78a6, L:/127.0.0.1:61155 - R:localhost/127.0.0.1:39165]
11:35:45.914 [Forwarding getAlertText on session b4c44b8ab3ec34df82fcca1e22294ffd to remote] DEBUG org.asynchttpclient.netty.request.NettyRequestSender - Using pooled Channel '[id: 0xa10b78a6, L:/127.0.0.1:61155 - R:localhost/127.0.0.1:39165]' for 'GET' to 'http://localhost:39165/session/b4c44b8ab3ec34df82fcca1e22294ffd/alert/text'
11:35:45.914 [Forwarding getAlertText on session b4c44b8ab3ec34df82fcca1e22294ffd to remote] DEBUG org.asynchttpclient.netty.request.NettyRequestSender - Using open Channel [id: 0xa10b78a6, L:/127.0.0.1:61155 - R:localhost/127.0.0.1:39165] for GET '/session/b4c44b8ab3ec34df82fcca1e22294ffd/alert/text'
11:35:45.916 [AsyncHttpClient-1-2] DEBUG org.asynchttpclient.netty.handler.HttpHandler - 

Request DefaultFullHttpRequest(decodeResult: success, version: HTTP/1.1, content: EmptyByteBufBE)
GET /session/b4c44b8ab3ec34df82fcca1e22294ffd/alert/text HTTP/1.1
User-Agent: selenium/4.8.0 (java windows)
Cache-Control: no-cache
Content-Type: application/json; charset=utf-8
host: localhost:39165
accept: */*

Response DefaultHttpResponse(decodeResult: success, version: HTTP/1.1)
HTTP/1.1 404 Not Found
Content-Length: 1522
Content-Type: application/json; charset=utf-8
cache-control: no-cache

11:35:45.916 [AsyncHttpClient-1-2] DEBUG org.asynchttpclient.netty.channel.ChannelManager - Adding key: http://localhost:39165 for channel [id: 0xa10b78a6, L:/127.0.0.1:61155 - R:localhost/127.0.0.1:39165]
11:35:45.918 [Forwarding getCurrentUrl on session b4c44b8ab3ec34df82fcca1e22294ffd to remote] DEBUG org.asynchttpclient.netty.request.NettyRequestSender - Using pooled Channel '[id: 0xa10b78a6, L:/127.0.0.1:61155 - R:localhost/127.0.0.1:39165]' for 'GET' to 'http://localhost:39165/session/b4c44b8ab3ec34df82fcca1e22294ffd/url'
11:35:45.918 [Forwarding getCurrentUrl on session b4c44b8ab3ec34df82fcca1e22294ffd to remote] DEBUG org.asynchttpclient.netty.request.NettyRequestSender - Using open Channel [id: 0xa10b78a6, L:/127.0.0.1:61155 - R:localhost/127.0.0.1:39165] for GET '/session/b4c44b8ab3ec34df82fcca1e22294ffd/url'
11:35:45.924 [AsyncHttpClient-1-2] DEBUG org.asynchttpclient.netty.handler.HttpHandler - 

Request DefaultFullHttpRequest(decodeResult: success, version: HTTP/1.1, content: EmptyByteBufBE)
GET /session/b4c44b8ab3ec34df82fcca1e22294ffd/url HTTP/1.1
User-Agent: selenium/4.8.0 (java windows)
Cache-Control: no-cache
Content-Type: application/json; charset=utf-8
host: localhost:39165
accept: */*

Response DefaultHttpResponse(decodeResult: success, version: HTTP/1.1)
HTTP/1.1 200 OK
Content-Length: 52
Content-Type: application/json; charset=utf-8
cache-control: no-cache

11:35:45.924 [AsyncHttpClient-1-2] DEBUG org.asynchttpclient.netty.channel.ChannelManager - Adding key: http://localhost:39165 for channel [id: 0xa10b78a6, L:/127.0.0.1:61155 - R:localhost/127.0.0.1:39165]
11:35:45.925 [Forwarding screenshot on session b4c44b8ab3ec34df82fcca1e22294ffd to remote] DEBUG org.asynchttpclient.netty.request.NettyRequestSender - Using pooled Channel '[id: 0xa10b78a6, L:/127.0.0.1:61155 - R:localhost/127.0.0.1:39165]' for 'GET' to 'http://localhost:39165/session/b4c44b8ab3ec34df82fcca1e22294ffd/screenshot'
11:35:45.925 [Forwarding screenshot on session b4c44b8ab3ec34df82fcca1e22294ffd to remote] DEBUG org.asynchttpclient.netty.request.NettyRequestSender - Using open Channel [id: 0xa10b78a6, L:/127.0.0.1:61155 - R:localhost/127.0.0.1:39165] for GET '/session/b4c44b8ab3ec34df82fcca1e22294ffd/screenshot'
11:35:46.111 [AsyncHttpClient-1-2] DEBUG org.asynchttpclient.netty.handler.HttpHandler - 

Request DefaultFullHttpRequest(decodeResult: success, version: HTTP/1.1, content: EmptyByteBufBE)
GET /session/b4c44b8ab3ec34df82fcca1e22294ffd/screenshot HTTP/1.1
User-Agent: selenium/4.8.0 (java windows)
Cache-Control: no-cache
Content-Type: application/json; charset=utf-8
host: localhost:39165
accept: */*

Response DefaultHttpResponse(decodeResult: success, version: HTTP/1.1)
HTTP/1.1 200 OK
Content-Length: 507920
Content-Type: application/json; charset=utf-8
cache-control: no-cache

11:35:46.113 [AsyncHttpClient-1-2] DEBUG org.asynchttpclient.netty.channel.ChannelManager - Adding key: http://localhost:39165 for channel [id: 0xa10b78a6, L:/127.0.0.1:61155 - R:localhost/127.0.0.1:39165]
11:35:46.125 [main] DEBUG net.serenitybdd.core.photography.Darkroom - Send negative for processing for target\site\serenity\1a73a20615b8943fcefde46ffca222ec11a53a8b620a6a105e135f8a54e6e0f8.png
11:35:46.125 [main] DEBUG net.thucydides.core.steps.StepInterceptor - STEP DONE: validate Filter
11:35:46.132 [Forwarding getPageSource on session b4c44b8ab3ec34df82fcca1e22294ffd to remote] DEBUG org.asynchttpclient.netty.request.NettyRequestSender - Using pooled Channel '[id: 0xa10b78a6, L:/127.0.0.1:61155 - R:localhost/127.0.0.1:39165]' for 'POST' to 'http://localhost:39165/session/b4c44b8ab3ec34df82fcca1e22294ffd/execute/sync'
11:35:46.132 [Forwarding getPageSource on session b4c44b8ab3ec34df82fcca1e22294ffd to remote] DEBUG org.asynchttpclient.netty.request.NettyRequestSender - Using open Channel [id: 0xa10b78a6, L:/127.0.0.1:61155 - R:localhost/127.0.0.1:39165] for POST '/session/b4c44b8ab3ec34df82fcca1e22294ffd/execute/sync'
11:35:46.138 [AsyncHttpClient-1-2] DEBUG org.asynchttpclient.netty.handler.HttpHandler - 

Request DefaultHttpRequest(decodeResult: success, version: HTTP/1.1)
POST /session/b4c44b8ab3ec34df82fcca1e22294ffd/execute/sync HTTP/1.1
User-Agent: selenium/4.8.0 (java windows)
Content-Length: 176
Content-Type: application/json; charset=utf-8
host: localhost:39165
accept: */*

Response DefaultHttpResponse(decodeResult: success, version: HTTP/1.1)
HTTP/1.1 200 OK
Content-Length: 16392
Content-Type: application/json; charset=utf-8
cache-control: no-cache

11:35:46.138 [AsyncHttpClient-1-2] DEBUG org.asynchttpclient.netty.channel.ChannelManager - Adding key: http://localhost:39165 for channel [id: 0xa10b78a6, L:/127.0.0.1:61155 - R:localhost/127.0.0.1:39165]
11:35:46.140 [Forwarding getCurrentUrl on session b4c44b8ab3ec34df82fcca1e22294ffd to remote] DEBUG org.asynchttpclient.netty.request.NettyRequestSender - Using pooled Channel '[id: 0xa10b78a6, L:/127.0.0.1:61155 - R:localhost/127.0.0.1:39165]' for 'GET' to 'http://localhost:39165/session/b4c44b8ab3ec34df82fcca1e22294ffd/url'
11:35:46.140 [Forwarding getCurrentUrl on session b4c44b8ab3ec34df82fcca1e22294ffd to remote] DEBUG org.asynchttpclient.netty.request.NettyRequestSender - Using open Channel [id: 0xa10b78a6, L:/127.0.0.1:61155 - R:localhost/127.0.0.1:39165] for GET '/session/b4c44b8ab3ec34df82fcca1e22294ffd/url'
11:35:46.146 [AsyncHttpClient-1-2] DEBUG org.asynchttpclient.netty.handler.HttpHandler - 

Request DefaultFullHttpRequest(decodeResult: success, version: HTTP/1.1, content: EmptyByteBufBE)
GET /session/b4c44b8ab3ec34df82fcca1e22294ffd/url HTTP/1.1
User-Agent: selenium/4.8.0 (java windows)
Cache-Control: no-cache
Content-Type: application/json; charset=utf-8
host: localhost:39165
accept: */*

Response DefaultHttpResponse(decodeResult: success, version: HTTP/1.1)
HTTP/1.1 200 OK
Content-Length: 52
Content-Type: application/json; charset=utf-8
cache-control: no-cache

11:35:46.146 [AsyncHttpClient-1-2] DEBUG org.asynchttpclient.netty.channel.ChannelManager - Adding key: http://localhost:39165 for channel [id: 0xa10b78a6, L:/127.0.0.1:61155 - R:localhost/127.0.0.1:39165]
11:35:46.152 [main] DEBUG net.thucydides.core.steps.StepInterceptor - STARTING STEP: InventoryPageSteps.test4_validateInventoryPageHeaderAndFooters - validate AllProductsLabel
11:35:46.153 [Forwarding findElements on session b4c44b8ab3ec34df82fcca1e22294ffd to remote] DEBUG org.asynchttpclient.netty.request.NettyRequestSender - Using pooled Channel '[id: 0xa10b78a6, L:/127.0.0.1:61155 - R:localhost/127.0.0.1:39165]' for 'POST' to 'http://localhost:39165/session/b4c44b8ab3ec34df82fcca1e22294ffd/elements'
11:35:46.153 [Forwarding findElements on session b4c44b8ab3ec34df82fcca1e22294ffd to remote] DEBUG org.asynchttpclient.netty.request.NettyRequestSender - Using open Channel [id: 0xa10b78a6, L:/127.0.0.1:61155 - R:localhost/127.0.0.1:39165] for POST '/session/b4c44b8ab3ec34df82fcca1e22294ffd/elements'
11:35:46.163 [AsyncHttpClient-1-2] DEBUG org.asynchttpclient.netty.handler.HttpHandler - 

Request DefaultHttpRequest(decodeResult: success, version: HTTP/1.1)
POST /session/b4c44b8ab3ec34df82fcca1e22294ffd/elements HTTP/1.1
User-Agent: selenium/4.8.0 (java windows)
Content-Length: 111
Content-Type: application/json; charset=utf-8
host: localhost:39165
accept: */*

Response DefaultHttpResponse(decodeResult: success, version: HTTP/1.1)
HTTP/1.1 200 OK
Content-Length: 527
Content-Type: application/json; charset=utf-8
cache-control: no-cache

11:35:46.163 [AsyncHttpClient-1-2] DEBUG org.asynchttpclient.netty.channel.ChannelManager - Adding key: http://localhost:39165 for channel [id: 0xa10b78a6, L:/127.0.0.1:61155 - R:localhost/127.0.0.1:39165]
11:35:46.164 [Forwarding findElements on session b4c44b8ab3ec34df82fcca1e22294ffd to remote] DEBUG org.asynchttpclient.netty.request.NettyRequestSender - Using pooled Channel '[id: 0xa10b78a6, L:/127.0.0.1:61155 - R:localhost/127.0.0.1:39165]' for 'POST' to 'http://localhost:39165/session/b4c44b8ab3ec34df82fcca1e22294ffd/elements'
11:35:46.164 [Forwarding findElements on session b4c44b8ab3ec34df82fcca1e22294ffd to remote] DEBUG org.asynchttpclient.netty.request.NettyRequestSender - Using open Channel [id: 0xa10b78a6, L:/127.0.0.1:61155 - R:localhost/127.0.0.1:39165] for POST '/session/b4c44b8ab3ec34df82fcca1e22294ffd/elements'
11:35:46.177 [AsyncHttpClient-1-2] DEBUG org.asynchttpclient.netty.handler.HttpHandler - 

Request DefaultHttpRequest(decodeResult: success, version: HTTP/1.1)
POST /session/b4c44b8ab3ec34df82fcca1e22294ffd/elements HTTP/1.1
User-Agent: selenium/4.8.0 (java windows)
Content-Length: 111
Content-Type: application/json; charset=utf-8
host: localhost:39165
accept: */*

Response DefaultHttpResponse(decodeResult: success, version: HTTP/1.1)
HTTP/1.1 200 OK
Content-Length: 527
Content-Type: application/json; charset=utf-8
cache-control: no-cache

11:35:46.177 [AsyncHttpClient-1-2] DEBUG org.asynchttpclient.netty.channel.ChannelManager - Adding key: http://localhost:39165 for channel [id: 0xa10b78a6, L:/127.0.0.1:61155 - R:localhost/127.0.0.1:39165]
11:35:46.178 [Forwarding getElementText on session b4c44b8ab3ec34df82fcca1e22294ffd to remote] DEBUG org.asynchttpclient.netty.request.NettyRequestSender - Using pooled Channel '[id: 0xa10b78a6, L:/127.0.0.1:61155 - R:localhost/127.0.0.1:39165]' for 'GET' to 'http://localhost:39165/session/b4c44b8ab3ec34df82fcca1e22294ffd/element/D6FCA329F55A989BAF0E516CCCB7C1E0_element_30/text'
11:35:46.178 [Forwarding getElementText on session b4c44b8ab3ec34df82fcca1e22294ffd to remote] DEBUG org.asynchttpclient.netty.request.NettyRequestSender - Using open Channel [id: 0xa10b78a6, L:/127.0.0.1:61155 - R:localhost/127.0.0.1:39165] for GET '/session/b4c44b8ab3ec34df82fcca1e22294ffd/element/D6FCA329F55A989BAF0E516CCCB7C1E0_element_30/text'
11:35:46.189 [AsyncHttpClient-1-2] DEBUG org.asynchttpclient.netty.handler.HttpHandler - 

Request DefaultFullHttpRequest(decodeResult: success, version: HTTP/1.1, content: EmptyByteBufBE)
GET /session/b4c44b8ab3ec34df82fcca1e22294ffd/element/D6FCA329F55A989BAF0E516CCCB7C1E0_element_30/text HTTP/1.1
User-Agent: selenium/4.8.0 (java windows)
Cache-Control: no-cache
Content-Type: application/json; charset=utf-8
host: localhost:39165
accept: */*

Response DefaultHttpResponse(decodeResult: success, version: HTTP/1.1)
HTTP/1.1 200 OK
Content-Length: 31
Content-Type: application/json; charset=utf-8
cache-control: no-cache

11:35:46.189 [AsyncHttpClient-1-2] DEBUG org.asynchttpclient.netty.channel.ChannelManager - Adding key: http://localhost:39165 for channel [id: 0xa10b78a6, L:/127.0.0.1:61155 - R:localhost/127.0.0.1:39165]
11:35:46.191 [Forwarding findElements on session b4c44b8ab3ec34df82fcca1e22294ffd to remote] DEBUG org.asynchttpclient.netty.request.NettyRequestSender - Using pooled Channel '[id: 0xa10b78a6, L:/127.0.0.1:61155 - R:localhost/127.0.0.1:39165]' for 'POST' to 'http://localhost:39165/session/b4c44b8ab3ec34df82fcca1e22294ffd/elements'
11:35:46.192 [Forwarding findElements on session b4c44b8ab3ec34df82fcca1e22294ffd to remote] DEBUG org.asynchttpclient.netty.request.NettyRequestSender - Using open Channel [id: 0xa10b78a6, L:/127.0.0.1:61155 - R:localhost/127.0.0.1:39165] for POST '/session/b4c44b8ab3ec34df82fcca1e22294ffd/elements'
11:35:46.196 [AsyncHttpClient-1-2] DEBUG org.asynchttpclient.netty.handler.HttpHandler - 

Request DefaultHttpRequest(decodeResult: success, version: HTTP/1.1)
POST /session/b4c44b8ab3ec34df82fcca1e22294ffd/elements HTTP/1.1
User-Agent: selenium/4.8.0 (java windows)
Content-Length: 111
Content-Type: application/json; charset=utf-8
host: localhost:39165
accept: */*

Response DefaultHttpResponse(decodeResult: success, version: HTTP/1.1)
HTTP/1.1 200 OK
Content-Length: 527
Content-Type: application/json; charset=utf-8
cache-control: no-cache

11:35:46.196 [AsyncHttpClient-1-2] DEBUG org.asynchttpclient.netty.channel.ChannelManager - Adding key: http://localhost:39165 for channel [id: 0xa10b78a6, L:/127.0.0.1:61155 - R:localhost/127.0.0.1:39165]
11:35:46.198 [Forwarding getElementText on session b4c44b8ab3ec34df82fcca1e22294ffd to remote] DEBUG org.asynchttpclient.netty.request.NettyRequestSender - Using pooled Channel '[id: 0xa10b78a6, L:/127.0.0.1:61155 - R:localhost/127.0.0.1:39165]' for 'GET' to 'http://localhost:39165/session/b4c44b8ab3ec34df82fcca1e22294ffd/element/D6FCA329F55A989BAF0E516CCCB7C1E0_element_30/text'
11:35:46.198 [Forwarding getElementText on session b4c44b8ab3ec34df82fcca1e22294ffd to remote] DEBUG org.asynchttpclient.netty.request.NettyRequestSender - Using open Channel [id: 0xa10b78a6, L:/127.0.0.1:61155 - R:localhost/127.0.0.1:39165] for GET '/session/b4c44b8ab3ec34df82fcca1e22294ffd/element/D6FCA329F55A989BAF0E516CCCB7C1E0_element_30/text'
11:35:46.205 [AsyncHttpClient-1-2] DEBUG org.asynchttpclient.netty.handler.HttpHandler - 

Request DefaultFullHttpRequest(decodeResult: success, version: HTTP/1.1, content: EmptyByteBufBE)
GET /session/b4c44b8ab3ec34df82fcca1e22294ffd/element/D6FCA329F55A989BAF0E516CCCB7C1E0_element_30/text HTTP/1.1
User-Agent: selenium/4.8.0 (java windows)
Cache-Control: no-cache
Content-Type: application/json; charset=utf-8
host: localhost:39165
accept: */*

Response DefaultHttpResponse(decodeResult: success, version: HTTP/1.1)
HTTP/1.1 200 OK
Content-Length: 31
Content-Type: application/json; charset=utf-8
cache-control: no-cache

11:35:46.205 [AsyncHttpClient-1-2] DEBUG org.asynchttpclient.netty.channel.ChannelManager - Adding key: http://localhost:39165 for channel [id: 0xa10b78a6, L:/127.0.0.1:61155 - R:localhost/127.0.0.1:39165]
11:35:46.206 [Forwarding findElements on session b4c44b8ab3ec34df82fcca1e22294ffd to remote] DEBUG org.asynchttpclient.netty.request.NettyRequestSender - Using pooled Channel '[id: 0xa10b78a6, L:/127.0.0.1:61155 - R:localhost/127.0.0.1:39165]' for 'POST' to 'http://localhost:39165/session/b4c44b8ab3ec34df82fcca1e22294ffd/elements'
11:35:46.206 [Forwarding findElements on session b4c44b8ab3ec34df82fcca1e22294ffd to remote] DEBUG org.asynchttpclient.netty.request.NettyRequestSender - Using open Channel [id: 0xa10b78a6, L:/127.0.0.1:61155 - R:localhost/127.0.0.1:39165] for POST '/session/b4c44b8ab3ec34df82fcca1e22294ffd/elements'
11:35:46.212 [AsyncHttpClient-1-2] DEBUG org.asynchttpclient.netty.handler.HttpHandler - 

Request DefaultHttpRequest(decodeResult: success, version: HTTP/1.1)
POST /session/b4c44b8ab3ec34df82fcca1e22294ffd/elements HTTP/1.1
User-Agent: selenium/4.8.0 (java windows)
Content-Length: 111
Content-Type: application/json; charset=utf-8
host: localhost:39165
accept: */*

Response DefaultHttpResponse(decodeResult: success, version: HTTP/1.1)
HTTP/1.1 200 OK
Content-Length: 527
Content-Type: application/json; charset=utf-8
cache-control: no-cache

11:35:46.212 [AsyncHttpClient-1-2] DEBUG org.asynchttpclient.netty.channel.ChannelManager - Adding key: http://localhost:39165 for channel [id: 0xa10b78a6, L:/127.0.0.1:61155 - R:localhost/127.0.0.1:39165]
11:35:46.213 [Forwarding getElementTagName on session b4c44b8ab3ec34df82fcca1e22294ffd to remote] DEBUG org.asynchttpclient.netty.request.NettyRequestSender - Using pooled Channel '[id: 0xa10b78a6, L:/127.0.0.1:61155 - R:localhost/127.0.0.1:39165]' for 'GET' to 'http://localhost:39165/session/b4c44b8ab3ec34df82fcca1e22294ffd/element/D6FCA329F55A989BAF0E516CCCB7C1E0_element_30/name'
11:35:46.214 [Forwarding getElementTagName on session b4c44b8ab3ec34df82fcca1e22294ffd to remote] DEBUG org.asynchttpclient.netty.request.NettyRequestSender - Using open Channel [id: 0xa10b78a6, L:/127.0.0.1:61155 - R:localhost/127.0.0.1:39165] for GET '/session/b4c44b8ab3ec34df82fcca1e22294ffd/element/D6FCA329F55A989BAF0E516CCCB7C1E0_element_30/name'
11:35:46.218 [AsyncHttpClient-1-2] DEBUG org.asynchttpclient.netty.handler.HttpHandler - 

Request DefaultFullHttpRequest(decodeResult: success, version: HTTP/1.1, content: EmptyByteBufBE)
GET /session/b4c44b8ab3ec34df82fcca1e22294ffd/element/D6FCA329F55A989BAF0E516CCCB7C1E0_element_30/name HTTP/1.1
User-Agent: selenium/4.8.0 (java windows)
Cache-Control: no-cache
Content-Type: application/json; charset=utf-8
host: localhost:39165
accept: */*

Response DefaultHttpResponse(decodeResult: success, version: HTTP/1.1)
HTTP/1.1 200 OK
Content-Length: 15
Content-Type: application/json; charset=utf-8
cache-control: no-cache

11:35:46.218 [AsyncHttpClient-1-2] DEBUG org.asynchttpclient.netty.channel.ChannelManager - Adding key: http://localhost:39165 for channel [id: 0xa10b78a6, L:/127.0.0.1:61155 - R:localhost/127.0.0.1:39165]
11:35:46.219 [Forwarding getElementAttribute on session b4c44b8ab3ec34df82fcca1e22294ffd to remote] DEBUG org.asynchttpclient.netty.request.NettyRequestSender - Using pooled Channel '[id: 0xa10b78a6, L:/127.0.0.1:61155 - R:localhost/127.0.0.1:39165]' for 'POST' to 'http://localhost:39165/session/b4c44b8ab3ec34df82fcca1e22294ffd/execute/sync'
11:35:46.219 [Forwarding getElementAttribute on session b4c44b8ab3ec34df82fcca1e22294ffd to remote] DEBUG org.asynchttpclient.netty.request.NettyRequestSender - Using open Channel [id: 0xa10b78a6, L:/127.0.0.1:61155 - R:localhost/127.0.0.1:39165] for POST '/session/b4c44b8ab3ec34df82fcca1e22294ffd/execute/sync'
11:35:46.229 [AsyncHttpClient-1-2] DEBUG org.asynchttpclient.netty.handler.HttpHandler - 

Request DefaultHttpRequest(decodeResult: success, version: HTTP/1.1)
POST /session/b4c44b8ab3ec34df82fcca1e22294ffd/execute/sync HTTP/1.1
User-Agent: selenium/4.8.0 (java windows)
Content-Length: 47372
Content-Type: application/json; charset=utf-8
host: localhost:39165
accept: */*

Response DefaultHttpResponse(decodeResult: success, version: HTTP/1.1)
HTTP/1.1 200 OK
Content-Length: 12
Content-Type: application/json; charset=utf-8
cache-control: no-cache

11:35:46.229 [AsyncHttpClient-1-2] DEBUG org.asynchttpclient.netty.channel.ChannelManager - Adding key: http://localhost:39165 for channel [id: 0xa10b78a6, L:/127.0.0.1:61155 - R:localhost/127.0.0.1:39165]
11:35:46.231 [Forwarding getElementAttribute on session b4c44b8ab3ec34df82fcca1e22294ffd to remote] DEBUG org.asynchttpclient.netty.request.NettyRequestSender - Using pooled Channel '[id: 0xa10b78a6, L:/127.0.0.1:61155 - R:localhost/127.0.0.1:39165]' for 'POST' to 'http://localhost:39165/session/b4c44b8ab3ec34df82fcca1e22294ffd/execute/sync'
11:35:46.231 [Forwarding getElementAttribute on session b4c44b8ab3ec34df82fcca1e22294ffd to remote] DEBUG org.asynchttpclient.netty.request.NettyRequestSender - Using open Channel [id: 0xa10b78a6, L:/127.0.0.1:61155 - R:localhost/127.0.0.1:39165] for POST '/session/b4c44b8ab3ec34df82fcca1e22294ffd/execute/sync'
11:35:46.248 [AsyncHttpClient-1-2] DEBUG org.asynchttpclient.netty.handler.HttpHandler - 

Request DefaultHttpRequest(decodeResult: success, version: HTTP/1.1)
POST /session/b4c44b8ab3ec34df82fcca1e22294ffd/execute/sync HTTP/1.1
User-Agent: selenium/4.8.0 (java windows)
Content-Length: 47374
Content-Type: application/json; charset=utf-8
host: localhost:39165
accept: */*

Response DefaultHttpResponse(decodeResult: success, version: HTTP/1.1)
HTTP/1.1 200 OK
Content-Length: 14
Content-Type: application/json; charset=utf-8
cache-control: no-cache

11:35:46.248 [AsyncHttpClient-1-2] DEBUG org.asynchttpclient.netty.channel.ChannelManager - Adding key: http://localhost:39165 for channel [id: 0xa10b78a6, L:/127.0.0.1:61155 - R:localhost/127.0.0.1:39165]
11:35:46.250 [Forwarding getElementAttribute on session b4c44b8ab3ec34df82fcca1e22294ffd to remote] DEBUG org.asynchttpclient.netty.request.NettyRequestSender - Using pooled Channel '[id: 0xa10b78a6, L:/127.0.0.1:61155 - R:localhost/127.0.0.1:39165]' for 'POST' to 'http://localhost:39165/session/b4c44b8ab3ec34df82fcca1e22294ffd/execute/sync'
11:35:46.250 [Forwarding getElementAttribute on session b4c44b8ab3ec34df82fcca1e22294ffd to remote] DEBUG org.asynchttpclient.netty.request.NettyRequestSender - Using open Channel [id: 0xa10b78a6, L:/127.0.0.1:61155 - R:localhost/127.0.0.1:39165] for POST '/session/b4c44b8ab3ec34df82fcca1e22294ffd/execute/sync'
11:35:46.262 [AsyncHttpClient-1-2] DEBUG org.asynchttpclient.netty.handler.HttpHandler - 

Request DefaultHttpRequest(decodeResult: success, version: HTTP/1.1)
POST /session/b4c44b8ab3ec34df82fcca1e22294ffd/execute/sync HTTP/1.1
User-Agent: selenium/4.8.0 (java windows)
Content-Length: 47374
Content-Type: application/json; charset=utf-8
host: localhost:39165
accept: */*

Response DefaultHttpResponse(decodeResult: success, version: HTTP/1.1)
HTTP/1.1 200 OK
Content-Length: 14
Content-Type: application/json; charset=utf-8
cache-control: no-cache

11:35:46.262 [AsyncHttpClient-1-2] DEBUG org.asynchttpclient.netty.channel.ChannelManager - Adding key: http://localhost:39165 for channel [id: 0xa10b78a6, L:/127.0.0.1:61155 - R:localhost/127.0.0.1:39165]
11:35:46.265 [Forwarding getElementAttribute on session b4c44b8ab3ec34df82fcca1e22294ffd to remote] DEBUG org.asynchttpclient.netty.request.NettyRequestSender - Using pooled Channel '[id: 0xa10b78a6, L:/127.0.0.1:61155 - R:localhost/127.0.0.1:39165]' for 'POST' to 'http://localhost:39165/session/b4c44b8ab3ec34df82fcca1e22294ffd/execute/sync'
11:35:46.265 [Forwarding getElementAttribute on session b4c44b8ab3ec34df82fcca1e22294ffd to remote] DEBUG org.asynchttpclient.netty.request.NettyRequestSender - Using open Channel [id: 0xa10b78a6, L:/127.0.0.1:61155 - R:localhost/127.0.0.1:39165] for POST '/session/b4c44b8ab3ec34df82fcca1e22294ffd/execute/sync'
11:35:46.274 [AsyncHttpClient-1-2] DEBUG org.asynchttpclient.netty.handler.HttpHandler - 

Request DefaultHttpRequest(decodeResult: success, version: HTTP/1.1)
POST /session/b4c44b8ab3ec34df82fcca1e22294ffd/execute/sync HTTP/1.1
User-Agent: selenium/4.8.0 (java windows)
Content-Length: 47374
Content-Type: application/json; charset=utf-8
host: localhost:39165
accept: */*

Response DefaultHttpResponse(decodeResult: success, version: HTTP/1.1)
HTTP/1.1 200 OK
Content-Length: 14
Content-Type: application/json; charset=utf-8
cache-control: no-cache

11:35:46.274 [AsyncHttpClient-1-2] DEBUG org.asynchttpclient.netty.channel.ChannelManager - Adding key: http://localhost:39165 for channel [id: 0xa10b78a6, L:/127.0.0.1:61155 - R:localhost/127.0.0.1:39165]
11:35:46.276 [Forwarding getElementAttribute on session b4c44b8ab3ec34df82fcca1e22294ffd to remote] DEBUG org.asynchttpclient.netty.request.NettyRequestSender - Using pooled Channel '[id: 0xa10b78a6, L:/127.0.0.1:61155 - R:localhost/127.0.0.1:39165]' for 'POST' to 'http://localhost:39165/session/b4c44b8ab3ec34df82fcca1e22294ffd/execute/sync'
11:35:46.276 [Forwarding getElementAttribute on session b4c44b8ab3ec34df82fcca1e22294ffd to remote] DEBUG org.asynchttpclient.netty.request.NettyRequestSender - Using open Channel [id: 0xa10b78a6, L:/127.0.0.1:61155 - R:localhost/127.0.0.1:39165] for POST '/session/b4c44b8ab3ec34df82fcca1e22294ffd/execute/sync'
11:35:46.284 [AsyncHttpClient-1-2] DEBUG org.asynchttpclient.netty.handler.HttpHandler - 

Request DefaultHttpRequest(decodeResult: success, version: HTTP/1.1)
POST /session/b4c44b8ab3ec34df82fcca1e22294ffd/execute/sync HTTP/1.1
User-Agent: selenium/4.8.0 (java windows)
Content-Length: 47375
Content-Type: application/json; charset=utf-8
host: localhost:39165
accept: */*

Response DefaultHttpResponse(decodeResult: success, version: HTTP/1.1)
HTTP/1.1 200 OK
Content-Length: 14
Content-Type: application/json; charset=utf-8
cache-control: no-cache

11:35:46.284 [AsyncHttpClient-1-2] DEBUG org.asynchttpclient.netty.channel.ChannelManager - Adding key: http://localhost:39165 for channel [id: 0xa10b78a6, L:/127.0.0.1:61155 - R:localhost/127.0.0.1:39165]
11:35:46.286 [Forwarding getElementAttribute on session b4c44b8ab3ec34df82fcca1e22294ffd to remote] DEBUG org.asynchttpclient.netty.request.NettyRequestSender - Using pooled Channel '[id: 0xa10b78a6, L:/127.0.0.1:61155 - R:localhost/127.0.0.1:39165]' for 'POST' to 'http://localhost:39165/session/b4c44b8ab3ec34df82fcca1e22294ffd/execute/sync'
11:35:46.286 [Forwarding getElementAttribute on session b4c44b8ab3ec34df82fcca1e22294ffd to remote] DEBUG org.asynchttpclient.netty.request.NettyRequestSender - Using open Channel [id: 0xa10b78a6, L:/127.0.0.1:61155 - R:localhost/127.0.0.1:39165] for POST '/session/b4c44b8ab3ec34df82fcca1e22294ffd/execute/sync'
11:35:46.293 [AsyncHttpClient-1-2] DEBUG org.asynchttpclient.netty.handler.HttpHandler - 

Request DefaultHttpRequest(decodeResult: success, version: HTTP/1.1)
POST /session/b4c44b8ab3ec34df82fcca1e22294ffd/execute/sync HTTP/1.1
User-Agent: selenium/4.8.0 (java windows)
Content-Length: 47375
Content-Type: application/json; charset=utf-8
host: localhost:39165
accept: */*

Response DefaultHttpResponse(decodeResult: success, version: HTTP/1.1)
HTTP/1.1 200 OK
Content-Length: 31
Content-Type: application/json; charset=utf-8
cache-control: no-cache

11:35:46.294 [AsyncHttpClient-1-2] DEBUG org.asynchttpclient.netty.channel.ChannelManager - Adding key: http://localhost:39165 for channel [id: 0xa10b78a6, L:/127.0.0.1:61155 - R:localhost/127.0.0.1:39165]
11:35:46.296 [Forwarding getElementAttribute on session b4c44b8ab3ec34df82fcca1e22294ffd to remote] DEBUG org.asynchttpclient.netty.request.NettyRequestSender - Using pooled Channel '[id: 0xa10b78a6, L:/127.0.0.1:61155 - R:localhost/127.0.0.1:39165]' for 'POST' to 'http://localhost:39165/session/b4c44b8ab3ec34df82fcca1e22294ffd/execute/sync'
11:35:46.296 [Forwarding getElementAttribute on session b4c44b8ab3ec34df82fcca1e22294ffd to remote] DEBUG org.asynchttpclient.netty.request.NettyRequestSender - Using open Channel [id: 0xa10b78a6, L:/127.0.0.1:61155 - R:localhost/127.0.0.1:39165] for POST '/session/b4c44b8ab3ec34df82fcca1e22294ffd/execute/sync'
11:35:46.306 [AsyncHttpClient-1-2] DEBUG org.asynchttpclient.netty.handler.HttpHandler - 

Request DefaultHttpRequest(decodeResult: success, version: HTTP/1.1)
POST /session/b4c44b8ab3ec34df82fcca1e22294ffd/execute/sync HTTP/1.1
User-Agent: selenium/4.8.0 (java windows)
Content-Length: 47375
Content-Type: application/json; charset=utf-8
host: localhost:39165
accept: */*

Response DefaultHttpResponse(decodeResult: success, version: HTTP/1.1)
HTTP/1.1 200 OK
Content-Length: 31
Content-Type: application/json; charset=utf-8
cache-control: no-cache

11:35:46.306 [AsyncHttpClient-1-2] DEBUG org.asynchttpclient.netty.channel.ChannelManager - Adding key: http://localhost:39165 for channel [id: 0xa10b78a6, L:/127.0.0.1:61155 - R:localhost/127.0.0.1:39165]
11:35:46.308 [main] INFO  com.swaglabs.base.SetUp - <div class='inventory_item_name'> - InventoryPage.productnamesininverntorypagevalidated
11:35:46.309 [Forwarding findElements on session b4c44b8ab3ec34df82fcca1e22294ffd to remote] DEBUG org.asynchttpclient.netty.request.NettyRequestSender - Using pooled Channel '[id: 0xa10b78a6, L:/127.0.0.1:61155 - R:localhost/127.0.0.1:39165]' for 'POST' to 'http://localhost:39165/session/b4c44b8ab3ec34df82fcca1e22294ffd/elements'
11:35:46.309 [Forwarding findElements on session b4c44b8ab3ec34df82fcca1e22294ffd to remote] DEBUG org.asynchttpclient.netty.request.NettyRequestSender - Using open Channel [id: 0xa10b78a6, L:/127.0.0.1:61155 - R:localhost/127.0.0.1:39165] for POST '/session/b4c44b8ab3ec34df82fcca1e22294ffd/elements'
11:35:46.316 [AsyncHttpClient-1-2] DEBUG org.asynchttpclient.netty.handler.HttpHandler - 

Request DefaultHttpRequest(decodeResult: success, version: HTTP/1.1)
POST /session/b4c44b8ab3ec34df82fcca1e22294ffd/elements HTTP/1.1
User-Agent: selenium/4.8.0 (java windows)
Content-Length: 111
Content-Type: application/json; charset=utf-8
host: localhost:39165
accept: */*

Response DefaultHttpResponse(decodeResult: success, version: HTTP/1.1)
HTTP/1.1 200 OK
Content-Length: 527
Content-Type: application/json; charset=utf-8
cache-control: no-cache

11:35:46.316 [AsyncHttpClient-1-2] DEBUG org.asynchttpclient.netty.channel.ChannelManager - Adding key: http://localhost:39165 for channel [id: 0xa10b78a6, L:/127.0.0.1:61155 - R:localhost/127.0.0.1:39165]
11:35:46.318 [Forwarding findElements on session b4c44b8ab3ec34df82fcca1e22294ffd to remote] DEBUG org.asynchttpclient.netty.request.NettyRequestSender - Using pooled Channel '[id: 0xa10b78a6, L:/127.0.0.1:61155 - R:localhost/127.0.0.1:39165]' for 'POST' to 'http://localhost:39165/session/b4c44b8ab3ec34df82fcca1e22294ffd/elements'
11:35:46.318 [Forwarding findElements on session b4c44b8ab3ec34df82fcca1e22294ffd to remote] DEBUG org.asynchttpclient.netty.request.NettyRequestSender - Using open Channel [id: 0xa10b78a6, L:/127.0.0.1:61155 - R:localhost/127.0.0.1:39165] for POST '/session/b4c44b8ab3ec34df82fcca1e22294ffd/elements'
11:35:46.324 [AsyncHttpClient-1-2] DEBUG org.asynchttpclient.netty.handler.HttpHandler - 

Request DefaultHttpRequest(decodeResult: success, version: HTTP/1.1)
POST /session/b4c44b8ab3ec34df82fcca1e22294ffd/elements HTTP/1.1
User-Agent: selenium/4.8.0 (java windows)
Content-Length: 111
Content-Type: application/json; charset=utf-8
host: localhost:39165
accept: */*

Response DefaultHttpResponse(decodeResult: success, version: HTTP/1.1)
HTTP/1.1 200 OK
Content-Length: 527
Content-Type: application/json; charset=utf-8
cache-control: no-cache

11:35:46.324 [AsyncHttpClient-1-2] DEBUG org.asynchttpclient.netty.channel.ChannelManager - Adding key: http://localhost:39165 for channel [id: 0xa10b78a6, L:/127.0.0.1:61155 - R:localhost/127.0.0.1:39165]
11:35:46.325 [Forwarding getElementText on session b4c44b8ab3ec34df82fcca1e22294ffd to remote] DEBUG org.asynchttpclient.netty.request.NettyRequestSender - Using pooled Channel '[id: 0xa10b78a6, L:/127.0.0.1:61155 - R:localhost/127.0.0.1:39165]' for 'GET' to 'http://localhost:39165/session/b4c44b8ab3ec34df82fcca1e22294ffd/element/D6FCA329F55A989BAF0E516CCCB7C1E0_element_31/text'
11:35:46.325 [Forwarding getElementText on session b4c44b8ab3ec34df82fcca1e22294ffd to remote] DEBUG org.asynchttpclient.netty.request.NettyRequestSender - Using open Channel [id: 0xa10b78a6, L:/127.0.0.1:61155 - R:localhost/127.0.0.1:39165] for GET '/session/b4c44b8ab3ec34df82fcca1e22294ffd/element/D6FCA329F55A989BAF0E516CCCB7C1E0_element_31/text'
11:35:46.332 [AsyncHttpClient-1-2] DEBUG org.asynchttpclient.netty.handler.HttpHandler - 

Request DefaultFullHttpRequest(decodeResult: success, version: HTTP/1.1, content: EmptyByteBufBE)
GET /session/b4c44b8ab3ec34df82fcca1e22294ffd/element/D6FCA329F55A989BAF0E516CCCB7C1E0_element_31/text HTTP/1.1
User-Agent: selenium/4.8.0 (java windows)
Cache-Control: no-cache
Content-Type: application/json; charset=utf-8
host: localhost:39165
accept: */*

Response DefaultHttpResponse(decodeResult: success, version: HTTP/1.1)
HTTP/1.1 200 OK
Content-Length: 33
Content-Type: application/json; charset=utf-8
cache-control: no-cache

11:35:46.332 [AsyncHttpClient-1-2] DEBUG org.asynchttpclient.netty.channel.ChannelManager - Adding key: http://localhost:39165 for channel [id: 0xa10b78a6, L:/127.0.0.1:61155 - R:localhost/127.0.0.1:39165]
11:35:46.333 [Forwarding findElements on session b4c44b8ab3ec34df82fcca1e22294ffd to remote] DEBUG org.asynchttpclient.netty.request.NettyRequestSender - Using pooled Channel '[id: 0xa10b78a6, L:/127.0.0.1:61155 - R:localhost/127.0.0.1:39165]' for 'POST' to 'http://localhost:39165/session/b4c44b8ab3ec34df82fcca1e22294ffd/elements'
11:35:46.333 [Forwarding findElements on session b4c44b8ab3ec34df82fcca1e22294ffd to remote] DEBUG org.asynchttpclient.netty.request.NettyRequestSender - Using open Channel [id: 0xa10b78a6, L:/127.0.0.1:61155 - R:localhost/127.0.0.1:39165] for POST '/session/b4c44b8ab3ec34df82fcca1e22294ffd/elements'
11:35:46.340 [AsyncHttpClient-1-2] DEBUG org.asynchttpclient.netty.handler.HttpHandler - 

Request DefaultHttpRequest(decodeResult: success, version: HTTP/1.1)
POST /session/b4c44b8ab3ec34df82fcca1e22294ffd/elements HTTP/1.1
User-Agent: selenium/4.8.0 (java windows)
Content-Length: 111
Content-Type: application/json; charset=utf-8
host: localhost:39165
accept: */*

Response DefaultHttpResponse(decodeResult: success, version: HTTP/1.1)
HTTP/1.1 200 OK
Content-Length: 527
Content-Type: application/json; charset=utf-8
cache-control: no-cache

11:35:46.340 [AsyncHttpClient-1-2] DEBUG org.asynchttpclient.netty.channel.ChannelManager - Adding key: http://localhost:39165 for channel [id: 0xa10b78a6, L:/127.0.0.1:61155 - R:localhost/127.0.0.1:39165]
11:35:46.341 [Forwarding getElementText on session b4c44b8ab3ec34df82fcca1e22294ffd to remote] DEBUG org.asynchttpclient.netty.request.NettyRequestSender - Using pooled Channel '[id: 0xa10b78a6, L:/127.0.0.1:61155 - R:localhost/127.0.0.1:39165]' for 'GET' to 'http://localhost:39165/session/b4c44b8ab3ec34df82fcca1e22294ffd/element/D6FCA329F55A989BAF0E516CCCB7C1E0_element_31/text'
11:35:46.341 [Forwarding getElementText on session b4c44b8ab3ec34df82fcca1e22294ffd to remote] DEBUG org.asynchttpclient.netty.request.NettyRequestSender - Using open Channel [id: 0xa10b78a6, L:/127.0.0.1:61155 - R:localhost/127.0.0.1:39165] for GET '/session/b4c44b8ab3ec34df82fcca1e22294ffd/element/D6FCA329F55A989BAF0E516CCCB7C1E0_element_31/text'
11:35:46.348 [AsyncHttpClient-1-2] DEBUG org.asynchttpclient.netty.handler.HttpHandler - 

Request DefaultFullHttpRequest(decodeResult: success, version: HTTP/1.1, content: EmptyByteBufBE)
GET /session/b4c44b8ab3ec34df82fcca1e22294ffd/element/D6FCA329F55A989BAF0E516CCCB7C1E0_element_31/text HTTP/1.1
User-Agent: selenium/4.8.0 (java windows)
Cache-Control: no-cache
Content-Type: application/json; charset=utf-8
host: localhost:39165
accept: */*

Response DefaultHttpResponse(decodeResult: success, version: HTTP/1.1)
HTTP/1.1 200 OK
Content-Length: 33
Content-Type: application/json; charset=utf-8
cache-control: no-cache

11:35:46.348 [AsyncHttpClient-1-2] DEBUG org.asynchttpclient.netty.channel.ChannelManager - Adding key: http://localhost:39165 for channel [id: 0xa10b78a6, L:/127.0.0.1:61155 - R:localhost/127.0.0.1:39165]
11:35:46.349 [Forwarding findElements on session b4c44b8ab3ec34df82fcca1e22294ffd to remote] DEBUG org.asynchttpclient.netty.request.NettyRequestSender - Using pooled Channel '[id: 0xa10b78a6, L:/127.0.0.1:61155 - R:localhost/127.0.0.1:39165]' for 'POST' to 'http://localhost:39165/session/b4c44b8ab3ec34df82fcca1e22294ffd/elements'
11:35:46.349 [Forwarding findElements on session b4c44b8ab3ec34df82fcca1e22294ffd to remote] DEBUG org.asynchttpclient.netty.request.NettyRequestSender - Using open Channel [id: 0xa10b78a6, L:/127.0.0.1:61155 - R:localhost/127.0.0.1:39165] for POST '/session/b4c44b8ab3ec34df82fcca1e22294ffd/elements'
11:35:46.356 [AsyncHttpClient-1-2] DEBUG org.asynchttpclient.netty.handler.HttpHandler - 

Request DefaultHttpRequest(decodeResult: success, version: HTTP/1.1)
POST /session/b4c44b8ab3ec34df82fcca1e22294ffd/elements HTTP/1.1
User-Agent: selenium/4.8.0 (java windows)
Content-Length: 111
Content-Type: application/json; charset=utf-8
host: localhost:39165
accept: */*

Response DefaultHttpResponse(decodeResult: success, version: HTTP/1.1)
HTTP/1.1 200 OK
Content-Length: 527
Content-Type: application/json; charset=utf-8
cache-control: no-cache

11:35:46.357 [AsyncHttpClient-1-2] DEBUG org.asynchttpclient.netty.channel.ChannelManager - Adding key: http://localhost:39165 for channel [id: 0xa10b78a6, L:/127.0.0.1:61155 - R:localhost/127.0.0.1:39165]
11:35:46.357 [Forwarding getElementTagName on session b4c44b8ab3ec34df82fcca1e22294ffd to remote] DEBUG org.asynchttpclient.netty.request.NettyRequestSender - Using pooled Channel '[id: 0xa10b78a6, L:/127.0.0.1:61155 - R:localhost/127.0.0.1:39165]' for 'GET' to 'http://localhost:39165/session/b4c44b8ab3ec34df82fcca1e22294ffd/element/D6FCA329F55A989BAF0E516CCCB7C1E0_element_31/name'
11:35:46.357 [Forwarding getElementTagName on session b4c44b8ab3ec34df82fcca1e22294ffd to remote] DEBUG org.asynchttpclient.netty.request.NettyRequestSender - Using open Channel [id: 0xa10b78a6, L:/127.0.0.1:61155 - R:localhost/127.0.0.1:39165] for GET '/session/b4c44b8ab3ec34df82fcca1e22294ffd/element/D6FCA329F55A989BAF0E516CCCB7C1E0_element_31/name'
11:35:46.363 [AsyncHttpClient-1-2] DEBUG org.asynchttpclient.netty.handler.HttpHandler - 

Request DefaultFullHttpRequest(decodeResult: success, version: HTTP/1.1, content: EmptyByteBufBE)
GET /session/b4c44b8ab3ec34df82fcca1e22294ffd/element/D6FCA329F55A989BAF0E516CCCB7C1E0_element_31/name HTTP/1.1
User-Agent: selenium/4.8.0 (java windows)
Cache-Control: no-cache
Content-Type: application/json; charset=utf-8
host: localhost:39165
accept: */*

Response DefaultHttpResponse(decodeResult: success, version: HTTP/1.1)
HTTP/1.1 200 OK
Content-Length: 15
Content-Type: application/json; charset=utf-8
cache-control: no-cache

11:35:46.363 [AsyncHttpClient-1-2] DEBUG org.asynchttpclient.netty.channel.ChannelManager - Adding key: http://localhost:39165 for channel [id: 0xa10b78a6, L:/127.0.0.1:61155 - R:localhost/127.0.0.1:39165]
11:35:46.366 [Forwarding getElementAttribute on session b4c44b8ab3ec34df82fcca1e22294ffd to remote] DEBUG org.asynchttpclient.netty.request.NettyRequestSender - Using pooled Channel '[id: 0xa10b78a6, L:/127.0.0.1:61155 - R:localhost/127.0.0.1:39165]' for 'POST' to 'http://localhost:39165/session/b4c44b8ab3ec34df82fcca1e22294ffd/execute/sync'
11:35:46.367 [Forwarding getElementAttribute on session b4c44b8ab3ec34df82fcca1e22294ffd to remote] DEBUG org.asynchttpclient.netty.request.NettyRequestSender - Using open Channel [id: 0xa10b78a6, L:/127.0.0.1:61155 - R:localhost/127.0.0.1:39165] for POST '/session/b4c44b8ab3ec34df82fcca1e22294ffd/execute/sync'
11:35:46.375 [AsyncHttpClient-1-2] DEBUG org.asynchttpclient.netty.handler.HttpHandler - 

Request DefaultHttpRequest(decodeResult: success, version: HTTP/1.1)
POST /session/b4c44b8ab3ec34df82fcca1e22294ffd/execute/sync HTTP/1.1
User-Agent: selenium/4.8.0 (java windows)
Content-Length: 47372
Content-Type: application/json; charset=utf-8
host: localhost:39165
accept: */*

Response DefaultHttpResponse(decodeResult: success, version: HTTP/1.1)
HTTP/1.1 200 OK
Content-Length: 12
Content-Type: application/json; charset=utf-8
cache-control: no-cache

11:35:46.375 [AsyncHttpClient-1-2] DEBUG org.asynchttpclient.netty.channel.ChannelManager - Adding key: http://localhost:39165 for channel [id: 0xa10b78a6, L:/127.0.0.1:61155 - R:localhost/127.0.0.1:39165]
11:35:46.379 [Forwarding getElementAttribute on session b4c44b8ab3ec34df82fcca1e22294ffd to remote] DEBUG org.asynchttpclient.netty.request.NettyRequestSender - Using pooled Channel '[id: 0xa10b78a6, L:/127.0.0.1:61155 - R:localhost/127.0.0.1:39165]' for 'POST' to 'http://localhost:39165/session/b4c44b8ab3ec34df82fcca1e22294ffd/execute/sync'
11:35:46.379 [Forwarding getElementAttribute on session b4c44b8ab3ec34df82fcca1e22294ffd to remote] DEBUG org.asynchttpclient.netty.request.NettyRequestSender - Using open Channel [id: 0xa10b78a6, L:/127.0.0.1:61155 - R:localhost/127.0.0.1:39165] for POST '/session/b4c44b8ab3ec34df82fcca1e22294ffd/execute/sync'
11:35:46.387 [AsyncHttpClient-1-2] DEBUG org.asynchttpclient.netty.handler.HttpHandler - 

Request DefaultHttpRequest(decodeResult: success, version: HTTP/1.1)
POST /session/b4c44b8ab3ec34df82fcca1e22294ffd/execute/sync HTTP/1.1
User-Agent: selenium/4.8.0 (java windows)
Content-Length: 47374
Content-Type: application/json; charset=utf-8
host: localhost:39165
accept: */*

Response DefaultHttpResponse(decodeResult: success, version: HTTP/1.1)
HTTP/1.1 200 OK
Content-Length: 14
Content-Type: application/json; charset=utf-8
cache-control: no-cache

11:35:46.387 [AsyncHttpClient-1-2] DEBUG org.asynchttpclient.netty.channel.ChannelManager - Adding key: http://localhost:39165 for channel [id: 0xa10b78a6, L:/127.0.0.1:61155 - R:localhost/127.0.0.1:39165]
11:35:46.390 [Forwarding getElementAttribute on session b4c44b8ab3ec34df82fcca1e22294ffd to remote] DEBUG org.asynchttpclient.netty.request.NettyRequestSender - Using pooled Channel '[id: 0xa10b78a6, L:/127.0.0.1:61155 - R:localhost/127.0.0.1:39165]' for 'POST' to 'http://localhost:39165/session/b4c44b8ab3ec34df82fcca1e22294ffd/execute/sync'
11:35:46.390 [Forwarding getElementAttribute on session b4c44b8ab3ec34df82fcca1e22294ffd to remote] DEBUG org.asynchttpclient.netty.request.NettyRequestSender - Using open Channel [id: 0xa10b78a6, L:/127.0.0.1:61155 - R:localhost/127.0.0.1:39165] for POST '/session/b4c44b8ab3ec34df82fcca1e22294ffd/execute/sync'
11:35:46.401 [AsyncHttpClient-1-2] DEBUG org.asynchttpclient.netty.handler.HttpHandler - 

Request DefaultHttpRequest(decodeResult: success, version: HTTP/1.1)
POST /session/b4c44b8ab3ec34df82fcca1e22294ffd/execute/sync HTTP/1.1
User-Agent: selenium/4.8.0 (java windows)
Content-Length: 47374
Content-Type: application/json; charset=utf-8
host: localhost:39165
accept: */*

Response DefaultHttpResponse(decodeResult: success, version: HTTP/1.1)
HTTP/1.1 200 OK
Content-Length: 14
Content-Type: application/json; charset=utf-8
cache-control: no-cache

11:35:46.401 [AsyncHttpClient-1-2] DEBUG org.asynchttpclient.netty.channel.ChannelManager - Adding key: http://localhost:39165 for channel [id: 0xa10b78a6, L:/127.0.0.1:61155 - R:localhost/127.0.0.1:39165]
11:35:46.405 [Forwarding getElementAttribute on session b4c44b8ab3ec34df82fcca1e22294ffd to remote] DEBUG org.asynchttpclient.netty.request.NettyRequestSender - Using pooled Channel '[id: 0xa10b78a6, L:/127.0.0.1:61155 - R:localhost/127.0.0.1:39165]' for 'POST' to 'http://localhost:39165/session/b4c44b8ab3ec34df82fcca1e22294ffd/execute/sync'
11:35:46.405 [Forwarding getElementAttribute on session b4c44b8ab3ec34df82fcca1e22294ffd to remote] DEBUG org.asynchttpclient.netty.request.NettyRequestSender - Using open Channel [id: 0xa10b78a6, L:/127.0.0.1:61155 - R:localhost/127.0.0.1:39165] for POST '/session/b4c44b8ab3ec34df82fcca1e22294ffd/execute/sync'
11:35:46.416 [AsyncHttpClient-1-2] DEBUG org.asynchttpclient.netty.handler.HttpHandler - 

Request DefaultHttpRequest(decodeResult: success, version: HTTP/1.1)
POST /session/b4c44b8ab3ec34df82fcca1e22294ffd/execute/sync HTTP/1.1
User-Agent: selenium/4.8.0 (java windows)
Content-Length: 47374
Content-Type: application/json; charset=utf-8
host: localhost:39165
accept: */*

Response DefaultHttpResponse(decodeResult: success, version: HTTP/1.1)
HTTP/1.1 200 OK
Content-Length: 14
Content-Type: application/json; charset=utf-8
cache-control: no-cache

11:35:46.416 [AsyncHttpClient-1-2] DEBUG org.asynchttpclient.netty.channel.ChannelManager - Adding key: http://localhost:39165 for channel [id: 0xa10b78a6, L:/127.0.0.1:61155 - R:localhost/127.0.0.1:39165]
11:35:46.418 [Forwarding getElementAttribute on session b4c44b8ab3ec34df82fcca1e22294ffd to remote] DEBUG org.asynchttpclient.netty.request.NettyRequestSender - Using pooled Channel '[id: 0xa10b78a6, L:/127.0.0.1:61155 - R:localhost/127.0.0.1:39165]' for 'POST' to 'http://localhost:39165/session/b4c44b8ab3ec34df82fcca1e22294ffd/execute/sync'
11:35:46.418 [Forwarding getElementAttribute on session b4c44b8ab3ec34df82fcca1e22294ffd to remote] DEBUG org.asynchttpclient.netty.request.NettyRequestSender - Using open Channel [id: 0xa10b78a6, L:/127.0.0.1:61155 - R:localhost/127.0.0.1:39165] for POST '/session/b4c44b8ab3ec34df82fcca1e22294ffd/execute/sync'
11:35:46.428 [AsyncHttpClient-1-2] DEBUG org.asynchttpclient.netty.handler.HttpHandler - 

Request DefaultHttpRequest(decodeResult: success, version: HTTP/1.1)
POST /session/b4c44b8ab3ec34df82fcca1e22294ffd/execute/sync HTTP/1.1
User-Agent: selenium/4.8.0 (java windows)
Content-Length: 47375
Content-Type: application/json; charset=utf-8
host: localhost:39165
accept: */*

Response DefaultHttpResponse(decodeResult: success, version: HTTP/1.1)
HTTP/1.1 200 OK
Content-Length: 14
Content-Type: application/json; charset=utf-8
cache-control: no-cache

11:35:46.428 [AsyncHttpClient-1-2] DEBUG org.asynchttpclient.netty.channel.ChannelManager - Adding key: http://localhost:39165 for channel [id: 0xa10b78a6, L:/127.0.0.1:61155 - R:localhost/127.0.0.1:39165]
11:35:46.430 [Forwarding getElementAttribute on session b4c44b8ab3ec34df82fcca1e22294ffd to remote] DEBUG org.asynchttpclient.netty.request.NettyRequestSender - Using pooled Channel '[id: 0xa10b78a6, L:/127.0.0.1:61155 - R:localhost/127.0.0.1:39165]' for 'POST' to 'http://localhost:39165/session/b4c44b8ab3ec34df82fcca1e22294ffd/execute/sync'
11:35:46.430 [Forwarding getElementAttribute on session b4c44b8ab3ec34df82fcca1e22294ffd to remote] DEBUG org.asynchttpclient.netty.request.NettyRequestSender - Using open Channel [id: 0xa10b78a6, L:/127.0.0.1:61155 - R:localhost/127.0.0.1:39165] for POST '/session/b4c44b8ab3ec34df82fcca1e22294ffd/execute/sync'
11:35:46.441 [AsyncHttpClient-1-2] DEBUG org.asynchttpclient.netty.handler.HttpHandler - 

Request DefaultHttpRequest(decodeResult: success, version: HTTP/1.1)
POST /session/b4c44b8ab3ec34df82fcca1e22294ffd/execute/sync HTTP/1.1
User-Agent: selenium/4.8.0 (java windows)
Content-Length: 47375
Content-Type: application/json; charset=utf-8
host: localhost:39165
accept: */*

Response DefaultHttpResponse(decodeResult: success, version: HTTP/1.1)
HTTP/1.1 200 OK
Content-Length: 31
Content-Type: application/json; charset=utf-8
cache-control: no-cache

11:35:46.441 [AsyncHttpClient-1-2] DEBUG org.asynchttpclient.netty.channel.ChannelManager - Adding key: http://localhost:39165 for channel [id: 0xa10b78a6, L:/127.0.0.1:61155 - R:localhost/127.0.0.1:39165]
11:35:46.443 [Forwarding getElementAttribute on session b4c44b8ab3ec34df82fcca1e22294ffd to remote] DEBUG org.asynchttpclient.netty.request.NettyRequestSender - Using pooled Channel '[id: 0xa10b78a6, L:/127.0.0.1:61155 - R:localhost/127.0.0.1:39165]' for 'POST' to 'http://localhost:39165/session/b4c44b8ab3ec34df82fcca1e22294ffd/execute/sync'
11:35:46.443 [Forwarding getElementAttribute on session b4c44b8ab3ec34df82fcca1e22294ffd to remote] DEBUG org.asynchttpclient.netty.request.NettyRequestSender - Using open Channel [id: 0xa10b78a6, L:/127.0.0.1:61155 - R:localhost/127.0.0.1:39165] for POST '/session/b4c44b8ab3ec34df82fcca1e22294ffd/execute/sync'
11:35:46.455 [AsyncHttpClient-1-2] DEBUG org.asynchttpclient.netty.handler.HttpHandler - 

Request DefaultHttpRequest(decodeResult: success, version: HTTP/1.1)
POST /session/b4c44b8ab3ec34df82fcca1e22294ffd/execute/sync HTTP/1.1
User-Agent: selenium/4.8.0 (java windows)
Content-Length: 47375
Content-Type: application/json; charset=utf-8
host: localhost:39165
accept: */*

Response DefaultHttpResponse(decodeResult: success, version: HTTP/1.1)
HTTP/1.1 200 OK
Content-Length: 31
Content-Type: application/json; charset=utf-8
cache-control: no-cache

11:35:46.456 [AsyncHttpClient-1-2] DEBUG org.asynchttpclient.netty.channel.ChannelManager - Adding key: http://localhost:39165 for channel [id: 0xa10b78a6, L:/127.0.0.1:61155 - R:localhost/127.0.0.1:39165]
11:35:46.456 [main] INFO  com.swaglabs.base.SetUp - <div class='inventory_item_name'> - InventoryPage.productnamesininverntorypagevalidated
11:35:46.458 [Forwarding findElements on session b4c44b8ab3ec34df82fcca1e22294ffd to remote] DEBUG org.asynchttpclient.netty.request.NettyRequestSender - Using pooled Channel '[id: 0xa10b78a6, L:/127.0.0.1:61155 - R:localhost/127.0.0.1:39165]' for 'POST' to 'http://localhost:39165/session/b4c44b8ab3ec34df82fcca1e22294ffd/elements'
11:35:46.458 [Forwarding findElements on session b4c44b8ab3ec34df82fcca1e22294ffd to remote] DEBUG org.asynchttpclient.netty.request.NettyRequestSender - Using open Channel [id: 0xa10b78a6, L:/127.0.0.1:61155 - R:localhost/127.0.0.1:39165] for POST '/session/b4c44b8ab3ec34df82fcca1e22294ffd/elements'
11:35:46.467 [AsyncHttpClient-1-2] DEBUG org.asynchttpclient.netty.handler.HttpHandler - 

Request DefaultHttpRequest(decodeResult: success, version: HTTP/1.1)
POST /session/b4c44b8ab3ec34df82fcca1e22294ffd/elements HTTP/1.1
User-Agent: selenium/4.8.0 (java windows)
Content-Length: 111
Content-Type: application/json; charset=utf-8
host: localhost:39165
accept: */*

Response DefaultHttpResponse(decodeResult: success, version: HTTP/1.1)
HTTP/1.1 200 OK
Content-Length: 527
Content-Type: application/json; charset=utf-8
cache-control: no-cache

11:35:46.467 [AsyncHttpClient-1-2] DEBUG org.asynchttpclient.netty.channel.ChannelManager - Adding key: http://localhost:39165 for channel [id: 0xa10b78a6, L:/127.0.0.1:61155 - R:localhost/127.0.0.1:39165]
11:35:46.468 [Forwarding findElements on session b4c44b8ab3ec34df82fcca1e22294ffd to remote] DEBUG org.asynchttpclient.netty.request.NettyRequestSender - Using pooled Channel '[id: 0xa10b78a6, L:/127.0.0.1:61155 - R:localhost/127.0.0.1:39165]' for 'POST' to 'http://localhost:39165/session/b4c44b8ab3ec34df82fcca1e22294ffd/elements'
11:35:46.469 [Forwarding findElements on session b4c44b8ab3ec34df82fcca1e22294ffd to remote] DEBUG org.asynchttpclient.netty.request.NettyRequestSender - Using open Channel [id: 0xa10b78a6, L:/127.0.0.1:61155 - R:localhost/127.0.0.1:39165] for POST '/session/b4c44b8ab3ec34df82fcca1e22294ffd/elements'
11:35:46.477 [AsyncHttpClient-1-2] DEBUG org.asynchttpclient.netty.handler.HttpHandler - 

Request DefaultHttpRequest(decodeResult: success, version: HTTP/1.1)
POST /session/b4c44b8ab3ec34df82fcca1e22294ffd/elements HTTP/1.1
User-Agent: selenium/4.8.0 (java windows)
Content-Length: 111
Content-Type: application/json; charset=utf-8
host: localhost:39165
accept: */*

Response DefaultHttpResponse(decodeResult: success, version: HTTP/1.1)
HTTP/1.1 200 OK
Content-Length: 527
Content-Type: application/json; charset=utf-8
cache-control: no-cache

11:35:46.478 [AsyncHttpClient-1-2] DEBUG org.asynchttpclient.netty.channel.ChannelManager - Adding key: http://localhost:39165 for channel [id: 0xa10b78a6, L:/127.0.0.1:61155 - R:localhost/127.0.0.1:39165]
11:35:46.479 [Forwarding getElementText on session b4c44b8ab3ec34df82fcca1e22294ffd to remote] DEBUG org.asynchttpclient.netty.request.NettyRequestSender - Using pooled Channel '[id: 0xa10b78a6, L:/127.0.0.1:61155 - R:localhost/127.0.0.1:39165]' for 'GET' to 'http://localhost:39165/session/b4c44b8ab3ec34df82fcca1e22294ffd/element/D6FCA329F55A989BAF0E516CCCB7C1E0_element_32/text'
11:35:46.479 [Forwarding getElementText on session b4c44b8ab3ec34df82fcca1e22294ffd to remote] DEBUG org.asynchttpclient.netty.request.NettyRequestSender - Using open Channel [id: 0xa10b78a6, L:/127.0.0.1:61155 - R:localhost/127.0.0.1:39165] for GET '/session/b4c44b8ab3ec34df82fcca1e22294ffd/element/D6FCA329F55A989BAF0E516CCCB7C1E0_element_32/text'
11:35:46.487 [AsyncHttpClient-1-2] DEBUG org.asynchttpclient.netty.handler.HttpHandler - 

Request DefaultFullHttpRequest(decodeResult: success, version: HTTP/1.1, content: EmptyByteBufBE)
GET /session/b4c44b8ab3ec34df82fcca1e22294ffd/element/D6FCA329F55A989BAF0E516CCCB7C1E0_element_32/text HTTP/1.1
User-Agent: selenium/4.8.0 (java windows)
Cache-Control: no-cache
Content-Type: application/json; charset=utf-8
host: localhost:39165
accept: */*

Response DefaultHttpResponse(decodeResult: success, version: HTTP/1.1)
HTTP/1.1 200 OK
Content-Length: 35
Content-Type: application/json; charset=utf-8
cache-control: no-cache

11:35:46.487 [AsyncHttpClient-1-2] DEBUG org.asynchttpclient.netty.channel.ChannelManager - Adding key: http://localhost:39165 for channel [id: 0xa10b78a6, L:/127.0.0.1:61155 - R:localhost/127.0.0.1:39165]
11:35:46.490 [Forwarding findElements on session b4c44b8ab3ec34df82fcca1e22294ffd to remote] DEBUG org.asynchttpclient.netty.request.NettyRequestSender - Using pooled Channel '[id: 0xa10b78a6, L:/127.0.0.1:61155 - R:localhost/127.0.0.1:39165]' for 'POST' to 'http://localhost:39165/session/b4c44b8ab3ec34df82fcca1e22294ffd/elements'
11:35:46.490 [Forwarding findElements on session b4c44b8ab3ec34df82fcca1e22294ffd to remote] DEBUG org.asynchttpclient.netty.request.NettyRequestSender - Using open Channel [id: 0xa10b78a6, L:/127.0.0.1:61155 - R:localhost/127.0.0.1:39165] for POST '/session/b4c44b8ab3ec34df82fcca1e22294ffd/elements'
11:35:46.499 [AsyncHttpClient-1-2] DEBUG org.asynchttpclient.netty.handler.HttpHandler - 

Request DefaultHttpRequest(decodeResult: success, version: HTTP/1.1)
POST /session/b4c44b8ab3ec34df82fcca1e22294ffd/elements HTTP/1.1
User-Agent: selenium/4.8.0 (java windows)
Content-Length: 111
Content-Type: application/json; charset=utf-8
host: localhost:39165
accept: */*

Response DefaultHttpResponse(decodeResult: success, version: HTTP/1.1)
HTTP/1.1 200 OK
Content-Length: 527
Content-Type: application/json; charset=utf-8
cache-control: no-cache

11:35:46.499 [AsyncHttpClient-1-2] DEBUG org.asynchttpclient.netty.channel.ChannelManager - Adding key: http://localhost:39165 for channel [id: 0xa10b78a6, L:/127.0.0.1:61155 - R:localhost/127.0.0.1:39165]
11:35:46.503 [Forwarding getElementText on session b4c44b8ab3ec34df82fcca1e22294ffd to remote] DEBUG org.asynchttpclient.netty.request.NettyRequestSender - Using pooled Channel '[id: 0xa10b78a6, L:/127.0.0.1:61155 - R:localhost/127.0.0.1:39165]' for 'GET' to 'http://localhost:39165/session/b4c44b8ab3ec34df82fcca1e22294ffd/element/D6FCA329F55A989BAF0E516CCCB7C1E0_element_32/text'
11:35:46.503 [Forwarding getElementText on session b4c44b8ab3ec34df82fcca1e22294ffd to remote] DEBUG org.asynchttpclient.netty.request.NettyRequestSender - Using open Channel [id: 0xa10b78a6, L:/127.0.0.1:61155 - R:localhost/127.0.0.1:39165] for GET '/session/b4c44b8ab3ec34df82fcca1e22294ffd/element/D6FCA329F55A989BAF0E516CCCB7C1E0_element_32/text'
11:35:46.516 [AsyncHttpClient-1-2] DEBUG org.asynchttpclient.netty.handler.HttpHandler - 

Request DefaultFullHttpRequest(decodeResult: success, version: HTTP/1.1, content: EmptyByteBufBE)
GET /session/b4c44b8ab3ec34df82fcca1e22294ffd/element/D6FCA329F55A989BAF0E516CCCB7C1E0_element_32/text HTTP/1.1
User-Agent: selenium/4.8.0 (java windows)
Cache-Control: no-cache
Content-Type: application/json; charset=utf-8
host: localhost:39165
accept: */*

Response DefaultHttpResponse(decodeResult: success, version: HTTP/1.1)
HTTP/1.1 200 OK
Content-Length: 35
Content-Type: application/json; charset=utf-8
cache-control: no-cache

11:35:46.516 [AsyncHttpClient-1-2] DEBUG org.asynchttpclient.netty.channel.ChannelManager - Adding key: http://localhost:39165 for channel [id: 0xa10b78a6, L:/127.0.0.1:61155 - R:localhost/127.0.0.1:39165]
11:35:46.517 [Forwarding findElements on session b4c44b8ab3ec34df82fcca1e22294ffd to remote] DEBUG org.asynchttpclient.netty.request.NettyRequestSender - Using pooled Channel '[id: 0xa10b78a6, L:/127.0.0.1:61155 - R:localhost/127.0.0.1:39165]' for 'POST' to 'http://localhost:39165/session/b4c44b8ab3ec34df82fcca1e22294ffd/elements'
11:35:46.517 [Forwarding findElements on session b4c44b8ab3ec34df82fcca1e22294ffd to remote] DEBUG org.asynchttpclient.netty.request.NettyRequestSender - Using open Channel [id: 0xa10b78a6, L:/127.0.0.1:61155 - R:localhost/127.0.0.1:39165] for POST '/session/b4c44b8ab3ec34df82fcca1e22294ffd/elements'
11:35:46.526 [AsyncHttpClient-1-2] DEBUG org.asynchttpclient.netty.handler.HttpHandler - 

Request DefaultHttpRequest(decodeResult: success, version: HTTP/1.1)
POST /session/b4c44b8ab3ec34df82fcca1e22294ffd/elements HTTP/1.1
User-Agent: selenium/4.8.0 (java windows)
Content-Length: 111
Content-Type: application/json; charset=utf-8
host: localhost:39165
accept: */*

Response DefaultHttpResponse(decodeResult: success, version: HTTP/1.1)
HTTP/1.1 200 OK
Content-Length: 527
Content-Type: application/json; charset=utf-8
cache-control: no-cache

11:35:46.526 [AsyncHttpClient-1-2] DEBUG org.asynchttpclient.netty.channel.ChannelManager - Adding key: http://localhost:39165 for channel [id: 0xa10b78a6, L:/127.0.0.1:61155 - R:localhost/127.0.0.1:39165]
11:35:46.527 [Forwarding getElementTagName on session b4c44b8ab3ec34df82fcca1e22294ffd to remote] DEBUG org.asynchttpclient.netty.request.NettyRequestSender - Using pooled Channel '[id: 0xa10b78a6, L:/127.0.0.1:61155 - R:localhost/127.0.0.1:39165]' for 'GET' to 'http://localhost:39165/session/b4c44b8ab3ec34df82fcca1e22294ffd/element/D6FCA329F55A989BAF0E516CCCB7C1E0_element_32/name'
11:35:46.527 [Forwarding getElementTagName on session b4c44b8ab3ec34df82fcca1e22294ffd to remote] DEBUG org.asynchttpclient.netty.request.NettyRequestSender - Using open Channel [id: 0xa10b78a6, L:/127.0.0.1:61155 - R:localhost/127.0.0.1:39165] for GET '/session/b4c44b8ab3ec34df82fcca1e22294ffd/element/D6FCA329F55A989BAF0E516CCCB7C1E0_element_32/name'
11:35:46.532 [AsyncHttpClient-1-2] DEBUG org.asynchttpclient.netty.handler.HttpHandler - 

Request DefaultFullHttpRequest(decodeResult: success, version: HTTP/1.1, content: EmptyByteBufBE)
GET /session/b4c44b8ab3ec34df82fcca1e22294ffd/element/D6FCA329F55A989BAF0E516CCCB7C1E0_element_32/name HTTP/1.1
User-Agent: selenium/4.8.0 (java windows)
Cache-Control: no-cache
Content-Type: application/json; charset=utf-8
host: localhost:39165
accept: */*

Response DefaultHttpResponse(decodeResult: success, version: HTTP/1.1)
HTTP/1.1 200 OK
Content-Length: 15
Content-Type: application/json; charset=utf-8
cache-control: no-cache

11:35:46.532 [AsyncHttpClient-1-2] DEBUG org.asynchttpclient.netty.channel.ChannelManager - Adding key: http://localhost:39165 for channel [id: 0xa10b78a6, L:/127.0.0.1:61155 - R:localhost/127.0.0.1:39165]
11:35:46.534 [Forwarding getElementAttribute on session b4c44b8ab3ec34df82fcca1e22294ffd to remote] DEBUG org.asynchttpclient.netty.request.NettyRequestSender - Using pooled Channel '[id: 0xa10b78a6, L:/127.0.0.1:61155 - R:localhost/127.0.0.1:39165]' for 'POST' to 'http://localhost:39165/session/b4c44b8ab3ec34df82fcca1e22294ffd/execute/sync'
11:35:46.534 [Forwarding getElementAttribute on session b4c44b8ab3ec34df82fcca1e22294ffd to remote] DEBUG org.asynchttpclient.netty.request.NettyRequestSender - Using open Channel [id: 0xa10b78a6, L:/127.0.0.1:61155 - R:localhost/127.0.0.1:39165] for POST '/session/b4c44b8ab3ec34df82fcca1e22294ffd/execute/sync'
11:35:46.543 [AsyncHttpClient-1-2] DEBUG org.asynchttpclient.netty.handler.HttpHandler - 

Request DefaultHttpRequest(decodeResult: success, version: HTTP/1.1)
POST /session/b4c44b8ab3ec34df82fcca1e22294ffd/execute/sync HTTP/1.1
User-Agent: selenium/4.8.0 (java windows)
Content-Length: 47372
Content-Type: application/json; charset=utf-8
host: localhost:39165
accept: */*

Response DefaultHttpResponse(decodeResult: success, version: HTTP/1.1)
HTTP/1.1 200 OK
Content-Length: 12
Content-Type: application/json; charset=utf-8
cache-control: no-cache

11:35:46.543 [AsyncHttpClient-1-2] DEBUG org.asynchttpclient.netty.channel.ChannelManager - Adding key: http://localhost:39165 for channel [id: 0xa10b78a6, L:/127.0.0.1:61155 - R:localhost/127.0.0.1:39165]
11:35:46.546 [Forwarding getElementAttribute on session b4c44b8ab3ec34df82fcca1e22294ffd to remote] DEBUG org.asynchttpclient.netty.request.NettyRequestSender - Using pooled Channel '[id: 0xa10b78a6, L:/127.0.0.1:61155 - R:localhost/127.0.0.1:39165]' for 'POST' to 'http://localhost:39165/session/b4c44b8ab3ec34df82fcca1e22294ffd/execute/sync'
11:35:46.546 [Forwarding getElementAttribute on session b4c44b8ab3ec34df82fcca1e22294ffd to remote] DEBUG org.asynchttpclient.netty.request.NettyRequestSender - Using open Channel [id: 0xa10b78a6, L:/127.0.0.1:61155 - R:localhost/127.0.0.1:39165] for POST '/session/b4c44b8ab3ec34df82fcca1e22294ffd/execute/sync'
11:35:46.554 [AsyncHttpClient-1-2] DEBUG org.asynchttpclient.netty.handler.HttpHandler - 

Request DefaultHttpRequest(decodeResult: success, version: HTTP/1.1)
POST /session/b4c44b8ab3ec34df82fcca1e22294ffd/execute/sync HTTP/1.1
User-Agent: selenium/4.8.0 (java windows)
Content-Length: 47374
Content-Type: application/json; charset=utf-8
host: localhost:39165
accept: */*

Response DefaultHttpResponse(decodeResult: success, version: HTTP/1.1)
HTTP/1.1 200 OK
Content-Length: 14
Content-Type: application/json; charset=utf-8
cache-control: no-cache

11:35:46.554 [AsyncHttpClient-1-2] DEBUG org.asynchttpclient.netty.channel.ChannelManager - Adding key: http://localhost:39165 for channel [id: 0xa10b78a6, L:/127.0.0.1:61155 - R:localhost/127.0.0.1:39165]
11:35:46.557 [Forwarding getElementAttribute on session b4c44b8ab3ec34df82fcca1e22294ffd to remote] DEBUG org.asynchttpclient.netty.request.NettyRequestSender - Using pooled Channel '[id: 0xa10b78a6, L:/127.0.0.1:61155 - R:localhost/127.0.0.1:39165]' for 'POST' to 'http://localhost:39165/session/b4c44b8ab3ec34df82fcca1e22294ffd/execute/sync'
11:35:46.557 [Forwarding getElementAttribute on session b4c44b8ab3ec34df82fcca1e22294ffd to remote] DEBUG org.asynchttpclient.netty.request.NettyRequestSender - Using open Channel [id: 0xa10b78a6, L:/127.0.0.1:61155 - R:localhost/127.0.0.1:39165] for POST '/session/b4c44b8ab3ec34df82fcca1e22294ffd/execute/sync'
11:35:46.564 [AsyncHttpClient-1-2] DEBUG org.asynchttpclient.netty.handler.HttpHandler - 

Request DefaultHttpRequest(decodeResult: success, version: HTTP/1.1)
POST /session/b4c44b8ab3ec34df82fcca1e22294ffd/execute/sync HTTP/1.1
User-Agent: selenium/4.8.0 (java windows)
Content-Length: 47374
Content-Type: application/json; charset=utf-8
host: localhost:39165
accept: */*

Response DefaultHttpResponse(decodeResult: success, version: HTTP/1.1)
HTTP/1.1 200 OK
Content-Length: 14
Content-Type: application/json; charset=utf-8
cache-control: no-cache

11:35:46.564 [AsyncHttpClient-1-2] DEBUG org.asynchttpclient.netty.channel.ChannelManager - Adding key: http://localhost:39165 for channel [id: 0xa10b78a6, L:/127.0.0.1:61155 - R:localhost/127.0.0.1:39165]
11:35:46.568 [Forwarding getElementAttribute on session b4c44b8ab3ec34df82fcca1e22294ffd to remote] DEBUG org.asynchttpclient.netty.request.NettyRequestSender - Using pooled Channel '[id: 0xa10b78a6, L:/127.0.0.1:61155 - R:localhost/127.0.0.1:39165]' for 'POST' to 'http://localhost:39165/session/b4c44b8ab3ec34df82fcca1e22294ffd/execute/sync'
11:35:46.568 [Forwarding getElementAttribute on session b4c44b8ab3ec34df82fcca1e22294ffd to remote] DEBUG org.asynchttpclient.netty.request.NettyRequestSender - Using open Channel [id: 0xa10b78a6, L:/127.0.0.1:61155 - R:localhost/127.0.0.1:39165] for POST '/session/b4c44b8ab3ec34df82fcca1e22294ffd/execute/sync'
11:35:46.578 [AsyncHttpClient-1-2] DEBUG org.asynchttpclient.netty.handler.HttpHandler - 

Request DefaultHttpRequest(decodeResult: success, version: HTTP/1.1)
POST /session/b4c44b8ab3ec34df82fcca1e22294ffd/execute/sync HTTP/1.1
User-Agent: selenium/4.8.0 (java windows)
Content-Length: 47374
Content-Type: application/json; charset=utf-8
host: localhost:39165
accept: */*

Response DefaultHttpResponse(decodeResult: success, version: HTTP/1.1)
HTTP/1.1 200 OK
Content-Length: 14
Content-Type: application/json; charset=utf-8
cache-control: no-cache

11:35:46.578 [AsyncHttpClient-1-2] DEBUG org.asynchttpclient.netty.channel.ChannelManager - Adding key: http://localhost:39165 for channel [id: 0xa10b78a6, L:/127.0.0.1:61155 - R:localhost/127.0.0.1:39165]
11:35:46.581 [Forwarding getElementAttribute on session b4c44b8ab3ec34df82fcca1e22294ffd to remote] DEBUG org.asynchttpclient.netty.request.NettyRequestSender - Using pooled Channel '[id: 0xa10b78a6, L:/127.0.0.1:61155 - R:localhost/127.0.0.1:39165]' for 'POST' to 'http://localhost:39165/session/b4c44b8ab3ec34df82fcca1e22294ffd/execute/sync'
11:35:46.581 [Forwarding getElementAttribute on session b4c44b8ab3ec34df82fcca1e22294ffd to remote] DEBUG org.asynchttpclient.netty.request.NettyRequestSender - Using open Channel [id: 0xa10b78a6, L:/127.0.0.1:61155 - R:localhost/127.0.0.1:39165] for POST '/session/b4c44b8ab3ec34df82fcca1e22294ffd/execute/sync'
11:35:46.590 [AsyncHttpClient-1-2] DEBUG org.asynchttpclient.netty.handler.HttpHandler - 

Request DefaultHttpRequest(decodeResult: success, version: HTTP/1.1)
POST /session/b4c44b8ab3ec34df82fcca1e22294ffd/execute/sync HTTP/1.1
User-Agent: selenium/4.8.0 (java windows)
Content-Length: 47375
Content-Type: application/json; charset=utf-8
host: localhost:39165
accept: */*

Response DefaultHttpResponse(decodeResult: success, version: HTTP/1.1)
HTTP/1.1 200 OK
Content-Length: 14
Content-Type: application/json; charset=utf-8
cache-control: no-cache

11:35:46.590 [AsyncHttpClient-1-2] DEBUG org.asynchttpclient.netty.channel.ChannelManager - Adding key: http://localhost:39165 for channel [id: 0xa10b78a6, L:/127.0.0.1:61155 - R:localhost/127.0.0.1:39165]
11:35:46.593 [Forwarding getElementAttribute on session b4c44b8ab3ec34df82fcca1e22294ffd to remote] DEBUG org.asynchttpclient.netty.request.NettyRequestSender - Using pooled Channel '[id: 0xa10b78a6, L:/127.0.0.1:61155 - R:localhost/127.0.0.1:39165]' for 'POST' to 'http://localhost:39165/session/b4c44b8ab3ec34df82fcca1e22294ffd/execute/sync'
11:35:46.593 [Forwarding getElementAttribute on session b4c44b8ab3ec34df82fcca1e22294ffd to remote] DEBUG org.asynchttpclient.netty.request.NettyRequestSender - Using open Channel [id: 0xa10b78a6, L:/127.0.0.1:61155 - R:localhost/127.0.0.1:39165] for POST '/session/b4c44b8ab3ec34df82fcca1e22294ffd/execute/sync'
11:35:46.599 [AsyncHttpClient-1-2] DEBUG org.asynchttpclient.netty.handler.HttpHandler - 

Request DefaultHttpRequest(decodeResult: success, version: HTTP/1.1)
POST /session/b4c44b8ab3ec34df82fcca1e22294ffd/execute/sync HTTP/1.1
User-Agent: selenium/4.8.0 (java windows)
Content-Length: 47375
Content-Type: application/json; charset=utf-8
host: localhost:39165
accept: */*

Response DefaultHttpResponse(decodeResult: success, version: HTTP/1.1)
HTTP/1.1 200 OK
Content-Length: 31
Content-Type: application/json; charset=utf-8
cache-control: no-cache

11:35:46.600 [AsyncHttpClient-1-2] DEBUG org.asynchttpclient.netty.channel.ChannelManager - Adding key: http://localhost:39165 for channel [id: 0xa10b78a6, L:/127.0.0.1:61155 - R:localhost/127.0.0.1:39165]
11:35:46.602 [Forwarding getElementAttribute on session b4c44b8ab3ec34df82fcca1e22294ffd to remote] DEBUG org.asynchttpclient.netty.request.NettyRequestSender - Using pooled Channel '[id: 0xa10b78a6, L:/127.0.0.1:61155 - R:localhost/127.0.0.1:39165]' for 'POST' to 'http://localhost:39165/session/b4c44b8ab3ec34df82fcca1e22294ffd/execute/sync'
11:35:46.602 [Forwarding getElementAttribute on session b4c44b8ab3ec34df82fcca1e22294ffd to remote] DEBUG org.asynchttpclient.netty.request.NettyRequestSender - Using open Channel [id: 0xa10b78a6, L:/127.0.0.1:61155 - R:localhost/127.0.0.1:39165] for POST '/session/b4c44b8ab3ec34df82fcca1e22294ffd/execute/sync'
11:35:46.610 [AsyncHttpClient-1-2] DEBUG org.asynchttpclient.netty.handler.HttpHandler - 

Request DefaultHttpRequest(decodeResult: success, version: HTTP/1.1)
POST /session/b4c44b8ab3ec34df82fcca1e22294ffd/execute/sync HTTP/1.1
User-Agent: selenium/4.8.0 (java windows)
Content-Length: 47375
Content-Type: application/json; charset=utf-8
host: localhost:39165
accept: */*

Response DefaultHttpResponse(decodeResult: success, version: HTTP/1.1)
HTTP/1.1 200 OK
Content-Length: 31
Content-Type: application/json; charset=utf-8
cache-control: no-cache

11:35:46.610 [AsyncHttpClient-1-2] DEBUG org.asynchttpclient.netty.channel.ChannelManager - Adding key: http://localhost:39165 for channel [id: 0xa10b78a6, L:/127.0.0.1:61155 - R:localhost/127.0.0.1:39165]
11:35:46.611 [main] INFO  com.swaglabs.base.SetUp - <div class='inventory_item_name'> - InventoryPage.productnamesininverntorypagevalidated
11:35:46.613 [Forwarding findElements on session b4c44b8ab3ec34df82fcca1e22294ffd to remote] DEBUG org.asynchttpclient.netty.request.NettyRequestSender - Using pooled Channel '[id: 0xa10b78a6, L:/127.0.0.1:61155 - R:localhost/127.0.0.1:39165]' for 'POST' to 'http://localhost:39165/session/b4c44b8ab3ec34df82fcca1e22294ffd/elements'
11:35:46.613 [Forwarding findElements on session b4c44b8ab3ec34df82fcca1e22294ffd to remote] DEBUG org.asynchttpclient.netty.request.NettyRequestSender - Using open Channel [id: 0xa10b78a6, L:/127.0.0.1:61155 - R:localhost/127.0.0.1:39165] for POST '/session/b4c44b8ab3ec34df82fcca1e22294ffd/elements'
11:35:46.620 [AsyncHttpClient-1-2] DEBUG org.asynchttpclient.netty.handler.HttpHandler - 

Request DefaultHttpRequest(decodeResult: success, version: HTTP/1.1)
POST /session/b4c44b8ab3ec34df82fcca1e22294ffd/elements HTTP/1.1
User-Agent: selenium/4.8.0 (java windows)
Content-Length: 111
Content-Type: application/json; charset=utf-8
host: localhost:39165
accept: */*

Response DefaultHttpResponse(decodeResult: success, version: HTTP/1.1)
HTTP/1.1 200 OK
Content-Length: 527
Content-Type: application/json; charset=utf-8
cache-control: no-cache

11:35:46.620 [AsyncHttpClient-1-2] DEBUG org.asynchttpclient.netty.channel.ChannelManager - Adding key: http://localhost:39165 for channel [id: 0xa10b78a6, L:/127.0.0.1:61155 - R:localhost/127.0.0.1:39165]
11:35:46.622 [Forwarding findElements on session b4c44b8ab3ec34df82fcca1e22294ffd to remote] DEBUG org.asynchttpclient.netty.request.NettyRequestSender - Using pooled Channel '[id: 0xa10b78a6, L:/127.0.0.1:61155 - R:localhost/127.0.0.1:39165]' for 'POST' to 'http://localhost:39165/session/b4c44b8ab3ec34df82fcca1e22294ffd/elements'
11:35:46.622 [Forwarding findElements on session b4c44b8ab3ec34df82fcca1e22294ffd to remote] DEBUG org.asynchttpclient.netty.request.NettyRequestSender - Using open Channel [id: 0xa10b78a6, L:/127.0.0.1:61155 - R:localhost/127.0.0.1:39165] for POST '/session/b4c44b8ab3ec34df82fcca1e22294ffd/elements'
11:35:46.629 [AsyncHttpClient-1-2] DEBUG org.asynchttpclient.netty.handler.HttpHandler - 

Request DefaultHttpRequest(decodeResult: success, version: HTTP/1.1)
POST /session/b4c44b8ab3ec34df82fcca1e22294ffd/elements HTTP/1.1
User-Agent: selenium/4.8.0 (java windows)
Content-Length: 111
Content-Type: application/json; charset=utf-8
host: localhost:39165
accept: */*

Response DefaultHttpResponse(decodeResult: success, version: HTTP/1.1)
HTTP/1.1 200 OK
Content-Length: 527
Content-Type: application/json; charset=utf-8
cache-control: no-cache

11:35:46.629 [AsyncHttpClient-1-2] DEBUG org.asynchttpclient.netty.channel.ChannelManager - Adding key: http://localhost:39165 for channel [id: 0xa10b78a6, L:/127.0.0.1:61155 - R:localhost/127.0.0.1:39165]
11:35:46.630 [Forwarding getElementText on session b4c44b8ab3ec34df82fcca1e22294ffd to remote] DEBUG org.asynchttpclient.netty.request.NettyRequestSender - Using pooled Channel '[id: 0xa10b78a6, L:/127.0.0.1:61155 - R:localhost/127.0.0.1:39165]' for 'GET' to 'http://localhost:39165/session/b4c44b8ab3ec34df82fcca1e22294ffd/element/D6FCA329F55A989BAF0E516CCCB7C1E0_element_33/text'
11:35:46.630 [Forwarding getElementText on session b4c44b8ab3ec34df82fcca1e22294ffd to remote] DEBUG org.asynchttpclient.netty.request.NettyRequestSender - Using open Channel [id: 0xa10b78a6, L:/127.0.0.1:61155 - R:localhost/127.0.0.1:39165] for GET '/session/b4c44b8ab3ec34df82fcca1e22294ffd/element/D6FCA329F55A989BAF0E516CCCB7C1E0_element_33/text'
11:35:46.641 [AsyncHttpClient-1-2] DEBUG org.asynchttpclient.netty.handler.HttpHandler - 

Request DefaultFullHttpRequest(decodeResult: success, version: HTTP/1.1, content: EmptyByteBufBE)
GET /session/b4c44b8ab3ec34df82fcca1e22294ffd/element/D6FCA329F55A989BAF0E516CCCB7C1E0_element_33/text HTTP/1.1
User-Agent: selenium/4.8.0 (java windows)
Cache-Control: no-cache
Content-Type: application/json; charset=utf-8
host: localhost:39165
accept: */*

Response DefaultHttpResponse(decodeResult: success, version: HTTP/1.1)
HTTP/1.1 200 OK
Content-Length: 36
Content-Type: application/json; charset=utf-8
cache-control: no-cache

11:35:46.641 [AsyncHttpClient-1-2] DEBUG org.asynchttpclient.netty.channel.ChannelManager - Adding key: http://localhost:39165 for channel [id: 0xa10b78a6, L:/127.0.0.1:61155 - R:localhost/127.0.0.1:39165]
11:35:46.642 [Forwarding findElements on session b4c44b8ab3ec34df82fcca1e22294ffd to remote] DEBUG org.asynchttpclient.netty.request.NettyRequestSender - Using pooled Channel '[id: 0xa10b78a6, L:/127.0.0.1:61155 - R:localhost/127.0.0.1:39165]' for 'POST' to 'http://localhost:39165/session/b4c44b8ab3ec34df82fcca1e22294ffd/elements'
11:35:46.643 [Forwarding findElements on session b4c44b8ab3ec34df82fcca1e22294ffd to remote] DEBUG org.asynchttpclient.netty.request.NettyRequestSender - Using open Channel [id: 0xa10b78a6, L:/127.0.0.1:61155 - R:localhost/127.0.0.1:39165] for POST '/session/b4c44b8ab3ec34df82fcca1e22294ffd/elements'
11:35:46.651 [AsyncHttpClient-1-2] DEBUG org.asynchttpclient.netty.handler.HttpHandler - 

Request DefaultHttpRequest(decodeResult: success, version: HTTP/1.1)
POST /session/b4c44b8ab3ec34df82fcca1e22294ffd/elements HTTP/1.1
User-Agent: selenium/4.8.0 (java windows)
Content-Length: 111
Content-Type: application/json; charset=utf-8
host: localhost:39165
accept: */*

Response DefaultHttpResponse(decodeResult: success, version: HTTP/1.1)
HTTP/1.1 200 OK
Content-Length: 527
Content-Type: application/json; charset=utf-8
cache-control: no-cache

11:35:46.651 [AsyncHttpClient-1-2] DEBUG org.asynchttpclient.netty.channel.ChannelManager - Adding key: http://localhost:39165 for channel [id: 0xa10b78a6, L:/127.0.0.1:61155 - R:localhost/127.0.0.1:39165]
11:35:46.655 [Forwarding getElementText on session b4c44b8ab3ec34df82fcca1e22294ffd to remote] DEBUG org.asynchttpclient.netty.request.NettyRequestSender - Using pooled Channel '[id: 0xa10b78a6, L:/127.0.0.1:61155 - R:localhost/127.0.0.1:39165]' for 'GET' to 'http://localhost:39165/session/b4c44b8ab3ec34df82fcca1e22294ffd/element/D6FCA329F55A989BAF0E516CCCB7C1E0_element_33/text'
11:35:46.655 [Forwarding getElementText on session b4c44b8ab3ec34df82fcca1e22294ffd to remote] DEBUG org.asynchttpclient.netty.request.NettyRequestSender - Using open Channel [id: 0xa10b78a6, L:/127.0.0.1:61155 - R:localhost/127.0.0.1:39165] for GET '/session/b4c44b8ab3ec34df82fcca1e22294ffd/element/D6FCA329F55A989BAF0E516CCCB7C1E0_element_33/text'
11:35:46.664 [AsyncHttpClient-1-2] DEBUG org.asynchttpclient.netty.handler.HttpHandler - 

Request DefaultFullHttpRequest(decodeResult: success, version: HTTP/1.1, content: EmptyByteBufBE)
GET /session/b4c44b8ab3ec34df82fcca1e22294ffd/element/D6FCA329F55A989BAF0E516CCCB7C1E0_element_33/text HTTP/1.1
User-Agent: selenium/4.8.0 (java windows)
Cache-Control: no-cache
Content-Type: application/json; charset=utf-8
host: localhost:39165
accept: */*

Response DefaultHttpResponse(decodeResult: success, version: HTTP/1.1)
HTTP/1.1 200 OK
Content-Length: 36
Content-Type: application/json; charset=utf-8
cache-control: no-cache

11:35:46.664 [AsyncHttpClient-1-2] DEBUG org.asynchttpclient.netty.channel.ChannelManager - Adding key: http://localhost:39165 for channel [id: 0xa10b78a6, L:/127.0.0.1:61155 - R:localhost/127.0.0.1:39165]
11:35:46.666 [Forwarding findElements on session b4c44b8ab3ec34df82fcca1e22294ffd to remote] DEBUG org.asynchttpclient.netty.request.NettyRequestSender - Using pooled Channel '[id: 0xa10b78a6, L:/127.0.0.1:61155 - R:localhost/127.0.0.1:39165]' for 'POST' to 'http://localhost:39165/session/b4c44b8ab3ec34df82fcca1e22294ffd/elements'
11:35:46.666 [Forwarding findElements on session b4c44b8ab3ec34df82fcca1e22294ffd to remote] DEBUG org.asynchttpclient.netty.request.NettyRequestSender - Using open Channel [id: 0xa10b78a6, L:/127.0.0.1:61155 - R:localhost/127.0.0.1:39165] for POST '/session/b4c44b8ab3ec34df82fcca1e22294ffd/elements'
11:35:46.673 [AsyncHttpClient-1-2] DEBUG org.asynchttpclient.netty.handler.HttpHandler - 

Request DefaultHttpRequest(decodeResult: success, version: HTTP/1.1)
POST /session/b4c44b8ab3ec34df82fcca1e22294ffd/elements HTTP/1.1
User-Agent: selenium/4.8.0 (java windows)
Content-Length: 111
Content-Type: application/json; charset=utf-8
host: localhost:39165
accept: */*

Response DefaultHttpResponse(decodeResult: success, version: HTTP/1.1)
HTTP/1.1 200 OK
Content-Length: 527
Content-Type: application/json; charset=utf-8
cache-control: no-cache

11:35:46.673 [AsyncHttpClient-1-2] DEBUG org.asynchttpclient.netty.channel.ChannelManager - Adding key: http://localhost:39165 for channel [id: 0xa10b78a6, L:/127.0.0.1:61155 - R:localhost/127.0.0.1:39165]
11:35:46.673 [Forwarding getElementTagName on session b4c44b8ab3ec34df82fcca1e22294ffd to remote] DEBUG org.asynchttpclient.netty.request.NettyRequestSender - Using pooled Channel '[id: 0xa10b78a6, L:/127.0.0.1:61155 - R:localhost/127.0.0.1:39165]' for 'GET' to 'http://localhost:39165/session/b4c44b8ab3ec34df82fcca1e22294ffd/element/D6FCA329F55A989BAF0E516CCCB7C1E0_element_33/name'
11:35:46.674 [Forwarding getElementTagName on session b4c44b8ab3ec34df82fcca1e22294ffd to remote] DEBUG org.asynchttpclient.netty.request.NettyRequestSender - Using open Channel [id: 0xa10b78a6, L:/127.0.0.1:61155 - R:localhost/127.0.0.1:39165] for GET '/session/b4c44b8ab3ec34df82fcca1e22294ffd/element/D6FCA329F55A989BAF0E516CCCB7C1E0_element_33/name'
11:35:46.677 [AsyncHttpClient-1-2] DEBUG org.asynchttpclient.netty.handler.HttpHandler - 

Request DefaultFullHttpRequest(decodeResult: success, version: HTTP/1.1, content: EmptyByteBufBE)
GET /session/b4c44b8ab3ec34df82fcca1e22294ffd/element/D6FCA329F55A989BAF0E516CCCB7C1E0_element_33/name HTTP/1.1
User-Agent: selenium/4.8.0 (java windows)
Cache-Control: no-cache
Content-Type: application/json; charset=utf-8
host: localhost:39165
accept: */*

Response DefaultHttpResponse(decodeResult: success, version: HTTP/1.1)
HTTP/1.1 200 OK
Content-Length: 15
Content-Type: application/json; charset=utf-8
cache-control: no-cache

11:35:46.677 [AsyncHttpClient-1-2] DEBUG org.asynchttpclient.netty.channel.ChannelManager - Adding key: http://localhost:39165 for channel [id: 0xa10b78a6, L:/127.0.0.1:61155 - R:localhost/127.0.0.1:39165]
11:35:46.679 [Forwarding getElementAttribute on session b4c44b8ab3ec34df82fcca1e22294ffd to remote] DEBUG org.asynchttpclient.netty.request.NettyRequestSender - Using pooled Channel '[id: 0xa10b78a6, L:/127.0.0.1:61155 - R:localhost/127.0.0.1:39165]' for 'POST' to 'http://localhost:39165/session/b4c44b8ab3ec34df82fcca1e22294ffd/execute/sync'
11:35:46.679 [Forwarding getElementAttribute on session b4c44b8ab3ec34df82fcca1e22294ffd to remote] DEBUG org.asynchttpclient.netty.request.NettyRequestSender - Using open Channel [id: 0xa10b78a6, L:/127.0.0.1:61155 - R:localhost/127.0.0.1:39165] for POST '/session/b4c44b8ab3ec34df82fcca1e22294ffd/execute/sync'
11:35:46.687 [AsyncHttpClient-1-2] DEBUG org.asynchttpclient.netty.handler.HttpHandler - 

Request DefaultHttpRequest(decodeResult: success, version: HTTP/1.1)
POST /session/b4c44b8ab3ec34df82fcca1e22294ffd/execute/sync HTTP/1.1
User-Agent: selenium/4.8.0 (java windows)
Content-Length: 47372
Content-Type: application/json; charset=utf-8
host: localhost:39165
accept: */*

Response DefaultHttpResponse(decodeResult: success, version: HTTP/1.1)
HTTP/1.1 200 OK
Content-Length: 12
Content-Type: application/json; charset=utf-8
cache-control: no-cache

11:35:46.687 [AsyncHttpClient-1-2] DEBUG org.asynchttpclient.netty.channel.ChannelManager - Adding key: http://localhost:39165 for channel [id: 0xa10b78a6, L:/127.0.0.1:61155 - R:localhost/127.0.0.1:39165]
11:35:46.688 [Forwarding getElementAttribute on session b4c44b8ab3ec34df82fcca1e22294ffd to remote] DEBUG org.asynchttpclient.netty.request.NettyRequestSender - Using pooled Channel '[id: 0xa10b78a6, L:/127.0.0.1:61155 - R:localhost/127.0.0.1:39165]' for 'POST' to 'http://localhost:39165/session/b4c44b8ab3ec34df82fcca1e22294ffd/execute/sync'
11:35:46.688 [Forwarding getElementAttribute on session b4c44b8ab3ec34df82fcca1e22294ffd to remote] DEBUG org.asynchttpclient.netty.request.NettyRequestSender - Using open Channel [id: 0xa10b78a6, L:/127.0.0.1:61155 - R:localhost/127.0.0.1:39165] for POST '/session/b4c44b8ab3ec34df82fcca1e22294ffd/execute/sync'
11:35:46.697 [AsyncHttpClient-1-2] DEBUG org.asynchttpclient.netty.handler.HttpHandler - 

Request DefaultHttpRequest(decodeResult: success, version: HTTP/1.1)
POST /session/b4c44b8ab3ec34df82fcca1e22294ffd/execute/sync HTTP/1.1
User-Agent: selenium/4.8.0 (java windows)
Content-Length: 47374
Content-Type: application/json; charset=utf-8
host: localhost:39165
accept: */*

Response DefaultHttpResponse(decodeResult: success, version: HTTP/1.1)
HTTP/1.1 200 OK
Content-Length: 14
Content-Type: application/json; charset=utf-8
cache-control: no-cache

11:35:46.697 [AsyncHttpClient-1-2] DEBUG org.asynchttpclient.netty.channel.ChannelManager - Adding key: http://localhost:39165 for channel [id: 0xa10b78a6, L:/127.0.0.1:61155 - R:localhost/127.0.0.1:39165]
11:35:46.699 [Forwarding getElementAttribute on session b4c44b8ab3ec34df82fcca1e22294ffd to remote] DEBUG org.asynchttpclient.netty.request.NettyRequestSender - Using pooled Channel '[id: 0xa10b78a6, L:/127.0.0.1:61155 - R:localhost/127.0.0.1:39165]' for 'POST' to 'http://localhost:39165/session/b4c44b8ab3ec34df82fcca1e22294ffd/execute/sync'
11:35:46.699 [Forwarding getElementAttribute on session b4c44b8ab3ec34df82fcca1e22294ffd to remote] DEBUG org.asynchttpclient.netty.request.NettyRequestSender - Using open Channel [id: 0xa10b78a6, L:/127.0.0.1:61155 - R:localhost/127.0.0.1:39165] for POST '/session/b4c44b8ab3ec34df82fcca1e22294ffd/execute/sync'
11:35:46.708 [AsyncHttpClient-1-2] DEBUG org.asynchttpclient.netty.handler.HttpHandler - 

Request DefaultHttpRequest(decodeResult: success, version: HTTP/1.1)
POST /session/b4c44b8ab3ec34df82fcca1e22294ffd/execute/sync HTTP/1.1
User-Agent: selenium/4.8.0 (java windows)
Content-Length: 47374
Content-Type: application/json; charset=utf-8
host: localhost:39165
accept: */*

Response DefaultHttpResponse(decodeResult: success, version: HTTP/1.1)
HTTP/1.1 200 OK
Content-Length: 14
Content-Type: application/json; charset=utf-8
cache-control: no-cache

11:35:46.708 [AsyncHttpClient-1-2] DEBUG org.asynchttpclient.netty.channel.ChannelManager - Adding key: http://localhost:39165 for channel [id: 0xa10b78a6, L:/127.0.0.1:61155 - R:localhost/127.0.0.1:39165]
11:35:46.710 [Forwarding getElementAttribute on session b4c44b8ab3ec34df82fcca1e22294ffd to remote] DEBUG org.asynchttpclient.netty.request.NettyRequestSender - Using pooled Channel '[id: 0xa10b78a6, L:/127.0.0.1:61155 - R:localhost/127.0.0.1:39165]' for 'POST' to 'http://localhost:39165/session/b4c44b8ab3ec34df82fcca1e22294ffd/execute/sync'
11:35:46.710 [Forwarding getElementAttribute on session b4c44b8ab3ec34df82fcca1e22294ffd to remote] DEBUG org.asynchttpclient.netty.request.NettyRequestSender - Using open Channel [id: 0xa10b78a6, L:/127.0.0.1:61155 - R:localhost/127.0.0.1:39165] for POST '/session/b4c44b8ab3ec34df82fcca1e22294ffd/execute/sync'
11:35:46.719 [AsyncHttpClient-1-2] DEBUG org.asynchttpclient.netty.handler.HttpHandler - 

Request DefaultHttpRequest(decodeResult: success, version: HTTP/1.1)
POST /session/b4c44b8ab3ec34df82fcca1e22294ffd/execute/sync HTTP/1.1
User-Agent: selenium/4.8.0 (java windows)
Content-Length: 47374
Content-Type: application/json; charset=utf-8
host: localhost:39165
accept: */*

Response DefaultHttpResponse(decodeResult: success, version: HTTP/1.1)
HTTP/1.1 200 OK
Content-Length: 14
Content-Type: application/json; charset=utf-8
cache-control: no-cache

11:35:46.720 [AsyncHttpClient-1-2] DEBUG org.asynchttpclient.netty.channel.ChannelManager - Adding key: http://localhost:39165 for channel [id: 0xa10b78a6, L:/127.0.0.1:61155 - R:localhost/127.0.0.1:39165]
11:35:46.724 [Forwarding getElementAttribute on session b4c44b8ab3ec34df82fcca1e22294ffd to remote] DEBUG org.asynchttpclient.netty.request.NettyRequestSender - Using pooled Channel '[id: 0xa10b78a6, L:/127.0.0.1:61155 - R:localhost/127.0.0.1:39165]' for 'POST' to 'http://localhost:39165/session/b4c44b8ab3ec34df82fcca1e22294ffd/execute/sync'
11:35:46.724 [Forwarding getElementAttribute on session b4c44b8ab3ec34df82fcca1e22294ffd to remote] DEBUG org.asynchttpclient.netty.request.NettyRequestSender - Using open Channel [id: 0xa10b78a6, L:/127.0.0.1:61155 - R:localhost/127.0.0.1:39165] for POST '/session/b4c44b8ab3ec34df82fcca1e22294ffd/execute/sync'
11:35:46.733 [AsyncHttpClient-1-2] DEBUG org.asynchttpclient.netty.handler.HttpHandler - 

Request DefaultHttpRequest(decodeResult: success, version: HTTP/1.1)
POST /session/b4c44b8ab3ec34df82fcca1e22294ffd/execute/sync HTTP/1.1
User-Agent: selenium/4.8.0 (java windows)
Content-Length: 47375
Content-Type: application/json; charset=utf-8
host: localhost:39165
accept: */*

Response DefaultHttpResponse(decodeResult: success, version: HTTP/1.1)
HTTP/1.1 200 OK
Content-Length: 14
Content-Type: application/json; charset=utf-8
cache-control: no-cache

11:35:46.737 [AsyncHttpClient-1-2] DEBUG org.asynchttpclient.netty.channel.ChannelManager - Adding key: http://localhost:39165 for channel [id: 0xa10b78a6, L:/127.0.0.1:61155 - R:localhost/127.0.0.1:39165]
11:35:46.739 [Forwarding getElementAttribute on session b4c44b8ab3ec34df82fcca1e22294ffd to remote] DEBUG org.asynchttpclient.netty.request.NettyRequestSender - Using pooled Channel '[id: 0xa10b78a6, L:/127.0.0.1:61155 - R:localhost/127.0.0.1:39165]' for 'POST' to 'http://localhost:39165/session/b4c44b8ab3ec34df82fcca1e22294ffd/execute/sync'
11:35:46.739 [Forwarding getElementAttribute on session b4c44b8ab3ec34df82fcca1e22294ffd to remote] DEBUG org.asynchttpclient.netty.request.NettyRequestSender - Using open Channel [id: 0xa10b78a6, L:/127.0.0.1:61155 - R:localhost/127.0.0.1:39165] for POST '/session/b4c44b8ab3ec34df82fcca1e22294ffd/execute/sync'
11:35:46.742 [AsyncHttpClient-1-1] DEBUG org.asynchttpclient.netty.channel.DefaultChannelPool - Entry count for : http://localhost:61159 : 1
11:35:46.747 [AsyncHttpClient-1-2] DEBUG org.asynchttpclient.netty.handler.HttpHandler - 

Request DefaultHttpRequest(decodeResult: success, version: HTTP/1.1)
POST /session/b4c44b8ab3ec34df82fcca1e22294ffd/execute/sync HTTP/1.1
User-Agent: selenium/4.8.0 (java windows)
Content-Length: 47375
Content-Type: application/json; charset=utf-8
host: localhost:39165
accept: */*

Response DefaultHttpResponse(decodeResult: success, version: HTTP/1.1)
HTTP/1.1 200 OK
Content-Length: 31
Content-Type: application/json; charset=utf-8
cache-control: no-cache

11:35:46.748 [AsyncHttpClient-1-2] DEBUG org.asynchttpclient.netty.channel.ChannelManager - Adding key: http://localhost:39165 for channel [id: 0xa10b78a6, L:/127.0.0.1:61155 - R:localhost/127.0.0.1:39165]
11:35:46.750 [Forwarding getElementAttribute on session b4c44b8ab3ec34df82fcca1e22294ffd to remote] DEBUG org.asynchttpclient.netty.request.NettyRequestSender - Using pooled Channel '[id: 0xa10b78a6, L:/127.0.0.1:61155 - R:localhost/127.0.0.1:39165]' for 'POST' to 'http://localhost:39165/session/b4c44b8ab3ec34df82fcca1e22294ffd/execute/sync'
11:35:46.750 [Forwarding getElementAttribute on session b4c44b8ab3ec34df82fcca1e22294ffd to remote] DEBUG org.asynchttpclient.netty.request.NettyRequestSender - Using open Channel [id: 0xa10b78a6, L:/127.0.0.1:61155 - R:localhost/127.0.0.1:39165] for POST '/session/b4c44b8ab3ec34df82fcca1e22294ffd/execute/sync'
11:35:46.758 [AsyncHttpClient-1-2] DEBUG org.asynchttpclient.netty.handler.HttpHandler - 

Request DefaultHttpRequest(decodeResult: success, version: HTTP/1.1)
POST /session/b4c44b8ab3ec34df82fcca1e22294ffd/execute/sync HTTP/1.1
User-Agent: selenium/4.8.0 (java windows)
Content-Length: 47375
Content-Type: application/json; charset=utf-8
host: localhost:39165
accept: */*

Response DefaultHttpResponse(decodeResult: success, version: HTTP/1.1)
HTTP/1.1 200 OK
Content-Length: 31
Content-Type: application/json; charset=utf-8
cache-control: no-cache

11:35:46.758 [AsyncHttpClient-1-2] DEBUG org.asynchttpclient.netty.channel.ChannelManager - Adding key: http://localhost:39165 for channel [id: 0xa10b78a6, L:/127.0.0.1:61155 - R:localhost/127.0.0.1:39165]
11:35:46.759 [main] INFO  com.swaglabs.base.SetUp - <div class='inventory_item_name'> - InventoryPage.productnamesininverntorypagevalidated
11:35:46.760 [Forwarding findElements on session b4c44b8ab3ec34df82fcca1e22294ffd to remote] DEBUG org.asynchttpclient.netty.request.NettyRequestSender - Using pooled Channel '[id: 0xa10b78a6, L:/127.0.0.1:61155 - R:localhost/127.0.0.1:39165]' for 'POST' to 'http://localhost:39165/session/b4c44b8ab3ec34df82fcca1e22294ffd/elements'
11:35:46.760 [Forwarding findElements on session b4c44b8ab3ec34df82fcca1e22294ffd to remote] DEBUG org.asynchttpclient.netty.request.NettyRequestSender - Using open Channel [id: 0xa10b78a6, L:/127.0.0.1:61155 - R:localhost/127.0.0.1:39165] for POST '/session/b4c44b8ab3ec34df82fcca1e22294ffd/elements'
11:35:46.769 [AsyncHttpClient-1-2] DEBUG org.asynchttpclient.netty.handler.HttpHandler - 

Request DefaultHttpRequest(decodeResult: success, version: HTTP/1.1)
POST /session/b4c44b8ab3ec34df82fcca1e22294ffd/elements HTTP/1.1
User-Agent: selenium/4.8.0 (java windows)
Content-Length: 111
Content-Type: application/json; charset=utf-8
host: localhost:39165
accept: */*

Response DefaultHttpResponse(decodeResult: success, version: HTTP/1.1)
HTTP/1.1 200 OK
Content-Length: 527
Content-Type: application/json; charset=utf-8
cache-control: no-cache

11:35:46.769 [AsyncHttpClient-1-2] DEBUG org.asynchttpclient.netty.channel.ChannelManager - Adding key: http://localhost:39165 for channel [id: 0xa10b78a6, L:/127.0.0.1:61155 - R:localhost/127.0.0.1:39165]
11:35:46.770 [Forwarding findElements on session b4c44b8ab3ec34df82fcca1e22294ffd to remote] DEBUG org.asynchttpclient.netty.request.NettyRequestSender - Using pooled Channel '[id: 0xa10b78a6, L:/127.0.0.1:61155 - R:localhost/127.0.0.1:39165]' for 'POST' to 'http://localhost:39165/session/b4c44b8ab3ec34df82fcca1e22294ffd/elements'
11:35:46.770 [Forwarding findElements on session b4c44b8ab3ec34df82fcca1e22294ffd to remote] DEBUG org.asynchttpclient.netty.request.NettyRequestSender - Using open Channel [id: 0xa10b78a6, L:/127.0.0.1:61155 - R:localhost/127.0.0.1:39165] for POST '/session/b4c44b8ab3ec34df82fcca1e22294ffd/elements'
11:35:46.777 [AsyncHttpClient-1-2] DEBUG org.asynchttpclient.netty.handler.HttpHandler - 

Request DefaultHttpRequest(decodeResult: success, version: HTTP/1.1)
POST /session/b4c44b8ab3ec34df82fcca1e22294ffd/elements HTTP/1.1
User-Agent: selenium/4.8.0 (java windows)
Content-Length: 111
Content-Type: application/json; charset=utf-8
host: localhost:39165
accept: */*

Response DefaultHttpResponse(decodeResult: success, version: HTTP/1.1)
HTTP/1.1 200 OK
Content-Length: 527
Content-Type: application/json; charset=utf-8
cache-control: no-cache

11:35:46.777 [AsyncHttpClient-1-2] DEBUG org.asynchttpclient.netty.channel.ChannelManager - Adding key: http://localhost:39165 for channel [id: 0xa10b78a6, L:/127.0.0.1:61155 - R:localhost/127.0.0.1:39165]
11:35:46.779 [Forwarding getElementText on session b4c44b8ab3ec34df82fcca1e22294ffd to remote] DEBUG org.asynchttpclient.netty.request.NettyRequestSender - Using pooled Channel '[id: 0xa10b78a6, L:/127.0.0.1:61155 - R:localhost/127.0.0.1:39165]' for 'GET' to 'http://localhost:39165/session/b4c44b8ab3ec34df82fcca1e22294ffd/element/D6FCA329F55A989BAF0E516CCCB7C1E0_element_34/text'
11:35:46.779 [Forwarding getElementText on session b4c44b8ab3ec34df82fcca1e22294ffd to remote] DEBUG org.asynchttpclient.netty.request.NettyRequestSender - Using open Channel [id: 0xa10b78a6, L:/127.0.0.1:61155 - R:localhost/127.0.0.1:39165] for GET '/session/b4c44b8ab3ec34df82fcca1e22294ffd/element/D6FCA329F55A989BAF0E516CCCB7C1E0_element_34/text'
11:35:46.785 [AsyncHttpClient-1-2] DEBUG org.asynchttpclient.netty.handler.HttpHandler - 

Request DefaultFullHttpRequest(decodeResult: success, version: HTTP/1.1, content: EmptyByteBufBE)
GET /session/b4c44b8ab3ec34df82fcca1e22294ffd/element/D6FCA329F55A989BAF0E516CCCB7C1E0_element_34/text HTTP/1.1
User-Agent: selenium/4.8.0 (java windows)
Cache-Control: no-cache
Content-Type: application/json; charset=utf-8
host: localhost:39165
accept: */*

Response DefaultHttpResponse(decodeResult: success, version: HTTP/1.1)
HTTP/1.1 200 OK
Content-Length: 29
Content-Type: application/json; charset=utf-8
cache-control: no-cache

11:35:46.785 [AsyncHttpClient-1-2] DEBUG org.asynchttpclient.netty.channel.ChannelManager - Adding key: http://localhost:39165 for channel [id: 0xa10b78a6, L:/127.0.0.1:61155 - R:localhost/127.0.0.1:39165]
11:35:46.786 [Forwarding findElements on session b4c44b8ab3ec34df82fcca1e22294ffd to remote] DEBUG org.asynchttpclient.netty.request.NettyRequestSender - Using pooled Channel '[id: 0xa10b78a6, L:/127.0.0.1:61155 - R:localhost/127.0.0.1:39165]' for 'POST' to 'http://localhost:39165/session/b4c44b8ab3ec34df82fcca1e22294ffd/elements'
11:35:46.786 [Forwarding findElements on session b4c44b8ab3ec34df82fcca1e22294ffd to remote] DEBUG org.asynchttpclient.netty.request.NettyRequestSender - Using open Channel [id: 0xa10b78a6, L:/127.0.0.1:61155 - R:localhost/127.0.0.1:39165] for POST '/session/b4c44b8ab3ec34df82fcca1e22294ffd/elements'
11:35:46.795 [AsyncHttpClient-1-2] DEBUG org.asynchttpclient.netty.handler.HttpHandler - 

Request DefaultHttpRequest(decodeResult: success, version: HTTP/1.1)
POST /session/b4c44b8ab3ec34df82fcca1e22294ffd/elements HTTP/1.1
User-Agent: selenium/4.8.0 (java windows)
Content-Length: 111
Content-Type: application/json; charset=utf-8
host: localhost:39165
accept: */*

Response DefaultHttpResponse(decodeResult: success, version: HTTP/1.1)
HTTP/1.1 200 OK
Content-Length: 527
Content-Type: application/json; charset=utf-8
cache-control: no-cache

11:35:46.795 [AsyncHttpClient-1-2] DEBUG org.asynchttpclient.netty.channel.ChannelManager - Adding key: http://localhost:39165 for channel [id: 0xa10b78a6, L:/127.0.0.1:61155 - R:localhost/127.0.0.1:39165]
11:35:46.796 [Forwarding getElementText on session b4c44b8ab3ec34df82fcca1e22294ffd to remote] DEBUG org.asynchttpclient.netty.request.NettyRequestSender - Using pooled Channel '[id: 0xa10b78a6, L:/127.0.0.1:61155 - R:localhost/127.0.0.1:39165]' for 'GET' to 'http://localhost:39165/session/b4c44b8ab3ec34df82fcca1e22294ffd/element/D6FCA329F55A989BAF0E516CCCB7C1E0_element_34/text'
11:35:46.796 [Forwarding getElementText on session b4c44b8ab3ec34df82fcca1e22294ffd to remote] DEBUG org.asynchttpclient.netty.request.NettyRequestSender - Using open Channel [id: 0xa10b78a6, L:/127.0.0.1:61155 - R:localhost/127.0.0.1:39165] for GET '/session/b4c44b8ab3ec34df82fcca1e22294ffd/element/D6FCA329F55A989BAF0E516CCCB7C1E0_element_34/text'
11:35:46.805 [AsyncHttpClient-1-2] DEBUG org.asynchttpclient.netty.handler.HttpHandler - 

Request DefaultFullHttpRequest(decodeResult: success, version: HTTP/1.1, content: EmptyByteBufBE)
GET /session/b4c44b8ab3ec34df82fcca1e22294ffd/element/D6FCA329F55A989BAF0E516CCCB7C1E0_element_34/text HTTP/1.1
User-Agent: selenium/4.8.0 (java windows)
Cache-Control: no-cache
Content-Type: application/json; charset=utf-8
host: localhost:39165
accept: */*

Response DefaultHttpResponse(decodeResult: success, version: HTTP/1.1)
HTTP/1.1 200 OK
Content-Length: 29
Content-Type: application/json; charset=utf-8
cache-control: no-cache

11:35:46.805 [AsyncHttpClient-1-2] DEBUG org.asynchttpclient.netty.channel.ChannelManager - Adding key: http://localhost:39165 for channel [id: 0xa10b78a6, L:/127.0.0.1:61155 - R:localhost/127.0.0.1:39165]
11:35:46.806 [Forwarding findElements on session b4c44b8ab3ec34df82fcca1e22294ffd to remote] DEBUG org.asynchttpclient.netty.request.NettyRequestSender - Using pooled Channel '[id: 0xa10b78a6, L:/127.0.0.1:61155 - R:localhost/127.0.0.1:39165]' for 'POST' to 'http://localhost:39165/session/b4c44b8ab3ec34df82fcca1e22294ffd/elements'
11:35:46.806 [Forwarding findElements on session b4c44b8ab3ec34df82fcca1e22294ffd to remote] DEBUG org.asynchttpclient.netty.request.NettyRequestSender - Using open Channel [id: 0xa10b78a6, L:/127.0.0.1:61155 - R:localhost/127.0.0.1:39165] for POST '/session/b4c44b8ab3ec34df82fcca1e22294ffd/elements'
11:35:46.812 [AsyncHttpClient-1-2] DEBUG org.asynchttpclient.netty.handler.HttpHandler - 

Request DefaultHttpRequest(decodeResult: success, version: HTTP/1.1)
POST /session/b4c44b8ab3ec34df82fcca1e22294ffd/elements HTTP/1.1
User-Agent: selenium/4.8.0 (java windows)
Content-Length: 111
Content-Type: application/json; charset=utf-8
host: localhost:39165
accept: */*

Response DefaultHttpResponse(decodeResult: success, version: HTTP/1.1)
HTTP/1.1 200 OK
Content-Length: 527
Content-Type: application/json; charset=utf-8
cache-control: no-cache

11:35:46.812 [AsyncHttpClient-1-2] DEBUG org.asynchttpclient.netty.channel.ChannelManager - Adding key: http://localhost:39165 for channel [id: 0xa10b78a6, L:/127.0.0.1:61155 - R:localhost/127.0.0.1:39165]
11:35:46.814 [Forwarding getElementTagName on session b4c44b8ab3ec34df82fcca1e22294ffd to remote] DEBUG org.asynchttpclient.netty.request.NettyRequestSender - Using pooled Channel '[id: 0xa10b78a6, L:/127.0.0.1:61155 - R:localhost/127.0.0.1:39165]' for 'GET' to 'http://localhost:39165/session/b4c44b8ab3ec34df82fcca1e22294ffd/element/D6FCA329F55A989BAF0E516CCCB7C1E0_element_34/name'
11:35:46.814 [Forwarding getElementTagName on session b4c44b8ab3ec34df82fcca1e22294ffd to remote] DEBUG org.asynchttpclient.netty.request.NettyRequestSender - Using open Channel [id: 0xa10b78a6, L:/127.0.0.1:61155 - R:localhost/127.0.0.1:39165] for GET '/session/b4c44b8ab3ec34df82fcca1e22294ffd/element/D6FCA329F55A989BAF0E516CCCB7C1E0_element_34/name'
11:35:46.818 [AsyncHttpClient-1-2] DEBUG org.asynchttpclient.netty.handler.HttpHandler - 

Request DefaultFullHttpRequest(decodeResult: success, version: HTTP/1.1, content: EmptyByteBufBE)
GET /session/b4c44b8ab3ec34df82fcca1e22294ffd/element/D6FCA329F55A989BAF0E516CCCB7C1E0_element_34/name HTTP/1.1
User-Agent: selenium/4.8.0 (java windows)
Cache-Control: no-cache
Content-Type: application/json; charset=utf-8
host: localhost:39165
accept: */*

Response DefaultHttpResponse(decodeResult: success, version: HTTP/1.1)
HTTP/1.1 200 OK
Content-Length: 15
Content-Type: application/json; charset=utf-8
cache-control: no-cache

11:35:46.818 [AsyncHttpClient-1-2] DEBUG org.asynchttpclient.netty.channel.ChannelManager - Adding key: http://localhost:39165 for channel [id: 0xa10b78a6, L:/127.0.0.1:61155 - R:localhost/127.0.0.1:39165]
11:35:46.821 [Forwarding getElementAttribute on session b4c44b8ab3ec34df82fcca1e22294ffd to remote] DEBUG org.asynchttpclient.netty.request.NettyRequestSender - Using pooled Channel '[id: 0xa10b78a6, L:/127.0.0.1:61155 - R:localhost/127.0.0.1:39165]' for 'POST' to 'http://localhost:39165/session/b4c44b8ab3ec34df82fcca1e22294ffd/execute/sync'
11:35:46.821 [Forwarding getElementAttribute on session b4c44b8ab3ec34df82fcca1e22294ffd to remote] DEBUG org.asynchttpclient.netty.request.NettyRequestSender - Using open Channel [id: 0xa10b78a6, L:/127.0.0.1:61155 - R:localhost/127.0.0.1:39165] for POST '/session/b4c44b8ab3ec34df82fcca1e22294ffd/execute/sync'
11:35:46.830 [AsyncHttpClient-1-2] DEBUG org.asynchttpclient.netty.handler.HttpHandler - 

Request DefaultHttpRequest(decodeResult: success, version: HTTP/1.1)
POST /session/b4c44b8ab3ec34df82fcca1e22294ffd/execute/sync HTTP/1.1
User-Agent: selenium/4.8.0 (java windows)
Content-Length: 47372
Content-Type: application/json; charset=utf-8
host: localhost:39165
accept: */*

Response DefaultHttpResponse(decodeResult: success, version: HTTP/1.1)
HTTP/1.1 200 OK
Content-Length: 12
Content-Type: application/json; charset=utf-8
cache-control: no-cache

11:35:46.830 [AsyncHttpClient-1-2] DEBUG org.asynchttpclient.netty.channel.ChannelManager - Adding key: http://localhost:39165 for channel [id: 0xa10b78a6, L:/127.0.0.1:61155 - R:localhost/127.0.0.1:39165]
11:35:46.833 [Forwarding getElementAttribute on session b4c44b8ab3ec34df82fcca1e22294ffd to remote] DEBUG org.asynchttpclient.netty.request.NettyRequestSender - Using pooled Channel '[id: 0xa10b78a6, L:/127.0.0.1:61155 - R:localhost/127.0.0.1:39165]' for 'POST' to 'http://localhost:39165/session/b4c44b8ab3ec34df82fcca1e22294ffd/execute/sync'
11:35:46.833 [Forwarding getElementAttribute on session b4c44b8ab3ec34df82fcca1e22294ffd to remote] DEBUG org.asynchttpclient.netty.request.NettyRequestSender - Using open Channel [id: 0xa10b78a6, L:/127.0.0.1:61155 - R:localhost/127.0.0.1:39165] for POST '/session/b4c44b8ab3ec34df82fcca1e22294ffd/execute/sync'
11:35:46.842 [AsyncHttpClient-1-2] DEBUG org.asynchttpclient.netty.handler.HttpHandler - 

Request DefaultHttpRequest(decodeResult: success, version: HTTP/1.1)
POST /session/b4c44b8ab3ec34df82fcca1e22294ffd/execute/sync HTTP/1.1
User-Agent: selenium/4.8.0 (java windows)
Content-Length: 47374
Content-Type: application/json; charset=utf-8
host: localhost:39165
accept: */*

Response DefaultHttpResponse(decodeResult: success, version: HTTP/1.1)
HTTP/1.1 200 OK
Content-Length: 14
Content-Type: application/json; charset=utf-8
cache-control: no-cache

11:35:46.842 [AsyncHttpClient-1-2] DEBUG org.asynchttpclient.netty.channel.ChannelManager - Adding key: http://localhost:39165 for channel [id: 0xa10b78a6, L:/127.0.0.1:61155 - R:localhost/127.0.0.1:39165]
11:35:46.844 [Forwarding getElementAttribute on session b4c44b8ab3ec34df82fcca1e22294ffd to remote] DEBUG org.asynchttpclient.netty.request.NettyRequestSender - Using pooled Channel '[id: 0xa10b78a6, L:/127.0.0.1:61155 - R:localhost/127.0.0.1:39165]' for 'POST' to 'http://localhost:39165/session/b4c44b8ab3ec34df82fcca1e22294ffd/execute/sync'
11:35:46.844 [Forwarding getElementAttribute on session b4c44b8ab3ec34df82fcca1e22294ffd to remote] DEBUG org.asynchttpclient.netty.request.NettyRequestSender - Using open Channel [id: 0xa10b78a6, L:/127.0.0.1:61155 - R:localhost/127.0.0.1:39165] for POST '/session/b4c44b8ab3ec34df82fcca1e22294ffd/execute/sync'
11:35:46.852 [AsyncHttpClient-1-2] DEBUG org.asynchttpclient.netty.handler.HttpHandler - 

Request DefaultHttpRequest(decodeResult: success, version: HTTP/1.1)
POST /session/b4c44b8ab3ec34df82fcca1e22294ffd/execute/sync HTTP/1.1
User-Agent: selenium/4.8.0 (java windows)
Content-Length: 47374
Content-Type: application/json; charset=utf-8
host: localhost:39165
accept: */*

Response DefaultHttpResponse(decodeResult: success, version: HTTP/1.1)
HTTP/1.1 200 OK
Content-Length: 14
Content-Type: application/json; charset=utf-8
cache-control: no-cache

11:35:46.852 [AsyncHttpClient-1-2] DEBUG org.asynchttpclient.netty.channel.ChannelManager - Adding key: http://localhost:39165 for channel [id: 0xa10b78a6, L:/127.0.0.1:61155 - R:localhost/127.0.0.1:39165]
11:35:46.855 [Forwarding getElementAttribute on session b4c44b8ab3ec34df82fcca1e22294ffd to remote] DEBUG org.asynchttpclient.netty.request.NettyRequestSender - Using pooled Channel '[id: 0xa10b78a6, L:/127.0.0.1:61155 - R:localhost/127.0.0.1:39165]' for 'POST' to 'http://localhost:39165/session/b4c44b8ab3ec34df82fcca1e22294ffd/execute/sync'
11:35:46.855 [Forwarding getElementAttribute on session b4c44b8ab3ec34df82fcca1e22294ffd to remote] DEBUG org.asynchttpclient.netty.request.NettyRequestSender - Using open Channel [id: 0xa10b78a6, L:/127.0.0.1:61155 - R:localhost/127.0.0.1:39165] for POST '/session/b4c44b8ab3ec34df82fcca1e22294ffd/execute/sync'
11:35:46.863 [AsyncHttpClient-1-2] DEBUG org.asynchttpclient.netty.handler.HttpHandler - 

Request DefaultHttpRequest(decodeResult: success, version: HTTP/1.1)
POST /session/b4c44b8ab3ec34df82fcca1e22294ffd/execute/sync HTTP/1.1
User-Agent: selenium/4.8.0 (java windows)
Content-Length: 47374
Content-Type: application/json; charset=utf-8
host: localhost:39165
accept: */*

Response DefaultHttpResponse(decodeResult: success, version: HTTP/1.1)
HTTP/1.1 200 OK
Content-Length: 14
Content-Type: application/json; charset=utf-8
cache-control: no-cache

11:35:46.863 [AsyncHttpClient-1-2] DEBUG org.asynchttpclient.netty.channel.ChannelManager - Adding key: http://localhost:39165 for channel [id: 0xa10b78a6, L:/127.0.0.1:61155 - R:localhost/127.0.0.1:39165]
11:35:46.865 [Forwarding getElementAttribute on session b4c44b8ab3ec34df82fcca1e22294ffd to remote] DEBUG org.asynchttpclient.netty.request.NettyRequestSender - Using pooled Channel '[id: 0xa10b78a6, L:/127.0.0.1:61155 - R:localhost/127.0.0.1:39165]' for 'POST' to 'http://localhost:39165/session/b4c44b8ab3ec34df82fcca1e22294ffd/execute/sync'
11:35:46.865 [Forwarding getElementAttribute on session b4c44b8ab3ec34df82fcca1e22294ffd to remote] DEBUG org.asynchttpclient.netty.request.NettyRequestSender - Using open Channel [id: 0xa10b78a6, L:/127.0.0.1:61155 - R:localhost/127.0.0.1:39165] for POST '/session/b4c44b8ab3ec34df82fcca1e22294ffd/execute/sync'
11:35:46.871 [AsyncHttpClient-1-2] DEBUG org.asynchttpclient.netty.handler.HttpHandler - 

Request DefaultHttpRequest(decodeResult: success, version: HTTP/1.1)
POST /session/b4c44b8ab3ec34df82fcca1e22294ffd/execute/sync HTTP/1.1
User-Agent: selenium/4.8.0 (java windows)
Content-Length: 47375
Content-Type: application/json; charset=utf-8
host: localhost:39165
accept: */*

Response DefaultHttpResponse(decodeResult: success, version: HTTP/1.1)
HTTP/1.1 200 OK
Content-Length: 14
Content-Type: application/json; charset=utf-8
cache-control: no-cache

11:35:46.871 [AsyncHttpClient-1-2] DEBUG org.asynchttpclient.netty.channel.ChannelManager - Adding key: http://localhost:39165 for channel [id: 0xa10b78a6, L:/127.0.0.1:61155 - R:localhost/127.0.0.1:39165]
11:35:46.873 [Forwarding getElementAttribute on session b4c44b8ab3ec34df82fcca1e22294ffd to remote] DEBUG org.asynchttpclient.netty.request.NettyRequestSender - Using pooled Channel '[id: 0xa10b78a6, L:/127.0.0.1:61155 - R:localhost/127.0.0.1:39165]' for 'POST' to 'http://localhost:39165/session/b4c44b8ab3ec34df82fcca1e22294ffd/execute/sync'
11:35:46.873 [Forwarding getElementAttribute on session b4c44b8ab3ec34df82fcca1e22294ffd to remote] DEBUG org.asynchttpclient.netty.request.NettyRequestSender - Using open Channel [id: 0xa10b78a6, L:/127.0.0.1:61155 - R:localhost/127.0.0.1:39165] for POST '/session/b4c44b8ab3ec34df82fcca1e22294ffd/execute/sync'
11:35:46.881 [AsyncHttpClient-1-2] DEBUG org.asynchttpclient.netty.handler.HttpHandler - 

Request DefaultHttpRequest(decodeResult: success, version: HTTP/1.1)
POST /session/b4c44b8ab3ec34df82fcca1e22294ffd/execute/sync HTTP/1.1
User-Agent: selenium/4.8.0 (java windows)
Content-Length: 47375
Content-Type: application/json; charset=utf-8
host: localhost:39165
accept: */*

Response DefaultHttpResponse(decodeResult: success, version: HTTP/1.1)
HTTP/1.1 200 OK
Content-Length: 31
Content-Type: application/json; charset=utf-8
cache-control: no-cache

11:35:46.881 [AsyncHttpClient-1-2] DEBUG org.asynchttpclient.netty.channel.ChannelManager - Adding key: http://localhost:39165 for channel [id: 0xa10b78a6, L:/127.0.0.1:61155 - R:localhost/127.0.0.1:39165]
11:35:46.884 [Forwarding getElementAttribute on session b4c44b8ab3ec34df82fcca1e22294ffd to remote] DEBUG org.asynchttpclient.netty.request.NettyRequestSender - Using pooled Channel '[id: 0xa10b78a6, L:/127.0.0.1:61155 - R:localhost/127.0.0.1:39165]' for 'POST' to 'http://localhost:39165/session/b4c44b8ab3ec34df82fcca1e22294ffd/execute/sync'
11:35:46.884 [Forwarding getElementAttribute on session b4c44b8ab3ec34df82fcca1e22294ffd to remote] DEBUG org.asynchttpclient.netty.request.NettyRequestSender - Using open Channel [id: 0xa10b78a6, L:/127.0.0.1:61155 - R:localhost/127.0.0.1:39165] for POST '/session/b4c44b8ab3ec34df82fcca1e22294ffd/execute/sync'
11:35:46.891 [AsyncHttpClient-1-2] DEBUG org.asynchttpclient.netty.handler.HttpHandler - 

Request DefaultHttpRequest(decodeResult: success, version: HTTP/1.1)
POST /session/b4c44b8ab3ec34df82fcca1e22294ffd/execute/sync HTTP/1.1
User-Agent: selenium/4.8.0 (java windows)
Content-Length: 47375
Content-Type: application/json; charset=utf-8
host: localhost:39165
accept: */*

Response DefaultHttpResponse(decodeResult: success, version: HTTP/1.1)
HTTP/1.1 200 OK
Content-Length: 31
Content-Type: application/json; charset=utf-8
cache-control: no-cache

11:35:46.891 [AsyncHttpClient-1-2] DEBUG org.asynchttpclient.netty.channel.ChannelManager - Adding key: http://localhost:39165 for channel [id: 0xa10b78a6, L:/127.0.0.1:61155 - R:localhost/127.0.0.1:39165]
11:35:46.892 [main] INFO  com.swaglabs.base.SetUp - <div class='inventory_item_name'> - InventoryPage.productnamesininverntorypagevalidated
11:35:46.893 [Forwarding findElements on session b4c44b8ab3ec34df82fcca1e22294ffd to remote] DEBUG org.asynchttpclient.netty.request.NettyRequestSender - Using pooled Channel '[id: 0xa10b78a6, L:/127.0.0.1:61155 - R:localhost/127.0.0.1:39165]' for 'POST' to 'http://localhost:39165/session/b4c44b8ab3ec34df82fcca1e22294ffd/elements'
11:35:46.893 [Forwarding findElements on session b4c44b8ab3ec34df82fcca1e22294ffd to remote] DEBUG org.asynchttpclient.netty.request.NettyRequestSender - Using open Channel [id: 0xa10b78a6, L:/127.0.0.1:61155 - R:localhost/127.0.0.1:39165] for POST '/session/b4c44b8ab3ec34df82fcca1e22294ffd/elements'
11:35:46.903 [AsyncHttpClient-1-2] DEBUG org.asynchttpclient.netty.handler.HttpHandler - 

Request DefaultHttpRequest(decodeResult: success, version: HTTP/1.1)
POST /session/b4c44b8ab3ec34df82fcca1e22294ffd/elements HTTP/1.1
User-Agent: selenium/4.8.0 (java windows)
Content-Length: 111
Content-Type: application/json; charset=utf-8
host: localhost:39165
accept: */*

Response DefaultHttpResponse(decodeResult: success, version: HTTP/1.1)
HTTP/1.1 200 OK
Content-Length: 527
Content-Type: application/json; charset=utf-8
cache-control: no-cache

11:35:46.903 [AsyncHttpClient-1-2] DEBUG org.asynchttpclient.netty.channel.ChannelManager - Adding key: http://localhost:39165 for channel [id: 0xa10b78a6, L:/127.0.0.1:61155 - R:localhost/127.0.0.1:39165]
11:35:46.905 [Forwarding findElements on session b4c44b8ab3ec34df82fcca1e22294ffd to remote] DEBUG org.asynchttpclient.netty.request.NettyRequestSender - Using pooled Channel '[id: 0xa10b78a6, L:/127.0.0.1:61155 - R:localhost/127.0.0.1:39165]' for 'POST' to 'http://localhost:39165/session/b4c44b8ab3ec34df82fcca1e22294ffd/elements'
11:35:46.905 [Forwarding findElements on session b4c44b8ab3ec34df82fcca1e22294ffd to remote] DEBUG org.asynchttpclient.netty.request.NettyRequestSender - Using open Channel [id: 0xa10b78a6, L:/127.0.0.1:61155 - R:localhost/127.0.0.1:39165] for POST '/session/b4c44b8ab3ec34df82fcca1e22294ffd/elements'
11:35:46.911 [AsyncHttpClient-1-2] DEBUG org.asynchttpclient.netty.handler.HttpHandler - 

Request DefaultHttpRequest(decodeResult: success, version: HTTP/1.1)
POST /session/b4c44b8ab3ec34df82fcca1e22294ffd/elements HTTP/1.1
User-Agent: selenium/4.8.0 (java windows)
Content-Length: 111
Content-Type: application/json; charset=utf-8
host: localhost:39165
accept: */*

Response DefaultHttpResponse(decodeResult: success, version: HTTP/1.1)
HTTP/1.1 200 OK
Content-Length: 527
Content-Type: application/json; charset=utf-8
cache-control: no-cache

11:35:46.911 [AsyncHttpClient-1-2] DEBUG org.asynchttpclient.netty.channel.ChannelManager - Adding key: http://localhost:39165 for channel [id: 0xa10b78a6, L:/127.0.0.1:61155 - R:localhost/127.0.0.1:39165]
11:35:46.913 [Forwarding getElementText on session b4c44b8ab3ec34df82fcca1e22294ffd to remote] DEBUG org.asynchttpclient.netty.request.NettyRequestSender - Using pooled Channel '[id: 0xa10b78a6, L:/127.0.0.1:61155 - R:localhost/127.0.0.1:39165]' for 'GET' to 'http://localhost:39165/session/b4c44b8ab3ec34df82fcca1e22294ffd/element/D6FCA329F55A989BAF0E516CCCB7C1E0_element_35/text'
11:35:46.913 [Forwarding getElementText on session b4c44b8ab3ec34df82fcca1e22294ffd to remote] DEBUG org.asynchttpclient.netty.request.NettyRequestSender - Using open Channel [id: 0xa10b78a6, L:/127.0.0.1:61155 - R:localhost/127.0.0.1:39165] for GET '/session/b4c44b8ab3ec34df82fcca1e22294ffd/element/D6FCA329F55A989BAF0E516CCCB7C1E0_element_35/text'
11:35:46.920 [AsyncHttpClient-1-2] DEBUG org.asynchttpclient.netty.handler.HttpHandler - 

Request DefaultFullHttpRequest(decodeResult: success, version: HTTP/1.1, content: EmptyByteBufBE)
GET /session/b4c44b8ab3ec34df82fcca1e22294ffd/element/D6FCA329F55A989BAF0E516CCCB7C1E0_element_35/text HTTP/1.1
User-Agent: selenium/4.8.0 (java windows)
Cache-Control: no-cache
Content-Type: application/json; charset=utf-8
host: localhost:39165
accept: */*

Response DefaultHttpResponse(decodeResult: success, version: HTTP/1.1)
HTTP/1.1 200 OK
Content-Length: 45
Content-Type: application/json; charset=utf-8
cache-control: no-cache

11:35:46.920 [AsyncHttpClient-1-2] DEBUG org.asynchttpclient.netty.channel.ChannelManager - Adding key: http://localhost:39165 for channel [id: 0xa10b78a6, L:/127.0.0.1:61155 - R:localhost/127.0.0.1:39165]
11:35:46.921 [Forwarding findElements on session b4c44b8ab3ec34df82fcca1e22294ffd to remote] DEBUG org.asynchttpclient.netty.request.NettyRequestSender - Using pooled Channel '[id: 0xa10b78a6, L:/127.0.0.1:61155 - R:localhost/127.0.0.1:39165]' for 'POST' to 'http://localhost:39165/session/b4c44b8ab3ec34df82fcca1e22294ffd/elements'
11:35:46.921 [Forwarding findElements on session b4c44b8ab3ec34df82fcca1e22294ffd to remote] DEBUG org.asynchttpclient.netty.request.NettyRequestSender - Using open Channel [id: 0xa10b78a6, L:/127.0.0.1:61155 - R:localhost/127.0.0.1:39165] for POST '/session/b4c44b8ab3ec34df82fcca1e22294ffd/elements'
11:35:46.928 [AsyncHttpClient-1-2] DEBUG org.asynchttpclient.netty.handler.HttpHandler - 

Request DefaultHttpRequest(decodeResult: success, version: HTTP/1.1)
POST /session/b4c44b8ab3ec34df82fcca1e22294ffd/elements HTTP/1.1
User-Agent: selenium/4.8.0 (java windows)
Content-Length: 111
Content-Type: application/json; charset=utf-8
host: localhost:39165
accept: */*

Response DefaultHttpResponse(decodeResult: success, version: HTTP/1.1)
HTTP/1.1 200 OK
Content-Length: 527
Content-Type: application/json; charset=utf-8
cache-control: no-cache

11:35:46.928 [AsyncHttpClient-1-2] DEBUG org.asynchttpclient.netty.channel.ChannelManager - Adding key: http://localhost:39165 for channel [id: 0xa10b78a6, L:/127.0.0.1:61155 - R:localhost/127.0.0.1:39165]
11:35:46.931 [Forwarding getElementText on session b4c44b8ab3ec34df82fcca1e22294ffd to remote] DEBUG org.asynchttpclient.netty.request.NettyRequestSender - Using pooled Channel '[id: 0xa10b78a6, L:/127.0.0.1:61155 - R:localhost/127.0.0.1:39165]' for 'GET' to 'http://localhost:39165/session/b4c44b8ab3ec34df82fcca1e22294ffd/element/D6FCA329F55A989BAF0E516CCCB7C1E0_element_35/text'
11:35:46.931 [Forwarding getElementText on session b4c44b8ab3ec34df82fcca1e22294ffd to remote] DEBUG org.asynchttpclient.netty.request.NettyRequestSender - Using open Channel [id: 0xa10b78a6, L:/127.0.0.1:61155 - R:localhost/127.0.0.1:39165] for GET '/session/b4c44b8ab3ec34df82fcca1e22294ffd/element/D6FCA329F55A989BAF0E516CCCB7C1E0_element_35/text'
11:35:46.947 [AsyncHttpClient-1-2] DEBUG org.asynchttpclient.netty.handler.HttpHandler - 

Request DefaultFullHttpRequest(decodeResult: success, version: HTTP/1.1, content: EmptyByteBufBE)
GET /session/b4c44b8ab3ec34df82fcca1e22294ffd/element/D6FCA329F55A989BAF0E516CCCB7C1E0_element_35/text HTTP/1.1
User-Agent: selenium/4.8.0 (java windows)
Cache-Control: no-cache
Content-Type: application/json; charset=utf-8
host: localhost:39165
accept: */*

Response DefaultHttpResponse(decodeResult: success, version: HTTP/1.1)
HTTP/1.1 200 OK
Content-Length: 45
Content-Type: application/json; charset=utf-8
cache-control: no-cache

11:35:46.947 [AsyncHttpClient-1-2] DEBUG org.asynchttpclient.netty.channel.ChannelManager - Adding key: http://localhost:39165 for channel [id: 0xa10b78a6, L:/127.0.0.1:61155 - R:localhost/127.0.0.1:39165]
11:35:46.948 [Forwarding findElements on session b4c44b8ab3ec34df82fcca1e22294ffd to remote] DEBUG org.asynchttpclient.netty.request.NettyRequestSender - Using pooled Channel '[id: 0xa10b78a6, L:/127.0.0.1:61155 - R:localhost/127.0.0.1:39165]' for 'POST' to 'http://localhost:39165/session/b4c44b8ab3ec34df82fcca1e22294ffd/elements'
11:35:46.948 [Forwarding findElements on session b4c44b8ab3ec34df82fcca1e22294ffd to remote] DEBUG org.asynchttpclient.netty.request.NettyRequestSender - Using open Channel [id: 0xa10b78a6, L:/127.0.0.1:61155 - R:localhost/127.0.0.1:39165] for POST '/session/b4c44b8ab3ec34df82fcca1e22294ffd/elements'
11:35:46.954 [AsyncHttpClient-1-2] DEBUG org.asynchttpclient.netty.handler.HttpHandler - 

Request DefaultHttpRequest(decodeResult: success, version: HTTP/1.1)
POST /session/b4c44b8ab3ec34df82fcca1e22294ffd/elements HTTP/1.1
User-Agent: selenium/4.8.0 (java windows)
Content-Length: 111
Content-Type: application/json; charset=utf-8
host: localhost:39165
accept: */*

Response DefaultHttpResponse(decodeResult: success, version: HTTP/1.1)
HTTP/1.1 200 OK
Content-Length: 527
Content-Type: application/json; charset=utf-8
cache-control: no-cache

11:35:46.954 [AsyncHttpClient-1-2] DEBUG org.asynchttpclient.netty.channel.ChannelManager - Adding key: http://localhost:39165 for channel [id: 0xa10b78a6, L:/127.0.0.1:61155 - R:localhost/127.0.0.1:39165]
11:35:46.955 [Forwarding getElementTagName on session b4c44b8ab3ec34df82fcca1e22294ffd to remote] DEBUG org.asynchttpclient.netty.request.NettyRequestSender - Using pooled Channel '[id: 0xa10b78a6, L:/127.0.0.1:61155 - R:localhost/127.0.0.1:39165]' for 'GET' to 'http://localhost:39165/session/b4c44b8ab3ec34df82fcca1e22294ffd/element/D6FCA329F55A989BAF0E516CCCB7C1E0_element_35/name'
11:35:46.955 [Forwarding getElementTagName on session b4c44b8ab3ec34df82fcca1e22294ffd to remote] DEBUG org.asynchttpclient.netty.request.NettyRequestSender - Using open Channel [id: 0xa10b78a6, L:/127.0.0.1:61155 - R:localhost/127.0.0.1:39165] for GET '/session/b4c44b8ab3ec34df82fcca1e22294ffd/element/D6FCA329F55A989BAF0E516CCCB7C1E0_element_35/name'
11:35:46.959 [AsyncHttpClient-1-2] DEBUG org.asynchttpclient.netty.handler.HttpHandler - 

Request DefaultFullHttpRequest(decodeResult: success, version: HTTP/1.1, content: EmptyByteBufBE)
GET /session/b4c44b8ab3ec34df82fcca1e22294ffd/element/D6FCA329F55A989BAF0E516CCCB7C1E0_element_35/name HTTP/1.1
User-Agent: selenium/4.8.0 (java windows)
Cache-Control: no-cache
Content-Type: application/json; charset=utf-8
host: localhost:39165
accept: */*

Response DefaultHttpResponse(decodeResult: success, version: HTTP/1.1)
HTTP/1.1 200 OK
Content-Length: 15
Content-Type: application/json; charset=utf-8
cache-control: no-cache

11:35:46.959 [AsyncHttpClient-1-2] DEBUG org.asynchttpclient.netty.channel.ChannelManager - Adding key: http://localhost:39165 for channel [id: 0xa10b78a6, L:/127.0.0.1:61155 - R:localhost/127.0.0.1:39165]
11:35:46.961 [Forwarding getElementAttribute on session b4c44b8ab3ec34df82fcca1e22294ffd to remote] DEBUG org.asynchttpclient.netty.request.NettyRequestSender - Using pooled Channel '[id: 0xa10b78a6, L:/127.0.0.1:61155 - R:localhost/127.0.0.1:39165]' for 'POST' to 'http://localhost:39165/session/b4c44b8ab3ec34df82fcca1e22294ffd/execute/sync'
11:35:46.961 [Forwarding getElementAttribute on session b4c44b8ab3ec34df82fcca1e22294ffd to remote] DEBUG org.asynchttpclient.netty.request.NettyRequestSender - Using open Channel [id: 0xa10b78a6, L:/127.0.0.1:61155 - R:localhost/127.0.0.1:39165] for POST '/session/b4c44b8ab3ec34df82fcca1e22294ffd/execute/sync'
11:35:46.969 [AsyncHttpClient-1-2] DEBUG org.asynchttpclient.netty.handler.HttpHandler - 

Request DefaultHttpRequest(decodeResult: success, version: HTTP/1.1)
POST /session/b4c44b8ab3ec34df82fcca1e22294ffd/execute/sync HTTP/1.1
User-Agent: selenium/4.8.0 (java windows)
Content-Length: 47372
Content-Type: application/json; charset=utf-8
host: localhost:39165
accept: */*

Response DefaultHttpResponse(decodeResult: success, version: HTTP/1.1)
HTTP/1.1 200 OK
Content-Length: 12
Content-Type: application/json; charset=utf-8
cache-control: no-cache

11:35:46.969 [AsyncHttpClient-1-2] DEBUG org.asynchttpclient.netty.channel.ChannelManager - Adding key: http://localhost:39165 for channel [id: 0xa10b78a6, L:/127.0.0.1:61155 - R:localhost/127.0.0.1:39165]
11:35:46.971 [Forwarding getElementAttribute on session b4c44b8ab3ec34df82fcca1e22294ffd to remote] DEBUG org.asynchttpclient.netty.request.NettyRequestSender - Using pooled Channel '[id: 0xa10b78a6, L:/127.0.0.1:61155 - R:localhost/127.0.0.1:39165]' for 'POST' to 'http://localhost:39165/session/b4c44b8ab3ec34df82fcca1e22294ffd/execute/sync'
11:35:46.971 [Forwarding getElementAttribute on session b4c44b8ab3ec34df82fcca1e22294ffd to remote] DEBUG org.asynchttpclient.netty.request.NettyRequestSender - Using open Channel [id: 0xa10b78a6, L:/127.0.0.1:61155 - R:localhost/127.0.0.1:39165] for POST '/session/b4c44b8ab3ec34df82fcca1e22294ffd/execute/sync'
11:35:46.978 [AsyncHttpClient-1-2] DEBUG org.asynchttpclient.netty.handler.HttpHandler - 

Request DefaultHttpRequest(decodeResult: success, version: HTTP/1.1)
POST /session/b4c44b8ab3ec34df82fcca1e22294ffd/execute/sync HTTP/1.1
User-Agent: selenium/4.8.0 (java windows)
Content-Length: 47374
Content-Type: application/json; charset=utf-8
host: localhost:39165
accept: */*

Response DefaultHttpResponse(decodeResult: success, version: HTTP/1.1)
HTTP/1.1 200 OK
Content-Length: 14
Content-Type: application/json; charset=utf-8
cache-control: no-cache

11:35:46.978 [AsyncHttpClient-1-2] DEBUG org.asynchttpclient.netty.channel.ChannelManager - Adding key: http://localhost:39165 for channel [id: 0xa10b78a6, L:/127.0.0.1:61155 - R:localhost/127.0.0.1:39165]
11:35:46.980 [Forwarding getElementAttribute on session b4c44b8ab3ec34df82fcca1e22294ffd to remote] DEBUG org.asynchttpclient.netty.request.NettyRequestSender - Using pooled Channel '[id: 0xa10b78a6, L:/127.0.0.1:61155 - R:localhost/127.0.0.1:39165]' for 'POST' to 'http://localhost:39165/session/b4c44b8ab3ec34df82fcca1e22294ffd/execute/sync'
11:35:46.981 [Forwarding getElementAttribute on session b4c44b8ab3ec34df82fcca1e22294ffd to remote] DEBUG org.asynchttpclient.netty.request.NettyRequestSender - Using open Channel [id: 0xa10b78a6, L:/127.0.0.1:61155 - R:localhost/127.0.0.1:39165] for POST '/session/b4c44b8ab3ec34df82fcca1e22294ffd/execute/sync'
11:35:46.987 [AsyncHttpClient-1-2] DEBUG org.asynchttpclient.netty.handler.HttpHandler - 

Request DefaultHttpRequest(decodeResult: success, version: HTTP/1.1)
POST /session/b4c44b8ab3ec34df82fcca1e22294ffd/execute/sync HTTP/1.1
User-Agent: selenium/4.8.0 (java windows)
Content-Length: 47374
Content-Type: application/json; charset=utf-8
host: localhost:39165
accept: */*

Response DefaultHttpResponse(decodeResult: success, version: HTTP/1.1)
HTTP/1.1 200 OK
Content-Length: 14
Content-Type: application/json; charset=utf-8
cache-control: no-cache

11:35:46.987 [AsyncHttpClient-1-2] DEBUG org.asynchttpclient.netty.channel.ChannelManager - Adding key: http://localhost:39165 for channel [id: 0xa10b78a6, L:/127.0.0.1:61155 - R:localhost/127.0.0.1:39165]
11:35:46.989 [Forwarding getElementAttribute on session b4c44b8ab3ec34df82fcca1e22294ffd to remote] DEBUG org.asynchttpclient.netty.request.NettyRequestSender - Using pooled Channel '[id: 0xa10b78a6, L:/127.0.0.1:61155 - R:localhost/127.0.0.1:39165]' for 'POST' to 'http://localhost:39165/session/b4c44b8ab3ec34df82fcca1e22294ffd/execute/sync'
11:35:46.989 [Forwarding getElementAttribute on session b4c44b8ab3ec34df82fcca1e22294ffd to remote] DEBUG org.asynchttpclient.netty.request.NettyRequestSender - Using open Channel [id: 0xa10b78a6, L:/127.0.0.1:61155 - R:localhost/127.0.0.1:39165] for POST '/session/b4c44b8ab3ec34df82fcca1e22294ffd/execute/sync'
11:35:46.996 [AsyncHttpClient-1-2] DEBUG org.asynchttpclient.netty.handler.HttpHandler - 

Request DefaultHttpRequest(decodeResult: success, version: HTTP/1.1)
POST /session/b4c44b8ab3ec34df82fcca1e22294ffd/execute/sync HTTP/1.1
User-Agent: selenium/4.8.0 (java windows)
Content-Length: 47374
Content-Type: application/json; charset=utf-8
host: localhost:39165
accept: */*

Response DefaultHttpResponse(decodeResult: success, version: HTTP/1.1)
HTTP/1.1 200 OK
Content-Length: 14
Content-Type: application/json; charset=utf-8
cache-control: no-cache

11:35:46.996 [AsyncHttpClient-1-2] DEBUG org.asynchttpclient.netty.channel.ChannelManager - Adding key: http://localhost:39165 for channel [id: 0xa10b78a6, L:/127.0.0.1:61155 - R:localhost/127.0.0.1:39165]
11:35:47.000 [Forwarding getElementAttribute on session b4c44b8ab3ec34df82fcca1e22294ffd to remote] DEBUG org.asynchttpclient.netty.request.NettyRequestSender - Using pooled Channel '[id: 0xa10b78a6, L:/127.0.0.1:61155 - R:localhost/127.0.0.1:39165]' for 'POST' to 'http://localhost:39165/session/b4c44b8ab3ec34df82fcca1e22294ffd/execute/sync'
11:35:47.000 [Forwarding getElementAttribute on session b4c44b8ab3ec34df82fcca1e22294ffd to remote] DEBUG org.asynchttpclient.netty.request.NettyRequestSender - Using open Channel [id: 0xa10b78a6, L:/127.0.0.1:61155 - R:localhost/127.0.0.1:39165] for POST '/session/b4c44b8ab3ec34df82fcca1e22294ffd/execute/sync'
11:35:47.007 [AsyncHttpClient-1-2] DEBUG org.asynchttpclient.netty.handler.HttpHandler - 

Request DefaultHttpRequest(decodeResult: success, version: HTTP/1.1)
POST /session/b4c44b8ab3ec34df82fcca1e22294ffd/execute/sync HTTP/1.1
User-Agent: selenium/4.8.0 (java windows)
Content-Length: 47375
Content-Type: application/json; charset=utf-8
host: localhost:39165
accept: */*

Response DefaultHttpResponse(decodeResult: success, version: HTTP/1.1)
HTTP/1.1 200 OK
Content-Length: 14
Content-Type: application/json; charset=utf-8
cache-control: no-cache

11:35:47.008 [AsyncHttpClient-1-2] DEBUG org.asynchttpclient.netty.channel.ChannelManager - Adding key: http://localhost:39165 for channel [id: 0xa10b78a6, L:/127.0.0.1:61155 - R:localhost/127.0.0.1:39165]
11:35:47.011 [Forwarding getElementAttribute on session b4c44b8ab3ec34df82fcca1e22294ffd to remote] DEBUG org.asynchttpclient.netty.request.NettyRequestSender - Using pooled Channel '[id: 0xa10b78a6, L:/127.0.0.1:61155 - R:localhost/127.0.0.1:39165]' for 'POST' to 'http://localhost:39165/session/b4c44b8ab3ec34df82fcca1e22294ffd/execute/sync'
11:35:47.011 [Forwarding getElementAttribute on session b4c44b8ab3ec34df82fcca1e22294ffd to remote] DEBUG org.asynchttpclient.netty.request.NettyRequestSender - Using open Channel [id: 0xa10b78a6, L:/127.0.0.1:61155 - R:localhost/127.0.0.1:39165] for POST '/session/b4c44b8ab3ec34df82fcca1e22294ffd/execute/sync'
11:35:47.018 [AsyncHttpClient-1-2] DEBUG org.asynchttpclient.netty.handler.HttpHandler - 

Request DefaultHttpRequest(decodeResult: success, version: HTTP/1.1)
POST /session/b4c44b8ab3ec34df82fcca1e22294ffd/execute/sync HTTP/1.1
User-Agent: selenium/4.8.0 (java windows)
Content-Length: 47375
Content-Type: application/json; charset=utf-8
host: localhost:39165
accept: */*

Response DefaultHttpResponse(decodeResult: success, version: HTTP/1.1)
HTTP/1.1 200 OK
Content-Length: 31
Content-Type: application/json; charset=utf-8
cache-control: no-cache

11:35:47.018 [AsyncHttpClient-1-2] DEBUG org.asynchttpclient.netty.channel.ChannelManager - Adding key: http://localhost:39165 for channel [id: 0xa10b78a6, L:/127.0.0.1:61155 - R:localhost/127.0.0.1:39165]
11:35:47.020 [Forwarding getElementAttribute on session b4c44b8ab3ec34df82fcca1e22294ffd to remote] DEBUG org.asynchttpclient.netty.request.NettyRequestSender - Using pooled Channel '[id: 0xa10b78a6, L:/127.0.0.1:61155 - R:localhost/127.0.0.1:39165]' for 'POST' to 'http://localhost:39165/session/b4c44b8ab3ec34df82fcca1e22294ffd/execute/sync'
11:35:47.020 [Forwarding getElementAttribute on session b4c44b8ab3ec34df82fcca1e22294ffd to remote] DEBUG org.asynchttpclient.netty.request.NettyRequestSender - Using open Channel [id: 0xa10b78a6, L:/127.0.0.1:61155 - R:localhost/127.0.0.1:39165] for POST '/session/b4c44b8ab3ec34df82fcca1e22294ffd/execute/sync'
11:35:47.028 [AsyncHttpClient-1-2] DEBUG org.asynchttpclient.netty.handler.HttpHandler - 

Request DefaultHttpRequest(decodeResult: success, version: HTTP/1.1)
POST /session/b4c44b8ab3ec34df82fcca1e22294ffd/execute/sync HTTP/1.1
User-Agent: selenium/4.8.0 (java windows)
Content-Length: 47375
Content-Type: application/json; charset=utf-8
host: localhost:39165
accept: */*

Response DefaultHttpResponse(decodeResult: success, version: HTTP/1.1)
HTTP/1.1 200 OK
Content-Length: 31
Content-Type: application/json; charset=utf-8
cache-control: no-cache

11:35:47.028 [AsyncHttpClient-1-2] DEBUG org.asynchttpclient.netty.channel.ChannelManager - Adding key: http://localhost:39165 for channel [id: 0xa10b78a6, L:/127.0.0.1:61155 - R:localhost/127.0.0.1:39165]
11:35:47.028 [main] INFO  com.swaglabs.base.SetUp - <div class='inventory_item_name'> - InventoryPage.productnamesininverntorypagevalidated
11:35:47.035 [Forwarding getAlertText on session b4c44b8ab3ec34df82fcca1e22294ffd to remote] DEBUG org.asynchttpclient.netty.request.NettyRequestSender - Using pooled Channel '[id: 0xa10b78a6, L:/127.0.0.1:61155 - R:localhost/127.0.0.1:39165]' for 'GET' to 'http://localhost:39165/session/b4c44b8ab3ec34df82fcca1e22294ffd/alert/text'
11:35:47.035 [Forwarding getAlertText on session b4c44b8ab3ec34df82fcca1e22294ffd to remote] DEBUG org.asynchttpclient.netty.request.NettyRequestSender - Using open Channel [id: 0xa10b78a6, L:/127.0.0.1:61155 - R:localhost/127.0.0.1:39165] for GET '/session/b4c44b8ab3ec34df82fcca1e22294ffd/alert/text'
11:35:47.037 [AsyncHttpClient-1-2] DEBUG org.asynchttpclient.netty.handler.HttpHandler - 

Request DefaultFullHttpRequest(decodeResult: success, version: HTTP/1.1, content: EmptyByteBufBE)
GET /session/b4c44b8ab3ec34df82fcca1e22294ffd/alert/text HTTP/1.1
User-Agent: selenium/4.8.0 (java windows)
Cache-Control: no-cache
Content-Type: application/json; charset=utf-8
host: localhost:39165
accept: */*

Response DefaultHttpResponse(decodeResult: success, version: HTTP/1.1)
HTTP/1.1 404 Not Found
Content-Length: 1522
Content-Type: application/json; charset=utf-8
cache-control: no-cache

11:35:47.038 [AsyncHttpClient-1-2] DEBUG org.asynchttpclient.netty.channel.ChannelManager - Adding key: http://localhost:39165 for channel [id: 0xa10b78a6, L:/127.0.0.1:61155 - R:localhost/127.0.0.1:39165]
11:35:47.038 [Forwarding getCurrentUrl on session b4c44b8ab3ec34df82fcca1e22294ffd to remote] DEBUG org.asynchttpclient.netty.request.NettyRequestSender - Using pooled Channel '[id: 0xa10b78a6, L:/127.0.0.1:61155 - R:localhost/127.0.0.1:39165]' for 'GET' to 'http://localhost:39165/session/b4c44b8ab3ec34df82fcca1e22294ffd/url'
11:35:47.038 [Forwarding getCurrentUrl on session b4c44b8ab3ec34df82fcca1e22294ffd to remote] DEBUG org.asynchttpclient.netty.request.NettyRequestSender - Using open Channel [id: 0xa10b78a6, L:/127.0.0.1:61155 - R:localhost/127.0.0.1:39165] for GET '/session/b4c44b8ab3ec34df82fcca1e22294ffd/url'
11:35:47.044 [AsyncHttpClient-1-2] DEBUG org.asynchttpclient.netty.handler.HttpHandler - 

Request DefaultFullHttpRequest(decodeResult: success, version: HTTP/1.1, content: EmptyByteBufBE)
GET /session/b4c44b8ab3ec34df82fcca1e22294ffd/url HTTP/1.1
User-Agent: selenium/4.8.0 (java windows)
Cache-Control: no-cache
Content-Type: application/json; charset=utf-8
host: localhost:39165
accept: */*

Response DefaultHttpResponse(decodeResult: success, version: HTTP/1.1)
HTTP/1.1 200 OK
Content-Length: 52
Content-Type: application/json; charset=utf-8
cache-control: no-cache

11:35:47.044 [AsyncHttpClient-1-2] DEBUG org.asynchttpclient.netty.channel.ChannelManager - Adding key: http://localhost:39165 for channel [id: 0xa10b78a6, L:/127.0.0.1:61155 - R:localhost/127.0.0.1:39165]
11:35:47.045 [Forwarding screenshot on session b4c44b8ab3ec34df82fcca1e22294ffd to remote] DEBUG org.asynchttpclient.netty.request.NettyRequestSender - Using pooled Channel '[id: 0xa10b78a6, L:/127.0.0.1:61155 - R:localhost/127.0.0.1:39165]' for 'GET' to 'http://localhost:39165/session/b4c44b8ab3ec34df82fcca1e22294ffd/screenshot'
11:35:47.045 [Forwarding screenshot on session b4c44b8ab3ec34df82fcca1e22294ffd to remote] DEBUG org.asynchttpclient.netty.request.NettyRequestSender - Using open Channel [id: 0xa10b78a6, L:/127.0.0.1:61155 - R:localhost/127.0.0.1:39165] for GET '/session/b4c44b8ab3ec34df82fcca1e22294ffd/screenshot'
11:35:47.220 [AsyncHttpClient-1-2] DEBUG org.asynchttpclient.netty.handler.HttpHandler - 

Request DefaultFullHttpRequest(decodeResult: success, version: HTTP/1.1, content: EmptyByteBufBE)
GET /session/b4c44b8ab3ec34df82fcca1e22294ffd/screenshot HTTP/1.1
User-Agent: selenium/4.8.0 (java windows)
Cache-Control: no-cache
Content-Type: application/json; charset=utf-8
host: localhost:39165
accept: */*

Response DefaultHttpResponse(decodeResult: success, version: HTTP/1.1)
HTTP/1.1 200 OK
Content-Length: 507920
Content-Type: application/json; charset=utf-8
cache-control: no-cache

11:35:47.220 [AsyncHttpClient-1-2] DEBUG org.asynchttpclient.netty.channel.ChannelManager - Adding key: http://localhost:39165 for channel [id: 0xa10b78a6, L:/127.0.0.1:61155 - R:localhost/127.0.0.1:39165]
11:35:47.237 [main] DEBUG net.serenitybdd.core.photography.Darkroom - Send negative for processing for target\site\serenity\1a73a20615b8943fcefde46ffca222ec11a53a8b620a6a105e135f8a54e6e0f8.png
11:35:47.237 [main] DEBUG net.thucydides.core.steps.StepInterceptor - STEP DONE: validate AllProductsLabel
11:35:47.244 [Forwarding getPageSource on session b4c44b8ab3ec34df82fcca1e22294ffd to remote] DEBUG org.asynchttpclient.netty.request.NettyRequestSender - Using pooled Channel '[id: 0xa10b78a6, L:/127.0.0.1:61155 - R:localhost/127.0.0.1:39165]' for 'POST' to 'http://localhost:39165/session/b4c44b8ab3ec34df82fcca1e22294ffd/execute/sync'
11:35:47.244 [Forwarding getPageSource on session b4c44b8ab3ec34df82fcca1e22294ffd to remote] DEBUG org.asynchttpclient.netty.request.NettyRequestSender - Using open Channel [id: 0xa10b78a6, L:/127.0.0.1:61155 - R:localhost/127.0.0.1:39165] for POST '/session/b4c44b8ab3ec34df82fcca1e22294ffd/execute/sync'
11:35:47.250 [AsyncHttpClient-1-2] DEBUG org.asynchttpclient.netty.handler.HttpHandler - 

Request DefaultHttpRequest(decodeResult: success, version: HTTP/1.1)
POST /session/b4c44b8ab3ec34df82fcca1e22294ffd/execute/sync HTTP/1.1
User-Agent: selenium/4.8.0 (java windows)
Content-Length: 176
Content-Type: application/json; charset=utf-8
host: localhost:39165
accept: */*

Response DefaultHttpResponse(decodeResult: success, version: HTTP/1.1)
HTTP/1.1 200 OK
Content-Length: 16392
Content-Type: application/json; charset=utf-8
cache-control: no-cache

11:35:47.250 [AsyncHttpClient-1-2] DEBUG org.asynchttpclient.netty.channel.ChannelManager - Adding key: http://localhost:39165 for channel [id: 0xa10b78a6, L:/127.0.0.1:61155 - R:localhost/127.0.0.1:39165]
11:35:47.252 [Forwarding getCurrentUrl on session b4c44b8ab3ec34df82fcca1e22294ffd to remote] DEBUG org.asynchttpclient.netty.request.NettyRequestSender - Using pooled Channel '[id: 0xa10b78a6, L:/127.0.0.1:61155 - R:localhost/127.0.0.1:39165]' for 'GET' to 'http://localhost:39165/session/b4c44b8ab3ec34df82fcca1e22294ffd/url'
11:35:47.253 [Forwarding getCurrentUrl on session b4c44b8ab3ec34df82fcca1e22294ffd to remote] DEBUG org.asynchttpclient.netty.request.NettyRequestSender - Using open Channel [id: 0xa10b78a6, L:/127.0.0.1:61155 - R:localhost/127.0.0.1:39165] for GET '/session/b4c44b8ab3ec34df82fcca1e22294ffd/url'
11:35:47.258 [AsyncHttpClient-1-2] DEBUG org.asynchttpclient.netty.handler.HttpHandler - 

Request DefaultFullHttpRequest(decodeResult: success, version: HTTP/1.1, content: EmptyByteBufBE)
GET /session/b4c44b8ab3ec34df82fcca1e22294ffd/url HTTP/1.1
User-Agent: selenium/4.8.0 (java windows)
Cache-Control: no-cache
Content-Type: application/json; charset=utf-8
host: localhost:39165
accept: */*

Response DefaultHttpResponse(decodeResult: success, version: HTTP/1.1)
HTTP/1.1 200 OK
Content-Length: 52
Content-Type: application/json; charset=utf-8
cache-control: no-cache

11:35:47.258 [AsyncHttpClient-1-2] DEBUG org.asynchttpclient.netty.channel.ChannelManager - Adding key: http://localhost:39165 for channel [id: 0xa10b78a6, L:/127.0.0.1:61155 - R:localhost/127.0.0.1:39165]
11:35:47.264 [main] DEBUG net.thucydides.core.steps.StepInterceptor - STARTING STEP: InventoryPageSteps.test4_validateInventoryPageHeaderAndFooters - validate product prices
11:35:47.265 [Forwarding findElements on session b4c44b8ab3ec34df82fcca1e22294ffd to remote] DEBUG org.asynchttpclient.netty.request.NettyRequestSender - Using pooled Channel '[id: 0xa10b78a6, L:/127.0.0.1:61155 - R:localhost/127.0.0.1:39165]' for 'POST' to 'http://localhost:39165/session/b4c44b8ab3ec34df82fcca1e22294ffd/elements'
11:35:47.265 [Forwarding findElements on session b4c44b8ab3ec34df82fcca1e22294ffd to remote] DEBUG org.asynchttpclient.netty.request.NettyRequestSender - Using open Channel [id: 0xa10b78a6, L:/127.0.0.1:61155 - R:localhost/127.0.0.1:39165] for POST '/session/b4c44b8ab3ec34df82fcca1e22294ffd/elements'
11:35:47.277 [AsyncHttpClient-1-2] DEBUG org.asynchttpclient.netty.handler.HttpHandler - 

Request DefaultHttpRequest(decodeResult: success, version: HTTP/1.1)
POST /session/b4c44b8ab3ec34df82fcca1e22294ffd/elements HTTP/1.1
User-Agent: selenium/4.8.0 (java windows)
Content-Length: 83
Content-Type: application/json; charset=utf-8
host: localhost:39165
accept: */*

Response DefaultHttpResponse(decodeResult: success, version: HTTP/1.1)
HTTP/1.1 200 OK
Content-Length: 527
Content-Type: application/json; charset=utf-8
cache-control: no-cache

11:35:47.277 [AsyncHttpClient-1-2] DEBUG org.asynchttpclient.netty.channel.ChannelManager - Adding key: http://localhost:39165 for channel [id: 0xa10b78a6, L:/127.0.0.1:61155 - R:localhost/127.0.0.1:39165]
11:35:47.278 [Forwarding findElements on session b4c44b8ab3ec34df82fcca1e22294ffd to remote] DEBUG org.asynchttpclient.netty.request.NettyRequestSender - Using pooled Channel '[id: 0xa10b78a6, L:/127.0.0.1:61155 - R:localhost/127.0.0.1:39165]' for 'POST' to 'http://localhost:39165/session/b4c44b8ab3ec34df82fcca1e22294ffd/elements'
11:35:47.278 [Forwarding findElements on session b4c44b8ab3ec34df82fcca1e22294ffd to remote] DEBUG org.asynchttpclient.netty.request.NettyRequestSender - Using open Channel [id: 0xa10b78a6, L:/127.0.0.1:61155 - R:localhost/127.0.0.1:39165] for POST '/session/b4c44b8ab3ec34df82fcca1e22294ffd/elements'
11:35:47.284 [AsyncHttpClient-1-2] DEBUG org.asynchttpclient.netty.handler.HttpHandler - 

Request DefaultHttpRequest(decodeResult: success, version: HTTP/1.1)
POST /session/b4c44b8ab3ec34df82fcca1e22294ffd/elements HTTP/1.1
User-Agent: selenium/4.8.0 (java windows)
Content-Length: 83
Content-Type: application/json; charset=utf-8
host: localhost:39165
accept: */*

Response DefaultHttpResponse(decodeResult: success, version: HTTP/1.1)
HTTP/1.1 200 OK
Content-Length: 527
Content-Type: application/json; charset=utf-8
cache-control: no-cache

11:35:47.284 [AsyncHttpClient-1-2] DEBUG org.asynchttpclient.netty.channel.ChannelManager - Adding key: http://localhost:39165 for channel [id: 0xa10b78a6, L:/127.0.0.1:61155 - R:localhost/127.0.0.1:39165]
11:35:47.285 [Forwarding getElementText on session b4c44b8ab3ec34df82fcca1e22294ffd to remote] DEBUG org.asynchttpclient.netty.request.NettyRequestSender - Using pooled Channel '[id: 0xa10b78a6, L:/127.0.0.1:61155 - R:localhost/127.0.0.1:39165]' for 'GET' to 'http://localhost:39165/session/b4c44b8ab3ec34df82fcca1e22294ffd/element/D6FCA329F55A989BAF0E516CCCB7C1E0_element_36/text'
11:35:47.285 [Forwarding getElementText on session b4c44b8ab3ec34df82fcca1e22294ffd to remote] DEBUG org.asynchttpclient.netty.request.NettyRequestSender - Using open Channel [id: 0xa10b78a6, L:/127.0.0.1:61155 - R:localhost/127.0.0.1:39165] for GET '/session/b4c44b8ab3ec34df82fcca1e22294ffd/element/D6FCA329F55A989BAF0E516CCCB7C1E0_element_36/text'
11:35:47.291 [AsyncHttpClient-1-2] DEBUG org.asynchttpclient.netty.handler.HttpHandler - 

Request DefaultFullHttpRequest(decodeResult: success, version: HTTP/1.1, content: EmptyByteBufBE)
GET /session/b4c44b8ab3ec34df82fcca1e22294ffd/element/D6FCA329F55A989BAF0E516CCCB7C1E0_element_36/text HTTP/1.1
User-Agent: selenium/4.8.0 (java windows)
Cache-Control: no-cache
Content-Type: application/json; charset=utf-8
host: localhost:39165
accept: */*

Response DefaultHttpResponse(decodeResult: success, version: HTTP/1.1)
HTTP/1.1 200 OK
Content-Length: 18
Content-Type: application/json; charset=utf-8
cache-control: no-cache

11:35:47.292 [AsyncHttpClient-1-2] DEBUG org.asynchttpclient.netty.channel.ChannelManager - Adding key: http://localhost:39165 for channel [id: 0xa10b78a6, L:/127.0.0.1:61155 - R:localhost/127.0.0.1:39165]
11:35:47.292 [main] INFO  com.swaglabs.base.SetUp - $29.99 validated Passed
11:35:47.294 [Forwarding findElements on session b4c44b8ab3ec34df82fcca1e22294ffd to remote] DEBUG org.asynchttpclient.netty.request.NettyRequestSender - Using pooled Channel '[id: 0xa10b78a6, L:/127.0.0.1:61155 - R:localhost/127.0.0.1:39165]' for 'POST' to 'http://localhost:39165/session/b4c44b8ab3ec34df82fcca1e22294ffd/elements'
11:35:47.294 [Forwarding findElements on session b4c44b8ab3ec34df82fcca1e22294ffd to remote] DEBUG org.asynchttpclient.netty.request.NettyRequestSender - Using open Channel [id: 0xa10b78a6, L:/127.0.0.1:61155 - R:localhost/127.0.0.1:39165] for POST '/session/b4c44b8ab3ec34df82fcca1e22294ffd/elements'
11:35:47.304 [AsyncHttpClient-1-2] DEBUG org.asynchttpclient.netty.handler.HttpHandler - 

Request DefaultHttpRequest(decodeResult: success, version: HTTP/1.1)
POST /session/b4c44b8ab3ec34df82fcca1e22294ffd/elements HTTP/1.1
User-Agent: selenium/4.8.0 (java windows)
Content-Length: 83
Content-Type: application/json; charset=utf-8
host: localhost:39165
accept: */*

Response DefaultHttpResponse(decodeResult: success, version: HTTP/1.1)
HTTP/1.1 200 OK
Content-Length: 527
Content-Type: application/json; charset=utf-8
cache-control: no-cache

11:35:47.304 [AsyncHttpClient-1-2] DEBUG org.asynchttpclient.netty.channel.ChannelManager - Adding key: http://localhost:39165 for channel [id: 0xa10b78a6, L:/127.0.0.1:61155 - R:localhost/127.0.0.1:39165]
11:35:47.306 [Forwarding getElementText on session b4c44b8ab3ec34df82fcca1e22294ffd to remote] DEBUG org.asynchttpclient.netty.request.NettyRequestSender - Using pooled Channel '[id: 0xa10b78a6, L:/127.0.0.1:61155 - R:localhost/127.0.0.1:39165]' for 'GET' to 'http://localhost:39165/session/b4c44b8ab3ec34df82fcca1e22294ffd/element/D6FCA329F55A989BAF0E516CCCB7C1E0_element_36/text'
11:35:47.306 [Forwarding getElementText on session b4c44b8ab3ec34df82fcca1e22294ffd to remote] DEBUG org.asynchttpclient.netty.request.NettyRequestSender - Using open Channel [id: 0xa10b78a6, L:/127.0.0.1:61155 - R:localhost/127.0.0.1:39165] for GET '/session/b4c44b8ab3ec34df82fcca1e22294ffd/element/D6FCA329F55A989BAF0E516CCCB7C1E0_element_36/text'
11:35:47.311 [AsyncHttpClient-1-2] DEBUG org.asynchttpclient.netty.handler.HttpHandler - 

Request DefaultFullHttpRequest(decodeResult: success, version: HTTP/1.1, content: EmptyByteBufBE)
GET /session/b4c44b8ab3ec34df82fcca1e22294ffd/element/D6FCA329F55A989BAF0E516CCCB7C1E0_element_36/text HTTP/1.1
User-Agent: selenium/4.8.0 (java windows)
Cache-Control: no-cache
Content-Type: application/json; charset=utf-8
host: localhost:39165
accept: */*

Response DefaultHttpResponse(decodeResult: success, version: HTTP/1.1)
HTTP/1.1 200 OK
Content-Length: 18
Content-Type: application/json; charset=utf-8
cache-control: no-cache

11:35:47.311 [AsyncHttpClient-1-2] DEBUG org.asynchttpclient.netty.channel.ChannelManager - Adding key: http://localhost:39165 for channel [id: 0xa10b78a6, L:/127.0.0.1:61155 - R:localhost/127.0.0.1:39165]
11:35:47.312 [Forwarding findElements on session b4c44b8ab3ec34df82fcca1e22294ffd to remote] DEBUG org.asynchttpclient.netty.request.NettyRequestSender - Using pooled Channel '[id: 0xa10b78a6, L:/127.0.0.1:61155 - R:localhost/127.0.0.1:39165]' for 'POST' to 'http://localhost:39165/session/b4c44b8ab3ec34df82fcca1e22294ffd/elements'
11:35:47.312 [Forwarding findElements on session b4c44b8ab3ec34df82fcca1e22294ffd to remote] DEBUG org.asynchttpclient.netty.request.NettyRequestSender - Using open Channel [id: 0xa10b78a6, L:/127.0.0.1:61155 - R:localhost/127.0.0.1:39165] for POST '/session/b4c44b8ab3ec34df82fcca1e22294ffd/elements'
11:35:47.320 [AsyncHttpClient-1-2] DEBUG org.asynchttpclient.netty.handler.HttpHandler - 

Request DefaultHttpRequest(decodeResult: success, version: HTTP/1.1)
POST /session/b4c44b8ab3ec34df82fcca1e22294ffd/elements HTTP/1.1
User-Agent: selenium/4.8.0 (java windows)
Content-Length: 83
Content-Type: application/json; charset=utf-8
host: localhost:39165
accept: */*

Response DefaultHttpResponse(decodeResult: success, version: HTTP/1.1)
HTTP/1.1 200 OK
Content-Length: 527
Content-Type: application/json; charset=utf-8
cache-control: no-cache

11:35:47.320 [AsyncHttpClient-1-2] DEBUG org.asynchttpclient.netty.channel.ChannelManager - Adding key: http://localhost:39165 for channel [id: 0xa10b78a6, L:/127.0.0.1:61155 - R:localhost/127.0.0.1:39165]
11:35:47.323 [Forwarding findElements on session b4c44b8ab3ec34df82fcca1e22294ffd to remote] DEBUG org.asynchttpclient.netty.request.NettyRequestSender - Using pooled Channel '[id: 0xa10b78a6, L:/127.0.0.1:61155 - R:localhost/127.0.0.1:39165]' for 'POST' to 'http://localhost:39165/session/b4c44b8ab3ec34df82fcca1e22294ffd/elements'
11:35:47.324 [Forwarding findElements on session b4c44b8ab3ec34df82fcca1e22294ffd to remote] DEBUG org.asynchttpclient.netty.request.NettyRequestSender - Using open Channel [id: 0xa10b78a6, L:/127.0.0.1:61155 - R:localhost/127.0.0.1:39165] for POST '/session/b4c44b8ab3ec34df82fcca1e22294ffd/elements'
11:35:47.330 [AsyncHttpClient-1-2] DEBUG org.asynchttpclient.netty.handler.HttpHandler - 

Request DefaultHttpRequest(decodeResult: success, version: HTTP/1.1)
POST /session/b4c44b8ab3ec34df82fcca1e22294ffd/elements HTTP/1.1
User-Agent: selenium/4.8.0 (java windows)
Content-Length: 83
Content-Type: application/json; charset=utf-8
host: localhost:39165
accept: */*

Response DefaultHttpResponse(decodeResult: success, version: HTTP/1.1)
HTTP/1.1 200 OK
Content-Length: 527
Content-Type: application/json; charset=utf-8
cache-control: no-cache

11:35:47.330 [AsyncHttpClient-1-2] DEBUG org.asynchttpclient.netty.channel.ChannelManager - Adding key: http://localhost:39165 for channel [id: 0xa10b78a6, L:/127.0.0.1:61155 - R:localhost/127.0.0.1:39165]
11:35:47.332 [Forwarding getElementText on session b4c44b8ab3ec34df82fcca1e22294ffd to remote] DEBUG org.asynchttpclient.netty.request.NettyRequestSender - Using pooled Channel '[id: 0xa10b78a6, L:/127.0.0.1:61155 - R:localhost/127.0.0.1:39165]' for 'GET' to 'http://localhost:39165/session/b4c44b8ab3ec34df82fcca1e22294ffd/element/D6FCA329F55A989BAF0E516CCCB7C1E0_element_37/text'
11:35:47.332 [Forwarding getElementText on session b4c44b8ab3ec34df82fcca1e22294ffd to remote] DEBUG org.asynchttpclient.netty.request.NettyRequestSender - Using open Channel [id: 0xa10b78a6, L:/127.0.0.1:61155 - R:localhost/127.0.0.1:39165] for GET '/session/b4c44b8ab3ec34df82fcca1e22294ffd/element/D6FCA329F55A989BAF0E516CCCB7C1E0_element_37/text'
11:35:47.342 [AsyncHttpClient-1-2] DEBUG org.asynchttpclient.netty.handler.HttpHandler - 

Request DefaultFullHttpRequest(decodeResult: success, version: HTTP/1.1, content: EmptyByteBufBE)
GET /session/b4c44b8ab3ec34df82fcca1e22294ffd/element/D6FCA329F55A989BAF0E516CCCB7C1E0_element_37/text HTTP/1.1
User-Agent: selenium/4.8.0 (java windows)
Cache-Control: no-cache
Content-Type: application/json; charset=utf-8
host: localhost:39165
accept: */*

Response DefaultHttpResponse(decodeResult: success, version: HTTP/1.1)
HTTP/1.1 200 OK
Content-Length: 17
Content-Type: application/json; charset=utf-8
cache-control: no-cache

11:35:47.342 [AsyncHttpClient-1-2] DEBUG org.asynchttpclient.netty.channel.ChannelManager - Adding key: http://localhost:39165 for channel [id: 0xa10b78a6, L:/127.0.0.1:61155 - R:localhost/127.0.0.1:39165]
11:35:47.343 [main] INFO  com.swaglabs.base.SetUp - $9.99 validated Passed
11:35:47.344 [Forwarding findElements on session b4c44b8ab3ec34df82fcca1e22294ffd to remote] DEBUG org.asynchttpclient.netty.request.NettyRequestSender - Using pooled Channel '[id: 0xa10b78a6, L:/127.0.0.1:61155 - R:localhost/127.0.0.1:39165]' for 'POST' to 'http://localhost:39165/session/b4c44b8ab3ec34df82fcca1e22294ffd/elements'
11:35:47.344 [Forwarding findElements on session b4c44b8ab3ec34df82fcca1e22294ffd to remote] DEBUG org.asynchttpclient.netty.request.NettyRequestSender - Using open Channel [id: 0xa10b78a6, L:/127.0.0.1:61155 - R:localhost/127.0.0.1:39165] for POST '/session/b4c44b8ab3ec34df82fcca1e22294ffd/elements'
11:35:47.350 [AsyncHttpClient-1-2] DEBUG org.asynchttpclient.netty.handler.HttpHandler - 

Request DefaultHttpRequest(decodeResult: success, version: HTTP/1.1)
POST /session/b4c44b8ab3ec34df82fcca1e22294ffd/elements HTTP/1.1
User-Agent: selenium/4.8.0 (java windows)
Content-Length: 83
Content-Type: application/json; charset=utf-8
host: localhost:39165
accept: */*

Response DefaultHttpResponse(decodeResult: success, version: HTTP/1.1)
HTTP/1.1 200 OK
Content-Length: 527
Content-Type: application/json; charset=utf-8
cache-control: no-cache

11:35:47.350 [AsyncHttpClient-1-2] DEBUG org.asynchttpclient.netty.channel.ChannelManager - Adding key: http://localhost:39165 for channel [id: 0xa10b78a6, L:/127.0.0.1:61155 - R:localhost/127.0.0.1:39165]
11:35:47.352 [Forwarding getElementText on session b4c44b8ab3ec34df82fcca1e22294ffd to remote] DEBUG org.asynchttpclient.netty.request.NettyRequestSender - Using pooled Channel '[id: 0xa10b78a6, L:/127.0.0.1:61155 - R:localhost/127.0.0.1:39165]' for 'GET' to 'http://localhost:39165/session/b4c44b8ab3ec34df82fcca1e22294ffd/element/D6FCA329F55A989BAF0E516CCCB7C1E0_element_37/text'
11:35:47.352 [Forwarding getElementText on session b4c44b8ab3ec34df82fcca1e22294ffd to remote] DEBUG org.asynchttpclient.netty.request.NettyRequestSender - Using open Channel [id: 0xa10b78a6, L:/127.0.0.1:61155 - R:localhost/127.0.0.1:39165] for GET '/session/b4c44b8ab3ec34df82fcca1e22294ffd/element/D6FCA329F55A989BAF0E516CCCB7C1E0_element_37/text'
11:35:47.359 [AsyncHttpClient-1-2] DEBUG org.asynchttpclient.netty.handler.HttpHandler - 

Request DefaultFullHttpRequest(decodeResult: success, version: HTTP/1.1, content: EmptyByteBufBE)
GET /session/b4c44b8ab3ec34df82fcca1e22294ffd/element/D6FCA329F55A989BAF0E516CCCB7C1E0_element_37/text HTTP/1.1
User-Agent: selenium/4.8.0 (java windows)
Cache-Control: no-cache
Content-Type: application/json; charset=utf-8
host: localhost:39165
accept: */*

Response DefaultHttpResponse(decodeResult: success, version: HTTP/1.1)
HTTP/1.1 200 OK
Content-Length: 17
Content-Type: application/json; charset=utf-8
cache-control: no-cache

11:35:47.359 [AsyncHttpClient-1-2] DEBUG org.asynchttpclient.netty.channel.ChannelManager - Adding key: http://localhost:39165 for channel [id: 0xa10b78a6, L:/127.0.0.1:61155 - R:localhost/127.0.0.1:39165]
11:35:47.360 [Forwarding findElements on session b4c44b8ab3ec34df82fcca1e22294ffd to remote] DEBUG org.asynchttpclient.netty.request.NettyRequestSender - Using pooled Channel '[id: 0xa10b78a6, L:/127.0.0.1:61155 - R:localhost/127.0.0.1:39165]' for 'POST' to 'http://localhost:39165/session/b4c44b8ab3ec34df82fcca1e22294ffd/elements'
11:35:47.360 [Forwarding findElements on session b4c44b8ab3ec34df82fcca1e22294ffd to remote] DEBUG org.asynchttpclient.netty.request.NettyRequestSender - Using open Channel [id: 0xa10b78a6, L:/127.0.0.1:61155 - R:localhost/127.0.0.1:39165] for POST '/session/b4c44b8ab3ec34df82fcca1e22294ffd/elements'
11:35:47.368 [AsyncHttpClient-1-2] DEBUG org.asynchttpclient.netty.handler.HttpHandler - 

Request DefaultHttpRequest(decodeResult: success, version: HTTP/1.1)
POST /session/b4c44b8ab3ec34df82fcca1e22294ffd/elements HTTP/1.1
User-Agent: selenium/4.8.0 (java windows)
Content-Length: 83
Content-Type: application/json; charset=utf-8
host: localhost:39165
accept: */*

Response DefaultHttpResponse(decodeResult: success, version: HTTP/1.1)
HTTP/1.1 200 OK
Content-Length: 527
Content-Type: application/json; charset=utf-8
cache-control: no-cache

11:35:47.368 [AsyncHttpClient-1-2] DEBUG org.asynchttpclient.netty.channel.ChannelManager - Adding key: http://localhost:39165 for channel [id: 0xa10b78a6, L:/127.0.0.1:61155 - R:localhost/127.0.0.1:39165]
11:35:47.372 [Forwarding findElements on session b4c44b8ab3ec34df82fcca1e22294ffd to remote] DEBUG org.asynchttpclient.netty.request.NettyRequestSender - Using pooled Channel '[id: 0xa10b78a6, L:/127.0.0.1:61155 - R:localhost/127.0.0.1:39165]' for 'POST' to 'http://localhost:39165/session/b4c44b8ab3ec34df82fcca1e22294ffd/elements'
11:35:47.372 [Forwarding findElements on session b4c44b8ab3ec34df82fcca1e22294ffd to remote] DEBUG org.asynchttpclient.netty.request.NettyRequestSender - Using open Channel [id: 0xa10b78a6, L:/127.0.0.1:61155 - R:localhost/127.0.0.1:39165] for POST '/session/b4c44b8ab3ec34df82fcca1e22294ffd/elements'
11:35:47.380 [AsyncHttpClient-1-2] DEBUG org.asynchttpclient.netty.handler.HttpHandler - 

Request DefaultHttpRequest(decodeResult: success, version: HTTP/1.1)
POST /session/b4c44b8ab3ec34df82fcca1e22294ffd/elements HTTP/1.1
User-Agent: selenium/4.8.0 (java windows)
Content-Length: 83
Content-Type: application/json; charset=utf-8
host: localhost:39165
accept: */*

Response DefaultHttpResponse(decodeResult: success, version: HTTP/1.1)
HTTP/1.1 200 OK
Content-Length: 527
Content-Type: application/json; charset=utf-8
cache-control: no-cache

11:35:47.380 [AsyncHttpClient-1-2] DEBUG org.asynchttpclient.netty.channel.ChannelManager - Adding key: http://localhost:39165 for channel [id: 0xa10b78a6, L:/127.0.0.1:61155 - R:localhost/127.0.0.1:39165]
11:35:47.382 [Forwarding getElementText on session b4c44b8ab3ec34df82fcca1e22294ffd to remote] DEBUG org.asynchttpclient.netty.request.NettyRequestSender - Using pooled Channel '[id: 0xa10b78a6, L:/127.0.0.1:61155 - R:localhost/127.0.0.1:39165]' for 'GET' to 'http://localhost:39165/session/b4c44b8ab3ec34df82fcca1e22294ffd/element/D6FCA329F55A989BAF0E516CCCB7C1E0_element_38/text'
11:35:47.382 [Forwarding getElementText on session b4c44b8ab3ec34df82fcca1e22294ffd to remote] DEBUG org.asynchttpclient.netty.request.NettyRequestSender - Using open Channel [id: 0xa10b78a6, L:/127.0.0.1:61155 - R:localhost/127.0.0.1:39165] for GET '/session/b4c44b8ab3ec34df82fcca1e22294ffd/element/D6FCA329F55A989BAF0E516CCCB7C1E0_element_38/text'
11:35:47.388 [AsyncHttpClient-1-2] DEBUG org.asynchttpclient.netty.handler.HttpHandler - 

Request DefaultFullHttpRequest(decodeResult: success, version: HTTP/1.1, content: EmptyByteBufBE)
GET /session/b4c44b8ab3ec34df82fcca1e22294ffd/element/D6FCA329F55A989BAF0E516CCCB7C1E0_element_38/text HTTP/1.1
User-Agent: selenium/4.8.0 (java windows)
Cache-Control: no-cache
Content-Type: application/json; charset=utf-8
host: localhost:39165
accept: */*

Response DefaultHttpResponse(decodeResult: success, version: HTTP/1.1)
HTTP/1.1 200 OK
Content-Length: 18
Content-Type: application/json; charset=utf-8
cache-control: no-cache

11:35:47.388 [AsyncHttpClient-1-2] DEBUG org.asynchttpclient.netty.channel.ChannelManager - Adding key: http://localhost:39165 for channel [id: 0xa10b78a6, L:/127.0.0.1:61155 - R:localhost/127.0.0.1:39165]
11:35:47.389 [main] INFO  com.swaglabs.base.SetUp - $15.99 validated Passed
11:35:47.390 [Forwarding findElements on session b4c44b8ab3ec34df82fcca1e22294ffd to remote] DEBUG org.asynchttpclient.netty.request.NettyRequestSender - Using pooled Channel '[id: 0xa10b78a6, L:/127.0.0.1:61155 - R:localhost/127.0.0.1:39165]' for 'POST' to 'http://localhost:39165/session/b4c44b8ab3ec34df82fcca1e22294ffd/elements'
11:35:47.390 [Forwarding findElements on session b4c44b8ab3ec34df82fcca1e22294ffd to remote] DEBUG org.asynchttpclient.netty.request.NettyRequestSender - Using open Channel [id: 0xa10b78a6, L:/127.0.0.1:61155 - R:localhost/127.0.0.1:39165] for POST '/session/b4c44b8ab3ec34df82fcca1e22294ffd/elements'
11:35:47.396 [AsyncHttpClient-1-2] DEBUG org.asynchttpclient.netty.handler.HttpHandler - 

Request DefaultHttpRequest(decodeResult: success, version: HTTP/1.1)
POST /session/b4c44b8ab3ec34df82fcca1e22294ffd/elements HTTP/1.1
User-Agent: selenium/4.8.0 (java windows)
Content-Length: 83
Content-Type: application/json; charset=utf-8
host: localhost:39165
accept: */*

Response DefaultHttpResponse(decodeResult: success, version: HTTP/1.1)
HTTP/1.1 200 OK
Content-Length: 527
Content-Type: application/json; charset=utf-8
cache-control: no-cache

11:35:47.396 [AsyncHttpClient-1-2] DEBUG org.asynchttpclient.netty.channel.ChannelManager - Adding key: http://localhost:39165 for channel [id: 0xa10b78a6, L:/127.0.0.1:61155 - R:localhost/127.0.0.1:39165]
11:35:47.397 [Forwarding getElementText on session b4c44b8ab3ec34df82fcca1e22294ffd to remote] DEBUG org.asynchttpclient.netty.request.NettyRequestSender - Using pooled Channel '[id: 0xa10b78a6, L:/127.0.0.1:61155 - R:localhost/127.0.0.1:39165]' for 'GET' to 'http://localhost:39165/session/b4c44b8ab3ec34df82fcca1e22294ffd/element/D6FCA329F55A989BAF0E516CCCB7C1E0_element_38/text'
11:35:47.397 [Forwarding getElementText on session b4c44b8ab3ec34df82fcca1e22294ffd to remote] DEBUG org.asynchttpclient.netty.request.NettyRequestSender - Using open Channel [id: 0xa10b78a6, L:/127.0.0.1:61155 - R:localhost/127.0.0.1:39165] for GET '/session/b4c44b8ab3ec34df82fcca1e22294ffd/element/D6FCA329F55A989BAF0E516CCCB7C1E0_element_38/text'
11:35:47.404 [AsyncHttpClient-1-2] DEBUG org.asynchttpclient.netty.handler.HttpHandler - 

Request DefaultFullHttpRequest(decodeResult: success, version: HTTP/1.1, content: EmptyByteBufBE)
GET /session/b4c44b8ab3ec34df82fcca1e22294ffd/element/D6FCA329F55A989BAF0E516CCCB7C1E0_element_38/text HTTP/1.1
User-Agent: selenium/4.8.0 (java windows)
Cache-Control: no-cache
Content-Type: application/json; charset=utf-8
host: localhost:39165
accept: */*

Response DefaultHttpResponse(decodeResult: success, version: HTTP/1.1)
HTTP/1.1 200 OK
Content-Length: 18
Content-Type: application/json; charset=utf-8
cache-control: no-cache

11:35:47.404 [AsyncHttpClient-1-2] DEBUG org.asynchttpclient.netty.channel.ChannelManager - Adding key: http://localhost:39165 for channel [id: 0xa10b78a6, L:/127.0.0.1:61155 - R:localhost/127.0.0.1:39165]
11:35:47.405 [Forwarding findElements on session b4c44b8ab3ec34df82fcca1e22294ffd to remote] DEBUG org.asynchttpclient.netty.request.NettyRequestSender - Using pooled Channel '[id: 0xa10b78a6, L:/127.0.0.1:61155 - R:localhost/127.0.0.1:39165]' for 'POST' to 'http://localhost:39165/session/b4c44b8ab3ec34df82fcca1e22294ffd/elements'
11:35:47.405 [Forwarding findElements on session b4c44b8ab3ec34df82fcca1e22294ffd to remote] DEBUG org.asynchttpclient.netty.request.NettyRequestSender - Using open Channel [id: 0xa10b78a6, L:/127.0.0.1:61155 - R:localhost/127.0.0.1:39165] for POST '/session/b4c44b8ab3ec34df82fcca1e22294ffd/elements'
11:35:47.412 [AsyncHttpClient-1-2] DEBUG org.asynchttpclient.netty.handler.HttpHandler - 

Request DefaultHttpRequest(decodeResult: success, version: HTTP/1.1)
POST /session/b4c44b8ab3ec34df82fcca1e22294ffd/elements HTTP/1.1
User-Agent: selenium/4.8.0 (java windows)
Content-Length: 83
Content-Type: application/json; charset=utf-8
host: localhost:39165
accept: */*

Response DefaultHttpResponse(decodeResult: success, version: HTTP/1.1)
HTTP/1.1 200 OK
Content-Length: 527
Content-Type: application/json; charset=utf-8
cache-control: no-cache

11:35:47.412 [AsyncHttpClient-1-2] DEBUG org.asynchttpclient.netty.channel.ChannelManager - Adding key: http://localhost:39165 for channel [id: 0xa10b78a6, L:/127.0.0.1:61155 - R:localhost/127.0.0.1:39165]
11:35:47.414 [Forwarding findElements on session b4c44b8ab3ec34df82fcca1e22294ffd to remote] DEBUG org.asynchttpclient.netty.request.NettyRequestSender - Using pooled Channel '[id: 0xa10b78a6, L:/127.0.0.1:61155 - R:localhost/127.0.0.1:39165]' for 'POST' to 'http://localhost:39165/session/b4c44b8ab3ec34df82fcca1e22294ffd/elements'
11:35:47.414 [Forwarding findElements on session b4c44b8ab3ec34df82fcca1e22294ffd to remote] DEBUG org.asynchttpclient.netty.request.NettyRequestSender - Using open Channel [id: 0xa10b78a6, L:/127.0.0.1:61155 - R:localhost/127.0.0.1:39165] for POST '/session/b4c44b8ab3ec34df82fcca1e22294ffd/elements'
11:35:47.419 [AsyncHttpClient-1-2] DEBUG org.asynchttpclient.netty.handler.HttpHandler - 

Request DefaultHttpRequest(decodeResult: success, version: HTTP/1.1)
POST /session/b4c44b8ab3ec34df82fcca1e22294ffd/elements HTTP/1.1
User-Agent: selenium/4.8.0 (java windows)
Content-Length: 83
Content-Type: application/json; charset=utf-8
host: localhost:39165
accept: */*

Response DefaultHttpResponse(decodeResult: success, version: HTTP/1.1)
HTTP/1.1 200 OK
Content-Length: 527
Content-Type: application/json; charset=utf-8
cache-control: no-cache

11:35:47.419 [AsyncHttpClient-1-2] DEBUG org.asynchttpclient.netty.channel.ChannelManager - Adding key: http://localhost:39165 for channel [id: 0xa10b78a6, L:/127.0.0.1:61155 - R:localhost/127.0.0.1:39165]
11:35:47.421 [Forwarding getElementText on session b4c44b8ab3ec34df82fcca1e22294ffd to remote] DEBUG org.asynchttpclient.netty.request.NettyRequestSender - Using pooled Channel '[id: 0xa10b78a6, L:/127.0.0.1:61155 - R:localhost/127.0.0.1:39165]' for 'GET' to 'http://localhost:39165/session/b4c44b8ab3ec34df82fcca1e22294ffd/element/D6FCA329F55A989BAF0E516CCCB7C1E0_element_39/text'
11:35:47.421 [Forwarding getElementText on session b4c44b8ab3ec34df82fcca1e22294ffd to remote] DEBUG org.asynchttpclient.netty.request.NettyRequestSender - Using open Channel [id: 0xa10b78a6, L:/127.0.0.1:61155 - R:localhost/127.0.0.1:39165] for GET '/session/b4c44b8ab3ec34df82fcca1e22294ffd/element/D6FCA329F55A989BAF0E516CCCB7C1E0_element_39/text'
11:35:47.427 [AsyncHttpClient-1-2] DEBUG org.asynchttpclient.netty.handler.HttpHandler - 

Request DefaultFullHttpRequest(decodeResult: success, version: HTTP/1.1, content: EmptyByteBufBE)
GET /session/b4c44b8ab3ec34df82fcca1e22294ffd/element/D6FCA329F55A989BAF0E516CCCB7C1E0_element_39/text HTTP/1.1
User-Agent: selenium/4.8.0 (java windows)
Cache-Control: no-cache
Content-Type: application/json; charset=utf-8
host: localhost:39165
accept: */*

Response DefaultHttpResponse(decodeResult: success, version: HTTP/1.1)
HTTP/1.1 200 OK
Content-Length: 18
Content-Type: application/json; charset=utf-8
cache-control: no-cache

11:35:47.427 [AsyncHttpClient-1-2] DEBUG org.asynchttpclient.netty.channel.ChannelManager - Adding key: http://localhost:39165 for channel [id: 0xa10b78a6, L:/127.0.0.1:61155 - R:localhost/127.0.0.1:39165]
11:35:47.428 [main] INFO  com.swaglabs.base.SetUp - $49.99 validated Passed
11:35:47.429 [Forwarding findElements on session b4c44b8ab3ec34df82fcca1e22294ffd to remote] DEBUG org.asynchttpclient.netty.request.NettyRequestSender - Using pooled Channel '[id: 0xa10b78a6, L:/127.0.0.1:61155 - R:localhost/127.0.0.1:39165]' for 'POST' to 'http://localhost:39165/session/b4c44b8ab3ec34df82fcca1e22294ffd/elements'
11:35:47.429 [Forwarding findElements on session b4c44b8ab3ec34df82fcca1e22294ffd to remote] DEBUG org.asynchttpclient.netty.request.NettyRequestSender - Using open Channel [id: 0xa10b78a6, L:/127.0.0.1:61155 - R:localhost/127.0.0.1:39165] for POST '/session/b4c44b8ab3ec34df82fcca1e22294ffd/elements'
11:35:47.438 [AsyncHttpClient-1-2] DEBUG org.asynchttpclient.netty.handler.HttpHandler - 

Request DefaultHttpRequest(decodeResult: success, version: HTTP/1.1)
POST /session/b4c44b8ab3ec34df82fcca1e22294ffd/elements HTTP/1.1
User-Agent: selenium/4.8.0 (java windows)
Content-Length: 83
Content-Type: application/json; charset=utf-8
host: localhost:39165
accept: */*

Response DefaultHttpResponse(decodeResult: success, version: HTTP/1.1)
HTTP/1.1 200 OK
Content-Length: 527
Content-Type: application/json; charset=utf-8
cache-control: no-cache

11:35:47.438 [AsyncHttpClient-1-2] DEBUG org.asynchttpclient.netty.channel.ChannelManager - Adding key: http://localhost:39165 for channel [id: 0xa10b78a6, L:/127.0.0.1:61155 - R:localhost/127.0.0.1:39165]
11:35:47.439 [Forwarding getElementText on session b4c44b8ab3ec34df82fcca1e22294ffd to remote] DEBUG org.asynchttpclient.netty.request.NettyRequestSender - Using pooled Channel '[id: 0xa10b78a6, L:/127.0.0.1:61155 - R:localhost/127.0.0.1:39165]' for 'GET' to 'http://localhost:39165/session/b4c44b8ab3ec34df82fcca1e22294ffd/element/D6FCA329F55A989BAF0E516CCCB7C1E0_element_39/text'
11:35:47.439 [Forwarding getElementText on session b4c44b8ab3ec34df82fcca1e22294ffd to remote] DEBUG org.asynchttpclient.netty.request.NettyRequestSender - Using open Channel [id: 0xa10b78a6, L:/127.0.0.1:61155 - R:localhost/127.0.0.1:39165] for GET '/session/b4c44b8ab3ec34df82fcca1e22294ffd/element/D6FCA329F55A989BAF0E516CCCB7C1E0_element_39/text'
11:35:47.448 [AsyncHttpClient-1-2] DEBUG org.asynchttpclient.netty.handler.HttpHandler - 

Request DefaultFullHttpRequest(decodeResult: success, version: HTTP/1.1, content: EmptyByteBufBE)
GET /session/b4c44b8ab3ec34df82fcca1e22294ffd/element/D6FCA329F55A989BAF0E516CCCB7C1E0_element_39/text HTTP/1.1
User-Agent: selenium/4.8.0 (java windows)
Cache-Control: no-cache
Content-Type: application/json; charset=utf-8
host: localhost:39165
accept: */*

Response DefaultHttpResponse(decodeResult: success, version: HTTP/1.1)
HTTP/1.1 200 OK
Content-Length: 18
Content-Type: application/json; charset=utf-8
cache-control: no-cache

11:35:47.448 [AsyncHttpClient-1-2] DEBUG org.asynchttpclient.netty.channel.ChannelManager - Adding key: http://localhost:39165 for channel [id: 0xa10b78a6, L:/127.0.0.1:61155 - R:localhost/127.0.0.1:39165]
11:35:47.449 [Forwarding findElements on session b4c44b8ab3ec34df82fcca1e22294ffd to remote] DEBUG org.asynchttpclient.netty.request.NettyRequestSender - Using pooled Channel '[id: 0xa10b78a6, L:/127.0.0.1:61155 - R:localhost/127.0.0.1:39165]' for 'POST' to 'http://localhost:39165/session/b4c44b8ab3ec34df82fcca1e22294ffd/elements'
11:35:47.449 [Forwarding findElements on session b4c44b8ab3ec34df82fcca1e22294ffd to remote] DEBUG org.asynchttpclient.netty.request.NettyRequestSender - Using open Channel [id: 0xa10b78a6, L:/127.0.0.1:61155 - R:localhost/127.0.0.1:39165] for POST '/session/b4c44b8ab3ec34df82fcca1e22294ffd/elements'
11:35:47.455 [AsyncHttpClient-1-2] DEBUG org.asynchttpclient.netty.handler.HttpHandler - 

Request DefaultHttpRequest(decodeResult: success, version: HTTP/1.1)
POST /session/b4c44b8ab3ec34df82fcca1e22294ffd/elements HTTP/1.1
User-Agent: selenium/4.8.0 (java windows)
Content-Length: 83
Content-Type: application/json; charset=utf-8
host: localhost:39165
accept: */*

Response DefaultHttpResponse(decodeResult: success, version: HTTP/1.1)
HTTP/1.1 200 OK
Content-Length: 527
Content-Type: application/json; charset=utf-8
cache-control: no-cache

11:35:47.455 [AsyncHttpClient-1-2] DEBUG org.asynchttpclient.netty.channel.ChannelManager - Adding key: http://localhost:39165 for channel [id: 0xa10b78a6, L:/127.0.0.1:61155 - R:localhost/127.0.0.1:39165]
11:35:47.458 [Forwarding findElements on session b4c44b8ab3ec34df82fcca1e22294ffd to remote] DEBUG org.asynchttpclient.netty.request.NettyRequestSender - Using pooled Channel '[id: 0xa10b78a6, L:/127.0.0.1:61155 - R:localhost/127.0.0.1:39165]' for 'POST' to 'http://localhost:39165/session/b4c44b8ab3ec34df82fcca1e22294ffd/elements'
11:35:47.458 [Forwarding findElements on session b4c44b8ab3ec34df82fcca1e22294ffd to remote] DEBUG org.asynchttpclient.netty.request.NettyRequestSender - Using open Channel [id: 0xa10b78a6, L:/127.0.0.1:61155 - R:localhost/127.0.0.1:39165] for POST '/session/b4c44b8ab3ec34df82fcca1e22294ffd/elements'
11:35:47.465 [AsyncHttpClient-1-2] DEBUG org.asynchttpclient.netty.handler.HttpHandler - 

Request DefaultHttpRequest(decodeResult: success, version: HTTP/1.1)
POST /session/b4c44b8ab3ec34df82fcca1e22294ffd/elements HTTP/1.1
User-Agent: selenium/4.8.0 (java windows)
Content-Length: 83
Content-Type: application/json; charset=utf-8
host: localhost:39165
accept: */*

Response DefaultHttpResponse(decodeResult: success, version: HTTP/1.1)
HTTP/1.1 200 OK
Content-Length: 527
Content-Type: application/json; charset=utf-8
cache-control: no-cache

11:35:47.465 [AsyncHttpClient-1-2] DEBUG org.asynchttpclient.netty.channel.ChannelManager - Adding key: http://localhost:39165 for channel [id: 0xa10b78a6, L:/127.0.0.1:61155 - R:localhost/127.0.0.1:39165]
11:35:47.466 [Forwarding getElementText on session b4c44b8ab3ec34df82fcca1e22294ffd to remote] DEBUG org.asynchttpclient.netty.request.NettyRequestSender - Using pooled Channel '[id: 0xa10b78a6, L:/127.0.0.1:61155 - R:localhost/127.0.0.1:39165]' for 'GET' to 'http://localhost:39165/session/b4c44b8ab3ec34df82fcca1e22294ffd/element/D6FCA329F55A989BAF0E516CCCB7C1E0_element_40/text'
11:35:47.466 [Forwarding getElementText on session b4c44b8ab3ec34df82fcca1e22294ffd to remote] DEBUG org.asynchttpclient.netty.request.NettyRequestSender - Using open Channel [id: 0xa10b78a6, L:/127.0.0.1:61155 - R:localhost/127.0.0.1:39165] for GET '/session/b4c44b8ab3ec34df82fcca1e22294ffd/element/D6FCA329F55A989BAF0E516CCCB7C1E0_element_40/text'
11:35:47.474 [AsyncHttpClient-1-2] DEBUG org.asynchttpclient.netty.handler.HttpHandler - 

Request DefaultFullHttpRequest(decodeResult: success, version: HTTP/1.1, content: EmptyByteBufBE)
GET /session/b4c44b8ab3ec34df82fcca1e22294ffd/element/D6FCA329F55A989BAF0E516CCCB7C1E0_element_40/text HTTP/1.1
User-Agent: selenium/4.8.0 (java windows)
Cache-Control: no-cache
Content-Type: application/json; charset=utf-8
host: localhost:39165
accept: */*

Response DefaultHttpResponse(decodeResult: success, version: HTTP/1.1)
HTTP/1.1 200 OK
Content-Length: 17
Content-Type: application/json; charset=utf-8
cache-control: no-cache

11:35:47.474 [AsyncHttpClient-1-2] DEBUG org.asynchttpclient.netty.channel.ChannelManager - Adding key: http://localhost:39165 for channel [id: 0xa10b78a6, L:/127.0.0.1:61155 - R:localhost/127.0.0.1:39165]
11:35:47.475 [main] INFO  com.swaglabs.base.SetUp - $7.99 validated Passed
11:35:47.476 [Forwarding findElements on session b4c44b8ab3ec34df82fcca1e22294ffd to remote] DEBUG org.asynchttpclient.netty.request.NettyRequestSender - Using pooled Channel '[id: 0xa10b78a6, L:/127.0.0.1:61155 - R:localhost/127.0.0.1:39165]' for 'POST' to 'http://localhost:39165/session/b4c44b8ab3ec34df82fcca1e22294ffd/elements'
11:35:47.476 [Forwarding findElements on session b4c44b8ab3ec34df82fcca1e22294ffd to remote] DEBUG org.asynchttpclient.netty.request.NettyRequestSender - Using open Channel [id: 0xa10b78a6, L:/127.0.0.1:61155 - R:localhost/127.0.0.1:39165] for POST '/session/b4c44b8ab3ec34df82fcca1e22294ffd/elements'
11:35:47.484 [AsyncHttpClient-1-2] DEBUG org.asynchttpclient.netty.handler.HttpHandler - 

Request DefaultHttpRequest(decodeResult: success, version: HTTP/1.1)
POST /session/b4c44b8ab3ec34df82fcca1e22294ffd/elements HTTP/1.1
User-Agent: selenium/4.8.0 (java windows)
Content-Length: 83
Content-Type: application/json; charset=utf-8
host: localhost:39165
accept: */*

Response DefaultHttpResponse(decodeResult: success, version: HTTP/1.1)
HTTP/1.1 200 OK
Content-Length: 527
Content-Type: application/json; charset=utf-8
cache-control: no-cache

11:35:47.484 [AsyncHttpClient-1-2] DEBUG org.asynchttpclient.netty.channel.ChannelManager - Adding key: http://localhost:39165 for channel [id: 0xa10b78a6, L:/127.0.0.1:61155 - R:localhost/127.0.0.1:39165]
11:35:47.485 [Forwarding getElementText on session b4c44b8ab3ec34df82fcca1e22294ffd to remote] DEBUG org.asynchttpclient.netty.request.NettyRequestSender - Using pooled Channel '[id: 0xa10b78a6, L:/127.0.0.1:61155 - R:localhost/127.0.0.1:39165]' for 'GET' to 'http://localhost:39165/session/b4c44b8ab3ec34df82fcca1e22294ffd/element/D6FCA329F55A989BAF0E516CCCB7C1E0_element_40/text'
11:35:47.485 [Forwarding getElementText on session b4c44b8ab3ec34df82fcca1e22294ffd to remote] DEBUG org.asynchttpclient.netty.request.NettyRequestSender - Using open Channel [id: 0xa10b78a6, L:/127.0.0.1:61155 - R:localhost/127.0.0.1:39165] for GET '/session/b4c44b8ab3ec34df82fcca1e22294ffd/element/D6FCA329F55A989BAF0E516CCCB7C1E0_element_40/text'
11:35:47.492 [AsyncHttpClient-1-2] DEBUG org.asynchttpclient.netty.handler.HttpHandler - 

Request DefaultFullHttpRequest(decodeResult: success, version: HTTP/1.1, content: EmptyByteBufBE)
GET /session/b4c44b8ab3ec34df82fcca1e22294ffd/element/D6FCA329F55A989BAF0E516CCCB7C1E0_element_40/text HTTP/1.1
User-Agent: selenium/4.8.0 (java windows)
Cache-Control: no-cache
Content-Type: application/json; charset=utf-8
host: localhost:39165
accept: */*

Response DefaultHttpResponse(decodeResult: success, version: HTTP/1.1)
HTTP/1.1 200 OK
Content-Length: 17
Content-Type: application/json; charset=utf-8
cache-control: no-cache

11:35:47.492 [AsyncHttpClient-1-2] DEBUG org.asynchttpclient.netty.channel.ChannelManager - Adding key: http://localhost:39165 for channel [id: 0xa10b78a6, L:/127.0.0.1:61155 - R:localhost/127.0.0.1:39165]
11:35:47.493 [Forwarding findElements on session b4c44b8ab3ec34df82fcca1e22294ffd to remote] DEBUG org.asynchttpclient.netty.request.NettyRequestSender - Using pooled Channel '[id: 0xa10b78a6, L:/127.0.0.1:61155 - R:localhost/127.0.0.1:39165]' for 'POST' to 'http://localhost:39165/session/b4c44b8ab3ec34df82fcca1e22294ffd/elements'
11:35:47.493 [Forwarding findElements on session b4c44b8ab3ec34df82fcca1e22294ffd to remote] DEBUG org.asynchttpclient.netty.request.NettyRequestSender - Using open Channel [id: 0xa10b78a6, L:/127.0.0.1:61155 - R:localhost/127.0.0.1:39165] for POST '/session/b4c44b8ab3ec34df82fcca1e22294ffd/elements'
11:35:47.504 [AsyncHttpClient-1-2] DEBUG org.asynchttpclient.netty.handler.HttpHandler - 

Request DefaultHttpRequest(decodeResult: success, version: HTTP/1.1)
POST /session/b4c44b8ab3ec34df82fcca1e22294ffd/elements HTTP/1.1
User-Agent: selenium/4.8.0 (java windows)
Content-Length: 83
Content-Type: application/json; charset=utf-8
host: localhost:39165
accept: */*

Response DefaultHttpResponse(decodeResult: success, version: HTTP/1.1)
HTTP/1.1 200 OK
Content-Length: 527
Content-Type: application/json; charset=utf-8
cache-control: no-cache

11:35:47.504 [AsyncHttpClient-1-2] DEBUG org.asynchttpclient.netty.channel.ChannelManager - Adding key: http://localhost:39165 for channel [id: 0xa10b78a6, L:/127.0.0.1:61155 - R:localhost/127.0.0.1:39165]
11:35:47.506 [Forwarding findElements on session b4c44b8ab3ec34df82fcca1e22294ffd to remote] DEBUG org.asynchttpclient.netty.request.NettyRequestSender - Using pooled Channel '[id: 0xa10b78a6, L:/127.0.0.1:61155 - R:localhost/127.0.0.1:39165]' for 'POST' to 'http://localhost:39165/session/b4c44b8ab3ec34df82fcca1e22294ffd/elements'
11:35:47.506 [Forwarding findElements on session b4c44b8ab3ec34df82fcca1e22294ffd to remote] DEBUG org.asynchttpclient.netty.request.NettyRequestSender - Using open Channel [id: 0xa10b78a6, L:/127.0.0.1:61155 - R:localhost/127.0.0.1:39165] for POST '/session/b4c44b8ab3ec34df82fcca1e22294ffd/elements'
11:35:47.516 [AsyncHttpClient-1-2] DEBUG org.asynchttpclient.netty.handler.HttpHandler - 

Request DefaultHttpRequest(decodeResult: success, version: HTTP/1.1)
POST /session/b4c44b8ab3ec34df82fcca1e22294ffd/elements HTTP/1.1
User-Agent: selenium/4.8.0 (java windows)
Content-Length: 83
Content-Type: application/json; charset=utf-8
host: localhost:39165
accept: */*

Response DefaultHttpResponse(decodeResult: success, version: HTTP/1.1)
HTTP/1.1 200 OK
Content-Length: 527
Content-Type: application/json; charset=utf-8
cache-control: no-cache

11:35:47.516 [AsyncHttpClient-1-2] DEBUG org.asynchttpclient.netty.channel.ChannelManager - Adding key: http://localhost:39165 for channel [id: 0xa10b78a6, L:/127.0.0.1:61155 - R:localhost/127.0.0.1:39165]
11:35:47.518 [Forwarding getElementText on session b4c44b8ab3ec34df82fcca1e22294ffd to remote] DEBUG org.asynchttpclient.netty.request.NettyRequestSender - Using pooled Channel '[id: 0xa10b78a6, L:/127.0.0.1:61155 - R:localhost/127.0.0.1:39165]' for 'GET' to 'http://localhost:39165/session/b4c44b8ab3ec34df82fcca1e22294ffd/element/D6FCA329F55A989BAF0E516CCCB7C1E0_element_41/text'
11:35:47.518 [Forwarding getElementText on session b4c44b8ab3ec34df82fcca1e22294ffd to remote] DEBUG org.asynchttpclient.netty.request.NettyRequestSender - Using open Channel [id: 0xa10b78a6, L:/127.0.0.1:61155 - R:localhost/127.0.0.1:39165] for GET '/session/b4c44b8ab3ec34df82fcca1e22294ffd/element/D6FCA329F55A989BAF0E516CCCB7C1E0_element_41/text'
11:35:47.527 [AsyncHttpClient-1-2] DEBUG org.asynchttpclient.netty.handler.HttpHandler - 

Request DefaultFullHttpRequest(decodeResult: success, version: HTTP/1.1, content: EmptyByteBufBE)
GET /session/b4c44b8ab3ec34df82fcca1e22294ffd/element/D6FCA329F55A989BAF0E516CCCB7C1E0_element_41/text HTTP/1.1
User-Agent: selenium/4.8.0 (java windows)
Cache-Control: no-cache
Content-Type: application/json; charset=utf-8
host: localhost:39165
accept: */*

Response DefaultHttpResponse(decodeResult: success, version: HTTP/1.1)
HTTP/1.1 200 OK
Content-Length: 18
Content-Type: application/json; charset=utf-8
cache-control: no-cache

11:35:47.527 [AsyncHttpClient-1-2] DEBUG org.asynchttpclient.netty.channel.ChannelManager - Adding key: http://localhost:39165 for channel [id: 0xa10b78a6, L:/127.0.0.1:61155 - R:localhost/127.0.0.1:39165]
11:35:47.527 [main] INFO  com.swaglabs.base.SetUp - $15.99 validated Passed
11:35:47.528 [Forwarding findElements on session b4c44b8ab3ec34df82fcca1e22294ffd to remote] DEBUG org.asynchttpclient.netty.request.NettyRequestSender - Using pooled Channel '[id: 0xa10b78a6, L:/127.0.0.1:61155 - R:localhost/127.0.0.1:39165]' for 'POST' to 'http://localhost:39165/session/b4c44b8ab3ec34df82fcca1e22294ffd/elements'
11:35:47.528 [Forwarding findElements on session b4c44b8ab3ec34df82fcca1e22294ffd to remote] DEBUG org.asynchttpclient.netty.request.NettyRequestSender - Using open Channel [id: 0xa10b78a6, L:/127.0.0.1:61155 - R:localhost/127.0.0.1:39165] for POST '/session/b4c44b8ab3ec34df82fcca1e22294ffd/elements'
11:35:47.538 [AsyncHttpClient-1-2] DEBUG org.asynchttpclient.netty.handler.HttpHandler - 

Request DefaultHttpRequest(decodeResult: success, version: HTTP/1.1)
POST /session/b4c44b8ab3ec34df82fcca1e22294ffd/elements HTTP/1.1
User-Agent: selenium/4.8.0 (java windows)
Content-Length: 83
Content-Type: application/json; charset=utf-8
host: localhost:39165
accept: */*

Response DefaultHttpResponse(decodeResult: success, version: HTTP/1.1)
HTTP/1.1 200 OK
Content-Length: 527
Content-Type: application/json; charset=utf-8
cache-control: no-cache

11:35:47.538 [AsyncHttpClient-1-2] DEBUG org.asynchttpclient.netty.channel.ChannelManager - Adding key: http://localhost:39165 for channel [id: 0xa10b78a6, L:/127.0.0.1:61155 - R:localhost/127.0.0.1:39165]
11:35:47.539 [Forwarding getElementText on session b4c44b8ab3ec34df82fcca1e22294ffd to remote] DEBUG org.asynchttpclient.netty.request.NettyRequestSender - Using pooled Channel '[id: 0xa10b78a6, L:/127.0.0.1:61155 - R:localhost/127.0.0.1:39165]' for 'GET' to 'http://localhost:39165/session/b4c44b8ab3ec34df82fcca1e22294ffd/element/D6FCA329F55A989BAF0E516CCCB7C1E0_element_41/text'
11:35:47.539 [Forwarding getElementText on session b4c44b8ab3ec34df82fcca1e22294ffd to remote] DEBUG org.asynchttpclient.netty.request.NettyRequestSender - Using open Channel [id: 0xa10b78a6, L:/127.0.0.1:61155 - R:localhost/127.0.0.1:39165] for GET '/session/b4c44b8ab3ec34df82fcca1e22294ffd/element/D6FCA329F55A989BAF0E516CCCB7C1E0_element_41/text'
11:35:47.546 [AsyncHttpClient-1-2] DEBUG org.asynchttpclient.netty.handler.HttpHandler - 

Request DefaultFullHttpRequest(decodeResult: success, version: HTTP/1.1, content: EmptyByteBufBE)
GET /session/b4c44b8ab3ec34df82fcca1e22294ffd/element/D6FCA329F55A989BAF0E516CCCB7C1E0_element_41/text HTTP/1.1
User-Agent: selenium/4.8.0 (java windows)
Cache-Control: no-cache
Content-Type: application/json; charset=utf-8
host: localhost:39165
accept: */*

Response DefaultHttpResponse(decodeResult: success, version: HTTP/1.1)
HTTP/1.1 200 OK
Content-Length: 18
Content-Type: application/json; charset=utf-8
cache-control: no-cache

11:35:47.546 [AsyncHttpClient-1-2] DEBUG org.asynchttpclient.netty.channel.ChannelManager - Adding key: http://localhost:39165 for channel [id: 0xa10b78a6, L:/127.0.0.1:61155 - R:localhost/127.0.0.1:39165]
11:35:47.549 [Forwarding findElements on session b4c44b8ab3ec34df82fcca1e22294ffd to remote] DEBUG org.asynchttpclient.netty.request.NettyRequestSender - Using pooled Channel '[id: 0xa10b78a6, L:/127.0.0.1:61155 - R:localhost/127.0.0.1:39165]' for 'POST' to 'http://localhost:39165/session/b4c44b8ab3ec34df82fcca1e22294ffd/elements'
11:35:47.550 [Forwarding findElements on session b4c44b8ab3ec34df82fcca1e22294ffd to remote] DEBUG org.asynchttpclient.netty.request.NettyRequestSender - Using open Channel [id: 0xa10b78a6, L:/127.0.0.1:61155 - R:localhost/127.0.0.1:39165] for POST '/session/b4c44b8ab3ec34df82fcca1e22294ffd/elements'
11:35:47.568 [AsyncHttpClient-1-2] DEBUG org.asynchttpclient.netty.handler.HttpHandler - 

Request DefaultHttpRequest(decodeResult: success, version: HTTP/1.1)
POST /session/b4c44b8ab3ec34df82fcca1e22294ffd/elements HTTP/1.1
User-Agent: selenium/4.8.0 (java windows)
Content-Length: 83
Content-Type: application/json; charset=utf-8
host: localhost:39165
accept: */*

Response DefaultHttpResponse(decodeResult: success, version: HTTP/1.1)
HTTP/1.1 200 OK
Content-Length: 527
Content-Type: application/json; charset=utf-8
cache-control: no-cache

11:35:47.568 [AsyncHttpClient-1-2] DEBUG org.asynchttpclient.netty.channel.ChannelManager - Adding key: http://localhost:39165 for channel [id: 0xa10b78a6, L:/127.0.0.1:61155 - R:localhost/127.0.0.1:39165]
11:35:47.573 [Forwarding getAlertText on session b4c44b8ab3ec34df82fcca1e22294ffd to remote] DEBUG org.asynchttpclient.netty.request.NettyRequestSender - Using pooled Channel '[id: 0xa10b78a6, L:/127.0.0.1:61155 - R:localhost/127.0.0.1:39165]' for 'GET' to 'http://localhost:39165/session/b4c44b8ab3ec34df82fcca1e22294ffd/alert/text'
11:35:47.573 [Forwarding getAlertText on session b4c44b8ab3ec34df82fcca1e22294ffd to remote] DEBUG org.asynchttpclient.netty.request.NettyRequestSender - Using open Channel [id: 0xa10b78a6, L:/127.0.0.1:61155 - R:localhost/127.0.0.1:39165] for GET '/session/b4c44b8ab3ec34df82fcca1e22294ffd/alert/text'
11:35:47.574 [AsyncHttpClient-1-2] DEBUG org.asynchttpclient.netty.handler.HttpHandler - 

Request DefaultFullHttpRequest(decodeResult: success, version: HTTP/1.1, content: EmptyByteBufBE)
GET /session/b4c44b8ab3ec34df82fcca1e22294ffd/alert/text HTTP/1.1
User-Agent: selenium/4.8.0 (java windows)
Cache-Control: no-cache
Content-Type: application/json; charset=utf-8
host: localhost:39165
accept: */*

Response DefaultHttpResponse(decodeResult: success, version: HTTP/1.1)
HTTP/1.1 404 Not Found
Content-Length: 1522
Content-Type: application/json; charset=utf-8
cache-control: no-cache

11:35:47.575 [AsyncHttpClient-1-2] DEBUG org.asynchttpclient.netty.channel.ChannelManager - Adding key: http://localhost:39165 for channel [id: 0xa10b78a6, L:/127.0.0.1:61155 - R:localhost/127.0.0.1:39165]
11:35:47.576 [Forwarding getCurrentUrl on session b4c44b8ab3ec34df82fcca1e22294ffd to remote] DEBUG org.asynchttpclient.netty.request.NettyRequestSender - Using pooled Channel '[id: 0xa10b78a6, L:/127.0.0.1:61155 - R:localhost/127.0.0.1:39165]' for 'GET' to 'http://localhost:39165/session/b4c44b8ab3ec34df82fcca1e22294ffd/url'
11:35:47.576 [Forwarding getCurrentUrl on session b4c44b8ab3ec34df82fcca1e22294ffd to remote] DEBUG org.asynchttpclient.netty.request.NettyRequestSender - Using open Channel [id: 0xa10b78a6, L:/127.0.0.1:61155 - R:localhost/127.0.0.1:39165] for GET '/session/b4c44b8ab3ec34df82fcca1e22294ffd/url'
11:35:47.583 [AsyncHttpClient-1-2] DEBUG org.asynchttpclient.netty.handler.HttpHandler - 

Request DefaultFullHttpRequest(decodeResult: success, version: HTTP/1.1, content: EmptyByteBufBE)
GET /session/b4c44b8ab3ec34df82fcca1e22294ffd/url HTTP/1.1
User-Agent: selenium/4.8.0 (java windows)
Cache-Control: no-cache
Content-Type: application/json; charset=utf-8
host: localhost:39165
accept: */*

Response DefaultHttpResponse(decodeResult: success, version: HTTP/1.1)
HTTP/1.1 200 OK
Content-Length: 52
Content-Type: application/json; charset=utf-8
cache-control: no-cache

11:35:47.583 [AsyncHttpClient-1-2] DEBUG org.asynchttpclient.netty.channel.ChannelManager - Adding key: http://localhost:39165 for channel [id: 0xa10b78a6, L:/127.0.0.1:61155 - R:localhost/127.0.0.1:39165]
11:35:47.585 [Forwarding screenshot on session b4c44b8ab3ec34df82fcca1e22294ffd to remote] DEBUG org.asynchttpclient.netty.request.NettyRequestSender - Using pooled Channel '[id: 0xa10b78a6, L:/127.0.0.1:61155 - R:localhost/127.0.0.1:39165]' for 'GET' to 'http://localhost:39165/session/b4c44b8ab3ec34df82fcca1e22294ffd/screenshot'
11:35:47.585 [Forwarding screenshot on session b4c44b8ab3ec34df82fcca1e22294ffd to remote] DEBUG org.asynchttpclient.netty.request.NettyRequestSender - Using open Channel [id: 0xa10b78a6, L:/127.0.0.1:61155 - R:localhost/127.0.0.1:39165] for GET '/session/b4c44b8ab3ec34df82fcca1e22294ffd/screenshot'
11:35:47.769 [AsyncHttpClient-1-2] DEBUG org.asynchttpclient.netty.handler.HttpHandler - 

Request DefaultFullHttpRequest(decodeResult: success, version: HTTP/1.1, content: EmptyByteBufBE)
GET /session/b4c44b8ab3ec34df82fcca1e22294ffd/screenshot HTTP/1.1
User-Agent: selenium/4.8.0 (java windows)
Cache-Control: no-cache
Content-Type: application/json; charset=utf-8
host: localhost:39165
accept: */*

Response DefaultHttpResponse(decodeResult: success, version: HTTP/1.1)
HTTP/1.1 200 OK
Content-Length: 507920
Content-Type: application/json; charset=utf-8
cache-control: no-cache

11:35:47.771 [AsyncHttpClient-1-2] DEBUG org.asynchttpclient.netty.channel.ChannelManager - Adding key: http://localhost:39165 for channel [id: 0xa10b78a6, L:/127.0.0.1:61155 - R:localhost/127.0.0.1:39165]
11:35:47.784 [main] DEBUG net.serenitybdd.core.photography.Darkroom - Send negative for processing for target\site\serenity\1a73a20615b8943fcefde46ffca222ec11a53a8b620a6a105e135f8a54e6e0f8.png
11:35:47.785 [main] DEBUG net.thucydides.core.steps.StepInterceptor - STEP DONE: validate product prices
11:35:47.790 [Forwarding getPageSource on session b4c44b8ab3ec34df82fcca1e22294ffd to remote] DEBUG org.asynchttpclient.netty.request.NettyRequestSender - Using pooled Channel '[id: 0xa10b78a6, L:/127.0.0.1:61155 - R:localhost/127.0.0.1:39165]' for 'POST' to 'http://localhost:39165/session/b4c44b8ab3ec34df82fcca1e22294ffd/execute/sync'
11:35:47.790 [Forwarding getPageSource on session b4c44b8ab3ec34df82fcca1e22294ffd to remote] DEBUG org.asynchttpclient.netty.request.NettyRequestSender - Using open Channel [id: 0xa10b78a6, L:/127.0.0.1:61155 - R:localhost/127.0.0.1:39165] for POST '/session/b4c44b8ab3ec34df82fcca1e22294ffd/execute/sync'
11:35:47.800 [AsyncHttpClient-1-2] DEBUG org.asynchttpclient.netty.handler.HttpHandler - 

Request DefaultHttpRequest(decodeResult: success, version: HTTP/1.1)
POST /session/b4c44b8ab3ec34df82fcca1e22294ffd/execute/sync HTTP/1.1
User-Agent: selenium/4.8.0 (java windows)
Content-Length: 176
Content-Type: application/json; charset=utf-8
host: localhost:39165
accept: */*

Response DefaultHttpResponse(decodeResult: success, version: HTTP/1.1)
HTTP/1.1 200 OK
Content-Length: 16392
Content-Type: application/json; charset=utf-8
cache-control: no-cache

11:35:47.800 [AsyncHttpClient-1-2] DEBUG org.asynchttpclient.netty.channel.ChannelManager - Adding key: http://localhost:39165 for channel [id: 0xa10b78a6, L:/127.0.0.1:61155 - R:localhost/127.0.0.1:39165]
11:35:47.803 [Forwarding getCurrentUrl on session b4c44b8ab3ec34df82fcca1e22294ffd to remote] DEBUG org.asynchttpclient.netty.request.NettyRequestSender - Using pooled Channel '[id: 0xa10b78a6, L:/127.0.0.1:61155 - R:localhost/127.0.0.1:39165]' for 'GET' to 'http://localhost:39165/session/b4c44b8ab3ec34df82fcca1e22294ffd/url'
11:35:47.803 [Forwarding getCurrentUrl on session b4c44b8ab3ec34df82fcca1e22294ffd to remote] DEBUG org.asynchttpclient.netty.request.NettyRequestSender - Using open Channel [id: 0xa10b78a6, L:/127.0.0.1:61155 - R:localhost/127.0.0.1:39165] for GET '/session/b4c44b8ab3ec34df82fcca1e22294ffd/url'
11:35:47.807 [AsyncHttpClient-1-2] DEBUG org.asynchttpclient.netty.handler.HttpHandler - 

Request DefaultFullHttpRequest(decodeResult: success, version: HTTP/1.1, content: EmptyByteBufBE)
GET /session/b4c44b8ab3ec34df82fcca1e22294ffd/url HTTP/1.1
User-Agent: selenium/4.8.0 (java windows)
Cache-Control: no-cache
Content-Type: application/json; charset=utf-8
host: localhost:39165
accept: */*

Response DefaultHttpResponse(decodeResult: success, version: HTTP/1.1)
HTTP/1.1 200 OK
Content-Length: 52
Content-Type: application/json; charset=utf-8
cache-control: no-cache

11:35:47.807 [AsyncHttpClient-1-2] DEBUG org.asynchttpclient.netty.channel.ChannelManager - Adding key: http://localhost:39165 for channel [id: 0xa10b78a6, L:/127.0.0.1:61155 - R:localhost/127.0.0.1:39165]
11:35:47.813 [main] DEBUG net.thucydides.core.steps.StepInterceptor - STARTING STEP: InventoryPageSteps.test4_validateInventoryPageHeaderAndFooters - validate footer
11:35:47.815 [Forwarding findElement on session b4c44b8ab3ec34df82fcca1e22294ffd to remote] DEBUG org.asynchttpclient.netty.request.NettyRequestSender - Using pooled Channel '[id: 0xa10b78a6, L:/127.0.0.1:61155 - R:localhost/127.0.0.1:39165]' for 'POST' to 'http://localhost:39165/session/b4c44b8ab3ec34df82fcca1e22294ffd/element'
11:35:47.815 [Forwarding findElement on session b4c44b8ab3ec34df82fcca1e22294ffd to remote] DEBUG org.asynchttpclient.netty.request.NettyRequestSender - Using open Channel [id: 0xa10b78a6, L:/127.0.0.1:61155 - R:localhost/127.0.0.1:39165] for POST '/session/b4c44b8ab3ec34df82fcca1e22294ffd/element'
11:35:47.827 [AsyncHttpClient-1-2] DEBUG org.asynchttpclient.netty.handler.HttpHandler - 

Request DefaultHttpRequest(decodeResult: success, version: HTTP/1.1)
POST /session/b4c44b8ab3ec34df82fcca1e22294ffd/element HTTP/1.1
User-Agent: selenium/4.8.0 (java windows)
Content-Length: 74
Content-Type: application/json; charset=utf-8
host: localhost:39165
accept: */*

Response DefaultHttpResponse(decodeResult: success, version: HTTP/1.1)
HTTP/1.1 200 OK
Content-Length: 95
Content-Type: application/json; charset=utf-8
cache-control: no-cache

11:35:47.827 [AsyncHttpClient-1-2] DEBUG org.asynchttpclient.netty.channel.ChannelManager - Adding key: http://localhost:39165 for channel [id: 0xa10b78a6, L:/127.0.0.1:61155 - R:localhost/127.0.0.1:39165]
11:35:47.829 [Forwarding isElementDisplayed on session b4c44b8ab3ec34df82fcca1e22294ffd to remote] DEBUG org.asynchttpclient.netty.request.NettyRequestSender - Using pooled Channel '[id: 0xa10b78a6, L:/127.0.0.1:61155 - R:localhost/127.0.0.1:39165]' for 'POST' to 'http://localhost:39165/session/b4c44b8ab3ec34df82fcca1e22294ffd/execute/sync'
11:35:47.829 [Forwarding isElementDisplayed on session b4c44b8ab3ec34df82fcca1e22294ffd to remote] DEBUG org.asynchttpclient.netty.request.NettyRequestSender - Using open Channel [id: 0xa10b78a6, L:/127.0.0.1:61155 - R:localhost/127.0.0.1:39165] for POST '/session/b4c44b8ab3ec34df82fcca1e22294ffd/execute/sync'
11:35:47.838 [AsyncHttpClient-1-2] DEBUG org.asynchttpclient.netty.handler.HttpHandler - 

Request DefaultHttpRequest(decodeResult: success, version: HTTP/1.1)
POST /session/b4c44b8ab3ec34df82fcca1e22294ffd/execute/sync HTTP/1.1
User-Agent: selenium/4.8.0 (java windows)
Content-Length: 48814
Content-Type: application/json; charset=utf-8
host: localhost:39165
accept: */*

Response DefaultHttpResponse(decodeResult: success, version: HTTP/1.1)
HTTP/1.1 200 OK
Content-Length: 14
Content-Type: application/json; charset=utf-8
cache-control: no-cache

11:35:47.838 [AsyncHttpClient-1-2] DEBUG org.asynchttpclient.netty.channel.ChannelManager - Adding key: http://localhost:39165 for channel [id: 0xa10b78a6, L:/127.0.0.1:61155 - R:localhost/127.0.0.1:39165]
11:35:47.839 [Forwarding getElementText on session b4c44b8ab3ec34df82fcca1e22294ffd to remote] DEBUG org.asynchttpclient.netty.request.NettyRequestSender - Using pooled Channel '[id: 0xa10b78a6, L:/127.0.0.1:61155 - R:localhost/127.0.0.1:39165]' for 'GET' to 'http://localhost:39165/session/b4c44b8ab3ec34df82fcca1e22294ffd/element/D6FCA329F55A989BAF0E516CCCB7C1E0_element_42/text'
11:35:47.839 [Forwarding getElementText on session b4c44b8ab3ec34df82fcca1e22294ffd to remote] DEBUG org.asynchttpclient.netty.request.NettyRequestSender - Using open Channel [id: 0xa10b78a6, L:/127.0.0.1:61155 - R:localhost/127.0.0.1:39165] for GET '/session/b4c44b8ab3ec34df82fcca1e22294ffd/element/D6FCA329F55A989BAF0E516CCCB7C1E0_element_42/text'
11:35:47.844 [AsyncHttpClient-1-1] DEBUG org.asynchttpclient.netty.channel.DefaultChannelPool - Entry count for : http://localhost:61159 : 1
11:35:47.846 [AsyncHttpClient-1-2] DEBUG org.asynchttpclient.netty.handler.HttpHandler - 

Request DefaultFullHttpRequest(decodeResult: success, version: HTTP/1.1, content: EmptyByteBufBE)
GET /session/b4c44b8ab3ec34df82fcca1e22294ffd/element/D6FCA329F55A989BAF0E516CCCB7C1E0_element_42/text HTTP/1.1
User-Agent: selenium/4.8.0 (java windows)
Cache-Control: no-cache
Content-Type: application/json; charset=utf-8
host: localhost:39165
accept: */*

Response DefaultHttpResponse(decodeResult: success, version: HTTP/1.1)
HTTP/1.1 200 OK
Content-Length: 86
Content-Type: application/json; charset=utf-8
cache-control: no-cache

11:35:47.846 [AsyncHttpClient-1-2] DEBUG org.asynchttpclient.netty.channel.ChannelManager - Adding key: http://localhost:39165 for channel [id: 0xa10b78a6, L:/127.0.0.1:61155 - R:localhost/127.0.0.1:39165]
11:35:47.849 [Forwarding findElement on session b4c44b8ab3ec34df82fcca1e22294ffd to remote] DEBUG org.asynchttpclient.netty.request.NettyRequestSender - Using pooled Channel '[id: 0xa10b78a6, L:/127.0.0.1:61155 - R:localhost/127.0.0.1:39165]' for 'POST' to 'http://localhost:39165/session/b4c44b8ab3ec34df82fcca1e22294ffd/element'
11:35:47.849 [Forwarding findElement on session b4c44b8ab3ec34df82fcca1e22294ffd to remote] DEBUG org.asynchttpclient.netty.request.NettyRequestSender - Using open Channel [id: 0xa10b78a6, L:/127.0.0.1:61155 - R:localhost/127.0.0.1:39165] for POST '/session/b4c44b8ab3ec34df82fcca1e22294ffd/element'
11:35:47.855 [AsyncHttpClient-1-2] DEBUG org.asynchttpclient.netty.handler.HttpHandler - 

Request DefaultHttpRequest(decodeResult: success, version: HTTP/1.1)
POST /session/b4c44b8ab3ec34df82fcca1e22294ffd/element HTTP/1.1
User-Agent: selenium/4.8.0 (java windows)
Content-Length: 74
Content-Type: application/json; charset=utf-8
host: localhost:39165
accept: */*

Response DefaultHttpResponse(decodeResult: success, version: HTTP/1.1)
HTTP/1.1 200 OK
Content-Length: 95
Content-Type: application/json; charset=utf-8
cache-control: no-cache

11:35:47.855 [AsyncHttpClient-1-2] DEBUG org.asynchttpclient.netty.channel.ChannelManager - Adding key: http://localhost:39165 for channel [id: 0xa10b78a6, L:/127.0.0.1:61155 - R:localhost/127.0.0.1:39165]
11:35:47.857 [Forwarding isElementDisplayed on session b4c44b8ab3ec34df82fcca1e22294ffd to remote] DEBUG org.asynchttpclient.netty.request.NettyRequestSender - Using pooled Channel '[id: 0xa10b78a6, L:/127.0.0.1:61155 - R:localhost/127.0.0.1:39165]' for 'POST' to 'http://localhost:39165/session/b4c44b8ab3ec34df82fcca1e22294ffd/execute/sync'
11:35:47.857 [Forwarding isElementDisplayed on session b4c44b8ab3ec34df82fcca1e22294ffd to remote] DEBUG org.asynchttpclient.netty.request.NettyRequestSender - Using open Channel [id: 0xa10b78a6, L:/127.0.0.1:61155 - R:localhost/127.0.0.1:39165] for POST '/session/b4c44b8ab3ec34df82fcca1e22294ffd/execute/sync'
11:35:47.865 [AsyncHttpClient-1-2] DEBUG org.asynchttpclient.netty.handler.HttpHandler - 

Request DefaultHttpRequest(decodeResult: success, version: HTTP/1.1)
POST /session/b4c44b8ab3ec34df82fcca1e22294ffd/execute/sync HTTP/1.1
User-Agent: selenium/4.8.0 (java windows)
Content-Length: 48814
Content-Type: application/json; charset=utf-8
host: localhost:39165
accept: */*

Response DefaultHttpResponse(decodeResult: success, version: HTTP/1.1)
HTTP/1.1 200 OK
Content-Length: 14
Content-Type: application/json; charset=utf-8
cache-control: no-cache

11:35:47.865 [AsyncHttpClient-1-2] DEBUG org.asynchttpclient.netty.channel.ChannelManager - Adding key: http://localhost:39165 for channel [id: 0xa10b78a6, L:/127.0.0.1:61155 - R:localhost/127.0.0.1:39165]
11:35:47.866 [Forwarding getElementText on session b4c44b8ab3ec34df82fcca1e22294ffd to remote] DEBUG org.asynchttpclient.netty.request.NettyRequestSender - Using pooled Channel '[id: 0xa10b78a6, L:/127.0.0.1:61155 - R:localhost/127.0.0.1:39165]' for 'GET' to 'http://localhost:39165/session/b4c44b8ab3ec34df82fcca1e22294ffd/element/D6FCA329F55A989BAF0E516CCCB7C1E0_element_42/text'
11:35:47.866 [Forwarding getElementText on session b4c44b8ab3ec34df82fcca1e22294ffd to remote] DEBUG org.asynchttpclient.netty.request.NettyRequestSender - Using open Channel [id: 0xa10b78a6, L:/127.0.0.1:61155 - R:localhost/127.0.0.1:39165] for GET '/session/b4c44b8ab3ec34df82fcca1e22294ffd/element/D6FCA329F55A989BAF0E516CCCB7C1E0_element_42/text'
11:35:47.871 [AsyncHttpClient-1-2] DEBUG org.asynchttpclient.netty.handler.HttpHandler - 

Request DefaultFullHttpRequest(decodeResult: success, version: HTTP/1.1, content: EmptyByteBufBE)
GET /session/b4c44b8ab3ec34df82fcca1e22294ffd/element/D6FCA329F55A989BAF0E516CCCB7C1E0_element_42/text HTTP/1.1
User-Agent: selenium/4.8.0 (java windows)
Cache-Control: no-cache
Content-Type: application/json; charset=utf-8
host: localhost:39165
accept: */*

Response DefaultHttpResponse(decodeResult: success, version: HTTP/1.1)
HTTP/1.1 200 OK
Content-Length: 86
Content-Type: application/json; charset=utf-8
cache-control: no-cache

11:35:47.871 [AsyncHttpClient-1-2] DEBUG org.asynchttpclient.netty.channel.ChannelManager - Adding key: http://localhost:39165 for channel [id: 0xa10b78a6, L:/127.0.0.1:61155 - R:localhost/127.0.0.1:39165]
© 2023 Sauce Labs. All Rights Reserved. Terms of Service | Privacy Policy
© 2023 Sauce Labs. All Rights Reserved. Terms of Service | Privacy Policy
11:35:47.872 [main] INFO  com.swaglabs.base.SetUp - footer validation is pass
11:35:47.876 [Forwarding getAlertText on session b4c44b8ab3ec34df82fcca1e22294ffd to remote] DEBUG org.asynchttpclient.netty.request.NettyRequestSender - Using pooled Channel '[id: 0xa10b78a6, L:/127.0.0.1:61155 - R:localhost/127.0.0.1:39165]' for 'GET' to 'http://localhost:39165/session/b4c44b8ab3ec34df82fcca1e22294ffd/alert/text'
11:35:47.876 [Forwarding getAlertText on session b4c44b8ab3ec34df82fcca1e22294ffd to remote] DEBUG org.asynchttpclient.netty.request.NettyRequestSender - Using open Channel [id: 0xa10b78a6, L:/127.0.0.1:61155 - R:localhost/127.0.0.1:39165] for GET '/session/b4c44b8ab3ec34df82fcca1e22294ffd/alert/text'
11:35:47.876 [AsyncHttpClient-1-2] DEBUG org.asynchttpclient.netty.handler.HttpHandler - 

Request DefaultFullHttpRequest(decodeResult: success, version: HTTP/1.1, content: EmptyByteBufBE)
GET /session/b4c44b8ab3ec34df82fcca1e22294ffd/alert/text HTTP/1.1
User-Agent: selenium/4.8.0 (java windows)
Cache-Control: no-cache
Content-Type: application/json; charset=utf-8
host: localhost:39165
accept: */*

Response DefaultHttpResponse(decodeResult: success, version: HTTP/1.1)
HTTP/1.1 404 Not Found
Content-Length: 1522
Content-Type: application/json; charset=utf-8
cache-control: no-cache

11:35:47.877 [AsyncHttpClient-1-2] DEBUG org.asynchttpclient.netty.channel.ChannelManager - Adding key: http://localhost:39165 for channel [id: 0xa10b78a6, L:/127.0.0.1:61155 - R:localhost/127.0.0.1:39165]
11:35:47.878 [Forwarding getCurrentUrl on session b4c44b8ab3ec34df82fcca1e22294ffd to remote] DEBUG org.asynchttpclient.netty.request.NettyRequestSender - Using pooled Channel '[id: 0xa10b78a6, L:/127.0.0.1:61155 - R:localhost/127.0.0.1:39165]' for 'GET' to 'http://localhost:39165/session/b4c44b8ab3ec34df82fcca1e22294ffd/url'
11:35:47.878 [Forwarding getCurrentUrl on session b4c44b8ab3ec34df82fcca1e22294ffd to remote] DEBUG org.asynchttpclient.netty.request.NettyRequestSender - Using open Channel [id: 0xa10b78a6, L:/127.0.0.1:61155 - R:localhost/127.0.0.1:39165] for GET '/session/b4c44b8ab3ec34df82fcca1e22294ffd/url'
11:35:47.881 [AsyncHttpClient-1-2] DEBUG org.asynchttpclient.netty.handler.HttpHandler - 

Request DefaultFullHttpRequest(decodeResult: success, version: HTTP/1.1, content: EmptyByteBufBE)
GET /session/b4c44b8ab3ec34df82fcca1e22294ffd/url HTTP/1.1
User-Agent: selenium/4.8.0 (java windows)
Cache-Control: no-cache
Content-Type: application/json; charset=utf-8
host: localhost:39165
accept: */*

Response DefaultHttpResponse(decodeResult: success, version: HTTP/1.1)
HTTP/1.1 200 OK
Content-Length: 52
Content-Type: application/json; charset=utf-8
cache-control: no-cache

11:35:47.881 [AsyncHttpClient-1-2] DEBUG org.asynchttpclient.netty.channel.ChannelManager - Adding key: http://localhost:39165 for channel [id: 0xa10b78a6, L:/127.0.0.1:61155 - R:localhost/127.0.0.1:39165]
11:35:47.882 [Forwarding screenshot on session b4c44b8ab3ec34df82fcca1e22294ffd to remote] DEBUG org.asynchttpclient.netty.request.NettyRequestSender - Using pooled Channel '[id: 0xa10b78a6, L:/127.0.0.1:61155 - R:localhost/127.0.0.1:39165]' for 'GET' to 'http://localhost:39165/session/b4c44b8ab3ec34df82fcca1e22294ffd/screenshot'
11:35:47.882 [Forwarding screenshot on session b4c44b8ab3ec34df82fcca1e22294ffd to remote] DEBUG org.asynchttpclient.netty.request.NettyRequestSender - Using open Channel [id: 0xa10b78a6, L:/127.0.0.1:61155 - R:localhost/127.0.0.1:39165] for GET '/session/b4c44b8ab3ec34df82fcca1e22294ffd/screenshot'
11:35:48.062 [AsyncHttpClient-1-2] DEBUG org.asynchttpclient.netty.handler.HttpHandler - 

Request DefaultFullHttpRequest(decodeResult: success, version: HTTP/1.1, content: EmptyByteBufBE)
GET /session/b4c44b8ab3ec34df82fcca1e22294ffd/screenshot HTTP/1.1
User-Agent: selenium/4.8.0 (java windows)
Cache-Control: no-cache
Content-Type: application/json; charset=utf-8
host: localhost:39165
accept: */*

Response DefaultHttpResponse(decodeResult: success, version: HTTP/1.1)
HTTP/1.1 200 OK
Content-Length: 507920
Content-Type: application/json; charset=utf-8
cache-control: no-cache

11:35:48.062 [AsyncHttpClient-1-2] DEBUG org.asynchttpclient.netty.channel.ChannelManager - Adding key: http://localhost:39165 for channel [id: 0xa10b78a6, L:/127.0.0.1:61155 - R:localhost/127.0.0.1:39165]
11:35:48.077 [main] DEBUG net.serenitybdd.core.photography.Darkroom - Send negative for processing for target\site\serenity\1a73a20615b8943fcefde46ffca222ec11a53a8b620a6a105e135f8a54e6e0f8.png
11:35:48.077 [main] DEBUG net.thucydides.core.steps.StepInterceptor - STEP DONE: validate footer
11:35:48.079 [Forwarding findElements on session b4c44b8ab3ec34df82fcca1e22294ffd to remote] DEBUG org.asynchttpclient.netty.request.NettyRequestSender - Using pooled Channel '[id: 0xa10b78a6, L:/127.0.0.1:61155 - R:localhost/127.0.0.1:39165]' for 'POST' to 'http://localhost:39165/session/b4c44b8ab3ec34df82fcca1e22294ffd/elements'
11:35:48.079 [Forwarding findElements on session b4c44b8ab3ec34df82fcca1e22294ffd to remote] DEBUG org.asynchttpclient.netty.request.NettyRequestSender - Using open Channel [id: 0xa10b78a6, L:/127.0.0.1:61155 - R:localhost/127.0.0.1:39165] for POST '/session/b4c44b8ab3ec34df82fcca1e22294ffd/elements'
11:35:48.093 [AsyncHttpClient-1-2] DEBUG org.asynchttpclient.netty.handler.HttpHandler - 

Request DefaultHttpRequest(decodeResult: success, version: HTTP/1.1)
POST /session/b4c44b8ab3ec34df82fcca1e22294ffd/elements HTTP/1.1
User-Agent: selenium/4.8.0 (java windows)
Content-Length: 82
Content-Type: application/json; charset=utf-8
host: localhost:39165
accept: */*

Response DefaultHttpResponse(decodeResult: success, version: HTTP/1.1)
HTTP/1.1 200 OK
Content-Length: 269
Content-Type: application/json; charset=utf-8
cache-control: no-cache

11:35:48.093 [AsyncHttpClient-1-2] DEBUG org.asynchttpclient.netty.channel.ChannelManager - Adding key: http://localhost:39165 for channel [id: 0xa10b78a6, L:/127.0.0.1:61155 - R:localhost/127.0.0.1:39165]
11:35:48.096 [Forwarding findElements on session b4c44b8ab3ec34df82fcca1e22294ffd to remote] DEBUG org.asynchttpclient.netty.request.NettyRequestSender - Using pooled Channel '[id: 0xa10b78a6, L:/127.0.0.1:61155 - R:localhost/127.0.0.1:39165]' for 'POST' to 'http://localhost:39165/session/b4c44b8ab3ec34df82fcca1e22294ffd/elements'
11:35:48.096 [Forwarding findElements on session b4c44b8ab3ec34df82fcca1e22294ffd to remote] DEBUG org.asynchttpclient.netty.request.NettyRequestSender - Using open Channel [id: 0xa10b78a6, L:/127.0.0.1:61155 - R:localhost/127.0.0.1:39165] for POST '/session/b4c44b8ab3ec34df82fcca1e22294ffd/elements'
11:35:48.109 [AsyncHttpClient-1-2] DEBUG org.asynchttpclient.netty.handler.HttpHandler - 

Request DefaultHttpRequest(decodeResult: success, version: HTTP/1.1)
POST /session/b4c44b8ab3ec34df82fcca1e22294ffd/elements HTTP/1.1
User-Agent: selenium/4.8.0 (java windows)
Content-Length: 82
Content-Type: application/json; charset=utf-8
host: localhost:39165
accept: */*

Response DefaultHttpResponse(decodeResult: success, version: HTTP/1.1)
HTTP/1.1 200 OK
Content-Length: 269
Content-Type: application/json; charset=utf-8
cache-control: no-cache

11:35:48.109 [AsyncHttpClient-1-2] DEBUG org.asynchttpclient.netty.channel.ChannelManager - Adding key: http://localhost:39165 for channel [id: 0xa10b78a6, L:/127.0.0.1:61155 - R:localhost/127.0.0.1:39165]
11:35:48.111 [Forwarding getElementTagName on session b4c44b8ab3ec34df82fcca1e22294ffd to remote] DEBUG org.asynchttpclient.netty.request.NettyRequestSender - Using pooled Channel '[id: 0xa10b78a6, L:/127.0.0.1:61155 - R:localhost/127.0.0.1:39165]' for 'GET' to 'http://localhost:39165/session/b4c44b8ab3ec34df82fcca1e22294ffd/element/D6FCA329F55A989BAF0E516CCCB7C1E0_element_44/name'
11:35:48.111 [Forwarding getElementTagName on session b4c44b8ab3ec34df82fcca1e22294ffd to remote] DEBUG org.asynchttpclient.netty.request.NettyRequestSender - Using open Channel [id: 0xa10b78a6, L:/127.0.0.1:61155 - R:localhost/127.0.0.1:39165] for GET '/session/b4c44b8ab3ec34df82fcca1e22294ffd/element/D6FCA329F55A989BAF0E516CCCB7C1E0_element_44/name'
11:35:48.116 [AsyncHttpClient-1-2] DEBUG org.asynchttpclient.netty.handler.HttpHandler - 

Request DefaultFullHttpRequest(decodeResult: success, version: HTTP/1.1, content: EmptyByteBufBE)
GET /session/b4c44b8ab3ec34df82fcca1e22294ffd/element/D6FCA329F55A989BAF0E516CCCB7C1E0_element_44/name HTTP/1.1
User-Agent: selenium/4.8.0 (java windows)
Cache-Control: no-cache
Content-Type: application/json; charset=utf-8
host: localhost:39165
accept: */*

Response DefaultHttpResponse(decodeResult: success, version: HTTP/1.1)
HTTP/1.1 200 OK
Content-Length: 14
Content-Type: application/json; charset=utf-8
cache-control: no-cache

11:35:48.116 [AsyncHttpClient-1-2] DEBUG org.asynchttpclient.netty.channel.ChannelManager - Adding key: http://localhost:39165 for channel [id: 0xa10b78a6, L:/127.0.0.1:61155 - R:localhost/127.0.0.1:39165]
11:35:48.117 [Forwarding getElementTagName on session b4c44b8ab3ec34df82fcca1e22294ffd to remote] DEBUG org.asynchttpclient.netty.request.NettyRequestSender - Using pooled Channel '[id: 0xa10b78a6, L:/127.0.0.1:61155 - R:localhost/127.0.0.1:39165]' for 'GET' to 'http://localhost:39165/session/b4c44b8ab3ec34df82fcca1e22294ffd/element/D6FCA329F55A989BAF0E516CCCB7C1E0_element_44/name'
11:35:48.117 [Forwarding getElementTagName on session b4c44b8ab3ec34df82fcca1e22294ffd to remote] DEBUG org.asynchttpclient.netty.request.NettyRequestSender - Using open Channel [id: 0xa10b78a6, L:/127.0.0.1:61155 - R:localhost/127.0.0.1:39165] for GET '/session/b4c44b8ab3ec34df82fcca1e22294ffd/element/D6FCA329F55A989BAF0E516CCCB7C1E0_element_44/name'
11:35:48.120 [AsyncHttpClient-1-2] DEBUG org.asynchttpclient.netty.handler.HttpHandler - 

Request DefaultFullHttpRequest(decodeResult: success, version: HTTP/1.1, content: EmptyByteBufBE)
GET /session/b4c44b8ab3ec34df82fcca1e22294ffd/element/D6FCA329F55A989BAF0E516CCCB7C1E0_element_44/name HTTP/1.1
User-Agent: selenium/4.8.0 (java windows)
Cache-Control: no-cache
Content-Type: application/json; charset=utf-8
host: localhost:39165
accept: */*

Response DefaultHttpResponse(decodeResult: success, version: HTTP/1.1)
HTTP/1.1 200 OK
Content-Length: 14
Content-Type: application/json; charset=utf-8
cache-control: no-cache

11:35:48.120 [AsyncHttpClient-1-2] DEBUG org.asynchttpclient.netty.channel.ChannelManager - Adding key: http://localhost:39165 for channel [id: 0xa10b78a6, L:/127.0.0.1:61155 - R:localhost/127.0.0.1:39165]
11:35:48.122 [Forwarding clickElement on session b4c44b8ab3ec34df82fcca1e22294ffd to remote] DEBUG org.asynchttpclient.netty.request.NettyRequestSender - Using pooled Channel '[id: 0xa10b78a6, L:/127.0.0.1:61155 - R:localhost/127.0.0.1:39165]' for 'POST' to 'http://localhost:39165/session/b4c44b8ab3ec34df82fcca1e22294ffd/element/D6FCA329F55A989BAF0E516CCCB7C1E0_element_44/click'
11:35:48.122 [Forwarding clickElement on session b4c44b8ab3ec34df82fcca1e22294ffd to remote] DEBUG org.asynchttpclient.netty.request.NettyRequestSender - Using open Channel [id: 0xa10b78a6, L:/127.0.0.1:61155 - R:localhost/127.0.0.1:39165] for POST '/session/b4c44b8ab3ec34df82fcca1e22294ffd/element/D6FCA329F55A989BAF0E516CCCB7C1E0_element_44/click'
11:35:48.250 [AsyncHttpClient-1-2] DEBUG org.asynchttpclient.netty.handler.HttpHandler - 

Request DefaultHttpRequest(decodeResult: success, version: HTTP/1.1)
POST /session/b4c44b8ab3ec34df82fcca1e22294ffd/element/D6FCA329F55A989BAF0E516CCCB7C1E0_element_44/click HTTP/1.1
User-Agent: selenium/4.8.0 (java windows)
Content-Length: 57
Content-Type: application/json; charset=utf-8
host: localhost:39165
accept: */*

Response DefaultHttpResponse(decodeResult: success, version: HTTP/1.1)
HTTP/1.1 200 OK
Content-Length: 14
Content-Type: application/json; charset=utf-8
cache-control: no-cache

11:35:48.250 [AsyncHttpClient-1-2] DEBUG org.asynchttpclient.netty.channel.ChannelManager - Adding key: http://localhost:39165 for channel [id: 0xa10b78a6, L:/127.0.0.1:61155 - R:localhost/127.0.0.1:39165]
11:35:48.257 [Forwarding getCurrentWindowHandle on session b4c44b8ab3ec34df82fcca1e22294ffd to remote] DEBUG org.asynchttpclient.netty.request.NettyRequestSender - Using pooled Channel '[id: 0xa10b78a6, L:/127.0.0.1:61155 - R:localhost/127.0.0.1:39165]' for 'GET' to 'http://localhost:39165/session/b4c44b8ab3ec34df82fcca1e22294ffd/window'
11:35:48.257 [Forwarding getCurrentWindowHandle on session b4c44b8ab3ec34df82fcca1e22294ffd to remote] DEBUG org.asynchttpclient.netty.request.NettyRequestSender - Using open Channel [id: 0xa10b78a6, L:/127.0.0.1:61155 - R:localhost/127.0.0.1:39165] for GET '/session/b4c44b8ab3ec34df82fcca1e22294ffd/window'
11:35:48.260 [AsyncHttpClient-1-2] DEBUG org.asynchttpclient.netty.handler.HttpHandler - 

Request DefaultFullHttpRequest(decodeResult: success, version: HTTP/1.1, content: EmptyByteBufBE)
GET /session/b4c44b8ab3ec34df82fcca1e22294ffd/window HTTP/1.1
User-Agent: selenium/4.8.0 (java windows)
Cache-Control: no-cache
Content-Type: application/json; charset=utf-8
host: localhost:39165
accept: */*

Response DefaultHttpResponse(decodeResult: success, version: HTTP/1.1)
HTTP/1.1 200 OK
Content-Length: 44
Content-Type: application/json; charset=utf-8
cache-control: no-cache

11:35:48.261 [AsyncHttpClient-1-2] DEBUG org.asynchttpclient.netty.channel.ChannelManager - Adding key: http://localhost:39165 for channel [id: 0xa10b78a6, L:/127.0.0.1:61155 - R:localhost/127.0.0.1:39165]
11:35:48.264 [Forwarding getWindowHandles on session b4c44b8ab3ec34df82fcca1e22294ffd to remote] DEBUG org.asynchttpclient.netty.request.NettyRequestSender - Using pooled Channel '[id: 0xa10b78a6, L:/127.0.0.1:61155 - R:localhost/127.0.0.1:39165]' for 'GET' to 'http://localhost:39165/session/b4c44b8ab3ec34df82fcca1e22294ffd/window/handles'
11:35:48.264 [Forwarding getWindowHandles on session b4c44b8ab3ec34df82fcca1e22294ffd to remote] DEBUG org.asynchttpclient.netty.request.NettyRequestSender - Using open Channel [id: 0xa10b78a6, L:/127.0.0.1:61155 - R:localhost/127.0.0.1:39165] for GET '/session/b4c44b8ab3ec34df82fcca1e22294ffd/window/handles'
11:35:48.289 [AsyncHttpClient-1-2] DEBUG org.asynchttpclient.netty.handler.HttpHandler - 

Request DefaultFullHttpRequest(decodeResult: success, version: HTTP/1.1, content: EmptyByteBufBE)
GET /session/b4c44b8ab3ec34df82fcca1e22294ffd/window/handles HTTP/1.1
User-Agent: selenium/4.8.0 (java windows)
Cache-Control: no-cache
Content-Type: application/json; charset=utf-8
host: localhost:39165
accept: */*

Response DefaultHttpResponse(decodeResult: success, version: HTTP/1.1)
HTTP/1.1 200 OK
Content-Length: 81
Content-Type: application/json; charset=utf-8
cache-control: no-cache

11:35:48.289 [AsyncHttpClient-1-2] DEBUG org.asynchttpclient.netty.channel.ChannelManager - Adding key: http://localhost:39165 for channel [id: 0xa10b78a6, L:/127.0.0.1:61155 - R:localhost/127.0.0.1:39165]
11:35:48.292 [Forwarding switchToWindow on session b4c44b8ab3ec34df82fcca1e22294ffd to remote] DEBUG org.asynchttpclient.netty.request.NettyRequestSender - Using pooled Channel '[id: 0xa10b78a6, L:/127.0.0.1:61155 - R:localhost/127.0.0.1:39165]' for 'POST' to 'http://localhost:39165/session/b4c44b8ab3ec34df82fcca1e22294ffd/window'
11:35:48.292 [Forwarding switchToWindow on session b4c44b8ab3ec34df82fcca1e22294ffd to remote] DEBUG org.asynchttpclient.netty.request.NettyRequestSender - Using open Channel [id: 0xa10b78a6, L:/127.0.0.1:61155 - R:localhost/127.0.0.1:39165] for POST '/session/b4c44b8ab3ec34df82fcca1e22294ffd/window'
11:35:48.299 [AsyncHttpClient-1-2] DEBUG org.asynchttpclient.netty.handler.HttpHandler - 

Request DefaultHttpRequest(decodeResult: success, version: HTTP/1.1)
POST /session/b4c44b8ab3ec34df82fcca1e22294ffd/window HTTP/1.1
User-Agent: selenium/4.8.0 (java windows)
Content-Length: 50
Content-Type: application/json; charset=utf-8
host: localhost:39165
accept: */*

Response DefaultHttpResponse(decodeResult: success, version: HTTP/1.1)
HTTP/1.1 200 OK
Content-Length: 14
Content-Type: application/json; charset=utf-8
cache-control: no-cache

11:35:48.299 [AsyncHttpClient-1-2] DEBUG org.asynchttpclient.netty.channel.ChannelManager - Adding key: http://localhost:39165 for channel [id: 0xa10b78a6, L:/127.0.0.1:61155 - R:localhost/127.0.0.1:39165]
11:35:48.300 [Forwarding getTitle on session b4c44b8ab3ec34df82fcca1e22294ffd to remote] DEBUG org.asynchttpclient.netty.request.NettyRequestSender - Using pooled Channel '[id: 0xa10b78a6, L:/127.0.0.1:61155 - R:localhost/127.0.0.1:39165]' for 'GET' to 'http://localhost:39165/session/b4c44b8ab3ec34df82fcca1e22294ffd/title'
11:35:48.300 [Forwarding getTitle on session b4c44b8ab3ec34df82fcca1e22294ffd to remote] DEBUG org.asynchttpclient.netty.request.NettyRequestSender - Using open Channel [id: 0xa10b78a6, L:/127.0.0.1:61155 - R:localhost/127.0.0.1:39165] for GET '/session/b4c44b8ab3ec34df82fcca1e22294ffd/title'
11:35:48.937 [AsyncHttpClient-1-1] DEBUG org.asynchttpclient.netty.channel.DefaultChannelPool - Entry count for : http://localhost:61159 : 1
11:35:48.939 [AsyncHttpClient-1-2] DEBUG org.asynchttpclient.netty.handler.HttpHandler - 

Request DefaultFullHttpRequest(decodeResult: success, version: HTTP/1.1, content: EmptyByteBufBE)
GET /session/b4c44b8ab3ec34df82fcca1e22294ffd/title HTTP/1.1
User-Agent: selenium/4.8.0 (java windows)
Cache-Control: no-cache
Content-Type: application/json; charset=utf-8
host: localhost:39165
accept: */*

Response DefaultHttpResponse(decodeResult: success, version: HTTP/1.1)
HTTP/1.1 200 OK
Content-Length: 28
Content-Type: application/json; charset=utf-8
cache-control: no-cache

11:35:48.940 [AsyncHttpClient-1-2] DEBUG org.asynchttpclient.netty.channel.ChannelManager - Adding key: http://localhost:39165 for channel [id: 0xa10b78a6, L:/127.0.0.1:61155 - R:localhost/127.0.0.1:39165]
www.facebook.com
11:35:48.940 [main] INFO  com.swaglabs.base.SetUp - title validation failed
11:35:48.961 [Forwarding getWindowHandles on session b4c44b8ab3ec34df82fcca1e22294ffd to remote] DEBUG org.asynchttpclient.netty.request.NettyRequestSender - Using pooled Channel '[id: 0xa10b78a6, L:/127.0.0.1:61155 - R:localhost/127.0.0.1:39165]' for 'GET' to 'http://localhost:39165/session/b4c44b8ab3ec34df82fcca1e22294ffd/window/handles'
11:35:48.961 [Forwarding getWindowHandles on session b4c44b8ab3ec34df82fcca1e22294ffd to remote] DEBUG org.asynchttpclient.netty.request.NettyRequestSender - Using open Channel [id: 0xa10b78a6, L:/127.0.0.1:61155 - R:localhost/127.0.0.1:39165] for GET '/session/b4c44b8ab3ec34df82fcca1e22294ffd/window/handles'
11:35:48.962 [AsyncHttpClient-1-2] DEBUG org.asynchttpclient.netty.handler.HttpHandler - 

Request DefaultFullHttpRequest(decodeResult: success, version: HTTP/1.1, content: EmptyByteBufBE)
GET /session/b4c44b8ab3ec34df82fcca1e22294ffd/window/handles HTTP/1.1
User-Agent: selenium/4.8.0 (java windows)
Cache-Control: no-cache
Content-Type: application/json; charset=utf-8
host: localhost:39165
accept: */*

Response DefaultHttpResponse(decodeResult: success, version: HTTP/1.1)
HTTP/1.1 200 OK
Content-Length: 81
Content-Type: application/json; charset=utf-8
cache-control: no-cache

11:35:48.962 [AsyncHttpClient-1-2] DEBUG org.asynchttpclient.netty.channel.ChannelManager - Adding key: http://localhost:39165 for channel [id: 0xa10b78a6, L:/127.0.0.1:61155 - R:localhost/127.0.0.1:39165]
11:35:48.964 [Forwarding getWindowHandles on session b4c44b8ab3ec34df82fcca1e22294ffd to remote] DEBUG org.asynchttpclient.netty.request.NettyRequestSender - Using pooled Channel '[id: 0xa10b78a6, L:/127.0.0.1:61155 - R:localhost/127.0.0.1:39165]' for 'GET' to 'http://localhost:39165/session/b4c44b8ab3ec34df82fcca1e22294ffd/window/handles'
11:35:48.964 [Forwarding getWindowHandles on session b4c44b8ab3ec34df82fcca1e22294ffd to remote] DEBUG org.asynchttpclient.netty.request.NettyRequestSender - Using open Channel [id: 0xa10b78a6, L:/127.0.0.1:61155 - R:localhost/127.0.0.1:39165] for GET '/session/b4c44b8ab3ec34df82fcca1e22294ffd/window/handles'
11:35:48.965 [AsyncHttpClient-1-2] DEBUG org.asynchttpclient.netty.handler.HttpHandler - 

Request DefaultFullHttpRequest(decodeResult: success, version: HTTP/1.1, content: EmptyByteBufBE)
GET /session/b4c44b8ab3ec34df82fcca1e22294ffd/window/handles HTTP/1.1
User-Agent: selenium/4.8.0 (java windows)
Cache-Control: no-cache
Content-Type: application/json; charset=utf-8
host: localhost:39165
accept: */*

Response DefaultHttpResponse(decodeResult: success, version: HTTP/1.1)
HTTP/1.1 200 OK
Content-Length: 81
Content-Type: application/json; charset=utf-8
cache-control: no-cache

11:35:48.966 [AsyncHttpClient-1-2] DEBUG org.asynchttpclient.netty.channel.ChannelManager - Adding key: http://localhost:39165 for channel [id: 0xa10b78a6, L:/127.0.0.1:61155 - R:localhost/127.0.0.1:39165]
11:35:48.975 [Forwarding close on session b4c44b8ab3ec34df82fcca1e22294ffd to remote] DEBUG org.asynchttpclient.netty.request.NettyRequestSender - Using pooled Channel '[id: 0xa10b78a6, L:/127.0.0.1:61155 - R:localhost/127.0.0.1:39165]' for 'DELETE' to 'http://localhost:39165/session/b4c44b8ab3ec34df82fcca1e22294ffd/window'
11:35:48.975 [Forwarding close on session b4c44b8ab3ec34df82fcca1e22294ffd to remote] DEBUG org.asynchttpclient.netty.request.NettyRequestSender - Using open Channel [id: 0xa10b78a6, L:/127.0.0.1:61155 - R:localhost/127.0.0.1:39165] for DELETE '/session/b4c44b8ab3ec34df82fcca1e22294ffd/window'
11:35:49.033 [AsyncHttpClient-1-2] DEBUG org.asynchttpclient.netty.handler.HttpHandler - 

Request DefaultFullHttpRequest(decodeResult: success, version: HTTP/1.1, content: EmptyByteBufBE)
DELETE /session/b4c44b8ab3ec34df82fcca1e22294ffd/window HTTP/1.1
User-Agent: selenium/4.8.0 (java windows)
Content-Type: application/json; charset=utf-8
host: localhost:39165
accept: */*

Response DefaultHttpResponse(decodeResult: success, version: HTTP/1.1)
HTTP/1.1 200 OK
Content-Length: 46
Content-Type: application/json; charset=utf-8
cache-control: no-cache

11:35:49.033 [AsyncHttpClient-1-2] DEBUG org.asynchttpclient.netty.channel.ChannelManager - Adding key: http://localhost:39165 for channel [id: 0xa10b78a6, L:/127.0.0.1:61155 - R:localhost/127.0.0.1:39165]
11:35:49.036 [Forwarding switchToWindow on session b4c44b8ab3ec34df82fcca1e22294ffd to remote] DEBUG org.asynchttpclient.netty.request.NettyRequestSender - Using pooled Channel '[id: 0xa10b78a6, L:/127.0.0.1:61155 - R:localhost/127.0.0.1:39165]' for 'POST' to 'http://localhost:39165/session/b4c44b8ab3ec34df82fcca1e22294ffd/window'
11:35:49.036 [Forwarding switchToWindow on session b4c44b8ab3ec34df82fcca1e22294ffd to remote] DEBUG org.asynchttpclient.netty.request.NettyRequestSender - Using open Channel [id: 0xa10b78a6, L:/127.0.0.1:61155 - R:localhost/127.0.0.1:39165] for POST '/session/b4c44b8ab3ec34df82fcca1e22294ffd/window'
11:35:49.039 [AsyncHttpClient-1-2] DEBUG org.asynchttpclient.netty.handler.HttpHandler - 

Request DefaultHttpRequest(decodeResult: success, version: HTTP/1.1)
POST /session/b4c44b8ab3ec34df82fcca1e22294ffd/window HTTP/1.1
User-Agent: selenium/4.8.0 (java windows)
Content-Length: 50
Content-Type: application/json; charset=utf-8
host: localhost:39165
accept: */*

Response DefaultHttpResponse(decodeResult: success, version: HTTP/1.1)
HTTP/1.1 200 OK
Content-Length: 14
Content-Type: application/json; charset=utf-8
cache-control: no-cache

11:35:49.039 [AsyncHttpClient-1-2] DEBUG org.asynchttpclient.netty.channel.ChannelManager - Adding key: http://localhost:39165 for channel [id: 0xa10b78a6, L:/127.0.0.1:61155 - R:localhost/127.0.0.1:39165]
11:35:49.042 [Forwarding findElements on session b4c44b8ab3ec34df82fcca1e22294ffd to remote] DEBUG org.asynchttpclient.netty.request.NettyRequestSender - Using pooled Channel '[id: 0xa10b78a6, L:/127.0.0.1:61155 - R:localhost/127.0.0.1:39165]' for 'POST' to 'http://localhost:39165/session/b4c44b8ab3ec34df82fcca1e22294ffd/elements'
11:35:49.042 [Forwarding findElements on session b4c44b8ab3ec34df82fcca1e22294ffd to remote] DEBUG org.asynchttpclient.netty.request.NettyRequestSender - Using open Channel [id: 0xa10b78a6, L:/127.0.0.1:61155 - R:localhost/127.0.0.1:39165] for POST '/session/b4c44b8ab3ec34df82fcca1e22294ffd/elements'
11:35:49.056 [AsyncHttpClient-1-2] DEBUG org.asynchttpclient.netty.handler.HttpHandler - 

Request DefaultHttpRequest(decodeResult: success, version: HTTP/1.1)
POST /session/b4c44b8ab3ec34df82fcca1e22294ffd/elements HTTP/1.1
User-Agent: selenium/4.8.0 (java windows)
Content-Length: 82
Content-Type: application/json; charset=utf-8
host: localhost:39165
accept: */*

Response DefaultHttpResponse(decodeResult: success, version: HTTP/1.1)
HTTP/1.1 200 OK
Content-Length: 269
Content-Type: application/json; charset=utf-8
cache-control: no-cache

11:35:49.056 [AsyncHttpClient-1-2] DEBUG org.asynchttpclient.netty.channel.ChannelManager - Adding key: http://localhost:39165 for channel [id: 0xa10b78a6, L:/127.0.0.1:61155 - R:localhost/127.0.0.1:39165]
11:35:49.060 [Forwarding getAlertText on session b4c44b8ab3ec34df82fcca1e22294ffd to remote] DEBUG org.asynchttpclient.netty.request.NettyRequestSender - Using pooled Channel '[id: 0xa10b78a6, L:/127.0.0.1:61155 - R:localhost/127.0.0.1:39165]' for 'GET' to 'http://localhost:39165/session/b4c44b8ab3ec34df82fcca1e22294ffd/alert/text'
11:35:49.060 [Forwarding getAlertText on session b4c44b8ab3ec34df82fcca1e22294ffd to remote] DEBUG org.asynchttpclient.netty.request.NettyRequestSender - Using open Channel [id: 0xa10b78a6, L:/127.0.0.1:61155 - R:localhost/127.0.0.1:39165] for GET '/session/b4c44b8ab3ec34df82fcca1e22294ffd/alert/text'
11:35:49.062 [AsyncHttpClient-1-2] DEBUG org.asynchttpclient.netty.handler.HttpHandler - 

Request DefaultFullHttpRequest(decodeResult: success, version: HTTP/1.1, content: EmptyByteBufBE)
GET /session/b4c44b8ab3ec34df82fcca1e22294ffd/alert/text HTTP/1.1
User-Agent: selenium/4.8.0 (java windows)
Cache-Control: no-cache
Content-Type: application/json; charset=utf-8
host: localhost:39165
accept: */*

Response DefaultHttpResponse(decodeResult: success, version: HTTP/1.1)
HTTP/1.1 404 Not Found
Content-Length: 1522
Content-Type: application/json; charset=utf-8
cache-control: no-cache

11:35:49.062 [AsyncHttpClient-1-2] DEBUG org.asynchttpclient.netty.channel.ChannelManager - Adding key: http://localhost:39165 for channel [id: 0xa10b78a6, L:/127.0.0.1:61155 - R:localhost/127.0.0.1:39165]
11:35:49.063 [Forwarding getCurrentUrl on session b4c44b8ab3ec34df82fcca1e22294ffd to remote] DEBUG org.asynchttpclient.netty.request.NettyRequestSender - Using pooled Channel '[id: 0xa10b78a6, L:/127.0.0.1:61155 - R:localhost/127.0.0.1:39165]' for 'GET' to 'http://localhost:39165/session/b4c44b8ab3ec34df82fcca1e22294ffd/url'
11:35:49.063 [Forwarding getCurrentUrl on session b4c44b8ab3ec34df82fcca1e22294ffd to remote] DEBUG org.asynchttpclient.netty.request.NettyRequestSender - Using open Channel [id: 0xa10b78a6, L:/127.0.0.1:61155 - R:localhost/127.0.0.1:39165] for GET '/session/b4c44b8ab3ec34df82fcca1e22294ffd/url'
11:35:49.067 [AsyncHttpClient-1-2] DEBUG org.asynchttpclient.netty.handler.HttpHandler - 

Request DefaultFullHttpRequest(decodeResult: success, version: HTTP/1.1, content: EmptyByteBufBE)
GET /session/b4c44b8ab3ec34df82fcca1e22294ffd/url HTTP/1.1
User-Agent: selenium/4.8.0 (java windows)
Cache-Control: no-cache
Content-Type: application/json; charset=utf-8
host: localhost:39165
accept: */*

Response DefaultHttpResponse(decodeResult: success, version: HTTP/1.1)
HTTP/1.1 200 OK
Content-Length: 52
Content-Type: application/json; charset=utf-8
cache-control: no-cache

11:35:49.067 [AsyncHttpClient-1-2] DEBUG org.asynchttpclient.netty.channel.ChannelManager - Adding key: http://localhost:39165 for channel [id: 0xa10b78a6, L:/127.0.0.1:61155 - R:localhost/127.0.0.1:39165]
11:35:49.070 [Forwarding screenshot on session b4c44b8ab3ec34df82fcca1e22294ffd to remote] DEBUG org.asynchttpclient.netty.request.NettyRequestSender - Using pooled Channel '[id: 0xa10b78a6, L:/127.0.0.1:61155 - R:localhost/127.0.0.1:39165]' for 'GET' to 'http://localhost:39165/session/b4c44b8ab3ec34df82fcca1e22294ffd/screenshot'
11:35:49.070 [Forwarding screenshot on session b4c44b8ab3ec34df82fcca1e22294ffd to remote] DEBUG org.asynchttpclient.netty.request.NettyRequestSender - Using open Channel [id: 0xa10b78a6, L:/127.0.0.1:61155 - R:localhost/127.0.0.1:39165] for GET '/session/b4c44b8ab3ec34df82fcca1e22294ffd/screenshot'
11:35:49.278 [AsyncHttpClient-1-2] DEBUG org.asynchttpclient.netty.handler.HttpHandler - 

Request DefaultFullHttpRequest(decodeResult: success, version: HTTP/1.1, content: EmptyByteBufBE)
GET /session/b4c44b8ab3ec34df82fcca1e22294ffd/screenshot HTTP/1.1
User-Agent: selenium/4.8.0 (java windows)
Cache-Control: no-cache
Content-Type: application/json; charset=utf-8
host: localhost:39165
accept: */*

Response DefaultHttpResponse(decodeResult: success, version: HTTP/1.1)
HTTP/1.1 200 OK
Content-Length: 522376
Content-Type: application/json; charset=utf-8
cache-control: no-cache

11:35:49.280 [AsyncHttpClient-1-2] DEBUG org.asynchttpclient.netty.channel.ChannelManager - Adding key: http://localhost:39165 for channel [id: 0xa10b78a6, L:/127.0.0.1:61155 - R:localhost/127.0.0.1:39165]
11:35:49.298 [main] DEBUG net.serenitybdd.core.photography.Darkroom - Send negative for processing for target\site\serenity\3bf0ea6e17aa916b050c58ffb142ab1cc16abd79214e128d57fab089c9510425.png
11:35:49.299 [main] DEBUG net.thucydides.core.steps.StepInterceptor - STEP DONE: test4_validateInventoryPageHeaderAndFooters
11:35:49.307 [Darkroom Processing Line] DEBUG net.serenitybdd.core.photography.DarkroomProcessingLine - Processing screenshot image in /var/screenshots/screenshot-4969412518143650274
11:35:49.307 [Darkroom Processing Line] DEBUG net.serenitybdd.core.photography.DarkroomProcessingLine - Saving screenshot to target\site\serenity\3bf0ea6e17aa916b050c58ffb142ab1cc16abd79214e128d57fab089c9510425.png
11:35:49.307 [Forwarding getPageSource on session b4c44b8ab3ec34df82fcca1e22294ffd to remote] DEBUG org.asynchttpclient.netty.request.NettyRequestSender - Using pooled Channel '[id: 0xa10b78a6, L:/127.0.0.1:61155 - R:localhost/127.0.0.1:39165]' for 'POST' to 'http://localhost:39165/session/b4c44b8ab3ec34df82fcca1e22294ffd/execute/sync'
11:35:49.307 [Forwarding getPageSource on session b4c44b8ab3ec34df82fcca1e22294ffd to remote] DEBUG org.asynchttpclient.netty.request.NettyRequestSender - Using open Channel [id: 0xa10b78a6, L:/127.0.0.1:61155 - R:localhost/127.0.0.1:39165] for POST '/session/b4c44b8ab3ec34df82fcca1e22294ffd/execute/sync'
11:35:49.312 [AsyncHttpClient-1-2] DEBUG org.asynchttpclient.netty.handler.HttpHandler - 

Request DefaultHttpRequest(decodeResult: success, version: HTTP/1.1)
POST /session/b4c44b8ab3ec34df82fcca1e22294ffd/execute/sync HTTP/1.1
User-Agent: selenium/4.8.0 (java windows)
Content-Length: 176
Content-Type: application/json; charset=utf-8
host: localhost:39165
accept: */*

Response DefaultHttpResponse(decodeResult: success, version: HTTP/1.1)
HTTP/1.1 200 OK
Content-Length: 16392
Content-Type: application/json; charset=utf-8
cache-control: no-cache

11:35:49.312 [AsyncHttpClient-1-2] DEBUG org.asynchttpclient.netty.channel.ChannelManager - Adding key: http://localhost:39165 for channel [id: 0xa10b78a6, L:/127.0.0.1:61155 - R:localhost/127.0.0.1:39165]
11:35:49.316 [Forwarding getCurrentUrl on session b4c44b8ab3ec34df82fcca1e22294ffd to remote] DEBUG org.asynchttpclient.netty.request.NettyRequestSender - Using pooled Channel '[id: 0xa10b78a6, L:/127.0.0.1:61155 - R:localhost/127.0.0.1:39165]' for 'GET' to 'http://localhost:39165/session/b4c44b8ab3ec34df82fcca1e22294ffd/url'
11:35:49.317 [Forwarding getCurrentUrl on session b4c44b8ab3ec34df82fcca1e22294ffd to remote] DEBUG org.asynchttpclient.netty.request.NettyRequestSender - Using open Channel [id: 0xa10b78a6, L:/127.0.0.1:61155 - R:localhost/127.0.0.1:39165] for GET '/session/b4c44b8ab3ec34df82fcca1e22294ffd/url'
11:35:49.320 [AsyncHttpClient-1-2] DEBUG org.asynchttpclient.netty.handler.HttpHandler - 

Request DefaultFullHttpRequest(decodeResult: success, version: HTTP/1.1, content: EmptyByteBufBE)
GET /session/b4c44b8ab3ec34df82fcca1e22294ffd/url HTTP/1.1
User-Agent: selenium/4.8.0 (java windows)
Cache-Control: no-cache
Content-Type: application/json; charset=utf-8
host: localhost:39165
accept: */*

Response DefaultHttpResponse(decodeResult: success, version: HTTP/1.1)
HTTP/1.1 200 OK
Content-Length: 52
Content-Type: application/json; charset=utf-8
cache-control: no-cache

11:35:49.321 [AsyncHttpClient-1-2] DEBUG org.asynchttpclient.netty.channel.ChannelManager - Adding key: http://localhost:39165 for channel [id: 0xa10b78a6, L:/127.0.0.1:61155 - R:localhost/127.0.0.1:39165]
11:35:49.328 [main] DEBUG net.thucydides.core.steps.StepInterceptor - STARTING STEP: Tests.testCases - test5_validateSortinLogicInFilter
11:35:49.334 [Forwarding getPageSource on session b4c44b8ab3ec34df82fcca1e22294ffd to remote] DEBUG org.asynchttpclient.netty.request.NettyRequestSender - Using pooled Channel '[id: 0xa10b78a6, L:/127.0.0.1:61155 - R:localhost/127.0.0.1:39165]' for 'POST' to 'http://localhost:39165/session/b4c44b8ab3ec34df82fcca1e22294ffd/execute/sync'
11:35:49.334 [Forwarding getPageSource on session b4c44b8ab3ec34df82fcca1e22294ffd to remote] DEBUG org.asynchttpclient.netty.request.NettyRequestSender - Using open Channel [id: 0xa10b78a6, L:/127.0.0.1:61155 - R:localhost/127.0.0.1:39165] for POST '/session/b4c44b8ab3ec34df82fcca1e22294ffd/execute/sync'
11:35:49.338 [AsyncHttpClient-1-2] DEBUG org.asynchttpclient.netty.handler.HttpHandler - 

Request DefaultHttpRequest(decodeResult: success, version: HTTP/1.1)
POST /session/b4c44b8ab3ec34df82fcca1e22294ffd/execute/sync HTTP/1.1
User-Agent: selenium/4.8.0 (java windows)
Content-Length: 176
Content-Type: application/json; charset=utf-8
host: localhost:39165
accept: */*

Response DefaultHttpResponse(decodeResult: success, version: HTTP/1.1)
HTTP/1.1 200 OK
Content-Length: 16392
Content-Type: application/json; charset=utf-8
cache-control: no-cache

11:35:49.338 [AsyncHttpClient-1-2] DEBUG org.asynchttpclient.netty.channel.ChannelManager - Adding key: http://localhost:39165 for channel [id: 0xa10b78a6, L:/127.0.0.1:61155 - R:localhost/127.0.0.1:39165]
11:35:49.340 [Forwarding getCurrentUrl on session b4c44b8ab3ec34df82fcca1e22294ffd to remote] DEBUG org.asynchttpclient.netty.request.NettyRequestSender - Using pooled Channel '[id: 0xa10b78a6, L:/127.0.0.1:61155 - R:localhost/127.0.0.1:39165]' for 'GET' to 'http://localhost:39165/session/b4c44b8ab3ec34df82fcca1e22294ffd/url'
11:35:49.340 [Forwarding getCurrentUrl on session b4c44b8ab3ec34df82fcca1e22294ffd to remote] DEBUG org.asynchttpclient.netty.request.NettyRequestSender - Using open Channel [id: 0xa10b78a6, L:/127.0.0.1:61155 - R:localhost/127.0.0.1:39165] for GET '/session/b4c44b8ab3ec34df82fcca1e22294ffd/url'
11:35:49.350 [AsyncHttpClient-1-2] DEBUG org.asynchttpclient.netty.handler.HttpHandler - 

Request DefaultFullHttpRequest(decodeResult: success, version: HTTP/1.1, content: EmptyByteBufBE)
GET /session/b4c44b8ab3ec34df82fcca1e22294ffd/url HTTP/1.1
User-Agent: selenium/4.8.0 (java windows)
Cache-Control: no-cache
Content-Type: application/json; charset=utf-8
host: localhost:39165
accept: */*

Response DefaultHttpResponse(decodeResult: success, version: HTTP/1.1)
HTTP/1.1 200 OK
Content-Length: 52
Content-Type: application/json; charset=utf-8
cache-control: no-cache

11:35:49.350 [AsyncHttpClient-1-2] DEBUG org.asynchttpclient.netty.channel.ChannelManager - Adding key: http://localhost:39165 for channel [id: 0xa10b78a6, L:/127.0.0.1:61155 - R:localhost/127.0.0.1:39165]
11:35:49.359 [main] DEBUG net.thucydides.core.steps.StepInterceptor - STARTING STEP: InventoryPageSteps.test5_validateSortinLogicInFilter - validate filter product A to Z
11:35:49.361 [Forwarding findElements on session b4c44b8ab3ec34df82fcca1e22294ffd to remote] DEBUG org.asynchttpclient.netty.request.NettyRequestSender - Using pooled Channel '[id: 0xa10b78a6, L:/127.0.0.1:61155 - R:localhost/127.0.0.1:39165]' for 'POST' to 'http://localhost:39165/session/b4c44b8ab3ec34df82fcca1e22294ffd/elements'
11:35:49.361 [Forwarding findElements on session b4c44b8ab3ec34df82fcca1e22294ffd to remote] DEBUG org.asynchttpclient.netty.request.NettyRequestSender - Using open Channel [id: 0xa10b78a6, L:/127.0.0.1:61155 - R:localhost/127.0.0.1:39165] for POST '/session/b4c44b8ab3ec34df82fcca1e22294ffd/elements'
11:35:49.367 [AsyncHttpClient-1-2] DEBUG org.asynchttpclient.netty.handler.HttpHandler - 

Request DefaultHttpRequest(decodeResult: success, version: HTTP/1.1)
POST /session/b4c44b8ab3ec34df82fcca1e22294ffd/elements HTTP/1.1
User-Agent: selenium/4.8.0 (java windows)
Content-Length: 111
Content-Type: application/json; charset=utf-8
host: localhost:39165
accept: */*

Response DefaultHttpResponse(decodeResult: success, version: HTTP/1.1)
HTTP/1.1 200 OK
Content-Length: 527
Content-Type: application/json; charset=utf-8
cache-control: no-cache

11:35:49.367 [AsyncHttpClient-1-2] DEBUG org.asynchttpclient.netty.channel.ChannelManager - Adding key: http://localhost:39165 for channel [id: 0xa10b78a6, L:/127.0.0.1:61155 - R:localhost/127.0.0.1:39165]
11:35:49.369 [Forwarding getElementText on session b4c44b8ab3ec34df82fcca1e22294ffd to remote] DEBUG org.asynchttpclient.netty.request.NettyRequestSender - Using pooled Channel '[id: 0xa10b78a6, L:/127.0.0.1:61155 - R:localhost/127.0.0.1:39165]' for 'GET' to 'http://localhost:39165/session/b4c44b8ab3ec34df82fcca1e22294ffd/element/D6FCA329F55A989BAF0E516CCCB7C1E0_element_30/text'
11:35:49.369 [Forwarding getElementText on session b4c44b8ab3ec34df82fcca1e22294ffd to remote] DEBUG org.asynchttpclient.netty.request.NettyRequestSender - Using open Channel [id: 0xa10b78a6, L:/127.0.0.1:61155 - R:localhost/127.0.0.1:39165] for GET '/session/b4c44b8ab3ec34df82fcca1e22294ffd/element/D6FCA329F55A989BAF0E516CCCB7C1E0_element_30/text'
11:35:49.380 [AsyncHttpClient-1-2] DEBUG org.asynchttpclient.netty.handler.HttpHandler - 

Request DefaultFullHttpRequest(decodeResult: success, version: HTTP/1.1, content: EmptyByteBufBE)
GET /session/b4c44b8ab3ec34df82fcca1e22294ffd/element/D6FCA329F55A989BAF0E516CCCB7C1E0_element_30/text HTTP/1.1
User-Agent: selenium/4.8.0 (java windows)
Cache-Control: no-cache
Content-Type: application/json; charset=utf-8
host: localhost:39165
accept: */*

Response DefaultHttpResponse(decodeResult: success, version: HTTP/1.1)
HTTP/1.1 200 OK
Content-Length: 31
Content-Type: application/json; charset=utf-8
cache-control: no-cache

11:35:49.380 [AsyncHttpClient-1-2] DEBUG org.asynchttpclient.netty.channel.ChannelManager - Adding key: http://localhost:39165 for channel [id: 0xa10b78a6, L:/127.0.0.1:61155 - R:localhost/127.0.0.1:39165]
11:35:49.381 [Forwarding getElementText on session b4c44b8ab3ec34df82fcca1e22294ffd to remote] DEBUG org.asynchttpclient.netty.request.NettyRequestSender - Using pooled Channel '[id: 0xa10b78a6, L:/127.0.0.1:61155 - R:localhost/127.0.0.1:39165]' for 'GET' to 'http://localhost:39165/session/b4c44b8ab3ec34df82fcca1e22294ffd/element/D6FCA329F55A989BAF0E516CCCB7C1E0_element_31/text'
11:35:49.381 [Forwarding getElementText on session b4c44b8ab3ec34df82fcca1e22294ffd to remote] DEBUG org.asynchttpclient.netty.request.NettyRequestSender - Using open Channel [id: 0xa10b78a6, L:/127.0.0.1:61155 - R:localhost/127.0.0.1:39165] for GET '/session/b4c44b8ab3ec34df82fcca1e22294ffd/element/D6FCA329F55A989BAF0E516CCCB7C1E0_element_31/text'
11:35:49.389 [AsyncHttpClient-1-2] DEBUG org.asynchttpclient.netty.handler.HttpHandler - 

Request DefaultFullHttpRequest(decodeResult: success, version: HTTP/1.1, content: EmptyByteBufBE)
GET /session/b4c44b8ab3ec34df82fcca1e22294ffd/element/D6FCA329F55A989BAF0E516CCCB7C1E0_element_31/text HTTP/1.1
User-Agent: selenium/4.8.0 (java windows)
Cache-Control: no-cache
Content-Type: application/json; charset=utf-8
host: localhost:39165
accept: */*

Response DefaultHttpResponse(decodeResult: success, version: HTTP/1.1)
HTTP/1.1 200 OK
Content-Length: 33
Content-Type: application/json; charset=utf-8
cache-control: no-cache

11:35:49.390 [AsyncHttpClient-1-2] DEBUG org.asynchttpclient.netty.channel.ChannelManager - Adding key: http://localhost:39165 for channel [id: 0xa10b78a6, L:/127.0.0.1:61155 - R:localhost/127.0.0.1:39165]
11:35:49.391 [Forwarding getElementText on session b4c44b8ab3ec34df82fcca1e22294ffd to remote] DEBUG org.asynchttpclient.netty.request.NettyRequestSender - Using pooled Channel '[id: 0xa10b78a6, L:/127.0.0.1:61155 - R:localhost/127.0.0.1:39165]' for 'GET' to 'http://localhost:39165/session/b4c44b8ab3ec34df82fcca1e22294ffd/element/D6FCA329F55A989BAF0E516CCCB7C1E0_element_32/text'
11:35:49.391 [Forwarding getElementText on session b4c44b8ab3ec34df82fcca1e22294ffd to remote] DEBUG org.asynchttpclient.netty.request.NettyRequestSender - Using open Channel [id: 0xa10b78a6, L:/127.0.0.1:61155 - R:localhost/127.0.0.1:39165] for GET '/session/b4c44b8ab3ec34df82fcca1e22294ffd/element/D6FCA329F55A989BAF0E516CCCB7C1E0_element_32/text'
11:35:49.398 [AsyncHttpClient-1-2] DEBUG org.asynchttpclient.netty.handler.HttpHandler - 

Request DefaultFullHttpRequest(decodeResult: success, version: HTTP/1.1, content: EmptyByteBufBE)
GET /session/b4c44b8ab3ec34df82fcca1e22294ffd/element/D6FCA329F55A989BAF0E516CCCB7C1E0_element_32/text HTTP/1.1
User-Agent: selenium/4.8.0 (java windows)
Cache-Control: no-cache
Content-Type: application/json; charset=utf-8
host: localhost:39165
accept: */*

Response DefaultHttpResponse(decodeResult: success, version: HTTP/1.1)
HTTP/1.1 200 OK
Content-Length: 35
Content-Type: application/json; charset=utf-8
cache-control: no-cache

11:35:49.398 [AsyncHttpClient-1-2] DEBUG org.asynchttpclient.netty.channel.ChannelManager - Adding key: http://localhost:39165 for channel [id: 0xa10b78a6, L:/127.0.0.1:61155 - R:localhost/127.0.0.1:39165]
11:35:49.400 [Forwarding getElementText on session b4c44b8ab3ec34df82fcca1e22294ffd to remote] DEBUG org.asynchttpclient.netty.request.NettyRequestSender - Using pooled Channel '[id: 0xa10b78a6, L:/127.0.0.1:61155 - R:localhost/127.0.0.1:39165]' for 'GET' to 'http://localhost:39165/session/b4c44b8ab3ec34df82fcca1e22294ffd/element/D6FCA329F55A989BAF0E516CCCB7C1E0_element_33/text'
11:35:49.400 [Forwarding getElementText on session b4c44b8ab3ec34df82fcca1e22294ffd to remote] DEBUG org.asynchttpclient.netty.request.NettyRequestSender - Using open Channel [id: 0xa10b78a6, L:/127.0.0.1:61155 - R:localhost/127.0.0.1:39165] for GET '/session/b4c44b8ab3ec34df82fcca1e22294ffd/element/D6FCA329F55A989BAF0E516CCCB7C1E0_element_33/text'
11:35:49.408 [AsyncHttpClient-1-2] DEBUG org.asynchttpclient.netty.handler.HttpHandler - 

Request DefaultFullHttpRequest(decodeResult: success, version: HTTP/1.1, content: EmptyByteBufBE)
GET /session/b4c44b8ab3ec34df82fcca1e22294ffd/element/D6FCA329F55A989BAF0E516CCCB7C1E0_element_33/text HTTP/1.1
User-Agent: selenium/4.8.0 (java windows)
Cache-Control: no-cache
Content-Type: application/json; charset=utf-8
host: localhost:39165
accept: */*

Response DefaultHttpResponse(decodeResult: success, version: HTTP/1.1)
HTTP/1.1 200 OK
Content-Length: 36
Content-Type: application/json; charset=utf-8
cache-control: no-cache

11:35:49.408 [AsyncHttpClient-1-2] DEBUG org.asynchttpclient.netty.channel.ChannelManager - Adding key: http://localhost:39165 for channel [id: 0xa10b78a6, L:/127.0.0.1:61155 - R:localhost/127.0.0.1:39165]
11:35:49.409 [Forwarding getElementText on session b4c44b8ab3ec34df82fcca1e22294ffd to remote] DEBUG org.asynchttpclient.netty.request.NettyRequestSender - Using pooled Channel '[id: 0xa10b78a6, L:/127.0.0.1:61155 - R:localhost/127.0.0.1:39165]' for 'GET' to 'http://localhost:39165/session/b4c44b8ab3ec34df82fcca1e22294ffd/element/D6FCA329F55A989BAF0E516CCCB7C1E0_element_34/text'
11:35:49.409 [Forwarding getElementText on session b4c44b8ab3ec34df82fcca1e22294ffd to remote] DEBUG org.asynchttpclient.netty.request.NettyRequestSender - Using open Channel [id: 0xa10b78a6, L:/127.0.0.1:61155 - R:localhost/127.0.0.1:39165] for GET '/session/b4c44b8ab3ec34df82fcca1e22294ffd/element/D6FCA329F55A989BAF0E516CCCB7C1E0_element_34/text'
11:35:49.417 [AsyncHttpClient-1-2] DEBUG org.asynchttpclient.netty.handler.HttpHandler - 

Request DefaultFullHttpRequest(decodeResult: success, version: HTTP/1.1, content: EmptyByteBufBE)
GET /session/b4c44b8ab3ec34df82fcca1e22294ffd/element/D6FCA329F55A989BAF0E516CCCB7C1E0_element_34/text HTTP/1.1
User-Agent: selenium/4.8.0 (java windows)
Cache-Control: no-cache
Content-Type: application/json; charset=utf-8
host: localhost:39165
accept: */*

Response DefaultHttpResponse(decodeResult: success, version: HTTP/1.1)
HTTP/1.1 200 OK
Content-Length: 29
Content-Type: application/json; charset=utf-8
cache-control: no-cache

11:35:49.417 [AsyncHttpClient-1-2] DEBUG org.asynchttpclient.netty.channel.ChannelManager - Adding key: http://localhost:39165 for channel [id: 0xa10b78a6, L:/127.0.0.1:61155 - R:localhost/127.0.0.1:39165]
11:35:49.418 [Forwarding getElementText on session b4c44b8ab3ec34df82fcca1e22294ffd to remote] DEBUG org.asynchttpclient.netty.request.NettyRequestSender - Using pooled Channel '[id: 0xa10b78a6, L:/127.0.0.1:61155 - R:localhost/127.0.0.1:39165]' for 'GET' to 'http://localhost:39165/session/b4c44b8ab3ec34df82fcca1e22294ffd/element/D6FCA329F55A989BAF0E516CCCB7C1E0_element_35/text'
11:35:49.418 [Forwarding getElementText on session b4c44b8ab3ec34df82fcca1e22294ffd to remote] DEBUG org.asynchttpclient.netty.request.NettyRequestSender - Using open Channel [id: 0xa10b78a6, L:/127.0.0.1:61155 - R:localhost/127.0.0.1:39165] for GET '/session/b4c44b8ab3ec34df82fcca1e22294ffd/element/D6FCA329F55A989BAF0E516CCCB7C1E0_element_35/text'
11:35:49.425 [AsyncHttpClient-1-2] DEBUG org.asynchttpclient.netty.handler.HttpHandler - 

Request DefaultFullHttpRequest(decodeResult: success, version: HTTP/1.1, content: EmptyByteBufBE)
GET /session/b4c44b8ab3ec34df82fcca1e22294ffd/element/D6FCA329F55A989BAF0E516CCCB7C1E0_element_35/text HTTP/1.1
User-Agent: selenium/4.8.0 (java windows)
Cache-Control: no-cache
Content-Type: application/json; charset=utf-8
host: localhost:39165
accept: */*

Response DefaultHttpResponse(decodeResult: success, version: HTTP/1.1)
HTTP/1.1 200 OK
Content-Length: 45
Content-Type: application/json; charset=utf-8
cache-control: no-cache

11:35:49.425 [AsyncHttpClient-1-2] DEBUG org.asynchttpclient.netty.channel.ChannelManager - Adding key: http://localhost:39165 for channel [id: 0xa10b78a6, L:/127.0.0.1:61155 - R:localhost/127.0.0.1:39165]
11:35:49.426 [Forwarding findElements on session b4c44b8ab3ec34df82fcca1e22294ffd to remote] DEBUG org.asynchttpclient.netty.request.NettyRequestSender - Using pooled Channel '[id: 0xa10b78a6, L:/127.0.0.1:61155 - R:localhost/127.0.0.1:39165]' for 'POST' to 'http://localhost:39165/session/b4c44b8ab3ec34df82fcca1e22294ffd/elements'
11:35:49.426 [Forwarding findElements on session b4c44b8ab3ec34df82fcca1e22294ffd to remote] DEBUG org.asynchttpclient.netty.request.NettyRequestSender - Using open Channel [id: 0xa10b78a6, L:/127.0.0.1:61155 - R:localhost/127.0.0.1:39165] for POST '/session/b4c44b8ab3ec34df82fcca1e22294ffd/elements'
11:35:49.435 [AsyncHttpClient-1-2] DEBUG org.asynchttpclient.netty.handler.HttpHandler - 

Request DefaultHttpRequest(decodeResult: success, version: HTTP/1.1)
POST /session/b4c44b8ab3ec34df82fcca1e22294ffd/elements HTTP/1.1
User-Agent: selenium/4.8.0 (java windows)
Content-Length: 111
Content-Type: application/json; charset=utf-8
host: localhost:39165
accept: */*

Response DefaultHttpResponse(decodeResult: success, version: HTTP/1.1)
HTTP/1.1 200 OK
Content-Length: 527
Content-Type: application/json; charset=utf-8
cache-control: no-cache

11:35:49.435 [AsyncHttpClient-1-2] DEBUG org.asynchttpclient.netty.channel.ChannelManager - Adding key: http://localhost:39165 for channel [id: 0xa10b78a6, L:/127.0.0.1:61155 - R:localhost/127.0.0.1:39165]
11:35:49.437 [Forwarding findElements on session b4c44b8ab3ec34df82fcca1e22294ffd to remote] DEBUG org.asynchttpclient.netty.request.NettyRequestSender - Using pooled Channel '[id: 0xa10b78a6, L:/127.0.0.1:61155 - R:localhost/127.0.0.1:39165]' for 'POST' to 'http://localhost:39165/session/b4c44b8ab3ec34df82fcca1e22294ffd/elements'
11:35:49.437 [Forwarding findElements on session b4c44b8ab3ec34df82fcca1e22294ffd to remote] DEBUG org.asynchttpclient.netty.request.NettyRequestSender - Using open Channel [id: 0xa10b78a6, L:/127.0.0.1:61155 - R:localhost/127.0.0.1:39165] for POST '/session/b4c44b8ab3ec34df82fcca1e22294ffd/elements'
11:35:49.444 [AsyncHttpClient-1-2] DEBUG org.asynchttpclient.netty.handler.HttpHandler - 

Request DefaultHttpRequest(decodeResult: success, version: HTTP/1.1)
POST /session/b4c44b8ab3ec34df82fcca1e22294ffd/elements HTTP/1.1
User-Agent: selenium/4.8.0 (java windows)
Content-Length: 111
Content-Type: application/json; charset=utf-8
host: localhost:39165
accept: */*

Response DefaultHttpResponse(decodeResult: success, version: HTTP/1.1)
HTTP/1.1 200 OK
Content-Length: 527
Content-Type: application/json; charset=utf-8
cache-control: no-cache

11:35:49.445 [AsyncHttpClient-1-2] DEBUG org.asynchttpclient.netty.channel.ChannelManager - Adding key: http://localhost:39165 for channel [id: 0xa10b78a6, L:/127.0.0.1:61155 - R:localhost/127.0.0.1:39165]
11:35:49.447 [Forwarding getElementText on session b4c44b8ab3ec34df82fcca1e22294ffd to remote] DEBUG org.asynchttpclient.netty.request.NettyRequestSender - Using pooled Channel '[id: 0xa10b78a6, L:/127.0.0.1:61155 - R:localhost/127.0.0.1:39165]' for 'GET' to 'http://localhost:39165/session/b4c44b8ab3ec34df82fcca1e22294ffd/element/D6FCA329F55A989BAF0E516CCCB7C1E0_element_30/text'
11:35:49.447 [Forwarding getElementText on session b4c44b8ab3ec34df82fcca1e22294ffd to remote] DEBUG org.asynchttpclient.netty.request.NettyRequestSender - Using open Channel [id: 0xa10b78a6, L:/127.0.0.1:61155 - R:localhost/127.0.0.1:39165] for GET '/session/b4c44b8ab3ec34df82fcca1e22294ffd/element/D6FCA329F55A989BAF0E516CCCB7C1E0_element_30/text'
11:35:49.456 [AsyncHttpClient-1-2] DEBUG org.asynchttpclient.netty.handler.HttpHandler - 

Request DefaultFullHttpRequest(decodeResult: success, version: HTTP/1.1, content: EmptyByteBufBE)
GET /session/b4c44b8ab3ec34df82fcca1e22294ffd/element/D6FCA329F55A989BAF0E516CCCB7C1E0_element_30/text HTTP/1.1
User-Agent: selenium/4.8.0 (java windows)
Cache-Control: no-cache
Content-Type: application/json; charset=utf-8
host: localhost:39165
accept: */*

Response DefaultHttpResponse(decodeResult: success, version: HTTP/1.1)
HTTP/1.1 200 OK
Content-Length: 31
Content-Type: application/json; charset=utf-8
cache-control: no-cache

11:35:49.457 [AsyncHttpClient-1-2] DEBUG org.asynchttpclient.netty.channel.ChannelManager - Adding key: http://localhost:39165 for channel [id: 0xa10b78a6, L:/127.0.0.1:61155 - R:localhost/127.0.0.1:39165]
11:35:49.458 [Forwarding findElements on session b4c44b8ab3ec34df82fcca1e22294ffd to remote] DEBUG org.asynchttpclient.netty.request.NettyRequestSender - Using pooled Channel '[id: 0xa10b78a6, L:/127.0.0.1:61155 - R:localhost/127.0.0.1:39165]' for 'POST' to 'http://localhost:39165/session/b4c44b8ab3ec34df82fcca1e22294ffd/elements'
11:35:49.458 [Forwarding findElements on session b4c44b8ab3ec34df82fcca1e22294ffd to remote] DEBUG org.asynchttpclient.netty.request.NettyRequestSender - Using open Channel [id: 0xa10b78a6, L:/127.0.0.1:61155 - R:localhost/127.0.0.1:39165] for POST '/session/b4c44b8ab3ec34df82fcca1e22294ffd/elements'
11:35:49.464 [AsyncHttpClient-1-2] DEBUG org.asynchttpclient.netty.handler.HttpHandler - 

Request DefaultHttpRequest(decodeResult: success, version: HTTP/1.1)
POST /session/b4c44b8ab3ec34df82fcca1e22294ffd/elements HTTP/1.1
User-Agent: selenium/4.8.0 (java windows)
Content-Length: 111
Content-Type: application/json; charset=utf-8
host: localhost:39165
accept: */*

Response DefaultHttpResponse(decodeResult: success, version: HTTP/1.1)
HTTP/1.1 200 OK
Content-Length: 527
Content-Type: application/json; charset=utf-8
cache-control: no-cache

11:35:49.464 [AsyncHttpClient-1-2] DEBUG org.asynchttpclient.netty.channel.ChannelManager - Adding key: http://localhost:39165 for channel [id: 0xa10b78a6, L:/127.0.0.1:61155 - R:localhost/127.0.0.1:39165]
11:35:49.465 [Forwarding getElementText on session b4c44b8ab3ec34df82fcca1e22294ffd to remote] DEBUG org.asynchttpclient.netty.request.NettyRequestSender - Using pooled Channel '[id: 0xa10b78a6, L:/127.0.0.1:61155 - R:localhost/127.0.0.1:39165]' for 'GET' to 'http://localhost:39165/session/b4c44b8ab3ec34df82fcca1e22294ffd/element/D6FCA329F55A989BAF0E516CCCB7C1E0_element_30/text'
11:35:49.465 [Forwarding getElementText on session b4c44b8ab3ec34df82fcca1e22294ffd to remote] DEBUG org.asynchttpclient.netty.request.NettyRequestSender - Using open Channel [id: 0xa10b78a6, L:/127.0.0.1:61155 - R:localhost/127.0.0.1:39165] for GET '/session/b4c44b8ab3ec34df82fcca1e22294ffd/element/D6FCA329F55A989BAF0E516CCCB7C1E0_element_30/text'
11:35:49.473 [AsyncHttpClient-1-2] DEBUG org.asynchttpclient.netty.handler.HttpHandler - 

Request DefaultFullHttpRequest(decodeResult: success, version: HTTP/1.1, content: EmptyByteBufBE)
GET /session/b4c44b8ab3ec34df82fcca1e22294ffd/element/D6FCA329F55A989BAF0E516CCCB7C1E0_element_30/text HTTP/1.1
User-Agent: selenium/4.8.0 (java windows)
Cache-Control: no-cache
Content-Type: application/json; charset=utf-8
host: localhost:39165
accept: */*

Response DefaultHttpResponse(decodeResult: success, version: HTTP/1.1)
HTTP/1.1 200 OK
Content-Length: 31
Content-Type: application/json; charset=utf-8
cache-control: no-cache

11:35:49.473 [AsyncHttpClient-1-2] DEBUG org.asynchttpclient.netty.channel.ChannelManager - Adding key: http://localhost:39165 for channel [id: 0xa10b78a6, L:/127.0.0.1:61155 - R:localhost/127.0.0.1:39165]
11:35:49.474 [main] INFO  com.swaglabs.base.SetUp - Sauce Labs Backpack validated Passed
11:35:49.475 [Forwarding findElements on session b4c44b8ab3ec34df82fcca1e22294ffd to remote] DEBUG org.asynchttpclient.netty.request.NettyRequestSender - Using pooled Channel '[id: 0xa10b78a6, L:/127.0.0.1:61155 - R:localhost/127.0.0.1:39165]' for 'POST' to 'http://localhost:39165/session/b4c44b8ab3ec34df82fcca1e22294ffd/elements'
11:35:49.475 [Forwarding findElements on session b4c44b8ab3ec34df82fcca1e22294ffd to remote] DEBUG org.asynchttpclient.netty.request.NettyRequestSender - Using open Channel [id: 0xa10b78a6, L:/127.0.0.1:61155 - R:localhost/127.0.0.1:39165] for POST '/session/b4c44b8ab3ec34df82fcca1e22294ffd/elements'
11:35:49.482 [AsyncHttpClient-1-2] DEBUG org.asynchttpclient.netty.handler.HttpHandler - 

Request DefaultHttpRequest(decodeResult: success, version: HTTP/1.1)
POST /session/b4c44b8ab3ec34df82fcca1e22294ffd/elements HTTP/1.1
User-Agent: selenium/4.8.0 (java windows)
Content-Length: 111
Content-Type: application/json; charset=utf-8
host: localhost:39165
accept: */*

Response DefaultHttpResponse(decodeResult: success, version: HTTP/1.1)
HTTP/1.1 200 OK
Content-Length: 527
Content-Type: application/json; charset=utf-8
cache-control: no-cache

11:35:49.482 [AsyncHttpClient-1-2] DEBUG org.asynchttpclient.netty.channel.ChannelManager - Adding key: http://localhost:39165 for channel [id: 0xa10b78a6, L:/127.0.0.1:61155 - R:localhost/127.0.0.1:39165]
11:35:49.484 [Forwarding getElementText on session b4c44b8ab3ec34df82fcca1e22294ffd to remote] DEBUG org.asynchttpclient.netty.request.NettyRequestSender - Using pooled Channel '[id: 0xa10b78a6, L:/127.0.0.1:61155 - R:localhost/127.0.0.1:39165]' for 'GET' to 'http://localhost:39165/session/b4c44b8ab3ec34df82fcca1e22294ffd/element/D6FCA329F55A989BAF0E516CCCB7C1E0_element_30/text'
11:35:49.484 [Forwarding getElementText on session b4c44b8ab3ec34df82fcca1e22294ffd to remote] DEBUG org.asynchttpclient.netty.request.NettyRequestSender - Using open Channel [id: 0xa10b78a6, L:/127.0.0.1:61155 - R:localhost/127.0.0.1:39165] for GET '/session/b4c44b8ab3ec34df82fcca1e22294ffd/element/D6FCA329F55A989BAF0E516CCCB7C1E0_element_30/text'
11:35:49.491 [AsyncHttpClient-1-2] DEBUG org.asynchttpclient.netty.handler.HttpHandler - 

Request DefaultFullHttpRequest(decodeResult: success, version: HTTP/1.1, content: EmptyByteBufBE)
GET /session/b4c44b8ab3ec34df82fcca1e22294ffd/element/D6FCA329F55A989BAF0E516CCCB7C1E0_element_30/text HTTP/1.1
User-Agent: selenium/4.8.0 (java windows)
Cache-Control: no-cache
Content-Type: application/json; charset=utf-8
host: localhost:39165
accept: */*

Response DefaultHttpResponse(decodeResult: success, version: HTTP/1.1)
HTTP/1.1 200 OK
Content-Length: 31
Content-Type: application/json; charset=utf-8
cache-control: no-cache

11:35:49.492 [AsyncHttpClient-1-2] DEBUG org.asynchttpclient.netty.channel.ChannelManager - Adding key: http://localhost:39165 for channel [id: 0xa10b78a6, L:/127.0.0.1:61155 - R:localhost/127.0.0.1:39165]
11:35:49.493 [Forwarding findElements on session b4c44b8ab3ec34df82fcca1e22294ffd to remote] DEBUG org.asynchttpclient.netty.request.NettyRequestSender - Using pooled Channel '[id: 0xa10b78a6, L:/127.0.0.1:61155 - R:localhost/127.0.0.1:39165]' for 'POST' to 'http://localhost:39165/session/b4c44b8ab3ec34df82fcca1e22294ffd/elements'
11:35:49.493 [Forwarding findElements on session b4c44b8ab3ec34df82fcca1e22294ffd to remote] DEBUG org.asynchttpclient.netty.request.NettyRequestSender - Using open Channel [id: 0xa10b78a6, L:/127.0.0.1:61155 - R:localhost/127.0.0.1:39165] for POST '/session/b4c44b8ab3ec34df82fcca1e22294ffd/elements'
11:35:49.503 [AsyncHttpClient-1-2] DEBUG org.asynchttpclient.netty.handler.HttpHandler - 

Request DefaultHttpRequest(decodeResult: success, version: HTTP/1.1)
POST /session/b4c44b8ab3ec34df82fcca1e22294ffd/elements HTTP/1.1
User-Agent: selenium/4.8.0 (java windows)
Content-Length: 111
Content-Type: application/json; charset=utf-8
host: localhost:39165
accept: */*

Response DefaultHttpResponse(decodeResult: success, version: HTTP/1.1)
HTTP/1.1 200 OK
Content-Length: 527
Content-Type: application/json; charset=utf-8
cache-control: no-cache

11:35:49.504 [AsyncHttpClient-1-2] DEBUG org.asynchttpclient.netty.channel.ChannelManager - Adding key: http://localhost:39165 for channel [id: 0xa10b78a6, L:/127.0.0.1:61155 - R:localhost/127.0.0.1:39165]
11:35:49.506 [Forwarding findElements on session b4c44b8ab3ec34df82fcca1e22294ffd to remote] DEBUG org.asynchttpclient.netty.request.NettyRequestSender - Using pooled Channel '[id: 0xa10b78a6, L:/127.0.0.1:61155 - R:localhost/127.0.0.1:39165]' for 'POST' to 'http://localhost:39165/session/b4c44b8ab3ec34df82fcca1e22294ffd/elements'
11:35:49.506 [Forwarding findElements on session b4c44b8ab3ec34df82fcca1e22294ffd to remote] DEBUG org.asynchttpclient.netty.request.NettyRequestSender - Using open Channel [id: 0xa10b78a6, L:/127.0.0.1:61155 - R:localhost/127.0.0.1:39165] for POST '/session/b4c44b8ab3ec34df82fcca1e22294ffd/elements'
11:35:49.520 [AsyncHttpClient-1-2] DEBUG org.asynchttpclient.netty.handler.HttpHandler - 

Request DefaultHttpRequest(decodeResult: success, version: HTTP/1.1)
POST /session/b4c44b8ab3ec34df82fcca1e22294ffd/elements HTTP/1.1
User-Agent: selenium/4.8.0 (java windows)
Content-Length: 111
Content-Type: application/json; charset=utf-8
host: localhost:39165
accept: */*

Response DefaultHttpResponse(decodeResult: success, version: HTTP/1.1)
HTTP/1.1 200 OK
Content-Length: 527
Content-Type: application/json; charset=utf-8
cache-control: no-cache

11:35:49.520 [AsyncHttpClient-1-2] DEBUG org.asynchttpclient.netty.channel.ChannelManager - Adding key: http://localhost:39165 for channel [id: 0xa10b78a6, L:/127.0.0.1:61155 - R:localhost/127.0.0.1:39165]
11:35:49.522 [Forwarding getElementText on session b4c44b8ab3ec34df82fcca1e22294ffd to remote] DEBUG org.asynchttpclient.netty.request.NettyRequestSender - Using pooled Channel '[id: 0xa10b78a6, L:/127.0.0.1:61155 - R:localhost/127.0.0.1:39165]' for 'GET' to 'http://localhost:39165/session/b4c44b8ab3ec34df82fcca1e22294ffd/element/D6FCA329F55A989BAF0E516CCCB7C1E0_element_31/text'
11:35:49.522 [Forwarding getElementText on session b4c44b8ab3ec34df82fcca1e22294ffd to remote] DEBUG org.asynchttpclient.netty.request.NettyRequestSender - Using open Channel [id: 0xa10b78a6, L:/127.0.0.1:61155 - R:localhost/127.0.0.1:39165] for GET '/session/b4c44b8ab3ec34df82fcca1e22294ffd/element/D6FCA329F55A989BAF0E516CCCB7C1E0_element_31/text'
11:35:49.529 [AsyncHttpClient-1-2] DEBUG org.asynchttpclient.netty.handler.HttpHandler - 

Request DefaultFullHttpRequest(decodeResult: success, version: HTTP/1.1, content: EmptyByteBufBE)
GET /session/b4c44b8ab3ec34df82fcca1e22294ffd/element/D6FCA329F55A989BAF0E516CCCB7C1E0_element_31/text HTTP/1.1
User-Agent: selenium/4.8.0 (java windows)
Cache-Control: no-cache
Content-Type: application/json; charset=utf-8
host: localhost:39165
accept: */*

Response DefaultHttpResponse(decodeResult: success, version: HTTP/1.1)
HTTP/1.1 200 OK
Content-Length: 33
Content-Type: application/json; charset=utf-8
cache-control: no-cache

11:35:49.529 [AsyncHttpClient-1-2] DEBUG org.asynchttpclient.netty.channel.ChannelManager - Adding key: http://localhost:39165 for channel [id: 0xa10b78a6, L:/127.0.0.1:61155 - R:localhost/127.0.0.1:39165]
11:35:49.531 [Forwarding findElements on session b4c44b8ab3ec34df82fcca1e22294ffd to remote] DEBUG org.asynchttpclient.netty.request.NettyRequestSender - Using pooled Channel '[id: 0xa10b78a6, L:/127.0.0.1:61155 - R:localhost/127.0.0.1:39165]' for 'POST' to 'http://localhost:39165/session/b4c44b8ab3ec34df82fcca1e22294ffd/elements'
11:35:49.531 [Forwarding findElements on session b4c44b8ab3ec34df82fcca1e22294ffd to remote] DEBUG org.asynchttpclient.netty.request.NettyRequestSender - Using open Channel [id: 0xa10b78a6, L:/127.0.0.1:61155 - R:localhost/127.0.0.1:39165] for POST '/session/b4c44b8ab3ec34df82fcca1e22294ffd/elements'
11:35:49.538 [AsyncHttpClient-1-2] DEBUG org.asynchttpclient.netty.handler.HttpHandler - 

Request DefaultHttpRequest(decodeResult: success, version: HTTP/1.1)
POST /session/b4c44b8ab3ec34df82fcca1e22294ffd/elements HTTP/1.1
User-Agent: selenium/4.8.0 (java windows)
Content-Length: 111
Content-Type: application/json; charset=utf-8
host: localhost:39165
accept: */*

Response DefaultHttpResponse(decodeResult: success, version: HTTP/1.1)
HTTP/1.1 200 OK
Content-Length: 527
Content-Type: application/json; charset=utf-8
cache-control: no-cache

11:35:49.538 [AsyncHttpClient-1-2] DEBUG org.asynchttpclient.netty.channel.ChannelManager - Adding key: http://localhost:39165 for channel [id: 0xa10b78a6, L:/127.0.0.1:61155 - R:localhost/127.0.0.1:39165]
11:35:49.539 [Forwarding getElementText on session b4c44b8ab3ec34df82fcca1e22294ffd to remote] DEBUG org.asynchttpclient.netty.request.NettyRequestSender - Using pooled Channel '[id: 0xa10b78a6, L:/127.0.0.1:61155 - R:localhost/127.0.0.1:39165]' for 'GET' to 'http://localhost:39165/session/b4c44b8ab3ec34df82fcca1e22294ffd/element/D6FCA329F55A989BAF0E516CCCB7C1E0_element_31/text'
11:35:49.539 [Forwarding getElementText on session b4c44b8ab3ec34df82fcca1e22294ffd to remote] DEBUG org.asynchttpclient.netty.request.NettyRequestSender - Using open Channel [id: 0xa10b78a6, L:/127.0.0.1:61155 - R:localhost/127.0.0.1:39165] for GET '/session/b4c44b8ab3ec34df82fcca1e22294ffd/element/D6FCA329F55A989BAF0E516CCCB7C1E0_element_31/text'
11:35:49.549 [AsyncHttpClient-1-2] DEBUG org.asynchttpclient.netty.handler.HttpHandler - 

Request DefaultFullHttpRequest(decodeResult: success, version: HTTP/1.1, content: EmptyByteBufBE)
GET /session/b4c44b8ab3ec34df82fcca1e22294ffd/element/D6FCA329F55A989BAF0E516CCCB7C1E0_element_31/text HTTP/1.1
User-Agent: selenium/4.8.0 (java windows)
Cache-Control: no-cache
Content-Type: application/json; charset=utf-8
host: localhost:39165
accept: */*

Response DefaultHttpResponse(decodeResult: success, version: HTTP/1.1)
HTTP/1.1 200 OK
Content-Length: 33
Content-Type: application/json; charset=utf-8
cache-control: no-cache

11:35:49.549 [AsyncHttpClient-1-2] DEBUG org.asynchttpclient.netty.channel.ChannelManager - Adding key: http://localhost:39165 for channel [id: 0xa10b78a6, L:/127.0.0.1:61155 - R:localhost/127.0.0.1:39165]
11:35:49.549 [main] INFO  com.swaglabs.base.SetUp - Sauce Labs Bike Light validated Passed
11:35:49.551 [Forwarding findElements on session b4c44b8ab3ec34df82fcca1e22294ffd to remote] DEBUG org.asynchttpclient.netty.request.NettyRequestSender - Using pooled Channel '[id: 0xa10b78a6, L:/127.0.0.1:61155 - R:localhost/127.0.0.1:39165]' for 'POST' to 'http://localhost:39165/session/b4c44b8ab3ec34df82fcca1e22294ffd/elements'
11:35:49.551 [Forwarding findElements on session b4c44b8ab3ec34df82fcca1e22294ffd to remote] DEBUG org.asynchttpclient.netty.request.NettyRequestSender - Using open Channel [id: 0xa10b78a6, L:/127.0.0.1:61155 - R:localhost/127.0.0.1:39165] for POST '/session/b4c44b8ab3ec34df82fcca1e22294ffd/elements'
11:35:49.559 [AsyncHttpClient-1-2] DEBUG org.asynchttpclient.netty.handler.HttpHandler - 

Request DefaultHttpRequest(decodeResult: success, version: HTTP/1.1)
POST /session/b4c44b8ab3ec34df82fcca1e22294ffd/elements HTTP/1.1
User-Agent: selenium/4.8.0 (java windows)
Content-Length: 111
Content-Type: application/json; charset=utf-8
host: localhost:39165
accept: */*

Response DefaultHttpResponse(decodeResult: success, version: HTTP/1.1)
HTTP/1.1 200 OK
Content-Length: 527
Content-Type: application/json; charset=utf-8
cache-control: no-cache

11:35:49.559 [AsyncHttpClient-1-2] DEBUG org.asynchttpclient.netty.channel.ChannelManager - Adding key: http://localhost:39165 for channel [id: 0xa10b78a6, L:/127.0.0.1:61155 - R:localhost/127.0.0.1:39165]
11:35:49.561 [Forwarding getElementText on session b4c44b8ab3ec34df82fcca1e22294ffd to remote] DEBUG org.asynchttpclient.netty.request.NettyRequestSender - Using pooled Channel '[id: 0xa10b78a6, L:/127.0.0.1:61155 - R:localhost/127.0.0.1:39165]' for 'GET' to 'http://localhost:39165/session/b4c44b8ab3ec34df82fcca1e22294ffd/element/D6FCA329F55A989BAF0E516CCCB7C1E0_element_31/text'
11:35:49.561 [Forwarding getElementText on session b4c44b8ab3ec34df82fcca1e22294ffd to remote] DEBUG org.asynchttpclient.netty.request.NettyRequestSender - Using open Channel [id: 0xa10b78a6, L:/127.0.0.1:61155 - R:localhost/127.0.0.1:39165] for GET '/session/b4c44b8ab3ec34df82fcca1e22294ffd/element/D6FCA329F55A989BAF0E516CCCB7C1E0_element_31/text'
11:35:49.574 [AsyncHttpClient-1-2] DEBUG org.asynchttpclient.netty.handler.HttpHandler - 

Request DefaultFullHttpRequest(decodeResult: success, version: HTTP/1.1, content: EmptyByteBufBE)
GET /session/b4c44b8ab3ec34df82fcca1e22294ffd/element/D6FCA329F55A989BAF0E516CCCB7C1E0_element_31/text HTTP/1.1
User-Agent: selenium/4.8.0 (java windows)
Cache-Control: no-cache
Content-Type: application/json; charset=utf-8
host: localhost:39165
accept: */*

Response DefaultHttpResponse(decodeResult: success, version: HTTP/1.1)
HTTP/1.1 200 OK
Content-Length: 33
Content-Type: application/json; charset=utf-8
cache-control: no-cache

11:35:49.574 [AsyncHttpClient-1-2] DEBUG org.asynchttpclient.netty.channel.ChannelManager - Adding key: http://localhost:39165 for channel [id: 0xa10b78a6, L:/127.0.0.1:61155 - R:localhost/127.0.0.1:39165]
11:35:49.576 [Forwarding findElements on session b4c44b8ab3ec34df82fcca1e22294ffd to remote] DEBUG org.asynchttpclient.netty.request.NettyRequestSender - Using pooled Channel '[id: 0xa10b78a6, L:/127.0.0.1:61155 - R:localhost/127.0.0.1:39165]' for 'POST' to 'http://localhost:39165/session/b4c44b8ab3ec34df82fcca1e22294ffd/elements'
11:35:49.576 [Forwarding findElements on session b4c44b8ab3ec34df82fcca1e22294ffd to remote] DEBUG org.asynchttpclient.netty.request.NettyRequestSender - Using open Channel [id: 0xa10b78a6, L:/127.0.0.1:61155 - R:localhost/127.0.0.1:39165] for POST '/session/b4c44b8ab3ec34df82fcca1e22294ffd/elements'
11:35:49.583 [AsyncHttpClient-1-2] DEBUG org.asynchttpclient.netty.handler.HttpHandler - 

Request DefaultHttpRequest(decodeResult: success, version: HTTP/1.1)
POST /session/b4c44b8ab3ec34df82fcca1e22294ffd/elements HTTP/1.1
User-Agent: selenium/4.8.0 (java windows)
Content-Length: 111
Content-Type: application/json; charset=utf-8
host: localhost:39165
accept: */*

Response DefaultHttpResponse(decodeResult: success, version: HTTP/1.1)
HTTP/1.1 200 OK
Content-Length: 527
Content-Type: application/json; charset=utf-8
cache-control: no-cache

11:35:49.583 [AsyncHttpClient-1-2] DEBUG org.asynchttpclient.netty.channel.ChannelManager - Adding key: http://localhost:39165 for channel [id: 0xa10b78a6, L:/127.0.0.1:61155 - R:localhost/127.0.0.1:39165]
11:35:49.585 [Forwarding findElements on session b4c44b8ab3ec34df82fcca1e22294ffd to remote] DEBUG org.asynchttpclient.netty.request.NettyRequestSender - Using pooled Channel '[id: 0xa10b78a6, L:/127.0.0.1:61155 - R:localhost/127.0.0.1:39165]' for 'POST' to 'http://localhost:39165/session/b4c44b8ab3ec34df82fcca1e22294ffd/elements'
11:35:49.585 [Forwarding findElements on session b4c44b8ab3ec34df82fcca1e22294ffd to remote] DEBUG org.asynchttpclient.netty.request.NettyRequestSender - Using open Channel [id: 0xa10b78a6, L:/127.0.0.1:61155 - R:localhost/127.0.0.1:39165] for POST '/session/b4c44b8ab3ec34df82fcca1e22294ffd/elements'
11:35:49.597 [AsyncHttpClient-1-2] DEBUG org.asynchttpclient.netty.handler.HttpHandler - 

Request DefaultHttpRequest(decodeResult: success, version: HTTP/1.1)
POST /session/b4c44b8ab3ec34df82fcca1e22294ffd/elements HTTP/1.1
User-Agent: selenium/4.8.0 (java windows)
Content-Length: 111
Content-Type: application/json; charset=utf-8
host: localhost:39165
accept: */*

Response DefaultHttpResponse(decodeResult: success, version: HTTP/1.1)
HTTP/1.1 200 OK
Content-Length: 527
Content-Type: application/json; charset=utf-8
cache-control: no-cache

11:35:49.597 [AsyncHttpClient-1-2] DEBUG org.asynchttpclient.netty.channel.ChannelManager - Adding key: http://localhost:39165 for channel [id: 0xa10b78a6, L:/127.0.0.1:61155 - R:localhost/127.0.0.1:39165]
11:35:49.598 [Forwarding getElementText on session b4c44b8ab3ec34df82fcca1e22294ffd to remote] DEBUG org.asynchttpclient.netty.request.NettyRequestSender - Using pooled Channel '[id: 0xa10b78a6, L:/127.0.0.1:61155 - R:localhost/127.0.0.1:39165]' for 'GET' to 'http://localhost:39165/session/b4c44b8ab3ec34df82fcca1e22294ffd/element/D6FCA329F55A989BAF0E516CCCB7C1E0_element_32/text'
11:35:49.598 [Forwarding getElementText on session b4c44b8ab3ec34df82fcca1e22294ffd to remote] DEBUG org.asynchttpclient.netty.request.NettyRequestSender - Using open Channel [id: 0xa10b78a6, L:/127.0.0.1:61155 - R:localhost/127.0.0.1:39165] for GET '/session/b4c44b8ab3ec34df82fcca1e22294ffd/element/D6FCA329F55A989BAF0E516CCCB7C1E0_element_32/text'
11:35:49.607 [AsyncHttpClient-1-2] DEBUG org.asynchttpclient.netty.handler.HttpHandler - 

Request DefaultFullHttpRequest(decodeResult: success, version: HTTP/1.1, content: EmptyByteBufBE)
GET /session/b4c44b8ab3ec34df82fcca1e22294ffd/element/D6FCA329F55A989BAF0E516CCCB7C1E0_element_32/text HTTP/1.1
User-Agent: selenium/4.8.0 (java windows)
Cache-Control: no-cache
Content-Type: application/json; charset=utf-8
host: localhost:39165
accept: */*

Response DefaultHttpResponse(decodeResult: success, version: HTTP/1.1)
HTTP/1.1 200 OK
Content-Length: 35
Content-Type: application/json; charset=utf-8
cache-control: no-cache

11:35:49.607 [AsyncHttpClient-1-2] DEBUG org.asynchttpclient.netty.channel.ChannelManager - Adding key: http://localhost:39165 for channel [id: 0xa10b78a6, L:/127.0.0.1:61155 - R:localhost/127.0.0.1:39165]
11:35:49.609 [Forwarding findElements on session b4c44b8ab3ec34df82fcca1e22294ffd to remote] DEBUG org.asynchttpclient.netty.request.NettyRequestSender - Using pooled Channel '[id: 0xa10b78a6, L:/127.0.0.1:61155 - R:localhost/127.0.0.1:39165]' for 'POST' to 'http://localhost:39165/session/b4c44b8ab3ec34df82fcca1e22294ffd/elements'
11:35:49.609 [Forwarding findElements on session b4c44b8ab3ec34df82fcca1e22294ffd to remote] DEBUG org.asynchttpclient.netty.request.NettyRequestSender - Using open Channel [id: 0xa10b78a6, L:/127.0.0.1:61155 - R:localhost/127.0.0.1:39165] for POST '/session/b4c44b8ab3ec34df82fcca1e22294ffd/elements'
11:35:49.616 [AsyncHttpClient-1-2] DEBUG org.asynchttpclient.netty.handler.HttpHandler - 

Request DefaultHttpRequest(decodeResult: success, version: HTTP/1.1)
POST /session/b4c44b8ab3ec34df82fcca1e22294ffd/elements HTTP/1.1
User-Agent: selenium/4.8.0 (java windows)
Content-Length: 111
Content-Type: application/json; charset=utf-8
host: localhost:39165
accept: */*

Response DefaultHttpResponse(decodeResult: success, version: HTTP/1.1)
HTTP/1.1 200 OK
Content-Length: 527
Content-Type: application/json; charset=utf-8
cache-control: no-cache

11:35:49.616 [AsyncHttpClient-1-2] DEBUG org.asynchttpclient.netty.channel.ChannelManager - Adding key: http://localhost:39165 for channel [id: 0xa10b78a6, L:/127.0.0.1:61155 - R:localhost/127.0.0.1:39165]
11:35:49.618 [Forwarding getElementText on session b4c44b8ab3ec34df82fcca1e22294ffd to remote] DEBUG org.asynchttpclient.netty.request.NettyRequestSender - Using pooled Channel '[id: 0xa10b78a6, L:/127.0.0.1:61155 - R:localhost/127.0.0.1:39165]' for 'GET' to 'http://localhost:39165/session/b4c44b8ab3ec34df82fcca1e22294ffd/element/D6FCA329F55A989BAF0E516CCCB7C1E0_element_32/text'
11:35:49.618 [Forwarding getElementText on session b4c44b8ab3ec34df82fcca1e22294ffd to remote] DEBUG org.asynchttpclient.netty.request.NettyRequestSender - Using open Channel [id: 0xa10b78a6, L:/127.0.0.1:61155 - R:localhost/127.0.0.1:39165] for GET '/session/b4c44b8ab3ec34df82fcca1e22294ffd/element/D6FCA329F55A989BAF0E516CCCB7C1E0_element_32/text'
11:35:49.626 [AsyncHttpClient-1-2] DEBUG org.asynchttpclient.netty.handler.HttpHandler - 

Request DefaultFullHttpRequest(decodeResult: success, version: HTTP/1.1, content: EmptyByteBufBE)
GET /session/b4c44b8ab3ec34df82fcca1e22294ffd/element/D6FCA329F55A989BAF0E516CCCB7C1E0_element_32/text HTTP/1.1
User-Agent: selenium/4.8.0 (java windows)
Cache-Control: no-cache
Content-Type: application/json; charset=utf-8
host: localhost:39165
accept: */*

Response DefaultHttpResponse(decodeResult: success, version: HTTP/1.1)
HTTP/1.1 200 OK
Content-Length: 35
Content-Type: application/json; charset=utf-8
cache-control: no-cache

11:35:49.626 [AsyncHttpClient-1-2] DEBUG org.asynchttpclient.netty.channel.ChannelManager - Adding key: http://localhost:39165 for channel [id: 0xa10b78a6, L:/127.0.0.1:61155 - R:localhost/127.0.0.1:39165]
11:35:49.626 [main] INFO  com.swaglabs.base.SetUp - Sauce Labs Bolt T-Shirt validated Passed
11:35:49.628 [Forwarding findElements on session b4c44b8ab3ec34df82fcca1e22294ffd to remote] DEBUG org.asynchttpclient.netty.request.NettyRequestSender - Using pooled Channel '[id: 0xa10b78a6, L:/127.0.0.1:61155 - R:localhost/127.0.0.1:39165]' for 'POST' to 'http://localhost:39165/session/b4c44b8ab3ec34df82fcca1e22294ffd/elements'
11:35:49.628 [Forwarding findElements on session b4c44b8ab3ec34df82fcca1e22294ffd to remote] DEBUG org.asynchttpclient.netty.request.NettyRequestSender - Using open Channel [id: 0xa10b78a6, L:/127.0.0.1:61155 - R:localhost/127.0.0.1:39165] for POST '/session/b4c44b8ab3ec34df82fcca1e22294ffd/elements'
11:35:49.638 [AsyncHttpClient-1-2] DEBUG org.asynchttpclient.netty.handler.HttpHandler - 

Request DefaultHttpRequest(decodeResult: success, version: HTTP/1.1)
POST /session/b4c44b8ab3ec34df82fcca1e22294ffd/elements HTTP/1.1
User-Agent: selenium/4.8.0 (java windows)
Content-Length: 111
Content-Type: application/json; charset=utf-8
host: localhost:39165
accept: */*

Response DefaultHttpResponse(decodeResult: success, version: HTTP/1.1)
HTTP/1.1 200 OK
Content-Length: 527
Content-Type: application/json; charset=utf-8
cache-control: no-cache

11:35:49.638 [AsyncHttpClient-1-2] DEBUG org.asynchttpclient.netty.channel.ChannelManager - Adding key: http://localhost:39165 for channel [id: 0xa10b78a6, L:/127.0.0.1:61155 - R:localhost/127.0.0.1:39165]
11:35:49.640 [Forwarding getElementText on session b4c44b8ab3ec34df82fcca1e22294ffd to remote] DEBUG org.asynchttpclient.netty.request.NettyRequestSender - Using pooled Channel '[id: 0xa10b78a6, L:/127.0.0.1:61155 - R:localhost/127.0.0.1:39165]' for 'GET' to 'http://localhost:39165/session/b4c44b8ab3ec34df82fcca1e22294ffd/element/D6FCA329F55A989BAF0E516CCCB7C1E0_element_32/text'
11:35:49.640 [Forwarding getElementText on session b4c44b8ab3ec34df82fcca1e22294ffd to remote] DEBUG org.asynchttpclient.netty.request.NettyRequestSender - Using open Channel [id: 0xa10b78a6, L:/127.0.0.1:61155 - R:localhost/127.0.0.1:39165] for GET '/session/b4c44b8ab3ec34df82fcca1e22294ffd/element/D6FCA329F55A989BAF0E516CCCB7C1E0_element_32/text'
11:35:49.648 [AsyncHttpClient-1-2] DEBUG org.asynchttpclient.netty.handler.HttpHandler - 

Request DefaultFullHttpRequest(decodeResult: success, version: HTTP/1.1, content: EmptyByteBufBE)
GET /session/b4c44b8ab3ec34df82fcca1e22294ffd/element/D6FCA329F55A989BAF0E516CCCB7C1E0_element_32/text HTTP/1.1
User-Agent: selenium/4.8.0 (java windows)
Cache-Control: no-cache
Content-Type: application/json; charset=utf-8
host: localhost:39165
accept: */*

Response DefaultHttpResponse(decodeResult: success, version: HTTP/1.1)
HTTP/1.1 200 OK
Content-Length: 35
Content-Type: application/json; charset=utf-8
cache-control: no-cache

11:35:49.648 [AsyncHttpClient-1-2] DEBUG org.asynchttpclient.netty.channel.ChannelManager - Adding key: http://localhost:39165 for channel [id: 0xa10b78a6, L:/127.0.0.1:61155 - R:localhost/127.0.0.1:39165]
11:35:49.650 [Forwarding findElements on session b4c44b8ab3ec34df82fcca1e22294ffd to remote] DEBUG org.asynchttpclient.netty.request.NettyRequestSender - Using pooled Channel '[id: 0xa10b78a6, L:/127.0.0.1:61155 - R:localhost/127.0.0.1:39165]' for 'POST' to 'http://localhost:39165/session/b4c44b8ab3ec34df82fcca1e22294ffd/elements'
11:35:49.650 [Forwarding findElements on session b4c44b8ab3ec34df82fcca1e22294ffd to remote] DEBUG org.asynchttpclient.netty.request.NettyRequestSender - Using open Channel [id: 0xa10b78a6, L:/127.0.0.1:61155 - R:localhost/127.0.0.1:39165] for POST '/session/b4c44b8ab3ec34df82fcca1e22294ffd/elements'
11:35:49.658 [AsyncHttpClient-1-2] DEBUG org.asynchttpclient.netty.handler.HttpHandler - 

Request DefaultHttpRequest(decodeResult: success, version: HTTP/1.1)
POST /session/b4c44b8ab3ec34df82fcca1e22294ffd/elements HTTP/1.1
User-Agent: selenium/4.8.0 (java windows)
Content-Length: 111
Content-Type: application/json; charset=utf-8
host: localhost:39165
accept: */*

Response DefaultHttpResponse(decodeResult: success, version: HTTP/1.1)
HTTP/1.1 200 OK
Content-Length: 527
Content-Type: application/json; charset=utf-8
cache-control: no-cache

11:35:49.659 [AsyncHttpClient-1-2] DEBUG org.asynchttpclient.netty.channel.ChannelManager - Adding key: http://localhost:39165 for channel [id: 0xa10b78a6, L:/127.0.0.1:61155 - R:localhost/127.0.0.1:39165]
11:35:49.660 [Forwarding findElements on session b4c44b8ab3ec34df82fcca1e22294ffd to remote] DEBUG org.asynchttpclient.netty.request.NettyRequestSender - Using pooled Channel '[id: 0xa10b78a6, L:/127.0.0.1:61155 - R:localhost/127.0.0.1:39165]' for 'POST' to 'http://localhost:39165/session/b4c44b8ab3ec34df82fcca1e22294ffd/elements'
11:35:49.660 [Forwarding findElements on session b4c44b8ab3ec34df82fcca1e22294ffd to remote] DEBUG org.asynchttpclient.netty.request.NettyRequestSender - Using open Channel [id: 0xa10b78a6, L:/127.0.0.1:61155 - R:localhost/127.0.0.1:39165] for POST '/session/b4c44b8ab3ec34df82fcca1e22294ffd/elements'
11:35:49.667 [AsyncHttpClient-1-2] DEBUG org.asynchttpclient.netty.handler.HttpHandler - 

Request DefaultHttpRequest(decodeResult: success, version: HTTP/1.1)
POST /session/b4c44b8ab3ec34df82fcca1e22294ffd/elements HTTP/1.1
User-Agent: selenium/4.8.0 (java windows)
Content-Length: 111
Content-Type: application/json; charset=utf-8
host: localhost:39165
accept: */*

Response DefaultHttpResponse(decodeResult: success, version: HTTP/1.1)
HTTP/1.1 200 OK
Content-Length: 527
Content-Type: application/json; charset=utf-8
cache-control: no-cache

11:35:49.667 [AsyncHttpClient-1-2] DEBUG org.asynchttpclient.netty.channel.ChannelManager - Adding key: http://localhost:39165 for channel [id: 0xa10b78a6, L:/127.0.0.1:61155 - R:localhost/127.0.0.1:39165]
11:35:49.668 [Forwarding getElementText on session b4c44b8ab3ec34df82fcca1e22294ffd to remote] DEBUG org.asynchttpclient.netty.request.NettyRequestSender - Using pooled Channel '[id: 0xa10b78a6, L:/127.0.0.1:61155 - R:localhost/127.0.0.1:39165]' for 'GET' to 'http://localhost:39165/session/b4c44b8ab3ec34df82fcca1e22294ffd/element/D6FCA329F55A989BAF0E516CCCB7C1E0_element_33/text'
11:35:49.668 [Forwarding getElementText on session b4c44b8ab3ec34df82fcca1e22294ffd to remote] DEBUG org.asynchttpclient.netty.request.NettyRequestSender - Using open Channel [id: 0xa10b78a6, L:/127.0.0.1:61155 - R:localhost/127.0.0.1:39165] for GET '/session/b4c44b8ab3ec34df82fcca1e22294ffd/element/D6FCA329F55A989BAF0E516CCCB7C1E0_element_33/text'
11:35:49.677 [AsyncHttpClient-1-2] DEBUG org.asynchttpclient.netty.handler.HttpHandler - 

Request DefaultFullHttpRequest(decodeResult: success, version: HTTP/1.1, content: EmptyByteBufBE)
GET /session/b4c44b8ab3ec34df82fcca1e22294ffd/element/D6FCA329F55A989BAF0E516CCCB7C1E0_element_33/text HTTP/1.1
User-Agent: selenium/4.8.0 (java windows)
Cache-Control: no-cache
Content-Type: application/json; charset=utf-8
host: localhost:39165
accept: */*

Response DefaultHttpResponse(decodeResult: success, version: HTTP/1.1)
HTTP/1.1 200 OK
Content-Length: 36
Content-Type: application/json; charset=utf-8
cache-control: no-cache

11:35:49.677 [AsyncHttpClient-1-2] DEBUG org.asynchttpclient.netty.channel.ChannelManager - Adding key: http://localhost:39165 for channel [id: 0xa10b78a6, L:/127.0.0.1:61155 - R:localhost/127.0.0.1:39165]
11:35:49.679 [Forwarding findElements on session b4c44b8ab3ec34df82fcca1e22294ffd to remote] DEBUG org.asynchttpclient.netty.request.NettyRequestSender - Using pooled Channel '[id: 0xa10b78a6, L:/127.0.0.1:61155 - R:localhost/127.0.0.1:39165]' for 'POST' to 'http://localhost:39165/session/b4c44b8ab3ec34df82fcca1e22294ffd/elements'
11:35:49.679 [Forwarding findElements on session b4c44b8ab3ec34df82fcca1e22294ffd to remote] DEBUG org.asynchttpclient.netty.request.NettyRequestSender - Using open Channel [id: 0xa10b78a6, L:/127.0.0.1:61155 - R:localhost/127.0.0.1:39165] for POST '/session/b4c44b8ab3ec34df82fcca1e22294ffd/elements'
11:35:49.685 [AsyncHttpClient-1-2] DEBUG org.asynchttpclient.netty.handler.HttpHandler - 

Request DefaultHttpRequest(decodeResult: success, version: HTTP/1.1)
POST /session/b4c44b8ab3ec34df82fcca1e22294ffd/elements HTTP/1.1
User-Agent: selenium/4.8.0 (java windows)
Content-Length: 111
Content-Type: application/json; charset=utf-8
host: localhost:39165
accept: */*

Response DefaultHttpResponse(decodeResult: success, version: HTTP/1.1)
HTTP/1.1 200 OK
Content-Length: 527
Content-Type: application/json; charset=utf-8
cache-control: no-cache

11:35:49.685 [AsyncHttpClient-1-2] DEBUG org.asynchttpclient.netty.channel.ChannelManager - Adding key: http://localhost:39165 for channel [id: 0xa10b78a6, L:/127.0.0.1:61155 - R:localhost/127.0.0.1:39165]
11:35:49.687 [Forwarding getElementText on session b4c44b8ab3ec34df82fcca1e22294ffd to remote] DEBUG org.asynchttpclient.netty.request.NettyRequestSender - Using pooled Channel '[id: 0xa10b78a6, L:/127.0.0.1:61155 - R:localhost/127.0.0.1:39165]' for 'GET' to 'http://localhost:39165/session/b4c44b8ab3ec34df82fcca1e22294ffd/element/D6FCA329F55A989BAF0E516CCCB7C1E0_element_33/text'
11:35:49.687 [Forwarding getElementText on session b4c44b8ab3ec34df82fcca1e22294ffd to remote] DEBUG org.asynchttpclient.netty.request.NettyRequestSender - Using open Channel [id: 0xa10b78a6, L:/127.0.0.1:61155 - R:localhost/127.0.0.1:39165] for GET '/session/b4c44b8ab3ec34df82fcca1e22294ffd/element/D6FCA329F55A989BAF0E516CCCB7C1E0_element_33/text'
11:35:49.701 [AsyncHttpClient-1-2] DEBUG org.asynchttpclient.netty.handler.HttpHandler - 

Request DefaultFullHttpRequest(decodeResult: success, version: HTTP/1.1, content: EmptyByteBufBE)
GET /session/b4c44b8ab3ec34df82fcca1e22294ffd/element/D6FCA329F55A989BAF0E516CCCB7C1E0_element_33/text HTTP/1.1
User-Agent: selenium/4.8.0 (java windows)
Cache-Control: no-cache
Content-Type: application/json; charset=utf-8
host: localhost:39165
accept: */*

Response DefaultHttpResponse(decodeResult: success, version: HTTP/1.1)
HTTP/1.1 200 OK
Content-Length: 36
Content-Type: application/json; charset=utf-8
cache-control: no-cache

11:35:49.701 [AsyncHttpClient-1-2] DEBUG org.asynchttpclient.netty.channel.ChannelManager - Adding key: http://localhost:39165 for channel [id: 0xa10b78a6, L:/127.0.0.1:61155 - R:localhost/127.0.0.1:39165]
11:35:49.702 [main] INFO  com.swaglabs.base.SetUp - Sauce Labs Fleece Jacket validated Passed
11:35:49.703 [Forwarding findElements on session b4c44b8ab3ec34df82fcca1e22294ffd to remote] DEBUG org.asynchttpclient.netty.request.NettyRequestSender - Using pooled Channel '[id: 0xa10b78a6, L:/127.0.0.1:61155 - R:localhost/127.0.0.1:39165]' for 'POST' to 'http://localhost:39165/session/b4c44b8ab3ec34df82fcca1e22294ffd/elements'
11:35:49.703 [Forwarding findElements on session b4c44b8ab3ec34df82fcca1e22294ffd to remote] DEBUG org.asynchttpclient.netty.request.NettyRequestSender - Using open Channel [id: 0xa10b78a6, L:/127.0.0.1:61155 - R:localhost/127.0.0.1:39165] for POST '/session/b4c44b8ab3ec34df82fcca1e22294ffd/elements'
11:35:49.709 [AsyncHttpClient-1-2] DEBUG org.asynchttpclient.netty.handler.HttpHandler - 

Request DefaultHttpRequest(decodeResult: success, version: HTTP/1.1)
POST /session/b4c44b8ab3ec34df82fcca1e22294ffd/elements HTTP/1.1
User-Agent: selenium/4.8.0 (java windows)
Content-Length: 111
Content-Type: application/json; charset=utf-8
host: localhost:39165
accept: */*

Response DefaultHttpResponse(decodeResult: success, version: HTTP/1.1)
HTTP/1.1 200 OK
Content-Length: 527
Content-Type: application/json; charset=utf-8
cache-control: no-cache

11:35:49.709 [AsyncHttpClient-1-2] DEBUG org.asynchttpclient.netty.channel.ChannelManager - Adding key: http://localhost:39165 for channel [id: 0xa10b78a6, L:/127.0.0.1:61155 - R:localhost/127.0.0.1:39165]
11:35:49.709 [Forwarding getElementText on session b4c44b8ab3ec34df82fcca1e22294ffd to remote] DEBUG org.asynchttpclient.netty.request.NettyRequestSender - Using pooled Channel '[id: 0xa10b78a6, L:/127.0.0.1:61155 - R:localhost/127.0.0.1:39165]' for 'GET' to 'http://localhost:39165/session/b4c44b8ab3ec34df82fcca1e22294ffd/element/D6FCA329F55A989BAF0E516CCCB7C1E0_element_33/text'
11:35:49.710 [Forwarding getElementText on session b4c44b8ab3ec34df82fcca1e22294ffd to remote] DEBUG org.asynchttpclient.netty.request.NettyRequestSender - Using open Channel [id: 0xa10b78a6, L:/127.0.0.1:61155 - R:localhost/127.0.0.1:39165] for GET '/session/b4c44b8ab3ec34df82fcca1e22294ffd/element/D6FCA329F55A989BAF0E516CCCB7C1E0_element_33/text'
11:35:49.718 [AsyncHttpClient-1-2] DEBUG org.asynchttpclient.netty.handler.HttpHandler - 

Request DefaultFullHttpRequest(decodeResult: success, version: HTTP/1.1, content: EmptyByteBufBE)
GET /session/b4c44b8ab3ec34df82fcca1e22294ffd/element/D6FCA329F55A989BAF0E516CCCB7C1E0_element_33/text HTTP/1.1
User-Agent: selenium/4.8.0 (java windows)
Cache-Control: no-cache
Content-Type: application/json; charset=utf-8
host: localhost:39165
accept: */*

Response DefaultHttpResponse(decodeResult: success, version: HTTP/1.1)
HTTP/1.1 200 OK
Content-Length: 36
Content-Type: application/json; charset=utf-8
cache-control: no-cache

11:35:49.718 [AsyncHttpClient-1-2] DEBUG org.asynchttpclient.netty.channel.ChannelManager - Adding key: http://localhost:39165 for channel [id: 0xa10b78a6, L:/127.0.0.1:61155 - R:localhost/127.0.0.1:39165]
11:35:49.719 [Forwarding findElements on session b4c44b8ab3ec34df82fcca1e22294ffd to remote] DEBUG org.asynchttpclient.netty.request.NettyRequestSender - Using pooled Channel '[id: 0xa10b78a6, L:/127.0.0.1:61155 - R:localhost/127.0.0.1:39165]' for 'POST' to 'http://localhost:39165/session/b4c44b8ab3ec34df82fcca1e22294ffd/elements'
11:35:49.719 [Forwarding findElements on session b4c44b8ab3ec34df82fcca1e22294ffd to remote] DEBUG org.asynchttpclient.netty.request.NettyRequestSender - Using open Channel [id: 0xa10b78a6, L:/127.0.0.1:61155 - R:localhost/127.0.0.1:39165] for POST '/session/b4c44b8ab3ec34df82fcca1e22294ffd/elements'
11:35:49.724 [AsyncHttpClient-1-2] DEBUG org.asynchttpclient.netty.handler.HttpHandler - 

Request DefaultHttpRequest(decodeResult: success, version: HTTP/1.1)
POST /session/b4c44b8ab3ec34df82fcca1e22294ffd/elements HTTP/1.1
User-Agent: selenium/4.8.0 (java windows)
Content-Length: 111
Content-Type: application/json; charset=utf-8
host: localhost:39165
accept: */*

Response DefaultHttpResponse(decodeResult: success, version: HTTP/1.1)
HTTP/1.1 200 OK
Content-Length: 527
Content-Type: application/json; charset=utf-8
cache-control: no-cache

11:35:49.725 [AsyncHttpClient-1-2] DEBUG org.asynchttpclient.netty.channel.ChannelManager - Adding key: http://localhost:39165 for channel [id: 0xa10b78a6, L:/127.0.0.1:61155 - R:localhost/127.0.0.1:39165]
11:35:49.727 [Forwarding findElements on session b4c44b8ab3ec34df82fcca1e22294ffd to remote] DEBUG org.asynchttpclient.netty.request.NettyRequestSender - Using pooled Channel '[id: 0xa10b78a6, L:/127.0.0.1:61155 - R:localhost/127.0.0.1:39165]' for 'POST' to 'http://localhost:39165/session/b4c44b8ab3ec34df82fcca1e22294ffd/elements'
11:35:49.727 [Forwarding findElements on session b4c44b8ab3ec34df82fcca1e22294ffd to remote] DEBUG org.asynchttpclient.netty.request.NettyRequestSender - Using open Channel [id: 0xa10b78a6, L:/127.0.0.1:61155 - R:localhost/127.0.0.1:39165] for POST '/session/b4c44b8ab3ec34df82fcca1e22294ffd/elements'
11:35:49.735 [AsyncHttpClient-1-2] DEBUG org.asynchttpclient.netty.handler.HttpHandler - 

Request DefaultHttpRequest(decodeResult: success, version: HTTP/1.1)
POST /session/b4c44b8ab3ec34df82fcca1e22294ffd/elements HTTP/1.1
User-Agent: selenium/4.8.0 (java windows)
Content-Length: 111
Content-Type: application/json; charset=utf-8
host: localhost:39165
accept: */*

Response DefaultHttpResponse(decodeResult: success, version: HTTP/1.1)
HTTP/1.1 200 OK
Content-Length: 527
Content-Type: application/json; charset=utf-8
cache-control: no-cache

11:35:49.735 [AsyncHttpClient-1-2] DEBUG org.asynchttpclient.netty.channel.ChannelManager - Adding key: http://localhost:39165 for channel [id: 0xa10b78a6, L:/127.0.0.1:61155 - R:localhost/127.0.0.1:39165]
11:35:49.736 [Forwarding getElementText on session b4c44b8ab3ec34df82fcca1e22294ffd to remote] DEBUG org.asynchttpclient.netty.request.NettyRequestSender - Using pooled Channel '[id: 0xa10b78a6, L:/127.0.0.1:61155 - R:localhost/127.0.0.1:39165]' for 'GET' to 'http://localhost:39165/session/b4c44b8ab3ec34df82fcca1e22294ffd/element/D6FCA329F55A989BAF0E516CCCB7C1E0_element_34/text'
11:35:49.736 [Forwarding getElementText on session b4c44b8ab3ec34df82fcca1e22294ffd to remote] DEBUG org.asynchttpclient.netty.request.NettyRequestSender - Using open Channel [id: 0xa10b78a6, L:/127.0.0.1:61155 - R:localhost/127.0.0.1:39165] for GET '/session/b4c44b8ab3ec34df82fcca1e22294ffd/element/D6FCA329F55A989BAF0E516CCCB7C1E0_element_34/text'
11:35:49.742 [AsyncHttpClient-1-2] DEBUG org.asynchttpclient.netty.handler.HttpHandler - 

Request DefaultFullHttpRequest(decodeResult: success, version: HTTP/1.1, content: EmptyByteBufBE)
GET /session/b4c44b8ab3ec34df82fcca1e22294ffd/element/D6FCA329F55A989BAF0E516CCCB7C1E0_element_34/text HTTP/1.1
User-Agent: selenium/4.8.0 (java windows)
Cache-Control: no-cache
Content-Type: application/json; charset=utf-8
host: localhost:39165
accept: */*

Response DefaultHttpResponse(decodeResult: success, version: HTTP/1.1)
HTTP/1.1 200 OK
Content-Length: 29
Content-Type: application/json; charset=utf-8
cache-control: no-cache

11:35:49.742 [AsyncHttpClient-1-2] DEBUG org.asynchttpclient.netty.channel.ChannelManager - Adding key: http://localhost:39165 for channel [id: 0xa10b78a6, L:/127.0.0.1:61155 - R:localhost/127.0.0.1:39165]
11:35:49.743 [Forwarding findElements on session b4c44b8ab3ec34df82fcca1e22294ffd to remote] DEBUG org.asynchttpclient.netty.request.NettyRequestSender - Using pooled Channel '[id: 0xa10b78a6, L:/127.0.0.1:61155 - R:localhost/127.0.0.1:39165]' for 'POST' to 'http://localhost:39165/session/b4c44b8ab3ec34df82fcca1e22294ffd/elements'
11:35:49.743 [Forwarding findElements on session b4c44b8ab3ec34df82fcca1e22294ffd to remote] DEBUG org.asynchttpclient.netty.request.NettyRequestSender - Using open Channel [id: 0xa10b78a6, L:/127.0.0.1:61155 - R:localhost/127.0.0.1:39165] for POST '/session/b4c44b8ab3ec34df82fcca1e22294ffd/elements'
11:35:49.748 [AsyncHttpClient-1-2] DEBUG org.asynchttpclient.netty.handler.HttpHandler - 

Request DefaultHttpRequest(decodeResult: success, version: HTTP/1.1)
POST /session/b4c44b8ab3ec34df82fcca1e22294ffd/elements HTTP/1.1
User-Agent: selenium/4.8.0 (java windows)
Content-Length: 111
Content-Type: application/json; charset=utf-8
host: localhost:39165
accept: */*

Response DefaultHttpResponse(decodeResult: success, version: HTTP/1.1)
HTTP/1.1 200 OK
Content-Length: 527
Content-Type: application/json; charset=utf-8
cache-control: no-cache

11:35:49.748 [AsyncHttpClient-1-2] DEBUG org.asynchttpclient.netty.channel.ChannelManager - Adding key: http://localhost:39165 for channel [id: 0xa10b78a6, L:/127.0.0.1:61155 - R:localhost/127.0.0.1:39165]
11:35:49.750 [Forwarding getElementText on session b4c44b8ab3ec34df82fcca1e22294ffd to remote] DEBUG org.asynchttpclient.netty.request.NettyRequestSender - Using pooled Channel '[id: 0xa10b78a6, L:/127.0.0.1:61155 - R:localhost/127.0.0.1:39165]' for 'GET' to 'http://localhost:39165/session/b4c44b8ab3ec34df82fcca1e22294ffd/element/D6FCA329F55A989BAF0E516CCCB7C1E0_element_34/text'
11:35:49.750 [Forwarding getElementText on session b4c44b8ab3ec34df82fcca1e22294ffd to remote] DEBUG org.asynchttpclient.netty.request.NettyRequestSender - Using open Channel [id: 0xa10b78a6, L:/127.0.0.1:61155 - R:localhost/127.0.0.1:39165] for GET '/session/b4c44b8ab3ec34df82fcca1e22294ffd/element/D6FCA329F55A989BAF0E516CCCB7C1E0_element_34/text'
11:35:49.755 [AsyncHttpClient-1-2] DEBUG org.asynchttpclient.netty.handler.HttpHandler - 

Request DefaultFullHttpRequest(decodeResult: success, version: HTTP/1.1, content: EmptyByteBufBE)
GET /session/b4c44b8ab3ec34df82fcca1e22294ffd/element/D6FCA329F55A989BAF0E516CCCB7C1E0_element_34/text HTTP/1.1
User-Agent: selenium/4.8.0 (java windows)
Cache-Control: no-cache
Content-Type: application/json; charset=utf-8
host: localhost:39165
accept: */*

Response DefaultHttpResponse(decodeResult: success, version: HTTP/1.1)
HTTP/1.1 200 OK
Content-Length: 29
Content-Type: application/json; charset=utf-8
cache-control: no-cache

11:35:49.756 [AsyncHttpClient-1-2] DEBUG org.asynchttpclient.netty.channel.ChannelManager - Adding key: http://localhost:39165 for channel [id: 0xa10b78a6, L:/127.0.0.1:61155 - R:localhost/127.0.0.1:39165]
11:35:49.756 [main] INFO  com.swaglabs.base.SetUp - Sauce Labs Onesie validated Passed
11:35:49.757 [Forwarding findElements on session b4c44b8ab3ec34df82fcca1e22294ffd to remote] DEBUG org.asynchttpclient.netty.request.NettyRequestSender - Using pooled Channel '[id: 0xa10b78a6, L:/127.0.0.1:61155 - R:localhost/127.0.0.1:39165]' for 'POST' to 'http://localhost:39165/session/b4c44b8ab3ec34df82fcca1e22294ffd/elements'
11:35:49.757 [Forwarding findElements on session b4c44b8ab3ec34df82fcca1e22294ffd to remote] DEBUG org.asynchttpclient.netty.request.NettyRequestSender - Using open Channel [id: 0xa10b78a6, L:/127.0.0.1:61155 - R:localhost/127.0.0.1:39165] for POST '/session/b4c44b8ab3ec34df82fcca1e22294ffd/elements'
11:35:49.763 [AsyncHttpClient-1-2] DEBUG org.asynchttpclient.netty.handler.HttpHandler - 

Request DefaultHttpRequest(decodeResult: success, version: HTTP/1.1)
POST /session/b4c44b8ab3ec34df82fcca1e22294ffd/elements HTTP/1.1
User-Agent: selenium/4.8.0 (java windows)
Content-Length: 111
Content-Type: application/json; charset=utf-8
host: localhost:39165
accept: */*

Response DefaultHttpResponse(decodeResult: success, version: HTTP/1.1)
HTTP/1.1 200 OK
Content-Length: 527
Content-Type: application/json; charset=utf-8
cache-control: no-cache

11:35:49.763 [AsyncHttpClient-1-2] DEBUG org.asynchttpclient.netty.channel.ChannelManager - Adding key: http://localhost:39165 for channel [id: 0xa10b78a6, L:/127.0.0.1:61155 - R:localhost/127.0.0.1:39165]
11:35:49.765 [Forwarding getElementText on session b4c44b8ab3ec34df82fcca1e22294ffd to remote] DEBUG org.asynchttpclient.netty.request.NettyRequestSender - Using pooled Channel '[id: 0xa10b78a6, L:/127.0.0.1:61155 - R:localhost/127.0.0.1:39165]' for 'GET' to 'http://localhost:39165/session/b4c44b8ab3ec34df82fcca1e22294ffd/element/D6FCA329F55A989BAF0E516CCCB7C1E0_element_34/text'
11:35:49.766 [Forwarding getElementText on session b4c44b8ab3ec34df82fcca1e22294ffd to remote] DEBUG org.asynchttpclient.netty.request.NettyRequestSender - Using open Channel [id: 0xa10b78a6, L:/127.0.0.1:61155 - R:localhost/127.0.0.1:39165] for GET '/session/b4c44b8ab3ec34df82fcca1e22294ffd/element/D6FCA329F55A989BAF0E516CCCB7C1E0_element_34/text'
11:35:49.773 [AsyncHttpClient-1-2] DEBUG org.asynchttpclient.netty.handler.HttpHandler - 

Request DefaultFullHttpRequest(decodeResult: success, version: HTTP/1.1, content: EmptyByteBufBE)
GET /session/b4c44b8ab3ec34df82fcca1e22294ffd/element/D6FCA329F55A989BAF0E516CCCB7C1E0_element_34/text HTTP/1.1
User-Agent: selenium/4.8.0 (java windows)
Cache-Control: no-cache
Content-Type: application/json; charset=utf-8
host: localhost:39165
accept: */*

Response DefaultHttpResponse(decodeResult: success, version: HTTP/1.1)
HTTP/1.1 200 OK
Content-Length: 29
Content-Type: application/json; charset=utf-8
cache-control: no-cache

11:35:49.773 [AsyncHttpClient-1-2] DEBUG org.asynchttpclient.netty.channel.ChannelManager - Adding key: http://localhost:39165 for channel [id: 0xa10b78a6, L:/127.0.0.1:61155 - R:localhost/127.0.0.1:39165]
11:35:49.775 [Forwarding findElements on session b4c44b8ab3ec34df82fcca1e22294ffd to remote] DEBUG org.asynchttpclient.netty.request.NettyRequestSender - Using pooled Channel '[id: 0xa10b78a6, L:/127.0.0.1:61155 - R:localhost/127.0.0.1:39165]' for 'POST' to 'http://localhost:39165/session/b4c44b8ab3ec34df82fcca1e22294ffd/elements'
11:35:49.775 [Forwarding findElements on session b4c44b8ab3ec34df82fcca1e22294ffd to remote] DEBUG org.asynchttpclient.netty.request.NettyRequestSender - Using open Channel [id: 0xa10b78a6, L:/127.0.0.1:61155 - R:localhost/127.0.0.1:39165] for POST '/session/b4c44b8ab3ec34df82fcca1e22294ffd/elements'
11:35:49.782 [AsyncHttpClient-1-2] DEBUG org.asynchttpclient.netty.handler.HttpHandler - 

Request DefaultHttpRequest(decodeResult: success, version: HTTP/1.1)
POST /session/b4c44b8ab3ec34df82fcca1e22294ffd/elements HTTP/1.1
User-Agent: selenium/4.8.0 (java windows)
Content-Length: 111
Content-Type: application/json; charset=utf-8
host: localhost:39165
accept: */*

Response DefaultHttpResponse(decodeResult: success, version: HTTP/1.1)
HTTP/1.1 200 OK
Content-Length: 527
Content-Type: application/json; charset=utf-8
cache-control: no-cache

11:35:49.782 [AsyncHttpClient-1-2] DEBUG org.asynchttpclient.netty.channel.ChannelManager - Adding key: http://localhost:39165 for channel [id: 0xa10b78a6, L:/127.0.0.1:61155 - R:localhost/127.0.0.1:39165]
11:35:49.784 [Forwarding findElements on session b4c44b8ab3ec34df82fcca1e22294ffd to remote] DEBUG org.asynchttpclient.netty.request.NettyRequestSender - Using pooled Channel '[id: 0xa10b78a6, L:/127.0.0.1:61155 - R:localhost/127.0.0.1:39165]' for 'POST' to 'http://localhost:39165/session/b4c44b8ab3ec34df82fcca1e22294ffd/elements'
11:35:49.784 [Forwarding findElements on session b4c44b8ab3ec34df82fcca1e22294ffd to remote] DEBUG org.asynchttpclient.netty.request.NettyRequestSender - Using open Channel [id: 0xa10b78a6, L:/127.0.0.1:61155 - R:localhost/127.0.0.1:39165] for POST '/session/b4c44b8ab3ec34df82fcca1e22294ffd/elements'
11:35:49.791 [AsyncHttpClient-1-2] DEBUG org.asynchttpclient.netty.handler.HttpHandler - 

Request DefaultHttpRequest(decodeResult: success, version: HTTP/1.1)
POST /session/b4c44b8ab3ec34df82fcca1e22294ffd/elements HTTP/1.1
User-Agent: selenium/4.8.0 (java windows)
Content-Length: 111
Content-Type: application/json; charset=utf-8
host: localhost:39165
accept: */*

Response DefaultHttpResponse(decodeResult: success, version: HTTP/1.1)
HTTP/1.1 200 OK
Content-Length: 527
Content-Type: application/json; charset=utf-8
cache-control: no-cache

11:35:49.791 [AsyncHttpClient-1-2] DEBUG org.asynchttpclient.netty.channel.ChannelManager - Adding key: http://localhost:39165 for channel [id: 0xa10b78a6, L:/127.0.0.1:61155 - R:localhost/127.0.0.1:39165]
11:35:49.793 [Forwarding getElementText on session b4c44b8ab3ec34df82fcca1e22294ffd to remote] DEBUG org.asynchttpclient.netty.request.NettyRequestSender - Using pooled Channel '[id: 0xa10b78a6, L:/127.0.0.1:61155 - R:localhost/127.0.0.1:39165]' for 'GET' to 'http://localhost:39165/session/b4c44b8ab3ec34df82fcca1e22294ffd/element/D6FCA329F55A989BAF0E516CCCB7C1E0_element_35/text'
11:35:49.793 [Forwarding getElementText on session b4c44b8ab3ec34df82fcca1e22294ffd to remote] DEBUG org.asynchttpclient.netty.request.NettyRequestSender - Using open Channel [id: 0xa10b78a6, L:/127.0.0.1:61155 - R:localhost/127.0.0.1:39165] for GET '/session/b4c44b8ab3ec34df82fcca1e22294ffd/element/D6FCA329F55A989BAF0E516CCCB7C1E0_element_35/text'
11:35:49.803 [AsyncHttpClient-1-2] DEBUG org.asynchttpclient.netty.handler.HttpHandler - 

Request DefaultFullHttpRequest(decodeResult: success, version: HTTP/1.1, content: EmptyByteBufBE)
GET /session/b4c44b8ab3ec34df82fcca1e22294ffd/element/D6FCA329F55A989BAF0E516CCCB7C1E0_element_35/text HTTP/1.1
User-Agent: selenium/4.8.0 (java windows)
Cache-Control: no-cache
Content-Type: application/json; charset=utf-8
host: localhost:39165
accept: */*

Response DefaultHttpResponse(decodeResult: success, version: HTTP/1.1)
HTTP/1.1 200 OK
Content-Length: 45
Content-Type: application/json; charset=utf-8
cache-control: no-cache

11:35:49.803 [AsyncHttpClient-1-2] DEBUG org.asynchttpclient.netty.channel.ChannelManager - Adding key: http://localhost:39165 for channel [id: 0xa10b78a6, L:/127.0.0.1:61155 - R:localhost/127.0.0.1:39165]
11:35:49.805 [Forwarding findElements on session b4c44b8ab3ec34df82fcca1e22294ffd to remote] DEBUG org.asynchttpclient.netty.request.NettyRequestSender - Using pooled Channel '[id: 0xa10b78a6, L:/127.0.0.1:61155 - R:localhost/127.0.0.1:39165]' for 'POST' to 'http://localhost:39165/session/b4c44b8ab3ec34df82fcca1e22294ffd/elements'
11:35:49.806 [Forwarding findElements on session b4c44b8ab3ec34df82fcca1e22294ffd to remote] DEBUG org.asynchttpclient.netty.request.NettyRequestSender - Using open Channel [id: 0xa10b78a6, L:/127.0.0.1:61155 - R:localhost/127.0.0.1:39165] for POST '/session/b4c44b8ab3ec34df82fcca1e22294ffd/elements'
11:35:49.813 [AsyncHttpClient-1-2] DEBUG org.asynchttpclient.netty.handler.HttpHandler - 

Request DefaultHttpRequest(decodeResult: success, version: HTTP/1.1)
POST /session/b4c44b8ab3ec34df82fcca1e22294ffd/elements HTTP/1.1
User-Agent: selenium/4.8.0 (java windows)
Content-Length: 111
Content-Type: application/json; charset=utf-8
host: localhost:39165
accept: */*

Response DefaultHttpResponse(decodeResult: success, version: HTTP/1.1)
HTTP/1.1 200 OK
Content-Length: 527
Content-Type: application/json; charset=utf-8
cache-control: no-cache

11:35:49.813 [AsyncHttpClient-1-2] DEBUG org.asynchttpclient.netty.channel.ChannelManager - Adding key: http://localhost:39165 for channel [id: 0xa10b78a6, L:/127.0.0.1:61155 - R:localhost/127.0.0.1:39165]
11:35:49.814 [Forwarding getElementText on session b4c44b8ab3ec34df82fcca1e22294ffd to remote] DEBUG org.asynchttpclient.netty.request.NettyRequestSender - Using pooled Channel '[id: 0xa10b78a6, L:/127.0.0.1:61155 - R:localhost/127.0.0.1:39165]' for 'GET' to 'http://localhost:39165/session/b4c44b8ab3ec34df82fcca1e22294ffd/element/D6FCA329F55A989BAF0E516CCCB7C1E0_element_35/text'
11:35:49.814 [Forwarding getElementText on session b4c44b8ab3ec34df82fcca1e22294ffd to remote] DEBUG org.asynchttpclient.netty.request.NettyRequestSender - Using open Channel [id: 0xa10b78a6, L:/127.0.0.1:61155 - R:localhost/127.0.0.1:39165] for GET '/session/b4c44b8ab3ec34df82fcca1e22294ffd/element/D6FCA329F55A989BAF0E516CCCB7C1E0_element_35/text'
11:35:49.822 [AsyncHttpClient-1-2] DEBUG org.asynchttpclient.netty.handler.HttpHandler - 

Request DefaultFullHttpRequest(decodeResult: success, version: HTTP/1.1, content: EmptyByteBufBE)
GET /session/b4c44b8ab3ec34df82fcca1e22294ffd/element/D6FCA329F55A989BAF0E516CCCB7C1E0_element_35/text HTTP/1.1
User-Agent: selenium/4.8.0 (java windows)
Cache-Control: no-cache
Content-Type: application/json; charset=utf-8
host: localhost:39165
accept: */*

Response DefaultHttpResponse(decodeResult: success, version: HTTP/1.1)
HTTP/1.1 200 OK
Content-Length: 45
Content-Type: application/json; charset=utf-8
cache-control: no-cache

11:35:49.822 [AsyncHttpClient-1-2] DEBUG org.asynchttpclient.netty.channel.ChannelManager - Adding key: http://localhost:39165 for channel [id: 0xa10b78a6, L:/127.0.0.1:61155 - R:localhost/127.0.0.1:39165]
11:35:49.822 [main] INFO  com.swaglabs.base.SetUp - Test.allTheThings() T-Shirt (Red) validated Passed
11:35:49.823 [Forwarding findElements on session b4c44b8ab3ec34df82fcca1e22294ffd to remote] DEBUG org.asynchttpclient.netty.request.NettyRequestSender - Using pooled Channel '[id: 0xa10b78a6, L:/127.0.0.1:61155 - R:localhost/127.0.0.1:39165]' for 'POST' to 'http://localhost:39165/session/b4c44b8ab3ec34df82fcca1e22294ffd/elements'
11:35:49.824 [Forwarding findElements on session b4c44b8ab3ec34df82fcca1e22294ffd to remote] DEBUG org.asynchttpclient.netty.request.NettyRequestSender - Using open Channel [id: 0xa10b78a6, L:/127.0.0.1:61155 - R:localhost/127.0.0.1:39165] for POST '/session/b4c44b8ab3ec34df82fcca1e22294ffd/elements'
11:35:49.830 [AsyncHttpClient-1-2] DEBUG org.asynchttpclient.netty.handler.HttpHandler - 

Request DefaultHttpRequest(decodeResult: success, version: HTTP/1.1)
POST /session/b4c44b8ab3ec34df82fcca1e22294ffd/elements HTTP/1.1
User-Agent: selenium/4.8.0 (java windows)
Content-Length: 111
Content-Type: application/json; charset=utf-8
host: localhost:39165
accept: */*

Response DefaultHttpResponse(decodeResult: success, version: HTTP/1.1)
HTTP/1.1 200 OK
Content-Length: 527
Content-Type: application/json; charset=utf-8
cache-control: no-cache

11:35:49.830 [AsyncHttpClient-1-2] DEBUG org.asynchttpclient.netty.channel.ChannelManager - Adding key: http://localhost:39165 for channel [id: 0xa10b78a6, L:/127.0.0.1:61155 - R:localhost/127.0.0.1:39165]
11:35:49.832 [Forwarding getElementText on session b4c44b8ab3ec34df82fcca1e22294ffd to remote] DEBUG org.asynchttpclient.netty.request.NettyRequestSender - Using pooled Channel '[id: 0xa10b78a6, L:/127.0.0.1:61155 - R:localhost/127.0.0.1:39165]' for 'GET' to 'http://localhost:39165/session/b4c44b8ab3ec34df82fcca1e22294ffd/element/D6FCA329F55A989BAF0E516CCCB7C1E0_element_35/text'
11:35:49.832 [Forwarding getElementText on session b4c44b8ab3ec34df82fcca1e22294ffd to remote] DEBUG org.asynchttpclient.netty.request.NettyRequestSender - Using open Channel [id: 0xa10b78a6, L:/127.0.0.1:61155 - R:localhost/127.0.0.1:39165] for GET '/session/b4c44b8ab3ec34df82fcca1e22294ffd/element/D6FCA329F55A989BAF0E516CCCB7C1E0_element_35/text'
11:35:49.843 [AsyncHttpClient-1-2] DEBUG org.asynchttpclient.netty.handler.HttpHandler - 

Request DefaultFullHttpRequest(decodeResult: success, version: HTTP/1.1, content: EmptyByteBufBE)
GET /session/b4c44b8ab3ec34df82fcca1e22294ffd/element/D6FCA329F55A989BAF0E516CCCB7C1E0_element_35/text HTTP/1.1
User-Agent: selenium/4.8.0 (java windows)
Cache-Control: no-cache
Content-Type: application/json; charset=utf-8
host: localhost:39165
accept: */*

Response DefaultHttpResponse(decodeResult: success, version: HTTP/1.1)
HTTP/1.1 200 OK
Content-Length: 45
Content-Type: application/json; charset=utf-8
cache-control: no-cache

11:35:49.844 [AsyncHttpClient-1-2] DEBUG org.asynchttpclient.netty.channel.ChannelManager - Adding key: http://localhost:39165 for channel [id: 0xa10b78a6, L:/127.0.0.1:61155 - R:localhost/127.0.0.1:39165]
11:35:49.848 [Forwarding getAlertText on session b4c44b8ab3ec34df82fcca1e22294ffd to remote] DEBUG org.asynchttpclient.netty.request.NettyRequestSender - Using pooled Channel '[id: 0xa10b78a6, L:/127.0.0.1:61155 - R:localhost/127.0.0.1:39165]' for 'GET' to 'http://localhost:39165/session/b4c44b8ab3ec34df82fcca1e22294ffd/alert/text'
11:35:49.848 [Forwarding getAlertText on session b4c44b8ab3ec34df82fcca1e22294ffd to remote] DEBUG org.asynchttpclient.netty.request.NettyRequestSender - Using open Channel [id: 0xa10b78a6, L:/127.0.0.1:61155 - R:localhost/127.0.0.1:39165] for GET '/session/b4c44b8ab3ec34df82fcca1e22294ffd/alert/text'
11:35:49.850 [AsyncHttpClient-1-2] DEBUG org.asynchttpclient.netty.handler.HttpHandler - 

Request DefaultFullHttpRequest(decodeResult: success, version: HTTP/1.1, content: EmptyByteBufBE)
GET /session/b4c44b8ab3ec34df82fcca1e22294ffd/alert/text HTTP/1.1
User-Agent: selenium/4.8.0 (java windows)
Cache-Control: no-cache
Content-Type: application/json; charset=utf-8
host: localhost:39165
accept: */*

Response DefaultHttpResponse(decodeResult: success, version: HTTP/1.1)
HTTP/1.1 404 Not Found
Content-Length: 1522
Content-Type: application/json; charset=utf-8
cache-control: no-cache

11:35:49.850 [AsyncHttpClient-1-2] DEBUG org.asynchttpclient.netty.channel.ChannelManager - Adding key: http://localhost:39165 for channel [id: 0xa10b78a6, L:/127.0.0.1:61155 - R:localhost/127.0.0.1:39165]
11:35:49.851 [Forwarding getCurrentUrl on session b4c44b8ab3ec34df82fcca1e22294ffd to remote] DEBUG org.asynchttpclient.netty.request.NettyRequestSender - Using pooled Channel '[id: 0xa10b78a6, L:/127.0.0.1:61155 - R:localhost/127.0.0.1:39165]' for 'GET' to 'http://localhost:39165/session/b4c44b8ab3ec34df82fcca1e22294ffd/url'
11:35:49.852 [Forwarding getCurrentUrl on session b4c44b8ab3ec34df82fcca1e22294ffd to remote] DEBUG org.asynchttpclient.netty.request.NettyRequestSender - Using open Channel [id: 0xa10b78a6, L:/127.0.0.1:61155 - R:localhost/127.0.0.1:39165] for GET '/session/b4c44b8ab3ec34df82fcca1e22294ffd/url'
11:35:49.855 [AsyncHttpClient-1-2] DEBUG org.asynchttpclient.netty.handler.HttpHandler - 

Request DefaultFullHttpRequest(decodeResult: success, version: HTTP/1.1, content: EmptyByteBufBE)
GET /session/b4c44b8ab3ec34df82fcca1e22294ffd/url HTTP/1.1
User-Agent: selenium/4.8.0 (java windows)
Cache-Control: no-cache
Content-Type: application/json; charset=utf-8
host: localhost:39165
accept: */*

Response DefaultHttpResponse(decodeResult: success, version: HTTP/1.1)
HTTP/1.1 200 OK
Content-Length: 52
Content-Type: application/json; charset=utf-8
cache-control: no-cache

11:35:49.855 [AsyncHttpClient-1-2] DEBUG org.asynchttpclient.netty.channel.ChannelManager - Adding key: http://localhost:39165 for channel [id: 0xa10b78a6, L:/127.0.0.1:61155 - R:localhost/127.0.0.1:39165]
11:35:49.855 [Forwarding screenshot on session b4c44b8ab3ec34df82fcca1e22294ffd to remote] DEBUG org.asynchttpclient.netty.request.NettyRequestSender - Using pooled Channel '[id: 0xa10b78a6, L:/127.0.0.1:61155 - R:localhost/127.0.0.1:39165]' for 'GET' to 'http://localhost:39165/session/b4c44b8ab3ec34df82fcca1e22294ffd/screenshot'
11:35:49.855 [Forwarding screenshot on session b4c44b8ab3ec34df82fcca1e22294ffd to remote] DEBUG org.asynchttpclient.netty.request.NettyRequestSender - Using open Channel [id: 0xa10b78a6, L:/127.0.0.1:61155 - R:localhost/127.0.0.1:39165] for GET '/session/b4c44b8ab3ec34df82fcca1e22294ffd/screenshot'
11:35:50.035 [AsyncHttpClient-1-1] DEBUG org.asynchttpclient.netty.channel.DefaultChannelPool - Entry count for : http://localhost:61159 : 1
11:35:50.038 [AsyncHttpClient-1-2] DEBUG org.asynchttpclient.netty.handler.HttpHandler - 

Request DefaultFullHttpRequest(decodeResult: success, version: HTTP/1.1, content: EmptyByteBufBE)
GET /session/b4c44b8ab3ec34df82fcca1e22294ffd/screenshot HTTP/1.1
User-Agent: selenium/4.8.0 (java windows)
Cache-Control: no-cache
Content-Type: application/json; charset=utf-8
host: localhost:39165
accept: */*

Response DefaultHttpResponse(decodeResult: success, version: HTTP/1.1)
HTTP/1.1 200 OK
Content-Length: 522376
Content-Type: application/json; charset=utf-8
cache-control: no-cache

11:35:50.040 [AsyncHttpClient-1-2] DEBUG org.asynchttpclient.netty.channel.ChannelManager - Adding key: http://localhost:39165 for channel [id: 0xa10b78a6, L:/127.0.0.1:61155 - R:localhost/127.0.0.1:39165]
11:35:50.053 [main] DEBUG net.serenitybdd.core.photography.Darkroom - Send negative for processing for target\site\serenity\3bf0ea6e17aa916b050c58ffb142ab1cc16abd79214e128d57fab089c9510425.png
11:35:50.053 [main] DEBUG net.thucydides.core.steps.StepInterceptor - STEP DONE: validate filter product A to Z
11:35:50.058 [Forwarding getPageSource on session b4c44b8ab3ec34df82fcca1e22294ffd to remote] DEBUG org.asynchttpclient.netty.request.NettyRequestSender - Using pooled Channel '[id: 0xa10b78a6, L:/127.0.0.1:61155 - R:localhost/127.0.0.1:39165]' for 'POST' to 'http://localhost:39165/session/b4c44b8ab3ec34df82fcca1e22294ffd/execute/sync'
11:35:50.058 [Forwarding getPageSource on session b4c44b8ab3ec34df82fcca1e22294ffd to remote] DEBUG org.asynchttpclient.netty.request.NettyRequestSender - Using open Channel [id: 0xa10b78a6, L:/127.0.0.1:61155 - R:localhost/127.0.0.1:39165] for POST '/session/b4c44b8ab3ec34df82fcca1e22294ffd/execute/sync'
11:35:50.064 [AsyncHttpClient-1-2] DEBUG org.asynchttpclient.netty.handler.HttpHandler - 

Request DefaultHttpRequest(decodeResult: success, version: HTTP/1.1)
POST /session/b4c44b8ab3ec34df82fcca1e22294ffd/execute/sync HTTP/1.1
User-Agent: selenium/4.8.0 (java windows)
Content-Length: 176
Content-Type: application/json; charset=utf-8
host: localhost:39165
accept: */*

Response DefaultHttpResponse(decodeResult: success, version: HTTP/1.1)
HTTP/1.1 200 OK
Content-Length: 16392
Content-Type: application/json; charset=utf-8
cache-control: no-cache

11:35:50.064 [AsyncHttpClient-1-2] DEBUG org.asynchttpclient.netty.channel.ChannelManager - Adding key: http://localhost:39165 for channel [id: 0xa10b78a6, L:/127.0.0.1:61155 - R:localhost/127.0.0.1:39165]
11:35:50.067 [Forwarding getCurrentUrl on session b4c44b8ab3ec34df82fcca1e22294ffd to remote] DEBUG org.asynchttpclient.netty.request.NettyRequestSender - Using pooled Channel '[id: 0xa10b78a6, L:/127.0.0.1:61155 - R:localhost/127.0.0.1:39165]' for 'GET' to 'http://localhost:39165/session/b4c44b8ab3ec34df82fcca1e22294ffd/url'
11:35:50.067 [Forwarding getCurrentUrl on session b4c44b8ab3ec34df82fcca1e22294ffd to remote] DEBUG org.asynchttpclient.netty.request.NettyRequestSender - Using open Channel [id: 0xa10b78a6, L:/127.0.0.1:61155 - R:localhost/127.0.0.1:39165] for GET '/session/b4c44b8ab3ec34df82fcca1e22294ffd/url'
11:35:50.070 [AsyncHttpClient-1-2] DEBUG org.asynchttpclient.netty.handler.HttpHandler - 

Request DefaultFullHttpRequest(decodeResult: success, version: HTTP/1.1, content: EmptyByteBufBE)
GET /session/b4c44b8ab3ec34df82fcca1e22294ffd/url HTTP/1.1
User-Agent: selenium/4.8.0 (java windows)
Cache-Control: no-cache
Content-Type: application/json; charset=utf-8
host: localhost:39165
accept: */*

Response DefaultHttpResponse(decodeResult: success, version: HTTP/1.1)
HTTP/1.1 200 OK
Content-Length: 52
Content-Type: application/json; charset=utf-8
cache-control: no-cache

11:35:50.071 [AsyncHttpClient-1-2] DEBUG org.asynchttpclient.netty.channel.ChannelManager - Adding key: http://localhost:39165 for channel [id: 0xa10b78a6, L:/127.0.0.1:61155 - R:localhost/127.0.0.1:39165]
11:35:50.078 [main] DEBUG net.thucydides.core.steps.StepInterceptor - STARTING STEP: InventoryPageSteps.test5_validateSortinLogicInFilter - choose filter option Z to A
11:35:50.084 [Forwarding findElement on session b4c44b8ab3ec34df82fcca1e22294ffd to remote] DEBUG org.asynchttpclient.netty.request.NettyRequestSender - Using pooled Channel '[id: 0xa10b78a6, L:/127.0.0.1:61155 - R:localhost/127.0.0.1:39165]' for 'POST' to 'http://localhost:39165/session/b4c44b8ab3ec34df82fcca1e22294ffd/element'
11:35:50.084 [Forwarding findElement on session b4c44b8ab3ec34df82fcca1e22294ffd to remote] DEBUG org.asynchttpclient.netty.request.NettyRequestSender - Using open Channel [id: 0xa10b78a6, L:/127.0.0.1:61155 - R:localhost/127.0.0.1:39165] for POST '/session/b4c44b8ab3ec34df82fcca1e22294ffd/element'
11:35:50.095 [AsyncHttpClient-1-2] DEBUG org.asynchttpclient.netty.handler.HttpHandler - 

Request DefaultHttpRequest(decodeResult: success, version: HTTP/1.1)
POST /session/b4c44b8ab3ec34df82fcca1e22294ffd/element HTTP/1.1
User-Agent: selenium/4.8.0 (java windows)
Content-Length: 88
Content-Type: application/json; charset=utf-8
host: localhost:39165
accept: */*

Response DefaultHttpResponse(decodeResult: success, version: HTTP/1.1)
HTTP/1.1 200 OK
Content-Length: 95
Content-Type: application/json; charset=utf-8
cache-control: no-cache

11:35:50.095 [AsyncHttpClient-1-2] DEBUG org.asynchttpclient.netty.channel.ChannelManager - Adding key: http://localhost:39165 for channel [id: 0xa10b78a6, L:/127.0.0.1:61155 - R:localhost/127.0.0.1:39165]
11:35:50.098 [Forwarding isElementDisplayed on session b4c44b8ab3ec34df82fcca1e22294ffd to remote] DEBUG org.asynchttpclient.netty.request.NettyRequestSender - Using pooled Channel '[id: 0xa10b78a6, L:/127.0.0.1:61155 - R:localhost/127.0.0.1:39165]' for 'POST' to 'http://localhost:39165/session/b4c44b8ab3ec34df82fcca1e22294ffd/execute/sync'
11:35:50.098 [Forwarding isElementDisplayed on session b4c44b8ab3ec34df82fcca1e22294ffd to remote] DEBUG org.asynchttpclient.netty.request.NettyRequestSender - Using open Channel [id: 0xa10b78a6, L:/127.0.0.1:61155 - R:localhost/127.0.0.1:39165] for POST '/session/b4c44b8ab3ec34df82fcca1e22294ffd/execute/sync'
11:35:50.109 [AsyncHttpClient-1-2] DEBUG org.asynchttpclient.netty.handler.HttpHandler - 

Request DefaultHttpRequest(decodeResult: success, version: HTTP/1.1)
POST /session/b4c44b8ab3ec34df82fcca1e22294ffd/execute/sync HTTP/1.1
User-Agent: selenium/4.8.0 (java windows)
Content-Length: 48814
Content-Type: application/json; charset=utf-8
host: localhost:39165
accept: */*

Response DefaultHttpResponse(decodeResult: success, version: HTTP/1.1)
HTTP/1.1 200 OK
Content-Length: 14
Content-Type: application/json; charset=utf-8
cache-control: no-cache

11:35:50.109 [AsyncHttpClient-1-2] DEBUG org.asynchttpclient.netty.channel.ChannelManager - Adding key: http://localhost:39165 for channel [id: 0xa10b78a6, L:/127.0.0.1:61155 - R:localhost/127.0.0.1:39165]
11:35:50.109 [Forwarding getElementTagName on session b4c44b8ab3ec34df82fcca1e22294ffd to remote] DEBUG org.asynchttpclient.netty.request.NettyRequestSender - Using pooled Channel '[id: 0xa10b78a6, L:/127.0.0.1:61155 - R:localhost/127.0.0.1:39165]' for 'GET' to 'http://localhost:39165/session/b4c44b8ab3ec34df82fcca1e22294ffd/element/D6FCA329F55A989BAF0E516CCCB7C1E0_element_20/name'
11:35:50.109 [Forwarding getElementTagName on session b4c44b8ab3ec34df82fcca1e22294ffd to remote] DEBUG org.asynchttpclient.netty.request.NettyRequestSender - Using open Channel [id: 0xa10b78a6, L:/127.0.0.1:61155 - R:localhost/127.0.0.1:39165] for GET '/session/b4c44b8ab3ec34df82fcca1e22294ffd/element/D6FCA329F55A989BAF0E516CCCB7C1E0_element_20/name'
11:35:50.113 [AsyncHttpClient-1-2] DEBUG org.asynchttpclient.netty.handler.HttpHandler - 

Request DefaultFullHttpRequest(decodeResult: success, version: HTTP/1.1, content: EmptyByteBufBE)
GET /session/b4c44b8ab3ec34df82fcca1e22294ffd/element/D6FCA329F55A989BAF0E516CCCB7C1E0_element_20/name HTTP/1.1
User-Agent: selenium/4.8.0 (java windows)
Cache-Control: no-cache
Content-Type: application/json; charset=utf-8
host: localhost:39165
accept: */*

Response DefaultHttpResponse(decodeResult: success, version: HTTP/1.1)
HTTP/1.1 200 OK
Content-Length: 18
Content-Type: application/json; charset=utf-8
cache-control: no-cache

11:35:50.113 [AsyncHttpClient-1-2] DEBUG org.asynchttpclient.netty.channel.ChannelManager - Adding key: http://localhost:39165 for channel [id: 0xa10b78a6, L:/127.0.0.1:61155 - R:localhost/127.0.0.1:39165]
11:35:50.113 [Forwarding getElementDomAttribute on session b4c44b8ab3ec34df82fcca1e22294ffd to remote] DEBUG org.asynchttpclient.netty.request.NettyRequestSender - Using pooled Channel '[id: 0xa10b78a6, L:/127.0.0.1:61155 - R:localhost/127.0.0.1:39165]' for 'GET' to 'http://localhost:39165/session/b4c44b8ab3ec34df82fcca1e22294ffd/element/D6FCA329F55A989BAF0E516CCCB7C1E0_element_20/attribute/multiple'
11:35:50.113 [Forwarding getElementDomAttribute on session b4c44b8ab3ec34df82fcca1e22294ffd to remote] DEBUG org.asynchttpclient.netty.request.NettyRequestSender - Using open Channel [id: 0xa10b78a6, L:/127.0.0.1:61155 - R:localhost/127.0.0.1:39165] for GET '/session/b4c44b8ab3ec34df82fcca1e22294ffd/element/D6FCA329F55A989BAF0E516CCCB7C1E0_element_20/attribute/multiple'
11:35:50.118 [AsyncHttpClient-1-2] DEBUG org.asynchttpclient.netty.handler.HttpHandler - 

Request DefaultFullHttpRequest(decodeResult: success, version: HTTP/1.1, content: EmptyByteBufBE)
GET /session/b4c44b8ab3ec34df82fcca1e22294ffd/element/D6FCA329F55A989BAF0E516CCCB7C1E0_element_20/attribute/multiple HTTP/1.1
User-Agent: selenium/4.8.0 (java windows)
Cache-Control: no-cache
Content-Type: application/json; charset=utf-8
host: localhost:39165
accept: */*

Response DefaultHttpResponse(decodeResult: success, version: HTTP/1.1)
HTTP/1.1 200 OK
Content-Length: 14
Content-Type: application/json; charset=utf-8
cache-control: no-cache

11:35:50.118 [AsyncHttpClient-1-2] DEBUG org.asynchttpclient.netty.channel.ChannelManager - Adding key: http://localhost:39165 for channel [id: 0xa10b78a6, L:/127.0.0.1:61155 - R:localhost/127.0.0.1:39165]
11:35:50.118 [Forwarding isElementEnabled on session b4c44b8ab3ec34df82fcca1e22294ffd to remote] DEBUG org.asynchttpclient.netty.request.NettyRequestSender - Using pooled Channel '[id: 0xa10b78a6, L:/127.0.0.1:61155 - R:localhost/127.0.0.1:39165]' for 'GET' to 'http://localhost:39165/session/b4c44b8ab3ec34df82fcca1e22294ffd/element/D6FCA329F55A989BAF0E516CCCB7C1E0_element_20/enabled'
11:35:50.118 [Forwarding isElementEnabled on session b4c44b8ab3ec34df82fcca1e22294ffd to remote] DEBUG org.asynchttpclient.netty.request.NettyRequestSender - Using open Channel [id: 0xa10b78a6, L:/127.0.0.1:61155 - R:localhost/127.0.0.1:39165] for GET '/session/b4c44b8ab3ec34df82fcca1e22294ffd/element/D6FCA329F55A989BAF0E516CCCB7C1E0_element_20/enabled'
11:35:50.123 [AsyncHttpClient-1-2] DEBUG org.asynchttpclient.netty.handler.HttpHandler - 

Request DefaultFullHttpRequest(decodeResult: success, version: HTTP/1.1, content: EmptyByteBufBE)
GET /session/b4c44b8ab3ec34df82fcca1e22294ffd/element/D6FCA329F55A989BAF0E516CCCB7C1E0_element_20/enabled HTTP/1.1
User-Agent: selenium/4.8.0 (java windows)
Cache-Control: no-cache
Content-Type: application/json; charset=utf-8
host: localhost:39165
accept: */*

Response DefaultHttpResponse(decodeResult: success, version: HTTP/1.1)
HTTP/1.1 200 OK
Content-Length: 14
Content-Type: application/json; charset=utf-8
cache-control: no-cache

11:35:50.123 [AsyncHttpClient-1-2] DEBUG org.asynchttpclient.netty.channel.ChannelManager - Adding key: http://localhost:39165 for channel [id: 0xa10b78a6, L:/127.0.0.1:61155 - R:localhost/127.0.0.1:39165]
11:35:50.124 [Forwarding findChildElements on session b4c44b8ab3ec34df82fcca1e22294ffd to remote] DEBUG org.asynchttpclient.netty.request.NettyRequestSender - Using pooled Channel '[id: 0xa10b78a6, L:/127.0.0.1:61155 - R:localhost/127.0.0.1:39165]' for 'POST' to 'http://localhost:39165/session/b4c44b8ab3ec34df82fcca1e22294ffd/element/D6FCA329F55A989BAF0E516CCCB7C1E0_element_20/elements'
11:35:50.124 [Forwarding findChildElements on session b4c44b8ab3ec34df82fcca1e22294ffd to remote] DEBUG org.asynchttpclient.netty.request.NettyRequestSender - Using open Channel [id: 0xa10b78a6, L:/127.0.0.1:61155 - R:localhost/127.0.0.1:39165] for POST '/session/b4c44b8ab3ec34df82fcca1e22294ffd/element/D6FCA329F55A989BAF0E516CCCB7C1E0_element_20/elements'
11:35:50.133 [AsyncHttpClient-1-2] DEBUG org.asynchttpclient.netty.handler.HttpHandler - 

Request DefaultHttpRequest(decodeResult: success, version: HTTP/1.1)
POST /session/b4c44b8ab3ec34df82fcca1e22294ffd/element/D6FCA329F55A989BAF0E516CCCB7C1E0_element_20/elements HTTP/1.1
User-Agent: selenium/4.8.0 (java windows)
Content-Length: 101
Content-Type: application/json; charset=utf-8
host: localhost:39165
accept: */*

Response DefaultHttpResponse(decodeResult: success, version: HTTP/1.1)
HTTP/1.1 200 OK
Content-Length: 355
Content-Type: application/json; charset=utf-8
cache-control: no-cache

11:35:50.134 [AsyncHttpClient-1-2] DEBUG org.asynchttpclient.netty.channel.ChannelManager - Adding key: http://localhost:39165 for channel [id: 0xa10b78a6, L:/127.0.0.1:61155 - R:localhost/127.0.0.1:39165]
11:35:50.138 [Forwarding getElementAttribute on session b4c44b8ab3ec34df82fcca1e22294ffd to remote] DEBUG org.asynchttpclient.netty.request.NettyRequestSender - Using pooled Channel '[id: 0xa10b78a6, L:/127.0.0.1:61155 - R:localhost/127.0.0.1:39165]' for 'POST' to 'http://localhost:39165/session/b4c44b8ab3ec34df82fcca1e22294ffd/execute/sync'
11:35:50.138 [Forwarding getElementAttribute on session b4c44b8ab3ec34df82fcca1e22294ffd to remote] DEBUG org.asynchttpclient.netty.request.NettyRequestSender - Using open Channel [id: 0xa10b78a6, L:/127.0.0.1:61155 - R:localhost/127.0.0.1:39165] for POST '/session/b4c44b8ab3ec34df82fcca1e22294ffd/execute/sync'
11:35:50.148 [AsyncHttpClient-1-2] DEBUG org.asynchttpclient.netty.handler.HttpHandler - 

Request DefaultHttpRequest(decodeResult: success, version: HTTP/1.1)
POST /session/b4c44b8ab3ec34df82fcca1e22294ffd/execute/sync HTTP/1.1
User-Agent: selenium/4.8.0 (java windows)
Content-Length: 47375
Content-Type: application/json; charset=utf-8
host: localhost:39165
accept: */*

Response DefaultHttpResponse(decodeResult: success, version: HTTP/1.1)
HTTP/1.1 200 OK
Content-Length: 13
Content-Type: application/json; charset=utf-8
cache-control: no-cache

11:35:50.148 [AsyncHttpClient-1-2] DEBUG org.asynchttpclient.netty.channel.ChannelManager - Adding key: http://localhost:39165 for channel [id: 0xa10b78a6, L:/127.0.0.1:61155 - R:localhost/127.0.0.1:39165]
11:35:50.150 [Forwarding getElementAttribute on session b4c44b8ab3ec34df82fcca1e22294ffd to remote] DEBUG org.asynchttpclient.netty.request.NettyRequestSender - Using pooled Channel '[id: 0xa10b78a6, L:/127.0.0.1:61155 - R:localhost/127.0.0.1:39165]' for 'POST' to 'http://localhost:39165/session/b4c44b8ab3ec34df82fcca1e22294ffd/execute/sync'
11:35:50.150 [Forwarding getElementAttribute on session b4c44b8ab3ec34df82fcca1e22294ffd to remote] DEBUG org.asynchttpclient.netty.request.NettyRequestSender - Using open Channel [id: 0xa10b78a6, L:/127.0.0.1:61155 - R:localhost/127.0.0.1:39165] for POST '/session/b4c44b8ab3ec34df82fcca1e22294ffd/execute/sync'
11:35:50.157 [AsyncHttpClient-1-2] DEBUG org.asynchttpclient.netty.handler.HttpHandler - 

Request DefaultHttpRequest(decodeResult: success, version: HTTP/1.1)
POST /session/b4c44b8ab3ec34df82fcca1e22294ffd/execute/sync HTTP/1.1
User-Agent: selenium/4.8.0 (java windows)
Content-Length: 47375
Content-Type: application/json; charset=utf-8
host: localhost:39165
accept: */*

Response DefaultHttpResponse(decodeResult: success, version: HTTP/1.1)
HTTP/1.1 200 OK
Content-Length: 13
Content-Type: application/json; charset=utf-8
cache-control: no-cache

11:35:50.157 [AsyncHttpClient-1-2] DEBUG org.asynchttpclient.netty.channel.ChannelManager - Adding key: http://localhost:39165 for channel [id: 0xa10b78a6, L:/127.0.0.1:61155 - R:localhost/127.0.0.1:39165]
11:35:50.157 [Forwarding isElementEnabled on session b4c44b8ab3ec34df82fcca1e22294ffd to remote] DEBUG org.asynchttpclient.netty.request.NettyRequestSender - Using pooled Channel '[id: 0xa10b78a6, L:/127.0.0.1:61155 - R:localhost/127.0.0.1:39165]' for 'GET' to 'http://localhost:39165/session/b4c44b8ab3ec34df82fcca1e22294ffd/element/D6FCA329F55A989BAF0E516CCCB7C1E0_element_49/enabled'
11:35:50.157 [Forwarding isElementEnabled on session b4c44b8ab3ec34df82fcca1e22294ffd to remote] DEBUG org.asynchttpclient.netty.request.NettyRequestSender - Using open Channel [id: 0xa10b78a6, L:/127.0.0.1:61155 - R:localhost/127.0.0.1:39165] for GET '/session/b4c44b8ab3ec34df82fcca1e22294ffd/element/D6FCA329F55A989BAF0E516CCCB7C1E0_element_49/enabled'
11:35:50.163 [AsyncHttpClient-1-2] DEBUG org.asynchttpclient.netty.handler.HttpHandler - 

Request DefaultFullHttpRequest(decodeResult: success, version: HTTP/1.1, content: EmptyByteBufBE)
GET /session/b4c44b8ab3ec34df82fcca1e22294ffd/element/D6FCA329F55A989BAF0E516CCCB7C1E0_element_49/enabled HTTP/1.1
User-Agent: selenium/4.8.0 (java windows)
Cache-Control: no-cache
Content-Type: application/json; charset=utf-8
host: localhost:39165
accept: */*

Response DefaultHttpResponse(decodeResult: success, version: HTTP/1.1)
HTTP/1.1 200 OK
Content-Length: 14
Content-Type: application/json; charset=utf-8
cache-control: no-cache

11:35:50.163 [AsyncHttpClient-1-2] DEBUG org.asynchttpclient.netty.channel.ChannelManager - Adding key: http://localhost:39165 for channel [id: 0xa10b78a6, L:/127.0.0.1:61155 - R:localhost/127.0.0.1:39165]
11:35:50.163 [Forwarding isElementSelected on session b4c44b8ab3ec34df82fcca1e22294ffd to remote] DEBUG org.asynchttpclient.netty.request.NettyRequestSender - Using pooled Channel '[id: 0xa10b78a6, L:/127.0.0.1:61155 - R:localhost/127.0.0.1:39165]' for 'GET' to 'http://localhost:39165/session/b4c44b8ab3ec34df82fcca1e22294ffd/element/D6FCA329F55A989BAF0E516CCCB7C1E0_element_49/selected'
11:35:50.163 [Forwarding isElementSelected on session b4c44b8ab3ec34df82fcca1e22294ffd to remote] DEBUG org.asynchttpclient.netty.request.NettyRequestSender - Using open Channel [id: 0xa10b78a6, L:/127.0.0.1:61155 - R:localhost/127.0.0.1:39165] for GET '/session/b4c44b8ab3ec34df82fcca1e22294ffd/element/D6FCA329F55A989BAF0E516CCCB7C1E0_element_49/selected'
11:35:50.172 [AsyncHttpClient-1-2] DEBUG org.asynchttpclient.netty.handler.HttpHandler - 

Request DefaultFullHttpRequest(decodeResult: success, version: HTTP/1.1, content: EmptyByteBufBE)
GET /session/b4c44b8ab3ec34df82fcca1e22294ffd/element/D6FCA329F55A989BAF0E516CCCB7C1E0_element_49/selected HTTP/1.1
User-Agent: selenium/4.8.0 (java windows)
Cache-Control: no-cache
Content-Type: application/json; charset=utf-8
host: localhost:39165
accept: */*

Response DefaultHttpResponse(decodeResult: success, version: HTTP/1.1)
HTTP/1.1 200 OK
Content-Length: 15
Content-Type: application/json; charset=utf-8
cache-control: no-cache

11:35:50.172 [AsyncHttpClient-1-2] DEBUG org.asynchttpclient.netty.channel.ChannelManager - Adding key: http://localhost:39165 for channel [id: 0xa10b78a6, L:/127.0.0.1:61155 - R:localhost/127.0.0.1:39165]
11:35:50.173 [Forwarding clickElement on session b4c44b8ab3ec34df82fcca1e22294ffd to remote] DEBUG org.asynchttpclient.netty.request.NettyRequestSender - Using pooled Channel '[id: 0xa10b78a6, L:/127.0.0.1:61155 - R:localhost/127.0.0.1:39165]' for 'POST' to 'http://localhost:39165/session/b4c44b8ab3ec34df82fcca1e22294ffd/element/D6FCA329F55A989BAF0E516CCCB7C1E0_element_49/click'
11:35:50.174 [Forwarding clickElement on session b4c44b8ab3ec34df82fcca1e22294ffd to remote] DEBUG org.asynchttpclient.netty.request.NettyRequestSender - Using open Channel [id: 0xa10b78a6, L:/127.0.0.1:61155 - R:localhost/127.0.0.1:39165] for POST '/session/b4c44b8ab3ec34df82fcca1e22294ffd/element/D6FCA329F55A989BAF0E516CCCB7C1E0_element_49/click'
11:35:50.199 [AsyncHttpClient-1-2] DEBUG org.asynchttpclient.netty.handler.HttpHandler - 

Request DefaultHttpRequest(decodeResult: success, version: HTTP/1.1)
POST /session/b4c44b8ab3ec34df82fcca1e22294ffd/element/D6FCA329F55A989BAF0E516CCCB7C1E0_element_49/click HTTP/1.1
User-Agent: selenium/4.8.0 (java windows)
Content-Length: 57
Content-Type: application/json; charset=utf-8
host: localhost:39165
accept: */*

Response DefaultHttpResponse(decodeResult: success, version: HTTP/1.1)
HTTP/1.1 200 OK
Content-Length: 14
Content-Type: application/json; charset=utf-8
cache-control: no-cache

11:35:50.199 [AsyncHttpClient-1-2] DEBUG org.asynchttpclient.netty.channel.ChannelManager - Adding key: http://localhost:39165 for channel [id: 0xa10b78a6, L:/127.0.0.1:61155 - R:localhost/127.0.0.1:39165]
11:35:50.205 [Forwarding getAlertText on session b4c44b8ab3ec34df82fcca1e22294ffd to remote] DEBUG org.asynchttpclient.netty.request.NettyRequestSender - Using pooled Channel '[id: 0xa10b78a6, L:/127.0.0.1:61155 - R:localhost/127.0.0.1:39165]' for 'GET' to 'http://localhost:39165/session/b4c44b8ab3ec34df82fcca1e22294ffd/alert/text'
11:35:50.205 [Forwarding getAlertText on session b4c44b8ab3ec34df82fcca1e22294ffd to remote] DEBUG org.asynchttpclient.netty.request.NettyRequestSender - Using open Channel [id: 0xa10b78a6, L:/127.0.0.1:61155 - R:localhost/127.0.0.1:39165] for GET '/session/b4c44b8ab3ec34df82fcca1e22294ffd/alert/text'
11:35:50.208 [AsyncHttpClient-1-2] DEBUG org.asynchttpclient.netty.handler.HttpHandler - 

Request DefaultFullHttpRequest(decodeResult: success, version: HTTP/1.1, content: EmptyByteBufBE)
GET /session/b4c44b8ab3ec34df82fcca1e22294ffd/alert/text HTTP/1.1
User-Agent: selenium/4.8.0 (java windows)
Cache-Control: no-cache
Content-Type: application/json; charset=utf-8
host: localhost:39165
accept: */*

Response DefaultHttpResponse(decodeResult: success, version: HTTP/1.1)
HTTP/1.1 404 Not Found
Content-Length: 1522
Content-Type: application/json; charset=utf-8
cache-control: no-cache

11:35:50.209 [AsyncHttpClient-1-2] DEBUG org.asynchttpclient.netty.channel.ChannelManager - Adding key: http://localhost:39165 for channel [id: 0xa10b78a6, L:/127.0.0.1:61155 - R:localhost/127.0.0.1:39165]
11:35:50.210 [Forwarding getCurrentUrl on session b4c44b8ab3ec34df82fcca1e22294ffd to remote] DEBUG org.asynchttpclient.netty.request.NettyRequestSender - Using pooled Channel '[id: 0xa10b78a6, L:/127.0.0.1:61155 - R:localhost/127.0.0.1:39165]' for 'GET' to 'http://localhost:39165/session/b4c44b8ab3ec34df82fcca1e22294ffd/url'
11:35:50.210 [Forwarding getCurrentUrl on session b4c44b8ab3ec34df82fcca1e22294ffd to remote] DEBUG org.asynchttpclient.netty.request.NettyRequestSender - Using open Channel [id: 0xa10b78a6, L:/127.0.0.1:61155 - R:localhost/127.0.0.1:39165] for GET '/session/b4c44b8ab3ec34df82fcca1e22294ffd/url'
11:35:50.215 [AsyncHttpClient-1-2] DEBUG org.asynchttpclient.netty.handler.HttpHandler - 

Request DefaultFullHttpRequest(decodeResult: success, version: HTTP/1.1, content: EmptyByteBufBE)
GET /session/b4c44b8ab3ec34df82fcca1e22294ffd/url HTTP/1.1
User-Agent: selenium/4.8.0 (java windows)
Cache-Control: no-cache
Content-Type: application/json; charset=utf-8
host: localhost:39165
accept: */*

Response DefaultHttpResponse(decodeResult: success, version: HTTP/1.1)
HTTP/1.1 200 OK
Content-Length: 52
Content-Type: application/json; charset=utf-8
cache-control: no-cache

11:35:50.215 [AsyncHttpClient-1-2] DEBUG org.asynchttpclient.netty.channel.ChannelManager - Adding key: http://localhost:39165 for channel [id: 0xa10b78a6, L:/127.0.0.1:61155 - R:localhost/127.0.0.1:39165]
11:35:50.216 [Forwarding screenshot on session b4c44b8ab3ec34df82fcca1e22294ffd to remote] DEBUG org.asynchttpclient.netty.request.NettyRequestSender - Using pooled Channel '[id: 0xa10b78a6, L:/127.0.0.1:61155 - R:localhost/127.0.0.1:39165]' for 'GET' to 'http://localhost:39165/session/b4c44b8ab3ec34df82fcca1e22294ffd/screenshot'
11:35:50.216 [Forwarding screenshot on session b4c44b8ab3ec34df82fcca1e22294ffd to remote] DEBUG org.asynchttpclient.netty.request.NettyRequestSender - Using open Channel [id: 0xa10b78a6, L:/127.0.0.1:61155 - R:localhost/127.0.0.1:39165] for GET '/session/b4c44b8ab3ec34df82fcca1e22294ffd/screenshot'
11:35:50.430 [AsyncHttpClient-1-2] DEBUG org.asynchttpclient.netty.handler.HttpHandler - 

Request DefaultFullHttpRequest(decodeResult: success, version: HTTP/1.1, content: EmptyByteBufBE)
GET /session/b4c44b8ab3ec34df82fcca1e22294ffd/screenshot HTTP/1.1
User-Agent: selenium/4.8.0 (java windows)
Cache-Control: no-cache
Content-Type: application/json; charset=utf-8
host: localhost:39165
accept: */*

Response DefaultHttpResponse(decodeResult: success, version: HTTP/1.1)
HTTP/1.1 200 OK
Content-Length: 508544
Content-Type: application/json; charset=utf-8
cache-control: no-cache

11:35:50.431 [AsyncHttpClient-1-2] DEBUG org.asynchttpclient.netty.channel.ChannelManager - Adding key: http://localhost:39165 for channel [id: 0xa10b78a6, L:/127.0.0.1:61155 - R:localhost/127.0.0.1:39165]
11:35:50.440 [main] DEBUG net.serenitybdd.core.photography.Darkroom - Send negative for processing for target\site\serenity\1632ab7f374122e2e8d5b56ff5bf85d036cc4925349f90958562fd41480640ef.png
11:35:50.440 [main] DEBUG net.thucydides.core.steps.StepInterceptor - STEP DONE: choose filter option Z to A
11:35:50.445 [Darkroom Processing Line] DEBUG net.serenitybdd.core.photography.DarkroomProcessingLine - Processing screenshot image in /var/screenshots/screenshot-8270082204537953295
11:35:50.445 [Darkroom Processing Line] DEBUG net.serenitybdd.core.photography.DarkroomProcessingLine - Saving screenshot to target\site\serenity\1632ab7f374122e2e8d5b56ff5bf85d036cc4925349f90958562fd41480640ef.png
11:35:50.446 [Forwarding getPageSource on session b4c44b8ab3ec34df82fcca1e22294ffd to remote] DEBUG org.asynchttpclient.netty.request.NettyRequestSender - Using pooled Channel '[id: 0xa10b78a6, L:/127.0.0.1:61155 - R:localhost/127.0.0.1:39165]' for 'POST' to 'http://localhost:39165/session/b4c44b8ab3ec34df82fcca1e22294ffd/execute/sync'
11:35:50.446 [Forwarding getPageSource on session b4c44b8ab3ec34df82fcca1e22294ffd to remote] DEBUG org.asynchttpclient.netty.request.NettyRequestSender - Using open Channel [id: 0xa10b78a6, L:/127.0.0.1:61155 - R:localhost/127.0.0.1:39165] for POST '/session/b4c44b8ab3ec34df82fcca1e22294ffd/execute/sync'
11:35:50.453 [AsyncHttpClient-1-2] DEBUG org.asynchttpclient.netty.handler.HttpHandler - 

Request DefaultHttpRequest(decodeResult: success, version: HTTP/1.1)
POST /session/b4c44b8ab3ec34df82fcca1e22294ffd/execute/sync HTTP/1.1
User-Agent: selenium/4.8.0 (java windows)
Content-Length: 176
Content-Type: application/json; charset=utf-8
host: localhost:39165
accept: */*

Response DefaultHttpResponse(decodeResult: success, version: HTTP/1.1)
HTTP/1.1 200 OK
Content-Length: 16392
Content-Type: application/json; charset=utf-8
cache-control: no-cache

11:35:50.453 [AsyncHttpClient-1-2] DEBUG org.asynchttpclient.netty.channel.ChannelManager - Adding key: http://localhost:39165 for channel [id: 0xa10b78a6, L:/127.0.0.1:61155 - R:localhost/127.0.0.1:39165]
11:35:50.456 [Forwarding getCurrentUrl on session b4c44b8ab3ec34df82fcca1e22294ffd to remote] DEBUG org.asynchttpclient.netty.request.NettyRequestSender - Using pooled Channel '[id: 0xa10b78a6, L:/127.0.0.1:61155 - R:localhost/127.0.0.1:39165]' for 'GET' to 'http://localhost:39165/session/b4c44b8ab3ec34df82fcca1e22294ffd/url'
11:35:50.457 [Forwarding getCurrentUrl on session b4c44b8ab3ec34df82fcca1e22294ffd to remote] DEBUG org.asynchttpclient.netty.request.NettyRequestSender - Using open Channel [id: 0xa10b78a6, L:/127.0.0.1:61155 - R:localhost/127.0.0.1:39165] for GET '/session/b4c44b8ab3ec34df82fcca1e22294ffd/url'
11:35:50.462 [AsyncHttpClient-1-2] DEBUG org.asynchttpclient.netty.handler.HttpHandler - 

Request DefaultFullHttpRequest(decodeResult: success, version: HTTP/1.1, content: EmptyByteBufBE)
GET /session/b4c44b8ab3ec34df82fcca1e22294ffd/url HTTP/1.1
User-Agent: selenium/4.8.0 (java windows)
Cache-Control: no-cache
Content-Type: application/json; charset=utf-8
host: localhost:39165
accept: */*

Response DefaultHttpResponse(decodeResult: success, version: HTTP/1.1)
HTTP/1.1 200 OK
Content-Length: 52
Content-Type: application/json; charset=utf-8
cache-control: no-cache

11:35:50.462 [AsyncHttpClient-1-2] DEBUG org.asynchttpclient.netty.channel.ChannelManager - Adding key: http://localhost:39165 for channel [id: 0xa10b78a6, L:/127.0.0.1:61155 - R:localhost/127.0.0.1:39165]
11:35:50.468 [main] DEBUG net.thucydides.core.steps.StepInterceptor - STARTING STEP: InventoryPageSteps.test5_validateSortinLogicInFilter - validate FilterProductZToA
11:35:50.469 [Forwarding findElements on session b4c44b8ab3ec34df82fcca1e22294ffd to remote] DEBUG org.asynchttpclient.netty.request.NettyRequestSender - Using pooled Channel '[id: 0xa10b78a6, L:/127.0.0.1:61155 - R:localhost/127.0.0.1:39165]' for 'POST' to 'http://localhost:39165/session/b4c44b8ab3ec34df82fcca1e22294ffd/elements'
11:35:50.469 [Forwarding findElements on session b4c44b8ab3ec34df82fcca1e22294ffd to remote] DEBUG org.asynchttpclient.netty.request.NettyRequestSender - Using open Channel [id: 0xa10b78a6, L:/127.0.0.1:61155 - R:localhost/127.0.0.1:39165] for POST '/session/b4c44b8ab3ec34df82fcca1e22294ffd/elements'
11:35:50.478 [AsyncHttpClient-1-2] DEBUG org.asynchttpclient.netty.handler.HttpHandler - 

Request DefaultHttpRequest(decodeResult: success, version: HTTP/1.1)
POST /session/b4c44b8ab3ec34df82fcca1e22294ffd/elements HTTP/1.1
User-Agent: selenium/4.8.0 (java windows)
Content-Length: 111
Content-Type: application/json; charset=utf-8
host: localhost:39165
accept: */*

Response DefaultHttpResponse(decodeResult: success, version: HTTP/1.1)
HTTP/1.1 200 OK
Content-Length: 527
Content-Type: application/json; charset=utf-8
cache-control: no-cache

11:35:50.478 [AsyncHttpClient-1-2] DEBUG org.asynchttpclient.netty.channel.ChannelManager - Adding key: http://localhost:39165 for channel [id: 0xa10b78a6, L:/127.0.0.1:61155 - R:localhost/127.0.0.1:39165]
11:35:50.479 [Forwarding findElements on session b4c44b8ab3ec34df82fcca1e22294ffd to remote] DEBUG org.asynchttpclient.netty.request.NettyRequestSender - Using pooled Channel '[id: 0xa10b78a6, L:/127.0.0.1:61155 - R:localhost/127.0.0.1:39165]' for 'POST' to 'http://localhost:39165/session/b4c44b8ab3ec34df82fcca1e22294ffd/elements'
11:35:50.480 [Forwarding findElements on session b4c44b8ab3ec34df82fcca1e22294ffd to remote] DEBUG org.asynchttpclient.netty.request.NettyRequestSender - Using open Channel [id: 0xa10b78a6, L:/127.0.0.1:61155 - R:localhost/127.0.0.1:39165] for POST '/session/b4c44b8ab3ec34df82fcca1e22294ffd/elements'
11:35:50.487 [AsyncHttpClient-1-2] DEBUG org.asynchttpclient.netty.handler.HttpHandler - 

Request DefaultHttpRequest(decodeResult: success, version: HTTP/1.1)
POST /session/b4c44b8ab3ec34df82fcca1e22294ffd/elements HTTP/1.1
User-Agent: selenium/4.8.0 (java windows)
Content-Length: 111
Content-Type: application/json; charset=utf-8
host: localhost:39165
accept: */*

Response DefaultHttpResponse(decodeResult: success, version: HTTP/1.1)
HTTP/1.1 200 OK
Content-Length: 527
Content-Type: application/json; charset=utf-8
cache-control: no-cache

11:35:50.487 [AsyncHttpClient-1-2] DEBUG org.asynchttpclient.netty.channel.ChannelManager - Adding key: http://localhost:39165 for channel [id: 0xa10b78a6, L:/127.0.0.1:61155 - R:localhost/127.0.0.1:39165]
11:35:50.489 [Forwarding getElementText on session b4c44b8ab3ec34df82fcca1e22294ffd to remote] DEBUG org.asynchttpclient.netty.request.NettyRequestSender - Using pooled Channel '[id: 0xa10b78a6, L:/127.0.0.1:61155 - R:localhost/127.0.0.1:39165]' for 'GET' to 'http://localhost:39165/session/b4c44b8ab3ec34df82fcca1e22294ffd/element/D6FCA329F55A989BAF0E516CCCB7C1E0_element_35/text'
11:35:50.489 [Forwarding getElementText on session b4c44b8ab3ec34df82fcca1e22294ffd to remote] DEBUG org.asynchttpclient.netty.request.NettyRequestSender - Using open Channel [id: 0xa10b78a6, L:/127.0.0.1:61155 - R:localhost/127.0.0.1:39165] for GET '/session/b4c44b8ab3ec34df82fcca1e22294ffd/element/D6FCA329F55A989BAF0E516CCCB7C1E0_element_35/text'
11:35:50.499 [AsyncHttpClient-1-2] DEBUG org.asynchttpclient.netty.handler.HttpHandler - 

Request DefaultFullHttpRequest(decodeResult: success, version: HTTP/1.1, content: EmptyByteBufBE)
GET /session/b4c44b8ab3ec34df82fcca1e22294ffd/element/D6FCA329F55A989BAF0E516CCCB7C1E0_element_35/text HTTP/1.1
User-Agent: selenium/4.8.0 (java windows)
Cache-Control: no-cache
Content-Type: application/json; charset=utf-8
host: localhost:39165
accept: */*

Response DefaultHttpResponse(decodeResult: success, version: HTTP/1.1)
HTTP/1.1 200 OK
Content-Length: 45
Content-Type: application/json; charset=utf-8
cache-control: no-cache

11:35:50.499 [AsyncHttpClient-1-2] DEBUG org.asynchttpclient.netty.channel.ChannelManager - Adding key: http://localhost:39165 for channel [id: 0xa10b78a6, L:/127.0.0.1:61155 - R:localhost/127.0.0.1:39165]
11:35:50.503 [Forwarding findElements on session b4c44b8ab3ec34df82fcca1e22294ffd to remote] DEBUG org.asynchttpclient.netty.request.NettyRequestSender - Using pooled Channel '[id: 0xa10b78a6, L:/127.0.0.1:61155 - R:localhost/127.0.0.1:39165]' for 'POST' to 'http://localhost:39165/session/b4c44b8ab3ec34df82fcca1e22294ffd/elements'
11:35:50.503 [Forwarding findElements on session b4c44b8ab3ec34df82fcca1e22294ffd to remote] DEBUG org.asynchttpclient.netty.request.NettyRequestSender - Using open Channel [id: 0xa10b78a6, L:/127.0.0.1:61155 - R:localhost/127.0.0.1:39165] for POST '/session/b4c44b8ab3ec34df82fcca1e22294ffd/elements'
11:35:50.512 [AsyncHttpClient-1-2] DEBUG org.asynchttpclient.netty.handler.HttpHandler - 

Request DefaultHttpRequest(decodeResult: success, version: HTTP/1.1)
POST /session/b4c44b8ab3ec34df82fcca1e22294ffd/elements HTTP/1.1
User-Agent: selenium/4.8.0 (java windows)
Content-Length: 111
Content-Type: application/json; charset=utf-8
host: localhost:39165
accept: */*

Response DefaultHttpResponse(decodeResult: success, version: HTTP/1.1)
HTTP/1.1 200 OK
Content-Length: 527
Content-Type: application/json; charset=utf-8
cache-control: no-cache

11:35:50.512 [AsyncHttpClient-1-2] DEBUG org.asynchttpclient.netty.channel.ChannelManager - Adding key: http://localhost:39165 for channel [id: 0xa10b78a6, L:/127.0.0.1:61155 - R:localhost/127.0.0.1:39165]
11:35:50.514 [Forwarding getElementText on session b4c44b8ab3ec34df82fcca1e22294ffd to remote] DEBUG org.asynchttpclient.netty.request.NettyRequestSender - Using pooled Channel '[id: 0xa10b78a6, L:/127.0.0.1:61155 - R:localhost/127.0.0.1:39165]' for 'GET' to 'http://localhost:39165/session/b4c44b8ab3ec34df82fcca1e22294ffd/element/D6FCA329F55A989BAF0E516CCCB7C1E0_element_35/text'
11:35:50.514 [Forwarding getElementText on session b4c44b8ab3ec34df82fcca1e22294ffd to remote] DEBUG org.asynchttpclient.netty.request.NettyRequestSender - Using open Channel [id: 0xa10b78a6, L:/127.0.0.1:61155 - R:localhost/127.0.0.1:39165] for GET '/session/b4c44b8ab3ec34df82fcca1e22294ffd/element/D6FCA329F55A989BAF0E516CCCB7C1E0_element_35/text'
11:35:50.523 [AsyncHttpClient-1-2] DEBUG org.asynchttpclient.netty.handler.HttpHandler - 

Request DefaultFullHttpRequest(decodeResult: success, version: HTTP/1.1, content: EmptyByteBufBE)
GET /session/b4c44b8ab3ec34df82fcca1e22294ffd/element/D6FCA329F55A989BAF0E516CCCB7C1E0_element_35/text HTTP/1.1
User-Agent: selenium/4.8.0 (java windows)
Cache-Control: no-cache
Content-Type: application/json; charset=utf-8
host: localhost:39165
accept: */*

Response DefaultHttpResponse(decodeResult: success, version: HTTP/1.1)
HTTP/1.1 200 OK
Content-Length: 45
Content-Type: application/json; charset=utf-8
cache-control: no-cache

11:35:50.524 [AsyncHttpClient-1-2] DEBUG org.asynchttpclient.netty.channel.ChannelManager - Adding key: http://localhost:39165 for channel [id: 0xa10b78a6, L:/127.0.0.1:61155 - R:localhost/127.0.0.1:39165]
11:35:50.524 [main] INFO  com.swaglabs.base.SetUp - Test.allTheThings() T-Shirt (Red) validated Passed
11:35:50.525 [Forwarding findElements on session b4c44b8ab3ec34df82fcca1e22294ffd to remote] DEBUG org.asynchttpclient.netty.request.NettyRequestSender - Using pooled Channel '[id: 0xa10b78a6, L:/127.0.0.1:61155 - R:localhost/127.0.0.1:39165]' for 'POST' to 'http://localhost:39165/session/b4c44b8ab3ec34df82fcca1e22294ffd/elements'
11:35:50.525 [Forwarding findElements on session b4c44b8ab3ec34df82fcca1e22294ffd to remote] DEBUG org.asynchttpclient.netty.request.NettyRequestSender - Using open Channel [id: 0xa10b78a6, L:/127.0.0.1:61155 - R:localhost/127.0.0.1:39165] for POST '/session/b4c44b8ab3ec34df82fcca1e22294ffd/elements'
11:35:50.534 [AsyncHttpClient-1-2] DEBUG org.asynchttpclient.netty.handler.HttpHandler - 

Request DefaultHttpRequest(decodeResult: success, version: HTTP/1.1)
POST /session/b4c44b8ab3ec34df82fcca1e22294ffd/elements HTTP/1.1
User-Agent: selenium/4.8.0 (java windows)
Content-Length: 111
Content-Type: application/json; charset=utf-8
host: localhost:39165
accept: */*

Response DefaultHttpResponse(decodeResult: success, version: HTTP/1.1)
HTTP/1.1 200 OK
Content-Length: 527
Content-Type: application/json; charset=utf-8
cache-control: no-cache

11:35:50.534 [AsyncHttpClient-1-2] DEBUG org.asynchttpclient.netty.channel.ChannelManager - Adding key: http://localhost:39165 for channel [id: 0xa10b78a6, L:/127.0.0.1:61155 - R:localhost/127.0.0.1:39165]
11:35:50.536 [Forwarding findElements on session b4c44b8ab3ec34df82fcca1e22294ffd to remote] DEBUG org.asynchttpclient.netty.request.NettyRequestSender - Using pooled Channel '[id: 0xa10b78a6, L:/127.0.0.1:61155 - R:localhost/127.0.0.1:39165]' for 'POST' to 'http://localhost:39165/session/b4c44b8ab3ec34df82fcca1e22294ffd/elements'
11:35:50.536 [Forwarding findElements on session b4c44b8ab3ec34df82fcca1e22294ffd to remote] DEBUG org.asynchttpclient.netty.request.NettyRequestSender - Using open Channel [id: 0xa10b78a6, L:/127.0.0.1:61155 - R:localhost/127.0.0.1:39165] for POST '/session/b4c44b8ab3ec34df82fcca1e22294ffd/elements'
11:35:50.544 [AsyncHttpClient-1-2] DEBUG org.asynchttpclient.netty.handler.HttpHandler - 

Request DefaultHttpRequest(decodeResult: success, version: HTTP/1.1)
POST /session/b4c44b8ab3ec34df82fcca1e22294ffd/elements HTTP/1.1
User-Agent: selenium/4.8.0 (java windows)
Content-Length: 111
Content-Type: application/json; charset=utf-8
host: localhost:39165
accept: */*

Response DefaultHttpResponse(decodeResult: success, version: HTTP/1.1)
HTTP/1.1 200 OK
Content-Length: 527
Content-Type: application/json; charset=utf-8
cache-control: no-cache

11:35:50.544 [AsyncHttpClient-1-2] DEBUG org.asynchttpclient.netty.channel.ChannelManager - Adding key: http://localhost:39165 for channel [id: 0xa10b78a6, L:/127.0.0.1:61155 - R:localhost/127.0.0.1:39165]
11:35:50.545 [Forwarding getElementText on session b4c44b8ab3ec34df82fcca1e22294ffd to remote] DEBUG org.asynchttpclient.netty.request.NettyRequestSender - Using pooled Channel '[id: 0xa10b78a6, L:/127.0.0.1:61155 - R:localhost/127.0.0.1:39165]' for 'GET' to 'http://localhost:39165/session/b4c44b8ab3ec34df82fcca1e22294ffd/element/D6FCA329F55A989BAF0E516CCCB7C1E0_element_34/text'
11:35:50.545 [Forwarding getElementText on session b4c44b8ab3ec34df82fcca1e22294ffd to remote] DEBUG org.asynchttpclient.netty.request.NettyRequestSender - Using open Channel [id: 0xa10b78a6, L:/127.0.0.1:61155 - R:localhost/127.0.0.1:39165] for GET '/session/b4c44b8ab3ec34df82fcca1e22294ffd/element/D6FCA329F55A989BAF0E516CCCB7C1E0_element_34/text'
11:35:50.555 [AsyncHttpClient-1-2] DEBUG org.asynchttpclient.netty.handler.HttpHandler - 

Request DefaultFullHttpRequest(decodeResult: success, version: HTTP/1.1, content: EmptyByteBufBE)
GET /session/b4c44b8ab3ec34df82fcca1e22294ffd/element/D6FCA329F55A989BAF0E516CCCB7C1E0_element_34/text HTTP/1.1
User-Agent: selenium/4.8.0 (java windows)
Cache-Control: no-cache
Content-Type: application/json; charset=utf-8
host: localhost:39165
accept: */*

Response DefaultHttpResponse(decodeResult: success, version: HTTP/1.1)
HTTP/1.1 200 OK
Content-Length: 29
Content-Type: application/json; charset=utf-8
cache-control: no-cache

11:35:50.555 [AsyncHttpClient-1-2] DEBUG org.asynchttpclient.netty.channel.ChannelManager - Adding key: http://localhost:39165 for channel [id: 0xa10b78a6, L:/127.0.0.1:61155 - R:localhost/127.0.0.1:39165]
11:35:50.555 [Forwarding findElements on session b4c44b8ab3ec34df82fcca1e22294ffd to remote] DEBUG org.asynchttpclient.netty.request.NettyRequestSender - Using pooled Channel '[id: 0xa10b78a6, L:/127.0.0.1:61155 - R:localhost/127.0.0.1:39165]' for 'POST' to 'http://localhost:39165/session/b4c44b8ab3ec34df82fcca1e22294ffd/elements'
11:35:50.556 [Forwarding findElements on session b4c44b8ab3ec34df82fcca1e22294ffd to remote] DEBUG org.asynchttpclient.netty.request.NettyRequestSender - Using open Channel [id: 0xa10b78a6, L:/127.0.0.1:61155 - R:localhost/127.0.0.1:39165] for POST '/session/b4c44b8ab3ec34df82fcca1e22294ffd/elements'
11:35:50.561 [AsyncHttpClient-1-2] DEBUG org.asynchttpclient.netty.handler.HttpHandler - 

Request DefaultHttpRequest(decodeResult: success, version: HTTP/1.1)
POST /session/b4c44b8ab3ec34df82fcca1e22294ffd/elements HTTP/1.1
User-Agent: selenium/4.8.0 (java windows)
Content-Length: 111
Content-Type: application/json; charset=utf-8
host: localhost:39165
accept: */*

Response DefaultHttpResponse(decodeResult: success, version: HTTP/1.1)
HTTP/1.1 200 OK
Content-Length: 527
Content-Type: application/json; charset=utf-8
cache-control: no-cache

11:35:50.561 [AsyncHttpClient-1-2] DEBUG org.asynchttpclient.netty.channel.ChannelManager - Adding key: http://localhost:39165 for channel [id: 0xa10b78a6, L:/127.0.0.1:61155 - R:localhost/127.0.0.1:39165]
11:35:50.564 [Forwarding getElementText on session b4c44b8ab3ec34df82fcca1e22294ffd to remote] DEBUG org.asynchttpclient.netty.request.NettyRequestSender - Using pooled Channel '[id: 0xa10b78a6, L:/127.0.0.1:61155 - R:localhost/127.0.0.1:39165]' for 'GET' to 'http://localhost:39165/session/b4c44b8ab3ec34df82fcca1e22294ffd/element/D6FCA329F55A989BAF0E516CCCB7C1E0_element_34/text'
11:35:50.564 [Forwarding getElementText on session b4c44b8ab3ec34df82fcca1e22294ffd to remote] DEBUG org.asynchttpclient.netty.request.NettyRequestSender - Using open Channel [id: 0xa10b78a6, L:/127.0.0.1:61155 - R:localhost/127.0.0.1:39165] for GET '/session/b4c44b8ab3ec34df82fcca1e22294ffd/element/D6FCA329F55A989BAF0E516CCCB7C1E0_element_34/text'
11:35:50.573 [AsyncHttpClient-1-2] DEBUG org.asynchttpclient.netty.handler.HttpHandler - 

Request DefaultFullHttpRequest(decodeResult: success, version: HTTP/1.1, content: EmptyByteBufBE)
GET /session/b4c44b8ab3ec34df82fcca1e22294ffd/element/D6FCA329F55A989BAF0E516CCCB7C1E0_element_34/text HTTP/1.1
User-Agent: selenium/4.8.0 (java windows)
Cache-Control: no-cache
Content-Type: application/json; charset=utf-8
host: localhost:39165
accept: */*

Response DefaultHttpResponse(decodeResult: success, version: HTTP/1.1)
HTTP/1.1 200 OK
Content-Length: 29
Content-Type: application/json; charset=utf-8
cache-control: no-cache

11:35:50.573 [AsyncHttpClient-1-2] DEBUG org.asynchttpclient.netty.channel.ChannelManager - Adding key: http://localhost:39165 for channel [id: 0xa10b78a6, L:/127.0.0.1:61155 - R:localhost/127.0.0.1:39165]
11:35:50.573 [main] INFO  com.swaglabs.base.SetUp - Sauce Labs Onesie validated Passed
11:35:50.574 [Forwarding findElements on session b4c44b8ab3ec34df82fcca1e22294ffd to remote] DEBUG org.asynchttpclient.netty.request.NettyRequestSender - Using pooled Channel '[id: 0xa10b78a6, L:/127.0.0.1:61155 - R:localhost/127.0.0.1:39165]' for 'POST' to 'http://localhost:39165/session/b4c44b8ab3ec34df82fcca1e22294ffd/elements'
11:35:50.574 [Forwarding findElements on session b4c44b8ab3ec34df82fcca1e22294ffd to remote] DEBUG org.asynchttpclient.netty.request.NettyRequestSender - Using open Channel [id: 0xa10b78a6, L:/127.0.0.1:61155 - R:localhost/127.0.0.1:39165] for POST '/session/b4c44b8ab3ec34df82fcca1e22294ffd/elements'
11:35:50.582 [AsyncHttpClient-1-2] DEBUG org.asynchttpclient.netty.handler.HttpHandler - 

Request DefaultHttpRequest(decodeResult: success, version: HTTP/1.1)
POST /session/b4c44b8ab3ec34df82fcca1e22294ffd/elements HTTP/1.1
User-Agent: selenium/4.8.0 (java windows)
Content-Length: 111
Content-Type: application/json; charset=utf-8
host: localhost:39165
accept: */*

Response DefaultHttpResponse(decodeResult: success, version: HTTP/1.1)
HTTP/1.1 200 OK
Content-Length: 527
Content-Type: application/json; charset=utf-8
cache-control: no-cache

11:35:50.582 [AsyncHttpClient-1-2] DEBUG org.asynchttpclient.netty.channel.ChannelManager - Adding key: http://localhost:39165 for channel [id: 0xa10b78a6, L:/127.0.0.1:61155 - R:localhost/127.0.0.1:39165]
11:35:50.583 [Forwarding findElements on session b4c44b8ab3ec34df82fcca1e22294ffd to remote] DEBUG org.asynchttpclient.netty.request.NettyRequestSender - Using pooled Channel '[id: 0xa10b78a6, L:/127.0.0.1:61155 - R:localhost/127.0.0.1:39165]' for 'POST' to 'http://localhost:39165/session/b4c44b8ab3ec34df82fcca1e22294ffd/elements'
11:35:50.583 [Forwarding findElements on session b4c44b8ab3ec34df82fcca1e22294ffd to remote] DEBUG org.asynchttpclient.netty.request.NettyRequestSender - Using open Channel [id: 0xa10b78a6, L:/127.0.0.1:61155 - R:localhost/127.0.0.1:39165] for POST '/session/b4c44b8ab3ec34df82fcca1e22294ffd/elements'
11:35:50.588 [AsyncHttpClient-1-2] DEBUG org.asynchttpclient.netty.handler.HttpHandler - 

Request DefaultHttpRequest(decodeResult: success, version: HTTP/1.1)
POST /session/b4c44b8ab3ec34df82fcca1e22294ffd/elements HTTP/1.1
User-Agent: selenium/4.8.0 (java windows)
Content-Length: 111
Content-Type: application/json; charset=utf-8
host: localhost:39165
accept: */*

Response DefaultHttpResponse(decodeResult: success, version: HTTP/1.1)
HTTP/1.1 200 OK
Content-Length: 527
Content-Type: application/json; charset=utf-8
cache-control: no-cache

11:35:50.589 [AsyncHttpClient-1-2] DEBUG org.asynchttpclient.netty.channel.ChannelManager - Adding key: http://localhost:39165 for channel [id: 0xa10b78a6, L:/127.0.0.1:61155 - R:localhost/127.0.0.1:39165]
11:35:50.590 [Forwarding getElementText on session b4c44b8ab3ec34df82fcca1e22294ffd to remote] DEBUG org.asynchttpclient.netty.request.NettyRequestSender - Using pooled Channel '[id: 0xa10b78a6, L:/127.0.0.1:61155 - R:localhost/127.0.0.1:39165]' for 'GET' to 'http://localhost:39165/session/b4c44b8ab3ec34df82fcca1e22294ffd/element/D6FCA329F55A989BAF0E516CCCB7C1E0_element_33/text'
11:35:50.590 [Forwarding getElementText on session b4c44b8ab3ec34df82fcca1e22294ffd to remote] DEBUG org.asynchttpclient.netty.request.NettyRequestSender - Using open Channel [id: 0xa10b78a6, L:/127.0.0.1:61155 - R:localhost/127.0.0.1:39165] for GET '/session/b4c44b8ab3ec34df82fcca1e22294ffd/element/D6FCA329F55A989BAF0E516CCCB7C1E0_element_33/text'
11:35:50.599 [AsyncHttpClient-1-2] DEBUG org.asynchttpclient.netty.handler.HttpHandler - 

Request DefaultFullHttpRequest(decodeResult: success, version: HTTP/1.1, content: EmptyByteBufBE)
GET /session/b4c44b8ab3ec34df82fcca1e22294ffd/element/D6FCA329F55A989BAF0E516CCCB7C1E0_element_33/text HTTP/1.1
User-Agent: selenium/4.8.0 (java windows)
Cache-Control: no-cache
Content-Type: application/json; charset=utf-8
host: localhost:39165
accept: */*

Response DefaultHttpResponse(decodeResult: success, version: HTTP/1.1)
HTTP/1.1 200 OK
Content-Length: 36
Content-Type: application/json; charset=utf-8
cache-control: no-cache

11:35:50.600 [AsyncHttpClient-1-2] DEBUG org.asynchttpclient.netty.channel.ChannelManager - Adding key: http://localhost:39165 for channel [id: 0xa10b78a6, L:/127.0.0.1:61155 - R:localhost/127.0.0.1:39165]
11:35:50.601 [Forwarding findElements on session b4c44b8ab3ec34df82fcca1e22294ffd to remote] DEBUG org.asynchttpclient.netty.request.NettyRequestSender - Using pooled Channel '[id: 0xa10b78a6, L:/127.0.0.1:61155 - R:localhost/127.0.0.1:39165]' for 'POST' to 'http://localhost:39165/session/b4c44b8ab3ec34df82fcca1e22294ffd/elements'
11:35:50.601 [Forwarding findElements on session b4c44b8ab3ec34df82fcca1e22294ffd to remote] DEBUG org.asynchttpclient.netty.request.NettyRequestSender - Using open Channel [id: 0xa10b78a6, L:/127.0.0.1:61155 - R:localhost/127.0.0.1:39165] for POST '/session/b4c44b8ab3ec34df82fcca1e22294ffd/elements'
11:35:50.607 [AsyncHttpClient-1-2] DEBUG org.asynchttpclient.netty.handler.HttpHandler - 

Request DefaultHttpRequest(decodeResult: success, version: HTTP/1.1)
POST /session/b4c44b8ab3ec34df82fcca1e22294ffd/elements HTTP/1.1
User-Agent: selenium/4.8.0 (java windows)
Content-Length: 111
Content-Type: application/json; charset=utf-8
host: localhost:39165
accept: */*

Response DefaultHttpResponse(decodeResult: success, version: HTTP/1.1)
HTTP/1.1 200 OK
Content-Length: 527
Content-Type: application/json; charset=utf-8
cache-control: no-cache

11:35:50.607 [AsyncHttpClient-1-2] DEBUG org.asynchttpclient.netty.channel.ChannelManager - Adding key: http://localhost:39165 for channel [id: 0xa10b78a6, L:/127.0.0.1:61155 - R:localhost/127.0.0.1:39165]
11:35:50.609 [Forwarding getElementText on session b4c44b8ab3ec34df82fcca1e22294ffd to remote] DEBUG org.asynchttpclient.netty.request.NettyRequestSender - Using pooled Channel '[id: 0xa10b78a6, L:/127.0.0.1:61155 - R:localhost/127.0.0.1:39165]' for 'GET' to 'http://localhost:39165/session/b4c44b8ab3ec34df82fcca1e22294ffd/element/D6FCA329F55A989BAF0E516CCCB7C1E0_element_33/text'
11:35:50.609 [Forwarding getElementText on session b4c44b8ab3ec34df82fcca1e22294ffd to remote] DEBUG org.asynchttpclient.netty.request.NettyRequestSender - Using open Channel [id: 0xa10b78a6, L:/127.0.0.1:61155 - R:localhost/127.0.0.1:39165] for GET '/session/b4c44b8ab3ec34df82fcca1e22294ffd/element/D6FCA329F55A989BAF0E516CCCB7C1E0_element_33/text'
11:35:50.616 [AsyncHttpClient-1-2] DEBUG org.asynchttpclient.netty.handler.HttpHandler - 

Request DefaultFullHttpRequest(decodeResult: success, version: HTTP/1.1, content: EmptyByteBufBE)
GET /session/b4c44b8ab3ec34df82fcca1e22294ffd/element/D6FCA329F55A989BAF0E516CCCB7C1E0_element_33/text HTTP/1.1
User-Agent: selenium/4.8.0 (java windows)
Cache-Control: no-cache
Content-Type: application/json; charset=utf-8
host: localhost:39165
accept: */*

Response DefaultHttpResponse(decodeResult: success, version: HTTP/1.1)
HTTP/1.1 200 OK
Content-Length: 36
Content-Type: application/json; charset=utf-8
cache-control: no-cache

11:35:50.616 [AsyncHttpClient-1-2] DEBUG org.asynchttpclient.netty.channel.ChannelManager - Adding key: http://localhost:39165 for channel [id: 0xa10b78a6, L:/127.0.0.1:61155 - R:localhost/127.0.0.1:39165]
11:35:50.616 [main] INFO  com.swaglabs.base.SetUp - Sauce Labs Fleece Jacket validated Passed
11:35:50.617 [Forwarding findElements on session b4c44b8ab3ec34df82fcca1e22294ffd to remote] DEBUG org.asynchttpclient.netty.request.NettyRequestSender - Using pooled Channel '[id: 0xa10b78a6, L:/127.0.0.1:61155 - R:localhost/127.0.0.1:39165]' for 'POST' to 'http://localhost:39165/session/b4c44b8ab3ec34df82fcca1e22294ffd/elements'
11:35:50.617 [Forwarding findElements on session b4c44b8ab3ec34df82fcca1e22294ffd to remote] DEBUG org.asynchttpclient.netty.request.NettyRequestSender - Using open Channel [id: 0xa10b78a6, L:/127.0.0.1:61155 - R:localhost/127.0.0.1:39165] for POST '/session/b4c44b8ab3ec34df82fcca1e22294ffd/elements'
11:35:50.624 [AsyncHttpClient-1-2] DEBUG org.asynchttpclient.netty.handler.HttpHandler - 

Request DefaultHttpRequest(decodeResult: success, version: HTTP/1.1)
POST /session/b4c44b8ab3ec34df82fcca1e22294ffd/elements HTTP/1.1
User-Agent: selenium/4.8.0 (java windows)
Content-Length: 111
Content-Type: application/json; charset=utf-8
host: localhost:39165
accept: */*

Response DefaultHttpResponse(decodeResult: success, version: HTTP/1.1)
HTTP/1.1 200 OK
Content-Length: 527
Content-Type: application/json; charset=utf-8
cache-control: no-cache

11:35:50.624 [AsyncHttpClient-1-2] DEBUG org.asynchttpclient.netty.channel.ChannelManager - Adding key: http://localhost:39165 for channel [id: 0xa10b78a6, L:/127.0.0.1:61155 - R:localhost/127.0.0.1:39165]
11:35:50.625 [Forwarding findElements on session b4c44b8ab3ec34df82fcca1e22294ffd to remote] DEBUG org.asynchttpclient.netty.request.NettyRequestSender - Using pooled Channel '[id: 0xa10b78a6, L:/127.0.0.1:61155 - R:localhost/127.0.0.1:39165]' for 'POST' to 'http://localhost:39165/session/b4c44b8ab3ec34df82fcca1e22294ffd/elements'
11:35:50.625 [Forwarding findElements on session b4c44b8ab3ec34df82fcca1e22294ffd to remote] DEBUG org.asynchttpclient.netty.request.NettyRequestSender - Using open Channel [id: 0xa10b78a6, L:/127.0.0.1:61155 - R:localhost/127.0.0.1:39165] for POST '/session/b4c44b8ab3ec34df82fcca1e22294ffd/elements'
11:35:50.632 [AsyncHttpClient-1-2] DEBUG org.asynchttpclient.netty.handler.HttpHandler - 

Request DefaultHttpRequest(decodeResult: success, version: HTTP/1.1)
POST /session/b4c44b8ab3ec34df82fcca1e22294ffd/elements HTTP/1.1
User-Agent: selenium/4.8.0 (java windows)
Content-Length: 111
Content-Type: application/json; charset=utf-8
host: localhost:39165
accept: */*

Response DefaultHttpResponse(decodeResult: success, version: HTTP/1.1)
HTTP/1.1 200 OK
Content-Length: 527
Content-Type: application/json; charset=utf-8
cache-control: no-cache

11:35:50.632 [AsyncHttpClient-1-2] DEBUG org.asynchttpclient.netty.channel.ChannelManager - Adding key: http://localhost:39165 for channel [id: 0xa10b78a6, L:/127.0.0.1:61155 - R:localhost/127.0.0.1:39165]
11:35:50.636 [Forwarding getElementText on session b4c44b8ab3ec34df82fcca1e22294ffd to remote] DEBUG org.asynchttpclient.netty.request.NettyRequestSender - Using pooled Channel '[id: 0xa10b78a6, L:/127.0.0.1:61155 - R:localhost/127.0.0.1:39165]' for 'GET' to 'http://localhost:39165/session/b4c44b8ab3ec34df82fcca1e22294ffd/element/D6FCA329F55A989BAF0E516CCCB7C1E0_element_32/text'
11:35:50.636 [Forwarding getElementText on session b4c44b8ab3ec34df82fcca1e22294ffd to remote] DEBUG org.asynchttpclient.netty.request.NettyRequestSender - Using open Channel [id: 0xa10b78a6, L:/127.0.0.1:61155 - R:localhost/127.0.0.1:39165] for GET '/session/b4c44b8ab3ec34df82fcca1e22294ffd/element/D6FCA329F55A989BAF0E516CCCB7C1E0_element_32/text'
11:35:50.643 [AsyncHttpClient-1-2] DEBUG org.asynchttpclient.netty.handler.HttpHandler - 

Request DefaultFullHttpRequest(decodeResult: success, version: HTTP/1.1, content: EmptyByteBufBE)
GET /session/b4c44b8ab3ec34df82fcca1e22294ffd/element/D6FCA329F55A989BAF0E516CCCB7C1E0_element_32/text HTTP/1.1
User-Agent: selenium/4.8.0 (java windows)
Cache-Control: no-cache
Content-Type: application/json; charset=utf-8
host: localhost:39165
accept: */*

Response DefaultHttpResponse(decodeResult: success, version: HTTP/1.1)
HTTP/1.1 200 OK
Content-Length: 35
Content-Type: application/json; charset=utf-8
cache-control: no-cache

11:35:50.643 [AsyncHttpClient-1-2] DEBUG org.asynchttpclient.netty.channel.ChannelManager - Adding key: http://localhost:39165 for channel [id: 0xa10b78a6, L:/127.0.0.1:61155 - R:localhost/127.0.0.1:39165]
11:35:50.644 [Forwarding findElements on session b4c44b8ab3ec34df82fcca1e22294ffd to remote] DEBUG org.asynchttpclient.netty.request.NettyRequestSender - Using pooled Channel '[id: 0xa10b78a6, L:/127.0.0.1:61155 - R:localhost/127.0.0.1:39165]' for 'POST' to 'http://localhost:39165/session/b4c44b8ab3ec34df82fcca1e22294ffd/elements'
11:35:50.644 [Forwarding findElements on session b4c44b8ab3ec34df82fcca1e22294ffd to remote] DEBUG org.asynchttpclient.netty.request.NettyRequestSender - Using open Channel [id: 0xa10b78a6, L:/127.0.0.1:61155 - R:localhost/127.0.0.1:39165] for POST '/session/b4c44b8ab3ec34df82fcca1e22294ffd/elements'
11:35:50.650 [AsyncHttpClient-1-2] DEBUG org.asynchttpclient.netty.handler.HttpHandler - 

Request DefaultHttpRequest(decodeResult: success, version: HTTP/1.1)
POST /session/b4c44b8ab3ec34df82fcca1e22294ffd/elements HTTP/1.1
User-Agent: selenium/4.8.0 (java windows)
Content-Length: 111
Content-Type: application/json; charset=utf-8
host: localhost:39165
accept: */*

Response DefaultHttpResponse(decodeResult: success, version: HTTP/1.1)
HTTP/1.1 200 OK
Content-Length: 527
Content-Type: application/json; charset=utf-8
cache-control: no-cache

11:35:50.650 [AsyncHttpClient-1-2] DEBUG org.asynchttpclient.netty.channel.ChannelManager - Adding key: http://localhost:39165 for channel [id: 0xa10b78a6, L:/127.0.0.1:61155 - R:localhost/127.0.0.1:39165]
11:35:50.651 [Forwarding getElementText on session b4c44b8ab3ec34df82fcca1e22294ffd to remote] DEBUG org.asynchttpclient.netty.request.NettyRequestSender - Using pooled Channel '[id: 0xa10b78a6, L:/127.0.0.1:61155 - R:localhost/127.0.0.1:39165]' for 'GET' to 'http://localhost:39165/session/b4c44b8ab3ec34df82fcca1e22294ffd/element/D6FCA329F55A989BAF0E516CCCB7C1E0_element_32/text'
11:35:50.651 [Forwarding getElementText on session b4c44b8ab3ec34df82fcca1e22294ffd to remote] DEBUG org.asynchttpclient.netty.request.NettyRequestSender - Using open Channel [id: 0xa10b78a6, L:/127.0.0.1:61155 - R:localhost/127.0.0.1:39165] for GET '/session/b4c44b8ab3ec34df82fcca1e22294ffd/element/D6FCA329F55A989BAF0E516CCCB7C1E0_element_32/text'
11:35:50.658 [AsyncHttpClient-1-2] DEBUG org.asynchttpclient.netty.handler.HttpHandler - 

Request DefaultFullHttpRequest(decodeResult: success, version: HTTP/1.1, content: EmptyByteBufBE)
GET /session/b4c44b8ab3ec34df82fcca1e22294ffd/element/D6FCA329F55A989BAF0E516CCCB7C1E0_element_32/text HTTP/1.1
User-Agent: selenium/4.8.0 (java windows)
Cache-Control: no-cache
Content-Type: application/json; charset=utf-8
host: localhost:39165
accept: */*

Response DefaultHttpResponse(decodeResult: success, version: HTTP/1.1)
HTTP/1.1 200 OK
Content-Length: 35
Content-Type: application/json; charset=utf-8
cache-control: no-cache

11:35:50.658 [AsyncHttpClient-1-2] DEBUG org.asynchttpclient.netty.channel.ChannelManager - Adding key: http://localhost:39165 for channel [id: 0xa10b78a6, L:/127.0.0.1:61155 - R:localhost/127.0.0.1:39165]
11:35:50.658 [main] INFO  com.swaglabs.base.SetUp - Sauce Labs Bolt T-Shirt validated Passed
11:35:50.659 [Forwarding findElements on session b4c44b8ab3ec34df82fcca1e22294ffd to remote] DEBUG org.asynchttpclient.netty.request.NettyRequestSender - Using pooled Channel '[id: 0xa10b78a6, L:/127.0.0.1:61155 - R:localhost/127.0.0.1:39165]' for 'POST' to 'http://localhost:39165/session/b4c44b8ab3ec34df82fcca1e22294ffd/elements'
11:35:50.659 [Forwarding findElements on session b4c44b8ab3ec34df82fcca1e22294ffd to remote] DEBUG org.asynchttpclient.netty.request.NettyRequestSender - Using open Channel [id: 0xa10b78a6, L:/127.0.0.1:61155 - R:localhost/127.0.0.1:39165] for POST '/session/b4c44b8ab3ec34df82fcca1e22294ffd/elements'
11:35:50.666 [AsyncHttpClient-1-2] DEBUG org.asynchttpclient.netty.handler.HttpHandler - 

Request DefaultHttpRequest(decodeResult: success, version: HTTP/1.1)
POST /session/b4c44b8ab3ec34df82fcca1e22294ffd/elements HTTP/1.1
User-Agent: selenium/4.8.0 (java windows)
Content-Length: 111
Content-Type: application/json; charset=utf-8
host: localhost:39165
accept: */*

Response DefaultHttpResponse(decodeResult: success, version: HTTP/1.1)
HTTP/1.1 200 OK
Content-Length: 527
Content-Type: application/json; charset=utf-8
cache-control: no-cache

11:35:50.666 [AsyncHttpClient-1-2] DEBUG org.asynchttpclient.netty.channel.ChannelManager - Adding key: http://localhost:39165 for channel [id: 0xa10b78a6, L:/127.0.0.1:61155 - R:localhost/127.0.0.1:39165]
11:35:50.667 [Forwarding findElements on session b4c44b8ab3ec34df82fcca1e22294ffd to remote] DEBUG org.asynchttpclient.netty.request.NettyRequestSender - Using pooled Channel '[id: 0xa10b78a6, L:/127.0.0.1:61155 - R:localhost/127.0.0.1:39165]' for 'POST' to 'http://localhost:39165/session/b4c44b8ab3ec34df82fcca1e22294ffd/elements'
11:35:50.667 [Forwarding findElements on session b4c44b8ab3ec34df82fcca1e22294ffd to remote] DEBUG org.asynchttpclient.netty.request.NettyRequestSender - Using open Channel [id: 0xa10b78a6, L:/127.0.0.1:61155 - R:localhost/127.0.0.1:39165] for POST '/session/b4c44b8ab3ec34df82fcca1e22294ffd/elements'
11:35:50.675 [AsyncHttpClient-1-2] DEBUG org.asynchttpclient.netty.handler.HttpHandler - 

Request DefaultHttpRequest(decodeResult: success, version: HTTP/1.1)
POST /session/b4c44b8ab3ec34df82fcca1e22294ffd/elements HTTP/1.1
User-Agent: selenium/4.8.0 (java windows)
Content-Length: 111
Content-Type: application/json; charset=utf-8
host: localhost:39165
accept: */*

Response DefaultHttpResponse(decodeResult: success, version: HTTP/1.1)
HTTP/1.1 200 OK
Content-Length: 527
Content-Type: application/json; charset=utf-8
cache-control: no-cache

11:35:50.675 [AsyncHttpClient-1-2] DEBUG org.asynchttpclient.netty.channel.ChannelManager - Adding key: http://localhost:39165 for channel [id: 0xa10b78a6, L:/127.0.0.1:61155 - R:localhost/127.0.0.1:39165]
11:35:50.677 [Forwarding getElementText on session b4c44b8ab3ec34df82fcca1e22294ffd to remote] DEBUG org.asynchttpclient.netty.request.NettyRequestSender - Using pooled Channel '[id: 0xa10b78a6, L:/127.0.0.1:61155 - R:localhost/127.0.0.1:39165]' for 'GET' to 'http://localhost:39165/session/b4c44b8ab3ec34df82fcca1e22294ffd/element/D6FCA329F55A989BAF0E516CCCB7C1E0_element_31/text'
11:35:50.677 [Forwarding getElementText on session b4c44b8ab3ec34df82fcca1e22294ffd to remote] DEBUG org.asynchttpclient.netty.request.NettyRequestSender - Using open Channel [id: 0xa10b78a6, L:/127.0.0.1:61155 - R:localhost/127.0.0.1:39165] for GET '/session/b4c44b8ab3ec34df82fcca1e22294ffd/element/D6FCA329F55A989BAF0E516CCCB7C1E0_element_31/text'
11:35:50.684 [AsyncHttpClient-1-2] DEBUG org.asynchttpclient.netty.handler.HttpHandler - 

Request DefaultFullHttpRequest(decodeResult: success, version: HTTP/1.1, content: EmptyByteBufBE)
GET /session/b4c44b8ab3ec34df82fcca1e22294ffd/element/D6FCA329F55A989BAF0E516CCCB7C1E0_element_31/text HTTP/1.1
User-Agent: selenium/4.8.0 (java windows)
Cache-Control: no-cache
Content-Type: application/json; charset=utf-8
host: localhost:39165
accept: */*

Response DefaultHttpResponse(decodeResult: success, version: HTTP/1.1)
HTTP/1.1 200 OK
Content-Length: 33
Content-Type: application/json; charset=utf-8
cache-control: no-cache

11:35:50.684 [AsyncHttpClient-1-2] DEBUG org.asynchttpclient.netty.channel.ChannelManager - Adding key: http://localhost:39165 for channel [id: 0xa10b78a6, L:/127.0.0.1:61155 - R:localhost/127.0.0.1:39165]
11:35:50.685 [Forwarding findElements on session b4c44b8ab3ec34df82fcca1e22294ffd to remote] DEBUG org.asynchttpclient.netty.request.NettyRequestSender - Using pooled Channel '[id: 0xa10b78a6, L:/127.0.0.1:61155 - R:localhost/127.0.0.1:39165]' for 'POST' to 'http://localhost:39165/session/b4c44b8ab3ec34df82fcca1e22294ffd/elements'
11:35:50.685 [Forwarding findElements on session b4c44b8ab3ec34df82fcca1e22294ffd to remote] DEBUG org.asynchttpclient.netty.request.NettyRequestSender - Using open Channel [id: 0xa10b78a6, L:/127.0.0.1:61155 - R:localhost/127.0.0.1:39165] for POST '/session/b4c44b8ab3ec34df82fcca1e22294ffd/elements'
11:35:50.694 [AsyncHttpClient-1-2] DEBUG org.asynchttpclient.netty.handler.HttpHandler - 

Request DefaultHttpRequest(decodeResult: success, version: HTTP/1.1)
POST /session/b4c44b8ab3ec34df82fcca1e22294ffd/elements HTTP/1.1
User-Agent: selenium/4.8.0 (java windows)
Content-Length: 111
Content-Type: application/json; charset=utf-8
host: localhost:39165
accept: */*

Response DefaultHttpResponse(decodeResult: success, version: HTTP/1.1)
HTTP/1.1 200 OK
Content-Length: 527
Content-Type: application/json; charset=utf-8
cache-control: no-cache

11:35:50.694 [AsyncHttpClient-1-2] DEBUG org.asynchttpclient.netty.channel.ChannelManager - Adding key: http://localhost:39165 for channel [id: 0xa10b78a6, L:/127.0.0.1:61155 - R:localhost/127.0.0.1:39165]
11:35:50.695 [Forwarding getElementText on session b4c44b8ab3ec34df82fcca1e22294ffd to remote] DEBUG org.asynchttpclient.netty.request.NettyRequestSender - Using pooled Channel '[id: 0xa10b78a6, L:/127.0.0.1:61155 - R:localhost/127.0.0.1:39165]' for 'GET' to 'http://localhost:39165/session/b4c44b8ab3ec34df82fcca1e22294ffd/element/D6FCA329F55A989BAF0E516CCCB7C1E0_element_31/text'
11:35:50.695 [Forwarding getElementText on session b4c44b8ab3ec34df82fcca1e22294ffd to remote] DEBUG org.asynchttpclient.netty.request.NettyRequestSender - Using open Channel [id: 0xa10b78a6, L:/127.0.0.1:61155 - R:localhost/127.0.0.1:39165] for GET '/session/b4c44b8ab3ec34df82fcca1e22294ffd/element/D6FCA329F55A989BAF0E516CCCB7C1E0_element_31/text'
11:35:50.703 [AsyncHttpClient-1-2] DEBUG org.asynchttpclient.netty.handler.HttpHandler - 

Request DefaultFullHttpRequest(decodeResult: success, version: HTTP/1.1, content: EmptyByteBufBE)
GET /session/b4c44b8ab3ec34df82fcca1e22294ffd/element/D6FCA329F55A989BAF0E516CCCB7C1E0_element_31/text HTTP/1.1
User-Agent: selenium/4.8.0 (java windows)
Cache-Control: no-cache
Content-Type: application/json; charset=utf-8
host: localhost:39165
accept: */*

Response DefaultHttpResponse(decodeResult: success, version: HTTP/1.1)
HTTP/1.1 200 OK
Content-Length: 33
Content-Type: application/json; charset=utf-8
cache-control: no-cache

11:35:50.703 [AsyncHttpClient-1-2] DEBUG org.asynchttpclient.netty.channel.ChannelManager - Adding key: http://localhost:39165 for channel [id: 0xa10b78a6, L:/127.0.0.1:61155 - R:localhost/127.0.0.1:39165]
11:35:50.704 [main] INFO  com.swaglabs.base.SetUp - Sauce Labs Bike Light validated Passed
11:35:50.704 [Forwarding findElements on session b4c44b8ab3ec34df82fcca1e22294ffd to remote] DEBUG org.asynchttpclient.netty.request.NettyRequestSender - Using pooled Channel '[id: 0xa10b78a6, L:/127.0.0.1:61155 - R:localhost/127.0.0.1:39165]' for 'POST' to 'http://localhost:39165/session/b4c44b8ab3ec34df82fcca1e22294ffd/elements'
11:35:50.704 [Forwarding findElements on session b4c44b8ab3ec34df82fcca1e22294ffd to remote] DEBUG org.asynchttpclient.netty.request.NettyRequestSender - Using open Channel [id: 0xa10b78a6, L:/127.0.0.1:61155 - R:localhost/127.0.0.1:39165] for POST '/session/b4c44b8ab3ec34df82fcca1e22294ffd/elements'
11:35:50.714 [AsyncHttpClient-1-2] DEBUG org.asynchttpclient.netty.handler.HttpHandler - 

Request DefaultHttpRequest(decodeResult: success, version: HTTP/1.1)
POST /session/b4c44b8ab3ec34df82fcca1e22294ffd/elements HTTP/1.1
User-Agent: selenium/4.8.0 (java windows)
Content-Length: 111
Content-Type: application/json; charset=utf-8
host: localhost:39165
accept: */*

Response DefaultHttpResponse(decodeResult: success, version: HTTP/1.1)
HTTP/1.1 200 OK
Content-Length: 527
Content-Type: application/json; charset=utf-8
cache-control: no-cache

11:35:50.714 [AsyncHttpClient-1-2] DEBUG org.asynchttpclient.netty.channel.ChannelManager - Adding key: http://localhost:39165 for channel [id: 0xa10b78a6, L:/127.0.0.1:61155 - R:localhost/127.0.0.1:39165]
11:35:50.716 [Forwarding findElements on session b4c44b8ab3ec34df82fcca1e22294ffd to remote] DEBUG org.asynchttpclient.netty.request.NettyRequestSender - Using pooled Channel '[id: 0xa10b78a6, L:/127.0.0.1:61155 - R:localhost/127.0.0.1:39165]' for 'POST' to 'http://localhost:39165/session/b4c44b8ab3ec34df82fcca1e22294ffd/elements'
11:35:50.716 [Forwarding findElements on session b4c44b8ab3ec34df82fcca1e22294ffd to remote] DEBUG org.asynchttpclient.netty.request.NettyRequestSender - Using open Channel [id: 0xa10b78a6, L:/127.0.0.1:61155 - R:localhost/127.0.0.1:39165] for POST '/session/b4c44b8ab3ec34df82fcca1e22294ffd/elements'
11:35:50.722 [AsyncHttpClient-1-2] DEBUG org.asynchttpclient.netty.handler.HttpHandler - 

Request DefaultHttpRequest(decodeResult: success, version: HTTP/1.1)
POST /session/b4c44b8ab3ec34df82fcca1e22294ffd/elements HTTP/1.1
User-Agent: selenium/4.8.0 (java windows)
Content-Length: 111
Content-Type: application/json; charset=utf-8
host: localhost:39165
accept: */*

Response DefaultHttpResponse(decodeResult: success, version: HTTP/1.1)
HTTP/1.1 200 OK
Content-Length: 527
Content-Type: application/json; charset=utf-8
cache-control: no-cache

11:35:50.722 [AsyncHttpClient-1-2] DEBUG org.asynchttpclient.netty.channel.ChannelManager - Adding key: http://localhost:39165 for channel [id: 0xa10b78a6, L:/127.0.0.1:61155 - R:localhost/127.0.0.1:39165]
11:35:50.724 [Forwarding getElementText on session b4c44b8ab3ec34df82fcca1e22294ffd to remote] DEBUG org.asynchttpclient.netty.request.NettyRequestSender - Using pooled Channel '[id: 0xa10b78a6, L:/127.0.0.1:61155 - R:localhost/127.0.0.1:39165]' for 'GET' to 'http://localhost:39165/session/b4c44b8ab3ec34df82fcca1e22294ffd/element/D6FCA329F55A989BAF0E516CCCB7C1E0_element_30/text'
11:35:50.724 [Forwarding getElementText on session b4c44b8ab3ec34df82fcca1e22294ffd to remote] DEBUG org.asynchttpclient.netty.request.NettyRequestSender - Using open Channel [id: 0xa10b78a6, L:/127.0.0.1:61155 - R:localhost/127.0.0.1:39165] for GET '/session/b4c44b8ab3ec34df82fcca1e22294ffd/element/D6FCA329F55A989BAF0E516CCCB7C1E0_element_30/text'
11:35:50.733 [AsyncHttpClient-1-2] DEBUG org.asynchttpclient.netty.handler.HttpHandler - 

Request DefaultFullHttpRequest(decodeResult: success, version: HTTP/1.1, content: EmptyByteBufBE)
GET /session/b4c44b8ab3ec34df82fcca1e22294ffd/element/D6FCA329F55A989BAF0E516CCCB7C1E0_element_30/text HTTP/1.1
User-Agent: selenium/4.8.0 (java windows)
Cache-Control: no-cache
Content-Type: application/json; charset=utf-8
host: localhost:39165
accept: */*

Response DefaultHttpResponse(decodeResult: success, version: HTTP/1.1)
HTTP/1.1 200 OK
Content-Length: 31
Content-Type: application/json; charset=utf-8
cache-control: no-cache

11:35:50.733 [AsyncHttpClient-1-2] DEBUG org.asynchttpclient.netty.channel.ChannelManager - Adding key: http://localhost:39165 for channel [id: 0xa10b78a6, L:/127.0.0.1:61155 - R:localhost/127.0.0.1:39165]
11:35:50.735 [Forwarding findElements on session b4c44b8ab3ec34df82fcca1e22294ffd to remote] DEBUG org.asynchttpclient.netty.request.NettyRequestSender - Using pooled Channel '[id: 0xa10b78a6, L:/127.0.0.1:61155 - R:localhost/127.0.0.1:39165]' for 'POST' to 'http://localhost:39165/session/b4c44b8ab3ec34df82fcca1e22294ffd/elements'
11:35:50.735 [Forwarding findElements on session b4c44b8ab3ec34df82fcca1e22294ffd to remote] DEBUG org.asynchttpclient.netty.request.NettyRequestSender - Using open Channel [id: 0xa10b78a6, L:/127.0.0.1:61155 - R:localhost/127.0.0.1:39165] for POST '/session/b4c44b8ab3ec34df82fcca1e22294ffd/elements'
11:35:50.740 [AsyncHttpClient-1-2] DEBUG org.asynchttpclient.netty.handler.HttpHandler - 

Request DefaultHttpRequest(decodeResult: success, version: HTTP/1.1)
POST /session/b4c44b8ab3ec34df82fcca1e22294ffd/elements HTTP/1.1
User-Agent: selenium/4.8.0 (java windows)
Content-Length: 111
Content-Type: application/json; charset=utf-8
host: localhost:39165
accept: */*

Response DefaultHttpResponse(decodeResult: success, version: HTTP/1.1)
HTTP/1.1 200 OK
Content-Length: 527
Content-Type: application/json; charset=utf-8
cache-control: no-cache

11:35:50.740 [AsyncHttpClient-1-2] DEBUG org.asynchttpclient.netty.channel.ChannelManager - Adding key: http://localhost:39165 for channel [id: 0xa10b78a6, L:/127.0.0.1:61155 - R:localhost/127.0.0.1:39165]
11:35:50.742 [Forwarding getElementText on session b4c44b8ab3ec34df82fcca1e22294ffd to remote] DEBUG org.asynchttpclient.netty.request.NettyRequestSender - Using pooled Channel '[id: 0xa10b78a6, L:/127.0.0.1:61155 - R:localhost/127.0.0.1:39165]' for 'GET' to 'http://localhost:39165/session/b4c44b8ab3ec34df82fcca1e22294ffd/element/D6FCA329F55A989BAF0E516CCCB7C1E0_element_30/text'
11:35:50.742 [Forwarding getElementText on session b4c44b8ab3ec34df82fcca1e22294ffd to remote] DEBUG org.asynchttpclient.netty.request.NettyRequestSender - Using open Channel [id: 0xa10b78a6, L:/127.0.0.1:61155 - R:localhost/127.0.0.1:39165] for GET '/session/b4c44b8ab3ec34df82fcca1e22294ffd/element/D6FCA329F55A989BAF0E516CCCB7C1E0_element_30/text'
11:35:50.748 [AsyncHttpClient-1-2] DEBUG org.asynchttpclient.netty.handler.HttpHandler - 

Request DefaultFullHttpRequest(decodeResult: success, version: HTTP/1.1, content: EmptyByteBufBE)
GET /session/b4c44b8ab3ec34df82fcca1e22294ffd/element/D6FCA329F55A989BAF0E516CCCB7C1E0_element_30/text HTTP/1.1
User-Agent: selenium/4.8.0 (java windows)
Cache-Control: no-cache
Content-Type: application/json; charset=utf-8
host: localhost:39165
accept: */*

Response DefaultHttpResponse(decodeResult: success, version: HTTP/1.1)
HTTP/1.1 200 OK
Content-Length: 31
Content-Type: application/json; charset=utf-8
cache-control: no-cache

11:35:50.748 [AsyncHttpClient-1-2] DEBUG org.asynchttpclient.netty.channel.ChannelManager - Adding key: http://localhost:39165 for channel [id: 0xa10b78a6, L:/127.0.0.1:61155 - R:localhost/127.0.0.1:39165]
11:35:50.749 [main] INFO  com.swaglabs.base.SetUp - Sauce Labs Backpack validated Passed
11:35:50.750 [Forwarding findElements on session b4c44b8ab3ec34df82fcca1e22294ffd to remote] DEBUG org.asynchttpclient.netty.request.NettyRequestSender - Using pooled Channel '[id: 0xa10b78a6, L:/127.0.0.1:61155 - R:localhost/127.0.0.1:39165]' for 'POST' to 'http://localhost:39165/session/b4c44b8ab3ec34df82fcca1e22294ffd/elements'
11:35:50.751 [Forwarding findElements on session b4c44b8ab3ec34df82fcca1e22294ffd to remote] DEBUG org.asynchttpclient.netty.request.NettyRequestSender - Using open Channel [id: 0xa10b78a6, L:/127.0.0.1:61155 - R:localhost/127.0.0.1:39165] for POST '/session/b4c44b8ab3ec34df82fcca1e22294ffd/elements'
11:35:50.757 [AsyncHttpClient-1-2] DEBUG org.asynchttpclient.netty.handler.HttpHandler - 

Request DefaultHttpRequest(decodeResult: success, version: HTTP/1.1)
POST /session/b4c44b8ab3ec34df82fcca1e22294ffd/elements HTTP/1.1
User-Agent: selenium/4.8.0 (java windows)
Content-Length: 111
Content-Type: application/json; charset=utf-8
host: localhost:39165
accept: */*

Response DefaultHttpResponse(decodeResult: success, version: HTTP/1.1)
HTTP/1.1 200 OK
Content-Length: 527
Content-Type: application/json; charset=utf-8
cache-control: no-cache

11:35:50.757 [AsyncHttpClient-1-2] DEBUG org.asynchttpclient.netty.channel.ChannelManager - Adding key: http://localhost:39165 for channel [id: 0xa10b78a6, L:/127.0.0.1:61155 - R:localhost/127.0.0.1:39165]
11:35:50.765 [Forwarding getAlertText on session b4c44b8ab3ec34df82fcca1e22294ffd to remote] DEBUG org.asynchttpclient.netty.request.NettyRequestSender - Using pooled Channel '[id: 0xa10b78a6, L:/127.0.0.1:61155 - R:localhost/127.0.0.1:39165]' for 'GET' to 'http://localhost:39165/session/b4c44b8ab3ec34df82fcca1e22294ffd/alert/text'
11:35:50.765 [Forwarding getAlertText on session b4c44b8ab3ec34df82fcca1e22294ffd to remote] DEBUG org.asynchttpclient.netty.request.NettyRequestSender - Using open Channel [id: 0xa10b78a6, L:/127.0.0.1:61155 - R:localhost/127.0.0.1:39165] for GET '/session/b4c44b8ab3ec34df82fcca1e22294ffd/alert/text'
11:35:50.768 [AsyncHttpClient-1-2] DEBUG org.asynchttpclient.netty.handler.HttpHandler - 

Request DefaultFullHttpRequest(decodeResult: success, version: HTTP/1.1, content: EmptyByteBufBE)
GET /session/b4c44b8ab3ec34df82fcca1e22294ffd/alert/text HTTP/1.1
User-Agent: selenium/4.8.0 (java windows)
Cache-Control: no-cache
Content-Type: application/json; charset=utf-8
host: localhost:39165
accept: */*

Response DefaultHttpResponse(decodeResult: success, version: HTTP/1.1)
HTTP/1.1 404 Not Found
Content-Length: 1522
Content-Type: application/json; charset=utf-8
cache-control: no-cache

11:35:50.769 [AsyncHttpClient-1-2] DEBUG org.asynchttpclient.netty.channel.ChannelManager - Adding key: http://localhost:39165 for channel [id: 0xa10b78a6, L:/127.0.0.1:61155 - R:localhost/127.0.0.1:39165]
11:35:50.770 [Forwarding getCurrentUrl on session b4c44b8ab3ec34df82fcca1e22294ffd to remote] DEBUG org.asynchttpclient.netty.request.NettyRequestSender - Using pooled Channel '[id: 0xa10b78a6, L:/127.0.0.1:61155 - R:localhost/127.0.0.1:39165]' for 'GET' to 'http://localhost:39165/session/b4c44b8ab3ec34df82fcca1e22294ffd/url'
11:35:50.770 [Forwarding getCurrentUrl on session b4c44b8ab3ec34df82fcca1e22294ffd to remote] DEBUG org.asynchttpclient.netty.request.NettyRequestSender - Using open Channel [id: 0xa10b78a6, L:/127.0.0.1:61155 - R:localhost/127.0.0.1:39165] for GET '/session/b4c44b8ab3ec34df82fcca1e22294ffd/url'
11:35:50.774 [AsyncHttpClient-1-2] DEBUG org.asynchttpclient.netty.handler.HttpHandler - 

Request DefaultFullHttpRequest(decodeResult: success, version: HTTP/1.1, content: EmptyByteBufBE)
GET /session/b4c44b8ab3ec34df82fcca1e22294ffd/url HTTP/1.1
User-Agent: selenium/4.8.0 (java windows)
Cache-Control: no-cache
Content-Type: application/json; charset=utf-8
host: localhost:39165
accept: */*

Response DefaultHttpResponse(decodeResult: success, version: HTTP/1.1)
HTTP/1.1 200 OK
Content-Length: 52
Content-Type: application/json; charset=utf-8
cache-control: no-cache

11:35:50.774 [AsyncHttpClient-1-2] DEBUG org.asynchttpclient.netty.channel.ChannelManager - Adding key: http://localhost:39165 for channel [id: 0xa10b78a6, L:/127.0.0.1:61155 - R:localhost/127.0.0.1:39165]
11:35:50.775 [Forwarding screenshot on session b4c44b8ab3ec34df82fcca1e22294ffd to remote] DEBUG org.asynchttpclient.netty.request.NettyRequestSender - Using pooled Channel '[id: 0xa10b78a6, L:/127.0.0.1:61155 - R:localhost/127.0.0.1:39165]' for 'GET' to 'http://localhost:39165/session/b4c44b8ab3ec34df82fcca1e22294ffd/screenshot'
11:35:50.775 [Forwarding screenshot on session b4c44b8ab3ec34df82fcca1e22294ffd to remote] DEBUG org.asynchttpclient.netty.request.NettyRequestSender - Using open Channel [id: 0xa10b78a6, L:/127.0.0.1:61155 - R:localhost/127.0.0.1:39165] for GET '/session/b4c44b8ab3ec34df82fcca1e22294ffd/screenshot'
11:35:50.946 [AsyncHttpClient-1-2] DEBUG org.asynchttpclient.netty.handler.HttpHandler - 

Request DefaultFullHttpRequest(decodeResult: success, version: HTTP/1.1, content: EmptyByteBufBE)
GET /session/b4c44b8ab3ec34df82fcca1e22294ffd/screenshot HTTP/1.1
User-Agent: selenium/4.8.0 (java windows)
Cache-Control: no-cache
Content-Type: application/json; charset=utf-8
host: localhost:39165
accept: */*

Response DefaultHttpResponse(decodeResult: success, version: HTTP/1.1)
HTTP/1.1 200 OK
Content-Length: 508544
Content-Type: application/json; charset=utf-8
cache-control: no-cache

11:35:50.948 [AsyncHttpClient-1-2] DEBUG org.asynchttpclient.netty.channel.ChannelManager - Adding key: http://localhost:39165 for channel [id: 0xa10b78a6, L:/127.0.0.1:61155 - R:localhost/127.0.0.1:39165]
11:35:50.956 [main] DEBUG net.serenitybdd.core.photography.Darkroom - Send negative for processing for target\site\serenity\1632ab7f374122e2e8d5b56ff5bf85d036cc4925349f90958562fd41480640ef.png
11:35:50.957 [main] DEBUG net.thucydides.core.steps.StepInterceptor - STEP DONE: validate FilterProductZToA
11:35:50.960 [Forwarding getPageSource on session b4c44b8ab3ec34df82fcca1e22294ffd to remote] DEBUG org.asynchttpclient.netty.request.NettyRequestSender - Using pooled Channel '[id: 0xa10b78a6, L:/127.0.0.1:61155 - R:localhost/127.0.0.1:39165]' for 'POST' to 'http://localhost:39165/session/b4c44b8ab3ec34df82fcca1e22294ffd/execute/sync'
11:35:50.960 [Forwarding getPageSource on session b4c44b8ab3ec34df82fcca1e22294ffd to remote] DEBUG org.asynchttpclient.netty.request.NettyRequestSender - Using open Channel [id: 0xa10b78a6, L:/127.0.0.1:61155 - R:localhost/127.0.0.1:39165] for POST '/session/b4c44b8ab3ec34df82fcca1e22294ffd/execute/sync'
11:35:50.970 [AsyncHttpClient-1-2] DEBUG org.asynchttpclient.netty.handler.HttpHandler - 

Request DefaultHttpRequest(decodeResult: success, version: HTTP/1.1)
POST /session/b4c44b8ab3ec34df82fcca1e22294ffd/execute/sync HTTP/1.1
User-Agent: selenium/4.8.0 (java windows)
Content-Length: 176
Content-Type: application/json; charset=utf-8
host: localhost:39165
accept: */*

Response DefaultHttpResponse(decodeResult: success, version: HTTP/1.1)
HTTP/1.1 200 OK
Content-Length: 16392
Content-Type: application/json; charset=utf-8
cache-control: no-cache

11:35:50.971 [AsyncHttpClient-1-2] DEBUG org.asynchttpclient.netty.channel.ChannelManager - Adding key: http://localhost:39165 for channel [id: 0xa10b78a6, L:/127.0.0.1:61155 - R:localhost/127.0.0.1:39165]
11:35:50.974 [Forwarding getCurrentUrl on session b4c44b8ab3ec34df82fcca1e22294ffd to remote] DEBUG org.asynchttpclient.netty.request.NettyRequestSender - Using pooled Channel '[id: 0xa10b78a6, L:/127.0.0.1:61155 - R:localhost/127.0.0.1:39165]' for 'GET' to 'http://localhost:39165/session/b4c44b8ab3ec34df82fcca1e22294ffd/url'
11:35:50.974 [Forwarding getCurrentUrl on session b4c44b8ab3ec34df82fcca1e22294ffd to remote] DEBUG org.asynchttpclient.netty.request.NettyRequestSender - Using open Channel [id: 0xa10b78a6, L:/127.0.0.1:61155 - R:localhost/127.0.0.1:39165] for GET '/session/b4c44b8ab3ec34df82fcca1e22294ffd/url'
11:35:50.979 [AsyncHttpClient-1-2] DEBUG org.asynchttpclient.netty.handler.HttpHandler - 

Request DefaultFullHttpRequest(decodeResult: success, version: HTTP/1.1, content: EmptyByteBufBE)
GET /session/b4c44b8ab3ec34df82fcca1e22294ffd/url HTTP/1.1
User-Agent: selenium/4.8.0 (java windows)
Cache-Control: no-cache
Content-Type: application/json; charset=utf-8
host: localhost:39165
accept: */*

Response DefaultHttpResponse(decodeResult: success, version: HTTP/1.1)
HTTP/1.1 200 OK
Content-Length: 52
Content-Type: application/json; charset=utf-8
cache-control: no-cache

11:35:50.979 [AsyncHttpClient-1-2] DEBUG org.asynchttpclient.netty.channel.ChannelManager - Adding key: http://localhost:39165 for channel [id: 0xa10b78a6, L:/127.0.0.1:61155 - R:localhost/127.0.0.1:39165]
11:35:50.986 [main] DEBUG net.thucydides.core.steps.StepInterceptor - STARTING STEP: InventoryPageSteps.test5_validateSortinLogicInFilter - chooseFilterLowToHigh
11:35:50.990 [Forwarding findElement on session b4c44b8ab3ec34df82fcca1e22294ffd to remote] DEBUG org.asynchttpclient.netty.request.NettyRequestSender - Using pooled Channel '[id: 0xa10b78a6, L:/127.0.0.1:61155 - R:localhost/127.0.0.1:39165]' for 'POST' to 'http://localhost:39165/session/b4c44b8ab3ec34df82fcca1e22294ffd/element'
11:35:50.990 [Forwarding findElement on session b4c44b8ab3ec34df82fcca1e22294ffd to remote] DEBUG org.asynchttpclient.netty.request.NettyRequestSender - Using open Channel [id: 0xa10b78a6, L:/127.0.0.1:61155 - R:localhost/127.0.0.1:39165] for POST '/session/b4c44b8ab3ec34df82fcca1e22294ffd/element'
11:35:50.997 [AsyncHttpClient-1-2] DEBUG org.asynchttpclient.netty.handler.HttpHandler - 

Request DefaultHttpRequest(decodeResult: success, version: HTTP/1.1)
POST /session/b4c44b8ab3ec34df82fcca1e22294ffd/element HTTP/1.1
User-Agent: selenium/4.8.0 (java windows)
Content-Length: 88
Content-Type: application/json; charset=utf-8
host: localhost:39165
accept: */*

Response DefaultHttpResponse(decodeResult: success, version: HTTP/1.1)
HTTP/1.1 200 OK
Content-Length: 95
Content-Type: application/json; charset=utf-8
cache-control: no-cache

11:35:50.997 [AsyncHttpClient-1-2] DEBUG org.asynchttpclient.netty.channel.ChannelManager - Adding key: http://localhost:39165 for channel [id: 0xa10b78a6, L:/127.0.0.1:61155 - R:localhost/127.0.0.1:39165]
11:35:50.999 [Forwarding isElementDisplayed on session b4c44b8ab3ec34df82fcca1e22294ffd to remote] DEBUG org.asynchttpclient.netty.request.NettyRequestSender - Using pooled Channel '[id: 0xa10b78a6, L:/127.0.0.1:61155 - R:localhost/127.0.0.1:39165]' for 'POST' to 'http://localhost:39165/session/b4c44b8ab3ec34df82fcca1e22294ffd/execute/sync'
11:35:50.999 [Forwarding isElementDisplayed on session b4c44b8ab3ec34df82fcca1e22294ffd to remote] DEBUG org.asynchttpclient.netty.request.NettyRequestSender - Using open Channel [id: 0xa10b78a6, L:/127.0.0.1:61155 - R:localhost/127.0.0.1:39165] for POST '/session/b4c44b8ab3ec34df82fcca1e22294ffd/execute/sync'
11:35:51.006 [AsyncHttpClient-1-2] DEBUG org.asynchttpclient.netty.handler.HttpHandler - 

Request DefaultHttpRequest(decodeResult: success, version: HTTP/1.1)
POST /session/b4c44b8ab3ec34df82fcca1e22294ffd/execute/sync HTTP/1.1
User-Agent: selenium/4.8.0 (java windows)
Content-Length: 48814
Content-Type: application/json; charset=utf-8
host: localhost:39165
accept: */*

Response DefaultHttpResponse(decodeResult: success, version: HTTP/1.1)
HTTP/1.1 200 OK
Content-Length: 14
Content-Type: application/json; charset=utf-8
cache-control: no-cache

11:35:51.006 [AsyncHttpClient-1-2] DEBUG org.asynchttpclient.netty.channel.ChannelManager - Adding key: http://localhost:39165 for channel [id: 0xa10b78a6, L:/127.0.0.1:61155 - R:localhost/127.0.0.1:39165]
11:35:51.007 [Forwarding getElementTagName on session b4c44b8ab3ec34df82fcca1e22294ffd to remote] DEBUG org.asynchttpclient.netty.request.NettyRequestSender - Using pooled Channel '[id: 0xa10b78a6, L:/127.0.0.1:61155 - R:localhost/127.0.0.1:39165]' for 'GET' to 'http://localhost:39165/session/b4c44b8ab3ec34df82fcca1e22294ffd/element/D6FCA329F55A989BAF0E516CCCB7C1E0_element_56/name'
11:35:51.007 [Forwarding getElementTagName on session b4c44b8ab3ec34df82fcca1e22294ffd to remote] DEBUG org.asynchttpclient.netty.request.NettyRequestSender - Using open Channel [id: 0xa10b78a6, L:/127.0.0.1:61155 - R:localhost/127.0.0.1:39165] for GET '/session/b4c44b8ab3ec34df82fcca1e22294ffd/element/D6FCA329F55A989BAF0E516CCCB7C1E0_element_56/name'
11:35:51.010 [AsyncHttpClient-1-2] DEBUG org.asynchttpclient.netty.handler.HttpHandler - 

Request DefaultFullHttpRequest(decodeResult: success, version: HTTP/1.1, content: EmptyByteBufBE)
GET /session/b4c44b8ab3ec34df82fcca1e22294ffd/element/D6FCA329F55A989BAF0E516CCCB7C1E0_element_56/name HTTP/1.1
User-Agent: selenium/4.8.0 (java windows)
Cache-Control: no-cache
Content-Type: application/json; charset=utf-8
host: localhost:39165
accept: */*

Response DefaultHttpResponse(decodeResult: success, version: HTTP/1.1)
HTTP/1.1 200 OK
Content-Length: 18
Content-Type: application/json; charset=utf-8
cache-control: no-cache

11:35:51.010 [AsyncHttpClient-1-2] DEBUG org.asynchttpclient.netty.channel.ChannelManager - Adding key: http://localhost:39165 for channel [id: 0xa10b78a6, L:/127.0.0.1:61155 - R:localhost/127.0.0.1:39165]
11:35:51.011 [Forwarding getElementDomAttribute on session b4c44b8ab3ec34df82fcca1e22294ffd to remote] DEBUG org.asynchttpclient.netty.request.NettyRequestSender - Using pooled Channel '[id: 0xa10b78a6, L:/127.0.0.1:61155 - R:localhost/127.0.0.1:39165]' for 'GET' to 'http://localhost:39165/session/b4c44b8ab3ec34df82fcca1e22294ffd/element/D6FCA329F55A989BAF0E516CCCB7C1E0_element_56/attribute/multiple'
11:35:51.011 [Forwarding getElementDomAttribute on session b4c44b8ab3ec34df82fcca1e22294ffd to remote] DEBUG org.asynchttpclient.netty.request.NettyRequestSender - Using open Channel [id: 0xa10b78a6, L:/127.0.0.1:61155 - R:localhost/127.0.0.1:39165] for GET '/session/b4c44b8ab3ec34df82fcca1e22294ffd/element/D6FCA329F55A989BAF0E516CCCB7C1E0_element_56/attribute/multiple'
11:35:51.016 [AsyncHttpClient-1-2] DEBUG org.asynchttpclient.netty.handler.HttpHandler - 

Request DefaultFullHttpRequest(decodeResult: success, version: HTTP/1.1, content: EmptyByteBufBE)
GET /session/b4c44b8ab3ec34df82fcca1e22294ffd/element/D6FCA329F55A989BAF0E516CCCB7C1E0_element_56/attribute/multiple HTTP/1.1
User-Agent: selenium/4.8.0 (java windows)
Cache-Control: no-cache
Content-Type: application/json; charset=utf-8
host: localhost:39165
accept: */*

Response DefaultHttpResponse(decodeResult: success, version: HTTP/1.1)
HTTP/1.1 200 OK
Content-Length: 14
Content-Type: application/json; charset=utf-8
cache-control: no-cache

11:35:51.016 [AsyncHttpClient-1-2] DEBUG org.asynchttpclient.netty.channel.ChannelManager - Adding key: http://localhost:39165 for channel [id: 0xa10b78a6, L:/127.0.0.1:61155 - R:localhost/127.0.0.1:39165]
11:35:51.016 [Forwarding isElementEnabled on session b4c44b8ab3ec34df82fcca1e22294ffd to remote] DEBUG org.asynchttpclient.netty.request.NettyRequestSender - Using pooled Channel '[id: 0xa10b78a6, L:/127.0.0.1:61155 - R:localhost/127.0.0.1:39165]' for 'GET' to 'http://localhost:39165/session/b4c44b8ab3ec34df82fcca1e22294ffd/element/D6FCA329F55A989BAF0E516CCCB7C1E0_element_56/enabled'
11:35:51.016 [Forwarding isElementEnabled on session b4c44b8ab3ec34df82fcca1e22294ffd to remote] DEBUG org.asynchttpclient.netty.request.NettyRequestSender - Using open Channel [id: 0xa10b78a6, L:/127.0.0.1:61155 - R:localhost/127.0.0.1:39165] for GET '/session/b4c44b8ab3ec34df82fcca1e22294ffd/element/D6FCA329F55A989BAF0E516CCCB7C1E0_element_56/enabled'
11:35:51.021 [AsyncHttpClient-1-2] DEBUG org.asynchttpclient.netty.handler.HttpHandler - 

Request DefaultFullHttpRequest(decodeResult: success, version: HTTP/1.1, content: EmptyByteBufBE)
GET /session/b4c44b8ab3ec34df82fcca1e22294ffd/element/D6FCA329F55A989BAF0E516CCCB7C1E0_element_56/enabled HTTP/1.1
User-Agent: selenium/4.8.0 (java windows)
Cache-Control: no-cache
Content-Type: application/json; charset=utf-8
host: localhost:39165
accept: */*

Response DefaultHttpResponse(decodeResult: success, version: HTTP/1.1)
HTTP/1.1 200 OK
Content-Length: 14
Content-Type: application/json; charset=utf-8
cache-control: no-cache

11:35:51.021 [AsyncHttpClient-1-2] DEBUG org.asynchttpclient.netty.channel.ChannelManager - Adding key: http://localhost:39165 for channel [id: 0xa10b78a6, L:/127.0.0.1:61155 - R:localhost/127.0.0.1:39165]
11:35:51.021 [Forwarding findChildElements on session b4c44b8ab3ec34df82fcca1e22294ffd to remote] DEBUG org.asynchttpclient.netty.request.NettyRequestSender - Using pooled Channel '[id: 0xa10b78a6, L:/127.0.0.1:61155 - R:localhost/127.0.0.1:39165]' for 'POST' to 'http://localhost:39165/session/b4c44b8ab3ec34df82fcca1e22294ffd/element/D6FCA329F55A989BAF0E516CCCB7C1E0_element_56/elements'
11:35:51.021 [Forwarding findChildElements on session b4c44b8ab3ec34df82fcca1e22294ffd to remote] DEBUG org.asynchttpclient.netty.request.NettyRequestSender - Using open Channel [id: 0xa10b78a6, L:/127.0.0.1:61155 - R:localhost/127.0.0.1:39165] for POST '/session/b4c44b8ab3ec34df82fcca1e22294ffd/element/D6FCA329F55A989BAF0E516CCCB7C1E0_element_56/elements'
11:35:51.027 [AsyncHttpClient-1-2] DEBUG org.asynchttpclient.netty.handler.HttpHandler - 

Request DefaultHttpRequest(decodeResult: success, version: HTTP/1.1)
POST /session/b4c44b8ab3ec34df82fcca1e22294ffd/element/D6FCA329F55A989BAF0E516CCCB7C1E0_element_56/elements HTTP/1.1
User-Agent: selenium/4.8.0 (java windows)
Content-Length: 101
Content-Type: application/json; charset=utf-8
host: localhost:39165
accept: */*

Response DefaultHttpResponse(decodeResult: success, version: HTTP/1.1)
HTTP/1.1 200 OK
Content-Length: 355
Content-Type: application/json; charset=utf-8
cache-control: no-cache

11:35:51.027 [AsyncHttpClient-1-2] DEBUG org.asynchttpclient.netty.channel.ChannelManager - Adding key: http://localhost:39165 for channel [id: 0xa10b78a6, L:/127.0.0.1:61155 - R:localhost/127.0.0.1:39165]
11:35:51.030 [Forwarding getElementAttribute on session b4c44b8ab3ec34df82fcca1e22294ffd to remote] DEBUG org.asynchttpclient.netty.request.NettyRequestSender - Using pooled Channel '[id: 0xa10b78a6, L:/127.0.0.1:61155 - R:localhost/127.0.0.1:39165]' for 'POST' to 'http://localhost:39165/session/b4c44b8ab3ec34df82fcca1e22294ffd/execute/sync'
11:35:51.030 [Forwarding getElementAttribute on session b4c44b8ab3ec34df82fcca1e22294ffd to remote] DEBUG org.asynchttpclient.netty.request.NettyRequestSender - Using open Channel [id: 0xa10b78a6, L:/127.0.0.1:61155 - R:localhost/127.0.0.1:39165] for POST '/session/b4c44b8ab3ec34df82fcca1e22294ffd/execute/sync'
11:35:51.043 [AsyncHttpClient-1-2] DEBUG org.asynchttpclient.netty.handler.HttpHandler - 

Request DefaultHttpRequest(decodeResult: success, version: HTTP/1.1)
POST /session/b4c44b8ab3ec34df82fcca1e22294ffd/execute/sync HTTP/1.1
User-Agent: selenium/4.8.0 (java windows)
Content-Length: 47375
Content-Type: application/json; charset=utf-8
host: localhost:39165
accept: */*

Response DefaultHttpResponse(decodeResult: success, version: HTTP/1.1)
HTTP/1.1 200 OK
Content-Length: 13
Content-Type: application/json; charset=utf-8
cache-control: no-cache

11:35:51.043 [AsyncHttpClient-1-2] DEBUG org.asynchttpclient.netty.channel.ChannelManager - Adding key: http://localhost:39165 for channel [id: 0xa10b78a6, L:/127.0.0.1:61155 - R:localhost/127.0.0.1:39165]
11:35:51.044 [Forwarding getElementAttribute on session b4c44b8ab3ec34df82fcca1e22294ffd to remote] DEBUG org.asynchttpclient.netty.request.NettyRequestSender - Using pooled Channel '[id: 0xa10b78a6, L:/127.0.0.1:61155 - R:localhost/127.0.0.1:39165]' for 'POST' to 'http://localhost:39165/session/b4c44b8ab3ec34df82fcca1e22294ffd/execute/sync'
11:35:51.044 [Forwarding getElementAttribute on session b4c44b8ab3ec34df82fcca1e22294ffd to remote] DEBUG org.asynchttpclient.netty.request.NettyRequestSender - Using open Channel [id: 0xa10b78a6, L:/127.0.0.1:61155 - R:localhost/127.0.0.1:39165] for POST '/session/b4c44b8ab3ec34df82fcca1e22294ffd/execute/sync'
11:35:51.051 [AsyncHttpClient-1-2] DEBUG org.asynchttpclient.netty.handler.HttpHandler - 

Request DefaultHttpRequest(decodeResult: success, version: HTTP/1.1)
POST /session/b4c44b8ab3ec34df82fcca1e22294ffd/execute/sync HTTP/1.1
User-Agent: selenium/4.8.0 (java windows)
Content-Length: 47375
Content-Type: application/json; charset=utf-8
host: localhost:39165
accept: */*

Response DefaultHttpResponse(decodeResult: success, version: HTTP/1.1)
HTTP/1.1 200 OK
Content-Length: 13
Content-Type: application/json; charset=utf-8
cache-control: no-cache

11:35:51.051 [AsyncHttpClient-1-2] DEBUG org.asynchttpclient.netty.channel.ChannelManager - Adding key: http://localhost:39165 for channel [id: 0xa10b78a6, L:/127.0.0.1:61155 - R:localhost/127.0.0.1:39165]
11:35:51.052 [Forwarding getElementAttribute on session b4c44b8ab3ec34df82fcca1e22294ffd to remote] DEBUG org.asynchttpclient.netty.request.NettyRequestSender - Using pooled Channel '[id: 0xa10b78a6, L:/127.0.0.1:61155 - R:localhost/127.0.0.1:39165]' for 'POST' to 'http://localhost:39165/session/b4c44b8ab3ec34df82fcca1e22294ffd/execute/sync'
11:35:51.052 [Forwarding getElementAttribute on session b4c44b8ab3ec34df82fcca1e22294ffd to remote] DEBUG org.asynchttpclient.netty.request.NettyRequestSender - Using open Channel [id: 0xa10b78a6, L:/127.0.0.1:61155 - R:localhost/127.0.0.1:39165] for POST '/session/b4c44b8ab3ec34df82fcca1e22294ffd/execute/sync'
11:35:51.059 [AsyncHttpClient-1-2] DEBUG org.asynchttpclient.netty.handler.HttpHandler - 

Request DefaultHttpRequest(decodeResult: success, version: HTTP/1.1)
POST /session/b4c44b8ab3ec34df82fcca1e22294ffd/execute/sync HTTP/1.1
User-Agent: selenium/4.8.0 (java windows)
Content-Length: 47375
Content-Type: application/json; charset=utf-8
host: localhost:39165
accept: */*

Response DefaultHttpResponse(decodeResult: success, version: HTTP/1.1)
HTTP/1.1 200 OK
Content-Length: 13
Content-Type: application/json; charset=utf-8
cache-control: no-cache

11:35:51.059 [AsyncHttpClient-1-2] DEBUG org.asynchttpclient.netty.channel.ChannelManager - Adding key: http://localhost:39165 for channel [id: 0xa10b78a6, L:/127.0.0.1:61155 - R:localhost/127.0.0.1:39165]
11:35:51.059 [Forwarding isElementEnabled on session b4c44b8ab3ec34df82fcca1e22294ffd to remote] DEBUG org.asynchttpclient.netty.request.NettyRequestSender - Using pooled Channel '[id: 0xa10b78a6, L:/127.0.0.1:61155 - R:localhost/127.0.0.1:39165]' for 'GET' to 'http://localhost:39165/session/b4c44b8ab3ec34df82fcca1e22294ffd/element/D6FCA329F55A989BAF0E516CCCB7C1E0_element_62/enabled'
11:35:51.059 [Forwarding isElementEnabled on session b4c44b8ab3ec34df82fcca1e22294ffd to remote] DEBUG org.asynchttpclient.netty.request.NettyRequestSender - Using open Channel [id: 0xa10b78a6, L:/127.0.0.1:61155 - R:localhost/127.0.0.1:39165] for GET '/session/b4c44b8ab3ec34df82fcca1e22294ffd/element/D6FCA329F55A989BAF0E516CCCB7C1E0_element_62/enabled'
11:35:51.064 [AsyncHttpClient-1-2] DEBUG org.asynchttpclient.netty.handler.HttpHandler - 

Request DefaultFullHttpRequest(decodeResult: success, version: HTTP/1.1, content: EmptyByteBufBE)
GET /session/b4c44b8ab3ec34df82fcca1e22294ffd/element/D6FCA329F55A989BAF0E516CCCB7C1E0_element_62/enabled HTTP/1.1
User-Agent: selenium/4.8.0 (java windows)
Cache-Control: no-cache
Content-Type: application/json; charset=utf-8
host: localhost:39165
accept: */*

Response DefaultHttpResponse(decodeResult: success, version: HTTP/1.1)
HTTP/1.1 200 OK
Content-Length: 14
Content-Type: application/json; charset=utf-8
cache-control: no-cache

11:35:51.064 [AsyncHttpClient-1-2] DEBUG org.asynchttpclient.netty.channel.ChannelManager - Adding key: http://localhost:39165 for channel [id: 0xa10b78a6, L:/127.0.0.1:61155 - R:localhost/127.0.0.1:39165]
11:35:51.064 [Forwarding isElementSelected on session b4c44b8ab3ec34df82fcca1e22294ffd to remote] DEBUG org.asynchttpclient.netty.request.NettyRequestSender - Using pooled Channel '[id: 0xa10b78a6, L:/127.0.0.1:61155 - R:localhost/127.0.0.1:39165]' for 'GET' to 'http://localhost:39165/session/b4c44b8ab3ec34df82fcca1e22294ffd/element/D6FCA329F55A989BAF0E516CCCB7C1E0_element_62/selected'
11:35:51.064 [Forwarding isElementSelected on session b4c44b8ab3ec34df82fcca1e22294ffd to remote] DEBUG org.asynchttpclient.netty.request.NettyRequestSender - Using open Channel [id: 0xa10b78a6, L:/127.0.0.1:61155 - R:localhost/127.0.0.1:39165] for GET '/session/b4c44b8ab3ec34df82fcca1e22294ffd/element/D6FCA329F55A989BAF0E516CCCB7C1E0_element_62/selected'
11:35:51.069 [AsyncHttpClient-1-2] DEBUG org.asynchttpclient.netty.handler.HttpHandler - 

Request DefaultFullHttpRequest(decodeResult: success, version: HTTP/1.1, content: EmptyByteBufBE)
GET /session/b4c44b8ab3ec34df82fcca1e22294ffd/element/D6FCA329F55A989BAF0E516CCCB7C1E0_element_62/selected HTTP/1.1
User-Agent: selenium/4.8.0 (java windows)
Cache-Control: no-cache
Content-Type: application/json; charset=utf-8
host: localhost:39165
accept: */*

Response DefaultHttpResponse(decodeResult: success, version: HTTP/1.1)
HTTP/1.1 200 OK
Content-Length: 15
Content-Type: application/json; charset=utf-8
cache-control: no-cache

11:35:51.069 [AsyncHttpClient-1-2] DEBUG org.asynchttpclient.netty.channel.ChannelManager - Adding key: http://localhost:39165 for channel [id: 0xa10b78a6, L:/127.0.0.1:61155 - R:localhost/127.0.0.1:39165]
11:35:51.070 [Forwarding clickElement on session b4c44b8ab3ec34df82fcca1e22294ffd to remote] DEBUG org.asynchttpclient.netty.request.NettyRequestSender - Using pooled Channel '[id: 0xa10b78a6, L:/127.0.0.1:61155 - R:localhost/127.0.0.1:39165]' for 'POST' to 'http://localhost:39165/session/b4c44b8ab3ec34df82fcca1e22294ffd/element/D6FCA329F55A989BAF0E516CCCB7C1E0_element_62/click'
11:35:51.070 [Forwarding clickElement on session b4c44b8ab3ec34df82fcca1e22294ffd to remote] DEBUG org.asynchttpclient.netty.request.NettyRequestSender - Using open Channel [id: 0xa10b78a6, L:/127.0.0.1:61155 - R:localhost/127.0.0.1:39165] for POST '/session/b4c44b8ab3ec34df82fcca1e22294ffd/element/D6FCA329F55A989BAF0E516CCCB7C1E0_element_62/click'
11:35:51.088 [AsyncHttpClient-1-2] DEBUG org.asynchttpclient.netty.handler.HttpHandler - 

Request DefaultHttpRequest(decodeResult: success, version: HTTP/1.1)
POST /session/b4c44b8ab3ec34df82fcca1e22294ffd/element/D6FCA329F55A989BAF0E516CCCB7C1E0_element_62/click HTTP/1.1
User-Agent: selenium/4.8.0 (java windows)
Content-Length: 57
Content-Type: application/json; charset=utf-8
host: localhost:39165
accept: */*

Response DefaultHttpResponse(decodeResult: success, version: HTTP/1.1)
HTTP/1.1 200 OK
Content-Length: 14
Content-Type: application/json; charset=utf-8
cache-control: no-cache

11:35:51.088 [AsyncHttpClient-1-2] DEBUG org.asynchttpclient.netty.channel.ChannelManager - Adding key: http://localhost:39165 for channel [id: 0xa10b78a6, L:/127.0.0.1:61155 - R:localhost/127.0.0.1:39165]
11:35:51.090 [main] INFO  com.swaglabs.base.SetUp - filter low to high selected
11:35:51.094 [Forwarding getAlertText on session b4c44b8ab3ec34df82fcca1e22294ffd to remote] DEBUG org.asynchttpclient.netty.request.NettyRequestSender - Using pooled Channel '[id: 0xa10b78a6, L:/127.0.0.1:61155 - R:localhost/127.0.0.1:39165]' for 'GET' to 'http://localhost:39165/session/b4c44b8ab3ec34df82fcca1e22294ffd/alert/text'
11:35:51.095 [Forwarding getAlertText on session b4c44b8ab3ec34df82fcca1e22294ffd to remote] DEBUG org.asynchttpclient.netty.request.NettyRequestSender - Using open Channel [id: 0xa10b78a6, L:/127.0.0.1:61155 - R:localhost/127.0.0.1:39165] for GET '/session/b4c44b8ab3ec34df82fcca1e22294ffd/alert/text'
11:35:51.096 [AsyncHttpClient-1-2] DEBUG org.asynchttpclient.netty.handler.HttpHandler - 

Request DefaultFullHttpRequest(decodeResult: success, version: HTTP/1.1, content: EmptyByteBufBE)
GET /session/b4c44b8ab3ec34df82fcca1e22294ffd/alert/text HTTP/1.1
User-Agent: selenium/4.8.0 (java windows)
Cache-Control: no-cache
Content-Type: application/json; charset=utf-8
host: localhost:39165
accept: */*

Response DefaultHttpResponse(decodeResult: success, version: HTTP/1.1)
HTTP/1.1 404 Not Found
Content-Length: 1522
Content-Type: application/json; charset=utf-8
cache-control: no-cache

11:35:51.096 [AsyncHttpClient-1-2] DEBUG org.asynchttpclient.netty.channel.ChannelManager - Adding key: http://localhost:39165 for channel [id: 0xa10b78a6, L:/127.0.0.1:61155 - R:localhost/127.0.0.1:39165]
11:35:51.097 [Forwarding getCurrentUrl on session b4c44b8ab3ec34df82fcca1e22294ffd to remote] DEBUG org.asynchttpclient.netty.request.NettyRequestSender - Using pooled Channel '[id: 0xa10b78a6, L:/127.0.0.1:61155 - R:localhost/127.0.0.1:39165]' for 'GET' to 'http://localhost:39165/session/b4c44b8ab3ec34df82fcca1e22294ffd/url'
11:35:51.097 [Forwarding getCurrentUrl on session b4c44b8ab3ec34df82fcca1e22294ffd to remote] DEBUG org.asynchttpclient.netty.request.NettyRequestSender - Using open Channel [id: 0xa10b78a6, L:/127.0.0.1:61155 - R:localhost/127.0.0.1:39165] for GET '/session/b4c44b8ab3ec34df82fcca1e22294ffd/url'
11:35:51.101 [AsyncHttpClient-1-2] DEBUG org.asynchttpclient.netty.handler.HttpHandler - 

Request DefaultFullHttpRequest(decodeResult: success, version: HTTP/1.1, content: EmptyByteBufBE)
GET /session/b4c44b8ab3ec34df82fcca1e22294ffd/url HTTP/1.1
User-Agent: selenium/4.8.0 (java windows)
Cache-Control: no-cache
Content-Type: application/json; charset=utf-8
host: localhost:39165
accept: */*

Response DefaultHttpResponse(decodeResult: success, version: HTTP/1.1)
HTTP/1.1 200 OK
Content-Length: 52
Content-Type: application/json; charset=utf-8
cache-control: no-cache

11:35:51.101 [AsyncHttpClient-1-2] DEBUG org.asynchttpclient.netty.channel.ChannelManager - Adding key: http://localhost:39165 for channel [id: 0xa10b78a6, L:/127.0.0.1:61155 - R:localhost/127.0.0.1:39165]
11:35:51.102 [Forwarding screenshot on session b4c44b8ab3ec34df82fcca1e22294ffd to remote] DEBUG org.asynchttpclient.netty.request.NettyRequestSender - Using pooled Channel '[id: 0xa10b78a6, L:/127.0.0.1:61155 - R:localhost/127.0.0.1:39165]' for 'GET' to 'http://localhost:39165/session/b4c44b8ab3ec34df82fcca1e22294ffd/screenshot'
11:35:51.102 [Forwarding screenshot on session b4c44b8ab3ec34df82fcca1e22294ffd to remote] DEBUG org.asynchttpclient.netty.request.NettyRequestSender - Using open Channel [id: 0xa10b78a6, L:/127.0.0.1:61155 - R:localhost/127.0.0.1:39165] for GET '/session/b4c44b8ab3ec34df82fcca1e22294ffd/screenshot'
11:35:51.136 [AsyncHttpClient-1-1] DEBUG org.asynchttpclient.netty.channel.DefaultChannelPool - Entry count for : http://localhost:61159 : 1
11:35:51.277 [AsyncHttpClient-1-2] DEBUG org.asynchttpclient.netty.handler.HttpHandler - 

Request DefaultFullHttpRequest(decodeResult: success, version: HTTP/1.1, content: EmptyByteBufBE)
GET /session/b4c44b8ab3ec34df82fcca1e22294ffd/screenshot HTTP/1.1
User-Agent: selenium/4.8.0 (java windows)
Cache-Control: no-cache
Content-Type: application/json; charset=utf-8
host: localhost:39165
accept: */*

Response DefaultHttpResponse(decodeResult: success, version: HTTP/1.1)
HTTP/1.1 200 OK
Content-Length: 476064
Content-Type: application/json; charset=utf-8
cache-control: no-cache

11:35:51.278 [AsyncHttpClient-1-2] DEBUG org.asynchttpclient.netty.channel.ChannelManager - Adding key: http://localhost:39165 for channel [id: 0xa10b78a6, L:/127.0.0.1:61155 - R:localhost/127.0.0.1:39165]
11:35:51.291 [main] DEBUG net.serenitybdd.core.photography.Darkroom - Send negative for processing for target\site\serenity\f26221f36d9c823feb32110eea680c006e8e8373d5b5c734d3958eca8f6a8cd2.png
11:35:51.291 [main] DEBUG net.thucydides.core.steps.StepInterceptor - STEP DONE: chooseFilterLowToHigh
11:35:51.296 [Darkroom Processing Line] DEBUG net.serenitybdd.core.photography.DarkroomProcessingLine - Processing screenshot image in /var/screenshots/screenshot-17556363768723546222
11:35:51.296 [Darkroom Processing Line] DEBUG net.serenitybdd.core.photography.DarkroomProcessingLine - Saving screenshot to target\site\serenity\f26221f36d9c823feb32110eea680c006e8e8373d5b5c734d3958eca8f6a8cd2.png
11:35:51.297 [Forwarding getPageSource on session b4c44b8ab3ec34df82fcca1e22294ffd to remote] DEBUG org.asynchttpclient.netty.request.NettyRequestSender - Using pooled Channel '[id: 0xa10b78a6, L:/127.0.0.1:61155 - R:localhost/127.0.0.1:39165]' for 'POST' to 'http://localhost:39165/session/b4c44b8ab3ec34df82fcca1e22294ffd/execute/sync'
11:35:51.297 [Forwarding getPageSource on session b4c44b8ab3ec34df82fcca1e22294ffd to remote] DEBUG org.asynchttpclient.netty.request.NettyRequestSender - Using open Channel [id: 0xa10b78a6, L:/127.0.0.1:61155 - R:localhost/127.0.0.1:39165] for POST '/session/b4c44b8ab3ec34df82fcca1e22294ffd/execute/sync'
11:35:51.307 [AsyncHttpClient-1-2] DEBUG org.asynchttpclient.netty.handler.HttpHandler - 

Request DefaultHttpRequest(decodeResult: success, version: HTTP/1.1)
POST /session/b4c44b8ab3ec34df82fcca1e22294ffd/execute/sync HTTP/1.1
User-Agent: selenium/4.8.0 (java windows)
Content-Length: 176
Content-Type: application/json; charset=utf-8
host: localhost:39165
accept: */*

Response DefaultHttpResponse(decodeResult: success, version: HTTP/1.1)
HTTP/1.1 200 OK
Content-Length: 16398
Content-Type: application/json; charset=utf-8
cache-control: no-cache

11:35:51.307 [AsyncHttpClient-1-2] DEBUG org.asynchttpclient.netty.channel.ChannelManager - Adding key: http://localhost:39165 for channel [id: 0xa10b78a6, L:/127.0.0.1:61155 - R:localhost/127.0.0.1:39165]
11:35:51.309 [Forwarding getCurrentUrl on session b4c44b8ab3ec34df82fcca1e22294ffd to remote] DEBUG org.asynchttpclient.netty.request.NettyRequestSender - Using pooled Channel '[id: 0xa10b78a6, L:/127.0.0.1:61155 - R:localhost/127.0.0.1:39165]' for 'GET' to 'http://localhost:39165/session/b4c44b8ab3ec34df82fcca1e22294ffd/url'
11:35:51.309 [Forwarding getCurrentUrl on session b4c44b8ab3ec34df82fcca1e22294ffd to remote] DEBUG org.asynchttpclient.netty.request.NettyRequestSender - Using open Channel [id: 0xa10b78a6, L:/127.0.0.1:61155 - R:localhost/127.0.0.1:39165] for GET '/session/b4c44b8ab3ec34df82fcca1e22294ffd/url'
11:35:51.317 [AsyncHttpClient-1-2] DEBUG org.asynchttpclient.netty.handler.HttpHandler - 

Request DefaultFullHttpRequest(decodeResult: success, version: HTTP/1.1, content: EmptyByteBufBE)
GET /session/b4c44b8ab3ec34df82fcca1e22294ffd/url HTTP/1.1
User-Agent: selenium/4.8.0 (java windows)
Cache-Control: no-cache
Content-Type: application/json; charset=utf-8
host: localhost:39165
accept: */*

Response DefaultHttpResponse(decodeResult: success, version: HTTP/1.1)
HTTP/1.1 200 OK
Content-Length: 52
Content-Type: application/json; charset=utf-8
cache-control: no-cache

11:35:51.318 [AsyncHttpClient-1-2] DEBUG org.asynchttpclient.netty.channel.ChannelManager - Adding key: http://localhost:39165 for channel [id: 0xa10b78a6, L:/127.0.0.1:61155 - R:localhost/127.0.0.1:39165]
11:35:51.324 [main] DEBUG net.thucydides.core.steps.StepInterceptor - STARTING STEP: InventoryPageSteps.test5_validateSortinLogicInFilter - validate ProductsPricesLowToHigh
11:35:51.325 [Forwarding findElements on session b4c44b8ab3ec34df82fcca1e22294ffd to remote] DEBUG org.asynchttpclient.netty.request.NettyRequestSender - Using pooled Channel '[id: 0xa10b78a6, L:/127.0.0.1:61155 - R:localhost/127.0.0.1:39165]' for 'POST' to 'http://localhost:39165/session/b4c44b8ab3ec34df82fcca1e22294ffd/elements'
11:35:51.325 [Forwarding findElements on session b4c44b8ab3ec34df82fcca1e22294ffd to remote] DEBUG org.asynchttpclient.netty.request.NettyRequestSender - Using open Channel [id: 0xa10b78a6, L:/127.0.0.1:61155 - R:localhost/127.0.0.1:39165] for POST '/session/b4c44b8ab3ec34df82fcca1e22294ffd/elements'
11:35:51.336 [AsyncHttpClient-1-2] DEBUG org.asynchttpclient.netty.handler.HttpHandler - 

Request DefaultHttpRequest(decodeResult: success, version: HTTP/1.1)
POST /session/b4c44b8ab3ec34df82fcca1e22294ffd/elements HTTP/1.1
User-Agent: selenium/4.8.0 (java windows)
Content-Length: 83
Content-Type: application/json; charset=utf-8
host: localhost:39165
accept: */*

Response DefaultHttpResponse(decodeResult: success, version: HTTP/1.1)
HTTP/1.1 200 OK
Content-Length: 527
Content-Type: application/json; charset=utf-8
cache-control: no-cache

11:35:51.336 [AsyncHttpClient-1-2] DEBUG org.asynchttpclient.netty.channel.ChannelManager - Adding key: http://localhost:39165 for channel [id: 0xa10b78a6, L:/127.0.0.1:61155 - R:localhost/127.0.0.1:39165]
11:35:51.337 [Forwarding findElements on session b4c44b8ab3ec34df82fcca1e22294ffd to remote] DEBUG org.asynchttpclient.netty.request.NettyRequestSender - Using pooled Channel '[id: 0xa10b78a6, L:/127.0.0.1:61155 - R:localhost/127.0.0.1:39165]' for 'POST' to 'http://localhost:39165/session/b4c44b8ab3ec34df82fcca1e22294ffd/elements'
11:35:51.337 [Forwarding findElements on session b4c44b8ab3ec34df82fcca1e22294ffd to remote] DEBUG org.asynchttpclient.netty.request.NettyRequestSender - Using open Channel [id: 0xa10b78a6, L:/127.0.0.1:61155 - R:localhost/127.0.0.1:39165] for POST '/session/b4c44b8ab3ec34df82fcca1e22294ffd/elements'
11:35:51.345 [AsyncHttpClient-1-2] DEBUG org.asynchttpclient.netty.handler.HttpHandler - 

Request DefaultHttpRequest(decodeResult: success, version: HTTP/1.1)
POST /session/b4c44b8ab3ec34df82fcca1e22294ffd/elements HTTP/1.1
User-Agent: selenium/4.8.0 (java windows)
Content-Length: 83
Content-Type: application/json; charset=utf-8
host: localhost:39165
accept: */*

Response DefaultHttpResponse(decodeResult: success, version: HTTP/1.1)
HTTP/1.1 200 OK
Content-Length: 527
Content-Type: application/json; charset=utf-8
cache-control: no-cache

11:35:51.345 [AsyncHttpClient-1-2] DEBUG org.asynchttpclient.netty.channel.ChannelManager - Adding key: http://localhost:39165 for channel [id: 0xa10b78a6, L:/127.0.0.1:61155 - R:localhost/127.0.0.1:39165]
11:35:51.346 [Forwarding findElements on session b4c44b8ab3ec34df82fcca1e22294ffd to remote] DEBUG org.asynchttpclient.netty.request.NettyRequestSender - Using pooled Channel '[id: 0xa10b78a6, L:/127.0.0.1:61155 - R:localhost/127.0.0.1:39165]' for 'POST' to 'http://localhost:39165/session/b4c44b8ab3ec34df82fcca1e22294ffd/elements'
11:35:51.346 [Forwarding findElements on session b4c44b8ab3ec34df82fcca1e22294ffd to remote] DEBUG org.asynchttpclient.netty.request.NettyRequestSender - Using open Channel [id: 0xa10b78a6, L:/127.0.0.1:61155 - R:localhost/127.0.0.1:39165] for POST '/session/b4c44b8ab3ec34df82fcca1e22294ffd/elements'
11:35:51.353 [AsyncHttpClient-1-2] DEBUG org.asynchttpclient.netty.handler.HttpHandler - 

Request DefaultHttpRequest(decodeResult: success, version: HTTP/1.1)
POST /session/b4c44b8ab3ec34df82fcca1e22294ffd/elements HTTP/1.1
User-Agent: selenium/4.8.0 (java windows)
Content-Length: 83
Content-Type: application/json; charset=utf-8
host: localhost:39165
accept: */*

Response DefaultHttpResponse(decodeResult: success, version: HTTP/1.1)
HTTP/1.1 200 OK
Content-Length: 527
Content-Type: application/json; charset=utf-8
cache-control: no-cache

11:35:51.353 [AsyncHttpClient-1-2] DEBUG org.asynchttpclient.netty.channel.ChannelManager - Adding key: http://localhost:39165 for channel [id: 0xa10b78a6, L:/127.0.0.1:61155 - R:localhost/127.0.0.1:39165]
11:35:51.355 [Forwarding getElementText on session b4c44b8ab3ec34df82fcca1e22294ffd to remote] DEBUG org.asynchttpclient.netty.request.NettyRequestSender - Using pooled Channel '[id: 0xa10b78a6, L:/127.0.0.1:61155 - R:localhost/127.0.0.1:39165]' for 'GET' to 'http://localhost:39165/session/b4c44b8ab3ec34df82fcca1e22294ffd/element/D6FCA329F55A989BAF0E516CCCB7C1E0_element_40/text'
11:35:51.355 [Forwarding getElementText on session b4c44b8ab3ec34df82fcca1e22294ffd to remote] DEBUG org.asynchttpclient.netty.request.NettyRequestSender - Using open Channel [id: 0xa10b78a6, L:/127.0.0.1:61155 - R:localhost/127.0.0.1:39165] for GET '/session/b4c44b8ab3ec34df82fcca1e22294ffd/element/D6FCA329F55A989BAF0E516CCCB7C1E0_element_40/text'
11:35:51.362 [AsyncHttpClient-1-2] DEBUG org.asynchttpclient.netty.handler.HttpHandler - 

Request DefaultFullHttpRequest(decodeResult: success, version: HTTP/1.1, content: EmptyByteBufBE)
GET /session/b4c44b8ab3ec34df82fcca1e22294ffd/element/D6FCA329F55A989BAF0E516CCCB7C1E0_element_40/text HTTP/1.1
User-Agent: selenium/4.8.0 (java windows)
Cache-Control: no-cache
Content-Type: application/json; charset=utf-8
host: localhost:39165
accept: */*

Response DefaultHttpResponse(decodeResult: success, version: HTTP/1.1)
HTTP/1.1 200 OK
Content-Length: 17
Content-Type: application/json; charset=utf-8
cache-control: no-cache

11:35:51.362 [AsyncHttpClient-1-2] DEBUG org.asynchttpclient.netty.channel.ChannelManager - Adding key: http://localhost:39165 for channel [id: 0xa10b78a6, L:/127.0.0.1:61155 - R:localhost/127.0.0.1:39165]
11:35:51.363 [Forwarding findElements on session b4c44b8ab3ec34df82fcca1e22294ffd to remote] DEBUG org.asynchttpclient.netty.request.NettyRequestSender - Using pooled Channel '[id: 0xa10b78a6, L:/127.0.0.1:61155 - R:localhost/127.0.0.1:39165]' for 'POST' to 'http://localhost:39165/session/b4c44b8ab3ec34df82fcca1e22294ffd/elements'
11:35:51.363 [Forwarding findElements on session b4c44b8ab3ec34df82fcca1e22294ffd to remote] DEBUG org.asynchttpclient.netty.request.NettyRequestSender - Using open Channel [id: 0xa10b78a6, L:/127.0.0.1:61155 - R:localhost/127.0.0.1:39165] for POST '/session/b4c44b8ab3ec34df82fcca1e22294ffd/elements'
11:35:51.374 [AsyncHttpClient-1-2] DEBUG org.asynchttpclient.netty.handler.HttpHandler - 

Request DefaultHttpRequest(decodeResult: success, version: HTTP/1.1)
POST /session/b4c44b8ab3ec34df82fcca1e22294ffd/elements HTTP/1.1
User-Agent: selenium/4.8.0 (java windows)
Content-Length: 83
Content-Type: application/json; charset=utf-8
host: localhost:39165
accept: */*

Response DefaultHttpResponse(decodeResult: success, version: HTTP/1.1)
HTTP/1.1 200 OK
Content-Length: 527
Content-Type: application/json; charset=utf-8
cache-control: no-cache

11:35:51.374 [AsyncHttpClient-1-2] DEBUG org.asynchttpclient.netty.channel.ChannelManager - Adding key: http://localhost:39165 for channel [id: 0xa10b78a6, L:/127.0.0.1:61155 - R:localhost/127.0.0.1:39165]
11:35:51.378 [Forwarding getElementText on session b4c44b8ab3ec34df82fcca1e22294ffd to remote] DEBUG org.asynchttpclient.netty.request.NettyRequestSender - Using pooled Channel '[id: 0xa10b78a6, L:/127.0.0.1:61155 - R:localhost/127.0.0.1:39165]' for 'GET' to 'http://localhost:39165/session/b4c44b8ab3ec34df82fcca1e22294ffd/element/D6FCA329F55A989BAF0E516CCCB7C1E0_element_40/text'
11:35:51.378 [Forwarding getElementText on session b4c44b8ab3ec34df82fcca1e22294ffd to remote] DEBUG org.asynchttpclient.netty.request.NettyRequestSender - Using open Channel [id: 0xa10b78a6, L:/127.0.0.1:61155 - R:localhost/127.0.0.1:39165] for GET '/session/b4c44b8ab3ec34df82fcca1e22294ffd/element/D6FCA329F55A989BAF0E516CCCB7C1E0_element_40/text'
11:35:51.388 [AsyncHttpClient-1-2] DEBUG org.asynchttpclient.netty.handler.HttpHandler - 

Request DefaultFullHttpRequest(decodeResult: success, version: HTTP/1.1, content: EmptyByteBufBE)
GET /session/b4c44b8ab3ec34df82fcca1e22294ffd/element/D6FCA329F55A989BAF0E516CCCB7C1E0_element_40/text HTTP/1.1
User-Agent: selenium/4.8.0 (java windows)
Cache-Control: no-cache
Content-Type: application/json; charset=utf-8
host: localhost:39165
accept: */*

Response DefaultHttpResponse(decodeResult: success, version: HTTP/1.1)
HTTP/1.1 200 OK
Content-Length: 17
Content-Type: application/json; charset=utf-8
cache-control: no-cache

11:35:51.388 [AsyncHttpClient-1-2] DEBUG org.asynchttpclient.netty.channel.ChannelManager - Adding key: http://localhost:39165 for channel [id: 0xa10b78a6, L:/127.0.0.1:61155 - R:localhost/127.0.0.1:39165]
11:35:51.390 [Forwarding findElements on session b4c44b8ab3ec34df82fcca1e22294ffd to remote] DEBUG org.asynchttpclient.netty.request.NettyRequestSender - Using pooled Channel '[id: 0xa10b78a6, L:/127.0.0.1:61155 - R:localhost/127.0.0.1:39165]' for 'POST' to 'http://localhost:39165/session/b4c44b8ab3ec34df82fcca1e22294ffd/elements'
11:35:51.390 [Forwarding findElements on session b4c44b8ab3ec34df82fcca1e22294ffd to remote] DEBUG org.asynchttpclient.netty.request.NettyRequestSender - Using open Channel [id: 0xa10b78a6, L:/127.0.0.1:61155 - R:localhost/127.0.0.1:39165] for POST '/session/b4c44b8ab3ec34df82fcca1e22294ffd/elements'
11:35:51.397 [AsyncHttpClient-1-2] DEBUG org.asynchttpclient.netty.handler.HttpHandler - 

Request DefaultHttpRequest(decodeResult: success, version: HTTP/1.1)
POST /session/b4c44b8ab3ec34df82fcca1e22294ffd/elements HTTP/1.1
User-Agent: selenium/4.8.0 (java windows)
Content-Length: 83
Content-Type: application/json; charset=utf-8
host: localhost:39165
accept: */*

Response DefaultHttpResponse(decodeResult: success, version: HTTP/1.1)
HTTP/1.1 200 OK
Content-Length: 527
Content-Type: application/json; charset=utf-8
cache-control: no-cache

11:35:51.397 [AsyncHttpClient-1-2] DEBUG org.asynchttpclient.netty.channel.ChannelManager - Adding key: http://localhost:39165 for channel [id: 0xa10b78a6, L:/127.0.0.1:61155 - R:localhost/127.0.0.1:39165]
11:35:51.397 [Forwarding getElementTagName on session b4c44b8ab3ec34df82fcca1e22294ffd to remote] DEBUG org.asynchttpclient.netty.request.NettyRequestSender - Using pooled Channel '[id: 0xa10b78a6, L:/127.0.0.1:61155 - R:localhost/127.0.0.1:39165]' for 'GET' to 'http://localhost:39165/session/b4c44b8ab3ec34df82fcca1e22294ffd/element/D6FCA329F55A989BAF0E516CCCB7C1E0_element_40/name'
11:35:51.397 [Forwarding getElementTagName on session b4c44b8ab3ec34df82fcca1e22294ffd to remote] DEBUG org.asynchttpclient.netty.request.NettyRequestSender - Using open Channel [id: 0xa10b78a6, L:/127.0.0.1:61155 - R:localhost/127.0.0.1:39165] for GET '/session/b4c44b8ab3ec34df82fcca1e22294ffd/element/D6FCA329F55A989BAF0E516CCCB7C1E0_element_40/name'
11:35:51.403 [AsyncHttpClient-1-2] DEBUG org.asynchttpclient.netty.handler.HttpHandler - 

Request DefaultFullHttpRequest(decodeResult: success, version: HTTP/1.1, content: EmptyByteBufBE)
GET /session/b4c44b8ab3ec34df82fcca1e22294ffd/element/D6FCA329F55A989BAF0E516CCCB7C1E0_element_40/name HTTP/1.1
User-Agent: selenium/4.8.0 (java windows)
Cache-Control: no-cache
Content-Type: application/json; charset=utf-8
host: localhost:39165
accept: */*

Response DefaultHttpResponse(decodeResult: success, version: HTTP/1.1)
HTTP/1.1 200 OK
Content-Length: 15
Content-Type: application/json; charset=utf-8
cache-control: no-cache

11:35:51.403 [AsyncHttpClient-1-2] DEBUG org.asynchttpclient.netty.channel.ChannelManager - Adding key: http://localhost:39165 for channel [id: 0xa10b78a6, L:/127.0.0.1:61155 - R:localhost/127.0.0.1:39165]
11:35:51.405 [Forwarding getElementAttribute on session b4c44b8ab3ec34df82fcca1e22294ffd to remote] DEBUG org.asynchttpclient.netty.request.NettyRequestSender - Using pooled Channel '[id: 0xa10b78a6, L:/127.0.0.1:61155 - R:localhost/127.0.0.1:39165]' for 'POST' to 'http://localhost:39165/session/b4c44b8ab3ec34df82fcca1e22294ffd/execute/sync'
11:35:51.405 [Forwarding getElementAttribute on session b4c44b8ab3ec34df82fcca1e22294ffd to remote] DEBUG org.asynchttpclient.netty.request.NettyRequestSender - Using open Channel [id: 0xa10b78a6, L:/127.0.0.1:61155 - R:localhost/127.0.0.1:39165] for POST '/session/b4c44b8ab3ec34df82fcca1e22294ffd/execute/sync'
11:35:51.413 [AsyncHttpClient-1-2] DEBUG org.asynchttpclient.netty.handler.HttpHandler - 

Request DefaultHttpRequest(decodeResult: success, version: HTTP/1.1)
POST /session/b4c44b8ab3ec34df82fcca1e22294ffd/execute/sync HTTP/1.1
User-Agent: selenium/4.8.0 (java windows)
Content-Length: 47372
Content-Type: application/json; charset=utf-8
host: localhost:39165
accept: */*

Response DefaultHttpResponse(decodeResult: success, version: HTTP/1.1)
HTTP/1.1 200 OK
Content-Length: 12
Content-Type: application/json; charset=utf-8
cache-control: no-cache

11:35:51.413 [AsyncHttpClient-1-2] DEBUG org.asynchttpclient.netty.channel.ChannelManager - Adding key: http://localhost:39165 for channel [id: 0xa10b78a6, L:/127.0.0.1:61155 - R:localhost/127.0.0.1:39165]
11:35:51.416 [Forwarding getElementAttribute on session b4c44b8ab3ec34df82fcca1e22294ffd to remote] DEBUG org.asynchttpclient.netty.request.NettyRequestSender - Using pooled Channel '[id: 0xa10b78a6, L:/127.0.0.1:61155 - R:localhost/127.0.0.1:39165]' for 'POST' to 'http://localhost:39165/session/b4c44b8ab3ec34df82fcca1e22294ffd/execute/sync'
11:35:51.416 [Forwarding getElementAttribute on session b4c44b8ab3ec34df82fcca1e22294ffd to remote] DEBUG org.asynchttpclient.netty.request.NettyRequestSender - Using open Channel [id: 0xa10b78a6, L:/127.0.0.1:61155 - R:localhost/127.0.0.1:39165] for POST '/session/b4c44b8ab3ec34df82fcca1e22294ffd/execute/sync'
11:35:51.422 [AsyncHttpClient-1-2] DEBUG org.asynchttpclient.netty.handler.HttpHandler - 

Request DefaultHttpRequest(decodeResult: success, version: HTTP/1.1)
POST /session/b4c44b8ab3ec34df82fcca1e22294ffd/execute/sync HTTP/1.1
User-Agent: selenium/4.8.0 (java windows)
Content-Length: 47374
Content-Type: application/json; charset=utf-8
host: localhost:39165
accept: */*

Response DefaultHttpResponse(decodeResult: success, version: HTTP/1.1)
HTTP/1.1 200 OK
Content-Length: 14
Content-Type: application/json; charset=utf-8
cache-control: no-cache

11:35:51.422 [AsyncHttpClient-1-2] DEBUG org.asynchttpclient.netty.channel.ChannelManager - Adding key: http://localhost:39165 for channel [id: 0xa10b78a6, L:/127.0.0.1:61155 - R:localhost/127.0.0.1:39165]
11:35:51.423 [Forwarding getElementAttribute on session b4c44b8ab3ec34df82fcca1e22294ffd to remote] DEBUG org.asynchttpclient.netty.request.NettyRequestSender - Using pooled Channel '[id: 0xa10b78a6, L:/127.0.0.1:61155 - R:localhost/127.0.0.1:39165]' for 'POST' to 'http://localhost:39165/session/b4c44b8ab3ec34df82fcca1e22294ffd/execute/sync'
11:35:51.423 [Forwarding getElementAttribute on session b4c44b8ab3ec34df82fcca1e22294ffd to remote] DEBUG org.asynchttpclient.netty.request.NettyRequestSender - Using open Channel [id: 0xa10b78a6, L:/127.0.0.1:61155 - R:localhost/127.0.0.1:39165] for POST '/session/b4c44b8ab3ec34df82fcca1e22294ffd/execute/sync'
11:35:51.430 [AsyncHttpClient-1-2] DEBUG org.asynchttpclient.netty.handler.HttpHandler - 

Request DefaultHttpRequest(decodeResult: success, version: HTTP/1.1)
POST /session/b4c44b8ab3ec34df82fcca1e22294ffd/execute/sync HTTP/1.1
User-Agent: selenium/4.8.0 (java windows)
Content-Length: 47374
Content-Type: application/json; charset=utf-8
host: localhost:39165
accept: */*

Response DefaultHttpResponse(decodeResult: success, version: HTTP/1.1)
HTTP/1.1 200 OK
Content-Length: 14
Content-Type: application/json; charset=utf-8
cache-control: no-cache

11:35:51.430 [AsyncHttpClient-1-2] DEBUG org.asynchttpclient.netty.channel.ChannelManager - Adding key: http://localhost:39165 for channel [id: 0xa10b78a6, L:/127.0.0.1:61155 - R:localhost/127.0.0.1:39165]
11:35:51.433 [Forwarding getElementAttribute on session b4c44b8ab3ec34df82fcca1e22294ffd to remote] DEBUG org.asynchttpclient.netty.request.NettyRequestSender - Using pooled Channel '[id: 0xa10b78a6, L:/127.0.0.1:61155 - R:localhost/127.0.0.1:39165]' for 'POST' to 'http://localhost:39165/session/b4c44b8ab3ec34df82fcca1e22294ffd/execute/sync'
11:35:51.433 [Forwarding getElementAttribute on session b4c44b8ab3ec34df82fcca1e22294ffd to remote] DEBUG org.asynchttpclient.netty.request.NettyRequestSender - Using open Channel [id: 0xa10b78a6, L:/127.0.0.1:61155 - R:localhost/127.0.0.1:39165] for POST '/session/b4c44b8ab3ec34df82fcca1e22294ffd/execute/sync'
11:35:51.445 [AsyncHttpClient-1-2] DEBUG org.asynchttpclient.netty.handler.HttpHandler - 

Request DefaultHttpRequest(decodeResult: success, version: HTTP/1.1)
POST /session/b4c44b8ab3ec34df82fcca1e22294ffd/execute/sync HTTP/1.1
User-Agent: selenium/4.8.0 (java windows)
Content-Length: 47374
Content-Type: application/json; charset=utf-8
host: localhost:39165
accept: */*

Response DefaultHttpResponse(decodeResult: success, version: HTTP/1.1)
HTTP/1.1 200 OK
Content-Length: 14
Content-Type: application/json; charset=utf-8
cache-control: no-cache

11:35:51.445 [AsyncHttpClient-1-2] DEBUG org.asynchttpclient.netty.channel.ChannelManager - Adding key: http://localhost:39165 for channel [id: 0xa10b78a6, L:/127.0.0.1:61155 - R:localhost/127.0.0.1:39165]
11:35:51.447 [Forwarding getElementAttribute on session b4c44b8ab3ec34df82fcca1e22294ffd to remote] DEBUG org.asynchttpclient.netty.request.NettyRequestSender - Using pooled Channel '[id: 0xa10b78a6, L:/127.0.0.1:61155 - R:localhost/127.0.0.1:39165]' for 'POST' to 'http://localhost:39165/session/b4c44b8ab3ec34df82fcca1e22294ffd/execute/sync'
11:35:51.447 [Forwarding getElementAttribute on session b4c44b8ab3ec34df82fcca1e22294ffd to remote] DEBUG org.asynchttpclient.netty.request.NettyRequestSender - Using open Channel [id: 0xa10b78a6, L:/127.0.0.1:61155 - R:localhost/127.0.0.1:39165] for POST '/session/b4c44b8ab3ec34df82fcca1e22294ffd/execute/sync'
11:35:51.459 [AsyncHttpClient-1-2] DEBUG org.asynchttpclient.netty.handler.HttpHandler - 

Request DefaultHttpRequest(decodeResult: success, version: HTTP/1.1)
POST /session/b4c44b8ab3ec34df82fcca1e22294ffd/execute/sync HTTP/1.1
User-Agent: selenium/4.8.0 (java windows)
Content-Length: 47375
Content-Type: application/json; charset=utf-8
host: localhost:39165
accept: */*

Response DefaultHttpResponse(decodeResult: success, version: HTTP/1.1)
HTTP/1.1 200 OK
Content-Length: 14
Content-Type: application/json; charset=utf-8
cache-control: no-cache

11:35:51.459 [AsyncHttpClient-1-2] DEBUG org.asynchttpclient.netty.channel.ChannelManager - Adding key: http://localhost:39165 for channel [id: 0xa10b78a6, L:/127.0.0.1:61155 - R:localhost/127.0.0.1:39165]
11:35:51.461 [Forwarding getElementAttribute on session b4c44b8ab3ec34df82fcca1e22294ffd to remote] DEBUG org.asynchttpclient.netty.request.NettyRequestSender - Using pooled Channel '[id: 0xa10b78a6, L:/127.0.0.1:61155 - R:localhost/127.0.0.1:39165]' for 'POST' to 'http://localhost:39165/session/b4c44b8ab3ec34df82fcca1e22294ffd/execute/sync'
11:35:51.461 [Forwarding getElementAttribute on session b4c44b8ab3ec34df82fcca1e22294ffd to remote] DEBUG org.asynchttpclient.netty.request.NettyRequestSender - Using open Channel [id: 0xa10b78a6, L:/127.0.0.1:61155 - R:localhost/127.0.0.1:39165] for POST '/session/b4c44b8ab3ec34df82fcca1e22294ffd/execute/sync'
11:35:51.470 [AsyncHttpClient-1-2] DEBUG org.asynchttpclient.netty.handler.HttpHandler - 

Request DefaultHttpRequest(decodeResult: success, version: HTTP/1.1)
POST /session/b4c44b8ab3ec34df82fcca1e22294ffd/execute/sync HTTP/1.1
User-Agent: selenium/4.8.0 (java windows)
Content-Length: 47375
Content-Type: application/json; charset=utf-8
host: localhost:39165
accept: */*

Response DefaultHttpResponse(decodeResult: success, version: HTTP/1.1)
HTTP/1.1 200 OK
Content-Length: 32
Content-Type: application/json; charset=utf-8
cache-control: no-cache

11:35:51.470 [AsyncHttpClient-1-2] DEBUG org.asynchttpclient.netty.channel.ChannelManager - Adding key: http://localhost:39165 for channel [id: 0xa10b78a6, L:/127.0.0.1:61155 - R:localhost/127.0.0.1:39165]
11:35:51.471 [Forwarding getElementAttribute on session b4c44b8ab3ec34df82fcca1e22294ffd to remote] DEBUG org.asynchttpclient.netty.request.NettyRequestSender - Using pooled Channel '[id: 0xa10b78a6, L:/127.0.0.1:61155 - R:localhost/127.0.0.1:39165]' for 'POST' to 'http://localhost:39165/session/b4c44b8ab3ec34df82fcca1e22294ffd/execute/sync'
11:35:51.471 [Forwarding getElementAttribute on session b4c44b8ab3ec34df82fcca1e22294ffd to remote] DEBUG org.asynchttpclient.netty.request.NettyRequestSender - Using open Channel [id: 0xa10b78a6, L:/127.0.0.1:61155 - R:localhost/127.0.0.1:39165] for POST '/session/b4c44b8ab3ec34df82fcca1e22294ffd/execute/sync'
11:35:51.481 [AsyncHttpClient-1-2] DEBUG org.asynchttpclient.netty.handler.HttpHandler - 

Request DefaultHttpRequest(decodeResult: success, version: HTTP/1.1)
POST /session/b4c44b8ab3ec34df82fcca1e22294ffd/execute/sync HTTP/1.1
User-Agent: selenium/4.8.0 (java windows)
Content-Length: 47375
Content-Type: application/json; charset=utf-8
host: localhost:39165
accept: */*

Response DefaultHttpResponse(decodeResult: success, version: HTTP/1.1)
HTTP/1.1 200 OK
Content-Length: 32
Content-Type: application/json; charset=utf-8
cache-control: no-cache

11:35:51.481 [AsyncHttpClient-1-2] DEBUG org.asynchttpclient.netty.channel.ChannelManager - Adding key: http://localhost:39165 for channel [id: 0xa10b78a6, L:/127.0.0.1:61155 - R:localhost/127.0.0.1:39165]
<div class='inventory_item_price'> - InventoryPage.productpricesprice validation passed
11:35:51.482 [Forwarding findElements on session b4c44b8ab3ec34df82fcca1e22294ffd to remote] DEBUG org.asynchttpclient.netty.request.NettyRequestSender - Using pooled Channel '[id: 0xa10b78a6, L:/127.0.0.1:61155 - R:localhost/127.0.0.1:39165]' for 'POST' to 'http://localhost:39165/session/b4c44b8ab3ec34df82fcca1e22294ffd/elements'
11:35:51.482 [Forwarding findElements on session b4c44b8ab3ec34df82fcca1e22294ffd to remote] DEBUG org.asynchttpclient.netty.request.NettyRequestSender - Using open Channel [id: 0xa10b78a6, L:/127.0.0.1:61155 - R:localhost/127.0.0.1:39165] for POST '/session/b4c44b8ab3ec34df82fcca1e22294ffd/elements'
11:35:51.491 [AsyncHttpClient-1-2] DEBUG org.asynchttpclient.netty.handler.HttpHandler - 

Request DefaultHttpRequest(decodeResult: success, version: HTTP/1.1)
POST /session/b4c44b8ab3ec34df82fcca1e22294ffd/elements HTTP/1.1
User-Agent: selenium/4.8.0 (java windows)
Content-Length: 83
Content-Type: application/json; charset=utf-8
host: localhost:39165
accept: */*

Response DefaultHttpResponse(decodeResult: success, version: HTTP/1.1)
HTTP/1.1 200 OK
Content-Length: 527
Content-Type: application/json; charset=utf-8
cache-control: no-cache

11:35:51.491 [AsyncHttpClient-1-2] DEBUG org.asynchttpclient.netty.channel.ChannelManager - Adding key: http://localhost:39165 for channel [id: 0xa10b78a6, L:/127.0.0.1:61155 - R:localhost/127.0.0.1:39165]
11:35:51.493 [Forwarding findElements on session b4c44b8ab3ec34df82fcca1e22294ffd to remote] DEBUG org.asynchttpclient.netty.request.NettyRequestSender - Using pooled Channel '[id: 0xa10b78a6, L:/127.0.0.1:61155 - R:localhost/127.0.0.1:39165]' for 'POST' to 'http://localhost:39165/session/b4c44b8ab3ec34df82fcca1e22294ffd/elements'
11:35:51.493 [Forwarding findElements on session b4c44b8ab3ec34df82fcca1e22294ffd to remote] DEBUG org.asynchttpclient.netty.request.NettyRequestSender - Using open Channel [id: 0xa10b78a6, L:/127.0.0.1:61155 - R:localhost/127.0.0.1:39165] for POST '/session/b4c44b8ab3ec34df82fcca1e22294ffd/elements'
11:35:51.503 [AsyncHttpClient-1-2] DEBUG org.asynchttpclient.netty.handler.HttpHandler - 

Request DefaultHttpRequest(decodeResult: success, version: HTTP/1.1)
POST /session/b4c44b8ab3ec34df82fcca1e22294ffd/elements HTTP/1.1
User-Agent: selenium/4.8.0 (java windows)
Content-Length: 83
Content-Type: application/json; charset=utf-8
host: localhost:39165
accept: */*

Response DefaultHttpResponse(decodeResult: success, version: HTTP/1.1)
HTTP/1.1 200 OK
Content-Length: 527
Content-Type: application/json; charset=utf-8
cache-control: no-cache

11:35:51.503 [AsyncHttpClient-1-2] DEBUG org.asynchttpclient.netty.channel.ChannelManager - Adding key: http://localhost:39165 for channel [id: 0xa10b78a6, L:/127.0.0.1:61155 - R:localhost/127.0.0.1:39165]
11:35:51.504 [Forwarding findElements on session b4c44b8ab3ec34df82fcca1e22294ffd to remote] DEBUG org.asynchttpclient.netty.request.NettyRequestSender - Using pooled Channel '[id: 0xa10b78a6, L:/127.0.0.1:61155 - R:localhost/127.0.0.1:39165]' for 'POST' to 'http://localhost:39165/session/b4c44b8ab3ec34df82fcca1e22294ffd/elements'
11:35:51.504 [Forwarding findElements on session b4c44b8ab3ec34df82fcca1e22294ffd to remote] DEBUG org.asynchttpclient.netty.request.NettyRequestSender - Using open Channel [id: 0xa10b78a6, L:/127.0.0.1:61155 - R:localhost/127.0.0.1:39165] for POST '/session/b4c44b8ab3ec34df82fcca1e22294ffd/elements'
11:35:51.514 [AsyncHttpClient-1-2] DEBUG org.asynchttpclient.netty.handler.HttpHandler - 

Request DefaultHttpRequest(decodeResult: success, version: HTTP/1.1)
POST /session/b4c44b8ab3ec34df82fcca1e22294ffd/elements HTTP/1.1
User-Agent: selenium/4.8.0 (java windows)
Content-Length: 83
Content-Type: application/json; charset=utf-8
host: localhost:39165
accept: */*

Response DefaultHttpResponse(decodeResult: success, version: HTTP/1.1)
HTTP/1.1 200 OK
Content-Length: 527
Content-Type: application/json; charset=utf-8
cache-control: no-cache

11:35:51.514 [AsyncHttpClient-1-2] DEBUG org.asynchttpclient.netty.channel.ChannelManager - Adding key: http://localhost:39165 for channel [id: 0xa10b78a6, L:/127.0.0.1:61155 - R:localhost/127.0.0.1:39165]
11:35:51.515 [Forwarding getElementText on session b4c44b8ab3ec34df82fcca1e22294ffd to remote] DEBUG org.asynchttpclient.netty.request.NettyRequestSender - Using pooled Channel '[id: 0xa10b78a6, L:/127.0.0.1:61155 - R:localhost/127.0.0.1:39165]' for 'GET' to 'http://localhost:39165/session/b4c44b8ab3ec34df82fcca1e22294ffd/element/D6FCA329F55A989BAF0E516CCCB7C1E0_element_37/text'
11:35:51.515 [Forwarding getElementText on session b4c44b8ab3ec34df82fcca1e22294ffd to remote] DEBUG org.asynchttpclient.netty.request.NettyRequestSender - Using open Channel [id: 0xa10b78a6, L:/127.0.0.1:61155 - R:localhost/127.0.0.1:39165] for GET '/session/b4c44b8ab3ec34df82fcca1e22294ffd/element/D6FCA329F55A989BAF0E516CCCB7C1E0_element_37/text'
11:35:51.527 [AsyncHttpClient-1-2] DEBUG org.asynchttpclient.netty.handler.HttpHandler - 

Request DefaultFullHttpRequest(decodeResult: success, version: HTTP/1.1, content: EmptyByteBufBE)
GET /session/b4c44b8ab3ec34df82fcca1e22294ffd/element/D6FCA329F55A989BAF0E516CCCB7C1E0_element_37/text HTTP/1.1
User-Agent: selenium/4.8.0 (java windows)
Cache-Control: no-cache
Content-Type: application/json; charset=utf-8
host: localhost:39165
accept: */*

Response DefaultHttpResponse(decodeResult: success, version: HTTP/1.1)
HTTP/1.1 200 OK
Content-Length: 17
Content-Type: application/json; charset=utf-8
cache-control: no-cache

11:35:51.527 [AsyncHttpClient-1-2] DEBUG org.asynchttpclient.netty.channel.ChannelManager - Adding key: http://localhost:39165 for channel [id: 0xa10b78a6, L:/127.0.0.1:61155 - R:localhost/127.0.0.1:39165]
11:35:51.529 [Forwarding findElements on session b4c44b8ab3ec34df82fcca1e22294ffd to remote] DEBUG org.asynchttpclient.netty.request.NettyRequestSender - Using pooled Channel '[id: 0xa10b78a6, L:/127.0.0.1:61155 - R:localhost/127.0.0.1:39165]' for 'POST' to 'http://localhost:39165/session/b4c44b8ab3ec34df82fcca1e22294ffd/elements'
11:35:51.529 [Forwarding findElements on session b4c44b8ab3ec34df82fcca1e22294ffd to remote] DEBUG org.asynchttpclient.netty.request.NettyRequestSender - Using open Channel [id: 0xa10b78a6, L:/127.0.0.1:61155 - R:localhost/127.0.0.1:39165] for POST '/session/b4c44b8ab3ec34df82fcca1e22294ffd/elements'
11:35:51.538 [AsyncHttpClient-1-2] DEBUG org.asynchttpclient.netty.handler.HttpHandler - 

Request DefaultHttpRequest(decodeResult: success, version: HTTP/1.1)
POST /session/b4c44b8ab3ec34df82fcca1e22294ffd/elements HTTP/1.1
User-Agent: selenium/4.8.0 (java windows)
Content-Length: 83
Content-Type: application/json; charset=utf-8
host: localhost:39165
accept: */*

Response DefaultHttpResponse(decodeResult: success, version: HTTP/1.1)
HTTP/1.1 200 OK
Content-Length: 527
Content-Type: application/json; charset=utf-8
cache-control: no-cache

11:35:51.538 [AsyncHttpClient-1-2] DEBUG org.asynchttpclient.netty.channel.ChannelManager - Adding key: http://localhost:39165 for channel [id: 0xa10b78a6, L:/127.0.0.1:61155 - R:localhost/127.0.0.1:39165]
11:35:51.539 [Forwarding getElementText on session b4c44b8ab3ec34df82fcca1e22294ffd to remote] DEBUG org.asynchttpclient.netty.request.NettyRequestSender - Using pooled Channel '[id: 0xa10b78a6, L:/127.0.0.1:61155 - R:localhost/127.0.0.1:39165]' for 'GET' to 'http://localhost:39165/session/b4c44b8ab3ec34df82fcca1e22294ffd/element/D6FCA329F55A989BAF0E516CCCB7C1E0_element_37/text'
11:35:51.539 [Forwarding getElementText on session b4c44b8ab3ec34df82fcca1e22294ffd to remote] DEBUG org.asynchttpclient.netty.request.NettyRequestSender - Using open Channel [id: 0xa10b78a6, L:/127.0.0.1:61155 - R:localhost/127.0.0.1:39165] for GET '/session/b4c44b8ab3ec34df82fcca1e22294ffd/element/D6FCA329F55A989BAF0E516CCCB7C1E0_element_37/text'
11:35:51.546 [AsyncHttpClient-1-2] DEBUG org.asynchttpclient.netty.handler.HttpHandler - 

Request DefaultFullHttpRequest(decodeResult: success, version: HTTP/1.1, content: EmptyByteBufBE)
GET /session/b4c44b8ab3ec34df82fcca1e22294ffd/element/D6FCA329F55A989BAF0E516CCCB7C1E0_element_37/text HTTP/1.1
User-Agent: selenium/4.8.0 (java windows)
Cache-Control: no-cache
Content-Type: application/json; charset=utf-8
host: localhost:39165
accept: */*

Response DefaultHttpResponse(decodeResult: success, version: HTTP/1.1)
HTTP/1.1 200 OK
Content-Length: 17
Content-Type: application/json; charset=utf-8
cache-control: no-cache

11:35:51.546 [AsyncHttpClient-1-2] DEBUG org.asynchttpclient.netty.channel.ChannelManager - Adding key: http://localhost:39165 for channel [id: 0xa10b78a6, L:/127.0.0.1:61155 - R:localhost/127.0.0.1:39165]
11:35:51.547 [Forwarding findElements on session b4c44b8ab3ec34df82fcca1e22294ffd to remote] DEBUG org.asynchttpclient.netty.request.NettyRequestSender - Using pooled Channel '[id: 0xa10b78a6, L:/127.0.0.1:61155 - R:localhost/127.0.0.1:39165]' for 'POST' to 'http://localhost:39165/session/b4c44b8ab3ec34df82fcca1e22294ffd/elements'
11:35:51.547 [Forwarding findElements on session b4c44b8ab3ec34df82fcca1e22294ffd to remote] DEBUG org.asynchttpclient.netty.request.NettyRequestSender - Using open Channel [id: 0xa10b78a6, L:/127.0.0.1:61155 - R:localhost/127.0.0.1:39165] for POST '/session/b4c44b8ab3ec34df82fcca1e22294ffd/elements'
11:35:51.554 [AsyncHttpClient-1-2] DEBUG org.asynchttpclient.netty.handler.HttpHandler - 

Request DefaultHttpRequest(decodeResult: success, version: HTTP/1.1)
POST /session/b4c44b8ab3ec34df82fcca1e22294ffd/elements HTTP/1.1
User-Agent: selenium/4.8.0 (java windows)
Content-Length: 83
Content-Type: application/json; charset=utf-8
host: localhost:39165
accept: */*

Response DefaultHttpResponse(decodeResult: success, version: HTTP/1.1)
HTTP/1.1 200 OK
Content-Length: 527
Content-Type: application/json; charset=utf-8
cache-control: no-cache

11:35:51.555 [AsyncHttpClient-1-2] DEBUG org.asynchttpclient.netty.channel.ChannelManager - Adding key: http://localhost:39165 for channel [id: 0xa10b78a6, L:/127.0.0.1:61155 - R:localhost/127.0.0.1:39165]
11:35:51.555 [Forwarding getElementTagName on session b4c44b8ab3ec34df82fcca1e22294ffd to remote] DEBUG org.asynchttpclient.netty.request.NettyRequestSender - Using pooled Channel '[id: 0xa10b78a6, L:/127.0.0.1:61155 - R:localhost/127.0.0.1:39165]' for 'GET' to 'http://localhost:39165/session/b4c44b8ab3ec34df82fcca1e22294ffd/element/D6FCA329F55A989BAF0E516CCCB7C1E0_element_37/name'
11:35:51.555 [Forwarding getElementTagName on session b4c44b8ab3ec34df82fcca1e22294ffd to remote] DEBUG org.asynchttpclient.netty.request.NettyRequestSender - Using open Channel [id: 0xa10b78a6, L:/127.0.0.1:61155 - R:localhost/127.0.0.1:39165] for GET '/session/b4c44b8ab3ec34df82fcca1e22294ffd/element/D6FCA329F55A989BAF0E516CCCB7C1E0_element_37/name'
11:35:51.560 [AsyncHttpClient-1-2] DEBUG org.asynchttpclient.netty.handler.HttpHandler - 

Request DefaultFullHttpRequest(decodeResult: success, version: HTTP/1.1, content: EmptyByteBufBE)
GET /session/b4c44b8ab3ec34df82fcca1e22294ffd/element/D6FCA329F55A989BAF0E516CCCB7C1E0_element_37/name HTTP/1.1
User-Agent: selenium/4.8.0 (java windows)
Cache-Control: no-cache
Content-Type: application/json; charset=utf-8
host: localhost:39165
accept: */*

Response DefaultHttpResponse(decodeResult: success, version: HTTP/1.1)
HTTP/1.1 200 OK
Content-Length: 15
Content-Type: application/json; charset=utf-8
cache-control: no-cache

11:35:51.560 [AsyncHttpClient-1-2] DEBUG org.asynchttpclient.netty.channel.ChannelManager - Adding key: http://localhost:39165 for channel [id: 0xa10b78a6, L:/127.0.0.1:61155 - R:localhost/127.0.0.1:39165]
11:35:51.561 [Forwarding getElementAttribute on session b4c44b8ab3ec34df82fcca1e22294ffd to remote] DEBUG org.asynchttpclient.netty.request.NettyRequestSender - Using pooled Channel '[id: 0xa10b78a6, L:/127.0.0.1:61155 - R:localhost/127.0.0.1:39165]' for 'POST' to 'http://localhost:39165/session/b4c44b8ab3ec34df82fcca1e22294ffd/execute/sync'
11:35:51.561 [Forwarding getElementAttribute on session b4c44b8ab3ec34df82fcca1e22294ffd to remote] DEBUG org.asynchttpclient.netty.request.NettyRequestSender - Using open Channel [id: 0xa10b78a6, L:/127.0.0.1:61155 - R:localhost/127.0.0.1:39165] for POST '/session/b4c44b8ab3ec34df82fcca1e22294ffd/execute/sync'
11:35:51.572 [AsyncHttpClient-1-2] DEBUG org.asynchttpclient.netty.handler.HttpHandler - 

Request DefaultHttpRequest(decodeResult: success, version: HTTP/1.1)
POST /session/b4c44b8ab3ec34df82fcca1e22294ffd/execute/sync HTTP/1.1
User-Agent: selenium/4.8.0 (java windows)
Content-Length: 47372
Content-Type: application/json; charset=utf-8
host: localhost:39165
accept: */*

Response DefaultHttpResponse(decodeResult: success, version: HTTP/1.1)
HTTP/1.1 200 OK
Content-Length: 12
Content-Type: application/json; charset=utf-8
cache-control: no-cache

11:35:51.572 [AsyncHttpClient-1-2] DEBUG org.asynchttpclient.netty.channel.ChannelManager - Adding key: http://localhost:39165 for channel [id: 0xa10b78a6, L:/127.0.0.1:61155 - R:localhost/127.0.0.1:39165]
11:35:51.575 [Forwarding getElementAttribute on session b4c44b8ab3ec34df82fcca1e22294ffd to remote] DEBUG org.asynchttpclient.netty.request.NettyRequestSender - Using pooled Channel '[id: 0xa10b78a6, L:/127.0.0.1:61155 - R:localhost/127.0.0.1:39165]' for 'POST' to 'http://localhost:39165/session/b4c44b8ab3ec34df82fcca1e22294ffd/execute/sync'
11:35:51.575 [Forwarding getElementAttribute on session b4c44b8ab3ec34df82fcca1e22294ffd to remote] DEBUG org.asynchttpclient.netty.request.NettyRequestSender - Using open Channel [id: 0xa10b78a6, L:/127.0.0.1:61155 - R:localhost/127.0.0.1:39165] for POST '/session/b4c44b8ab3ec34df82fcca1e22294ffd/execute/sync'
11:35:51.582 [AsyncHttpClient-1-2] DEBUG org.asynchttpclient.netty.handler.HttpHandler - 

Request DefaultHttpRequest(decodeResult: success, version: HTTP/1.1)
POST /session/b4c44b8ab3ec34df82fcca1e22294ffd/execute/sync HTTP/1.1
User-Agent: selenium/4.8.0 (java windows)
Content-Length: 47374
Content-Type: application/json; charset=utf-8
host: localhost:39165
accept: */*

Response DefaultHttpResponse(decodeResult: success, version: HTTP/1.1)
HTTP/1.1 200 OK
Content-Length: 14
Content-Type: application/json; charset=utf-8
cache-control: no-cache

11:35:51.582 [AsyncHttpClient-1-2] DEBUG org.asynchttpclient.netty.channel.ChannelManager - Adding key: http://localhost:39165 for channel [id: 0xa10b78a6, L:/127.0.0.1:61155 - R:localhost/127.0.0.1:39165]
11:35:51.583 [Forwarding getElementAttribute on session b4c44b8ab3ec34df82fcca1e22294ffd to remote] DEBUG org.asynchttpclient.netty.request.NettyRequestSender - Using pooled Channel '[id: 0xa10b78a6, L:/127.0.0.1:61155 - R:localhost/127.0.0.1:39165]' for 'POST' to 'http://localhost:39165/session/b4c44b8ab3ec34df82fcca1e22294ffd/execute/sync'
11:35:51.583 [Forwarding getElementAttribute on session b4c44b8ab3ec34df82fcca1e22294ffd to remote] DEBUG org.asynchttpclient.netty.request.NettyRequestSender - Using open Channel [id: 0xa10b78a6, L:/127.0.0.1:61155 - R:localhost/127.0.0.1:39165] for POST '/session/b4c44b8ab3ec34df82fcca1e22294ffd/execute/sync'
11:35:51.593 [AsyncHttpClient-1-2] DEBUG org.asynchttpclient.netty.handler.HttpHandler - 

Request DefaultHttpRequest(decodeResult: success, version: HTTP/1.1)
POST /session/b4c44b8ab3ec34df82fcca1e22294ffd/execute/sync HTTP/1.1
User-Agent: selenium/4.8.0 (java windows)
Content-Length: 47374
Content-Type: application/json; charset=utf-8
host: localhost:39165
accept: */*

Response DefaultHttpResponse(decodeResult: success, version: HTTP/1.1)
HTTP/1.1 200 OK
Content-Length: 14
Content-Type: application/json; charset=utf-8
cache-control: no-cache

11:35:51.593 [AsyncHttpClient-1-2] DEBUG org.asynchttpclient.netty.channel.ChannelManager - Adding key: http://localhost:39165 for channel [id: 0xa10b78a6, L:/127.0.0.1:61155 - R:localhost/127.0.0.1:39165]
11:35:51.595 [Forwarding getElementAttribute on session b4c44b8ab3ec34df82fcca1e22294ffd to remote] DEBUG org.asynchttpclient.netty.request.NettyRequestSender - Using pooled Channel '[id: 0xa10b78a6, L:/127.0.0.1:61155 - R:localhost/127.0.0.1:39165]' for 'POST' to 'http://localhost:39165/session/b4c44b8ab3ec34df82fcca1e22294ffd/execute/sync'
11:35:51.596 [Forwarding getElementAttribute on session b4c44b8ab3ec34df82fcca1e22294ffd to remote] DEBUG org.asynchttpclient.netty.request.NettyRequestSender - Using open Channel [id: 0xa10b78a6, L:/127.0.0.1:61155 - R:localhost/127.0.0.1:39165] for POST '/session/b4c44b8ab3ec34df82fcca1e22294ffd/execute/sync'
11:35:51.603 [AsyncHttpClient-1-2] DEBUG org.asynchttpclient.netty.handler.HttpHandler - 

Request DefaultHttpRequest(decodeResult: success, version: HTTP/1.1)
POST /session/b4c44b8ab3ec34df82fcca1e22294ffd/execute/sync HTTP/1.1
User-Agent: selenium/4.8.0 (java windows)
Content-Length: 47374
Content-Type: application/json; charset=utf-8
host: localhost:39165
accept: */*

Response DefaultHttpResponse(decodeResult: success, version: HTTP/1.1)
HTTP/1.1 200 OK
Content-Length: 14
Content-Type: application/json; charset=utf-8
cache-control: no-cache

11:35:51.603 [AsyncHttpClient-1-2] DEBUG org.asynchttpclient.netty.channel.ChannelManager - Adding key: http://localhost:39165 for channel [id: 0xa10b78a6, L:/127.0.0.1:61155 - R:localhost/127.0.0.1:39165]
11:35:51.604 [Forwarding getElementAttribute on session b4c44b8ab3ec34df82fcca1e22294ffd to remote] DEBUG org.asynchttpclient.netty.request.NettyRequestSender - Using pooled Channel '[id: 0xa10b78a6, L:/127.0.0.1:61155 - R:localhost/127.0.0.1:39165]' for 'POST' to 'http://localhost:39165/session/b4c44b8ab3ec34df82fcca1e22294ffd/execute/sync'
11:35:51.604 [Forwarding getElementAttribute on session b4c44b8ab3ec34df82fcca1e22294ffd to remote] DEBUG org.asynchttpclient.netty.request.NettyRequestSender - Using open Channel [id: 0xa10b78a6, L:/127.0.0.1:61155 - R:localhost/127.0.0.1:39165] for POST '/session/b4c44b8ab3ec34df82fcca1e22294ffd/execute/sync'
11:35:51.612 [AsyncHttpClient-1-2] DEBUG org.asynchttpclient.netty.handler.HttpHandler - 

Request DefaultHttpRequest(decodeResult: success, version: HTTP/1.1)
POST /session/b4c44b8ab3ec34df82fcca1e22294ffd/execute/sync HTTP/1.1
User-Agent: selenium/4.8.0 (java windows)
Content-Length: 47375
Content-Type: application/json; charset=utf-8
host: localhost:39165
accept: */*

Response DefaultHttpResponse(decodeResult: success, version: HTTP/1.1)
HTTP/1.1 200 OK
Content-Length: 14
Content-Type: application/json; charset=utf-8
cache-control: no-cache

11:35:51.612 [AsyncHttpClient-1-2] DEBUG org.asynchttpclient.netty.channel.ChannelManager - Adding key: http://localhost:39165 for channel [id: 0xa10b78a6, L:/127.0.0.1:61155 - R:localhost/127.0.0.1:39165]
11:35:51.614 [Forwarding getElementAttribute on session b4c44b8ab3ec34df82fcca1e22294ffd to remote] DEBUG org.asynchttpclient.netty.request.NettyRequestSender - Using pooled Channel '[id: 0xa10b78a6, L:/127.0.0.1:61155 - R:localhost/127.0.0.1:39165]' for 'POST' to 'http://localhost:39165/session/b4c44b8ab3ec34df82fcca1e22294ffd/execute/sync'
11:35:51.614 [Forwarding getElementAttribute on session b4c44b8ab3ec34df82fcca1e22294ffd to remote] DEBUG org.asynchttpclient.netty.request.NettyRequestSender - Using open Channel [id: 0xa10b78a6, L:/127.0.0.1:61155 - R:localhost/127.0.0.1:39165] for POST '/session/b4c44b8ab3ec34df82fcca1e22294ffd/execute/sync'
11:35:51.623 [AsyncHttpClient-1-2] DEBUG org.asynchttpclient.netty.handler.HttpHandler - 

Request DefaultHttpRequest(decodeResult: success, version: HTTP/1.1)
POST /session/b4c44b8ab3ec34df82fcca1e22294ffd/execute/sync HTTP/1.1
User-Agent: selenium/4.8.0 (java windows)
Content-Length: 47375
Content-Type: application/json; charset=utf-8
host: localhost:39165
accept: */*

Response DefaultHttpResponse(decodeResult: success, version: HTTP/1.1)
HTTP/1.1 200 OK
Content-Length: 32
Content-Type: application/json; charset=utf-8
cache-control: no-cache

11:35:51.623 [AsyncHttpClient-1-2] DEBUG org.asynchttpclient.netty.channel.ChannelManager - Adding key: http://localhost:39165 for channel [id: 0xa10b78a6, L:/127.0.0.1:61155 - R:localhost/127.0.0.1:39165]
11:35:51.625 [Forwarding getElementAttribute on session b4c44b8ab3ec34df82fcca1e22294ffd to remote] DEBUG org.asynchttpclient.netty.request.NettyRequestSender - Using pooled Channel '[id: 0xa10b78a6, L:/127.0.0.1:61155 - R:localhost/127.0.0.1:39165]' for 'POST' to 'http://localhost:39165/session/b4c44b8ab3ec34df82fcca1e22294ffd/execute/sync'
11:35:51.625 [Forwarding getElementAttribute on session b4c44b8ab3ec34df82fcca1e22294ffd to remote] DEBUG org.asynchttpclient.netty.request.NettyRequestSender - Using open Channel [id: 0xa10b78a6, L:/127.0.0.1:61155 - R:localhost/127.0.0.1:39165] for POST '/session/b4c44b8ab3ec34df82fcca1e22294ffd/execute/sync'
11:35:51.639 [AsyncHttpClient-1-2] DEBUG org.asynchttpclient.netty.handler.HttpHandler - 

Request DefaultHttpRequest(decodeResult: success, version: HTTP/1.1)
POST /session/b4c44b8ab3ec34df82fcca1e22294ffd/execute/sync HTTP/1.1
User-Agent: selenium/4.8.0 (java windows)
Content-Length: 47375
Content-Type: application/json; charset=utf-8
host: localhost:39165
accept: */*

Response DefaultHttpResponse(decodeResult: success, version: HTTP/1.1)
HTTP/1.1 200 OK
Content-Length: 32
Content-Type: application/json; charset=utf-8
cache-control: no-cache

11:35:51.640 [AsyncHttpClient-1-2] DEBUG org.asynchttpclient.netty.channel.ChannelManager - Adding key: http://localhost:39165 for channel [id: 0xa10b78a6, L:/127.0.0.1:61155 - R:localhost/127.0.0.1:39165]
<div class='inventory_item_price'> - InventoryPage.productpricesprice validation passed
11:35:51.642 [Forwarding findElements on session b4c44b8ab3ec34df82fcca1e22294ffd to remote] DEBUG org.asynchttpclient.netty.request.NettyRequestSender - Using pooled Channel '[id: 0xa10b78a6, L:/127.0.0.1:61155 - R:localhost/127.0.0.1:39165]' for 'POST' to 'http://localhost:39165/session/b4c44b8ab3ec34df82fcca1e22294ffd/elements'
11:35:51.642 [Forwarding findElements on session b4c44b8ab3ec34df82fcca1e22294ffd to remote] DEBUG org.asynchttpclient.netty.request.NettyRequestSender - Using open Channel [id: 0xa10b78a6, L:/127.0.0.1:61155 - R:localhost/127.0.0.1:39165] for POST '/session/b4c44b8ab3ec34df82fcca1e22294ffd/elements'
11:35:51.651 [AsyncHttpClient-1-2] DEBUG org.asynchttpclient.netty.handler.HttpHandler - 

Request DefaultHttpRequest(decodeResult: success, version: HTTP/1.1)
POST /session/b4c44b8ab3ec34df82fcca1e22294ffd/elements HTTP/1.1
User-Agent: selenium/4.8.0 (java windows)
Content-Length: 83
Content-Type: application/json; charset=utf-8
host: localhost:39165
accept: */*

Response DefaultHttpResponse(decodeResult: success, version: HTTP/1.1)
HTTP/1.1 200 OK
Content-Length: 527
Content-Type: application/json; charset=utf-8
cache-control: no-cache

11:35:51.651 [AsyncHttpClient-1-2] DEBUG org.asynchttpclient.netty.channel.ChannelManager - Adding key: http://localhost:39165 for channel [id: 0xa10b78a6, L:/127.0.0.1:61155 - R:localhost/127.0.0.1:39165]
11:35:51.652 [Forwarding findElements on session b4c44b8ab3ec34df82fcca1e22294ffd to remote] DEBUG org.asynchttpclient.netty.request.NettyRequestSender - Using pooled Channel '[id: 0xa10b78a6, L:/127.0.0.1:61155 - R:localhost/127.0.0.1:39165]' for 'POST' to 'http://localhost:39165/session/b4c44b8ab3ec34df82fcca1e22294ffd/elements'
11:35:51.652 [Forwarding findElements on session b4c44b8ab3ec34df82fcca1e22294ffd to remote] DEBUG org.asynchttpclient.netty.request.NettyRequestSender - Using open Channel [id: 0xa10b78a6, L:/127.0.0.1:61155 - R:localhost/127.0.0.1:39165] for POST '/session/b4c44b8ab3ec34df82fcca1e22294ffd/elements'
11:35:51.662 [AsyncHttpClient-1-2] DEBUG org.asynchttpclient.netty.handler.HttpHandler - 

Request DefaultHttpRequest(decodeResult: success, version: HTTP/1.1)
POST /session/b4c44b8ab3ec34df82fcca1e22294ffd/elements HTTP/1.1
User-Agent: selenium/4.8.0 (java windows)
Content-Length: 83
Content-Type: application/json; charset=utf-8
host: localhost:39165
accept: */*

Response DefaultHttpResponse(decodeResult: success, version: HTTP/1.1)
HTTP/1.1 200 OK
Content-Length: 527
Content-Type: application/json; charset=utf-8
cache-control: no-cache

11:35:51.662 [AsyncHttpClient-1-2] DEBUG org.asynchttpclient.netty.channel.ChannelManager - Adding key: http://localhost:39165 for channel [id: 0xa10b78a6, L:/127.0.0.1:61155 - R:localhost/127.0.0.1:39165]
11:35:51.663 [Forwarding findElements on session b4c44b8ab3ec34df82fcca1e22294ffd to remote] DEBUG org.asynchttpclient.netty.request.NettyRequestSender - Using pooled Channel '[id: 0xa10b78a6, L:/127.0.0.1:61155 - R:localhost/127.0.0.1:39165]' for 'POST' to 'http://localhost:39165/session/b4c44b8ab3ec34df82fcca1e22294ffd/elements'
11:35:51.663 [Forwarding findElements on session b4c44b8ab3ec34df82fcca1e22294ffd to remote] DEBUG org.asynchttpclient.netty.request.NettyRequestSender - Using open Channel [id: 0xa10b78a6, L:/127.0.0.1:61155 - R:localhost/127.0.0.1:39165] for POST '/session/b4c44b8ab3ec34df82fcca1e22294ffd/elements'
11:35:51.671 [AsyncHttpClient-1-2] DEBUG org.asynchttpclient.netty.handler.HttpHandler - 

Request DefaultHttpRequest(decodeResult: success, version: HTTP/1.1)
POST /session/b4c44b8ab3ec34df82fcca1e22294ffd/elements HTTP/1.1
User-Agent: selenium/4.8.0 (java windows)
Content-Length: 83
Content-Type: application/json; charset=utf-8
host: localhost:39165
accept: */*

Response DefaultHttpResponse(decodeResult: success, version: HTTP/1.1)
HTTP/1.1 200 OK
Content-Length: 527
Content-Type: application/json; charset=utf-8
cache-control: no-cache

11:35:51.671 [AsyncHttpClient-1-2] DEBUG org.asynchttpclient.netty.channel.ChannelManager - Adding key: http://localhost:39165 for channel [id: 0xa10b78a6, L:/127.0.0.1:61155 - R:localhost/127.0.0.1:39165]
11:35:51.673 [Forwarding getElementText on session b4c44b8ab3ec34df82fcca1e22294ffd to remote] DEBUG org.asynchttpclient.netty.request.NettyRequestSender - Using pooled Channel '[id: 0xa10b78a6, L:/127.0.0.1:61155 - R:localhost/127.0.0.1:39165]' for 'GET' to 'http://localhost:39165/session/b4c44b8ab3ec34df82fcca1e22294ffd/element/D6FCA329F55A989BAF0E516CCCB7C1E0_element_38/text'
11:35:51.673 [Forwarding getElementText on session b4c44b8ab3ec34df82fcca1e22294ffd to remote] DEBUG org.asynchttpclient.netty.request.NettyRequestSender - Using open Channel [id: 0xa10b78a6, L:/127.0.0.1:61155 - R:localhost/127.0.0.1:39165] for GET '/session/b4c44b8ab3ec34df82fcca1e22294ffd/element/D6FCA329F55A989BAF0E516CCCB7C1E0_element_38/text'
11:35:51.680 [AsyncHttpClient-1-2] DEBUG org.asynchttpclient.netty.handler.HttpHandler - 

Request DefaultFullHttpRequest(decodeResult: success, version: HTTP/1.1, content: EmptyByteBufBE)
GET /session/b4c44b8ab3ec34df82fcca1e22294ffd/element/D6FCA329F55A989BAF0E516CCCB7C1E0_element_38/text HTTP/1.1
User-Agent: selenium/4.8.0 (java windows)
Cache-Control: no-cache
Content-Type: application/json; charset=utf-8
host: localhost:39165
accept: */*

Response DefaultHttpResponse(decodeResult: success, version: HTTP/1.1)
HTTP/1.1 200 OK
Content-Length: 18
Content-Type: application/json; charset=utf-8
cache-control: no-cache

11:35:51.680 [AsyncHttpClient-1-2] DEBUG org.asynchttpclient.netty.channel.ChannelManager - Adding key: http://localhost:39165 for channel [id: 0xa10b78a6, L:/127.0.0.1:61155 - R:localhost/127.0.0.1:39165]
11:35:51.681 [Forwarding findElements on session b4c44b8ab3ec34df82fcca1e22294ffd to remote] DEBUG org.asynchttpclient.netty.request.NettyRequestSender - Using pooled Channel '[id: 0xa10b78a6, L:/127.0.0.1:61155 - R:localhost/127.0.0.1:39165]' for 'POST' to 'http://localhost:39165/session/b4c44b8ab3ec34df82fcca1e22294ffd/elements'
11:35:51.681 [Forwarding findElements on session b4c44b8ab3ec34df82fcca1e22294ffd to remote] DEBUG org.asynchttpclient.netty.request.NettyRequestSender - Using open Channel [id: 0xa10b78a6, L:/127.0.0.1:61155 - R:localhost/127.0.0.1:39165] for POST '/session/b4c44b8ab3ec34df82fcca1e22294ffd/elements'
11:35:51.687 [AsyncHttpClient-1-2] DEBUG org.asynchttpclient.netty.handler.HttpHandler - 

Request DefaultHttpRequest(decodeResult: success, version: HTTP/1.1)
POST /session/b4c44b8ab3ec34df82fcca1e22294ffd/elements HTTP/1.1
User-Agent: selenium/4.8.0 (java windows)
Content-Length: 83
Content-Type: application/json; charset=utf-8
host: localhost:39165
accept: */*

Response DefaultHttpResponse(decodeResult: success, version: HTTP/1.1)
HTTP/1.1 200 OK
Content-Length: 527
Content-Type: application/json; charset=utf-8
cache-control: no-cache

11:35:51.687 [AsyncHttpClient-1-2] DEBUG org.asynchttpclient.netty.channel.ChannelManager - Adding key: http://localhost:39165 for channel [id: 0xa10b78a6, L:/127.0.0.1:61155 - R:localhost/127.0.0.1:39165]
11:35:51.688 [Forwarding getElementText on session b4c44b8ab3ec34df82fcca1e22294ffd to remote] DEBUG org.asynchttpclient.netty.request.NettyRequestSender - Using pooled Channel '[id: 0xa10b78a6, L:/127.0.0.1:61155 - R:localhost/127.0.0.1:39165]' for 'GET' to 'http://localhost:39165/session/b4c44b8ab3ec34df82fcca1e22294ffd/element/D6FCA329F55A989BAF0E516CCCB7C1E0_element_38/text'
11:35:51.688 [Forwarding getElementText on session b4c44b8ab3ec34df82fcca1e22294ffd to remote] DEBUG org.asynchttpclient.netty.request.NettyRequestSender - Using open Channel [id: 0xa10b78a6, L:/127.0.0.1:61155 - R:localhost/127.0.0.1:39165] for GET '/session/b4c44b8ab3ec34df82fcca1e22294ffd/element/D6FCA329F55A989BAF0E516CCCB7C1E0_element_38/text'
11:35:51.695 [AsyncHttpClient-1-2] DEBUG org.asynchttpclient.netty.handler.HttpHandler - 

Request DefaultFullHttpRequest(decodeResult: success, version: HTTP/1.1, content: EmptyByteBufBE)
GET /session/b4c44b8ab3ec34df82fcca1e22294ffd/element/D6FCA329F55A989BAF0E516CCCB7C1E0_element_38/text HTTP/1.1
User-Agent: selenium/4.8.0 (java windows)
Cache-Control: no-cache
Content-Type: application/json; charset=utf-8
host: localhost:39165
accept: */*

Response DefaultHttpResponse(decodeResult: success, version: HTTP/1.1)
HTTP/1.1 200 OK
Content-Length: 18
Content-Type: application/json; charset=utf-8
cache-control: no-cache

11:35:51.695 [AsyncHttpClient-1-2] DEBUG org.asynchttpclient.netty.channel.ChannelManager - Adding key: http://localhost:39165 for channel [id: 0xa10b78a6, L:/127.0.0.1:61155 - R:localhost/127.0.0.1:39165]
11:35:51.697 [Forwarding findElements on session b4c44b8ab3ec34df82fcca1e22294ffd to remote] DEBUG org.asynchttpclient.netty.request.NettyRequestSender - Using pooled Channel '[id: 0xa10b78a6, L:/127.0.0.1:61155 - R:localhost/127.0.0.1:39165]' for 'POST' to 'http://localhost:39165/session/b4c44b8ab3ec34df82fcca1e22294ffd/elements'
11:35:51.697 [Forwarding findElements on session b4c44b8ab3ec34df82fcca1e22294ffd to remote] DEBUG org.asynchttpclient.netty.request.NettyRequestSender - Using open Channel [id: 0xa10b78a6, L:/127.0.0.1:61155 - R:localhost/127.0.0.1:39165] for POST '/session/b4c44b8ab3ec34df82fcca1e22294ffd/elements'
11:35:51.707 [AsyncHttpClient-1-2] DEBUG org.asynchttpclient.netty.handler.HttpHandler - 

Request DefaultHttpRequest(decodeResult: success, version: HTTP/1.1)
POST /session/b4c44b8ab3ec34df82fcca1e22294ffd/elements HTTP/1.1
User-Agent: selenium/4.8.0 (java windows)
Content-Length: 83
Content-Type: application/json; charset=utf-8
host: localhost:39165
accept: */*

Response DefaultHttpResponse(decodeResult: success, version: HTTP/1.1)
HTTP/1.1 200 OK
Content-Length: 527
Content-Type: application/json; charset=utf-8
cache-control: no-cache

11:35:51.708 [AsyncHttpClient-1-2] DEBUG org.asynchttpclient.netty.channel.ChannelManager - Adding key: http://localhost:39165 for channel [id: 0xa10b78a6, L:/127.0.0.1:61155 - R:localhost/127.0.0.1:39165]
11:35:51.709 [Forwarding getElementTagName on session b4c44b8ab3ec34df82fcca1e22294ffd to remote] DEBUG org.asynchttpclient.netty.request.NettyRequestSender - Using pooled Channel '[id: 0xa10b78a6, L:/127.0.0.1:61155 - R:localhost/127.0.0.1:39165]' for 'GET' to 'http://localhost:39165/session/b4c44b8ab3ec34df82fcca1e22294ffd/element/D6FCA329F55A989BAF0E516CCCB7C1E0_element_38/name'
11:35:51.709 [Forwarding getElementTagName on session b4c44b8ab3ec34df82fcca1e22294ffd to remote] DEBUG org.asynchttpclient.netty.request.NettyRequestSender - Using open Channel [id: 0xa10b78a6, L:/127.0.0.1:61155 - R:localhost/127.0.0.1:39165] for GET '/session/b4c44b8ab3ec34df82fcca1e22294ffd/element/D6FCA329F55A989BAF0E516CCCB7C1E0_element_38/name'
11:35:51.713 [AsyncHttpClient-1-2] DEBUG org.asynchttpclient.netty.handler.HttpHandler - 

Request DefaultFullHttpRequest(decodeResult: success, version: HTTP/1.1, content: EmptyByteBufBE)
GET /session/b4c44b8ab3ec34df82fcca1e22294ffd/element/D6FCA329F55A989BAF0E516CCCB7C1E0_element_38/name HTTP/1.1
User-Agent: selenium/4.8.0 (java windows)
Cache-Control: no-cache
Content-Type: application/json; charset=utf-8
host: localhost:39165
accept: */*

Response DefaultHttpResponse(decodeResult: success, version: HTTP/1.1)
HTTP/1.1 200 OK
Content-Length: 15
Content-Type: application/json; charset=utf-8
cache-control: no-cache

11:35:51.713 [AsyncHttpClient-1-2] DEBUG org.asynchttpclient.netty.channel.ChannelManager - Adding key: http://localhost:39165 for channel [id: 0xa10b78a6, L:/127.0.0.1:61155 - R:localhost/127.0.0.1:39165]
11:35:51.715 [Forwarding getElementAttribute on session b4c44b8ab3ec34df82fcca1e22294ffd to remote] DEBUG org.asynchttpclient.netty.request.NettyRequestSender - Using pooled Channel '[id: 0xa10b78a6, L:/127.0.0.1:61155 - R:localhost/127.0.0.1:39165]' for 'POST' to 'http://localhost:39165/session/b4c44b8ab3ec34df82fcca1e22294ffd/execute/sync'
11:35:51.715 [Forwarding getElementAttribute on session b4c44b8ab3ec34df82fcca1e22294ffd to remote] DEBUG org.asynchttpclient.netty.request.NettyRequestSender - Using open Channel [id: 0xa10b78a6, L:/127.0.0.1:61155 - R:localhost/127.0.0.1:39165] for POST '/session/b4c44b8ab3ec34df82fcca1e22294ffd/execute/sync'
11:35:51.722 [AsyncHttpClient-1-2] DEBUG org.asynchttpclient.netty.handler.HttpHandler - 

Request DefaultHttpRequest(decodeResult: success, version: HTTP/1.1)
POST /session/b4c44b8ab3ec34df82fcca1e22294ffd/execute/sync HTTP/1.1
User-Agent: selenium/4.8.0 (java windows)
Content-Length: 47372
Content-Type: application/json; charset=utf-8
host: localhost:39165
accept: */*

Response DefaultHttpResponse(decodeResult: success, version: HTTP/1.1)
HTTP/1.1 200 OK
Content-Length: 12
Content-Type: application/json; charset=utf-8
cache-control: no-cache

11:35:51.722 [AsyncHttpClient-1-2] DEBUG org.asynchttpclient.netty.channel.ChannelManager - Adding key: http://localhost:39165 for channel [id: 0xa10b78a6, L:/127.0.0.1:61155 - R:localhost/127.0.0.1:39165]
11:35:51.725 [Forwarding getElementAttribute on session b4c44b8ab3ec34df82fcca1e22294ffd to remote] DEBUG org.asynchttpclient.netty.request.NettyRequestSender - Using pooled Channel '[id: 0xa10b78a6, L:/127.0.0.1:61155 - R:localhost/127.0.0.1:39165]' for 'POST' to 'http://localhost:39165/session/b4c44b8ab3ec34df82fcca1e22294ffd/execute/sync'
11:35:51.725 [Forwarding getElementAttribute on session b4c44b8ab3ec34df82fcca1e22294ffd to remote] DEBUG org.asynchttpclient.netty.request.NettyRequestSender - Using open Channel [id: 0xa10b78a6, L:/127.0.0.1:61155 - R:localhost/127.0.0.1:39165] for POST '/session/b4c44b8ab3ec34df82fcca1e22294ffd/execute/sync'
11:35:51.733 [AsyncHttpClient-1-2] DEBUG org.asynchttpclient.netty.handler.HttpHandler - 

Request DefaultHttpRequest(decodeResult: success, version: HTTP/1.1)
POST /session/b4c44b8ab3ec34df82fcca1e22294ffd/execute/sync HTTP/1.1
User-Agent: selenium/4.8.0 (java windows)
Content-Length: 47374
Content-Type: application/json; charset=utf-8
host: localhost:39165
accept: */*

Response DefaultHttpResponse(decodeResult: success, version: HTTP/1.1)
HTTP/1.1 200 OK
Content-Length: 14
Content-Type: application/json; charset=utf-8
cache-control: no-cache

11:35:51.733 [AsyncHttpClient-1-2] DEBUG org.asynchttpclient.netty.channel.ChannelManager - Adding key: http://localhost:39165 for channel [id: 0xa10b78a6, L:/127.0.0.1:61155 - R:localhost/127.0.0.1:39165]
11:35:51.736 [Forwarding getElementAttribute on session b4c44b8ab3ec34df82fcca1e22294ffd to remote] DEBUG org.asynchttpclient.netty.request.NettyRequestSender - Using pooled Channel '[id: 0xa10b78a6, L:/127.0.0.1:61155 - R:localhost/127.0.0.1:39165]' for 'POST' to 'http://localhost:39165/session/b4c44b8ab3ec34df82fcca1e22294ffd/execute/sync'
11:35:51.736 [Forwarding getElementAttribute on session b4c44b8ab3ec34df82fcca1e22294ffd to remote] DEBUG org.asynchttpclient.netty.request.NettyRequestSender - Using open Channel [id: 0xa10b78a6, L:/127.0.0.1:61155 - R:localhost/127.0.0.1:39165] for POST '/session/b4c44b8ab3ec34df82fcca1e22294ffd/execute/sync'
11:35:51.744 [AsyncHttpClient-1-2] DEBUG org.asynchttpclient.netty.handler.HttpHandler - 

Request DefaultHttpRequest(decodeResult: success, version: HTTP/1.1)
POST /session/b4c44b8ab3ec34df82fcca1e22294ffd/execute/sync HTTP/1.1
User-Agent: selenium/4.8.0 (java windows)
Content-Length: 47374
Content-Type: application/json; charset=utf-8
host: localhost:39165
accept: */*

Response DefaultHttpResponse(decodeResult: success, version: HTTP/1.1)
HTTP/1.1 200 OK
Content-Length: 14
Content-Type: application/json; charset=utf-8
cache-control: no-cache

11:35:51.744 [AsyncHttpClient-1-2] DEBUG org.asynchttpclient.netty.channel.ChannelManager - Adding key: http://localhost:39165 for channel [id: 0xa10b78a6, L:/127.0.0.1:61155 - R:localhost/127.0.0.1:39165]
11:35:51.746 [Forwarding getElementAttribute on session b4c44b8ab3ec34df82fcca1e22294ffd to remote] DEBUG org.asynchttpclient.netty.request.NettyRequestSender - Using pooled Channel '[id: 0xa10b78a6, L:/127.0.0.1:61155 - R:localhost/127.0.0.1:39165]' for 'POST' to 'http://localhost:39165/session/b4c44b8ab3ec34df82fcca1e22294ffd/execute/sync'
11:35:51.746 [Forwarding getElementAttribute on session b4c44b8ab3ec34df82fcca1e22294ffd to remote] DEBUG org.asynchttpclient.netty.request.NettyRequestSender - Using open Channel [id: 0xa10b78a6, L:/127.0.0.1:61155 - R:localhost/127.0.0.1:39165] for POST '/session/b4c44b8ab3ec34df82fcca1e22294ffd/execute/sync'
11:35:51.754 [AsyncHttpClient-1-2] DEBUG org.asynchttpclient.netty.handler.HttpHandler - 

Request DefaultHttpRequest(decodeResult: success, version: HTTP/1.1)
POST /session/b4c44b8ab3ec34df82fcca1e22294ffd/execute/sync HTTP/1.1
User-Agent: selenium/4.8.0 (java windows)
Content-Length: 47374
Content-Type: application/json; charset=utf-8
host: localhost:39165
accept: */*

Response DefaultHttpResponse(decodeResult: success, version: HTTP/1.1)
HTTP/1.1 200 OK
Content-Length: 14
Content-Type: application/json; charset=utf-8
cache-control: no-cache

11:35:51.754 [AsyncHttpClient-1-2] DEBUG org.asynchttpclient.netty.channel.ChannelManager - Adding key: http://localhost:39165 for channel [id: 0xa10b78a6, L:/127.0.0.1:61155 - R:localhost/127.0.0.1:39165]
11:35:51.757 [Forwarding getElementAttribute on session b4c44b8ab3ec34df82fcca1e22294ffd to remote] DEBUG org.asynchttpclient.netty.request.NettyRequestSender - Using pooled Channel '[id: 0xa10b78a6, L:/127.0.0.1:61155 - R:localhost/127.0.0.1:39165]' for 'POST' to 'http://localhost:39165/session/b4c44b8ab3ec34df82fcca1e22294ffd/execute/sync'
11:35:51.757 [Forwarding getElementAttribute on session b4c44b8ab3ec34df82fcca1e22294ffd to remote] DEBUG org.asynchttpclient.netty.request.NettyRequestSender - Using open Channel [id: 0xa10b78a6, L:/127.0.0.1:61155 - R:localhost/127.0.0.1:39165] for POST '/session/b4c44b8ab3ec34df82fcca1e22294ffd/execute/sync'
11:35:51.765 [AsyncHttpClient-1-2] DEBUG org.asynchttpclient.netty.handler.HttpHandler - 

Request DefaultHttpRequest(decodeResult: success, version: HTTP/1.1)
POST /session/b4c44b8ab3ec34df82fcca1e22294ffd/execute/sync HTTP/1.1
User-Agent: selenium/4.8.0 (java windows)
Content-Length: 47375
Content-Type: application/json; charset=utf-8
host: localhost:39165
accept: */*

Response DefaultHttpResponse(decodeResult: success, version: HTTP/1.1)
HTTP/1.1 200 OK
Content-Length: 14
Content-Type: application/json; charset=utf-8
cache-control: no-cache

11:35:51.766 [AsyncHttpClient-1-2] DEBUG org.asynchttpclient.netty.channel.ChannelManager - Adding key: http://localhost:39165 for channel [id: 0xa10b78a6, L:/127.0.0.1:61155 - R:localhost/127.0.0.1:39165]
11:35:51.770 [Forwarding getElementAttribute on session b4c44b8ab3ec34df82fcca1e22294ffd to remote] DEBUG org.asynchttpclient.netty.request.NettyRequestSender - Using pooled Channel '[id: 0xa10b78a6, L:/127.0.0.1:61155 - R:localhost/127.0.0.1:39165]' for 'POST' to 'http://localhost:39165/session/b4c44b8ab3ec34df82fcca1e22294ffd/execute/sync'
11:35:51.770 [Forwarding getElementAttribute on session b4c44b8ab3ec34df82fcca1e22294ffd to remote] DEBUG org.asynchttpclient.netty.request.NettyRequestSender - Using open Channel [id: 0xa10b78a6, L:/127.0.0.1:61155 - R:localhost/127.0.0.1:39165] for POST '/session/b4c44b8ab3ec34df82fcca1e22294ffd/execute/sync'
11:35:51.779 [AsyncHttpClient-1-2] DEBUG org.asynchttpclient.netty.handler.HttpHandler - 

Request DefaultHttpRequest(decodeResult: success, version: HTTP/1.1)
POST /session/b4c44b8ab3ec34df82fcca1e22294ffd/execute/sync HTTP/1.1
User-Agent: selenium/4.8.0 (java windows)
Content-Length: 47375
Content-Type: application/json; charset=utf-8
host: localhost:39165
accept: */*

Response DefaultHttpResponse(decodeResult: success, version: HTTP/1.1)
HTTP/1.1 200 OK
Content-Length: 32
Content-Type: application/json; charset=utf-8
cache-control: no-cache

11:35:51.779 [AsyncHttpClient-1-2] DEBUG org.asynchttpclient.netty.channel.ChannelManager - Adding key: http://localhost:39165 for channel [id: 0xa10b78a6, L:/127.0.0.1:61155 - R:localhost/127.0.0.1:39165]
11:35:51.782 [Forwarding getElementAttribute on session b4c44b8ab3ec34df82fcca1e22294ffd to remote] DEBUG org.asynchttpclient.netty.request.NettyRequestSender - Using pooled Channel '[id: 0xa10b78a6, L:/127.0.0.1:61155 - R:localhost/127.0.0.1:39165]' for 'POST' to 'http://localhost:39165/session/b4c44b8ab3ec34df82fcca1e22294ffd/execute/sync'
11:35:51.782 [Forwarding getElementAttribute on session b4c44b8ab3ec34df82fcca1e22294ffd to remote] DEBUG org.asynchttpclient.netty.request.NettyRequestSender - Using open Channel [id: 0xa10b78a6, L:/127.0.0.1:61155 - R:localhost/127.0.0.1:39165] for POST '/session/b4c44b8ab3ec34df82fcca1e22294ffd/execute/sync'
11:35:51.789 [AsyncHttpClient-1-2] DEBUG org.asynchttpclient.netty.handler.HttpHandler - 

Request DefaultHttpRequest(decodeResult: success, version: HTTP/1.1)
POST /session/b4c44b8ab3ec34df82fcca1e22294ffd/execute/sync HTTP/1.1
User-Agent: selenium/4.8.0 (java windows)
Content-Length: 47375
Content-Type: application/json; charset=utf-8
host: localhost:39165
accept: */*

Response DefaultHttpResponse(decodeResult: success, version: HTTP/1.1)
HTTP/1.1 200 OK
Content-Length: 32
Content-Type: application/json; charset=utf-8
cache-control: no-cache

11:35:51.789 [AsyncHttpClient-1-2] DEBUG org.asynchttpclient.netty.channel.ChannelManager - Adding key: http://localhost:39165 for channel [id: 0xa10b78a6, L:/127.0.0.1:61155 - R:localhost/127.0.0.1:39165]
<div class='inventory_item_price'> - InventoryPage.productpricesprice validation passed
11:35:51.789 [Forwarding findElements on session b4c44b8ab3ec34df82fcca1e22294ffd to remote] DEBUG org.asynchttpclient.netty.request.NettyRequestSender - Using pooled Channel '[id: 0xa10b78a6, L:/127.0.0.1:61155 - R:localhost/127.0.0.1:39165]' for 'POST' to 'http://localhost:39165/session/b4c44b8ab3ec34df82fcca1e22294ffd/elements'
11:35:51.789 [Forwarding findElements on session b4c44b8ab3ec34df82fcca1e22294ffd to remote] DEBUG org.asynchttpclient.netty.request.NettyRequestSender - Using open Channel [id: 0xa10b78a6, L:/127.0.0.1:61155 - R:localhost/127.0.0.1:39165] for POST '/session/b4c44b8ab3ec34df82fcca1e22294ffd/elements'
11:35:51.799 [AsyncHttpClient-1-2] DEBUG org.asynchttpclient.netty.handler.HttpHandler - 

Request DefaultHttpRequest(decodeResult: success, version: HTTP/1.1)
POST /session/b4c44b8ab3ec34df82fcca1e22294ffd/elements HTTP/1.1
User-Agent: selenium/4.8.0 (java windows)
Content-Length: 83
Content-Type: application/json; charset=utf-8
host: localhost:39165
accept: */*

Response DefaultHttpResponse(decodeResult: success, version: HTTP/1.1)
HTTP/1.1 200 OK
Content-Length: 527
Content-Type: application/json; charset=utf-8
cache-control: no-cache

11:35:51.799 [AsyncHttpClient-1-2] DEBUG org.asynchttpclient.netty.channel.ChannelManager - Adding key: http://localhost:39165 for channel [id: 0xa10b78a6, L:/127.0.0.1:61155 - R:localhost/127.0.0.1:39165]
11:35:51.801 [Forwarding findElements on session b4c44b8ab3ec34df82fcca1e22294ffd to remote] DEBUG org.asynchttpclient.netty.request.NettyRequestSender - Using pooled Channel '[id: 0xa10b78a6, L:/127.0.0.1:61155 - R:localhost/127.0.0.1:39165]' for 'POST' to 'http://localhost:39165/session/b4c44b8ab3ec34df82fcca1e22294ffd/elements'
11:35:51.801 [Forwarding findElements on session b4c44b8ab3ec34df82fcca1e22294ffd to remote] DEBUG org.asynchttpclient.netty.request.NettyRequestSender - Using open Channel [id: 0xa10b78a6, L:/127.0.0.1:61155 - R:localhost/127.0.0.1:39165] for POST '/session/b4c44b8ab3ec34df82fcca1e22294ffd/elements'
11:35:51.809 [AsyncHttpClient-1-2] DEBUG org.asynchttpclient.netty.handler.HttpHandler - 

Request DefaultHttpRequest(decodeResult: success, version: HTTP/1.1)
POST /session/b4c44b8ab3ec34df82fcca1e22294ffd/elements HTTP/1.1
User-Agent: selenium/4.8.0 (java windows)
Content-Length: 83
Content-Type: application/json; charset=utf-8
host: localhost:39165
accept: */*

Response DefaultHttpResponse(decodeResult: success, version: HTTP/1.1)
HTTP/1.1 200 OK
Content-Length: 527
Content-Type: application/json; charset=utf-8
cache-control: no-cache

11:35:51.809 [AsyncHttpClient-1-2] DEBUG org.asynchttpclient.netty.channel.ChannelManager - Adding key: http://localhost:39165 for channel [id: 0xa10b78a6, L:/127.0.0.1:61155 - R:localhost/127.0.0.1:39165]
11:35:51.810 [Forwarding findElements on session b4c44b8ab3ec34df82fcca1e22294ffd to remote] DEBUG org.asynchttpclient.netty.request.NettyRequestSender - Using pooled Channel '[id: 0xa10b78a6, L:/127.0.0.1:61155 - R:localhost/127.0.0.1:39165]' for 'POST' to 'http://localhost:39165/session/b4c44b8ab3ec34df82fcca1e22294ffd/elements'
11:35:51.810 [Forwarding findElements on session b4c44b8ab3ec34df82fcca1e22294ffd to remote] DEBUG org.asynchttpclient.netty.request.NettyRequestSender - Using open Channel [id: 0xa10b78a6, L:/127.0.0.1:61155 - R:localhost/127.0.0.1:39165] for POST '/session/b4c44b8ab3ec34df82fcca1e22294ffd/elements'
11:35:51.818 [AsyncHttpClient-1-2] DEBUG org.asynchttpclient.netty.handler.HttpHandler - 

Request DefaultHttpRequest(decodeResult: success, version: HTTP/1.1)
POST /session/b4c44b8ab3ec34df82fcca1e22294ffd/elements HTTP/1.1
User-Agent: selenium/4.8.0 (java windows)
Content-Length: 83
Content-Type: application/json; charset=utf-8
host: localhost:39165
accept: */*

Response DefaultHttpResponse(decodeResult: success, version: HTTP/1.1)
HTTP/1.1 200 OK
Content-Length: 527
Content-Type: application/json; charset=utf-8
cache-control: no-cache

11:35:51.818 [AsyncHttpClient-1-2] DEBUG org.asynchttpclient.netty.channel.ChannelManager - Adding key: http://localhost:39165 for channel [id: 0xa10b78a6, L:/127.0.0.1:61155 - R:localhost/127.0.0.1:39165]
11:35:51.819 [Forwarding getElementText on session b4c44b8ab3ec34df82fcca1e22294ffd to remote] DEBUG org.asynchttpclient.netty.request.NettyRequestSender - Using pooled Channel '[id: 0xa10b78a6, L:/127.0.0.1:61155 - R:localhost/127.0.0.1:39165]' for 'GET' to 'http://localhost:39165/session/b4c44b8ab3ec34df82fcca1e22294ffd/element/D6FCA329F55A989BAF0E516CCCB7C1E0_element_41/text'
11:35:51.819 [Forwarding getElementText on session b4c44b8ab3ec34df82fcca1e22294ffd to remote] DEBUG org.asynchttpclient.netty.request.NettyRequestSender - Using open Channel [id: 0xa10b78a6, L:/127.0.0.1:61155 - R:localhost/127.0.0.1:39165] for GET '/session/b4c44b8ab3ec34df82fcca1e22294ffd/element/D6FCA329F55A989BAF0E516CCCB7C1E0_element_41/text'
11:35:51.828 [AsyncHttpClient-1-2] DEBUG org.asynchttpclient.netty.handler.HttpHandler - 

Request DefaultFullHttpRequest(decodeResult: success, version: HTTP/1.1, content: EmptyByteBufBE)
GET /session/b4c44b8ab3ec34df82fcca1e22294ffd/element/D6FCA329F55A989BAF0E516CCCB7C1E0_element_41/text HTTP/1.1
User-Agent: selenium/4.8.0 (java windows)
Cache-Control: no-cache
Content-Type: application/json; charset=utf-8
host: localhost:39165
accept: */*

Response DefaultHttpResponse(decodeResult: success, version: HTTP/1.1)
HTTP/1.1 200 OK
Content-Length: 18
Content-Type: application/json; charset=utf-8
cache-control: no-cache

11:35:51.828 [AsyncHttpClient-1-2] DEBUG org.asynchttpclient.netty.channel.ChannelManager - Adding key: http://localhost:39165 for channel [id: 0xa10b78a6, L:/127.0.0.1:61155 - R:localhost/127.0.0.1:39165]
11:35:51.830 [Forwarding findElements on session b4c44b8ab3ec34df82fcca1e22294ffd to remote] DEBUG org.asynchttpclient.netty.request.NettyRequestSender - Using pooled Channel '[id: 0xa10b78a6, L:/127.0.0.1:61155 - R:localhost/127.0.0.1:39165]' for 'POST' to 'http://localhost:39165/session/b4c44b8ab3ec34df82fcca1e22294ffd/elements'
11:35:51.830 [Forwarding findElements on session b4c44b8ab3ec34df82fcca1e22294ffd to remote] DEBUG org.asynchttpclient.netty.request.NettyRequestSender - Using open Channel [id: 0xa10b78a6, L:/127.0.0.1:61155 - R:localhost/127.0.0.1:39165] for POST '/session/b4c44b8ab3ec34df82fcca1e22294ffd/elements'
11:35:51.839 [AsyncHttpClient-1-2] DEBUG org.asynchttpclient.netty.handler.HttpHandler - 

Request DefaultHttpRequest(decodeResult: success, version: HTTP/1.1)
POST /session/b4c44b8ab3ec34df82fcca1e22294ffd/elements HTTP/1.1
User-Agent: selenium/4.8.0 (java windows)
Content-Length: 83
Content-Type: application/json; charset=utf-8
host: localhost:39165
accept: */*

Response DefaultHttpResponse(decodeResult: success, version: HTTP/1.1)
HTTP/1.1 200 OK
Content-Length: 527
Content-Type: application/json; charset=utf-8
cache-control: no-cache

11:35:51.839 [AsyncHttpClient-1-2] DEBUG org.asynchttpclient.netty.channel.ChannelManager - Adding key: http://localhost:39165 for channel [id: 0xa10b78a6, L:/127.0.0.1:61155 - R:localhost/127.0.0.1:39165]
11:35:51.840 [Forwarding getElementText on session b4c44b8ab3ec34df82fcca1e22294ffd to remote] DEBUG org.asynchttpclient.netty.request.NettyRequestSender - Using pooled Channel '[id: 0xa10b78a6, L:/127.0.0.1:61155 - R:localhost/127.0.0.1:39165]' for 'GET' to 'http://localhost:39165/session/b4c44b8ab3ec34df82fcca1e22294ffd/element/D6FCA329F55A989BAF0E516CCCB7C1E0_element_41/text'
11:35:51.840 [Forwarding getElementText on session b4c44b8ab3ec34df82fcca1e22294ffd to remote] DEBUG org.asynchttpclient.netty.request.NettyRequestSender - Using open Channel [id: 0xa10b78a6, L:/127.0.0.1:61155 - R:localhost/127.0.0.1:39165] for GET '/session/b4c44b8ab3ec34df82fcca1e22294ffd/element/D6FCA329F55A989BAF0E516CCCB7C1E0_element_41/text'
11:35:51.848 [AsyncHttpClient-1-2] DEBUG org.asynchttpclient.netty.handler.HttpHandler - 

Request DefaultFullHttpRequest(decodeResult: success, version: HTTP/1.1, content: EmptyByteBufBE)
GET /session/b4c44b8ab3ec34df82fcca1e22294ffd/element/D6FCA329F55A989BAF0E516CCCB7C1E0_element_41/text HTTP/1.1
User-Agent: selenium/4.8.0 (java windows)
Cache-Control: no-cache
Content-Type: application/json; charset=utf-8
host: localhost:39165
accept: */*

Response DefaultHttpResponse(decodeResult: success, version: HTTP/1.1)
HTTP/1.1 200 OK
Content-Length: 18
Content-Type: application/json; charset=utf-8
cache-control: no-cache

11:35:51.848 [AsyncHttpClient-1-2] DEBUG org.asynchttpclient.netty.channel.ChannelManager - Adding key: http://localhost:39165 for channel [id: 0xa10b78a6, L:/127.0.0.1:61155 - R:localhost/127.0.0.1:39165]
11:35:51.848 [Forwarding findElements on session b4c44b8ab3ec34df82fcca1e22294ffd to remote] DEBUG org.asynchttpclient.netty.request.NettyRequestSender - Using pooled Channel '[id: 0xa10b78a6, L:/127.0.0.1:61155 - R:localhost/127.0.0.1:39165]' for 'POST' to 'http://localhost:39165/session/b4c44b8ab3ec34df82fcca1e22294ffd/elements'
11:35:51.848 [Forwarding findElements on session b4c44b8ab3ec34df82fcca1e22294ffd to remote] DEBUG org.asynchttpclient.netty.request.NettyRequestSender - Using open Channel [id: 0xa10b78a6, L:/127.0.0.1:61155 - R:localhost/127.0.0.1:39165] for POST '/session/b4c44b8ab3ec34df82fcca1e22294ffd/elements'
11:35:51.856 [AsyncHttpClient-1-2] DEBUG org.asynchttpclient.netty.handler.HttpHandler - 

Request DefaultHttpRequest(decodeResult: success, version: HTTP/1.1)
POST /session/b4c44b8ab3ec34df82fcca1e22294ffd/elements HTTP/1.1
User-Agent: selenium/4.8.0 (java windows)
Content-Length: 83
Content-Type: application/json; charset=utf-8
host: localhost:39165
accept: */*

Response DefaultHttpResponse(decodeResult: success, version: HTTP/1.1)
HTTP/1.1 200 OK
Content-Length: 527
Content-Type: application/json; charset=utf-8
cache-control: no-cache

11:35:51.856 [AsyncHttpClient-1-2] DEBUG org.asynchttpclient.netty.channel.ChannelManager - Adding key: http://localhost:39165 for channel [id: 0xa10b78a6, L:/127.0.0.1:61155 - R:localhost/127.0.0.1:39165]
11:35:51.856 [Forwarding getElementTagName on session b4c44b8ab3ec34df82fcca1e22294ffd to remote] DEBUG org.asynchttpclient.netty.request.NettyRequestSender - Using pooled Channel '[id: 0xa10b78a6, L:/127.0.0.1:61155 - R:localhost/127.0.0.1:39165]' for 'GET' to 'http://localhost:39165/session/b4c44b8ab3ec34df82fcca1e22294ffd/element/D6FCA329F55A989BAF0E516CCCB7C1E0_element_41/name'
11:35:51.856 [Forwarding getElementTagName on session b4c44b8ab3ec34df82fcca1e22294ffd to remote] DEBUG org.asynchttpclient.netty.request.NettyRequestSender - Using open Channel [id: 0xa10b78a6, L:/127.0.0.1:61155 - R:localhost/127.0.0.1:39165] for GET '/session/b4c44b8ab3ec34df82fcca1e22294ffd/element/D6FCA329F55A989BAF0E516CCCB7C1E0_element_41/name'
11:35:51.862 [AsyncHttpClient-1-2] DEBUG org.asynchttpclient.netty.handler.HttpHandler - 

Request DefaultFullHttpRequest(decodeResult: success, version: HTTP/1.1, content: EmptyByteBufBE)
GET /session/b4c44b8ab3ec34df82fcca1e22294ffd/element/D6FCA329F55A989BAF0E516CCCB7C1E0_element_41/name HTTP/1.1
User-Agent: selenium/4.8.0 (java windows)
Cache-Control: no-cache
Content-Type: application/json; charset=utf-8
host: localhost:39165
accept: */*

Response DefaultHttpResponse(decodeResult: success, version: HTTP/1.1)
HTTP/1.1 200 OK
Content-Length: 15
Content-Type: application/json; charset=utf-8
cache-control: no-cache

11:35:51.862 [AsyncHttpClient-1-2] DEBUG org.asynchttpclient.netty.channel.ChannelManager - Adding key: http://localhost:39165 for channel [id: 0xa10b78a6, L:/127.0.0.1:61155 - R:localhost/127.0.0.1:39165]
11:35:51.864 [Forwarding getElementAttribute on session b4c44b8ab3ec34df82fcca1e22294ffd to remote] DEBUG org.asynchttpclient.netty.request.NettyRequestSender - Using pooled Channel '[id: 0xa10b78a6, L:/127.0.0.1:61155 - R:localhost/127.0.0.1:39165]' for 'POST' to 'http://localhost:39165/session/b4c44b8ab3ec34df82fcca1e22294ffd/execute/sync'
11:35:51.864 [Forwarding getElementAttribute on session b4c44b8ab3ec34df82fcca1e22294ffd to remote] DEBUG org.asynchttpclient.netty.request.NettyRequestSender - Using open Channel [id: 0xa10b78a6, L:/127.0.0.1:61155 - R:localhost/127.0.0.1:39165] for POST '/session/b4c44b8ab3ec34df82fcca1e22294ffd/execute/sync'
11:35:51.875 [AsyncHttpClient-1-2] DEBUG org.asynchttpclient.netty.handler.HttpHandler - 

Request DefaultHttpRequest(decodeResult: success, version: HTTP/1.1)
POST /session/b4c44b8ab3ec34df82fcca1e22294ffd/execute/sync HTTP/1.1
User-Agent: selenium/4.8.0 (java windows)
Content-Length: 47372
Content-Type: application/json; charset=utf-8
host: localhost:39165
accept: */*

Response DefaultHttpResponse(decodeResult: success, version: HTTP/1.1)
HTTP/1.1 200 OK
Content-Length: 12
Content-Type: application/json; charset=utf-8
cache-control: no-cache

11:35:51.875 [AsyncHttpClient-1-2] DEBUG org.asynchttpclient.netty.channel.ChannelManager - Adding key: http://localhost:39165 for channel [id: 0xa10b78a6, L:/127.0.0.1:61155 - R:localhost/127.0.0.1:39165]
11:35:51.877 [Forwarding getElementAttribute on session b4c44b8ab3ec34df82fcca1e22294ffd to remote] DEBUG org.asynchttpclient.netty.request.NettyRequestSender - Using pooled Channel '[id: 0xa10b78a6, L:/127.0.0.1:61155 - R:localhost/127.0.0.1:39165]' for 'POST' to 'http://localhost:39165/session/b4c44b8ab3ec34df82fcca1e22294ffd/execute/sync'
11:35:51.878 [Forwarding getElementAttribute on session b4c44b8ab3ec34df82fcca1e22294ffd to remote] DEBUG org.asynchttpclient.netty.request.NettyRequestSender - Using open Channel [id: 0xa10b78a6, L:/127.0.0.1:61155 - R:localhost/127.0.0.1:39165] for POST '/session/b4c44b8ab3ec34df82fcca1e22294ffd/execute/sync'
11:35:51.885 [AsyncHttpClient-1-2] DEBUG org.asynchttpclient.netty.handler.HttpHandler - 

Request DefaultHttpRequest(decodeResult: success, version: HTTP/1.1)
POST /session/b4c44b8ab3ec34df82fcca1e22294ffd/execute/sync HTTP/1.1
User-Agent: selenium/4.8.0 (java windows)
Content-Length: 47374
Content-Type: application/json; charset=utf-8
host: localhost:39165
accept: */*

Response DefaultHttpResponse(decodeResult: success, version: HTTP/1.1)
HTTP/1.1 200 OK
Content-Length: 14
Content-Type: application/json; charset=utf-8
cache-control: no-cache

11:35:51.886 [AsyncHttpClient-1-2] DEBUG org.asynchttpclient.netty.channel.ChannelManager - Adding key: http://localhost:39165 for channel [id: 0xa10b78a6, L:/127.0.0.1:61155 - R:localhost/127.0.0.1:39165]
11:35:51.888 [Forwarding getElementAttribute on session b4c44b8ab3ec34df82fcca1e22294ffd to remote] DEBUG org.asynchttpclient.netty.request.NettyRequestSender - Using pooled Channel '[id: 0xa10b78a6, L:/127.0.0.1:61155 - R:localhost/127.0.0.1:39165]' for 'POST' to 'http://localhost:39165/session/b4c44b8ab3ec34df82fcca1e22294ffd/execute/sync'
11:35:51.888 [Forwarding getElementAttribute on session b4c44b8ab3ec34df82fcca1e22294ffd to remote] DEBUG org.asynchttpclient.netty.request.NettyRequestSender - Using open Channel [id: 0xa10b78a6, L:/127.0.0.1:61155 - R:localhost/127.0.0.1:39165] for POST '/session/b4c44b8ab3ec34df82fcca1e22294ffd/execute/sync'
11:35:51.897 [AsyncHttpClient-1-2] DEBUG org.asynchttpclient.netty.handler.HttpHandler - 

Request DefaultHttpRequest(decodeResult: success, version: HTTP/1.1)
POST /session/b4c44b8ab3ec34df82fcca1e22294ffd/execute/sync HTTP/1.1
User-Agent: selenium/4.8.0 (java windows)
Content-Length: 47374
Content-Type: application/json; charset=utf-8
host: localhost:39165
accept: */*

Response DefaultHttpResponse(decodeResult: success, version: HTTP/1.1)
HTTP/1.1 200 OK
Content-Length: 14
Content-Type: application/json; charset=utf-8
cache-control: no-cache

11:35:51.897 [AsyncHttpClient-1-2] DEBUG org.asynchttpclient.netty.channel.ChannelManager - Adding key: http://localhost:39165 for channel [id: 0xa10b78a6, L:/127.0.0.1:61155 - R:localhost/127.0.0.1:39165]
11:35:51.902 [Forwarding getElementAttribute on session b4c44b8ab3ec34df82fcca1e22294ffd to remote] DEBUG org.asynchttpclient.netty.request.NettyRequestSender - Using pooled Channel '[id: 0xa10b78a6, L:/127.0.0.1:61155 - R:localhost/127.0.0.1:39165]' for 'POST' to 'http://localhost:39165/session/b4c44b8ab3ec34df82fcca1e22294ffd/execute/sync'
11:35:51.902 [Forwarding getElementAttribute on session b4c44b8ab3ec34df82fcca1e22294ffd to remote] DEBUG org.asynchttpclient.netty.request.NettyRequestSender - Using open Channel [id: 0xa10b78a6, L:/127.0.0.1:61155 - R:localhost/127.0.0.1:39165] for POST '/session/b4c44b8ab3ec34df82fcca1e22294ffd/execute/sync'
11:35:51.912 [AsyncHttpClient-1-2] DEBUG org.asynchttpclient.netty.handler.HttpHandler - 

Request DefaultHttpRequest(decodeResult: success, version: HTTP/1.1)
POST /session/b4c44b8ab3ec34df82fcca1e22294ffd/execute/sync HTTP/1.1
User-Agent: selenium/4.8.0 (java windows)
Content-Length: 47374
Content-Type: application/json; charset=utf-8
host: localhost:39165
accept: */*

Response DefaultHttpResponse(decodeResult: success, version: HTTP/1.1)
HTTP/1.1 200 OK
Content-Length: 14
Content-Type: application/json; charset=utf-8
cache-control: no-cache

11:35:51.912 [AsyncHttpClient-1-2] DEBUG org.asynchttpclient.netty.channel.ChannelManager - Adding key: http://localhost:39165 for channel [id: 0xa10b78a6, L:/127.0.0.1:61155 - R:localhost/127.0.0.1:39165]
11:35:51.915 [Forwarding getElementAttribute on session b4c44b8ab3ec34df82fcca1e22294ffd to remote] DEBUG org.asynchttpclient.netty.request.NettyRequestSender - Using pooled Channel '[id: 0xa10b78a6, L:/127.0.0.1:61155 - R:localhost/127.0.0.1:39165]' for 'POST' to 'http://localhost:39165/session/b4c44b8ab3ec34df82fcca1e22294ffd/execute/sync'
11:35:51.915 [Forwarding getElementAttribute on session b4c44b8ab3ec34df82fcca1e22294ffd to remote] DEBUG org.asynchttpclient.netty.request.NettyRequestSender - Using open Channel [id: 0xa10b78a6, L:/127.0.0.1:61155 - R:localhost/127.0.0.1:39165] for POST '/session/b4c44b8ab3ec34df82fcca1e22294ffd/execute/sync'
11:35:51.923 [AsyncHttpClient-1-2] DEBUG org.asynchttpclient.netty.handler.HttpHandler - 

Request DefaultHttpRequest(decodeResult: success, version: HTTP/1.1)
POST /session/b4c44b8ab3ec34df82fcca1e22294ffd/execute/sync HTTP/1.1
User-Agent: selenium/4.8.0 (java windows)
Content-Length: 47375
Content-Type: application/json; charset=utf-8
host: localhost:39165
accept: */*

Response DefaultHttpResponse(decodeResult: success, version: HTTP/1.1)
HTTP/1.1 200 OK
Content-Length: 14
Content-Type: application/json; charset=utf-8
cache-control: no-cache

11:35:51.923 [AsyncHttpClient-1-2] DEBUG org.asynchttpclient.netty.channel.ChannelManager - Adding key: http://localhost:39165 for channel [id: 0xa10b78a6, L:/127.0.0.1:61155 - R:localhost/127.0.0.1:39165]
11:35:51.925 [Forwarding getElementAttribute on session b4c44b8ab3ec34df82fcca1e22294ffd to remote] DEBUG org.asynchttpclient.netty.request.NettyRequestSender - Using pooled Channel '[id: 0xa10b78a6, L:/127.0.0.1:61155 - R:localhost/127.0.0.1:39165]' for 'POST' to 'http://localhost:39165/session/b4c44b8ab3ec34df82fcca1e22294ffd/execute/sync'
11:35:51.926 [Forwarding getElementAttribute on session b4c44b8ab3ec34df82fcca1e22294ffd to remote] DEBUG org.asynchttpclient.netty.request.NettyRequestSender - Using open Channel [id: 0xa10b78a6, L:/127.0.0.1:61155 - R:localhost/127.0.0.1:39165] for POST '/session/b4c44b8ab3ec34df82fcca1e22294ffd/execute/sync'
11:35:51.933 [AsyncHttpClient-1-2] DEBUG org.asynchttpclient.netty.handler.HttpHandler - 

Request DefaultHttpRequest(decodeResult: success, version: HTTP/1.1)
POST /session/b4c44b8ab3ec34df82fcca1e22294ffd/execute/sync HTTP/1.1
User-Agent: selenium/4.8.0 (java windows)
Content-Length: 47375
Content-Type: application/json; charset=utf-8
host: localhost:39165
accept: */*

Response DefaultHttpResponse(decodeResult: success, version: HTTP/1.1)
HTTP/1.1 200 OK
Content-Length: 32
Content-Type: application/json; charset=utf-8
cache-control: no-cache

11:35:51.933 [AsyncHttpClient-1-2] DEBUG org.asynchttpclient.netty.channel.ChannelManager - Adding key: http://localhost:39165 for channel [id: 0xa10b78a6, L:/127.0.0.1:61155 - R:localhost/127.0.0.1:39165]
11:35:51.936 [Forwarding getElementAttribute on session b4c44b8ab3ec34df82fcca1e22294ffd to remote] DEBUG org.asynchttpclient.netty.request.NettyRequestSender - Using pooled Channel '[id: 0xa10b78a6, L:/127.0.0.1:61155 - R:localhost/127.0.0.1:39165]' for 'POST' to 'http://localhost:39165/session/b4c44b8ab3ec34df82fcca1e22294ffd/execute/sync'
11:35:51.937 [Forwarding getElementAttribute on session b4c44b8ab3ec34df82fcca1e22294ffd to remote] DEBUG org.asynchttpclient.netty.request.NettyRequestSender - Using open Channel [id: 0xa10b78a6, L:/127.0.0.1:61155 - R:localhost/127.0.0.1:39165] for POST '/session/b4c44b8ab3ec34df82fcca1e22294ffd/execute/sync'
11:35:51.946 [AsyncHttpClient-1-2] DEBUG org.asynchttpclient.netty.handler.HttpHandler - 

Request DefaultHttpRequest(decodeResult: success, version: HTTP/1.1)
POST /session/b4c44b8ab3ec34df82fcca1e22294ffd/execute/sync HTTP/1.1
User-Agent: selenium/4.8.0 (java windows)
Content-Length: 47375
Content-Type: application/json; charset=utf-8
host: localhost:39165
accept: */*

Response DefaultHttpResponse(decodeResult: success, version: HTTP/1.1)
HTTP/1.1 200 OK
Content-Length: 32
Content-Type: application/json; charset=utf-8
cache-control: no-cache

11:35:51.946 [AsyncHttpClient-1-2] DEBUG org.asynchttpclient.netty.channel.ChannelManager - Adding key: http://localhost:39165 for channel [id: 0xa10b78a6, L:/127.0.0.1:61155 - R:localhost/127.0.0.1:39165]
<div class='inventory_item_price'> - InventoryPage.productpricesprice validation passed
11:35:51.948 [Forwarding findElements on session b4c44b8ab3ec34df82fcca1e22294ffd to remote] DEBUG org.asynchttpclient.netty.request.NettyRequestSender - Using pooled Channel '[id: 0xa10b78a6, L:/127.0.0.1:61155 - R:localhost/127.0.0.1:39165]' for 'POST' to 'http://localhost:39165/session/b4c44b8ab3ec34df82fcca1e22294ffd/elements'
11:35:51.948 [Forwarding findElements on session b4c44b8ab3ec34df82fcca1e22294ffd to remote] DEBUG org.asynchttpclient.netty.request.NettyRequestSender - Using open Channel [id: 0xa10b78a6, L:/127.0.0.1:61155 - R:localhost/127.0.0.1:39165] for POST '/session/b4c44b8ab3ec34df82fcca1e22294ffd/elements'
11:35:51.956 [AsyncHttpClient-1-2] DEBUG org.asynchttpclient.netty.handler.HttpHandler - 

Request DefaultHttpRequest(decodeResult: success, version: HTTP/1.1)
POST /session/b4c44b8ab3ec34df82fcca1e22294ffd/elements HTTP/1.1
User-Agent: selenium/4.8.0 (java windows)
Content-Length: 83
Content-Type: application/json; charset=utf-8
host: localhost:39165
accept: */*

Response DefaultHttpResponse(decodeResult: success, version: HTTP/1.1)
HTTP/1.1 200 OK
Content-Length: 527
Content-Type: application/json; charset=utf-8
cache-control: no-cache

11:35:51.956 [AsyncHttpClient-1-2] DEBUG org.asynchttpclient.netty.channel.ChannelManager - Adding key: http://localhost:39165 for channel [id: 0xa10b78a6, L:/127.0.0.1:61155 - R:localhost/127.0.0.1:39165]
11:35:51.958 [Forwarding findElements on session b4c44b8ab3ec34df82fcca1e22294ffd to remote] DEBUG org.asynchttpclient.netty.request.NettyRequestSender - Using pooled Channel '[id: 0xa10b78a6, L:/127.0.0.1:61155 - R:localhost/127.0.0.1:39165]' for 'POST' to 'http://localhost:39165/session/b4c44b8ab3ec34df82fcca1e22294ffd/elements'
11:35:51.958 [Forwarding findElements on session b4c44b8ab3ec34df82fcca1e22294ffd to remote] DEBUG org.asynchttpclient.netty.request.NettyRequestSender - Using open Channel [id: 0xa10b78a6, L:/127.0.0.1:61155 - R:localhost/127.0.0.1:39165] for POST '/session/b4c44b8ab3ec34df82fcca1e22294ffd/elements'
11:35:51.964 [AsyncHttpClient-1-2] DEBUG org.asynchttpclient.netty.handler.HttpHandler - 

Request DefaultHttpRequest(decodeResult: success, version: HTTP/1.1)
POST /session/b4c44b8ab3ec34df82fcca1e22294ffd/elements HTTP/1.1
User-Agent: selenium/4.8.0 (java windows)
Content-Length: 83
Content-Type: application/json; charset=utf-8
host: localhost:39165
accept: */*

Response DefaultHttpResponse(decodeResult: success, version: HTTP/1.1)
HTTP/1.1 200 OK
Content-Length: 527
Content-Type: application/json; charset=utf-8
cache-control: no-cache

11:35:51.964 [AsyncHttpClient-1-2] DEBUG org.asynchttpclient.netty.channel.ChannelManager - Adding key: http://localhost:39165 for channel [id: 0xa10b78a6, L:/127.0.0.1:61155 - R:localhost/127.0.0.1:39165]
11:35:51.965 [Forwarding findElements on session b4c44b8ab3ec34df82fcca1e22294ffd to remote] DEBUG org.asynchttpclient.netty.request.NettyRequestSender - Using pooled Channel '[id: 0xa10b78a6, L:/127.0.0.1:61155 - R:localhost/127.0.0.1:39165]' for 'POST' to 'http://localhost:39165/session/b4c44b8ab3ec34df82fcca1e22294ffd/elements'
11:35:51.965 [Forwarding findElements on session b4c44b8ab3ec34df82fcca1e22294ffd to remote] DEBUG org.asynchttpclient.netty.request.NettyRequestSender - Using open Channel [id: 0xa10b78a6, L:/127.0.0.1:61155 - R:localhost/127.0.0.1:39165] for POST '/session/b4c44b8ab3ec34df82fcca1e22294ffd/elements'
11:35:51.976 [AsyncHttpClient-1-2] DEBUG org.asynchttpclient.netty.handler.HttpHandler - 

Request DefaultHttpRequest(decodeResult: success, version: HTTP/1.1)
POST /session/b4c44b8ab3ec34df82fcca1e22294ffd/elements HTTP/1.1
User-Agent: selenium/4.8.0 (java windows)
Content-Length: 83
Content-Type: application/json; charset=utf-8
host: localhost:39165
accept: */*

Response DefaultHttpResponse(decodeResult: success, version: HTTP/1.1)
HTTP/1.1 200 OK
Content-Length: 527
Content-Type: application/json; charset=utf-8
cache-control: no-cache

11:35:51.976 [AsyncHttpClient-1-2] DEBUG org.asynchttpclient.netty.channel.ChannelManager - Adding key: http://localhost:39165 for channel [id: 0xa10b78a6, L:/127.0.0.1:61155 - R:localhost/127.0.0.1:39165]
11:35:51.977 [Forwarding getElementText on session b4c44b8ab3ec34df82fcca1e22294ffd to remote] DEBUG org.asynchttpclient.netty.request.NettyRequestSender - Using pooled Channel '[id: 0xa10b78a6, L:/127.0.0.1:61155 - R:localhost/127.0.0.1:39165]' for 'GET' to 'http://localhost:39165/session/b4c44b8ab3ec34df82fcca1e22294ffd/element/D6FCA329F55A989BAF0E516CCCB7C1E0_element_36/text'
11:35:51.977 [Forwarding getElementText on session b4c44b8ab3ec34df82fcca1e22294ffd to remote] DEBUG org.asynchttpclient.netty.request.NettyRequestSender - Using open Channel [id: 0xa10b78a6, L:/127.0.0.1:61155 - R:localhost/127.0.0.1:39165] for GET '/session/b4c44b8ab3ec34df82fcca1e22294ffd/element/D6FCA329F55A989BAF0E516CCCB7C1E0_element_36/text'
11:35:51.984 [AsyncHttpClient-1-2] DEBUG org.asynchttpclient.netty.handler.HttpHandler - 

Request DefaultFullHttpRequest(decodeResult: success, version: HTTP/1.1, content: EmptyByteBufBE)
GET /session/b4c44b8ab3ec34df82fcca1e22294ffd/element/D6FCA329F55A989BAF0E516CCCB7C1E0_element_36/text HTTP/1.1
User-Agent: selenium/4.8.0 (java windows)
Cache-Control: no-cache
Content-Type: application/json; charset=utf-8
host: localhost:39165
accept: */*

Response DefaultHttpResponse(decodeResult: success, version: HTTP/1.1)
HTTP/1.1 200 OK
Content-Length: 18
Content-Type: application/json; charset=utf-8
cache-control: no-cache

11:35:51.984 [AsyncHttpClient-1-2] DEBUG org.asynchttpclient.netty.channel.ChannelManager - Adding key: http://localhost:39165 for channel [id: 0xa10b78a6, L:/127.0.0.1:61155 - R:localhost/127.0.0.1:39165]
11:35:51.984 [Forwarding findElements on session b4c44b8ab3ec34df82fcca1e22294ffd to remote] DEBUG org.asynchttpclient.netty.request.NettyRequestSender - Using pooled Channel '[id: 0xa10b78a6, L:/127.0.0.1:61155 - R:localhost/127.0.0.1:39165]' for 'POST' to 'http://localhost:39165/session/b4c44b8ab3ec34df82fcca1e22294ffd/elements'
11:35:51.984 [Forwarding findElements on session b4c44b8ab3ec34df82fcca1e22294ffd to remote] DEBUG org.asynchttpclient.netty.request.NettyRequestSender - Using open Channel [id: 0xa10b78a6, L:/127.0.0.1:61155 - R:localhost/127.0.0.1:39165] for POST '/session/b4c44b8ab3ec34df82fcca1e22294ffd/elements'
11:35:51.991 [AsyncHttpClient-1-2] DEBUG org.asynchttpclient.netty.handler.HttpHandler - 

Request DefaultHttpRequest(decodeResult: success, version: HTTP/1.1)
POST /session/b4c44b8ab3ec34df82fcca1e22294ffd/elements HTTP/1.1
User-Agent: selenium/4.8.0 (java windows)
Content-Length: 83
Content-Type: application/json; charset=utf-8
host: localhost:39165
accept: */*

Response DefaultHttpResponse(decodeResult: success, version: HTTP/1.1)
HTTP/1.1 200 OK
Content-Length: 527
Content-Type: application/json; charset=utf-8
cache-control: no-cache

11:35:51.991 [AsyncHttpClient-1-2] DEBUG org.asynchttpclient.netty.channel.ChannelManager - Adding key: http://localhost:39165 for channel [id: 0xa10b78a6, L:/127.0.0.1:61155 - R:localhost/127.0.0.1:39165]
11:35:51.993 [Forwarding getElementText on session b4c44b8ab3ec34df82fcca1e22294ffd to remote] DEBUG org.asynchttpclient.netty.request.NettyRequestSender - Using pooled Channel '[id: 0xa10b78a6, L:/127.0.0.1:61155 - R:localhost/127.0.0.1:39165]' for 'GET' to 'http://localhost:39165/session/b4c44b8ab3ec34df82fcca1e22294ffd/element/D6FCA329F55A989BAF0E516CCCB7C1E0_element_36/text'
11:35:51.993 [Forwarding getElementText on session b4c44b8ab3ec34df82fcca1e22294ffd to remote] DEBUG org.asynchttpclient.netty.request.NettyRequestSender - Using open Channel [id: 0xa10b78a6, L:/127.0.0.1:61155 - R:localhost/127.0.0.1:39165] for GET '/session/b4c44b8ab3ec34df82fcca1e22294ffd/element/D6FCA329F55A989BAF0E516CCCB7C1E0_element_36/text'
11:35:52.001 [AsyncHttpClient-1-2] DEBUG org.asynchttpclient.netty.handler.HttpHandler - 

Request DefaultFullHttpRequest(decodeResult: success, version: HTTP/1.1, content: EmptyByteBufBE)
GET /session/b4c44b8ab3ec34df82fcca1e22294ffd/element/D6FCA329F55A989BAF0E516CCCB7C1E0_element_36/text HTTP/1.1
User-Agent: selenium/4.8.0 (java windows)
Cache-Control: no-cache
Content-Type: application/json; charset=utf-8
host: localhost:39165
accept: */*

Response DefaultHttpResponse(decodeResult: success, version: HTTP/1.1)
HTTP/1.1 200 OK
Content-Length: 18
Content-Type: application/json; charset=utf-8
cache-control: no-cache

11:35:52.001 [AsyncHttpClient-1-2] DEBUG org.asynchttpclient.netty.channel.ChannelManager - Adding key: http://localhost:39165 for channel [id: 0xa10b78a6, L:/127.0.0.1:61155 - R:localhost/127.0.0.1:39165]
11:35:52.003 [Forwarding findElements on session b4c44b8ab3ec34df82fcca1e22294ffd to remote] DEBUG org.asynchttpclient.netty.request.NettyRequestSender - Using pooled Channel '[id: 0xa10b78a6, L:/127.0.0.1:61155 - R:localhost/127.0.0.1:39165]' for 'POST' to 'http://localhost:39165/session/b4c44b8ab3ec34df82fcca1e22294ffd/elements'
11:35:52.003 [Forwarding findElements on session b4c44b8ab3ec34df82fcca1e22294ffd to remote] DEBUG org.asynchttpclient.netty.request.NettyRequestSender - Using open Channel [id: 0xa10b78a6, L:/127.0.0.1:61155 - R:localhost/127.0.0.1:39165] for POST '/session/b4c44b8ab3ec34df82fcca1e22294ffd/elements'
11:35:52.014 [AsyncHttpClient-1-2] DEBUG org.asynchttpclient.netty.handler.HttpHandler - 

Request DefaultHttpRequest(decodeResult: success, version: HTTP/1.1)
POST /session/b4c44b8ab3ec34df82fcca1e22294ffd/elements HTTP/1.1
User-Agent: selenium/4.8.0 (java windows)
Content-Length: 83
Content-Type: application/json; charset=utf-8
host: localhost:39165
accept: */*

Response DefaultHttpResponse(decodeResult: success, version: HTTP/1.1)
HTTP/1.1 200 OK
Content-Length: 527
Content-Type: application/json; charset=utf-8
cache-control: no-cache

11:35:52.015 [AsyncHttpClient-1-2] DEBUG org.asynchttpclient.netty.channel.ChannelManager - Adding key: http://localhost:39165 for channel [id: 0xa10b78a6, L:/127.0.0.1:61155 - R:localhost/127.0.0.1:39165]
11:35:52.015 [Forwarding getElementTagName on session b4c44b8ab3ec34df82fcca1e22294ffd to remote] DEBUG org.asynchttpclient.netty.request.NettyRequestSender - Using pooled Channel '[id: 0xa10b78a6, L:/127.0.0.1:61155 - R:localhost/127.0.0.1:39165]' for 'GET' to 'http://localhost:39165/session/b4c44b8ab3ec34df82fcca1e22294ffd/element/D6FCA329F55A989BAF0E516CCCB7C1E0_element_36/name'
11:35:52.015 [Forwarding getElementTagName on session b4c44b8ab3ec34df82fcca1e22294ffd to remote] DEBUG org.asynchttpclient.netty.request.NettyRequestSender - Using open Channel [id: 0xa10b78a6, L:/127.0.0.1:61155 - R:localhost/127.0.0.1:39165] for GET '/session/b4c44b8ab3ec34df82fcca1e22294ffd/element/D6FCA329F55A989BAF0E516CCCB7C1E0_element_36/name'
11:35:52.021 [AsyncHttpClient-1-2] DEBUG org.asynchttpclient.netty.handler.HttpHandler - 

Request DefaultFullHttpRequest(decodeResult: success, version: HTTP/1.1, content: EmptyByteBufBE)
GET /session/b4c44b8ab3ec34df82fcca1e22294ffd/element/D6FCA329F55A989BAF0E516CCCB7C1E0_element_36/name HTTP/1.1
User-Agent: selenium/4.8.0 (java windows)
Cache-Control: no-cache
Content-Type: application/json; charset=utf-8
host: localhost:39165
accept: */*

Response DefaultHttpResponse(decodeResult: success, version: HTTP/1.1)
HTTP/1.1 200 OK
Content-Length: 15
Content-Type: application/json; charset=utf-8
cache-control: no-cache

11:35:52.021 [AsyncHttpClient-1-2] DEBUG org.asynchttpclient.netty.channel.ChannelManager - Adding key: http://localhost:39165 for channel [id: 0xa10b78a6, L:/127.0.0.1:61155 - R:localhost/127.0.0.1:39165]
11:35:52.023 [Forwarding getElementAttribute on session b4c44b8ab3ec34df82fcca1e22294ffd to remote] DEBUG org.asynchttpclient.netty.request.NettyRequestSender - Using pooled Channel '[id: 0xa10b78a6, L:/127.0.0.1:61155 - R:localhost/127.0.0.1:39165]' for 'POST' to 'http://localhost:39165/session/b4c44b8ab3ec34df82fcca1e22294ffd/execute/sync'
11:35:52.024 [Forwarding getElementAttribute on session b4c44b8ab3ec34df82fcca1e22294ffd to remote] DEBUG org.asynchttpclient.netty.request.NettyRequestSender - Using open Channel [id: 0xa10b78a6, L:/127.0.0.1:61155 - R:localhost/127.0.0.1:39165] for POST '/session/b4c44b8ab3ec34df82fcca1e22294ffd/execute/sync'
11:35:52.033 [AsyncHttpClient-1-2] DEBUG org.asynchttpclient.netty.handler.HttpHandler - 

Request DefaultHttpRequest(decodeResult: success, version: HTTP/1.1)
POST /session/b4c44b8ab3ec34df82fcca1e22294ffd/execute/sync HTTP/1.1
User-Agent: selenium/4.8.0 (java windows)
Content-Length: 47372
Content-Type: application/json; charset=utf-8
host: localhost:39165
accept: */*

Response DefaultHttpResponse(decodeResult: success, version: HTTP/1.1)
HTTP/1.1 200 OK
Content-Length: 12
Content-Type: application/json; charset=utf-8
cache-control: no-cache

11:35:52.033 [AsyncHttpClient-1-2] DEBUG org.asynchttpclient.netty.channel.ChannelManager - Adding key: http://localhost:39165 for channel [id: 0xa10b78a6, L:/127.0.0.1:61155 - R:localhost/127.0.0.1:39165]
11:35:52.039 [Forwarding getElementAttribute on session b4c44b8ab3ec34df82fcca1e22294ffd to remote] DEBUG org.asynchttpclient.netty.request.NettyRequestSender - Using pooled Channel '[id: 0xa10b78a6, L:/127.0.0.1:61155 - R:localhost/127.0.0.1:39165]' for 'POST' to 'http://localhost:39165/session/b4c44b8ab3ec34df82fcca1e22294ffd/execute/sync'
11:35:52.039 [Forwarding getElementAttribute on session b4c44b8ab3ec34df82fcca1e22294ffd to remote] DEBUG org.asynchttpclient.netty.request.NettyRequestSender - Using open Channel [id: 0xa10b78a6, L:/127.0.0.1:61155 - R:localhost/127.0.0.1:39165] for POST '/session/b4c44b8ab3ec34df82fcca1e22294ffd/execute/sync'
11:35:52.049 [AsyncHttpClient-1-2] DEBUG org.asynchttpclient.netty.handler.HttpHandler - 

Request DefaultHttpRequest(decodeResult: success, version: HTTP/1.1)
POST /session/b4c44b8ab3ec34df82fcca1e22294ffd/execute/sync HTTP/1.1
User-Agent: selenium/4.8.0 (java windows)
Content-Length: 47374
Content-Type: application/json; charset=utf-8
host: localhost:39165
accept: */*

Response DefaultHttpResponse(decodeResult: success, version: HTTP/1.1)
HTTP/1.1 200 OK
Content-Length: 14
Content-Type: application/json; charset=utf-8
cache-control: no-cache

11:35:52.049 [AsyncHttpClient-1-2] DEBUG org.asynchttpclient.netty.channel.ChannelManager - Adding key: http://localhost:39165 for channel [id: 0xa10b78a6, L:/127.0.0.1:61155 - R:localhost/127.0.0.1:39165]
11:35:52.051 [Forwarding getElementAttribute on session b4c44b8ab3ec34df82fcca1e22294ffd to remote] DEBUG org.asynchttpclient.netty.request.NettyRequestSender - Using pooled Channel '[id: 0xa10b78a6, L:/127.0.0.1:61155 - R:localhost/127.0.0.1:39165]' for 'POST' to 'http://localhost:39165/session/b4c44b8ab3ec34df82fcca1e22294ffd/execute/sync'
11:35:52.051 [Forwarding getElementAttribute on session b4c44b8ab3ec34df82fcca1e22294ffd to remote] DEBUG org.asynchttpclient.netty.request.NettyRequestSender - Using open Channel [id: 0xa10b78a6, L:/127.0.0.1:61155 - R:localhost/127.0.0.1:39165] for POST '/session/b4c44b8ab3ec34df82fcca1e22294ffd/execute/sync'
11:35:52.062 [AsyncHttpClient-1-2] DEBUG org.asynchttpclient.netty.handler.HttpHandler - 

Request DefaultHttpRequest(decodeResult: success, version: HTTP/1.1)
POST /session/b4c44b8ab3ec34df82fcca1e22294ffd/execute/sync HTTP/1.1
User-Agent: selenium/4.8.0 (java windows)
Content-Length: 47374
Content-Type: application/json; charset=utf-8
host: localhost:39165
accept: */*

Response DefaultHttpResponse(decodeResult: success, version: HTTP/1.1)
HTTP/1.1 200 OK
Content-Length: 14
Content-Type: application/json; charset=utf-8
cache-control: no-cache

11:35:52.062 [AsyncHttpClient-1-2] DEBUG org.asynchttpclient.netty.channel.ChannelManager - Adding key: http://localhost:39165 for channel [id: 0xa10b78a6, L:/127.0.0.1:61155 - R:localhost/127.0.0.1:39165]
11:35:52.065 [Forwarding getElementAttribute on session b4c44b8ab3ec34df82fcca1e22294ffd to remote] DEBUG org.asynchttpclient.netty.request.NettyRequestSender - Using pooled Channel '[id: 0xa10b78a6, L:/127.0.0.1:61155 - R:localhost/127.0.0.1:39165]' for 'POST' to 'http://localhost:39165/session/b4c44b8ab3ec34df82fcca1e22294ffd/execute/sync'
11:35:52.065 [Forwarding getElementAttribute on session b4c44b8ab3ec34df82fcca1e22294ffd to remote] DEBUG org.asynchttpclient.netty.request.NettyRequestSender - Using open Channel [id: 0xa10b78a6, L:/127.0.0.1:61155 - R:localhost/127.0.0.1:39165] for POST '/session/b4c44b8ab3ec34df82fcca1e22294ffd/execute/sync'
11:35:52.072 [AsyncHttpClient-1-2] DEBUG org.asynchttpclient.netty.handler.HttpHandler - 

Request DefaultHttpRequest(decodeResult: success, version: HTTP/1.1)
POST /session/b4c44b8ab3ec34df82fcca1e22294ffd/execute/sync HTTP/1.1
User-Agent: selenium/4.8.0 (java windows)
Content-Length: 47374
Content-Type: application/json; charset=utf-8
host: localhost:39165
accept: */*

Response DefaultHttpResponse(decodeResult: success, version: HTTP/1.1)
HTTP/1.1 200 OK
Content-Length: 14
Content-Type: application/json; charset=utf-8
cache-control: no-cache

11:35:52.072 [AsyncHttpClient-1-2] DEBUG org.asynchttpclient.netty.channel.ChannelManager - Adding key: http://localhost:39165 for channel [id: 0xa10b78a6, L:/127.0.0.1:61155 - R:localhost/127.0.0.1:39165]
11:35:52.077 [Forwarding getElementAttribute on session b4c44b8ab3ec34df82fcca1e22294ffd to remote] DEBUG org.asynchttpclient.netty.request.NettyRequestSender - Using pooled Channel '[id: 0xa10b78a6, L:/127.0.0.1:61155 - R:localhost/127.0.0.1:39165]' for 'POST' to 'http://localhost:39165/session/b4c44b8ab3ec34df82fcca1e22294ffd/execute/sync'
11:35:52.077 [Forwarding getElementAttribute on session b4c44b8ab3ec34df82fcca1e22294ffd to remote] DEBUG org.asynchttpclient.netty.request.NettyRequestSender - Using open Channel [id: 0xa10b78a6, L:/127.0.0.1:61155 - R:localhost/127.0.0.1:39165] for POST '/session/b4c44b8ab3ec34df82fcca1e22294ffd/execute/sync'
11:35:52.084 [AsyncHttpClient-1-2] DEBUG org.asynchttpclient.netty.handler.HttpHandler - 

Request DefaultHttpRequest(decodeResult: success, version: HTTP/1.1)
POST /session/b4c44b8ab3ec34df82fcca1e22294ffd/execute/sync HTTP/1.1
User-Agent: selenium/4.8.0 (java windows)
Content-Length: 47375
Content-Type: application/json; charset=utf-8
host: localhost:39165
accept: */*

Response DefaultHttpResponse(decodeResult: success, version: HTTP/1.1)
HTTP/1.1 200 OK
Content-Length: 14
Content-Type: application/json; charset=utf-8
cache-control: no-cache

11:35:52.084 [AsyncHttpClient-1-2] DEBUG org.asynchttpclient.netty.channel.ChannelManager - Adding key: http://localhost:39165 for channel [id: 0xa10b78a6, L:/127.0.0.1:61155 - R:localhost/127.0.0.1:39165]
11:35:52.087 [Forwarding getElementAttribute on session b4c44b8ab3ec34df82fcca1e22294ffd to remote] DEBUG org.asynchttpclient.netty.request.NettyRequestSender - Using pooled Channel '[id: 0xa10b78a6, L:/127.0.0.1:61155 - R:localhost/127.0.0.1:39165]' for 'POST' to 'http://localhost:39165/session/b4c44b8ab3ec34df82fcca1e22294ffd/execute/sync'
11:35:52.087 [Forwarding getElementAttribute on session b4c44b8ab3ec34df82fcca1e22294ffd to remote] DEBUG org.asynchttpclient.netty.request.NettyRequestSender - Using open Channel [id: 0xa10b78a6, L:/127.0.0.1:61155 - R:localhost/127.0.0.1:39165] for POST '/session/b4c44b8ab3ec34df82fcca1e22294ffd/execute/sync'
11:35:52.095 [AsyncHttpClient-1-2] DEBUG org.asynchttpclient.netty.handler.HttpHandler - 

Request DefaultHttpRequest(decodeResult: success, version: HTTP/1.1)
POST /session/b4c44b8ab3ec34df82fcca1e22294ffd/execute/sync HTTP/1.1
User-Agent: selenium/4.8.0 (java windows)
Content-Length: 47375
Content-Type: application/json; charset=utf-8
host: localhost:39165
accept: */*

Response DefaultHttpResponse(decodeResult: success, version: HTTP/1.1)
HTTP/1.1 200 OK
Content-Length: 32
Content-Type: application/json; charset=utf-8
cache-control: no-cache

11:35:52.095 [AsyncHttpClient-1-2] DEBUG org.asynchttpclient.netty.channel.ChannelManager - Adding key: http://localhost:39165 for channel [id: 0xa10b78a6, L:/127.0.0.1:61155 - R:localhost/127.0.0.1:39165]
11:35:52.097 [Forwarding getElementAttribute on session b4c44b8ab3ec34df82fcca1e22294ffd to remote] DEBUG org.asynchttpclient.netty.request.NettyRequestSender - Using pooled Channel '[id: 0xa10b78a6, L:/127.0.0.1:61155 - R:localhost/127.0.0.1:39165]' for 'POST' to 'http://localhost:39165/session/b4c44b8ab3ec34df82fcca1e22294ffd/execute/sync'
11:35:52.097 [Forwarding getElementAttribute on session b4c44b8ab3ec34df82fcca1e22294ffd to remote] DEBUG org.asynchttpclient.netty.request.NettyRequestSender - Using open Channel [id: 0xa10b78a6, L:/127.0.0.1:61155 - R:localhost/127.0.0.1:39165] for POST '/session/b4c44b8ab3ec34df82fcca1e22294ffd/execute/sync'
11:35:52.109 [AsyncHttpClient-1-2] DEBUG org.asynchttpclient.netty.handler.HttpHandler - 

Request DefaultHttpRequest(decodeResult: success, version: HTTP/1.1)
POST /session/b4c44b8ab3ec34df82fcca1e22294ffd/execute/sync HTTP/1.1
User-Agent: selenium/4.8.0 (java windows)
Content-Length: 47375
Content-Type: application/json; charset=utf-8
host: localhost:39165
accept: */*

Response DefaultHttpResponse(decodeResult: success, version: HTTP/1.1)
HTTP/1.1 200 OK
Content-Length: 32
Content-Type: application/json; charset=utf-8
cache-control: no-cache

11:35:52.110 [AsyncHttpClient-1-2] DEBUG org.asynchttpclient.netty.channel.ChannelManager - Adding key: http://localhost:39165 for channel [id: 0xa10b78a6, L:/127.0.0.1:61155 - R:localhost/127.0.0.1:39165]
<div class='inventory_item_price'> - InventoryPage.productpricesprice validation passed
11:35:52.110 [Forwarding findElements on session b4c44b8ab3ec34df82fcca1e22294ffd to remote] DEBUG org.asynchttpclient.netty.request.NettyRequestSender - Using pooled Channel '[id: 0xa10b78a6, L:/127.0.0.1:61155 - R:localhost/127.0.0.1:39165]' for 'POST' to 'http://localhost:39165/session/b4c44b8ab3ec34df82fcca1e22294ffd/elements'
11:35:52.110 [Forwarding findElements on session b4c44b8ab3ec34df82fcca1e22294ffd to remote] DEBUG org.asynchttpclient.netty.request.NettyRequestSender - Using open Channel [id: 0xa10b78a6, L:/127.0.0.1:61155 - R:localhost/127.0.0.1:39165] for POST '/session/b4c44b8ab3ec34df82fcca1e22294ffd/elements'
11:35:52.118 [AsyncHttpClient-1-2] DEBUG org.asynchttpclient.netty.handler.HttpHandler - 

Request DefaultHttpRequest(decodeResult: success, version: HTTP/1.1)
POST /session/b4c44b8ab3ec34df82fcca1e22294ffd/elements HTTP/1.1
User-Agent: selenium/4.8.0 (java windows)
Content-Length: 83
Content-Type: application/json; charset=utf-8
host: localhost:39165
accept: */*

Response DefaultHttpResponse(decodeResult: success, version: HTTP/1.1)
HTTP/1.1 200 OK
Content-Length: 527
Content-Type: application/json; charset=utf-8
cache-control: no-cache

11:35:52.118 [AsyncHttpClient-1-2] DEBUG org.asynchttpclient.netty.channel.ChannelManager - Adding key: http://localhost:39165 for channel [id: 0xa10b78a6, L:/127.0.0.1:61155 - R:localhost/127.0.0.1:39165]
11:35:52.118 [Forwarding findElements on session b4c44b8ab3ec34df82fcca1e22294ffd to remote] DEBUG org.asynchttpclient.netty.request.NettyRequestSender - Using pooled Channel '[id: 0xa10b78a6, L:/127.0.0.1:61155 - R:localhost/127.0.0.1:39165]' for 'POST' to 'http://localhost:39165/session/b4c44b8ab3ec34df82fcca1e22294ffd/elements'
11:35:52.119 [Forwarding findElements on session b4c44b8ab3ec34df82fcca1e22294ffd to remote] DEBUG org.asynchttpclient.netty.request.NettyRequestSender - Using open Channel [id: 0xa10b78a6, L:/127.0.0.1:61155 - R:localhost/127.0.0.1:39165] for POST '/session/b4c44b8ab3ec34df82fcca1e22294ffd/elements'
11:35:52.127 [AsyncHttpClient-1-2] DEBUG org.asynchttpclient.netty.handler.HttpHandler - 

Request DefaultHttpRequest(decodeResult: success, version: HTTP/1.1)
POST /session/b4c44b8ab3ec34df82fcca1e22294ffd/elements HTTP/1.1
User-Agent: selenium/4.8.0 (java windows)
Content-Length: 83
Content-Type: application/json; charset=utf-8
host: localhost:39165
accept: */*

Response DefaultHttpResponse(decodeResult: success, version: HTTP/1.1)
HTTP/1.1 200 OK
Content-Length: 527
Content-Type: application/json; charset=utf-8
cache-control: no-cache

11:35:52.127 [AsyncHttpClient-1-2] DEBUG org.asynchttpclient.netty.channel.ChannelManager - Adding key: http://localhost:39165 for channel [id: 0xa10b78a6, L:/127.0.0.1:61155 - R:localhost/127.0.0.1:39165]
11:35:52.129 [Forwarding findElements on session b4c44b8ab3ec34df82fcca1e22294ffd to remote] DEBUG org.asynchttpclient.netty.request.NettyRequestSender - Using pooled Channel '[id: 0xa10b78a6, L:/127.0.0.1:61155 - R:localhost/127.0.0.1:39165]' for 'POST' to 'http://localhost:39165/session/b4c44b8ab3ec34df82fcca1e22294ffd/elements'
11:35:52.129 [Forwarding findElements on session b4c44b8ab3ec34df82fcca1e22294ffd to remote] DEBUG org.asynchttpclient.netty.request.NettyRequestSender - Using open Channel [id: 0xa10b78a6, L:/127.0.0.1:61155 - R:localhost/127.0.0.1:39165] for POST '/session/b4c44b8ab3ec34df82fcca1e22294ffd/elements'
11:35:52.137 [AsyncHttpClient-1-2] DEBUG org.asynchttpclient.netty.handler.HttpHandler - 

Request DefaultHttpRequest(decodeResult: success, version: HTTP/1.1)
POST /session/b4c44b8ab3ec34df82fcca1e22294ffd/elements HTTP/1.1
User-Agent: selenium/4.8.0 (java windows)
Content-Length: 83
Content-Type: application/json; charset=utf-8
host: localhost:39165
accept: */*

Response DefaultHttpResponse(decodeResult: success, version: HTTP/1.1)
HTTP/1.1 200 OK
Content-Length: 527
Content-Type: application/json; charset=utf-8
cache-control: no-cache

11:35:52.137 [AsyncHttpClient-1-2] DEBUG org.asynchttpclient.netty.channel.ChannelManager - Adding key: http://localhost:39165 for channel [id: 0xa10b78a6, L:/127.0.0.1:61155 - R:localhost/127.0.0.1:39165]
11:35:52.138 [Forwarding getElementText on session b4c44b8ab3ec34df82fcca1e22294ffd to remote] DEBUG org.asynchttpclient.netty.request.NettyRequestSender - Using pooled Channel '[id: 0xa10b78a6, L:/127.0.0.1:61155 - R:localhost/127.0.0.1:39165]' for 'GET' to 'http://localhost:39165/session/b4c44b8ab3ec34df82fcca1e22294ffd/element/D6FCA329F55A989BAF0E516CCCB7C1E0_element_39/text'
11:35:52.139 [Forwarding getElementText on session b4c44b8ab3ec34df82fcca1e22294ffd to remote] DEBUG org.asynchttpclient.netty.request.NettyRequestSender - Using open Channel [id: 0xa10b78a6, L:/127.0.0.1:61155 - R:localhost/127.0.0.1:39165] for GET '/session/b4c44b8ab3ec34df82fcca1e22294ffd/element/D6FCA329F55A989BAF0E516CCCB7C1E0_element_39/text'
11:35:52.148 [AsyncHttpClient-1-2] DEBUG org.asynchttpclient.netty.handler.HttpHandler - 

Request DefaultFullHttpRequest(decodeResult: success, version: HTTP/1.1, content: EmptyByteBufBE)
GET /session/b4c44b8ab3ec34df82fcca1e22294ffd/element/D6FCA329F55A989BAF0E516CCCB7C1E0_element_39/text HTTP/1.1
User-Agent: selenium/4.8.0 (java windows)
Cache-Control: no-cache
Content-Type: application/json; charset=utf-8
host: localhost:39165
accept: */*

Response DefaultHttpResponse(decodeResult: success, version: HTTP/1.1)
HTTP/1.1 200 OK
Content-Length: 18
Content-Type: application/json; charset=utf-8
cache-control: no-cache

11:35:52.148 [AsyncHttpClient-1-2] DEBUG org.asynchttpclient.netty.channel.ChannelManager - Adding key: http://localhost:39165 for channel [id: 0xa10b78a6, L:/127.0.0.1:61155 - R:localhost/127.0.0.1:39165]
11:35:52.149 [Forwarding findElements on session b4c44b8ab3ec34df82fcca1e22294ffd to remote] DEBUG org.asynchttpclient.netty.request.NettyRequestSender - Using pooled Channel '[id: 0xa10b78a6, L:/127.0.0.1:61155 - R:localhost/127.0.0.1:39165]' for 'POST' to 'http://localhost:39165/session/b4c44b8ab3ec34df82fcca1e22294ffd/elements'
11:35:52.149 [Forwarding findElements on session b4c44b8ab3ec34df82fcca1e22294ffd to remote] DEBUG org.asynchttpclient.netty.request.NettyRequestSender - Using open Channel [id: 0xa10b78a6, L:/127.0.0.1:61155 - R:localhost/127.0.0.1:39165] for POST '/session/b4c44b8ab3ec34df82fcca1e22294ffd/elements'
11:35:52.157 [AsyncHttpClient-1-2] DEBUG org.asynchttpclient.netty.handler.HttpHandler - 

Request DefaultHttpRequest(decodeResult: success, version: HTTP/1.1)
POST /session/b4c44b8ab3ec34df82fcca1e22294ffd/elements HTTP/1.1
User-Agent: selenium/4.8.0 (java windows)
Content-Length: 83
Content-Type: application/json; charset=utf-8
host: localhost:39165
accept: */*

Response DefaultHttpResponse(decodeResult: success, version: HTTP/1.1)
HTTP/1.1 200 OK
Content-Length: 527
Content-Type: application/json; charset=utf-8
cache-control: no-cache

11:35:52.157 [AsyncHttpClient-1-2] DEBUG org.asynchttpclient.netty.channel.ChannelManager - Adding key: http://localhost:39165 for channel [id: 0xa10b78a6, L:/127.0.0.1:61155 - R:localhost/127.0.0.1:39165]
11:35:52.158 [Forwarding getElementText on session b4c44b8ab3ec34df82fcca1e22294ffd to remote] DEBUG org.asynchttpclient.netty.request.NettyRequestSender - Using pooled Channel '[id: 0xa10b78a6, L:/127.0.0.1:61155 - R:localhost/127.0.0.1:39165]' for 'GET' to 'http://localhost:39165/session/b4c44b8ab3ec34df82fcca1e22294ffd/element/D6FCA329F55A989BAF0E516CCCB7C1E0_element_39/text'
11:35:52.158 [Forwarding getElementText on session b4c44b8ab3ec34df82fcca1e22294ffd to remote] DEBUG org.asynchttpclient.netty.request.NettyRequestSender - Using open Channel [id: 0xa10b78a6, L:/127.0.0.1:61155 - R:localhost/127.0.0.1:39165] for GET '/session/b4c44b8ab3ec34df82fcca1e22294ffd/element/D6FCA329F55A989BAF0E516CCCB7C1E0_element_39/text'
11:35:52.170 [AsyncHttpClient-1-2] DEBUG org.asynchttpclient.netty.handler.HttpHandler - 

Request DefaultFullHttpRequest(decodeResult: success, version: HTTP/1.1, content: EmptyByteBufBE)
GET /session/b4c44b8ab3ec34df82fcca1e22294ffd/element/D6FCA329F55A989BAF0E516CCCB7C1E0_element_39/text HTTP/1.1
User-Agent: selenium/4.8.0 (java windows)
Cache-Control: no-cache
Content-Type: application/json; charset=utf-8
host: localhost:39165
accept: */*

Response DefaultHttpResponse(decodeResult: success, version: HTTP/1.1)
HTTP/1.1 200 OK
Content-Length: 18
Content-Type: application/json; charset=utf-8
cache-control: no-cache

11:35:52.170 [AsyncHttpClient-1-2] DEBUG org.asynchttpclient.netty.channel.ChannelManager - Adding key: http://localhost:39165 for channel [id: 0xa10b78a6, L:/127.0.0.1:61155 - R:localhost/127.0.0.1:39165]
11:35:52.173 [Forwarding findElements on session b4c44b8ab3ec34df82fcca1e22294ffd to remote] DEBUG org.asynchttpclient.netty.request.NettyRequestSender - Using pooled Channel '[id: 0xa10b78a6, L:/127.0.0.1:61155 - R:localhost/127.0.0.1:39165]' for 'POST' to 'http://localhost:39165/session/b4c44b8ab3ec34df82fcca1e22294ffd/elements'
11:35:52.174 [Forwarding findElements on session b4c44b8ab3ec34df82fcca1e22294ffd to remote] DEBUG org.asynchttpclient.netty.request.NettyRequestSender - Using open Channel [id: 0xa10b78a6, L:/127.0.0.1:61155 - R:localhost/127.0.0.1:39165] for POST '/session/b4c44b8ab3ec34df82fcca1e22294ffd/elements'
11:35:52.183 [AsyncHttpClient-1-2] DEBUG org.asynchttpclient.netty.handler.HttpHandler - 

Request DefaultHttpRequest(decodeResult: success, version: HTTP/1.1)
POST /session/b4c44b8ab3ec34df82fcca1e22294ffd/elements HTTP/1.1
User-Agent: selenium/4.8.0 (java windows)
Content-Length: 83
Content-Type: application/json; charset=utf-8
host: localhost:39165
accept: */*

Response DefaultHttpResponse(decodeResult: success, version: HTTP/1.1)
HTTP/1.1 200 OK
Content-Length: 527
Content-Type: application/json; charset=utf-8
cache-control: no-cache

11:35:52.183 [AsyncHttpClient-1-2] DEBUG org.asynchttpclient.netty.channel.ChannelManager - Adding key: http://localhost:39165 for channel [id: 0xa10b78a6, L:/127.0.0.1:61155 - R:localhost/127.0.0.1:39165]
11:35:52.184 [Forwarding getElementTagName on session b4c44b8ab3ec34df82fcca1e22294ffd to remote] DEBUG org.asynchttpclient.netty.request.NettyRequestSender - Using pooled Channel '[id: 0xa10b78a6, L:/127.0.0.1:61155 - R:localhost/127.0.0.1:39165]' for 'GET' to 'http://localhost:39165/session/b4c44b8ab3ec34df82fcca1e22294ffd/element/D6FCA329F55A989BAF0E516CCCB7C1E0_element_39/name'
11:35:52.184 [Forwarding getElementTagName on session b4c44b8ab3ec34df82fcca1e22294ffd to remote] DEBUG org.asynchttpclient.netty.request.NettyRequestSender - Using open Channel [id: 0xa10b78a6, L:/127.0.0.1:61155 - R:localhost/127.0.0.1:39165] for GET '/session/b4c44b8ab3ec34df82fcca1e22294ffd/element/D6FCA329F55A989BAF0E516CCCB7C1E0_element_39/name'
11:35:52.190 [AsyncHttpClient-1-2] DEBUG org.asynchttpclient.netty.handler.HttpHandler - 

Request DefaultFullHttpRequest(decodeResult: success, version: HTTP/1.1, content: EmptyByteBufBE)
GET /session/b4c44b8ab3ec34df82fcca1e22294ffd/element/D6FCA329F55A989BAF0E516CCCB7C1E0_element_39/name HTTP/1.1
User-Agent: selenium/4.8.0 (java windows)
Cache-Control: no-cache
Content-Type: application/json; charset=utf-8
host: localhost:39165
accept: */*

Response DefaultHttpResponse(decodeResult: success, version: HTTP/1.1)
HTTP/1.1 200 OK
Content-Length: 15
Content-Type: application/json; charset=utf-8
cache-control: no-cache

11:35:52.190 [AsyncHttpClient-1-2] DEBUG org.asynchttpclient.netty.channel.ChannelManager - Adding key: http://localhost:39165 for channel [id: 0xa10b78a6, L:/127.0.0.1:61155 - R:localhost/127.0.0.1:39165]
11:35:52.194 [Forwarding getElementAttribute on session b4c44b8ab3ec34df82fcca1e22294ffd to remote] DEBUG org.asynchttpclient.netty.request.NettyRequestSender - Using pooled Channel '[id: 0xa10b78a6, L:/127.0.0.1:61155 - R:localhost/127.0.0.1:39165]' for 'POST' to 'http://localhost:39165/session/b4c44b8ab3ec34df82fcca1e22294ffd/execute/sync'
11:35:52.194 [Forwarding getElementAttribute on session b4c44b8ab3ec34df82fcca1e22294ffd to remote] DEBUG org.asynchttpclient.netty.request.NettyRequestSender - Using open Channel [id: 0xa10b78a6, L:/127.0.0.1:61155 - R:localhost/127.0.0.1:39165] for POST '/session/b4c44b8ab3ec34df82fcca1e22294ffd/execute/sync'
11:35:52.204 [AsyncHttpClient-1-2] DEBUG org.asynchttpclient.netty.handler.HttpHandler - 

Request DefaultHttpRequest(decodeResult: success, version: HTTP/1.1)
POST /session/b4c44b8ab3ec34df82fcca1e22294ffd/execute/sync HTTP/1.1
User-Agent: selenium/4.8.0 (java windows)
Content-Length: 47372
Content-Type: application/json; charset=utf-8
host: localhost:39165
accept: */*

Response DefaultHttpResponse(decodeResult: success, version: HTTP/1.1)
HTTP/1.1 200 OK
Content-Length: 12
Content-Type: application/json; charset=utf-8
cache-control: no-cache

11:35:52.204 [AsyncHttpClient-1-2] DEBUG org.asynchttpclient.netty.channel.ChannelManager - Adding key: http://localhost:39165 for channel [id: 0xa10b78a6, L:/127.0.0.1:61155 - R:localhost/127.0.0.1:39165]
11:35:52.205 [Forwarding getElementAttribute on session b4c44b8ab3ec34df82fcca1e22294ffd to remote] DEBUG org.asynchttpclient.netty.request.NettyRequestSender - Using pooled Channel '[id: 0xa10b78a6, L:/127.0.0.1:61155 - R:localhost/127.0.0.1:39165]' for 'POST' to 'http://localhost:39165/session/b4c44b8ab3ec34df82fcca1e22294ffd/execute/sync'
11:35:52.205 [Forwarding getElementAttribute on session b4c44b8ab3ec34df82fcca1e22294ffd to remote] DEBUG org.asynchttpclient.netty.request.NettyRequestSender - Using open Channel [id: 0xa10b78a6, L:/127.0.0.1:61155 - R:localhost/127.0.0.1:39165] for POST '/session/b4c44b8ab3ec34df82fcca1e22294ffd/execute/sync'
11:35:52.214 [AsyncHttpClient-1-2] DEBUG org.asynchttpclient.netty.handler.HttpHandler - 

Request DefaultHttpRequest(decodeResult: success, version: HTTP/1.1)
POST /session/b4c44b8ab3ec34df82fcca1e22294ffd/execute/sync HTTP/1.1
User-Agent: selenium/4.8.0 (java windows)
Content-Length: 47374
Content-Type: application/json; charset=utf-8
host: localhost:39165
accept: */*

Response DefaultHttpResponse(decodeResult: success, version: HTTP/1.1)
HTTP/1.1 200 OK
Content-Length: 14
Content-Type: application/json; charset=utf-8
cache-control: no-cache

11:35:52.215 [AsyncHttpClient-1-2] DEBUG org.asynchttpclient.netty.channel.ChannelManager - Adding key: http://localhost:39165 for channel [id: 0xa10b78a6, L:/127.0.0.1:61155 - R:localhost/127.0.0.1:39165]
11:35:52.219 [Forwarding getElementAttribute on session b4c44b8ab3ec34df82fcca1e22294ffd to remote] DEBUG org.asynchttpclient.netty.request.NettyRequestSender - Using pooled Channel '[id: 0xa10b78a6, L:/127.0.0.1:61155 - R:localhost/127.0.0.1:39165]' for 'POST' to 'http://localhost:39165/session/b4c44b8ab3ec34df82fcca1e22294ffd/execute/sync'
11:35:52.219 [Forwarding getElementAttribute on session b4c44b8ab3ec34df82fcca1e22294ffd to remote] DEBUG org.asynchttpclient.netty.request.NettyRequestSender - Using open Channel [id: 0xa10b78a6, L:/127.0.0.1:61155 - R:localhost/127.0.0.1:39165] for POST '/session/b4c44b8ab3ec34df82fcca1e22294ffd/execute/sync'
11:35:52.238 [AsyncHttpClient-1-2] DEBUG org.asynchttpclient.netty.handler.HttpHandler - 

Request DefaultHttpRequest(decodeResult: success, version: HTTP/1.1)
POST /session/b4c44b8ab3ec34df82fcca1e22294ffd/execute/sync HTTP/1.1
User-Agent: selenium/4.8.0 (java windows)
Content-Length: 47374
Content-Type: application/json; charset=utf-8
host: localhost:39165
accept: */*

Response DefaultHttpResponse(decodeResult: success, version: HTTP/1.1)
HTTP/1.1 200 OK
Content-Length: 14
Content-Type: application/json; charset=utf-8
cache-control: no-cache

11:35:52.238 [AsyncHttpClient-1-2] DEBUG org.asynchttpclient.netty.channel.ChannelManager - Adding key: http://localhost:39165 for channel [id: 0xa10b78a6, L:/127.0.0.1:61155 - R:localhost/127.0.0.1:39165]
11:35:52.241 [Forwarding getElementAttribute on session b4c44b8ab3ec34df82fcca1e22294ffd to remote] DEBUG org.asynchttpclient.netty.request.NettyRequestSender - Using pooled Channel '[id: 0xa10b78a6, L:/127.0.0.1:61155 - R:localhost/127.0.0.1:39165]' for 'POST' to 'http://localhost:39165/session/b4c44b8ab3ec34df82fcca1e22294ffd/execute/sync'
11:35:52.241 [Forwarding getElementAttribute on session b4c44b8ab3ec34df82fcca1e22294ffd to remote] DEBUG org.asynchttpclient.netty.request.NettyRequestSender - Using open Channel [id: 0xa10b78a6, L:/127.0.0.1:61155 - R:localhost/127.0.0.1:39165] for POST '/session/b4c44b8ab3ec34df82fcca1e22294ffd/execute/sync'
11:35:52.244 [AsyncHttpClient-1-1] DEBUG org.asynchttpclient.netty.channel.DefaultChannelPool - Entry count for : http://localhost:61159 : 1
11:35:52.256 [AsyncHttpClient-1-2] DEBUG org.asynchttpclient.netty.handler.HttpHandler - 

Request DefaultHttpRequest(decodeResult: success, version: HTTP/1.1)
POST /session/b4c44b8ab3ec34df82fcca1e22294ffd/execute/sync HTTP/1.1
User-Agent: selenium/4.8.0 (java windows)
Content-Length: 47374
Content-Type: application/json; charset=utf-8
host: localhost:39165
accept: */*

Response DefaultHttpResponse(decodeResult: success, version: HTTP/1.1)
HTTP/1.1 200 OK
Content-Length: 14
Content-Type: application/json; charset=utf-8
cache-control: no-cache

11:35:52.257 [AsyncHttpClient-1-2] DEBUG org.asynchttpclient.netty.channel.ChannelManager - Adding key: http://localhost:39165 for channel [id: 0xa10b78a6, L:/127.0.0.1:61155 - R:localhost/127.0.0.1:39165]
11:35:52.259 [Forwarding getElementAttribute on session b4c44b8ab3ec34df82fcca1e22294ffd to remote] DEBUG org.asynchttpclient.netty.request.NettyRequestSender - Using pooled Channel '[id: 0xa10b78a6, L:/127.0.0.1:61155 - R:localhost/127.0.0.1:39165]' for 'POST' to 'http://localhost:39165/session/b4c44b8ab3ec34df82fcca1e22294ffd/execute/sync'
11:35:52.259 [Forwarding getElementAttribute on session b4c44b8ab3ec34df82fcca1e22294ffd to remote] DEBUG org.asynchttpclient.netty.request.NettyRequestSender - Using open Channel [id: 0xa10b78a6, L:/127.0.0.1:61155 - R:localhost/127.0.0.1:39165] for POST '/session/b4c44b8ab3ec34df82fcca1e22294ffd/execute/sync'
11:35:52.273 [AsyncHttpClient-1-2] DEBUG org.asynchttpclient.netty.handler.HttpHandler - 

Request DefaultHttpRequest(decodeResult: success, version: HTTP/1.1)
POST /session/b4c44b8ab3ec34df82fcca1e22294ffd/execute/sync HTTP/1.1
User-Agent: selenium/4.8.0 (java windows)
Content-Length: 47375
Content-Type: application/json; charset=utf-8
host: localhost:39165
accept: */*

Response DefaultHttpResponse(decodeResult: success, version: HTTP/1.1)
HTTP/1.1 200 OK
Content-Length: 14
Content-Type: application/json; charset=utf-8
cache-control: no-cache

11:35:52.273 [AsyncHttpClient-1-2] DEBUG org.asynchttpclient.netty.channel.ChannelManager - Adding key: http://localhost:39165 for channel [id: 0xa10b78a6, L:/127.0.0.1:61155 - R:localhost/127.0.0.1:39165]
11:35:52.275 [Forwarding getElementAttribute on session b4c44b8ab3ec34df82fcca1e22294ffd to remote] DEBUG org.asynchttpclient.netty.request.NettyRequestSender - Using pooled Channel '[id: 0xa10b78a6, L:/127.0.0.1:61155 - R:localhost/127.0.0.1:39165]' for 'POST' to 'http://localhost:39165/session/b4c44b8ab3ec34df82fcca1e22294ffd/execute/sync'
11:35:52.275 [Forwarding getElementAttribute on session b4c44b8ab3ec34df82fcca1e22294ffd to remote] DEBUG org.asynchttpclient.netty.request.NettyRequestSender - Using open Channel [id: 0xa10b78a6, L:/127.0.0.1:61155 - R:localhost/127.0.0.1:39165] for POST '/session/b4c44b8ab3ec34df82fcca1e22294ffd/execute/sync'
11:35:52.286 [AsyncHttpClient-1-2] DEBUG org.asynchttpclient.netty.handler.HttpHandler - 

Request DefaultHttpRequest(decodeResult: success, version: HTTP/1.1)
POST /session/b4c44b8ab3ec34df82fcca1e22294ffd/execute/sync HTTP/1.1
User-Agent: selenium/4.8.0 (java windows)
Content-Length: 47375
Content-Type: application/json; charset=utf-8
host: localhost:39165
accept: */*

Response DefaultHttpResponse(decodeResult: success, version: HTTP/1.1)
HTTP/1.1 200 OK
Content-Length: 32
Content-Type: application/json; charset=utf-8
cache-control: no-cache

11:35:52.286 [AsyncHttpClient-1-2] DEBUG org.asynchttpclient.netty.channel.ChannelManager - Adding key: http://localhost:39165 for channel [id: 0xa10b78a6, L:/127.0.0.1:61155 - R:localhost/127.0.0.1:39165]
11:35:52.288 [Forwarding getElementAttribute on session b4c44b8ab3ec34df82fcca1e22294ffd to remote] DEBUG org.asynchttpclient.netty.request.NettyRequestSender - Using pooled Channel '[id: 0xa10b78a6, L:/127.0.0.1:61155 - R:localhost/127.0.0.1:39165]' for 'POST' to 'http://localhost:39165/session/b4c44b8ab3ec34df82fcca1e22294ffd/execute/sync'
11:35:52.288 [Forwarding getElementAttribute on session b4c44b8ab3ec34df82fcca1e22294ffd to remote] DEBUG org.asynchttpclient.netty.request.NettyRequestSender - Using open Channel [id: 0xa10b78a6, L:/127.0.0.1:61155 - R:localhost/127.0.0.1:39165] for POST '/session/b4c44b8ab3ec34df82fcca1e22294ffd/execute/sync'
11:35:52.297 [AsyncHttpClient-1-2] DEBUG org.asynchttpclient.netty.handler.HttpHandler - 

Request DefaultHttpRequest(decodeResult: success, version: HTTP/1.1)
POST /session/b4c44b8ab3ec34df82fcca1e22294ffd/execute/sync HTTP/1.1
User-Agent: selenium/4.8.0 (java windows)
Content-Length: 47375
Content-Type: application/json; charset=utf-8
host: localhost:39165
accept: */*

Response DefaultHttpResponse(decodeResult: success, version: HTTP/1.1)
HTTP/1.1 200 OK
Content-Length: 32
Content-Type: application/json; charset=utf-8
cache-control: no-cache

11:35:52.297 [AsyncHttpClient-1-2] DEBUG org.asynchttpclient.netty.channel.ChannelManager - Adding key: http://localhost:39165 for channel [id: 0xa10b78a6, L:/127.0.0.1:61155 - R:localhost/127.0.0.1:39165]
<div class='inventory_item_price'> - InventoryPage.productpricesprice validation passed
11:35:52.298 [Forwarding findElements on session b4c44b8ab3ec34df82fcca1e22294ffd to remote] DEBUG org.asynchttpclient.netty.request.NettyRequestSender - Using pooled Channel '[id: 0xa10b78a6, L:/127.0.0.1:61155 - R:localhost/127.0.0.1:39165]' for 'POST' to 'http://localhost:39165/session/b4c44b8ab3ec34df82fcca1e22294ffd/elements'
11:35:52.298 [Forwarding findElements on session b4c44b8ab3ec34df82fcca1e22294ffd to remote] DEBUG org.asynchttpclient.netty.request.NettyRequestSender - Using open Channel [id: 0xa10b78a6, L:/127.0.0.1:61155 - R:localhost/127.0.0.1:39165] for POST '/session/b4c44b8ab3ec34df82fcca1e22294ffd/elements'
11:35:52.312 [AsyncHttpClient-1-2] DEBUG org.asynchttpclient.netty.handler.HttpHandler - 

Request DefaultHttpRequest(decodeResult: success, version: HTTP/1.1)
POST /session/b4c44b8ab3ec34df82fcca1e22294ffd/elements HTTP/1.1
User-Agent: selenium/4.8.0 (java windows)
Content-Length: 83
Content-Type: application/json; charset=utf-8
host: localhost:39165
accept: */*

Response DefaultHttpResponse(decodeResult: success, version: HTTP/1.1)
HTTP/1.1 200 OK
Content-Length: 527
Content-Type: application/json; charset=utf-8
cache-control: no-cache

11:35:52.312 [AsyncHttpClient-1-2] DEBUG org.asynchttpclient.netty.channel.ChannelManager - Adding key: http://localhost:39165 for channel [id: 0xa10b78a6, L:/127.0.0.1:61155 - R:localhost/127.0.0.1:39165]
11:35:52.317 [Forwarding getAlertText on session b4c44b8ab3ec34df82fcca1e22294ffd to remote] DEBUG org.asynchttpclient.netty.request.NettyRequestSender - Using pooled Channel '[id: 0xa10b78a6, L:/127.0.0.1:61155 - R:localhost/127.0.0.1:39165]' for 'GET' to 'http://localhost:39165/session/b4c44b8ab3ec34df82fcca1e22294ffd/alert/text'
11:35:52.317 [Forwarding getAlertText on session b4c44b8ab3ec34df82fcca1e22294ffd to remote] DEBUG org.asynchttpclient.netty.request.NettyRequestSender - Using open Channel [id: 0xa10b78a6, L:/127.0.0.1:61155 - R:localhost/127.0.0.1:39165] for GET '/session/b4c44b8ab3ec34df82fcca1e22294ffd/alert/text'
11:35:52.321 [AsyncHttpClient-1-2] DEBUG org.asynchttpclient.netty.handler.HttpHandler - 

Request DefaultFullHttpRequest(decodeResult: success, version: HTTP/1.1, content: EmptyByteBufBE)
GET /session/b4c44b8ab3ec34df82fcca1e22294ffd/alert/text HTTP/1.1
User-Agent: selenium/4.8.0 (java windows)
Cache-Control: no-cache
Content-Type: application/json; charset=utf-8
host: localhost:39165
accept: */*

Response DefaultHttpResponse(decodeResult: success, version: HTTP/1.1)
HTTP/1.1 404 Not Found
Content-Length: 1522
Content-Type: application/json; charset=utf-8
cache-control: no-cache

11:35:52.321 [AsyncHttpClient-1-2] DEBUG org.asynchttpclient.netty.channel.ChannelManager - Adding key: http://localhost:39165 for channel [id: 0xa10b78a6, L:/127.0.0.1:61155 - R:localhost/127.0.0.1:39165]
11:35:52.323 [Forwarding getCurrentUrl on session b4c44b8ab3ec34df82fcca1e22294ffd to remote] DEBUG org.asynchttpclient.netty.request.NettyRequestSender - Using pooled Channel '[id: 0xa10b78a6, L:/127.0.0.1:61155 - R:localhost/127.0.0.1:39165]' for 'GET' to 'http://localhost:39165/session/b4c44b8ab3ec34df82fcca1e22294ffd/url'
11:35:52.323 [Forwarding getCurrentUrl on session b4c44b8ab3ec34df82fcca1e22294ffd to remote] DEBUG org.asynchttpclient.netty.request.NettyRequestSender - Using open Channel [id: 0xa10b78a6, L:/127.0.0.1:61155 - R:localhost/127.0.0.1:39165] for GET '/session/b4c44b8ab3ec34df82fcca1e22294ffd/url'
11:35:52.330 [AsyncHttpClient-1-2] DEBUG org.asynchttpclient.netty.handler.HttpHandler - 

Request DefaultFullHttpRequest(decodeResult: success, version: HTTP/1.1, content: EmptyByteBufBE)
GET /session/b4c44b8ab3ec34df82fcca1e22294ffd/url HTTP/1.1
User-Agent: selenium/4.8.0 (java windows)
Cache-Control: no-cache
Content-Type: application/json; charset=utf-8
host: localhost:39165
accept: */*

Response DefaultHttpResponse(decodeResult: success, version: HTTP/1.1)
HTTP/1.1 200 OK
Content-Length: 52
Content-Type: application/json; charset=utf-8
cache-control: no-cache

11:35:52.330 [AsyncHttpClient-1-2] DEBUG org.asynchttpclient.netty.channel.ChannelManager - Adding key: http://localhost:39165 for channel [id: 0xa10b78a6, L:/127.0.0.1:61155 - R:localhost/127.0.0.1:39165]
11:35:52.330 [Forwarding screenshot on session b4c44b8ab3ec34df82fcca1e22294ffd to remote] DEBUG org.asynchttpclient.netty.request.NettyRequestSender - Using pooled Channel '[id: 0xa10b78a6, L:/127.0.0.1:61155 - R:localhost/127.0.0.1:39165]' for 'GET' to 'http://localhost:39165/session/b4c44b8ab3ec34df82fcca1e22294ffd/screenshot'
11:35:52.330 [Forwarding screenshot on session b4c44b8ab3ec34df82fcca1e22294ffd to remote] DEBUG org.asynchttpclient.netty.request.NettyRequestSender - Using open Channel [id: 0xa10b78a6, L:/127.0.0.1:61155 - R:localhost/127.0.0.1:39165] for GET '/session/b4c44b8ab3ec34df82fcca1e22294ffd/screenshot'
11:35:52.532 [AsyncHttpClient-1-2] DEBUG org.asynchttpclient.netty.handler.HttpHandler - 

Request DefaultFullHttpRequest(decodeResult: success, version: HTTP/1.1, content: EmptyByteBufBE)
GET /session/b4c44b8ab3ec34df82fcca1e22294ffd/screenshot HTTP/1.1
User-Agent: selenium/4.8.0 (java windows)
Cache-Control: no-cache
Content-Type: application/json; charset=utf-8
host: localhost:39165
accept: */*

Response DefaultHttpResponse(decodeResult: success, version: HTTP/1.1)
HTTP/1.1 200 OK
Content-Length: 476064
Content-Type: application/json; charset=utf-8
cache-control: no-cache

11:35:52.533 [AsyncHttpClient-1-2] DEBUG org.asynchttpclient.netty.channel.ChannelManager - Adding key: http://localhost:39165 for channel [id: 0xa10b78a6, L:/127.0.0.1:61155 - R:localhost/127.0.0.1:39165]
11:35:52.542 [main] DEBUG net.serenitybdd.core.photography.Darkroom - Send negative for processing for target\site\serenity\f26221f36d9c823feb32110eea680c006e8e8373d5b5c734d3958eca8f6a8cd2.png
11:35:52.542 [main] DEBUG net.thucydides.core.steps.StepInterceptor - STEP DONE: validate ProductsPricesLowToHigh
11:35:52.550 [Forwarding getPageSource on session b4c44b8ab3ec34df82fcca1e22294ffd to remote] DEBUG org.asynchttpclient.netty.request.NettyRequestSender - Using pooled Channel '[id: 0xa10b78a6, L:/127.0.0.1:61155 - R:localhost/127.0.0.1:39165]' for 'POST' to 'http://localhost:39165/session/b4c44b8ab3ec34df82fcca1e22294ffd/execute/sync'
11:35:52.550 [Forwarding getPageSource on session b4c44b8ab3ec34df82fcca1e22294ffd to remote] DEBUG org.asynchttpclient.netty.request.NettyRequestSender - Using open Channel [id: 0xa10b78a6, L:/127.0.0.1:61155 - R:localhost/127.0.0.1:39165] for POST '/session/b4c44b8ab3ec34df82fcca1e22294ffd/execute/sync'
11:35:52.556 [AsyncHttpClient-1-2] DEBUG org.asynchttpclient.netty.handler.HttpHandler - 

Request DefaultHttpRequest(decodeResult: success, version: HTTP/1.1)
POST /session/b4c44b8ab3ec34df82fcca1e22294ffd/execute/sync HTTP/1.1
User-Agent: selenium/4.8.0 (java windows)
Content-Length: 176
Content-Type: application/json; charset=utf-8
host: localhost:39165
accept: */*

Response DefaultHttpResponse(decodeResult: success, version: HTTP/1.1)
HTTP/1.1 200 OK
Content-Length: 16398
Content-Type: application/json; charset=utf-8
cache-control: no-cache

11:35:52.556 [AsyncHttpClient-1-2] DEBUG org.asynchttpclient.netty.channel.ChannelManager - Adding key: http://localhost:39165 for channel [id: 0xa10b78a6, L:/127.0.0.1:61155 - R:localhost/127.0.0.1:39165]
11:35:52.558 [Forwarding getCurrentUrl on session b4c44b8ab3ec34df82fcca1e22294ffd to remote] DEBUG org.asynchttpclient.netty.request.NettyRequestSender - Using pooled Channel '[id: 0xa10b78a6, L:/127.0.0.1:61155 - R:localhost/127.0.0.1:39165]' for 'GET' to 'http://localhost:39165/session/b4c44b8ab3ec34df82fcca1e22294ffd/url'
11:35:52.558 [Forwarding getCurrentUrl on session b4c44b8ab3ec34df82fcca1e22294ffd to remote] DEBUG org.asynchttpclient.netty.request.NettyRequestSender - Using open Channel [id: 0xa10b78a6, L:/127.0.0.1:61155 - R:localhost/127.0.0.1:39165] for GET '/session/b4c44b8ab3ec34df82fcca1e22294ffd/url'
11:35:52.563 [AsyncHttpClient-1-2] DEBUG org.asynchttpclient.netty.handler.HttpHandler - 

Request DefaultFullHttpRequest(decodeResult: success, version: HTTP/1.1, content: EmptyByteBufBE)
GET /session/b4c44b8ab3ec34df82fcca1e22294ffd/url HTTP/1.1
User-Agent: selenium/4.8.0 (java windows)
Cache-Control: no-cache
Content-Type: application/json; charset=utf-8
host: localhost:39165
accept: */*

Response DefaultHttpResponse(decodeResult: success, version: HTTP/1.1)
HTTP/1.1 200 OK
Content-Length: 52
Content-Type: application/json; charset=utf-8
cache-control: no-cache

11:35:52.563 [AsyncHttpClient-1-2] DEBUG org.asynchttpclient.netty.channel.ChannelManager - Adding key: http://localhost:39165 for channel [id: 0xa10b78a6, L:/127.0.0.1:61155 - R:localhost/127.0.0.1:39165]
11:35:52.576 [main] DEBUG net.thucydides.core.steps.StepInterceptor - STARTING STEP: InventoryPageSteps.test5_validateSortinLogicInFilter - chooseFilterLowToHigh
11:35:52.578 [Forwarding findElement on session b4c44b8ab3ec34df82fcca1e22294ffd to remote] DEBUG org.asynchttpclient.netty.request.NettyRequestSender - Using pooled Channel '[id: 0xa10b78a6, L:/127.0.0.1:61155 - R:localhost/127.0.0.1:39165]' for 'POST' to 'http://localhost:39165/session/b4c44b8ab3ec34df82fcca1e22294ffd/element'
11:35:52.578 [Forwarding findElement on session b4c44b8ab3ec34df82fcca1e22294ffd to remote] DEBUG org.asynchttpclient.netty.request.NettyRequestSender - Using open Channel [id: 0xa10b78a6, L:/127.0.0.1:61155 - R:localhost/127.0.0.1:39165] for POST '/session/b4c44b8ab3ec34df82fcca1e22294ffd/element'
11:35:52.586 [AsyncHttpClient-1-2] DEBUG org.asynchttpclient.netty.handler.HttpHandler - 

Request DefaultHttpRequest(decodeResult: success, version: HTTP/1.1)
POST /session/b4c44b8ab3ec34df82fcca1e22294ffd/element HTTP/1.1
User-Agent: selenium/4.8.0 (java windows)
Content-Length: 88
Content-Type: application/json; charset=utf-8
host: localhost:39165
accept: */*

Response DefaultHttpResponse(decodeResult: success, version: HTTP/1.1)
HTTP/1.1 200 OK
Content-Length: 95
Content-Type: application/json; charset=utf-8
cache-control: no-cache

11:35:52.586 [AsyncHttpClient-1-2] DEBUG org.asynchttpclient.netty.channel.ChannelManager - Adding key: http://localhost:39165 for channel [id: 0xa10b78a6, L:/127.0.0.1:61155 - R:localhost/127.0.0.1:39165]
11:35:52.590 [Forwarding isElementDisplayed on session b4c44b8ab3ec34df82fcca1e22294ffd to remote] DEBUG org.asynchttpclient.netty.request.NettyRequestSender - Using pooled Channel '[id: 0xa10b78a6, L:/127.0.0.1:61155 - R:localhost/127.0.0.1:39165]' for 'POST' to 'http://localhost:39165/session/b4c44b8ab3ec34df82fcca1e22294ffd/execute/sync'
11:35:52.590 [Forwarding isElementDisplayed on session b4c44b8ab3ec34df82fcca1e22294ffd to remote] DEBUG org.asynchttpclient.netty.request.NettyRequestSender - Using open Channel [id: 0xa10b78a6, L:/127.0.0.1:61155 - R:localhost/127.0.0.1:39165] for POST '/session/b4c44b8ab3ec34df82fcca1e22294ffd/execute/sync'
11:35:52.599 [AsyncHttpClient-1-2] DEBUG org.asynchttpclient.netty.handler.HttpHandler - 

Request DefaultHttpRequest(decodeResult: success, version: HTTP/1.1)
POST /session/b4c44b8ab3ec34df82fcca1e22294ffd/execute/sync HTTP/1.1
User-Agent: selenium/4.8.0 (java windows)
Content-Length: 48814
Content-Type: application/json; charset=utf-8
host: localhost:39165
accept: */*

Response DefaultHttpResponse(decodeResult: success, version: HTTP/1.1)
HTTP/1.1 200 OK
Content-Length: 14
Content-Type: application/json; charset=utf-8
cache-control: no-cache

11:35:52.599 [AsyncHttpClient-1-2] DEBUG org.asynchttpclient.netty.channel.ChannelManager - Adding key: http://localhost:39165 for channel [id: 0xa10b78a6, L:/127.0.0.1:61155 - R:localhost/127.0.0.1:39165]
11:35:52.599 [Forwarding getElementTagName on session b4c44b8ab3ec34df82fcca1e22294ffd to remote] DEBUG org.asynchttpclient.netty.request.NettyRequestSender - Using pooled Channel '[id: 0xa10b78a6, L:/127.0.0.1:61155 - R:localhost/127.0.0.1:39165]' for 'GET' to 'http://localhost:39165/session/b4c44b8ab3ec34df82fcca1e22294ffd/element/D6FCA329F55A989BAF0E516CCCB7C1E0_element_68/name'
11:35:52.601 [Forwarding getElementTagName on session b4c44b8ab3ec34df82fcca1e22294ffd to remote] DEBUG org.asynchttpclient.netty.request.NettyRequestSender - Using open Channel [id: 0xa10b78a6, L:/127.0.0.1:61155 - R:localhost/127.0.0.1:39165] for GET '/session/b4c44b8ab3ec34df82fcca1e22294ffd/element/D6FCA329F55A989BAF0E516CCCB7C1E0_element_68/name'
11:35:52.605 [AsyncHttpClient-1-2] DEBUG org.asynchttpclient.netty.handler.HttpHandler - 

Request DefaultFullHttpRequest(decodeResult: success, version: HTTP/1.1, content: EmptyByteBufBE)
GET /session/b4c44b8ab3ec34df82fcca1e22294ffd/element/D6FCA329F55A989BAF0E516CCCB7C1E0_element_68/name HTTP/1.1
User-Agent: selenium/4.8.0 (java windows)
Cache-Control: no-cache
Content-Type: application/json; charset=utf-8
host: localhost:39165
accept: */*

Response DefaultHttpResponse(decodeResult: success, version: HTTP/1.1)
HTTP/1.1 200 OK
Content-Length: 18
Content-Type: application/json; charset=utf-8
cache-control: no-cache

11:35:52.605 [AsyncHttpClient-1-2] DEBUG org.asynchttpclient.netty.channel.ChannelManager - Adding key: http://localhost:39165 for channel [id: 0xa10b78a6, L:/127.0.0.1:61155 - R:localhost/127.0.0.1:39165]
11:35:52.605 [Forwarding getElementDomAttribute on session b4c44b8ab3ec34df82fcca1e22294ffd to remote] DEBUG org.asynchttpclient.netty.request.NettyRequestSender - Using pooled Channel '[id: 0xa10b78a6, L:/127.0.0.1:61155 - R:localhost/127.0.0.1:39165]' for 'GET' to 'http://localhost:39165/session/b4c44b8ab3ec34df82fcca1e22294ffd/element/D6FCA329F55A989BAF0E516CCCB7C1E0_element_68/attribute/multiple'
11:35:52.605 [Forwarding getElementDomAttribute on session b4c44b8ab3ec34df82fcca1e22294ffd to remote] DEBUG org.asynchttpclient.netty.request.NettyRequestSender - Using open Channel [id: 0xa10b78a6, L:/127.0.0.1:61155 - R:localhost/127.0.0.1:39165] for GET '/session/b4c44b8ab3ec34df82fcca1e22294ffd/element/D6FCA329F55A989BAF0E516CCCB7C1E0_element_68/attribute/multiple'
11:35:52.609 [AsyncHttpClient-1-2] DEBUG org.asynchttpclient.netty.handler.HttpHandler - 

Request DefaultFullHttpRequest(decodeResult: success, version: HTTP/1.1, content: EmptyByteBufBE)
GET /session/b4c44b8ab3ec34df82fcca1e22294ffd/element/D6FCA329F55A989BAF0E516CCCB7C1E0_element_68/attribute/multiple HTTP/1.1
User-Agent: selenium/4.8.0 (java windows)
Cache-Control: no-cache
Content-Type: application/json; charset=utf-8
host: localhost:39165
accept: */*

Response DefaultHttpResponse(decodeResult: success, version: HTTP/1.1)
HTTP/1.1 200 OK
Content-Length: 14
Content-Type: application/json; charset=utf-8
cache-control: no-cache

11:35:52.609 [AsyncHttpClient-1-2] DEBUG org.asynchttpclient.netty.channel.ChannelManager - Adding key: http://localhost:39165 for channel [id: 0xa10b78a6, L:/127.0.0.1:61155 - R:localhost/127.0.0.1:39165]
11:35:52.610 [Forwarding isElementEnabled on session b4c44b8ab3ec34df82fcca1e22294ffd to remote] DEBUG org.asynchttpclient.netty.request.NettyRequestSender - Using pooled Channel '[id: 0xa10b78a6, L:/127.0.0.1:61155 - R:localhost/127.0.0.1:39165]' for 'GET' to 'http://localhost:39165/session/b4c44b8ab3ec34df82fcca1e22294ffd/element/D6FCA329F55A989BAF0E516CCCB7C1E0_element_68/enabled'
11:35:52.610 [Forwarding isElementEnabled on session b4c44b8ab3ec34df82fcca1e22294ffd to remote] DEBUG org.asynchttpclient.netty.request.NettyRequestSender - Using open Channel [id: 0xa10b78a6, L:/127.0.0.1:61155 - R:localhost/127.0.0.1:39165] for GET '/session/b4c44b8ab3ec34df82fcca1e22294ffd/element/D6FCA329F55A989BAF0E516CCCB7C1E0_element_68/enabled'
11:35:52.618 [AsyncHttpClient-1-2] DEBUG org.asynchttpclient.netty.handler.HttpHandler - 

Request DefaultFullHttpRequest(decodeResult: success, version: HTTP/1.1, content: EmptyByteBufBE)
GET /session/b4c44b8ab3ec34df82fcca1e22294ffd/element/D6FCA329F55A989BAF0E516CCCB7C1E0_element_68/enabled HTTP/1.1
User-Agent: selenium/4.8.0 (java windows)
Cache-Control: no-cache
Content-Type: application/json; charset=utf-8
host: localhost:39165
accept: */*

Response DefaultHttpResponse(decodeResult: success, version: HTTP/1.1)
HTTP/1.1 200 OK
Content-Length: 14
Content-Type: application/json; charset=utf-8
cache-control: no-cache

11:35:52.618 [AsyncHttpClient-1-2] DEBUG org.asynchttpclient.netty.channel.ChannelManager - Adding key: http://localhost:39165 for channel [id: 0xa10b78a6, L:/127.0.0.1:61155 - R:localhost/127.0.0.1:39165]
11:35:52.619 [Forwarding findChildElements on session b4c44b8ab3ec34df82fcca1e22294ffd to remote] DEBUG org.asynchttpclient.netty.request.NettyRequestSender - Using pooled Channel '[id: 0xa10b78a6, L:/127.0.0.1:61155 - R:localhost/127.0.0.1:39165]' for 'POST' to 'http://localhost:39165/session/b4c44b8ab3ec34df82fcca1e22294ffd/element/D6FCA329F55A989BAF0E516CCCB7C1E0_element_68/elements'
11:35:52.619 [Forwarding findChildElements on session b4c44b8ab3ec34df82fcca1e22294ffd to remote] DEBUG org.asynchttpclient.netty.request.NettyRequestSender - Using open Channel [id: 0xa10b78a6, L:/127.0.0.1:61155 - R:localhost/127.0.0.1:39165] for POST '/session/b4c44b8ab3ec34df82fcca1e22294ffd/element/D6FCA329F55A989BAF0E516CCCB7C1E0_element_68/elements'
11:35:52.625 [AsyncHttpClient-1-2] DEBUG org.asynchttpclient.netty.handler.HttpHandler - 

Request DefaultHttpRequest(decodeResult: success, version: HTTP/1.1)
POST /session/b4c44b8ab3ec34df82fcca1e22294ffd/element/D6FCA329F55A989BAF0E516CCCB7C1E0_element_68/elements HTTP/1.1
User-Agent: selenium/4.8.0 (java windows)
Content-Length: 101
Content-Type: application/json; charset=utf-8
host: localhost:39165
accept: */*

Response DefaultHttpResponse(decodeResult: success, version: HTTP/1.1)
HTTP/1.1 200 OK
Content-Length: 355
Content-Type: application/json; charset=utf-8
cache-control: no-cache

11:35:52.625 [AsyncHttpClient-1-2] DEBUG org.asynchttpclient.netty.channel.ChannelManager - Adding key: http://localhost:39165 for channel [id: 0xa10b78a6, L:/127.0.0.1:61155 - R:localhost/127.0.0.1:39165]
11:35:52.627 [Forwarding getElementAttribute on session b4c44b8ab3ec34df82fcca1e22294ffd to remote] DEBUG org.asynchttpclient.netty.request.NettyRequestSender - Using pooled Channel '[id: 0xa10b78a6, L:/127.0.0.1:61155 - R:localhost/127.0.0.1:39165]' for 'POST' to 'http://localhost:39165/session/b4c44b8ab3ec34df82fcca1e22294ffd/execute/sync'
11:35:52.627 [Forwarding getElementAttribute on session b4c44b8ab3ec34df82fcca1e22294ffd to remote] DEBUG org.asynchttpclient.netty.request.NettyRequestSender - Using open Channel [id: 0xa10b78a6, L:/127.0.0.1:61155 - R:localhost/127.0.0.1:39165] for POST '/session/b4c44b8ab3ec34df82fcca1e22294ffd/execute/sync'
11:35:52.641 [AsyncHttpClient-1-2] DEBUG org.asynchttpclient.netty.handler.HttpHandler - 

Request DefaultHttpRequest(decodeResult: success, version: HTTP/1.1)
POST /session/b4c44b8ab3ec34df82fcca1e22294ffd/execute/sync HTTP/1.1
User-Agent: selenium/4.8.0 (java windows)
Content-Length: 47375
Content-Type: application/json; charset=utf-8
host: localhost:39165
accept: */*

Response DefaultHttpResponse(decodeResult: success, version: HTTP/1.1)
HTTP/1.1 200 OK
Content-Length: 13
Content-Type: application/json; charset=utf-8
cache-control: no-cache

11:35:52.641 [AsyncHttpClient-1-2] DEBUG org.asynchttpclient.netty.channel.ChannelManager - Adding key: http://localhost:39165 for channel [id: 0xa10b78a6, L:/127.0.0.1:61155 - R:localhost/127.0.0.1:39165]
11:35:52.643 [Forwarding getElementAttribute on session b4c44b8ab3ec34df82fcca1e22294ffd to remote] DEBUG org.asynchttpclient.netty.request.NettyRequestSender - Using pooled Channel '[id: 0xa10b78a6, L:/127.0.0.1:61155 - R:localhost/127.0.0.1:39165]' for 'POST' to 'http://localhost:39165/session/b4c44b8ab3ec34df82fcca1e22294ffd/execute/sync'
11:35:52.643 [Forwarding getElementAttribute on session b4c44b8ab3ec34df82fcca1e22294ffd to remote] DEBUG org.asynchttpclient.netty.request.NettyRequestSender - Using open Channel [id: 0xa10b78a6, L:/127.0.0.1:61155 - R:localhost/127.0.0.1:39165] for POST '/session/b4c44b8ab3ec34df82fcca1e22294ffd/execute/sync'
11:35:52.651 [AsyncHttpClient-1-2] DEBUG org.asynchttpclient.netty.handler.HttpHandler - 

Request DefaultHttpRequest(decodeResult: success, version: HTTP/1.1)
POST /session/b4c44b8ab3ec34df82fcca1e22294ffd/execute/sync HTTP/1.1
User-Agent: selenium/4.8.0 (java windows)
Content-Length: 47375
Content-Type: application/json; charset=utf-8
host: localhost:39165
accept: */*

Response DefaultHttpResponse(decodeResult: success, version: HTTP/1.1)
HTTP/1.1 200 OK
Content-Length: 13
Content-Type: application/json; charset=utf-8
cache-control: no-cache

11:35:52.651 [AsyncHttpClient-1-2] DEBUG org.asynchttpclient.netty.channel.ChannelManager - Adding key: http://localhost:39165 for channel [id: 0xa10b78a6, L:/127.0.0.1:61155 - R:localhost/127.0.0.1:39165]
11:35:52.653 [Forwarding getElementAttribute on session b4c44b8ab3ec34df82fcca1e22294ffd to remote] DEBUG org.asynchttpclient.netty.request.NettyRequestSender - Using pooled Channel '[id: 0xa10b78a6, L:/127.0.0.1:61155 - R:localhost/127.0.0.1:39165]' for 'POST' to 'http://localhost:39165/session/b4c44b8ab3ec34df82fcca1e22294ffd/execute/sync'
11:35:52.653 [Forwarding getElementAttribute on session b4c44b8ab3ec34df82fcca1e22294ffd to remote] DEBUG org.asynchttpclient.netty.request.NettyRequestSender - Using open Channel [id: 0xa10b78a6, L:/127.0.0.1:61155 - R:localhost/127.0.0.1:39165] for POST '/session/b4c44b8ab3ec34df82fcca1e22294ffd/execute/sync'
11:35:52.663 [AsyncHttpClient-1-2] DEBUG org.asynchttpclient.netty.handler.HttpHandler - 

Request DefaultHttpRequest(decodeResult: success, version: HTTP/1.1)
POST /session/b4c44b8ab3ec34df82fcca1e22294ffd/execute/sync HTTP/1.1
User-Agent: selenium/4.8.0 (java windows)
Content-Length: 47375
Content-Type: application/json; charset=utf-8
host: localhost:39165
accept: */*

Response DefaultHttpResponse(decodeResult: success, version: HTTP/1.1)
HTTP/1.1 200 OK
Content-Length: 13
Content-Type: application/json; charset=utf-8
cache-control: no-cache

11:35:52.663 [AsyncHttpClient-1-2] DEBUG org.asynchttpclient.netty.channel.ChannelManager - Adding key: http://localhost:39165 for channel [id: 0xa10b78a6, L:/127.0.0.1:61155 - R:localhost/127.0.0.1:39165]
11:35:52.666 [Forwarding getElementAttribute on session b4c44b8ab3ec34df82fcca1e22294ffd to remote] DEBUG org.asynchttpclient.netty.request.NettyRequestSender - Using pooled Channel '[id: 0xa10b78a6, L:/127.0.0.1:61155 - R:localhost/127.0.0.1:39165]' for 'POST' to 'http://localhost:39165/session/b4c44b8ab3ec34df82fcca1e22294ffd/execute/sync'
11:35:52.667 [Forwarding getElementAttribute on session b4c44b8ab3ec34df82fcca1e22294ffd to remote] DEBUG org.asynchttpclient.netty.request.NettyRequestSender - Using open Channel [id: 0xa10b78a6, L:/127.0.0.1:61155 - R:localhost/127.0.0.1:39165] for POST '/session/b4c44b8ab3ec34df82fcca1e22294ffd/execute/sync'
11:35:52.675 [AsyncHttpClient-1-2] DEBUG org.asynchttpclient.netty.handler.HttpHandler - 

Request DefaultHttpRequest(decodeResult: success, version: HTTP/1.1)
POST /session/b4c44b8ab3ec34df82fcca1e22294ffd/execute/sync HTTP/1.1
User-Agent: selenium/4.8.0 (java windows)
Content-Length: 47375
Content-Type: application/json; charset=utf-8
host: localhost:39165
accept: */*

Response DefaultHttpResponse(decodeResult: success, version: HTTP/1.1)
HTTP/1.1 200 OK
Content-Length: 13
Content-Type: application/json; charset=utf-8
cache-control: no-cache

11:35:52.675 [AsyncHttpClient-1-2] DEBUG org.asynchttpclient.netty.channel.ChannelManager - Adding key: http://localhost:39165 for channel [id: 0xa10b78a6, L:/127.0.0.1:61155 - R:localhost/127.0.0.1:39165]
11:35:52.676 [Forwarding isElementEnabled on session b4c44b8ab3ec34df82fcca1e22294ffd to remote] DEBUG org.asynchttpclient.netty.request.NettyRequestSender - Using pooled Channel '[id: 0xa10b78a6, L:/127.0.0.1:61155 - R:localhost/127.0.0.1:39165]' for 'GET' to 'http://localhost:39165/session/b4c44b8ab3ec34df82fcca1e22294ffd/element/D6FCA329F55A989BAF0E516CCCB7C1E0_element_76/enabled'
11:35:52.676 [Forwarding isElementEnabled on session b4c44b8ab3ec34df82fcca1e22294ffd to remote] DEBUG org.asynchttpclient.netty.request.NettyRequestSender - Using open Channel [id: 0xa10b78a6, L:/127.0.0.1:61155 - R:localhost/127.0.0.1:39165] for GET '/session/b4c44b8ab3ec34df82fcca1e22294ffd/element/D6FCA329F55A989BAF0E516CCCB7C1E0_element_76/enabled'
11:35:52.683 [AsyncHttpClient-1-2] DEBUG org.asynchttpclient.netty.handler.HttpHandler - 

Request DefaultFullHttpRequest(decodeResult: success, version: HTTP/1.1, content: EmptyByteBufBE)
GET /session/b4c44b8ab3ec34df82fcca1e22294ffd/element/D6FCA329F55A989BAF0E516CCCB7C1E0_element_76/enabled HTTP/1.1
User-Agent: selenium/4.8.0 (java windows)
Cache-Control: no-cache
Content-Type: application/json; charset=utf-8
host: localhost:39165
accept: */*

Response DefaultHttpResponse(decodeResult: success, version: HTTP/1.1)
HTTP/1.1 200 OK
Content-Length: 14
Content-Type: application/json; charset=utf-8
cache-control: no-cache

11:35:52.683 [AsyncHttpClient-1-2] DEBUG org.asynchttpclient.netty.channel.ChannelManager - Adding key: http://localhost:39165 for channel [id: 0xa10b78a6, L:/127.0.0.1:61155 - R:localhost/127.0.0.1:39165]
11:35:52.684 [Forwarding isElementSelected on session b4c44b8ab3ec34df82fcca1e22294ffd to remote] DEBUG org.asynchttpclient.netty.request.NettyRequestSender - Using pooled Channel '[id: 0xa10b78a6, L:/127.0.0.1:61155 - R:localhost/127.0.0.1:39165]' for 'GET' to 'http://localhost:39165/session/b4c44b8ab3ec34df82fcca1e22294ffd/element/D6FCA329F55A989BAF0E516CCCB7C1E0_element_76/selected'
11:35:52.684 [Forwarding isElementSelected on session b4c44b8ab3ec34df82fcca1e22294ffd to remote] DEBUG org.asynchttpclient.netty.request.NettyRequestSender - Using open Channel [id: 0xa10b78a6, L:/127.0.0.1:61155 - R:localhost/127.0.0.1:39165] for GET '/session/b4c44b8ab3ec34df82fcca1e22294ffd/element/D6FCA329F55A989BAF0E516CCCB7C1E0_element_76/selected'
11:35:52.691 [AsyncHttpClient-1-2] DEBUG org.asynchttpclient.netty.handler.HttpHandler - 

Request DefaultFullHttpRequest(decodeResult: success, version: HTTP/1.1, content: EmptyByteBufBE)
GET /session/b4c44b8ab3ec34df82fcca1e22294ffd/element/D6FCA329F55A989BAF0E516CCCB7C1E0_element_76/selected HTTP/1.1
User-Agent: selenium/4.8.0 (java windows)
Cache-Control: no-cache
Content-Type: application/json; charset=utf-8
host: localhost:39165
accept: */*

Response DefaultHttpResponse(decodeResult: success, version: HTTP/1.1)
HTTP/1.1 200 OK
Content-Length: 15
Content-Type: application/json; charset=utf-8
cache-control: no-cache

11:35:52.691 [AsyncHttpClient-1-2] DEBUG org.asynchttpclient.netty.channel.ChannelManager - Adding key: http://localhost:39165 for channel [id: 0xa10b78a6, L:/127.0.0.1:61155 - R:localhost/127.0.0.1:39165]
11:35:52.693 [Forwarding clickElement on session b4c44b8ab3ec34df82fcca1e22294ffd to remote] DEBUG org.asynchttpclient.netty.request.NettyRequestSender - Using pooled Channel '[id: 0xa10b78a6, L:/127.0.0.1:61155 - R:localhost/127.0.0.1:39165]' for 'POST' to 'http://localhost:39165/session/b4c44b8ab3ec34df82fcca1e22294ffd/element/D6FCA329F55A989BAF0E516CCCB7C1E0_element_76/click'
11:35:52.693 [Forwarding clickElement on session b4c44b8ab3ec34df82fcca1e22294ffd to remote] DEBUG org.asynchttpclient.netty.request.NettyRequestSender - Using open Channel [id: 0xa10b78a6, L:/127.0.0.1:61155 - R:localhost/127.0.0.1:39165] for POST '/session/b4c44b8ab3ec34df82fcca1e22294ffd/element/D6FCA329F55A989BAF0E516CCCB7C1E0_element_76/click'
11:35:52.722 [AsyncHttpClient-1-2] DEBUG org.asynchttpclient.netty.handler.HttpHandler - 

Request DefaultHttpRequest(decodeResult: success, version: HTTP/1.1)
POST /session/b4c44b8ab3ec34df82fcca1e22294ffd/element/D6FCA329F55A989BAF0E516CCCB7C1E0_element_76/click HTTP/1.1
User-Agent: selenium/4.8.0 (java windows)
Content-Length: 57
Content-Type: application/json; charset=utf-8
host: localhost:39165
accept: */*

Response DefaultHttpResponse(decodeResult: success, version: HTTP/1.1)
HTTP/1.1 200 OK
Content-Length: 14
Content-Type: application/json; charset=utf-8
cache-control: no-cache

11:35:52.722 [AsyncHttpClient-1-2] DEBUG org.asynchttpclient.netty.channel.ChannelManager - Adding key: http://localhost:39165 for channel [id: 0xa10b78a6, L:/127.0.0.1:61155 - R:localhost/127.0.0.1:39165]
11:35:52.726 [main] INFO  com.swaglabs.base.SetUp - filter low to high
11:35:52.738 [Forwarding getAlertText on session b4c44b8ab3ec34df82fcca1e22294ffd to remote] DEBUG org.asynchttpclient.netty.request.NettyRequestSender - Using pooled Channel '[id: 0xa10b78a6, L:/127.0.0.1:61155 - R:localhost/127.0.0.1:39165]' for 'GET' to 'http://localhost:39165/session/b4c44b8ab3ec34df82fcca1e22294ffd/alert/text'
11:35:52.738 [Forwarding getAlertText on session b4c44b8ab3ec34df82fcca1e22294ffd to remote] DEBUG org.asynchttpclient.netty.request.NettyRequestSender - Using open Channel [id: 0xa10b78a6, L:/127.0.0.1:61155 - R:localhost/127.0.0.1:39165] for GET '/session/b4c44b8ab3ec34df82fcca1e22294ffd/alert/text'
11:35:52.740 [AsyncHttpClient-1-2] DEBUG org.asynchttpclient.netty.handler.HttpHandler - 

Request DefaultFullHttpRequest(decodeResult: success, version: HTTP/1.1, content: EmptyByteBufBE)
GET /session/b4c44b8ab3ec34df82fcca1e22294ffd/alert/text HTTP/1.1
User-Agent: selenium/4.8.0 (java windows)
Cache-Control: no-cache
Content-Type: application/json; charset=utf-8
host: localhost:39165
accept: */*

Response DefaultHttpResponse(decodeResult: success, version: HTTP/1.1)
HTTP/1.1 404 Not Found
Content-Length: 1522
Content-Type: application/json; charset=utf-8
cache-control: no-cache

11:35:52.740 [AsyncHttpClient-1-2] DEBUG org.asynchttpclient.netty.channel.ChannelManager - Adding key: http://localhost:39165 for channel [id: 0xa10b78a6, L:/127.0.0.1:61155 - R:localhost/127.0.0.1:39165]
11:35:52.741 [Forwarding getCurrentUrl on session b4c44b8ab3ec34df82fcca1e22294ffd to remote] DEBUG org.asynchttpclient.netty.request.NettyRequestSender - Using pooled Channel '[id: 0xa10b78a6, L:/127.0.0.1:61155 - R:localhost/127.0.0.1:39165]' for 'GET' to 'http://localhost:39165/session/b4c44b8ab3ec34df82fcca1e22294ffd/url'
11:35:52.741 [Forwarding getCurrentUrl on session b4c44b8ab3ec34df82fcca1e22294ffd to remote] DEBUG org.asynchttpclient.netty.request.NettyRequestSender - Using open Channel [id: 0xa10b78a6, L:/127.0.0.1:61155 - R:localhost/127.0.0.1:39165] for GET '/session/b4c44b8ab3ec34df82fcca1e22294ffd/url'
11:35:52.746 [AsyncHttpClient-1-2] DEBUG org.asynchttpclient.netty.handler.HttpHandler - 

Request DefaultFullHttpRequest(decodeResult: success, version: HTTP/1.1, content: EmptyByteBufBE)
GET /session/b4c44b8ab3ec34df82fcca1e22294ffd/url HTTP/1.1
User-Agent: selenium/4.8.0 (java windows)
Cache-Control: no-cache
Content-Type: application/json; charset=utf-8
host: localhost:39165
accept: */*

Response DefaultHttpResponse(decodeResult: success, version: HTTP/1.1)
HTTP/1.1 200 OK
Content-Length: 52
Content-Type: application/json; charset=utf-8
cache-control: no-cache

11:35:52.750 [AsyncHttpClient-1-2] DEBUG org.asynchttpclient.netty.channel.ChannelManager - Adding key: http://localhost:39165 for channel [id: 0xa10b78a6, L:/127.0.0.1:61155 - R:localhost/127.0.0.1:39165]
11:35:52.751 [Forwarding screenshot on session b4c44b8ab3ec34df82fcca1e22294ffd to remote] DEBUG org.asynchttpclient.netty.request.NettyRequestSender - Using pooled Channel '[id: 0xa10b78a6, L:/127.0.0.1:61155 - R:localhost/127.0.0.1:39165]' for 'GET' to 'http://localhost:39165/session/b4c44b8ab3ec34df82fcca1e22294ffd/screenshot'
11:35:52.751 [Forwarding screenshot on session b4c44b8ab3ec34df82fcca1e22294ffd to remote] DEBUG org.asynchttpclient.netty.request.NettyRequestSender - Using open Channel [id: 0xa10b78a6, L:/127.0.0.1:61155 - R:localhost/127.0.0.1:39165] for GET '/session/b4c44b8ab3ec34df82fcca1e22294ffd/screenshot'
11:35:52.961 [AsyncHttpClient-1-2] DEBUG org.asynchttpclient.netty.handler.HttpHandler - 

Request DefaultFullHttpRequest(decodeResult: success, version: HTTP/1.1, content: EmptyByteBufBE)
GET /session/b4c44b8ab3ec34df82fcca1e22294ffd/screenshot HTTP/1.1
User-Agent: selenium/4.8.0 (java windows)
Cache-Control: no-cache
Content-Type: application/json; charset=utf-8
host: localhost:39165
accept: */*

Response DefaultHttpResponse(decodeResult: success, version: HTTP/1.1)
HTTP/1.1 200 OK
Content-Length: 531956
Content-Type: application/json; charset=utf-8
cache-control: no-cache

11:35:52.962 [AsyncHttpClient-1-2] DEBUG org.asynchttpclient.netty.channel.ChannelManager - Adding key: http://localhost:39165 for channel [id: 0xa10b78a6, L:/127.0.0.1:61155 - R:localhost/127.0.0.1:39165]
11:35:52.981 [main] DEBUG net.serenitybdd.core.photography.Darkroom - Send negative for processing for target\site\serenity\7c32a03377b9ed2fb47057043fb3f36c1a0fa0b8dd7eed437c9fd62e01b71db8.png
11:35:52.981 [main] DEBUG net.thucydides.core.steps.StepInterceptor - STEP DONE: chooseFilterLowToHigh
11:35:52.987 [Darkroom Processing Line] DEBUG net.serenitybdd.core.photography.DarkroomProcessingLine - Processing screenshot image in /var/screenshots/screenshot-10945568132012586136
11:35:52.987 [Darkroom Processing Line] DEBUG net.serenitybdd.core.photography.DarkroomProcessingLine - Saving screenshot to target\site\serenity\7c32a03377b9ed2fb47057043fb3f36c1a0fa0b8dd7eed437c9fd62e01b71db8.png
11:35:52.988 [Forwarding getPageSource on session b4c44b8ab3ec34df82fcca1e22294ffd to remote] DEBUG org.asynchttpclient.netty.request.NettyRequestSender - Using pooled Channel '[id: 0xa10b78a6, L:/127.0.0.1:61155 - R:localhost/127.0.0.1:39165]' for 'POST' to 'http://localhost:39165/session/b4c44b8ab3ec34df82fcca1e22294ffd/execute/sync'
11:35:52.988 [Forwarding getPageSource on session b4c44b8ab3ec34df82fcca1e22294ffd to remote] DEBUG org.asynchttpclient.netty.request.NettyRequestSender - Using open Channel [id: 0xa10b78a6, L:/127.0.0.1:61155 - R:localhost/127.0.0.1:39165] for POST '/session/b4c44b8ab3ec34df82fcca1e22294ffd/execute/sync'
11:35:52.999 [AsyncHttpClient-1-2] DEBUG org.asynchttpclient.netty.handler.HttpHandler - 

Request DefaultHttpRequest(decodeResult: success, version: HTTP/1.1)
POST /session/b4c44b8ab3ec34df82fcca1e22294ffd/execute/sync HTTP/1.1
User-Agent: selenium/4.8.0 (java windows)
Content-Length: 176
Content-Type: application/json; charset=utf-8
host: localhost:39165
accept: */*

Response DefaultHttpResponse(decodeResult: success, version: HTTP/1.1)
HTTP/1.1 200 OK
Content-Length: 16398
Content-Type: application/json; charset=utf-8
cache-control: no-cache

11:35:52.999 [AsyncHttpClient-1-2] DEBUG org.asynchttpclient.netty.channel.ChannelManager - Adding key: http://localhost:39165 for channel [id: 0xa10b78a6, L:/127.0.0.1:61155 - R:localhost/127.0.0.1:39165]
11:35:53.005 [Forwarding getCurrentUrl on session b4c44b8ab3ec34df82fcca1e22294ffd to remote] DEBUG org.asynchttpclient.netty.request.NettyRequestSender - Using pooled Channel '[id: 0xa10b78a6, L:/127.0.0.1:61155 - R:localhost/127.0.0.1:39165]' for 'GET' to 'http://localhost:39165/session/b4c44b8ab3ec34df82fcca1e22294ffd/url'
11:35:53.006 [Forwarding getCurrentUrl on session b4c44b8ab3ec34df82fcca1e22294ffd to remote] DEBUG org.asynchttpclient.netty.request.NettyRequestSender - Using open Channel [id: 0xa10b78a6, L:/127.0.0.1:61155 - R:localhost/127.0.0.1:39165] for GET '/session/b4c44b8ab3ec34df82fcca1e22294ffd/url'
11:35:53.011 [AsyncHttpClient-1-2] DEBUG org.asynchttpclient.netty.handler.HttpHandler - 

Request DefaultFullHttpRequest(decodeResult: success, version: HTTP/1.1, content: EmptyByteBufBE)
GET /session/b4c44b8ab3ec34df82fcca1e22294ffd/url HTTP/1.1
User-Agent: selenium/4.8.0 (java windows)
Cache-Control: no-cache
Content-Type: application/json; charset=utf-8
host: localhost:39165
accept: */*

Response DefaultHttpResponse(decodeResult: success, version: HTTP/1.1)
HTTP/1.1 200 OK
Content-Length: 52
Content-Type: application/json; charset=utf-8
cache-control: no-cache

11:35:53.011 [AsyncHttpClient-1-2] DEBUG org.asynchttpclient.netty.channel.ChannelManager - Adding key: http://localhost:39165 for channel [id: 0xa10b78a6, L:/127.0.0.1:61155 - R:localhost/127.0.0.1:39165]
11:35:53.022 [main] DEBUG net.thucydides.core.steps.StepInterceptor - STARTING STEP: InventoryPageSteps.test5_validateSortinLogicInFilter - validateProductsPricesHighToLow
11:35:53.022 [Forwarding findElements on session b4c44b8ab3ec34df82fcca1e22294ffd to remote] DEBUG org.asynchttpclient.netty.request.NettyRequestSender - Using pooled Channel '[id: 0xa10b78a6, L:/127.0.0.1:61155 - R:localhost/127.0.0.1:39165]' for 'POST' to 'http://localhost:39165/session/b4c44b8ab3ec34df82fcca1e22294ffd/elements'
11:35:53.022 [Forwarding findElements on session b4c44b8ab3ec34df82fcca1e22294ffd to remote] DEBUG org.asynchttpclient.netty.request.NettyRequestSender - Using open Channel [id: 0xa10b78a6, L:/127.0.0.1:61155 - R:localhost/127.0.0.1:39165] for POST '/session/b4c44b8ab3ec34df82fcca1e22294ffd/elements'
11:35:53.032 [AsyncHttpClient-1-2] DEBUG org.asynchttpclient.netty.handler.HttpHandler - 

Request DefaultHttpRequest(decodeResult: success, version: HTTP/1.1)
POST /session/b4c44b8ab3ec34df82fcca1e22294ffd/elements HTTP/1.1
User-Agent: selenium/4.8.0 (java windows)
Content-Length: 83
Content-Type: application/json; charset=utf-8
host: localhost:39165
accept: */*

Response DefaultHttpResponse(decodeResult: success, version: HTTP/1.1)
HTTP/1.1 200 OK
Content-Length: 527
Content-Type: application/json; charset=utf-8
cache-control: no-cache

11:35:53.032 [AsyncHttpClient-1-2] DEBUG org.asynchttpclient.netty.channel.ChannelManager - Adding key: http://localhost:39165 for channel [id: 0xa10b78a6, L:/127.0.0.1:61155 - R:localhost/127.0.0.1:39165]
11:35:53.033 [Forwarding findElements on session b4c44b8ab3ec34df82fcca1e22294ffd to remote] DEBUG org.asynchttpclient.netty.request.NettyRequestSender - Using pooled Channel '[id: 0xa10b78a6, L:/127.0.0.1:61155 - R:localhost/127.0.0.1:39165]' for 'POST' to 'http://localhost:39165/session/b4c44b8ab3ec34df82fcca1e22294ffd/elements'
11:35:53.033 [Forwarding findElements on session b4c44b8ab3ec34df82fcca1e22294ffd to remote] DEBUG org.asynchttpclient.netty.request.NettyRequestSender - Using open Channel [id: 0xa10b78a6, L:/127.0.0.1:61155 - R:localhost/127.0.0.1:39165] for POST '/session/b4c44b8ab3ec34df82fcca1e22294ffd/elements'
11:35:53.044 [AsyncHttpClient-1-2] DEBUG org.asynchttpclient.netty.handler.HttpHandler - 

Request DefaultHttpRequest(decodeResult: success, version: HTTP/1.1)
POST /session/b4c44b8ab3ec34df82fcca1e22294ffd/elements HTTP/1.1
User-Agent: selenium/4.8.0 (java windows)
Content-Length: 83
Content-Type: application/json; charset=utf-8
host: localhost:39165
accept: */*

Response DefaultHttpResponse(decodeResult: success, version: HTTP/1.1)
HTTP/1.1 200 OK
Content-Length: 527
Content-Type: application/json; charset=utf-8
cache-control: no-cache

11:35:53.044 [AsyncHttpClient-1-2] DEBUG org.asynchttpclient.netty.channel.ChannelManager - Adding key: http://localhost:39165 for channel [id: 0xa10b78a6, L:/127.0.0.1:61155 - R:localhost/127.0.0.1:39165]
11:35:53.046 [Forwarding getElementText on session b4c44b8ab3ec34df82fcca1e22294ffd to remote] DEBUG org.asynchttpclient.netty.request.NettyRequestSender - Using pooled Channel '[id: 0xa10b78a6, L:/127.0.0.1:61155 - R:localhost/127.0.0.1:39165]' for 'GET' to 'http://localhost:39165/session/b4c44b8ab3ec34df82fcca1e22294ffd/element/D6FCA329F55A989BAF0E516CCCB7C1E0_element_39/text'
11:35:53.046 [Forwarding getElementText on session b4c44b8ab3ec34df82fcca1e22294ffd to remote] DEBUG org.asynchttpclient.netty.request.NettyRequestSender - Using open Channel [id: 0xa10b78a6, L:/127.0.0.1:61155 - R:localhost/127.0.0.1:39165] for GET '/session/b4c44b8ab3ec34df82fcca1e22294ffd/element/D6FCA329F55A989BAF0E516CCCB7C1E0_element_39/text'
11:35:53.057 [AsyncHttpClient-1-2] DEBUG org.asynchttpclient.netty.handler.HttpHandler - 

Request DefaultFullHttpRequest(decodeResult: success, version: HTTP/1.1, content: EmptyByteBufBE)
GET /session/b4c44b8ab3ec34df82fcca1e22294ffd/element/D6FCA329F55A989BAF0E516CCCB7C1E0_element_39/text HTTP/1.1
User-Agent: selenium/4.8.0 (java windows)
Cache-Control: no-cache
Content-Type: application/json; charset=utf-8
host: localhost:39165
accept: */*

Response DefaultHttpResponse(decodeResult: success, version: HTTP/1.1)
HTTP/1.1 200 OK
Content-Length: 18
Content-Type: application/json; charset=utf-8
cache-control: no-cache

11:35:53.057 [AsyncHttpClient-1-2] DEBUG org.asynchttpclient.netty.channel.ChannelManager - Adding key: http://localhost:39165 for channel [id: 0xa10b78a6, L:/127.0.0.1:61155 - R:localhost/127.0.0.1:39165]
11:35:53.058 [Forwarding findElements on session b4c44b8ab3ec34df82fcca1e22294ffd to remote] DEBUG org.asynchttpclient.netty.request.NettyRequestSender - Using pooled Channel '[id: 0xa10b78a6, L:/127.0.0.1:61155 - R:localhost/127.0.0.1:39165]' for 'POST' to 'http://localhost:39165/session/b4c44b8ab3ec34df82fcca1e22294ffd/elements'
11:35:53.058 [Forwarding findElements on session b4c44b8ab3ec34df82fcca1e22294ffd to remote] DEBUG org.asynchttpclient.netty.request.NettyRequestSender - Using open Channel [id: 0xa10b78a6, L:/127.0.0.1:61155 - R:localhost/127.0.0.1:39165] for POST '/session/b4c44b8ab3ec34df82fcca1e22294ffd/elements'
11:35:53.064 [AsyncHttpClient-1-2] DEBUG org.asynchttpclient.netty.handler.HttpHandler - 

Request DefaultHttpRequest(decodeResult: success, version: HTTP/1.1)
POST /session/b4c44b8ab3ec34df82fcca1e22294ffd/elements HTTP/1.1
User-Agent: selenium/4.8.0 (java windows)
Content-Length: 83
Content-Type: application/json; charset=utf-8
host: localhost:39165
accept: */*

Response DefaultHttpResponse(decodeResult: success, version: HTTP/1.1)
HTTP/1.1 200 OK
Content-Length: 527
Content-Type: application/json; charset=utf-8
cache-control: no-cache

11:35:53.064 [AsyncHttpClient-1-2] DEBUG org.asynchttpclient.netty.channel.ChannelManager - Adding key: http://localhost:39165 for channel [id: 0xa10b78a6, L:/127.0.0.1:61155 - R:localhost/127.0.0.1:39165]
11:35:53.065 [Forwarding getElementText on session b4c44b8ab3ec34df82fcca1e22294ffd to remote] DEBUG org.asynchttpclient.netty.request.NettyRequestSender - Using pooled Channel '[id: 0xa10b78a6, L:/127.0.0.1:61155 - R:localhost/127.0.0.1:39165]' for 'GET' to 'http://localhost:39165/session/b4c44b8ab3ec34df82fcca1e22294ffd/element/D6FCA329F55A989BAF0E516CCCB7C1E0_element_39/text'
11:35:53.065 [Forwarding getElementText on session b4c44b8ab3ec34df82fcca1e22294ffd to remote] DEBUG org.asynchttpclient.netty.request.NettyRequestSender - Using open Channel [id: 0xa10b78a6, L:/127.0.0.1:61155 - R:localhost/127.0.0.1:39165] for GET '/session/b4c44b8ab3ec34df82fcca1e22294ffd/element/D6FCA329F55A989BAF0E516CCCB7C1E0_element_39/text'
11:35:53.072 [AsyncHttpClient-1-2] DEBUG org.asynchttpclient.netty.handler.HttpHandler - 

Request DefaultFullHttpRequest(decodeResult: success, version: HTTP/1.1, content: EmptyByteBufBE)
GET /session/b4c44b8ab3ec34df82fcca1e22294ffd/element/D6FCA329F55A989BAF0E516CCCB7C1E0_element_39/text HTTP/1.1
User-Agent: selenium/4.8.0 (java windows)
Cache-Control: no-cache
Content-Type: application/json; charset=utf-8
host: localhost:39165
accept: */*

Response DefaultHttpResponse(decodeResult: success, version: HTTP/1.1)
HTTP/1.1 200 OK
Content-Length: 18
Content-Type: application/json; charset=utf-8
cache-control: no-cache

11:35:53.072 [AsyncHttpClient-1-2] DEBUG org.asynchttpclient.netty.channel.ChannelManager - Adding key: http://localhost:39165 for channel [id: 0xa10b78a6, L:/127.0.0.1:61155 - R:localhost/127.0.0.1:39165]
11:35:53.074 [Forwarding findElements on session b4c44b8ab3ec34df82fcca1e22294ffd to remote] DEBUG org.asynchttpclient.netty.request.NettyRequestSender - Using pooled Channel '[id: 0xa10b78a6, L:/127.0.0.1:61155 - R:localhost/127.0.0.1:39165]' for 'POST' to 'http://localhost:39165/session/b4c44b8ab3ec34df82fcca1e22294ffd/elements'
11:35:53.074 [Forwarding findElements on session b4c44b8ab3ec34df82fcca1e22294ffd to remote] DEBUG org.asynchttpclient.netty.request.NettyRequestSender - Using open Channel [id: 0xa10b78a6, L:/127.0.0.1:61155 - R:localhost/127.0.0.1:39165] for POST '/session/b4c44b8ab3ec34df82fcca1e22294ffd/elements'
11:35:53.081 [AsyncHttpClient-1-2] DEBUG org.asynchttpclient.netty.handler.HttpHandler - 

Request DefaultHttpRequest(decodeResult: success, version: HTTP/1.1)
POST /session/b4c44b8ab3ec34df82fcca1e22294ffd/elements HTTP/1.1
User-Agent: selenium/4.8.0 (java windows)
Content-Length: 83
Content-Type: application/json; charset=utf-8
host: localhost:39165
accept: */*

Response DefaultHttpResponse(decodeResult: success, version: HTTP/1.1)
HTTP/1.1 200 OK
Content-Length: 527
Content-Type: application/json; charset=utf-8
cache-control: no-cache

11:35:53.081 [AsyncHttpClient-1-2] DEBUG org.asynchttpclient.netty.channel.ChannelManager - Adding key: http://localhost:39165 for channel [id: 0xa10b78a6, L:/127.0.0.1:61155 - R:localhost/127.0.0.1:39165]
11:35:53.081 [Forwarding getElementTagName on session b4c44b8ab3ec34df82fcca1e22294ffd to remote] DEBUG org.asynchttpclient.netty.request.NettyRequestSender - Using pooled Channel '[id: 0xa10b78a6, L:/127.0.0.1:61155 - R:localhost/127.0.0.1:39165]' for 'GET' to 'http://localhost:39165/session/b4c44b8ab3ec34df82fcca1e22294ffd/element/D6FCA329F55A989BAF0E516CCCB7C1E0_element_39/name'
11:35:53.081 [Forwarding getElementTagName on session b4c44b8ab3ec34df82fcca1e22294ffd to remote] DEBUG org.asynchttpclient.netty.request.NettyRequestSender - Using open Channel [id: 0xa10b78a6, L:/127.0.0.1:61155 - R:localhost/127.0.0.1:39165] for GET '/session/b4c44b8ab3ec34df82fcca1e22294ffd/element/D6FCA329F55A989BAF0E516CCCB7C1E0_element_39/name'
11:35:53.087 [AsyncHttpClient-1-2] DEBUG org.asynchttpclient.netty.handler.HttpHandler - 

Request DefaultFullHttpRequest(decodeResult: success, version: HTTP/1.1, content: EmptyByteBufBE)
GET /session/b4c44b8ab3ec34df82fcca1e22294ffd/element/D6FCA329F55A989BAF0E516CCCB7C1E0_element_39/name HTTP/1.1
User-Agent: selenium/4.8.0 (java windows)
Cache-Control: no-cache
Content-Type: application/json; charset=utf-8
host: localhost:39165
accept: */*

Response DefaultHttpResponse(decodeResult: success, version: HTTP/1.1)
HTTP/1.1 200 OK
Content-Length: 15
Content-Type: application/json; charset=utf-8
cache-control: no-cache

11:35:53.087 [AsyncHttpClient-1-2] DEBUG org.asynchttpclient.netty.channel.ChannelManager - Adding key: http://localhost:39165 for channel [id: 0xa10b78a6, L:/127.0.0.1:61155 - R:localhost/127.0.0.1:39165]
11:35:53.089 [Forwarding getElementAttribute on session b4c44b8ab3ec34df82fcca1e22294ffd to remote] DEBUG org.asynchttpclient.netty.request.NettyRequestSender - Using pooled Channel '[id: 0xa10b78a6, L:/127.0.0.1:61155 - R:localhost/127.0.0.1:39165]' for 'POST' to 'http://localhost:39165/session/b4c44b8ab3ec34df82fcca1e22294ffd/execute/sync'
11:35:53.089 [Forwarding getElementAttribute on session b4c44b8ab3ec34df82fcca1e22294ffd to remote] DEBUG org.asynchttpclient.netty.request.NettyRequestSender - Using open Channel [id: 0xa10b78a6, L:/127.0.0.1:61155 - R:localhost/127.0.0.1:39165] for POST '/session/b4c44b8ab3ec34df82fcca1e22294ffd/execute/sync'
11:35:53.097 [AsyncHttpClient-1-2] DEBUG org.asynchttpclient.netty.handler.HttpHandler - 

Request DefaultHttpRequest(decodeResult: success, version: HTTP/1.1)
POST /session/b4c44b8ab3ec34df82fcca1e22294ffd/execute/sync HTTP/1.1
User-Agent: selenium/4.8.0 (java windows)
Content-Length: 47372
Content-Type: application/json; charset=utf-8
host: localhost:39165
accept: */*

Response DefaultHttpResponse(decodeResult: success, version: HTTP/1.1)
HTTP/1.1 200 OK
Content-Length: 12
Content-Type: application/json; charset=utf-8
cache-control: no-cache

11:35:53.097 [AsyncHttpClient-1-2] DEBUG org.asynchttpclient.netty.channel.ChannelManager - Adding key: http://localhost:39165 for channel [id: 0xa10b78a6, L:/127.0.0.1:61155 - R:localhost/127.0.0.1:39165]
11:35:53.100 [Forwarding getElementAttribute on session b4c44b8ab3ec34df82fcca1e22294ffd to remote] DEBUG org.asynchttpclient.netty.request.NettyRequestSender - Using pooled Channel '[id: 0xa10b78a6, L:/127.0.0.1:61155 - R:localhost/127.0.0.1:39165]' for 'POST' to 'http://localhost:39165/session/b4c44b8ab3ec34df82fcca1e22294ffd/execute/sync'
11:35:53.100 [Forwarding getElementAttribute on session b4c44b8ab3ec34df82fcca1e22294ffd to remote] DEBUG org.asynchttpclient.netty.request.NettyRequestSender - Using open Channel [id: 0xa10b78a6, L:/127.0.0.1:61155 - R:localhost/127.0.0.1:39165] for POST '/session/b4c44b8ab3ec34df82fcca1e22294ffd/execute/sync'
11:35:53.109 [AsyncHttpClient-1-2] DEBUG org.asynchttpclient.netty.handler.HttpHandler - 

Request DefaultHttpRequest(decodeResult: success, version: HTTP/1.1)
POST /session/b4c44b8ab3ec34df82fcca1e22294ffd/execute/sync HTTP/1.1
User-Agent: selenium/4.8.0 (java windows)
Content-Length: 47374
Content-Type: application/json; charset=utf-8
host: localhost:39165
accept: */*

Response DefaultHttpResponse(decodeResult: success, version: HTTP/1.1)
HTTP/1.1 200 OK
Content-Length: 14
Content-Type: application/json; charset=utf-8
cache-control: no-cache

11:35:53.109 [AsyncHttpClient-1-2] DEBUG org.asynchttpclient.netty.channel.ChannelManager - Adding key: http://localhost:39165 for channel [id: 0xa10b78a6, L:/127.0.0.1:61155 - R:localhost/127.0.0.1:39165]
11:35:53.111 [Forwarding getElementAttribute on session b4c44b8ab3ec34df82fcca1e22294ffd to remote] DEBUG org.asynchttpclient.netty.request.NettyRequestSender - Using pooled Channel '[id: 0xa10b78a6, L:/127.0.0.1:61155 - R:localhost/127.0.0.1:39165]' for 'POST' to 'http://localhost:39165/session/b4c44b8ab3ec34df82fcca1e22294ffd/execute/sync'
11:35:53.111 [Forwarding getElementAttribute on session b4c44b8ab3ec34df82fcca1e22294ffd to remote] DEBUG org.asynchttpclient.netty.request.NettyRequestSender - Using open Channel [id: 0xa10b78a6, L:/127.0.0.1:61155 - R:localhost/127.0.0.1:39165] for POST '/session/b4c44b8ab3ec34df82fcca1e22294ffd/execute/sync'
11:35:53.118 [AsyncHttpClient-1-2] DEBUG org.asynchttpclient.netty.handler.HttpHandler - 

Request DefaultHttpRequest(decodeResult: success, version: HTTP/1.1)
POST /session/b4c44b8ab3ec34df82fcca1e22294ffd/execute/sync HTTP/1.1
User-Agent: selenium/4.8.0 (java windows)
Content-Length: 47374
Content-Type: application/json; charset=utf-8
host: localhost:39165
accept: */*

Response DefaultHttpResponse(decodeResult: success, version: HTTP/1.1)
HTTP/1.1 200 OK
Content-Length: 14
Content-Type: application/json; charset=utf-8
cache-control: no-cache

11:35:53.118 [AsyncHttpClient-1-2] DEBUG org.asynchttpclient.netty.channel.ChannelManager - Adding key: http://localhost:39165 for channel [id: 0xa10b78a6, L:/127.0.0.1:61155 - R:localhost/127.0.0.1:39165]
11:35:53.121 [Forwarding getElementAttribute on session b4c44b8ab3ec34df82fcca1e22294ffd to remote] DEBUG org.asynchttpclient.netty.request.NettyRequestSender - Using pooled Channel '[id: 0xa10b78a6, L:/127.0.0.1:61155 - R:localhost/127.0.0.1:39165]' for 'POST' to 'http://localhost:39165/session/b4c44b8ab3ec34df82fcca1e22294ffd/execute/sync'
11:35:53.121 [Forwarding getElementAttribute on session b4c44b8ab3ec34df82fcca1e22294ffd to remote] DEBUG org.asynchttpclient.netty.request.NettyRequestSender - Using open Channel [id: 0xa10b78a6, L:/127.0.0.1:61155 - R:localhost/127.0.0.1:39165] for POST '/session/b4c44b8ab3ec34df82fcca1e22294ffd/execute/sync'
11:35:53.132 [AsyncHttpClient-1-2] DEBUG org.asynchttpclient.netty.handler.HttpHandler - 

Request DefaultHttpRequest(decodeResult: success, version: HTTP/1.1)
POST /session/b4c44b8ab3ec34df82fcca1e22294ffd/execute/sync HTTP/1.1
User-Agent: selenium/4.8.0 (java windows)
Content-Length: 47374
Content-Type: application/json; charset=utf-8
host: localhost:39165
accept: */*

Response DefaultHttpResponse(decodeResult: success, version: HTTP/1.1)
HTTP/1.1 200 OK
Content-Length: 14
Content-Type: application/json; charset=utf-8
cache-control: no-cache

11:35:53.132 [AsyncHttpClient-1-2] DEBUG org.asynchttpclient.netty.channel.ChannelManager - Adding key: http://localhost:39165 for channel [id: 0xa10b78a6, L:/127.0.0.1:61155 - R:localhost/127.0.0.1:39165]
11:35:53.134 [Forwarding getElementAttribute on session b4c44b8ab3ec34df82fcca1e22294ffd to remote] DEBUG org.asynchttpclient.netty.request.NettyRequestSender - Using pooled Channel '[id: 0xa10b78a6, L:/127.0.0.1:61155 - R:localhost/127.0.0.1:39165]' for 'POST' to 'http://localhost:39165/session/b4c44b8ab3ec34df82fcca1e22294ffd/execute/sync'
11:35:53.134 [Forwarding getElementAttribute on session b4c44b8ab3ec34df82fcca1e22294ffd to remote] DEBUG org.asynchttpclient.netty.request.NettyRequestSender - Using open Channel [id: 0xa10b78a6, L:/127.0.0.1:61155 - R:localhost/127.0.0.1:39165] for POST '/session/b4c44b8ab3ec34df82fcca1e22294ffd/execute/sync'
11:35:53.143 [AsyncHttpClient-1-2] DEBUG org.asynchttpclient.netty.handler.HttpHandler - 

Request DefaultHttpRequest(decodeResult: success, version: HTTP/1.1)
POST /session/b4c44b8ab3ec34df82fcca1e22294ffd/execute/sync HTTP/1.1
User-Agent: selenium/4.8.0 (java windows)
Content-Length: 47375
Content-Type: application/json; charset=utf-8
host: localhost:39165
accept: */*

Response DefaultHttpResponse(decodeResult: success, version: HTTP/1.1)
HTTP/1.1 200 OK
Content-Length: 14
Content-Type: application/json; charset=utf-8
cache-control: no-cache

11:35:53.143 [AsyncHttpClient-1-2] DEBUG org.asynchttpclient.netty.channel.ChannelManager - Adding key: http://localhost:39165 for channel [id: 0xa10b78a6, L:/127.0.0.1:61155 - R:localhost/127.0.0.1:39165]
11:35:53.145 [Forwarding getElementAttribute on session b4c44b8ab3ec34df82fcca1e22294ffd to remote] DEBUG org.asynchttpclient.netty.request.NettyRequestSender - Using pooled Channel '[id: 0xa10b78a6, L:/127.0.0.1:61155 - R:localhost/127.0.0.1:39165]' for 'POST' to 'http://localhost:39165/session/b4c44b8ab3ec34df82fcca1e22294ffd/execute/sync'
11:35:53.145 [Forwarding getElementAttribute on session b4c44b8ab3ec34df82fcca1e22294ffd to remote] DEBUG org.asynchttpclient.netty.request.NettyRequestSender - Using open Channel [id: 0xa10b78a6, L:/127.0.0.1:61155 - R:localhost/127.0.0.1:39165] for POST '/session/b4c44b8ab3ec34df82fcca1e22294ffd/execute/sync'
11:35:53.155 [AsyncHttpClient-1-2] DEBUG org.asynchttpclient.netty.handler.HttpHandler - 

Request DefaultHttpRequest(decodeResult: success, version: HTTP/1.1)
POST /session/b4c44b8ab3ec34df82fcca1e22294ffd/execute/sync HTTP/1.1
User-Agent: selenium/4.8.0 (java windows)
Content-Length: 47375
Content-Type: application/json; charset=utf-8
host: localhost:39165
accept: */*

Response DefaultHttpResponse(decodeResult: success, version: HTTP/1.1)
HTTP/1.1 200 OK
Content-Length: 32
Content-Type: application/json; charset=utf-8
cache-control: no-cache

11:35:53.155 [AsyncHttpClient-1-2] DEBUG org.asynchttpclient.netty.channel.ChannelManager - Adding key: http://localhost:39165 for channel [id: 0xa10b78a6, L:/127.0.0.1:61155 - R:localhost/127.0.0.1:39165]
11:35:53.157 [Forwarding getElementAttribute on session b4c44b8ab3ec34df82fcca1e22294ffd to remote] DEBUG org.asynchttpclient.netty.request.NettyRequestSender - Using pooled Channel '[id: 0xa10b78a6, L:/127.0.0.1:61155 - R:localhost/127.0.0.1:39165]' for 'POST' to 'http://localhost:39165/session/b4c44b8ab3ec34df82fcca1e22294ffd/execute/sync'
11:35:53.157 [Forwarding getElementAttribute on session b4c44b8ab3ec34df82fcca1e22294ffd to remote] DEBUG org.asynchttpclient.netty.request.NettyRequestSender - Using open Channel [id: 0xa10b78a6, L:/127.0.0.1:61155 - R:localhost/127.0.0.1:39165] for POST '/session/b4c44b8ab3ec34df82fcca1e22294ffd/execute/sync'
11:35:53.167 [AsyncHttpClient-1-2] DEBUG org.asynchttpclient.netty.handler.HttpHandler - 

Request DefaultHttpRequest(decodeResult: success, version: HTTP/1.1)
POST /session/b4c44b8ab3ec34df82fcca1e22294ffd/execute/sync HTTP/1.1
User-Agent: selenium/4.8.0 (java windows)
Content-Length: 47375
Content-Type: application/json; charset=utf-8
host: localhost:39165
accept: */*

Response DefaultHttpResponse(decodeResult: success, version: HTTP/1.1)
HTTP/1.1 200 OK
Content-Length: 32
Content-Type: application/json; charset=utf-8
cache-control: no-cache

11:35:53.168 [AsyncHttpClient-1-2] DEBUG org.asynchttpclient.netty.channel.ChannelManager - Adding key: http://localhost:39165 for channel [id: 0xa10b78a6, L:/127.0.0.1:61155 - R:localhost/127.0.0.1:39165]
11:35:53.168 [main] INFO  com.swaglabs.base.SetUp - <div class='inventory_item_price'> - InventoryPage.productpricesprice validation passed
11:35:53.172 [Forwarding findElements on session b4c44b8ab3ec34df82fcca1e22294ffd to remote] DEBUG org.asynchttpclient.netty.request.NettyRequestSender - Using pooled Channel '[id: 0xa10b78a6, L:/127.0.0.1:61155 - R:localhost/127.0.0.1:39165]' for 'POST' to 'http://localhost:39165/session/b4c44b8ab3ec34df82fcca1e22294ffd/elements'
11:35:53.172 [Forwarding findElements on session b4c44b8ab3ec34df82fcca1e22294ffd to remote] DEBUG org.asynchttpclient.netty.request.NettyRequestSender - Using open Channel [id: 0xa10b78a6, L:/127.0.0.1:61155 - R:localhost/127.0.0.1:39165] for POST '/session/b4c44b8ab3ec34df82fcca1e22294ffd/elements'
11:35:53.181 [AsyncHttpClient-1-2] DEBUG org.asynchttpclient.netty.handler.HttpHandler - 

Request DefaultHttpRequest(decodeResult: success, version: HTTP/1.1)
POST /session/b4c44b8ab3ec34df82fcca1e22294ffd/elements HTTP/1.1
User-Agent: selenium/4.8.0 (java windows)
Content-Length: 83
Content-Type: application/json; charset=utf-8
host: localhost:39165
accept: */*

Response DefaultHttpResponse(decodeResult: success, version: HTTP/1.1)
HTTP/1.1 200 OK
Content-Length: 527
Content-Type: application/json; charset=utf-8
cache-control: no-cache

11:35:53.182 [AsyncHttpClient-1-2] DEBUG org.asynchttpclient.netty.channel.ChannelManager - Adding key: http://localhost:39165 for channel [id: 0xa10b78a6, L:/127.0.0.1:61155 - R:localhost/127.0.0.1:39165]
11:35:53.183 [Forwarding findElements on session b4c44b8ab3ec34df82fcca1e22294ffd to remote] DEBUG org.asynchttpclient.netty.request.NettyRequestSender - Using pooled Channel '[id: 0xa10b78a6, L:/127.0.0.1:61155 - R:localhost/127.0.0.1:39165]' for 'POST' to 'http://localhost:39165/session/b4c44b8ab3ec34df82fcca1e22294ffd/elements'
11:35:53.183 [Forwarding findElements on session b4c44b8ab3ec34df82fcca1e22294ffd to remote] DEBUG org.asynchttpclient.netty.request.NettyRequestSender - Using open Channel [id: 0xa10b78a6, L:/127.0.0.1:61155 - R:localhost/127.0.0.1:39165] for POST '/session/b4c44b8ab3ec34df82fcca1e22294ffd/elements'
11:35:53.193 [AsyncHttpClient-1-2] DEBUG org.asynchttpclient.netty.handler.HttpHandler - 

Request DefaultHttpRequest(decodeResult: success, version: HTTP/1.1)
POST /session/b4c44b8ab3ec34df82fcca1e22294ffd/elements HTTP/1.1
User-Agent: selenium/4.8.0 (java windows)
Content-Length: 83
Content-Type: application/json; charset=utf-8
host: localhost:39165
accept: */*

Response DefaultHttpResponse(decodeResult: success, version: HTTP/1.1)
HTTP/1.1 200 OK
Content-Length: 527
Content-Type: application/json; charset=utf-8
cache-control: no-cache

11:35:53.193 [AsyncHttpClient-1-2] DEBUG org.asynchttpclient.netty.channel.ChannelManager - Adding key: http://localhost:39165 for channel [id: 0xa10b78a6, L:/127.0.0.1:61155 - R:localhost/127.0.0.1:39165]
11:35:53.194 [Forwarding getElementText on session b4c44b8ab3ec34df82fcca1e22294ffd to remote] DEBUG org.asynchttpclient.netty.request.NettyRequestSender - Using pooled Channel '[id: 0xa10b78a6, L:/127.0.0.1:61155 - R:localhost/127.0.0.1:39165]' for 'GET' to 'http://localhost:39165/session/b4c44b8ab3ec34df82fcca1e22294ffd/element/D6FCA329F55A989BAF0E516CCCB7C1E0_element_36/text'
11:35:53.194 [Forwarding getElementText on session b4c44b8ab3ec34df82fcca1e22294ffd to remote] DEBUG org.asynchttpclient.netty.request.NettyRequestSender - Using open Channel [id: 0xa10b78a6, L:/127.0.0.1:61155 - R:localhost/127.0.0.1:39165] for GET '/session/b4c44b8ab3ec34df82fcca1e22294ffd/element/D6FCA329F55A989BAF0E516CCCB7C1E0_element_36/text'
11:35:53.201 [AsyncHttpClient-1-2] DEBUG org.asynchttpclient.netty.handler.HttpHandler - 

Request DefaultFullHttpRequest(decodeResult: success, version: HTTP/1.1, content: EmptyByteBufBE)
GET /session/b4c44b8ab3ec34df82fcca1e22294ffd/element/D6FCA329F55A989BAF0E516CCCB7C1E0_element_36/text HTTP/1.1
User-Agent: selenium/4.8.0 (java windows)
Cache-Control: no-cache
Content-Type: application/json; charset=utf-8
host: localhost:39165
accept: */*

Response DefaultHttpResponse(decodeResult: success, version: HTTP/1.1)
HTTP/1.1 200 OK
Content-Length: 18
Content-Type: application/json; charset=utf-8
cache-control: no-cache

11:35:53.201 [AsyncHttpClient-1-2] DEBUG org.asynchttpclient.netty.channel.ChannelManager - Adding key: http://localhost:39165 for channel [id: 0xa10b78a6, L:/127.0.0.1:61155 - R:localhost/127.0.0.1:39165]
11:35:53.203 [Forwarding findElements on session b4c44b8ab3ec34df82fcca1e22294ffd to remote] DEBUG org.asynchttpclient.netty.request.NettyRequestSender - Using pooled Channel '[id: 0xa10b78a6, L:/127.0.0.1:61155 - R:localhost/127.0.0.1:39165]' for 'POST' to 'http://localhost:39165/session/b4c44b8ab3ec34df82fcca1e22294ffd/elements'
11:35:53.203 [Forwarding findElements on session b4c44b8ab3ec34df82fcca1e22294ffd to remote] DEBUG org.asynchttpclient.netty.request.NettyRequestSender - Using open Channel [id: 0xa10b78a6, L:/127.0.0.1:61155 - R:localhost/127.0.0.1:39165] for POST '/session/b4c44b8ab3ec34df82fcca1e22294ffd/elements'
11:35:53.210 [AsyncHttpClient-1-2] DEBUG org.asynchttpclient.netty.handler.HttpHandler - 

Request DefaultHttpRequest(decodeResult: success, version: HTTP/1.1)
POST /session/b4c44b8ab3ec34df82fcca1e22294ffd/elements HTTP/1.1
User-Agent: selenium/4.8.0 (java windows)
Content-Length: 83
Content-Type: application/json; charset=utf-8
host: localhost:39165
accept: */*

Response DefaultHttpResponse(decodeResult: success, version: HTTP/1.1)
HTTP/1.1 200 OK
Content-Length: 527
Content-Type: application/json; charset=utf-8
cache-control: no-cache

11:35:53.210 [AsyncHttpClient-1-2] DEBUG org.asynchttpclient.netty.channel.ChannelManager - Adding key: http://localhost:39165 for channel [id: 0xa10b78a6, L:/127.0.0.1:61155 - R:localhost/127.0.0.1:39165]
11:35:53.211 [Forwarding getElementText on session b4c44b8ab3ec34df82fcca1e22294ffd to remote] DEBUG org.asynchttpclient.netty.request.NettyRequestSender - Using pooled Channel '[id: 0xa10b78a6, L:/127.0.0.1:61155 - R:localhost/127.0.0.1:39165]' for 'GET' to 'http://localhost:39165/session/b4c44b8ab3ec34df82fcca1e22294ffd/element/D6FCA329F55A989BAF0E516CCCB7C1E0_element_36/text'
11:35:53.212 [Forwarding getElementText on session b4c44b8ab3ec34df82fcca1e22294ffd to remote] DEBUG org.asynchttpclient.netty.request.NettyRequestSender - Using open Channel [id: 0xa10b78a6, L:/127.0.0.1:61155 - R:localhost/127.0.0.1:39165] for GET '/session/b4c44b8ab3ec34df82fcca1e22294ffd/element/D6FCA329F55A989BAF0E516CCCB7C1E0_element_36/text'
11:35:53.218 [AsyncHttpClient-1-2] DEBUG org.asynchttpclient.netty.handler.HttpHandler - 

Request DefaultFullHttpRequest(decodeResult: success, version: HTTP/1.1, content: EmptyByteBufBE)
GET /session/b4c44b8ab3ec34df82fcca1e22294ffd/element/D6FCA329F55A989BAF0E516CCCB7C1E0_element_36/text HTTP/1.1
User-Agent: selenium/4.8.0 (java windows)
Cache-Control: no-cache
Content-Type: application/json; charset=utf-8
host: localhost:39165
accept: */*

Response DefaultHttpResponse(decodeResult: success, version: HTTP/1.1)
HTTP/1.1 200 OK
Content-Length: 18
Content-Type: application/json; charset=utf-8
cache-control: no-cache

11:35:53.218 [AsyncHttpClient-1-2] DEBUG org.asynchttpclient.netty.channel.ChannelManager - Adding key: http://localhost:39165 for channel [id: 0xa10b78a6, L:/127.0.0.1:61155 - R:localhost/127.0.0.1:39165]
11:35:53.218 [Forwarding findElements on session b4c44b8ab3ec34df82fcca1e22294ffd to remote] DEBUG org.asynchttpclient.netty.request.NettyRequestSender - Using pooled Channel '[id: 0xa10b78a6, L:/127.0.0.1:61155 - R:localhost/127.0.0.1:39165]' for 'POST' to 'http://localhost:39165/session/b4c44b8ab3ec34df82fcca1e22294ffd/elements'
11:35:53.218 [Forwarding findElements on session b4c44b8ab3ec34df82fcca1e22294ffd to remote] DEBUG org.asynchttpclient.netty.request.NettyRequestSender - Using open Channel [id: 0xa10b78a6, L:/127.0.0.1:61155 - R:localhost/127.0.0.1:39165] for POST '/session/b4c44b8ab3ec34df82fcca1e22294ffd/elements'
11:35:53.224 [AsyncHttpClient-1-2] DEBUG org.asynchttpclient.netty.handler.HttpHandler - 

Request DefaultHttpRequest(decodeResult: success, version: HTTP/1.1)
POST /session/b4c44b8ab3ec34df82fcca1e22294ffd/elements HTTP/1.1
User-Agent: selenium/4.8.0 (java windows)
Content-Length: 83
Content-Type: application/json; charset=utf-8
host: localhost:39165
accept: */*

Response DefaultHttpResponse(decodeResult: success, version: HTTP/1.1)
HTTP/1.1 200 OK
Content-Length: 527
Content-Type: application/json; charset=utf-8
cache-control: no-cache

11:35:53.224 [AsyncHttpClient-1-2] DEBUG org.asynchttpclient.netty.channel.ChannelManager - Adding key: http://localhost:39165 for channel [id: 0xa10b78a6, L:/127.0.0.1:61155 - R:localhost/127.0.0.1:39165]
11:35:53.225 [Forwarding getElementTagName on session b4c44b8ab3ec34df82fcca1e22294ffd to remote] DEBUG org.asynchttpclient.netty.request.NettyRequestSender - Using pooled Channel '[id: 0xa10b78a6, L:/127.0.0.1:61155 - R:localhost/127.0.0.1:39165]' for 'GET' to 'http://localhost:39165/session/b4c44b8ab3ec34df82fcca1e22294ffd/element/D6FCA329F55A989BAF0E516CCCB7C1E0_element_36/name'
11:35:53.225 [Forwarding getElementTagName on session b4c44b8ab3ec34df82fcca1e22294ffd to remote] DEBUG org.asynchttpclient.netty.request.NettyRequestSender - Using open Channel [id: 0xa10b78a6, L:/127.0.0.1:61155 - R:localhost/127.0.0.1:39165] for GET '/session/b4c44b8ab3ec34df82fcca1e22294ffd/element/D6FCA329F55A989BAF0E516CCCB7C1E0_element_36/name'
11:35:53.229 [AsyncHttpClient-1-2] DEBUG org.asynchttpclient.netty.handler.HttpHandler - 

Request DefaultFullHttpRequest(decodeResult: success, version: HTTP/1.1, content: EmptyByteBufBE)
GET /session/b4c44b8ab3ec34df82fcca1e22294ffd/element/D6FCA329F55A989BAF0E516CCCB7C1E0_element_36/name HTTP/1.1
User-Agent: selenium/4.8.0 (java windows)
Cache-Control: no-cache
Content-Type: application/json; charset=utf-8
host: localhost:39165
accept: */*

Response DefaultHttpResponse(decodeResult: success, version: HTTP/1.1)
HTTP/1.1 200 OK
Content-Length: 15
Content-Type: application/json; charset=utf-8
cache-control: no-cache

11:35:53.229 [AsyncHttpClient-1-2] DEBUG org.asynchttpclient.netty.channel.ChannelManager - Adding key: http://localhost:39165 for channel [id: 0xa10b78a6, L:/127.0.0.1:61155 - R:localhost/127.0.0.1:39165]
11:35:53.230 [Forwarding getElementAttribute on session b4c44b8ab3ec34df82fcca1e22294ffd to remote] DEBUG org.asynchttpclient.netty.request.NettyRequestSender - Using pooled Channel '[id: 0xa10b78a6, L:/127.0.0.1:61155 - R:localhost/127.0.0.1:39165]' for 'POST' to 'http://localhost:39165/session/b4c44b8ab3ec34df82fcca1e22294ffd/execute/sync'
11:35:53.230 [Forwarding getElementAttribute on session b4c44b8ab3ec34df82fcca1e22294ffd to remote] DEBUG org.asynchttpclient.netty.request.NettyRequestSender - Using open Channel [id: 0xa10b78a6, L:/127.0.0.1:61155 - R:localhost/127.0.0.1:39165] for POST '/session/b4c44b8ab3ec34df82fcca1e22294ffd/execute/sync'
11:35:53.239 [AsyncHttpClient-1-2] DEBUG org.asynchttpclient.netty.handler.HttpHandler - 

Request DefaultHttpRequest(decodeResult: success, version: HTTP/1.1)
POST /session/b4c44b8ab3ec34df82fcca1e22294ffd/execute/sync HTTP/1.1
User-Agent: selenium/4.8.0 (java windows)
Content-Length: 47372
Content-Type: application/json; charset=utf-8
host: localhost:39165
accept: */*

Response DefaultHttpResponse(decodeResult: success, version: HTTP/1.1)
HTTP/1.1 200 OK
Content-Length: 12
Content-Type: application/json; charset=utf-8
cache-control: no-cache

11:35:53.239 [AsyncHttpClient-1-2] DEBUG org.asynchttpclient.netty.channel.ChannelManager - Adding key: http://localhost:39165 for channel [id: 0xa10b78a6, L:/127.0.0.1:61155 - R:localhost/127.0.0.1:39165]
11:35:53.241 [Forwarding getElementAttribute on session b4c44b8ab3ec34df82fcca1e22294ffd to remote] DEBUG org.asynchttpclient.netty.request.NettyRequestSender - Using pooled Channel '[id: 0xa10b78a6, L:/127.0.0.1:61155 - R:localhost/127.0.0.1:39165]' for 'POST' to 'http://localhost:39165/session/b4c44b8ab3ec34df82fcca1e22294ffd/execute/sync'
11:35:53.241 [Forwarding getElementAttribute on session b4c44b8ab3ec34df82fcca1e22294ffd to remote] DEBUG org.asynchttpclient.netty.request.NettyRequestSender - Using open Channel [id: 0xa10b78a6, L:/127.0.0.1:61155 - R:localhost/127.0.0.1:39165] for POST '/session/b4c44b8ab3ec34df82fcca1e22294ffd/execute/sync'
11:35:53.250 [AsyncHttpClient-1-2] DEBUG org.asynchttpclient.netty.handler.HttpHandler - 

Request DefaultHttpRequest(decodeResult: success, version: HTTP/1.1)
POST /session/b4c44b8ab3ec34df82fcca1e22294ffd/execute/sync HTTP/1.1
User-Agent: selenium/4.8.0 (java windows)
Content-Length: 47374
Content-Type: application/json; charset=utf-8
host: localhost:39165
accept: */*

Response DefaultHttpResponse(decodeResult: success, version: HTTP/1.1)
HTTP/1.1 200 OK
Content-Length: 14
Content-Type: application/json; charset=utf-8
cache-control: no-cache

11:35:53.250 [AsyncHttpClient-1-2] DEBUG org.asynchttpclient.netty.channel.ChannelManager - Adding key: http://localhost:39165 for channel [id: 0xa10b78a6, L:/127.0.0.1:61155 - R:localhost/127.0.0.1:39165]
11:35:53.252 [Forwarding getElementAttribute on session b4c44b8ab3ec34df82fcca1e22294ffd to remote] DEBUG org.asynchttpclient.netty.request.NettyRequestSender - Using pooled Channel '[id: 0xa10b78a6, L:/127.0.0.1:61155 - R:localhost/127.0.0.1:39165]' for 'POST' to 'http://localhost:39165/session/b4c44b8ab3ec34df82fcca1e22294ffd/execute/sync'
11:35:53.252 [Forwarding getElementAttribute on session b4c44b8ab3ec34df82fcca1e22294ffd to remote] DEBUG org.asynchttpclient.netty.request.NettyRequestSender - Using open Channel [id: 0xa10b78a6, L:/127.0.0.1:61155 - R:localhost/127.0.0.1:39165] for POST '/session/b4c44b8ab3ec34df82fcca1e22294ffd/execute/sync'
11:35:53.261 [AsyncHttpClient-1-2] DEBUG org.asynchttpclient.netty.handler.HttpHandler - 

Request DefaultHttpRequest(decodeResult: success, version: HTTP/1.1)
POST /session/b4c44b8ab3ec34df82fcca1e22294ffd/execute/sync HTTP/1.1
User-Agent: selenium/4.8.0 (java windows)
Content-Length: 47374
Content-Type: application/json; charset=utf-8
host: localhost:39165
accept: */*

Response DefaultHttpResponse(decodeResult: success, version: HTTP/1.1)
HTTP/1.1 200 OK
Content-Length: 14
Content-Type: application/json; charset=utf-8
cache-control: no-cache

11:35:53.261 [AsyncHttpClient-1-2] DEBUG org.asynchttpclient.netty.channel.ChannelManager - Adding key: http://localhost:39165 for channel [id: 0xa10b78a6, L:/127.0.0.1:61155 - R:localhost/127.0.0.1:39165]
11:35:53.263 [Forwarding getElementAttribute on session b4c44b8ab3ec34df82fcca1e22294ffd to remote] DEBUG org.asynchttpclient.netty.request.NettyRequestSender - Using pooled Channel '[id: 0xa10b78a6, L:/127.0.0.1:61155 - R:localhost/127.0.0.1:39165]' for 'POST' to 'http://localhost:39165/session/b4c44b8ab3ec34df82fcca1e22294ffd/execute/sync'
11:35:53.263 [Forwarding getElementAttribute on session b4c44b8ab3ec34df82fcca1e22294ffd to remote] DEBUG org.asynchttpclient.netty.request.NettyRequestSender - Using open Channel [id: 0xa10b78a6, L:/127.0.0.1:61155 - R:localhost/127.0.0.1:39165] for POST '/session/b4c44b8ab3ec34df82fcca1e22294ffd/execute/sync'
11:35:53.272 [AsyncHttpClient-1-2] DEBUG org.asynchttpclient.netty.handler.HttpHandler - 

Request DefaultHttpRequest(decodeResult: success, version: HTTP/1.1)
POST /session/b4c44b8ab3ec34df82fcca1e22294ffd/execute/sync HTTP/1.1
User-Agent: selenium/4.8.0 (java windows)
Content-Length: 47374
Content-Type: application/json; charset=utf-8
host: localhost:39165
accept: */*

Response DefaultHttpResponse(decodeResult: success, version: HTTP/1.1)
HTTP/1.1 200 OK
Content-Length: 14
Content-Type: application/json; charset=utf-8
cache-control: no-cache

11:35:53.272 [AsyncHttpClient-1-2] DEBUG org.asynchttpclient.netty.channel.ChannelManager - Adding key: http://localhost:39165 for channel [id: 0xa10b78a6, L:/127.0.0.1:61155 - R:localhost/127.0.0.1:39165]
11:35:53.275 [Forwarding getElementAttribute on session b4c44b8ab3ec34df82fcca1e22294ffd to remote] DEBUG org.asynchttpclient.netty.request.NettyRequestSender - Using pooled Channel '[id: 0xa10b78a6, L:/127.0.0.1:61155 - R:localhost/127.0.0.1:39165]' for 'POST' to 'http://localhost:39165/session/b4c44b8ab3ec34df82fcca1e22294ffd/execute/sync'
11:35:53.275 [Forwarding getElementAttribute on session b4c44b8ab3ec34df82fcca1e22294ffd to remote] DEBUG org.asynchttpclient.netty.request.NettyRequestSender - Using open Channel [id: 0xa10b78a6, L:/127.0.0.1:61155 - R:localhost/127.0.0.1:39165] for POST '/session/b4c44b8ab3ec34df82fcca1e22294ffd/execute/sync'
11:35:53.280 [AsyncHttpClient-1-2] DEBUG org.asynchttpclient.netty.handler.HttpHandler - 

Request DefaultHttpRequest(decodeResult: success, version: HTTP/1.1)
POST /session/b4c44b8ab3ec34df82fcca1e22294ffd/execute/sync HTTP/1.1
User-Agent: selenium/4.8.0 (java windows)
Content-Length: 47375
Content-Type: application/json; charset=utf-8
host: localhost:39165
accept: */*

Response DefaultHttpResponse(decodeResult: success, version: HTTP/1.1)
HTTP/1.1 200 OK
Content-Length: 14
Content-Type: application/json; charset=utf-8
cache-control: no-cache

11:35:53.281 [AsyncHttpClient-1-2] DEBUG org.asynchttpclient.netty.channel.ChannelManager - Adding key: http://localhost:39165 for channel [id: 0xa10b78a6, L:/127.0.0.1:61155 - R:localhost/127.0.0.1:39165]
11:35:53.282 [Forwarding getElementAttribute on session b4c44b8ab3ec34df82fcca1e22294ffd to remote] DEBUG org.asynchttpclient.netty.request.NettyRequestSender - Using pooled Channel '[id: 0xa10b78a6, L:/127.0.0.1:61155 - R:localhost/127.0.0.1:39165]' for 'POST' to 'http://localhost:39165/session/b4c44b8ab3ec34df82fcca1e22294ffd/execute/sync'
11:35:53.282 [Forwarding getElementAttribute on session b4c44b8ab3ec34df82fcca1e22294ffd to remote] DEBUG org.asynchttpclient.netty.request.NettyRequestSender - Using open Channel [id: 0xa10b78a6, L:/127.0.0.1:61155 - R:localhost/127.0.0.1:39165] for POST '/session/b4c44b8ab3ec34df82fcca1e22294ffd/execute/sync'
11:35:53.290 [AsyncHttpClient-1-2] DEBUG org.asynchttpclient.netty.handler.HttpHandler - 

Request DefaultHttpRequest(decodeResult: success, version: HTTP/1.1)
POST /session/b4c44b8ab3ec34df82fcca1e22294ffd/execute/sync HTTP/1.1
User-Agent: selenium/4.8.0 (java windows)
Content-Length: 47375
Content-Type: application/json; charset=utf-8
host: localhost:39165
accept: */*

Response DefaultHttpResponse(decodeResult: success, version: HTTP/1.1)
HTTP/1.1 200 OK
Content-Length: 32
Content-Type: application/json; charset=utf-8
cache-control: no-cache

11:35:53.290 [AsyncHttpClient-1-2] DEBUG org.asynchttpclient.netty.channel.ChannelManager - Adding key: http://localhost:39165 for channel [id: 0xa10b78a6, L:/127.0.0.1:61155 - R:localhost/127.0.0.1:39165]
11:35:53.292 [Forwarding getElementAttribute on session b4c44b8ab3ec34df82fcca1e22294ffd to remote] DEBUG org.asynchttpclient.netty.request.NettyRequestSender - Using pooled Channel '[id: 0xa10b78a6, L:/127.0.0.1:61155 - R:localhost/127.0.0.1:39165]' for 'POST' to 'http://localhost:39165/session/b4c44b8ab3ec34df82fcca1e22294ffd/execute/sync'
11:35:53.293 [Forwarding getElementAttribute on session b4c44b8ab3ec34df82fcca1e22294ffd to remote] DEBUG org.asynchttpclient.netty.request.NettyRequestSender - Using open Channel [id: 0xa10b78a6, L:/127.0.0.1:61155 - R:localhost/127.0.0.1:39165] for POST '/session/b4c44b8ab3ec34df82fcca1e22294ffd/execute/sync'
11:35:53.304 [AsyncHttpClient-1-2] DEBUG org.asynchttpclient.netty.handler.HttpHandler - 

Request DefaultHttpRequest(decodeResult: success, version: HTTP/1.1)
POST /session/b4c44b8ab3ec34df82fcca1e22294ffd/execute/sync HTTP/1.1
User-Agent: selenium/4.8.0 (java windows)
Content-Length: 47375
Content-Type: application/json; charset=utf-8
host: localhost:39165
accept: */*

Response DefaultHttpResponse(decodeResult: success, version: HTTP/1.1)
HTTP/1.1 200 OK
Content-Length: 32
Content-Type: application/json; charset=utf-8
cache-control: no-cache

11:35:53.304 [AsyncHttpClient-1-2] DEBUG org.asynchttpclient.netty.channel.ChannelManager - Adding key: http://localhost:39165 for channel [id: 0xa10b78a6, L:/127.0.0.1:61155 - R:localhost/127.0.0.1:39165]
11:35:53.306 [main] INFO  com.swaglabs.base.SetUp - <div class='inventory_item_price'> - InventoryPage.productpricesprice validation passed
11:35:53.307 [Forwarding findElements on session b4c44b8ab3ec34df82fcca1e22294ffd to remote] DEBUG org.asynchttpclient.netty.request.NettyRequestSender - Using pooled Channel '[id: 0xa10b78a6, L:/127.0.0.1:61155 - R:localhost/127.0.0.1:39165]' for 'POST' to 'http://localhost:39165/session/b4c44b8ab3ec34df82fcca1e22294ffd/elements'
11:35:53.307 [Forwarding findElements on session b4c44b8ab3ec34df82fcca1e22294ffd to remote] DEBUG org.asynchttpclient.netty.request.NettyRequestSender - Using open Channel [id: 0xa10b78a6, L:/127.0.0.1:61155 - R:localhost/127.0.0.1:39165] for POST '/session/b4c44b8ab3ec34df82fcca1e22294ffd/elements'
11:35:53.316 [AsyncHttpClient-1-2] DEBUG org.asynchttpclient.netty.handler.HttpHandler - 

Request DefaultHttpRequest(decodeResult: success, version: HTTP/1.1)
POST /session/b4c44b8ab3ec34df82fcca1e22294ffd/elements HTTP/1.1
User-Agent: selenium/4.8.0 (java windows)
Content-Length: 83
Content-Type: application/json; charset=utf-8
host: localhost:39165
accept: */*

Response DefaultHttpResponse(decodeResult: success, version: HTTP/1.1)
HTTP/1.1 200 OK
Content-Length: 527
Content-Type: application/json; charset=utf-8
cache-control: no-cache

11:35:53.316 [AsyncHttpClient-1-2] DEBUG org.asynchttpclient.netty.channel.ChannelManager - Adding key: http://localhost:39165 for channel [id: 0xa10b78a6, L:/127.0.0.1:61155 - R:localhost/127.0.0.1:39165]
11:35:53.317 [Forwarding findElements on session b4c44b8ab3ec34df82fcca1e22294ffd to remote] DEBUG org.asynchttpclient.netty.request.NettyRequestSender - Using pooled Channel '[id: 0xa10b78a6, L:/127.0.0.1:61155 - R:localhost/127.0.0.1:39165]' for 'POST' to 'http://localhost:39165/session/b4c44b8ab3ec34df82fcca1e22294ffd/elements'
11:35:53.317 [Forwarding findElements on session b4c44b8ab3ec34df82fcca1e22294ffd to remote] DEBUG org.asynchttpclient.netty.request.NettyRequestSender - Using open Channel [id: 0xa10b78a6, L:/127.0.0.1:61155 - R:localhost/127.0.0.1:39165] for POST '/session/b4c44b8ab3ec34df82fcca1e22294ffd/elements'
11:35:53.323 [AsyncHttpClient-1-2] DEBUG org.asynchttpclient.netty.handler.HttpHandler - 

Request DefaultHttpRequest(decodeResult: success, version: HTTP/1.1)
POST /session/b4c44b8ab3ec34df82fcca1e22294ffd/elements HTTP/1.1
User-Agent: selenium/4.8.0 (java windows)
Content-Length: 83
Content-Type: application/json; charset=utf-8
host: localhost:39165
accept: */*

Response DefaultHttpResponse(decodeResult: success, version: HTTP/1.1)
HTTP/1.1 200 OK
Content-Length: 527
Content-Type: application/json; charset=utf-8
cache-control: no-cache

11:35:53.323 [AsyncHttpClient-1-2] DEBUG org.asynchttpclient.netty.channel.ChannelManager - Adding key: http://localhost:39165 for channel [id: 0xa10b78a6, L:/127.0.0.1:61155 - R:localhost/127.0.0.1:39165]
11:35:53.325 [Forwarding getElementText on session b4c44b8ab3ec34df82fcca1e22294ffd to remote] DEBUG org.asynchttpclient.netty.request.NettyRequestSender - Using pooled Channel '[id: 0xa10b78a6, L:/127.0.0.1:61155 - R:localhost/127.0.0.1:39165]' for 'GET' to 'http://localhost:39165/session/b4c44b8ab3ec34df82fcca1e22294ffd/element/D6FCA329F55A989BAF0E516CCCB7C1E0_element_38/text'
11:35:53.325 [Forwarding getElementText on session b4c44b8ab3ec34df82fcca1e22294ffd to remote] DEBUG org.asynchttpclient.netty.request.NettyRequestSender - Using open Channel [id: 0xa10b78a6, L:/127.0.0.1:61155 - R:localhost/127.0.0.1:39165] for GET '/session/b4c44b8ab3ec34df82fcca1e22294ffd/element/D6FCA329F55A989BAF0E516CCCB7C1E0_element_38/text'
11:35:53.335 [AsyncHttpClient-1-2] DEBUG org.asynchttpclient.netty.handler.HttpHandler - 

Request DefaultFullHttpRequest(decodeResult: success, version: HTTP/1.1, content: EmptyByteBufBE)
GET /session/b4c44b8ab3ec34df82fcca1e22294ffd/element/D6FCA329F55A989BAF0E516CCCB7C1E0_element_38/text HTTP/1.1
User-Agent: selenium/4.8.0 (java windows)
Cache-Control: no-cache
Content-Type: application/json; charset=utf-8
host: localhost:39165
accept: */*

Response DefaultHttpResponse(decodeResult: success, version: HTTP/1.1)
HTTP/1.1 200 OK
Content-Length: 18
Content-Type: application/json; charset=utf-8
cache-control: no-cache

11:35:53.335 [AsyncHttpClient-1-2] DEBUG org.asynchttpclient.netty.channel.ChannelManager - Adding key: http://localhost:39165 for channel [id: 0xa10b78a6, L:/127.0.0.1:61155 - R:localhost/127.0.0.1:39165]
11:35:53.336 [AsyncHttpClient-1-1] DEBUG org.asynchttpclient.netty.channel.DefaultChannelPool - Entry count for : http://localhost:39165 : 1
11:35:53.336 [AsyncHttpClient-1-1] DEBUG org.asynchttpclient.netty.channel.DefaultChannelPool - Entry count for : http://localhost:61159 : 1
11:35:53.336 [Forwarding findElements on session b4c44b8ab3ec34df82fcca1e22294ffd to remote] DEBUG org.asynchttpclient.netty.request.NettyRequestSender - Using pooled Channel '[id: 0xa10b78a6, L:/127.0.0.1:61155 - R:localhost/127.0.0.1:39165]' for 'POST' to 'http://localhost:39165/session/b4c44b8ab3ec34df82fcca1e22294ffd/elements'
11:35:53.337 [Forwarding findElements on session b4c44b8ab3ec34df82fcca1e22294ffd to remote] DEBUG org.asynchttpclient.netty.request.NettyRequestSender - Using open Channel [id: 0xa10b78a6, L:/127.0.0.1:61155 - R:localhost/127.0.0.1:39165] for POST '/session/b4c44b8ab3ec34df82fcca1e22294ffd/elements'
11:35:53.343 [AsyncHttpClient-1-2] DEBUG org.asynchttpclient.netty.handler.HttpHandler - 

Request DefaultHttpRequest(decodeResult: success, version: HTTP/1.1)
POST /session/b4c44b8ab3ec34df82fcca1e22294ffd/elements HTTP/1.1
User-Agent: selenium/4.8.0 (java windows)
Content-Length: 83
Content-Type: application/json; charset=utf-8
host: localhost:39165
accept: */*

Response DefaultHttpResponse(decodeResult: success, version: HTTP/1.1)
HTTP/1.1 200 OK
Content-Length: 527
Content-Type: application/json; charset=utf-8
cache-control: no-cache

11:35:53.343 [AsyncHttpClient-1-2] DEBUG org.asynchttpclient.netty.channel.ChannelManager - Adding key: http://localhost:39165 for channel [id: 0xa10b78a6, L:/127.0.0.1:61155 - R:localhost/127.0.0.1:39165]
11:35:53.343 [Forwarding getElementTagName on session b4c44b8ab3ec34df82fcca1e22294ffd to remote] DEBUG org.asynchttpclient.netty.request.NettyRequestSender - Using pooled Channel '[id: 0xa10b78a6, L:/127.0.0.1:61155 - R:localhost/127.0.0.1:39165]' for 'GET' to 'http://localhost:39165/session/b4c44b8ab3ec34df82fcca1e22294ffd/element/D6FCA329F55A989BAF0E516CCCB7C1E0_element_38/name'
11:35:53.343 [Forwarding getElementTagName on session b4c44b8ab3ec34df82fcca1e22294ffd to remote] DEBUG org.asynchttpclient.netty.request.NettyRequestSender - Using open Channel [id: 0xa10b78a6, L:/127.0.0.1:61155 - R:localhost/127.0.0.1:39165] for GET '/session/b4c44b8ab3ec34df82fcca1e22294ffd/element/D6FCA329F55A989BAF0E516CCCB7C1E0_element_38/name'
11:35:53.347 [AsyncHttpClient-1-2] DEBUG org.asynchttpclient.netty.handler.HttpHandler - 

Request DefaultFullHttpRequest(decodeResult: success, version: HTTP/1.1, content: EmptyByteBufBE)
GET /session/b4c44b8ab3ec34df82fcca1e22294ffd/element/D6FCA329F55A989BAF0E516CCCB7C1E0_element_38/name HTTP/1.1
User-Agent: selenium/4.8.0 (java windows)
Cache-Control: no-cache
Content-Type: application/json; charset=utf-8
host: localhost:39165
accept: */*

Response DefaultHttpResponse(decodeResult: success, version: HTTP/1.1)
HTTP/1.1 200 OK
Content-Length: 15
Content-Type: application/json; charset=utf-8
cache-control: no-cache

11:35:53.347 [AsyncHttpClient-1-2] DEBUG org.asynchttpclient.netty.channel.ChannelManager - Adding key: http://localhost:39165 for channel [id: 0xa10b78a6, L:/127.0.0.1:61155 - R:localhost/127.0.0.1:39165]
11:35:53.350 [Forwarding getElementAttribute on session b4c44b8ab3ec34df82fcca1e22294ffd to remote] DEBUG org.asynchttpclient.netty.request.NettyRequestSender - Using pooled Channel '[id: 0xa10b78a6, L:/127.0.0.1:61155 - R:localhost/127.0.0.1:39165]' for 'POST' to 'http://localhost:39165/session/b4c44b8ab3ec34df82fcca1e22294ffd/execute/sync'
11:35:53.350 [Forwarding getElementAttribute on session b4c44b8ab3ec34df82fcca1e22294ffd to remote] DEBUG org.asynchttpclient.netty.request.NettyRequestSender - Using open Channel [id: 0xa10b78a6, L:/127.0.0.1:61155 - R:localhost/127.0.0.1:39165] for POST '/session/b4c44b8ab3ec34df82fcca1e22294ffd/execute/sync'
11:35:53.358 [AsyncHttpClient-1-2] DEBUG org.asynchttpclient.netty.handler.HttpHandler - 

Request DefaultHttpRequest(decodeResult: success, version: HTTP/1.1)
POST /session/b4c44b8ab3ec34df82fcca1e22294ffd/execute/sync HTTP/1.1
User-Agent: selenium/4.8.0 (java windows)
Content-Length: 47372
Content-Type: application/json; charset=utf-8
host: localhost:39165
accept: */*

Response DefaultHttpResponse(decodeResult: success, version: HTTP/1.1)
HTTP/1.1 200 OK
Content-Length: 12
Content-Type: application/json; charset=utf-8
cache-control: no-cache

11:35:53.358 [AsyncHttpClient-1-2] DEBUG org.asynchttpclient.netty.channel.ChannelManager - Adding key: http://localhost:39165 for channel [id: 0xa10b78a6, L:/127.0.0.1:61155 - R:localhost/127.0.0.1:39165]
11:35:53.360 [Forwarding getElementAttribute on session b4c44b8ab3ec34df82fcca1e22294ffd to remote] DEBUG org.asynchttpclient.netty.request.NettyRequestSender - Using pooled Channel '[id: 0xa10b78a6, L:/127.0.0.1:61155 - R:localhost/127.0.0.1:39165]' for 'POST' to 'http://localhost:39165/session/b4c44b8ab3ec34df82fcca1e22294ffd/execute/sync'
11:35:53.360 [Forwarding getElementAttribute on session b4c44b8ab3ec34df82fcca1e22294ffd to remote] DEBUG org.asynchttpclient.netty.request.NettyRequestSender - Using open Channel [id: 0xa10b78a6, L:/127.0.0.1:61155 - R:localhost/127.0.0.1:39165] for POST '/session/b4c44b8ab3ec34df82fcca1e22294ffd/execute/sync'
11:35:53.370 [AsyncHttpClient-1-2] DEBUG org.asynchttpclient.netty.handler.HttpHandler - 

Request DefaultHttpRequest(decodeResult: success, version: HTTP/1.1)
POST /session/b4c44b8ab3ec34df82fcca1e22294ffd/execute/sync HTTP/1.1
User-Agent: selenium/4.8.0 (java windows)
Content-Length: 47374
Content-Type: application/json; charset=utf-8
host: localhost:39165
accept: */*

Response DefaultHttpResponse(decodeResult: success, version: HTTP/1.1)
HTTP/1.1 200 OK
Content-Length: 14
Content-Type: application/json; charset=utf-8
cache-control: no-cache

11:35:53.370 [AsyncHttpClient-1-2] DEBUG org.asynchttpclient.netty.channel.ChannelManager - Adding key: http://localhost:39165 for channel [id: 0xa10b78a6, L:/127.0.0.1:61155 - R:localhost/127.0.0.1:39165]
11:35:53.374 [Forwarding getElementAttribute on session b4c44b8ab3ec34df82fcca1e22294ffd to remote] DEBUG org.asynchttpclient.netty.request.NettyRequestSender - Using pooled Channel '[id: 0xa10b78a6, L:/127.0.0.1:61155 - R:localhost/127.0.0.1:39165]' for 'POST' to 'http://localhost:39165/session/b4c44b8ab3ec34df82fcca1e22294ffd/execute/sync'
11:35:53.374 [Forwarding getElementAttribute on session b4c44b8ab3ec34df82fcca1e22294ffd to remote] DEBUG org.asynchttpclient.netty.request.NettyRequestSender - Using open Channel [id: 0xa10b78a6, L:/127.0.0.1:61155 - R:localhost/127.0.0.1:39165] for POST '/session/b4c44b8ab3ec34df82fcca1e22294ffd/execute/sync'
11:35:53.384 [AsyncHttpClient-1-2] DEBUG org.asynchttpclient.netty.handler.HttpHandler - 

Request DefaultHttpRequest(decodeResult: success, version: HTTP/1.1)
POST /session/b4c44b8ab3ec34df82fcca1e22294ffd/execute/sync HTTP/1.1
User-Agent: selenium/4.8.0 (java windows)
Content-Length: 47374
Content-Type: application/json; charset=utf-8
host: localhost:39165
accept: */*

Response DefaultHttpResponse(decodeResult: success, version: HTTP/1.1)
HTTP/1.1 200 OK
Content-Length: 14
Content-Type: application/json; charset=utf-8
cache-control: no-cache

11:35:53.384 [AsyncHttpClient-1-2] DEBUG org.asynchttpclient.netty.channel.ChannelManager - Adding key: http://localhost:39165 for channel [id: 0xa10b78a6, L:/127.0.0.1:61155 - R:localhost/127.0.0.1:39165]
11:35:53.386 [Forwarding getElementAttribute on session b4c44b8ab3ec34df82fcca1e22294ffd to remote] DEBUG org.asynchttpclient.netty.request.NettyRequestSender - Using pooled Channel '[id: 0xa10b78a6, L:/127.0.0.1:61155 - R:localhost/127.0.0.1:39165]' for 'POST' to 'http://localhost:39165/session/b4c44b8ab3ec34df82fcca1e22294ffd/execute/sync'
11:35:53.386 [Forwarding getElementAttribute on session b4c44b8ab3ec34df82fcca1e22294ffd to remote] DEBUG org.asynchttpclient.netty.request.NettyRequestSender - Using open Channel [id: 0xa10b78a6, L:/127.0.0.1:61155 - R:localhost/127.0.0.1:39165] for POST '/session/b4c44b8ab3ec34df82fcca1e22294ffd/execute/sync'
11:35:53.393 [AsyncHttpClient-1-2] DEBUG org.asynchttpclient.netty.handler.HttpHandler - 

Request DefaultHttpRequest(decodeResult: success, version: HTTP/1.1)
POST /session/b4c44b8ab3ec34df82fcca1e22294ffd/execute/sync HTTP/1.1
User-Agent: selenium/4.8.0 (java windows)
Content-Length: 47374
Content-Type: application/json; charset=utf-8
host: localhost:39165
accept: */*

Response DefaultHttpResponse(decodeResult: success, version: HTTP/1.1)
HTTP/1.1 200 OK
Content-Length: 14
Content-Type: application/json; charset=utf-8
cache-control: no-cache

11:35:53.393 [AsyncHttpClient-1-2] DEBUG org.asynchttpclient.netty.channel.ChannelManager - Adding key: http://localhost:39165 for channel [id: 0xa10b78a6, L:/127.0.0.1:61155 - R:localhost/127.0.0.1:39165]
11:35:53.395 [Forwarding getElementAttribute on session b4c44b8ab3ec34df82fcca1e22294ffd to remote] DEBUG org.asynchttpclient.netty.request.NettyRequestSender - Using pooled Channel '[id: 0xa10b78a6, L:/127.0.0.1:61155 - R:localhost/127.0.0.1:39165]' for 'POST' to 'http://localhost:39165/session/b4c44b8ab3ec34df82fcca1e22294ffd/execute/sync'
11:35:53.395 [Forwarding getElementAttribute on session b4c44b8ab3ec34df82fcca1e22294ffd to remote] DEBUG org.asynchttpclient.netty.request.NettyRequestSender - Using open Channel [id: 0xa10b78a6, L:/127.0.0.1:61155 - R:localhost/127.0.0.1:39165] for POST '/session/b4c44b8ab3ec34df82fcca1e22294ffd/execute/sync'
11:35:53.404 [AsyncHttpClient-1-2] DEBUG org.asynchttpclient.netty.handler.HttpHandler - 

Request DefaultHttpRequest(decodeResult: success, version: HTTP/1.1)
POST /session/b4c44b8ab3ec34df82fcca1e22294ffd/execute/sync HTTP/1.1
User-Agent: selenium/4.8.0 (java windows)
Content-Length: 47375
Content-Type: application/json; charset=utf-8
host: localhost:39165
accept: */*

Response DefaultHttpResponse(decodeResult: success, version: HTTP/1.1)
HTTP/1.1 200 OK
Content-Length: 14
Content-Type: application/json; charset=utf-8
cache-control: no-cache

11:35:53.404 [AsyncHttpClient-1-2] DEBUG org.asynchttpclient.netty.channel.ChannelManager - Adding key: http://localhost:39165 for channel [id: 0xa10b78a6, L:/127.0.0.1:61155 - R:localhost/127.0.0.1:39165]
11:35:53.406 [Forwarding getElementAttribute on session b4c44b8ab3ec34df82fcca1e22294ffd to remote] DEBUG org.asynchttpclient.netty.request.NettyRequestSender - Using pooled Channel '[id: 0xa10b78a6, L:/127.0.0.1:61155 - R:localhost/127.0.0.1:39165]' for 'POST' to 'http://localhost:39165/session/b4c44b8ab3ec34df82fcca1e22294ffd/execute/sync'
11:35:53.406 [Forwarding getElementAttribute on session b4c44b8ab3ec34df82fcca1e22294ffd to remote] DEBUG org.asynchttpclient.netty.request.NettyRequestSender - Using open Channel [id: 0xa10b78a6, L:/127.0.0.1:61155 - R:localhost/127.0.0.1:39165] for POST '/session/b4c44b8ab3ec34df82fcca1e22294ffd/execute/sync'
11:35:53.412 [AsyncHttpClient-1-2] DEBUG org.asynchttpclient.netty.handler.HttpHandler - 

Request DefaultHttpRequest(decodeResult: success, version: HTTP/1.1)
POST /session/b4c44b8ab3ec34df82fcca1e22294ffd/execute/sync HTTP/1.1
User-Agent: selenium/4.8.0 (java windows)
Content-Length: 47375
Content-Type: application/json; charset=utf-8
host: localhost:39165
accept: */*

Response DefaultHttpResponse(decodeResult: success, version: HTTP/1.1)
HTTP/1.1 200 OK
Content-Length: 32
Content-Type: application/json; charset=utf-8
cache-control: no-cache

11:35:53.412 [AsyncHttpClient-1-2] DEBUG org.asynchttpclient.netty.channel.ChannelManager - Adding key: http://localhost:39165 for channel [id: 0xa10b78a6, L:/127.0.0.1:61155 - R:localhost/127.0.0.1:39165]
11:35:53.414 [Forwarding getElementAttribute on session b4c44b8ab3ec34df82fcca1e22294ffd to remote] DEBUG org.asynchttpclient.netty.request.NettyRequestSender - Using pooled Channel '[id: 0xa10b78a6, L:/127.0.0.1:61155 - R:localhost/127.0.0.1:39165]' for 'POST' to 'http://localhost:39165/session/b4c44b8ab3ec34df82fcca1e22294ffd/execute/sync'
11:35:53.414 [Forwarding getElementAttribute on session b4c44b8ab3ec34df82fcca1e22294ffd to remote] DEBUG org.asynchttpclient.netty.request.NettyRequestSender - Using open Channel [id: 0xa10b78a6, L:/127.0.0.1:61155 - R:localhost/127.0.0.1:39165] for POST '/session/b4c44b8ab3ec34df82fcca1e22294ffd/execute/sync'
11:35:53.420 [AsyncHttpClient-1-2] DEBUG org.asynchttpclient.netty.handler.HttpHandler - 

Request DefaultHttpRequest(decodeResult: success, version: HTTP/1.1)
POST /session/b4c44b8ab3ec34df82fcca1e22294ffd/execute/sync HTTP/1.1
User-Agent: selenium/4.8.0 (java windows)
Content-Length: 47375
Content-Type: application/json; charset=utf-8
host: localhost:39165
accept: */*

Response DefaultHttpResponse(decodeResult: success, version: HTTP/1.1)
HTTP/1.1 200 OK
Content-Length: 32
Content-Type: application/json; charset=utf-8
cache-control: no-cache

11:35:53.420 [AsyncHttpClient-1-2] DEBUG org.asynchttpclient.netty.channel.ChannelManager - Adding key: http://localhost:39165 for channel [id: 0xa10b78a6, L:/127.0.0.1:61155 - R:localhost/127.0.0.1:39165]
11:35:53.421 [main] INFO  com.swaglabs.base.SetUp - <div class='inventory_item_price'> - InventoryPage.productpricesprice validation failed
11:35:53.422 [Forwarding findElements on session b4c44b8ab3ec34df82fcca1e22294ffd to remote] DEBUG org.asynchttpclient.netty.request.NettyRequestSender - Using pooled Channel '[id: 0xa10b78a6, L:/127.0.0.1:61155 - R:localhost/127.0.0.1:39165]' for 'POST' to 'http://localhost:39165/session/b4c44b8ab3ec34df82fcca1e22294ffd/elements'
11:35:53.422 [Forwarding findElements on session b4c44b8ab3ec34df82fcca1e22294ffd to remote] DEBUG org.asynchttpclient.netty.request.NettyRequestSender - Using open Channel [id: 0xa10b78a6, L:/127.0.0.1:61155 - R:localhost/127.0.0.1:39165] for POST '/session/b4c44b8ab3ec34df82fcca1e22294ffd/elements'
11:35:53.429 [AsyncHttpClient-1-2] DEBUG org.asynchttpclient.netty.handler.HttpHandler - 

Request DefaultHttpRequest(decodeResult: success, version: HTTP/1.1)
POST /session/b4c44b8ab3ec34df82fcca1e22294ffd/elements HTTP/1.1
User-Agent: selenium/4.8.0 (java windows)
Content-Length: 83
Content-Type: application/json; charset=utf-8
host: localhost:39165
accept: */*

Response DefaultHttpResponse(decodeResult: success, version: HTTP/1.1)
HTTP/1.1 200 OK
Content-Length: 527
Content-Type: application/json; charset=utf-8
cache-control: no-cache

11:35:53.429 [AsyncHttpClient-1-2] DEBUG org.asynchttpclient.netty.channel.ChannelManager - Adding key: http://localhost:39165 for channel [id: 0xa10b78a6, L:/127.0.0.1:61155 - R:localhost/127.0.0.1:39165]
11:35:53.430 [Forwarding findElements on session b4c44b8ab3ec34df82fcca1e22294ffd to remote] DEBUG org.asynchttpclient.netty.request.NettyRequestSender - Using pooled Channel '[id: 0xa10b78a6, L:/127.0.0.1:61155 - R:localhost/127.0.0.1:39165]' for 'POST' to 'http://localhost:39165/session/b4c44b8ab3ec34df82fcca1e22294ffd/elements'
11:35:53.430 [Forwarding findElements on session b4c44b8ab3ec34df82fcca1e22294ffd to remote] DEBUG org.asynchttpclient.netty.request.NettyRequestSender - Using open Channel [id: 0xa10b78a6, L:/127.0.0.1:61155 - R:localhost/127.0.0.1:39165] for POST '/session/b4c44b8ab3ec34df82fcca1e22294ffd/elements'
11:35:53.441 [AsyncHttpClient-1-2] DEBUG org.asynchttpclient.netty.handler.HttpHandler - 

Request DefaultHttpRequest(decodeResult: success, version: HTTP/1.1)
POST /session/b4c44b8ab3ec34df82fcca1e22294ffd/elements HTTP/1.1
User-Agent: selenium/4.8.0 (java windows)
Content-Length: 83
Content-Type: application/json; charset=utf-8
host: localhost:39165
accept: */*

Response DefaultHttpResponse(decodeResult: success, version: HTTP/1.1)
HTTP/1.1 200 OK
Content-Length: 527
Content-Type: application/json; charset=utf-8
cache-control: no-cache

11:35:53.441 [AsyncHttpClient-1-2] DEBUG org.asynchttpclient.netty.channel.ChannelManager - Adding key: http://localhost:39165 for channel [id: 0xa10b78a6, L:/127.0.0.1:61155 - R:localhost/127.0.0.1:39165]
11:35:53.442 [Forwarding getElementText on session b4c44b8ab3ec34df82fcca1e22294ffd to remote] DEBUG org.asynchttpclient.netty.request.NettyRequestSender - Using pooled Channel '[id: 0xa10b78a6, L:/127.0.0.1:61155 - R:localhost/127.0.0.1:39165]' for 'GET' to 'http://localhost:39165/session/b4c44b8ab3ec34df82fcca1e22294ffd/element/D6FCA329F55A989BAF0E516CCCB7C1E0_element_41/text'
11:35:53.442 [Forwarding getElementText on session b4c44b8ab3ec34df82fcca1e22294ffd to remote] DEBUG org.asynchttpclient.netty.request.NettyRequestSender - Using open Channel [id: 0xa10b78a6, L:/127.0.0.1:61155 - R:localhost/127.0.0.1:39165] for GET '/session/b4c44b8ab3ec34df82fcca1e22294ffd/element/D6FCA329F55A989BAF0E516CCCB7C1E0_element_41/text'
11:35:53.449 [AsyncHttpClient-1-2] DEBUG org.asynchttpclient.netty.handler.HttpHandler - 

Request DefaultFullHttpRequest(decodeResult: success, version: HTTP/1.1, content: EmptyByteBufBE)
GET /session/b4c44b8ab3ec34df82fcca1e22294ffd/element/D6FCA329F55A989BAF0E516CCCB7C1E0_element_41/text HTTP/1.1
User-Agent: selenium/4.8.0 (java windows)
Cache-Control: no-cache
Content-Type: application/json; charset=utf-8
host: localhost:39165
accept: */*

Response DefaultHttpResponse(decodeResult: success, version: HTTP/1.1)
HTTP/1.1 200 OK
Content-Length: 18
Content-Type: application/json; charset=utf-8
cache-control: no-cache

11:35:53.449 [AsyncHttpClient-1-2] DEBUG org.asynchttpclient.netty.channel.ChannelManager - Adding key: http://localhost:39165 for channel [id: 0xa10b78a6, L:/127.0.0.1:61155 - R:localhost/127.0.0.1:39165]
11:35:53.451 [Forwarding findElements on session b4c44b8ab3ec34df82fcca1e22294ffd to remote] DEBUG org.asynchttpclient.netty.request.NettyRequestSender - Using pooled Channel '[id: 0xa10b78a6, L:/127.0.0.1:61155 - R:localhost/127.0.0.1:39165]' for 'POST' to 'http://localhost:39165/session/b4c44b8ab3ec34df82fcca1e22294ffd/elements'
11:35:53.451 [Forwarding findElements on session b4c44b8ab3ec34df82fcca1e22294ffd to remote] DEBUG org.asynchttpclient.netty.request.NettyRequestSender - Using open Channel [id: 0xa10b78a6, L:/127.0.0.1:61155 - R:localhost/127.0.0.1:39165] for POST '/session/b4c44b8ab3ec34df82fcca1e22294ffd/elements'
11:35:53.458 [AsyncHttpClient-1-2] DEBUG org.asynchttpclient.netty.handler.HttpHandler - 

Request DefaultHttpRequest(decodeResult: success, version: HTTP/1.1)
POST /session/b4c44b8ab3ec34df82fcca1e22294ffd/elements HTTP/1.1
User-Agent: selenium/4.8.0 (java windows)
Content-Length: 83
Content-Type: application/json; charset=utf-8
host: localhost:39165
accept: */*

Response DefaultHttpResponse(decodeResult: success, version: HTTP/1.1)
HTTP/1.1 200 OK
Content-Length: 527
Content-Type: application/json; charset=utf-8
cache-control: no-cache

11:35:53.458 [AsyncHttpClient-1-2] DEBUG org.asynchttpclient.netty.channel.ChannelManager - Adding key: http://localhost:39165 for channel [id: 0xa10b78a6, L:/127.0.0.1:61155 - R:localhost/127.0.0.1:39165]
11:35:53.459 [Forwarding getElementText on session b4c44b8ab3ec34df82fcca1e22294ffd to remote] DEBUG org.asynchttpclient.netty.request.NettyRequestSender - Using pooled Channel '[id: 0xa10b78a6, L:/127.0.0.1:61155 - R:localhost/127.0.0.1:39165]' for 'GET' to 'http://localhost:39165/session/b4c44b8ab3ec34df82fcca1e22294ffd/element/D6FCA329F55A989BAF0E516CCCB7C1E0_element_41/text'
11:35:53.459 [Forwarding getElementText on session b4c44b8ab3ec34df82fcca1e22294ffd to remote] DEBUG org.asynchttpclient.netty.request.NettyRequestSender - Using open Channel [id: 0xa10b78a6, L:/127.0.0.1:61155 - R:localhost/127.0.0.1:39165] for GET '/session/b4c44b8ab3ec34df82fcca1e22294ffd/element/D6FCA329F55A989BAF0E516CCCB7C1E0_element_41/text'
11:35:53.469 [AsyncHttpClient-1-2] DEBUG org.asynchttpclient.netty.handler.HttpHandler - 

Request DefaultFullHttpRequest(decodeResult: success, version: HTTP/1.1, content: EmptyByteBufBE)
GET /session/b4c44b8ab3ec34df82fcca1e22294ffd/element/D6FCA329F55A989BAF0E516CCCB7C1E0_element_41/text HTTP/1.1
User-Agent: selenium/4.8.0 (java windows)
Cache-Control: no-cache
Content-Type: application/json; charset=utf-8
host: localhost:39165
accept: */*

Response DefaultHttpResponse(decodeResult: success, version: HTTP/1.1)
HTTP/1.1 200 OK
Content-Length: 18
Content-Type: application/json; charset=utf-8
cache-control: no-cache

11:35:53.469 [AsyncHttpClient-1-2] DEBUG org.asynchttpclient.netty.channel.ChannelManager - Adding key: http://localhost:39165 for channel [id: 0xa10b78a6, L:/127.0.0.1:61155 - R:localhost/127.0.0.1:39165]
11:35:53.471 [Forwarding findElements on session b4c44b8ab3ec34df82fcca1e22294ffd to remote] DEBUG org.asynchttpclient.netty.request.NettyRequestSender - Using pooled Channel '[id: 0xa10b78a6, L:/127.0.0.1:61155 - R:localhost/127.0.0.1:39165]' for 'POST' to 'http://localhost:39165/session/b4c44b8ab3ec34df82fcca1e22294ffd/elements'
11:35:53.471 [Forwarding findElements on session b4c44b8ab3ec34df82fcca1e22294ffd to remote] DEBUG org.asynchttpclient.netty.request.NettyRequestSender - Using open Channel [id: 0xa10b78a6, L:/127.0.0.1:61155 - R:localhost/127.0.0.1:39165] for POST '/session/b4c44b8ab3ec34df82fcca1e22294ffd/elements'
11:35:53.478 [AsyncHttpClient-1-2] DEBUG org.asynchttpclient.netty.handler.HttpHandler - 

Request DefaultHttpRequest(decodeResult: success, version: HTTP/1.1)
POST /session/b4c44b8ab3ec34df82fcca1e22294ffd/elements HTTP/1.1
User-Agent: selenium/4.8.0 (java windows)
Content-Length: 83
Content-Type: application/json; charset=utf-8
host: localhost:39165
accept: */*

Response DefaultHttpResponse(decodeResult: success, version: HTTP/1.1)
HTTP/1.1 200 OK
Content-Length: 527
Content-Type: application/json; charset=utf-8
cache-control: no-cache

11:35:53.478 [AsyncHttpClient-1-2] DEBUG org.asynchttpclient.netty.channel.ChannelManager - Adding key: http://localhost:39165 for channel [id: 0xa10b78a6, L:/127.0.0.1:61155 - R:localhost/127.0.0.1:39165]
11:35:53.479 [Forwarding getElementTagName on session b4c44b8ab3ec34df82fcca1e22294ffd to remote] DEBUG org.asynchttpclient.netty.request.NettyRequestSender - Using pooled Channel '[id: 0xa10b78a6, L:/127.0.0.1:61155 - R:localhost/127.0.0.1:39165]' for 'GET' to 'http://localhost:39165/session/b4c44b8ab3ec34df82fcca1e22294ffd/element/D6FCA329F55A989BAF0E516CCCB7C1E0_element_41/name'
11:35:53.479 [Forwarding getElementTagName on session b4c44b8ab3ec34df82fcca1e22294ffd to remote] DEBUG org.asynchttpclient.netty.request.NettyRequestSender - Using open Channel [id: 0xa10b78a6, L:/127.0.0.1:61155 - R:localhost/127.0.0.1:39165] for GET '/session/b4c44b8ab3ec34df82fcca1e22294ffd/element/D6FCA329F55A989BAF0E516CCCB7C1E0_element_41/name'
11:35:53.484 [AsyncHttpClient-1-2] DEBUG org.asynchttpclient.netty.handler.HttpHandler - 

Request DefaultFullHttpRequest(decodeResult: success, version: HTTP/1.1, content: EmptyByteBufBE)
GET /session/b4c44b8ab3ec34df82fcca1e22294ffd/element/D6FCA329F55A989BAF0E516CCCB7C1E0_element_41/name HTTP/1.1
User-Agent: selenium/4.8.0 (java windows)
Cache-Control: no-cache
Content-Type: application/json; charset=utf-8
host: localhost:39165
accept: */*

Response DefaultHttpResponse(decodeResult: success, version: HTTP/1.1)
HTTP/1.1 200 OK
Content-Length: 15
Content-Type: application/json; charset=utf-8
cache-control: no-cache

11:35:53.484 [AsyncHttpClient-1-2] DEBUG org.asynchttpclient.netty.channel.ChannelManager - Adding key: http://localhost:39165 for channel [id: 0xa10b78a6, L:/127.0.0.1:61155 - R:localhost/127.0.0.1:39165]
11:35:53.486 [Forwarding getElementAttribute on session b4c44b8ab3ec34df82fcca1e22294ffd to remote] DEBUG org.asynchttpclient.netty.request.NettyRequestSender - Using pooled Channel '[id: 0xa10b78a6, L:/127.0.0.1:61155 - R:localhost/127.0.0.1:39165]' for 'POST' to 'http://localhost:39165/session/b4c44b8ab3ec34df82fcca1e22294ffd/execute/sync'
11:35:53.486 [Forwarding getElementAttribute on session b4c44b8ab3ec34df82fcca1e22294ffd to remote] DEBUG org.asynchttpclient.netty.request.NettyRequestSender - Using open Channel [id: 0xa10b78a6, L:/127.0.0.1:61155 - R:localhost/127.0.0.1:39165] for POST '/session/b4c44b8ab3ec34df82fcca1e22294ffd/execute/sync'
11:35:53.496 [AsyncHttpClient-1-2] DEBUG org.asynchttpclient.netty.handler.HttpHandler - 

Request DefaultHttpRequest(decodeResult: success, version: HTTP/1.1)
POST /session/b4c44b8ab3ec34df82fcca1e22294ffd/execute/sync HTTP/1.1
User-Agent: selenium/4.8.0 (java windows)
Content-Length: 47372
Content-Type: application/json; charset=utf-8
host: localhost:39165
accept: */*

Response DefaultHttpResponse(decodeResult: success, version: HTTP/1.1)
HTTP/1.1 200 OK
Content-Length: 12
Content-Type: application/json; charset=utf-8
cache-control: no-cache

11:35:53.497 [AsyncHttpClient-1-2] DEBUG org.asynchttpclient.netty.channel.ChannelManager - Adding key: http://localhost:39165 for channel [id: 0xa10b78a6, L:/127.0.0.1:61155 - R:localhost/127.0.0.1:39165]
11:35:53.499 [Forwarding getElementAttribute on session b4c44b8ab3ec34df82fcca1e22294ffd to remote] DEBUG org.asynchttpclient.netty.request.NettyRequestSender - Using pooled Channel '[id: 0xa10b78a6, L:/127.0.0.1:61155 - R:localhost/127.0.0.1:39165]' for 'POST' to 'http://localhost:39165/session/b4c44b8ab3ec34df82fcca1e22294ffd/execute/sync'
11:35:53.499 [Forwarding getElementAttribute on session b4c44b8ab3ec34df82fcca1e22294ffd to remote] DEBUG org.asynchttpclient.netty.request.NettyRequestSender - Using open Channel [id: 0xa10b78a6, L:/127.0.0.1:61155 - R:localhost/127.0.0.1:39165] for POST '/session/b4c44b8ab3ec34df82fcca1e22294ffd/execute/sync'
11:35:53.510 [AsyncHttpClient-1-2] DEBUG org.asynchttpclient.netty.handler.HttpHandler - 

Request DefaultHttpRequest(decodeResult: success, version: HTTP/1.1)
POST /session/b4c44b8ab3ec34df82fcca1e22294ffd/execute/sync HTTP/1.1
User-Agent: selenium/4.8.0 (java windows)
Content-Length: 47374
Content-Type: application/json; charset=utf-8
host: localhost:39165
accept: */*

Response DefaultHttpResponse(decodeResult: success, version: HTTP/1.1)
HTTP/1.1 200 OK
Content-Length: 14
Content-Type: application/json; charset=utf-8
cache-control: no-cache

11:35:53.510 [AsyncHttpClient-1-2] DEBUG org.asynchttpclient.netty.channel.ChannelManager - Adding key: http://localhost:39165 for channel [id: 0xa10b78a6, L:/127.0.0.1:61155 - R:localhost/127.0.0.1:39165]
11:35:53.512 [Forwarding getElementAttribute on session b4c44b8ab3ec34df82fcca1e22294ffd to remote] DEBUG org.asynchttpclient.netty.request.NettyRequestSender - Using pooled Channel '[id: 0xa10b78a6, L:/127.0.0.1:61155 - R:localhost/127.0.0.1:39165]' for 'POST' to 'http://localhost:39165/session/b4c44b8ab3ec34df82fcca1e22294ffd/execute/sync'
11:35:53.512 [Forwarding getElementAttribute on session b4c44b8ab3ec34df82fcca1e22294ffd to remote] DEBUG org.asynchttpclient.netty.request.NettyRequestSender - Using open Channel [id: 0xa10b78a6, L:/127.0.0.1:61155 - R:localhost/127.0.0.1:39165] for POST '/session/b4c44b8ab3ec34df82fcca1e22294ffd/execute/sync'
11:35:53.518 [AsyncHttpClient-1-2] DEBUG org.asynchttpclient.netty.handler.HttpHandler - 

Request DefaultHttpRequest(decodeResult: success, version: HTTP/1.1)
POST /session/b4c44b8ab3ec34df82fcca1e22294ffd/execute/sync HTTP/1.1
User-Agent: selenium/4.8.0 (java windows)
Content-Length: 47374
Content-Type: application/json; charset=utf-8
host: localhost:39165
accept: */*

Response DefaultHttpResponse(decodeResult: success, version: HTTP/1.1)
HTTP/1.1 200 OK
Content-Length: 14
Content-Type: application/json; charset=utf-8
cache-control: no-cache

11:35:53.518 [AsyncHttpClient-1-2] DEBUG org.asynchttpclient.netty.channel.ChannelManager - Adding key: http://localhost:39165 for channel [id: 0xa10b78a6, L:/127.0.0.1:61155 - R:localhost/127.0.0.1:39165]
11:35:53.520 [Forwarding getElementAttribute on session b4c44b8ab3ec34df82fcca1e22294ffd to remote] DEBUG org.asynchttpclient.netty.request.NettyRequestSender - Using pooled Channel '[id: 0xa10b78a6, L:/127.0.0.1:61155 - R:localhost/127.0.0.1:39165]' for 'POST' to 'http://localhost:39165/session/b4c44b8ab3ec34df82fcca1e22294ffd/execute/sync'
11:35:53.521 [Forwarding getElementAttribute on session b4c44b8ab3ec34df82fcca1e22294ffd to remote] DEBUG org.asynchttpclient.netty.request.NettyRequestSender - Using open Channel [id: 0xa10b78a6, L:/127.0.0.1:61155 - R:localhost/127.0.0.1:39165] for POST '/session/b4c44b8ab3ec34df82fcca1e22294ffd/execute/sync'
11:35:53.528 [AsyncHttpClient-1-2] DEBUG org.asynchttpclient.netty.handler.HttpHandler - 

Request DefaultHttpRequest(decodeResult: success, version: HTTP/1.1)
POST /session/b4c44b8ab3ec34df82fcca1e22294ffd/execute/sync HTTP/1.1
User-Agent: selenium/4.8.0 (java windows)
Content-Length: 47374
Content-Type: application/json; charset=utf-8
host: localhost:39165
accept: */*

Response DefaultHttpResponse(decodeResult: success, version: HTTP/1.1)
HTTP/1.1 200 OK
Content-Length: 14
Content-Type: application/json; charset=utf-8
cache-control: no-cache

11:35:53.528 [AsyncHttpClient-1-2] DEBUG org.asynchttpclient.netty.channel.ChannelManager - Adding key: http://localhost:39165 for channel [id: 0xa10b78a6, L:/127.0.0.1:61155 - R:localhost/127.0.0.1:39165]
11:35:53.532 [Forwarding getElementAttribute on session b4c44b8ab3ec34df82fcca1e22294ffd to remote] DEBUG org.asynchttpclient.netty.request.NettyRequestSender - Using pooled Channel '[id: 0xa10b78a6, L:/127.0.0.1:61155 - R:localhost/127.0.0.1:39165]' for 'POST' to 'http://localhost:39165/session/b4c44b8ab3ec34df82fcca1e22294ffd/execute/sync'
11:35:53.532 [Forwarding getElementAttribute on session b4c44b8ab3ec34df82fcca1e22294ffd to remote] DEBUG org.asynchttpclient.netty.request.NettyRequestSender - Using open Channel [id: 0xa10b78a6, L:/127.0.0.1:61155 - R:localhost/127.0.0.1:39165] for POST '/session/b4c44b8ab3ec34df82fcca1e22294ffd/execute/sync'
11:35:53.545 [AsyncHttpClient-1-2] DEBUG org.asynchttpclient.netty.handler.HttpHandler - 

Request DefaultHttpRequest(decodeResult: success, version: HTTP/1.1)
POST /session/b4c44b8ab3ec34df82fcca1e22294ffd/execute/sync HTTP/1.1
User-Agent: selenium/4.8.0 (java windows)
Content-Length: 47375
Content-Type: application/json; charset=utf-8
host: localhost:39165
accept: */*

Response DefaultHttpResponse(decodeResult: success, version: HTTP/1.1)
HTTP/1.1 200 OK
Content-Length: 14
Content-Type: application/json; charset=utf-8
cache-control: no-cache

11:35:53.545 [AsyncHttpClient-1-2] DEBUG org.asynchttpclient.netty.channel.ChannelManager - Adding key: http://localhost:39165 for channel [id: 0xa10b78a6, L:/127.0.0.1:61155 - R:localhost/127.0.0.1:39165]
11:35:53.549 [Forwarding getElementAttribute on session b4c44b8ab3ec34df82fcca1e22294ffd to remote] DEBUG org.asynchttpclient.netty.request.NettyRequestSender - Using pooled Channel '[id: 0xa10b78a6, L:/127.0.0.1:61155 - R:localhost/127.0.0.1:39165]' for 'POST' to 'http://localhost:39165/session/b4c44b8ab3ec34df82fcca1e22294ffd/execute/sync'
11:35:53.549 [Forwarding getElementAttribute on session b4c44b8ab3ec34df82fcca1e22294ffd to remote] DEBUG org.asynchttpclient.netty.request.NettyRequestSender - Using open Channel [id: 0xa10b78a6, L:/127.0.0.1:61155 - R:localhost/127.0.0.1:39165] for POST '/session/b4c44b8ab3ec34df82fcca1e22294ffd/execute/sync'
11:35:53.559 [AsyncHttpClient-1-2] DEBUG org.asynchttpclient.netty.handler.HttpHandler - 

Request DefaultHttpRequest(decodeResult: success, version: HTTP/1.1)
POST /session/b4c44b8ab3ec34df82fcca1e22294ffd/execute/sync HTTP/1.1
User-Agent: selenium/4.8.0 (java windows)
Content-Length: 47375
Content-Type: application/json; charset=utf-8
host: localhost:39165
accept: */*

Response DefaultHttpResponse(decodeResult: success, version: HTTP/1.1)
HTTP/1.1 200 OK
Content-Length: 32
Content-Type: application/json; charset=utf-8
cache-control: no-cache

11:35:53.559 [AsyncHttpClient-1-2] DEBUG org.asynchttpclient.netty.channel.ChannelManager - Adding key: http://localhost:39165 for channel [id: 0xa10b78a6, L:/127.0.0.1:61155 - R:localhost/127.0.0.1:39165]
11:35:53.563 [Forwarding getElementAttribute on session b4c44b8ab3ec34df82fcca1e22294ffd to remote] DEBUG org.asynchttpclient.netty.request.NettyRequestSender - Using pooled Channel '[id: 0xa10b78a6, L:/127.0.0.1:61155 - R:localhost/127.0.0.1:39165]' for 'POST' to 'http://localhost:39165/session/b4c44b8ab3ec34df82fcca1e22294ffd/execute/sync'
11:35:53.563 [Forwarding getElementAttribute on session b4c44b8ab3ec34df82fcca1e22294ffd to remote] DEBUG org.asynchttpclient.netty.request.NettyRequestSender - Using open Channel [id: 0xa10b78a6, L:/127.0.0.1:61155 - R:localhost/127.0.0.1:39165] for POST '/session/b4c44b8ab3ec34df82fcca1e22294ffd/execute/sync'
11:35:53.574 [AsyncHttpClient-1-2] DEBUG org.asynchttpclient.netty.handler.HttpHandler - 

Request DefaultHttpRequest(decodeResult: success, version: HTTP/1.1)
POST /session/b4c44b8ab3ec34df82fcca1e22294ffd/execute/sync HTTP/1.1
User-Agent: selenium/4.8.0 (java windows)
Content-Length: 47375
Content-Type: application/json; charset=utf-8
host: localhost:39165
accept: */*

Response DefaultHttpResponse(decodeResult: success, version: HTTP/1.1)
HTTP/1.1 200 OK
Content-Length: 32
Content-Type: application/json; charset=utf-8
cache-control: no-cache

11:35:53.574 [AsyncHttpClient-1-2] DEBUG org.asynchttpclient.netty.channel.ChannelManager - Adding key: http://localhost:39165 for channel [id: 0xa10b78a6, L:/127.0.0.1:61155 - R:localhost/127.0.0.1:39165]
11:35:53.575 [main] INFO  com.swaglabs.base.SetUp - <div class='inventory_item_price'> - InventoryPage.productpricesprice validation passed
11:35:53.577 [Forwarding findElements on session b4c44b8ab3ec34df82fcca1e22294ffd to remote] DEBUG org.asynchttpclient.netty.request.NettyRequestSender - Using pooled Channel '[id: 0xa10b78a6, L:/127.0.0.1:61155 - R:localhost/127.0.0.1:39165]' for 'POST' to 'http://localhost:39165/session/b4c44b8ab3ec34df82fcca1e22294ffd/elements'
11:35:53.577 [Forwarding findElements on session b4c44b8ab3ec34df82fcca1e22294ffd to remote] DEBUG org.asynchttpclient.netty.request.NettyRequestSender - Using open Channel [id: 0xa10b78a6, L:/127.0.0.1:61155 - R:localhost/127.0.0.1:39165] for POST '/session/b4c44b8ab3ec34df82fcca1e22294ffd/elements'
11:35:53.585 [AsyncHttpClient-1-2] DEBUG org.asynchttpclient.netty.handler.HttpHandler - 

Request DefaultHttpRequest(decodeResult: success, version: HTTP/1.1)
POST /session/b4c44b8ab3ec34df82fcca1e22294ffd/elements HTTP/1.1
User-Agent: selenium/4.8.0 (java windows)
Content-Length: 83
Content-Type: application/json; charset=utf-8
host: localhost:39165
accept: */*

Response DefaultHttpResponse(decodeResult: success, version: HTTP/1.1)
HTTP/1.1 200 OK
Content-Length: 527
Content-Type: application/json; charset=utf-8
cache-control: no-cache

11:35:53.585 [AsyncHttpClient-1-2] DEBUG org.asynchttpclient.netty.channel.ChannelManager - Adding key: http://localhost:39165 for channel [id: 0xa10b78a6, L:/127.0.0.1:61155 - R:localhost/127.0.0.1:39165]
11:35:53.586 [Forwarding findElements on session b4c44b8ab3ec34df82fcca1e22294ffd to remote] DEBUG org.asynchttpclient.netty.request.NettyRequestSender - Using pooled Channel '[id: 0xa10b78a6, L:/127.0.0.1:61155 - R:localhost/127.0.0.1:39165]' for 'POST' to 'http://localhost:39165/session/b4c44b8ab3ec34df82fcca1e22294ffd/elements'
11:35:53.586 [Forwarding findElements on session b4c44b8ab3ec34df82fcca1e22294ffd to remote] DEBUG org.asynchttpclient.netty.request.NettyRequestSender - Using open Channel [id: 0xa10b78a6, L:/127.0.0.1:61155 - R:localhost/127.0.0.1:39165] for POST '/session/b4c44b8ab3ec34df82fcca1e22294ffd/elements'
11:35:53.593 [AsyncHttpClient-1-2] DEBUG org.asynchttpclient.netty.handler.HttpHandler - 

Request DefaultHttpRequest(decodeResult: success, version: HTTP/1.1)
POST /session/b4c44b8ab3ec34df82fcca1e22294ffd/elements HTTP/1.1
User-Agent: selenium/4.8.0 (java windows)
Content-Length: 83
Content-Type: application/json; charset=utf-8
host: localhost:39165
accept: */*

Response DefaultHttpResponse(decodeResult: success, version: HTTP/1.1)
HTTP/1.1 200 OK
Content-Length: 527
Content-Type: application/json; charset=utf-8
cache-control: no-cache

11:35:53.593 [AsyncHttpClient-1-2] DEBUG org.asynchttpclient.netty.channel.ChannelManager - Adding key: http://localhost:39165 for channel [id: 0xa10b78a6, L:/127.0.0.1:61155 - R:localhost/127.0.0.1:39165]
11:35:53.595 [Forwarding getElementText on session b4c44b8ab3ec34df82fcca1e22294ffd to remote] DEBUG org.asynchttpclient.netty.request.NettyRequestSender - Using pooled Channel '[id: 0xa10b78a6, L:/127.0.0.1:61155 - R:localhost/127.0.0.1:39165]' for 'GET' to 'http://localhost:39165/session/b4c44b8ab3ec34df82fcca1e22294ffd/element/D6FCA329F55A989BAF0E516CCCB7C1E0_element_37/text'
11:35:53.595 [Forwarding getElementText on session b4c44b8ab3ec34df82fcca1e22294ffd to remote] DEBUG org.asynchttpclient.netty.request.NettyRequestSender - Using open Channel [id: 0xa10b78a6, L:/127.0.0.1:61155 - R:localhost/127.0.0.1:39165] for GET '/session/b4c44b8ab3ec34df82fcca1e22294ffd/element/D6FCA329F55A989BAF0E516CCCB7C1E0_element_37/text'
11:35:53.604 [AsyncHttpClient-1-2] DEBUG org.asynchttpclient.netty.handler.HttpHandler - 

Request DefaultFullHttpRequest(decodeResult: success, version: HTTP/1.1, content: EmptyByteBufBE)
GET /session/b4c44b8ab3ec34df82fcca1e22294ffd/element/D6FCA329F55A989BAF0E516CCCB7C1E0_element_37/text HTTP/1.1
User-Agent: selenium/4.8.0 (java windows)
Cache-Control: no-cache
Content-Type: application/json; charset=utf-8
host: localhost:39165
accept: */*

Response DefaultHttpResponse(decodeResult: success, version: HTTP/1.1)
HTTP/1.1 200 OK
Content-Length: 17
Content-Type: application/json; charset=utf-8
cache-control: no-cache

11:35:53.604 [AsyncHttpClient-1-2] DEBUG org.asynchttpclient.netty.channel.ChannelManager - Adding key: http://localhost:39165 for channel [id: 0xa10b78a6, L:/127.0.0.1:61155 - R:localhost/127.0.0.1:39165]
11:35:53.605 [Forwarding findElements on session b4c44b8ab3ec34df82fcca1e22294ffd to remote] DEBUG org.asynchttpclient.netty.request.NettyRequestSender - Using pooled Channel '[id: 0xa10b78a6, L:/127.0.0.1:61155 - R:localhost/127.0.0.1:39165]' for 'POST' to 'http://localhost:39165/session/b4c44b8ab3ec34df82fcca1e22294ffd/elements'
11:35:53.606 [Forwarding findElements on session b4c44b8ab3ec34df82fcca1e22294ffd to remote] DEBUG org.asynchttpclient.netty.request.NettyRequestSender - Using open Channel [id: 0xa10b78a6, L:/127.0.0.1:61155 - R:localhost/127.0.0.1:39165] for POST '/session/b4c44b8ab3ec34df82fcca1e22294ffd/elements'
11:35:53.615 [AsyncHttpClient-1-2] DEBUG org.asynchttpclient.netty.handler.HttpHandler - 

Request DefaultHttpRequest(decodeResult: success, version: HTTP/1.1)
POST /session/b4c44b8ab3ec34df82fcca1e22294ffd/elements HTTP/1.1
User-Agent: selenium/4.8.0 (java windows)
Content-Length: 83
Content-Type: application/json; charset=utf-8
host: localhost:39165
accept: */*

Response DefaultHttpResponse(decodeResult: success, version: HTTP/1.1)
HTTP/1.1 200 OK
Content-Length: 527
Content-Type: application/json; charset=utf-8
cache-control: no-cache

11:35:53.615 [AsyncHttpClient-1-2] DEBUG org.asynchttpclient.netty.channel.ChannelManager - Adding key: http://localhost:39165 for channel [id: 0xa10b78a6, L:/127.0.0.1:61155 - R:localhost/127.0.0.1:39165]
11:35:53.616 [Forwarding getElementText on session b4c44b8ab3ec34df82fcca1e22294ffd to remote] DEBUG org.asynchttpclient.netty.request.NettyRequestSender - Using pooled Channel '[id: 0xa10b78a6, L:/127.0.0.1:61155 - R:localhost/127.0.0.1:39165]' for 'GET' to 'http://localhost:39165/session/b4c44b8ab3ec34df82fcca1e22294ffd/element/D6FCA329F55A989BAF0E516CCCB7C1E0_element_37/text'
11:35:53.616 [Forwarding getElementText on session b4c44b8ab3ec34df82fcca1e22294ffd to remote] DEBUG org.asynchttpclient.netty.request.NettyRequestSender - Using open Channel [id: 0xa10b78a6, L:/127.0.0.1:61155 - R:localhost/127.0.0.1:39165] for GET '/session/b4c44b8ab3ec34df82fcca1e22294ffd/element/D6FCA329F55A989BAF0E516CCCB7C1E0_element_37/text'
11:35:53.623 [AsyncHttpClient-1-2] DEBUG org.asynchttpclient.netty.handler.HttpHandler - 

Request DefaultFullHttpRequest(decodeResult: success, version: HTTP/1.1, content: EmptyByteBufBE)
GET /session/b4c44b8ab3ec34df82fcca1e22294ffd/element/D6FCA329F55A989BAF0E516CCCB7C1E0_element_37/text HTTP/1.1
User-Agent: selenium/4.8.0 (java windows)
Cache-Control: no-cache
Content-Type: application/json; charset=utf-8
host: localhost:39165
accept: */*

Response DefaultHttpResponse(decodeResult: success, version: HTTP/1.1)
HTTP/1.1 200 OK
Content-Length: 17
Content-Type: application/json; charset=utf-8
cache-control: no-cache

11:35:53.623 [AsyncHttpClient-1-2] DEBUG org.asynchttpclient.netty.channel.ChannelManager - Adding key: http://localhost:39165 for channel [id: 0xa10b78a6, L:/127.0.0.1:61155 - R:localhost/127.0.0.1:39165]
11:35:53.624 [Forwarding findElements on session b4c44b8ab3ec34df82fcca1e22294ffd to remote] DEBUG org.asynchttpclient.netty.request.NettyRequestSender - Using pooled Channel '[id: 0xa10b78a6, L:/127.0.0.1:61155 - R:localhost/127.0.0.1:39165]' for 'POST' to 'http://localhost:39165/session/b4c44b8ab3ec34df82fcca1e22294ffd/elements'
11:35:53.624 [Forwarding findElements on session b4c44b8ab3ec34df82fcca1e22294ffd to remote] DEBUG org.asynchttpclient.netty.request.NettyRequestSender - Using open Channel [id: 0xa10b78a6, L:/127.0.0.1:61155 - R:localhost/127.0.0.1:39165] for POST '/session/b4c44b8ab3ec34df82fcca1e22294ffd/elements'
11:35:53.630 [AsyncHttpClient-1-2] DEBUG org.asynchttpclient.netty.handler.HttpHandler - 

Request DefaultHttpRequest(decodeResult: success, version: HTTP/1.1)
POST /session/b4c44b8ab3ec34df82fcca1e22294ffd/elements HTTP/1.1
User-Agent: selenium/4.8.0 (java windows)
Content-Length: 83
Content-Type: application/json; charset=utf-8
host: localhost:39165
accept: */*

Response DefaultHttpResponse(decodeResult: success, version: HTTP/1.1)
HTTP/1.1 200 OK
Content-Length: 527
Content-Type: application/json; charset=utf-8
cache-control: no-cache

11:35:53.630 [AsyncHttpClient-1-2] DEBUG org.asynchttpclient.netty.channel.ChannelManager - Adding key: http://localhost:39165 for channel [id: 0xa10b78a6, L:/127.0.0.1:61155 - R:localhost/127.0.0.1:39165]
11:35:53.630 [Forwarding getElementTagName on session b4c44b8ab3ec34df82fcca1e22294ffd to remote] DEBUG org.asynchttpclient.netty.request.NettyRequestSender - Using pooled Channel '[id: 0xa10b78a6, L:/127.0.0.1:61155 - R:localhost/127.0.0.1:39165]' for 'GET' to 'http://localhost:39165/session/b4c44b8ab3ec34df82fcca1e22294ffd/element/D6FCA329F55A989BAF0E516CCCB7C1E0_element_37/name'
11:35:53.630 [Forwarding getElementTagName on session b4c44b8ab3ec34df82fcca1e22294ffd to remote] DEBUG org.asynchttpclient.netty.request.NettyRequestSender - Using open Channel [id: 0xa10b78a6, L:/127.0.0.1:61155 - R:localhost/127.0.0.1:39165] for GET '/session/b4c44b8ab3ec34df82fcca1e22294ffd/element/D6FCA329F55A989BAF0E516CCCB7C1E0_element_37/name'
11:35:53.639 [AsyncHttpClient-1-2] DEBUG org.asynchttpclient.netty.handler.HttpHandler - 

Request DefaultFullHttpRequest(decodeResult: success, version: HTTP/1.1, content: EmptyByteBufBE)
GET /session/b4c44b8ab3ec34df82fcca1e22294ffd/element/D6FCA329F55A989BAF0E516CCCB7C1E0_element_37/name HTTP/1.1
User-Agent: selenium/4.8.0 (java windows)
Cache-Control: no-cache
Content-Type: application/json; charset=utf-8
host: localhost:39165
accept: */*

Response DefaultHttpResponse(decodeResult: success, version: HTTP/1.1)
HTTP/1.1 200 OK
Content-Length: 15
Content-Type: application/json; charset=utf-8
cache-control: no-cache

11:35:53.639 [AsyncHttpClient-1-2] DEBUG org.asynchttpclient.netty.channel.ChannelManager - Adding key: http://localhost:39165 for channel [id: 0xa10b78a6, L:/127.0.0.1:61155 - R:localhost/127.0.0.1:39165]
11:35:53.641 [Forwarding getElementAttribute on session b4c44b8ab3ec34df82fcca1e22294ffd to remote] DEBUG org.asynchttpclient.netty.request.NettyRequestSender - Using pooled Channel '[id: 0xa10b78a6, L:/127.0.0.1:61155 - R:localhost/127.0.0.1:39165]' for 'POST' to 'http://localhost:39165/session/b4c44b8ab3ec34df82fcca1e22294ffd/execute/sync'
11:35:53.641 [Forwarding getElementAttribute on session b4c44b8ab3ec34df82fcca1e22294ffd to remote] DEBUG org.asynchttpclient.netty.request.NettyRequestSender - Using open Channel [id: 0xa10b78a6, L:/127.0.0.1:61155 - R:localhost/127.0.0.1:39165] for POST '/session/b4c44b8ab3ec34df82fcca1e22294ffd/execute/sync'
11:35:53.651 [AsyncHttpClient-1-2] DEBUG org.asynchttpclient.netty.handler.HttpHandler - 

Request DefaultHttpRequest(decodeResult: success, version: HTTP/1.1)
POST /session/b4c44b8ab3ec34df82fcca1e22294ffd/execute/sync HTTP/1.1
User-Agent: selenium/4.8.0 (java windows)
Content-Length: 47372
Content-Type: application/json; charset=utf-8
host: localhost:39165
accept: */*

Response DefaultHttpResponse(decodeResult: success, version: HTTP/1.1)
HTTP/1.1 200 OK
Content-Length: 12
Content-Type: application/json; charset=utf-8
cache-control: no-cache

11:35:53.651 [AsyncHttpClient-1-2] DEBUG org.asynchttpclient.netty.channel.ChannelManager - Adding key: http://localhost:39165 for channel [id: 0xa10b78a6, L:/127.0.0.1:61155 - R:localhost/127.0.0.1:39165]
11:35:53.654 [Forwarding getElementAttribute on session b4c44b8ab3ec34df82fcca1e22294ffd to remote] DEBUG org.asynchttpclient.netty.request.NettyRequestSender - Using pooled Channel '[id: 0xa10b78a6, L:/127.0.0.1:61155 - R:localhost/127.0.0.1:39165]' for 'POST' to 'http://localhost:39165/session/b4c44b8ab3ec34df82fcca1e22294ffd/execute/sync'
11:35:53.654 [Forwarding getElementAttribute on session b4c44b8ab3ec34df82fcca1e22294ffd to remote] DEBUG org.asynchttpclient.netty.request.NettyRequestSender - Using open Channel [id: 0xa10b78a6, L:/127.0.0.1:61155 - R:localhost/127.0.0.1:39165] for POST '/session/b4c44b8ab3ec34df82fcca1e22294ffd/execute/sync'
11:35:53.664 [AsyncHttpClient-1-2] DEBUG org.asynchttpclient.netty.handler.HttpHandler - 

Request DefaultHttpRequest(decodeResult: success, version: HTTP/1.1)
POST /session/b4c44b8ab3ec34df82fcca1e22294ffd/execute/sync HTTP/1.1
User-Agent: selenium/4.8.0 (java windows)
Content-Length: 47374
Content-Type: application/json; charset=utf-8
host: localhost:39165
accept: */*

Response DefaultHttpResponse(decodeResult: success, version: HTTP/1.1)
HTTP/1.1 200 OK
Content-Length: 14
Content-Type: application/json; charset=utf-8
cache-control: no-cache

11:35:53.665 [AsyncHttpClient-1-2] DEBUG org.asynchttpclient.netty.channel.ChannelManager - Adding key: http://localhost:39165 for channel [id: 0xa10b78a6, L:/127.0.0.1:61155 - R:localhost/127.0.0.1:39165]
11:35:53.668 [Forwarding getElementAttribute on session b4c44b8ab3ec34df82fcca1e22294ffd to remote] DEBUG org.asynchttpclient.netty.request.NettyRequestSender - Using pooled Channel '[id: 0xa10b78a6, L:/127.0.0.1:61155 - R:localhost/127.0.0.1:39165]' for 'POST' to 'http://localhost:39165/session/b4c44b8ab3ec34df82fcca1e22294ffd/execute/sync'
11:35:53.668 [Forwarding getElementAttribute on session b4c44b8ab3ec34df82fcca1e22294ffd to remote] DEBUG org.asynchttpclient.netty.request.NettyRequestSender - Using open Channel [id: 0xa10b78a6, L:/127.0.0.1:61155 - R:localhost/127.0.0.1:39165] for POST '/session/b4c44b8ab3ec34df82fcca1e22294ffd/execute/sync'
11:35:53.679 [AsyncHttpClient-1-2] DEBUG org.asynchttpclient.netty.handler.HttpHandler - 

Request DefaultHttpRequest(decodeResult: success, version: HTTP/1.1)
POST /session/b4c44b8ab3ec34df82fcca1e22294ffd/execute/sync HTTP/1.1
User-Agent: selenium/4.8.0 (java windows)
Content-Length: 47374
Content-Type: application/json; charset=utf-8
host: localhost:39165
accept: */*

Response DefaultHttpResponse(decodeResult: success, version: HTTP/1.1)
HTTP/1.1 200 OK
Content-Length: 14
Content-Type: application/json; charset=utf-8
cache-control: no-cache

11:35:53.679 [AsyncHttpClient-1-2] DEBUG org.asynchttpclient.netty.channel.ChannelManager - Adding key: http://localhost:39165 for channel [id: 0xa10b78a6, L:/127.0.0.1:61155 - R:localhost/127.0.0.1:39165]
11:35:53.682 [Forwarding getElementAttribute on session b4c44b8ab3ec34df82fcca1e22294ffd to remote] DEBUG org.asynchttpclient.netty.request.NettyRequestSender - Using pooled Channel '[id: 0xa10b78a6, L:/127.0.0.1:61155 - R:localhost/127.0.0.1:39165]' for 'POST' to 'http://localhost:39165/session/b4c44b8ab3ec34df82fcca1e22294ffd/execute/sync'
11:35:53.682 [Forwarding getElementAttribute on session b4c44b8ab3ec34df82fcca1e22294ffd to remote] DEBUG org.asynchttpclient.netty.request.NettyRequestSender - Using open Channel [id: 0xa10b78a6, L:/127.0.0.1:61155 - R:localhost/127.0.0.1:39165] for POST '/session/b4c44b8ab3ec34df82fcca1e22294ffd/execute/sync'
11:35:53.689 [AsyncHttpClient-1-2] DEBUG org.asynchttpclient.netty.handler.HttpHandler - 

Request DefaultHttpRequest(decodeResult: success, version: HTTP/1.1)
POST /session/b4c44b8ab3ec34df82fcca1e22294ffd/execute/sync HTTP/1.1
User-Agent: selenium/4.8.0 (java windows)
Content-Length: 47374
Content-Type: application/json; charset=utf-8
host: localhost:39165
accept: */*

Response DefaultHttpResponse(decodeResult: success, version: HTTP/1.1)
HTTP/1.1 200 OK
Content-Length: 14
Content-Type: application/json; charset=utf-8
cache-control: no-cache

11:35:53.690 [AsyncHttpClient-1-2] DEBUG org.asynchttpclient.netty.channel.ChannelManager - Adding key: http://localhost:39165 for channel [id: 0xa10b78a6, L:/127.0.0.1:61155 - R:localhost/127.0.0.1:39165]
11:35:53.692 [Forwarding getElementAttribute on session b4c44b8ab3ec34df82fcca1e22294ffd to remote] DEBUG org.asynchttpclient.netty.request.NettyRequestSender - Using pooled Channel '[id: 0xa10b78a6, L:/127.0.0.1:61155 - R:localhost/127.0.0.1:39165]' for 'POST' to 'http://localhost:39165/session/b4c44b8ab3ec34df82fcca1e22294ffd/execute/sync'
11:35:53.692 [Forwarding getElementAttribute on session b4c44b8ab3ec34df82fcca1e22294ffd to remote] DEBUG org.asynchttpclient.netty.request.NettyRequestSender - Using open Channel [id: 0xa10b78a6, L:/127.0.0.1:61155 - R:localhost/127.0.0.1:39165] for POST '/session/b4c44b8ab3ec34df82fcca1e22294ffd/execute/sync'
11:35:53.701 [AsyncHttpClient-1-2] DEBUG org.asynchttpclient.netty.handler.HttpHandler - 

Request DefaultHttpRequest(decodeResult: success, version: HTTP/1.1)
POST /session/b4c44b8ab3ec34df82fcca1e22294ffd/execute/sync HTTP/1.1
User-Agent: selenium/4.8.0 (java windows)
Content-Length: 47375
Content-Type: application/json; charset=utf-8
host: localhost:39165
accept: */*

Response DefaultHttpResponse(decodeResult: success, version: HTTP/1.1)
HTTP/1.1 200 OK
Content-Length: 14
Content-Type: application/json; charset=utf-8
cache-control: no-cache

11:35:53.701 [AsyncHttpClient-1-2] DEBUG org.asynchttpclient.netty.channel.ChannelManager - Adding key: http://localhost:39165 for channel [id: 0xa10b78a6, L:/127.0.0.1:61155 - R:localhost/127.0.0.1:39165]
11:35:53.706 [Forwarding getElementAttribute on session b4c44b8ab3ec34df82fcca1e22294ffd to remote] DEBUG org.asynchttpclient.netty.request.NettyRequestSender - Using pooled Channel '[id: 0xa10b78a6, L:/127.0.0.1:61155 - R:localhost/127.0.0.1:39165]' for 'POST' to 'http://localhost:39165/session/b4c44b8ab3ec34df82fcca1e22294ffd/execute/sync'
11:35:53.706 [Forwarding getElementAttribute on session b4c44b8ab3ec34df82fcca1e22294ffd to remote] DEBUG org.asynchttpclient.netty.request.NettyRequestSender - Using open Channel [id: 0xa10b78a6, L:/127.0.0.1:61155 - R:localhost/127.0.0.1:39165] for POST '/session/b4c44b8ab3ec34df82fcca1e22294ffd/execute/sync'
11:35:53.713 [AsyncHttpClient-1-2] DEBUG org.asynchttpclient.netty.handler.HttpHandler - 

Request DefaultHttpRequest(decodeResult: success, version: HTTP/1.1)
POST /session/b4c44b8ab3ec34df82fcca1e22294ffd/execute/sync HTTP/1.1
User-Agent: selenium/4.8.0 (java windows)
Content-Length: 47375
Content-Type: application/json; charset=utf-8
host: localhost:39165
accept: */*

Response DefaultHttpResponse(decodeResult: success, version: HTTP/1.1)
HTTP/1.1 200 OK
Content-Length: 32
Content-Type: application/json; charset=utf-8
cache-control: no-cache

11:35:53.713 [AsyncHttpClient-1-2] DEBUG org.asynchttpclient.netty.channel.ChannelManager - Adding key: http://localhost:39165 for channel [id: 0xa10b78a6, L:/127.0.0.1:61155 - R:localhost/127.0.0.1:39165]
11:35:53.714 [Forwarding getElementAttribute on session b4c44b8ab3ec34df82fcca1e22294ffd to remote] DEBUG org.asynchttpclient.netty.request.NettyRequestSender - Using pooled Channel '[id: 0xa10b78a6, L:/127.0.0.1:61155 - R:localhost/127.0.0.1:39165]' for 'POST' to 'http://localhost:39165/session/b4c44b8ab3ec34df82fcca1e22294ffd/execute/sync'
11:35:53.714 [Forwarding getElementAttribute on session b4c44b8ab3ec34df82fcca1e22294ffd to remote] DEBUG org.asynchttpclient.netty.request.NettyRequestSender - Using open Channel [id: 0xa10b78a6, L:/127.0.0.1:61155 - R:localhost/127.0.0.1:39165] for POST '/session/b4c44b8ab3ec34df82fcca1e22294ffd/execute/sync'
11:35:53.724 [AsyncHttpClient-1-2] DEBUG org.asynchttpclient.netty.handler.HttpHandler - 

Request DefaultHttpRequest(decodeResult: success, version: HTTP/1.1)
POST /session/b4c44b8ab3ec34df82fcca1e22294ffd/execute/sync HTTP/1.1
User-Agent: selenium/4.8.0 (java windows)
Content-Length: 47375
Content-Type: application/json; charset=utf-8
host: localhost:39165
accept: */*

Response DefaultHttpResponse(decodeResult: success, version: HTTP/1.1)
HTTP/1.1 200 OK
Content-Length: 32
Content-Type: application/json; charset=utf-8
cache-control: no-cache

11:35:53.724 [AsyncHttpClient-1-2] DEBUG org.asynchttpclient.netty.channel.ChannelManager - Adding key: http://localhost:39165 for channel [id: 0xa10b78a6, L:/127.0.0.1:61155 - R:localhost/127.0.0.1:39165]
11:35:53.724 [main] INFO  com.swaglabs.base.SetUp - <div class='inventory_item_price'> - InventoryPage.productpricesprice validation passed
11:35:53.725 [Forwarding findElements on session b4c44b8ab3ec34df82fcca1e22294ffd to remote] DEBUG org.asynchttpclient.netty.request.NettyRequestSender - Using pooled Channel '[id: 0xa10b78a6, L:/127.0.0.1:61155 - R:localhost/127.0.0.1:39165]' for 'POST' to 'http://localhost:39165/session/b4c44b8ab3ec34df82fcca1e22294ffd/elements'
11:35:53.725 [Forwarding findElements on session b4c44b8ab3ec34df82fcca1e22294ffd to remote] DEBUG org.asynchttpclient.netty.request.NettyRequestSender - Using open Channel [id: 0xa10b78a6, L:/127.0.0.1:61155 - R:localhost/127.0.0.1:39165] for POST '/session/b4c44b8ab3ec34df82fcca1e22294ffd/elements'
11:35:53.731 [AsyncHttpClient-1-2] DEBUG org.asynchttpclient.netty.handler.HttpHandler - 

Request DefaultHttpRequest(decodeResult: success, version: HTTP/1.1)
POST /session/b4c44b8ab3ec34df82fcca1e22294ffd/elements HTTP/1.1
User-Agent: selenium/4.8.0 (java windows)
Content-Length: 83
Content-Type: application/json; charset=utf-8
host: localhost:39165
accept: */*

Response DefaultHttpResponse(decodeResult: success, version: HTTP/1.1)
HTTP/1.1 200 OK
Content-Length: 527
Content-Type: application/json; charset=utf-8
cache-control: no-cache

11:35:53.731 [AsyncHttpClient-1-2] DEBUG org.asynchttpclient.netty.channel.ChannelManager - Adding key: http://localhost:39165 for channel [id: 0xa10b78a6, L:/127.0.0.1:61155 - R:localhost/127.0.0.1:39165]
11:35:53.733 [Forwarding findElements on session b4c44b8ab3ec34df82fcca1e22294ffd to remote] DEBUG org.asynchttpclient.netty.request.NettyRequestSender - Using pooled Channel '[id: 0xa10b78a6, L:/127.0.0.1:61155 - R:localhost/127.0.0.1:39165]' for 'POST' to 'http://localhost:39165/session/b4c44b8ab3ec34df82fcca1e22294ffd/elements'
11:35:53.733 [Forwarding findElements on session b4c44b8ab3ec34df82fcca1e22294ffd to remote] DEBUG org.asynchttpclient.netty.request.NettyRequestSender - Using open Channel [id: 0xa10b78a6, L:/127.0.0.1:61155 - R:localhost/127.0.0.1:39165] for POST '/session/b4c44b8ab3ec34df82fcca1e22294ffd/elements'
11:35:53.740 [AsyncHttpClient-1-2] DEBUG org.asynchttpclient.netty.handler.HttpHandler - 

Request DefaultHttpRequest(decodeResult: success, version: HTTP/1.1)
POST /session/b4c44b8ab3ec34df82fcca1e22294ffd/elements HTTP/1.1
User-Agent: selenium/4.8.0 (java windows)
Content-Length: 83
Content-Type: application/json; charset=utf-8
host: localhost:39165
accept: */*

Response DefaultHttpResponse(decodeResult: success, version: HTTP/1.1)
HTTP/1.1 200 OK
Content-Length: 527
Content-Type: application/json; charset=utf-8
cache-control: no-cache

11:35:53.740 [AsyncHttpClient-1-2] DEBUG org.asynchttpclient.netty.channel.ChannelManager - Adding key: http://localhost:39165 for channel [id: 0xa10b78a6, L:/127.0.0.1:61155 - R:localhost/127.0.0.1:39165]
11:35:53.742 [Forwarding getElementText on session b4c44b8ab3ec34df82fcca1e22294ffd to remote] DEBUG org.asynchttpclient.netty.request.NettyRequestSender - Using pooled Channel '[id: 0xa10b78a6, L:/127.0.0.1:61155 - R:localhost/127.0.0.1:39165]' for 'GET' to 'http://localhost:39165/session/b4c44b8ab3ec34df82fcca1e22294ffd/element/D6FCA329F55A989BAF0E516CCCB7C1E0_element_40/text'
11:35:53.742 [Forwarding getElementText on session b4c44b8ab3ec34df82fcca1e22294ffd to remote] DEBUG org.asynchttpclient.netty.request.NettyRequestSender - Using open Channel [id: 0xa10b78a6, L:/127.0.0.1:61155 - R:localhost/127.0.0.1:39165] for GET '/session/b4c44b8ab3ec34df82fcca1e22294ffd/element/D6FCA329F55A989BAF0E516CCCB7C1E0_element_40/text'
11:35:53.751 [AsyncHttpClient-1-2] DEBUG org.asynchttpclient.netty.handler.HttpHandler - 

Request DefaultFullHttpRequest(decodeResult: success, version: HTTP/1.1, content: EmptyByteBufBE)
GET /session/b4c44b8ab3ec34df82fcca1e22294ffd/element/D6FCA329F55A989BAF0E516CCCB7C1E0_element_40/text HTTP/1.1
User-Agent: selenium/4.8.0 (java windows)
Cache-Control: no-cache
Content-Type: application/json; charset=utf-8
host: localhost:39165
accept: */*

Response DefaultHttpResponse(decodeResult: success, version: HTTP/1.1)
HTTP/1.1 200 OK
Content-Length: 17
Content-Type: application/json; charset=utf-8
cache-control: no-cache

11:35:53.751 [AsyncHttpClient-1-2] DEBUG org.asynchttpclient.netty.channel.ChannelManager - Adding key: http://localhost:39165 for channel [id: 0xa10b78a6, L:/127.0.0.1:61155 - R:localhost/127.0.0.1:39165]
11:35:53.754 [Forwarding findElements on session b4c44b8ab3ec34df82fcca1e22294ffd to remote] DEBUG org.asynchttpclient.netty.request.NettyRequestSender - Using pooled Channel '[id: 0xa10b78a6, L:/127.0.0.1:61155 - R:localhost/127.0.0.1:39165]' for 'POST' to 'http://localhost:39165/session/b4c44b8ab3ec34df82fcca1e22294ffd/elements'
11:35:53.754 [Forwarding findElements on session b4c44b8ab3ec34df82fcca1e22294ffd to remote] DEBUG org.asynchttpclient.netty.request.NettyRequestSender - Using open Channel [id: 0xa10b78a6, L:/127.0.0.1:61155 - R:localhost/127.0.0.1:39165] for POST '/session/b4c44b8ab3ec34df82fcca1e22294ffd/elements'
11:35:53.761 [AsyncHttpClient-1-2] DEBUG org.asynchttpclient.netty.handler.HttpHandler - 

Request DefaultHttpRequest(decodeResult: success, version: HTTP/1.1)
POST /session/b4c44b8ab3ec34df82fcca1e22294ffd/elements HTTP/1.1
User-Agent: selenium/4.8.0 (java windows)
Content-Length: 83
Content-Type: application/json; charset=utf-8
host: localhost:39165
accept: */*

Response DefaultHttpResponse(decodeResult: success, version: HTTP/1.1)
HTTP/1.1 200 OK
Content-Length: 527
Content-Type: application/json; charset=utf-8
cache-control: no-cache

11:35:53.761 [AsyncHttpClient-1-2] DEBUG org.asynchttpclient.netty.channel.ChannelManager - Adding key: http://localhost:39165 for channel [id: 0xa10b78a6, L:/127.0.0.1:61155 - R:localhost/127.0.0.1:39165]
11:35:53.762 [Forwarding getElementText on session b4c44b8ab3ec34df82fcca1e22294ffd to remote] DEBUG org.asynchttpclient.netty.request.NettyRequestSender - Using pooled Channel '[id: 0xa10b78a6, L:/127.0.0.1:61155 - R:localhost/127.0.0.1:39165]' for 'GET' to 'http://localhost:39165/session/b4c44b8ab3ec34df82fcca1e22294ffd/element/D6FCA329F55A989BAF0E516CCCB7C1E0_element_40/text'
11:35:53.762 [Forwarding getElementText on session b4c44b8ab3ec34df82fcca1e22294ffd to remote] DEBUG org.asynchttpclient.netty.request.NettyRequestSender - Using open Channel [id: 0xa10b78a6, L:/127.0.0.1:61155 - R:localhost/127.0.0.1:39165] for GET '/session/b4c44b8ab3ec34df82fcca1e22294ffd/element/D6FCA329F55A989BAF0E516CCCB7C1E0_element_40/text'
11:35:53.772 [AsyncHttpClient-1-2] DEBUG org.asynchttpclient.netty.handler.HttpHandler - 

Request DefaultFullHttpRequest(decodeResult: success, version: HTTP/1.1, content: EmptyByteBufBE)
GET /session/b4c44b8ab3ec34df82fcca1e22294ffd/element/D6FCA329F55A989BAF0E516CCCB7C1E0_element_40/text HTTP/1.1
User-Agent: selenium/4.8.0 (java windows)
Cache-Control: no-cache
Content-Type: application/json; charset=utf-8
host: localhost:39165
accept: */*

Response DefaultHttpResponse(decodeResult: success, version: HTTP/1.1)
HTTP/1.1 200 OK
Content-Length: 17
Content-Type: application/json; charset=utf-8
cache-control: no-cache

11:35:53.772 [AsyncHttpClient-1-2] DEBUG org.asynchttpclient.netty.channel.ChannelManager - Adding key: http://localhost:39165 for channel [id: 0xa10b78a6, L:/127.0.0.1:61155 - R:localhost/127.0.0.1:39165]
11:35:53.774 [Forwarding findElements on session b4c44b8ab3ec34df82fcca1e22294ffd to remote] DEBUG org.asynchttpclient.netty.request.NettyRequestSender - Using pooled Channel '[id: 0xa10b78a6, L:/127.0.0.1:61155 - R:localhost/127.0.0.1:39165]' for 'POST' to 'http://localhost:39165/session/b4c44b8ab3ec34df82fcca1e22294ffd/elements'
11:35:53.774 [Forwarding findElements on session b4c44b8ab3ec34df82fcca1e22294ffd to remote] DEBUG org.asynchttpclient.netty.request.NettyRequestSender - Using open Channel [id: 0xa10b78a6, L:/127.0.0.1:61155 - R:localhost/127.0.0.1:39165] for POST '/session/b4c44b8ab3ec34df82fcca1e22294ffd/elements'
11:35:53.783 [AsyncHttpClient-1-2] DEBUG org.asynchttpclient.netty.handler.HttpHandler - 

Request DefaultHttpRequest(decodeResult: success, version: HTTP/1.1)
POST /session/b4c44b8ab3ec34df82fcca1e22294ffd/elements HTTP/1.1
User-Agent: selenium/4.8.0 (java windows)
Content-Length: 83
Content-Type: application/json; charset=utf-8
host: localhost:39165
accept: */*

Response DefaultHttpResponse(decodeResult: success, version: HTTP/1.1)
HTTP/1.1 200 OK
Content-Length: 527
Content-Type: application/json; charset=utf-8
cache-control: no-cache

11:35:53.783 [AsyncHttpClient-1-2] DEBUG org.asynchttpclient.netty.channel.ChannelManager - Adding key: http://localhost:39165 for channel [id: 0xa10b78a6, L:/127.0.0.1:61155 - R:localhost/127.0.0.1:39165]
11:35:53.784 [Forwarding getElementTagName on session b4c44b8ab3ec34df82fcca1e22294ffd to remote] DEBUG org.asynchttpclient.netty.request.NettyRequestSender - Using pooled Channel '[id: 0xa10b78a6, L:/127.0.0.1:61155 - R:localhost/127.0.0.1:39165]' for 'GET' to 'http://localhost:39165/session/b4c44b8ab3ec34df82fcca1e22294ffd/element/D6FCA329F55A989BAF0E516CCCB7C1E0_element_40/name'
11:35:53.784 [Forwarding getElementTagName on session b4c44b8ab3ec34df82fcca1e22294ffd to remote] DEBUG org.asynchttpclient.netty.request.NettyRequestSender - Using open Channel [id: 0xa10b78a6, L:/127.0.0.1:61155 - R:localhost/127.0.0.1:39165] for GET '/session/b4c44b8ab3ec34df82fcca1e22294ffd/element/D6FCA329F55A989BAF0E516CCCB7C1E0_element_40/name'
11:35:53.789 [AsyncHttpClient-1-2] DEBUG org.asynchttpclient.netty.handler.HttpHandler - 

Request DefaultFullHttpRequest(decodeResult: success, version: HTTP/1.1, content: EmptyByteBufBE)
GET /session/b4c44b8ab3ec34df82fcca1e22294ffd/element/D6FCA329F55A989BAF0E516CCCB7C1E0_element_40/name HTTP/1.1
User-Agent: selenium/4.8.0 (java windows)
Cache-Control: no-cache
Content-Type: application/json; charset=utf-8
host: localhost:39165
accept: */*

Response DefaultHttpResponse(decodeResult: success, version: HTTP/1.1)
HTTP/1.1 200 OK
Content-Length: 15
Content-Type: application/json; charset=utf-8
cache-control: no-cache

11:35:53.789 [AsyncHttpClient-1-2] DEBUG org.asynchttpclient.netty.channel.ChannelManager - Adding key: http://localhost:39165 for channel [id: 0xa10b78a6, L:/127.0.0.1:61155 - R:localhost/127.0.0.1:39165]
11:35:53.792 [Forwarding getElementAttribute on session b4c44b8ab3ec34df82fcca1e22294ffd to remote] DEBUG org.asynchttpclient.netty.request.NettyRequestSender - Using pooled Channel '[id: 0xa10b78a6, L:/127.0.0.1:61155 - R:localhost/127.0.0.1:39165]' for 'POST' to 'http://localhost:39165/session/b4c44b8ab3ec34df82fcca1e22294ffd/execute/sync'
11:35:53.792 [Forwarding getElementAttribute on session b4c44b8ab3ec34df82fcca1e22294ffd to remote] DEBUG org.asynchttpclient.netty.request.NettyRequestSender - Using open Channel [id: 0xa10b78a6, L:/127.0.0.1:61155 - R:localhost/127.0.0.1:39165] for POST '/session/b4c44b8ab3ec34df82fcca1e22294ffd/execute/sync'
11:35:53.803 [AsyncHttpClient-1-2] DEBUG org.asynchttpclient.netty.handler.HttpHandler - 

Request DefaultHttpRequest(decodeResult: success, version: HTTP/1.1)
POST /session/b4c44b8ab3ec34df82fcca1e22294ffd/execute/sync HTTP/1.1
User-Agent: selenium/4.8.0 (java windows)
Content-Length: 47372
Content-Type: application/json; charset=utf-8
host: localhost:39165
accept: */*

Response DefaultHttpResponse(decodeResult: success, version: HTTP/1.1)
HTTP/1.1 200 OK
Content-Length: 12
Content-Type: application/json; charset=utf-8
cache-control: no-cache

11:35:53.803 [AsyncHttpClient-1-2] DEBUG org.asynchttpclient.netty.channel.ChannelManager - Adding key: http://localhost:39165 for channel [id: 0xa10b78a6, L:/127.0.0.1:61155 - R:localhost/127.0.0.1:39165]
11:35:53.805 [Forwarding getElementAttribute on session b4c44b8ab3ec34df82fcca1e22294ffd to remote] DEBUG org.asynchttpclient.netty.request.NettyRequestSender - Using pooled Channel '[id: 0xa10b78a6, L:/127.0.0.1:61155 - R:localhost/127.0.0.1:39165]' for 'POST' to 'http://localhost:39165/session/b4c44b8ab3ec34df82fcca1e22294ffd/execute/sync'
11:35:53.805 [Forwarding getElementAttribute on session b4c44b8ab3ec34df82fcca1e22294ffd to remote] DEBUG org.asynchttpclient.netty.request.NettyRequestSender - Using open Channel [id: 0xa10b78a6, L:/127.0.0.1:61155 - R:localhost/127.0.0.1:39165] for POST '/session/b4c44b8ab3ec34df82fcca1e22294ffd/execute/sync'
11:35:53.814 [AsyncHttpClient-1-2] DEBUG org.asynchttpclient.netty.handler.HttpHandler - 

Request DefaultHttpRequest(decodeResult: success, version: HTTP/1.1)
POST /session/b4c44b8ab3ec34df82fcca1e22294ffd/execute/sync HTTP/1.1
User-Agent: selenium/4.8.0 (java windows)
Content-Length: 47374
Content-Type: application/json; charset=utf-8
host: localhost:39165
accept: */*

Response DefaultHttpResponse(decodeResult: success, version: HTTP/1.1)
HTTP/1.1 200 OK
Content-Length: 14
Content-Type: application/json; charset=utf-8
cache-control: no-cache

11:35:53.814 [AsyncHttpClient-1-2] DEBUG org.asynchttpclient.netty.channel.ChannelManager - Adding key: http://localhost:39165 for channel [id: 0xa10b78a6, L:/127.0.0.1:61155 - R:localhost/127.0.0.1:39165]
11:35:53.818 [Forwarding getElementAttribute on session b4c44b8ab3ec34df82fcca1e22294ffd to remote] DEBUG org.asynchttpclient.netty.request.NettyRequestSender - Using pooled Channel '[id: 0xa10b78a6, L:/127.0.0.1:61155 - R:localhost/127.0.0.1:39165]' for 'POST' to 'http://localhost:39165/session/b4c44b8ab3ec34df82fcca1e22294ffd/execute/sync'
11:35:53.818 [Forwarding getElementAttribute on session b4c44b8ab3ec34df82fcca1e22294ffd to remote] DEBUG org.asynchttpclient.netty.request.NettyRequestSender - Using open Channel [id: 0xa10b78a6, L:/127.0.0.1:61155 - R:localhost/127.0.0.1:39165] for POST '/session/b4c44b8ab3ec34df82fcca1e22294ffd/execute/sync'
11:35:53.827 [AsyncHttpClient-1-2] DEBUG org.asynchttpclient.netty.handler.HttpHandler - 

Request DefaultHttpRequest(decodeResult: success, version: HTTP/1.1)
POST /session/b4c44b8ab3ec34df82fcca1e22294ffd/execute/sync HTTP/1.1
User-Agent: selenium/4.8.0 (java windows)
Content-Length: 47374
Content-Type: application/json; charset=utf-8
host: localhost:39165
accept: */*

Response DefaultHttpResponse(decodeResult: success, version: HTTP/1.1)
HTTP/1.1 200 OK
Content-Length: 14
Content-Type: application/json; charset=utf-8
cache-control: no-cache

11:35:53.827 [AsyncHttpClient-1-2] DEBUG org.asynchttpclient.netty.channel.ChannelManager - Adding key: http://localhost:39165 for channel [id: 0xa10b78a6, L:/127.0.0.1:61155 - R:localhost/127.0.0.1:39165]
11:35:53.829 [Forwarding getElementAttribute on session b4c44b8ab3ec34df82fcca1e22294ffd to remote] DEBUG org.asynchttpclient.netty.request.NettyRequestSender - Using pooled Channel '[id: 0xa10b78a6, L:/127.0.0.1:61155 - R:localhost/127.0.0.1:39165]' for 'POST' to 'http://localhost:39165/session/b4c44b8ab3ec34df82fcca1e22294ffd/execute/sync'
11:35:53.829 [Forwarding getElementAttribute on session b4c44b8ab3ec34df82fcca1e22294ffd to remote] DEBUG org.asynchttpclient.netty.request.NettyRequestSender - Using open Channel [id: 0xa10b78a6, L:/127.0.0.1:61155 - R:localhost/127.0.0.1:39165] for POST '/session/b4c44b8ab3ec34df82fcca1e22294ffd/execute/sync'
11:35:53.840 [AsyncHttpClient-1-2] DEBUG org.asynchttpclient.netty.handler.HttpHandler - 

Request DefaultHttpRequest(decodeResult: success, version: HTTP/1.1)
POST /session/b4c44b8ab3ec34df82fcca1e22294ffd/execute/sync HTTP/1.1
User-Agent: selenium/4.8.0 (java windows)
Content-Length: 47374
Content-Type: application/json; charset=utf-8
host: localhost:39165
accept: */*

Response DefaultHttpResponse(decodeResult: success, version: HTTP/1.1)
HTTP/1.1 200 OK
Content-Length: 14
Content-Type: application/json; charset=utf-8
cache-control: no-cache

11:35:53.840 [AsyncHttpClient-1-2] DEBUG org.asynchttpclient.netty.channel.ChannelManager - Adding key: http://localhost:39165 for channel [id: 0xa10b78a6, L:/127.0.0.1:61155 - R:localhost/127.0.0.1:39165]
11:35:53.844 [Forwarding getElementAttribute on session b4c44b8ab3ec34df82fcca1e22294ffd to remote] DEBUG org.asynchttpclient.netty.request.NettyRequestSender - Using pooled Channel '[id: 0xa10b78a6, L:/127.0.0.1:61155 - R:localhost/127.0.0.1:39165]' for 'POST' to 'http://localhost:39165/session/b4c44b8ab3ec34df82fcca1e22294ffd/execute/sync'
11:35:53.844 [Forwarding getElementAttribute on session b4c44b8ab3ec34df82fcca1e22294ffd to remote] DEBUG org.asynchttpclient.netty.request.NettyRequestSender - Using open Channel [id: 0xa10b78a6, L:/127.0.0.1:61155 - R:localhost/127.0.0.1:39165] for POST '/session/b4c44b8ab3ec34df82fcca1e22294ffd/execute/sync'
11:35:53.851 [AsyncHttpClient-1-2] DEBUG org.asynchttpclient.netty.handler.HttpHandler - 

Request DefaultHttpRequest(decodeResult: success, version: HTTP/1.1)
POST /session/b4c44b8ab3ec34df82fcca1e22294ffd/execute/sync HTTP/1.1
User-Agent: selenium/4.8.0 (java windows)
Content-Length: 47375
Content-Type: application/json; charset=utf-8
host: localhost:39165
accept: */*

Response DefaultHttpResponse(decodeResult: success, version: HTTP/1.1)
HTTP/1.1 200 OK
Content-Length: 14
Content-Type: application/json; charset=utf-8
cache-control: no-cache

11:35:53.851 [AsyncHttpClient-1-2] DEBUG org.asynchttpclient.netty.channel.ChannelManager - Adding key: http://localhost:39165 for channel [id: 0xa10b78a6, L:/127.0.0.1:61155 - R:localhost/127.0.0.1:39165]
11:35:53.853 [Forwarding getElementAttribute on session b4c44b8ab3ec34df82fcca1e22294ffd to remote] DEBUG org.asynchttpclient.netty.request.NettyRequestSender - Using pooled Channel '[id: 0xa10b78a6, L:/127.0.0.1:61155 - R:localhost/127.0.0.1:39165]' for 'POST' to 'http://localhost:39165/session/b4c44b8ab3ec34df82fcca1e22294ffd/execute/sync'
11:35:53.853 [Forwarding getElementAttribute on session b4c44b8ab3ec34df82fcca1e22294ffd to remote] DEBUG org.asynchttpclient.netty.request.NettyRequestSender - Using open Channel [id: 0xa10b78a6, L:/127.0.0.1:61155 - R:localhost/127.0.0.1:39165] for POST '/session/b4c44b8ab3ec34df82fcca1e22294ffd/execute/sync'
11:35:53.863 [AsyncHttpClient-1-2] DEBUG org.asynchttpclient.netty.handler.HttpHandler - 

Request DefaultHttpRequest(decodeResult: success, version: HTTP/1.1)
POST /session/b4c44b8ab3ec34df82fcca1e22294ffd/execute/sync HTTP/1.1
User-Agent: selenium/4.8.0 (java windows)
Content-Length: 47375
Content-Type: application/json; charset=utf-8
host: localhost:39165
accept: */*

Response DefaultHttpResponse(decodeResult: success, version: HTTP/1.1)
HTTP/1.1 200 OK
Content-Length: 32
Content-Type: application/json; charset=utf-8
cache-control: no-cache

11:35:53.863 [AsyncHttpClient-1-2] DEBUG org.asynchttpclient.netty.channel.ChannelManager - Adding key: http://localhost:39165 for channel [id: 0xa10b78a6, L:/127.0.0.1:61155 - R:localhost/127.0.0.1:39165]
11:35:53.865 [Forwarding getElementAttribute on session b4c44b8ab3ec34df82fcca1e22294ffd to remote] DEBUG org.asynchttpclient.netty.request.NettyRequestSender - Using pooled Channel '[id: 0xa10b78a6, L:/127.0.0.1:61155 - R:localhost/127.0.0.1:39165]' for 'POST' to 'http://localhost:39165/session/b4c44b8ab3ec34df82fcca1e22294ffd/execute/sync'
11:35:53.865 [Forwarding getElementAttribute on session b4c44b8ab3ec34df82fcca1e22294ffd to remote] DEBUG org.asynchttpclient.netty.request.NettyRequestSender - Using open Channel [id: 0xa10b78a6, L:/127.0.0.1:61155 - R:localhost/127.0.0.1:39165] for POST '/session/b4c44b8ab3ec34df82fcca1e22294ffd/execute/sync'
11:35:53.871 [AsyncHttpClient-1-2] DEBUG org.asynchttpclient.netty.handler.HttpHandler - 

Request DefaultHttpRequest(decodeResult: success, version: HTTP/1.1)
POST /session/b4c44b8ab3ec34df82fcca1e22294ffd/execute/sync HTTP/1.1
User-Agent: selenium/4.8.0 (java windows)
Content-Length: 47375
Content-Type: application/json; charset=utf-8
host: localhost:39165
accept: */*

Response DefaultHttpResponse(decodeResult: success, version: HTTP/1.1)
HTTP/1.1 200 OK
Content-Length: 32
Content-Type: application/json; charset=utf-8
cache-control: no-cache

11:35:53.871 [AsyncHttpClient-1-2] DEBUG org.asynchttpclient.netty.channel.ChannelManager - Adding key: http://localhost:39165 for channel [id: 0xa10b78a6, L:/127.0.0.1:61155 - R:localhost/127.0.0.1:39165]
11:35:53.871 [main] INFO  com.swaglabs.base.SetUp - <div class='inventory_item_price'> - InventoryPage.productpricesprice validation passed
11:35:53.874 [Forwarding findElements on session b4c44b8ab3ec34df82fcca1e22294ffd to remote] DEBUG org.asynchttpclient.netty.request.NettyRequestSender - Using pooled Channel '[id: 0xa10b78a6, L:/127.0.0.1:61155 - R:localhost/127.0.0.1:39165]' for 'POST' to 'http://localhost:39165/session/b4c44b8ab3ec34df82fcca1e22294ffd/elements'
11:35:53.874 [Forwarding findElements on session b4c44b8ab3ec34df82fcca1e22294ffd to remote] DEBUG org.asynchttpclient.netty.request.NettyRequestSender - Using open Channel [id: 0xa10b78a6, L:/127.0.0.1:61155 - R:localhost/127.0.0.1:39165] for POST '/session/b4c44b8ab3ec34df82fcca1e22294ffd/elements'
11:35:53.883 [AsyncHttpClient-1-2] DEBUG org.asynchttpclient.netty.handler.HttpHandler - 

Request DefaultHttpRequest(decodeResult: success, version: HTTP/1.1)
POST /session/b4c44b8ab3ec34df82fcca1e22294ffd/elements HTTP/1.1
User-Agent: selenium/4.8.0 (java windows)
Content-Length: 83
Content-Type: application/json; charset=utf-8
host: localhost:39165
accept: */*

Response DefaultHttpResponse(decodeResult: success, version: HTTP/1.1)
HTTP/1.1 200 OK
Content-Length: 527
Content-Type: application/json; charset=utf-8
cache-control: no-cache

11:35:53.883 [AsyncHttpClient-1-2] DEBUG org.asynchttpclient.netty.channel.ChannelManager - Adding key: http://localhost:39165 for channel [id: 0xa10b78a6, L:/127.0.0.1:61155 - R:localhost/127.0.0.1:39165]
11:35:53.888 [Forwarding getAlertText on session b4c44b8ab3ec34df82fcca1e22294ffd to remote] DEBUG org.asynchttpclient.netty.request.NettyRequestSender - Using pooled Channel '[id: 0xa10b78a6, L:/127.0.0.1:61155 - R:localhost/127.0.0.1:39165]' for 'GET' to 'http://localhost:39165/session/b4c44b8ab3ec34df82fcca1e22294ffd/alert/text'
11:35:53.888 [Forwarding getAlertText on session b4c44b8ab3ec34df82fcca1e22294ffd to remote] DEBUG org.asynchttpclient.netty.request.NettyRequestSender - Using open Channel [id: 0xa10b78a6, L:/127.0.0.1:61155 - R:localhost/127.0.0.1:39165] for GET '/session/b4c44b8ab3ec34df82fcca1e22294ffd/alert/text'
11:35:53.889 [AsyncHttpClient-1-2] DEBUG org.asynchttpclient.netty.handler.HttpHandler - 

Request DefaultFullHttpRequest(decodeResult: success, version: HTTP/1.1, content: EmptyByteBufBE)
GET /session/b4c44b8ab3ec34df82fcca1e22294ffd/alert/text HTTP/1.1
User-Agent: selenium/4.8.0 (java windows)
Cache-Control: no-cache
Content-Type: application/json; charset=utf-8
host: localhost:39165
accept: */*

Response DefaultHttpResponse(decodeResult: success, version: HTTP/1.1)
HTTP/1.1 404 Not Found
Content-Length: 1522
Content-Type: application/json; charset=utf-8
cache-control: no-cache

11:35:53.889 [AsyncHttpClient-1-2] DEBUG org.asynchttpclient.netty.channel.ChannelManager - Adding key: http://localhost:39165 for channel [id: 0xa10b78a6, L:/127.0.0.1:61155 - R:localhost/127.0.0.1:39165]
11:35:53.890 [Forwarding getCurrentUrl on session b4c44b8ab3ec34df82fcca1e22294ffd to remote] DEBUG org.asynchttpclient.netty.request.NettyRequestSender - Using pooled Channel '[id: 0xa10b78a6, L:/127.0.0.1:61155 - R:localhost/127.0.0.1:39165]' for 'GET' to 'http://localhost:39165/session/b4c44b8ab3ec34df82fcca1e22294ffd/url'
11:35:53.890 [Forwarding getCurrentUrl on session b4c44b8ab3ec34df82fcca1e22294ffd to remote] DEBUG org.asynchttpclient.netty.request.NettyRequestSender - Using open Channel [id: 0xa10b78a6, L:/127.0.0.1:61155 - R:localhost/127.0.0.1:39165] for GET '/session/b4c44b8ab3ec34df82fcca1e22294ffd/url'
11:35:53.895 [AsyncHttpClient-1-2] DEBUG org.asynchttpclient.netty.handler.HttpHandler - 

Request DefaultFullHttpRequest(decodeResult: success, version: HTTP/1.1, content: EmptyByteBufBE)
GET /session/b4c44b8ab3ec34df82fcca1e22294ffd/url HTTP/1.1
User-Agent: selenium/4.8.0 (java windows)
Cache-Control: no-cache
Content-Type: application/json; charset=utf-8
host: localhost:39165
accept: */*

Response DefaultHttpResponse(decodeResult: success, version: HTTP/1.1)
HTTP/1.1 200 OK
Content-Length: 52
Content-Type: application/json; charset=utf-8
cache-control: no-cache

11:35:53.895 [AsyncHttpClient-1-2] DEBUG org.asynchttpclient.netty.channel.ChannelManager - Adding key: http://localhost:39165 for channel [id: 0xa10b78a6, L:/127.0.0.1:61155 - R:localhost/127.0.0.1:39165]
11:35:53.895 [Forwarding screenshot on session b4c44b8ab3ec34df82fcca1e22294ffd to remote] DEBUG org.asynchttpclient.netty.request.NettyRequestSender - Using pooled Channel '[id: 0xa10b78a6, L:/127.0.0.1:61155 - R:localhost/127.0.0.1:39165]' for 'GET' to 'http://localhost:39165/session/b4c44b8ab3ec34df82fcca1e22294ffd/screenshot'
11:35:53.895 [Forwarding screenshot on session b4c44b8ab3ec34df82fcca1e22294ffd to remote] DEBUG org.asynchttpclient.netty.request.NettyRequestSender - Using open Channel [id: 0xa10b78a6, L:/127.0.0.1:61155 - R:localhost/127.0.0.1:39165] for GET '/session/b4c44b8ab3ec34df82fcca1e22294ffd/screenshot'
11:35:54.070 [AsyncHttpClient-1-2] DEBUG org.asynchttpclient.netty.handler.HttpHandler - 

Request DefaultFullHttpRequest(decodeResult: success, version: HTTP/1.1, content: EmptyByteBufBE)
GET /session/b4c44b8ab3ec34df82fcca1e22294ffd/screenshot HTTP/1.1
User-Agent: selenium/4.8.0 (java windows)
Cache-Control: no-cache
Content-Type: application/json; charset=utf-8
host: localhost:39165
accept: */*

Response DefaultHttpResponse(decodeResult: success, version: HTTP/1.1)
HTTP/1.1 200 OK
Content-Length: 531956
Content-Type: application/json; charset=utf-8
cache-control: no-cache

11:35:54.071 [AsyncHttpClient-1-2] DEBUG org.asynchttpclient.netty.channel.ChannelManager - Adding key: http://localhost:39165 for channel [id: 0xa10b78a6, L:/127.0.0.1:61155 - R:localhost/127.0.0.1:39165]
11:35:54.086 [main] DEBUG net.serenitybdd.core.photography.Darkroom - Send negative for processing for target\site\serenity\7c32a03377b9ed2fb47057043fb3f36c1a0fa0b8dd7eed437c9fd62e01b71db8.png
11:35:54.088 [main] DEBUG net.thucydides.core.steps.StepInterceptor - STEP DONE: validateProductsPricesHighToLow
11:35:54.093 [main] DEBUG net.thucydides.core.steps.StepInterceptor - STEP DONE: test5_validateSortinLogicInFilter
11:35:54.097 [Forwarding getPageSource on session b4c44b8ab3ec34df82fcca1e22294ffd to remote] DEBUG org.asynchttpclient.netty.request.NettyRequestSender - Using pooled Channel '[id: 0xa10b78a6, L:/127.0.0.1:61155 - R:localhost/127.0.0.1:39165]' for 'POST' to 'http://localhost:39165/session/b4c44b8ab3ec34df82fcca1e22294ffd/execute/sync'
11:35:54.097 [Forwarding getPageSource on session b4c44b8ab3ec34df82fcca1e22294ffd to remote] DEBUG org.asynchttpclient.netty.request.NettyRequestSender - Using open Channel [id: 0xa10b78a6, L:/127.0.0.1:61155 - R:localhost/127.0.0.1:39165] for POST '/session/b4c44b8ab3ec34df82fcca1e22294ffd/execute/sync'
11:35:54.106 [AsyncHttpClient-1-2] DEBUG org.asynchttpclient.netty.handler.HttpHandler - 

Request DefaultHttpRequest(decodeResult: success, version: HTTP/1.1)
POST /session/b4c44b8ab3ec34df82fcca1e22294ffd/execute/sync HTTP/1.1
User-Agent: selenium/4.8.0 (java windows)
Content-Length: 176
Content-Type: application/json; charset=utf-8
host: localhost:39165
accept: */*

Response DefaultHttpResponse(decodeResult: success, version: HTTP/1.1)
HTTP/1.1 200 OK
Content-Length: 16398
Content-Type: application/json; charset=utf-8
cache-control: no-cache

11:35:54.106 [AsyncHttpClient-1-2] DEBUG org.asynchttpclient.netty.channel.ChannelManager - Adding key: http://localhost:39165 for channel [id: 0xa10b78a6, L:/127.0.0.1:61155 - R:localhost/127.0.0.1:39165]
11:35:54.109 [Forwarding getCurrentUrl on session b4c44b8ab3ec34df82fcca1e22294ffd to remote] DEBUG org.asynchttpclient.netty.request.NettyRequestSender - Using pooled Channel '[id: 0xa10b78a6, L:/127.0.0.1:61155 - R:localhost/127.0.0.1:39165]' for 'GET' to 'http://localhost:39165/session/b4c44b8ab3ec34df82fcca1e22294ffd/url'
11:35:54.109 [Forwarding getCurrentUrl on session b4c44b8ab3ec34df82fcca1e22294ffd to remote] DEBUG org.asynchttpclient.netty.request.NettyRequestSender - Using open Channel [id: 0xa10b78a6, L:/127.0.0.1:61155 - R:localhost/127.0.0.1:39165] for GET '/session/b4c44b8ab3ec34df82fcca1e22294ffd/url'
11:35:54.114 [AsyncHttpClient-1-2] DEBUG org.asynchttpclient.netty.handler.HttpHandler - 

Request DefaultFullHttpRequest(decodeResult: success, version: HTTP/1.1, content: EmptyByteBufBE)
GET /session/b4c44b8ab3ec34df82fcca1e22294ffd/url HTTP/1.1
User-Agent: selenium/4.8.0 (java windows)
Cache-Control: no-cache
Content-Type: application/json; charset=utf-8
host: localhost:39165
accept: */*

Response DefaultHttpResponse(decodeResult: success, version: HTTP/1.1)
HTTP/1.1 200 OK
Content-Length: 52
Content-Type: application/json; charset=utf-8
cache-control: no-cache

11:35:54.115 [AsyncHttpClient-1-2] DEBUG org.asynchttpclient.netty.channel.ChannelManager - Adding key: http://localhost:39165 for channel [id: 0xa10b78a6, L:/127.0.0.1:61155 - R:localhost/127.0.0.1:39165]
11:35:54.121 [main] DEBUG net.thucydides.core.steps.StepInterceptor - STARTING STEP: Tests.testCases - test6_addProductToTheCart
11:35:54.124 [Forwarding findElement on session b4c44b8ab3ec34df82fcca1e22294ffd to remote] DEBUG org.asynchttpclient.netty.request.NettyRequestSender - Using pooled Channel '[id: 0xa10b78a6, L:/127.0.0.1:61155 - R:localhost/127.0.0.1:39165]' for 'POST' to 'http://localhost:39165/session/b4c44b8ab3ec34df82fcca1e22294ffd/element'
11:35:54.124 [Forwarding findElement on session b4c44b8ab3ec34df82fcca1e22294ffd to remote] DEBUG org.asynchttpclient.netty.request.NettyRequestSender - Using open Channel [id: 0xa10b78a6, L:/127.0.0.1:61155 - R:localhost/127.0.0.1:39165] for POST '/session/b4c44b8ab3ec34df82fcca1e22294ffd/element'
11:35:54.134 [AsyncHttpClient-1-2] DEBUG org.asynchttpclient.netty.handler.HttpHandler - 

Request DefaultHttpRequest(decodeResult: success, version: HTTP/1.1)
POST /session/b4c44b8ab3ec34df82fcca1e22294ffd/element HTTP/1.1
User-Agent: selenium/4.8.0 (java windows)
Content-Length: 92
Content-Type: application/json; charset=utf-8
host: localhost:39165
accept: */*

Response DefaultHttpResponse(decodeResult: success, version: HTTP/1.1)
HTTP/1.1 200 OK
Content-Length: 95
Content-Type: application/json; charset=utf-8
cache-control: no-cache

11:35:54.134 [AsyncHttpClient-1-2] DEBUG org.asynchttpclient.netty.channel.ChannelManager - Adding key: http://localhost:39165 for channel [id: 0xa10b78a6, L:/127.0.0.1:61155 - R:localhost/127.0.0.1:39165]
11:35:54.136 [Forwarding isElementDisplayed on session b4c44b8ab3ec34df82fcca1e22294ffd to remote] DEBUG org.asynchttpclient.netty.request.NettyRequestSender - Using pooled Channel '[id: 0xa10b78a6, L:/127.0.0.1:61155 - R:localhost/127.0.0.1:39165]' for 'POST' to 'http://localhost:39165/session/b4c44b8ab3ec34df82fcca1e22294ffd/execute/sync'
11:35:54.136 [Forwarding isElementDisplayed on session b4c44b8ab3ec34df82fcca1e22294ffd to remote] DEBUG org.asynchttpclient.netty.request.NettyRequestSender - Using open Channel [id: 0xa10b78a6, L:/127.0.0.1:61155 - R:localhost/127.0.0.1:39165] for POST '/session/b4c44b8ab3ec34df82fcca1e22294ffd/execute/sync'
11:35:54.143 [AsyncHttpClient-1-2] DEBUG org.asynchttpclient.netty.handler.HttpHandler - 

Request DefaultHttpRequest(decodeResult: success, version: HTTP/1.1)
POST /session/b4c44b8ab3ec34df82fcca1e22294ffd/execute/sync HTTP/1.1
User-Agent: selenium/4.8.0 (java windows)
Content-Length: 48814
Content-Type: application/json; charset=utf-8
host: localhost:39165
accept: */*

Response DefaultHttpResponse(decodeResult: success, version: HTTP/1.1)
HTTP/1.1 200 OK
Content-Length: 14
Content-Type: application/json; charset=utf-8
cache-control: no-cache

11:35:54.143 [AsyncHttpClient-1-2] DEBUG org.asynchttpclient.netty.channel.ChannelManager - Adding key: http://localhost:39165 for channel [id: 0xa10b78a6, L:/127.0.0.1:61155 - R:localhost/127.0.0.1:39165]
11:35:54.145 [Forwarding isElementDisplayed on session b4c44b8ab3ec34df82fcca1e22294ffd to remote] DEBUG org.asynchttpclient.netty.request.NettyRequestSender - Using pooled Channel '[id: 0xa10b78a6, L:/127.0.0.1:61155 - R:localhost/127.0.0.1:39165]' for 'POST' to 'http://localhost:39165/session/b4c44b8ab3ec34df82fcca1e22294ffd/execute/sync'
11:35:54.145 [Forwarding isElementDisplayed on session b4c44b8ab3ec34df82fcca1e22294ffd to remote] DEBUG org.asynchttpclient.netty.request.NettyRequestSender - Using open Channel [id: 0xa10b78a6, L:/127.0.0.1:61155 - R:localhost/127.0.0.1:39165] for POST '/session/b4c44b8ab3ec34df82fcca1e22294ffd/execute/sync'
11:35:54.151 [AsyncHttpClient-1-2] DEBUG org.asynchttpclient.netty.handler.HttpHandler - 

Request DefaultHttpRequest(decodeResult: success, version: HTTP/1.1)
POST /session/b4c44b8ab3ec34df82fcca1e22294ffd/execute/sync HTTP/1.1
User-Agent: selenium/4.8.0 (java windows)
Content-Length: 48814
Content-Type: application/json; charset=utf-8
host: localhost:39165
accept: */*

Response DefaultHttpResponse(decodeResult: success, version: HTTP/1.1)
HTTP/1.1 200 OK
Content-Length: 14
Content-Type: application/json; charset=utf-8
cache-control: no-cache

11:35:54.151 [AsyncHttpClient-1-2] DEBUG org.asynchttpclient.netty.channel.ChannelManager - Adding key: http://localhost:39165 for channel [id: 0xa10b78a6, L:/127.0.0.1:61155 - R:localhost/127.0.0.1:39165]
11:35:54.152 [Forwarding isElementEnabled on session b4c44b8ab3ec34df82fcca1e22294ffd to remote] DEBUG org.asynchttpclient.netty.request.NettyRequestSender - Using pooled Channel '[id: 0xa10b78a6, L:/127.0.0.1:61155 - R:localhost/127.0.0.1:39165]' for 'GET' to 'http://localhost:39165/session/b4c44b8ab3ec34df82fcca1e22294ffd/element/D6FCA329F55A989BAF0E516CCCB7C1E0_element_80/enabled'
11:35:54.152 [Forwarding isElementEnabled on session b4c44b8ab3ec34df82fcca1e22294ffd to remote] DEBUG org.asynchttpclient.netty.request.NettyRequestSender - Using open Channel [id: 0xa10b78a6, L:/127.0.0.1:61155 - R:localhost/127.0.0.1:39165] for GET '/session/b4c44b8ab3ec34df82fcca1e22294ffd/element/D6FCA329F55A989BAF0E516CCCB7C1E0_element_80/enabled'
11:35:54.157 [AsyncHttpClient-1-2] DEBUG org.asynchttpclient.netty.handler.HttpHandler - 

Request DefaultFullHttpRequest(decodeResult: success, version: HTTP/1.1, content: EmptyByteBufBE)
GET /session/b4c44b8ab3ec34df82fcca1e22294ffd/element/D6FCA329F55A989BAF0E516CCCB7C1E0_element_80/enabled HTTP/1.1
User-Agent: selenium/4.8.0 (java windows)
Cache-Control: no-cache
Content-Type: application/json; charset=utf-8
host: localhost:39165
accept: */*

Response DefaultHttpResponse(decodeResult: success, version: HTTP/1.1)
HTTP/1.1 200 OK
Content-Length: 14
Content-Type: application/json; charset=utf-8
cache-control: no-cache

11:35:54.158 [AsyncHttpClient-1-2] DEBUG org.asynchttpclient.netty.channel.ChannelManager - Adding key: http://localhost:39165 for channel [id: 0xa10b78a6, L:/127.0.0.1:61155 - R:localhost/127.0.0.1:39165]
11:35:54.159 [Forwarding getElementTagName on session b4c44b8ab3ec34df82fcca1e22294ffd to remote] DEBUG org.asynchttpclient.netty.request.NettyRequestSender - Using pooled Channel '[id: 0xa10b78a6, L:/127.0.0.1:61155 - R:localhost/127.0.0.1:39165]' for 'GET' to 'http://localhost:39165/session/b4c44b8ab3ec34df82fcca1e22294ffd/element/D6FCA329F55A989BAF0E516CCCB7C1E0_element_80/name'
11:35:54.159 [Forwarding getElementTagName on session b4c44b8ab3ec34df82fcca1e22294ffd to remote] DEBUG org.asynchttpclient.netty.request.NettyRequestSender - Using open Channel [id: 0xa10b78a6, L:/127.0.0.1:61155 - R:localhost/127.0.0.1:39165] for GET '/session/b4c44b8ab3ec34df82fcca1e22294ffd/element/D6FCA329F55A989BAF0E516CCCB7C1E0_element_80/name'
11:35:54.165 [AsyncHttpClient-1-2] DEBUG org.asynchttpclient.netty.handler.HttpHandler - 

Request DefaultFullHttpRequest(decodeResult: success, version: HTTP/1.1, content: EmptyByteBufBE)
GET /session/b4c44b8ab3ec34df82fcca1e22294ffd/element/D6FCA329F55A989BAF0E516CCCB7C1E0_element_80/name HTTP/1.1
User-Agent: selenium/4.8.0 (java windows)
Cache-Control: no-cache
Content-Type: application/json; charset=utf-8
host: localhost:39165
accept: */*

Response DefaultHttpResponse(decodeResult: success, version: HTTP/1.1)
HTTP/1.1 200 OK
Content-Length: 18
Content-Type: application/json; charset=utf-8
cache-control: no-cache

11:35:54.165 [AsyncHttpClient-1-2] DEBUG org.asynchttpclient.netty.channel.ChannelManager - Adding key: http://localhost:39165 for channel [id: 0xa10b78a6, L:/127.0.0.1:61155 - R:localhost/127.0.0.1:39165]
11:35:54.166 [Forwarding getElementTagName on session b4c44b8ab3ec34df82fcca1e22294ffd to remote] DEBUG org.asynchttpclient.netty.request.NettyRequestSender - Using pooled Channel '[id: 0xa10b78a6, L:/127.0.0.1:61155 - R:localhost/127.0.0.1:39165]' for 'GET' to 'http://localhost:39165/session/b4c44b8ab3ec34df82fcca1e22294ffd/element/D6FCA329F55A989BAF0E516CCCB7C1E0_element_80/name'
11:35:54.166 [Forwarding getElementTagName on session b4c44b8ab3ec34df82fcca1e22294ffd to remote] DEBUG org.asynchttpclient.netty.request.NettyRequestSender - Using open Channel [id: 0xa10b78a6, L:/127.0.0.1:61155 - R:localhost/127.0.0.1:39165] for GET '/session/b4c44b8ab3ec34df82fcca1e22294ffd/element/D6FCA329F55A989BAF0E516CCCB7C1E0_element_80/name'
11:35:54.173 [AsyncHttpClient-1-2] DEBUG org.asynchttpclient.netty.handler.HttpHandler - 

Request DefaultFullHttpRequest(decodeResult: success, version: HTTP/1.1, content: EmptyByteBufBE)
GET /session/b4c44b8ab3ec34df82fcca1e22294ffd/element/D6FCA329F55A989BAF0E516CCCB7C1E0_element_80/name HTTP/1.1
User-Agent: selenium/4.8.0 (java windows)
Cache-Control: no-cache
Content-Type: application/json; charset=utf-8
host: localhost:39165
accept: */*

Response DefaultHttpResponse(decodeResult: success, version: HTTP/1.1)
HTTP/1.1 200 OK
Content-Length: 18
Content-Type: application/json; charset=utf-8
cache-control: no-cache

11:35:54.174 [AsyncHttpClient-1-2] DEBUG org.asynchttpclient.netty.channel.ChannelManager - Adding key: http://localhost:39165 for channel [id: 0xa10b78a6, L:/127.0.0.1:61155 - R:localhost/127.0.0.1:39165]
11:35:54.175 [Forwarding isElementEnabled on session b4c44b8ab3ec34df82fcca1e22294ffd to remote] DEBUG org.asynchttpclient.netty.request.NettyRequestSender - Using pooled Channel '[id: 0xa10b78a6, L:/127.0.0.1:61155 - R:localhost/127.0.0.1:39165]' for 'GET' to 'http://localhost:39165/session/b4c44b8ab3ec34df82fcca1e22294ffd/element/D6FCA329F55A989BAF0E516CCCB7C1E0_element_80/enabled'
11:35:54.175 [Forwarding isElementEnabled on session b4c44b8ab3ec34df82fcca1e22294ffd to remote] DEBUG org.asynchttpclient.netty.request.NettyRequestSender - Using open Channel [id: 0xa10b78a6, L:/127.0.0.1:61155 - R:localhost/127.0.0.1:39165] for GET '/session/b4c44b8ab3ec34df82fcca1e22294ffd/element/D6FCA329F55A989BAF0E516CCCB7C1E0_element_80/enabled'
11:35:54.183 [AsyncHttpClient-1-2] DEBUG org.asynchttpclient.netty.handler.HttpHandler - 

Request DefaultFullHttpRequest(decodeResult: success, version: HTTP/1.1, content: EmptyByteBufBE)
GET /session/b4c44b8ab3ec34df82fcca1e22294ffd/element/D6FCA329F55A989BAF0E516CCCB7C1E0_element_80/enabled HTTP/1.1
User-Agent: selenium/4.8.0 (java windows)
Cache-Control: no-cache
Content-Type: application/json; charset=utf-8
host: localhost:39165
accept: */*

Response DefaultHttpResponse(decodeResult: success, version: HTTP/1.1)
HTTP/1.1 200 OK
Content-Length: 14
Content-Type: application/json; charset=utf-8
cache-control: no-cache

11:35:54.183 [AsyncHttpClient-1-2] DEBUG org.asynchttpclient.netty.channel.ChannelManager - Adding key: http://localhost:39165 for channel [id: 0xa10b78a6, L:/127.0.0.1:61155 - R:localhost/127.0.0.1:39165]
11:35:54.183 [Forwarding isElementEnabled on session b4c44b8ab3ec34df82fcca1e22294ffd to remote] DEBUG org.asynchttpclient.netty.request.NettyRequestSender - Using pooled Channel '[id: 0xa10b78a6, L:/127.0.0.1:61155 - R:localhost/127.0.0.1:39165]' for 'GET' to 'http://localhost:39165/session/b4c44b8ab3ec34df82fcca1e22294ffd/element/D6FCA329F55A989BAF0E516CCCB7C1E0_element_80/enabled'
11:35:54.183 [Forwarding isElementEnabled on session b4c44b8ab3ec34df82fcca1e22294ffd to remote] DEBUG org.asynchttpclient.netty.request.NettyRequestSender - Using open Channel [id: 0xa10b78a6, L:/127.0.0.1:61155 - R:localhost/127.0.0.1:39165] for GET '/session/b4c44b8ab3ec34df82fcca1e22294ffd/element/D6FCA329F55A989BAF0E516CCCB7C1E0_element_80/enabled'
11:35:54.189 [AsyncHttpClient-1-2] DEBUG org.asynchttpclient.netty.handler.HttpHandler - 

Request DefaultFullHttpRequest(decodeResult: success, version: HTTP/1.1, content: EmptyByteBufBE)
GET /session/b4c44b8ab3ec34df82fcca1e22294ffd/element/D6FCA329F55A989BAF0E516CCCB7C1E0_element_80/enabled HTTP/1.1
User-Agent: selenium/4.8.0 (java windows)
Cache-Control: no-cache
Content-Type: application/json; charset=utf-8
host: localhost:39165
accept: */*

Response DefaultHttpResponse(decodeResult: success, version: HTTP/1.1)
HTTP/1.1 200 OK
Content-Length: 14
Content-Type: application/json; charset=utf-8
cache-control: no-cache

11:35:54.189 [AsyncHttpClient-1-2] DEBUG org.asynchttpclient.netty.channel.ChannelManager - Adding key: http://localhost:39165 for channel [id: 0xa10b78a6, L:/127.0.0.1:61155 - R:localhost/127.0.0.1:39165]
11:35:54.190 [Forwarding clickElement on session b4c44b8ab3ec34df82fcca1e22294ffd to remote] DEBUG org.asynchttpclient.netty.request.NettyRequestSender - Using pooled Channel '[id: 0xa10b78a6, L:/127.0.0.1:61155 - R:localhost/127.0.0.1:39165]' for 'POST' to 'http://localhost:39165/session/b4c44b8ab3ec34df82fcca1e22294ffd/element/D6FCA329F55A989BAF0E516CCCB7C1E0_element_80/click'
11:35:54.190 [Forwarding clickElement on session b4c44b8ab3ec34df82fcca1e22294ffd to remote] DEBUG org.asynchttpclient.netty.request.NettyRequestSender - Using open Channel [id: 0xa10b78a6, L:/127.0.0.1:61155 - R:localhost/127.0.0.1:39165] for POST '/session/b4c44b8ab3ec34df82fcca1e22294ffd/element/D6FCA329F55A989BAF0E516CCCB7C1E0_element_80/click'
11:35:54.227 [AsyncHttpClient-1-2] DEBUG org.asynchttpclient.netty.handler.HttpHandler - 

Request DefaultHttpRequest(decodeResult: success, version: HTTP/1.1)
POST /session/b4c44b8ab3ec34df82fcca1e22294ffd/element/D6FCA329F55A989BAF0E516CCCB7C1E0_element_80/click HTTP/1.1
User-Agent: selenium/4.8.0 (java windows)
Content-Length: 57
Content-Type: application/json; charset=utf-8
host: localhost:39165
accept: */*

Response DefaultHttpResponse(decodeResult: success, version: HTTP/1.1)
HTTP/1.1 200 OK
Content-Length: 14
Content-Type: application/json; charset=utf-8
cache-control: no-cache

11:35:54.227 [AsyncHttpClient-1-2] DEBUG org.asynchttpclient.netty.channel.ChannelManager - Adding key: http://localhost:39165 for channel [id: 0xa10b78a6, L:/127.0.0.1:61155 - R:localhost/127.0.0.1:39165]
11:35:54.229 [main] INFO  com.swaglabs.base.SetUp - product added to the cart
11:35:54.237 [Forwarding findElement on session b4c44b8ab3ec34df82fcca1e22294ffd to remote] DEBUG org.asynchttpclient.netty.request.NettyRequestSender - Using pooled Channel '[id: 0xa10b78a6, L:/127.0.0.1:61155 - R:localhost/127.0.0.1:39165]' for 'POST' to 'http://localhost:39165/session/b4c44b8ab3ec34df82fcca1e22294ffd/element'
11:35:54.237 [Forwarding findElement on session b4c44b8ab3ec34df82fcca1e22294ffd to remote] DEBUG org.asynchttpclient.netty.request.NettyRequestSender - Using open Channel [id: 0xa10b78a6, L:/127.0.0.1:61155 - R:localhost/127.0.0.1:39165] for POST '/session/b4c44b8ab3ec34df82fcca1e22294ffd/element'
11:35:54.253 [AsyncHttpClient-1-2] DEBUG org.asynchttpclient.netty.handler.HttpHandler - 

Request DefaultHttpRequest(decodeResult: success, version: HTTP/1.1)
POST /session/b4c44b8ab3ec34df82fcca1e22294ffd/element HTTP/1.1
User-Agent: selenium/4.8.0 (java windows)
Content-Length: 83
Content-Type: application/json; charset=utf-8
host: localhost:39165
accept: */*

Response DefaultHttpResponse(decodeResult: success, version: HTTP/1.1)
HTTP/1.1 200 OK
Content-Length: 95
Content-Type: application/json; charset=utf-8
cache-control: no-cache

11:35:54.253 [AsyncHttpClient-1-2] DEBUG org.asynchttpclient.netty.channel.ChannelManager - Adding key: http://localhost:39165 for channel [id: 0xa10b78a6, L:/127.0.0.1:61155 - R:localhost/127.0.0.1:39165]
11:35:54.255 [Forwarding isElementDisplayed on session b4c44b8ab3ec34df82fcca1e22294ffd to remote] DEBUG org.asynchttpclient.netty.request.NettyRequestSender - Using pooled Channel '[id: 0xa10b78a6, L:/127.0.0.1:61155 - R:localhost/127.0.0.1:39165]' for 'POST' to 'http://localhost:39165/session/b4c44b8ab3ec34df82fcca1e22294ffd/execute/sync'
11:35:54.255 [Forwarding isElementDisplayed on session b4c44b8ab3ec34df82fcca1e22294ffd to remote] DEBUG org.asynchttpclient.netty.request.NettyRequestSender - Using open Channel [id: 0xa10b78a6, L:/127.0.0.1:61155 - R:localhost/127.0.0.1:39165] for POST '/session/b4c44b8ab3ec34df82fcca1e22294ffd/execute/sync'
11:35:54.265 [AsyncHttpClient-1-2] DEBUG org.asynchttpclient.netty.handler.HttpHandler - 

Request DefaultHttpRequest(decodeResult: success, version: HTTP/1.1)
POST /session/b4c44b8ab3ec34df82fcca1e22294ffd/execute/sync HTTP/1.1
User-Agent: selenium/4.8.0 (java windows)
Content-Length: 48814
Content-Type: application/json; charset=utf-8
host: localhost:39165
accept: */*

Response DefaultHttpResponse(decodeResult: success, version: HTTP/1.1)
HTTP/1.1 200 OK
Content-Length: 14
Content-Type: application/json; charset=utf-8
cache-control: no-cache

11:35:54.265 [AsyncHttpClient-1-2] DEBUG org.asynchttpclient.netty.channel.ChannelManager - Adding key: http://localhost:39165 for channel [id: 0xa10b78a6, L:/127.0.0.1:61155 - R:localhost/127.0.0.1:39165]
11:35:54.265 [Forwarding getElementText on session b4c44b8ab3ec34df82fcca1e22294ffd to remote] DEBUG org.asynchttpclient.netty.request.NettyRequestSender - Using pooled Channel '[id: 0xa10b78a6, L:/127.0.0.1:61155 - R:localhost/127.0.0.1:39165]' for 'GET' to 'http://localhost:39165/session/b4c44b8ab3ec34df82fcca1e22294ffd/element/D6FCA329F55A989BAF0E516CCCB7C1E0_element_81/text'
11:35:54.265 [Forwarding getElementText on session b4c44b8ab3ec34df82fcca1e22294ffd to remote] DEBUG org.asynchttpclient.netty.request.NettyRequestSender - Using open Channel [id: 0xa10b78a6, L:/127.0.0.1:61155 - R:localhost/127.0.0.1:39165] for GET '/session/b4c44b8ab3ec34df82fcca1e22294ffd/element/D6FCA329F55A989BAF0E516CCCB7C1E0_element_81/text'
11:35:54.274 [AsyncHttpClient-1-2] DEBUG org.asynchttpclient.netty.handler.HttpHandler - 

Request DefaultFullHttpRequest(decodeResult: success, version: HTTP/1.1, content: EmptyByteBufBE)
GET /session/b4c44b8ab3ec34df82fcca1e22294ffd/element/D6FCA329F55A989BAF0E516CCCB7C1E0_element_81/text HTTP/1.1
User-Agent: selenium/4.8.0 (java windows)
Cache-Control: no-cache
Content-Type: application/json; charset=utf-8
host: localhost:39165
accept: */*

Response DefaultHttpResponse(decodeResult: success, version: HTTP/1.1)
HTTP/1.1 200 OK
Content-Length: 13
Content-Type: application/json; charset=utf-8
cache-control: no-cache

11:35:54.274 [AsyncHttpClient-1-2] DEBUG org.asynchttpclient.netty.channel.ChannelManager - Adding key: http://localhost:39165 for channel [id: 0xa10b78a6, L:/127.0.0.1:61155 - R:localhost/127.0.0.1:39165]
11:35:54.277 [Forwarding getAlertText on session b4c44b8ab3ec34df82fcca1e22294ffd to remote] DEBUG org.asynchttpclient.netty.request.NettyRequestSender - Using pooled Channel '[id: 0xa10b78a6, L:/127.0.0.1:61155 - R:localhost/127.0.0.1:39165]' for 'GET' to 'http://localhost:39165/session/b4c44b8ab3ec34df82fcca1e22294ffd/alert/text'
11:35:54.277 [Forwarding getAlertText on session b4c44b8ab3ec34df82fcca1e22294ffd to remote] DEBUG org.asynchttpclient.netty.request.NettyRequestSender - Using open Channel [id: 0xa10b78a6, L:/127.0.0.1:61155 - R:localhost/127.0.0.1:39165] for GET '/session/b4c44b8ab3ec34df82fcca1e22294ffd/alert/text'
11:35:54.280 [AsyncHttpClient-1-2] DEBUG org.asynchttpclient.netty.handler.HttpHandler - 

Request DefaultFullHttpRequest(decodeResult: success, version: HTTP/1.1, content: EmptyByteBufBE)
GET /session/b4c44b8ab3ec34df82fcca1e22294ffd/alert/text HTTP/1.1
User-Agent: selenium/4.8.0 (java windows)
Cache-Control: no-cache
Content-Type: application/json; charset=utf-8
host: localhost:39165
accept: */*

Response DefaultHttpResponse(decodeResult: success, version: HTTP/1.1)
HTTP/1.1 404 Not Found
Content-Length: 1522
Content-Type: application/json; charset=utf-8
cache-control: no-cache

11:35:54.280 [AsyncHttpClient-1-2] DEBUG org.asynchttpclient.netty.channel.ChannelManager - Adding key: http://localhost:39165 for channel [id: 0xa10b78a6, L:/127.0.0.1:61155 - R:localhost/127.0.0.1:39165]
11:35:54.280 [Forwarding getCurrentUrl on session b4c44b8ab3ec34df82fcca1e22294ffd to remote] DEBUG org.asynchttpclient.netty.request.NettyRequestSender - Using pooled Channel '[id: 0xa10b78a6, L:/127.0.0.1:61155 - R:localhost/127.0.0.1:39165]' for 'GET' to 'http://localhost:39165/session/b4c44b8ab3ec34df82fcca1e22294ffd/url'
11:35:54.280 [Forwarding getCurrentUrl on session b4c44b8ab3ec34df82fcca1e22294ffd to remote] DEBUG org.asynchttpclient.netty.request.NettyRequestSender - Using open Channel [id: 0xa10b78a6, L:/127.0.0.1:61155 - R:localhost/127.0.0.1:39165] for GET '/session/b4c44b8ab3ec34df82fcca1e22294ffd/url'
11:35:54.289 [AsyncHttpClient-1-2] DEBUG org.asynchttpclient.netty.handler.HttpHandler - 

Request DefaultFullHttpRequest(decodeResult: success, version: HTTP/1.1, content: EmptyByteBufBE)
GET /session/b4c44b8ab3ec34df82fcca1e22294ffd/url HTTP/1.1
User-Agent: selenium/4.8.0 (java windows)
Cache-Control: no-cache
Content-Type: application/json; charset=utf-8
host: localhost:39165
accept: */*

Response DefaultHttpResponse(decodeResult: success, version: HTTP/1.1)
HTTP/1.1 200 OK
Content-Length: 52
Content-Type: application/json; charset=utf-8
cache-control: no-cache

11:35:54.289 [AsyncHttpClient-1-2] DEBUG org.asynchttpclient.netty.channel.ChannelManager - Adding key: http://localhost:39165 for channel [id: 0xa10b78a6, L:/127.0.0.1:61155 - R:localhost/127.0.0.1:39165]
11:35:54.291 [Forwarding screenshot on session b4c44b8ab3ec34df82fcca1e22294ffd to remote] DEBUG org.asynchttpclient.netty.request.NettyRequestSender - Using pooled Channel '[id: 0xa10b78a6, L:/127.0.0.1:61155 - R:localhost/127.0.0.1:39165]' for 'GET' to 'http://localhost:39165/session/b4c44b8ab3ec34df82fcca1e22294ffd/screenshot'
11:35:54.291 [Forwarding screenshot on session b4c44b8ab3ec34df82fcca1e22294ffd to remote] DEBUG org.asynchttpclient.netty.request.NettyRequestSender - Using open Channel [id: 0xa10b78a6, L:/127.0.0.1:61155 - R:localhost/127.0.0.1:39165] for GET '/session/b4c44b8ab3ec34df82fcca1e22294ffd/screenshot'
11:35:54.434 [AsyncHttpClient-1-1] DEBUG org.asynchttpclient.netty.channel.DefaultChannelPool - Entry count for : http://localhost:61159 : 1
11:35:54.476 [AsyncHttpClient-1-2] DEBUG org.asynchttpclient.netty.handler.HttpHandler - 

Request DefaultFullHttpRequest(decodeResult: success, version: HTTP/1.1, content: EmptyByteBufBE)
GET /session/b4c44b8ab3ec34df82fcca1e22294ffd/screenshot HTTP/1.1
User-Agent: selenium/4.8.0 (java windows)
Cache-Control: no-cache
Content-Type: application/json; charset=utf-8
host: localhost:39165
accept: */*

Response DefaultHttpResponse(decodeResult: success, version: HTTP/1.1)
HTTP/1.1 200 OK
Content-Length: 593756
Content-Type: application/json; charset=utf-8
cache-control: no-cache

11:35:54.477 [AsyncHttpClient-1-2] DEBUG org.asynchttpclient.netty.channel.ChannelManager - Adding key: http://localhost:39165 for channel [id: 0xa10b78a6, L:/127.0.0.1:61155 - R:localhost/127.0.0.1:39165]
11:35:54.497 [main] DEBUG net.serenitybdd.core.photography.Darkroom - Send negative for processing for target\site\serenity\eca43d53eef074ff633e655edbc771f691586132859a1d745a9fad1bf0377d60.png
11:35:54.497 [main] DEBUG net.thucydides.core.steps.StepInterceptor - STEP DONE: test6_addProductToTheCart
11:35:54.502 [Forwarding getPageSource on session b4c44b8ab3ec34df82fcca1e22294ffd to remote] DEBUG org.asynchttpclient.netty.request.NettyRequestSender - Using pooled Channel '[id: 0xa10b78a6, L:/127.0.0.1:61155 - R:localhost/127.0.0.1:39165]' for 'POST' to 'http://localhost:39165/session/b4c44b8ab3ec34df82fcca1e22294ffd/execute/sync'
11:35:54.502 [Forwarding getPageSource on session b4c44b8ab3ec34df82fcca1e22294ffd to remote] DEBUG org.asynchttpclient.netty.request.NettyRequestSender - Using open Channel [id: 0xa10b78a6, L:/127.0.0.1:61155 - R:localhost/127.0.0.1:39165] for POST '/session/b4c44b8ab3ec34df82fcca1e22294ffd/execute/sync'
11:35:54.502 [Darkroom Processing Line] DEBUG net.serenitybdd.core.photography.DarkroomProcessingLine - Processing screenshot image in /var/screenshots/screenshot-6263265784218311626
11:35:54.502 [Darkroom Processing Line] DEBUG net.serenitybdd.core.photography.DarkroomProcessingLine - Saving screenshot to target\site\serenity\eca43d53eef074ff633e655edbc771f691586132859a1d745a9fad1bf0377d60.png
11:35:54.513 [AsyncHttpClient-1-2] DEBUG org.asynchttpclient.netty.handler.HttpHandler - 

Request DefaultHttpRequest(decodeResult: success, version: HTTP/1.1)
POST /session/b4c44b8ab3ec34df82fcca1e22294ffd/execute/sync HTTP/1.1
User-Agent: selenium/4.8.0 (java windows)
Content-Length: 176
Content-Type: application/json; charset=utf-8
host: localhost:39165
accept: */*

Response DefaultHttpResponse(decodeResult: success, version: HTTP/1.1)
HTTP/1.1 200 OK
Content-Length: 16434
Content-Type: application/json; charset=utf-8
cache-control: no-cache

11:35:54.513 [AsyncHttpClient-1-2] DEBUG org.asynchttpclient.netty.channel.ChannelManager - Adding key: http://localhost:39165 for channel [id: 0xa10b78a6, L:/127.0.0.1:61155 - R:localhost/127.0.0.1:39165]
11:35:54.516 [Forwarding getCurrentUrl on session b4c44b8ab3ec34df82fcca1e22294ffd to remote] DEBUG org.asynchttpclient.netty.request.NettyRequestSender - Using pooled Channel '[id: 0xa10b78a6, L:/127.0.0.1:61155 - R:localhost/127.0.0.1:39165]' for 'GET' to 'http://localhost:39165/session/b4c44b8ab3ec34df82fcca1e22294ffd/url'
11:35:54.516 [Forwarding getCurrentUrl on session b4c44b8ab3ec34df82fcca1e22294ffd to remote] DEBUG org.asynchttpclient.netty.request.NettyRequestSender - Using open Channel [id: 0xa10b78a6, L:/127.0.0.1:61155 - R:localhost/127.0.0.1:39165] for GET '/session/b4c44b8ab3ec34df82fcca1e22294ffd/url'
11:35:54.521 [AsyncHttpClient-1-2] DEBUG org.asynchttpclient.netty.handler.HttpHandler - 

Request DefaultFullHttpRequest(decodeResult: success, version: HTTP/1.1, content: EmptyByteBufBE)
GET /session/b4c44b8ab3ec34df82fcca1e22294ffd/url HTTP/1.1
User-Agent: selenium/4.8.0 (java windows)
Cache-Control: no-cache
Content-Type: application/json; charset=utf-8
host: localhost:39165
accept: */*

Response DefaultHttpResponse(decodeResult: success, version: HTTP/1.1)
HTTP/1.1 200 OK
Content-Length: 52
Content-Type: application/json; charset=utf-8
cache-control: no-cache

11:35:54.521 [AsyncHttpClient-1-2] DEBUG org.asynchttpclient.netty.channel.ChannelManager - Adding key: http://localhost:39165 for channel [id: 0xa10b78a6, L:/127.0.0.1:61155 - R:localhost/127.0.0.1:39165]
11:35:54.528 [main] DEBUG net.thucydides.core.steps.StepInterceptor - STARTING STEP: Tests.testCases - test7_validateOneIsShowingNearShoppingCart
11:35:54.530 [Forwarding findElement on session b4c44b8ab3ec34df82fcca1e22294ffd to remote] DEBUG org.asynchttpclient.netty.request.NettyRequestSender - Using pooled Channel '[id: 0xa10b78a6, L:/127.0.0.1:61155 - R:localhost/127.0.0.1:39165]' for 'POST' to 'http://localhost:39165/session/b4c44b8ab3ec34df82fcca1e22294ffd/element'
11:35:54.530 [Forwarding findElement on session b4c44b8ab3ec34df82fcca1e22294ffd to remote] DEBUG org.asynchttpclient.netty.request.NettyRequestSender - Using open Channel [id: 0xa10b78a6, L:/127.0.0.1:61155 - R:localhost/127.0.0.1:39165] for POST '/session/b4c44b8ab3ec34df82fcca1e22294ffd/element'
11:35:54.538 [AsyncHttpClient-1-2] DEBUG org.asynchttpclient.netty.handler.HttpHandler - 

Request DefaultHttpRequest(decodeResult: success, version: HTTP/1.1)
POST /session/b4c44b8ab3ec34df82fcca1e22294ffd/element HTTP/1.1
User-Agent: selenium/4.8.0 (java windows)
Content-Length: 83
Content-Type: application/json; charset=utf-8
host: localhost:39165
accept: */*

Response DefaultHttpResponse(decodeResult: success, version: HTTP/1.1)
HTTP/1.1 200 OK
Content-Length: 95
Content-Type: application/json; charset=utf-8
cache-control: no-cache

11:35:54.538 [AsyncHttpClient-1-2] DEBUG org.asynchttpclient.netty.channel.ChannelManager - Adding key: http://localhost:39165 for channel [id: 0xa10b78a6, L:/127.0.0.1:61155 - R:localhost/127.0.0.1:39165]
11:35:54.540 [Forwarding isElementDisplayed on session b4c44b8ab3ec34df82fcca1e22294ffd to remote] DEBUG org.asynchttpclient.netty.request.NettyRequestSender - Using pooled Channel '[id: 0xa10b78a6, L:/127.0.0.1:61155 - R:localhost/127.0.0.1:39165]' for 'POST' to 'http://localhost:39165/session/b4c44b8ab3ec34df82fcca1e22294ffd/execute/sync'
11:35:54.540 [Forwarding isElementDisplayed on session b4c44b8ab3ec34df82fcca1e22294ffd to remote] DEBUG org.asynchttpclient.netty.request.NettyRequestSender - Using open Channel [id: 0xa10b78a6, L:/127.0.0.1:61155 - R:localhost/127.0.0.1:39165] for POST '/session/b4c44b8ab3ec34df82fcca1e22294ffd/execute/sync'
11:35:54.549 [AsyncHttpClient-1-2] DEBUG org.asynchttpclient.netty.handler.HttpHandler - 

Request DefaultHttpRequest(decodeResult: success, version: HTTP/1.1)
POST /session/b4c44b8ab3ec34df82fcca1e22294ffd/execute/sync HTTP/1.1
User-Agent: selenium/4.8.0 (java windows)
Content-Length: 48814
Content-Type: application/json; charset=utf-8
host: localhost:39165
accept: */*

Response DefaultHttpResponse(decodeResult: success, version: HTTP/1.1)
HTTP/1.1 200 OK
Content-Length: 14
Content-Type: application/json; charset=utf-8
cache-control: no-cache

11:35:54.549 [AsyncHttpClient-1-2] DEBUG org.asynchttpclient.netty.channel.ChannelManager - Adding key: http://localhost:39165 for channel [id: 0xa10b78a6, L:/127.0.0.1:61155 - R:localhost/127.0.0.1:39165]
11:35:54.550 [Forwarding getElementText on session b4c44b8ab3ec34df82fcca1e22294ffd to remote] DEBUG org.asynchttpclient.netty.request.NettyRequestSender - Using pooled Channel '[id: 0xa10b78a6, L:/127.0.0.1:61155 - R:localhost/127.0.0.1:39165]' for 'GET' to 'http://localhost:39165/session/b4c44b8ab3ec34df82fcca1e22294ffd/element/D6FCA329F55A989BAF0E516CCCB7C1E0_element_81/text'
11:35:54.550 [Forwarding getElementText on session b4c44b8ab3ec34df82fcca1e22294ffd to remote] DEBUG org.asynchttpclient.netty.request.NettyRequestSender - Using open Channel [id: 0xa10b78a6, L:/127.0.0.1:61155 - R:localhost/127.0.0.1:39165] for GET '/session/b4c44b8ab3ec34df82fcca1e22294ffd/element/D6FCA329F55A989BAF0E516CCCB7C1E0_element_81/text'
11:35:54.557 [AsyncHttpClient-1-2] DEBUG org.asynchttpclient.netty.handler.HttpHandler - 

Request DefaultFullHttpRequest(decodeResult: success, version: HTTP/1.1, content: EmptyByteBufBE)
GET /session/b4c44b8ab3ec34df82fcca1e22294ffd/element/D6FCA329F55A989BAF0E516CCCB7C1E0_element_81/text HTTP/1.1
User-Agent: selenium/4.8.0 (java windows)
Cache-Control: no-cache
Content-Type: application/json; charset=utf-8
host: localhost:39165
accept: */*

Response DefaultHttpResponse(decodeResult: success, version: HTTP/1.1)
HTTP/1.1 200 OK
Content-Length: 13
Content-Type: application/json; charset=utf-8
cache-control: no-cache

11:35:54.557 [AsyncHttpClient-1-2] DEBUG org.asynchttpclient.netty.channel.ChannelManager - Adding key: http://localhost:39165 for channel [id: 0xa10b78a6, L:/127.0.0.1:61155 - R:localhost/127.0.0.1:39165]
11:35:54.558 [Forwarding executeScript on session b4c44b8ab3ec34df82fcca1e22294ffd to remote] DEBUG org.asynchttpclient.netty.request.NettyRequestSender - Using pooled Channel '[id: 0xa10b78a6, L:/127.0.0.1:61155 - R:localhost/127.0.0.1:39165]' for 'POST' to 'http://localhost:39165/session/b4c44b8ab3ec34df82fcca1e22294ffd/execute/sync'
11:35:54.558 [Forwarding executeScript on session b4c44b8ab3ec34df82fcca1e22294ffd to remote] DEBUG org.asynchttpclient.netty.request.NettyRequestSender - Using open Channel [id: 0xa10b78a6, L:/127.0.0.1:61155 - R:localhost/127.0.0.1:39165] for POST '/session/b4c44b8ab3ec34df82fcca1e22294ffd/execute/sync'
11:35:54.564 [AsyncHttpClient-1-2] DEBUG org.asynchttpclient.netty.handler.HttpHandler - 

Request DefaultHttpRequest(decodeResult: success, version: HTTP/1.1)
POST /session/b4c44b8ab3ec34df82fcca1e22294ffd/execute/sync HTTP/1.1
User-Agent: selenium/4.8.0 (java windows)
Content-Length: 60
Content-Type: application/json; charset=utf-8
host: localhost:39165
accept: */*

Response DefaultHttpResponse(decodeResult: success, version: HTTP/1.1)
HTTP/1.1 200 OK
Content-Length: 14
Content-Type: application/json; charset=utf-8
cache-control: no-cache

11:35:54.564 [AsyncHttpClient-1-2] DEBUG org.asynchttpclient.netty.channel.ChannelManager - Adding key: http://localhost:39165 for channel [id: 0xa10b78a6, L:/127.0.0.1:61155 - R:localhost/127.0.0.1:39165]
actualcount1
11:35:54.571 [Forwarding findElement on session b4c44b8ab3ec34df82fcca1e22294ffd to remote] DEBUG org.asynchttpclient.netty.request.NettyRequestSender - Using pooled Channel '[id: 0xa10b78a6, L:/127.0.0.1:61155 - R:localhost/127.0.0.1:39165]' for 'POST' to 'http://localhost:39165/session/b4c44b8ab3ec34df82fcca1e22294ffd/element'
11:35:54.571 [Forwarding findElement on session b4c44b8ab3ec34df82fcca1e22294ffd to remote] DEBUG org.asynchttpclient.netty.request.NettyRequestSender - Using open Channel [id: 0xa10b78a6, L:/127.0.0.1:61155 - R:localhost/127.0.0.1:39165] for POST '/session/b4c44b8ab3ec34df82fcca1e22294ffd/element'
11:35:54.579 [AsyncHttpClient-1-2] DEBUG org.asynchttpclient.netty.handler.HttpHandler - 

Request DefaultHttpRequest(decodeResult: success, version: HTTP/1.1)
POST /session/b4c44b8ab3ec34df82fcca1e22294ffd/element HTTP/1.1
User-Agent: selenium/4.8.0 (java windows)
Content-Length: 83
Content-Type: application/json; charset=utf-8
host: localhost:39165
accept: */*

Response DefaultHttpResponse(decodeResult: success, version: HTTP/1.1)
HTTP/1.1 200 OK
Content-Length: 95
Content-Type: application/json; charset=utf-8
cache-control: no-cache

11:35:54.579 [AsyncHttpClient-1-2] DEBUG org.asynchttpclient.netty.channel.ChannelManager - Adding key: http://localhost:39165 for channel [id: 0xa10b78a6, L:/127.0.0.1:61155 - R:localhost/127.0.0.1:39165]
11:35:54.582 [Forwarding isElementDisplayed on session b4c44b8ab3ec34df82fcca1e22294ffd to remote] DEBUG org.asynchttpclient.netty.request.NettyRequestSender - Using pooled Channel '[id: 0xa10b78a6, L:/127.0.0.1:61155 - R:localhost/127.0.0.1:39165]' for 'POST' to 'http://localhost:39165/session/b4c44b8ab3ec34df82fcca1e22294ffd/execute/sync'
11:35:54.582 [Forwarding isElementDisplayed on session b4c44b8ab3ec34df82fcca1e22294ffd to remote] DEBUG org.asynchttpclient.netty.request.NettyRequestSender - Using open Channel [id: 0xa10b78a6, L:/127.0.0.1:61155 - R:localhost/127.0.0.1:39165] for POST '/session/b4c44b8ab3ec34df82fcca1e22294ffd/execute/sync'
11:35:54.592 [AsyncHttpClient-1-2] DEBUG org.asynchttpclient.netty.handler.HttpHandler - 

Request DefaultHttpRequest(decodeResult: success, version: HTTP/1.1)
POST /session/b4c44b8ab3ec34df82fcca1e22294ffd/execute/sync HTTP/1.1
User-Agent: selenium/4.8.0 (java windows)
Content-Length: 48814
Content-Type: application/json; charset=utf-8
host: localhost:39165
accept: */*

Response DefaultHttpResponse(decodeResult: success, version: HTTP/1.1)
HTTP/1.1 200 OK
Content-Length: 14
Content-Type: application/json; charset=utf-8
cache-control: no-cache

11:35:54.592 [AsyncHttpClient-1-2] DEBUG org.asynchttpclient.netty.channel.ChannelManager - Adding key: http://localhost:39165 for channel [id: 0xa10b78a6, L:/127.0.0.1:61155 - R:localhost/127.0.0.1:39165]
11:35:54.592 [Forwarding getElementText on session b4c44b8ab3ec34df82fcca1e22294ffd to remote] DEBUG org.asynchttpclient.netty.request.NettyRequestSender - Using pooled Channel '[id: 0xa10b78a6, L:/127.0.0.1:61155 - R:localhost/127.0.0.1:39165]' for 'GET' to 'http://localhost:39165/session/b4c44b8ab3ec34df82fcca1e22294ffd/element/D6FCA329F55A989BAF0E516CCCB7C1E0_element_81/text'
11:35:54.592 [Forwarding getElementText on session b4c44b8ab3ec34df82fcca1e22294ffd to remote] DEBUG org.asynchttpclient.netty.request.NettyRequestSender - Using open Channel [id: 0xa10b78a6, L:/127.0.0.1:61155 - R:localhost/127.0.0.1:39165] for GET '/session/b4c44b8ab3ec34df82fcca1e22294ffd/element/D6FCA329F55A989BAF0E516CCCB7C1E0_element_81/text'
11:35:54.600 [AsyncHttpClient-1-2] DEBUG org.asynchttpclient.netty.handler.HttpHandler - 

Request DefaultFullHttpRequest(decodeResult: success, version: HTTP/1.1, content: EmptyByteBufBE)
GET /session/b4c44b8ab3ec34df82fcca1e22294ffd/element/D6FCA329F55A989BAF0E516CCCB7C1E0_element_81/text HTTP/1.1
User-Agent: selenium/4.8.0 (java windows)
Cache-Control: no-cache
Content-Type: application/json; charset=utf-8
host: localhost:39165
accept: */*

Response DefaultHttpResponse(decodeResult: success, version: HTTP/1.1)
HTTP/1.1 200 OK
Content-Length: 13
Content-Type: application/json; charset=utf-8
cache-control: no-cache

11:35:54.600 [AsyncHttpClient-1-2] DEBUG org.asynchttpclient.netty.channel.ChannelManager - Adding key: http://localhost:39165 for channel [id: 0xa10b78a6, L:/127.0.0.1:61155 - R:localhost/127.0.0.1:39165]
11:35:54.600 [main] INFO  com.swaglabs.base.SetUp - validated product count as 1 in shopping cart
11:35:54.603 [Forwarding getAlertText on session b4c44b8ab3ec34df82fcca1e22294ffd to remote] DEBUG org.asynchttpclient.netty.request.NettyRequestSender - Using pooled Channel '[id: 0xa10b78a6, L:/127.0.0.1:61155 - R:localhost/127.0.0.1:39165]' for 'GET' to 'http://localhost:39165/session/b4c44b8ab3ec34df82fcca1e22294ffd/alert/text'
11:35:54.603 [Forwarding getAlertText on session b4c44b8ab3ec34df82fcca1e22294ffd to remote] DEBUG org.asynchttpclient.netty.request.NettyRequestSender - Using open Channel [id: 0xa10b78a6, L:/127.0.0.1:61155 - R:localhost/127.0.0.1:39165] for GET '/session/b4c44b8ab3ec34df82fcca1e22294ffd/alert/text'
11:35:54.604 [AsyncHttpClient-1-2] DEBUG org.asynchttpclient.netty.handler.HttpHandler - 

Request DefaultFullHttpRequest(decodeResult: success, version: HTTP/1.1, content: EmptyByteBufBE)
GET /session/b4c44b8ab3ec34df82fcca1e22294ffd/alert/text HTTP/1.1
User-Agent: selenium/4.8.0 (java windows)
Cache-Control: no-cache
Content-Type: application/json; charset=utf-8
host: localhost:39165
accept: */*

Response DefaultHttpResponse(decodeResult: success, version: HTTP/1.1)
HTTP/1.1 404 Not Found
Content-Length: 1522
Content-Type: application/json; charset=utf-8
cache-control: no-cache

11:35:54.604 [AsyncHttpClient-1-2] DEBUG org.asynchttpclient.netty.channel.ChannelManager - Adding key: http://localhost:39165 for channel [id: 0xa10b78a6, L:/127.0.0.1:61155 - R:localhost/127.0.0.1:39165]
11:35:54.604 [Forwarding getCurrentUrl on session b4c44b8ab3ec34df82fcca1e22294ffd to remote] DEBUG org.asynchttpclient.netty.request.NettyRequestSender - Using pooled Channel '[id: 0xa10b78a6, L:/127.0.0.1:61155 - R:localhost/127.0.0.1:39165]' for 'GET' to 'http://localhost:39165/session/b4c44b8ab3ec34df82fcca1e22294ffd/url'
11:35:54.604 [Forwarding getCurrentUrl on session b4c44b8ab3ec34df82fcca1e22294ffd to remote] DEBUG org.asynchttpclient.netty.request.NettyRequestSender - Using open Channel [id: 0xa10b78a6, L:/127.0.0.1:61155 - R:localhost/127.0.0.1:39165] for GET '/session/b4c44b8ab3ec34df82fcca1e22294ffd/url'
11:35:54.607 [AsyncHttpClient-1-2] DEBUG org.asynchttpclient.netty.handler.HttpHandler - 

Request DefaultFullHttpRequest(decodeResult: success, version: HTTP/1.1, content: EmptyByteBufBE)
GET /session/b4c44b8ab3ec34df82fcca1e22294ffd/url HTTP/1.1
User-Agent: selenium/4.8.0 (java windows)
Cache-Control: no-cache
Content-Type: application/json; charset=utf-8
host: localhost:39165
accept: */*

Response DefaultHttpResponse(decodeResult: success, version: HTTP/1.1)
HTTP/1.1 200 OK
Content-Length: 52
Content-Type: application/json; charset=utf-8
cache-control: no-cache

11:35:54.607 [AsyncHttpClient-1-2] DEBUG org.asynchttpclient.netty.channel.ChannelManager - Adding key: http://localhost:39165 for channel [id: 0xa10b78a6, L:/127.0.0.1:61155 - R:localhost/127.0.0.1:39165]
11:35:54.608 [Forwarding screenshot on session b4c44b8ab3ec34df82fcca1e22294ffd to remote] DEBUG org.asynchttpclient.netty.request.NettyRequestSender - Using pooled Channel '[id: 0xa10b78a6, L:/127.0.0.1:61155 - R:localhost/127.0.0.1:39165]' for 'GET' to 'http://localhost:39165/session/b4c44b8ab3ec34df82fcca1e22294ffd/screenshot'
11:35:54.608 [Forwarding screenshot on session b4c44b8ab3ec34df82fcca1e22294ffd to remote] DEBUG org.asynchttpclient.netty.request.NettyRequestSender - Using open Channel [id: 0xa10b78a6, L:/127.0.0.1:61155 - R:localhost/127.0.0.1:39165] for GET '/session/b4c44b8ab3ec34df82fcca1e22294ffd/screenshot'
11:35:54.780 [AsyncHttpClient-1-2] DEBUG org.asynchttpclient.netty.handler.HttpHandler - 

Request DefaultFullHttpRequest(decodeResult: success, version: HTTP/1.1, content: EmptyByteBufBE)
GET /session/b4c44b8ab3ec34df82fcca1e22294ffd/screenshot HTTP/1.1
User-Agent: selenium/4.8.0 (java windows)
Cache-Control: no-cache
Content-Type: application/json; charset=utf-8
host: localhost:39165
accept: */*

Response DefaultHttpResponse(decodeResult: success, version: HTTP/1.1)
HTTP/1.1 200 OK
Content-Length: 542780
Content-Type: application/json; charset=utf-8
cache-control: no-cache

11:35:54.781 [AsyncHttpClient-1-2] DEBUG org.asynchttpclient.netty.channel.ChannelManager - Adding key: http://localhost:39165 for channel [id: 0xa10b78a6, L:/127.0.0.1:61155 - R:localhost/127.0.0.1:39165]
11:35:54.793 [main] DEBUG net.serenitybdd.core.photography.Darkroom - Send negative for processing for target\site\serenity\aec6ef2bf3f8f3ab44c05fcbe5852868cde3782a4cf99a650e3d84abad39af02.png
11:35:54.793 [main] DEBUG net.thucydides.core.steps.StepInterceptor - STEP DONE: test7_validateOneIsShowingNearShoppingCart
11:35:54.798 [Darkroom Processing Line] DEBUG net.serenitybdd.core.photography.DarkroomProcessingLine - Processing screenshot image in /var/screenshots/screenshot-14437566502478694824
11:35:54.798 [Darkroom Processing Line] DEBUG net.serenitybdd.core.photography.DarkroomProcessingLine - Saving screenshot to target\site\serenity\aec6ef2bf3f8f3ab44c05fcbe5852868cde3782a4cf99a650e3d84abad39af02.png
11:35:54.798 [Forwarding getPageSource on session b4c44b8ab3ec34df82fcca1e22294ffd to remote] DEBUG org.asynchttpclient.netty.request.NettyRequestSender - Using pooled Channel '[id: 0xa10b78a6, L:/127.0.0.1:61155 - R:localhost/127.0.0.1:39165]' for 'POST' to 'http://localhost:39165/session/b4c44b8ab3ec34df82fcca1e22294ffd/execute/sync'
11:35:54.798 [Forwarding getPageSource on session b4c44b8ab3ec34df82fcca1e22294ffd to remote] DEBUG org.asynchttpclient.netty.request.NettyRequestSender - Using open Channel [id: 0xa10b78a6, L:/127.0.0.1:61155 - R:localhost/127.0.0.1:39165] for POST '/session/b4c44b8ab3ec34df82fcca1e22294ffd/execute/sync'
11:35:54.806 [AsyncHttpClient-1-2] DEBUG org.asynchttpclient.netty.handler.HttpHandler - 

Request DefaultHttpRequest(decodeResult: success, version: HTTP/1.1)
POST /session/b4c44b8ab3ec34df82fcca1e22294ffd/execute/sync HTTP/1.1
User-Agent: selenium/4.8.0 (java windows)
Content-Length: 176
Content-Type: application/json; charset=utf-8
host: localhost:39165
accept: */*

Response DefaultHttpResponse(decodeResult: success, version: HTTP/1.1)
HTTP/1.1 200 OK
Content-Length: 16434
Content-Type: application/json; charset=utf-8
cache-control: no-cache

11:35:54.806 [AsyncHttpClient-1-2] DEBUG org.asynchttpclient.netty.channel.ChannelManager - Adding key: http://localhost:39165 for channel [id: 0xa10b78a6, L:/127.0.0.1:61155 - R:localhost/127.0.0.1:39165]
11:35:54.807 [Forwarding getCurrentUrl on session b4c44b8ab3ec34df82fcca1e22294ffd to remote] DEBUG org.asynchttpclient.netty.request.NettyRequestSender - Using pooled Channel '[id: 0xa10b78a6, L:/127.0.0.1:61155 - R:localhost/127.0.0.1:39165]' for 'GET' to 'http://localhost:39165/session/b4c44b8ab3ec34df82fcca1e22294ffd/url'
11:35:54.808 [Forwarding getCurrentUrl on session b4c44b8ab3ec34df82fcca1e22294ffd to remote] DEBUG org.asynchttpclient.netty.request.NettyRequestSender - Using open Channel [id: 0xa10b78a6, L:/127.0.0.1:61155 - R:localhost/127.0.0.1:39165] for GET '/session/b4c44b8ab3ec34df82fcca1e22294ffd/url'
11:35:54.814 [AsyncHttpClient-1-2] DEBUG org.asynchttpclient.netty.handler.HttpHandler - 

Request DefaultFullHttpRequest(decodeResult: success, version: HTTP/1.1, content: EmptyByteBufBE)
GET /session/b4c44b8ab3ec34df82fcca1e22294ffd/url HTTP/1.1
User-Agent: selenium/4.8.0 (java windows)
Cache-Control: no-cache
Content-Type: application/json; charset=utf-8
host: localhost:39165
accept: */*

Response DefaultHttpResponse(decodeResult: success, version: HTTP/1.1)
HTTP/1.1 200 OK
Content-Length: 52
Content-Type: application/json; charset=utf-8
cache-control: no-cache

11:35:54.814 [AsyncHttpClient-1-2] DEBUG org.asynchttpclient.netty.channel.ChannelManager - Adding key: http://localhost:39165 for channel [id: 0xa10b78a6, L:/127.0.0.1:61155 - R:localhost/127.0.0.1:39165]
11:35:54.823 [main] DEBUG net.thucydides.core.steps.StepInterceptor - STARTING STEP: Tests.testCases - test8_validateUserInterfaceFootersAndHeaders
11:35:54.827 [Forwarding findElement on session b4c44b8ab3ec34df82fcca1e22294ffd to remote] DEBUG org.asynchttpclient.netty.request.NettyRequestSender - Using pooled Channel '[id: 0xa10b78a6, L:/127.0.0.1:61155 - R:localhost/127.0.0.1:39165]' for 'POST' to 'http://localhost:39165/session/b4c44b8ab3ec34df82fcca1e22294ffd/element'
11:35:54.827 [Forwarding findElement on session b4c44b8ab3ec34df82fcca1e22294ffd to remote] DEBUG org.asynchttpclient.netty.request.NettyRequestSender - Using open Channel [id: 0xa10b78a6, L:/127.0.0.1:61155 - R:localhost/127.0.0.1:39165] for POST '/session/b4c44b8ab3ec34df82fcca1e22294ffd/element'
11:35:54.841 [AsyncHttpClient-1-2] DEBUG org.asynchttpclient.netty.handler.HttpHandler - 

Request DefaultHttpRequest(decodeResult: success, version: HTTP/1.1)
POST /session/b4c44b8ab3ec34df82fcca1e22294ffd/element HTTP/1.1
User-Agent: selenium/4.8.0 (java windows)
Content-Length: 83
Content-Type: application/json; charset=utf-8
host: localhost:39165
accept: */*

Response DefaultHttpResponse(decodeResult: success, version: HTTP/1.1)
HTTP/1.1 200 OK
Content-Length: 95
Content-Type: application/json; charset=utf-8
cache-control: no-cache

11:35:54.841 [AsyncHttpClient-1-2] DEBUG org.asynchttpclient.netty.channel.ChannelManager - Adding key: http://localhost:39165 for channel [id: 0xa10b78a6, L:/127.0.0.1:61155 - R:localhost/127.0.0.1:39165]
11:35:54.843 [Forwarding isElementDisplayed on session b4c44b8ab3ec34df82fcca1e22294ffd to remote] DEBUG org.asynchttpclient.netty.request.NettyRequestSender - Using pooled Channel '[id: 0xa10b78a6, L:/127.0.0.1:61155 - R:localhost/127.0.0.1:39165]' for 'POST' to 'http://localhost:39165/session/b4c44b8ab3ec34df82fcca1e22294ffd/execute/sync'
11:35:54.843 [Forwarding isElementDisplayed on session b4c44b8ab3ec34df82fcca1e22294ffd to remote] DEBUG org.asynchttpclient.netty.request.NettyRequestSender - Using open Channel [id: 0xa10b78a6, L:/127.0.0.1:61155 - R:localhost/127.0.0.1:39165] for POST '/session/b4c44b8ab3ec34df82fcca1e22294ffd/execute/sync'
11:35:54.856 [AsyncHttpClient-1-2] DEBUG org.asynchttpclient.netty.handler.HttpHandler - 

Request DefaultHttpRequest(decodeResult: success, version: HTTP/1.1)
POST /session/b4c44b8ab3ec34df82fcca1e22294ffd/execute/sync HTTP/1.1
User-Agent: selenium/4.8.0 (java windows)
Content-Length: 48814
Content-Type: application/json; charset=utf-8
host: localhost:39165
accept: */*

Response DefaultHttpResponse(decodeResult: success, version: HTTP/1.1)
HTTP/1.1 200 OK
Content-Length: 14
Content-Type: application/json; charset=utf-8
cache-control: no-cache

11:35:54.856 [AsyncHttpClient-1-2] DEBUG org.asynchttpclient.netty.channel.ChannelManager - Adding key: http://localhost:39165 for channel [id: 0xa10b78a6, L:/127.0.0.1:61155 - R:localhost/127.0.0.1:39165]
11:35:54.858 [Forwarding getElementTagName on session b4c44b8ab3ec34df82fcca1e22294ffd to remote] DEBUG org.asynchttpclient.netty.request.NettyRequestSender - Using pooled Channel '[id: 0xa10b78a6, L:/127.0.0.1:61155 - R:localhost/127.0.0.1:39165]' for 'GET' to 'http://localhost:39165/session/b4c44b8ab3ec34df82fcca1e22294ffd/element/D6FCA329F55A989BAF0E516CCCB7C1E0_element_82/name'
11:35:54.858 [Forwarding getElementTagName on session b4c44b8ab3ec34df82fcca1e22294ffd to remote] DEBUG org.asynchttpclient.netty.request.NettyRequestSender - Using open Channel [id: 0xa10b78a6, L:/127.0.0.1:61155 - R:localhost/127.0.0.1:39165] for GET '/session/b4c44b8ab3ec34df82fcca1e22294ffd/element/D6FCA329F55A989BAF0E516CCCB7C1E0_element_82/name'
11:35:54.863 [AsyncHttpClient-1-2] DEBUG org.asynchttpclient.netty.handler.HttpHandler - 

Request DefaultFullHttpRequest(decodeResult: success, version: HTTP/1.1, content: EmptyByteBufBE)
GET /session/b4c44b8ab3ec34df82fcca1e22294ffd/element/D6FCA329F55A989BAF0E516CCCB7C1E0_element_82/name HTTP/1.1
User-Agent: selenium/4.8.0 (java windows)
Cache-Control: no-cache
Content-Type: application/json; charset=utf-8
host: localhost:39165
accept: */*

Response DefaultHttpResponse(decodeResult: success, version: HTTP/1.1)
HTTP/1.1 200 OK
Content-Length: 15
Content-Type: application/json; charset=utf-8
cache-control: no-cache

11:35:54.863 [AsyncHttpClient-1-2] DEBUG org.asynchttpclient.netty.channel.ChannelManager - Adding key: http://localhost:39165 for channel [id: 0xa10b78a6, L:/127.0.0.1:61155 - R:localhost/127.0.0.1:39165]
11:35:54.864 [Forwarding getElementTagName on session b4c44b8ab3ec34df82fcca1e22294ffd to remote] DEBUG org.asynchttpclient.netty.request.NettyRequestSender - Using pooled Channel '[id: 0xa10b78a6, L:/127.0.0.1:61155 - R:localhost/127.0.0.1:39165]' for 'GET' to 'http://localhost:39165/session/b4c44b8ab3ec34df82fcca1e22294ffd/element/D6FCA329F55A989BAF0E516CCCB7C1E0_element_82/name'
11:35:54.864 [Forwarding getElementTagName on session b4c44b8ab3ec34df82fcca1e22294ffd to remote] DEBUG org.asynchttpclient.netty.request.NettyRequestSender - Using open Channel [id: 0xa10b78a6, L:/127.0.0.1:61155 - R:localhost/127.0.0.1:39165] for GET '/session/b4c44b8ab3ec34df82fcca1e22294ffd/element/D6FCA329F55A989BAF0E516CCCB7C1E0_element_82/name'
11:35:54.867 [AsyncHttpClient-1-2] DEBUG org.asynchttpclient.netty.handler.HttpHandler - 

Request DefaultFullHttpRequest(decodeResult: success, version: HTTP/1.1, content: EmptyByteBufBE)
GET /session/b4c44b8ab3ec34df82fcca1e22294ffd/element/D6FCA329F55A989BAF0E516CCCB7C1E0_element_82/name HTTP/1.1
User-Agent: selenium/4.8.0 (java windows)
Cache-Control: no-cache
Content-Type: application/json; charset=utf-8
host: localhost:39165
accept: */*

Response DefaultHttpResponse(decodeResult: success, version: HTTP/1.1)
HTTP/1.1 200 OK
Content-Length: 15
Content-Type: application/json; charset=utf-8
cache-control: no-cache

11:35:54.867 [AsyncHttpClient-1-2] DEBUG org.asynchttpclient.netty.channel.ChannelManager - Adding key: http://localhost:39165 for channel [id: 0xa10b78a6, L:/127.0.0.1:61155 - R:localhost/127.0.0.1:39165]
11:35:54.869 [Forwarding findElement on session b4c44b8ab3ec34df82fcca1e22294ffd to remote] DEBUG org.asynchttpclient.netty.request.NettyRequestSender - Using pooled Channel '[id: 0xa10b78a6, L:/127.0.0.1:61155 - R:localhost/127.0.0.1:39165]' for 'POST' to 'http://localhost:39165/session/b4c44b8ab3ec34df82fcca1e22294ffd/element'
11:35:54.869 [Forwarding findElement on session b4c44b8ab3ec34df82fcca1e22294ffd to remote] DEBUG org.asynchttpclient.netty.request.NettyRequestSender - Using open Channel [id: 0xa10b78a6, L:/127.0.0.1:61155 - R:localhost/127.0.0.1:39165] for POST '/session/b4c44b8ab3ec34df82fcca1e22294ffd/element'
11:35:54.875 [AsyncHttpClient-1-2] DEBUG org.asynchttpclient.netty.handler.HttpHandler - 

Request DefaultHttpRequest(decodeResult: success, version: HTTP/1.1)
POST /session/b4c44b8ab3ec34df82fcca1e22294ffd/element HTTP/1.1
User-Agent: selenium/4.8.0 (java windows)
Content-Length: 83
Content-Type: application/json; charset=utf-8
host: localhost:39165
accept: */*

Response DefaultHttpResponse(decodeResult: success, version: HTTP/1.1)
HTTP/1.1 200 OK
Content-Length: 95
Content-Type: application/json; charset=utf-8
cache-control: no-cache

11:35:54.875 [AsyncHttpClient-1-2] DEBUG org.asynchttpclient.netty.channel.ChannelManager - Adding key: http://localhost:39165 for channel [id: 0xa10b78a6, L:/127.0.0.1:61155 - R:localhost/127.0.0.1:39165]
11:35:54.877 [Forwarding isElementDisplayed on session b4c44b8ab3ec34df82fcca1e22294ffd to remote] DEBUG org.asynchttpclient.netty.request.NettyRequestSender - Using pooled Channel '[id: 0xa10b78a6, L:/127.0.0.1:61155 - R:localhost/127.0.0.1:39165]' for 'POST' to 'http://localhost:39165/session/b4c44b8ab3ec34df82fcca1e22294ffd/execute/sync'
11:35:54.877 [Forwarding isElementDisplayed on session b4c44b8ab3ec34df82fcca1e22294ffd to remote] DEBUG org.asynchttpclient.netty.request.NettyRequestSender - Using open Channel [id: 0xa10b78a6, L:/127.0.0.1:61155 - R:localhost/127.0.0.1:39165] for POST '/session/b4c44b8ab3ec34df82fcca1e22294ffd/execute/sync'
11:35:54.885 [AsyncHttpClient-1-2] DEBUG org.asynchttpclient.netty.handler.HttpHandler - 

Request DefaultHttpRequest(decodeResult: success, version: HTTP/1.1)
POST /session/b4c44b8ab3ec34df82fcca1e22294ffd/execute/sync HTTP/1.1
User-Agent: selenium/4.8.0 (java windows)
Content-Length: 48814
Content-Type: application/json; charset=utf-8
host: localhost:39165
accept: */*

Response DefaultHttpResponse(decodeResult: success, version: HTTP/1.1)
HTTP/1.1 200 OK
Content-Length: 14
Content-Type: application/json; charset=utf-8
cache-control: no-cache

11:35:54.885 [AsyncHttpClient-1-2] DEBUG org.asynchttpclient.netty.channel.ChannelManager - Adding key: http://localhost:39165 for channel [id: 0xa10b78a6, L:/127.0.0.1:61155 - R:localhost/127.0.0.1:39165]
11:35:54.886 [Forwarding clickElement on session b4c44b8ab3ec34df82fcca1e22294ffd to remote] DEBUG org.asynchttpclient.netty.request.NettyRequestSender - Using pooled Channel '[id: 0xa10b78a6, L:/127.0.0.1:61155 - R:localhost/127.0.0.1:39165]' for 'POST' to 'http://localhost:39165/session/b4c44b8ab3ec34df82fcca1e22294ffd/element/D6FCA329F55A989BAF0E516CCCB7C1E0_element_82/click'
11:35:54.886 [Forwarding clickElement on session b4c44b8ab3ec34df82fcca1e22294ffd to remote] DEBUG org.asynchttpclient.netty.request.NettyRequestSender - Using open Channel [id: 0xa10b78a6, L:/127.0.0.1:61155 - R:localhost/127.0.0.1:39165] for POST '/session/b4c44b8ab3ec34df82fcca1e22294ffd/element/D6FCA329F55A989BAF0E516CCCB7C1E0_element_82/click'
11:35:54.926 [AsyncHttpClient-1-2] DEBUG org.asynchttpclient.netty.handler.HttpHandler - 

Request DefaultHttpRequest(decodeResult: success, version: HTTP/1.1)
POST /session/b4c44b8ab3ec34df82fcca1e22294ffd/element/D6FCA329F55A989BAF0E516CCCB7C1E0_element_82/click HTTP/1.1
User-Agent: selenium/4.8.0 (java windows)
Content-Length: 57
Content-Type: application/json; charset=utf-8
host: localhost:39165
accept: */*

Response DefaultHttpResponse(decodeResult: success, version: HTTP/1.1)
HTTP/1.1 200 OK
Content-Length: 14
Content-Type: application/json; charset=utf-8
cache-control: no-cache

11:35:54.926 [AsyncHttpClient-1-2] DEBUG org.asynchttpclient.netty.channel.ChannelManager - Adding key: http://localhost:39165 for channel [id: 0xa10b78a6, L:/127.0.0.1:61155 - R:localhost/127.0.0.1:39165]
11:35:54.932 [Forwarding getAlertText on session b4c44b8ab3ec34df82fcca1e22294ffd to remote] DEBUG org.asynchttpclient.netty.request.NettyRequestSender - Using pooled Channel '[id: 0xa10b78a6, L:/127.0.0.1:61155 - R:localhost/127.0.0.1:39165]' for 'GET' to 'http://localhost:39165/session/b4c44b8ab3ec34df82fcca1e22294ffd/alert/text'
11:35:54.932 [Forwarding getAlertText on session b4c44b8ab3ec34df82fcca1e22294ffd to remote] DEBUG org.asynchttpclient.netty.request.NettyRequestSender - Using open Channel [id: 0xa10b78a6, L:/127.0.0.1:61155 - R:localhost/127.0.0.1:39165] for GET '/session/b4c44b8ab3ec34df82fcca1e22294ffd/alert/text'
11:35:54.934 [AsyncHttpClient-1-2] DEBUG org.asynchttpclient.netty.handler.HttpHandler - 

Request DefaultFullHttpRequest(decodeResult: success, version: HTTP/1.1, content: EmptyByteBufBE)
GET /session/b4c44b8ab3ec34df82fcca1e22294ffd/alert/text HTTP/1.1
User-Agent: selenium/4.8.0 (java windows)
Cache-Control: no-cache
Content-Type: application/json; charset=utf-8
host: localhost:39165
accept: */*

Response DefaultHttpResponse(decodeResult: success, version: HTTP/1.1)
HTTP/1.1 404 Not Found
Content-Length: 1522
Content-Type: application/json; charset=utf-8
cache-control: no-cache

11:35:54.934 [AsyncHttpClient-1-2] DEBUG org.asynchttpclient.netty.channel.ChannelManager - Adding key: http://localhost:39165 for channel [id: 0xa10b78a6, L:/127.0.0.1:61155 - R:localhost/127.0.0.1:39165]
11:35:54.934 [Forwarding getCurrentUrl on session b4c44b8ab3ec34df82fcca1e22294ffd to remote] DEBUG org.asynchttpclient.netty.request.NettyRequestSender - Using pooled Channel '[id: 0xa10b78a6, L:/127.0.0.1:61155 - R:localhost/127.0.0.1:39165]' for 'GET' to 'http://localhost:39165/session/b4c44b8ab3ec34df82fcca1e22294ffd/url'
11:35:54.934 [Forwarding getCurrentUrl on session b4c44b8ab3ec34df82fcca1e22294ffd to remote] DEBUG org.asynchttpclient.netty.request.NettyRequestSender - Using open Channel [id: 0xa10b78a6, L:/127.0.0.1:61155 - R:localhost/127.0.0.1:39165] for GET '/session/b4c44b8ab3ec34df82fcca1e22294ffd/url'
11:35:54.951 [AsyncHttpClient-1-2] DEBUG org.asynchttpclient.netty.handler.HttpHandler - 

Request DefaultFullHttpRequest(decodeResult: success, version: HTTP/1.1, content: EmptyByteBufBE)
GET /session/b4c44b8ab3ec34df82fcca1e22294ffd/url HTTP/1.1
User-Agent: selenium/4.8.0 (java windows)
Cache-Control: no-cache
Content-Type: application/json; charset=utf-8
host: localhost:39165
accept: */*

Response DefaultHttpResponse(decodeResult: success, version: HTTP/1.1)
HTTP/1.1 200 OK
Content-Length: 47
Content-Type: application/json; charset=utf-8
cache-control: no-cache

11:35:54.951 [AsyncHttpClient-1-2] DEBUG org.asynchttpclient.netty.channel.ChannelManager - Adding key: http://localhost:39165 for channel [id: 0xa10b78a6, L:/127.0.0.1:61155 - R:localhost/127.0.0.1:39165]
11:35:54.952 [Forwarding screenshot on session b4c44b8ab3ec34df82fcca1e22294ffd to remote] DEBUG org.asynchttpclient.netty.request.NettyRequestSender - Using pooled Channel '[id: 0xa10b78a6, L:/127.0.0.1:61155 - R:localhost/127.0.0.1:39165]' for 'GET' to 'http://localhost:39165/session/b4c44b8ab3ec34df82fcca1e22294ffd/screenshot'
11:35:54.952 [Forwarding screenshot on session b4c44b8ab3ec34df82fcca1e22294ffd to remote] DEBUG org.asynchttpclient.netty.request.NettyRequestSender - Using open Channel [id: 0xa10b78a6, L:/127.0.0.1:61155 - R:localhost/127.0.0.1:39165] for GET '/session/b4c44b8ab3ec34df82fcca1e22294ffd/screenshot'
11:35:55.073 [AsyncHttpClient-1-2] DEBUG org.asynchttpclient.netty.handler.HttpHandler - 

Request DefaultFullHttpRequest(decodeResult: success, version: HTTP/1.1, content: EmptyByteBufBE)
GET /session/b4c44b8ab3ec34df82fcca1e22294ffd/screenshot HTTP/1.1
User-Agent: selenium/4.8.0 (java windows)
Cache-Control: no-cache
Content-Type: application/json; charset=utf-8
host: localhost:39165
accept: */*

Response DefaultHttpResponse(decodeResult: success, version: HTTP/1.1)
HTTP/1.1 200 OK
Content-Length: 79820
Content-Type: application/json; charset=utf-8
cache-control: no-cache

11:35:55.074 [AsyncHttpClient-1-2] DEBUG org.asynchttpclient.netty.channel.ChannelManager - Adding key: http://localhost:39165 for channel [id: 0xa10b78a6, L:/127.0.0.1:61155 - R:localhost/127.0.0.1:39165]
11:35:55.076 [main] DEBUG net.serenitybdd.core.photography.Darkroom - Send negative for processing for target\site\serenity\f22411eeb1ecd530ce17e3755060e8c246f74a49fea548866068a0837f48c931.png
11:35:55.077 [Forwarding getPageSource on session b4c44b8ab3ec34df82fcca1e22294ffd to remote] DEBUG org.asynchttpclient.netty.request.NettyRequestSender - Using pooled Channel '[id: 0xa10b78a6, L:/127.0.0.1:61155 - R:localhost/127.0.0.1:39165]' for 'POST' to 'http://localhost:39165/session/b4c44b8ab3ec34df82fcca1e22294ffd/execute/sync'
11:35:55.077 [Forwarding getPageSource on session b4c44b8ab3ec34df82fcca1e22294ffd to remote] DEBUG org.asynchttpclient.netty.request.NettyRequestSender - Using open Channel [id: 0xa10b78a6, L:/127.0.0.1:61155 - R:localhost/127.0.0.1:39165] for POST '/session/b4c44b8ab3ec34df82fcca1e22294ffd/execute/sync'
11:35:55.080 [Darkroom Processing Line] DEBUG net.serenitybdd.core.photography.DarkroomProcessingLine - Processing screenshot image in /var/screenshots/screenshot-11166704036538702580
11:35:55.080 [Darkroom Processing Line] DEBUG net.serenitybdd.core.photography.DarkroomProcessingLine - Saving screenshot to target\site\serenity\f22411eeb1ecd530ce17e3755060e8c246f74a49fea548866068a0837f48c931.png
11:35:55.084 [AsyncHttpClient-1-2] DEBUG org.asynchttpclient.netty.handler.HttpHandler - 

Request DefaultHttpRequest(decodeResult: success, version: HTTP/1.1)
POST /session/b4c44b8ab3ec34df82fcca1e22294ffd/execute/sync HTTP/1.1
User-Agent: selenium/4.8.0 (java windows)
Content-Length: 176
Content-Type: application/json; charset=utf-8
host: localhost:39165
accept: */*

Response DefaultHttpResponse(decodeResult: success, version: HTTP/1.1)
HTTP/1.1 200 OK
Content-Length: 12651
Content-Type: application/json; charset=utf-8
cache-control: no-cache

11:35:55.085 [AsyncHttpClient-1-2] DEBUG org.asynchttpclient.netty.channel.ChannelManager - Adding key: http://localhost:39165 for channel [id: 0xa10b78a6, L:/127.0.0.1:61155 - R:localhost/127.0.0.1:39165]
11:35:55.086 [Forwarding getCurrentUrl on session b4c44b8ab3ec34df82fcca1e22294ffd to remote] DEBUG org.asynchttpclient.netty.request.NettyRequestSender - Using pooled Channel '[id: 0xa10b78a6, L:/127.0.0.1:61155 - R:localhost/127.0.0.1:39165]' for 'GET' to 'http://localhost:39165/session/b4c44b8ab3ec34df82fcca1e22294ffd/url'
11:35:55.086 [Forwarding getCurrentUrl on session b4c44b8ab3ec34df82fcca1e22294ffd to remote] DEBUG org.asynchttpclient.netty.request.NettyRequestSender - Using open Channel [id: 0xa10b78a6, L:/127.0.0.1:61155 - R:localhost/127.0.0.1:39165] for GET '/session/b4c44b8ab3ec34df82fcca1e22294ffd/url'
11:35:55.092 [AsyncHttpClient-1-2] DEBUG org.asynchttpclient.netty.handler.HttpHandler - 

Request DefaultFullHttpRequest(decodeResult: success, version: HTTP/1.1, content: EmptyByteBufBE)
GET /session/b4c44b8ab3ec34df82fcca1e22294ffd/url HTTP/1.1
User-Agent: selenium/4.8.0 (java windows)
Cache-Control: no-cache
Content-Type: application/json; charset=utf-8
host: localhost:39165
accept: */*

Response DefaultHttpResponse(decodeResult: success, version: HTTP/1.1)
HTTP/1.1 200 OK
Content-Length: 47
Content-Type: application/json; charset=utf-8
cache-control: no-cache

11:35:55.092 [AsyncHttpClient-1-2] DEBUG org.asynchttpclient.netty.channel.ChannelManager - Adding key: http://localhost:39165 for channel [id: 0xa10b78a6, L:/127.0.0.1:61155 - R:localhost/127.0.0.1:39165]
11:35:55.099 [main] DEBUG net.thucydides.core.steps.StepInterceptor - STARTING STEP: CartPageSteps.test8_validateUserInterfaceFootersAndHeadersInInventoryPage - validate headers
11:35:55.103 [Forwarding findElement on session b4c44b8ab3ec34df82fcca1e22294ffd to remote] DEBUG org.asynchttpclient.netty.request.NettyRequestSender - Using pooled Channel '[id: 0xa10b78a6, L:/127.0.0.1:61155 - R:localhost/127.0.0.1:39165]' for 'POST' to 'http://localhost:39165/session/b4c44b8ab3ec34df82fcca1e22294ffd/element'
11:35:55.103 [Forwarding findElement on session b4c44b8ab3ec34df82fcca1e22294ffd to remote] DEBUG org.asynchttpclient.netty.request.NettyRequestSender - Using open Channel [id: 0xa10b78a6, L:/127.0.0.1:61155 - R:localhost/127.0.0.1:39165] for POST '/session/b4c44b8ab3ec34df82fcca1e22294ffd/element'
11:35:55.112 [AsyncHttpClient-1-2] DEBUG org.asynchttpclient.netty.handler.HttpHandler - 

Request DefaultHttpRequest(decodeResult: success, version: HTTP/1.1)
POST /session/b4c44b8ab3ec34df82fcca1e22294ffd/element HTTP/1.1
User-Agent: selenium/4.8.0 (java windows)
Content-Length: 90
Content-Type: application/json; charset=utf-8
host: localhost:39165
accept: */*

Response DefaultHttpResponse(decodeResult: success, version: HTTP/1.1)
HTTP/1.1 200 OK
Content-Length: 95
Content-Type: application/json; charset=utf-8
cache-control: no-cache

11:35:55.112 [AsyncHttpClient-1-2] DEBUG org.asynchttpclient.netty.channel.ChannelManager - Adding key: http://localhost:39165 for channel [id: 0xa10b78a6, L:/127.0.0.1:61155 - R:localhost/127.0.0.1:39165]
11:35:55.114 [Forwarding isElementDisplayed on session b4c44b8ab3ec34df82fcca1e22294ffd to remote] DEBUG org.asynchttpclient.netty.request.NettyRequestSender - Using pooled Channel '[id: 0xa10b78a6, L:/127.0.0.1:61155 - R:localhost/127.0.0.1:39165]' for 'POST' to 'http://localhost:39165/session/b4c44b8ab3ec34df82fcca1e22294ffd/execute/sync'
11:35:55.114 [Forwarding isElementDisplayed on session b4c44b8ab3ec34df82fcca1e22294ffd to remote] DEBUG org.asynchttpclient.netty.request.NettyRequestSender - Using open Channel [id: 0xa10b78a6, L:/127.0.0.1:61155 - R:localhost/127.0.0.1:39165] for POST '/session/b4c44b8ab3ec34df82fcca1e22294ffd/execute/sync'
11:35:55.125 [AsyncHttpClient-1-2] DEBUG org.asynchttpclient.netty.handler.HttpHandler - 

Request DefaultHttpRequest(decodeResult: success, version: HTTP/1.1)
POST /session/b4c44b8ab3ec34df82fcca1e22294ffd/execute/sync HTTP/1.1
User-Agent: selenium/4.8.0 (java windows)
Content-Length: 48814
Content-Type: application/json; charset=utf-8
host: localhost:39165
accept: */*

Response DefaultHttpResponse(decodeResult: success, version: HTTP/1.1)
HTTP/1.1 200 OK
Content-Length: 14
Content-Type: application/json; charset=utf-8
cache-control: no-cache

11:35:55.125 [AsyncHttpClient-1-2] DEBUG org.asynchttpclient.netty.channel.ChannelManager - Adding key: http://localhost:39165 for channel [id: 0xa10b78a6, L:/127.0.0.1:61155 - R:localhost/127.0.0.1:39165]
11:35:55.126 [Forwarding getElementText on session b4c44b8ab3ec34df82fcca1e22294ffd to remote] DEBUG org.asynchttpclient.netty.request.NettyRequestSender - Using pooled Channel '[id: 0xa10b78a6, L:/127.0.0.1:61155 - R:localhost/127.0.0.1:39165]' for 'GET' to 'http://localhost:39165/session/b4c44b8ab3ec34df82fcca1e22294ffd/element/D6FCA329F55A989BAF0E516CCCB7C1E0_element_83/text'
11:35:55.126 [Forwarding getElementText on session b4c44b8ab3ec34df82fcca1e22294ffd to remote] DEBUG org.asynchttpclient.netty.request.NettyRequestSender - Using open Channel [id: 0xa10b78a6, L:/127.0.0.1:61155 - R:localhost/127.0.0.1:39165] for GET '/session/b4c44b8ab3ec34df82fcca1e22294ffd/element/D6FCA329F55A989BAF0E516CCCB7C1E0_element_83/text'
11:35:55.138 [AsyncHttpClient-1-2] DEBUG org.asynchttpclient.netty.handler.HttpHandler - 

Request DefaultFullHttpRequest(decodeResult: success, version: HTTP/1.1, content: EmptyByteBufBE)
GET /session/b4c44b8ab3ec34df82fcca1e22294ffd/element/D6FCA329F55A989BAF0E516CCCB7C1E0_element_83/text HTTP/1.1
User-Agent: selenium/4.8.0 (java windows)
Cache-Control: no-cache
Content-Type: application/json; charset=utf-8
host: localhost:39165
accept: */*

Response DefaultHttpResponse(decodeResult: success, version: HTTP/1.1)
HTTP/1.1 200 OK
Content-Length: 21
Content-Type: application/json; charset=utf-8
cache-control: no-cache

11:35:55.138 [AsyncHttpClient-1-2] DEBUG org.asynchttpclient.netty.channel.ChannelManager - Adding key: http://localhost:39165 for channel [id: 0xa10b78a6, L:/127.0.0.1:61155 - R:localhost/127.0.0.1:39165]
11:35:55.140 [Forwarding findElement on session b4c44b8ab3ec34df82fcca1e22294ffd to remote] DEBUG org.asynchttpclient.netty.request.NettyRequestSender - Using pooled Channel '[id: 0xa10b78a6, L:/127.0.0.1:61155 - R:localhost/127.0.0.1:39165]' for 'POST' to 'http://localhost:39165/session/b4c44b8ab3ec34df82fcca1e22294ffd/element'
11:35:55.140 [Forwarding findElement on session b4c44b8ab3ec34df82fcca1e22294ffd to remote] DEBUG org.asynchttpclient.netty.request.NettyRequestSender - Using open Channel [id: 0xa10b78a6, L:/127.0.0.1:61155 - R:localhost/127.0.0.1:39165] for POST '/session/b4c44b8ab3ec34df82fcca1e22294ffd/element'
11:35:55.148 [AsyncHttpClient-1-2] DEBUG org.asynchttpclient.netty.handler.HttpHandler - 

Request DefaultHttpRequest(decodeResult: success, version: HTTP/1.1)
POST /session/b4c44b8ab3ec34df82fcca1e22294ffd/element HTTP/1.1
User-Agent: selenium/4.8.0 (java windows)
Content-Length: 90
Content-Type: application/json; charset=utf-8
host: localhost:39165
accept: */*

Response DefaultHttpResponse(decodeResult: success, version: HTTP/1.1)
HTTP/1.1 200 OK
Content-Length: 95
Content-Type: application/json; charset=utf-8
cache-control: no-cache

11:35:55.148 [AsyncHttpClient-1-2] DEBUG org.asynchttpclient.netty.channel.ChannelManager - Adding key: http://localhost:39165 for channel [id: 0xa10b78a6, L:/127.0.0.1:61155 - R:localhost/127.0.0.1:39165]
11:35:55.151 [Forwarding isElementDisplayed on session b4c44b8ab3ec34df82fcca1e22294ffd to remote] DEBUG org.asynchttpclient.netty.request.NettyRequestSender - Using pooled Channel '[id: 0xa10b78a6, L:/127.0.0.1:61155 - R:localhost/127.0.0.1:39165]' for 'POST' to 'http://localhost:39165/session/b4c44b8ab3ec34df82fcca1e22294ffd/execute/sync'
11:35:55.151 [Forwarding isElementDisplayed on session b4c44b8ab3ec34df82fcca1e22294ffd to remote] DEBUG org.asynchttpclient.netty.request.NettyRequestSender - Using open Channel [id: 0xa10b78a6, L:/127.0.0.1:61155 - R:localhost/127.0.0.1:39165] for POST '/session/b4c44b8ab3ec34df82fcca1e22294ffd/execute/sync'
11:35:55.166 [AsyncHttpClient-1-2] DEBUG org.asynchttpclient.netty.handler.HttpHandler - 

Request DefaultHttpRequest(decodeResult: success, version: HTTP/1.1)
POST /session/b4c44b8ab3ec34df82fcca1e22294ffd/execute/sync HTTP/1.1
User-Agent: selenium/4.8.0 (java windows)
Content-Length: 48814
Content-Type: application/json; charset=utf-8
host: localhost:39165
accept: */*

Response DefaultHttpResponse(decodeResult: success, version: HTTP/1.1)
HTTP/1.1 200 OK
Content-Length: 14
Content-Type: application/json; charset=utf-8
cache-control: no-cache

11:35:55.166 [AsyncHttpClient-1-2] DEBUG org.asynchttpclient.netty.channel.ChannelManager - Adding key: http://localhost:39165 for channel [id: 0xa10b78a6, L:/127.0.0.1:61155 - R:localhost/127.0.0.1:39165]
11:35:55.167 [Forwarding getElementText on session b4c44b8ab3ec34df82fcca1e22294ffd to remote] DEBUG org.asynchttpclient.netty.request.NettyRequestSender - Using pooled Channel '[id: 0xa10b78a6, L:/127.0.0.1:61155 - R:localhost/127.0.0.1:39165]' for 'GET' to 'http://localhost:39165/session/b4c44b8ab3ec34df82fcca1e22294ffd/element/D6FCA329F55A989BAF0E516CCCB7C1E0_element_83/text'
11:35:55.167 [Forwarding getElementText on session b4c44b8ab3ec34df82fcca1e22294ffd to remote] DEBUG org.asynchttpclient.netty.request.NettyRequestSender - Using open Channel [id: 0xa10b78a6, L:/127.0.0.1:61155 - R:localhost/127.0.0.1:39165] for GET '/session/b4c44b8ab3ec34df82fcca1e22294ffd/element/D6FCA329F55A989BAF0E516CCCB7C1E0_element_83/text'
11:35:55.175 [AsyncHttpClient-1-2] DEBUG org.asynchttpclient.netty.handler.HttpHandler - 

Request DefaultFullHttpRequest(decodeResult: success, version: HTTP/1.1, content: EmptyByteBufBE)
GET /session/b4c44b8ab3ec34df82fcca1e22294ffd/element/D6FCA329F55A989BAF0E516CCCB7C1E0_element_83/text HTTP/1.1
User-Agent: selenium/4.8.0 (java windows)
Cache-Control: no-cache
Content-Type: application/json; charset=utf-8
host: localhost:39165
accept: */*

Response DefaultHttpResponse(decodeResult: success, version: HTTP/1.1)
HTTP/1.1 200 OK
Content-Length: 21
Content-Type: application/json; charset=utf-8
cache-control: no-cache

11:35:55.175 [AsyncHttpClient-1-2] DEBUG org.asynchttpclient.netty.channel.ChannelManager - Adding key: http://localhost:39165 for channel [id: 0xa10b78a6, L:/127.0.0.1:61155 - R:localhost/127.0.0.1:39165]
header validation passed
11:35:55.178 [Forwarding getAlertText on session b4c44b8ab3ec34df82fcca1e22294ffd to remote] DEBUG org.asynchttpclient.netty.request.NettyRequestSender - Using pooled Channel '[id: 0xa10b78a6, L:/127.0.0.1:61155 - R:localhost/127.0.0.1:39165]' for 'GET' to 'http://localhost:39165/session/b4c44b8ab3ec34df82fcca1e22294ffd/alert/text'
11:35:55.178 [Forwarding getAlertText on session b4c44b8ab3ec34df82fcca1e22294ffd to remote] DEBUG org.asynchttpclient.netty.request.NettyRequestSender - Using open Channel [id: 0xa10b78a6, L:/127.0.0.1:61155 - R:localhost/127.0.0.1:39165] for GET '/session/b4c44b8ab3ec34df82fcca1e22294ffd/alert/text'
11:35:55.179 [AsyncHttpClient-1-2] DEBUG org.asynchttpclient.netty.handler.HttpHandler - 

Request DefaultFullHttpRequest(decodeResult: success, version: HTTP/1.1, content: EmptyByteBufBE)
GET /session/b4c44b8ab3ec34df82fcca1e22294ffd/alert/text HTTP/1.1
User-Agent: selenium/4.8.0 (java windows)
Cache-Control: no-cache
Content-Type: application/json; charset=utf-8
host: localhost:39165
accept: */*

Response DefaultHttpResponse(decodeResult: success, version: HTTP/1.1)
HTTP/1.1 404 Not Found
Content-Length: 1522
Content-Type: application/json; charset=utf-8
cache-control: no-cache

11:35:55.179 [AsyncHttpClient-1-2] DEBUG org.asynchttpclient.netty.channel.ChannelManager - Adding key: http://localhost:39165 for channel [id: 0xa10b78a6, L:/127.0.0.1:61155 - R:localhost/127.0.0.1:39165]
11:35:55.180 [Forwarding getCurrentUrl on session b4c44b8ab3ec34df82fcca1e22294ffd to remote] DEBUG org.asynchttpclient.netty.request.NettyRequestSender - Using pooled Channel '[id: 0xa10b78a6, L:/127.0.0.1:61155 - R:localhost/127.0.0.1:39165]' for 'GET' to 'http://localhost:39165/session/b4c44b8ab3ec34df82fcca1e22294ffd/url'
11:35:55.180 [Forwarding getCurrentUrl on session b4c44b8ab3ec34df82fcca1e22294ffd to remote] DEBUG org.asynchttpclient.netty.request.NettyRequestSender - Using open Channel [id: 0xa10b78a6, L:/127.0.0.1:61155 - R:localhost/127.0.0.1:39165] for GET '/session/b4c44b8ab3ec34df82fcca1e22294ffd/url'
11:35:55.185 [AsyncHttpClient-1-2] DEBUG org.asynchttpclient.netty.handler.HttpHandler - 

Request DefaultFullHttpRequest(decodeResult: success, version: HTTP/1.1, content: EmptyByteBufBE)
GET /session/b4c44b8ab3ec34df82fcca1e22294ffd/url HTTP/1.1
User-Agent: selenium/4.8.0 (java windows)
Cache-Control: no-cache
Content-Type: application/json; charset=utf-8
host: localhost:39165
accept: */*

Response DefaultHttpResponse(decodeResult: success, version: HTTP/1.1)
HTTP/1.1 200 OK
Content-Length: 47
Content-Type: application/json; charset=utf-8
cache-control: no-cache

11:35:55.185 [AsyncHttpClient-1-2] DEBUG org.asynchttpclient.netty.channel.ChannelManager - Adding key: http://localhost:39165 for channel [id: 0xa10b78a6, L:/127.0.0.1:61155 - R:localhost/127.0.0.1:39165]
11:35:55.185 [Forwarding screenshot on session b4c44b8ab3ec34df82fcca1e22294ffd to remote] DEBUG org.asynchttpclient.netty.request.NettyRequestSender - Using pooled Channel '[id: 0xa10b78a6, L:/127.0.0.1:61155 - R:localhost/127.0.0.1:39165]' for 'GET' to 'http://localhost:39165/session/b4c44b8ab3ec34df82fcca1e22294ffd/screenshot'
11:35:55.185 [Forwarding screenshot on session b4c44b8ab3ec34df82fcca1e22294ffd to remote] DEBUG org.asynchttpclient.netty.request.NettyRequestSender - Using open Channel [id: 0xa10b78a6, L:/127.0.0.1:61155 - R:localhost/127.0.0.1:39165] for GET '/session/b4c44b8ab3ec34df82fcca1e22294ffd/screenshot'
11:35:55.315 [AsyncHttpClient-1-2] DEBUG org.asynchttpclient.netty.handler.HttpHandler - 

Request DefaultFullHttpRequest(decodeResult: success, version: HTTP/1.1, content: EmptyByteBufBE)
GET /session/b4c44b8ab3ec34df82fcca1e22294ffd/screenshot HTTP/1.1
User-Agent: selenium/4.8.0 (java windows)
Cache-Control: no-cache
Content-Type: application/json; charset=utf-8
host: localhost:39165
accept: */*

Response DefaultHttpResponse(decodeResult: success, version: HTTP/1.1)
HTTP/1.1 200 OK
Content-Length: 79820
Content-Type: application/json; charset=utf-8
cache-control: no-cache

11:35:55.315 [AsyncHttpClient-1-2] DEBUG org.asynchttpclient.netty.channel.ChannelManager - Adding key: http://localhost:39165 for channel [id: 0xa10b78a6, L:/127.0.0.1:61155 - R:localhost/127.0.0.1:39165]
11:35:55.318 [main] DEBUG net.serenitybdd.core.photography.Darkroom - Send negative for processing for target\site\serenity\f22411eeb1ecd530ce17e3755060e8c246f74a49fea548866068a0837f48c931.png
11:35:55.319 [main] DEBUG net.thucydides.core.steps.StepInterceptor - STEP DONE: validate headers
11:35:55.326 [Forwarding getPageSource on session b4c44b8ab3ec34df82fcca1e22294ffd to remote] DEBUG org.asynchttpclient.netty.request.NettyRequestSender - Using pooled Channel '[id: 0xa10b78a6, L:/127.0.0.1:61155 - R:localhost/127.0.0.1:39165]' for 'POST' to 'http://localhost:39165/session/b4c44b8ab3ec34df82fcca1e22294ffd/execute/sync'
11:35:55.326 [Forwarding getPageSource on session b4c44b8ab3ec34df82fcca1e22294ffd to remote] DEBUG org.asynchttpclient.netty.request.NettyRequestSender - Using open Channel [id: 0xa10b78a6, L:/127.0.0.1:61155 - R:localhost/127.0.0.1:39165] for POST '/session/b4c44b8ab3ec34df82fcca1e22294ffd/execute/sync'
11:35:55.332 [AsyncHttpClient-1-2] DEBUG org.asynchttpclient.netty.handler.HttpHandler - 

Request DefaultHttpRequest(decodeResult: success, version: HTTP/1.1)
POST /session/b4c44b8ab3ec34df82fcca1e22294ffd/execute/sync HTTP/1.1
User-Agent: selenium/4.8.0 (java windows)
Content-Length: 176
Content-Type: application/json; charset=utf-8
host: localhost:39165
accept: */*

Response DefaultHttpResponse(decodeResult: success, version: HTTP/1.1)
HTTP/1.1 200 OK
Content-Length: 12651
Content-Type: application/json; charset=utf-8
cache-control: no-cache

11:35:55.332 [AsyncHttpClient-1-2] DEBUG org.asynchttpclient.netty.channel.ChannelManager - Adding key: http://localhost:39165 for channel [id: 0xa10b78a6, L:/127.0.0.1:61155 - R:localhost/127.0.0.1:39165]
11:35:55.335 [Forwarding getCurrentUrl on session b4c44b8ab3ec34df82fcca1e22294ffd to remote] DEBUG org.asynchttpclient.netty.request.NettyRequestSender - Using pooled Channel '[id: 0xa10b78a6, L:/127.0.0.1:61155 - R:localhost/127.0.0.1:39165]' for 'GET' to 'http://localhost:39165/session/b4c44b8ab3ec34df82fcca1e22294ffd/url'
11:35:55.335 [Forwarding getCurrentUrl on session b4c44b8ab3ec34df82fcca1e22294ffd to remote] DEBUG org.asynchttpclient.netty.request.NettyRequestSender - Using open Channel [id: 0xa10b78a6, L:/127.0.0.1:61155 - R:localhost/127.0.0.1:39165] for GET '/session/b4c44b8ab3ec34df82fcca1e22294ffd/url'
11:35:55.341 [AsyncHttpClient-1-2] DEBUG org.asynchttpclient.netty.handler.HttpHandler - 

Request DefaultFullHttpRequest(decodeResult: success, version: HTTP/1.1, content: EmptyByteBufBE)
GET /session/b4c44b8ab3ec34df82fcca1e22294ffd/url HTTP/1.1
User-Agent: selenium/4.8.0 (java windows)
Cache-Control: no-cache
Content-Type: application/json; charset=utf-8
host: localhost:39165
accept: */*

Response DefaultHttpResponse(decodeResult: success, version: HTTP/1.1)
HTTP/1.1 200 OK
Content-Length: 47
Content-Type: application/json; charset=utf-8
cache-control: no-cache

11:35:55.341 [AsyncHttpClient-1-2] DEBUG org.asynchttpclient.netty.channel.ChannelManager - Adding key: http://localhost:39165 for channel [id: 0xa10b78a6, L:/127.0.0.1:61155 - R:localhost/127.0.0.1:39165]
11:35:55.348 [main] DEBUG net.thucydides.core.steps.StepInterceptor - STARTING STEP: CartPageSteps.test8_validateUserInterfaceFootersAndHeadersInInventoryPage - validate footers
11:35:55.351 [Forwarding findElement on session b4c44b8ab3ec34df82fcca1e22294ffd to remote] DEBUG org.asynchttpclient.netty.request.NettyRequestSender - Using pooled Channel '[id: 0xa10b78a6, L:/127.0.0.1:61155 - R:localhost/127.0.0.1:39165]' for 'POST' to 'http://localhost:39165/session/b4c44b8ab3ec34df82fcca1e22294ffd/element'
11:35:55.351 [Forwarding findElement on session b4c44b8ab3ec34df82fcca1e22294ffd to remote] DEBUG org.asynchttpclient.netty.request.NettyRequestSender - Using open Channel [id: 0xa10b78a6, L:/127.0.0.1:61155 - R:localhost/127.0.0.1:39165] for POST '/session/b4c44b8ab3ec34df82fcca1e22294ffd/element'
11:35:55.359 [AsyncHttpClient-1-2] DEBUG org.asynchttpclient.netty.handler.HttpHandler - 

Request DefaultHttpRequest(decodeResult: success, version: HTTP/1.1)
POST /session/b4c44b8ab3ec34df82fcca1e22294ffd/element HTTP/1.1
User-Agent: selenium/4.8.0 (java windows)
Content-Length: 74
Content-Type: application/json; charset=utf-8
host: localhost:39165
accept: */*

Response DefaultHttpResponse(decodeResult: success, version: HTTP/1.1)
HTTP/1.1 200 OK
Content-Length: 95
Content-Type: application/json; charset=utf-8
cache-control: no-cache

11:35:55.359 [AsyncHttpClient-1-2] DEBUG org.asynchttpclient.netty.channel.ChannelManager - Adding key: http://localhost:39165 for channel [id: 0xa10b78a6, L:/127.0.0.1:61155 - R:localhost/127.0.0.1:39165]
11:35:55.361 [Forwarding isElementDisplayed on session b4c44b8ab3ec34df82fcca1e22294ffd to remote] DEBUG org.asynchttpclient.netty.request.NettyRequestSender - Using pooled Channel '[id: 0xa10b78a6, L:/127.0.0.1:61155 - R:localhost/127.0.0.1:39165]' for 'POST' to 'http://localhost:39165/session/b4c44b8ab3ec34df82fcca1e22294ffd/execute/sync'
11:35:55.361 [Forwarding isElementDisplayed on session b4c44b8ab3ec34df82fcca1e22294ffd to remote] DEBUG org.asynchttpclient.netty.request.NettyRequestSender - Using open Channel [id: 0xa10b78a6, L:/127.0.0.1:61155 - R:localhost/127.0.0.1:39165] for POST '/session/b4c44b8ab3ec34df82fcca1e22294ffd/execute/sync'
11:35:55.371 [AsyncHttpClient-1-2] DEBUG org.asynchttpclient.netty.handler.HttpHandler - 

Request DefaultHttpRequest(decodeResult: success, version: HTTP/1.1)
POST /session/b4c44b8ab3ec34df82fcca1e22294ffd/execute/sync HTTP/1.1
User-Agent: selenium/4.8.0 (java windows)
Content-Length: 48814
Content-Type: application/json; charset=utf-8
host: localhost:39165
accept: */*

Response DefaultHttpResponse(decodeResult: success, version: HTTP/1.1)
HTTP/1.1 200 OK
Content-Length: 14
Content-Type: application/json; charset=utf-8
cache-control: no-cache

11:35:55.371 [AsyncHttpClient-1-2] DEBUG org.asynchttpclient.netty.channel.ChannelManager - Adding key: http://localhost:39165 for channel [id: 0xa10b78a6, L:/127.0.0.1:61155 - R:localhost/127.0.0.1:39165]
11:35:55.371 [Forwarding getElementText on session b4c44b8ab3ec34df82fcca1e22294ffd to remote] DEBUG org.asynchttpclient.netty.request.NettyRequestSender - Using pooled Channel '[id: 0xa10b78a6, L:/127.0.0.1:61155 - R:localhost/127.0.0.1:39165]' for 'GET' to 'http://localhost:39165/session/b4c44b8ab3ec34df82fcca1e22294ffd/element/D6FCA329F55A989BAF0E516CCCB7C1E0_element_84/text'
11:35:55.371 [Forwarding getElementText on session b4c44b8ab3ec34df82fcca1e22294ffd to remote] DEBUG org.asynchttpclient.netty.request.NettyRequestSender - Using open Channel [id: 0xa10b78a6, L:/127.0.0.1:61155 - R:localhost/127.0.0.1:39165] for GET '/session/b4c44b8ab3ec34df82fcca1e22294ffd/element/D6FCA329F55A989BAF0E516CCCB7C1E0_element_84/text'
11:35:55.381 [AsyncHttpClient-1-2] DEBUG org.asynchttpclient.netty.handler.HttpHandler - 

Request DefaultFullHttpRequest(decodeResult: success, version: HTTP/1.1, content: EmptyByteBufBE)
GET /session/b4c44b8ab3ec34df82fcca1e22294ffd/element/D6FCA329F55A989BAF0E516CCCB7C1E0_element_84/text HTTP/1.1
User-Agent: selenium/4.8.0 (java windows)
Cache-Control: no-cache
Content-Type: application/json; charset=utf-8
host: localhost:39165
accept: */*

Response DefaultHttpResponse(decodeResult: success, version: HTTP/1.1)
HTTP/1.1 200 OK
Content-Length: 86
Content-Type: application/json; charset=utf-8
cache-control: no-cache

11:35:55.381 [AsyncHttpClient-1-2] DEBUG org.asynchttpclient.netty.channel.ChannelManager - Adding key: http://localhost:39165 for channel [id: 0xa10b78a6, L:/127.0.0.1:61155 - R:localhost/127.0.0.1:39165]
footer validation passed
11:35:55.384 [Forwarding getAlertText on session b4c44b8ab3ec34df82fcca1e22294ffd to remote] DEBUG org.asynchttpclient.netty.request.NettyRequestSender - Using pooled Channel '[id: 0xa10b78a6, L:/127.0.0.1:61155 - R:localhost/127.0.0.1:39165]' for 'GET' to 'http://localhost:39165/session/b4c44b8ab3ec34df82fcca1e22294ffd/alert/text'
11:35:55.384 [Forwarding getAlertText on session b4c44b8ab3ec34df82fcca1e22294ffd to remote] DEBUG org.asynchttpclient.netty.request.NettyRequestSender - Using open Channel [id: 0xa10b78a6, L:/127.0.0.1:61155 - R:localhost/127.0.0.1:39165] for GET '/session/b4c44b8ab3ec34df82fcca1e22294ffd/alert/text'
11:35:55.386 [AsyncHttpClient-1-2] DEBUG org.asynchttpclient.netty.handler.HttpHandler - 

Request DefaultFullHttpRequest(decodeResult: success, version: HTTP/1.1, content: EmptyByteBufBE)
GET /session/b4c44b8ab3ec34df82fcca1e22294ffd/alert/text HTTP/1.1
User-Agent: selenium/4.8.0 (java windows)
Cache-Control: no-cache
Content-Type: application/json; charset=utf-8
host: localhost:39165
accept: */*

Response DefaultHttpResponse(decodeResult: success, version: HTTP/1.1)
HTTP/1.1 404 Not Found
Content-Length: 1522
Content-Type: application/json; charset=utf-8
cache-control: no-cache

11:35:55.386 [AsyncHttpClient-1-2] DEBUG org.asynchttpclient.netty.channel.ChannelManager - Adding key: http://localhost:39165 for channel [id: 0xa10b78a6, L:/127.0.0.1:61155 - R:localhost/127.0.0.1:39165]
11:35:55.386 [Forwarding getCurrentUrl on session b4c44b8ab3ec34df82fcca1e22294ffd to remote] DEBUG org.asynchttpclient.netty.request.NettyRequestSender - Using pooled Channel '[id: 0xa10b78a6, L:/127.0.0.1:61155 - R:localhost/127.0.0.1:39165]' for 'GET' to 'http://localhost:39165/session/b4c44b8ab3ec34df82fcca1e22294ffd/url'
11:35:55.386 [Forwarding getCurrentUrl on session b4c44b8ab3ec34df82fcca1e22294ffd to remote] DEBUG org.asynchttpclient.netty.request.NettyRequestSender - Using open Channel [id: 0xa10b78a6, L:/127.0.0.1:61155 - R:localhost/127.0.0.1:39165] for GET '/session/b4c44b8ab3ec34df82fcca1e22294ffd/url'
11:35:55.391 [AsyncHttpClient-1-2] DEBUG org.asynchttpclient.netty.handler.HttpHandler - 

Request DefaultFullHttpRequest(decodeResult: success, version: HTTP/1.1, content: EmptyByteBufBE)
GET /session/b4c44b8ab3ec34df82fcca1e22294ffd/url HTTP/1.1
User-Agent: selenium/4.8.0 (java windows)
Cache-Control: no-cache
Content-Type: application/json; charset=utf-8
host: localhost:39165
accept: */*

Response DefaultHttpResponse(decodeResult: success, version: HTTP/1.1)
HTTP/1.1 200 OK
Content-Length: 47
Content-Type: application/json; charset=utf-8
cache-control: no-cache

11:35:55.391 [AsyncHttpClient-1-2] DEBUG org.asynchttpclient.netty.channel.ChannelManager - Adding key: http://localhost:39165 for channel [id: 0xa10b78a6, L:/127.0.0.1:61155 - R:localhost/127.0.0.1:39165]
11:35:55.391 [Forwarding screenshot on session b4c44b8ab3ec34df82fcca1e22294ffd to remote] DEBUG org.asynchttpclient.netty.request.NettyRequestSender - Using pooled Channel '[id: 0xa10b78a6, L:/127.0.0.1:61155 - R:localhost/127.0.0.1:39165]' for 'GET' to 'http://localhost:39165/session/b4c44b8ab3ec34df82fcca1e22294ffd/screenshot'
11:35:55.391 [Forwarding screenshot on session b4c44b8ab3ec34df82fcca1e22294ffd to remote] DEBUG org.asynchttpclient.netty.request.NettyRequestSender - Using open Channel [id: 0xa10b78a6, L:/127.0.0.1:61155 - R:localhost/127.0.0.1:39165] for GET '/session/b4c44b8ab3ec34df82fcca1e22294ffd/screenshot'
11:35:55.511 [AsyncHttpClient-1-2] DEBUG org.asynchttpclient.netty.handler.HttpHandler - 

Request DefaultFullHttpRequest(decodeResult: success, version: HTTP/1.1, content: EmptyByteBufBE)
GET /session/b4c44b8ab3ec34df82fcca1e22294ffd/screenshot HTTP/1.1
User-Agent: selenium/4.8.0 (java windows)
Cache-Control: no-cache
Content-Type: application/json; charset=utf-8
host: localhost:39165
accept: */*

Response DefaultHttpResponse(decodeResult: success, version: HTTP/1.1)
HTTP/1.1 200 OK
Content-Length: 79820
Content-Type: application/json; charset=utf-8
cache-control: no-cache

11:35:55.512 [AsyncHttpClient-1-2] DEBUG org.asynchttpclient.netty.channel.ChannelManager - Adding key: http://localhost:39165 for channel [id: 0xa10b78a6, L:/127.0.0.1:61155 - R:localhost/127.0.0.1:39165]
11:35:55.513 [main] DEBUG net.serenitybdd.core.photography.Darkroom - Send negative for processing for target\site\serenity\f22411eeb1ecd530ce17e3755060e8c246f74a49fea548866068a0837f48c931.png
11:35:55.514 [main] DEBUG net.thucydides.core.steps.StepInterceptor - STEP DONE: validate footers
11:35:55.517 [Forwarding getPageSource on session b4c44b8ab3ec34df82fcca1e22294ffd to remote] DEBUG org.asynchttpclient.netty.request.NettyRequestSender - Using pooled Channel '[id: 0xa10b78a6, L:/127.0.0.1:61155 - R:localhost/127.0.0.1:39165]' for 'POST' to 'http://localhost:39165/session/b4c44b8ab3ec34df82fcca1e22294ffd/execute/sync'
11:35:55.517 [Forwarding getPageSource on session b4c44b8ab3ec34df82fcca1e22294ffd to remote] DEBUG org.asynchttpclient.netty.request.NettyRequestSender - Using open Channel [id: 0xa10b78a6, L:/127.0.0.1:61155 - R:localhost/127.0.0.1:39165] for POST '/session/b4c44b8ab3ec34df82fcca1e22294ffd/execute/sync'
11:35:55.523 [AsyncHttpClient-1-2] DEBUG org.asynchttpclient.netty.handler.HttpHandler - 

Request DefaultHttpRequest(decodeResult: success, version: HTTP/1.1)
POST /session/b4c44b8ab3ec34df82fcca1e22294ffd/execute/sync HTTP/1.1
User-Agent: selenium/4.8.0 (java windows)
Content-Length: 176
Content-Type: application/json; charset=utf-8
host: localhost:39165
accept: */*

Response DefaultHttpResponse(decodeResult: success, version: HTTP/1.1)
HTTP/1.1 200 OK
Content-Length: 12651
Content-Type: application/json; charset=utf-8
cache-control: no-cache

11:35:55.523 [AsyncHttpClient-1-2] DEBUG org.asynchttpclient.netty.channel.ChannelManager - Adding key: http://localhost:39165 for channel [id: 0xa10b78a6, L:/127.0.0.1:61155 - R:localhost/127.0.0.1:39165]
11:35:55.524 [Forwarding getCurrentUrl on session b4c44b8ab3ec34df82fcca1e22294ffd to remote] DEBUG org.asynchttpclient.netty.request.NettyRequestSender - Using pooled Channel '[id: 0xa10b78a6, L:/127.0.0.1:61155 - R:localhost/127.0.0.1:39165]' for 'GET' to 'http://localhost:39165/session/b4c44b8ab3ec34df82fcca1e22294ffd/url'
11:35:55.524 [Forwarding getCurrentUrl on session b4c44b8ab3ec34df82fcca1e22294ffd to remote] DEBUG org.asynchttpclient.netty.request.NettyRequestSender - Using open Channel [id: 0xa10b78a6, L:/127.0.0.1:61155 - R:localhost/127.0.0.1:39165] for GET '/session/b4c44b8ab3ec34df82fcca1e22294ffd/url'
11:35:55.528 [AsyncHttpClient-1-2] DEBUG org.asynchttpclient.netty.handler.HttpHandler - 

Request DefaultFullHttpRequest(decodeResult: success, version: HTTP/1.1, content: EmptyByteBufBE)
GET /session/b4c44b8ab3ec34df82fcca1e22294ffd/url HTTP/1.1
User-Agent: selenium/4.8.0 (java windows)
Cache-Control: no-cache
Content-Type: application/json; charset=utf-8
host: localhost:39165
accept: */*

Response DefaultHttpResponse(decodeResult: success, version: HTTP/1.1)
HTTP/1.1 200 OK
Content-Length: 47
Content-Type: application/json; charset=utf-8
cache-control: no-cache

11:35:55.528 [AsyncHttpClient-1-2] DEBUG org.asynchttpclient.netty.channel.ChannelManager - Adding key: http://localhost:39165 for channel [id: 0xa10b78a6, L:/127.0.0.1:61155 - R:localhost/127.0.0.1:39165]
11:35:55.534 [main] DEBUG net.thucydides.core.steps.StepInterceptor - STARTING STEP: CartPageSteps.test8_validateUserInterfaceFootersAndHeadersInInventoryPage - verify continue shopping button is exist
11:35:55.535 [Forwarding findElement on session b4c44b8ab3ec34df82fcca1e22294ffd to remote] DEBUG org.asynchttpclient.netty.request.NettyRequestSender - Using pooled Channel '[id: 0xa10b78a6, L:/127.0.0.1:61155 - R:localhost/127.0.0.1:39165]' for 'POST' to 'http://localhost:39165/session/b4c44b8ab3ec34df82fcca1e22294ffd/element'
11:35:55.535 [Forwarding findElement on session b4c44b8ab3ec34df82fcca1e22294ffd to remote] DEBUG org.asynchttpclient.netty.request.NettyRequestSender - Using open Channel [id: 0xa10b78a6, L:/127.0.0.1:61155 - R:localhost/127.0.0.1:39165] for POST '/session/b4c44b8ab3ec34df82fcca1e22294ffd/element'
11:35:55.546 [AsyncHttpClient-1-1] DEBUG org.asynchttpclient.netty.channel.DefaultChannelPool - Entry count for : http://localhost:61159 : 1
11:35:55.549 [AsyncHttpClient-1-2] DEBUG org.asynchttpclient.netty.handler.HttpHandler - 

Request DefaultHttpRequest(decodeResult: success, version: HTTP/1.1)
POST /session/b4c44b8ab3ec34df82fcca1e22294ffd/element HTTP/1.1
User-Agent: selenium/4.8.0 (java windows)
Content-Length: 64
Content-Type: application/json; charset=utf-8
host: localhost:39165
accept: */*

Response DefaultHttpResponse(decodeResult: success, version: HTTP/1.1)
HTTP/1.1 200 OK
Content-Length: 95
Content-Type: application/json; charset=utf-8
cache-control: no-cache

11:35:55.549 [AsyncHttpClient-1-2] DEBUG org.asynchttpclient.netty.channel.ChannelManager - Adding key: http://localhost:39165 for channel [id: 0xa10b78a6, L:/127.0.0.1:61155 - R:localhost/127.0.0.1:39165]
11:35:55.551 [Forwarding isElementDisplayed on session b4c44b8ab3ec34df82fcca1e22294ffd to remote] DEBUG org.asynchttpclient.netty.request.NettyRequestSender - Using pooled Channel '[id: 0xa10b78a6, L:/127.0.0.1:61155 - R:localhost/127.0.0.1:39165]' for 'POST' to 'http://localhost:39165/session/b4c44b8ab3ec34df82fcca1e22294ffd/execute/sync'
11:35:55.551 [Forwarding isElementDisplayed on session b4c44b8ab3ec34df82fcca1e22294ffd to remote] DEBUG org.asynchttpclient.netty.request.NettyRequestSender - Using open Channel [id: 0xa10b78a6, L:/127.0.0.1:61155 - R:localhost/127.0.0.1:39165] for POST '/session/b4c44b8ab3ec34df82fcca1e22294ffd/execute/sync'
11:35:55.559 [AsyncHttpClient-1-2] DEBUG org.asynchttpclient.netty.handler.HttpHandler - 

Request DefaultHttpRequest(decodeResult: success, version: HTTP/1.1)
POST /session/b4c44b8ab3ec34df82fcca1e22294ffd/execute/sync HTTP/1.1
User-Agent: selenium/4.8.0 (java windows)
Content-Length: 48814
Content-Type: application/json; charset=utf-8
host: localhost:39165
accept: */*

Response DefaultHttpResponse(decodeResult: success, version: HTTP/1.1)
HTTP/1.1 200 OK
Content-Length: 14
Content-Type: application/json; charset=utf-8
cache-control: no-cache

11:35:55.559 [AsyncHttpClient-1-2] DEBUG org.asynchttpclient.netty.channel.ChannelManager - Adding key: http://localhost:39165 for channel [id: 0xa10b78a6, L:/127.0.0.1:61155 - R:localhost/127.0.0.1:39165]
11:35:55.561 [Forwarding isElementDisplayed on session b4c44b8ab3ec34df82fcca1e22294ffd to remote] DEBUG org.asynchttpclient.netty.request.NettyRequestSender - Using pooled Channel '[id: 0xa10b78a6, L:/127.0.0.1:61155 - R:localhost/127.0.0.1:39165]' for 'POST' to 'http://localhost:39165/session/b4c44b8ab3ec34df82fcca1e22294ffd/execute/sync'
11:35:55.561 [Forwarding isElementDisplayed on session b4c44b8ab3ec34df82fcca1e22294ffd to remote] DEBUG org.asynchttpclient.netty.request.NettyRequestSender - Using open Channel [id: 0xa10b78a6, L:/127.0.0.1:61155 - R:localhost/127.0.0.1:39165] for POST '/session/b4c44b8ab3ec34df82fcca1e22294ffd/execute/sync'
11:35:55.568 [AsyncHttpClient-1-2] DEBUG org.asynchttpclient.netty.handler.HttpHandler - 

Request DefaultHttpRequest(decodeResult: success, version: HTTP/1.1)
POST /session/b4c44b8ab3ec34df82fcca1e22294ffd/execute/sync HTTP/1.1
User-Agent: selenium/4.8.0 (java windows)
Content-Length: 48814
Content-Type: application/json; charset=utf-8
host: localhost:39165
accept: */*

Response DefaultHttpResponse(decodeResult: success, version: HTTP/1.1)
HTTP/1.1 200 OK
Content-Length: 14
Content-Type: application/json; charset=utf-8
cache-control: no-cache

11:35:55.568 [AsyncHttpClient-1-2] DEBUG org.asynchttpclient.netty.channel.ChannelManager - Adding key: http://localhost:39165 for channel [id: 0xa10b78a6, L:/127.0.0.1:61155 - R:localhost/127.0.0.1:39165]
11:35:55.569 [Forwarding findElement on session b4c44b8ab3ec34df82fcca1e22294ffd to remote] DEBUG org.asynchttpclient.netty.request.NettyRequestSender - Using pooled Channel '[id: 0xa10b78a6, L:/127.0.0.1:61155 - R:localhost/127.0.0.1:39165]' for 'POST' to 'http://localhost:39165/session/b4c44b8ab3ec34df82fcca1e22294ffd/element'
11:35:55.569 [Forwarding findElement on session b4c44b8ab3ec34df82fcca1e22294ffd to remote] DEBUG org.asynchttpclient.netty.request.NettyRequestSender - Using open Channel [id: 0xa10b78a6, L:/127.0.0.1:61155 - R:localhost/127.0.0.1:39165] for POST '/session/b4c44b8ab3ec34df82fcca1e22294ffd/element'
11:35:55.576 [AsyncHttpClient-1-2] DEBUG org.asynchttpclient.netty.handler.HttpHandler - 

Request DefaultHttpRequest(decodeResult: success, version: HTTP/1.1)
POST /session/b4c44b8ab3ec34df82fcca1e22294ffd/element HTTP/1.1
User-Agent: selenium/4.8.0 (java windows)
Content-Length: 64
Content-Type: application/json; charset=utf-8
host: localhost:39165
accept: */*

Response DefaultHttpResponse(decodeResult: success, version: HTTP/1.1)
HTTP/1.1 200 OK
Content-Length: 95
Content-Type: application/json; charset=utf-8
cache-control: no-cache

11:35:55.576 [AsyncHttpClient-1-2] DEBUG org.asynchttpclient.netty.channel.ChannelManager - Adding key: http://localhost:39165 for channel [id: 0xa10b78a6, L:/127.0.0.1:61155 - R:localhost/127.0.0.1:39165]
11:35:55.578 [Forwarding isElementDisplayed on session b4c44b8ab3ec34df82fcca1e22294ffd to remote] DEBUG org.asynchttpclient.netty.request.NettyRequestSender - Using pooled Channel '[id: 0xa10b78a6, L:/127.0.0.1:61155 - R:localhost/127.0.0.1:39165]' for 'POST' to 'http://localhost:39165/session/b4c44b8ab3ec34df82fcca1e22294ffd/execute/sync'
11:35:55.578 [Forwarding isElementDisplayed on session b4c44b8ab3ec34df82fcca1e22294ffd to remote] DEBUG org.asynchttpclient.netty.request.NettyRequestSender - Using open Channel [id: 0xa10b78a6, L:/127.0.0.1:61155 - R:localhost/127.0.0.1:39165] for POST '/session/b4c44b8ab3ec34df82fcca1e22294ffd/execute/sync'
11:35:55.585 [AsyncHttpClient-1-2] DEBUG org.asynchttpclient.netty.handler.HttpHandler - 

Request DefaultHttpRequest(decodeResult: success, version: HTTP/1.1)
POST /session/b4c44b8ab3ec34df82fcca1e22294ffd/execute/sync HTTP/1.1
User-Agent: selenium/4.8.0 (java windows)
Content-Length: 48814
Content-Type: application/json; charset=utf-8
host: localhost:39165
accept: */*

Response DefaultHttpResponse(decodeResult: success, version: HTTP/1.1)
HTTP/1.1 200 OK
Content-Length: 14
Content-Type: application/json; charset=utf-8
cache-control: no-cache

11:35:55.585 [AsyncHttpClient-1-2] DEBUG org.asynchttpclient.netty.channel.ChannelManager - Adding key: http://localhost:39165 for channel [id: 0xa10b78a6, L:/127.0.0.1:61155 - R:localhost/127.0.0.1:39165]
11:35:55.587 [Forwarding isElementDisplayed on session b4c44b8ab3ec34df82fcca1e22294ffd to remote] DEBUG org.asynchttpclient.netty.request.NettyRequestSender - Using pooled Channel '[id: 0xa10b78a6, L:/127.0.0.1:61155 - R:localhost/127.0.0.1:39165]' for 'POST' to 'http://localhost:39165/session/b4c44b8ab3ec34df82fcca1e22294ffd/execute/sync'
11:35:55.587 [Forwarding isElementDisplayed on session b4c44b8ab3ec34df82fcca1e22294ffd to remote] DEBUG org.asynchttpclient.netty.request.NettyRequestSender - Using open Channel [id: 0xa10b78a6, L:/127.0.0.1:61155 - R:localhost/127.0.0.1:39165] for POST '/session/b4c44b8ab3ec34df82fcca1e22294ffd/execute/sync'
11:35:55.594 [AsyncHttpClient-1-2] DEBUG org.asynchttpclient.netty.handler.HttpHandler - 

Request DefaultHttpRequest(decodeResult: success, version: HTTP/1.1)
POST /session/b4c44b8ab3ec34df82fcca1e22294ffd/execute/sync HTTP/1.1
User-Agent: selenium/4.8.0 (java windows)
Content-Length: 48814
Content-Type: application/json; charset=utf-8
host: localhost:39165
accept: */*

Response DefaultHttpResponse(decodeResult: success, version: HTTP/1.1)
HTTP/1.1 200 OK
Content-Length: 14
Content-Type: application/json; charset=utf-8
cache-control: no-cache

11:35:55.594 [AsyncHttpClient-1-2] DEBUG org.asynchttpclient.netty.channel.ChannelManager - Adding key: http://localhost:39165 for channel [id: 0xa10b78a6, L:/127.0.0.1:61155 - R:localhost/127.0.0.1:39165]
11:35:55.597 [Forwarding getAlertText on session b4c44b8ab3ec34df82fcca1e22294ffd to remote] DEBUG org.asynchttpclient.netty.request.NettyRequestSender - Using pooled Channel '[id: 0xa10b78a6, L:/127.0.0.1:61155 - R:localhost/127.0.0.1:39165]' for 'GET' to 'http://localhost:39165/session/b4c44b8ab3ec34df82fcca1e22294ffd/alert/text'
11:35:55.597 [Forwarding getAlertText on session b4c44b8ab3ec34df82fcca1e22294ffd to remote] DEBUG org.asynchttpclient.netty.request.NettyRequestSender - Using open Channel [id: 0xa10b78a6, L:/127.0.0.1:61155 - R:localhost/127.0.0.1:39165] for GET '/session/b4c44b8ab3ec34df82fcca1e22294ffd/alert/text'
11:35:55.599 [AsyncHttpClient-1-2] DEBUG org.asynchttpclient.netty.handler.HttpHandler - 

Request DefaultFullHttpRequest(decodeResult: success, version: HTTP/1.1, content: EmptyByteBufBE)
GET /session/b4c44b8ab3ec34df82fcca1e22294ffd/alert/text HTTP/1.1
User-Agent: selenium/4.8.0 (java windows)
Cache-Control: no-cache
Content-Type: application/json; charset=utf-8
host: localhost:39165
accept: */*

Response DefaultHttpResponse(decodeResult: success, version: HTTP/1.1)
HTTP/1.1 404 Not Found
Content-Length: 1522
Content-Type: application/json; charset=utf-8
cache-control: no-cache

11:35:55.599 [AsyncHttpClient-1-2] DEBUG org.asynchttpclient.netty.channel.ChannelManager - Adding key: http://localhost:39165 for channel [id: 0xa10b78a6, L:/127.0.0.1:61155 - R:localhost/127.0.0.1:39165]
11:35:55.599 [Forwarding getCurrentUrl on session b4c44b8ab3ec34df82fcca1e22294ffd to remote] DEBUG org.asynchttpclient.netty.request.NettyRequestSender - Using pooled Channel '[id: 0xa10b78a6, L:/127.0.0.1:61155 - R:localhost/127.0.0.1:39165]' for 'GET' to 'http://localhost:39165/session/b4c44b8ab3ec34df82fcca1e22294ffd/url'
11:35:55.599 [Forwarding getCurrentUrl on session b4c44b8ab3ec34df82fcca1e22294ffd to remote] DEBUG org.asynchttpclient.netty.request.NettyRequestSender - Using open Channel [id: 0xa10b78a6, L:/127.0.0.1:61155 - R:localhost/127.0.0.1:39165] for GET '/session/b4c44b8ab3ec34df82fcca1e22294ffd/url'
11:35:55.602 [AsyncHttpClient-1-2] DEBUG org.asynchttpclient.netty.handler.HttpHandler - 

Request DefaultFullHttpRequest(decodeResult: success, version: HTTP/1.1, content: EmptyByteBufBE)
GET /session/b4c44b8ab3ec34df82fcca1e22294ffd/url HTTP/1.1
User-Agent: selenium/4.8.0 (java windows)
Cache-Control: no-cache
Content-Type: application/json; charset=utf-8
host: localhost:39165
accept: */*

Response DefaultHttpResponse(decodeResult: success, version: HTTP/1.1)
HTTP/1.1 200 OK
Content-Length: 47
Content-Type: application/json; charset=utf-8
cache-control: no-cache

11:35:55.602 [AsyncHttpClient-1-2] DEBUG org.asynchttpclient.netty.channel.ChannelManager - Adding key: http://localhost:39165 for channel [id: 0xa10b78a6, L:/127.0.0.1:61155 - R:localhost/127.0.0.1:39165]
11:35:55.603 [Forwarding screenshot on session b4c44b8ab3ec34df82fcca1e22294ffd to remote] DEBUG org.asynchttpclient.netty.request.NettyRequestSender - Using pooled Channel '[id: 0xa10b78a6, L:/127.0.0.1:61155 - R:localhost/127.0.0.1:39165]' for 'GET' to 'http://localhost:39165/session/b4c44b8ab3ec34df82fcca1e22294ffd/screenshot'
11:35:55.603 [Forwarding screenshot on session b4c44b8ab3ec34df82fcca1e22294ffd to remote] DEBUG org.asynchttpclient.netty.request.NettyRequestSender - Using open Channel [id: 0xa10b78a6, L:/127.0.0.1:61155 - R:localhost/127.0.0.1:39165] for GET '/session/b4c44b8ab3ec34df82fcca1e22294ffd/screenshot'
11:35:55.729 [AsyncHttpClient-1-2] DEBUG org.asynchttpclient.netty.handler.HttpHandler - 

Request DefaultFullHttpRequest(decodeResult: success, version: HTTP/1.1, content: EmptyByteBufBE)
GET /session/b4c44b8ab3ec34df82fcca1e22294ffd/screenshot HTTP/1.1
User-Agent: selenium/4.8.0 (java windows)
Cache-Control: no-cache
Content-Type: application/json; charset=utf-8
host: localhost:39165
accept: */*

Response DefaultHttpResponse(decodeResult: success, version: HTTP/1.1)
HTTP/1.1 200 OK
Content-Length: 79820
Content-Type: application/json; charset=utf-8
cache-control: no-cache

11:35:55.729 [AsyncHttpClient-1-2] DEBUG org.asynchttpclient.netty.channel.ChannelManager - Adding key: http://localhost:39165 for channel [id: 0xa10b78a6, L:/127.0.0.1:61155 - R:localhost/127.0.0.1:39165]
11:35:55.731 [main] DEBUG net.serenitybdd.core.photography.Darkroom - Send negative for processing for target\site\serenity\f22411eeb1ecd530ce17e3755060e8c246f74a49fea548866068a0837f48c931.png
11:35:55.731 [main] DEBUG net.thucydides.core.steps.StepInterceptor - STEP DONE: verify continue shopping button is exist
11:35:55.736 [Forwarding getPageSource on session b4c44b8ab3ec34df82fcca1e22294ffd to remote] DEBUG org.asynchttpclient.netty.request.NettyRequestSender - Using pooled Channel '[id: 0xa10b78a6, L:/127.0.0.1:61155 - R:localhost/127.0.0.1:39165]' for 'POST' to 'http://localhost:39165/session/b4c44b8ab3ec34df82fcca1e22294ffd/execute/sync'
11:35:55.736 [Forwarding getPageSource on session b4c44b8ab3ec34df82fcca1e22294ffd to remote] DEBUG org.asynchttpclient.netty.request.NettyRequestSender - Using open Channel [id: 0xa10b78a6, L:/127.0.0.1:61155 - R:localhost/127.0.0.1:39165] for POST '/session/b4c44b8ab3ec34df82fcca1e22294ffd/execute/sync'
11:35:55.741 [AsyncHttpClient-1-2] DEBUG org.asynchttpclient.netty.handler.HttpHandler - 

Request DefaultHttpRequest(decodeResult: success, version: HTTP/1.1)
POST /session/b4c44b8ab3ec34df82fcca1e22294ffd/execute/sync HTTP/1.1
User-Agent: selenium/4.8.0 (java windows)
Content-Length: 176
Content-Type: application/json; charset=utf-8
host: localhost:39165
accept: */*

Response DefaultHttpResponse(decodeResult: success, version: HTTP/1.1)
HTTP/1.1 200 OK
Content-Length: 12651
Content-Type: application/json; charset=utf-8
cache-control: no-cache

11:35:55.741 [AsyncHttpClient-1-2] DEBUG org.asynchttpclient.netty.channel.ChannelManager - Adding key: http://localhost:39165 for channel [id: 0xa10b78a6, L:/127.0.0.1:61155 - R:localhost/127.0.0.1:39165]
11:35:55.744 [Forwarding getCurrentUrl on session b4c44b8ab3ec34df82fcca1e22294ffd to remote] DEBUG org.asynchttpclient.netty.request.NettyRequestSender - Using pooled Channel '[id: 0xa10b78a6, L:/127.0.0.1:61155 - R:localhost/127.0.0.1:39165]' for 'GET' to 'http://localhost:39165/session/b4c44b8ab3ec34df82fcca1e22294ffd/url'
11:35:55.744 [Forwarding getCurrentUrl on session b4c44b8ab3ec34df82fcca1e22294ffd to remote] DEBUG org.asynchttpclient.netty.request.NettyRequestSender - Using open Channel [id: 0xa10b78a6, L:/127.0.0.1:61155 - R:localhost/127.0.0.1:39165] for GET '/session/b4c44b8ab3ec34df82fcca1e22294ffd/url'
11:35:55.749 [AsyncHttpClient-1-2] DEBUG org.asynchttpclient.netty.handler.HttpHandler - 

Request DefaultFullHttpRequest(decodeResult: success, version: HTTP/1.1, content: EmptyByteBufBE)
GET /session/b4c44b8ab3ec34df82fcca1e22294ffd/url HTTP/1.1
User-Agent: selenium/4.8.0 (java windows)
Cache-Control: no-cache
Content-Type: application/json; charset=utf-8
host: localhost:39165
accept: */*

Response DefaultHttpResponse(decodeResult: success, version: HTTP/1.1)
HTTP/1.1 200 OK
Content-Length: 47
Content-Type: application/json; charset=utf-8
cache-control: no-cache

11:35:55.749 [AsyncHttpClient-1-2] DEBUG org.asynchttpclient.netty.channel.ChannelManager - Adding key: http://localhost:39165 for channel [id: 0xa10b78a6, L:/127.0.0.1:61155 - R:localhost/127.0.0.1:39165]
11:35:55.757 [main] DEBUG net.thucydides.core.steps.StepInterceptor - STARTING STEP: CartPageSteps.test8_validateUserInterfaceFootersAndHeadersInInventoryPage - verify continue checkout button is exist
11:35:55.759 [Forwarding findElement on session b4c44b8ab3ec34df82fcca1e22294ffd to remote] DEBUG org.asynchttpclient.netty.request.NettyRequestSender - Using pooled Channel '[id: 0xa10b78a6, L:/127.0.0.1:61155 - R:localhost/127.0.0.1:39165]' for 'POST' to 'http://localhost:39165/session/b4c44b8ab3ec34df82fcca1e22294ffd/element'
11:35:55.760 [Forwarding findElement on session b4c44b8ab3ec34df82fcca1e22294ffd to remote] DEBUG org.asynchttpclient.netty.request.NettyRequestSender - Using open Channel [id: 0xa10b78a6, L:/127.0.0.1:61155 - R:localhost/127.0.0.1:39165] for POST '/session/b4c44b8ab3ec34df82fcca1e22294ffd/element'
11:35:55.771 [AsyncHttpClient-1-2] DEBUG org.asynchttpclient.netty.handler.HttpHandler - 

Request DefaultHttpRequest(decodeResult: success, version: HTTP/1.1)
POST /session/b4c44b8ab3ec34df82fcca1e22294ffd/element HTTP/1.1
User-Agent: selenium/4.8.0 (java windows)
Content-Length: 74
Content-Type: application/json; charset=utf-8
host: localhost:39165
accept: */*

Response DefaultHttpResponse(decodeResult: success, version: HTTP/1.1)
HTTP/1.1 200 OK
Content-Length: 95
Content-Type: application/json; charset=utf-8
cache-control: no-cache

11:35:55.771 [AsyncHttpClient-1-2] DEBUG org.asynchttpclient.netty.channel.ChannelManager - Adding key: http://localhost:39165 for channel [id: 0xa10b78a6, L:/127.0.0.1:61155 - R:localhost/127.0.0.1:39165]
11:35:55.773 [Forwarding isElementDisplayed on session b4c44b8ab3ec34df82fcca1e22294ffd to remote] DEBUG org.asynchttpclient.netty.request.NettyRequestSender - Using pooled Channel '[id: 0xa10b78a6, L:/127.0.0.1:61155 - R:localhost/127.0.0.1:39165]' for 'POST' to 'http://localhost:39165/session/b4c44b8ab3ec34df82fcca1e22294ffd/execute/sync'
11:35:55.773 [Forwarding isElementDisplayed on session b4c44b8ab3ec34df82fcca1e22294ffd to remote] DEBUG org.asynchttpclient.netty.request.NettyRequestSender - Using open Channel [id: 0xa10b78a6, L:/127.0.0.1:61155 - R:localhost/127.0.0.1:39165] for POST '/session/b4c44b8ab3ec34df82fcca1e22294ffd/execute/sync'
11:35:55.784 [AsyncHttpClient-1-2] DEBUG org.asynchttpclient.netty.handler.HttpHandler - 

Request DefaultHttpRequest(decodeResult: success, version: HTTP/1.1)
POST /session/b4c44b8ab3ec34df82fcca1e22294ffd/execute/sync HTTP/1.1
User-Agent: selenium/4.8.0 (java windows)
Content-Length: 48814
Content-Type: application/json; charset=utf-8
host: localhost:39165
accept: */*

Response DefaultHttpResponse(decodeResult: success, version: HTTP/1.1)
HTTP/1.1 200 OK
Content-Length: 14
Content-Type: application/json; charset=utf-8
cache-control: no-cache

11:35:55.784 [AsyncHttpClient-1-2] DEBUG org.asynchttpclient.netty.channel.ChannelManager - Adding key: http://localhost:39165 for channel [id: 0xa10b78a6, L:/127.0.0.1:61155 - R:localhost/127.0.0.1:39165]
11:35:55.785 [Forwarding isElementDisplayed on session b4c44b8ab3ec34df82fcca1e22294ffd to remote] DEBUG org.asynchttpclient.netty.request.NettyRequestSender - Using pooled Channel '[id: 0xa10b78a6, L:/127.0.0.1:61155 - R:localhost/127.0.0.1:39165]' for 'POST' to 'http://localhost:39165/session/b4c44b8ab3ec34df82fcca1e22294ffd/execute/sync'
11:35:55.785 [Forwarding isElementDisplayed on session b4c44b8ab3ec34df82fcca1e22294ffd to remote] DEBUG org.asynchttpclient.netty.request.NettyRequestSender - Using open Channel [id: 0xa10b78a6, L:/127.0.0.1:61155 - R:localhost/127.0.0.1:39165] for POST '/session/b4c44b8ab3ec34df82fcca1e22294ffd/execute/sync'
11:35:55.795 [AsyncHttpClient-1-2] DEBUG org.asynchttpclient.netty.handler.HttpHandler - 

Request DefaultHttpRequest(decodeResult: success, version: HTTP/1.1)
POST /session/b4c44b8ab3ec34df82fcca1e22294ffd/execute/sync HTTP/1.1
User-Agent: selenium/4.8.0 (java windows)
Content-Length: 48814
Content-Type: application/json; charset=utf-8
host: localhost:39165
accept: */*

Response DefaultHttpResponse(decodeResult: success, version: HTTP/1.1)
HTTP/1.1 200 OK
Content-Length: 14
Content-Type: application/json; charset=utf-8
cache-control: no-cache

11:35:55.795 [AsyncHttpClient-1-2] DEBUG org.asynchttpclient.netty.channel.ChannelManager - Adding key: http://localhost:39165 for channel [id: 0xa10b78a6, L:/127.0.0.1:61155 - R:localhost/127.0.0.1:39165]
11:35:55.797 [Forwarding findElement on session b4c44b8ab3ec34df82fcca1e22294ffd to remote] DEBUG org.asynchttpclient.netty.request.NettyRequestSender - Using pooled Channel '[id: 0xa10b78a6, L:/127.0.0.1:61155 - R:localhost/127.0.0.1:39165]' for 'POST' to 'http://localhost:39165/session/b4c44b8ab3ec34df82fcca1e22294ffd/element'
11:35:55.797 [Forwarding findElement on session b4c44b8ab3ec34df82fcca1e22294ffd to remote] DEBUG org.asynchttpclient.netty.request.NettyRequestSender - Using open Channel [id: 0xa10b78a6, L:/127.0.0.1:61155 - R:localhost/127.0.0.1:39165] for POST '/session/b4c44b8ab3ec34df82fcca1e22294ffd/element'
11:35:55.803 [AsyncHttpClient-1-2] DEBUG org.asynchttpclient.netty.handler.HttpHandler - 

Request DefaultHttpRequest(decodeResult: success, version: HTTP/1.1)
POST /session/b4c44b8ab3ec34df82fcca1e22294ffd/element HTTP/1.1
User-Agent: selenium/4.8.0 (java windows)
Content-Length: 74
Content-Type: application/json; charset=utf-8
host: localhost:39165
accept: */*

Response DefaultHttpResponse(decodeResult: success, version: HTTP/1.1)
HTTP/1.1 200 OK
Content-Length: 95
Content-Type: application/json; charset=utf-8
cache-control: no-cache

11:35:55.803 [AsyncHttpClient-1-2] DEBUG org.asynchttpclient.netty.channel.ChannelManager - Adding key: http://localhost:39165 for channel [id: 0xa10b78a6, L:/127.0.0.1:61155 - R:localhost/127.0.0.1:39165]
11:35:55.805 [Forwarding isElementDisplayed on session b4c44b8ab3ec34df82fcca1e22294ffd to remote] DEBUG org.asynchttpclient.netty.request.NettyRequestSender - Using pooled Channel '[id: 0xa10b78a6, L:/127.0.0.1:61155 - R:localhost/127.0.0.1:39165]' for 'POST' to 'http://localhost:39165/session/b4c44b8ab3ec34df82fcca1e22294ffd/execute/sync'
11:35:55.805 [Forwarding isElementDisplayed on session b4c44b8ab3ec34df82fcca1e22294ffd to remote] DEBUG org.asynchttpclient.netty.request.NettyRequestSender - Using open Channel [id: 0xa10b78a6, L:/127.0.0.1:61155 - R:localhost/127.0.0.1:39165] for POST '/session/b4c44b8ab3ec34df82fcca1e22294ffd/execute/sync'
11:35:55.813 [AsyncHttpClient-1-2] DEBUG org.asynchttpclient.netty.handler.HttpHandler - 

Request DefaultHttpRequest(decodeResult: success, version: HTTP/1.1)
POST /session/b4c44b8ab3ec34df82fcca1e22294ffd/execute/sync HTTP/1.1
User-Agent: selenium/4.8.0 (java windows)
Content-Length: 48814
Content-Type: application/json; charset=utf-8
host: localhost:39165
accept: */*

Response DefaultHttpResponse(decodeResult: success, version: HTTP/1.1)
HTTP/1.1 200 OK
Content-Length: 14
Content-Type: application/json; charset=utf-8
cache-control: no-cache

11:35:55.813 [AsyncHttpClient-1-2] DEBUG org.asynchttpclient.netty.channel.ChannelManager - Adding key: http://localhost:39165 for channel [id: 0xa10b78a6, L:/127.0.0.1:61155 - R:localhost/127.0.0.1:39165]
11:35:55.814 [Forwarding isElementDisplayed on session b4c44b8ab3ec34df82fcca1e22294ffd to remote] DEBUG org.asynchttpclient.netty.request.NettyRequestSender - Using pooled Channel '[id: 0xa10b78a6, L:/127.0.0.1:61155 - R:localhost/127.0.0.1:39165]' for 'POST' to 'http://localhost:39165/session/b4c44b8ab3ec34df82fcca1e22294ffd/execute/sync'
11:35:55.814 [Forwarding isElementDisplayed on session b4c44b8ab3ec34df82fcca1e22294ffd to remote] DEBUG org.asynchttpclient.netty.request.NettyRequestSender - Using open Channel [id: 0xa10b78a6, L:/127.0.0.1:61155 - R:localhost/127.0.0.1:39165] for POST '/session/b4c44b8ab3ec34df82fcca1e22294ffd/execute/sync'
11:35:55.822 [AsyncHttpClient-1-2] DEBUG org.asynchttpclient.netty.handler.HttpHandler - 

Request DefaultHttpRequest(decodeResult: success, version: HTTP/1.1)
POST /session/b4c44b8ab3ec34df82fcca1e22294ffd/execute/sync HTTP/1.1
User-Agent: selenium/4.8.0 (java windows)
Content-Length: 48814
Content-Type: application/json; charset=utf-8
host: localhost:39165
accept: */*

Response DefaultHttpResponse(decodeResult: success, version: HTTP/1.1)
HTTP/1.1 200 OK
Content-Length: 14
Content-Type: application/json; charset=utf-8
cache-control: no-cache

11:35:55.822 [AsyncHttpClient-1-2] DEBUG org.asynchttpclient.netty.channel.ChannelManager - Adding key: http://localhost:39165 for channel [id: 0xa10b78a6, L:/127.0.0.1:61155 - R:localhost/127.0.0.1:39165]
11:35:55.828 [Forwarding getAlertText on session b4c44b8ab3ec34df82fcca1e22294ffd to remote] DEBUG org.asynchttpclient.netty.request.NettyRequestSender - Using pooled Channel '[id: 0xa10b78a6, L:/127.0.0.1:61155 - R:localhost/127.0.0.1:39165]' for 'GET' to 'http://localhost:39165/session/b4c44b8ab3ec34df82fcca1e22294ffd/alert/text'
11:35:55.828 [Forwarding getAlertText on session b4c44b8ab3ec34df82fcca1e22294ffd to remote] DEBUG org.asynchttpclient.netty.request.NettyRequestSender - Using open Channel [id: 0xa10b78a6, L:/127.0.0.1:61155 - R:localhost/127.0.0.1:39165] for GET '/session/b4c44b8ab3ec34df82fcca1e22294ffd/alert/text'
11:35:55.830 [AsyncHttpClient-1-2] DEBUG org.asynchttpclient.netty.handler.HttpHandler - 

Request DefaultFullHttpRequest(decodeResult: success, version: HTTP/1.1, content: EmptyByteBufBE)
GET /session/b4c44b8ab3ec34df82fcca1e22294ffd/alert/text HTTP/1.1
User-Agent: selenium/4.8.0 (java windows)
Cache-Control: no-cache
Content-Type: application/json; charset=utf-8
host: localhost:39165
accept: */*

Response DefaultHttpResponse(decodeResult: success, version: HTTP/1.1)
HTTP/1.1 404 Not Found
Content-Length: 1522
Content-Type: application/json; charset=utf-8
cache-control: no-cache

11:35:55.830 [AsyncHttpClient-1-2] DEBUG org.asynchttpclient.netty.channel.ChannelManager - Adding key: http://localhost:39165 for channel [id: 0xa10b78a6, L:/127.0.0.1:61155 - R:localhost/127.0.0.1:39165]
11:35:55.831 [Forwarding getCurrentUrl on session b4c44b8ab3ec34df82fcca1e22294ffd to remote] DEBUG org.asynchttpclient.netty.request.NettyRequestSender - Using pooled Channel '[id: 0xa10b78a6, L:/127.0.0.1:61155 - R:localhost/127.0.0.1:39165]' for 'GET' to 'http://localhost:39165/session/b4c44b8ab3ec34df82fcca1e22294ffd/url'
11:35:55.831 [Forwarding getCurrentUrl on session b4c44b8ab3ec34df82fcca1e22294ffd to remote] DEBUG org.asynchttpclient.netty.request.NettyRequestSender - Using open Channel [id: 0xa10b78a6, L:/127.0.0.1:61155 - R:localhost/127.0.0.1:39165] for GET '/session/b4c44b8ab3ec34df82fcca1e22294ffd/url'
11:35:55.835 [AsyncHttpClient-1-2] DEBUG org.asynchttpclient.netty.handler.HttpHandler - 

Request DefaultFullHttpRequest(decodeResult: success, version: HTTP/1.1, content: EmptyByteBufBE)
GET /session/b4c44b8ab3ec34df82fcca1e22294ffd/url HTTP/1.1
User-Agent: selenium/4.8.0 (java windows)
Cache-Control: no-cache
Content-Type: application/json; charset=utf-8
host: localhost:39165
accept: */*

Response DefaultHttpResponse(decodeResult: success, version: HTTP/1.1)
HTTP/1.1 200 OK
Content-Length: 47
Content-Type: application/json; charset=utf-8
cache-control: no-cache

11:35:55.835 [AsyncHttpClient-1-2] DEBUG org.asynchttpclient.netty.channel.ChannelManager - Adding key: http://localhost:39165 for channel [id: 0xa10b78a6, L:/127.0.0.1:61155 - R:localhost/127.0.0.1:39165]
11:35:55.836 [Forwarding screenshot on session b4c44b8ab3ec34df82fcca1e22294ffd to remote] DEBUG org.asynchttpclient.netty.request.NettyRequestSender - Using pooled Channel '[id: 0xa10b78a6, L:/127.0.0.1:61155 - R:localhost/127.0.0.1:39165]' for 'GET' to 'http://localhost:39165/session/b4c44b8ab3ec34df82fcca1e22294ffd/screenshot'
11:35:55.836 [Forwarding screenshot on session b4c44b8ab3ec34df82fcca1e22294ffd to remote] DEBUG org.asynchttpclient.netty.request.NettyRequestSender - Using open Channel [id: 0xa10b78a6, L:/127.0.0.1:61155 - R:localhost/127.0.0.1:39165] for GET '/session/b4c44b8ab3ec34df82fcca1e22294ffd/screenshot'
11:35:55.959 [AsyncHttpClient-1-2] DEBUG org.asynchttpclient.netty.handler.HttpHandler - 

Request DefaultFullHttpRequest(decodeResult: success, version: HTTP/1.1, content: EmptyByteBufBE)
GET /session/b4c44b8ab3ec34df82fcca1e22294ffd/screenshot HTTP/1.1
User-Agent: selenium/4.8.0 (java windows)
Cache-Control: no-cache
Content-Type: application/json; charset=utf-8
host: localhost:39165
accept: */*

Response DefaultHttpResponse(decodeResult: success, version: HTTP/1.1)
HTTP/1.1 200 OK
Content-Length: 79820
Content-Type: application/json; charset=utf-8
cache-control: no-cache

11:35:55.960 [AsyncHttpClient-1-2] DEBUG org.asynchttpclient.netty.channel.ChannelManager - Adding key: http://localhost:39165 for channel [id: 0xa10b78a6, L:/127.0.0.1:61155 - R:localhost/127.0.0.1:39165]
11:35:55.963 [main] DEBUG net.serenitybdd.core.photography.Darkroom - Send negative for processing for target\site\serenity\f22411eeb1ecd530ce17e3755060e8c246f74a49fea548866068a0837f48c931.png
11:35:55.964 [main] DEBUG net.thucydides.core.steps.StepInterceptor - STEP DONE: verify continue checkout button is exist
11:35:55.971 [Forwarding getPageSource on session b4c44b8ab3ec34df82fcca1e22294ffd to remote] DEBUG org.asynchttpclient.netty.request.NettyRequestSender - Using pooled Channel '[id: 0xa10b78a6, L:/127.0.0.1:61155 - R:localhost/127.0.0.1:39165]' for 'POST' to 'http://localhost:39165/session/b4c44b8ab3ec34df82fcca1e22294ffd/execute/sync'
11:35:55.971 [Forwarding getPageSource on session b4c44b8ab3ec34df82fcca1e22294ffd to remote] DEBUG org.asynchttpclient.netty.request.NettyRequestSender - Using open Channel [id: 0xa10b78a6, L:/127.0.0.1:61155 - R:localhost/127.0.0.1:39165] for POST '/session/b4c44b8ab3ec34df82fcca1e22294ffd/execute/sync'
11:35:55.979 [AsyncHttpClient-1-2] DEBUG org.asynchttpclient.netty.handler.HttpHandler - 

Request DefaultHttpRequest(decodeResult: success, version: HTTP/1.1)
POST /session/b4c44b8ab3ec34df82fcca1e22294ffd/execute/sync HTTP/1.1
User-Agent: selenium/4.8.0 (java windows)
Content-Length: 176
Content-Type: application/json; charset=utf-8
host: localhost:39165
accept: */*

Response DefaultHttpResponse(decodeResult: success, version: HTTP/1.1)
HTTP/1.1 200 OK
Content-Length: 12651
Content-Type: application/json; charset=utf-8
cache-control: no-cache

11:35:55.979 [AsyncHttpClient-1-2] DEBUG org.asynchttpclient.netty.channel.ChannelManager - Adding key: http://localhost:39165 for channel [id: 0xa10b78a6, L:/127.0.0.1:61155 - R:localhost/127.0.0.1:39165]
11:35:55.981 [Forwarding getCurrentUrl on session b4c44b8ab3ec34df82fcca1e22294ffd to remote] DEBUG org.asynchttpclient.netty.request.NettyRequestSender - Using pooled Channel '[id: 0xa10b78a6, L:/127.0.0.1:61155 - R:localhost/127.0.0.1:39165]' for 'GET' to 'http://localhost:39165/session/b4c44b8ab3ec34df82fcca1e22294ffd/url'
11:35:55.981 [Forwarding getCurrentUrl on session b4c44b8ab3ec34df82fcca1e22294ffd to remote] DEBUG org.asynchttpclient.netty.request.NettyRequestSender - Using open Channel [id: 0xa10b78a6, L:/127.0.0.1:61155 - R:localhost/127.0.0.1:39165] for GET '/session/b4c44b8ab3ec34df82fcca1e22294ffd/url'
11:35:55.986 [AsyncHttpClient-1-2] DEBUG org.asynchttpclient.netty.handler.HttpHandler - 

Request DefaultFullHttpRequest(decodeResult: success, version: HTTP/1.1, content: EmptyByteBufBE)
GET /session/b4c44b8ab3ec34df82fcca1e22294ffd/url HTTP/1.1
User-Agent: selenium/4.8.0 (java windows)
Cache-Control: no-cache
Content-Type: application/json; charset=utf-8
host: localhost:39165
accept: */*

Response DefaultHttpResponse(decodeResult: success, version: HTTP/1.1)
HTTP/1.1 200 OK
Content-Length: 47
Content-Type: application/json; charset=utf-8
cache-control: no-cache

11:35:55.986 [AsyncHttpClient-1-2] DEBUG org.asynchttpclient.netty.channel.ChannelManager - Adding key: http://localhost:39165 for channel [id: 0xa10b78a6, L:/127.0.0.1:61155 - R:localhost/127.0.0.1:39165]
11:35:55.995 [main] DEBUG net.thucydides.core.steps.StepInterceptor - STARTING STEP: CartPageSteps.test8_validateUserInterfaceFootersAndHeadersInInventoryPage - verify quantity  is exist
11:35:55.999 [Forwarding findElement on session b4c44b8ab3ec34df82fcca1e22294ffd to remote] DEBUG org.asynchttpclient.netty.request.NettyRequestSender - Using pooled Channel '[id: 0xa10b78a6, L:/127.0.0.1:61155 - R:localhost/127.0.0.1:39165]' for 'POST' to 'http://localhost:39165/session/b4c44b8ab3ec34df82fcca1e22294ffd/element'
11:35:55.999 [Forwarding findElement on session b4c44b8ab3ec34df82fcca1e22294ffd to remote] DEBUG org.asynchttpclient.netty.request.NettyRequestSender - Using open Channel [id: 0xa10b78a6, L:/127.0.0.1:61155 - R:localhost/127.0.0.1:39165] for POST '/session/b4c44b8ab3ec34df82fcca1e22294ffd/element'
11:35:56.008 [AsyncHttpClient-1-2] DEBUG org.asynchttpclient.netty.handler.HttpHandler - 

Request DefaultHttpRequest(decodeResult: success, version: HTTP/1.1)
POST /session/b4c44b8ab3ec34df82fcca1e22294ffd/element HTTP/1.1
User-Agent: selenium/4.8.0 (java windows)
Content-Length: 82
Content-Type: application/json; charset=utf-8
host: localhost:39165
accept: */*

Response DefaultHttpResponse(decodeResult: success, version: HTTP/1.1)
HTTP/1.1 200 OK
Content-Length: 95
Content-Type: application/json; charset=utf-8
cache-control: no-cache

11:35:56.008 [AsyncHttpClient-1-2] DEBUG org.asynchttpclient.netty.channel.ChannelManager - Adding key: http://localhost:39165 for channel [id: 0xa10b78a6, L:/127.0.0.1:61155 - R:localhost/127.0.0.1:39165]
11:35:56.010 [Forwarding isElementDisplayed on session b4c44b8ab3ec34df82fcca1e22294ffd to remote] DEBUG org.asynchttpclient.netty.request.NettyRequestSender - Using pooled Channel '[id: 0xa10b78a6, L:/127.0.0.1:61155 - R:localhost/127.0.0.1:39165]' for 'POST' to 'http://localhost:39165/session/b4c44b8ab3ec34df82fcca1e22294ffd/execute/sync'
11:35:56.010 [Forwarding isElementDisplayed on session b4c44b8ab3ec34df82fcca1e22294ffd to remote] DEBUG org.asynchttpclient.netty.request.NettyRequestSender - Using open Channel [id: 0xa10b78a6, L:/127.0.0.1:61155 - R:localhost/127.0.0.1:39165] for POST '/session/b4c44b8ab3ec34df82fcca1e22294ffd/execute/sync'
11:35:56.018 [AsyncHttpClient-1-2] DEBUG org.asynchttpclient.netty.handler.HttpHandler - 

Request DefaultHttpRequest(decodeResult: success, version: HTTP/1.1)
POST /session/b4c44b8ab3ec34df82fcca1e22294ffd/execute/sync HTTP/1.1
User-Agent: selenium/4.8.0 (java windows)
Content-Length: 48814
Content-Type: application/json; charset=utf-8
host: localhost:39165
accept: */*

Response DefaultHttpResponse(decodeResult: success, version: HTTP/1.1)
HTTP/1.1 200 OK
Content-Length: 14
Content-Type: application/json; charset=utf-8
cache-control: no-cache

11:35:56.018 [AsyncHttpClient-1-2] DEBUG org.asynchttpclient.netty.channel.ChannelManager - Adding key: http://localhost:39165 for channel [id: 0xa10b78a6, L:/127.0.0.1:61155 - R:localhost/127.0.0.1:39165]
11:35:56.020 [Forwarding isElementDisplayed on session b4c44b8ab3ec34df82fcca1e22294ffd to remote] DEBUG org.asynchttpclient.netty.request.NettyRequestSender - Using pooled Channel '[id: 0xa10b78a6, L:/127.0.0.1:61155 - R:localhost/127.0.0.1:39165]' for 'POST' to 'http://localhost:39165/session/b4c44b8ab3ec34df82fcca1e22294ffd/execute/sync'
11:35:56.020 [Forwarding isElementDisplayed on session b4c44b8ab3ec34df82fcca1e22294ffd to remote] DEBUG org.asynchttpclient.netty.request.NettyRequestSender - Using open Channel [id: 0xa10b78a6, L:/127.0.0.1:61155 - R:localhost/127.0.0.1:39165] for POST '/session/b4c44b8ab3ec34df82fcca1e22294ffd/execute/sync'
11:35:56.028 [AsyncHttpClient-1-2] DEBUG org.asynchttpclient.netty.handler.HttpHandler - 

Request DefaultHttpRequest(decodeResult: success, version: HTTP/1.1)
POST /session/b4c44b8ab3ec34df82fcca1e22294ffd/execute/sync HTTP/1.1
User-Agent: selenium/4.8.0 (java windows)
Content-Length: 48814
Content-Type: application/json; charset=utf-8
host: localhost:39165
accept: */*

Response DefaultHttpResponse(decodeResult: success, version: HTTP/1.1)
HTTP/1.1 200 OK
Content-Length: 14
Content-Type: application/json; charset=utf-8
cache-control: no-cache

11:35:56.028 [AsyncHttpClient-1-2] DEBUG org.asynchttpclient.netty.channel.ChannelManager - Adding key: http://localhost:39165 for channel [id: 0xa10b78a6, L:/127.0.0.1:61155 - R:localhost/127.0.0.1:39165]
11:35:56.031 [Forwarding findElement on session b4c44b8ab3ec34df82fcca1e22294ffd to remote] DEBUG org.asynchttpclient.netty.request.NettyRequestSender - Using pooled Channel '[id: 0xa10b78a6, L:/127.0.0.1:61155 - R:localhost/127.0.0.1:39165]' for 'POST' to 'http://localhost:39165/session/b4c44b8ab3ec34df82fcca1e22294ffd/element'
11:35:56.031 [Forwarding findElement on session b4c44b8ab3ec34df82fcca1e22294ffd to remote] DEBUG org.asynchttpclient.netty.request.NettyRequestSender - Using open Channel [id: 0xa10b78a6, L:/127.0.0.1:61155 - R:localhost/127.0.0.1:39165] for POST '/session/b4c44b8ab3ec34df82fcca1e22294ffd/element'
11:35:56.038 [AsyncHttpClient-1-2] DEBUG org.asynchttpclient.netty.handler.HttpHandler - 

Request DefaultHttpRequest(decodeResult: success, version: HTTP/1.1)
POST /session/b4c44b8ab3ec34df82fcca1e22294ffd/element HTTP/1.1
User-Agent: selenium/4.8.0 (java windows)
Content-Length: 82
Content-Type: application/json; charset=utf-8
host: localhost:39165
accept: */*

Response DefaultHttpResponse(decodeResult: success, version: HTTP/1.1)
HTTP/1.1 200 OK
Content-Length: 95
Content-Type: application/json; charset=utf-8
cache-control: no-cache

11:35:56.038 [AsyncHttpClient-1-2] DEBUG org.asynchttpclient.netty.channel.ChannelManager - Adding key: http://localhost:39165 for channel [id: 0xa10b78a6, L:/127.0.0.1:61155 - R:localhost/127.0.0.1:39165]
11:35:56.040 [Forwarding isElementDisplayed on session b4c44b8ab3ec34df82fcca1e22294ffd to remote] DEBUG org.asynchttpclient.netty.request.NettyRequestSender - Using pooled Channel '[id: 0xa10b78a6, L:/127.0.0.1:61155 - R:localhost/127.0.0.1:39165]' for 'POST' to 'http://localhost:39165/session/b4c44b8ab3ec34df82fcca1e22294ffd/execute/sync'
11:35:56.040 [Forwarding isElementDisplayed on session b4c44b8ab3ec34df82fcca1e22294ffd to remote] DEBUG org.asynchttpclient.netty.request.NettyRequestSender - Using open Channel [id: 0xa10b78a6, L:/127.0.0.1:61155 - R:localhost/127.0.0.1:39165] for POST '/session/b4c44b8ab3ec34df82fcca1e22294ffd/execute/sync'
11:35:56.050 [AsyncHttpClient-1-2] DEBUG org.asynchttpclient.netty.handler.HttpHandler - 

Request DefaultHttpRequest(decodeResult: success, version: HTTP/1.1)
POST /session/b4c44b8ab3ec34df82fcca1e22294ffd/execute/sync HTTP/1.1
User-Agent: selenium/4.8.0 (java windows)
Content-Length: 48814
Content-Type: application/json; charset=utf-8
host: localhost:39165
accept: */*

Response DefaultHttpResponse(decodeResult: success, version: HTTP/1.1)
HTTP/1.1 200 OK
Content-Length: 14
Content-Type: application/json; charset=utf-8
cache-control: no-cache

11:35:56.050 [AsyncHttpClient-1-2] DEBUG org.asynchttpclient.netty.channel.ChannelManager - Adding key: http://localhost:39165 for channel [id: 0xa10b78a6, L:/127.0.0.1:61155 - R:localhost/127.0.0.1:39165]
11:35:56.052 [Forwarding isElementDisplayed on session b4c44b8ab3ec34df82fcca1e22294ffd to remote] DEBUG org.asynchttpclient.netty.request.NettyRequestSender - Using pooled Channel '[id: 0xa10b78a6, L:/127.0.0.1:61155 - R:localhost/127.0.0.1:39165]' for 'POST' to 'http://localhost:39165/session/b4c44b8ab3ec34df82fcca1e22294ffd/execute/sync'
11:35:56.052 [Forwarding isElementDisplayed on session b4c44b8ab3ec34df82fcca1e22294ffd to remote] DEBUG org.asynchttpclient.netty.request.NettyRequestSender - Using open Channel [id: 0xa10b78a6, L:/127.0.0.1:61155 - R:localhost/127.0.0.1:39165] for POST '/session/b4c44b8ab3ec34df82fcca1e22294ffd/execute/sync'
11:35:56.061 [AsyncHttpClient-1-2] DEBUG org.asynchttpclient.netty.handler.HttpHandler - 

Request DefaultHttpRequest(decodeResult: success, version: HTTP/1.1)
POST /session/b4c44b8ab3ec34df82fcca1e22294ffd/execute/sync HTTP/1.1
User-Agent: selenium/4.8.0 (java windows)
Content-Length: 48814
Content-Type: application/json; charset=utf-8
host: localhost:39165
accept: */*

Response DefaultHttpResponse(decodeResult: success, version: HTTP/1.1)
HTTP/1.1 200 OK
Content-Length: 14
Content-Type: application/json; charset=utf-8
cache-control: no-cache

11:35:56.061 [AsyncHttpClient-1-2] DEBUG org.asynchttpclient.netty.channel.ChannelManager - Adding key: http://localhost:39165 for channel [id: 0xa10b78a6, L:/127.0.0.1:61155 - R:localhost/127.0.0.1:39165]
11:35:56.064 [Forwarding getAlertText on session b4c44b8ab3ec34df82fcca1e22294ffd to remote] DEBUG org.asynchttpclient.netty.request.NettyRequestSender - Using pooled Channel '[id: 0xa10b78a6, L:/127.0.0.1:61155 - R:localhost/127.0.0.1:39165]' for 'GET' to 'http://localhost:39165/session/b4c44b8ab3ec34df82fcca1e22294ffd/alert/text'
11:35:56.064 [Forwarding getAlertText on session b4c44b8ab3ec34df82fcca1e22294ffd to remote] DEBUG org.asynchttpclient.netty.request.NettyRequestSender - Using open Channel [id: 0xa10b78a6, L:/127.0.0.1:61155 - R:localhost/127.0.0.1:39165] for GET '/session/b4c44b8ab3ec34df82fcca1e22294ffd/alert/text'
11:35:56.065 [AsyncHttpClient-1-2] DEBUG org.asynchttpclient.netty.handler.HttpHandler - 

Request DefaultFullHttpRequest(decodeResult: success, version: HTTP/1.1, content: EmptyByteBufBE)
GET /session/b4c44b8ab3ec34df82fcca1e22294ffd/alert/text HTTP/1.1
User-Agent: selenium/4.8.0 (java windows)
Cache-Control: no-cache
Content-Type: application/json; charset=utf-8
host: localhost:39165
accept: */*

Response DefaultHttpResponse(decodeResult: success, version: HTTP/1.1)
HTTP/1.1 404 Not Found
Content-Length: 1522
Content-Type: application/json; charset=utf-8
cache-control: no-cache

11:35:56.065 [AsyncHttpClient-1-2] DEBUG org.asynchttpclient.netty.channel.ChannelManager - Adding key: http://localhost:39165 for channel [id: 0xa10b78a6, L:/127.0.0.1:61155 - R:localhost/127.0.0.1:39165]
11:35:56.066 [Forwarding getCurrentUrl on session b4c44b8ab3ec34df82fcca1e22294ffd to remote] DEBUG org.asynchttpclient.netty.request.NettyRequestSender - Using pooled Channel '[id: 0xa10b78a6, L:/127.0.0.1:61155 - R:localhost/127.0.0.1:39165]' for 'GET' to 'http://localhost:39165/session/b4c44b8ab3ec34df82fcca1e22294ffd/url'
11:35:56.066 [Forwarding getCurrentUrl on session b4c44b8ab3ec34df82fcca1e22294ffd to remote] DEBUG org.asynchttpclient.netty.request.NettyRequestSender - Using open Channel [id: 0xa10b78a6, L:/127.0.0.1:61155 - R:localhost/127.0.0.1:39165] for GET '/session/b4c44b8ab3ec34df82fcca1e22294ffd/url'
11:35:56.069 [AsyncHttpClient-1-2] DEBUG org.asynchttpclient.netty.handler.HttpHandler - 

Request DefaultFullHttpRequest(decodeResult: success, version: HTTP/1.1, content: EmptyByteBufBE)
GET /session/b4c44b8ab3ec34df82fcca1e22294ffd/url HTTP/1.1
User-Agent: selenium/4.8.0 (java windows)
Cache-Control: no-cache
Content-Type: application/json; charset=utf-8
host: localhost:39165
accept: */*

Response DefaultHttpResponse(decodeResult: success, version: HTTP/1.1)
HTTP/1.1 200 OK
Content-Length: 47
Content-Type: application/json; charset=utf-8
cache-control: no-cache

11:35:56.069 [AsyncHttpClient-1-2] DEBUG org.asynchttpclient.netty.channel.ChannelManager - Adding key: http://localhost:39165 for channel [id: 0xa10b78a6, L:/127.0.0.1:61155 - R:localhost/127.0.0.1:39165]
11:35:56.069 [Forwarding screenshot on session b4c44b8ab3ec34df82fcca1e22294ffd to remote] DEBUG org.asynchttpclient.netty.request.NettyRequestSender - Using pooled Channel '[id: 0xa10b78a6, L:/127.0.0.1:61155 - R:localhost/127.0.0.1:39165]' for 'GET' to 'http://localhost:39165/session/b4c44b8ab3ec34df82fcca1e22294ffd/screenshot'
11:35:56.069 [Forwarding screenshot on session b4c44b8ab3ec34df82fcca1e22294ffd to remote] DEBUG org.asynchttpclient.netty.request.NettyRequestSender - Using open Channel [id: 0xa10b78a6, L:/127.0.0.1:61155 - R:localhost/127.0.0.1:39165] for GET '/session/b4c44b8ab3ec34df82fcca1e22294ffd/screenshot'
11:35:56.190 [AsyncHttpClient-1-2] DEBUG org.asynchttpclient.netty.handler.HttpHandler - 

Request DefaultFullHttpRequest(decodeResult: success, version: HTTP/1.1, content: EmptyByteBufBE)
GET /session/b4c44b8ab3ec34df82fcca1e22294ffd/screenshot HTTP/1.1
User-Agent: selenium/4.8.0 (java windows)
Cache-Control: no-cache
Content-Type: application/json; charset=utf-8
host: localhost:39165
accept: */*

Response DefaultHttpResponse(decodeResult: success, version: HTTP/1.1)
HTTP/1.1 200 OK
Content-Length: 79820
Content-Type: application/json; charset=utf-8
cache-control: no-cache

11:35:56.191 [AsyncHttpClient-1-2] DEBUG org.asynchttpclient.netty.channel.ChannelManager - Adding key: http://localhost:39165 for channel [id: 0xa10b78a6, L:/127.0.0.1:61155 - R:localhost/127.0.0.1:39165]
11:35:56.193 [main] DEBUG net.serenitybdd.core.photography.Darkroom - Send negative for processing for target\site\serenity\f22411eeb1ecd530ce17e3755060e8c246f74a49fea548866068a0837f48c931.png
11:35:56.194 [main] DEBUG net.thucydides.core.steps.StepInterceptor - STEP DONE: verify quantity  is exist
11:35:56.201 [Forwarding getPageSource on session b4c44b8ab3ec34df82fcca1e22294ffd to remote] DEBUG org.asynchttpclient.netty.request.NettyRequestSender - Using pooled Channel '[id: 0xa10b78a6, L:/127.0.0.1:61155 - R:localhost/127.0.0.1:39165]' for 'POST' to 'http://localhost:39165/session/b4c44b8ab3ec34df82fcca1e22294ffd/execute/sync'
11:35:56.201 [Forwarding getPageSource on session b4c44b8ab3ec34df82fcca1e22294ffd to remote] DEBUG org.asynchttpclient.netty.request.NettyRequestSender - Using open Channel [id: 0xa10b78a6, L:/127.0.0.1:61155 - R:localhost/127.0.0.1:39165] for POST '/session/b4c44b8ab3ec34df82fcca1e22294ffd/execute/sync'
11:35:56.207 [AsyncHttpClient-1-2] DEBUG org.asynchttpclient.netty.handler.HttpHandler - 

Request DefaultHttpRequest(decodeResult: success, version: HTTP/1.1)
POST /session/b4c44b8ab3ec34df82fcca1e22294ffd/execute/sync HTTP/1.1
User-Agent: selenium/4.8.0 (java windows)
Content-Length: 176
Content-Type: application/json; charset=utf-8
host: localhost:39165
accept: */*

Response DefaultHttpResponse(decodeResult: success, version: HTTP/1.1)
HTTP/1.1 200 OK
Content-Length: 12651
Content-Type: application/json; charset=utf-8
cache-control: no-cache

11:35:56.207 [AsyncHttpClient-1-2] DEBUG org.asynchttpclient.netty.channel.ChannelManager - Adding key: http://localhost:39165 for channel [id: 0xa10b78a6, L:/127.0.0.1:61155 - R:localhost/127.0.0.1:39165]
11:35:56.209 [Forwarding getCurrentUrl on session b4c44b8ab3ec34df82fcca1e22294ffd to remote] DEBUG org.asynchttpclient.netty.request.NettyRequestSender - Using pooled Channel '[id: 0xa10b78a6, L:/127.0.0.1:61155 - R:localhost/127.0.0.1:39165]' for 'GET' to 'http://localhost:39165/session/b4c44b8ab3ec34df82fcca1e22294ffd/url'
11:35:56.209 [Forwarding getCurrentUrl on session b4c44b8ab3ec34df82fcca1e22294ffd to remote] DEBUG org.asynchttpclient.netty.request.NettyRequestSender - Using open Channel [id: 0xa10b78a6, L:/127.0.0.1:61155 - R:localhost/127.0.0.1:39165] for GET '/session/b4c44b8ab3ec34df82fcca1e22294ffd/url'
11:35:56.213 [AsyncHttpClient-1-2] DEBUG org.asynchttpclient.netty.handler.HttpHandler - 

Request DefaultFullHttpRequest(decodeResult: success, version: HTTP/1.1, content: EmptyByteBufBE)
GET /session/b4c44b8ab3ec34df82fcca1e22294ffd/url HTTP/1.1
User-Agent: selenium/4.8.0 (java windows)
Cache-Control: no-cache
Content-Type: application/json; charset=utf-8
host: localhost:39165
accept: */*

Response DefaultHttpResponse(decodeResult: success, version: HTTP/1.1)
HTTP/1.1 200 OK
Content-Length: 47
Content-Type: application/json; charset=utf-8
cache-control: no-cache

11:35:56.213 [AsyncHttpClient-1-2] DEBUG org.asynchttpclient.netty.channel.ChannelManager - Adding key: http://localhost:39165 for channel [id: 0xa10b78a6, L:/127.0.0.1:61155 - R:localhost/127.0.0.1:39165]
11:35:56.219 [main] DEBUG net.thucydides.core.steps.StepInterceptor - STARTING STEP: CartPageSteps.test8_validateUserInterfaceFootersAndHeadersInInventoryPage - verify description  is exist
11:35:56.221 [Forwarding findElement on session b4c44b8ab3ec34df82fcca1e22294ffd to remote] DEBUG org.asynchttpclient.netty.request.NettyRequestSender - Using pooled Channel '[id: 0xa10b78a6, L:/127.0.0.1:61155 - R:localhost/127.0.0.1:39165]' for 'POST' to 'http://localhost:39165/session/b4c44b8ab3ec34df82fcca1e22294ffd/element'
11:35:56.221 [Forwarding findElement on session b4c44b8ab3ec34df82fcca1e22294ffd to remote] DEBUG org.asynchttpclient.netty.request.NettyRequestSender - Using open Channel [id: 0xa10b78a6, L:/127.0.0.1:61155 - R:localhost/127.0.0.1:39165] for POST '/session/b4c44b8ab3ec34df82fcca1e22294ffd/element'
11:35:56.233 [AsyncHttpClient-1-2] DEBUG org.asynchttpclient.netty.handler.HttpHandler - 

Request DefaultHttpRequest(decodeResult: success, version: HTTP/1.1)
POST /session/b4c44b8ab3ec34df82fcca1e22294ffd/element HTTP/1.1
User-Agent: selenium/4.8.0 (java windows)
Content-Length: 78
Content-Type: application/json; charset=utf-8
host: localhost:39165
accept: */*

Response DefaultHttpResponse(decodeResult: success, version: HTTP/1.1)
HTTP/1.1 200 OK
Content-Length: 95
Content-Type: application/json; charset=utf-8
cache-control: no-cache

11:35:56.233 [AsyncHttpClient-1-2] DEBUG org.asynchttpclient.netty.channel.ChannelManager - Adding key: http://localhost:39165 for channel [id: 0xa10b78a6, L:/127.0.0.1:61155 - R:localhost/127.0.0.1:39165]
11:35:56.234 [Forwarding isElementDisplayed on session b4c44b8ab3ec34df82fcca1e22294ffd to remote] DEBUG org.asynchttpclient.netty.request.NettyRequestSender - Using pooled Channel '[id: 0xa10b78a6, L:/127.0.0.1:61155 - R:localhost/127.0.0.1:39165]' for 'POST' to 'http://localhost:39165/session/b4c44b8ab3ec34df82fcca1e22294ffd/execute/sync'
11:35:56.234 [Forwarding isElementDisplayed on session b4c44b8ab3ec34df82fcca1e22294ffd to remote] DEBUG org.asynchttpclient.netty.request.NettyRequestSender - Using open Channel [id: 0xa10b78a6, L:/127.0.0.1:61155 - R:localhost/127.0.0.1:39165] for POST '/session/b4c44b8ab3ec34df82fcca1e22294ffd/execute/sync'
11:35:56.246 [AsyncHttpClient-1-2] DEBUG org.asynchttpclient.netty.handler.HttpHandler - 

Request DefaultHttpRequest(decodeResult: success, version: HTTP/1.1)
POST /session/b4c44b8ab3ec34df82fcca1e22294ffd/execute/sync HTTP/1.1
User-Agent: selenium/4.8.0 (java windows)
Content-Length: 48814
Content-Type: application/json; charset=utf-8
host: localhost:39165
accept: */*

Response DefaultHttpResponse(decodeResult: success, version: HTTP/1.1)
HTTP/1.1 200 OK
Content-Length: 14
Content-Type: application/json; charset=utf-8
cache-control: no-cache

11:35:56.246 [AsyncHttpClient-1-2] DEBUG org.asynchttpclient.netty.channel.ChannelManager - Adding key: http://localhost:39165 for channel [id: 0xa10b78a6, L:/127.0.0.1:61155 - R:localhost/127.0.0.1:39165]
11:35:56.248 [Forwarding isElementDisplayed on session b4c44b8ab3ec34df82fcca1e22294ffd to remote] DEBUG org.asynchttpclient.netty.request.NettyRequestSender - Using pooled Channel '[id: 0xa10b78a6, L:/127.0.0.1:61155 - R:localhost/127.0.0.1:39165]' for 'POST' to 'http://localhost:39165/session/b4c44b8ab3ec34df82fcca1e22294ffd/execute/sync'
11:35:56.248 [Forwarding isElementDisplayed on session b4c44b8ab3ec34df82fcca1e22294ffd to remote] DEBUG org.asynchttpclient.netty.request.NettyRequestSender - Using open Channel [id: 0xa10b78a6, L:/127.0.0.1:61155 - R:localhost/127.0.0.1:39165] for POST '/session/b4c44b8ab3ec34df82fcca1e22294ffd/execute/sync'
11:35:56.254 [AsyncHttpClient-1-2] DEBUG org.asynchttpclient.netty.handler.HttpHandler - 

Request DefaultHttpRequest(decodeResult: success, version: HTTP/1.1)
POST /session/b4c44b8ab3ec34df82fcca1e22294ffd/execute/sync HTTP/1.1
User-Agent: selenium/4.8.0 (java windows)
Content-Length: 48814
Content-Type: application/json; charset=utf-8
host: localhost:39165
accept: */*

Response DefaultHttpResponse(decodeResult: success, version: HTTP/1.1)
HTTP/1.1 200 OK
Content-Length: 14
Content-Type: application/json; charset=utf-8
cache-control: no-cache

11:35:56.254 [AsyncHttpClient-1-2] DEBUG org.asynchttpclient.netty.channel.ChannelManager - Adding key: http://localhost:39165 for channel [id: 0xa10b78a6, L:/127.0.0.1:61155 - R:localhost/127.0.0.1:39165]
11:35:56.256 [Forwarding findElement on session b4c44b8ab3ec34df82fcca1e22294ffd to remote] DEBUG org.asynchttpclient.netty.request.NettyRequestSender - Using pooled Channel '[id: 0xa10b78a6, L:/127.0.0.1:61155 - R:localhost/127.0.0.1:39165]' for 'POST' to 'http://localhost:39165/session/b4c44b8ab3ec34df82fcca1e22294ffd/element'
11:35:56.256 [Forwarding findElement on session b4c44b8ab3ec34df82fcca1e22294ffd to remote] DEBUG org.asynchttpclient.netty.request.NettyRequestSender - Using open Channel [id: 0xa10b78a6, L:/127.0.0.1:61155 - R:localhost/127.0.0.1:39165] for POST '/session/b4c44b8ab3ec34df82fcca1e22294ffd/element'
11:35:56.262 [AsyncHttpClient-1-2] DEBUG org.asynchttpclient.netty.handler.HttpHandler - 

Request DefaultHttpRequest(decodeResult: success, version: HTTP/1.1)
POST /session/b4c44b8ab3ec34df82fcca1e22294ffd/element HTTP/1.1
User-Agent: selenium/4.8.0 (java windows)
Content-Length: 78
Content-Type: application/json; charset=utf-8
host: localhost:39165
accept: */*

Response DefaultHttpResponse(decodeResult: success, version: HTTP/1.1)
HTTP/1.1 200 OK
Content-Length: 95
Content-Type: application/json; charset=utf-8
cache-control: no-cache

11:35:56.262 [AsyncHttpClient-1-2] DEBUG org.asynchttpclient.netty.channel.ChannelManager - Adding key: http://localhost:39165 for channel [id: 0xa10b78a6, L:/127.0.0.1:61155 - R:localhost/127.0.0.1:39165]
11:35:56.264 [Forwarding isElementDisplayed on session b4c44b8ab3ec34df82fcca1e22294ffd to remote] DEBUG org.asynchttpclient.netty.request.NettyRequestSender - Using pooled Channel '[id: 0xa10b78a6, L:/127.0.0.1:61155 - R:localhost/127.0.0.1:39165]' for 'POST' to 'http://localhost:39165/session/b4c44b8ab3ec34df82fcca1e22294ffd/execute/sync'
11:35:56.264 [Forwarding isElementDisplayed on session b4c44b8ab3ec34df82fcca1e22294ffd to remote] DEBUG org.asynchttpclient.netty.request.NettyRequestSender - Using open Channel [id: 0xa10b78a6, L:/127.0.0.1:61155 - R:localhost/127.0.0.1:39165] for POST '/session/b4c44b8ab3ec34df82fcca1e22294ffd/execute/sync'
11:35:56.270 [AsyncHttpClient-1-2] DEBUG org.asynchttpclient.netty.handler.HttpHandler - 

Request DefaultHttpRequest(decodeResult: success, version: HTTP/1.1)
POST /session/b4c44b8ab3ec34df82fcca1e22294ffd/execute/sync HTTP/1.1
User-Agent: selenium/4.8.0 (java windows)
Content-Length: 48814
Content-Type: application/json; charset=utf-8
host: localhost:39165
accept: */*

Response DefaultHttpResponse(decodeResult: success, version: HTTP/1.1)
HTTP/1.1 200 OK
Content-Length: 14
Content-Type: application/json; charset=utf-8
cache-control: no-cache

11:35:56.270 [AsyncHttpClient-1-2] DEBUG org.asynchttpclient.netty.channel.ChannelManager - Adding key: http://localhost:39165 for channel [id: 0xa10b78a6, L:/127.0.0.1:61155 - R:localhost/127.0.0.1:39165]
11:35:56.272 [Forwarding isElementDisplayed on session b4c44b8ab3ec34df82fcca1e22294ffd to remote] DEBUG org.asynchttpclient.netty.request.NettyRequestSender - Using pooled Channel '[id: 0xa10b78a6, L:/127.0.0.1:61155 - R:localhost/127.0.0.1:39165]' for 'POST' to 'http://localhost:39165/session/b4c44b8ab3ec34df82fcca1e22294ffd/execute/sync'
11:35:56.272 [Forwarding isElementDisplayed on session b4c44b8ab3ec34df82fcca1e22294ffd to remote] DEBUG org.asynchttpclient.netty.request.NettyRequestSender - Using open Channel [id: 0xa10b78a6, L:/127.0.0.1:61155 - R:localhost/127.0.0.1:39165] for POST '/session/b4c44b8ab3ec34df82fcca1e22294ffd/execute/sync'
11:35:56.278 [AsyncHttpClient-1-2] DEBUG org.asynchttpclient.netty.handler.HttpHandler - 

Request DefaultHttpRequest(decodeResult: success, version: HTTP/1.1)
POST /session/b4c44b8ab3ec34df82fcca1e22294ffd/execute/sync HTTP/1.1
User-Agent: selenium/4.8.0 (java windows)
Content-Length: 48814
Content-Type: application/json; charset=utf-8
host: localhost:39165
accept: */*

Response DefaultHttpResponse(decodeResult: success, version: HTTP/1.1)
HTTP/1.1 200 OK
Content-Length: 14
Content-Type: application/json; charset=utf-8
cache-control: no-cache

11:35:56.278 [AsyncHttpClient-1-2] DEBUG org.asynchttpclient.netty.channel.ChannelManager - Adding key: http://localhost:39165 for channel [id: 0xa10b78a6, L:/127.0.0.1:61155 - R:localhost/127.0.0.1:39165]
11:35:56.281 [Forwarding getAlertText on session b4c44b8ab3ec34df82fcca1e22294ffd to remote] DEBUG org.asynchttpclient.netty.request.NettyRequestSender - Using pooled Channel '[id: 0xa10b78a6, L:/127.0.0.1:61155 - R:localhost/127.0.0.1:39165]' for 'GET' to 'http://localhost:39165/session/b4c44b8ab3ec34df82fcca1e22294ffd/alert/text'
11:35:56.281 [Forwarding getAlertText on session b4c44b8ab3ec34df82fcca1e22294ffd to remote] DEBUG org.asynchttpclient.netty.request.NettyRequestSender - Using open Channel [id: 0xa10b78a6, L:/127.0.0.1:61155 - R:localhost/127.0.0.1:39165] for GET '/session/b4c44b8ab3ec34df82fcca1e22294ffd/alert/text'
11:35:56.282 [AsyncHttpClient-1-2] DEBUG org.asynchttpclient.netty.handler.HttpHandler - 

Request DefaultFullHttpRequest(decodeResult: success, version: HTTP/1.1, content: EmptyByteBufBE)
GET /session/b4c44b8ab3ec34df82fcca1e22294ffd/alert/text HTTP/1.1
User-Agent: selenium/4.8.0 (java windows)
Cache-Control: no-cache
Content-Type: application/json; charset=utf-8
host: localhost:39165
accept: */*

Response DefaultHttpResponse(decodeResult: success, version: HTTP/1.1)
HTTP/1.1 404 Not Found
Content-Length: 1522
Content-Type: application/json; charset=utf-8
cache-control: no-cache

11:35:56.282 [AsyncHttpClient-1-2] DEBUG org.asynchttpclient.netty.channel.ChannelManager - Adding key: http://localhost:39165 for channel [id: 0xa10b78a6, L:/127.0.0.1:61155 - R:localhost/127.0.0.1:39165]
11:35:56.283 [Forwarding getCurrentUrl on session b4c44b8ab3ec34df82fcca1e22294ffd to remote] DEBUG org.asynchttpclient.netty.request.NettyRequestSender - Using pooled Channel '[id: 0xa10b78a6, L:/127.0.0.1:61155 - R:localhost/127.0.0.1:39165]' for 'GET' to 'http://localhost:39165/session/b4c44b8ab3ec34df82fcca1e22294ffd/url'
11:35:56.283 [Forwarding getCurrentUrl on session b4c44b8ab3ec34df82fcca1e22294ffd to remote] DEBUG org.asynchttpclient.netty.request.NettyRequestSender - Using open Channel [id: 0xa10b78a6, L:/127.0.0.1:61155 - R:localhost/127.0.0.1:39165] for GET '/session/b4c44b8ab3ec34df82fcca1e22294ffd/url'
11:35:56.286 [AsyncHttpClient-1-2] DEBUG org.asynchttpclient.netty.handler.HttpHandler - 

Request DefaultFullHttpRequest(decodeResult: success, version: HTTP/1.1, content: EmptyByteBufBE)
GET /session/b4c44b8ab3ec34df82fcca1e22294ffd/url HTTP/1.1
User-Agent: selenium/4.8.0 (java windows)
Cache-Control: no-cache
Content-Type: application/json; charset=utf-8
host: localhost:39165
accept: */*

Response DefaultHttpResponse(decodeResult: success, version: HTTP/1.1)
HTTP/1.1 200 OK
Content-Length: 47
Content-Type: application/json; charset=utf-8
cache-control: no-cache

11:35:56.286 [AsyncHttpClient-1-2] DEBUG org.asynchttpclient.netty.channel.ChannelManager - Adding key: http://localhost:39165 for channel [id: 0xa10b78a6, L:/127.0.0.1:61155 - R:localhost/127.0.0.1:39165]
11:35:56.286 [Forwarding screenshot on session b4c44b8ab3ec34df82fcca1e22294ffd to remote] DEBUG org.asynchttpclient.netty.request.NettyRequestSender - Using pooled Channel '[id: 0xa10b78a6, L:/127.0.0.1:61155 - R:localhost/127.0.0.1:39165]' for 'GET' to 'http://localhost:39165/session/b4c44b8ab3ec34df82fcca1e22294ffd/screenshot'
11:35:56.286 [Forwarding screenshot on session b4c44b8ab3ec34df82fcca1e22294ffd to remote] DEBUG org.asynchttpclient.netty.request.NettyRequestSender - Using open Channel [id: 0xa10b78a6, L:/127.0.0.1:61155 - R:localhost/127.0.0.1:39165] for GET '/session/b4c44b8ab3ec34df82fcca1e22294ffd/screenshot'
11:35:56.407 [AsyncHttpClient-1-2] DEBUG org.asynchttpclient.netty.handler.HttpHandler - 

Request DefaultFullHttpRequest(decodeResult: success, version: HTTP/1.1, content: EmptyByteBufBE)
GET /session/b4c44b8ab3ec34df82fcca1e22294ffd/screenshot HTTP/1.1
User-Agent: selenium/4.8.0 (java windows)
Cache-Control: no-cache
Content-Type: application/json; charset=utf-8
host: localhost:39165
accept: */*

Response DefaultHttpResponse(decodeResult: success, version: HTTP/1.1)
HTTP/1.1 200 OK
Content-Length: 79820
Content-Type: application/json; charset=utf-8
cache-control: no-cache

11:35:56.407 [AsyncHttpClient-1-2] DEBUG org.asynchttpclient.netty.channel.ChannelManager - Adding key: http://localhost:39165 for channel [id: 0xa10b78a6, L:/127.0.0.1:61155 - R:localhost/127.0.0.1:39165]
11:35:56.410 [main] DEBUG net.serenitybdd.core.photography.Darkroom - Send negative for processing for target\site\serenity\f22411eeb1ecd530ce17e3755060e8c246f74a49fea548866068a0837f48c931.png
11:35:56.411 [main] DEBUG net.thucydides.core.steps.StepInterceptor - STEP DONE: verify description  is exist
11:35:56.419 [Forwarding getPageSource on session b4c44b8ab3ec34df82fcca1e22294ffd to remote] DEBUG org.asynchttpclient.netty.request.NettyRequestSender - Using pooled Channel '[id: 0xa10b78a6, L:/127.0.0.1:61155 - R:localhost/127.0.0.1:39165]' for 'POST' to 'http://localhost:39165/session/b4c44b8ab3ec34df82fcca1e22294ffd/execute/sync'
11:35:56.419 [Forwarding getPageSource on session b4c44b8ab3ec34df82fcca1e22294ffd to remote] DEBUG org.asynchttpclient.netty.request.NettyRequestSender - Using open Channel [id: 0xa10b78a6, L:/127.0.0.1:61155 - R:localhost/127.0.0.1:39165] for POST '/session/b4c44b8ab3ec34df82fcca1e22294ffd/execute/sync'
11:35:56.425 [AsyncHttpClient-1-2] DEBUG org.asynchttpclient.netty.handler.HttpHandler - 

Request DefaultHttpRequest(decodeResult: success, version: HTTP/1.1)
POST /session/b4c44b8ab3ec34df82fcca1e22294ffd/execute/sync HTTP/1.1
User-Agent: selenium/4.8.0 (java windows)
Content-Length: 176
Content-Type: application/json; charset=utf-8
host: localhost:39165
accept: */*

Response DefaultHttpResponse(decodeResult: success, version: HTTP/1.1)
HTTP/1.1 200 OK
Content-Length: 12651
Content-Type: application/json; charset=utf-8
cache-control: no-cache

11:35:56.425 [AsyncHttpClient-1-2] DEBUG org.asynchttpclient.netty.channel.ChannelManager - Adding key: http://localhost:39165 for channel [id: 0xa10b78a6, L:/127.0.0.1:61155 - R:localhost/127.0.0.1:39165]
11:35:56.426 [Forwarding getCurrentUrl on session b4c44b8ab3ec34df82fcca1e22294ffd to remote] DEBUG org.asynchttpclient.netty.request.NettyRequestSender - Using pooled Channel '[id: 0xa10b78a6, L:/127.0.0.1:61155 - R:localhost/127.0.0.1:39165]' for 'GET' to 'http://localhost:39165/session/b4c44b8ab3ec34df82fcca1e22294ffd/url'
11:35:56.426 [Forwarding getCurrentUrl on session b4c44b8ab3ec34df82fcca1e22294ffd to remote] DEBUG org.asynchttpclient.netty.request.NettyRequestSender - Using open Channel [id: 0xa10b78a6, L:/127.0.0.1:61155 - R:localhost/127.0.0.1:39165] for GET '/session/b4c44b8ab3ec34df82fcca1e22294ffd/url'
11:35:56.430 [AsyncHttpClient-1-2] DEBUG org.asynchttpclient.netty.handler.HttpHandler - 

Request DefaultFullHttpRequest(decodeResult: success, version: HTTP/1.1, content: EmptyByteBufBE)
GET /session/b4c44b8ab3ec34df82fcca1e22294ffd/url HTTP/1.1
User-Agent: selenium/4.8.0 (java windows)
Cache-Control: no-cache
Content-Type: application/json; charset=utf-8
host: localhost:39165
accept: */*

Response DefaultHttpResponse(decodeResult: success, version: HTTP/1.1)
HTTP/1.1 200 OK
Content-Length: 47
Content-Type: application/json; charset=utf-8
cache-control: no-cache

11:35:56.431 [AsyncHttpClient-1-2] DEBUG org.asynchttpclient.netty.channel.ChannelManager - Adding key: http://localhost:39165 for channel [id: 0xa10b78a6, L:/127.0.0.1:61155 - R:localhost/127.0.0.1:39165]
11:35:56.437 [main] DEBUG net.thucydides.core.steps.StepInterceptor - STARTING STEP: CartPageSteps.test8_validateUserInterfaceFootersAndHeadersInInventoryPage - click continues shopping button
11:35:56.439 [Forwarding findElement on session b4c44b8ab3ec34df82fcca1e22294ffd to remote] DEBUG org.asynchttpclient.netty.request.NettyRequestSender - Using pooled Channel '[id: 0xa10b78a6, L:/127.0.0.1:61155 - R:localhost/127.0.0.1:39165]' for 'POST' to 'http://localhost:39165/session/b4c44b8ab3ec34df82fcca1e22294ffd/element'
11:35:56.439 [Forwarding findElement on session b4c44b8ab3ec34df82fcca1e22294ffd to remote] DEBUG org.asynchttpclient.netty.request.NettyRequestSender - Using open Channel [id: 0xa10b78a6, L:/127.0.0.1:61155 - R:localhost/127.0.0.1:39165] for POST '/session/b4c44b8ab3ec34df82fcca1e22294ffd/element'
11:35:56.451 [AsyncHttpClient-1-2] DEBUG org.asynchttpclient.netty.handler.HttpHandler - 

Request DefaultHttpRequest(decodeResult: success, version: HTTP/1.1)
POST /session/b4c44b8ab3ec34df82fcca1e22294ffd/element HTTP/1.1
User-Agent: selenium/4.8.0 (java windows)
Content-Length: 64
Content-Type: application/json; charset=utf-8
host: localhost:39165
accept: */*

Response DefaultHttpResponse(decodeResult: success, version: HTTP/1.1)
HTTP/1.1 200 OK
Content-Length: 95
Content-Type: application/json; charset=utf-8
cache-control: no-cache

11:35:56.451 [AsyncHttpClient-1-2] DEBUG org.asynchttpclient.netty.channel.ChannelManager - Adding key: http://localhost:39165 for channel [id: 0xa10b78a6, L:/127.0.0.1:61155 - R:localhost/127.0.0.1:39165]
11:35:56.454 [Forwarding isElementDisplayed on session b4c44b8ab3ec34df82fcca1e22294ffd to remote] DEBUG org.asynchttpclient.netty.request.NettyRequestSender - Using pooled Channel '[id: 0xa10b78a6, L:/127.0.0.1:61155 - R:localhost/127.0.0.1:39165]' for 'POST' to 'http://localhost:39165/session/b4c44b8ab3ec34df82fcca1e22294ffd/execute/sync'
11:35:56.454 [Forwarding isElementDisplayed on session b4c44b8ab3ec34df82fcca1e22294ffd to remote] DEBUG org.asynchttpclient.netty.request.NettyRequestSender - Using open Channel [id: 0xa10b78a6, L:/127.0.0.1:61155 - R:localhost/127.0.0.1:39165] for POST '/session/b4c44b8ab3ec34df82fcca1e22294ffd/execute/sync'
11:35:56.464 [AsyncHttpClient-1-2] DEBUG org.asynchttpclient.netty.handler.HttpHandler - 

Request DefaultHttpRequest(decodeResult: success, version: HTTP/1.1)
POST /session/b4c44b8ab3ec34df82fcca1e22294ffd/execute/sync HTTP/1.1
User-Agent: selenium/4.8.0 (java windows)
Content-Length: 48814
Content-Type: application/json; charset=utf-8
host: localhost:39165
accept: */*

Response DefaultHttpResponse(decodeResult: success, version: HTTP/1.1)
HTTP/1.1 200 OK
Content-Length: 14
Content-Type: application/json; charset=utf-8
cache-control: no-cache

11:35:56.464 [AsyncHttpClient-1-2] DEBUG org.asynchttpclient.netty.channel.ChannelManager - Adding key: http://localhost:39165 for channel [id: 0xa10b78a6, L:/127.0.0.1:61155 - R:localhost/127.0.0.1:39165]
11:35:56.464 [Forwarding getElementTagName on session b4c44b8ab3ec34df82fcca1e22294ffd to remote] DEBUG org.asynchttpclient.netty.request.NettyRequestSender - Using pooled Channel '[id: 0xa10b78a6, L:/127.0.0.1:61155 - R:localhost/127.0.0.1:39165]' for 'GET' to 'http://localhost:39165/session/b4c44b8ab3ec34df82fcca1e22294ffd/element/D6FCA329F55A989BAF0E516CCCB7C1E0_element_85/name'
11:35:56.464 [Forwarding getElementTagName on session b4c44b8ab3ec34df82fcca1e22294ffd to remote] DEBUG org.asynchttpclient.netty.request.NettyRequestSender - Using open Channel [id: 0xa10b78a6, L:/127.0.0.1:61155 - R:localhost/127.0.0.1:39165] for GET '/session/b4c44b8ab3ec34df82fcca1e22294ffd/element/D6FCA329F55A989BAF0E516CCCB7C1E0_element_85/name'
11:35:56.469 [AsyncHttpClient-1-2] DEBUG org.asynchttpclient.netty.handler.HttpHandler - 

Request DefaultFullHttpRequest(decodeResult: success, version: HTTP/1.1, content: EmptyByteBufBE)
GET /session/b4c44b8ab3ec34df82fcca1e22294ffd/element/D6FCA329F55A989BAF0E516CCCB7C1E0_element_85/name HTTP/1.1
User-Agent: selenium/4.8.0 (java windows)
Cache-Control: no-cache
Content-Type: application/json; charset=utf-8
host: localhost:39165
accept: */*

Response DefaultHttpResponse(decodeResult: success, version: HTTP/1.1)
HTTP/1.1 200 OK
Content-Length: 18
Content-Type: application/json; charset=utf-8
cache-control: no-cache

11:35:56.469 [AsyncHttpClient-1-2] DEBUG org.asynchttpclient.netty.channel.ChannelManager - Adding key: http://localhost:39165 for channel [id: 0xa10b78a6, L:/127.0.0.1:61155 - R:localhost/127.0.0.1:39165]
11:35:56.469 [Forwarding getElementTagName on session b4c44b8ab3ec34df82fcca1e22294ffd to remote] DEBUG org.asynchttpclient.netty.request.NettyRequestSender - Using pooled Channel '[id: 0xa10b78a6, L:/127.0.0.1:61155 - R:localhost/127.0.0.1:39165]' for 'GET' to 'http://localhost:39165/session/b4c44b8ab3ec34df82fcca1e22294ffd/element/D6FCA329F55A989BAF0E516CCCB7C1E0_element_85/name'
11:35:56.469 [Forwarding getElementTagName on session b4c44b8ab3ec34df82fcca1e22294ffd to remote] DEBUG org.asynchttpclient.netty.request.NettyRequestSender - Using open Channel [id: 0xa10b78a6, L:/127.0.0.1:61155 - R:localhost/127.0.0.1:39165] for GET '/session/b4c44b8ab3ec34df82fcca1e22294ffd/element/D6FCA329F55A989BAF0E516CCCB7C1E0_element_85/name'
11:35:56.473 [AsyncHttpClient-1-2] DEBUG org.asynchttpclient.netty.handler.HttpHandler - 

Request DefaultFullHttpRequest(decodeResult: success, version: HTTP/1.1, content: EmptyByteBufBE)
GET /session/b4c44b8ab3ec34df82fcca1e22294ffd/element/D6FCA329F55A989BAF0E516CCCB7C1E0_element_85/name HTTP/1.1
User-Agent: selenium/4.8.0 (java windows)
Cache-Control: no-cache
Content-Type: application/json; charset=utf-8
host: localhost:39165
accept: */*

Response DefaultHttpResponse(decodeResult: success, version: HTTP/1.1)
HTTP/1.1 200 OK
Content-Length: 18
Content-Type: application/json; charset=utf-8
cache-control: no-cache

11:35:56.473 [AsyncHttpClient-1-2] DEBUG org.asynchttpclient.netty.channel.ChannelManager - Adding key: http://localhost:39165 for channel [id: 0xa10b78a6, L:/127.0.0.1:61155 - R:localhost/127.0.0.1:39165]
11:35:56.474 [Forwarding isElementEnabled on session b4c44b8ab3ec34df82fcca1e22294ffd to remote] DEBUG org.asynchttpclient.netty.request.NettyRequestSender - Using pooled Channel '[id: 0xa10b78a6, L:/127.0.0.1:61155 - R:localhost/127.0.0.1:39165]' for 'GET' to 'http://localhost:39165/session/b4c44b8ab3ec34df82fcca1e22294ffd/element/D6FCA329F55A989BAF0E516CCCB7C1E0_element_85/enabled'
11:35:56.474 [Forwarding isElementEnabled on session b4c44b8ab3ec34df82fcca1e22294ffd to remote] DEBUG org.asynchttpclient.netty.request.NettyRequestSender - Using open Channel [id: 0xa10b78a6, L:/127.0.0.1:61155 - R:localhost/127.0.0.1:39165] for GET '/session/b4c44b8ab3ec34df82fcca1e22294ffd/element/D6FCA329F55A989BAF0E516CCCB7C1E0_element_85/enabled'
11:35:56.480 [AsyncHttpClient-1-2] DEBUG org.asynchttpclient.netty.handler.HttpHandler - 

Request DefaultFullHttpRequest(decodeResult: success, version: HTTP/1.1, content: EmptyByteBufBE)
GET /session/b4c44b8ab3ec34df82fcca1e22294ffd/element/D6FCA329F55A989BAF0E516CCCB7C1E0_element_85/enabled HTTP/1.1
User-Agent: selenium/4.8.0 (java windows)
Cache-Control: no-cache
Content-Type: application/json; charset=utf-8
host: localhost:39165
accept: */*

Response DefaultHttpResponse(decodeResult: success, version: HTTP/1.1)
HTTP/1.1 200 OK
Content-Length: 14
Content-Type: application/json; charset=utf-8
cache-control: no-cache

11:35:56.482 [AsyncHttpClient-1-2] DEBUG org.asynchttpclient.netty.channel.ChannelManager - Adding key: http://localhost:39165 for channel [id: 0xa10b78a6, L:/127.0.0.1:61155 - R:localhost/127.0.0.1:39165]
11:35:56.483 [Forwarding isElementEnabled on session b4c44b8ab3ec34df82fcca1e22294ffd to remote] DEBUG org.asynchttpclient.netty.request.NettyRequestSender - Using pooled Channel '[id: 0xa10b78a6, L:/127.0.0.1:61155 - R:localhost/127.0.0.1:39165]' for 'GET' to 'http://localhost:39165/session/b4c44b8ab3ec34df82fcca1e22294ffd/element/D6FCA329F55A989BAF0E516CCCB7C1E0_element_85/enabled'
11:35:56.483 [Forwarding isElementEnabled on session b4c44b8ab3ec34df82fcca1e22294ffd to remote] DEBUG org.asynchttpclient.netty.request.NettyRequestSender - Using open Channel [id: 0xa10b78a6, L:/127.0.0.1:61155 - R:localhost/127.0.0.1:39165] for GET '/session/b4c44b8ab3ec34df82fcca1e22294ffd/element/D6FCA329F55A989BAF0E516CCCB7C1E0_element_85/enabled'
11:35:56.487 [AsyncHttpClient-1-2] DEBUG org.asynchttpclient.netty.handler.HttpHandler - 

Request DefaultFullHttpRequest(decodeResult: success, version: HTTP/1.1, content: EmptyByteBufBE)
GET /session/b4c44b8ab3ec34df82fcca1e22294ffd/element/D6FCA329F55A989BAF0E516CCCB7C1E0_element_85/enabled HTTP/1.1
User-Agent: selenium/4.8.0 (java windows)
Cache-Control: no-cache
Content-Type: application/json; charset=utf-8
host: localhost:39165
accept: */*

Response DefaultHttpResponse(decodeResult: success, version: HTTP/1.1)
HTTP/1.1 200 OK
Content-Length: 14
Content-Type: application/json; charset=utf-8
cache-control: no-cache

11:35:56.487 [AsyncHttpClient-1-2] DEBUG org.asynchttpclient.netty.channel.ChannelManager - Adding key: http://localhost:39165 for channel [id: 0xa10b78a6, L:/127.0.0.1:61155 - R:localhost/127.0.0.1:39165]
11:35:56.490 [Forwarding findElement on session b4c44b8ab3ec34df82fcca1e22294ffd to remote] DEBUG org.asynchttpclient.netty.request.NettyRequestSender - Using pooled Channel '[id: 0xa10b78a6, L:/127.0.0.1:61155 - R:localhost/127.0.0.1:39165]' for 'POST' to 'http://localhost:39165/session/b4c44b8ab3ec34df82fcca1e22294ffd/element'
11:35:56.490 [Forwarding findElement on session b4c44b8ab3ec34df82fcca1e22294ffd to remote] DEBUG org.asynchttpclient.netty.request.NettyRequestSender - Using open Channel [id: 0xa10b78a6, L:/127.0.0.1:61155 - R:localhost/127.0.0.1:39165] for POST '/session/b4c44b8ab3ec34df82fcca1e22294ffd/element'
11:35:56.497 [AsyncHttpClient-1-2] DEBUG org.asynchttpclient.netty.handler.HttpHandler - 

Request DefaultHttpRequest(decodeResult: success, version: HTTP/1.1)
POST /session/b4c44b8ab3ec34df82fcca1e22294ffd/element HTTP/1.1
User-Agent: selenium/4.8.0 (java windows)
Content-Length: 64
Content-Type: application/json; charset=utf-8
host: localhost:39165
accept: */*

Response DefaultHttpResponse(decodeResult: success, version: HTTP/1.1)
HTTP/1.1 200 OK
Content-Length: 95
Content-Type: application/json; charset=utf-8
cache-control: no-cache

11:35:56.497 [AsyncHttpClient-1-2] DEBUG org.asynchttpclient.netty.channel.ChannelManager - Adding key: http://localhost:39165 for channel [id: 0xa10b78a6, L:/127.0.0.1:61155 - R:localhost/127.0.0.1:39165]
11:35:56.499 [Forwarding isElementDisplayed on session b4c44b8ab3ec34df82fcca1e22294ffd to remote] DEBUG org.asynchttpclient.netty.request.NettyRequestSender - Using pooled Channel '[id: 0xa10b78a6, L:/127.0.0.1:61155 - R:localhost/127.0.0.1:39165]' for 'POST' to 'http://localhost:39165/session/b4c44b8ab3ec34df82fcca1e22294ffd/execute/sync'
11:35:56.499 [Forwarding isElementDisplayed on session b4c44b8ab3ec34df82fcca1e22294ffd to remote] DEBUG org.asynchttpclient.netty.request.NettyRequestSender - Using open Channel [id: 0xa10b78a6, L:/127.0.0.1:61155 - R:localhost/127.0.0.1:39165] for POST '/session/b4c44b8ab3ec34df82fcca1e22294ffd/execute/sync'
11:35:56.519 [AsyncHttpClient-1-2] DEBUG org.asynchttpclient.netty.handler.HttpHandler - 

Request DefaultHttpRequest(decodeResult: success, version: HTTP/1.1)
POST /session/b4c44b8ab3ec34df82fcca1e22294ffd/execute/sync HTTP/1.1
User-Agent: selenium/4.8.0 (java windows)
Content-Length: 48814
Content-Type: application/json; charset=utf-8
host: localhost:39165
accept: */*

Response DefaultHttpResponse(decodeResult: success, version: HTTP/1.1)
HTTP/1.1 200 OK
Content-Length: 14
Content-Type: application/json; charset=utf-8
cache-control: no-cache

11:35:56.519 [AsyncHttpClient-1-2] DEBUG org.asynchttpclient.netty.channel.ChannelManager - Adding key: http://localhost:39165 for channel [id: 0xa10b78a6, L:/127.0.0.1:61155 - R:localhost/127.0.0.1:39165]
11:35:56.520 [Forwarding clickElement on session b4c44b8ab3ec34df82fcca1e22294ffd to remote] DEBUG org.asynchttpclient.netty.request.NettyRequestSender - Using pooled Channel '[id: 0xa10b78a6, L:/127.0.0.1:61155 - R:localhost/127.0.0.1:39165]' for 'POST' to 'http://localhost:39165/session/b4c44b8ab3ec34df82fcca1e22294ffd/element/D6FCA329F55A989BAF0E516CCCB7C1E0_element_85/click'
11:35:56.520 [Forwarding clickElement on session b4c44b8ab3ec34df82fcca1e22294ffd to remote] DEBUG org.asynchttpclient.netty.request.NettyRequestSender - Using open Channel [id: 0xa10b78a6, L:/127.0.0.1:61155 - R:localhost/127.0.0.1:39165] for POST '/session/b4c44b8ab3ec34df82fcca1e22294ffd/element/D6FCA329F55A989BAF0E516CCCB7C1E0_element_85/click'
11:35:56.578 [AsyncHttpClient-1-2] DEBUG org.asynchttpclient.netty.handler.HttpHandler - 

Request DefaultHttpRequest(decodeResult: success, version: HTTP/1.1)
POST /session/b4c44b8ab3ec34df82fcca1e22294ffd/element/D6FCA329F55A989BAF0E516CCCB7C1E0_element_85/click HTTP/1.1
User-Agent: selenium/4.8.0 (java windows)
Content-Length: 57
Content-Type: application/json; charset=utf-8
host: localhost:39165
accept: */*

Response DefaultHttpResponse(decodeResult: success, version: HTTP/1.1)
HTTP/1.1 200 OK
Content-Length: 14
Content-Type: application/json; charset=utf-8
cache-control: no-cache

11:35:56.578 [AsyncHttpClient-1-2] DEBUG org.asynchttpclient.netty.channel.ChannelManager - Adding key: http://localhost:39165 for channel [id: 0xa10b78a6, L:/127.0.0.1:61155 - R:localhost/127.0.0.1:39165]
11:35:56.584 [Forwarding getAlertText on session b4c44b8ab3ec34df82fcca1e22294ffd to remote] DEBUG org.asynchttpclient.netty.request.NettyRequestSender - Using pooled Channel '[id: 0xa10b78a6, L:/127.0.0.1:61155 - R:localhost/127.0.0.1:39165]' for 'GET' to 'http://localhost:39165/session/b4c44b8ab3ec34df82fcca1e22294ffd/alert/text'
11:35:56.584 [Forwarding getAlertText on session b4c44b8ab3ec34df82fcca1e22294ffd to remote] DEBUG org.asynchttpclient.netty.request.NettyRequestSender - Using open Channel [id: 0xa10b78a6, L:/127.0.0.1:61155 - R:localhost/127.0.0.1:39165] for GET '/session/b4c44b8ab3ec34df82fcca1e22294ffd/alert/text'
11:35:56.589 [AsyncHttpClient-1-2] DEBUG org.asynchttpclient.netty.handler.HttpHandler - 

Request DefaultFullHttpRequest(decodeResult: success, version: HTTP/1.1, content: EmptyByteBufBE)
GET /session/b4c44b8ab3ec34df82fcca1e22294ffd/alert/text HTTP/1.1
User-Agent: selenium/4.8.0 (java windows)
Cache-Control: no-cache
Content-Type: application/json; charset=utf-8
host: localhost:39165
accept: */*

Response DefaultHttpResponse(decodeResult: success, version: HTTP/1.1)
HTTP/1.1 404 Not Found
Content-Length: 1522
Content-Type: application/json; charset=utf-8
cache-control: no-cache

11:35:56.589 [AsyncHttpClient-1-2] DEBUG org.asynchttpclient.netty.channel.ChannelManager - Adding key: http://localhost:39165 for channel [id: 0xa10b78a6, L:/127.0.0.1:61155 - R:localhost/127.0.0.1:39165]
11:35:56.590 [Forwarding getCurrentUrl on session b4c44b8ab3ec34df82fcca1e22294ffd to remote] DEBUG org.asynchttpclient.netty.request.NettyRequestSender - Using pooled Channel '[id: 0xa10b78a6, L:/127.0.0.1:61155 - R:localhost/127.0.0.1:39165]' for 'GET' to 'http://localhost:39165/session/b4c44b8ab3ec34df82fcca1e22294ffd/url'
11:35:56.590 [Forwarding getCurrentUrl on session b4c44b8ab3ec34df82fcca1e22294ffd to remote] DEBUG org.asynchttpclient.netty.request.NettyRequestSender - Using open Channel [id: 0xa10b78a6, L:/127.0.0.1:61155 - R:localhost/127.0.0.1:39165] for GET '/session/b4c44b8ab3ec34df82fcca1e22294ffd/url'
11:35:56.597 [AsyncHttpClient-1-2] DEBUG org.asynchttpclient.netty.handler.HttpHandler - 

Request DefaultFullHttpRequest(decodeResult: success, version: HTTP/1.1, content: EmptyByteBufBE)
GET /session/b4c44b8ab3ec34df82fcca1e22294ffd/url HTTP/1.1
User-Agent: selenium/4.8.0 (java windows)
Cache-Control: no-cache
Content-Type: application/json; charset=utf-8
host: localhost:39165
accept: */*

Response DefaultHttpResponse(decodeResult: success, version: HTTP/1.1)
HTTP/1.1 200 OK
Content-Length: 52
Content-Type: application/json; charset=utf-8
cache-control: no-cache

11:35:56.597 [AsyncHttpClient-1-2] DEBUG org.asynchttpclient.netty.channel.ChannelManager - Adding key: http://localhost:39165 for channel [id: 0xa10b78a6, L:/127.0.0.1:61155 - R:localhost/127.0.0.1:39165]
11:35:56.598 [Forwarding screenshot on session b4c44b8ab3ec34df82fcca1e22294ffd to remote] DEBUG org.asynchttpclient.netty.request.NettyRequestSender - Using pooled Channel '[id: 0xa10b78a6, L:/127.0.0.1:61155 - R:localhost/127.0.0.1:39165]' for 'GET' to 'http://localhost:39165/session/b4c44b8ab3ec34df82fcca1e22294ffd/screenshot'
11:35:56.598 [Forwarding screenshot on session b4c44b8ab3ec34df82fcca1e22294ffd to remote] DEBUG org.asynchttpclient.netty.request.NettyRequestSender - Using open Channel [id: 0xa10b78a6, L:/127.0.0.1:61155 - R:localhost/127.0.0.1:39165] for GET '/session/b4c44b8ab3ec34df82fcca1e22294ffd/screenshot'
11:35:56.646 [AsyncHttpClient-1-1] DEBUG org.asynchttpclient.netty.channel.DefaultChannelPool - Entry count for : http://localhost:61159 : 1
11:35:56.770 [AsyncHttpClient-1-2] DEBUG org.asynchttpclient.netty.handler.HttpHandler - 

Request DefaultFullHttpRequest(decodeResult: success, version: HTTP/1.1, content: EmptyByteBufBE)
GET /session/b4c44b8ab3ec34df82fcca1e22294ffd/screenshot HTTP/1.1
User-Agent: selenium/4.8.0 (java windows)
Cache-Control: no-cache
Content-Type: application/json; charset=utf-8
host: localhost:39165
accept: */*

Response DefaultHttpResponse(decodeResult: success, version: HTTP/1.1)
HTTP/1.1 200 OK
Content-Length: 527384
Content-Type: application/json; charset=utf-8
cache-control: no-cache

11:35:56.771 [AsyncHttpClient-1-2] DEBUG org.asynchttpclient.netty.channel.ChannelManager - Adding key: http://localhost:39165 for channel [id: 0xa10b78a6, L:/127.0.0.1:61155 - R:localhost/127.0.0.1:39165]
11:35:56.788 [main] DEBUG net.serenitybdd.core.photography.Darkroom - Send negative for processing for target\site\serenity\97ce38dc566ad9fe2a8947d21c7ca72250db77b96a4e110df496cce1e4903cde.png
11:35:56.789 [main] DEBUG net.thucydides.core.steps.StepInterceptor - STEP DONE: click continues shopping button
11:35:56.790 [main] DEBUG net.thucydides.core.steps.StepInterceptor - STEP DONE: test8_validateUserInterfaceFootersAndHeaders
11:35:56.795 [Darkroom Processing Line] DEBUG net.serenitybdd.core.photography.DarkroomProcessingLine - Processing screenshot image in /var/screenshots/screenshot-9923733039263101141
11:35:56.795 [Darkroom Processing Line] DEBUG net.serenitybdd.core.photography.DarkroomProcessingLine - Saving screenshot to target\site\serenity\97ce38dc566ad9fe2a8947d21c7ca72250db77b96a4e110df496cce1e4903cde.png
11:35:56.795 [Forwarding getPageSource on session b4c44b8ab3ec34df82fcca1e22294ffd to remote] DEBUG org.asynchttpclient.netty.request.NettyRequestSender - Using pooled Channel '[id: 0xa10b78a6, L:/127.0.0.1:61155 - R:localhost/127.0.0.1:39165]' for 'POST' to 'http://localhost:39165/session/b4c44b8ab3ec34df82fcca1e22294ffd/execute/sync'
11:35:56.795 [Forwarding getPageSource on session b4c44b8ab3ec34df82fcca1e22294ffd to remote] DEBUG org.asynchttpclient.netty.request.NettyRequestSender - Using open Channel [id: 0xa10b78a6, L:/127.0.0.1:61155 - R:localhost/127.0.0.1:39165] for POST '/session/b4c44b8ab3ec34df82fcca1e22294ffd/execute/sync'
11:35:56.804 [AsyncHttpClient-1-2] DEBUG org.asynchttpclient.netty.handler.HttpHandler - 

Request DefaultHttpRequest(decodeResult: success, version: HTTP/1.1)
POST /session/b4c44b8ab3ec34df82fcca1e22294ffd/execute/sync HTTP/1.1
User-Agent: selenium/4.8.0 (java windows)
Content-Length: 176
Content-Type: application/json; charset=utf-8
host: localhost:39165
accept: */*

Response DefaultHttpResponse(decodeResult: success, version: HTTP/1.1)
HTTP/1.1 200 OK
Content-Length: 16428
Content-Type: application/json; charset=utf-8
cache-control: no-cache

11:35:56.804 [AsyncHttpClient-1-2] DEBUG org.asynchttpclient.netty.channel.ChannelManager - Adding key: http://localhost:39165 for channel [id: 0xa10b78a6, L:/127.0.0.1:61155 - R:localhost/127.0.0.1:39165]
11:35:56.810 [Forwarding getCurrentUrl on session b4c44b8ab3ec34df82fcca1e22294ffd to remote] DEBUG org.asynchttpclient.netty.request.NettyRequestSender - Using pooled Channel '[id: 0xa10b78a6, L:/127.0.0.1:61155 - R:localhost/127.0.0.1:39165]' for 'GET' to 'http://localhost:39165/session/b4c44b8ab3ec34df82fcca1e22294ffd/url'
11:35:56.810 [Forwarding getCurrentUrl on session b4c44b8ab3ec34df82fcca1e22294ffd to remote] DEBUG org.asynchttpclient.netty.request.NettyRequestSender - Using open Channel [id: 0xa10b78a6, L:/127.0.0.1:61155 - R:localhost/127.0.0.1:39165] for GET '/session/b4c44b8ab3ec34df82fcca1e22294ffd/url'
11:35:56.816 [AsyncHttpClient-1-2] DEBUG org.asynchttpclient.netty.handler.HttpHandler - 

Request DefaultFullHttpRequest(decodeResult: success, version: HTTP/1.1, content: EmptyByteBufBE)
GET /session/b4c44b8ab3ec34df82fcca1e22294ffd/url HTTP/1.1
User-Agent: selenium/4.8.0 (java windows)
Cache-Control: no-cache
Content-Type: application/json; charset=utf-8
host: localhost:39165
accept: */*

Response DefaultHttpResponse(decodeResult: success, version: HTTP/1.1)
HTTP/1.1 200 OK
Content-Length: 52
Content-Type: application/json; charset=utf-8
cache-control: no-cache

11:35:56.817 [AsyncHttpClient-1-2] DEBUG org.asynchttpclient.netty.channel.ChannelManager - Adding key: http://localhost:39165 for channel [id: 0xa10b78a6, L:/127.0.0.1:61155 - R:localhost/127.0.0.1:39165]
11:35:56.832 [main] DEBUG net.thucydides.core.steps.StepInterceptor - STARTING STEP: Tests.testCases - test9_addToMoreProductAndValidateTotalProductCountIs
11:35:56.835 [Forwarding findElement on session b4c44b8ab3ec34df82fcca1e22294ffd to remote] DEBUG org.asynchttpclient.netty.request.NettyRequestSender - Using pooled Channel '[id: 0xa10b78a6, L:/127.0.0.1:61155 - R:localhost/127.0.0.1:39165]' for 'POST' to 'http://localhost:39165/session/b4c44b8ab3ec34df82fcca1e22294ffd/element'
11:35:56.835 [Forwarding findElement on session b4c44b8ab3ec34df82fcca1e22294ffd to remote] DEBUG org.asynchttpclient.netty.request.NettyRequestSender - Using open Channel [id: 0xa10b78a6, L:/127.0.0.1:61155 - R:localhost/127.0.0.1:39165] for POST '/session/b4c44b8ab3ec34df82fcca1e22294ffd/element'
11:35:56.847 [AsyncHttpClient-1-2] DEBUG org.asynchttpclient.netty.handler.HttpHandler - 

Request DefaultHttpRequest(decodeResult: success, version: HTTP/1.1)
POST /session/b4c44b8ab3ec34df82fcca1e22294ffd/element HTTP/1.1
User-Agent: selenium/4.8.0 (java windows)
Content-Length: 86
Content-Type: application/json; charset=utf-8
host: localhost:39165
accept: */*

Response DefaultHttpResponse(decodeResult: success, version: HTTP/1.1)
HTTP/1.1 200 OK
Content-Length: 95
Content-Type: application/json; charset=utf-8
cache-control: no-cache

11:35:56.847 [AsyncHttpClient-1-2] DEBUG org.asynchttpclient.netty.channel.ChannelManager - Adding key: http://localhost:39165 for channel [id: 0xa10b78a6, L:/127.0.0.1:61155 - R:localhost/127.0.0.1:39165]
11:35:56.850 [Forwarding isElementDisplayed on session b4c44b8ab3ec34df82fcca1e22294ffd to remote] DEBUG org.asynchttpclient.netty.request.NettyRequestSender - Using pooled Channel '[id: 0xa10b78a6, L:/127.0.0.1:61155 - R:localhost/127.0.0.1:39165]' for 'POST' to 'http://localhost:39165/session/b4c44b8ab3ec34df82fcca1e22294ffd/execute/sync'
11:35:56.850 [Forwarding isElementDisplayed on session b4c44b8ab3ec34df82fcca1e22294ffd to remote] DEBUG org.asynchttpclient.netty.request.NettyRequestSender - Using open Channel [id: 0xa10b78a6, L:/127.0.0.1:61155 - R:localhost/127.0.0.1:39165] for POST '/session/b4c44b8ab3ec34df82fcca1e22294ffd/execute/sync'
11:35:56.862 [AsyncHttpClient-1-2] DEBUG org.asynchttpclient.netty.handler.HttpHandler - 

Request DefaultHttpRequest(decodeResult: success, version: HTTP/1.1)
POST /session/b4c44b8ab3ec34df82fcca1e22294ffd/execute/sync HTTP/1.1
User-Agent: selenium/4.8.0 (java windows)
Content-Length: 48814
Content-Type: application/json; charset=utf-8
host: localhost:39165
accept: */*

Response DefaultHttpResponse(decodeResult: success, version: HTTP/1.1)
HTTP/1.1 200 OK
Content-Length: 14
Content-Type: application/json; charset=utf-8
cache-control: no-cache

11:35:56.862 [AsyncHttpClient-1-2] DEBUG org.asynchttpclient.netty.channel.ChannelManager - Adding key: http://localhost:39165 for channel [id: 0xa10b78a6, L:/127.0.0.1:61155 - R:localhost/127.0.0.1:39165]
11:35:56.863 [Forwarding getElementTagName on session b4c44b8ab3ec34df82fcca1e22294ffd to remote] DEBUG org.asynchttpclient.netty.request.NettyRequestSender - Using pooled Channel '[id: 0xa10b78a6, L:/127.0.0.1:61155 - R:localhost/127.0.0.1:39165]' for 'GET' to 'http://localhost:39165/session/b4c44b8ab3ec34df82fcca1e22294ffd/element/D6FCA329F55A989BAF0E516CCCB7C1E0_element_92/name'
11:35:56.863 [Forwarding getElementTagName on session b4c44b8ab3ec34df82fcca1e22294ffd to remote] DEBUG org.asynchttpclient.netty.request.NettyRequestSender - Using open Channel [id: 0xa10b78a6, L:/127.0.0.1:61155 - R:localhost/127.0.0.1:39165] for GET '/session/b4c44b8ab3ec34df82fcca1e22294ffd/element/D6FCA329F55A989BAF0E516CCCB7C1E0_element_92/name'
11:35:56.871 [AsyncHttpClient-1-2] DEBUG org.asynchttpclient.netty.handler.HttpHandler - 

Request DefaultFullHttpRequest(decodeResult: success, version: HTTP/1.1, content: EmptyByteBufBE)
GET /session/b4c44b8ab3ec34df82fcca1e22294ffd/element/D6FCA329F55A989BAF0E516CCCB7C1E0_element_92/name HTTP/1.1
User-Agent: selenium/4.8.0 (java windows)
Cache-Control: no-cache
Content-Type: application/json; charset=utf-8
host: localhost:39165
accept: */*

Response DefaultHttpResponse(decodeResult: success, version: HTTP/1.1)
HTTP/1.1 200 OK
Content-Length: 18
Content-Type: application/json; charset=utf-8
cache-control: no-cache

11:35:56.871 [AsyncHttpClient-1-2] DEBUG org.asynchttpclient.netty.channel.ChannelManager - Adding key: http://localhost:39165 for channel [id: 0xa10b78a6, L:/127.0.0.1:61155 - R:localhost/127.0.0.1:39165]
11:35:56.873 [Forwarding getElementTagName on session b4c44b8ab3ec34df82fcca1e22294ffd to remote] DEBUG org.asynchttpclient.netty.request.NettyRequestSender - Using pooled Channel '[id: 0xa10b78a6, L:/127.0.0.1:61155 - R:localhost/127.0.0.1:39165]' for 'GET' to 'http://localhost:39165/session/b4c44b8ab3ec34df82fcca1e22294ffd/element/D6FCA329F55A989BAF0E516CCCB7C1E0_element_92/name'
11:35:56.873 [Forwarding getElementTagName on session b4c44b8ab3ec34df82fcca1e22294ffd to remote] DEBUG org.asynchttpclient.netty.request.NettyRequestSender - Using open Channel [id: 0xa10b78a6, L:/127.0.0.1:61155 - R:localhost/127.0.0.1:39165] for GET '/session/b4c44b8ab3ec34df82fcca1e22294ffd/element/D6FCA329F55A989BAF0E516CCCB7C1E0_element_92/name'
11:35:56.876 [AsyncHttpClient-1-2] DEBUG org.asynchttpclient.netty.handler.HttpHandler - 

Request DefaultFullHttpRequest(decodeResult: success, version: HTTP/1.1, content: EmptyByteBufBE)
GET /session/b4c44b8ab3ec34df82fcca1e22294ffd/element/D6FCA329F55A989BAF0E516CCCB7C1E0_element_92/name HTTP/1.1
User-Agent: selenium/4.8.0 (java windows)
Cache-Control: no-cache
Content-Type: application/json; charset=utf-8
host: localhost:39165
accept: */*

Response DefaultHttpResponse(decodeResult: success, version: HTTP/1.1)
HTTP/1.1 200 OK
Content-Length: 18
Content-Type: application/json; charset=utf-8
cache-control: no-cache

11:35:56.877 [AsyncHttpClient-1-2] DEBUG org.asynchttpclient.netty.channel.ChannelManager - Adding key: http://localhost:39165 for channel [id: 0xa10b78a6, L:/127.0.0.1:61155 - R:localhost/127.0.0.1:39165]
11:35:56.878 [Forwarding isElementEnabled on session b4c44b8ab3ec34df82fcca1e22294ffd to remote] DEBUG org.asynchttpclient.netty.request.NettyRequestSender - Using pooled Channel '[id: 0xa10b78a6, L:/127.0.0.1:61155 - R:localhost/127.0.0.1:39165]' for 'GET' to 'http://localhost:39165/session/b4c44b8ab3ec34df82fcca1e22294ffd/element/D6FCA329F55A989BAF0E516CCCB7C1E0_element_92/enabled'
11:35:56.878 [Forwarding isElementEnabled on session b4c44b8ab3ec34df82fcca1e22294ffd to remote] DEBUG org.asynchttpclient.netty.request.NettyRequestSender - Using open Channel [id: 0xa10b78a6, L:/127.0.0.1:61155 - R:localhost/127.0.0.1:39165] for GET '/session/b4c44b8ab3ec34df82fcca1e22294ffd/element/D6FCA329F55A989BAF0E516CCCB7C1E0_element_92/enabled'
11:35:56.887 [AsyncHttpClient-1-2] DEBUG org.asynchttpclient.netty.handler.HttpHandler - 

Request DefaultFullHttpRequest(decodeResult: success, version: HTTP/1.1, content: EmptyByteBufBE)
GET /session/b4c44b8ab3ec34df82fcca1e22294ffd/element/D6FCA329F55A989BAF0E516CCCB7C1E0_element_92/enabled HTTP/1.1
User-Agent: selenium/4.8.0 (java windows)
Cache-Control: no-cache
Content-Type: application/json; charset=utf-8
host: localhost:39165
accept: */*

Response DefaultHttpResponse(decodeResult: success, version: HTTP/1.1)
HTTP/1.1 200 OK
Content-Length: 14
Content-Type: application/json; charset=utf-8
cache-control: no-cache

11:35:56.887 [AsyncHttpClient-1-2] DEBUG org.asynchttpclient.netty.channel.ChannelManager - Adding key: http://localhost:39165 for channel [id: 0xa10b78a6, L:/127.0.0.1:61155 - R:localhost/127.0.0.1:39165]
11:35:56.889 [Forwarding isElementEnabled on session b4c44b8ab3ec34df82fcca1e22294ffd to remote] DEBUG org.asynchttpclient.netty.request.NettyRequestSender - Using pooled Channel '[id: 0xa10b78a6, L:/127.0.0.1:61155 - R:localhost/127.0.0.1:39165]' for 'GET' to 'http://localhost:39165/session/b4c44b8ab3ec34df82fcca1e22294ffd/element/D6FCA329F55A989BAF0E516CCCB7C1E0_element_92/enabled'
11:35:56.889 [Forwarding isElementEnabled on session b4c44b8ab3ec34df82fcca1e22294ffd to remote] DEBUG org.asynchttpclient.netty.request.NettyRequestSender - Using open Channel [id: 0xa10b78a6, L:/127.0.0.1:61155 - R:localhost/127.0.0.1:39165] for GET '/session/b4c44b8ab3ec34df82fcca1e22294ffd/element/D6FCA329F55A989BAF0E516CCCB7C1E0_element_92/enabled'
11:35:56.897 [AsyncHttpClient-1-2] DEBUG org.asynchttpclient.netty.handler.HttpHandler - 

Request DefaultFullHttpRequest(decodeResult: success, version: HTTP/1.1, content: EmptyByteBufBE)
GET /session/b4c44b8ab3ec34df82fcca1e22294ffd/element/D6FCA329F55A989BAF0E516CCCB7C1E0_element_92/enabled HTTP/1.1
User-Agent: selenium/4.8.0 (java windows)
Cache-Control: no-cache
Content-Type: application/json; charset=utf-8
host: localhost:39165
accept: */*

Response DefaultHttpResponse(decodeResult: success, version: HTTP/1.1)
HTTP/1.1 200 OK
Content-Length: 14
Content-Type: application/json; charset=utf-8
cache-control: no-cache

11:35:56.897 [AsyncHttpClient-1-2] DEBUG org.asynchttpclient.netty.channel.ChannelManager - Adding key: http://localhost:39165 for channel [id: 0xa10b78a6, L:/127.0.0.1:61155 - R:localhost/127.0.0.1:39165]
11:35:56.899 [Forwarding getElementTagName on session b4c44b8ab3ec34df82fcca1e22294ffd to remote] DEBUG org.asynchttpclient.netty.request.NettyRequestSender - Using pooled Channel '[id: 0xa10b78a6, L:/127.0.0.1:61155 - R:localhost/127.0.0.1:39165]' for 'GET' to 'http://localhost:39165/session/b4c44b8ab3ec34df82fcca1e22294ffd/element/D6FCA329F55A989BAF0E516CCCB7C1E0_element_92/name'
11:35:56.899 [Forwarding getElementTagName on session b4c44b8ab3ec34df82fcca1e22294ffd to remote] DEBUG org.asynchttpclient.netty.request.NettyRequestSender - Using open Channel [id: 0xa10b78a6, L:/127.0.0.1:61155 - R:localhost/127.0.0.1:39165] for GET '/session/b4c44b8ab3ec34df82fcca1e22294ffd/element/D6FCA329F55A989BAF0E516CCCB7C1E0_element_92/name'
11:35:56.903 [AsyncHttpClient-1-2] DEBUG org.asynchttpclient.netty.handler.HttpHandler - 

Request DefaultFullHttpRequest(decodeResult: success, version: HTTP/1.1, content: EmptyByteBufBE)
GET /session/b4c44b8ab3ec34df82fcca1e22294ffd/element/D6FCA329F55A989BAF0E516CCCB7C1E0_element_92/name HTTP/1.1
User-Agent: selenium/4.8.0 (java windows)
Cache-Control: no-cache
Content-Type: application/json; charset=utf-8
host: localhost:39165
accept: */*

Response DefaultHttpResponse(decodeResult: success, version: HTTP/1.1)
HTTP/1.1 200 OK
Content-Length: 18
Content-Type: application/json; charset=utf-8
cache-control: no-cache

11:35:56.903 [AsyncHttpClient-1-2] DEBUG org.asynchttpclient.netty.channel.ChannelManager - Adding key: http://localhost:39165 for channel [id: 0xa10b78a6, L:/127.0.0.1:61155 - R:localhost/127.0.0.1:39165]
11:35:56.904 [Forwarding getElementTagName on session b4c44b8ab3ec34df82fcca1e22294ffd to remote] DEBUG org.asynchttpclient.netty.request.NettyRequestSender - Using pooled Channel '[id: 0xa10b78a6, L:/127.0.0.1:61155 - R:localhost/127.0.0.1:39165]' for 'GET' to 'http://localhost:39165/session/b4c44b8ab3ec34df82fcca1e22294ffd/element/D6FCA329F55A989BAF0E516CCCB7C1E0_element_92/name'
11:35:56.904 [Forwarding getElementTagName on session b4c44b8ab3ec34df82fcca1e22294ffd to remote] DEBUG org.asynchttpclient.netty.request.NettyRequestSender - Using open Channel [id: 0xa10b78a6, L:/127.0.0.1:61155 - R:localhost/127.0.0.1:39165] for GET '/session/b4c44b8ab3ec34df82fcca1e22294ffd/element/D6FCA329F55A989BAF0E516CCCB7C1E0_element_92/name'
11:35:56.908 [AsyncHttpClient-1-2] DEBUG org.asynchttpclient.netty.handler.HttpHandler - 

Request DefaultFullHttpRequest(decodeResult: success, version: HTTP/1.1, content: EmptyByteBufBE)
GET /session/b4c44b8ab3ec34df82fcca1e22294ffd/element/D6FCA329F55A989BAF0E516CCCB7C1E0_element_92/name HTTP/1.1
User-Agent: selenium/4.8.0 (java windows)
Cache-Control: no-cache
Content-Type: application/json; charset=utf-8
host: localhost:39165
accept: */*

Response DefaultHttpResponse(decodeResult: success, version: HTTP/1.1)
HTTP/1.1 200 OK
Content-Length: 18
Content-Type: application/json; charset=utf-8
cache-control: no-cache

11:35:56.908 [AsyncHttpClient-1-2] DEBUG org.asynchttpclient.netty.channel.ChannelManager - Adding key: http://localhost:39165 for channel [id: 0xa10b78a6, L:/127.0.0.1:61155 - R:localhost/127.0.0.1:39165]
11:35:56.909 [Forwarding isElementEnabled on session b4c44b8ab3ec34df82fcca1e22294ffd to remote] DEBUG org.asynchttpclient.netty.request.NettyRequestSender - Using pooled Channel '[id: 0xa10b78a6, L:/127.0.0.1:61155 - R:localhost/127.0.0.1:39165]' for 'GET' to 'http://localhost:39165/session/b4c44b8ab3ec34df82fcca1e22294ffd/element/D6FCA329F55A989BAF0E516CCCB7C1E0_element_92/enabled'
11:35:56.909 [Forwarding isElementEnabled on session b4c44b8ab3ec34df82fcca1e22294ffd to remote] DEBUG org.asynchttpclient.netty.request.NettyRequestSender - Using open Channel [id: 0xa10b78a6, L:/127.0.0.1:61155 - R:localhost/127.0.0.1:39165] for GET '/session/b4c44b8ab3ec34df82fcca1e22294ffd/element/D6FCA329F55A989BAF0E516CCCB7C1E0_element_92/enabled'
11:35:56.917 [AsyncHttpClient-1-2] DEBUG org.asynchttpclient.netty.handler.HttpHandler - 

Request DefaultFullHttpRequest(decodeResult: success, version: HTTP/1.1, content: EmptyByteBufBE)
GET /session/b4c44b8ab3ec34df82fcca1e22294ffd/element/D6FCA329F55A989BAF0E516CCCB7C1E0_element_92/enabled HTTP/1.1
User-Agent: selenium/4.8.0 (java windows)
Cache-Control: no-cache
Content-Type: application/json; charset=utf-8
host: localhost:39165
accept: */*

Response DefaultHttpResponse(decodeResult: success, version: HTTP/1.1)
HTTP/1.1 200 OK
Content-Length: 14
Content-Type: application/json; charset=utf-8
cache-control: no-cache

11:35:56.917 [AsyncHttpClient-1-2] DEBUG org.asynchttpclient.netty.channel.ChannelManager - Adding key: http://localhost:39165 for channel [id: 0xa10b78a6, L:/127.0.0.1:61155 - R:localhost/127.0.0.1:39165]
11:35:56.917 [Forwarding isElementEnabled on session b4c44b8ab3ec34df82fcca1e22294ffd to remote] DEBUG org.asynchttpclient.netty.request.NettyRequestSender - Using pooled Channel '[id: 0xa10b78a6, L:/127.0.0.1:61155 - R:localhost/127.0.0.1:39165]' for 'GET' to 'http://localhost:39165/session/b4c44b8ab3ec34df82fcca1e22294ffd/element/D6FCA329F55A989BAF0E516CCCB7C1E0_element_92/enabled'
11:35:56.917 [Forwarding isElementEnabled on session b4c44b8ab3ec34df82fcca1e22294ffd to remote] DEBUG org.asynchttpclient.netty.request.NettyRequestSender - Using open Channel [id: 0xa10b78a6, L:/127.0.0.1:61155 - R:localhost/127.0.0.1:39165] for GET '/session/b4c44b8ab3ec34df82fcca1e22294ffd/element/D6FCA329F55A989BAF0E516CCCB7C1E0_element_92/enabled'
11:35:56.925 [AsyncHttpClient-1-2] DEBUG org.asynchttpclient.netty.handler.HttpHandler - 

Request DefaultFullHttpRequest(decodeResult: success, version: HTTP/1.1, content: EmptyByteBufBE)
GET /session/b4c44b8ab3ec34df82fcca1e22294ffd/element/D6FCA329F55A989BAF0E516CCCB7C1E0_element_92/enabled HTTP/1.1
User-Agent: selenium/4.8.0 (java windows)
Cache-Control: no-cache
Content-Type: application/json; charset=utf-8
host: localhost:39165
accept: */*

Response DefaultHttpResponse(decodeResult: success, version: HTTP/1.1)
HTTP/1.1 200 OK
Content-Length: 14
Content-Type: application/json; charset=utf-8
cache-control: no-cache

11:35:56.926 [AsyncHttpClient-1-2] DEBUG org.asynchttpclient.netty.channel.ChannelManager - Adding key: http://localhost:39165 for channel [id: 0xa10b78a6, L:/127.0.0.1:61155 - R:localhost/127.0.0.1:39165]
11:35:56.927 [Forwarding clickElement on session b4c44b8ab3ec34df82fcca1e22294ffd to remote] DEBUG org.asynchttpclient.netty.request.NettyRequestSender - Using pooled Channel '[id: 0xa10b78a6, L:/127.0.0.1:61155 - R:localhost/127.0.0.1:39165]' for 'POST' to 'http://localhost:39165/session/b4c44b8ab3ec34df82fcca1e22294ffd/element/D6FCA329F55A989BAF0E516CCCB7C1E0_element_92/click'
11:35:56.927 [Forwarding clickElement on session b4c44b8ab3ec34df82fcca1e22294ffd to remote] DEBUG org.asynchttpclient.netty.request.NettyRequestSender - Using open Channel [id: 0xa10b78a6, L:/127.0.0.1:61155 - R:localhost/127.0.0.1:39165] for POST '/session/b4c44b8ab3ec34df82fcca1e22294ffd/element/D6FCA329F55A989BAF0E516CCCB7C1E0_element_92/click'
11:35:56.962 [AsyncHttpClient-1-2] DEBUG org.asynchttpclient.netty.handler.HttpHandler - 

Request DefaultHttpRequest(decodeResult: success, version: HTTP/1.1)
POST /session/b4c44b8ab3ec34df82fcca1e22294ffd/element/D6FCA329F55A989BAF0E516CCCB7C1E0_element_92/click HTTP/1.1
User-Agent: selenium/4.8.0 (java windows)
Content-Length: 57
Content-Type: application/json; charset=utf-8
host: localhost:39165
accept: */*

Response DefaultHttpResponse(decodeResult: success, version: HTTP/1.1)
HTTP/1.1 200 OK
Content-Length: 14
Content-Type: application/json; charset=utf-8
cache-control: no-cache

11:35:56.962 [AsyncHttpClient-1-2] DEBUG org.asynchttpclient.netty.channel.ChannelManager - Adding key: http://localhost:39165 for channel [id: 0xa10b78a6, L:/127.0.0.1:61155 - R:localhost/127.0.0.1:39165]
11:35:56.965 [main] INFO  com.swaglabs.base.SetUp - second product has been added
11:35:56.968 [Forwarding findElement on session b4c44b8ab3ec34df82fcca1e22294ffd to remote] DEBUG org.asynchttpclient.netty.request.NettyRequestSender - Using pooled Channel '[id: 0xa10b78a6, L:/127.0.0.1:61155 - R:localhost/127.0.0.1:39165]' for 'POST' to 'http://localhost:39165/session/b4c44b8ab3ec34df82fcca1e22294ffd/element'
11:35:56.968 [Forwarding findElement on session b4c44b8ab3ec34df82fcca1e22294ffd to remote] DEBUG org.asynchttpclient.netty.request.NettyRequestSender - Using open Channel [id: 0xa10b78a6, L:/127.0.0.1:61155 - R:localhost/127.0.0.1:39165] for POST '/session/b4c44b8ab3ec34df82fcca1e22294ffd/element'
11:35:56.982 [AsyncHttpClient-1-2] DEBUG org.asynchttpclient.netty.handler.HttpHandler - 

Request DefaultHttpRequest(decodeResult: success, version: HTTP/1.1)
POST /session/b4c44b8ab3ec34df82fcca1e22294ffd/element HTTP/1.1
User-Agent: selenium/4.8.0 (java windows)
Content-Length: 96
Content-Type: application/json; charset=utf-8
host: localhost:39165
accept: */*

Response DefaultHttpResponse(decodeResult: success, version: HTTP/1.1)
HTTP/1.1 200 OK
Content-Length: 95
Content-Type: application/json; charset=utf-8
cache-control: no-cache

11:35:56.982 [AsyncHttpClient-1-2] DEBUG org.asynchttpclient.netty.channel.ChannelManager - Adding key: http://localhost:39165 for channel [id: 0xa10b78a6, L:/127.0.0.1:61155 - R:localhost/127.0.0.1:39165]
11:35:56.984 [Forwarding isElementDisplayed on session b4c44b8ab3ec34df82fcca1e22294ffd to remote] DEBUG org.asynchttpclient.netty.request.NettyRequestSender - Using pooled Channel '[id: 0xa10b78a6, L:/127.0.0.1:61155 - R:localhost/127.0.0.1:39165]' for 'POST' to 'http://localhost:39165/session/b4c44b8ab3ec34df82fcca1e22294ffd/execute/sync'
11:35:56.984 [Forwarding isElementDisplayed on session b4c44b8ab3ec34df82fcca1e22294ffd to remote] DEBUG org.asynchttpclient.netty.request.NettyRequestSender - Using open Channel [id: 0xa10b78a6, L:/127.0.0.1:61155 - R:localhost/127.0.0.1:39165] for POST '/session/b4c44b8ab3ec34df82fcca1e22294ffd/execute/sync'
11:35:56.993 [AsyncHttpClient-1-2] DEBUG org.asynchttpclient.netty.handler.HttpHandler - 

Request DefaultHttpRequest(decodeResult: success, version: HTTP/1.1)
POST /session/b4c44b8ab3ec34df82fcca1e22294ffd/execute/sync HTTP/1.1
User-Agent: selenium/4.8.0 (java windows)
Content-Length: 48814
Content-Type: application/json; charset=utf-8
host: localhost:39165
accept: */*

Response DefaultHttpResponse(decodeResult: success, version: HTTP/1.1)
HTTP/1.1 200 OK
Content-Length: 14
Content-Type: application/json; charset=utf-8
cache-control: no-cache

11:35:56.994 [AsyncHttpClient-1-2] DEBUG org.asynchttpclient.netty.channel.ChannelManager - Adding key: http://localhost:39165 for channel [id: 0xa10b78a6, L:/127.0.0.1:61155 - R:localhost/127.0.0.1:39165]
11:35:56.994 [Forwarding getElementTagName on session b4c44b8ab3ec34df82fcca1e22294ffd to remote] DEBUG org.asynchttpclient.netty.request.NettyRequestSender - Using pooled Channel '[id: 0xa10b78a6, L:/127.0.0.1:61155 - R:localhost/127.0.0.1:39165]' for 'GET' to 'http://localhost:39165/session/b4c44b8ab3ec34df82fcca1e22294ffd/element/D6FCA329F55A989BAF0E516CCCB7C1E0_element_93/name'
11:35:56.994 [Forwarding getElementTagName on session b4c44b8ab3ec34df82fcca1e22294ffd to remote] DEBUG org.asynchttpclient.netty.request.NettyRequestSender - Using open Channel [id: 0xa10b78a6, L:/127.0.0.1:61155 - R:localhost/127.0.0.1:39165] for GET '/session/b4c44b8ab3ec34df82fcca1e22294ffd/element/D6FCA329F55A989BAF0E516CCCB7C1E0_element_93/name'
11:35:56.998 [AsyncHttpClient-1-2] DEBUG org.asynchttpclient.netty.handler.HttpHandler - 

Request DefaultFullHttpRequest(decodeResult: success, version: HTTP/1.1, content: EmptyByteBufBE)
GET /session/b4c44b8ab3ec34df82fcca1e22294ffd/element/D6FCA329F55A989BAF0E516CCCB7C1E0_element_93/name HTTP/1.1
User-Agent: selenium/4.8.0 (java windows)
Cache-Control: no-cache
Content-Type: application/json; charset=utf-8
host: localhost:39165
accept: */*

Response DefaultHttpResponse(decodeResult: success, version: HTTP/1.1)
HTTP/1.1 200 OK
Content-Length: 18
Content-Type: application/json; charset=utf-8
cache-control: no-cache

11:35:56.998 [AsyncHttpClient-1-2] DEBUG org.asynchttpclient.netty.channel.ChannelManager - Adding key: http://localhost:39165 for channel [id: 0xa10b78a6, L:/127.0.0.1:61155 - R:localhost/127.0.0.1:39165]
11:35:56.998 [Forwarding getElementTagName on session b4c44b8ab3ec34df82fcca1e22294ffd to remote] DEBUG org.asynchttpclient.netty.request.NettyRequestSender - Using pooled Channel '[id: 0xa10b78a6, L:/127.0.0.1:61155 - R:localhost/127.0.0.1:39165]' for 'GET' to 'http://localhost:39165/session/b4c44b8ab3ec34df82fcca1e22294ffd/element/D6FCA329F55A989BAF0E516CCCB7C1E0_element_93/name'
11:35:56.998 [Forwarding getElementTagName on session b4c44b8ab3ec34df82fcca1e22294ffd to remote] DEBUG org.asynchttpclient.netty.request.NettyRequestSender - Using open Channel [id: 0xa10b78a6, L:/127.0.0.1:61155 - R:localhost/127.0.0.1:39165] for GET '/session/b4c44b8ab3ec34df82fcca1e22294ffd/element/D6FCA329F55A989BAF0E516CCCB7C1E0_element_93/name'
11:35:57.004 [AsyncHttpClient-1-2] DEBUG org.asynchttpclient.netty.handler.HttpHandler - 

Request DefaultFullHttpRequest(decodeResult: success, version: HTTP/1.1, content: EmptyByteBufBE)
GET /session/b4c44b8ab3ec34df82fcca1e22294ffd/element/D6FCA329F55A989BAF0E516CCCB7C1E0_element_93/name HTTP/1.1
User-Agent: selenium/4.8.0 (java windows)
Cache-Control: no-cache
Content-Type: application/json; charset=utf-8
host: localhost:39165
accept: */*

Response DefaultHttpResponse(decodeResult: success, version: HTTP/1.1)
HTTP/1.1 200 OK
Content-Length: 18
Content-Type: application/json; charset=utf-8
cache-control: no-cache

11:35:57.004 [AsyncHttpClient-1-2] DEBUG org.asynchttpclient.netty.channel.ChannelManager - Adding key: http://localhost:39165 for channel [id: 0xa10b78a6, L:/127.0.0.1:61155 - R:localhost/127.0.0.1:39165]
11:35:57.005 [Forwarding isElementEnabled on session b4c44b8ab3ec34df82fcca1e22294ffd to remote] DEBUG org.asynchttpclient.netty.request.NettyRequestSender - Using pooled Channel '[id: 0xa10b78a6, L:/127.0.0.1:61155 - R:localhost/127.0.0.1:39165]' for 'GET' to 'http://localhost:39165/session/b4c44b8ab3ec34df82fcca1e22294ffd/element/D6FCA329F55A989BAF0E516CCCB7C1E0_element_93/enabled'
11:35:57.005 [Forwarding isElementEnabled on session b4c44b8ab3ec34df82fcca1e22294ffd to remote] DEBUG org.asynchttpclient.netty.request.NettyRequestSender - Using open Channel [id: 0xa10b78a6, L:/127.0.0.1:61155 - R:localhost/127.0.0.1:39165] for GET '/session/b4c44b8ab3ec34df82fcca1e22294ffd/element/D6FCA329F55A989BAF0E516CCCB7C1E0_element_93/enabled'
11:35:57.011 [AsyncHttpClient-1-2] DEBUG org.asynchttpclient.netty.handler.HttpHandler - 

Request DefaultFullHttpRequest(decodeResult: success, version: HTTP/1.1, content: EmptyByteBufBE)
GET /session/b4c44b8ab3ec34df82fcca1e22294ffd/element/D6FCA329F55A989BAF0E516CCCB7C1E0_element_93/enabled HTTP/1.1
User-Agent: selenium/4.8.0 (java windows)
Cache-Control: no-cache
Content-Type: application/json; charset=utf-8
host: localhost:39165
accept: */*

Response DefaultHttpResponse(decodeResult: success, version: HTTP/1.1)
HTTP/1.1 200 OK
Content-Length: 14
Content-Type: application/json; charset=utf-8
cache-control: no-cache

11:35:57.011 [AsyncHttpClient-1-2] DEBUG org.asynchttpclient.netty.channel.ChannelManager - Adding key: http://localhost:39165 for channel [id: 0xa10b78a6, L:/127.0.0.1:61155 - R:localhost/127.0.0.1:39165]
11:35:57.012 [Forwarding isElementEnabled on session b4c44b8ab3ec34df82fcca1e22294ffd to remote] DEBUG org.asynchttpclient.netty.request.NettyRequestSender - Using pooled Channel '[id: 0xa10b78a6, L:/127.0.0.1:61155 - R:localhost/127.0.0.1:39165]' for 'GET' to 'http://localhost:39165/session/b4c44b8ab3ec34df82fcca1e22294ffd/element/D6FCA329F55A989BAF0E516CCCB7C1E0_element_93/enabled'
11:35:57.012 [Forwarding isElementEnabled on session b4c44b8ab3ec34df82fcca1e22294ffd to remote] DEBUG org.asynchttpclient.netty.request.NettyRequestSender - Using open Channel [id: 0xa10b78a6, L:/127.0.0.1:61155 - R:localhost/127.0.0.1:39165] for GET '/session/b4c44b8ab3ec34df82fcca1e22294ffd/element/D6FCA329F55A989BAF0E516CCCB7C1E0_element_93/enabled'
11:35:57.017 [AsyncHttpClient-1-2] DEBUG org.asynchttpclient.netty.handler.HttpHandler - 

Request DefaultFullHttpRequest(decodeResult: success, version: HTTP/1.1, content: EmptyByteBufBE)
GET /session/b4c44b8ab3ec34df82fcca1e22294ffd/element/D6FCA329F55A989BAF0E516CCCB7C1E0_element_93/enabled HTTP/1.1
User-Agent: selenium/4.8.0 (java windows)
Cache-Control: no-cache
Content-Type: application/json; charset=utf-8
host: localhost:39165
accept: */*

Response DefaultHttpResponse(decodeResult: success, version: HTTP/1.1)
HTTP/1.1 200 OK
Content-Length: 14
Content-Type: application/json; charset=utf-8
cache-control: no-cache

11:35:57.017 [AsyncHttpClient-1-2] DEBUG org.asynchttpclient.netty.channel.ChannelManager - Adding key: http://localhost:39165 for channel [id: 0xa10b78a6, L:/127.0.0.1:61155 - R:localhost/127.0.0.1:39165]
11:35:57.020 [Forwarding getElementTagName on session b4c44b8ab3ec34df82fcca1e22294ffd to remote] DEBUG org.asynchttpclient.netty.request.NettyRequestSender - Using pooled Channel '[id: 0xa10b78a6, L:/127.0.0.1:61155 - R:localhost/127.0.0.1:39165]' for 'GET' to 'http://localhost:39165/session/b4c44b8ab3ec34df82fcca1e22294ffd/element/D6FCA329F55A989BAF0E516CCCB7C1E0_element_93/name'
11:35:57.021 [Forwarding getElementTagName on session b4c44b8ab3ec34df82fcca1e22294ffd to remote] DEBUG org.asynchttpclient.netty.request.NettyRequestSender - Using open Channel [id: 0xa10b78a6, L:/127.0.0.1:61155 - R:localhost/127.0.0.1:39165] for GET '/session/b4c44b8ab3ec34df82fcca1e22294ffd/element/D6FCA329F55A989BAF0E516CCCB7C1E0_element_93/name'
11:35:57.027 [AsyncHttpClient-1-2] DEBUG org.asynchttpclient.netty.handler.HttpHandler - 

Request DefaultFullHttpRequest(decodeResult: success, version: HTTP/1.1, content: EmptyByteBufBE)
GET /session/b4c44b8ab3ec34df82fcca1e22294ffd/element/D6FCA329F55A989BAF0E516CCCB7C1E0_element_93/name HTTP/1.1
User-Agent: selenium/4.8.0 (java windows)
Cache-Control: no-cache
Content-Type: application/json; charset=utf-8
host: localhost:39165
accept: */*

Response DefaultHttpResponse(decodeResult: success, version: HTTP/1.1)
HTTP/1.1 200 OK
Content-Length: 18
Content-Type: application/json; charset=utf-8
cache-control: no-cache

11:35:57.027 [AsyncHttpClient-1-2] DEBUG org.asynchttpclient.netty.channel.ChannelManager - Adding key: http://localhost:39165 for channel [id: 0xa10b78a6, L:/127.0.0.1:61155 - R:localhost/127.0.0.1:39165]
11:35:57.028 [Forwarding getElementTagName on session b4c44b8ab3ec34df82fcca1e22294ffd to remote] DEBUG org.asynchttpclient.netty.request.NettyRequestSender - Using pooled Channel '[id: 0xa10b78a6, L:/127.0.0.1:61155 - R:localhost/127.0.0.1:39165]' for 'GET' to 'http://localhost:39165/session/b4c44b8ab3ec34df82fcca1e22294ffd/element/D6FCA329F55A989BAF0E516CCCB7C1E0_element_93/name'
11:35:57.028 [Forwarding getElementTagName on session b4c44b8ab3ec34df82fcca1e22294ffd to remote] DEBUG org.asynchttpclient.netty.request.NettyRequestSender - Using open Channel [id: 0xa10b78a6, L:/127.0.0.1:61155 - R:localhost/127.0.0.1:39165] for GET '/session/b4c44b8ab3ec34df82fcca1e22294ffd/element/D6FCA329F55A989BAF0E516CCCB7C1E0_element_93/name'
11:35:57.032 [AsyncHttpClient-1-2] DEBUG org.asynchttpclient.netty.handler.HttpHandler - 

Request DefaultFullHttpRequest(decodeResult: success, version: HTTP/1.1, content: EmptyByteBufBE)
GET /session/b4c44b8ab3ec34df82fcca1e22294ffd/element/D6FCA329F55A989BAF0E516CCCB7C1E0_element_93/name HTTP/1.1
User-Agent: selenium/4.8.0 (java windows)
Cache-Control: no-cache
Content-Type: application/json; charset=utf-8
host: localhost:39165
accept: */*

Response DefaultHttpResponse(decodeResult: success, version: HTTP/1.1)
HTTP/1.1 200 OK
Content-Length: 18
Content-Type: application/json; charset=utf-8
cache-control: no-cache

11:35:57.033 [AsyncHttpClient-1-2] DEBUG org.asynchttpclient.netty.channel.ChannelManager - Adding key: http://localhost:39165 for channel [id: 0xa10b78a6, L:/127.0.0.1:61155 - R:localhost/127.0.0.1:39165]
11:35:57.034 [Forwarding isElementEnabled on session b4c44b8ab3ec34df82fcca1e22294ffd to remote] DEBUG org.asynchttpclient.netty.request.NettyRequestSender - Using pooled Channel '[id: 0xa10b78a6, L:/127.0.0.1:61155 - R:localhost/127.0.0.1:39165]' for 'GET' to 'http://localhost:39165/session/b4c44b8ab3ec34df82fcca1e22294ffd/element/D6FCA329F55A989BAF0E516CCCB7C1E0_element_93/enabled'
11:35:57.034 [Forwarding isElementEnabled on session b4c44b8ab3ec34df82fcca1e22294ffd to remote] DEBUG org.asynchttpclient.netty.request.NettyRequestSender - Using open Channel [id: 0xa10b78a6, L:/127.0.0.1:61155 - R:localhost/127.0.0.1:39165] for GET '/session/b4c44b8ab3ec34df82fcca1e22294ffd/element/D6FCA329F55A989BAF0E516CCCB7C1E0_element_93/enabled'
11:35:57.041 [AsyncHttpClient-1-2] DEBUG org.asynchttpclient.netty.handler.HttpHandler - 

Request DefaultFullHttpRequest(decodeResult: success, version: HTTP/1.1, content: EmptyByteBufBE)
GET /session/b4c44b8ab3ec34df82fcca1e22294ffd/element/D6FCA329F55A989BAF0E516CCCB7C1E0_element_93/enabled HTTP/1.1
User-Agent: selenium/4.8.0 (java windows)
Cache-Control: no-cache
Content-Type: application/json; charset=utf-8
host: localhost:39165
accept: */*

Response DefaultHttpResponse(decodeResult: success, version: HTTP/1.1)
HTTP/1.1 200 OK
Content-Length: 14
Content-Type: application/json; charset=utf-8
cache-control: no-cache

11:35:57.041 [AsyncHttpClient-1-2] DEBUG org.asynchttpclient.netty.channel.ChannelManager - Adding key: http://localhost:39165 for channel [id: 0xa10b78a6, L:/127.0.0.1:61155 - R:localhost/127.0.0.1:39165]
11:35:57.042 [Forwarding isElementEnabled on session b4c44b8ab3ec34df82fcca1e22294ffd to remote] DEBUG org.asynchttpclient.netty.request.NettyRequestSender - Using pooled Channel '[id: 0xa10b78a6, L:/127.0.0.1:61155 - R:localhost/127.0.0.1:39165]' for 'GET' to 'http://localhost:39165/session/b4c44b8ab3ec34df82fcca1e22294ffd/element/D6FCA329F55A989BAF0E516CCCB7C1E0_element_93/enabled'
11:35:57.042 [Forwarding isElementEnabled on session b4c44b8ab3ec34df82fcca1e22294ffd to remote] DEBUG org.asynchttpclient.netty.request.NettyRequestSender - Using open Channel [id: 0xa10b78a6, L:/127.0.0.1:61155 - R:localhost/127.0.0.1:39165] for GET '/session/b4c44b8ab3ec34df82fcca1e22294ffd/element/D6FCA329F55A989BAF0E516CCCB7C1E0_element_93/enabled'
11:35:57.049 [AsyncHttpClient-1-2] DEBUG org.asynchttpclient.netty.handler.HttpHandler - 

Request DefaultFullHttpRequest(decodeResult: success, version: HTTP/1.1, content: EmptyByteBufBE)
GET /session/b4c44b8ab3ec34df82fcca1e22294ffd/element/D6FCA329F55A989BAF0E516CCCB7C1E0_element_93/enabled HTTP/1.1
User-Agent: selenium/4.8.0 (java windows)
Cache-Control: no-cache
Content-Type: application/json; charset=utf-8
host: localhost:39165
accept: */*

Response DefaultHttpResponse(decodeResult: success, version: HTTP/1.1)
HTTP/1.1 200 OK
Content-Length: 14
Content-Type: application/json; charset=utf-8
cache-control: no-cache

11:35:57.049 [AsyncHttpClient-1-2] DEBUG org.asynchttpclient.netty.channel.ChannelManager - Adding key: http://localhost:39165 for channel [id: 0xa10b78a6, L:/127.0.0.1:61155 - R:localhost/127.0.0.1:39165]
11:35:57.050 [Forwarding clickElement on session b4c44b8ab3ec34df82fcca1e22294ffd to remote] DEBUG org.asynchttpclient.netty.request.NettyRequestSender - Using pooled Channel '[id: 0xa10b78a6, L:/127.0.0.1:61155 - R:localhost/127.0.0.1:39165]' for 'POST' to 'http://localhost:39165/session/b4c44b8ab3ec34df82fcca1e22294ffd/element/D6FCA329F55A989BAF0E516CCCB7C1E0_element_93/click'
11:35:57.050 [Forwarding clickElement on session b4c44b8ab3ec34df82fcca1e22294ffd to remote] DEBUG org.asynchttpclient.netty.request.NettyRequestSender - Using open Channel [id: 0xa10b78a6, L:/127.0.0.1:61155 - R:localhost/127.0.0.1:39165] for POST '/session/b4c44b8ab3ec34df82fcca1e22294ffd/element/D6FCA329F55A989BAF0E516CCCB7C1E0_element_93/click'
11:35:57.084 [AsyncHttpClient-1-2] DEBUG org.asynchttpclient.netty.handler.HttpHandler - 

Request DefaultHttpRequest(decodeResult: success, version: HTTP/1.1)
POST /session/b4c44b8ab3ec34df82fcca1e22294ffd/element/D6FCA329F55A989BAF0E516CCCB7C1E0_element_93/click HTTP/1.1
User-Agent: selenium/4.8.0 (java windows)
Content-Length: 57
Content-Type: application/json; charset=utf-8
host: localhost:39165
accept: */*

Response DefaultHttpResponse(decodeResult: success, version: HTTP/1.1)
HTTP/1.1 200 OK
Content-Length: 14
Content-Type: application/json; charset=utf-8
cache-control: no-cache

11:35:57.084 [AsyncHttpClient-1-2] DEBUG org.asynchttpclient.netty.channel.ChannelManager - Adding key: http://localhost:39165 for channel [id: 0xa10b78a6, L:/127.0.0.1:61155 - R:localhost/127.0.0.1:39165]
11:35:57.086 [main] INFO  com.swaglabs.base.SetUp - third product has been added
11:35:57.089 [Forwarding findElement on session b4c44b8ab3ec34df82fcca1e22294ffd to remote] DEBUG org.asynchttpclient.netty.request.NettyRequestSender - Using pooled Channel '[id: 0xa10b78a6, L:/127.0.0.1:61155 - R:localhost/127.0.0.1:39165]' for 'POST' to 'http://localhost:39165/session/b4c44b8ab3ec34df82fcca1e22294ffd/element'
11:35:57.089 [Forwarding findElement on session b4c44b8ab3ec34df82fcca1e22294ffd to remote] DEBUG org.asynchttpclient.netty.request.NettyRequestSender - Using open Channel [id: 0xa10b78a6, L:/127.0.0.1:61155 - R:localhost/127.0.0.1:39165] for POST '/session/b4c44b8ab3ec34df82fcca1e22294ffd/element'
11:35:57.096 [AsyncHttpClient-1-2] DEBUG org.asynchttpclient.netty.handler.HttpHandler - 

Request DefaultHttpRequest(decodeResult: success, version: HTTP/1.1)
POST /session/b4c44b8ab3ec34df82fcca1e22294ffd/element HTTP/1.1
User-Agent: selenium/4.8.0 (java windows)
Content-Length: 83
Content-Type: application/json; charset=utf-8
host: localhost:39165
accept: */*

Response DefaultHttpResponse(decodeResult: success, version: HTTP/1.1)
HTTP/1.1 200 OK
Content-Length: 95
Content-Type: application/json; charset=utf-8
cache-control: no-cache

11:35:57.097 [AsyncHttpClient-1-2] DEBUG org.asynchttpclient.netty.channel.ChannelManager - Adding key: http://localhost:39165 for channel [id: 0xa10b78a6, L:/127.0.0.1:61155 - R:localhost/127.0.0.1:39165]
11:35:57.098 [Forwarding isElementDisplayed on session b4c44b8ab3ec34df82fcca1e22294ffd to remote] DEBUG org.asynchttpclient.netty.request.NettyRequestSender - Using pooled Channel '[id: 0xa10b78a6, L:/127.0.0.1:61155 - R:localhost/127.0.0.1:39165]' for 'POST' to 'http://localhost:39165/session/b4c44b8ab3ec34df82fcca1e22294ffd/execute/sync'
11:35:57.098 [Forwarding isElementDisplayed on session b4c44b8ab3ec34df82fcca1e22294ffd to remote] DEBUG org.asynchttpclient.netty.request.NettyRequestSender - Using open Channel [id: 0xa10b78a6, L:/127.0.0.1:61155 - R:localhost/127.0.0.1:39165] for POST '/session/b4c44b8ab3ec34df82fcca1e22294ffd/execute/sync'
11:35:57.112 [AsyncHttpClient-1-2] DEBUG org.asynchttpclient.netty.handler.HttpHandler - 

Request DefaultHttpRequest(decodeResult: success, version: HTTP/1.1)
POST /session/b4c44b8ab3ec34df82fcca1e22294ffd/execute/sync HTTP/1.1
User-Agent: selenium/4.8.0 (java windows)
Content-Length: 48814
Content-Type: application/json; charset=utf-8
host: localhost:39165
accept: */*

Response DefaultHttpResponse(decodeResult: success, version: HTTP/1.1)
HTTP/1.1 200 OK
Content-Length: 14
Content-Type: application/json; charset=utf-8
cache-control: no-cache

11:35:57.112 [AsyncHttpClient-1-2] DEBUG org.asynchttpclient.netty.channel.ChannelManager - Adding key: http://localhost:39165 for channel [id: 0xa10b78a6, L:/127.0.0.1:61155 - R:localhost/127.0.0.1:39165]
11:35:57.112 [Forwarding getElementText on session b4c44b8ab3ec34df82fcca1e22294ffd to remote] DEBUG org.asynchttpclient.netty.request.NettyRequestSender - Using pooled Channel '[id: 0xa10b78a6, L:/127.0.0.1:61155 - R:localhost/127.0.0.1:39165]' for 'GET' to 'http://localhost:39165/session/b4c44b8ab3ec34df82fcca1e22294ffd/element/D6FCA329F55A989BAF0E516CCCB7C1E0_element_95/text'
11:35:57.112 [Forwarding getElementText on session b4c44b8ab3ec34df82fcca1e22294ffd to remote] DEBUG org.asynchttpclient.netty.request.NettyRequestSender - Using open Channel [id: 0xa10b78a6, L:/127.0.0.1:61155 - R:localhost/127.0.0.1:39165] for GET '/session/b4c44b8ab3ec34df82fcca1e22294ffd/element/D6FCA329F55A989BAF0E516CCCB7C1E0_element_95/text'
11:35:57.120 [AsyncHttpClient-1-2] DEBUG org.asynchttpclient.netty.handler.HttpHandler - 

Request DefaultFullHttpRequest(decodeResult: success, version: HTTP/1.1, content: EmptyByteBufBE)
GET /session/b4c44b8ab3ec34df82fcca1e22294ffd/element/D6FCA329F55A989BAF0E516CCCB7C1E0_element_95/text HTTP/1.1
User-Agent: selenium/4.8.0 (java windows)
Cache-Control: no-cache
Content-Type: application/json; charset=utf-8
host: localhost:39165
accept: */*

Response DefaultHttpResponse(decodeResult: success, version: HTTP/1.1)
HTTP/1.1 200 OK
Content-Length: 13
Content-Type: application/json; charset=utf-8
cache-control: no-cache

11:35:57.120 [AsyncHttpClient-1-2] DEBUG org.asynchttpclient.netty.channel.ChannelManager - Adding key: http://localhost:39165 for channel [id: 0xa10b78a6, L:/127.0.0.1:61155 - R:localhost/127.0.0.1:39165]
11:35:57.120 [main] INFO  com.swaglabs.base.SetUp - added two more products and verified
11:35:57.123 [Forwarding getAlertText on session b4c44b8ab3ec34df82fcca1e22294ffd to remote] DEBUG org.asynchttpclient.netty.request.NettyRequestSender - Using pooled Channel '[id: 0xa10b78a6, L:/127.0.0.1:61155 - R:localhost/127.0.0.1:39165]' for 'GET' to 'http://localhost:39165/session/b4c44b8ab3ec34df82fcca1e22294ffd/alert/text'
11:35:57.123 [Forwarding getAlertText on session b4c44b8ab3ec34df82fcca1e22294ffd to remote] DEBUG org.asynchttpclient.netty.request.NettyRequestSender - Using open Channel [id: 0xa10b78a6, L:/127.0.0.1:61155 - R:localhost/127.0.0.1:39165] for GET '/session/b4c44b8ab3ec34df82fcca1e22294ffd/alert/text'
11:35:57.125 [AsyncHttpClient-1-2] DEBUG org.asynchttpclient.netty.handler.HttpHandler - 

Request DefaultFullHttpRequest(decodeResult: success, version: HTTP/1.1, content: EmptyByteBufBE)
GET /session/b4c44b8ab3ec34df82fcca1e22294ffd/alert/text HTTP/1.1
User-Agent: selenium/4.8.0 (java windows)
Cache-Control: no-cache
Content-Type: application/json; charset=utf-8
host: localhost:39165
accept: */*

Response DefaultHttpResponse(decodeResult: success, version: HTTP/1.1)
HTTP/1.1 404 Not Found
Content-Length: 1522
Content-Type: application/json; charset=utf-8
cache-control: no-cache

11:35:57.125 [AsyncHttpClient-1-2] DEBUG org.asynchttpclient.netty.channel.ChannelManager - Adding key: http://localhost:39165 for channel [id: 0xa10b78a6, L:/127.0.0.1:61155 - R:localhost/127.0.0.1:39165]
11:35:57.126 [Forwarding getCurrentUrl on session b4c44b8ab3ec34df82fcca1e22294ffd to remote] DEBUG org.asynchttpclient.netty.request.NettyRequestSender - Using pooled Channel '[id: 0xa10b78a6, L:/127.0.0.1:61155 - R:localhost/127.0.0.1:39165]' for 'GET' to 'http://localhost:39165/session/b4c44b8ab3ec34df82fcca1e22294ffd/url'
11:35:57.126 [Forwarding getCurrentUrl on session b4c44b8ab3ec34df82fcca1e22294ffd to remote] DEBUG org.asynchttpclient.netty.request.NettyRequestSender - Using open Channel [id: 0xa10b78a6, L:/127.0.0.1:61155 - R:localhost/127.0.0.1:39165] for GET '/session/b4c44b8ab3ec34df82fcca1e22294ffd/url'
11:35:57.130 [AsyncHttpClient-1-2] DEBUG org.asynchttpclient.netty.handler.HttpHandler - 

Request DefaultFullHttpRequest(decodeResult: success, version: HTTP/1.1, content: EmptyByteBufBE)
GET /session/b4c44b8ab3ec34df82fcca1e22294ffd/url HTTP/1.1
User-Agent: selenium/4.8.0 (java windows)
Cache-Control: no-cache
Content-Type: application/json; charset=utf-8
host: localhost:39165
accept: */*

Response DefaultHttpResponse(decodeResult: success, version: HTTP/1.1)
HTTP/1.1 200 OK
Content-Length: 52
Content-Type: application/json; charset=utf-8
cache-control: no-cache

11:35:57.130 [AsyncHttpClient-1-2] DEBUG org.asynchttpclient.netty.channel.ChannelManager - Adding key: http://localhost:39165 for channel [id: 0xa10b78a6, L:/127.0.0.1:61155 - R:localhost/127.0.0.1:39165]
11:35:57.130 [Forwarding screenshot on session b4c44b8ab3ec34df82fcca1e22294ffd to remote] DEBUG org.asynchttpclient.netty.request.NettyRequestSender - Using pooled Channel '[id: 0xa10b78a6, L:/127.0.0.1:61155 - R:localhost/127.0.0.1:39165]' for 'GET' to 'http://localhost:39165/session/b4c44b8ab3ec34df82fcca1e22294ffd/screenshot'
11:35:57.130 [Forwarding screenshot on session b4c44b8ab3ec34df82fcca1e22294ffd to remote] DEBUG org.asynchttpclient.netty.request.NettyRequestSender - Using open Channel [id: 0xa10b78a6, L:/127.0.0.1:61155 - R:localhost/127.0.0.1:39165] for GET '/session/b4c44b8ab3ec34df82fcca1e22294ffd/screenshot'
11:35:57.304 [AsyncHttpClient-1-2] DEBUG org.asynchttpclient.netty.handler.HttpHandler - 

Request DefaultFullHttpRequest(decodeResult: success, version: HTTP/1.1, content: EmptyByteBufBE)
GET /session/b4c44b8ab3ec34df82fcca1e22294ffd/screenshot HTTP/1.1
User-Agent: selenium/4.8.0 (java windows)
Cache-Control: no-cache
Content-Type: application/json; charset=utf-8
host: localhost:39165
accept: */*

Response DefaultHttpResponse(decodeResult: success, version: HTTP/1.1)
HTTP/1.1 200 OK
Content-Length: 526528
Content-Type: application/json; charset=utf-8
cache-control: no-cache

11:35:57.304 [AsyncHttpClient-1-2] DEBUG org.asynchttpclient.netty.channel.ChannelManager - Adding key: http://localhost:39165 for channel [id: 0xa10b78a6, L:/127.0.0.1:61155 - R:localhost/127.0.0.1:39165]
11:35:57.313 [main] DEBUG net.serenitybdd.core.photography.Darkroom - Send negative for processing for target\site\serenity\8da8b475c93a7e9d5bda57bb8714639611523facb66cbea5e252a8940589714c.png
11:35:57.313 [main] DEBUG net.thucydides.core.steps.StepInterceptor - STEP DONE: test9_addToMoreProductAndValidateTotalProductCountIs
11:35:57.317 [Darkroom Processing Line] DEBUG net.serenitybdd.core.photography.DarkroomProcessingLine - Processing screenshot image in /var/screenshots/screenshot-11422479322211438542
11:35:57.317 [Forwarding getPageSource on session b4c44b8ab3ec34df82fcca1e22294ffd to remote] DEBUG org.asynchttpclient.netty.request.NettyRequestSender - Using pooled Channel '[id: 0xa10b78a6, L:/127.0.0.1:61155 - R:localhost/127.0.0.1:39165]' for 'POST' to 'http://localhost:39165/session/b4c44b8ab3ec34df82fcca1e22294ffd/execute/sync'
11:35:57.317 [Darkroom Processing Line] DEBUG net.serenitybdd.core.photography.DarkroomProcessingLine - Saving screenshot to target\site\serenity\8da8b475c93a7e9d5bda57bb8714639611523facb66cbea5e252a8940589714c.png
11:35:57.317 [Forwarding getPageSource on session b4c44b8ab3ec34df82fcca1e22294ffd to remote] DEBUG org.asynchttpclient.netty.request.NettyRequestSender - Using open Channel [id: 0xa10b78a6, L:/127.0.0.1:61155 - R:localhost/127.0.0.1:39165] for POST '/session/b4c44b8ab3ec34df82fcca1e22294ffd/execute/sync'
11:35:57.324 [AsyncHttpClient-1-2] DEBUG org.asynchttpclient.netty.handler.HttpHandler - 

Request DefaultHttpRequest(decodeResult: success, version: HTTP/1.1)
POST /session/b4c44b8ab3ec34df82fcca1e22294ffd/execute/sync HTTP/1.1
User-Agent: selenium/4.8.0 (java windows)
Content-Length: 176
Content-Type: application/json; charset=utf-8
host: localhost:39165
accept: */*

Response DefaultHttpResponse(decodeResult: success, version: HTTP/1.1)
HTTP/1.1 200 OK
Content-Length: 16392
Content-Type: application/json; charset=utf-8
cache-control: no-cache

11:35:57.324 [AsyncHttpClient-1-2] DEBUG org.asynchttpclient.netty.channel.ChannelManager - Adding key: http://localhost:39165 for channel [id: 0xa10b78a6, L:/127.0.0.1:61155 - R:localhost/127.0.0.1:39165]
11:35:57.326 [Forwarding getCurrentUrl on session b4c44b8ab3ec34df82fcca1e22294ffd to remote] DEBUG org.asynchttpclient.netty.request.NettyRequestSender - Using pooled Channel '[id: 0xa10b78a6, L:/127.0.0.1:61155 - R:localhost/127.0.0.1:39165]' for 'GET' to 'http://localhost:39165/session/b4c44b8ab3ec34df82fcca1e22294ffd/url'
11:35:57.326 [Forwarding getCurrentUrl on session b4c44b8ab3ec34df82fcca1e22294ffd to remote] DEBUG org.asynchttpclient.netty.request.NettyRequestSender - Using open Channel [id: 0xa10b78a6, L:/127.0.0.1:61155 - R:localhost/127.0.0.1:39165] for GET '/session/b4c44b8ab3ec34df82fcca1e22294ffd/url'
11:35:57.331 [AsyncHttpClient-1-2] DEBUG org.asynchttpclient.netty.handler.HttpHandler - 

Request DefaultFullHttpRequest(decodeResult: success, version: HTTP/1.1, content: EmptyByteBufBE)
GET /session/b4c44b8ab3ec34df82fcca1e22294ffd/url HTTP/1.1
User-Agent: selenium/4.8.0 (java windows)
Cache-Control: no-cache
Content-Type: application/json; charset=utf-8
host: localhost:39165
accept: */*

Response DefaultHttpResponse(decodeResult: success, version: HTTP/1.1)
HTTP/1.1 200 OK
Content-Length: 52
Content-Type: application/json; charset=utf-8
cache-control: no-cache

11:35:57.331 [AsyncHttpClient-1-2] DEBUG org.asynchttpclient.netty.channel.ChannelManager - Adding key: http://localhost:39165 for channel [id: 0xa10b78a6, L:/127.0.0.1:61155 - R:localhost/127.0.0.1:39165]
11:35:57.339 [main] DEBUG net.thucydides.core.steps.StepInterceptor - STARTING STEP: Tests.testCases - test10_tryToRemoveOneProductFromTheCart
11:35:57.346 [Forwarding getPageSource on session b4c44b8ab3ec34df82fcca1e22294ffd to remote] DEBUG org.asynchttpclient.netty.request.NettyRequestSender - Using pooled Channel '[id: 0xa10b78a6, L:/127.0.0.1:61155 - R:localhost/127.0.0.1:39165]' for 'POST' to 'http://localhost:39165/session/b4c44b8ab3ec34df82fcca1e22294ffd/execute/sync'
11:35:57.346 [Forwarding getPageSource on session b4c44b8ab3ec34df82fcca1e22294ffd to remote] DEBUG org.asynchttpclient.netty.request.NettyRequestSender - Using open Channel [id: 0xa10b78a6, L:/127.0.0.1:61155 - R:localhost/127.0.0.1:39165] for POST '/session/b4c44b8ab3ec34df82fcca1e22294ffd/execute/sync'
11:35:57.353 [AsyncHttpClient-1-2] DEBUG org.asynchttpclient.netty.handler.HttpHandler - 

Request DefaultHttpRequest(decodeResult: success, version: HTTP/1.1)
POST /session/b4c44b8ab3ec34df82fcca1e22294ffd/execute/sync HTTP/1.1
User-Agent: selenium/4.8.0 (java windows)
Content-Length: 176
Content-Type: application/json; charset=utf-8
host: localhost:39165
accept: */*

Response DefaultHttpResponse(decodeResult: success, version: HTTP/1.1)
HTTP/1.1 200 OK
Content-Length: 16392
Content-Type: application/json; charset=utf-8
cache-control: no-cache

11:35:57.353 [AsyncHttpClient-1-2] DEBUG org.asynchttpclient.netty.channel.ChannelManager - Adding key: http://localhost:39165 for channel [id: 0xa10b78a6, L:/127.0.0.1:61155 - R:localhost/127.0.0.1:39165]
11:35:57.358 [Forwarding getCurrentUrl on session b4c44b8ab3ec34df82fcca1e22294ffd to remote] DEBUG org.asynchttpclient.netty.request.NettyRequestSender - Using pooled Channel '[id: 0xa10b78a6, L:/127.0.0.1:61155 - R:localhost/127.0.0.1:39165]' for 'GET' to 'http://localhost:39165/session/b4c44b8ab3ec34df82fcca1e22294ffd/url'
11:35:57.358 [Forwarding getCurrentUrl on session b4c44b8ab3ec34df82fcca1e22294ffd to remote] DEBUG org.asynchttpclient.netty.request.NettyRequestSender - Using open Channel [id: 0xa10b78a6, L:/127.0.0.1:61155 - R:localhost/127.0.0.1:39165] for GET '/session/b4c44b8ab3ec34df82fcca1e22294ffd/url'
11:35:57.367 [AsyncHttpClient-1-2] DEBUG org.asynchttpclient.netty.handler.HttpHandler - 

Request DefaultFullHttpRequest(decodeResult: success, version: HTTP/1.1, content: EmptyByteBufBE)
GET /session/b4c44b8ab3ec34df82fcca1e22294ffd/url HTTP/1.1
User-Agent: selenium/4.8.0 (java windows)
Cache-Control: no-cache
Content-Type: application/json; charset=utf-8
host: localhost:39165
accept: */*

Response DefaultHttpResponse(decodeResult: success, version: HTTP/1.1)
HTTP/1.1 200 OK
Content-Length: 52
Content-Type: application/json; charset=utf-8
cache-control: no-cache

11:35:57.367 [AsyncHttpClient-1-2] DEBUG org.asynchttpclient.netty.channel.ChannelManager - Adding key: http://localhost:39165 for channel [id: 0xa10b78a6, L:/127.0.0.1:61155 - R:localhost/127.0.0.1:39165]
11:35:57.375 [main] DEBUG net.thucydides.core.steps.StepInterceptor - STARTING STEP: CartPageSteps.test10_tryToRemoveOneProductFromTheCart - remove product from the cart
11:35:57.378 [Forwarding findElement on session b4c44b8ab3ec34df82fcca1e22294ffd to remote] DEBUG org.asynchttpclient.netty.request.NettyRequestSender - Using pooled Channel '[id: 0xa10b78a6, L:/127.0.0.1:61155 - R:localhost/127.0.0.1:39165]' for 'POST' to 'http://localhost:39165/session/b4c44b8ab3ec34df82fcca1e22294ffd/element'
11:35:57.378 [Forwarding findElement on session b4c44b8ab3ec34df82fcca1e22294ffd to remote] DEBUG org.asynchttpclient.netty.request.NettyRequestSender - Using open Channel [id: 0xa10b78a6, L:/127.0.0.1:61155 - R:localhost/127.0.0.1:39165] for POST '/session/b4c44b8ab3ec34df82fcca1e22294ffd/element'
11:35:57.390 [AsyncHttpClient-1-2] DEBUG org.asynchttpclient.netty.handler.HttpHandler - 

Request DefaultHttpRequest(decodeResult: success, version: HTTP/1.1)
POST /session/b4c44b8ab3ec34df82fcca1e22294ffd/element HTTP/1.1
User-Agent: selenium/4.8.0 (java windows)
Content-Length: 77
Content-Type: application/json; charset=utf-8
host: localhost:39165
accept: */*

Response DefaultHttpResponse(decodeResult: success, version: HTTP/1.1)
HTTP/1.1 200 OK
Content-Length: 95
Content-Type: application/json; charset=utf-8
cache-control: no-cache

11:35:57.390 [AsyncHttpClient-1-2] DEBUG org.asynchttpclient.netty.channel.ChannelManager - Adding key: http://localhost:39165 for channel [id: 0xa10b78a6, L:/127.0.0.1:61155 - R:localhost/127.0.0.1:39165]
11:35:57.393 [Forwarding isElementDisplayed on session b4c44b8ab3ec34df82fcca1e22294ffd to remote] DEBUG org.asynchttpclient.netty.request.NettyRequestSender - Using pooled Channel '[id: 0xa10b78a6, L:/127.0.0.1:61155 - R:localhost/127.0.0.1:39165]' for 'POST' to 'http://localhost:39165/session/b4c44b8ab3ec34df82fcca1e22294ffd/execute/sync'
11:35:57.393 [Forwarding isElementDisplayed on session b4c44b8ab3ec34df82fcca1e22294ffd to remote] DEBUG org.asynchttpclient.netty.request.NettyRequestSender - Using open Channel [id: 0xa10b78a6, L:/127.0.0.1:61155 - R:localhost/127.0.0.1:39165] for POST '/session/b4c44b8ab3ec34df82fcca1e22294ffd/execute/sync'
11:35:57.405 [AsyncHttpClient-1-2] DEBUG org.asynchttpclient.netty.handler.HttpHandler - 

Request DefaultHttpRequest(decodeResult: success, version: HTTP/1.1)
POST /session/b4c44b8ab3ec34df82fcca1e22294ffd/execute/sync HTTP/1.1
User-Agent: selenium/4.8.0 (java windows)
Content-Length: 48814
Content-Type: application/json; charset=utf-8
host: localhost:39165
accept: */*

Response DefaultHttpResponse(decodeResult: success, version: HTTP/1.1)
HTTP/1.1 200 OK
Content-Length: 14
Content-Type: application/json; charset=utf-8
cache-control: no-cache

11:35:57.405 [AsyncHttpClient-1-2] DEBUG org.asynchttpclient.netty.channel.ChannelManager - Adding key: http://localhost:39165 for channel [id: 0xa10b78a6, L:/127.0.0.1:61155 - R:localhost/127.0.0.1:39165]
11:35:57.405 [Forwarding getElementTagName on session b4c44b8ab3ec34df82fcca1e22294ffd to remote] DEBUG org.asynchttpclient.netty.request.NettyRequestSender - Using pooled Channel '[id: 0xa10b78a6, L:/127.0.0.1:61155 - R:localhost/127.0.0.1:39165]' for 'GET' to 'http://localhost:39165/session/b4c44b8ab3ec34df82fcca1e22294ffd/element/D6FCA329F55A989BAF0E516CCCB7C1E0_element_96/name'
11:35:57.405 [Forwarding getElementTagName on session b4c44b8ab3ec34df82fcca1e22294ffd to remote] DEBUG org.asynchttpclient.netty.request.NettyRequestSender - Using open Channel [id: 0xa10b78a6, L:/127.0.0.1:61155 - R:localhost/127.0.0.1:39165] for GET '/session/b4c44b8ab3ec34df82fcca1e22294ffd/element/D6FCA329F55A989BAF0E516CCCB7C1E0_element_96/name'
11:35:57.409 [AsyncHttpClient-1-2] DEBUG org.asynchttpclient.netty.handler.HttpHandler - 

Request DefaultFullHttpRequest(decodeResult: success, version: HTTP/1.1, content: EmptyByteBufBE)
GET /session/b4c44b8ab3ec34df82fcca1e22294ffd/element/D6FCA329F55A989BAF0E516CCCB7C1E0_element_96/name HTTP/1.1
User-Agent: selenium/4.8.0 (java windows)
Cache-Control: no-cache
Content-Type: application/json; charset=utf-8
host: localhost:39165
accept: */*

Response DefaultHttpResponse(decodeResult: success, version: HTTP/1.1)
HTTP/1.1 200 OK
Content-Length: 18
Content-Type: application/json; charset=utf-8
cache-control: no-cache

11:35:57.410 [AsyncHttpClient-1-2] DEBUG org.asynchttpclient.netty.channel.ChannelManager - Adding key: http://localhost:39165 for channel [id: 0xa10b78a6, L:/127.0.0.1:61155 - R:localhost/127.0.0.1:39165]
11:35:57.410 [Forwarding getElementTagName on session b4c44b8ab3ec34df82fcca1e22294ffd to remote] DEBUG org.asynchttpclient.netty.request.NettyRequestSender - Using pooled Channel '[id: 0xa10b78a6, L:/127.0.0.1:61155 - R:localhost/127.0.0.1:39165]' for 'GET' to 'http://localhost:39165/session/b4c44b8ab3ec34df82fcca1e22294ffd/element/D6FCA329F55A989BAF0E516CCCB7C1E0_element_96/name'
11:35:57.410 [Forwarding getElementTagName on session b4c44b8ab3ec34df82fcca1e22294ffd to remote] DEBUG org.asynchttpclient.netty.request.NettyRequestSender - Using open Channel [id: 0xa10b78a6, L:/127.0.0.1:61155 - R:localhost/127.0.0.1:39165] for GET '/session/b4c44b8ab3ec34df82fcca1e22294ffd/element/D6FCA329F55A989BAF0E516CCCB7C1E0_element_96/name'
11:35:57.414 [AsyncHttpClient-1-2] DEBUG org.asynchttpclient.netty.handler.HttpHandler - 

Request DefaultFullHttpRequest(decodeResult: success, version: HTTP/1.1, content: EmptyByteBufBE)
GET /session/b4c44b8ab3ec34df82fcca1e22294ffd/element/D6FCA329F55A989BAF0E516CCCB7C1E0_element_96/name HTTP/1.1
User-Agent: selenium/4.8.0 (java windows)
Cache-Control: no-cache
Content-Type: application/json; charset=utf-8
host: localhost:39165
accept: */*

Response DefaultHttpResponse(decodeResult: success, version: HTTP/1.1)
HTTP/1.1 200 OK
Content-Length: 18
Content-Type: application/json; charset=utf-8
cache-control: no-cache

11:35:57.414 [AsyncHttpClient-1-2] DEBUG org.asynchttpclient.netty.channel.ChannelManager - Adding key: http://localhost:39165 for channel [id: 0xa10b78a6, L:/127.0.0.1:61155 - R:localhost/127.0.0.1:39165]
11:35:57.415 [Forwarding isElementEnabled on session b4c44b8ab3ec34df82fcca1e22294ffd to remote] DEBUG org.asynchttpclient.netty.request.NettyRequestSender - Using pooled Channel '[id: 0xa10b78a6, L:/127.0.0.1:61155 - R:localhost/127.0.0.1:39165]' for 'GET' to 'http://localhost:39165/session/b4c44b8ab3ec34df82fcca1e22294ffd/element/D6FCA329F55A989BAF0E516CCCB7C1E0_element_96/enabled'
11:35:57.415 [Forwarding isElementEnabled on session b4c44b8ab3ec34df82fcca1e22294ffd to remote] DEBUG org.asynchttpclient.netty.request.NettyRequestSender - Using open Channel [id: 0xa10b78a6, L:/127.0.0.1:61155 - R:localhost/127.0.0.1:39165] for GET '/session/b4c44b8ab3ec34df82fcca1e22294ffd/element/D6FCA329F55A989BAF0E516CCCB7C1E0_element_96/enabled'
11:35:57.424 [AsyncHttpClient-1-2] DEBUG org.asynchttpclient.netty.handler.HttpHandler - 

Request DefaultFullHttpRequest(decodeResult: success, version: HTTP/1.1, content: EmptyByteBufBE)
GET /session/b4c44b8ab3ec34df82fcca1e22294ffd/element/D6FCA329F55A989BAF0E516CCCB7C1E0_element_96/enabled HTTP/1.1
User-Agent: selenium/4.8.0 (java windows)
Cache-Control: no-cache
Content-Type: application/json; charset=utf-8
host: localhost:39165
accept: */*

Response DefaultHttpResponse(decodeResult: success, version: HTTP/1.1)
HTTP/1.1 200 OK
Content-Length: 14
Content-Type: application/json; charset=utf-8
cache-control: no-cache

11:35:57.424 [AsyncHttpClient-1-2] DEBUG org.asynchttpclient.netty.channel.ChannelManager - Adding key: http://localhost:39165 for channel [id: 0xa10b78a6, L:/127.0.0.1:61155 - R:localhost/127.0.0.1:39165]
11:35:57.424 [Forwarding isElementEnabled on session b4c44b8ab3ec34df82fcca1e22294ffd to remote] DEBUG org.asynchttpclient.netty.request.NettyRequestSender - Using pooled Channel '[id: 0xa10b78a6, L:/127.0.0.1:61155 - R:localhost/127.0.0.1:39165]' for 'GET' to 'http://localhost:39165/session/b4c44b8ab3ec34df82fcca1e22294ffd/element/D6FCA329F55A989BAF0E516CCCB7C1E0_element_96/enabled'
11:35:57.424 [Forwarding isElementEnabled on session b4c44b8ab3ec34df82fcca1e22294ffd to remote] DEBUG org.asynchttpclient.netty.request.NettyRequestSender - Using open Channel [id: 0xa10b78a6, L:/127.0.0.1:61155 - R:localhost/127.0.0.1:39165] for GET '/session/b4c44b8ab3ec34df82fcca1e22294ffd/element/D6FCA329F55A989BAF0E516CCCB7C1E0_element_96/enabled'
11:35:57.430 [AsyncHttpClient-1-2] DEBUG org.asynchttpclient.netty.handler.HttpHandler - 

Request DefaultFullHttpRequest(decodeResult: success, version: HTTP/1.1, content: EmptyByteBufBE)
GET /session/b4c44b8ab3ec34df82fcca1e22294ffd/element/D6FCA329F55A989BAF0E516CCCB7C1E0_element_96/enabled HTTP/1.1
User-Agent: selenium/4.8.0 (java windows)
Cache-Control: no-cache
Content-Type: application/json; charset=utf-8
host: localhost:39165
accept: */*

Response DefaultHttpResponse(decodeResult: success, version: HTTP/1.1)
HTTP/1.1 200 OK
Content-Length: 14
Content-Type: application/json; charset=utf-8
cache-control: no-cache

11:35:57.430 [AsyncHttpClient-1-2] DEBUG org.asynchttpclient.netty.channel.ChannelManager - Adding key: http://localhost:39165 for channel [id: 0xa10b78a6, L:/127.0.0.1:61155 - R:localhost/127.0.0.1:39165]
11:35:57.431 [Forwarding findElement on session b4c44b8ab3ec34df82fcca1e22294ffd to remote] DEBUG org.asynchttpclient.netty.request.NettyRequestSender - Using pooled Channel '[id: 0xa10b78a6, L:/127.0.0.1:61155 - R:localhost/127.0.0.1:39165]' for 'POST' to 'http://localhost:39165/session/b4c44b8ab3ec34df82fcca1e22294ffd/element'
11:35:57.431 [Forwarding findElement on session b4c44b8ab3ec34df82fcca1e22294ffd to remote] DEBUG org.asynchttpclient.netty.request.NettyRequestSender - Using open Channel [id: 0xa10b78a6, L:/127.0.0.1:61155 - R:localhost/127.0.0.1:39165] for POST '/session/b4c44b8ab3ec34df82fcca1e22294ffd/element'
11:35:57.439 [AsyncHttpClient-1-2] DEBUG org.asynchttpclient.netty.handler.HttpHandler - 

Request DefaultHttpRequest(decodeResult: success, version: HTTP/1.1)
POST /session/b4c44b8ab3ec34df82fcca1e22294ffd/element HTTP/1.1
User-Agent: selenium/4.8.0 (java windows)
Content-Length: 77
Content-Type: application/json; charset=utf-8
host: localhost:39165
accept: */*

Response DefaultHttpResponse(decodeResult: success, version: HTTP/1.1)
HTTP/1.1 200 OK
Content-Length: 95
Content-Type: application/json; charset=utf-8
cache-control: no-cache

11:35:57.439 [AsyncHttpClient-1-2] DEBUG org.asynchttpclient.netty.channel.ChannelManager - Adding key: http://localhost:39165 for channel [id: 0xa10b78a6, L:/127.0.0.1:61155 - R:localhost/127.0.0.1:39165]
11:35:57.441 [Forwarding isElementDisplayed on session b4c44b8ab3ec34df82fcca1e22294ffd to remote] DEBUG org.asynchttpclient.netty.request.NettyRequestSender - Using pooled Channel '[id: 0xa10b78a6, L:/127.0.0.1:61155 - R:localhost/127.0.0.1:39165]' for 'POST' to 'http://localhost:39165/session/b4c44b8ab3ec34df82fcca1e22294ffd/execute/sync'
11:35:57.441 [Forwarding isElementDisplayed on session b4c44b8ab3ec34df82fcca1e22294ffd to remote] DEBUG org.asynchttpclient.netty.request.NettyRequestSender - Using open Channel [id: 0xa10b78a6, L:/127.0.0.1:61155 - R:localhost/127.0.0.1:39165] for POST '/session/b4c44b8ab3ec34df82fcca1e22294ffd/execute/sync'
11:35:57.451 [AsyncHttpClient-1-2] DEBUG org.asynchttpclient.netty.handler.HttpHandler - 

Request DefaultHttpRequest(decodeResult: success, version: HTTP/1.1)
POST /session/b4c44b8ab3ec34df82fcca1e22294ffd/execute/sync HTTP/1.1
User-Agent: selenium/4.8.0 (java windows)
Content-Length: 48814
Content-Type: application/json; charset=utf-8
host: localhost:39165
accept: */*

Response DefaultHttpResponse(decodeResult: success, version: HTTP/1.1)
HTTP/1.1 200 OK
Content-Length: 14
Content-Type: application/json; charset=utf-8
cache-control: no-cache

11:35:57.451 [AsyncHttpClient-1-2] DEBUG org.asynchttpclient.netty.channel.ChannelManager - Adding key: http://localhost:39165 for channel [id: 0xa10b78a6, L:/127.0.0.1:61155 - R:localhost/127.0.0.1:39165]
11:35:57.451 [Forwarding clickElement on session b4c44b8ab3ec34df82fcca1e22294ffd to remote] DEBUG org.asynchttpclient.netty.request.NettyRequestSender - Using pooled Channel '[id: 0xa10b78a6, L:/127.0.0.1:61155 - R:localhost/127.0.0.1:39165]' for 'POST' to 'http://localhost:39165/session/b4c44b8ab3ec34df82fcca1e22294ffd/element/D6FCA329F55A989BAF0E516CCCB7C1E0_element_96/click'
11:35:57.451 [Forwarding clickElement on session b4c44b8ab3ec34df82fcca1e22294ffd to remote] DEBUG org.asynchttpclient.netty.request.NettyRequestSender - Using open Channel [id: 0xa10b78a6, L:/127.0.0.1:61155 - R:localhost/127.0.0.1:39165] for POST '/session/b4c44b8ab3ec34df82fcca1e22294ffd/element/D6FCA329F55A989BAF0E516CCCB7C1E0_element_96/click'
11:35:57.479 [AsyncHttpClient-1-2] DEBUG org.asynchttpclient.netty.handler.HttpHandler - 

Request DefaultHttpRequest(decodeResult: success, version: HTTP/1.1)
POST /session/b4c44b8ab3ec34df82fcca1e22294ffd/element/D6FCA329F55A989BAF0E516CCCB7C1E0_element_96/click HTTP/1.1
User-Agent: selenium/4.8.0 (java windows)
Content-Length: 57
Content-Type: application/json; charset=utf-8
host: localhost:39165
accept: */*

Response DefaultHttpResponse(decodeResult: success, version: HTTP/1.1)
HTTP/1.1 200 OK
Content-Length: 14
Content-Type: application/json; charset=utf-8
cache-control: no-cache

11:35:57.479 [AsyncHttpClient-1-2] DEBUG org.asynchttpclient.netty.channel.ChannelManager - Adding key: http://localhost:39165 for channel [id: 0xa10b78a6, L:/127.0.0.1:61155 - R:localhost/127.0.0.1:39165]
11:35:57.493 [Forwarding getAlertText on session b4c44b8ab3ec34df82fcca1e22294ffd to remote] DEBUG org.asynchttpclient.netty.request.NettyRequestSender - Using pooled Channel '[id: 0xa10b78a6, L:/127.0.0.1:61155 - R:localhost/127.0.0.1:39165]' for 'GET' to 'http://localhost:39165/session/b4c44b8ab3ec34df82fcca1e22294ffd/alert/text'
11:35:57.493 [Forwarding getAlertText on session b4c44b8ab3ec34df82fcca1e22294ffd to remote] DEBUG org.asynchttpclient.netty.request.NettyRequestSender - Using open Channel [id: 0xa10b78a6, L:/127.0.0.1:61155 - R:localhost/127.0.0.1:39165] for GET '/session/b4c44b8ab3ec34df82fcca1e22294ffd/alert/text'
11:35:57.495 [AsyncHttpClient-1-2] DEBUG org.asynchttpclient.netty.handler.HttpHandler - 

Request DefaultFullHttpRequest(decodeResult: success, version: HTTP/1.1, content: EmptyByteBufBE)
GET /session/b4c44b8ab3ec34df82fcca1e22294ffd/alert/text HTTP/1.1
User-Agent: selenium/4.8.0 (java windows)
Cache-Control: no-cache
Content-Type: application/json; charset=utf-8
host: localhost:39165
accept: */*

Response DefaultHttpResponse(decodeResult: success, version: HTTP/1.1)
HTTP/1.1 404 Not Found
Content-Length: 1522
Content-Type: application/json; charset=utf-8
cache-control: no-cache

11:35:57.495 [AsyncHttpClient-1-2] DEBUG org.asynchttpclient.netty.channel.ChannelManager - Adding key: http://localhost:39165 for channel [id: 0xa10b78a6, L:/127.0.0.1:61155 - R:localhost/127.0.0.1:39165]
11:35:57.496 [Forwarding getCurrentUrl on session b4c44b8ab3ec34df82fcca1e22294ffd to remote] DEBUG org.asynchttpclient.netty.request.NettyRequestSender - Using pooled Channel '[id: 0xa10b78a6, L:/127.0.0.1:61155 - R:localhost/127.0.0.1:39165]' for 'GET' to 'http://localhost:39165/session/b4c44b8ab3ec34df82fcca1e22294ffd/url'
11:35:57.496 [Forwarding getCurrentUrl on session b4c44b8ab3ec34df82fcca1e22294ffd to remote] DEBUG org.asynchttpclient.netty.request.NettyRequestSender - Using open Channel [id: 0xa10b78a6, L:/127.0.0.1:61155 - R:localhost/127.0.0.1:39165] for GET '/session/b4c44b8ab3ec34df82fcca1e22294ffd/url'
11:35:57.502 [AsyncHttpClient-1-2] DEBUG org.asynchttpclient.netty.handler.HttpHandler - 

Request DefaultFullHttpRequest(decodeResult: success, version: HTTP/1.1, content: EmptyByteBufBE)
GET /session/b4c44b8ab3ec34df82fcca1e22294ffd/url HTTP/1.1
User-Agent: selenium/4.8.0 (java windows)
Cache-Control: no-cache
Content-Type: application/json; charset=utf-8
host: localhost:39165
accept: */*

Response DefaultHttpResponse(decodeResult: success, version: HTTP/1.1)
HTTP/1.1 200 OK
Content-Length: 52
Content-Type: application/json; charset=utf-8
cache-control: no-cache

11:35:57.502 [AsyncHttpClient-1-2] DEBUG org.asynchttpclient.netty.channel.ChannelManager - Adding key: http://localhost:39165 for channel [id: 0xa10b78a6, L:/127.0.0.1:61155 - R:localhost/127.0.0.1:39165]
11:35:57.502 [Forwarding screenshot on session b4c44b8ab3ec34df82fcca1e22294ffd to remote] DEBUG org.asynchttpclient.netty.request.NettyRequestSender - Using pooled Channel '[id: 0xa10b78a6, L:/127.0.0.1:61155 - R:localhost/127.0.0.1:39165]' for 'GET' to 'http://localhost:39165/session/b4c44b8ab3ec34df82fcca1e22294ffd/screenshot'
11:35:57.502 [Forwarding screenshot on session b4c44b8ab3ec34df82fcca1e22294ffd to remote] DEBUG org.asynchttpclient.netty.request.NettyRequestSender - Using open Channel [id: 0xa10b78a6, L:/127.0.0.1:61155 - R:localhost/127.0.0.1:39165] for GET '/session/b4c44b8ab3ec34df82fcca1e22294ffd/screenshot'
11:35:57.713 [AsyncHttpClient-1-2] DEBUG org.asynchttpclient.netty.handler.HttpHandler - 

Request DefaultFullHttpRequest(decodeResult: success, version: HTTP/1.1, content: EmptyByteBufBE)
GET /session/b4c44b8ab3ec34df82fcca1e22294ffd/screenshot HTTP/1.1
User-Agent: selenium/4.8.0 (java windows)
Cache-Control: no-cache
Content-Type: application/json; charset=utf-8
host: localhost:39165
accept: */*

Response DefaultHttpResponse(decodeResult: success, version: HTTP/1.1)
HTTP/1.1 200 OK
Content-Length: 527828
Content-Type: application/json; charset=utf-8
cache-control: no-cache

11:35:57.714 [AsyncHttpClient-1-2] DEBUG org.asynchttpclient.netty.channel.ChannelManager - Adding key: http://localhost:39165 for channel [id: 0xa10b78a6, L:/127.0.0.1:61155 - R:localhost/127.0.0.1:39165]
11:35:57.723 [main] DEBUG net.serenitybdd.core.photography.Darkroom - Send negative for processing for target\site\serenity\8680acb9ce9d70011e82fc2e16e9d34fdf72bcd76b33963a5f27c8cfc24d9d54.png
11:35:57.723 [main] DEBUG net.thucydides.core.steps.StepInterceptor - STEP DONE: remove product from the cart
11:35:57.723 [main] INFO  com.swaglabs.base.SetUp - one product removed from the cart
11:35:57.728 [main] DEBUG net.thucydides.core.steps.StepInterceptor - STEP DONE: test10_tryToRemoveOneProductFromTheCart
11:35:57.728 [Darkroom Processing Line] DEBUG net.serenitybdd.core.photography.DarkroomProcessingLine - Processing screenshot image in /var/screenshots/screenshot-13741466657095903249
11:35:57.728 [Darkroom Processing Line] DEBUG net.serenitybdd.core.photography.DarkroomProcessingLine - Saving screenshot to target\site\serenity\8680acb9ce9d70011e82fc2e16e9d34fdf72bcd76b33963a5f27c8cfc24d9d54.png
11:35:57.733 [Forwarding getPageSource on session b4c44b8ab3ec34df82fcca1e22294ffd to remote] DEBUG org.asynchttpclient.netty.request.NettyRequestSender - Using pooled Channel '[id: 0xa10b78a6, L:/127.0.0.1:61155 - R:localhost/127.0.0.1:39165]' for 'POST' to 'http://localhost:39165/session/b4c44b8ab3ec34df82fcca1e22294ffd/execute/sync'
11:35:57.733 [Forwarding getPageSource on session b4c44b8ab3ec34df82fcca1e22294ffd to remote] DEBUG org.asynchttpclient.netty.request.NettyRequestSender - Using open Channel [id: 0xa10b78a6, L:/127.0.0.1:61155 - R:localhost/127.0.0.1:39165] for POST '/session/b4c44b8ab3ec34df82fcca1e22294ffd/execute/sync'
11:35:57.738 [AsyncHttpClient-1-2] DEBUG org.asynchttpclient.netty.handler.HttpHandler - 

Request DefaultHttpRequest(decodeResult: success, version: HTTP/1.1)
POST /session/b4c44b8ab3ec34df82fcca1e22294ffd/execute/sync HTTP/1.1
User-Agent: selenium/4.8.0 (java windows)
Content-Length: 176
Content-Type: application/json; charset=utf-8
host: localhost:39165
accept: */*

Response DefaultHttpResponse(decodeResult: success, version: HTTP/1.1)
HTTP/1.1 200 OK
Content-Length: 16410
Content-Type: application/json; charset=utf-8
cache-control: no-cache

11:35:57.739 [AsyncHttpClient-1-2] DEBUG org.asynchttpclient.netty.channel.ChannelManager - Adding key: http://localhost:39165 for channel [id: 0xa10b78a6, L:/127.0.0.1:61155 - R:localhost/127.0.0.1:39165]
11:35:57.740 [Forwarding getCurrentUrl on session b4c44b8ab3ec34df82fcca1e22294ffd to remote] DEBUG org.asynchttpclient.netty.request.NettyRequestSender - Using pooled Channel '[id: 0xa10b78a6, L:/127.0.0.1:61155 - R:localhost/127.0.0.1:39165]' for 'GET' to 'http://localhost:39165/session/b4c44b8ab3ec34df82fcca1e22294ffd/url'
11:35:57.740 [Forwarding getCurrentUrl on session b4c44b8ab3ec34df82fcca1e22294ffd to remote] DEBUG org.asynchttpclient.netty.request.NettyRequestSender - Using open Channel [id: 0xa10b78a6, L:/127.0.0.1:61155 - R:localhost/127.0.0.1:39165] for GET '/session/b4c44b8ab3ec34df82fcca1e22294ffd/url'
11:35:57.742 [AsyncHttpClient-1-1] DEBUG org.asynchttpclient.netty.channel.DefaultChannelPool - Entry count for : http://localhost:61159 : 1
11:35:57.744 [AsyncHttpClient-1-2] DEBUG org.asynchttpclient.netty.handler.HttpHandler - 

Request DefaultFullHttpRequest(decodeResult: success, version: HTTP/1.1, content: EmptyByteBufBE)
GET /session/b4c44b8ab3ec34df82fcca1e22294ffd/url HTTP/1.1
User-Agent: selenium/4.8.0 (java windows)
Cache-Control: no-cache
Content-Type: application/json; charset=utf-8
host: localhost:39165
accept: */*

Response DefaultHttpResponse(decodeResult: success, version: HTTP/1.1)
HTTP/1.1 200 OK
Content-Length: 52
Content-Type: application/json; charset=utf-8
cache-control: no-cache

11:35:57.744 [AsyncHttpClient-1-2] DEBUG org.asynchttpclient.netty.channel.ChannelManager - Adding key: http://localhost:39165 for channel [id: 0xa10b78a6, L:/127.0.0.1:61155 - R:localhost/127.0.0.1:39165]
11:35:57.753 [main] DEBUG net.thucydides.core.steps.StepInterceptor - STARTING STEP: Tests.testCases - test11_StoreProductInExcel
11:35:57.758 [Forwarding findElement on session b4c44b8ab3ec34df82fcca1e22294ffd to remote] DEBUG org.asynchttpclient.netty.request.NettyRequestSender - Using pooled Channel '[id: 0xa10b78a6, L:/127.0.0.1:61155 - R:localhost/127.0.0.1:39165]' for 'POST' to 'http://localhost:39165/session/b4c44b8ab3ec34df82fcca1e22294ffd/element'
11:35:57.758 [Forwarding findElement on session b4c44b8ab3ec34df82fcca1e22294ffd to remote] DEBUG org.asynchttpclient.netty.request.NettyRequestSender - Using open Channel [id: 0xa10b78a6, L:/127.0.0.1:61155 - R:localhost/127.0.0.1:39165] for POST '/session/b4c44b8ab3ec34df82fcca1e22294ffd/element'
11:35:57.768 [AsyncHttpClient-1-2] DEBUG org.asynchttpclient.netty.handler.HttpHandler - 

Request DefaultHttpRequest(decodeResult: success, version: HTTP/1.1)
POST /session/b4c44b8ab3ec34df82fcca1e22294ffd/element HTTP/1.1
User-Agent: selenium/4.8.0 (java windows)
Content-Length: 79
Content-Type: application/json; charset=utf-8
host: localhost:39165
accept: */*

Response DefaultHttpResponse(decodeResult: success, version: HTTP/1.1)
HTTP/1.1 200 OK
Content-Length: 95
Content-Type: application/json; charset=utf-8
cache-control: no-cache

11:35:57.768 [AsyncHttpClient-1-2] DEBUG org.asynchttpclient.netty.channel.ChannelManager - Adding key: http://localhost:39165 for channel [id: 0xa10b78a6, L:/127.0.0.1:61155 - R:localhost/127.0.0.1:39165]
11:35:57.770 [Forwarding isElementDisplayed on session b4c44b8ab3ec34df82fcca1e22294ffd to remote] DEBUG org.asynchttpclient.netty.request.NettyRequestSender - Using pooled Channel '[id: 0xa10b78a6, L:/127.0.0.1:61155 - R:localhost/127.0.0.1:39165]' for 'POST' to 'http://localhost:39165/session/b4c44b8ab3ec34df82fcca1e22294ffd/execute/sync'
11:35:57.770 [Forwarding isElementDisplayed on session b4c44b8ab3ec34df82fcca1e22294ffd to remote] DEBUG org.asynchttpclient.netty.request.NettyRequestSender - Using open Channel [id: 0xa10b78a6, L:/127.0.0.1:61155 - R:localhost/127.0.0.1:39165] for POST '/session/b4c44b8ab3ec34df82fcca1e22294ffd/execute/sync'
11:35:57.783 [AsyncHttpClient-1-2] DEBUG org.asynchttpclient.netty.handler.HttpHandler - 

Request DefaultHttpRequest(decodeResult: success, version: HTTP/1.1)
POST /session/b4c44b8ab3ec34df82fcca1e22294ffd/execute/sync HTTP/1.1
User-Agent: selenium/4.8.0 (java windows)
Content-Length: 48814
Content-Type: application/json; charset=utf-8
host: localhost:39165
accept: */*

Response DefaultHttpResponse(decodeResult: success, version: HTTP/1.1)
HTTP/1.1 200 OK
Content-Length: 14
Content-Type: application/json; charset=utf-8
cache-control: no-cache

11:35:57.783 [AsyncHttpClient-1-2] DEBUG org.asynchttpclient.netty.channel.ChannelManager - Adding key: http://localhost:39165 for channel [id: 0xa10b78a6, L:/127.0.0.1:61155 - R:localhost/127.0.0.1:39165]
11:35:57.783 [Forwarding getElementTagName on session b4c44b8ab3ec34df82fcca1e22294ffd to remote] DEBUG org.asynchttpclient.netty.request.NettyRequestSender - Using pooled Channel '[id: 0xa10b78a6, L:/127.0.0.1:61155 - R:localhost/127.0.0.1:39165]' for 'GET' to 'http://localhost:39165/session/b4c44b8ab3ec34df82fcca1e22294ffd/element/D6FCA329F55A989BAF0E516CCCB7C1E0_element_97/name'
11:35:57.783 [Forwarding getElementTagName on session b4c44b8ab3ec34df82fcca1e22294ffd to remote] DEBUG org.asynchttpclient.netty.request.NettyRequestSender - Using open Channel [id: 0xa10b78a6, L:/127.0.0.1:61155 - R:localhost/127.0.0.1:39165] for GET '/session/b4c44b8ab3ec34df82fcca1e22294ffd/element/D6FCA329F55A989BAF0E516CCCB7C1E0_element_97/name'
11:35:57.787 [AsyncHttpClient-1-2] DEBUG org.asynchttpclient.netty.handler.HttpHandler - 

Request DefaultFullHttpRequest(decodeResult: success, version: HTTP/1.1, content: EmptyByteBufBE)
GET /session/b4c44b8ab3ec34df82fcca1e22294ffd/element/D6FCA329F55A989BAF0E516CCCB7C1E0_element_97/name HTTP/1.1
User-Agent: selenium/4.8.0 (java windows)
Cache-Control: no-cache
Content-Type: application/json; charset=utf-8
host: localhost:39165
accept: */*

Response DefaultHttpResponse(decodeResult: success, version: HTTP/1.1)
HTTP/1.1 200 OK
Content-Length: 13
Content-Type: application/json; charset=utf-8
cache-control: no-cache

11:35:57.787 [AsyncHttpClient-1-2] DEBUG org.asynchttpclient.netty.channel.ChannelManager - Adding key: http://localhost:39165 for channel [id: 0xa10b78a6, L:/127.0.0.1:61155 - R:localhost/127.0.0.1:39165]
11:35:57.788 [Forwarding getElementTagName on session b4c44b8ab3ec34df82fcca1e22294ffd to remote] DEBUG org.asynchttpclient.netty.request.NettyRequestSender - Using pooled Channel '[id: 0xa10b78a6, L:/127.0.0.1:61155 - R:localhost/127.0.0.1:39165]' for 'GET' to 'http://localhost:39165/session/b4c44b8ab3ec34df82fcca1e22294ffd/element/D6FCA329F55A989BAF0E516CCCB7C1E0_element_97/name'
11:35:57.788 [Forwarding getElementTagName on session b4c44b8ab3ec34df82fcca1e22294ffd to remote] DEBUG org.asynchttpclient.netty.request.NettyRequestSender - Using open Channel [id: 0xa10b78a6, L:/127.0.0.1:61155 - R:localhost/127.0.0.1:39165] for GET '/session/b4c44b8ab3ec34df82fcca1e22294ffd/element/D6FCA329F55A989BAF0E516CCCB7C1E0_element_97/name'
11:35:57.791 [AsyncHttpClient-1-2] DEBUG org.asynchttpclient.netty.handler.HttpHandler - 

Request DefaultFullHttpRequest(decodeResult: success, version: HTTP/1.1, content: EmptyByteBufBE)
GET /session/b4c44b8ab3ec34df82fcca1e22294ffd/element/D6FCA329F55A989BAF0E516CCCB7C1E0_element_97/name HTTP/1.1
User-Agent: selenium/4.8.0 (java windows)
Cache-Control: no-cache
Content-Type: application/json; charset=utf-8
host: localhost:39165
accept: */*

Response DefaultHttpResponse(decodeResult: success, version: HTTP/1.1)
HTTP/1.1 200 OK
Content-Length: 13
Content-Type: application/json; charset=utf-8
cache-control: no-cache

11:35:57.791 [AsyncHttpClient-1-2] DEBUG org.asynchttpclient.netty.channel.ChannelManager - Adding key: http://localhost:39165 for channel [id: 0xa10b78a6, L:/127.0.0.1:61155 - R:localhost/127.0.0.1:39165]
11:35:57.793 [Forwarding findElement on session b4c44b8ab3ec34df82fcca1e22294ffd to remote] DEBUG org.asynchttpclient.netty.request.NettyRequestSender - Using pooled Channel '[id: 0xa10b78a6, L:/127.0.0.1:61155 - R:localhost/127.0.0.1:39165]' for 'POST' to 'http://localhost:39165/session/b4c44b8ab3ec34df82fcca1e22294ffd/element'
11:35:57.793 [Forwarding findElement on session b4c44b8ab3ec34df82fcca1e22294ffd to remote] DEBUG org.asynchttpclient.netty.request.NettyRequestSender - Using open Channel [id: 0xa10b78a6, L:/127.0.0.1:61155 - R:localhost/127.0.0.1:39165] for POST '/session/b4c44b8ab3ec34df82fcca1e22294ffd/element'
11:35:57.798 [AsyncHttpClient-1-2] DEBUG org.asynchttpclient.netty.handler.HttpHandler - 

Request DefaultHttpRequest(decodeResult: success, version: HTTP/1.1)
POST /session/b4c44b8ab3ec34df82fcca1e22294ffd/element HTTP/1.1
User-Agent: selenium/4.8.0 (java windows)
Content-Length: 79
Content-Type: application/json; charset=utf-8
host: localhost:39165
accept: */*

Response DefaultHttpResponse(decodeResult: success, version: HTTP/1.1)
HTTP/1.1 200 OK
Content-Length: 95
Content-Type: application/json; charset=utf-8
cache-control: no-cache

11:35:57.798 [AsyncHttpClient-1-2] DEBUG org.asynchttpclient.netty.channel.ChannelManager - Adding key: http://localhost:39165 for channel [id: 0xa10b78a6, L:/127.0.0.1:61155 - R:localhost/127.0.0.1:39165]
11:35:57.800 [Forwarding isElementDisplayed on session b4c44b8ab3ec34df82fcca1e22294ffd to remote] DEBUG org.asynchttpclient.netty.request.NettyRequestSender - Using pooled Channel '[id: 0xa10b78a6, L:/127.0.0.1:61155 - R:localhost/127.0.0.1:39165]' for 'POST' to 'http://localhost:39165/session/b4c44b8ab3ec34df82fcca1e22294ffd/execute/sync'
11:35:57.800 [Forwarding isElementDisplayed on session b4c44b8ab3ec34df82fcca1e22294ffd to remote] DEBUG org.asynchttpclient.netty.request.NettyRequestSender - Using open Channel [id: 0xa10b78a6, L:/127.0.0.1:61155 - R:localhost/127.0.0.1:39165] for POST '/session/b4c44b8ab3ec34df82fcca1e22294ffd/execute/sync'
11:35:57.812 [AsyncHttpClient-1-2] DEBUG org.asynchttpclient.netty.handler.HttpHandler - 

Request DefaultHttpRequest(decodeResult: success, version: HTTP/1.1)
POST /session/b4c44b8ab3ec34df82fcca1e22294ffd/execute/sync HTTP/1.1
User-Agent: selenium/4.8.0 (java windows)
Content-Length: 48814
Content-Type: application/json; charset=utf-8
host: localhost:39165
accept: */*

Response DefaultHttpResponse(decodeResult: success, version: HTTP/1.1)
HTTP/1.1 200 OK
Content-Length: 14
Content-Type: application/json; charset=utf-8
cache-control: no-cache

11:35:57.812 [AsyncHttpClient-1-2] DEBUG org.asynchttpclient.netty.channel.ChannelManager - Adding key: http://localhost:39165 for channel [id: 0xa10b78a6, L:/127.0.0.1:61155 - R:localhost/127.0.0.1:39165]
11:35:57.812 [Forwarding clickElement on session b4c44b8ab3ec34df82fcca1e22294ffd to remote] DEBUG org.asynchttpclient.netty.request.NettyRequestSender - Using pooled Channel '[id: 0xa10b78a6, L:/127.0.0.1:61155 - R:localhost/127.0.0.1:39165]' for 'POST' to 'http://localhost:39165/session/b4c44b8ab3ec34df82fcca1e22294ffd/element/D6FCA329F55A989BAF0E516CCCB7C1E0_element_97/click'
11:35:57.812 [Forwarding clickElement on session b4c44b8ab3ec34df82fcca1e22294ffd to remote] DEBUG org.asynchttpclient.netty.request.NettyRequestSender - Using open Channel [id: 0xa10b78a6, L:/127.0.0.1:61155 - R:localhost/127.0.0.1:39165] for POST '/session/b4c44b8ab3ec34df82fcca1e22294ffd/element/D6FCA329F55A989BAF0E516CCCB7C1E0_element_97/click'
11:35:57.851 [AsyncHttpClient-1-2] DEBUG org.asynchttpclient.netty.handler.HttpHandler - 

Request DefaultHttpRequest(decodeResult: success, version: HTTP/1.1)
POST /session/b4c44b8ab3ec34df82fcca1e22294ffd/element/D6FCA329F55A989BAF0E516CCCB7C1E0_element_97/click HTTP/1.1
User-Agent: selenium/4.8.0 (java windows)
Content-Length: 57
Content-Type: application/json; charset=utf-8
host: localhost:39165
accept: */*

Response DefaultHttpResponse(decodeResult: success, version: HTTP/1.1)
HTTP/1.1 200 OK
Content-Length: 14
Content-Type: application/json; charset=utf-8
cache-control: no-cache

11:35:57.851 [AsyncHttpClient-1-2] DEBUG org.asynchttpclient.netty.channel.ChannelManager - Adding key: http://localhost:39165 for channel [id: 0xa10b78a6, L:/127.0.0.1:61155 - R:localhost/127.0.0.1:39165]
printingproductdescription
11:35:57.853 [Forwarding findElements on session b4c44b8ab3ec34df82fcca1e22294ffd to remote] DEBUG org.asynchttpclient.netty.request.NettyRequestSender - Using pooled Channel '[id: 0xa10b78a6, L:/127.0.0.1:61155 - R:localhost/127.0.0.1:39165]' for 'POST' to 'http://localhost:39165/session/b4c44b8ab3ec34df82fcca1e22294ffd/elements'
11:35:57.853 [Forwarding findElements on session b4c44b8ab3ec34df82fcca1e22294ffd to remote] DEBUG org.asynchttpclient.netty.request.NettyRequestSender - Using open Channel [id: 0xa10b78a6, L:/127.0.0.1:61155 - R:localhost/127.0.0.1:39165] for POST '/session/b4c44b8ab3ec34df82fcca1e22294ffd/elements'
11:35:57.880 [AsyncHttpClient-1-2] DEBUG org.asynchttpclient.netty.handler.HttpHandler - 

Request DefaultHttpRequest(decodeResult: success, version: HTTP/1.1)
POST /session/b4c44b8ab3ec34df82fcca1e22294ffd/elements HTTP/1.1
User-Agent: selenium/4.8.0 (java windows)
Content-Length: 93
Content-Type: application/json; charset=utf-8
host: localhost:39165
accept: */*

Response DefaultHttpResponse(decodeResult: success, version: HTTP/1.1)
HTTP/1.1 200 OK
Content-Length: 705
Content-Type: application/json; charset=utf-8
cache-control: no-cache

11:35:57.880 [AsyncHttpClient-1-2] DEBUG org.asynchttpclient.netty.channel.ChannelManager - Adding key: http://localhost:39165 for channel [id: 0xa10b78a6, L:/127.0.0.1:61155 - R:localhost/127.0.0.1:39165]
11:35:57.881 [Forwarding getElementText on session b4c44b8ab3ec34df82fcca1e22294ffd to remote] DEBUG org.asynchttpclient.netty.request.NettyRequestSender - Using pooled Channel '[id: 0xa10b78a6, L:/127.0.0.1:61155 - R:localhost/127.0.0.1:39165]' for 'GET' to 'http://localhost:39165/session/b4c44b8ab3ec34df82fcca1e22294ffd/element/D6FCA329F55A989BAF0E516CCCB7C1E0_element_98/text'
11:35:57.881 [Forwarding getElementText on session b4c44b8ab3ec34df82fcca1e22294ffd to remote] DEBUG org.asynchttpclient.netty.request.NettyRequestSender - Using open Channel [id: 0xa10b78a6, L:/127.0.0.1:61155 - R:localhost/127.0.0.1:39165] for GET '/session/b4c44b8ab3ec34df82fcca1e22294ffd/element/D6FCA329F55A989BAF0E516CCCB7C1E0_element_98/text'
11:35:57.891 [AsyncHttpClient-1-2] DEBUG org.asynchttpclient.netty.handler.HttpHandler - 

Request DefaultFullHttpRequest(decodeResult: success, version: HTTP/1.1, content: EmptyByteBufBE)
GET /session/b4c44b8ab3ec34df82fcca1e22294ffd/element/D6FCA329F55A989BAF0E516CCCB7C1E0_element_98/text HTTP/1.1
User-Agent: selenium/4.8.0 (java windows)
Cache-Control: no-cache
Content-Type: application/json; charset=utf-8
host: localhost:39165
accept: */*

Response DefaultHttpResponse(decodeResult: success, version: HTTP/1.1)
HTTP/1.1 200 OK
Content-Length: 29
Content-Type: application/json; charset=utf-8
cache-control: no-cache

11:35:57.891 [AsyncHttpClient-1-2] DEBUG org.asynchttpclient.netty.channel.ChannelManager - Adding key: http://localhost:39165 for channel [id: 0xa10b78a6, L:/127.0.0.1:61155 - R:localhost/127.0.0.1:39165]
firstproductnameSauce Labs Onesie
11:35:57.892 [Forwarding findElements on session b4c44b8ab3ec34df82fcca1e22294ffd to remote] DEBUG org.asynchttpclient.netty.request.NettyRequestSender - Using pooled Channel '[id: 0xa10b78a6, L:/127.0.0.1:61155 - R:localhost/127.0.0.1:39165]' for 'POST' to 'http://localhost:39165/session/b4c44b8ab3ec34df82fcca1e22294ffd/elements'
11:35:57.892 [Forwarding findElements on session b4c44b8ab3ec34df82fcca1e22294ffd to remote] DEBUG org.asynchttpclient.netty.request.NettyRequestSender - Using open Channel [id: 0xa10b78a6, L:/127.0.0.1:61155 - R:localhost/127.0.0.1:39165] for POST '/session/b4c44b8ab3ec34df82fcca1e22294ffd/elements'
11:35:57.900 [AsyncHttpClient-1-2] DEBUG org.asynchttpclient.netty.handler.HttpHandler - 

Request DefaultHttpRequest(decodeResult: success, version: HTTP/1.1)
POST /session/b4c44b8ab3ec34df82fcca1e22294ffd/elements HTTP/1.1
User-Agent: selenium/4.8.0 (java windows)
Content-Length: 93
Content-Type: application/json; charset=utf-8
host: localhost:39165
accept: */*

Response DefaultHttpResponse(decodeResult: success, version: HTTP/1.1)
HTTP/1.1 200 OK
Content-Length: 705
Content-Type: application/json; charset=utf-8
cache-control: no-cache

11:35:57.900 [AsyncHttpClient-1-2] DEBUG org.asynchttpclient.netty.channel.ChannelManager - Adding key: http://localhost:39165 for channel [id: 0xa10b78a6, L:/127.0.0.1:61155 - R:localhost/127.0.0.1:39165]
11:35:57.902 [Forwarding getElementText on session b4c44b8ab3ec34df82fcca1e22294ffd to remote] DEBUG org.asynchttpclient.netty.request.NettyRequestSender - Using pooled Channel '[id: 0xa10b78a6, L:/127.0.0.1:61155 - R:localhost/127.0.0.1:39165]' for 'GET' to 'http://localhost:39165/session/b4c44b8ab3ec34df82fcca1e22294ffd/element/D6FCA329F55A989BAF0E516CCCB7C1E0_element_99/text'
11:35:57.902 [Forwarding getElementText on session b4c44b8ab3ec34df82fcca1e22294ffd to remote] DEBUG org.asynchttpclient.netty.request.NettyRequestSender - Using open Channel [id: 0xa10b78a6, L:/127.0.0.1:61155 - R:localhost/127.0.0.1:39165] for GET '/session/b4c44b8ab3ec34df82fcca1e22294ffd/element/D6FCA329F55A989BAF0E516CCCB7C1E0_element_99/text'
11:35:57.908 [AsyncHttpClient-1-2] DEBUG org.asynchttpclient.netty.handler.HttpHandler - 

Request DefaultFullHttpRequest(decodeResult: success, version: HTTP/1.1, content: EmptyByteBufBE)
GET /session/b4c44b8ab3ec34df82fcca1e22294ffd/element/D6FCA329F55A989BAF0E516CCCB7C1E0_element_99/text HTTP/1.1
User-Agent: selenium/4.8.0 (java windows)
Cache-Control: no-cache
Content-Type: application/json; charset=utf-8
host: localhost:39165
accept: */*

Response DefaultHttpResponse(decodeResult: success, version: HTTP/1.1)
HTTP/1.1 200 OK
Content-Length: 171
Content-Type: application/json; charset=utf-8
cache-control: no-cache

11:35:57.908 [AsyncHttpClient-1-2] DEBUG org.asynchttpclient.netty.channel.ChannelManager - Adding key: http://localhost:39165 for channel [id: 0xa10b78a6, L:/127.0.0.1:61155 - R:localhost/127.0.0.1:39165]
firstproductnameRib snap infant onesie for the junior automation engineer in development. Reinforced 3-snap bottom closure, two-needle hemmed sleeved and bottom won't unravel.
11:35:57.909 [Forwarding findElements on session b4c44b8ab3ec34df82fcca1e22294ffd to remote] DEBUG org.asynchttpclient.netty.request.NettyRequestSender - Using pooled Channel '[id: 0xa10b78a6, L:/127.0.0.1:61155 - R:localhost/127.0.0.1:39165]' for 'POST' to 'http://localhost:39165/session/b4c44b8ab3ec34df82fcca1e22294ffd/elements'
11:35:57.909 [Forwarding findElements on session b4c44b8ab3ec34df82fcca1e22294ffd to remote] DEBUG org.asynchttpclient.netty.request.NettyRequestSender - Using open Channel [id: 0xa10b78a6, L:/127.0.0.1:61155 - R:localhost/127.0.0.1:39165] for POST '/session/b4c44b8ab3ec34df82fcca1e22294ffd/elements'
11:35:57.914 [AsyncHttpClient-1-2] DEBUG org.asynchttpclient.netty.handler.HttpHandler - 

Request DefaultHttpRequest(decodeResult: success, version: HTTP/1.1)
POST /session/b4c44b8ab3ec34df82fcca1e22294ffd/elements HTTP/1.1
User-Agent: selenium/4.8.0 (java windows)
Content-Length: 93
Content-Type: application/json; charset=utf-8
host: localhost:39165
accept: */*

Response DefaultHttpResponse(decodeResult: success, version: HTTP/1.1)
HTTP/1.1 200 OK
Content-Length: 705
Content-Type: application/json; charset=utf-8
cache-control: no-cache

11:35:57.914 [AsyncHttpClient-1-2] DEBUG org.asynchttpclient.netty.channel.ChannelManager - Adding key: http://localhost:39165 for channel [id: 0xa10b78a6, L:/127.0.0.1:61155 - R:localhost/127.0.0.1:39165]
11:35:57.916 [Forwarding findElements on session b4c44b8ab3ec34df82fcca1e22294ffd to remote] DEBUG org.asynchttpclient.netty.request.NettyRequestSender - Using pooled Channel '[id: 0xa10b78a6, L:/127.0.0.1:61155 - R:localhost/127.0.0.1:39165]' for 'POST' to 'http://localhost:39165/session/b4c44b8ab3ec34df82fcca1e22294ffd/elements'
11:35:57.916 [Forwarding findElements on session b4c44b8ab3ec34df82fcca1e22294ffd to remote] DEBUG org.asynchttpclient.netty.request.NettyRequestSender - Using open Channel [id: 0xa10b78a6, L:/127.0.0.1:61155 - R:localhost/127.0.0.1:39165] for POST '/session/b4c44b8ab3ec34df82fcca1e22294ffd/elements'
11:35:57.922 [AsyncHttpClient-1-2] DEBUG org.asynchttpclient.netty.handler.HttpHandler - 

Request DefaultHttpRequest(decodeResult: success, version: HTTP/1.1)
POST /session/b4c44b8ab3ec34df82fcca1e22294ffd/elements HTTP/1.1
User-Agent: selenium/4.8.0 (java windows)
Content-Length: 93
Content-Type: application/json; charset=utf-8
host: localhost:39165
accept: */*

Response DefaultHttpResponse(decodeResult: success, version: HTTP/1.1)
HTTP/1.1 200 OK
Content-Length: 705
Content-Type: application/json; charset=utf-8
cache-control: no-cache

11:35:57.922 [AsyncHttpClient-1-2] DEBUG org.asynchttpclient.netty.channel.ChannelManager - Adding key: http://localhost:39165 for channel [id: 0xa10b78a6, L:/127.0.0.1:61155 - R:localhost/127.0.0.1:39165]
11:35:57.924 [Forwarding getElementText on session b4c44b8ab3ec34df82fcca1e22294ffd to remote] DEBUG org.asynchttpclient.netty.request.NettyRequestSender - Using pooled Channel '[id: 0xa10b78a6, L:/127.0.0.1:61155 - R:localhost/127.0.0.1:39165]' for 'GET' to 'http://localhost:39165/session/b4c44b8ab3ec34df82fcca1e22294ffd/element/D6FCA329F55A989BAF0E516CCCB7C1E0_element_98/text'
11:35:57.924 [Forwarding getElementText on session b4c44b8ab3ec34df82fcca1e22294ffd to remote] DEBUG org.asynchttpclient.netty.request.NettyRequestSender - Using open Channel [id: 0xa10b78a6, L:/127.0.0.1:61155 - R:localhost/127.0.0.1:39165] for GET '/session/b4c44b8ab3ec34df82fcca1e22294ffd/element/D6FCA329F55A989BAF0E516CCCB7C1E0_element_98/text'
11:35:57.930 [AsyncHttpClient-1-2] DEBUG org.asynchttpclient.netty.handler.HttpHandler - 

Request DefaultFullHttpRequest(decodeResult: success, version: HTTP/1.1, content: EmptyByteBufBE)
GET /session/b4c44b8ab3ec34df82fcca1e22294ffd/element/D6FCA329F55A989BAF0E516CCCB7C1E0_element_98/text HTTP/1.1
User-Agent: selenium/4.8.0 (java windows)
Cache-Control: no-cache
Content-Type: application/json; charset=utf-8
host: localhost:39165
accept: */*

Response DefaultHttpResponse(decodeResult: success, version: HTTP/1.1)
HTTP/1.1 200 OK
Content-Length: 29
Content-Type: application/json; charset=utf-8
cache-control: no-cache

11:35:57.931 [AsyncHttpClient-1-2] DEBUG org.asynchttpclient.netty.channel.ChannelManager - Adding key: http://localhost:39165 for channel [id: 0xa10b78a6, L:/127.0.0.1:61155 - R:localhost/127.0.0.1:39165]
11:35:57.932 [Forwarding findElements on session b4c44b8ab3ec34df82fcca1e22294ffd to remote] DEBUG org.asynchttpclient.netty.request.NettyRequestSender - Using pooled Channel '[id: 0xa10b78a6, L:/127.0.0.1:61155 - R:localhost/127.0.0.1:39165]' for 'POST' to 'http://localhost:39165/session/b4c44b8ab3ec34df82fcca1e22294ffd/elements'
11:35:57.932 [Forwarding findElements on session b4c44b8ab3ec34df82fcca1e22294ffd to remote] DEBUG org.asynchttpclient.netty.request.NettyRequestSender - Using open Channel [id: 0xa10b78a6, L:/127.0.0.1:61155 - R:localhost/127.0.0.1:39165] for POST '/session/b4c44b8ab3ec34df82fcca1e22294ffd/elements'
11:35:57.938 [AsyncHttpClient-1-2] DEBUG org.asynchttpclient.netty.handler.HttpHandler - 

Request DefaultHttpRequest(decodeResult: success, version: HTTP/1.1)
POST /session/b4c44b8ab3ec34df82fcca1e22294ffd/elements HTTP/1.1
User-Agent: selenium/4.8.0 (java windows)
Content-Length: 93
Content-Type: application/json; charset=utf-8
host: localhost:39165
accept: */*

Response DefaultHttpResponse(decodeResult: success, version: HTTP/1.1)
HTTP/1.1 200 OK
Content-Length: 705
Content-Type: application/json; charset=utf-8
cache-control: no-cache

11:35:57.938 [AsyncHttpClient-1-2] DEBUG org.asynchttpclient.netty.channel.ChannelManager - Adding key: http://localhost:39165 for channel [id: 0xa10b78a6, L:/127.0.0.1:61155 - R:localhost/127.0.0.1:39165]
11:35:57.939 [Forwarding findElements on session b4c44b8ab3ec34df82fcca1e22294ffd to remote] DEBUG org.asynchttpclient.netty.request.NettyRequestSender - Using pooled Channel '[id: 0xa10b78a6, L:/127.0.0.1:61155 - R:localhost/127.0.0.1:39165]' for 'POST' to 'http://localhost:39165/session/b4c44b8ab3ec34df82fcca1e22294ffd/elements'
11:35:57.939 [Forwarding findElements on session b4c44b8ab3ec34df82fcca1e22294ffd to remote] DEBUG org.asynchttpclient.netty.request.NettyRequestSender - Using open Channel [id: 0xa10b78a6, L:/127.0.0.1:61155 - R:localhost/127.0.0.1:39165] for POST '/session/b4c44b8ab3ec34df82fcca1e22294ffd/elements'
11:35:57.946 [AsyncHttpClient-1-2] DEBUG org.asynchttpclient.netty.handler.HttpHandler - 

Request DefaultHttpRequest(decodeResult: success, version: HTTP/1.1)
POST /session/b4c44b8ab3ec34df82fcca1e22294ffd/elements HTTP/1.1
User-Agent: selenium/4.8.0 (java windows)
Content-Length: 93
Content-Type: application/json; charset=utf-8
host: localhost:39165
accept: */*

Response DefaultHttpResponse(decodeResult: success, version: HTTP/1.1)
HTTP/1.1 200 OK
Content-Length: 705
Content-Type: application/json; charset=utf-8
cache-control: no-cache

11:35:57.946 [AsyncHttpClient-1-2] DEBUG org.asynchttpclient.netty.channel.ChannelManager - Adding key: http://localhost:39165 for channel [id: 0xa10b78a6, L:/127.0.0.1:61155 - R:localhost/127.0.0.1:39165]
11:35:57.947 [Forwarding getElementText on session b4c44b8ab3ec34df82fcca1e22294ffd to remote] DEBUG org.asynchttpclient.netty.request.NettyRequestSender - Using pooled Channel '[id: 0xa10b78a6, L:/127.0.0.1:61155 - R:localhost/127.0.0.1:39165]' for 'GET' to 'http://localhost:39165/session/b4c44b8ab3ec34df82fcca1e22294ffd/element/D6FCA329F55A989BAF0E516CCCB7C1E0_element_99/text'
11:35:57.947 [Forwarding getElementText on session b4c44b8ab3ec34df82fcca1e22294ffd to remote] DEBUG org.asynchttpclient.netty.request.NettyRequestSender - Using open Channel [id: 0xa10b78a6, L:/127.0.0.1:61155 - R:localhost/127.0.0.1:39165] for GET '/session/b4c44b8ab3ec34df82fcca1e22294ffd/element/D6FCA329F55A989BAF0E516CCCB7C1E0_element_99/text'
11:35:57.956 [AsyncHttpClient-1-2] DEBUG org.asynchttpclient.netty.handler.HttpHandler - 

Request DefaultFullHttpRequest(decodeResult: success, version: HTTP/1.1, content: EmptyByteBufBE)
GET /session/b4c44b8ab3ec34df82fcca1e22294ffd/element/D6FCA329F55A989BAF0E516CCCB7C1E0_element_99/text HTTP/1.1
User-Agent: selenium/4.8.0 (java windows)
Cache-Control: no-cache
Content-Type: application/json; charset=utf-8
host: localhost:39165
accept: */*

Response DefaultHttpResponse(decodeResult: success, version: HTTP/1.1)
HTTP/1.1 200 OK
Content-Length: 171
Content-Type: application/json; charset=utf-8
cache-control: no-cache

11:35:57.956 [AsyncHttpClient-1-2] DEBUG org.asynchttpclient.netty.channel.ChannelManager - Adding key: http://localhost:39165 for channel [id: 0xa10b78a6, L:/127.0.0.1:61155 - R:localhost/127.0.0.1:39165]
11:35:57.957 [Forwarding findElements on session b4c44b8ab3ec34df82fcca1e22294ffd to remote] DEBUG org.asynchttpclient.netty.request.NettyRequestSender - Using pooled Channel '[id: 0xa10b78a6, L:/127.0.0.1:61155 - R:localhost/127.0.0.1:39165]' for 'POST' to 'http://localhost:39165/session/b4c44b8ab3ec34df82fcca1e22294ffd/elements'
11:35:57.957 [Forwarding findElements on session b4c44b8ab3ec34df82fcca1e22294ffd to remote] DEBUG org.asynchttpclient.netty.request.NettyRequestSender - Using open Channel [id: 0xa10b78a6, L:/127.0.0.1:61155 - R:localhost/127.0.0.1:39165] for POST '/session/b4c44b8ab3ec34df82fcca1e22294ffd/elements'
11:35:57.965 [AsyncHttpClient-1-2] DEBUG org.asynchttpclient.netty.handler.HttpHandler - 

Request DefaultHttpRequest(decodeResult: success, version: HTTP/1.1)
POST /session/b4c44b8ab3ec34df82fcca1e22294ffd/elements HTTP/1.1
User-Agent: selenium/4.8.0 (java windows)
Content-Length: 93
Content-Type: application/json; charset=utf-8
host: localhost:39165
accept: */*

Response DefaultHttpResponse(decodeResult: success, version: HTTP/1.1)
HTTP/1.1 200 OK
Content-Length: 705
Content-Type: application/json; charset=utf-8
cache-control: no-cache

11:35:57.965 [AsyncHttpClient-1-2] DEBUG org.asynchttpclient.netty.channel.ChannelManager - Adding key: http://localhost:39165 for channel [id: 0xa10b78a6, L:/127.0.0.1:61155 - R:localhost/127.0.0.1:39165]
11:35:57.966 [Forwarding findElements on session b4c44b8ab3ec34df82fcca1e22294ffd to remote] DEBUG org.asynchttpclient.netty.request.NettyRequestSender - Using pooled Channel '[id: 0xa10b78a6, L:/127.0.0.1:61155 - R:localhost/127.0.0.1:39165]' for 'POST' to 'http://localhost:39165/session/b4c44b8ab3ec34df82fcca1e22294ffd/elements'
11:35:57.966 [Forwarding findElements on session b4c44b8ab3ec34df82fcca1e22294ffd to remote] DEBUG org.asynchttpclient.netty.request.NettyRequestSender - Using open Channel [id: 0xa10b78a6, L:/127.0.0.1:61155 - R:localhost/127.0.0.1:39165] for POST '/session/b4c44b8ab3ec34df82fcca1e22294ffd/elements'
11:35:57.976 [AsyncHttpClient-1-2] DEBUG org.asynchttpclient.netty.handler.HttpHandler - 

Request DefaultHttpRequest(decodeResult: success, version: HTTP/1.1)
POST /session/b4c44b8ab3ec34df82fcca1e22294ffd/elements HTTP/1.1
User-Agent: selenium/4.8.0 (java windows)
Content-Length: 93
Content-Type: application/json; charset=utf-8
host: localhost:39165
accept: */*

Response DefaultHttpResponse(decodeResult: success, version: HTTP/1.1)
HTTP/1.1 200 OK
Content-Length: 705
Content-Type: application/json; charset=utf-8
cache-control: no-cache

11:35:57.976 [AsyncHttpClient-1-2] DEBUG org.asynchttpclient.netty.channel.ChannelManager - Adding key: http://localhost:39165 for channel [id: 0xa10b78a6, L:/127.0.0.1:61155 - R:localhost/127.0.0.1:39165]
11:35:57.977 [Forwarding getElementText on session b4c44b8ab3ec34df82fcca1e22294ffd to remote] DEBUG org.asynchttpclient.netty.request.NettyRequestSender - Using pooled Channel '[id: 0xa10b78a6, L:/127.0.0.1:61155 - R:localhost/127.0.0.1:39165]' for 'GET' to 'http://localhost:39165/session/b4c44b8ab3ec34df82fcca1e22294ffd/element/D6FCA329F55A989BAF0E516CCCB7C1E0_element_100/text'
11:35:57.977 [Forwarding getElementText on session b4c44b8ab3ec34df82fcca1e22294ffd to remote] DEBUG org.asynchttpclient.netty.request.NettyRequestSender - Using open Channel [id: 0xa10b78a6, L:/127.0.0.1:61155 - R:localhost/127.0.0.1:39165] for GET '/session/b4c44b8ab3ec34df82fcca1e22294ffd/element/D6FCA329F55A989BAF0E516CCCB7C1E0_element_100/text'
11:35:57.987 [AsyncHttpClient-1-2] DEBUG org.asynchttpclient.netty.handler.HttpHandler - 

Request DefaultFullHttpRequest(decodeResult: success, version: HTTP/1.1, content: EmptyByteBufBE)
GET /session/b4c44b8ab3ec34df82fcca1e22294ffd/element/D6FCA329F55A989BAF0E516CCCB7C1E0_element_100/text HTTP/1.1
User-Agent: selenium/4.8.0 (java windows)
Cache-Control: no-cache
Content-Type: application/json; charset=utf-8
host: localhost:39165
accept: */*

Response DefaultHttpResponse(decodeResult: success, version: HTTP/1.1)
HTTP/1.1 200 OK
Content-Length: 25
Content-Type: application/json; charset=utf-8
cache-control: no-cache

11:35:57.987 [AsyncHttpClient-1-2] DEBUG org.asynchttpclient.netty.channel.ChannelManager - Adding key: http://localhost:39165 for channel [id: 0xa10b78a6, L:/127.0.0.1:61155 - R:localhost/127.0.0.1:39165]
11:35:57.988 [Forwarding findElements on session b4c44b8ab3ec34df82fcca1e22294ffd to remote] DEBUG org.asynchttpclient.netty.request.NettyRequestSender - Using pooled Channel '[id: 0xa10b78a6, L:/127.0.0.1:61155 - R:localhost/127.0.0.1:39165]' for 'POST' to 'http://localhost:39165/session/b4c44b8ab3ec34df82fcca1e22294ffd/elements'
11:35:57.988 [Forwarding findElements on session b4c44b8ab3ec34df82fcca1e22294ffd to remote] DEBUG org.asynchttpclient.netty.request.NettyRequestSender - Using open Channel [id: 0xa10b78a6, L:/127.0.0.1:61155 - R:localhost/127.0.0.1:39165] for POST '/session/b4c44b8ab3ec34df82fcca1e22294ffd/elements'
11:35:57.997 [AsyncHttpClient-1-2] DEBUG org.asynchttpclient.netty.handler.HttpHandler - 

Request DefaultHttpRequest(decodeResult: success, version: HTTP/1.1)
POST /session/b4c44b8ab3ec34df82fcca1e22294ffd/elements HTTP/1.1
User-Agent: selenium/4.8.0 (java windows)
Content-Length: 93
Content-Type: application/json; charset=utf-8
host: localhost:39165
accept: */*

Response DefaultHttpResponse(decodeResult: success, version: HTTP/1.1)
HTTP/1.1 200 OK
Content-Length: 705
Content-Type: application/json; charset=utf-8
cache-control: no-cache

11:35:57.997 [AsyncHttpClient-1-2] DEBUG org.asynchttpclient.netty.channel.ChannelManager - Adding key: http://localhost:39165 for channel [id: 0xa10b78a6, L:/127.0.0.1:61155 - R:localhost/127.0.0.1:39165]
11:35:57.998 [Forwarding findElements on session b4c44b8ab3ec34df82fcca1e22294ffd to remote] DEBUG org.asynchttpclient.netty.request.NettyRequestSender - Using pooled Channel '[id: 0xa10b78a6, L:/127.0.0.1:61155 - R:localhost/127.0.0.1:39165]' for 'POST' to 'http://localhost:39165/session/b4c44b8ab3ec34df82fcca1e22294ffd/elements'
11:35:57.998 [Forwarding findElements on session b4c44b8ab3ec34df82fcca1e22294ffd to remote] DEBUG org.asynchttpclient.netty.request.NettyRequestSender - Using open Channel [id: 0xa10b78a6, L:/127.0.0.1:61155 - R:localhost/127.0.0.1:39165] for POST '/session/b4c44b8ab3ec34df82fcca1e22294ffd/elements'
11:35:58.004 [AsyncHttpClient-1-2] DEBUG org.asynchttpclient.netty.handler.HttpHandler - 

Request DefaultHttpRequest(decodeResult: success, version: HTTP/1.1)
POST /session/b4c44b8ab3ec34df82fcca1e22294ffd/elements HTTP/1.1
User-Agent: selenium/4.8.0 (java windows)
Content-Length: 93
Content-Type: application/json; charset=utf-8
host: localhost:39165
accept: */*

Response DefaultHttpResponse(decodeResult: success, version: HTTP/1.1)
HTTP/1.1 200 OK
Content-Length: 705
Content-Type: application/json; charset=utf-8
cache-control: no-cache

11:35:58.004 [AsyncHttpClient-1-2] DEBUG org.asynchttpclient.netty.channel.ChannelManager - Adding key: http://localhost:39165 for channel [id: 0xa10b78a6, L:/127.0.0.1:61155 - R:localhost/127.0.0.1:39165]
11:35:58.005 [Forwarding getElementText on session b4c44b8ab3ec34df82fcca1e22294ffd to remote] DEBUG org.asynchttpclient.netty.request.NettyRequestSender - Using pooled Channel '[id: 0xa10b78a6, L:/127.0.0.1:61155 - R:localhost/127.0.0.1:39165]' for 'GET' to 'http://localhost:39165/session/b4c44b8ab3ec34df82fcca1e22294ffd/element/D6FCA329F55A989BAF0E516CCCB7C1E0_element_101/text'
11:35:58.005 [Forwarding getElementText on session b4c44b8ab3ec34df82fcca1e22294ffd to remote] DEBUG org.asynchttpclient.netty.request.NettyRequestSender - Using open Channel [id: 0xa10b78a6, L:/127.0.0.1:61155 - R:localhost/127.0.0.1:39165] for GET '/session/b4c44b8ab3ec34df82fcca1e22294ffd/element/D6FCA329F55A989BAF0E516CCCB7C1E0_element_101/text'
11:35:58.012 [AsyncHttpClient-1-2] DEBUG org.asynchttpclient.netty.handler.HttpHandler - 

Request DefaultFullHttpRequest(decodeResult: success, version: HTTP/1.1, content: EmptyByteBufBE)
GET /session/b4c44b8ab3ec34df82fcca1e22294ffd/element/D6FCA329F55A989BAF0E516CCCB7C1E0_element_101/text HTTP/1.1
User-Agent: selenium/4.8.0 (java windows)
Cache-Control: no-cache
Content-Type: application/json; charset=utf-8
host: localhost:39165
accept: */*

Response DefaultHttpResponse(decodeResult: success, version: HTTP/1.1)
HTTP/1.1 200 OK
Content-Length: 17
Content-Type: application/json; charset=utf-8
cache-control: no-cache

11:35:58.012 [AsyncHttpClient-1-2] DEBUG org.asynchttpclient.netty.channel.ChannelManager - Adding key: http://localhost:39165 for channel [id: 0xa10b78a6, L:/127.0.0.1:61155 - R:localhost/127.0.0.1:39165]
11:35:58.013 [Forwarding findElements on session b4c44b8ab3ec34df82fcca1e22294ffd to remote] DEBUG org.asynchttpclient.netty.request.NettyRequestSender - Using pooled Channel '[id: 0xa10b78a6, L:/127.0.0.1:61155 - R:localhost/127.0.0.1:39165]' for 'POST' to 'http://localhost:39165/session/b4c44b8ab3ec34df82fcca1e22294ffd/elements'
11:35:58.013 [Forwarding findElements on session b4c44b8ab3ec34df82fcca1e22294ffd to remote] DEBUG org.asynchttpclient.netty.request.NettyRequestSender - Using open Channel [id: 0xa10b78a6, L:/127.0.0.1:61155 - R:localhost/127.0.0.1:39165] for POST '/session/b4c44b8ab3ec34df82fcca1e22294ffd/elements'
11:35:58.020 [AsyncHttpClient-1-2] DEBUG org.asynchttpclient.netty.handler.HttpHandler - 

Request DefaultHttpRequest(decodeResult: success, version: HTTP/1.1)
POST /session/b4c44b8ab3ec34df82fcca1e22294ffd/elements HTTP/1.1
User-Agent: selenium/4.8.0 (java windows)
Content-Length: 93
Content-Type: application/json; charset=utf-8
host: localhost:39165
accept: */*

Response DefaultHttpResponse(decodeResult: success, version: HTTP/1.1)
HTTP/1.1 200 OK
Content-Length: 705
Content-Type: application/json; charset=utf-8
cache-control: no-cache

11:35:58.020 [AsyncHttpClient-1-2] DEBUG org.asynchttpclient.netty.channel.ChannelManager - Adding key: http://localhost:39165 for channel [id: 0xa10b78a6, L:/127.0.0.1:61155 - R:localhost/127.0.0.1:39165]
11:35:58.022 [Forwarding findElements on session b4c44b8ab3ec34df82fcca1e22294ffd to remote] DEBUG org.asynchttpclient.netty.request.NettyRequestSender - Using pooled Channel '[id: 0xa10b78a6, L:/127.0.0.1:61155 - R:localhost/127.0.0.1:39165]' for 'POST' to 'http://localhost:39165/session/b4c44b8ab3ec34df82fcca1e22294ffd/elements'
11:35:58.022 [Forwarding findElements on session b4c44b8ab3ec34df82fcca1e22294ffd to remote] DEBUG org.asynchttpclient.netty.request.NettyRequestSender - Using open Channel [id: 0xa10b78a6, L:/127.0.0.1:61155 - R:localhost/127.0.0.1:39165] for POST '/session/b4c44b8ab3ec34df82fcca1e22294ffd/elements'
11:35:58.029 [AsyncHttpClient-1-2] DEBUG org.asynchttpclient.netty.handler.HttpHandler - 

Request DefaultHttpRequest(decodeResult: success, version: HTTP/1.1)
POST /session/b4c44b8ab3ec34df82fcca1e22294ffd/elements HTTP/1.1
User-Agent: selenium/4.8.0 (java windows)
Content-Length: 93
Content-Type: application/json; charset=utf-8
host: localhost:39165
accept: */*

Response DefaultHttpResponse(decodeResult: success, version: HTTP/1.1)
HTTP/1.1 200 OK
Content-Length: 705
Content-Type: application/json; charset=utf-8
cache-control: no-cache

11:35:58.029 [AsyncHttpClient-1-2] DEBUG org.asynchttpclient.netty.channel.ChannelManager - Adding key: http://localhost:39165 for channel [id: 0xa10b78a6, L:/127.0.0.1:61155 - R:localhost/127.0.0.1:39165]
11:35:58.029 [Forwarding getElementText on session b4c44b8ab3ec34df82fcca1e22294ffd to remote] DEBUG org.asynchttpclient.netty.request.NettyRequestSender - Using pooled Channel '[id: 0xa10b78a6, L:/127.0.0.1:61155 - R:localhost/127.0.0.1:39165]' for 'GET' to 'http://localhost:39165/session/b4c44b8ab3ec34df82fcca1e22294ffd/element/D6FCA329F55A989BAF0E516CCCB7C1E0_element_102/text'
11:35:58.029 [Forwarding getElementText on session b4c44b8ab3ec34df82fcca1e22294ffd to remote] DEBUG org.asynchttpclient.netty.request.NettyRequestSender - Using open Channel [id: 0xa10b78a6, L:/127.0.0.1:61155 - R:localhost/127.0.0.1:39165] for GET '/session/b4c44b8ab3ec34df82fcca1e22294ffd/element/D6FCA329F55A989BAF0E516CCCB7C1E0_element_102/text'
11:35:58.038 [AsyncHttpClient-1-2] DEBUG org.asynchttpclient.netty.handler.HttpHandler - 

Request DefaultFullHttpRequest(decodeResult: success, version: HTTP/1.1, content: EmptyByteBufBE)
GET /session/b4c44b8ab3ec34df82fcca1e22294ffd/element/D6FCA329F55A989BAF0E516CCCB7C1E0_element_102/text HTTP/1.1
User-Agent: selenium/4.8.0 (java windows)
Cache-Control: no-cache
Content-Type: application/json; charset=utf-8
host: localhost:39165
accept: */*

Response DefaultHttpResponse(decodeResult: success, version: HTTP/1.1)
HTTP/1.1 200 OK
Content-Length: 33
Content-Type: application/json; charset=utf-8
cache-control: no-cache

11:35:58.038 [AsyncHttpClient-1-2] DEBUG org.asynchttpclient.netty.channel.ChannelManager - Adding key: http://localhost:39165 for channel [id: 0xa10b78a6, L:/127.0.0.1:61155 - R:localhost/127.0.0.1:39165]
11:35:58.041 [Forwarding findElements on session b4c44b8ab3ec34df82fcca1e22294ffd to remote] DEBUG org.asynchttpclient.netty.request.NettyRequestSender - Using pooled Channel '[id: 0xa10b78a6, L:/127.0.0.1:61155 - R:localhost/127.0.0.1:39165]' for 'POST' to 'http://localhost:39165/session/b4c44b8ab3ec34df82fcca1e22294ffd/elements'
11:35:58.041 [Forwarding findElements on session b4c44b8ab3ec34df82fcca1e22294ffd to remote] DEBUG org.asynchttpclient.netty.request.NettyRequestSender - Using open Channel [id: 0xa10b78a6, L:/127.0.0.1:61155 - R:localhost/127.0.0.1:39165] for POST '/session/b4c44b8ab3ec34df82fcca1e22294ffd/elements'
11:35:58.055 [AsyncHttpClient-1-2] DEBUG org.asynchttpclient.netty.handler.HttpHandler - 

Request DefaultHttpRequest(decodeResult: success, version: HTTP/1.1)
POST /session/b4c44b8ab3ec34df82fcca1e22294ffd/elements HTTP/1.1
User-Agent: selenium/4.8.0 (java windows)
Content-Length: 93
Content-Type: application/json; charset=utf-8
host: localhost:39165
accept: */*

Response DefaultHttpResponse(decodeResult: success, version: HTTP/1.1)
HTTP/1.1 200 OK
Content-Length: 705
Content-Type: application/json; charset=utf-8
cache-control: no-cache

11:35:58.055 [AsyncHttpClient-1-2] DEBUG org.asynchttpclient.netty.channel.ChannelManager - Adding key: http://localhost:39165 for channel [id: 0xa10b78a6, L:/127.0.0.1:61155 - R:localhost/127.0.0.1:39165]
11:35:58.056 [Forwarding findElements on session b4c44b8ab3ec34df82fcca1e22294ffd to remote] DEBUG org.asynchttpclient.netty.request.NettyRequestSender - Using pooled Channel '[id: 0xa10b78a6, L:/127.0.0.1:61155 - R:localhost/127.0.0.1:39165]' for 'POST' to 'http://localhost:39165/session/b4c44b8ab3ec34df82fcca1e22294ffd/elements'
11:35:58.056 [Forwarding findElements on session b4c44b8ab3ec34df82fcca1e22294ffd to remote] DEBUG org.asynchttpclient.netty.request.NettyRequestSender - Using open Channel [id: 0xa10b78a6, L:/127.0.0.1:61155 - R:localhost/127.0.0.1:39165] for POST '/session/b4c44b8ab3ec34df82fcca1e22294ffd/elements'
11:35:58.062 [AsyncHttpClient-1-2] DEBUG org.asynchttpclient.netty.handler.HttpHandler - 

Request DefaultHttpRequest(decodeResult: success, version: HTTP/1.1)
POST /session/b4c44b8ab3ec34df82fcca1e22294ffd/elements HTTP/1.1
User-Agent: selenium/4.8.0 (java windows)
Content-Length: 93
Content-Type: application/json; charset=utf-8
host: localhost:39165
accept: */*

Response DefaultHttpResponse(decodeResult: success, version: HTTP/1.1)
HTTP/1.1 200 OK
Content-Length: 705
Content-Type: application/json; charset=utf-8
cache-control: no-cache

11:35:58.062 [AsyncHttpClient-1-2] DEBUG org.asynchttpclient.netty.channel.ChannelManager - Adding key: http://localhost:39165 for channel [id: 0xa10b78a6, L:/127.0.0.1:61155 - R:localhost/127.0.0.1:39165]
11:35:58.063 [Forwarding getElementText on session b4c44b8ab3ec34df82fcca1e22294ffd to remote] DEBUG org.asynchttpclient.netty.request.NettyRequestSender - Using pooled Channel '[id: 0xa10b78a6, L:/127.0.0.1:61155 - R:localhost/127.0.0.1:39165]' for 'GET' to 'http://localhost:39165/session/b4c44b8ab3ec34df82fcca1e22294ffd/element/D6FCA329F55A989BAF0E516CCCB7C1E0_element_103/text'
11:35:58.063 [Forwarding getElementText on session b4c44b8ab3ec34df82fcca1e22294ffd to remote] DEBUG org.asynchttpclient.netty.request.NettyRequestSender - Using open Channel [id: 0xa10b78a6, L:/127.0.0.1:61155 - R:localhost/127.0.0.1:39165] for GET '/session/b4c44b8ab3ec34df82fcca1e22294ffd/element/D6FCA329F55A989BAF0E516CCCB7C1E0_element_103/text'
11:35:58.070 [AsyncHttpClient-1-2] DEBUG org.asynchttpclient.netty.handler.HttpHandler - 

Request DefaultFullHttpRequest(decodeResult: success, version: HTTP/1.1, content: EmptyByteBufBE)
GET /session/b4c44b8ab3ec34df82fcca1e22294ffd/element/D6FCA329F55A989BAF0E516CCCB7C1E0_element_103/text HTTP/1.1
User-Agent: selenium/4.8.0 (java windows)
Cache-Control: no-cache
Content-Type: application/json; charset=utf-8
host: localhost:39165
accept: */*

Response DefaultHttpResponse(decodeResult: success, version: HTTP/1.1)
HTTP/1.1 200 OK
Content-Length: 171
Content-Type: application/json; charset=utf-8
cache-control: no-cache

11:35:58.070 [AsyncHttpClient-1-2] DEBUG org.asynchttpclient.netty.channel.ChannelManager - Adding key: http://localhost:39165 for channel [id: 0xa10b78a6, L:/127.0.0.1:61155 - R:localhost/127.0.0.1:39165]
11:35:58.071 [Forwarding findElements on session b4c44b8ab3ec34df82fcca1e22294ffd to remote] DEBUG org.asynchttpclient.netty.request.NettyRequestSender - Using pooled Channel '[id: 0xa10b78a6, L:/127.0.0.1:61155 - R:localhost/127.0.0.1:39165]' for 'POST' to 'http://localhost:39165/session/b4c44b8ab3ec34df82fcca1e22294ffd/elements'
11:35:58.071 [Forwarding findElements on session b4c44b8ab3ec34df82fcca1e22294ffd to remote] DEBUG org.asynchttpclient.netty.request.NettyRequestSender - Using open Channel [id: 0xa10b78a6, L:/127.0.0.1:61155 - R:localhost/127.0.0.1:39165] for POST '/session/b4c44b8ab3ec34df82fcca1e22294ffd/elements'
11:35:58.076 [AsyncHttpClient-1-2] DEBUG org.asynchttpclient.netty.handler.HttpHandler - 

Request DefaultHttpRequest(decodeResult: success, version: HTTP/1.1)
POST /session/b4c44b8ab3ec34df82fcca1e22294ffd/elements HTTP/1.1
User-Agent: selenium/4.8.0 (java windows)
Content-Length: 93
Content-Type: application/json; charset=utf-8
host: localhost:39165
accept: */*

Response DefaultHttpResponse(decodeResult: success, version: HTTP/1.1)
HTTP/1.1 200 OK
Content-Length: 705
Content-Type: application/json; charset=utf-8
cache-control: no-cache

11:35:58.076 [AsyncHttpClient-1-2] DEBUG org.asynchttpclient.netty.channel.ChannelManager - Adding key: http://localhost:39165 for channel [id: 0xa10b78a6, L:/127.0.0.1:61155 - R:localhost/127.0.0.1:39165]
11:35:58.077 [Forwarding findElements on session b4c44b8ab3ec34df82fcca1e22294ffd to remote] DEBUG org.asynchttpclient.netty.request.NettyRequestSender - Using pooled Channel '[id: 0xa10b78a6, L:/127.0.0.1:61155 - R:localhost/127.0.0.1:39165]' for 'POST' to 'http://localhost:39165/session/b4c44b8ab3ec34df82fcca1e22294ffd/elements'
11:35:58.077 [Forwarding findElements on session b4c44b8ab3ec34df82fcca1e22294ffd to remote] DEBUG org.asynchttpclient.netty.request.NettyRequestSender - Using open Channel [id: 0xa10b78a6, L:/127.0.0.1:61155 - R:localhost/127.0.0.1:39165] for POST '/session/b4c44b8ab3ec34df82fcca1e22294ffd/elements'
11:35:58.084 [AsyncHttpClient-1-2] DEBUG org.asynchttpclient.netty.handler.HttpHandler - 

Request DefaultHttpRequest(decodeResult: success, version: HTTP/1.1)
POST /session/b4c44b8ab3ec34df82fcca1e22294ffd/elements HTTP/1.1
User-Agent: selenium/4.8.0 (java windows)
Content-Length: 93
Content-Type: application/json; charset=utf-8
host: localhost:39165
accept: */*

Response DefaultHttpResponse(decodeResult: success, version: HTTP/1.1)
HTTP/1.1 200 OK
Content-Length: 705
Content-Type: application/json; charset=utf-8
cache-control: no-cache

11:35:58.085 [AsyncHttpClient-1-2] DEBUG org.asynchttpclient.netty.channel.ChannelManager - Adding key: http://localhost:39165 for channel [id: 0xa10b78a6, L:/127.0.0.1:61155 - R:localhost/127.0.0.1:39165]
11:35:58.087 [Forwarding getElementText on session b4c44b8ab3ec34df82fcca1e22294ffd to remote] DEBUG org.asynchttpclient.netty.request.NettyRequestSender - Using pooled Channel '[id: 0xa10b78a6, L:/127.0.0.1:61155 - R:localhost/127.0.0.1:39165]' for 'GET' to 'http://localhost:39165/session/b4c44b8ab3ec34df82fcca1e22294ffd/element/D6FCA329F55A989BAF0E516CCCB7C1E0_element_104/text'
11:35:58.087 [Forwarding getElementText on session b4c44b8ab3ec34df82fcca1e22294ffd to remote] DEBUG org.asynchttpclient.netty.request.NettyRequestSender - Using open Channel [id: 0xa10b78a6, L:/127.0.0.1:61155 - R:localhost/127.0.0.1:39165] for GET '/session/b4c44b8ab3ec34df82fcca1e22294ffd/element/D6FCA329F55A989BAF0E516CCCB7C1E0_element_104/text'
11:35:58.096 [AsyncHttpClient-1-2] DEBUG org.asynchttpclient.netty.handler.HttpHandler - 

Request DefaultFullHttpRequest(decodeResult: success, version: HTTP/1.1, content: EmptyByteBufBE)
GET /session/b4c44b8ab3ec34df82fcca1e22294ffd/element/D6FCA329F55A989BAF0E516CCCB7C1E0_element_104/text HTTP/1.1
User-Agent: selenium/4.8.0 (java windows)
Cache-Control: no-cache
Content-Type: application/json; charset=utf-8
host: localhost:39165
accept: */*

Response DefaultHttpResponse(decodeResult: success, version: HTTP/1.1)
HTTP/1.1 200 OK
Content-Length: 25
Content-Type: application/json; charset=utf-8
cache-control: no-cache

11:35:58.096 [AsyncHttpClient-1-2] DEBUG org.asynchttpclient.netty.channel.ChannelManager - Adding key: http://localhost:39165 for channel [id: 0xa10b78a6, L:/127.0.0.1:61155 - R:localhost/127.0.0.1:39165]
11:35:58.096 [Forwarding findElements on session b4c44b8ab3ec34df82fcca1e22294ffd to remote] DEBUG org.asynchttpclient.netty.request.NettyRequestSender - Using pooled Channel '[id: 0xa10b78a6, L:/127.0.0.1:61155 - R:localhost/127.0.0.1:39165]' for 'POST' to 'http://localhost:39165/session/b4c44b8ab3ec34df82fcca1e22294ffd/elements'
11:35:58.096 [Forwarding findElements on session b4c44b8ab3ec34df82fcca1e22294ffd to remote] DEBUG org.asynchttpclient.netty.request.NettyRequestSender - Using open Channel [id: 0xa10b78a6, L:/127.0.0.1:61155 - R:localhost/127.0.0.1:39165] for POST '/session/b4c44b8ab3ec34df82fcca1e22294ffd/elements'
11:35:58.104 [AsyncHttpClient-1-2] DEBUG org.asynchttpclient.netty.handler.HttpHandler - 

Request DefaultHttpRequest(decodeResult: success, version: HTTP/1.1)
POST /session/b4c44b8ab3ec34df82fcca1e22294ffd/elements HTTP/1.1
User-Agent: selenium/4.8.0 (java windows)
Content-Length: 93
Content-Type: application/json; charset=utf-8
host: localhost:39165
accept: */*

Response DefaultHttpResponse(decodeResult: success, version: HTTP/1.1)
HTTP/1.1 200 OK
Content-Length: 705
Content-Type: application/json; charset=utf-8
cache-control: no-cache

11:35:58.105 [AsyncHttpClient-1-2] DEBUG org.asynchttpclient.netty.channel.ChannelManager - Adding key: http://localhost:39165 for channel [id: 0xa10b78a6, L:/127.0.0.1:61155 - R:localhost/127.0.0.1:39165]
11:35:58.107 [Forwarding findElements on session b4c44b8ab3ec34df82fcca1e22294ffd to remote] DEBUG org.asynchttpclient.netty.request.NettyRequestSender - Using pooled Channel '[id: 0xa10b78a6, L:/127.0.0.1:61155 - R:localhost/127.0.0.1:39165]' for 'POST' to 'http://localhost:39165/session/b4c44b8ab3ec34df82fcca1e22294ffd/elements'
11:35:58.107 [Forwarding findElements on session b4c44b8ab3ec34df82fcca1e22294ffd to remote] DEBUG org.asynchttpclient.netty.request.NettyRequestSender - Using open Channel [id: 0xa10b78a6, L:/127.0.0.1:61155 - R:localhost/127.0.0.1:39165] for POST '/session/b4c44b8ab3ec34df82fcca1e22294ffd/elements'
11:35:58.113 [AsyncHttpClient-1-2] DEBUG org.asynchttpclient.netty.handler.HttpHandler - 

Request DefaultHttpRequest(decodeResult: success, version: HTTP/1.1)
POST /session/b4c44b8ab3ec34df82fcca1e22294ffd/elements HTTP/1.1
User-Agent: selenium/4.8.0 (java windows)
Content-Length: 93
Content-Type: application/json; charset=utf-8
host: localhost:39165
accept: */*

Response DefaultHttpResponse(decodeResult: success, version: HTTP/1.1)
HTTP/1.1 200 OK
Content-Length: 705
Content-Type: application/json; charset=utf-8
cache-control: no-cache

11:35:58.113 [AsyncHttpClient-1-2] DEBUG org.asynchttpclient.netty.channel.ChannelManager - Adding key: http://localhost:39165 for channel [id: 0xa10b78a6, L:/127.0.0.1:61155 - R:localhost/127.0.0.1:39165]
11:35:58.114 [Forwarding getElementText on session b4c44b8ab3ec34df82fcca1e22294ffd to remote] DEBUG org.asynchttpclient.netty.request.NettyRequestSender - Using pooled Channel '[id: 0xa10b78a6, L:/127.0.0.1:61155 - R:localhost/127.0.0.1:39165]' for 'GET' to 'http://localhost:39165/session/b4c44b8ab3ec34df82fcca1e22294ffd/element/D6FCA329F55A989BAF0E516CCCB7C1E0_element_105/text'
11:35:58.114 [Forwarding getElementText on session b4c44b8ab3ec34df82fcca1e22294ffd to remote] DEBUG org.asynchttpclient.netty.request.NettyRequestSender - Using open Channel [id: 0xa10b78a6, L:/127.0.0.1:61155 - R:localhost/127.0.0.1:39165] for GET '/session/b4c44b8ab3ec34df82fcca1e22294ffd/element/D6FCA329F55A989BAF0E516CCCB7C1E0_element_105/text'
11:35:58.120 [AsyncHttpClient-1-2] DEBUG org.asynchttpclient.netty.handler.HttpHandler - 

Request DefaultFullHttpRequest(decodeResult: success, version: HTTP/1.1, content: EmptyByteBufBE)
GET /session/b4c44b8ab3ec34df82fcca1e22294ffd/element/D6FCA329F55A989BAF0E516CCCB7C1E0_element_105/text HTTP/1.1
User-Agent: selenium/4.8.0 (java windows)
Cache-Control: no-cache
Content-Type: application/json; charset=utf-8
host: localhost:39165
accept: */*

Response DefaultHttpResponse(decodeResult: success, version: HTTP/1.1)
HTTP/1.1 200 OK
Content-Length: 17
Content-Type: application/json; charset=utf-8
cache-control: no-cache

11:35:58.120 [AsyncHttpClient-1-2] DEBUG org.asynchttpclient.netty.channel.ChannelManager - Adding key: http://localhost:39165 for channel [id: 0xa10b78a6, L:/127.0.0.1:61155 - R:localhost/127.0.0.1:39165]
11:35:58.121 [Forwarding findElements on session b4c44b8ab3ec34df82fcca1e22294ffd to remote] DEBUG org.asynchttpclient.netty.request.NettyRequestSender - Using pooled Channel '[id: 0xa10b78a6, L:/127.0.0.1:61155 - R:localhost/127.0.0.1:39165]' for 'POST' to 'http://localhost:39165/session/b4c44b8ab3ec34df82fcca1e22294ffd/elements'
11:35:58.121 [Forwarding findElements on session b4c44b8ab3ec34df82fcca1e22294ffd to remote] DEBUG org.asynchttpclient.netty.request.NettyRequestSender - Using open Channel [id: 0xa10b78a6, L:/127.0.0.1:61155 - R:localhost/127.0.0.1:39165] for POST '/session/b4c44b8ab3ec34df82fcca1e22294ffd/elements'
11:35:58.128 [AsyncHttpClient-1-2] DEBUG org.asynchttpclient.netty.handler.HttpHandler - 

Request DefaultHttpRequest(decodeResult: success, version: HTTP/1.1)
POST /session/b4c44b8ab3ec34df82fcca1e22294ffd/elements HTTP/1.1
User-Agent: selenium/4.8.0 (java windows)
Content-Length: 93
Content-Type: application/json; charset=utf-8
host: localhost:39165
accept: */*

Response DefaultHttpResponse(decodeResult: success, version: HTTP/1.1)
HTTP/1.1 200 OK
Content-Length: 705
Content-Type: application/json; charset=utf-8
cache-control: no-cache

11:35:58.128 [AsyncHttpClient-1-2] DEBUG org.asynchttpclient.netty.channel.ChannelManager - Adding key: http://localhost:39165 for channel [id: 0xa10b78a6, L:/127.0.0.1:61155 - R:localhost/127.0.0.1:39165]
11:35:58.129 [main] INFO  com.swaglabs.base.SetUp - product details has been stored in excel sheet
11:35:58.425 [main] WARN  org.apache.poi.POIDocument - DocumentSummaryInformation property set came back as null
11:35:58.425 [main] WARN  org.apache.poi.POIDocument - SummaryInformation property set came back as null
11:35:58.483 [Forwarding getAlertText on session b4c44b8ab3ec34df82fcca1e22294ffd to remote] DEBUG org.asynchttpclient.netty.request.NettyRequestSender - Using pooled Channel '[id: 0xa10b78a6, L:/127.0.0.1:61155 - R:localhost/127.0.0.1:39165]' for 'GET' to 'http://localhost:39165/session/b4c44b8ab3ec34df82fcca1e22294ffd/alert/text'
11:35:58.483 [Forwarding getAlertText on session b4c44b8ab3ec34df82fcca1e22294ffd to remote] DEBUG org.asynchttpclient.netty.request.NettyRequestSender - Using open Channel [id: 0xa10b78a6, L:/127.0.0.1:61155 - R:localhost/127.0.0.1:39165] for GET '/session/b4c44b8ab3ec34df82fcca1e22294ffd/alert/text'
11:35:58.484 [AsyncHttpClient-1-2] DEBUG org.asynchttpclient.netty.handler.HttpHandler - 

Request DefaultFullHttpRequest(decodeResult: success, version: HTTP/1.1, content: EmptyByteBufBE)
GET /session/b4c44b8ab3ec34df82fcca1e22294ffd/alert/text HTTP/1.1
User-Agent: selenium/4.8.0 (java windows)
Cache-Control: no-cache
Content-Type: application/json; charset=utf-8
host: localhost:39165
accept: */*

Response DefaultHttpResponse(decodeResult: success, version: HTTP/1.1)
HTTP/1.1 404 Not Found
Content-Length: 1522
Content-Type: application/json; charset=utf-8
cache-control: no-cache

11:35:58.484 [AsyncHttpClient-1-2] DEBUG org.asynchttpclient.netty.channel.ChannelManager - Adding key: http://localhost:39165 for channel [id: 0xa10b78a6, L:/127.0.0.1:61155 - R:localhost/127.0.0.1:39165]
11:35:58.485 [Forwarding getCurrentUrl on session b4c44b8ab3ec34df82fcca1e22294ffd to remote] DEBUG org.asynchttpclient.netty.request.NettyRequestSender - Using pooled Channel '[id: 0xa10b78a6, L:/127.0.0.1:61155 - R:localhost/127.0.0.1:39165]' for 'GET' to 'http://localhost:39165/session/b4c44b8ab3ec34df82fcca1e22294ffd/url'
11:35:58.486 [Forwarding getCurrentUrl on session b4c44b8ab3ec34df82fcca1e22294ffd to remote] DEBUG org.asynchttpclient.netty.request.NettyRequestSender - Using open Channel [id: 0xa10b78a6, L:/127.0.0.1:61155 - R:localhost/127.0.0.1:39165] for GET '/session/b4c44b8ab3ec34df82fcca1e22294ffd/url'
11:35:58.491 [AsyncHttpClient-1-2] DEBUG org.asynchttpclient.netty.handler.HttpHandler - 

Request DefaultFullHttpRequest(decodeResult: success, version: HTTP/1.1, content: EmptyByteBufBE)
GET /session/b4c44b8ab3ec34df82fcca1e22294ffd/url HTTP/1.1
User-Agent: selenium/4.8.0 (java windows)
Cache-Control: no-cache
Content-Type: application/json; charset=utf-8
host: localhost:39165
accept: */*

Response DefaultHttpResponse(decodeResult: success, version: HTTP/1.1)
HTTP/1.1 200 OK
Content-Length: 47
Content-Type: application/json; charset=utf-8
cache-control: no-cache

11:35:58.491 [AsyncHttpClient-1-2] DEBUG org.asynchttpclient.netty.channel.ChannelManager - Adding key: http://localhost:39165 for channel [id: 0xa10b78a6, L:/127.0.0.1:61155 - R:localhost/127.0.0.1:39165]
11:35:58.492 [Forwarding screenshot on session b4c44b8ab3ec34df82fcca1e22294ffd to remote] DEBUG org.asynchttpclient.netty.request.NettyRequestSender - Using pooled Channel '[id: 0xa10b78a6, L:/127.0.0.1:61155 - R:localhost/127.0.0.1:39165]' for 'GET' to 'http://localhost:39165/session/b4c44b8ab3ec34df82fcca1e22294ffd/screenshot'
11:35:58.492 [Forwarding screenshot on session b4c44b8ab3ec34df82fcca1e22294ffd to remote] DEBUG org.asynchttpclient.netty.request.NettyRequestSender - Using open Channel [id: 0xa10b78a6, L:/127.0.0.1:61155 - R:localhost/127.0.0.1:39165] for GET '/session/b4c44b8ab3ec34df82fcca1e22294ffd/screenshot'
11:35:58.606 [AsyncHttpClient-1-2] DEBUG org.asynchttpclient.netty.handler.HttpHandler - 

Request DefaultFullHttpRequest(decodeResult: success, version: HTTP/1.1, content: EmptyByteBufBE)
GET /session/b4c44b8ab3ec34df82fcca1e22294ffd/screenshot HTTP/1.1
User-Agent: selenium/4.8.0 (java windows)
Cache-Control: no-cache
Content-Type: application/json; charset=utf-8
host: localhost:39165
accept: */*

Response DefaultHttpResponse(decodeResult: success, version: HTTP/1.1)
HTTP/1.1 200 OK
Content-Length: 107236
Content-Type: application/json; charset=utf-8
cache-control: no-cache

11:35:58.607 [AsyncHttpClient-1-2] DEBUG org.asynchttpclient.netty.channel.ChannelManager - Adding key: http://localhost:39165 for channel [id: 0xa10b78a6, L:/127.0.0.1:61155 - R:localhost/127.0.0.1:39165]
11:35:58.609 [main] DEBUG net.serenitybdd.core.photography.Darkroom - Send negative for processing for target\site\serenity\432ff83cc9000345ab29ef208974690b6778251ce7f1ae168d17a1c9bb9e7734.png
11:35:58.609 [main] DEBUG net.thucydides.core.steps.StepInterceptor - STEP DONE: test11_StoreProductInExcel
11:35:58.612 [Darkroom Processing Line] DEBUG net.serenitybdd.core.photography.DarkroomProcessingLine - Processing screenshot image in /var/screenshots/screenshot-1407734850726150902
11:35:58.612 [Darkroom Processing Line] DEBUG net.serenitybdd.core.photography.DarkroomProcessingLine - Saving screenshot to target\site\serenity\432ff83cc9000345ab29ef208974690b6778251ce7f1ae168d17a1c9bb9e7734.png
11:35:58.613 [Forwarding getPageSource on session b4c44b8ab3ec34df82fcca1e22294ffd to remote] DEBUG org.asynchttpclient.netty.request.NettyRequestSender - Using pooled Channel '[id: 0xa10b78a6, L:/127.0.0.1:61155 - R:localhost/127.0.0.1:39165]' for 'POST' to 'http://localhost:39165/session/b4c44b8ab3ec34df82fcca1e22294ffd/execute/sync'
11:35:58.613 [Forwarding getPageSource on session b4c44b8ab3ec34df82fcca1e22294ffd to remote] DEBUG org.asynchttpclient.netty.request.NettyRequestSender - Using open Channel [id: 0xa10b78a6, L:/127.0.0.1:61155 - R:localhost/127.0.0.1:39165] for POST '/session/b4c44b8ab3ec34df82fcca1e22294ffd/execute/sync'
11:35:58.620 [AsyncHttpClient-1-2] DEBUG org.asynchttpclient.netty.handler.HttpHandler - 

Request DefaultHttpRequest(decodeResult: success, version: HTTP/1.1)
POST /session/b4c44b8ab3ec34df82fcca1e22294ffd/execute/sync HTTP/1.1
User-Agent: selenium/4.8.0 (java windows)
Content-Length: 176
Content-Type: application/json; charset=utf-8
host: localhost:39165
accept: */*

Response DefaultHttpResponse(decodeResult: success, version: HTTP/1.1)
HTTP/1.1 200 OK
Content-Length: 13422
Content-Type: application/json; charset=utf-8
cache-control: no-cache

11:35:58.620 [AsyncHttpClient-1-2] DEBUG org.asynchttpclient.netty.channel.ChannelManager - Adding key: http://localhost:39165 for channel [id: 0xa10b78a6, L:/127.0.0.1:61155 - R:localhost/127.0.0.1:39165]
11:35:58.621 [Forwarding getCurrentUrl on session b4c44b8ab3ec34df82fcca1e22294ffd to remote] DEBUG org.asynchttpclient.netty.request.NettyRequestSender - Using pooled Channel '[id: 0xa10b78a6, L:/127.0.0.1:61155 - R:localhost/127.0.0.1:39165]' for 'GET' to 'http://localhost:39165/session/b4c44b8ab3ec34df82fcca1e22294ffd/url'
11:35:58.621 [Forwarding getCurrentUrl on session b4c44b8ab3ec34df82fcca1e22294ffd to remote] DEBUG org.asynchttpclient.netty.request.NettyRequestSender - Using open Channel [id: 0xa10b78a6, L:/127.0.0.1:61155 - R:localhost/127.0.0.1:39165] for GET '/session/b4c44b8ab3ec34df82fcca1e22294ffd/url'
11:35:58.626 [AsyncHttpClient-1-2] DEBUG org.asynchttpclient.netty.handler.HttpHandler - 

Request DefaultFullHttpRequest(decodeResult: success, version: HTTP/1.1, content: EmptyByteBufBE)
GET /session/b4c44b8ab3ec34df82fcca1e22294ffd/url HTTP/1.1
User-Agent: selenium/4.8.0 (java windows)
Cache-Control: no-cache
Content-Type: application/json; charset=utf-8
host: localhost:39165
accept: */*

Response DefaultHttpResponse(decodeResult: success, version: HTTP/1.1)
HTTP/1.1 200 OK
Content-Length: 47
Content-Type: application/json; charset=utf-8
cache-control: no-cache

11:35:58.626 [AsyncHttpClient-1-2] DEBUG org.asynchttpclient.netty.channel.ChannelManager - Adding key: http://localhost:39165 for channel [id: 0xa10b78a6, L:/127.0.0.1:61155 - R:localhost/127.0.0.1:39165]
11:35:58.631 [main] DEBUG net.thucydides.core.steps.StepInterceptor - STARTING STEP: Tests.testCases - test12_checkoutAndValidateUserInterfaceHeaderAndFooters
11:35:58.634 [Forwarding findElement on session b4c44b8ab3ec34df82fcca1e22294ffd to remote] DEBUG org.asynchttpclient.netty.request.NettyRequestSender - Using pooled Channel '[id: 0xa10b78a6, L:/127.0.0.1:61155 - R:localhost/127.0.0.1:39165]' for 'POST' to 'http://localhost:39165/session/b4c44b8ab3ec34df82fcca1e22294ffd/element'
11:35:58.634 [Forwarding findElement on session b4c44b8ab3ec34df82fcca1e22294ffd to remote] DEBUG org.asynchttpclient.netty.request.NettyRequestSender - Using open Channel [id: 0xa10b78a6, L:/127.0.0.1:61155 - R:localhost/127.0.0.1:39165] for POST '/session/b4c44b8ab3ec34df82fcca1e22294ffd/element'
11:35:58.646 [AsyncHttpClient-1-2] DEBUG org.asynchttpclient.netty.handler.HttpHandler - 

Request DefaultHttpRequest(decodeResult: success, version: HTTP/1.1)
POST /session/b4c44b8ab3ec34df82fcca1e22294ffd/element HTTP/1.1
User-Agent: selenium/4.8.0 (java windows)
Content-Length: 74
Content-Type: application/json; charset=utf-8
host: localhost:39165
accept: */*

Response DefaultHttpResponse(decodeResult: success, version: HTTP/1.1)
HTTP/1.1 200 OK
Content-Length: 96
Content-Type: application/json; charset=utf-8
cache-control: no-cache

11:35:58.646 [AsyncHttpClient-1-2] DEBUG org.asynchttpclient.netty.channel.ChannelManager - Adding key: http://localhost:39165 for channel [id: 0xa10b78a6, L:/127.0.0.1:61155 - R:localhost/127.0.0.1:39165]
11:35:58.648 [Forwarding isElementDisplayed on session b4c44b8ab3ec34df82fcca1e22294ffd to remote] DEBUG org.asynchttpclient.netty.request.NettyRequestSender - Using pooled Channel '[id: 0xa10b78a6, L:/127.0.0.1:61155 - R:localhost/127.0.0.1:39165]' for 'POST' to 'http://localhost:39165/session/b4c44b8ab3ec34df82fcca1e22294ffd/execute/sync'
11:35:58.648 [Forwarding isElementDisplayed on session b4c44b8ab3ec34df82fcca1e22294ffd to remote] DEBUG org.asynchttpclient.netty.request.NettyRequestSender - Using open Channel [id: 0xa10b78a6, L:/127.0.0.1:61155 - R:localhost/127.0.0.1:39165] for POST '/session/b4c44b8ab3ec34df82fcca1e22294ffd/execute/sync'
11:35:58.658 [AsyncHttpClient-1-2] DEBUG org.asynchttpclient.netty.handler.HttpHandler - 

Request DefaultHttpRequest(decodeResult: success, version: HTTP/1.1)
POST /session/b4c44b8ab3ec34df82fcca1e22294ffd/execute/sync HTTP/1.1
User-Agent: selenium/4.8.0 (java windows)
Content-Length: 48815
Content-Type: application/json; charset=utf-8
host: localhost:39165
accept: */*

Response DefaultHttpResponse(decodeResult: success, version: HTTP/1.1)
HTTP/1.1 200 OK
Content-Length: 14
Content-Type: application/json; charset=utf-8
cache-control: no-cache

11:35:58.658 [AsyncHttpClient-1-2] DEBUG org.asynchttpclient.netty.channel.ChannelManager - Adding key: http://localhost:39165 for channel [id: 0xa10b78a6, L:/127.0.0.1:61155 - R:localhost/127.0.0.1:39165]
11:35:58.661 [Forwarding getElementTagName on session b4c44b8ab3ec34df82fcca1e22294ffd to remote] DEBUG org.asynchttpclient.netty.request.NettyRequestSender - Using pooled Channel '[id: 0xa10b78a6, L:/127.0.0.1:61155 - R:localhost/127.0.0.1:39165]' for 'GET' to 'http://localhost:39165/session/b4c44b8ab3ec34df82fcca1e22294ffd/element/D6FCA329F55A989BAF0E516CCCB7C1E0_element_106/name'
11:35:58.661 [Forwarding getElementTagName on session b4c44b8ab3ec34df82fcca1e22294ffd to remote] DEBUG org.asynchttpclient.netty.request.NettyRequestSender - Using open Channel [id: 0xa10b78a6, L:/127.0.0.1:61155 - R:localhost/127.0.0.1:39165] for GET '/session/b4c44b8ab3ec34df82fcca1e22294ffd/element/D6FCA329F55A989BAF0E516CCCB7C1E0_element_106/name'
11:35:58.666 [AsyncHttpClient-1-2] DEBUG org.asynchttpclient.netty.handler.HttpHandler - 

Request DefaultFullHttpRequest(decodeResult: success, version: HTTP/1.1, content: EmptyByteBufBE)
GET /session/b4c44b8ab3ec34df82fcca1e22294ffd/element/D6FCA329F55A989BAF0E516CCCB7C1E0_element_106/name HTTP/1.1
User-Agent: selenium/4.8.0 (java windows)
Cache-Control: no-cache
Content-Type: application/json; charset=utf-8
host: localhost:39165
accept: */*

Response DefaultHttpResponse(decodeResult: success, version: HTTP/1.1)
HTTP/1.1 200 OK
Content-Length: 18
Content-Type: application/json; charset=utf-8
cache-control: no-cache

11:35:58.666 [AsyncHttpClient-1-2] DEBUG org.asynchttpclient.netty.channel.ChannelManager - Adding key: http://localhost:39165 for channel [id: 0xa10b78a6, L:/127.0.0.1:61155 - R:localhost/127.0.0.1:39165]
11:35:58.667 [Forwarding getElementTagName on session b4c44b8ab3ec34df82fcca1e22294ffd to remote] DEBUG org.asynchttpclient.netty.request.NettyRequestSender - Using pooled Channel '[id: 0xa10b78a6, L:/127.0.0.1:61155 - R:localhost/127.0.0.1:39165]' for 'GET' to 'http://localhost:39165/session/b4c44b8ab3ec34df82fcca1e22294ffd/element/D6FCA329F55A989BAF0E516CCCB7C1E0_element_106/name'
11:35:58.667 [Forwarding getElementTagName on session b4c44b8ab3ec34df82fcca1e22294ffd to remote] DEBUG org.asynchttpclient.netty.request.NettyRequestSender - Using open Channel [id: 0xa10b78a6, L:/127.0.0.1:61155 - R:localhost/127.0.0.1:39165] for GET '/session/b4c44b8ab3ec34df82fcca1e22294ffd/element/D6FCA329F55A989BAF0E516CCCB7C1E0_element_106/name'
11:35:58.670 [AsyncHttpClient-1-2] DEBUG org.asynchttpclient.netty.handler.HttpHandler - 

Request DefaultFullHttpRequest(decodeResult: success, version: HTTP/1.1, content: EmptyByteBufBE)
GET /session/b4c44b8ab3ec34df82fcca1e22294ffd/element/D6FCA329F55A989BAF0E516CCCB7C1E0_element_106/name HTTP/1.1
User-Agent: selenium/4.8.0 (java windows)
Cache-Control: no-cache
Content-Type: application/json; charset=utf-8
host: localhost:39165
accept: */*

Response DefaultHttpResponse(decodeResult: success, version: HTTP/1.1)
HTTP/1.1 200 OK
Content-Length: 18
Content-Type: application/json; charset=utf-8
cache-control: no-cache

11:35:58.670 [AsyncHttpClient-1-2] DEBUG org.asynchttpclient.netty.channel.ChannelManager - Adding key: http://localhost:39165 for channel [id: 0xa10b78a6, L:/127.0.0.1:61155 - R:localhost/127.0.0.1:39165]
11:35:58.671 [Forwarding isElementEnabled on session b4c44b8ab3ec34df82fcca1e22294ffd to remote] DEBUG org.asynchttpclient.netty.request.NettyRequestSender - Using pooled Channel '[id: 0xa10b78a6, L:/127.0.0.1:61155 - R:localhost/127.0.0.1:39165]' for 'GET' to 'http://localhost:39165/session/b4c44b8ab3ec34df82fcca1e22294ffd/element/D6FCA329F55A989BAF0E516CCCB7C1E0_element_106/enabled'
11:35:58.671 [Forwarding isElementEnabled on session b4c44b8ab3ec34df82fcca1e22294ffd to remote] DEBUG org.asynchttpclient.netty.request.NettyRequestSender - Using open Channel [id: 0xa10b78a6, L:/127.0.0.1:61155 - R:localhost/127.0.0.1:39165] for GET '/session/b4c44b8ab3ec34df82fcca1e22294ffd/element/D6FCA329F55A989BAF0E516CCCB7C1E0_element_106/enabled'
11:35:58.676 [AsyncHttpClient-1-2] DEBUG org.asynchttpclient.netty.handler.HttpHandler - 

Request DefaultFullHttpRequest(decodeResult: success, version: HTTP/1.1, content: EmptyByteBufBE)
GET /session/b4c44b8ab3ec34df82fcca1e22294ffd/element/D6FCA329F55A989BAF0E516CCCB7C1E0_element_106/enabled HTTP/1.1
User-Agent: selenium/4.8.0 (java windows)
Cache-Control: no-cache
Content-Type: application/json; charset=utf-8
host: localhost:39165
accept: */*

Response DefaultHttpResponse(decodeResult: success, version: HTTP/1.1)
HTTP/1.1 200 OK
Content-Length: 14
Content-Type: application/json; charset=utf-8
cache-control: no-cache

11:35:58.676 [AsyncHttpClient-1-2] DEBUG org.asynchttpclient.netty.channel.ChannelManager - Adding key: http://localhost:39165 for channel [id: 0xa10b78a6, L:/127.0.0.1:61155 - R:localhost/127.0.0.1:39165]
11:35:58.677 [Forwarding isElementEnabled on session b4c44b8ab3ec34df82fcca1e22294ffd to remote] DEBUG org.asynchttpclient.netty.request.NettyRequestSender - Using pooled Channel '[id: 0xa10b78a6, L:/127.0.0.1:61155 - R:localhost/127.0.0.1:39165]' for 'GET' to 'http://localhost:39165/session/b4c44b8ab3ec34df82fcca1e22294ffd/element/D6FCA329F55A989BAF0E516CCCB7C1E0_element_106/enabled'
11:35:58.677 [Forwarding isElementEnabled on session b4c44b8ab3ec34df82fcca1e22294ffd to remote] DEBUG org.asynchttpclient.netty.request.NettyRequestSender - Using open Channel [id: 0xa10b78a6, L:/127.0.0.1:61155 - R:localhost/127.0.0.1:39165] for GET '/session/b4c44b8ab3ec34df82fcca1e22294ffd/element/D6FCA329F55A989BAF0E516CCCB7C1E0_element_106/enabled'
11:35:58.681 [AsyncHttpClient-1-2] DEBUG org.asynchttpclient.netty.handler.HttpHandler - 

Request DefaultFullHttpRequest(decodeResult: success, version: HTTP/1.1, content: EmptyByteBufBE)
GET /session/b4c44b8ab3ec34df82fcca1e22294ffd/element/D6FCA329F55A989BAF0E516CCCB7C1E0_element_106/enabled HTTP/1.1
User-Agent: selenium/4.8.0 (java windows)
Cache-Control: no-cache
Content-Type: application/json; charset=utf-8
host: localhost:39165
accept: */*

Response DefaultHttpResponse(decodeResult: success, version: HTTP/1.1)
HTTP/1.1 200 OK
Content-Length: 14
Content-Type: application/json; charset=utf-8
cache-control: no-cache

11:35:58.681 [AsyncHttpClient-1-2] DEBUG org.asynchttpclient.netty.channel.ChannelManager - Adding key: http://localhost:39165 for channel [id: 0xa10b78a6, L:/127.0.0.1:61155 - R:localhost/127.0.0.1:39165]
11:35:58.683 [Forwarding findElement on session b4c44b8ab3ec34df82fcca1e22294ffd to remote] DEBUG org.asynchttpclient.netty.request.NettyRequestSender - Using pooled Channel '[id: 0xa10b78a6, L:/127.0.0.1:61155 - R:localhost/127.0.0.1:39165]' for 'POST' to 'http://localhost:39165/session/b4c44b8ab3ec34df82fcca1e22294ffd/element'
11:35:58.683 [Forwarding findElement on session b4c44b8ab3ec34df82fcca1e22294ffd to remote] DEBUG org.asynchttpclient.netty.request.NettyRequestSender - Using open Channel [id: 0xa10b78a6, L:/127.0.0.1:61155 - R:localhost/127.0.0.1:39165] for POST '/session/b4c44b8ab3ec34df82fcca1e22294ffd/element'
11:35:58.688 [AsyncHttpClient-1-2] DEBUG org.asynchttpclient.netty.handler.HttpHandler - 

Request DefaultHttpRequest(decodeResult: success, version: HTTP/1.1)
POST /session/b4c44b8ab3ec34df82fcca1e22294ffd/element HTTP/1.1
User-Agent: selenium/4.8.0 (java windows)
Content-Length: 74
Content-Type: application/json; charset=utf-8
host: localhost:39165
accept: */*

Response DefaultHttpResponse(decodeResult: success, version: HTTP/1.1)
HTTP/1.1 200 OK
Content-Length: 96
Content-Type: application/json; charset=utf-8
cache-control: no-cache

11:35:58.688 [AsyncHttpClient-1-2] DEBUG org.asynchttpclient.netty.channel.ChannelManager - Adding key: http://localhost:39165 for channel [id: 0xa10b78a6, L:/127.0.0.1:61155 - R:localhost/127.0.0.1:39165]
11:35:58.690 [Forwarding isElementDisplayed on session b4c44b8ab3ec34df82fcca1e22294ffd to remote] DEBUG org.asynchttpclient.netty.request.NettyRequestSender - Using pooled Channel '[id: 0xa10b78a6, L:/127.0.0.1:61155 - R:localhost/127.0.0.1:39165]' for 'POST' to 'http://localhost:39165/session/b4c44b8ab3ec34df82fcca1e22294ffd/execute/sync'
11:35:58.690 [Forwarding isElementDisplayed on session b4c44b8ab3ec34df82fcca1e22294ffd to remote] DEBUG org.asynchttpclient.netty.request.NettyRequestSender - Using open Channel [id: 0xa10b78a6, L:/127.0.0.1:61155 - R:localhost/127.0.0.1:39165] for POST '/session/b4c44b8ab3ec34df82fcca1e22294ffd/execute/sync'
11:35:58.698 [AsyncHttpClient-1-2] DEBUG org.asynchttpclient.netty.handler.HttpHandler - 

Request DefaultHttpRequest(decodeResult: success, version: HTTP/1.1)
POST /session/b4c44b8ab3ec34df82fcca1e22294ffd/execute/sync HTTP/1.1
User-Agent: selenium/4.8.0 (java windows)
Content-Length: 48815
Content-Type: application/json; charset=utf-8
host: localhost:39165
accept: */*

Response DefaultHttpResponse(decodeResult: success, version: HTTP/1.1)
HTTP/1.1 200 OK
Content-Length: 14
Content-Type: application/json; charset=utf-8
cache-control: no-cache

11:35:58.698 [AsyncHttpClient-1-2] DEBUG org.asynchttpclient.netty.channel.ChannelManager - Adding key: http://localhost:39165 for channel [id: 0xa10b78a6, L:/127.0.0.1:61155 - R:localhost/127.0.0.1:39165]
11:35:58.699 [Forwarding clickElement on session b4c44b8ab3ec34df82fcca1e22294ffd to remote] DEBUG org.asynchttpclient.netty.request.NettyRequestSender - Using pooled Channel '[id: 0xa10b78a6, L:/127.0.0.1:61155 - R:localhost/127.0.0.1:39165]' for 'POST' to 'http://localhost:39165/session/b4c44b8ab3ec34df82fcca1e22294ffd/element/D6FCA329F55A989BAF0E516CCCB7C1E0_element_106/click'
11:35:58.699 [Forwarding clickElement on session b4c44b8ab3ec34df82fcca1e22294ffd to remote] DEBUG org.asynchttpclient.netty.request.NettyRequestSender - Using open Channel [id: 0xa10b78a6, L:/127.0.0.1:61155 - R:localhost/127.0.0.1:39165] for POST '/session/b4c44b8ab3ec34df82fcca1e22294ffd/element/D6FCA329F55A989BAF0E516CCCB7C1E0_element_106/click'
11:35:58.741 [AsyncHttpClient-1-2] DEBUG org.asynchttpclient.netty.handler.HttpHandler - 

Request DefaultHttpRequest(decodeResult: success, version: HTTP/1.1)
POST /session/b4c44b8ab3ec34df82fcca1e22294ffd/element/D6FCA329F55A989BAF0E516CCCB7C1E0_element_106/click HTTP/1.1
User-Agent: selenium/4.8.0 (java windows)
Content-Length: 58
Content-Type: application/json; charset=utf-8
host: localhost:39165
accept: */*

Response DefaultHttpResponse(decodeResult: success, version: HTTP/1.1)
HTTP/1.1 200 OK
Content-Length: 14
Content-Type: application/json; charset=utf-8
cache-control: no-cache

11:35:58.741 [AsyncHttpClient-1-2] DEBUG org.asynchttpclient.netty.channel.ChannelManager - Adding key: http://localhost:39165 for channel [id: 0xa10b78a6, L:/127.0.0.1:61155 - R:localhost/127.0.0.1:39165]
11:35:58.749 [Forwarding findElement on session b4c44b8ab3ec34df82fcca1e22294ffd to remote] DEBUG org.asynchttpclient.netty.request.NettyRequestSender - Using pooled Channel '[id: 0xa10b78a6, L:/127.0.0.1:61155 - R:localhost/127.0.0.1:39165]' for 'POST' to 'http://localhost:39165/session/b4c44b8ab3ec34df82fcca1e22294ffd/element'
11:35:58.749 [Forwarding findElement on session b4c44b8ab3ec34df82fcca1e22294ffd to remote] DEBUG org.asynchttpclient.netty.request.NettyRequestSender - Using open Channel [id: 0xa10b78a6, L:/127.0.0.1:61155 - R:localhost/127.0.0.1:39165] for POST '/session/b4c44b8ab3ec34df82fcca1e22294ffd/element'
11:35:58.770 [AsyncHttpClient-1-2] DEBUG org.asynchttpclient.netty.handler.HttpHandler - 

Request DefaultHttpRequest(decodeResult: success, version: HTTP/1.1)
POST /session/b4c44b8ab3ec34df82fcca1e22294ffd/element HTTP/1.1
User-Agent: selenium/4.8.0 (java windows)
Content-Length: 71
Content-Type: application/json; charset=utf-8
host: localhost:39165
accept: */*

Response DefaultHttpResponse(decodeResult: success, version: HTTP/1.1)
HTTP/1.1 200 OK
Content-Length: 96
Content-Type: application/json; charset=utf-8
cache-control: no-cache

11:35:58.770 [AsyncHttpClient-1-2] DEBUG org.asynchttpclient.netty.channel.ChannelManager - Adding key: http://localhost:39165 for channel [id: 0xa10b78a6, L:/127.0.0.1:61155 - R:localhost/127.0.0.1:39165]
11:35:58.773 [Forwarding isElementDisplayed on session b4c44b8ab3ec34df82fcca1e22294ffd to remote] DEBUG org.asynchttpclient.netty.request.NettyRequestSender - Using pooled Channel '[id: 0xa10b78a6, L:/127.0.0.1:61155 - R:localhost/127.0.0.1:39165]' for 'POST' to 'http://localhost:39165/session/b4c44b8ab3ec34df82fcca1e22294ffd/execute/sync'
11:35:58.773 [Forwarding isElementDisplayed on session b4c44b8ab3ec34df82fcca1e22294ffd to remote] DEBUG org.asynchttpclient.netty.request.NettyRequestSender - Using open Channel [id: 0xa10b78a6, L:/127.0.0.1:61155 - R:localhost/127.0.0.1:39165] for POST '/session/b4c44b8ab3ec34df82fcca1e22294ffd/execute/sync'
11:35:58.782 [AsyncHttpClient-1-2] DEBUG org.asynchttpclient.netty.handler.HttpHandler - 

Request DefaultHttpRequest(decodeResult: success, version: HTTP/1.1)
POST /session/b4c44b8ab3ec34df82fcca1e22294ffd/execute/sync HTTP/1.1
User-Agent: selenium/4.8.0 (java windows)
Content-Length: 48815
Content-Type: application/json; charset=utf-8
host: localhost:39165
accept: */*

Response DefaultHttpResponse(decodeResult: success, version: HTTP/1.1)
HTTP/1.1 200 OK
Content-Length: 14
Content-Type: application/json; charset=utf-8
cache-control: no-cache

11:35:58.782 [AsyncHttpClient-1-2] DEBUG org.asynchttpclient.netty.channel.ChannelManager - Adding key: http://localhost:39165 for channel [id: 0xa10b78a6, L:/127.0.0.1:61155 - R:localhost/127.0.0.1:39165]
11:35:58.783 [Forwarding getElementText on session b4c44b8ab3ec34df82fcca1e22294ffd to remote] DEBUG org.asynchttpclient.netty.request.NettyRequestSender - Using pooled Channel '[id: 0xa10b78a6, L:/127.0.0.1:61155 - R:localhost/127.0.0.1:39165]' for 'GET' to 'http://localhost:39165/session/b4c44b8ab3ec34df82fcca1e22294ffd/element/D6FCA329F55A989BAF0E516CCCB7C1E0_element_107/text'
11:35:58.783 [Forwarding getElementText on session b4c44b8ab3ec34df82fcca1e22294ffd to remote] DEBUG org.asynchttpclient.netty.request.NettyRequestSender - Using open Channel [id: 0xa10b78a6, L:/127.0.0.1:61155 - R:localhost/127.0.0.1:39165] for GET '/session/b4c44b8ab3ec34df82fcca1e22294ffd/element/D6FCA329F55A989BAF0E516CCCB7C1E0_element_107/text'
11:35:58.790 [AsyncHttpClient-1-2] DEBUG org.asynchttpclient.netty.handler.HttpHandler - 

Request DefaultFullHttpRequest(decodeResult: success, version: HTTP/1.1, content: EmptyByteBufBE)
GET /session/b4c44b8ab3ec34df82fcca1e22294ffd/element/D6FCA329F55A989BAF0E516CCCB7C1E0_element_107/text HTTP/1.1
User-Agent: selenium/4.8.0 (java windows)
Cache-Control: no-cache
Content-Type: application/json; charset=utf-8
host: localhost:39165
accept: */*

Response DefaultHttpResponse(decodeResult: success, version: HTTP/1.1)
HTTP/1.1 200 OK
Content-Length: 21
Content-Type: application/json; charset=utf-8
cache-control: no-cache

11:35:58.790 [AsyncHttpClient-1-2] DEBUG org.asynchttpclient.netty.channel.ChannelManager - Adding key: http://localhost:39165 for channel [id: 0xa10b78a6, L:/127.0.0.1:61155 - R:localhost/127.0.0.1:39165]
11:35:58.791 [main] INFO  com.swaglabs.base.SetUp - header validation passed
11:35:58.796 [Forwarding getAlertText on session b4c44b8ab3ec34df82fcca1e22294ffd to remote] DEBUG org.asynchttpclient.netty.request.NettyRequestSender - Using pooled Channel '[id: 0xa10b78a6, L:/127.0.0.1:61155 - R:localhost/127.0.0.1:39165]' for 'GET' to 'http://localhost:39165/session/b4c44b8ab3ec34df82fcca1e22294ffd/alert/text'
11:35:58.797 [Forwarding getAlertText on session b4c44b8ab3ec34df82fcca1e22294ffd to remote] DEBUG org.asynchttpclient.netty.request.NettyRequestSender - Using open Channel [id: 0xa10b78a6, L:/127.0.0.1:61155 - R:localhost/127.0.0.1:39165] for GET '/session/b4c44b8ab3ec34df82fcca1e22294ffd/alert/text'
11:35:58.798 [AsyncHttpClient-1-2] DEBUG org.asynchttpclient.netty.handler.HttpHandler - 

Request DefaultFullHttpRequest(decodeResult: success, version: HTTP/1.1, content: EmptyByteBufBE)
GET /session/b4c44b8ab3ec34df82fcca1e22294ffd/alert/text HTTP/1.1
User-Agent: selenium/4.8.0 (java windows)
Cache-Control: no-cache
Content-Type: application/json; charset=utf-8
host: localhost:39165
accept: */*

Response DefaultHttpResponse(decodeResult: success, version: HTTP/1.1)
HTTP/1.1 404 Not Found
Content-Length: 1522
Content-Type: application/json; charset=utf-8
cache-control: no-cache

11:35:58.798 [AsyncHttpClient-1-2] DEBUG org.asynchttpclient.netty.channel.ChannelManager - Adding key: http://localhost:39165 for channel [id: 0xa10b78a6, L:/127.0.0.1:61155 - R:localhost/127.0.0.1:39165]
11:35:58.799 [Forwarding getCurrentUrl on session b4c44b8ab3ec34df82fcca1e22294ffd to remote] DEBUG org.asynchttpclient.netty.request.NettyRequestSender - Using pooled Channel '[id: 0xa10b78a6, L:/127.0.0.1:61155 - R:localhost/127.0.0.1:39165]' for 'GET' to 'http://localhost:39165/session/b4c44b8ab3ec34df82fcca1e22294ffd/url'
11:35:58.799 [Forwarding getCurrentUrl on session b4c44b8ab3ec34df82fcca1e22294ffd to remote] DEBUG org.asynchttpclient.netty.request.NettyRequestSender - Using open Channel [id: 0xa10b78a6, L:/127.0.0.1:61155 - R:localhost/127.0.0.1:39165] for GET '/session/b4c44b8ab3ec34df82fcca1e22294ffd/url'
11:35:58.806 [AsyncHttpClient-1-2] DEBUG org.asynchttpclient.netty.handler.HttpHandler - 

Request DefaultFullHttpRequest(decodeResult: success, version: HTTP/1.1, content: EmptyByteBufBE)
GET /session/b4c44b8ab3ec34df82fcca1e22294ffd/url HTTP/1.1
User-Agent: selenium/4.8.0 (java windows)
Cache-Control: no-cache
Content-Type: application/json; charset=utf-8
host: localhost:39165
accept: */*

Response DefaultHttpResponse(decodeResult: success, version: HTTP/1.1)
HTTP/1.1 200 OK
Content-Length: 60
Content-Type: application/json; charset=utf-8
cache-control: no-cache

11:35:58.806 [AsyncHttpClient-1-2] DEBUG org.asynchttpclient.netty.channel.ChannelManager - Adding key: http://localhost:39165 for channel [id: 0xa10b78a6, L:/127.0.0.1:61155 - R:localhost/127.0.0.1:39165]
11:35:58.806 [Forwarding screenshot on session b4c44b8ab3ec34df82fcca1e22294ffd to remote] DEBUG org.asynchttpclient.netty.request.NettyRequestSender - Using pooled Channel '[id: 0xa10b78a6, L:/127.0.0.1:61155 - R:localhost/127.0.0.1:39165]' for 'GET' to 'http://localhost:39165/session/b4c44b8ab3ec34df82fcca1e22294ffd/screenshot'
11:35:58.806 [Forwarding screenshot on session b4c44b8ab3ec34df82fcca1e22294ffd to remote] DEBUG org.asynchttpclient.netty.request.NettyRequestSender - Using open Channel [id: 0xa10b78a6, L:/127.0.0.1:61155 - R:localhost/127.0.0.1:39165] for GET '/session/b4c44b8ab3ec34df82fcca1e22294ffd/screenshot'
11:35:58.834 [AsyncHttpClient-1-1] DEBUG org.asynchttpclient.netty.channel.DefaultChannelPool - Entry count for : http://localhost:61159 : 1
11:35:58.926 [AsyncHttpClient-1-2] DEBUG org.asynchttpclient.netty.handler.HttpHandler - 

Request DefaultFullHttpRequest(decodeResult: success, version: HTTP/1.1, content: EmptyByteBufBE)
GET /session/b4c44b8ab3ec34df82fcca1e22294ffd/screenshot HTTP/1.1
User-Agent: selenium/4.8.0 (java windows)
Cache-Control: no-cache
Content-Type: application/json; charset=utf-8
host: localhost:39165
accept: */*

Response DefaultHttpResponse(decodeResult: success, version: HTTP/1.1)
HTTP/1.1 200 OK
Content-Length: 38672
Content-Type: application/json; charset=utf-8
cache-control: no-cache

11:35:58.927 [AsyncHttpClient-1-2] DEBUG org.asynchttpclient.netty.channel.ChannelManager - Adding key: http://localhost:39165 for channel [id: 0xa10b78a6, L:/127.0.0.1:61155 - R:localhost/127.0.0.1:39165]
11:35:58.928 [main] DEBUG net.serenitybdd.core.photography.Darkroom - Send negative for processing for target\site\serenity\7e7bd543fff91fc6bfad3b285cfc2ec3862cdc9c9bc7b5538fa59f4d5ada86f1.png
11:35:58.929 [Forwarding getPageSource on session b4c44b8ab3ec34df82fcca1e22294ffd to remote] DEBUG org.asynchttpclient.netty.request.NettyRequestSender - Using pooled Channel '[id: 0xa10b78a6, L:/127.0.0.1:61155 - R:localhost/127.0.0.1:39165]' for 'POST' to 'http://localhost:39165/session/b4c44b8ab3ec34df82fcca1e22294ffd/execute/sync'
11:35:58.929 [Forwarding getPageSource on session b4c44b8ab3ec34df82fcca1e22294ffd to remote] DEBUG org.asynchttpclient.netty.request.NettyRequestSender - Using open Channel [id: 0xa10b78a6, L:/127.0.0.1:61155 - R:localhost/127.0.0.1:39165] for POST '/session/b4c44b8ab3ec34df82fcca1e22294ffd/execute/sync'
11:35:58.935 [Darkroom Processing Line] DEBUG net.serenitybdd.core.photography.DarkroomProcessingLine - Processing screenshot image in /var/screenshots/screenshot-5552356940833507076
11:35:58.935 [Darkroom Processing Line] DEBUG net.serenitybdd.core.photography.DarkroomProcessingLine - Saving screenshot to target\site\serenity\7e7bd543fff91fc6bfad3b285cfc2ec3862cdc9c9bc7b5538fa59f4d5ada86f1.png
11:35:58.937 [AsyncHttpClient-1-2] DEBUG org.asynchttpclient.netty.handler.HttpHandler - 

Request DefaultHttpRequest(decodeResult: success, version: HTTP/1.1)
POST /session/b4c44b8ab3ec34df82fcca1e22294ffd/execute/sync HTTP/1.1
User-Agent: selenium/4.8.0 (java windows)
Content-Length: 176
Content-Type: application/json; charset=utf-8
host: localhost:39165
accept: */*

Response DefaultHttpResponse(decodeResult: success, version: HTTP/1.1)
HTTP/1.1 200 OK
Content-Length: 12652
Content-Type: application/json; charset=utf-8
cache-control: no-cache

11:35:58.937 [AsyncHttpClient-1-2] DEBUG org.asynchttpclient.netty.channel.ChannelManager - Adding key: http://localhost:39165 for channel [id: 0xa10b78a6, L:/127.0.0.1:61155 - R:localhost/127.0.0.1:39165]
11:35:58.940 [Forwarding getCurrentUrl on session b4c44b8ab3ec34df82fcca1e22294ffd to remote] DEBUG org.asynchttpclient.netty.request.NettyRequestSender - Using pooled Channel '[id: 0xa10b78a6, L:/127.0.0.1:61155 - R:localhost/127.0.0.1:39165]' for 'GET' to 'http://localhost:39165/session/b4c44b8ab3ec34df82fcca1e22294ffd/url'
11:35:58.940 [Forwarding getCurrentUrl on session b4c44b8ab3ec34df82fcca1e22294ffd to remote] DEBUG org.asynchttpclient.netty.request.NettyRequestSender - Using open Channel [id: 0xa10b78a6, L:/127.0.0.1:61155 - R:localhost/127.0.0.1:39165] for GET '/session/b4c44b8ab3ec34df82fcca1e22294ffd/url'
11:35:58.945 [AsyncHttpClient-1-2] DEBUG org.asynchttpclient.netty.handler.HttpHandler - 

Request DefaultFullHttpRequest(decodeResult: success, version: HTTP/1.1, content: EmptyByteBufBE)
GET /session/b4c44b8ab3ec34df82fcca1e22294ffd/url HTTP/1.1
User-Agent: selenium/4.8.0 (java windows)
Cache-Control: no-cache
Content-Type: application/json; charset=utf-8
host: localhost:39165
accept: */*

Response DefaultHttpResponse(decodeResult: success, version: HTTP/1.1)
HTTP/1.1 200 OK
Content-Length: 60
Content-Type: application/json; charset=utf-8
cache-control: no-cache

11:35:58.945 [AsyncHttpClient-1-2] DEBUG org.asynchttpclient.netty.channel.ChannelManager - Adding key: http://localhost:39165 for channel [id: 0xa10b78a6, L:/127.0.0.1:61155 - R:localhost/127.0.0.1:39165]
11:35:58.961 [Forwarding findElement on session b4c44b8ab3ec34df82fcca1e22294ffd to remote] DEBUG org.asynchttpclient.netty.request.NettyRequestSender - Using pooled Channel '[id: 0xa10b78a6, L:/127.0.0.1:61155 - R:localhost/127.0.0.1:39165]' for 'POST' to 'http://localhost:39165/session/b4c44b8ab3ec34df82fcca1e22294ffd/element'
11:35:58.961 [Forwarding findElement on session b4c44b8ab3ec34df82fcca1e22294ffd to remote] DEBUG org.asynchttpclient.netty.request.NettyRequestSender - Using open Channel [id: 0xa10b78a6, L:/127.0.0.1:61155 - R:localhost/127.0.0.1:39165] for POST '/session/b4c44b8ab3ec34df82fcca1e22294ffd/element'
11:35:58.972 [AsyncHttpClient-1-2] DEBUG org.asynchttpclient.netty.handler.HttpHandler - 

Request DefaultHttpRequest(decodeResult: success, version: HTTP/1.1)
POST /session/b4c44b8ab3ec34df82fcca1e22294ffd/element HTTP/1.1
User-Agent: selenium/4.8.0 (java windows)
Content-Length: 105
Content-Type: application/json; charset=utf-8
host: localhost:39165
accept: */*

Response DefaultHttpResponse(decodeResult: success, version: HTTP/1.1)
HTTP/1.1 200 OK
Content-Length: 96
Content-Type: application/json; charset=utf-8
cache-control: no-cache

11:35:58.972 [AsyncHttpClient-1-2] DEBUG org.asynchttpclient.netty.channel.ChannelManager - Adding key: http://localhost:39165 for channel [id: 0xa10b78a6, L:/127.0.0.1:61155 - R:localhost/127.0.0.1:39165]
11:35:58.973 [Forwarding isElementDisplayed on session b4c44b8ab3ec34df82fcca1e22294ffd to remote] DEBUG org.asynchttpclient.netty.request.NettyRequestSender - Using pooled Channel '[id: 0xa10b78a6, L:/127.0.0.1:61155 - R:localhost/127.0.0.1:39165]' for 'POST' to 'http://localhost:39165/session/b4c44b8ab3ec34df82fcca1e22294ffd/execute/sync'
11:35:58.973 [Forwarding isElementDisplayed on session b4c44b8ab3ec34df82fcca1e22294ffd to remote] DEBUG org.asynchttpclient.netty.request.NettyRequestSender - Using open Channel [id: 0xa10b78a6, L:/127.0.0.1:61155 - R:localhost/127.0.0.1:39165] for POST '/session/b4c44b8ab3ec34df82fcca1e22294ffd/execute/sync'
11:35:58.982 [AsyncHttpClient-1-2] DEBUG org.asynchttpclient.netty.handler.HttpHandler - 

Request DefaultHttpRequest(decodeResult: success, version: HTTP/1.1)
POST /session/b4c44b8ab3ec34df82fcca1e22294ffd/execute/sync HTTP/1.1
User-Agent: selenium/4.8.0 (java windows)
Content-Length: 48815
Content-Type: application/json; charset=utf-8
host: localhost:39165
accept: */*

Response DefaultHttpResponse(decodeResult: success, version: HTTP/1.1)
HTTP/1.1 200 OK
Content-Length: 14
Content-Type: application/json; charset=utf-8
cache-control: no-cache

11:35:58.982 [AsyncHttpClient-1-2] DEBUG org.asynchttpclient.netty.channel.ChannelManager - Adding key: http://localhost:39165 for channel [id: 0xa10b78a6, L:/127.0.0.1:61155 - R:localhost/127.0.0.1:39165]
11:35:58.982 [Forwarding getElementText on session b4c44b8ab3ec34df82fcca1e22294ffd to remote] DEBUG org.asynchttpclient.netty.request.NettyRequestSender - Using pooled Channel '[id: 0xa10b78a6, L:/127.0.0.1:61155 - R:localhost/127.0.0.1:39165]' for 'GET' to 'http://localhost:39165/session/b4c44b8ab3ec34df82fcca1e22294ffd/element/D6FCA329F55A989BAF0E516CCCB7C1E0_element_110/text'
11:35:58.982 [Forwarding getElementText on session b4c44b8ab3ec34df82fcca1e22294ffd to remote] DEBUG org.asynchttpclient.netty.request.NettyRequestSender - Using open Channel [id: 0xa10b78a6, L:/127.0.0.1:61155 - R:localhost/127.0.0.1:39165] for GET '/session/b4c44b8ab3ec34df82fcca1e22294ffd/element/D6FCA329F55A989BAF0E516CCCB7C1E0_element_110/text'
11:35:58.989 [AsyncHttpClient-1-2] DEBUG org.asynchttpclient.netty.handler.HttpHandler - 

Request DefaultFullHttpRequest(decodeResult: success, version: HTTP/1.1, content: EmptyByteBufBE)
GET /session/b4c44b8ab3ec34df82fcca1e22294ffd/element/D6FCA329F55A989BAF0E516CCCB7C1E0_element_110/text HTTP/1.1
User-Agent: selenium/4.8.0 (java windows)
Cache-Control: no-cache
Content-Type: application/json; charset=utf-8
host: localhost:39165
accept: */*

Response DefaultHttpResponse(decodeResult: success, version: HTTP/1.1)
HTTP/1.1 200 OK
Content-Length: 38
Content-Type: application/json; charset=utf-8
cache-control: no-cache

11:35:58.989 [AsyncHttpClient-1-2] DEBUG org.asynchttpclient.netty.channel.ChannelManager - Adding key: http://localhost:39165 for channel [id: 0xa10b78a6, L:/127.0.0.1:61155 - R:localhost/127.0.0.1:39165]
secondary header vallidation passed
11:35:58.991 [Forwarding findElement on session b4c44b8ab3ec34df82fcca1e22294ffd to remote] DEBUG org.asynchttpclient.netty.request.NettyRequestSender - Using pooled Channel '[id: 0xa10b78a6, L:/127.0.0.1:61155 - R:localhost/127.0.0.1:39165]' for 'POST' to 'http://localhost:39165/session/b4c44b8ab3ec34df82fcca1e22294ffd/element'
11:35:58.991 [Forwarding findElement on session b4c44b8ab3ec34df82fcca1e22294ffd to remote] DEBUG org.asynchttpclient.netty.request.NettyRequestSender - Using open Channel [id: 0xa10b78a6, L:/127.0.0.1:61155 - R:localhost/127.0.0.1:39165] for POST '/session/b4c44b8ab3ec34df82fcca1e22294ffd/element'
11:35:58.999 [AsyncHttpClient-1-2] DEBUG org.asynchttpclient.netty.handler.HttpHandler - 

Request DefaultHttpRequest(decodeResult: success, version: HTTP/1.1)
POST /session/b4c44b8ab3ec34df82fcca1e22294ffd/element HTTP/1.1
User-Agent: selenium/4.8.0 (java windows)
Content-Length: 86
Content-Type: application/json; charset=utf-8
host: localhost:39165
accept: */*

Response DefaultHttpResponse(decodeResult: success, version: HTTP/1.1)
HTTP/1.1 200 OK
Content-Length: 96
Content-Type: application/json; charset=utf-8
cache-control: no-cache

11:35:58.999 [AsyncHttpClient-1-2] DEBUG org.asynchttpclient.netty.channel.ChannelManager - Adding key: http://localhost:39165 for channel [id: 0xa10b78a6, L:/127.0.0.1:61155 - R:localhost/127.0.0.1:39165]
11:35:59.001 [Forwarding isElementDisplayed on session b4c44b8ab3ec34df82fcca1e22294ffd to remote] DEBUG org.asynchttpclient.netty.request.NettyRequestSender - Using pooled Channel '[id: 0xa10b78a6, L:/127.0.0.1:61155 - R:localhost/127.0.0.1:39165]' for 'POST' to 'http://localhost:39165/session/b4c44b8ab3ec34df82fcca1e22294ffd/execute/sync'
11:35:59.001 [Forwarding isElementDisplayed on session b4c44b8ab3ec34df82fcca1e22294ffd to remote] DEBUG org.asynchttpclient.netty.request.NettyRequestSender - Using open Channel [id: 0xa10b78a6, L:/127.0.0.1:61155 - R:localhost/127.0.0.1:39165] for POST '/session/b4c44b8ab3ec34df82fcca1e22294ffd/execute/sync'
11:35:59.007 [AsyncHttpClient-1-2] DEBUG org.asynchttpclient.netty.handler.HttpHandler - 

Request DefaultHttpRequest(decodeResult: success, version: HTTP/1.1)
POST /session/b4c44b8ab3ec34df82fcca1e22294ffd/execute/sync HTTP/1.1
User-Agent: selenium/4.8.0 (java windows)
Content-Length: 48815
Content-Type: application/json; charset=utf-8
host: localhost:39165
accept: */*

Response DefaultHttpResponse(decodeResult: success, version: HTTP/1.1)
HTTP/1.1 200 OK
Content-Length: 14
Content-Type: application/json; charset=utf-8
cache-control: no-cache

11:35:59.008 [AsyncHttpClient-1-2] DEBUG org.asynchttpclient.netty.channel.ChannelManager - Adding key: http://localhost:39165 for channel [id: 0xa10b78a6, L:/127.0.0.1:61155 - R:localhost/127.0.0.1:39165]
11:35:59.011 [Forwarding isElementDisplayed on session b4c44b8ab3ec34df82fcca1e22294ffd to remote] DEBUG org.asynchttpclient.netty.request.NettyRequestSender - Using pooled Channel '[id: 0xa10b78a6, L:/127.0.0.1:61155 - R:localhost/127.0.0.1:39165]' for 'POST' to 'http://localhost:39165/session/b4c44b8ab3ec34df82fcca1e22294ffd/execute/sync'
11:35:59.011 [Forwarding isElementDisplayed on session b4c44b8ab3ec34df82fcca1e22294ffd to remote] DEBUG org.asynchttpclient.netty.request.NettyRequestSender - Using open Channel [id: 0xa10b78a6, L:/127.0.0.1:61155 - R:localhost/127.0.0.1:39165] for POST '/session/b4c44b8ab3ec34df82fcca1e22294ffd/execute/sync'
11:35:59.017 [AsyncHttpClient-1-2] DEBUG org.asynchttpclient.netty.handler.HttpHandler - 

Request DefaultHttpRequest(decodeResult: success, version: HTTP/1.1)
POST /session/b4c44b8ab3ec34df82fcca1e22294ffd/execute/sync HTTP/1.1
User-Agent: selenium/4.8.0 (java windows)
Content-Length: 48815
Content-Type: application/json; charset=utf-8
host: localhost:39165
accept: */*

Response DefaultHttpResponse(decodeResult: success, version: HTTP/1.1)
HTTP/1.1 200 OK
Content-Length: 14
Content-Type: application/json; charset=utf-8
cache-control: no-cache

11:35:59.017 [AsyncHttpClient-1-2] DEBUG org.asynchttpclient.netty.channel.ChannelManager - Adding key: http://localhost:39165 for channel [id: 0xa10b78a6, L:/127.0.0.1:61155 - R:localhost/127.0.0.1:39165]
11:35:59.018 [main] INFO  com.swaglabs.base.SetUp - shopping cart validation passed
11:35:59.020 [Forwarding findElement on session b4c44b8ab3ec34df82fcca1e22294ffd to remote] DEBUG org.asynchttpclient.netty.request.NettyRequestSender - Using pooled Channel '[id: 0xa10b78a6, L:/127.0.0.1:61155 - R:localhost/127.0.0.1:39165]' for 'POST' to 'http://localhost:39165/session/b4c44b8ab3ec34df82fcca1e22294ffd/element'
11:35:59.020 [Forwarding findElement on session b4c44b8ab3ec34df82fcca1e22294ffd to remote] DEBUG org.asynchttpclient.netty.request.NettyRequestSender - Using open Channel [id: 0xa10b78a6, L:/127.0.0.1:61155 - R:localhost/127.0.0.1:39165] for POST '/session/b4c44b8ab3ec34df82fcca1e22294ffd/element'
11:35:59.028 [AsyncHttpClient-1-2] DEBUG org.asynchttpclient.netty.handler.HttpHandler - 

Request DefaultHttpRequest(decodeResult: success, version: HTTP/1.1)
POST /session/b4c44b8ab3ec34df82fcca1e22294ffd/element HTTP/1.1
User-Agent: selenium/4.8.0 (java windows)
Content-Length: 81
Content-Type: application/json; charset=utf-8
host: localhost:39165
accept: */*

Response DefaultHttpResponse(decodeResult: success, version: HTTP/1.1)
HTTP/1.1 200 OK
Content-Length: 96
Content-Type: application/json; charset=utf-8
cache-control: no-cache

11:35:59.028 [AsyncHttpClient-1-2] DEBUG org.asynchttpclient.netty.channel.ChannelManager - Adding key: http://localhost:39165 for channel [id: 0xa10b78a6, L:/127.0.0.1:61155 - R:localhost/127.0.0.1:39165]
11:35:59.030 [Forwarding isElementDisplayed on session b4c44b8ab3ec34df82fcca1e22294ffd to remote] DEBUG org.asynchttpclient.netty.request.NettyRequestSender - Using pooled Channel '[id: 0xa10b78a6, L:/127.0.0.1:61155 - R:localhost/127.0.0.1:39165]' for 'POST' to 'http://localhost:39165/session/b4c44b8ab3ec34df82fcca1e22294ffd/execute/sync'
11:35:59.030 [Forwarding isElementDisplayed on session b4c44b8ab3ec34df82fcca1e22294ffd to remote] DEBUG org.asynchttpclient.netty.request.NettyRequestSender - Using open Channel [id: 0xa10b78a6, L:/127.0.0.1:61155 - R:localhost/127.0.0.1:39165] for POST '/session/b4c44b8ab3ec34df82fcca1e22294ffd/execute/sync'
11:35:59.037 [AsyncHttpClient-1-2] DEBUG org.asynchttpclient.netty.handler.HttpHandler - 

Request DefaultHttpRequest(decodeResult: success, version: HTTP/1.1)
POST /session/b4c44b8ab3ec34df82fcca1e22294ffd/execute/sync HTTP/1.1
User-Agent: selenium/4.8.0 (java windows)
Content-Length: 48815
Content-Type: application/json; charset=utf-8
host: localhost:39165
accept: */*

Response DefaultHttpResponse(decodeResult: success, version: HTTP/1.1)
HTTP/1.1 200 OK
Content-Length: 14
Content-Type: application/json; charset=utf-8
cache-control: no-cache

11:35:59.037 [AsyncHttpClient-1-2] DEBUG org.asynchttpclient.netty.channel.ChannelManager - Adding key: http://localhost:39165 for channel [id: 0xa10b78a6, L:/127.0.0.1:61155 - R:localhost/127.0.0.1:39165]
11:35:59.037 [Forwarding getElementText on session b4c44b8ab3ec34df82fcca1e22294ffd to remote] DEBUG org.asynchttpclient.netty.request.NettyRequestSender - Using pooled Channel '[id: 0xa10b78a6, L:/127.0.0.1:61155 - R:localhost/127.0.0.1:39165]' for 'GET' to 'http://localhost:39165/session/b4c44b8ab3ec34df82fcca1e22294ffd/element/D6FCA329F55A989BAF0E516CCCB7C1E0_element_108/text'
11:35:59.037 [Forwarding getElementText on session b4c44b8ab3ec34df82fcca1e22294ffd to remote] DEBUG org.asynchttpclient.netty.request.NettyRequestSender - Using open Channel [id: 0xa10b78a6, L:/127.0.0.1:61155 - R:localhost/127.0.0.1:39165] for GET '/session/b4c44b8ab3ec34df82fcca1e22294ffd/element/D6FCA329F55A989BAF0E516CCCB7C1E0_element_108/text'
11:35:59.046 [AsyncHttpClient-1-2] DEBUG org.asynchttpclient.netty.handler.HttpHandler - 

Request DefaultFullHttpRequest(decodeResult: success, version: HTTP/1.1, content: EmptyByteBufBE)
GET /session/b4c44b8ab3ec34df82fcca1e22294ffd/element/D6FCA329F55A989BAF0E516CCCB7C1E0_element_108/text HTTP/1.1
User-Agent: selenium/4.8.0 (java windows)
Cache-Control: no-cache
Content-Type: application/json; charset=utf-8
host: localhost:39165
accept: */*

Response DefaultHttpResponse(decodeResult: success, version: HTTP/1.1)
HTTP/1.1 200 OK
Content-Length: 12
Content-Type: application/json; charset=utf-8
cache-control: no-cache

11:35:59.046 [AsyncHttpClient-1-2] DEBUG org.asynchttpclient.netty.channel.ChannelManager - Adding key: http://localhost:39165 for channel [id: 0xa10b78a6, L:/127.0.0.1:61155 - R:localhost/127.0.0.1:39165]
firstname validation failed
11:35:59.048 [Forwarding findElement on session b4c44b8ab3ec34df82fcca1e22294ffd to remote] DEBUG org.asynchttpclient.netty.request.NettyRequestSender - Using pooled Channel '[id: 0xa10b78a6, L:/127.0.0.1:61155 - R:localhost/127.0.0.1:39165]' for 'POST' to 'http://localhost:39165/session/b4c44b8ab3ec34df82fcca1e22294ffd/element'
11:35:59.048 [Forwarding findElement on session b4c44b8ab3ec34df82fcca1e22294ffd to remote] DEBUG org.asynchttpclient.netty.request.NettyRequestSender - Using open Channel [id: 0xa10b78a6, L:/127.0.0.1:61155 - R:localhost/127.0.0.1:39165] for POST '/session/b4c44b8ab3ec34df82fcca1e22294ffd/element'
11:35:59.056 [AsyncHttpClient-1-2] DEBUG org.asynchttpclient.netty.handler.HttpHandler - 

Request DefaultHttpRequest(decodeResult: success, version: HTTP/1.1)
POST /session/b4c44b8ab3ec34df82fcca1e22294ffd/element HTTP/1.1
User-Agent: selenium/4.8.0 (java windows)
Content-Length: 80
Content-Type: application/json; charset=utf-8
host: localhost:39165
accept: */*

Response DefaultHttpResponse(decodeResult: success, version: HTTP/1.1)
HTTP/1.1 200 OK
Content-Length: 96
Content-Type: application/json; charset=utf-8
cache-control: no-cache

11:35:59.056 [AsyncHttpClient-1-2] DEBUG org.asynchttpclient.netty.channel.ChannelManager - Adding key: http://localhost:39165 for channel [id: 0xa10b78a6, L:/127.0.0.1:61155 - R:localhost/127.0.0.1:39165]
11:35:59.058 [Forwarding isElementDisplayed on session b4c44b8ab3ec34df82fcca1e22294ffd to remote] DEBUG org.asynchttpclient.netty.request.NettyRequestSender - Using pooled Channel '[id: 0xa10b78a6, L:/127.0.0.1:61155 - R:localhost/127.0.0.1:39165]' for 'POST' to 'http://localhost:39165/session/b4c44b8ab3ec34df82fcca1e22294ffd/execute/sync'
11:35:59.058 [Forwarding isElementDisplayed on session b4c44b8ab3ec34df82fcca1e22294ffd to remote] DEBUG org.asynchttpclient.netty.request.NettyRequestSender - Using open Channel [id: 0xa10b78a6, L:/127.0.0.1:61155 - R:localhost/127.0.0.1:39165] for POST '/session/b4c44b8ab3ec34df82fcca1e22294ffd/execute/sync'
11:35:59.065 [AsyncHttpClient-1-2] DEBUG org.asynchttpclient.netty.handler.HttpHandler - 

Request DefaultHttpRequest(decodeResult: success, version: HTTP/1.1)
POST /session/b4c44b8ab3ec34df82fcca1e22294ffd/execute/sync HTTP/1.1
User-Agent: selenium/4.8.0 (java windows)
Content-Length: 48815
Content-Type: application/json; charset=utf-8
host: localhost:39165
accept: */*

Response DefaultHttpResponse(decodeResult: success, version: HTTP/1.1)
HTTP/1.1 200 OK
Content-Length: 14
Content-Type: application/json; charset=utf-8
cache-control: no-cache

11:35:59.065 [AsyncHttpClient-1-2] DEBUG org.asynchttpclient.netty.channel.ChannelManager - Adding key: http://localhost:39165 for channel [id: 0xa10b78a6, L:/127.0.0.1:61155 - R:localhost/127.0.0.1:39165]
11:35:59.066 [Forwarding getElementText on session b4c44b8ab3ec34df82fcca1e22294ffd to remote] DEBUG org.asynchttpclient.netty.request.NettyRequestSender - Using pooled Channel '[id: 0xa10b78a6, L:/127.0.0.1:61155 - R:localhost/127.0.0.1:39165]' for 'GET' to 'http://localhost:39165/session/b4c44b8ab3ec34df82fcca1e22294ffd/element/D6FCA329F55A989BAF0E516CCCB7C1E0_element_113/text'
11:35:59.066 [Forwarding getElementText on session b4c44b8ab3ec34df82fcca1e22294ffd to remote] DEBUG org.asynchttpclient.netty.request.NettyRequestSender - Using open Channel [id: 0xa10b78a6, L:/127.0.0.1:61155 - R:localhost/127.0.0.1:39165] for GET '/session/b4c44b8ab3ec34df82fcca1e22294ffd/element/D6FCA329F55A989BAF0E516CCCB7C1E0_element_113/text'
11:35:59.073 [AsyncHttpClient-1-2] DEBUG org.asynchttpclient.netty.handler.HttpHandler - 

Request DefaultFullHttpRequest(decodeResult: success, version: HTTP/1.1, content: EmptyByteBufBE)
GET /session/b4c44b8ab3ec34df82fcca1e22294ffd/element/D6FCA329F55A989BAF0E516CCCB7C1E0_element_113/text HTTP/1.1
User-Agent: selenium/4.8.0 (java windows)
Cache-Control: no-cache
Content-Type: application/json; charset=utf-8
host: localhost:39165
accept: */*

Response DefaultHttpResponse(decodeResult: success, version: HTTP/1.1)
HTTP/1.1 200 OK
Content-Length: 12
Content-Type: application/json; charset=utf-8
cache-control: no-cache

11:35:59.073 [AsyncHttpClient-1-2] DEBUG org.asynchttpclient.netty.channel.ChannelManager - Adding key: http://localhost:39165 for channel [id: 0xa10b78a6, L:/127.0.0.1:61155 - R:localhost/127.0.0.1:39165]
lastname validation failed
11:35:59.075 [Forwarding findElement on session b4c44b8ab3ec34df82fcca1e22294ffd to remote] DEBUG org.asynchttpclient.netty.request.NettyRequestSender - Using pooled Channel '[id: 0xa10b78a6, L:/127.0.0.1:61155 - R:localhost/127.0.0.1:39165]' for 'POST' to 'http://localhost:39165/session/b4c44b8ab3ec34df82fcca1e22294ffd/element'
11:35:59.075 [Forwarding findElement on session b4c44b8ab3ec34df82fcca1e22294ffd to remote] DEBUG org.asynchttpclient.netty.request.NettyRequestSender - Using open Channel [id: 0xa10b78a6, L:/127.0.0.1:61155 - R:localhost/127.0.0.1:39165] for POST '/session/b4c44b8ab3ec34df82fcca1e22294ffd/element'
11:35:59.087 [AsyncHttpClient-1-2] DEBUG org.asynchttpclient.netty.handler.HttpHandler - 

Request DefaultHttpRequest(decodeResult: success, version: HTTP/1.1)
POST /session/b4c44b8ab3ec34df82fcca1e22294ffd/element HTTP/1.1
User-Agent: selenium/4.8.0 (java windows)
Content-Length: 91
Content-Type: application/json; charset=utf-8
host: localhost:39165
accept: */*

Response DefaultHttpResponse(decodeResult: success, version: HTTP/1.1)
HTTP/1.1 200 OK
Content-Length: 96
Content-Type: application/json; charset=utf-8
cache-control: no-cache

11:35:59.087 [AsyncHttpClient-1-2] DEBUG org.asynchttpclient.netty.channel.ChannelManager - Adding key: http://localhost:39165 for channel [id: 0xa10b78a6, L:/127.0.0.1:61155 - R:localhost/127.0.0.1:39165]
11:35:59.089 [Forwarding isElementDisplayed on session b4c44b8ab3ec34df82fcca1e22294ffd to remote] DEBUG org.asynchttpclient.netty.request.NettyRequestSender - Using pooled Channel '[id: 0xa10b78a6, L:/127.0.0.1:61155 - R:localhost/127.0.0.1:39165]' for 'POST' to 'http://localhost:39165/session/b4c44b8ab3ec34df82fcca1e22294ffd/execute/sync'
11:35:59.089 [Forwarding isElementDisplayed on session b4c44b8ab3ec34df82fcca1e22294ffd to remote] DEBUG org.asynchttpclient.netty.request.NettyRequestSender - Using open Channel [id: 0xa10b78a6, L:/127.0.0.1:61155 - R:localhost/127.0.0.1:39165] for POST '/session/b4c44b8ab3ec34df82fcca1e22294ffd/execute/sync'
11:35:59.097 [AsyncHttpClient-1-2] DEBUG org.asynchttpclient.netty.handler.HttpHandler - 

Request DefaultHttpRequest(decodeResult: success, version: HTTP/1.1)
POST /session/b4c44b8ab3ec34df82fcca1e22294ffd/execute/sync HTTP/1.1
User-Agent: selenium/4.8.0 (java windows)
Content-Length: 48815
Content-Type: application/json; charset=utf-8
host: localhost:39165
accept: */*

Response DefaultHttpResponse(decodeResult: success, version: HTTP/1.1)
HTTP/1.1 200 OK
Content-Length: 14
Content-Type: application/json; charset=utf-8
cache-control: no-cache

11:35:59.097 [AsyncHttpClient-1-2] DEBUG org.asynchttpclient.netty.channel.ChannelManager - Adding key: http://localhost:39165 for channel [id: 0xa10b78a6, L:/127.0.0.1:61155 - R:localhost/127.0.0.1:39165]
11:35:59.101 [Forwarding isElementDisplayed on session b4c44b8ab3ec34df82fcca1e22294ffd to remote] DEBUG org.asynchttpclient.netty.request.NettyRequestSender - Using pooled Channel '[id: 0xa10b78a6, L:/127.0.0.1:61155 - R:localhost/127.0.0.1:39165]' for 'POST' to 'http://localhost:39165/session/b4c44b8ab3ec34df82fcca1e22294ffd/execute/sync'
11:35:59.101 [Forwarding isElementDisplayed on session b4c44b8ab3ec34df82fcca1e22294ffd to remote] DEBUG org.asynchttpclient.netty.request.NettyRequestSender - Using open Channel [id: 0xa10b78a6, L:/127.0.0.1:61155 - R:localhost/127.0.0.1:39165] for POST '/session/b4c44b8ab3ec34df82fcca1e22294ffd/execute/sync'
11:35:59.112 [AsyncHttpClient-1-2] DEBUG org.asynchttpclient.netty.handler.HttpHandler - 

Request DefaultHttpRequest(decodeResult: success, version: HTTP/1.1)
POST /session/b4c44b8ab3ec34df82fcca1e22294ffd/execute/sync HTTP/1.1
User-Agent: selenium/4.8.0 (java windows)
Content-Length: 48815
Content-Type: application/json; charset=utf-8
host: localhost:39165
accept: */*

Response DefaultHttpResponse(decodeResult: success, version: HTTP/1.1)
HTTP/1.1 200 OK
Content-Length: 14
Content-Type: application/json; charset=utf-8
cache-control: no-cache

11:35:59.113 [AsyncHttpClient-1-2] DEBUG org.asynchttpclient.netty.channel.ChannelManager - Adding key: http://localhost:39165 for channel [id: 0xa10b78a6, L:/127.0.0.1:61155 - R:localhost/127.0.0.1:39165]
11:35:59.113 [main] INFO  com.swaglabs.base.SetUp - zip button verification passed
11:35:59.115 [Forwarding findElement on session b4c44b8ab3ec34df82fcca1e22294ffd to remote] DEBUG org.asynchttpclient.netty.request.NettyRequestSender - Using pooled Channel '[id: 0xa10b78a6, L:/127.0.0.1:61155 - R:localhost/127.0.0.1:39165]' for 'POST' to 'http://localhost:39165/session/b4c44b8ab3ec34df82fcca1e22294ffd/element'
11:35:59.115 [Forwarding findElement on session b4c44b8ab3ec34df82fcca1e22294ffd to remote] DEBUG org.asynchttpclient.netty.request.NettyRequestSender - Using open Channel [id: 0xa10b78a6, L:/127.0.0.1:61155 - R:localhost/127.0.0.1:39165] for POST '/session/b4c44b8ab3ec34df82fcca1e22294ffd/element'
11:35:59.126 [AsyncHttpClient-1-2] DEBUG org.asynchttpclient.netty.handler.HttpHandler - 

Request DefaultHttpRequest(decodeResult: success, version: HTTP/1.1)
POST /session/b4c44b8ab3ec34df82fcca1e22294ffd/element HTTP/1.1
User-Agent: selenium/4.8.0 (java windows)
Content-Length: 69
Content-Type: application/json; charset=utf-8
host: localhost:39165
accept: */*

Response DefaultHttpResponse(decodeResult: success, version: HTTP/1.1)
HTTP/1.1 200 OK
Content-Length: 96
Content-Type: application/json; charset=utf-8
cache-control: no-cache

11:35:59.126 [AsyncHttpClient-1-2] DEBUG org.asynchttpclient.netty.channel.ChannelManager - Adding key: http://localhost:39165 for channel [id: 0xa10b78a6, L:/127.0.0.1:61155 - R:localhost/127.0.0.1:39165]
11:35:59.129 [Forwarding isElementDisplayed on session b4c44b8ab3ec34df82fcca1e22294ffd to remote] DEBUG org.asynchttpclient.netty.request.NettyRequestSender - Using pooled Channel '[id: 0xa10b78a6, L:/127.0.0.1:61155 - R:localhost/127.0.0.1:39165]' for 'POST' to 'http://localhost:39165/session/b4c44b8ab3ec34df82fcca1e22294ffd/execute/sync'
11:35:59.129 [Forwarding isElementDisplayed on session b4c44b8ab3ec34df82fcca1e22294ffd to remote] DEBUG org.asynchttpclient.netty.request.NettyRequestSender - Using open Channel [id: 0xa10b78a6, L:/127.0.0.1:61155 - R:localhost/127.0.0.1:39165] for POST '/session/b4c44b8ab3ec34df82fcca1e22294ffd/execute/sync'
11:35:59.141 [AsyncHttpClient-1-2] DEBUG org.asynchttpclient.netty.handler.HttpHandler - 

Request DefaultHttpRequest(decodeResult: success, version: HTTP/1.1)
POST /session/b4c44b8ab3ec34df82fcca1e22294ffd/execute/sync HTTP/1.1
User-Agent: selenium/4.8.0 (java windows)
Content-Length: 48815
Content-Type: application/json; charset=utf-8
host: localhost:39165
accept: */*

Response DefaultHttpResponse(decodeResult: success, version: HTTP/1.1)
HTTP/1.1 200 OK
Content-Length: 14
Content-Type: application/json; charset=utf-8
cache-control: no-cache

11:35:59.141 [AsyncHttpClient-1-2] DEBUG org.asynchttpclient.netty.channel.ChannelManager - Adding key: http://localhost:39165 for channel [id: 0xa10b78a6, L:/127.0.0.1:61155 - R:localhost/127.0.0.1:39165]
11:35:59.143 [Forwarding isElementDisplayed on session b4c44b8ab3ec34df82fcca1e22294ffd to remote] DEBUG org.asynchttpclient.netty.request.NettyRequestSender - Using pooled Channel '[id: 0xa10b78a6, L:/127.0.0.1:61155 - R:localhost/127.0.0.1:39165]' for 'POST' to 'http://localhost:39165/session/b4c44b8ab3ec34df82fcca1e22294ffd/execute/sync'
11:35:59.143 [Forwarding isElementDisplayed on session b4c44b8ab3ec34df82fcca1e22294ffd to remote] DEBUG org.asynchttpclient.netty.request.NettyRequestSender - Using open Channel [id: 0xa10b78a6, L:/127.0.0.1:61155 - R:localhost/127.0.0.1:39165] for POST '/session/b4c44b8ab3ec34df82fcca1e22294ffd/execute/sync'
11:35:59.154 [AsyncHttpClient-1-2] DEBUG org.asynchttpclient.netty.handler.HttpHandler - 

Request DefaultHttpRequest(decodeResult: success, version: HTTP/1.1)
POST /session/b4c44b8ab3ec34df82fcca1e22294ffd/execute/sync HTTP/1.1
User-Agent: selenium/4.8.0 (java windows)
Content-Length: 48815
Content-Type: application/json; charset=utf-8
host: localhost:39165
accept: */*

Response DefaultHttpResponse(decodeResult: success, version: HTTP/1.1)
HTTP/1.1 200 OK
Content-Length: 14
Content-Type: application/json; charset=utf-8
cache-control: no-cache

11:35:59.154 [AsyncHttpClient-1-2] DEBUG org.asynchttpclient.netty.channel.ChannelManager - Adding key: http://localhost:39165 for channel [id: 0xa10b78a6, L:/127.0.0.1:61155 - R:localhost/127.0.0.1:39165]
11:35:59.155 [main] INFO  com.swaglabs.base.SetUp - cancel button verification passed
11:35:59.157 [Forwarding findElement on session b4c44b8ab3ec34df82fcca1e22294ffd to remote] DEBUG org.asynchttpclient.netty.request.NettyRequestSender - Using pooled Channel '[id: 0xa10b78a6, L:/127.0.0.1:61155 - R:localhost/127.0.0.1:39165]' for 'POST' to 'http://localhost:39165/session/b4c44b8ab3ec34df82fcca1e22294ffd/element'
11:35:59.157 [Forwarding findElement on session b4c44b8ab3ec34df82fcca1e22294ffd to remote] DEBUG org.asynchttpclient.netty.request.NettyRequestSender - Using open Channel [id: 0xa10b78a6, L:/127.0.0.1:61155 - R:localhost/127.0.0.1:39165] for POST '/session/b4c44b8ab3ec34df82fcca1e22294ffd/element'
11:35:59.169 [AsyncHttpClient-1-2] DEBUG org.asynchttpclient.netty.handler.HttpHandler - 

Request DefaultHttpRequest(decodeResult: success, version: HTTP/1.1)
POST /session/b4c44b8ab3ec34df82fcca1e22294ffd/element HTTP/1.1
User-Agent: selenium/4.8.0 (java windows)
Content-Length: 70
Content-Type: application/json; charset=utf-8
host: localhost:39165
accept: */*

Response DefaultHttpResponse(decodeResult: success, version: HTTP/1.1)
HTTP/1.1 200 OK
Content-Length: 96
Content-Type: application/json; charset=utf-8
cache-control: no-cache

11:35:59.169 [AsyncHttpClient-1-2] DEBUG org.asynchttpclient.netty.channel.ChannelManager - Adding key: http://localhost:39165 for channel [id: 0xa10b78a6, L:/127.0.0.1:61155 - R:localhost/127.0.0.1:39165]
11:35:59.171 [Forwarding isElementDisplayed on session b4c44b8ab3ec34df82fcca1e22294ffd to remote] DEBUG org.asynchttpclient.netty.request.NettyRequestSender - Using pooled Channel '[id: 0xa10b78a6, L:/127.0.0.1:61155 - R:localhost/127.0.0.1:39165]' for 'POST' to 'http://localhost:39165/session/b4c44b8ab3ec34df82fcca1e22294ffd/execute/sync'
11:35:59.172 [Forwarding isElementDisplayed on session b4c44b8ab3ec34df82fcca1e22294ffd to remote] DEBUG org.asynchttpclient.netty.request.NettyRequestSender - Using open Channel [id: 0xa10b78a6, L:/127.0.0.1:61155 - R:localhost/127.0.0.1:39165] for POST '/session/b4c44b8ab3ec34df82fcca1e22294ffd/execute/sync'
11:35:59.186 [AsyncHttpClient-1-2] DEBUG org.asynchttpclient.netty.handler.HttpHandler - 

Request DefaultHttpRequest(decodeResult: success, version: HTTP/1.1)
POST /session/b4c44b8ab3ec34df82fcca1e22294ffd/execute/sync HTTP/1.1
User-Agent: selenium/4.8.0 (java windows)
Content-Length: 48815
Content-Type: application/json; charset=utf-8
host: localhost:39165
accept: */*

Response DefaultHttpResponse(decodeResult: success, version: HTTP/1.1)
HTTP/1.1 200 OK
Content-Length: 14
Content-Type: application/json; charset=utf-8
cache-control: no-cache

11:35:59.186 [AsyncHttpClient-1-2] DEBUG org.asynchttpclient.netty.channel.ChannelManager - Adding key: http://localhost:39165 for channel [id: 0xa10b78a6, L:/127.0.0.1:61155 - R:localhost/127.0.0.1:39165]
11:35:59.189 [Forwarding isElementDisplayed on session b4c44b8ab3ec34df82fcca1e22294ffd to remote] DEBUG org.asynchttpclient.netty.request.NettyRequestSender - Using pooled Channel '[id: 0xa10b78a6, L:/127.0.0.1:61155 - R:localhost/127.0.0.1:39165]' for 'POST' to 'http://localhost:39165/session/b4c44b8ab3ec34df82fcca1e22294ffd/execute/sync'
11:35:59.189 [Forwarding isElementDisplayed on session b4c44b8ab3ec34df82fcca1e22294ffd to remote] DEBUG org.asynchttpclient.netty.request.NettyRequestSender - Using open Channel [id: 0xa10b78a6, L:/127.0.0.1:61155 - R:localhost/127.0.0.1:39165] for POST '/session/b4c44b8ab3ec34df82fcca1e22294ffd/execute/sync'
11:35:59.199 [AsyncHttpClient-1-2] DEBUG org.asynchttpclient.netty.handler.HttpHandler - 

Request DefaultHttpRequest(decodeResult: success, version: HTTP/1.1)
POST /session/b4c44b8ab3ec34df82fcca1e22294ffd/execute/sync HTTP/1.1
User-Agent: selenium/4.8.0 (java windows)
Content-Length: 48815
Content-Type: application/json; charset=utf-8
host: localhost:39165
accept: */*

Response DefaultHttpResponse(decodeResult: success, version: HTTP/1.1)
HTTP/1.1 200 OK
Content-Length: 14
Content-Type: application/json; charset=utf-8
cache-control: no-cache

11:35:59.199 [AsyncHttpClient-1-2] DEBUG org.asynchttpclient.netty.channel.ChannelManager - Adding key: http://localhost:39165 for channel [id: 0xa10b78a6, L:/127.0.0.1:61155 - R:localhost/127.0.0.1:39165]
11:35:59.199 [main] INFO  com.swaglabs.base.SetUp - checkout button verification passed
11:35:59.202 [Forwarding findElement on session b4c44b8ab3ec34df82fcca1e22294ffd to remote] DEBUG org.asynchttpclient.netty.request.NettyRequestSender - Using pooled Channel '[id: 0xa10b78a6, L:/127.0.0.1:61155 - R:localhost/127.0.0.1:39165]' for 'POST' to 'http://localhost:39165/session/b4c44b8ab3ec34df82fcca1e22294ffd/element'
11:35:59.202 [Forwarding findElement on session b4c44b8ab3ec34df82fcca1e22294ffd to remote] DEBUG org.asynchttpclient.netty.request.NettyRequestSender - Using open Channel [id: 0xa10b78a6, L:/127.0.0.1:61155 - R:localhost/127.0.0.1:39165] for POST '/session/b4c44b8ab3ec34df82fcca1e22294ffd/element'
11:35:59.210 [AsyncHttpClient-1-2] DEBUG org.asynchttpclient.netty.handler.HttpHandler - 

Request DefaultHttpRequest(decodeResult: success, version: HTTP/1.1)
POST /session/b4c44b8ab3ec34df82fcca1e22294ffd/element HTTP/1.1
User-Agent: selenium/4.8.0 (java windows)
Content-Length: 74
Content-Type: application/json; charset=utf-8
host: localhost:39165
accept: */*

Response DefaultHttpResponse(decodeResult: success, version: HTTP/1.1)
HTTP/1.1 200 OK
Content-Length: 96
Content-Type: application/json; charset=utf-8
cache-control: no-cache

11:35:59.210 [AsyncHttpClient-1-2] DEBUG org.asynchttpclient.netty.channel.ChannelManager - Adding key: http://localhost:39165 for channel [id: 0xa10b78a6, L:/127.0.0.1:61155 - R:localhost/127.0.0.1:39165]
11:35:59.213 [Forwarding isElementDisplayed on session b4c44b8ab3ec34df82fcca1e22294ffd to remote] DEBUG org.asynchttpclient.netty.request.NettyRequestSender - Using pooled Channel '[id: 0xa10b78a6, L:/127.0.0.1:61155 - R:localhost/127.0.0.1:39165]' for 'POST' to 'http://localhost:39165/session/b4c44b8ab3ec34df82fcca1e22294ffd/execute/sync'
11:35:59.213 [Forwarding isElementDisplayed on session b4c44b8ab3ec34df82fcca1e22294ffd to remote] DEBUG org.asynchttpclient.netty.request.NettyRequestSender - Using open Channel [id: 0xa10b78a6, L:/127.0.0.1:61155 - R:localhost/127.0.0.1:39165] for POST '/session/b4c44b8ab3ec34df82fcca1e22294ffd/execute/sync'
11:35:59.225 [AsyncHttpClient-1-2] DEBUG org.asynchttpclient.netty.handler.HttpHandler - 

Request DefaultHttpRequest(decodeResult: success, version: HTTP/1.1)
POST /session/b4c44b8ab3ec34df82fcca1e22294ffd/execute/sync HTTP/1.1
User-Agent: selenium/4.8.0 (java windows)
Content-Length: 48815
Content-Type: application/json; charset=utf-8
host: localhost:39165
accept: */*

Response DefaultHttpResponse(decodeResult: success, version: HTTP/1.1)
HTTP/1.1 200 OK
Content-Length: 14
Content-Type: application/json; charset=utf-8
cache-control: no-cache

11:35:59.225 [AsyncHttpClient-1-2] DEBUG org.asynchttpclient.netty.channel.ChannelManager - Adding key: http://localhost:39165 for channel [id: 0xa10b78a6, L:/127.0.0.1:61155 - R:localhost/127.0.0.1:39165]
11:35:59.226 [Forwarding getElementText on session b4c44b8ab3ec34df82fcca1e22294ffd to remote] DEBUG org.asynchttpclient.netty.request.NettyRequestSender - Using pooled Channel '[id: 0xa10b78a6, L:/127.0.0.1:61155 - R:localhost/127.0.0.1:39165]' for 'GET' to 'http://localhost:39165/session/b4c44b8ab3ec34df82fcca1e22294ffd/element/D6FCA329F55A989BAF0E516CCCB7C1E0_element_119/text'
11:35:59.226 [Forwarding getElementText on session b4c44b8ab3ec34df82fcca1e22294ffd to remote] DEBUG org.asynchttpclient.netty.request.NettyRequestSender - Using open Channel [id: 0xa10b78a6, L:/127.0.0.1:61155 - R:localhost/127.0.0.1:39165] for GET '/session/b4c44b8ab3ec34df82fcca1e22294ffd/element/D6FCA329F55A989BAF0E516CCCB7C1E0_element_119/text'
11:35:59.234 [AsyncHttpClient-1-2] DEBUG org.asynchttpclient.netty.handler.HttpHandler - 

Request DefaultFullHttpRequest(decodeResult: success, version: HTTP/1.1, content: EmptyByteBufBE)
GET /session/b4c44b8ab3ec34df82fcca1e22294ffd/element/D6FCA329F55A989BAF0E516CCCB7C1E0_element_119/text HTTP/1.1
User-Agent: selenium/4.8.0 (java windows)
Cache-Control: no-cache
Content-Type: application/json; charset=utf-8
host: localhost:39165
accept: */*

Response DefaultHttpResponse(decodeResult: success, version: HTTP/1.1)
HTTP/1.1 200 OK
Content-Length: 86
Content-Type: application/json; charset=utf-8
cache-control: no-cache

11:35:59.234 [AsyncHttpClient-1-2] DEBUG org.asynchttpclient.netty.channel.ChannelManager - Adding key: http://localhost:39165 for channel [id: 0xa10b78a6, L:/127.0.0.1:61155 - R:localhost/127.0.0.1:39165]
11:35:59.235 [main] INFO  com.swaglabs.base.SetUp - footertext validation passed
11:35:59.238 [Forwarding getAlertText on session b4c44b8ab3ec34df82fcca1e22294ffd to remote] DEBUG org.asynchttpclient.netty.request.NettyRequestSender - Using pooled Channel '[id: 0xa10b78a6, L:/127.0.0.1:61155 - R:localhost/127.0.0.1:39165]' for 'GET' to 'http://localhost:39165/session/b4c44b8ab3ec34df82fcca1e22294ffd/alert/text'
11:35:59.238 [Forwarding getAlertText on session b4c44b8ab3ec34df82fcca1e22294ffd to remote] DEBUG org.asynchttpclient.netty.request.NettyRequestSender - Using open Channel [id: 0xa10b78a6, L:/127.0.0.1:61155 - R:localhost/127.0.0.1:39165] for GET '/session/b4c44b8ab3ec34df82fcca1e22294ffd/alert/text'
11:35:59.242 [AsyncHttpClient-1-2] DEBUG org.asynchttpclient.netty.handler.HttpHandler - 

Request DefaultFullHttpRequest(decodeResult: success, version: HTTP/1.1, content: EmptyByteBufBE)
GET /session/b4c44b8ab3ec34df82fcca1e22294ffd/alert/text HTTP/1.1
User-Agent: selenium/4.8.0 (java windows)
Cache-Control: no-cache
Content-Type: application/json; charset=utf-8
host: localhost:39165
accept: */*

Response DefaultHttpResponse(decodeResult: success, version: HTTP/1.1)
HTTP/1.1 404 Not Found
Content-Length: 1522
Content-Type: application/json; charset=utf-8
cache-control: no-cache

11:35:59.242 [AsyncHttpClient-1-2] DEBUG org.asynchttpclient.netty.channel.ChannelManager - Adding key: http://localhost:39165 for channel [id: 0xa10b78a6, L:/127.0.0.1:61155 - R:localhost/127.0.0.1:39165]
11:35:59.243 [Forwarding getCurrentUrl on session b4c44b8ab3ec34df82fcca1e22294ffd to remote] DEBUG org.asynchttpclient.netty.request.NettyRequestSender - Using pooled Channel '[id: 0xa10b78a6, L:/127.0.0.1:61155 - R:localhost/127.0.0.1:39165]' for 'GET' to 'http://localhost:39165/session/b4c44b8ab3ec34df82fcca1e22294ffd/url'
11:35:59.243 [Forwarding getCurrentUrl on session b4c44b8ab3ec34df82fcca1e22294ffd to remote] DEBUG org.asynchttpclient.netty.request.NettyRequestSender - Using open Channel [id: 0xa10b78a6, L:/127.0.0.1:61155 - R:localhost/127.0.0.1:39165] for GET '/session/b4c44b8ab3ec34df82fcca1e22294ffd/url'
11:35:59.252 [AsyncHttpClient-1-2] DEBUG org.asynchttpclient.netty.handler.HttpHandler - 

Request DefaultFullHttpRequest(decodeResult: success, version: HTTP/1.1, content: EmptyByteBufBE)
GET /session/b4c44b8ab3ec34df82fcca1e22294ffd/url HTTP/1.1
User-Agent: selenium/4.8.0 (java windows)
Cache-Control: no-cache
Content-Type: application/json; charset=utf-8
host: localhost:39165
accept: */*

Response DefaultHttpResponse(decodeResult: success, version: HTTP/1.1)
HTTP/1.1 200 OK
Content-Length: 60
Content-Type: application/json; charset=utf-8
cache-control: no-cache

11:35:59.252 [AsyncHttpClient-1-2] DEBUG org.asynchttpclient.netty.channel.ChannelManager - Adding key: http://localhost:39165 for channel [id: 0xa10b78a6, L:/127.0.0.1:61155 - R:localhost/127.0.0.1:39165]
11:35:59.253 [Forwarding screenshot on session b4c44b8ab3ec34df82fcca1e22294ffd to remote] DEBUG org.asynchttpclient.netty.request.NettyRequestSender - Using pooled Channel '[id: 0xa10b78a6, L:/127.0.0.1:61155 - R:localhost/127.0.0.1:39165]' for 'GET' to 'http://localhost:39165/session/b4c44b8ab3ec34df82fcca1e22294ffd/screenshot'
11:35:59.253 [Forwarding screenshot on session b4c44b8ab3ec34df82fcca1e22294ffd to remote] DEBUG org.asynchttpclient.netty.request.NettyRequestSender - Using open Channel [id: 0xa10b78a6, L:/127.0.0.1:61155 - R:localhost/127.0.0.1:39165] for GET '/session/b4c44b8ab3ec34df82fcca1e22294ffd/screenshot'
11:35:59.387 [AsyncHttpClient-1-2] DEBUG org.asynchttpclient.netty.handler.HttpHandler - 

Request DefaultFullHttpRequest(decodeResult: success, version: HTTP/1.1, content: EmptyByteBufBE)
GET /session/b4c44b8ab3ec34df82fcca1e22294ffd/screenshot HTTP/1.1
User-Agent: selenium/4.8.0 (java windows)
Cache-Control: no-cache
Content-Type: application/json; charset=utf-8
host: localhost:39165
accept: */*

Response DefaultHttpResponse(decodeResult: success, version: HTTP/1.1)
HTTP/1.1 200 OK
Content-Length: 38672
Content-Type: application/json; charset=utf-8
cache-control: no-cache

11:35:59.387 [AsyncHttpClient-1-2] DEBUG org.asynchttpclient.netty.channel.ChannelManager - Adding key: http://localhost:39165 for channel [id: 0xa10b78a6, L:/127.0.0.1:61155 - R:localhost/127.0.0.1:39165]
11:35:59.388 [main] DEBUG net.serenitybdd.core.photography.Darkroom - Send negative for processing for target\site\serenity\7e7bd543fff91fc6bfad3b285cfc2ec3862cdc9c9bc7b5538fa59f4d5ada86f1.png
11:35:59.389 [main] DEBUG net.thucydides.core.steps.StepInterceptor - STEP DONE: test12_checkoutAndValidateUserInterfaceHeaderAndFooters
]]></system-out>
    <system-err><![CDATA[Starting Microsoft Edge WebDriver 115.0.1901.188 (b51b39339c49c4dc7c61b77f8b61420ca0ab7b68) on port 39165
To submit feedback, report a bug, or suggest new features, please visit https://github.com/MicrosoftEdge/EdgeWebDriver

Only local connections are allowed.
Please see https://aka.ms/WebDriverSecurity for suggestions on keeping Microsoft Edge WebDriver safe.

Microsoft Edge WebDriver was started successfully.
[1693461936.284][WARNING]: This version of Microsoft Edge WebDriver has not been tested with Microsoft Edge version 116.
Aug 31, 2023 11:35:38 AM org.openqa.selenium.devtools.CdpVersionFinder findNearestMatch
WARNING: Unable to find CDP implementation matching 116
Aug 31, 2023 11:35:38 AM org.openqa.selenium.chromium.ChromiumDriver lambda$new$3
WARNING: Unable to find version of CDP to use for . You may need to include a dependency on a specific version of the CDP using something similar to `org.seleniumhq.selenium:selenium-devtools-v86:4.8.0` where the version ("v86") matches the version of the chromium-based browser you're using and the version number of the artifact is the same as Selenium's.
com.swaglabs.utilities.HeaderExist: header  text is not visible 
	at com.swaglabs.steps.LoginPageSteps.validateHeadersInloginPage(LoginPageSteps.java:195)
	at com.swaglabs.steps.LoginPageSteps$ByteBuddy$zS5Tw6BW.validateHeadersInloginPage$accessor$iqThXT80(Unknown Source)
	at java.base/jdk.internal.reflect.NativeMethodAccessorImpl.invoke0(Native Method)
	at java.base/jdk.internal.reflect.NativeMethodAccessorImpl.invoke(NativeMethodAccessorImpl.java:77)
	at java.base/jdk.internal.reflect.DelegatingMethodAccessorImpl.invoke(DelegatingMethodAccessorImpl.java:43)
	at java.base/java.lang.reflect.Method.invoke(Method.java:568)
	at net.thucydides.core.steps.BaseMethodRunner.invokeMethod(BaseMethodRunner.java:18)
	at net.thucydides.core.steps.NormalMethodRunner.invokeMethodAndNotifyFailures(NormalMethodRunner.java:18)
	at net.thucydides.core.steps.StepInterceptor.runNormalMethod(StepInterceptor.java:421)
	at net.thucydides.core.steps.StepInterceptor.testStepResult(StepInterceptor.java:193)
	at net.thucydides.core.steps.StepInterceptor.intercept(StepInterceptor.java:86)
	at net.thucydides.core.steps.ProxyConfiguration$InterceptorDispatcher.intercept(ProxyConfiguration.java:51)
	at com.swaglabs.steps.LoginPageSteps$ByteBuddy$zS5Tw6BW.validateHeadersInloginPage(Unknown Source)
	at com.swaglabs.steps.LoginPageSteps.test2_ValidateUserinterfaceHeadersAndFooters(LoginPageSteps.java:325)
	at com.swaglabs.steps.LoginPageSteps$ByteBuddy$zS5Tw6BW.test2_ValidateUserinterfaceHeadersAndFooters$accessor$iqThXT80(Unknown Source)
	at java.base/jdk.internal.reflect.NativeMethodAccessorImpl.invoke0(Native Method)
	at java.base/jdk.internal.reflect.NativeMethodAccessorImpl.invoke(NativeMethodAccessorImpl.java:77)
	at java.base/jdk.internal.reflect.DelegatingMethodAccessorImpl.invoke(DelegatingMethodAccessorImpl.java:43)
	at java.base/java.lang.reflect.Method.invoke(Method.java:568)
	at net.thucydides.core.steps.StepInterceptor.invokeMethod(StepInterceptor.java:518)
	at net.thucydides.core.steps.StepInterceptor.executeTestStepMethod(StepInterceptor.java:498)
	at net.thucydides.core.steps.StepInterceptor.runTestStep(StepInterceptor.java:472)
	at net.thucydides.core.steps.StepInterceptor.runOrSkipMethod(StepInterceptor.java:211)
	at net.thucydides.core.steps.StepInterceptor.testStepResult(StepInterceptor.java:198)
	at net.thucydides.core.steps.StepInterceptor.intercept(StepInterceptor.java:86)
	at net.thucydides.core.steps.ProxyConfiguration$InterceptorDispatcher.intercept(ProxyConfiguration.java:51)
	at com.swaglabs.steps.LoginPageSteps$ByteBuddy$zS5Tw6BW.test2_ValidateUserinterfaceHeadersAndFooters(Unknown Source)
	at com.swaglabs.testcases.Tests.testCases(Tests.java:67)
	at java.base/jdk.internal.reflect.NativeMethodAccessorImpl.invoke0(Native Method)
	at java.base/jdk.internal.reflect.NativeMethodAccessorImpl.invoke(NativeMethodAccessorImpl.java:77)
	at java.base/jdk.internal.reflect.DelegatingMethodAccessorImpl.invoke(DelegatingMethodAccessorImpl.java:43)
	at java.base/java.lang.reflect.Method.invoke(Method.java:568)
	at org.junit.runners.model.FrameworkMethod$1.runReflectiveCall(FrameworkMethod.java:59)
	at org.junit.internal.runners.model.ReflectiveCallable.run(ReflectiveCallable.java:12)
	at org.junit.runners.model.FrameworkMethod.invokeExplosively(FrameworkMethod.java:56)
	at org.junit.internal.runners.statements.InvokeMethod.evaluate(InvokeMethod.java:17)
	at net.serenitybdd.junit.runners.SerenityStatement.evaluate(SerenityStatement.java:33)
	at org.junit.internal.runners.statements.RunBefores.evaluate(RunBefores.java:26)
	at org.junit.runners.ParentRunner$3.evaluate(ParentRunner.java:306)
	at org.junit.runners.BlockJUnit4ClassRunner$1.evaluate(BlockJUnit4ClassRunner.java:100)
	at org.junit.runners.ParentRunner.runLeaf(ParentRunner.java:366)
	at org.junit.runners.BlockJUnit4ClassRunner.runChild(BlockJUnit4ClassRunner.java:103)
	at net.serenitybdd.junit.runners.SerenityRunner.performRunChild(SerenityRunner.java:471)
	at net.serenitybdd.junit.runners.SerenityRunner.runChild(SerenityRunner.java:445)
	at net.serenitybdd.junit.runners.SerenityRunner.runChild(SerenityRunner.java:61)
	at org.junit.runners.ParentRunner$4.run(ParentRunner.java:331)
	at org.junit.runners.ParentRunner$1.schedule(ParentRunner.java:79)
	at org.junit.runners.ParentRunner.runChildren(ParentRunner.java:329)
	at org.junit.runners.ParentRunner.access$100(ParentRunner.java:66)
	at org.junit.runners.ParentRunner$2.evaluate(ParentRunner.java:293)
	at org.junit.runners.ParentRunner.run(ParentRunner.java:413)
	at net.serenitybdd.junit.runners.SerenityRunner.run(SerenityRunner.java:254)
	at org.junit.runners.Suite.runChild(Suite.java:128)
	at org.junit.runners.Suite.runChild(Suite.java:27)
	at org.junit.runners.ParentRunner$4.run(ParentRunner.java:331)
	at org.junit.runners.ParentRunner$1.schedule(ParentRunner.java:79)
	at org.junit.runners.ParentRunner.runChildren(ParentRunner.java:329)
	at org.junit.runners.ParentRunner.access$100(ParentRunner.java:66)
	at org.junit.runners.ParentRunner$2.evaluate(ParentRunner.java:293)
	at org.junit.runners.ParentRunner$3.evaluate(ParentRunner.java:306)
	at org.junit.runners.ParentRunner.run(ParentRunner.java:413)
	at net.serenitybdd.junit.runners.SerenityParameterizedRunner.run(SerenityParameterizedRunner.java:217)
	at org.junit.runner.JUnitCore.run(JUnitCore.java:137)
	at org.junit.runner.JUnitCore.run(JUnitCore.java:115)
	at org.junit.vintage.engine.execution.RunnerExecutor.execute(RunnerExecutor.java:42)
	at org.junit.vintage.engine.VintageTestEngine.executeAllChildren(VintageTestEngine.java:80)
	at org.junit.vintage.engine.VintageTestEngine.execute(VintageTestEngine.java:72)
	at org.junit.platform.launcher.core.EngineExecutionOrchestrator.execute(EngineExecutionOrchestrator.java:107)
	at org.junit.platform.launcher.core.EngineExecutionOrchestrator.execute(EngineExecutionOrchestrator.java:88)
	at org.junit.platform.launcher.core.EngineExecutionOrchestrator.lambda$execute$0(EngineExecutionOrchestrator.java:54)
	at org.junit.platform.launcher.core.EngineExecutionOrchestrator.withInterceptedStreams(EngineExecutionOrchestrator.java:67)
	at org.junit.platform.launcher.core.EngineExecutionOrchestrator.execute(EngineExecutionOrchestrator.java:52)
	at org.junit.platform.launcher.core.DefaultLauncher.execute(DefaultLauncher.java:114)
	at org.junit.platform.launcher.core.DefaultLauncher.execute(DefaultLauncher.java:86)
	at org.junit.platform.launcher.core.DefaultLauncherSession$DelegatingLauncher.execute(DefaultLauncherSession.java:86)
	at org.junit.platform.launcher.core.SessionPerRequestLauncher.execute(SessionPerRequestLauncher.java:53)
	at org.apache.maven.surefire.junitplatform.JUnitPlatformProvider.lambda$execute$1(JUnitPlatformProvider.java:199)
	at java.base/java.util.Iterator.forEachRemaining(Iterator.java:133)
	at org.apache.maven.surefire.junitplatform.JUnitPlatformProvider.execute(JUnitPlatformProvider.java:193)
	at org.apache.maven.surefire.junitplatform.JUnitPlatformProvider.invokeAllTests(JUnitPlatformProvider.java:154)
	at org.apache.maven.surefire.junitplatform.JUnitPlatformProvider.invoke(JUnitPlatformProvider.java:120)
	at org.apache.maven.surefire.booter.ForkedBooter.runSuitesInProcess(ForkedBooter.java:428)
	at org.apache.maven.surefire.booter.ForkedBooter.execute(ForkedBooter.java:162)
	at org.apache.maven.surefire.booter.ForkedBooter.run(ForkedBooter.java:562)
	at org.apache.maven.surefire.booter.ForkedBooter.main(ForkedBooter.java:548)
]]></system-err>
  </testcase>
  <testcase name="testCases" classname="Tests" time="24.921">
    <system-out><![CDATA[11:35:59.394 [main] INFO  - 
  _____   ___   ___   _____     ___     _     ___   ___   ___   ___  
 |_   _| | __| / __| |_   _|   | _ \   /_\   / __| / __| | __| |   \ 
   | |   | _|  \__ \   | |     |  _/  / _ \  \__ \ \__ \ | _|  | |) |
   |_|   |___| |___/   |_|     |_|   /_/ \_\ |___/ |___/ |___| |___/ 

Test cases
----------------------------------------------------------------------
11:35:59.698 [Driver Command Executor] DEBUG org.asynchttpclient.netty.request.NettyRequestSender - Using pooled Channel '[id: 0xa10b78a6, L:/127.0.0.1:61155 - R:localhost/127.0.0.1:39165]' for 'DELETE' to 'http://localhost:39165/session/b4c44b8ab3ec34df82fcca1e22294ffd'
11:35:59.698 [Driver Command Executor] DEBUG org.asynchttpclient.netty.request.NettyRequestSender - Using open Channel [id: 0xa10b78a6, L:/127.0.0.1:61155 - R:localhost/127.0.0.1:39165] for DELETE '/session/b4c44b8ab3ec34df82fcca1e22294ffd'
11:35:59.939 [AsyncHttpClient-1-3] DEBUG org.asynchttpclient.netty.handler.HttpHandler - Unexpected I/O exception on channel [id: 0xa61ab7e8, L:/127.0.0.1:61176 - R:localhost/127.0.0.1:61159]
java.net.SocketException: Connection reset
	at java.base/sun.nio.ch.SocketChannelImpl.throwConnectionReset(SocketChannelImpl.java:394)
	at java.base/sun.nio.ch.SocketChannelImpl.read(SocketChannelImpl.java:426)
	at io.netty.buffer.PooledByteBuf.setBytes(PooledByteBuf.java:259)
	at io.netty.buffer.AbstractByteBuf.writeBytes(AbstractByteBuf.java:1132)
	at io.netty.channel.socket.nio.NioSocketChannel.doReadBytes(NioSocketChannel.java:357)
	at io.netty.channel.nio.AbstractNioByteChannel$NioByteUnsafe.read(AbstractNioByteChannel.java:151)
	at io.netty.channel.nio.NioEventLoop.processSelectedKey(NioEventLoop.java:788)
	at io.netty.channel.nio.NioEventLoop.processSelectedKeysOptimized(NioEventLoop.java:724)
	at io.netty.channel.nio.NioEventLoop.processSelectedKeys(NioEventLoop.java:650)
	at io.netty.channel.nio.NioEventLoop.run(NioEventLoop.java:562)
	at io.netty.util.concurrent.SingleThreadEventExecutor$4.run(SingleThreadEventExecutor.java:997)
	at io.netty.util.internal.ThreadExecutorMap$2.run(ThreadExecutorMap.java:74)
	at io.netty.util.concurrent.FastThreadLocalRunnable.run(FastThreadLocalRunnable.java:30)
	at java.base/java.lang.Thread.run(Thread.java:833)
11:35:59.940 [AsyncHttpClient-1-3] DEBUG org.asynchttpclient.netty.channel.ChannelManager - Closing Channel [id: 0xa61ab7e8, L:/127.0.0.1:61176 - R:localhost/127.0.0.1:61159] 
11:35:59.943 [AsyncHttpClient-1-3] DEBUG org.asynchttpclient.netty.handler.HttpHandler - Channel Closed: [id: 0xa61ab7e8, L:/127.0.0.1:61176 ! R:localhost/127.0.0.1:61159] with attribute DISCARD
11:35:59.945 [AsyncHttpClient-1-1] DEBUG org.asynchttpclient.netty.channel.DefaultChannelPool - Entry count for : http://localhost:61159 : 1
11:35:59.945 [AsyncHttpClient-1-1] DEBUG org.asynchttpclient.netty.channel.DefaultChannelPool - Adding Candidate expired Channel [id: 0xa61ab7e8, L:/127.0.0.1:61176 ! R:localhost/127.0.0.1:61159] isIdleTimeoutExpired=false isRemotelyClosed=true isTtlExpired=false
11:35:59.945 [AsyncHttpClient-1-1] DEBUG org.asynchttpclient.netty.channel.DefaultChannelPool - Closing Idle Channel [id: 0xa61ab7e8, L:/127.0.0.1:61176 ! R:localhost/127.0.0.1:61159]
11:35:59.946 [AsyncHttpClient-1-1] DEBUG org.asynchttpclient.netty.channel.DefaultChannelPool - Closed 1 connections out of 1 in 1 ms
11:35:59.964 [AsyncHttpClient-1-4] DEBUG org.asynchttpclient.netty.handler.WebSocketHandler - Unexpected I/O exception on channel [id: 0xa46e6ed2, L:/127.0.0.1:61177 - R:localhost/127.0.0.1:61159]
java.net.SocketException: Connection reset
	at java.base/sun.nio.ch.SocketChannelImpl.throwConnectionReset(SocketChannelImpl.java:394)
	at java.base/sun.nio.ch.SocketChannelImpl.read(SocketChannelImpl.java:426)
	at io.netty.buffer.PooledByteBuf.setBytes(PooledByteBuf.java:259)
	at io.netty.buffer.AbstractByteBuf.writeBytes(AbstractByteBuf.java:1132)
	at io.netty.channel.socket.nio.NioSocketChannel.doReadBytes(NioSocketChannel.java:357)
	at io.netty.channel.nio.AbstractNioByteChannel$NioByteUnsafe.read(AbstractNioByteChannel.java:151)
	at io.netty.channel.nio.NioEventLoop.processSelectedKey(NioEventLoop.java:788)
	at io.netty.channel.nio.NioEventLoop.processSelectedKeysOptimized(NioEventLoop.java:724)
	at io.netty.channel.nio.NioEventLoop.processSelectedKeys(NioEventLoop.java:650)
	at io.netty.channel.nio.NioEventLoop.run(NioEventLoop.java:562)
	at io.netty.util.concurrent.SingleThreadEventExecutor$4.run(SingleThreadEventExecutor.java:997)
	at io.netty.util.internal.ThreadExecutorMap$2.run(ThreadExecutorMap.java:74)
	at io.netty.util.concurrent.FastThreadLocalRunnable.run(FastThreadLocalRunnable.java:30)
	at java.base/java.lang.Thread.run(Thread.java:833)
11:35:59.965 [AsyncHttpClient-1-4] DEBUG org.asynchttpclient.netty.handler.WebSocketHandler - Was unable to recover Future: NettyResponseFuture{currentRetry=0,
	isDone=1,
	isCancelled=0,
	asyncHandler=org.asynchttpclient.ws.WebSocketUpgradeHandler@2c67818d,
	nettyRequest=org.asynchttpclient.netty.request.NettyRequest@405ee0f8,
	future=java.util.concurrent.CompletableFuture@3d68be56[Completed normally],
	uri=ws://localhost:61159/devtools/browser/1f2f8f57-07d6-411a-9490-76e98cbaaa4b,
	keepAlive=true,
	redirectCount=0,
	timeoutsHolder=null,
	inAuth=0,
	touch=1693461959964}
11:35:59.965 [AsyncHttpClient-1-4] DEBUG org.asynchttpclient.netty.channel.ChannelManager - Closing Channel [id: 0xa46e6ed2, L:/127.0.0.1:61177 - R:localhost/127.0.0.1:61159] 
11:35:59.965 [AsyncHttpClient-1-4] WARN org.asynchttpclient.netty.handler.WebSocketHandler - onError
java.net.SocketException: Connection reset
	at java.base/sun.nio.ch.SocketChannelImpl.throwConnectionReset(SocketChannelImpl.java:394)
	at java.base/sun.nio.ch.SocketChannelImpl.read(SocketChannelImpl.java:426)
	at io.netty.buffer.PooledByteBuf.setBytes(PooledByteBuf.java:259)
	at io.netty.buffer.AbstractByteBuf.writeBytes(AbstractByteBuf.java:1132)
	at io.netty.channel.socket.nio.NioSocketChannel.doReadBytes(NioSocketChannel.java:357)
	at io.netty.channel.nio.AbstractNioByteChannel$NioByteUnsafe.read(AbstractNioByteChannel.java:151)
	at io.netty.channel.nio.NioEventLoop.processSelectedKey(NioEventLoop.java:788)
	at io.netty.channel.nio.NioEventLoop.processSelectedKeysOptimized(NioEventLoop.java:724)
	at io.netty.channel.nio.NioEventLoop.processSelectedKeys(NioEventLoop.java:650)
	at io.netty.channel.nio.NioEventLoop.run(NioEventLoop.java:562)
	at io.netty.util.concurrent.SingleThreadEventExecutor$4.run(SingleThreadEventExecutor.java:997)
	at io.netty.util.internal.ThreadExecutorMap$2.run(ThreadExecutorMap.java:74)
	at io.netty.util.concurrent.FastThreadLocalRunnable.run(FastThreadLocalRunnable.java:30)
	at java.base/java.lang.Thread.run(Thread.java:833)
11:35:59.967 [AsyncHttpClient-1-4] DEBUG org.asynchttpclient.netty.channel.ChannelManager - Closing Channel [id: 0xa46e6ed2, L:/127.0.0.1:61177 ! R:localhost/127.0.0.1:61159] 
11:35:59.967 [AsyncHttpClient-1-4] DEBUG org.asynchttpclient.netty.handler.WebSocketHandler - Channel Closed: [id: 0xa46e6ed2, L:/127.0.0.1:61177 ! R:localhost/127.0.0.1:61159] with attribute DISCARD
11:36:00.079 [AsyncHttpClient-1-2] DEBUG org.asynchttpclient.netty.handler.HttpHandler - 

Request DefaultFullHttpRequest(decodeResult: success, version: HTTP/1.1, content: EmptyByteBufBE)
DELETE /session/b4c44b8ab3ec34df82fcca1e22294ffd HTTP/1.1
User-Agent: selenium/4.8.0 (java windows)
Content-Type: application/json; charset=utf-8
host: localhost:39165
accept: */*

Response DefaultHttpResponse(decodeResult: success, version: HTTP/1.1)
HTTP/1.1 200 OK
Content-Length: 14
Content-Type: application/json; charset=utf-8
cache-control: no-cache

11:36:00.079 [AsyncHttpClient-1-2] DEBUG org.asynchttpclient.netty.channel.ChannelManager - Adding key: http://localhost:39165 for channel [id: 0xa10b78a6, L:/127.0.0.1:61155 - R:localhost/127.0.0.1:39165]
11:36:01.042 [AsyncHttpClient-1-1] DEBUG org.asynchttpclient.netty.channel.DefaultChannelPool - Entry count for : http://localhost:39165 : 1
11:36:01.093 [AsyncHttpClient-1-2] DEBUG org.asynchttpclient.netty.handler.HttpHandler - Unexpected I/O exception on channel [id: 0xa10b78a6, L:/127.0.0.1:61155 - R:localhost/127.0.0.1:39165]
java.net.SocketException: Connection reset
	at java.base/sun.nio.ch.SocketChannelImpl.throwConnectionReset(SocketChannelImpl.java:394)
	at java.base/sun.nio.ch.SocketChannelImpl.read(SocketChannelImpl.java:426)
	at io.netty.buffer.PooledByteBuf.setBytes(PooledByteBuf.java:259)
	at io.netty.buffer.AbstractByteBuf.writeBytes(AbstractByteBuf.java:1132)
	at io.netty.channel.socket.nio.NioSocketChannel.doReadBytes(NioSocketChannel.java:357)
	at io.netty.channel.nio.AbstractNioByteChannel$NioByteUnsafe.read(AbstractNioByteChannel.java:151)
	at io.netty.channel.nio.NioEventLoop.processSelectedKey(NioEventLoop.java:788)
	at io.netty.channel.nio.NioEventLoop.processSelectedKeysOptimized(NioEventLoop.java:724)
	at io.netty.channel.nio.NioEventLoop.processSelectedKeys(NioEventLoop.java:650)
	at io.netty.channel.nio.NioEventLoop.run(NioEventLoop.java:562)
	at io.netty.util.concurrent.SingleThreadEventExecutor$4.run(SingleThreadEventExecutor.java:997)
	at io.netty.util.internal.ThreadExecutorMap$2.run(ThreadExecutorMap.java:74)
	at io.netty.util.concurrent.FastThreadLocalRunnable.run(FastThreadLocalRunnable.java:30)
	at java.base/java.lang.Thread.run(Thread.java:833)
11:36:01.094 [AsyncHttpClient-1-2] DEBUG org.asynchttpclient.netty.channel.ChannelManager - Closing Channel [id: 0xa10b78a6, L:/127.0.0.1:61155 - R:localhost/127.0.0.1:39165] 
11:36:01.094 [AsyncHttpClient-1-2] DEBUG org.asynchttpclient.netty.handler.HttpHandler - Channel Closed: [id: 0xa10b78a6, L:/127.0.0.1:61155 ! R:localhost/127.0.0.1:39165] with attribute DISCARD
11:36:01.158 [main] DEBUG net.thucydides.core.steps.StepEventBus - Test suite started for class com.swaglabs.testcases.Tests
11:36:01.158 [main] INFO  - Test Suite Started: Tests
11:36:01.159 [main] INFO  - 
  _____   ___   ___   _____     ___   _____     _     ___   _____   ___   ___  
 |_   _| | __| / __| |_   _|   / __| |_   _|   /_\   | _ \ |_   _| | __| |   \ 
   | |   | _|  \__ \   | |     \__ \   | |    / _ \  |   /   | |   | _|  | |) |
   |_|   |___| |___/   |_|     |___/   |_|   /_/ \_\ |_|_\   |_|   |___| |___/ 

testCases[1]
--------------------------------------------------------------------------------
11:36:01.207 [main] DEBUG net.thucydides.core.steps.StepInterceptor - STARTING STEP: SetUp.launchBrowser - launch browser
11:36:01.916 [AsyncHttpClient-1-5] DEBUG org.asynchttpclient.netty.channel.NettyConnectListener - Using new Channel '[id: 0xdffd1267, L:/127.0.0.1:61309 - R:localhost/127.0.0.1:13653]' for 'POST' to '/session'
11:36:02.137 [AsyncHttpClient-1-1] DEBUG org.asynchttpclient.netty.channel.DefaultChannelPool - Entry count for : http://localhost:39165 : 1
11:36:02.137 [AsyncHttpClient-1-1] DEBUG org.asynchttpclient.netty.channel.DefaultChannelPool - Adding Candidate expired Channel [id: 0xa10b78a6, L:/127.0.0.1:61155 ! R:localhost/127.0.0.1:39165] isIdleTimeoutExpired=false isRemotelyClosed=true isTtlExpired=false
11:36:02.137 [AsyncHttpClient-1-1] DEBUG org.asynchttpclient.netty.channel.DefaultChannelPool - Closing Idle Channel [id: 0xa10b78a6, L:/127.0.0.1:61155 ! R:localhost/127.0.0.1:39165]
11:36:02.137 [AsyncHttpClient-1-1] DEBUG org.asynchttpclient.netty.channel.DefaultChannelPool - Closed 1 connections out of 1 in 0 ms
11:36:05.137 [AsyncHttpClient-1-5] DEBUG org.asynchttpclient.netty.handler.HttpHandler - 

Request DefaultHttpRequest(decodeResult: success, version: HTTP/1.1)
POST /session HTTP/1.1
User-Agent: selenium/4.8.0 (java windows)
Content-Length: 517
Content-Type: application/json; charset=utf-8
host: localhost:13653
accept: */*

Response DefaultHttpResponse(decodeResult: success, version: HTTP/1.1)
HTTP/1.1 200 OK
Content-Length: 828
Content-Type: application/json; charset=utf-8
cache-control: no-cache

11:36:05.137 [AsyncHttpClient-1-5] DEBUG org.asynchttpclient.netty.channel.ChannelManager - Adding key: http://localhost:13653 for channel [id: 0xdffd1267, L:/127.0.0.1:61309 - R:localhost/127.0.0.1:13653]
11:36:05.163 [AsyncHttpClient-1-6] DEBUG org.asynchttpclient.netty.channel.NettyConnectListener - Using new Channel '[id: 0x800a7b87, L:/127.0.0.1:61341 - R:localhost/127.0.0.1:61317]' for 'GET' to '/json/version'
11:36:05.166 [AsyncHttpClient-1-6] DEBUG org.asynchttpclient.netty.handler.HttpHandler - 

Request DefaultFullHttpRequest(decodeResult: success, version: HTTP/1.1, content: EmptyByteBufBE)
GET /json/version HTTP/1.1
User-Agent: selenium/4.8.0 (java windows)
host: localhost:61317
accept: */*

Response DefaultHttpResponse(decodeResult: success, version: HTTP/1.1)
HTTP/1.1 200 OK
Content-Security-Policy: frame-ancestors 'none'
Content-Length: 436
Content-Type: application/json; charset=UTF-8

11:36:05.166 [AsyncHttpClient-1-6] DEBUG org.asynchttpclient.netty.channel.ChannelManager - Adding key: http://localhost:61317 for channel [id: 0x800a7b87, L:/127.0.0.1:61341 - R:localhost/127.0.0.1:61317]
11:36:05.197 [AsyncHttpClient-1-7] DEBUG org.asynchttpclient.netty.channel.NettyConnectListener - Using new Channel '[id: 0xf08baa17, L:/127.0.0.1:61342 - R:localhost/127.0.0.1:61317]' for 'GET' to '/devtools/browser/969d0449-41b7-45d2-90ca-056879460fc9'
11:36:05.204 [AsyncHttpClient-1-7] DEBUG org.asynchttpclient.netty.handler.WebSocketHandler - 

Request DefaultFullHttpRequest(decodeResult: success, version: HTTP/1.1, content: EmptyByteBufBE)
GET /devtools/browser/969d0449-41b7-45d2-90ca-056879460fc9 HTTP/1.1
upgrade: websocket
connection: upgrade
sec-websocket-key: d/eQ56yrNY3qjVyA8u93Aw==
sec-websocket-version: 13
origin: http://localhost:61317
host: localhost:61317
accept: */*
user-agent: AHC/2.1

Response DefaultHttpResponse(decodeResult: success, version: HTTP/1.1)
HTTP/1.1 101 WebSocket Protocol Handshake
Upgrade: WebSocket
Connection: Upgrade
Sec-WebSocket-Accept: B6a1Gz1Obar2lMJoNdOUIY8o7As=

11:36:05.212 [Forwarding setTimeout on session 343760fe1b3b1d209c4a0d88582a27db to remote] DEBUG org.asynchttpclient.netty.request.NettyRequestSender - Using pooled Channel '[id: 0xdffd1267, L:/127.0.0.1:61309 - R:localhost/127.0.0.1:13653]' for 'POST' to 'http://localhost:13653/session/343760fe1b3b1d209c4a0d88582a27db/timeouts'
11:36:05.212 [Forwarding setTimeout on session 343760fe1b3b1d209c4a0d88582a27db to remote] DEBUG org.asynchttpclient.netty.request.NettyRequestSender - Using open Channel [id: 0xdffd1267, L:/127.0.0.1:61309 - R:localhost/127.0.0.1:13653] for POST '/session/343760fe1b3b1d209c4a0d88582a27db/timeouts'
11:36:05.217 [AsyncHttpClient-1-5] DEBUG org.asynchttpclient.netty.handler.HttpHandler - 

Request DefaultHttpRequest(decodeResult: success, version: HTTP/1.1)
POST /session/343760fe1b3b1d209c4a0d88582a27db/timeouts HTTP/1.1
User-Agent: selenium/4.8.0 (java windows)
Content-Length: 21
Content-Type: application/json; charset=utf-8
host: localhost:13653
accept: */*

Response DefaultHttpResponse(decodeResult: success, version: HTTP/1.1)
HTTP/1.1 200 OK
Content-Length: 14
Content-Type: application/json; charset=utf-8
cache-control: no-cache

11:36:05.217 [AsyncHttpClient-1-5] DEBUG org.asynchttpclient.netty.channel.ChannelManager - Adding key: http://localhost:13653 for channel [id: 0xdffd1267, L:/127.0.0.1:61309 - R:localhost/127.0.0.1:13653]
11:36:05.218 [Forwarding maximizeCurrentWindow on session 343760fe1b3b1d209c4a0d88582a27db to remote] DEBUG org.asynchttpclient.netty.request.NettyRequestSender - Using pooled Channel '[id: 0xdffd1267, L:/127.0.0.1:61309 - R:localhost/127.0.0.1:13653]' for 'POST' to 'http://localhost:13653/session/343760fe1b3b1d209c4a0d88582a27db/window/maximize'
11:36:05.218 [Forwarding maximizeCurrentWindow on session 343760fe1b3b1d209c4a0d88582a27db to remote] DEBUG org.asynchttpclient.netty.request.NettyRequestSender - Using open Channel [id: 0xdffd1267, L:/127.0.0.1:61309 - R:localhost/127.0.0.1:13653] for POST '/session/343760fe1b3b1d209c4a0d88582a27db/window/maximize'
11:36:05.359 [AsyncHttpClient-1-5] DEBUG org.asynchttpclient.netty.handler.HttpHandler - 

Request DefaultHttpRequest(decodeResult: success, version: HTTP/1.1)
POST /session/343760fe1b3b1d209c4a0d88582a27db/window/maximize HTTP/1.1
User-Agent: selenium/4.8.0 (java windows)
Content-Length: 3
Content-Type: application/json; charset=utf-8
host: localhost:13653
accept: */*

Response DefaultHttpResponse(decodeResult: success, version: HTTP/1.1)
HTTP/1.1 200 OK
Content-Length: 51
Content-Type: application/json; charset=utf-8
cache-control: no-cache

11:36:05.359 [AsyncHttpClient-1-5] DEBUG org.asynchttpclient.netty.channel.ChannelManager - Adding key: http://localhost:13653 for channel [id: 0xdffd1267, L:/127.0.0.1:61309 - R:localhost/127.0.0.1:13653]
11:36:05.361 [Forwarding get on session 343760fe1b3b1d209c4a0d88582a27db to remote] DEBUG org.asynchttpclient.netty.request.NettyRequestSender - Using pooled Channel '[id: 0xdffd1267, L:/127.0.0.1:61309 - R:localhost/127.0.0.1:13653]' for 'POST' to 'http://localhost:13653/session/343760fe1b3b1d209c4a0d88582a27db/url'
11:36:05.361 [Forwarding get on session 343760fe1b3b1d209c4a0d88582a27db to remote] DEBUG org.asynchttpclient.netty.request.NettyRequestSender - Using open Channel [id: 0xdffd1267, L:/127.0.0.1:61309 - R:localhost/127.0.0.1:13653] for POST '/session/343760fe1b3b1d209c4a0d88582a27db/url'
11:36:05.448 [AsyncHttpClient-1-1] DEBUG org.asynchttpclient.netty.channel.DefaultChannelPool - Entry count for : http://localhost:61317 : 1
11:36:06.272 [AsyncHttpClient-1-5] DEBUG org.asynchttpclient.netty.handler.HttpHandler - 

Request DefaultHttpRequest(decodeResult: success, version: HTTP/1.1)
POST /session/343760fe1b3b1d209c4a0d88582a27db/url HTTP/1.1
User-Agent: selenium/4.8.0 (java windows)
Content-Length: 56
Content-Type: application/json; charset=utf-8
host: localhost:13653
accept: */*

Response DefaultHttpResponse(decodeResult: success, version: HTTP/1.1)
HTTP/1.1 200 OK
Content-Length: 14
Content-Type: application/json; charset=utf-8
cache-control: no-cache

11:36:06.272 [AsyncHttpClient-1-5] DEBUG org.asynchttpclient.netty.channel.ChannelManager - Adding key: http://localhost:13653 for channel [id: 0xdffd1267, L:/127.0.0.1:61309 - R:localhost/127.0.0.1:13653]
11:36:06.273 [Forwarding setTimeout on session 343760fe1b3b1d209c4a0d88582a27db to remote] DEBUG org.asynchttpclient.netty.request.NettyRequestSender - Using pooled Channel '[id: 0xdffd1267, L:/127.0.0.1:61309 - R:localhost/127.0.0.1:13653]' for 'POST' to 'http://localhost:13653/session/343760fe1b3b1d209c4a0d88582a27db/timeouts'
11:36:06.273 [Forwarding setTimeout on session 343760fe1b3b1d209c4a0d88582a27db to remote] DEBUG org.asynchttpclient.netty.request.NettyRequestSender - Using open Channel [id: 0xdffd1267, L:/127.0.0.1:61309 - R:localhost/127.0.0.1:13653] for POST '/session/343760fe1b3b1d209c4a0d88582a27db/timeouts'
11:36:06.275 [AsyncHttpClient-1-5] DEBUG org.asynchttpclient.netty.handler.HttpHandler - 

Request DefaultHttpRequest(decodeResult: success, version: HTTP/1.1)
POST /session/343760fe1b3b1d209c4a0d88582a27db/timeouts HTTP/1.1
User-Agent: selenium/4.8.0 (java windows)
Content-Length: 21
Content-Type: application/json; charset=utf-8
host: localhost:13653
accept: */*

Response DefaultHttpResponse(decodeResult: success, version: HTTP/1.1)
HTTP/1.1 200 OK
Content-Length: 14
Content-Type: application/json; charset=utf-8
cache-control: no-cache

11:36:06.275 [AsyncHttpClient-1-5] DEBUG org.asynchttpclient.netty.channel.ChannelManager - Adding key: http://localhost:13653 for channel [id: 0xdffd1267, L:/127.0.0.1:61309 - R:localhost/127.0.0.1:13653]
11:36:06.278 [Forwarding getCurrentUrl on session 343760fe1b3b1d209c4a0d88582a27db to remote] DEBUG org.asynchttpclient.netty.request.NettyRequestSender - Using pooled Channel '[id: 0xdffd1267, L:/127.0.0.1:61309 - R:localhost/127.0.0.1:13653]' for 'GET' to 'http://localhost:13653/session/343760fe1b3b1d209c4a0d88582a27db/url'
11:36:06.278 [Forwarding getCurrentUrl on session 343760fe1b3b1d209c4a0d88582a27db to remote] DEBUG org.asynchttpclient.netty.request.NettyRequestSender - Using open Channel [id: 0xdffd1267, L:/127.0.0.1:61309 - R:localhost/127.0.0.1:13653] for GET '/session/343760fe1b3b1d209c4a0d88582a27db/url'
11:36:06.287 [AsyncHttpClient-1-5] DEBUG org.asynchttpclient.netty.handler.HttpHandler - 

Request DefaultFullHttpRequest(decodeResult: success, version: HTTP/1.1, content: EmptyByteBufBE)
GET /session/343760fe1b3b1d209c4a0d88582a27db/url HTTP/1.1
User-Agent: selenium/4.8.0 (java windows)
Cache-Control: no-cache
Content-Type: application/json; charset=utf-8
host: localhost:13653
accept: */*

Response DefaultHttpResponse(decodeResult: success, version: HTTP/1.1)
HTTP/1.1 200 OK
Content-Length: 38
Content-Type: application/json; charset=utf-8
cache-control: no-cache

11:36:06.287 [AsyncHttpClient-1-5] DEBUG org.asynchttpclient.netty.channel.ChannelManager - Adding key: http://localhost:13653 for channel [id: 0xdffd1267, L:/127.0.0.1:61309 - R:localhost/127.0.0.1:13653]
11:36:06.289 [Forwarding getCurrentUrl on session 343760fe1b3b1d209c4a0d88582a27db to remote] DEBUG org.asynchttpclient.netty.request.NettyRequestSender - Using pooled Channel '[id: 0xdffd1267, L:/127.0.0.1:61309 - R:localhost/127.0.0.1:13653]' for 'GET' to 'http://localhost:13653/session/343760fe1b3b1d209c4a0d88582a27db/url'
11:36:06.289 [Forwarding getCurrentUrl on session 343760fe1b3b1d209c4a0d88582a27db to remote] DEBUG org.asynchttpclient.netty.request.NettyRequestSender - Using open Channel [id: 0xdffd1267, L:/127.0.0.1:61309 - R:localhost/127.0.0.1:13653] for GET '/session/343760fe1b3b1d209c4a0d88582a27db/url'
11:36:06.298 [AsyncHttpClient-1-5] DEBUG org.asynchttpclient.netty.handler.HttpHandler - 

Request DefaultFullHttpRequest(decodeResult: success, version: HTTP/1.1, content: EmptyByteBufBE)
GET /session/343760fe1b3b1d209c4a0d88582a27db/url HTTP/1.1
User-Agent: selenium/4.8.0 (java windows)
Cache-Control: no-cache
Content-Type: application/json; charset=utf-8
host: localhost:13653
accept: */*

Response DefaultHttpResponse(decodeResult: success, version: HTTP/1.1)
HTTP/1.1 200 OK
Content-Length: 38
Content-Type: application/json; charset=utf-8
cache-control: no-cache

11:36:06.298 [AsyncHttpClient-1-5] DEBUG org.asynchttpclient.netty.channel.ChannelManager - Adding key: http://localhost:13653 for channel [id: 0xdffd1267, L:/127.0.0.1:61309 - R:localhost/127.0.0.1:13653]
11:36:06.299 [main] INFO  com.swaglabs.base.SetUp - browser launched
11:36:06.308 [main] DEBUG net.serenitybdd.core.photography.Darkroom - Opening darkroom
11:36:06.311 [Darkroom Processing Line] DEBUG net.serenitybdd.core.photography.DarkroomProcessingLine - Darkroom processing line starting up
11:36:06.311 [Forwarding getAlertText on session 343760fe1b3b1d209c4a0d88582a27db to remote] DEBUG org.asynchttpclient.netty.request.NettyRequestSender - Using pooled Channel '[id: 0xdffd1267, L:/127.0.0.1:61309 - R:localhost/127.0.0.1:13653]' for 'GET' to 'http://localhost:13653/session/343760fe1b3b1d209c4a0d88582a27db/alert/text'
11:36:06.311 [Forwarding getAlertText on session 343760fe1b3b1d209c4a0d88582a27db to remote] DEBUG org.asynchttpclient.netty.request.NettyRequestSender - Using open Channel [id: 0xdffd1267, L:/127.0.0.1:61309 - R:localhost/127.0.0.1:13653] for GET '/session/343760fe1b3b1d209c4a0d88582a27db/alert/text'
11:36:06.317 [AsyncHttpClient-1-5] DEBUG org.asynchttpclient.netty.handler.HttpHandler - 

Request DefaultFullHttpRequest(decodeResult: success, version: HTTP/1.1, content: EmptyByteBufBE)
GET /session/343760fe1b3b1d209c4a0d88582a27db/alert/text HTTP/1.1
User-Agent: selenium/4.8.0 (java windows)
Cache-Control: no-cache
Content-Type: application/json; charset=utf-8
host: localhost:13653
accept: */*

Response DefaultHttpResponse(decodeResult: success, version: HTTP/1.1)
HTTP/1.1 404 Not Found
Content-Length: 1522
Content-Type: application/json; charset=utf-8
cache-control: no-cache

11:36:06.318 [AsyncHttpClient-1-5] DEBUG org.asynchttpclient.netty.channel.ChannelManager - Adding key: http://localhost:13653 for channel [id: 0xdffd1267, L:/127.0.0.1:61309 - R:localhost/127.0.0.1:13653]
11:36:06.319 [Forwarding getCurrentUrl on session 343760fe1b3b1d209c4a0d88582a27db to remote] DEBUG org.asynchttpclient.netty.request.NettyRequestSender - Using pooled Channel '[id: 0xdffd1267, L:/127.0.0.1:61309 - R:localhost/127.0.0.1:13653]' for 'GET' to 'http://localhost:13653/session/343760fe1b3b1d209c4a0d88582a27db/url'
11:36:06.319 [Forwarding getCurrentUrl on session 343760fe1b3b1d209c4a0d88582a27db to remote] DEBUG org.asynchttpclient.netty.request.NettyRequestSender - Using open Channel [id: 0xdffd1267, L:/127.0.0.1:61309 - R:localhost/127.0.0.1:13653] for GET '/session/343760fe1b3b1d209c4a0d88582a27db/url'
11:36:06.327 [AsyncHttpClient-1-5] DEBUG org.asynchttpclient.netty.handler.HttpHandler - 

Request DefaultFullHttpRequest(decodeResult: success, version: HTTP/1.1, content: EmptyByteBufBE)
GET /session/343760fe1b3b1d209c4a0d88582a27db/url HTTP/1.1
User-Agent: selenium/4.8.0 (java windows)
Cache-Control: no-cache
Content-Type: application/json; charset=utf-8
host: localhost:13653
accept: */*

Response DefaultHttpResponse(decodeResult: success, version: HTTP/1.1)
HTTP/1.1 200 OK
Content-Length: 38
Content-Type: application/json; charset=utf-8
cache-control: no-cache

11:36:06.328 [AsyncHttpClient-1-5] DEBUG org.asynchttpclient.netty.channel.ChannelManager - Adding key: http://localhost:13653 for channel [id: 0xdffd1267, L:/127.0.0.1:61309 - R:localhost/127.0.0.1:13653]
11:36:06.328 [Forwarding screenshot on session 343760fe1b3b1d209c4a0d88582a27db to remote] DEBUG org.asynchttpclient.netty.request.NettyRequestSender - Using pooled Channel '[id: 0xdffd1267, L:/127.0.0.1:61309 - R:localhost/127.0.0.1:13653]' for 'GET' to 'http://localhost:13653/session/343760fe1b3b1d209c4a0d88582a27db/screenshot'
11:36:06.328 [Forwarding screenshot on session 343760fe1b3b1d209c4a0d88582a27db to remote] DEBUG org.asynchttpclient.netty.request.NettyRequestSender - Using open Channel [id: 0xdffd1267, L:/127.0.0.1:61309 - R:localhost/127.0.0.1:13653] for GET '/session/343760fe1b3b1d209c4a0d88582a27db/screenshot'
11:36:06.529 [AsyncHttpClient-1-5] DEBUG org.asynchttpclient.netty.handler.HttpHandler - 

Request DefaultFullHttpRequest(decodeResult: success, version: HTTP/1.1, content: EmptyByteBufBE)
GET /session/343760fe1b3b1d209c4a0d88582a27db/screenshot HTTP/1.1
User-Agent: selenium/4.8.0 (java windows)
Cache-Control: no-cache
Content-Type: application/json; charset=utf-8
host: localhost:13653
accept: */*

Response DefaultHttpResponse(decodeResult: success, version: HTTP/1.1)
HTTP/1.1 200 OK
Content-Length: 56888
Content-Type: application/json; charset=utf-8
cache-control: no-cache

11:36:06.529 [AsyncHttpClient-1-5] DEBUG org.asynchttpclient.netty.channel.ChannelManager - Adding key: http://localhost:13653 for channel [id: 0xdffd1267, L:/127.0.0.1:61309 - R:localhost/127.0.0.1:13653]
11:36:06.534 [main] DEBUG net.serenitybdd.core.photography.Darkroom - Send negative for processing for target\site\serenity\9e064797e028a3807699613c333f7a315a08d2c82b6ed50ea0e2ad01a26ca09b.png
11:36:06.535 [main] DEBUG net.thucydides.core.steps.StepInterceptor - STEP DONE: launch browser
11:36:06.538 [AsyncHttpClient-1-1] DEBUG org.asynchttpclient.netty.channel.DefaultChannelPool - Entry count for : http://localhost:13653 : 1
11:36:06.538 [AsyncHttpClient-1-1] DEBUG org.asynchttpclient.netty.channel.DefaultChannelPool - Entry count for : http://localhost:61317 : 1
11:36:06.550 [Forwarding getPageSource on session 343760fe1b3b1d209c4a0d88582a27db to remote] DEBUG org.asynchttpclient.netty.request.NettyRequestSender - Using pooled Channel '[id: 0xdffd1267, L:/127.0.0.1:61309 - R:localhost/127.0.0.1:13653]' for 'POST' to 'http://localhost:13653/session/343760fe1b3b1d209c4a0d88582a27db/execute/sync'
11:36:06.550 [Forwarding getPageSource on session 343760fe1b3b1d209c4a0d88582a27db to remote] DEBUG org.asynchttpclient.netty.request.NettyRequestSender - Using open Channel [id: 0xdffd1267, L:/127.0.0.1:61309 - R:localhost/127.0.0.1:13653] for POST '/session/343760fe1b3b1d209c4a0d88582a27db/execute/sync'
11:36:06.562 [AsyncHttpClient-1-5] DEBUG org.asynchttpclient.netty.handler.HttpHandler - 

Request DefaultHttpRequest(decodeResult: success, version: HTTP/1.1)
POST /session/343760fe1b3b1d209c4a0d88582a27db/execute/sync HTTP/1.1
User-Agent: selenium/4.8.0 (java windows)
Content-Length: 176
Content-Type: application/json; charset=utf-8
host: localhost:13653
accept: */*

Response DefaultHttpResponse(decodeResult: success, version: HTTP/1.1)
HTTP/1.1 200 OK
Content-Length: 4333
Content-Type: application/json; charset=utf-8
cache-control: no-cache

11:36:06.562 [AsyncHttpClient-1-5] DEBUG org.asynchttpclient.netty.channel.ChannelManager - Adding key: http://localhost:13653 for channel [id: 0xdffd1267, L:/127.0.0.1:61309 - R:localhost/127.0.0.1:13653]
11:36:06.563 [Forwarding getCurrentUrl on session 343760fe1b3b1d209c4a0d88582a27db to remote] DEBUG org.asynchttpclient.netty.request.NettyRequestSender - Using pooled Channel '[id: 0xdffd1267, L:/127.0.0.1:61309 - R:localhost/127.0.0.1:13653]' for 'GET' to 'http://localhost:13653/session/343760fe1b3b1d209c4a0d88582a27db/url'
11:36:06.563 [Forwarding getCurrentUrl on session 343760fe1b3b1d209c4a0d88582a27db to remote] DEBUG org.asynchttpclient.netty.request.NettyRequestSender - Using open Channel [id: 0xdffd1267, L:/127.0.0.1:61309 - R:localhost/127.0.0.1:13653] for GET '/session/343760fe1b3b1d209c4a0d88582a27db/url'
11:36:06.580 [AsyncHttpClient-1-5] DEBUG org.asynchttpclient.netty.handler.HttpHandler - 

Request DefaultFullHttpRequest(decodeResult: success, version: HTTP/1.1, content: EmptyByteBufBE)
GET /session/343760fe1b3b1d209c4a0d88582a27db/url HTTP/1.1
User-Agent: selenium/4.8.0 (java windows)
Cache-Control: no-cache
Content-Type: application/json; charset=utf-8
host: localhost:13653
accept: */*

Response DefaultHttpResponse(decodeResult: success, version: HTTP/1.1)
HTTP/1.1 200 OK
Content-Length: 38
Content-Type: application/json; charset=utf-8
cache-control: no-cache

11:36:06.580 [AsyncHttpClient-1-5] DEBUG org.asynchttpclient.netty.channel.ChannelManager - Adding key: http://localhost:13653 for channel [id: 0xdffd1267, L:/127.0.0.1:61309 - R:localhost/127.0.0.1:13653]
11:36:06.591 [main] DEBUG net.thucydides.core.steps.StepInterceptor - STARTING STEP: Tests.testCases - launch browser
11:36:06.592 [Forwarding get on session 343760fe1b3b1d209c4a0d88582a27db to remote] DEBUG org.asynchttpclient.netty.request.NettyRequestSender - Using pooled Channel '[id: 0xdffd1267, L:/127.0.0.1:61309 - R:localhost/127.0.0.1:13653]' for 'POST' to 'http://localhost:13653/session/343760fe1b3b1d209c4a0d88582a27db/url'
11:36:06.592 [Forwarding get on session 343760fe1b3b1d209c4a0d88582a27db to remote] DEBUG org.asynchttpclient.netty.request.NettyRequestSender - Using open Channel [id: 0xdffd1267, L:/127.0.0.1:61309 - R:localhost/127.0.0.1:13653] for POST '/session/343760fe1b3b1d209c4a0d88582a27db/url'
11:36:06.789 [AsyncHttpClient-1-5] DEBUG org.asynchttpclient.netty.handler.HttpHandler - 

Request DefaultHttpRequest(decodeResult: success, version: HTTP/1.1)
POST /session/343760fe1b3b1d209c4a0d88582a27db/url HTTP/1.1
User-Agent: selenium/4.8.0 (java windows)
Content-Length: 56
Content-Type: application/json; charset=utf-8
host: localhost:13653
accept: */*

Response DefaultHttpResponse(decodeResult: success, version: HTTP/1.1)
HTTP/1.1 200 OK
Content-Length: 14
Content-Type: application/json; charset=utf-8
cache-control: no-cache

11:36:06.789 [AsyncHttpClient-1-5] DEBUG org.asynchttpclient.netty.channel.ChannelManager - Adding key: http://localhost:13653 for channel [id: 0xdffd1267, L:/127.0.0.1:61309 - R:localhost/127.0.0.1:13653]
11:36:06.793 [Forwarding getCurrentUrl on session 343760fe1b3b1d209c4a0d88582a27db to remote] DEBUG org.asynchttpclient.netty.request.NettyRequestSender - Using pooled Channel '[id: 0xdffd1267, L:/127.0.0.1:61309 - R:localhost/127.0.0.1:13653]' for 'GET' to 'http://localhost:13653/session/343760fe1b3b1d209c4a0d88582a27db/url'
11:36:06.793 [Forwarding getCurrentUrl on session 343760fe1b3b1d209c4a0d88582a27db to remote] DEBUG org.asynchttpclient.netty.request.NettyRequestSender - Using open Channel [id: 0xdffd1267, L:/127.0.0.1:61309 - R:localhost/127.0.0.1:13653] for GET '/session/343760fe1b3b1d209c4a0d88582a27db/url'
11:36:06.808 [AsyncHttpClient-1-5] DEBUG org.asynchttpclient.netty.handler.HttpHandler - 

Request DefaultFullHttpRequest(decodeResult: success, version: HTTP/1.1, content: EmptyByteBufBE)
GET /session/343760fe1b3b1d209c4a0d88582a27db/url HTTP/1.1
User-Agent: selenium/4.8.0 (java windows)
Cache-Control: no-cache
Content-Type: application/json; charset=utf-8
host: localhost:13653
accept: */*

Response DefaultHttpResponse(decodeResult: success, version: HTTP/1.1)
HTTP/1.1 200 OK
Content-Length: 38
Content-Type: application/json; charset=utf-8
cache-control: no-cache

11:36:06.808 [AsyncHttpClient-1-5] DEBUG org.asynchttpclient.netty.channel.ChannelManager - Adding key: http://localhost:13653 for channel [id: 0xdffd1267, L:/127.0.0.1:61309 - R:localhost/127.0.0.1:13653]
11:36:06.810 [Forwarding getCurrentUrl on session 343760fe1b3b1d209c4a0d88582a27db to remote] DEBUG org.asynchttpclient.netty.request.NettyRequestSender - Using pooled Channel '[id: 0xdffd1267, L:/127.0.0.1:61309 - R:localhost/127.0.0.1:13653]' for 'GET' to 'http://localhost:13653/session/343760fe1b3b1d209c4a0d88582a27db/url'
11:36:06.810 [Forwarding getCurrentUrl on session 343760fe1b3b1d209c4a0d88582a27db to remote] DEBUG org.asynchttpclient.netty.request.NettyRequestSender - Using open Channel [id: 0xdffd1267, L:/127.0.0.1:61309 - R:localhost/127.0.0.1:13653] for GET '/session/343760fe1b3b1d209c4a0d88582a27db/url'
11:36:06.835 [AsyncHttpClient-1-5] DEBUG org.asynchttpclient.netty.handler.HttpHandler - 

Request DefaultFullHttpRequest(decodeResult: success, version: HTTP/1.1, content: EmptyByteBufBE)
GET /session/343760fe1b3b1d209c4a0d88582a27db/url HTTP/1.1
User-Agent: selenium/4.8.0 (java windows)
Cache-Control: no-cache
Content-Type: application/json; charset=utf-8
host: localhost:13653
accept: */*

Response DefaultHttpResponse(decodeResult: success, version: HTTP/1.1)
HTTP/1.1 200 OK
Content-Length: 38
Content-Type: application/json; charset=utf-8
cache-control: no-cache

11:36:06.836 [AsyncHttpClient-1-5] DEBUG org.asynchttpclient.netty.channel.ChannelManager - Adding key: http://localhost:13653 for channel [id: 0xdffd1267, L:/127.0.0.1:61309 - R:localhost/127.0.0.1:13653]
11:36:06.836 [main] INFO  com.swaglabs.base.SetUp - browser launched
11:36:06.842 [Forwarding getAlertText on session 343760fe1b3b1d209c4a0d88582a27db to remote] DEBUG org.asynchttpclient.netty.request.NettyRequestSender - Using pooled Channel '[id: 0xdffd1267, L:/127.0.0.1:61309 - R:localhost/127.0.0.1:13653]' for 'GET' to 'http://localhost:13653/session/343760fe1b3b1d209c4a0d88582a27db/alert/text'
11:36:06.842 [Forwarding getAlertText on session 343760fe1b3b1d209c4a0d88582a27db to remote] DEBUG org.asynchttpclient.netty.request.NettyRequestSender - Using open Channel [id: 0xdffd1267, L:/127.0.0.1:61309 - R:localhost/127.0.0.1:13653] for GET '/session/343760fe1b3b1d209c4a0d88582a27db/alert/text'
11:36:06.845 [AsyncHttpClient-1-5] DEBUG org.asynchttpclient.netty.handler.HttpHandler - 

Request DefaultFullHttpRequest(decodeResult: success, version: HTTP/1.1, content: EmptyByteBufBE)
GET /session/343760fe1b3b1d209c4a0d88582a27db/alert/text HTTP/1.1
User-Agent: selenium/4.8.0 (java windows)
Cache-Control: no-cache
Content-Type: application/json; charset=utf-8
host: localhost:13653
accept: */*

Response DefaultHttpResponse(decodeResult: success, version: HTTP/1.1)
HTTP/1.1 404 Not Found
Content-Length: 1522
Content-Type: application/json; charset=utf-8
cache-control: no-cache

11:36:06.845 [AsyncHttpClient-1-5] DEBUG org.asynchttpclient.netty.channel.ChannelManager - Adding key: http://localhost:13653 for channel [id: 0xdffd1267, L:/127.0.0.1:61309 - R:localhost/127.0.0.1:13653]
11:36:06.846 [Forwarding getCurrentUrl on session 343760fe1b3b1d209c4a0d88582a27db to remote] DEBUG org.asynchttpclient.netty.request.NettyRequestSender - Using pooled Channel '[id: 0xdffd1267, L:/127.0.0.1:61309 - R:localhost/127.0.0.1:13653]' for 'GET' to 'http://localhost:13653/session/343760fe1b3b1d209c4a0d88582a27db/url'
11:36:06.846 [Forwarding getCurrentUrl on session 343760fe1b3b1d209c4a0d88582a27db to remote] DEBUG org.asynchttpclient.netty.request.NettyRequestSender - Using open Channel [id: 0xdffd1267, L:/127.0.0.1:61309 - R:localhost/127.0.0.1:13653] for GET '/session/343760fe1b3b1d209c4a0d88582a27db/url'
11:36:06.858 [AsyncHttpClient-1-5] DEBUG org.asynchttpclient.netty.handler.HttpHandler - 

Request DefaultFullHttpRequest(decodeResult: success, version: HTTP/1.1, content: EmptyByteBufBE)
GET /session/343760fe1b3b1d209c4a0d88582a27db/url HTTP/1.1
User-Agent: selenium/4.8.0 (java windows)
Cache-Control: no-cache
Content-Type: application/json; charset=utf-8
host: localhost:13653
accept: */*

Response DefaultHttpResponse(decodeResult: success, version: HTTP/1.1)
HTTP/1.1 200 OK
Content-Length: 38
Content-Type: application/json; charset=utf-8
cache-control: no-cache

11:36:06.858 [AsyncHttpClient-1-5] DEBUG org.asynchttpclient.netty.channel.ChannelManager - Adding key: http://localhost:13653 for channel [id: 0xdffd1267, L:/127.0.0.1:61309 - R:localhost/127.0.0.1:13653]
11:36:06.859 [Forwarding screenshot on session 343760fe1b3b1d209c4a0d88582a27db to remote] DEBUG org.asynchttpclient.netty.request.NettyRequestSender - Using pooled Channel '[id: 0xdffd1267, L:/127.0.0.1:61309 - R:localhost/127.0.0.1:13653]' for 'GET' to 'http://localhost:13653/session/343760fe1b3b1d209c4a0d88582a27db/screenshot'
11:36:06.859 [Forwarding screenshot on session 343760fe1b3b1d209c4a0d88582a27db to remote] DEBUG org.asynchttpclient.netty.request.NettyRequestSender - Using open Channel [id: 0xdffd1267, L:/127.0.0.1:61309 - R:localhost/127.0.0.1:13653] for GET '/session/343760fe1b3b1d209c4a0d88582a27db/screenshot'
11:36:07.038 [AsyncHttpClient-1-5] DEBUG org.asynchttpclient.netty.handler.HttpHandler - 

Request DefaultFullHttpRequest(decodeResult: success, version: HTTP/1.1, content: EmptyByteBufBE)
GET /session/343760fe1b3b1d209c4a0d88582a27db/screenshot HTTP/1.1
User-Agent: selenium/4.8.0 (java windows)
Cache-Control: no-cache
Content-Type: application/json; charset=utf-8
host: localhost:13653
accept: */*

Response DefaultHttpResponse(decodeResult: success, version: HTTP/1.1)
HTTP/1.1 200 OK
Content-Length: 56888
Content-Type: application/json; charset=utf-8
cache-control: no-cache

11:36:07.038 [AsyncHttpClient-1-5] DEBUG org.asynchttpclient.netty.channel.ChannelManager - Adding key: http://localhost:13653 for channel [id: 0xdffd1267, L:/127.0.0.1:61309 - R:localhost/127.0.0.1:13653]
11:36:07.040 [main] DEBUG net.serenitybdd.core.photography.Darkroom - Send negative for processing for target\site\serenity\9e064797e028a3807699613c333f7a315a08d2c82b6ed50ea0e2ad01a26ca09b.png
11:36:07.041 [main] DEBUG net.thucydides.core.steps.StepInterceptor - STEP DONE: launch browser
11:36:07.046 [Forwarding getPageSource on session 343760fe1b3b1d209c4a0d88582a27db to remote] DEBUG org.asynchttpclient.netty.request.NettyRequestSender - Using pooled Channel '[id: 0xdffd1267, L:/127.0.0.1:61309 - R:localhost/127.0.0.1:13653]' for 'POST' to 'http://localhost:13653/session/343760fe1b3b1d209c4a0d88582a27db/execute/sync'
11:36:07.046 [Forwarding getPageSource on session 343760fe1b3b1d209c4a0d88582a27db to remote] DEBUG org.asynchttpclient.netty.request.NettyRequestSender - Using open Channel [id: 0xdffd1267, L:/127.0.0.1:61309 - R:localhost/127.0.0.1:13653] for POST '/session/343760fe1b3b1d209c4a0d88582a27db/execute/sync'
11:36:07.058 [AsyncHttpClient-1-5] DEBUG org.asynchttpclient.netty.handler.HttpHandler - 

Request DefaultHttpRequest(decodeResult: success, version: HTTP/1.1)
POST /session/343760fe1b3b1d209c4a0d88582a27db/execute/sync HTTP/1.1
User-Agent: selenium/4.8.0 (java windows)
Content-Length: 176
Content-Type: application/json; charset=utf-8
host: localhost:13653
accept: */*

Response DefaultHttpResponse(decodeResult: success, version: HTTP/1.1)
HTTP/1.1 200 OK
Content-Length: 4333
Content-Type: application/json; charset=utf-8
cache-control: no-cache

11:36:07.058 [AsyncHttpClient-1-5] DEBUG org.asynchttpclient.netty.channel.ChannelManager - Adding key: http://localhost:13653 for channel [id: 0xdffd1267, L:/127.0.0.1:61309 - R:localhost/127.0.0.1:13653]
11:36:07.060 [Forwarding getCurrentUrl on session 343760fe1b3b1d209c4a0d88582a27db to remote] DEBUG org.asynchttpclient.netty.request.NettyRequestSender - Using pooled Channel '[id: 0xdffd1267, L:/127.0.0.1:61309 - R:localhost/127.0.0.1:13653]' for 'GET' to 'http://localhost:13653/session/343760fe1b3b1d209c4a0d88582a27db/url'
11:36:07.060 [Forwarding getCurrentUrl on session 343760fe1b3b1d209c4a0d88582a27db to remote] DEBUG org.asynchttpclient.netty.request.NettyRequestSender - Using open Channel [id: 0xdffd1267, L:/127.0.0.1:61309 - R:localhost/127.0.0.1:13653] for GET '/session/343760fe1b3b1d209c4a0d88582a27db/url'
11:36:07.070 [AsyncHttpClient-1-5] DEBUG org.asynchttpclient.netty.handler.HttpHandler - 

Request DefaultFullHttpRequest(decodeResult: success, version: HTTP/1.1, content: EmptyByteBufBE)
GET /session/343760fe1b3b1d209c4a0d88582a27db/url HTTP/1.1
User-Agent: selenium/4.8.0 (java windows)
Cache-Control: no-cache
Content-Type: application/json; charset=utf-8
host: localhost:13653
accept: */*

Response DefaultHttpResponse(decodeResult: success, version: HTTP/1.1)
HTTP/1.1 200 OK
Content-Length: 38
Content-Type: application/json; charset=utf-8
cache-control: no-cache

11:36:07.070 [AsyncHttpClient-1-5] DEBUG org.asynchttpclient.netty.channel.ChannelManager - Adding key: http://localhost:13653 for channel [id: 0xdffd1267, L:/127.0.0.1:61309 - R:localhost/127.0.0.1:13653]
11:36:07.081 [main] DEBUG net.thucydides.core.steps.StepInterceptor - STARTING STEP: Tests.testCases - test2_ValidateUserinterfaceHeadersAndFooters
11:36:07.083 [Forwarding getTitle on session 343760fe1b3b1d209c4a0d88582a27db to remote] DEBUG org.asynchttpclient.netty.request.NettyRequestSender - Using pooled Channel '[id: 0xdffd1267, L:/127.0.0.1:61309 - R:localhost/127.0.0.1:13653]' for 'GET' to 'http://localhost:13653/session/343760fe1b3b1d209c4a0d88582a27db/title'
11:36:07.083 [Forwarding getTitle on session 343760fe1b3b1d209c4a0d88582a27db to remote] DEBUG org.asynchttpclient.netty.request.NettyRequestSender - Using open Channel [id: 0xdffd1267, L:/127.0.0.1:61309 - R:localhost/127.0.0.1:13653] for GET '/session/343760fe1b3b1d209c4a0d88582a27db/title'
11:36:07.090 [AsyncHttpClient-1-5] DEBUG org.asynchttpclient.netty.handler.HttpHandler - 

Request DefaultFullHttpRequest(decodeResult: success, version: HTTP/1.1, content: EmptyByteBufBE)
GET /session/343760fe1b3b1d209c4a0d88582a27db/title HTTP/1.1
User-Agent: selenium/4.8.0 (java windows)
Cache-Control: no-cache
Content-Type: application/json; charset=utf-8
host: localhost:13653
accept: */*

Response DefaultHttpResponse(decodeResult: success, version: HTTP/1.1)
HTTP/1.1 200 OK
Content-Length: 21
Content-Type: application/json; charset=utf-8
cache-control: no-cache

11:36:07.090 [AsyncHttpClient-1-5] DEBUG org.asynchttpclient.netty.channel.ChannelManager - Adding key: http://localhost:13653 for channel [id: 0xdffd1267, L:/127.0.0.1:61309 - R:localhost/127.0.0.1:13653]
11:36:07.098 [Forwarding getAlertText on session 343760fe1b3b1d209c4a0d88582a27db to remote] DEBUG org.asynchttpclient.netty.request.NettyRequestSender - Using pooled Channel '[id: 0xdffd1267, L:/127.0.0.1:61309 - R:localhost/127.0.0.1:13653]' for 'GET' to 'http://localhost:13653/session/343760fe1b3b1d209c4a0d88582a27db/alert/text'
11:36:07.098 [Forwarding getAlertText on session 343760fe1b3b1d209c4a0d88582a27db to remote] DEBUG org.asynchttpclient.netty.request.NettyRequestSender - Using open Channel [id: 0xdffd1267, L:/127.0.0.1:61309 - R:localhost/127.0.0.1:13653] for GET '/session/343760fe1b3b1d209c4a0d88582a27db/alert/text'
11:36:07.101 [AsyncHttpClient-1-5] DEBUG org.asynchttpclient.netty.handler.HttpHandler - 

Request DefaultFullHttpRequest(decodeResult: success, version: HTTP/1.1, content: EmptyByteBufBE)
GET /session/343760fe1b3b1d209c4a0d88582a27db/alert/text HTTP/1.1
User-Agent: selenium/4.8.0 (java windows)
Cache-Control: no-cache
Content-Type: application/json; charset=utf-8
host: localhost:13653
accept: */*

Response DefaultHttpResponse(decodeResult: success, version: HTTP/1.1)
HTTP/1.1 404 Not Found
Content-Length: 1522
Content-Type: application/json; charset=utf-8
cache-control: no-cache

11:36:07.101 [AsyncHttpClient-1-5] DEBUG org.asynchttpclient.netty.channel.ChannelManager - Adding key: http://localhost:13653 for channel [id: 0xdffd1267, L:/127.0.0.1:61309 - R:localhost/127.0.0.1:13653]
11:36:07.102 [Forwarding getCurrentUrl on session 343760fe1b3b1d209c4a0d88582a27db to remote] DEBUG org.asynchttpclient.netty.request.NettyRequestSender - Using pooled Channel '[id: 0xdffd1267, L:/127.0.0.1:61309 - R:localhost/127.0.0.1:13653]' for 'GET' to 'http://localhost:13653/session/343760fe1b3b1d209c4a0d88582a27db/url'
11:36:07.102 [Forwarding getCurrentUrl on session 343760fe1b3b1d209c4a0d88582a27db to remote] DEBUG org.asynchttpclient.netty.request.NettyRequestSender - Using open Channel [id: 0xdffd1267, L:/127.0.0.1:61309 - R:localhost/127.0.0.1:13653] for GET '/session/343760fe1b3b1d209c4a0d88582a27db/url'
11:36:07.107 [AsyncHttpClient-1-5] DEBUG org.asynchttpclient.netty.handler.HttpHandler - 

Request DefaultFullHttpRequest(decodeResult: success, version: HTTP/1.1, content: EmptyByteBufBE)
GET /session/343760fe1b3b1d209c4a0d88582a27db/url HTTP/1.1
User-Agent: selenium/4.8.0 (java windows)
Cache-Control: no-cache
Content-Type: application/json; charset=utf-8
host: localhost:13653
accept: */*

Response DefaultHttpResponse(decodeResult: success, version: HTTP/1.1)
HTTP/1.1 200 OK
Content-Length: 38
Content-Type: application/json; charset=utf-8
cache-control: no-cache

11:36:07.107 [AsyncHttpClient-1-5] DEBUG org.asynchttpclient.netty.channel.ChannelManager - Adding key: http://localhost:13653 for channel [id: 0xdffd1267, L:/127.0.0.1:61309 - R:localhost/127.0.0.1:13653]
11:36:07.108 [Forwarding screenshot on session 343760fe1b3b1d209c4a0d88582a27db to remote] DEBUG org.asynchttpclient.netty.request.NettyRequestSender - Using pooled Channel '[id: 0xdffd1267, L:/127.0.0.1:61309 - R:localhost/127.0.0.1:13653]' for 'GET' to 'http://localhost:13653/session/343760fe1b3b1d209c4a0d88582a27db/screenshot'
11:36:07.108 [Forwarding screenshot on session 343760fe1b3b1d209c4a0d88582a27db to remote] DEBUG org.asynchttpclient.netty.request.NettyRequestSender - Using open Channel [id: 0xdffd1267, L:/127.0.0.1:61309 - R:localhost/127.0.0.1:13653] for GET '/session/343760fe1b3b1d209c4a0d88582a27db/screenshot'
11:36:07.251 [AsyncHttpClient-1-5] DEBUG org.asynchttpclient.netty.handler.HttpHandler - 

Request DefaultFullHttpRequest(decodeResult: success, version: HTTP/1.1, content: EmptyByteBufBE)
GET /session/343760fe1b3b1d209c4a0d88582a27db/screenshot HTTP/1.1
User-Agent: selenium/4.8.0 (java windows)
Cache-Control: no-cache
Content-Type: application/json; charset=utf-8
host: localhost:13653
accept: */*

Response DefaultHttpResponse(decodeResult: success, version: HTTP/1.1)
HTTP/1.1 200 OK
Content-Length: 56888
Content-Type: application/json; charset=utf-8
cache-control: no-cache

11:36:07.251 [AsyncHttpClient-1-5] DEBUG org.asynchttpclient.netty.channel.ChannelManager - Adding key: http://localhost:13653 for channel [id: 0xdffd1267, L:/127.0.0.1:61309 - R:localhost/127.0.0.1:13653]
11:36:07.253 [main] DEBUG net.serenitybdd.core.photography.Darkroom - Send negative for processing for target\site\serenity\9e064797e028a3807699613c333f7a315a08d2c82b6ed50ea0e2ad01a26ca09b.png
11:36:07.254 [Forwarding getPageSource on session 343760fe1b3b1d209c4a0d88582a27db to remote] DEBUG org.asynchttpclient.netty.request.NettyRequestSender - Using pooled Channel '[id: 0xdffd1267, L:/127.0.0.1:61309 - R:localhost/127.0.0.1:13653]' for 'POST' to 'http://localhost:13653/session/343760fe1b3b1d209c4a0d88582a27db/execute/sync'
11:36:07.254 [Forwarding getPageSource on session 343760fe1b3b1d209c4a0d88582a27db to remote] DEBUG org.asynchttpclient.netty.request.NettyRequestSender - Using open Channel [id: 0xdffd1267, L:/127.0.0.1:61309 - R:localhost/127.0.0.1:13653] for POST '/session/343760fe1b3b1d209c4a0d88582a27db/execute/sync'
11:36:07.261 [AsyncHttpClient-1-5] DEBUG org.asynchttpclient.netty.handler.HttpHandler - 

Request DefaultHttpRequest(decodeResult: success, version: HTTP/1.1)
POST /session/343760fe1b3b1d209c4a0d88582a27db/execute/sync HTTP/1.1
User-Agent: selenium/4.8.0 (java windows)
Content-Length: 176
Content-Type: application/json; charset=utf-8
host: localhost:13653
accept: */*

Response DefaultHttpResponse(decodeResult: success, version: HTTP/1.1)
HTTP/1.1 200 OK
Content-Length: 4333
Content-Type: application/json; charset=utf-8
cache-control: no-cache

11:36:07.261 [AsyncHttpClient-1-5] DEBUG org.asynchttpclient.netty.channel.ChannelManager - Adding key: http://localhost:13653 for channel [id: 0xdffd1267, L:/127.0.0.1:61309 - R:localhost/127.0.0.1:13653]
11:36:07.262 [Forwarding getCurrentUrl on session 343760fe1b3b1d209c4a0d88582a27db to remote] DEBUG org.asynchttpclient.netty.request.NettyRequestSender - Using pooled Channel '[id: 0xdffd1267, L:/127.0.0.1:61309 - R:localhost/127.0.0.1:13653]' for 'GET' to 'http://localhost:13653/session/343760fe1b3b1d209c4a0d88582a27db/url'
11:36:07.263 [Forwarding getCurrentUrl on session 343760fe1b3b1d209c4a0d88582a27db to remote] DEBUG org.asynchttpclient.netty.request.NettyRequestSender - Using open Channel [id: 0xdffd1267, L:/127.0.0.1:61309 - R:localhost/127.0.0.1:13653] for GET '/session/343760fe1b3b1d209c4a0d88582a27db/url'
11:36:07.278 [AsyncHttpClient-1-5] DEBUG org.asynchttpclient.netty.handler.HttpHandler - 

Request DefaultFullHttpRequest(decodeResult: success, version: HTTP/1.1, content: EmptyByteBufBE)
GET /session/343760fe1b3b1d209c4a0d88582a27db/url HTTP/1.1
User-Agent: selenium/4.8.0 (java windows)
Cache-Control: no-cache
Content-Type: application/json; charset=utf-8
host: localhost:13653
accept: */*

Response DefaultHttpResponse(decodeResult: success, version: HTTP/1.1)
HTTP/1.1 200 OK
Content-Length: 38
Content-Type: application/json; charset=utf-8
cache-control: no-cache

11:36:07.278 [AsyncHttpClient-1-5] DEBUG org.asynchttpclient.netty.channel.ChannelManager - Adding key: http://localhost:13653 for channel [id: 0xdffd1267, L:/127.0.0.1:61309 - R:localhost/127.0.0.1:13653]
11:36:07.292 [main] INFO  com.swaglabs.base.SetUp - Swag Labs title validation passed
11:36:07.297 [Forwarding findElement on session 343760fe1b3b1d209c4a0d88582a27db to remote] DEBUG org.asynchttpclient.netty.request.NettyRequestSender - Using pooled Channel '[id: 0xdffd1267, L:/127.0.0.1:61309 - R:localhost/127.0.0.1:13653]' for 'POST' to 'http://localhost:13653/session/343760fe1b3b1d209c4a0d88582a27db/element'
11:36:07.297 [Forwarding findElement on session 343760fe1b3b1d209c4a0d88582a27db to remote] DEBUG org.asynchttpclient.netty.request.NettyRequestSender - Using open Channel [id: 0xdffd1267, L:/127.0.0.1:61309 - R:localhost/127.0.0.1:13653] for POST '/session/343760fe1b3b1d209c4a0d88582a27db/element'
11:36:07.317 [AsyncHttpClient-1-5] DEBUG org.asynchttpclient.netty.handler.HttpHandler - 

Request DefaultHttpRequest(decodeResult: success, version: HTTP/1.1)
POST /session/343760fe1b3b1d209c4a0d88582a27db/element HTTP/1.1
User-Agent: selenium/4.8.0 (java windows)
Content-Length: 73
Content-Type: application/json; charset=utf-8
host: localhost:13653
accept: */*

Response DefaultHttpResponse(decodeResult: success, version: HTTP/1.1)
HTTP/1.1 200 OK
Content-Length: 95
Content-Type: application/json; charset=utf-8
cache-control: no-cache

11:36:07.317 [AsyncHttpClient-1-5] DEBUG org.asynchttpclient.netty.channel.ChannelManager - Adding key: http://localhost:13653 for channel [id: 0xdffd1267, L:/127.0.0.1:61309 - R:localhost/127.0.0.1:13653]
11:36:07.320 [Forwarding isElementDisplayed on session 343760fe1b3b1d209c4a0d88582a27db to remote] DEBUG org.asynchttpclient.netty.request.NettyRequestSender - Using pooled Channel '[id: 0xdffd1267, L:/127.0.0.1:61309 - R:localhost/127.0.0.1:13653]' for 'POST' to 'http://localhost:13653/session/343760fe1b3b1d209c4a0d88582a27db/execute/sync'
11:36:07.320 [Forwarding isElementDisplayed on session 343760fe1b3b1d209c4a0d88582a27db to remote] DEBUG org.asynchttpclient.netty.request.NettyRequestSender - Using open Channel [id: 0xdffd1267, L:/127.0.0.1:61309 - R:localhost/127.0.0.1:13653] for POST '/session/343760fe1b3b1d209c4a0d88582a27db/execute/sync'
11:36:07.341 [AsyncHttpClient-1-5] DEBUG org.asynchttpclient.netty.handler.HttpHandler - 

Request DefaultHttpRequest(decodeResult: success, version: HTTP/1.1)
POST /session/343760fe1b3b1d209c4a0d88582a27db/execute/sync HTTP/1.1
User-Agent: selenium/4.8.0 (java windows)
Content-Length: 48814
Content-Type: application/json; charset=utf-8
host: localhost:13653
accept: */*

Response DefaultHttpResponse(decodeResult: success, version: HTTP/1.1)
HTTP/1.1 200 OK
Content-Length: 14
Content-Type: application/json; charset=utf-8
cache-control: no-cache

11:36:07.341 [AsyncHttpClient-1-5] DEBUG org.asynchttpclient.netty.channel.ChannelManager - Adding key: http://localhost:13653 for channel [id: 0xdffd1267, L:/127.0.0.1:61309 - R:localhost/127.0.0.1:13653]
11:36:07.342 [Forwarding getElementText on session 343760fe1b3b1d209c4a0d88582a27db to remote] DEBUG org.asynchttpclient.netty.request.NettyRequestSender - Using pooled Channel '[id: 0xdffd1267, L:/127.0.0.1:61309 - R:localhost/127.0.0.1:13653]' for 'GET' to 'http://localhost:13653/session/343760fe1b3b1d209c4a0d88582a27db/element/B5D78317CDC82913058D66A8C952A41F_element_11/text'
11:36:07.342 [Forwarding getElementText on session 343760fe1b3b1d209c4a0d88582a27db to remote] DEBUG org.asynchttpclient.netty.request.NettyRequestSender - Using open Channel [id: 0xdffd1267, L:/127.0.0.1:61309 - R:localhost/127.0.0.1:13653] for GET '/session/343760fe1b3b1d209c4a0d88582a27db/element/B5D78317CDC82913058D66A8C952A41F_element_11/text'
11:36:07.363 [AsyncHttpClient-1-5] DEBUG org.asynchttpclient.netty.handler.HttpHandler - 

Request DefaultFullHttpRequest(decodeResult: success, version: HTTP/1.1, content: EmptyByteBufBE)
GET /session/343760fe1b3b1d209c4a0d88582a27db/element/B5D78317CDC82913058D66A8C952A41F_element_11/text HTTP/1.1
User-Agent: selenium/4.8.0 (java windows)
Cache-Control: no-cache
Content-Type: application/json; charset=utf-8
host: localhost:13653
accept: */*

Response DefaultHttpResponse(decodeResult: success, version: HTTP/1.1)
HTTP/1.1 200 OK
Content-Length: 21
Content-Type: application/json; charset=utf-8
cache-control: no-cache

11:36:07.363 [AsyncHttpClient-1-5] DEBUG org.asynchttpclient.netty.channel.ChannelManager - Adding key: http://localhost:13653 for channel [id: 0xdffd1267, L:/127.0.0.1:61309 - R:localhost/127.0.0.1:13653]
11:36:07.363 [main] INFO  com.swaglabs.base.SetUp - header validation passed
11:36:07.368 [Forwarding findElement on session 343760fe1b3b1d209c4a0d88582a27db to remote] DEBUG org.asynchttpclient.netty.request.NettyRequestSender - Using pooled Channel '[id: 0xdffd1267, L:/127.0.0.1:61309 - R:localhost/127.0.0.1:13653]' for 'POST' to 'http://localhost:13653/session/343760fe1b3b1d209c4a0d88582a27db/element'
11:36:07.368 [Forwarding findElement on session 343760fe1b3b1d209c4a0d88582a27db to remote] DEBUG org.asynchttpclient.netty.request.NettyRequestSender - Using open Channel [id: 0xdffd1267, L:/127.0.0.1:61309 - R:localhost/127.0.0.1:13653] for POST '/session/343760fe1b3b1d209c4a0d88582a27db/element'
11:36:07.377 [AsyncHttpClient-1-5] DEBUG org.asynchttpclient.netty.handler.HttpHandler - 

Request DefaultHttpRequest(decodeResult: success, version: HTTP/1.1)
POST /session/343760fe1b3b1d209c4a0d88582a27db/element HTTP/1.1
User-Agent: selenium/4.8.0 (java windows)
Content-Length: 73
Content-Type: application/json; charset=utf-8
host: localhost:13653
accept: */*

Response DefaultHttpResponse(decodeResult: success, version: HTTP/1.1)
HTTP/1.1 200 OK
Content-Length: 95
Content-Type: application/json; charset=utf-8
cache-control: no-cache

11:36:07.378 [AsyncHttpClient-1-5] DEBUG org.asynchttpclient.netty.channel.ChannelManager - Adding key: http://localhost:13653 for channel [id: 0xdffd1267, L:/127.0.0.1:61309 - R:localhost/127.0.0.1:13653]
11:36:07.381 [Forwarding isElementDisplayed on session 343760fe1b3b1d209c4a0d88582a27db to remote] DEBUG org.asynchttpclient.netty.request.NettyRequestSender - Using pooled Channel '[id: 0xdffd1267, L:/127.0.0.1:61309 - R:localhost/127.0.0.1:13653]' for 'POST' to 'http://localhost:13653/session/343760fe1b3b1d209c4a0d88582a27db/execute/sync'
11:36:07.381 [Forwarding isElementDisplayed on session 343760fe1b3b1d209c4a0d88582a27db to remote] DEBUG org.asynchttpclient.netty.request.NettyRequestSender - Using open Channel [id: 0xdffd1267, L:/127.0.0.1:61309 - R:localhost/127.0.0.1:13653] for POST '/session/343760fe1b3b1d209c4a0d88582a27db/execute/sync'
11:36:07.399 [AsyncHttpClient-1-5] DEBUG org.asynchttpclient.netty.handler.HttpHandler - 

Request DefaultHttpRequest(decodeResult: success, version: HTTP/1.1)
POST /session/343760fe1b3b1d209c4a0d88582a27db/execute/sync HTTP/1.1
User-Agent: selenium/4.8.0 (java windows)
Content-Length: 48814
Content-Type: application/json; charset=utf-8
host: localhost:13653
accept: */*

Response DefaultHttpResponse(decodeResult: success, version: HTTP/1.1)
HTTP/1.1 200 OK
Content-Length: 14
Content-Type: application/json; charset=utf-8
cache-control: no-cache

11:36:07.399 [AsyncHttpClient-1-5] DEBUG org.asynchttpclient.netty.channel.ChannelManager - Adding key: http://localhost:13653 for channel [id: 0xdffd1267, L:/127.0.0.1:61309 - R:localhost/127.0.0.1:13653]
11:36:07.400 [Forwarding getElementText on session 343760fe1b3b1d209c4a0d88582a27db to remote] DEBUG org.asynchttpclient.netty.request.NettyRequestSender - Using pooled Channel '[id: 0xdffd1267, L:/127.0.0.1:61309 - R:localhost/127.0.0.1:13653]' for 'GET' to 'http://localhost:13653/session/343760fe1b3b1d209c4a0d88582a27db/element/B5D78317CDC82913058D66A8C952A41F_element_11/text'
11:36:07.400 [Forwarding getElementText on session 343760fe1b3b1d209c4a0d88582a27db to remote] DEBUG org.asynchttpclient.netty.request.NettyRequestSender - Using open Channel [id: 0xdffd1267, L:/127.0.0.1:61309 - R:localhost/127.0.0.1:13653] for GET '/session/343760fe1b3b1d209c4a0d88582a27db/element/B5D78317CDC82913058D66A8C952A41F_element_11/text'
11:36:07.411 [AsyncHttpClient-1-5] DEBUG org.asynchttpclient.netty.handler.HttpHandler - 

Request DefaultFullHttpRequest(decodeResult: success, version: HTTP/1.1, content: EmptyByteBufBE)
GET /session/343760fe1b3b1d209c4a0d88582a27db/element/B5D78317CDC82913058D66A8C952A41F_element_11/text HTTP/1.1
User-Agent: selenium/4.8.0 (java windows)
Cache-Control: no-cache
Content-Type: application/json; charset=utf-8
host: localhost:13653
accept: */*

Response DefaultHttpResponse(decodeResult: success, version: HTTP/1.1)
HTTP/1.1 200 OK
Content-Length: 21
Content-Type: application/json; charset=utf-8
cache-control: no-cache

11:36:07.412 [AsyncHttpClient-1-5] DEBUG org.asynchttpclient.netty.channel.ChannelManager - Adding key: http://localhost:13653 for channel [id: 0xdffd1267, L:/127.0.0.1:61309 - R:localhost/127.0.0.1:13653]
11:36:07.422 [Forwarding getAlertText on session 343760fe1b3b1d209c4a0d88582a27db to remote] DEBUG org.asynchttpclient.netty.request.NettyRequestSender - Using pooled Channel '[id: 0xdffd1267, L:/127.0.0.1:61309 - R:localhost/127.0.0.1:13653]' for 'GET' to 'http://localhost:13653/session/343760fe1b3b1d209c4a0d88582a27db/alert/text'
11:36:07.422 [Forwarding getAlertText on session 343760fe1b3b1d209c4a0d88582a27db to remote] DEBUG org.asynchttpclient.netty.request.NettyRequestSender - Using open Channel [id: 0xdffd1267, L:/127.0.0.1:61309 - R:localhost/127.0.0.1:13653] for GET '/session/343760fe1b3b1d209c4a0d88582a27db/alert/text'
11:36:07.424 [AsyncHttpClient-1-5] DEBUG org.asynchttpclient.netty.handler.HttpHandler - 

Request DefaultFullHttpRequest(decodeResult: success, version: HTTP/1.1, content: EmptyByteBufBE)
GET /session/343760fe1b3b1d209c4a0d88582a27db/alert/text HTTP/1.1
User-Agent: selenium/4.8.0 (java windows)
Cache-Control: no-cache
Content-Type: application/json; charset=utf-8
host: localhost:13653
accept: */*

Response DefaultHttpResponse(decodeResult: success, version: HTTP/1.1)
HTTP/1.1 404 Not Found
Content-Length: 1522
Content-Type: application/json; charset=utf-8
cache-control: no-cache

11:36:07.424 [AsyncHttpClient-1-5] DEBUG org.asynchttpclient.netty.channel.ChannelManager - Adding key: http://localhost:13653 for channel [id: 0xdffd1267, L:/127.0.0.1:61309 - R:localhost/127.0.0.1:13653]
11:36:07.425 [Forwarding getCurrentUrl on session 343760fe1b3b1d209c4a0d88582a27db to remote] DEBUG org.asynchttpclient.netty.request.NettyRequestSender - Using pooled Channel '[id: 0xdffd1267, L:/127.0.0.1:61309 - R:localhost/127.0.0.1:13653]' for 'GET' to 'http://localhost:13653/session/343760fe1b3b1d209c4a0d88582a27db/url'
11:36:07.425 [Forwarding getCurrentUrl on session 343760fe1b3b1d209c4a0d88582a27db to remote] DEBUG org.asynchttpclient.netty.request.NettyRequestSender - Using open Channel [id: 0xdffd1267, L:/127.0.0.1:61309 - R:localhost/127.0.0.1:13653] for GET '/session/343760fe1b3b1d209c4a0d88582a27db/url'
11:36:07.430 [AsyncHttpClient-1-5] DEBUG org.asynchttpclient.netty.handler.HttpHandler - 

Request DefaultFullHttpRequest(decodeResult: success, version: HTTP/1.1, content: EmptyByteBufBE)
GET /session/343760fe1b3b1d209c4a0d88582a27db/url HTTP/1.1
User-Agent: selenium/4.8.0 (java windows)
Cache-Control: no-cache
Content-Type: application/json; charset=utf-8
host: localhost:13653
accept: */*

Response DefaultHttpResponse(decodeResult: success, version: HTTP/1.1)
HTTP/1.1 200 OK
Content-Length: 38
Content-Type: application/json; charset=utf-8
cache-control: no-cache

11:36:07.431 [AsyncHttpClient-1-5] DEBUG org.asynchttpclient.netty.channel.ChannelManager - Adding key: http://localhost:13653 for channel [id: 0xdffd1267, L:/127.0.0.1:61309 - R:localhost/127.0.0.1:13653]
11:36:07.431 [Forwarding screenshot on session 343760fe1b3b1d209c4a0d88582a27db to remote] DEBUG org.asynchttpclient.netty.request.NettyRequestSender - Using pooled Channel '[id: 0xdffd1267, L:/127.0.0.1:61309 - R:localhost/127.0.0.1:13653]' for 'GET' to 'http://localhost:13653/session/343760fe1b3b1d209c4a0d88582a27db/screenshot'
11:36:07.431 [Forwarding screenshot on session 343760fe1b3b1d209c4a0d88582a27db to remote] DEBUG org.asynchttpclient.netty.request.NettyRequestSender - Using open Channel [id: 0xdffd1267, L:/127.0.0.1:61309 - R:localhost/127.0.0.1:13653] for GET '/session/343760fe1b3b1d209c4a0d88582a27db/screenshot'
11:36:07.586 [AsyncHttpClient-1-5] DEBUG org.asynchttpclient.netty.handler.HttpHandler - 

Request DefaultFullHttpRequest(decodeResult: success, version: HTTP/1.1, content: EmptyByteBufBE)
GET /session/343760fe1b3b1d209c4a0d88582a27db/screenshot HTTP/1.1
User-Agent: selenium/4.8.0 (java windows)
Cache-Control: no-cache
Content-Type: application/json; charset=utf-8
host: localhost:13653
accept: */*

Response DefaultHttpResponse(decodeResult: success, version: HTTP/1.1)
HTTP/1.1 200 OK
Content-Length: 56888
Content-Type: application/json; charset=utf-8
cache-control: no-cache

11:36:07.587 [AsyncHttpClient-1-5] DEBUG org.asynchttpclient.netty.channel.ChannelManager - Adding key: http://localhost:13653 for channel [id: 0xdffd1267, L:/127.0.0.1:61309 - R:localhost/127.0.0.1:13653]
11:36:07.588 [main] DEBUG net.serenitybdd.core.photography.Darkroom - Send negative for processing for target\site\serenity\9e064797e028a3807699613c333f7a315a08d2c82b6ed50ea0e2ad01a26ca09b.png
11:36:07.589 [Forwarding getPageSource on session 343760fe1b3b1d209c4a0d88582a27db to remote] DEBUG org.asynchttpclient.netty.request.NettyRequestSender - Using pooled Channel '[id: 0xdffd1267, L:/127.0.0.1:61309 - R:localhost/127.0.0.1:13653]' for 'POST' to 'http://localhost:13653/session/343760fe1b3b1d209c4a0d88582a27db/execute/sync'
11:36:07.589 [Forwarding getPageSource on session 343760fe1b3b1d209c4a0d88582a27db to remote] DEBUG org.asynchttpclient.netty.request.NettyRequestSender - Using open Channel [id: 0xdffd1267, L:/127.0.0.1:61309 - R:localhost/127.0.0.1:13653] for POST '/session/343760fe1b3b1d209c4a0d88582a27db/execute/sync'
11:36:07.595 [AsyncHttpClient-1-5] DEBUG org.asynchttpclient.netty.handler.HttpHandler - 

Request DefaultHttpRequest(decodeResult: success, version: HTTP/1.1)
POST /session/343760fe1b3b1d209c4a0d88582a27db/execute/sync HTTP/1.1
User-Agent: selenium/4.8.0 (java windows)
Content-Length: 176
Content-Type: application/json; charset=utf-8
host: localhost:13653
accept: */*

Response DefaultHttpResponse(decodeResult: success, version: HTTP/1.1)
HTTP/1.1 200 OK
Content-Length: 4333
Content-Type: application/json; charset=utf-8
cache-control: no-cache

11:36:07.595 [AsyncHttpClient-1-5] DEBUG org.asynchttpclient.netty.channel.ChannelManager - Adding key: http://localhost:13653 for channel [id: 0xdffd1267, L:/127.0.0.1:61309 - R:localhost/127.0.0.1:13653]
11:36:07.596 [Forwarding getCurrentUrl on session 343760fe1b3b1d209c4a0d88582a27db to remote] DEBUG org.asynchttpclient.netty.request.NettyRequestSender - Using pooled Channel '[id: 0xdffd1267, L:/127.0.0.1:61309 - R:localhost/127.0.0.1:13653]' for 'GET' to 'http://localhost:13653/session/343760fe1b3b1d209c4a0d88582a27db/url'
11:36:07.596 [Forwarding getCurrentUrl on session 343760fe1b3b1d209c4a0d88582a27db to remote] DEBUG org.asynchttpclient.netty.request.NettyRequestSender - Using open Channel [id: 0xdffd1267, L:/127.0.0.1:61309 - R:localhost/127.0.0.1:13653] for GET '/session/343760fe1b3b1d209c4a0d88582a27db/url'
11:36:07.599 [AsyncHttpClient-1-5] DEBUG org.asynchttpclient.netty.handler.HttpHandler - 

Request DefaultFullHttpRequest(decodeResult: success, version: HTTP/1.1, content: EmptyByteBufBE)
GET /session/343760fe1b3b1d209c4a0d88582a27db/url HTTP/1.1
User-Agent: selenium/4.8.0 (java windows)
Cache-Control: no-cache
Content-Type: application/json; charset=utf-8
host: localhost:13653
accept: */*

Response DefaultHttpResponse(decodeResult: success, version: HTTP/1.1)
HTTP/1.1 200 OK
Content-Length: 38
Content-Type: application/json; charset=utf-8
cache-control: no-cache

11:36:07.599 [AsyncHttpClient-1-5] DEBUG org.asynchttpclient.netty.channel.ChannelManager - Adding key: http://localhost:13653 for channel [id: 0xdffd1267, L:/127.0.0.1:61309 - R:localhost/127.0.0.1:13653]
11:36:07.607 [Forwarding findElement on session 343760fe1b3b1d209c4a0d88582a27db to remote] DEBUG org.asynchttpclient.netty.request.NettyRequestSender - Using pooled Channel '[id: 0xdffd1267, L:/127.0.0.1:61309 - R:localhost/127.0.0.1:13653]' for 'POST' to 'http://localhost:13653/session/343760fe1b3b1d209c4a0d88582a27db/element'
11:36:07.607 [Forwarding findElement on session 343760fe1b3b1d209c4a0d88582a27db to remote] DEBUG org.asynchttpclient.netty.request.NettyRequestSender - Using open Channel [id: 0xdffd1267, L:/127.0.0.1:61309 - R:localhost/127.0.0.1:13653] for POST '/session/343760fe1b3b1d209c4a0d88582a27db/element'
11:36:07.616 [AsyncHttpClient-1-5] DEBUG org.asynchttpclient.netty.handler.HttpHandler - 

Request DefaultHttpRequest(decodeResult: success, version: HTTP/1.1)
POST /session/343760fe1b3b1d209c4a0d88582a27db/element HTTP/1.1
User-Agent: selenium/4.8.0 (java windows)
Content-Length: 73
Content-Type: application/json; charset=utf-8
host: localhost:13653
accept: */*

Response DefaultHttpResponse(decodeResult: success, version: HTTP/1.1)
HTTP/1.1 200 OK
Content-Length: 95
Content-Type: application/json; charset=utf-8
cache-control: no-cache

11:36:07.616 [AsyncHttpClient-1-5] DEBUG org.asynchttpclient.netty.channel.ChannelManager - Adding key: http://localhost:13653 for channel [id: 0xdffd1267, L:/127.0.0.1:61309 - R:localhost/127.0.0.1:13653]
11:36:07.625 [Forwarding isElementDisplayed on session 343760fe1b3b1d209c4a0d88582a27db to remote] DEBUG org.asynchttpclient.netty.request.NettyRequestSender - Using pooled Channel '[id: 0xdffd1267, L:/127.0.0.1:61309 - R:localhost/127.0.0.1:13653]' for 'POST' to 'http://localhost:13653/session/343760fe1b3b1d209c4a0d88582a27db/execute/sync'
11:36:07.626 [Forwarding isElementDisplayed on session 343760fe1b3b1d209c4a0d88582a27db to remote] DEBUG org.asynchttpclient.netty.request.NettyRequestSender - Using open Channel [id: 0xdffd1267, L:/127.0.0.1:61309 - R:localhost/127.0.0.1:13653] for POST '/session/343760fe1b3b1d209c4a0d88582a27db/execute/sync'
11:36:07.637 [AsyncHttpClient-1-1] DEBUG org.asynchttpclient.netty.channel.DefaultChannelPool - Entry count for : http://localhost:61317 : 1
11:36:07.638 [AsyncHttpClient-1-5] DEBUG org.asynchttpclient.netty.handler.HttpHandler - 

Request DefaultHttpRequest(decodeResult: success, version: HTTP/1.1)
POST /session/343760fe1b3b1d209c4a0d88582a27db/execute/sync HTTP/1.1
User-Agent: selenium/4.8.0 (java windows)
Content-Length: 48814
Content-Type: application/json; charset=utf-8
host: localhost:13653
accept: */*

Response DefaultHttpResponse(decodeResult: success, version: HTTP/1.1)
HTTP/1.1 200 OK
Content-Length: 14
Content-Type: application/json; charset=utf-8
cache-control: no-cache

11:36:07.638 [AsyncHttpClient-1-5] DEBUG org.asynchttpclient.netty.channel.ChannelManager - Adding key: http://localhost:13653 for channel [id: 0xdffd1267, L:/127.0.0.1:61309 - R:localhost/127.0.0.1:13653]
11:36:07.638 [Forwarding getElementText on session 343760fe1b3b1d209c4a0d88582a27db to remote] DEBUG org.asynchttpclient.netty.request.NettyRequestSender - Using pooled Channel '[id: 0xdffd1267, L:/127.0.0.1:61309 - R:localhost/127.0.0.1:13653]' for 'GET' to 'http://localhost:13653/session/343760fe1b3b1d209c4a0d88582a27db/element/B5D78317CDC82913058D66A8C952A41F_element_11/text'
11:36:07.638 [Forwarding getElementText on session 343760fe1b3b1d209c4a0d88582a27db to remote] DEBUG org.asynchttpclient.netty.request.NettyRequestSender - Using open Channel [id: 0xdffd1267, L:/127.0.0.1:61309 - R:localhost/127.0.0.1:13653] for GET '/session/343760fe1b3b1d209c4a0d88582a27db/element/B5D78317CDC82913058D66A8C952A41F_element_11/text'
11:36:07.643 [AsyncHttpClient-1-5] DEBUG org.asynchttpclient.netty.handler.HttpHandler - 

Request DefaultFullHttpRequest(decodeResult: success, version: HTTP/1.1, content: EmptyByteBufBE)
GET /session/343760fe1b3b1d209c4a0d88582a27db/element/B5D78317CDC82913058D66A8C952A41F_element_11/text HTTP/1.1
User-Agent: selenium/4.8.0 (java windows)
Cache-Control: no-cache
Content-Type: application/json; charset=utf-8
host: localhost:13653
accept: */*

Response DefaultHttpResponse(decodeResult: success, version: HTTP/1.1)
HTTP/1.1 200 OK
Content-Length: 21
Content-Type: application/json; charset=utf-8
cache-control: no-cache

11:36:07.643 [AsyncHttpClient-1-5] DEBUG org.asynchttpclient.netty.channel.ChannelManager - Adding key: http://localhost:13653 for channel [id: 0xdffd1267, L:/127.0.0.1:61309 - R:localhost/127.0.0.1:13653]
11:36:07.647 [Forwarding getAlertText on session 343760fe1b3b1d209c4a0d88582a27db to remote] DEBUG org.asynchttpclient.netty.request.NettyRequestSender - Using pooled Channel '[id: 0xdffd1267, L:/127.0.0.1:61309 - R:localhost/127.0.0.1:13653]' for 'GET' to 'http://localhost:13653/session/343760fe1b3b1d209c4a0d88582a27db/alert/text'
11:36:07.647 [Forwarding getAlertText on session 343760fe1b3b1d209c4a0d88582a27db to remote] DEBUG org.asynchttpclient.netty.request.NettyRequestSender - Using open Channel [id: 0xdffd1267, L:/127.0.0.1:61309 - R:localhost/127.0.0.1:13653] for GET '/session/343760fe1b3b1d209c4a0d88582a27db/alert/text'
11:36:07.649 [AsyncHttpClient-1-5] DEBUG org.asynchttpclient.netty.handler.HttpHandler - 

Request DefaultFullHttpRequest(decodeResult: success, version: HTTP/1.1, content: EmptyByteBufBE)
GET /session/343760fe1b3b1d209c4a0d88582a27db/alert/text HTTP/1.1
User-Agent: selenium/4.8.0 (java windows)
Cache-Control: no-cache
Content-Type: application/json; charset=utf-8
host: localhost:13653
accept: */*

Response DefaultHttpResponse(decodeResult: success, version: HTTP/1.1)
HTTP/1.1 404 Not Found
Content-Length: 1522
Content-Type: application/json; charset=utf-8
cache-control: no-cache

11:36:07.649 [AsyncHttpClient-1-5] DEBUG org.asynchttpclient.netty.channel.ChannelManager - Adding key: http://localhost:13653 for channel [id: 0xdffd1267, L:/127.0.0.1:61309 - R:localhost/127.0.0.1:13653]
11:36:07.650 [Forwarding getCurrentUrl on session 343760fe1b3b1d209c4a0d88582a27db to remote] DEBUG org.asynchttpclient.netty.request.NettyRequestSender - Using pooled Channel '[id: 0xdffd1267, L:/127.0.0.1:61309 - R:localhost/127.0.0.1:13653]' for 'GET' to 'http://localhost:13653/session/343760fe1b3b1d209c4a0d88582a27db/url'
11:36:07.650 [Forwarding getCurrentUrl on session 343760fe1b3b1d209c4a0d88582a27db to remote] DEBUG org.asynchttpclient.netty.request.NettyRequestSender - Using open Channel [id: 0xdffd1267, L:/127.0.0.1:61309 - R:localhost/127.0.0.1:13653] for GET '/session/343760fe1b3b1d209c4a0d88582a27db/url'
11:36:07.655 [AsyncHttpClient-1-5] DEBUG org.asynchttpclient.netty.handler.HttpHandler - 

Request DefaultFullHttpRequest(decodeResult: success, version: HTTP/1.1, content: EmptyByteBufBE)
GET /session/343760fe1b3b1d209c4a0d88582a27db/url HTTP/1.1
User-Agent: selenium/4.8.0 (java windows)
Cache-Control: no-cache
Content-Type: application/json; charset=utf-8
host: localhost:13653
accept: */*

Response DefaultHttpResponse(decodeResult: success, version: HTTP/1.1)
HTTP/1.1 200 OK
Content-Length: 38
Content-Type: application/json; charset=utf-8
cache-control: no-cache

11:36:07.655 [AsyncHttpClient-1-5] DEBUG org.asynchttpclient.netty.channel.ChannelManager - Adding key: http://localhost:13653 for channel [id: 0xdffd1267, L:/127.0.0.1:61309 - R:localhost/127.0.0.1:13653]
11:36:07.656 [Forwarding screenshot on session 343760fe1b3b1d209c4a0d88582a27db to remote] DEBUG org.asynchttpclient.netty.request.NettyRequestSender - Using pooled Channel '[id: 0xdffd1267, L:/127.0.0.1:61309 - R:localhost/127.0.0.1:13653]' for 'GET' to 'http://localhost:13653/session/343760fe1b3b1d209c4a0d88582a27db/screenshot'
11:36:07.656 [Forwarding screenshot on session 343760fe1b3b1d209c4a0d88582a27db to remote] DEBUG org.asynchttpclient.netty.request.NettyRequestSender - Using open Channel [id: 0xdffd1267, L:/127.0.0.1:61309 - R:localhost/127.0.0.1:13653] for GET '/session/343760fe1b3b1d209c4a0d88582a27db/screenshot'
11:36:07.795 [AsyncHttpClient-1-5] DEBUG org.asynchttpclient.netty.handler.HttpHandler - 

Request DefaultFullHttpRequest(decodeResult: success, version: HTTP/1.1, content: EmptyByteBufBE)
GET /session/343760fe1b3b1d209c4a0d88582a27db/screenshot HTTP/1.1
User-Agent: selenium/4.8.0 (java windows)
Cache-Control: no-cache
Content-Type: application/json; charset=utf-8
host: localhost:13653
accept: */*

Response DefaultHttpResponse(decodeResult: success, version: HTTP/1.1)
HTTP/1.1 200 OK
Content-Length: 56888
Content-Type: application/json; charset=utf-8
cache-control: no-cache

11:36:07.795 [AsyncHttpClient-1-5] DEBUG org.asynchttpclient.netty.channel.ChannelManager - Adding key: http://localhost:13653 for channel [id: 0xdffd1267, L:/127.0.0.1:61309 - R:localhost/127.0.0.1:13653]
11:36:07.797 [main] DEBUG net.serenitybdd.core.photography.Darkroom - Send negative for processing for target\site\serenity\9e064797e028a3807699613c333f7a315a08d2c82b6ed50ea0e2ad01a26ca09b.png
11:36:07.802 [Forwarding findElement on session 343760fe1b3b1d209c4a0d88582a27db to remote] DEBUG org.asynchttpclient.netty.request.NettyRequestSender - Using pooled Channel '[id: 0xdffd1267, L:/127.0.0.1:61309 - R:localhost/127.0.0.1:13653]' for 'POST' to 'http://localhost:13653/session/343760fe1b3b1d209c4a0d88582a27db/element'
11:36:07.802 [Forwarding findElement on session 343760fe1b3b1d209c4a0d88582a27db to remote] DEBUG org.asynchttpclient.netty.request.NettyRequestSender - Using open Channel [id: 0xdffd1267, L:/127.0.0.1:61309 - R:localhost/127.0.0.1:13653] for POST '/session/343760fe1b3b1d209c4a0d88582a27db/element'
11:36:07.816 [AsyncHttpClient-1-5] DEBUG org.asynchttpclient.netty.handler.HttpHandler - 

Request DefaultHttpRequest(decodeResult: success, version: HTTP/1.1)
POST /session/343760fe1b3b1d209c4a0d88582a27db/element HTTP/1.1
User-Agent: selenium/4.8.0 (java windows)
Content-Length: 79
Content-Type: application/json; charset=utf-8
host: localhost:13653
accept: */*

Response DefaultHttpResponse(decodeResult: success, version: HTTP/1.1)
HTTP/1.1 200 OK
Content-Length: 95
Content-Type: application/json; charset=utf-8
cache-control: no-cache

11:36:07.816 [AsyncHttpClient-1-5] DEBUG org.asynchttpclient.netty.channel.ChannelManager - Adding key: http://localhost:13653 for channel [id: 0xdffd1267, L:/127.0.0.1:61309 - R:localhost/127.0.0.1:13653]
11:36:07.819 [Forwarding isElementDisplayed on session 343760fe1b3b1d209c4a0d88582a27db to remote] DEBUG org.asynchttpclient.netty.request.NettyRequestSender - Using pooled Channel '[id: 0xdffd1267, L:/127.0.0.1:61309 - R:localhost/127.0.0.1:13653]' for 'POST' to 'http://localhost:13653/session/343760fe1b3b1d209c4a0d88582a27db/execute/sync'
11:36:07.819 [Forwarding isElementDisplayed on session 343760fe1b3b1d209c4a0d88582a27db to remote] DEBUG org.asynchttpclient.netty.request.NettyRequestSender - Using open Channel [id: 0xdffd1267, L:/127.0.0.1:61309 - R:localhost/127.0.0.1:13653] for POST '/session/343760fe1b3b1d209c4a0d88582a27db/execute/sync'
11:36:07.832 [AsyncHttpClient-1-5] DEBUG org.asynchttpclient.netty.handler.HttpHandler - 

Request DefaultHttpRequest(decodeResult: success, version: HTTP/1.1)
POST /session/343760fe1b3b1d209c4a0d88582a27db/execute/sync HTTP/1.1
User-Agent: selenium/4.8.0 (java windows)
Content-Length: 48814
Content-Type: application/json; charset=utf-8
host: localhost:13653
accept: */*

Response DefaultHttpResponse(decodeResult: success, version: HTTP/1.1)
HTTP/1.1 200 OK
Content-Length: 14
Content-Type: application/json; charset=utf-8
cache-control: no-cache

11:36:07.832 [AsyncHttpClient-1-5] DEBUG org.asynchttpclient.netty.channel.ChannelManager - Adding key: http://localhost:13653 for channel [id: 0xdffd1267, L:/127.0.0.1:61309 - R:localhost/127.0.0.1:13653]
11:36:07.832 [Forwarding getElementText on session 343760fe1b3b1d209c4a0d88582a27db to remote] DEBUG org.asynchttpclient.netty.request.NettyRequestSender - Using pooled Channel '[id: 0xdffd1267, L:/127.0.0.1:61309 - R:localhost/127.0.0.1:13653]' for 'GET' to 'http://localhost:13653/session/343760fe1b3b1d209c4a0d88582a27db/element/B5D78317CDC82913058D66A8C952A41F_element_12/text'
11:36:07.832 [Forwarding getElementText on session 343760fe1b3b1d209c4a0d88582a27db to remote] DEBUG org.asynchttpclient.netty.request.NettyRequestSender - Using open Channel [id: 0xdffd1267, L:/127.0.0.1:61309 - R:localhost/127.0.0.1:13653] for GET '/session/343760fe1b3b1d209c4a0d88582a27db/element/B5D78317CDC82913058D66A8C952A41F_element_12/text'
11:36:07.842 [AsyncHttpClient-1-5] DEBUG org.asynchttpclient.netty.handler.HttpHandler - 

Request DefaultFullHttpRequest(decodeResult: success, version: HTTP/1.1, content: EmptyByteBufBE)
GET /session/343760fe1b3b1d209c4a0d88582a27db/element/B5D78317CDC82913058D66A8C952A41F_element_12/text HTTP/1.1
User-Agent: selenium/4.8.0 (java windows)
Cache-Control: no-cache
Content-Type: application/json; charset=utf-8
host: localhost:13653
accept: */*

Response DefaultHttpResponse(decodeResult: success, version: HTTP/1.1)
HTTP/1.1 200 OK
Content-Length: 12
Content-Type: application/json; charset=utf-8
cache-control: no-cache

11:36:07.842 [AsyncHttpClient-1-5] DEBUG org.asynchttpclient.netty.channel.ChannelManager - Adding key: http://localhost:13653 for channel [id: 0xdffd1267, L:/127.0.0.1:61309 - R:localhost/127.0.0.1:13653]
11:36:07.842 [main] INFO  com.swaglabs.base.SetUp - username placeholder not validated failed
11:36:07.845 [Forwarding findElement on session 343760fe1b3b1d209c4a0d88582a27db to remote] DEBUG org.asynchttpclient.netty.request.NettyRequestSender - Using pooled Channel '[id: 0xdffd1267, L:/127.0.0.1:61309 - R:localhost/127.0.0.1:13653]' for 'POST' to 'http://localhost:13653/session/343760fe1b3b1d209c4a0d88582a27db/element'
11:36:07.845 [Forwarding findElement on session 343760fe1b3b1d209c4a0d88582a27db to remote] DEBUG org.asynchttpclient.netty.request.NettyRequestSender - Using open Channel [id: 0xdffd1267, L:/127.0.0.1:61309 - R:localhost/127.0.0.1:13653] for POST '/session/343760fe1b3b1d209c4a0d88582a27db/element'
11:36:07.857 [AsyncHttpClient-1-5] DEBUG org.asynchttpclient.netty.handler.HttpHandler - 

Request DefaultHttpRequest(decodeResult: success, version: HTTP/1.1)
POST /session/343760fe1b3b1d209c4a0d88582a27db/element HTTP/1.1
User-Agent: selenium/4.8.0 (java windows)
Content-Length: 79
Content-Type: application/json; charset=utf-8
host: localhost:13653
accept: */*

Response DefaultHttpResponse(decodeResult: success, version: HTTP/1.1)
HTTP/1.1 200 OK
Content-Length: 94
Content-Type: application/json; charset=utf-8
cache-control: no-cache

11:36:07.857 [AsyncHttpClient-1-5] DEBUG org.asynchttpclient.netty.channel.ChannelManager - Adding key: http://localhost:13653 for channel [id: 0xdffd1267, L:/127.0.0.1:61309 - R:localhost/127.0.0.1:13653]
11:36:07.859 [Forwarding isElementDisplayed on session 343760fe1b3b1d209c4a0d88582a27db to remote] DEBUG org.asynchttpclient.netty.request.NettyRequestSender - Using pooled Channel '[id: 0xdffd1267, L:/127.0.0.1:61309 - R:localhost/127.0.0.1:13653]' for 'POST' to 'http://localhost:13653/session/343760fe1b3b1d209c4a0d88582a27db/execute/sync'
11:36:07.859 [Forwarding isElementDisplayed on session 343760fe1b3b1d209c4a0d88582a27db to remote] DEBUG org.asynchttpclient.netty.request.NettyRequestSender - Using open Channel [id: 0xdffd1267, L:/127.0.0.1:61309 - R:localhost/127.0.0.1:13653] for POST '/session/343760fe1b3b1d209c4a0d88582a27db/execute/sync'
11:36:07.867 [AsyncHttpClient-1-5] DEBUG org.asynchttpclient.netty.handler.HttpHandler - 

Request DefaultHttpRequest(decodeResult: success, version: HTTP/1.1)
POST /session/343760fe1b3b1d209c4a0d88582a27db/execute/sync HTTP/1.1
User-Agent: selenium/4.8.0 (java windows)
Content-Length: 48813
Content-Type: application/json; charset=utf-8
host: localhost:13653
accept: */*

Response DefaultHttpResponse(decodeResult: success, version: HTTP/1.1)
HTTP/1.1 200 OK
Content-Length: 14
Content-Type: application/json; charset=utf-8
cache-control: no-cache

11:36:07.867 [AsyncHttpClient-1-5] DEBUG org.asynchttpclient.netty.channel.ChannelManager - Adding key: http://localhost:13653 for channel [id: 0xdffd1267, L:/127.0.0.1:61309 - R:localhost/127.0.0.1:13653]
11:36:07.867 [Forwarding getElementText on session 343760fe1b3b1d209c4a0d88582a27db to remote] DEBUG org.asynchttpclient.netty.request.NettyRequestSender - Using pooled Channel '[id: 0xdffd1267, L:/127.0.0.1:61309 - R:localhost/127.0.0.1:13653]' for 'GET' to 'http://localhost:13653/session/343760fe1b3b1d209c4a0d88582a27db/element/B5D78317CDC82913058D66A8C952A41F_element_8/text'
11:36:07.867 [Forwarding getElementText on session 343760fe1b3b1d209c4a0d88582a27db to remote] DEBUG org.asynchttpclient.netty.request.NettyRequestSender - Using open Channel [id: 0xdffd1267, L:/127.0.0.1:61309 - R:localhost/127.0.0.1:13653] for GET '/session/343760fe1b3b1d209c4a0d88582a27db/element/B5D78317CDC82913058D66A8C952A41F_element_8/text'
11:36:07.876 [AsyncHttpClient-1-5] DEBUG org.asynchttpclient.netty.handler.HttpHandler - 

Request DefaultFullHttpRequest(decodeResult: success, version: HTTP/1.1, content: EmptyByteBufBE)
GET /session/343760fe1b3b1d209c4a0d88582a27db/element/B5D78317CDC82913058D66A8C952A41F_element_8/text HTTP/1.1
User-Agent: selenium/4.8.0 (java windows)
Cache-Control: no-cache
Content-Type: application/json; charset=utf-8
host: localhost:13653
accept: */*

Response DefaultHttpResponse(decodeResult: success, version: HTTP/1.1)
HTTP/1.1 200 OK
Content-Length: 12
Content-Type: application/json; charset=utf-8
cache-control: no-cache

11:36:07.876 [AsyncHttpClient-1-5] DEBUG org.asynchttpclient.netty.channel.ChannelManager - Adding key: http://localhost:13653 for channel [id: 0xdffd1267, L:/127.0.0.1:61309 - R:localhost/127.0.0.1:13653]
11:36:07.876 [main] INFO  com.swaglabs.base.SetUp - password placeholder  validattion failed
11:36:07.881 [Forwarding findElement on session 343760fe1b3b1d209c4a0d88582a27db to remote] DEBUG org.asynchttpclient.netty.request.NettyRequestSender - Using pooled Channel '[id: 0xdffd1267, L:/127.0.0.1:61309 - R:localhost/127.0.0.1:13653]' for 'POST' to 'http://localhost:13653/session/343760fe1b3b1d209c4a0d88582a27db/element'
11:36:07.881 [Forwarding findElement on session 343760fe1b3b1d209c4a0d88582a27db to remote] DEBUG org.asynchttpclient.netty.request.NettyRequestSender - Using open Channel [id: 0xdffd1267, L:/127.0.0.1:61309 - R:localhost/127.0.0.1:13653] for POST '/session/343760fe1b3b1d209c4a0d88582a27db/element'
11:36:07.893 [AsyncHttpClient-1-5] DEBUG org.asynchttpclient.netty.handler.HttpHandler - 

Request DefaultHttpRequest(decodeResult: success, version: HTTP/1.1)
POST /session/343760fe1b3b1d209c4a0d88582a27db/element HTTP/1.1
User-Agent: selenium/4.8.0 (java windows)
Content-Length: 59
Content-Type: application/json; charset=utf-8
host: localhost:13653
accept: */*

Response DefaultHttpResponse(decodeResult: success, version: HTTP/1.1)
HTTP/1.1 200 OK
Content-Length: 95
Content-Type: application/json; charset=utf-8
cache-control: no-cache

11:36:07.894 [AsyncHttpClient-1-5] DEBUG org.asynchttpclient.netty.channel.ChannelManager - Adding key: http://localhost:13653 for channel [id: 0xdffd1267, L:/127.0.0.1:61309 - R:localhost/127.0.0.1:13653]
11:36:07.896 [Forwarding isElementDisplayed on session 343760fe1b3b1d209c4a0d88582a27db to remote] DEBUG org.asynchttpclient.netty.request.NettyRequestSender - Using pooled Channel '[id: 0xdffd1267, L:/127.0.0.1:61309 - R:localhost/127.0.0.1:13653]' for 'POST' to 'http://localhost:13653/session/343760fe1b3b1d209c4a0d88582a27db/execute/sync'
11:36:07.896 [Forwarding isElementDisplayed on session 343760fe1b3b1d209c4a0d88582a27db to remote] DEBUG org.asynchttpclient.netty.request.NettyRequestSender - Using open Channel [id: 0xdffd1267, L:/127.0.0.1:61309 - R:localhost/127.0.0.1:13653] for POST '/session/343760fe1b3b1d209c4a0d88582a27db/execute/sync'
11:36:07.908 [AsyncHttpClient-1-5] DEBUG org.asynchttpclient.netty.handler.HttpHandler - 

Request DefaultHttpRequest(decodeResult: success, version: HTTP/1.1)
POST /session/343760fe1b3b1d209c4a0d88582a27db/execute/sync HTTP/1.1
User-Agent: selenium/4.8.0 (java windows)
Content-Length: 48814
Content-Type: application/json; charset=utf-8
host: localhost:13653
accept: */*

Response DefaultHttpResponse(decodeResult: success, version: HTTP/1.1)
HTTP/1.1 200 OK
Content-Length: 14
Content-Type: application/json; charset=utf-8
cache-control: no-cache

11:36:07.908 [AsyncHttpClient-1-5] DEBUG org.asynchttpclient.netty.channel.ChannelManager - Adding key: http://localhost:13653 for channel [id: 0xdffd1267, L:/127.0.0.1:61309 - R:localhost/127.0.0.1:13653]
11:36:07.911 [Forwarding isElementDisplayed on session 343760fe1b3b1d209c4a0d88582a27db to remote] DEBUG org.asynchttpclient.netty.request.NettyRequestSender - Using pooled Channel '[id: 0xdffd1267, L:/127.0.0.1:61309 - R:localhost/127.0.0.1:13653]' for 'POST' to 'http://localhost:13653/session/343760fe1b3b1d209c4a0d88582a27db/execute/sync'
11:36:07.911 [Forwarding isElementDisplayed on session 343760fe1b3b1d209c4a0d88582a27db to remote] DEBUG org.asynchttpclient.netty.request.NettyRequestSender - Using open Channel [id: 0xdffd1267, L:/127.0.0.1:61309 - R:localhost/127.0.0.1:13653] for POST '/session/343760fe1b3b1d209c4a0d88582a27db/execute/sync'
11:36:07.921 [AsyncHttpClient-1-5] DEBUG org.asynchttpclient.netty.handler.HttpHandler - 

Request DefaultHttpRequest(decodeResult: success, version: HTTP/1.1)
POST /session/343760fe1b3b1d209c4a0d88582a27db/execute/sync HTTP/1.1
User-Agent: selenium/4.8.0 (java windows)
Content-Length: 48814
Content-Type: application/json; charset=utf-8
host: localhost:13653
accept: */*

Response DefaultHttpResponse(decodeResult: success, version: HTTP/1.1)
HTTP/1.1 200 OK
Content-Length: 14
Content-Type: application/json; charset=utf-8
cache-control: no-cache

11:36:07.921 [AsyncHttpClient-1-5] DEBUG org.asynchttpclient.netty.channel.ChannelManager - Adding key: http://localhost:13653 for channel [id: 0xdffd1267, L:/127.0.0.1:61309 - R:localhost/127.0.0.1:13653]
11:36:07.924 [Forwarding isElementDisplayed on session 343760fe1b3b1d209c4a0d88582a27db to remote] DEBUG org.asynchttpclient.netty.request.NettyRequestSender - Using pooled Channel '[id: 0xdffd1267, L:/127.0.0.1:61309 - R:localhost/127.0.0.1:13653]' for 'POST' to 'http://localhost:13653/session/343760fe1b3b1d209c4a0d88582a27db/execute/sync'
11:36:07.924 [Forwarding isElementDisplayed on session 343760fe1b3b1d209c4a0d88582a27db to remote] DEBUG org.asynchttpclient.netty.request.NettyRequestSender - Using open Channel [id: 0xdffd1267, L:/127.0.0.1:61309 - R:localhost/127.0.0.1:13653] for POST '/session/343760fe1b3b1d209c4a0d88582a27db/execute/sync'
11:36:07.932 [AsyncHttpClient-1-5] DEBUG org.asynchttpclient.netty.handler.HttpHandler - 

Request DefaultHttpRequest(decodeResult: success, version: HTTP/1.1)
POST /session/343760fe1b3b1d209c4a0d88582a27db/execute/sync HTTP/1.1
User-Agent: selenium/4.8.0 (java windows)
Content-Length: 48814
Content-Type: application/json; charset=utf-8
host: localhost:13653
accept: */*

Response DefaultHttpResponse(decodeResult: success, version: HTTP/1.1)
HTTP/1.1 200 OK
Content-Length: 14
Content-Type: application/json; charset=utf-8
cache-control: no-cache

11:36:07.932 [AsyncHttpClient-1-5] DEBUG org.asynchttpclient.netty.channel.ChannelManager - Adding key: http://localhost:13653 for channel [id: 0xdffd1267, L:/127.0.0.1:61309 - R:localhost/127.0.0.1:13653]
11:36:07.933 [main] INFO  com.swaglabs.base.SetUp - loginButton   validation passed
11:36:07.936 [Forwarding findElement on session 343760fe1b3b1d209c4a0d88582a27db to remote] DEBUG org.asynchttpclient.netty.request.NettyRequestSender - Using pooled Channel '[id: 0xdffd1267, L:/127.0.0.1:61309 - R:localhost/127.0.0.1:13653]' for 'POST' to 'http://localhost:13653/session/343760fe1b3b1d209c4a0d88582a27db/element'
11:36:07.936 [Forwarding findElement on session 343760fe1b3b1d209c4a0d88582a27db to remote] DEBUG org.asynchttpclient.netty.request.NettyRequestSender - Using open Channel [id: 0xdffd1267, L:/127.0.0.1:61309 - R:localhost/127.0.0.1:13653] for POST '/session/343760fe1b3b1d209c4a0d88582a27db/element'
11:36:07.942 [AsyncHttpClient-1-5] DEBUG org.asynchttpclient.netty.handler.HttpHandler - 

Request DefaultHttpRequest(decodeResult: success, version: HTTP/1.1)
POST /session/343760fe1b3b1d209c4a0d88582a27db/element HTTP/1.1
User-Agent: selenium/4.8.0 (java windows)
Content-Length: 59
Content-Type: application/json; charset=utf-8
host: localhost:13653
accept: */*

Response DefaultHttpResponse(decodeResult: success, version: HTTP/1.1)
HTTP/1.1 200 OK
Content-Length: 95
Content-Type: application/json; charset=utf-8
cache-control: no-cache

11:36:07.942 [AsyncHttpClient-1-5] DEBUG org.asynchttpclient.netty.channel.ChannelManager - Adding key: http://localhost:13653 for channel [id: 0xdffd1267, L:/127.0.0.1:61309 - R:localhost/127.0.0.1:13653]
11:36:07.944 [Forwarding isElementDisplayed on session 343760fe1b3b1d209c4a0d88582a27db to remote] DEBUG org.asynchttpclient.netty.request.NettyRequestSender - Using pooled Channel '[id: 0xdffd1267, L:/127.0.0.1:61309 - R:localhost/127.0.0.1:13653]' for 'POST' to 'http://localhost:13653/session/343760fe1b3b1d209c4a0d88582a27db/execute/sync'
11:36:07.944 [Forwarding isElementDisplayed on session 343760fe1b3b1d209c4a0d88582a27db to remote] DEBUG org.asynchttpclient.netty.request.NettyRequestSender - Using open Channel [id: 0xdffd1267, L:/127.0.0.1:61309 - R:localhost/127.0.0.1:13653] for POST '/session/343760fe1b3b1d209c4a0d88582a27db/execute/sync'
11:36:07.954 [AsyncHttpClient-1-5] DEBUG org.asynchttpclient.netty.handler.HttpHandler - 

Request DefaultHttpRequest(decodeResult: success, version: HTTP/1.1)
POST /session/343760fe1b3b1d209c4a0d88582a27db/execute/sync HTTP/1.1
User-Agent: selenium/4.8.0 (java windows)
Content-Length: 48814
Content-Type: application/json; charset=utf-8
host: localhost:13653
accept: */*

Response DefaultHttpResponse(decodeResult: success, version: HTTP/1.1)
HTTP/1.1 200 OK
Content-Length: 14
Content-Type: application/json; charset=utf-8
cache-control: no-cache

11:36:07.955 [AsyncHttpClient-1-5] DEBUG org.asynchttpclient.netty.channel.ChannelManager - Adding key: http://localhost:13653 for channel [id: 0xdffd1267, L:/127.0.0.1:61309 - R:localhost/127.0.0.1:13653]
11:36:07.959 [Forwarding isElementDisplayed on session 343760fe1b3b1d209c4a0d88582a27db to remote] DEBUG org.asynchttpclient.netty.request.NettyRequestSender - Using pooled Channel '[id: 0xdffd1267, L:/127.0.0.1:61309 - R:localhost/127.0.0.1:13653]' for 'POST' to 'http://localhost:13653/session/343760fe1b3b1d209c4a0d88582a27db/execute/sync'
11:36:07.959 [Forwarding isElementDisplayed on session 343760fe1b3b1d209c4a0d88582a27db to remote] DEBUG org.asynchttpclient.netty.request.NettyRequestSender - Using open Channel [id: 0xdffd1267, L:/127.0.0.1:61309 - R:localhost/127.0.0.1:13653] for POST '/session/343760fe1b3b1d209c4a0d88582a27db/execute/sync'
11:36:07.971 [AsyncHttpClient-1-5] DEBUG org.asynchttpclient.netty.handler.HttpHandler - 

Request DefaultHttpRequest(decodeResult: success, version: HTTP/1.1)
POST /session/343760fe1b3b1d209c4a0d88582a27db/execute/sync HTTP/1.1
User-Agent: selenium/4.8.0 (java windows)
Content-Length: 48814
Content-Type: application/json; charset=utf-8
host: localhost:13653
accept: */*

Response DefaultHttpResponse(decodeResult: success, version: HTTP/1.1)
HTTP/1.1 200 OK
Content-Length: 14
Content-Type: application/json; charset=utf-8
cache-control: no-cache

11:36:07.971 [AsyncHttpClient-1-5] DEBUG org.asynchttpclient.netty.channel.ChannelManager - Adding key: http://localhost:13653 for channel [id: 0xdffd1267, L:/127.0.0.1:61309 - R:localhost/127.0.0.1:13653]
11:36:07.973 [Forwarding isElementDisplayed on session 343760fe1b3b1d209c4a0d88582a27db to remote] DEBUG org.asynchttpclient.netty.request.NettyRequestSender - Using pooled Channel '[id: 0xdffd1267, L:/127.0.0.1:61309 - R:localhost/127.0.0.1:13653]' for 'POST' to 'http://localhost:13653/session/343760fe1b3b1d209c4a0d88582a27db/execute/sync'
11:36:07.973 [Forwarding isElementDisplayed on session 343760fe1b3b1d209c4a0d88582a27db to remote] DEBUG org.asynchttpclient.netty.request.NettyRequestSender - Using open Channel [id: 0xdffd1267, L:/127.0.0.1:61309 - R:localhost/127.0.0.1:13653] for POST '/session/343760fe1b3b1d209c4a0d88582a27db/execute/sync'
11:36:07.982 [AsyncHttpClient-1-5] DEBUG org.asynchttpclient.netty.handler.HttpHandler - 

Request DefaultHttpRequest(decodeResult: success, version: HTTP/1.1)
POST /session/343760fe1b3b1d209c4a0d88582a27db/execute/sync HTTP/1.1
User-Agent: selenium/4.8.0 (java windows)
Content-Length: 48814
Content-Type: application/json; charset=utf-8
host: localhost:13653
accept: */*

Response DefaultHttpResponse(decodeResult: success, version: HTTP/1.1)
HTTP/1.1 200 OK
Content-Length: 14
Content-Type: application/json; charset=utf-8
cache-control: no-cache

11:36:07.982 [AsyncHttpClient-1-5] DEBUG org.asynchttpclient.netty.channel.ChannelManager - Adding key: http://localhost:13653 for channel [id: 0xdffd1267, L:/127.0.0.1:61309 - R:localhost/127.0.0.1:13653]
11:36:07.987 [Forwarding getAlertText on session 343760fe1b3b1d209c4a0d88582a27db to remote] DEBUG org.asynchttpclient.netty.request.NettyRequestSender - Using pooled Channel '[id: 0xdffd1267, L:/127.0.0.1:61309 - R:localhost/127.0.0.1:13653]' for 'GET' to 'http://localhost:13653/session/343760fe1b3b1d209c4a0d88582a27db/alert/text'
11:36:07.987 [Forwarding getAlertText on session 343760fe1b3b1d209c4a0d88582a27db to remote] DEBUG org.asynchttpclient.netty.request.NettyRequestSender - Using open Channel [id: 0xdffd1267, L:/127.0.0.1:61309 - R:localhost/127.0.0.1:13653] for GET '/session/343760fe1b3b1d209c4a0d88582a27db/alert/text'
11:36:07.989 [AsyncHttpClient-1-5] DEBUG org.asynchttpclient.netty.handler.HttpHandler - 

Request DefaultFullHttpRequest(decodeResult: success, version: HTTP/1.1, content: EmptyByteBufBE)
GET /session/343760fe1b3b1d209c4a0d88582a27db/alert/text HTTP/1.1
User-Agent: selenium/4.8.0 (java windows)
Cache-Control: no-cache
Content-Type: application/json; charset=utf-8
host: localhost:13653
accept: */*

Response DefaultHttpResponse(decodeResult: success, version: HTTP/1.1)
HTTP/1.1 404 Not Found
Content-Length: 1522
Content-Type: application/json; charset=utf-8
cache-control: no-cache

11:36:07.989 [AsyncHttpClient-1-5] DEBUG org.asynchttpclient.netty.channel.ChannelManager - Adding key: http://localhost:13653 for channel [id: 0xdffd1267, L:/127.0.0.1:61309 - R:localhost/127.0.0.1:13653]
11:36:07.990 [Forwarding getCurrentUrl on session 343760fe1b3b1d209c4a0d88582a27db to remote] DEBUG org.asynchttpclient.netty.request.NettyRequestSender - Using pooled Channel '[id: 0xdffd1267, L:/127.0.0.1:61309 - R:localhost/127.0.0.1:13653]' for 'GET' to 'http://localhost:13653/session/343760fe1b3b1d209c4a0d88582a27db/url'
11:36:07.990 [Forwarding getCurrentUrl on session 343760fe1b3b1d209c4a0d88582a27db to remote] DEBUG org.asynchttpclient.netty.request.NettyRequestSender - Using open Channel [id: 0xdffd1267, L:/127.0.0.1:61309 - R:localhost/127.0.0.1:13653] for GET '/session/343760fe1b3b1d209c4a0d88582a27db/url'
11:36:07.993 [AsyncHttpClient-1-5] DEBUG org.asynchttpclient.netty.handler.HttpHandler - 

Request DefaultFullHttpRequest(decodeResult: success, version: HTTP/1.1, content: EmptyByteBufBE)
GET /session/343760fe1b3b1d209c4a0d88582a27db/url HTTP/1.1
User-Agent: selenium/4.8.0 (java windows)
Cache-Control: no-cache
Content-Type: application/json; charset=utf-8
host: localhost:13653
accept: */*

Response DefaultHttpResponse(decodeResult: success, version: HTTP/1.1)
HTTP/1.1 200 OK
Content-Length: 38
Content-Type: application/json; charset=utf-8
cache-control: no-cache

11:36:07.994 [AsyncHttpClient-1-5] DEBUG org.asynchttpclient.netty.channel.ChannelManager - Adding key: http://localhost:13653 for channel [id: 0xdffd1267, L:/127.0.0.1:61309 - R:localhost/127.0.0.1:13653]
11:36:07.994 [Forwarding screenshot on session 343760fe1b3b1d209c4a0d88582a27db to remote] DEBUG org.asynchttpclient.netty.request.NettyRequestSender - Using pooled Channel '[id: 0xdffd1267, L:/127.0.0.1:61309 - R:localhost/127.0.0.1:13653]' for 'GET' to 'http://localhost:13653/session/343760fe1b3b1d209c4a0d88582a27db/screenshot'
11:36:07.994 [Forwarding screenshot on session 343760fe1b3b1d209c4a0d88582a27db to remote] DEBUG org.asynchttpclient.netty.request.NettyRequestSender - Using open Channel [id: 0xdffd1267, L:/127.0.0.1:61309 - R:localhost/127.0.0.1:13653] for GET '/session/343760fe1b3b1d209c4a0d88582a27db/screenshot'
11:36:08.111 [AsyncHttpClient-1-5] DEBUG org.asynchttpclient.netty.handler.HttpHandler - 

Request DefaultFullHttpRequest(decodeResult: success, version: HTTP/1.1, content: EmptyByteBufBE)
GET /session/343760fe1b3b1d209c4a0d88582a27db/screenshot HTTP/1.1
User-Agent: selenium/4.8.0 (java windows)
Cache-Control: no-cache
Content-Type: application/json; charset=utf-8
host: localhost:13653
accept: */*

Response DefaultHttpResponse(decodeResult: success, version: HTTP/1.1)
HTTP/1.1 200 OK
Content-Length: 56888
Content-Type: application/json; charset=utf-8
cache-control: no-cache

11:36:08.112 [AsyncHttpClient-1-5] DEBUG org.asynchttpclient.netty.channel.ChannelManager - Adding key: http://localhost:13653 for channel [id: 0xdffd1267, L:/127.0.0.1:61309 - R:localhost/127.0.0.1:13653]
11:36:08.113 [main] DEBUG net.serenitybdd.core.photography.Darkroom - Send negative for processing for target\site\serenity\9e064797e028a3807699613c333f7a315a08d2c82b6ed50ea0e2ad01a26ca09b.png
11:36:08.114 [Forwarding getPageSource on session 343760fe1b3b1d209c4a0d88582a27db to remote] DEBUG org.asynchttpclient.netty.request.NettyRequestSender - Using pooled Channel '[id: 0xdffd1267, L:/127.0.0.1:61309 - R:localhost/127.0.0.1:13653]' for 'POST' to 'http://localhost:13653/session/343760fe1b3b1d209c4a0d88582a27db/execute/sync'
11:36:08.114 [Forwarding getPageSource on session 343760fe1b3b1d209c4a0d88582a27db to remote] DEBUG org.asynchttpclient.netty.request.NettyRequestSender - Using open Channel [id: 0xdffd1267, L:/127.0.0.1:61309 - R:localhost/127.0.0.1:13653] for POST '/session/343760fe1b3b1d209c4a0d88582a27db/execute/sync'
11:36:08.118 [AsyncHttpClient-1-5] DEBUG org.asynchttpclient.netty.handler.HttpHandler - 

Request DefaultHttpRequest(decodeResult: success, version: HTTP/1.1)
POST /session/343760fe1b3b1d209c4a0d88582a27db/execute/sync HTTP/1.1
User-Agent: selenium/4.8.0 (java windows)
Content-Length: 176
Content-Type: application/json; charset=utf-8
host: localhost:13653
accept: */*

Response DefaultHttpResponse(decodeResult: success, version: HTTP/1.1)
HTTP/1.1 200 OK
Content-Length: 4333
Content-Type: application/json; charset=utf-8
cache-control: no-cache

11:36:08.118 [AsyncHttpClient-1-5] DEBUG org.asynchttpclient.netty.channel.ChannelManager - Adding key: http://localhost:13653 for channel [id: 0xdffd1267, L:/127.0.0.1:61309 - R:localhost/127.0.0.1:13653]
11:36:08.119 [Forwarding getCurrentUrl on session 343760fe1b3b1d209c4a0d88582a27db to remote] DEBUG org.asynchttpclient.netty.request.NettyRequestSender - Using pooled Channel '[id: 0xdffd1267, L:/127.0.0.1:61309 - R:localhost/127.0.0.1:13653]' for 'GET' to 'http://localhost:13653/session/343760fe1b3b1d209c4a0d88582a27db/url'
11:36:08.119 [Forwarding getCurrentUrl on session 343760fe1b3b1d209c4a0d88582a27db to remote] DEBUG org.asynchttpclient.netty.request.NettyRequestSender - Using open Channel [id: 0xdffd1267, L:/127.0.0.1:61309 - R:localhost/127.0.0.1:13653] for GET '/session/343760fe1b3b1d209c4a0d88582a27db/url'
11:36:08.122 [AsyncHttpClient-1-5] DEBUG org.asynchttpclient.netty.handler.HttpHandler - 

Request DefaultFullHttpRequest(decodeResult: success, version: HTTP/1.1, content: EmptyByteBufBE)
GET /session/343760fe1b3b1d209c4a0d88582a27db/url HTTP/1.1
User-Agent: selenium/4.8.0 (java windows)
Cache-Control: no-cache
Content-Type: application/json; charset=utf-8
host: localhost:13653
accept: */*

Response DefaultHttpResponse(decodeResult: success, version: HTTP/1.1)
HTTP/1.1 200 OK
Content-Length: 38
Content-Type: application/json; charset=utf-8
cache-control: no-cache

11:36:08.122 [AsyncHttpClient-1-5] DEBUG org.asynchttpclient.netty.channel.ChannelManager - Adding key: http://localhost:13653 for channel [id: 0xdffd1267, L:/127.0.0.1:61309 - R:localhost/127.0.0.1:13653]
11:36:08.130 [Forwarding findElement on session 343760fe1b3b1d209c4a0d88582a27db to remote] DEBUG org.asynchttpclient.netty.request.NettyRequestSender - Using pooled Channel '[id: 0xdffd1267, L:/127.0.0.1:61309 - R:localhost/127.0.0.1:13653]' for 'POST' to 'http://localhost:13653/session/343760fe1b3b1d209c4a0d88582a27db/element'
11:36:08.130 [Forwarding findElement on session 343760fe1b3b1d209c4a0d88582a27db to remote] DEBUG org.asynchttpclient.netty.request.NettyRequestSender - Using open Channel [id: 0xdffd1267, L:/127.0.0.1:61309 - R:localhost/127.0.0.1:13653] for POST '/session/343760fe1b3b1d209c4a0d88582a27db/element'
11:36:08.137 [AsyncHttpClient-1-5] DEBUG org.asynchttpclient.netty.handler.HttpHandler - 

Request DefaultHttpRequest(decodeResult: success, version: HTTP/1.1)
POST /session/343760fe1b3b1d209c4a0d88582a27db/element HTTP/1.1
User-Agent: selenium/4.8.0 (java windows)
Content-Length: 59
Content-Type: application/json; charset=utf-8
host: localhost:13653
accept: */*

Response DefaultHttpResponse(decodeResult: success, version: HTTP/1.1)
HTTP/1.1 200 OK
Content-Length: 95
Content-Type: application/json; charset=utf-8
cache-control: no-cache

11:36:08.137 [AsyncHttpClient-1-5] DEBUG org.asynchttpclient.netty.channel.ChannelManager - Adding key: http://localhost:13653 for channel [id: 0xdffd1267, L:/127.0.0.1:61309 - R:localhost/127.0.0.1:13653]
11:36:08.140 [Forwarding isElementDisplayed on session 343760fe1b3b1d209c4a0d88582a27db to remote] DEBUG org.asynchttpclient.netty.request.NettyRequestSender - Using pooled Channel '[id: 0xdffd1267, L:/127.0.0.1:61309 - R:localhost/127.0.0.1:13653]' for 'POST' to 'http://localhost:13653/session/343760fe1b3b1d209c4a0d88582a27db/execute/sync'
11:36:08.140 [Forwarding isElementDisplayed on session 343760fe1b3b1d209c4a0d88582a27db to remote] DEBUG org.asynchttpclient.netty.request.NettyRequestSender - Using open Channel [id: 0xdffd1267, L:/127.0.0.1:61309 - R:localhost/127.0.0.1:13653] for POST '/session/343760fe1b3b1d209c4a0d88582a27db/execute/sync'
11:36:08.150 [AsyncHttpClient-1-5] DEBUG org.asynchttpclient.netty.handler.HttpHandler - 

Request DefaultHttpRequest(decodeResult: success, version: HTTP/1.1)
POST /session/343760fe1b3b1d209c4a0d88582a27db/execute/sync HTTP/1.1
User-Agent: selenium/4.8.0 (java windows)
Content-Length: 48814
Content-Type: application/json; charset=utf-8
host: localhost:13653
accept: */*

Response DefaultHttpResponse(decodeResult: success, version: HTTP/1.1)
HTTP/1.1 200 OK
Content-Length: 14
Content-Type: application/json; charset=utf-8
cache-control: no-cache

11:36:08.150 [AsyncHttpClient-1-5] DEBUG org.asynchttpclient.netty.channel.ChannelManager - Adding key: http://localhost:13653 for channel [id: 0xdffd1267, L:/127.0.0.1:61309 - R:localhost/127.0.0.1:13653]
11:36:08.152 [Forwarding isElementDisplayed on session 343760fe1b3b1d209c4a0d88582a27db to remote] DEBUG org.asynchttpclient.netty.request.NettyRequestSender - Using pooled Channel '[id: 0xdffd1267, L:/127.0.0.1:61309 - R:localhost/127.0.0.1:13653]' for 'POST' to 'http://localhost:13653/session/343760fe1b3b1d209c4a0d88582a27db/execute/sync'
11:36:08.152 [Forwarding isElementDisplayed on session 343760fe1b3b1d209c4a0d88582a27db to remote] DEBUG org.asynchttpclient.netty.request.NettyRequestSender - Using open Channel [id: 0xdffd1267, L:/127.0.0.1:61309 - R:localhost/127.0.0.1:13653] for POST '/session/343760fe1b3b1d209c4a0d88582a27db/execute/sync'
11:36:08.162 [AsyncHttpClient-1-5] DEBUG org.asynchttpclient.netty.handler.HttpHandler - 

Request DefaultHttpRequest(decodeResult: success, version: HTTP/1.1)
POST /session/343760fe1b3b1d209c4a0d88582a27db/execute/sync HTTP/1.1
User-Agent: selenium/4.8.0 (java windows)
Content-Length: 48814
Content-Type: application/json; charset=utf-8
host: localhost:13653
accept: */*

Response DefaultHttpResponse(decodeResult: success, version: HTTP/1.1)
HTTP/1.1 200 OK
Content-Length: 14
Content-Type: application/json; charset=utf-8
cache-control: no-cache

11:36:08.162 [AsyncHttpClient-1-5] DEBUG org.asynchttpclient.netty.channel.ChannelManager - Adding key: http://localhost:13653 for channel [id: 0xdffd1267, L:/127.0.0.1:61309 - R:localhost/127.0.0.1:13653]
11:36:08.165 [Forwarding isElementDisplayed on session 343760fe1b3b1d209c4a0d88582a27db to remote] DEBUG org.asynchttpclient.netty.request.NettyRequestSender - Using pooled Channel '[id: 0xdffd1267, L:/127.0.0.1:61309 - R:localhost/127.0.0.1:13653]' for 'POST' to 'http://localhost:13653/session/343760fe1b3b1d209c4a0d88582a27db/execute/sync'
11:36:08.165 [Forwarding isElementDisplayed on session 343760fe1b3b1d209c4a0d88582a27db to remote] DEBUG org.asynchttpclient.netty.request.NettyRequestSender - Using open Channel [id: 0xdffd1267, L:/127.0.0.1:61309 - R:localhost/127.0.0.1:13653] for POST '/session/343760fe1b3b1d209c4a0d88582a27db/execute/sync'
11:36:08.171 [AsyncHttpClient-1-5] DEBUG org.asynchttpclient.netty.handler.HttpHandler - 

Request DefaultHttpRequest(decodeResult: success, version: HTTP/1.1)
POST /session/343760fe1b3b1d209c4a0d88582a27db/execute/sync HTTP/1.1
User-Agent: selenium/4.8.0 (java windows)
Content-Length: 48814
Content-Type: application/json; charset=utf-8
host: localhost:13653
accept: */*

Response DefaultHttpResponse(decodeResult: success, version: HTTP/1.1)
HTTP/1.1 200 OK
Content-Length: 14
Content-Type: application/json; charset=utf-8
cache-control: no-cache

11:36:08.171 [AsyncHttpClient-1-5] DEBUG org.asynchttpclient.netty.channel.ChannelManager - Adding key: http://localhost:13653 for channel [id: 0xdffd1267, L:/127.0.0.1:61309 - R:localhost/127.0.0.1:13653]
11:36:08.177 [Forwarding getAlertText on session 343760fe1b3b1d209c4a0d88582a27db to remote] DEBUG org.asynchttpclient.netty.request.NettyRequestSender - Using pooled Channel '[id: 0xdffd1267, L:/127.0.0.1:61309 - R:localhost/127.0.0.1:13653]' for 'GET' to 'http://localhost:13653/session/343760fe1b3b1d209c4a0d88582a27db/alert/text'
11:36:08.177 [Forwarding getAlertText on session 343760fe1b3b1d209c4a0d88582a27db to remote] DEBUG org.asynchttpclient.netty.request.NettyRequestSender - Using open Channel [id: 0xdffd1267, L:/127.0.0.1:61309 - R:localhost/127.0.0.1:13653] for GET '/session/343760fe1b3b1d209c4a0d88582a27db/alert/text'
11:36:08.179 [AsyncHttpClient-1-5] DEBUG org.asynchttpclient.netty.handler.HttpHandler - 

Request DefaultFullHttpRequest(decodeResult: success, version: HTTP/1.1, content: EmptyByteBufBE)
GET /session/343760fe1b3b1d209c4a0d88582a27db/alert/text HTTP/1.1
User-Agent: selenium/4.8.0 (java windows)
Cache-Control: no-cache
Content-Type: application/json; charset=utf-8
host: localhost:13653
accept: */*

Response DefaultHttpResponse(decodeResult: success, version: HTTP/1.1)
HTTP/1.1 404 Not Found
Content-Length: 1522
Content-Type: application/json; charset=utf-8
cache-control: no-cache

11:36:08.179 [AsyncHttpClient-1-5] DEBUG org.asynchttpclient.netty.channel.ChannelManager - Adding key: http://localhost:13653 for channel [id: 0xdffd1267, L:/127.0.0.1:61309 - R:localhost/127.0.0.1:13653]
11:36:08.180 [Forwarding getCurrentUrl on session 343760fe1b3b1d209c4a0d88582a27db to remote] DEBUG org.asynchttpclient.netty.request.NettyRequestSender - Using pooled Channel '[id: 0xdffd1267, L:/127.0.0.1:61309 - R:localhost/127.0.0.1:13653]' for 'GET' to 'http://localhost:13653/session/343760fe1b3b1d209c4a0d88582a27db/url'
11:36:08.180 [Forwarding getCurrentUrl on session 343760fe1b3b1d209c4a0d88582a27db to remote] DEBUG org.asynchttpclient.netty.request.NettyRequestSender - Using open Channel [id: 0xdffd1267, L:/127.0.0.1:61309 - R:localhost/127.0.0.1:13653] for GET '/session/343760fe1b3b1d209c4a0d88582a27db/url'
11:36:08.184 [AsyncHttpClient-1-5] DEBUG org.asynchttpclient.netty.handler.HttpHandler - 

Request DefaultFullHttpRequest(decodeResult: success, version: HTTP/1.1, content: EmptyByteBufBE)
GET /session/343760fe1b3b1d209c4a0d88582a27db/url HTTP/1.1
User-Agent: selenium/4.8.0 (java windows)
Cache-Control: no-cache
Content-Type: application/json; charset=utf-8
host: localhost:13653
accept: */*

Response DefaultHttpResponse(decodeResult: success, version: HTTP/1.1)
HTTP/1.1 200 OK
Content-Length: 38
Content-Type: application/json; charset=utf-8
cache-control: no-cache

11:36:08.184 [AsyncHttpClient-1-5] DEBUG org.asynchttpclient.netty.channel.ChannelManager - Adding key: http://localhost:13653 for channel [id: 0xdffd1267, L:/127.0.0.1:61309 - R:localhost/127.0.0.1:13653]
11:36:08.184 [Forwarding screenshot on session 343760fe1b3b1d209c4a0d88582a27db to remote] DEBUG org.asynchttpclient.netty.request.NettyRequestSender - Using pooled Channel '[id: 0xdffd1267, L:/127.0.0.1:61309 - R:localhost/127.0.0.1:13653]' for 'GET' to 'http://localhost:13653/session/343760fe1b3b1d209c4a0d88582a27db/screenshot'
11:36:08.184 [Forwarding screenshot on session 343760fe1b3b1d209c4a0d88582a27db to remote] DEBUG org.asynchttpclient.netty.request.NettyRequestSender - Using open Channel [id: 0xdffd1267, L:/127.0.0.1:61309 - R:localhost/127.0.0.1:13653] for GET '/session/343760fe1b3b1d209c4a0d88582a27db/screenshot'
11:36:08.310 [AsyncHttpClient-1-5] DEBUG org.asynchttpclient.netty.handler.HttpHandler - 

Request DefaultFullHttpRequest(decodeResult: success, version: HTTP/1.1, content: EmptyByteBufBE)
GET /session/343760fe1b3b1d209c4a0d88582a27db/screenshot HTTP/1.1
User-Agent: selenium/4.8.0 (java windows)
Cache-Control: no-cache
Content-Type: application/json; charset=utf-8
host: localhost:13653
accept: */*

Response DefaultHttpResponse(decodeResult: success, version: HTTP/1.1)
HTTP/1.1 200 OK
Content-Length: 56888
Content-Type: application/json; charset=utf-8
cache-control: no-cache

11:36:08.311 [AsyncHttpClient-1-5] DEBUG org.asynchttpclient.netty.channel.ChannelManager - Adding key: http://localhost:13653 for channel [id: 0xdffd1267, L:/127.0.0.1:61309 - R:localhost/127.0.0.1:13653]
11:36:08.313 [main] DEBUG net.serenitybdd.core.photography.Darkroom - Send negative for processing for target\site\serenity\9e064797e028a3807699613c333f7a315a08d2c82b6ed50ea0e2ad01a26ca09b.png
11:36:08.317 [Forwarding findElement on session 343760fe1b3b1d209c4a0d88582a27db to remote] DEBUG org.asynchttpclient.netty.request.NettyRequestSender - Using pooled Channel '[id: 0xdffd1267, L:/127.0.0.1:61309 - R:localhost/127.0.0.1:13653]' for 'POST' to 'http://localhost:13653/session/343760fe1b3b1d209c4a0d88582a27db/element'
11:36:08.317 [Forwarding findElement on session 343760fe1b3b1d209c4a0d88582a27db to remote] DEBUG org.asynchttpclient.netty.request.NettyRequestSender - Using open Channel [id: 0xdffd1267, L:/127.0.0.1:61309 - R:localhost/127.0.0.1:13653] for POST '/session/343760fe1b3b1d209c4a0d88582a27db/element'
11:36:08.329 [AsyncHttpClient-1-5] DEBUG org.asynchttpclient.netty.handler.HttpHandler - 

Request DefaultHttpRequest(decodeResult: success, version: HTTP/1.1)
POST /session/343760fe1b3b1d209c4a0d88582a27db/element HTTP/1.1
User-Agent: selenium/4.8.0 (java windows)
Content-Length: 77
Content-Type: application/json; charset=utf-8
host: localhost:13653
accept: */*

Response DefaultHttpResponse(decodeResult: success, version: HTTP/1.1)
HTTP/1.1 200 OK
Content-Length: 95
Content-Type: application/json; charset=utf-8
cache-control: no-cache

11:36:08.329 [AsyncHttpClient-1-5] DEBUG org.asynchttpclient.netty.channel.ChannelManager - Adding key: http://localhost:13653 for channel [id: 0xdffd1267, L:/127.0.0.1:61309 - R:localhost/127.0.0.1:13653]
11:36:08.332 [Forwarding isElementDisplayed on session 343760fe1b3b1d209c4a0d88582a27db to remote] DEBUG org.asynchttpclient.netty.request.NettyRequestSender - Using pooled Channel '[id: 0xdffd1267, L:/127.0.0.1:61309 - R:localhost/127.0.0.1:13653]' for 'POST' to 'http://localhost:13653/session/343760fe1b3b1d209c4a0d88582a27db/execute/sync'
11:36:08.332 [Forwarding isElementDisplayed on session 343760fe1b3b1d209c4a0d88582a27db to remote] DEBUG org.asynchttpclient.netty.request.NettyRequestSender - Using open Channel [id: 0xdffd1267, L:/127.0.0.1:61309 - R:localhost/127.0.0.1:13653] for POST '/session/343760fe1b3b1d209c4a0d88582a27db/execute/sync'
11:36:08.340 [AsyncHttpClient-1-5] DEBUG org.asynchttpclient.netty.handler.HttpHandler - 

Request DefaultHttpRequest(decodeResult: success, version: HTTP/1.1)
POST /session/343760fe1b3b1d209c4a0d88582a27db/execute/sync HTTP/1.1
User-Agent: selenium/4.8.0 (java windows)
Content-Length: 48814
Content-Type: application/json; charset=utf-8
host: localhost:13653
accept: */*

Response DefaultHttpResponse(decodeResult: success, version: HTTP/1.1)
HTTP/1.1 200 OK
Content-Length: 14
Content-Type: application/json; charset=utf-8
cache-control: no-cache

11:36:08.340 [AsyncHttpClient-1-5] DEBUG org.asynchttpclient.netty.channel.ChannelManager - Adding key: http://localhost:13653 for channel [id: 0xdffd1267, L:/127.0.0.1:61309 - R:localhost/127.0.0.1:13653]
11:36:08.340 [Forwarding getElementText on session 343760fe1b3b1d209c4a0d88582a27db to remote] DEBUG org.asynchttpclient.netty.request.NettyRequestSender - Using pooled Channel '[id: 0xdffd1267, L:/127.0.0.1:61309 - R:localhost/127.0.0.1:13653]' for 'GET' to 'http://localhost:13653/session/343760fe1b3b1d209c4a0d88582a27db/element/B5D78317CDC82913058D66A8C952A41F_element_17/text'
11:36:08.340 [Forwarding getElementText on session 343760fe1b3b1d209c4a0d88582a27db to remote] DEBUG org.asynchttpclient.netty.request.NettyRequestSender - Using open Channel [id: 0xdffd1267, L:/127.0.0.1:61309 - R:localhost/127.0.0.1:13653] for GET '/session/343760fe1b3b1d209c4a0d88582a27db/element/B5D78317CDC82913058D66A8C952A41F_element_17/text'
11:36:08.346 [AsyncHttpClient-1-5] DEBUG org.asynchttpclient.netty.handler.HttpHandler - 

Request DefaultFullHttpRequest(decodeResult: success, version: HTTP/1.1, content: EmptyByteBufBE)
GET /session/343760fe1b3b1d209c4a0d88582a27db/element/B5D78317CDC82913058D66A8C952A41F_element_17/text HTTP/1.1
User-Agent: selenium/4.8.0 (java windows)
Cache-Control: no-cache
Content-Type: application/json; charset=utf-8
host: localhost:13653
accept: */*

Response DefaultHttpResponse(decodeResult: success, version: HTTP/1.1)
HTTP/1.1 200 OK
Content-Length: 106
Content-Type: application/json; charset=utf-8
cache-control: no-cache

11:36:08.346 [AsyncHttpClient-1-5] DEBUG org.asynchttpclient.netty.channel.ChannelManager - Adding key: http://localhost:13653 for channel [id: 0xdffd1267, L:/127.0.0.1:61309 - R:localhost/127.0.0.1:13653]
11:36:08.346 [main] INFO  com.swaglabs.base.SetUp - Accepted usernames are:validated
11:36:08.346 [main] INFO  com.swaglabs.base.SetUp - standard_uservalidated
11:36:08.346 [main] INFO  com.swaglabs.base.SetUp - locked_out_uservalidated
11:36:08.346 [main] INFO  com.swaglabs.base.SetUp - problem_uservalidated
11:36:08.347 [main] INFO  com.swaglabs.base.SetUp - performance_glitch_uservalidated
11:36:08.351 [Forwarding findElement on session 343760fe1b3b1d209c4a0d88582a27db to remote] DEBUG org.asynchttpclient.netty.request.NettyRequestSender - Using pooled Channel '[id: 0xdffd1267, L:/127.0.0.1:61309 - R:localhost/127.0.0.1:13653]' for 'POST' to 'http://localhost:13653/session/343760fe1b3b1d209c4a0d88582a27db/element'
11:36:08.351 [Forwarding findElement on session 343760fe1b3b1d209c4a0d88582a27db to remote] DEBUG org.asynchttpclient.netty.request.NettyRequestSender - Using open Channel [id: 0xdffd1267, L:/127.0.0.1:61309 - R:localhost/127.0.0.1:13653] for POST '/session/343760fe1b3b1d209c4a0d88582a27db/element'
11:36:08.364 [AsyncHttpClient-1-5] DEBUG org.asynchttpclient.netty.handler.HttpHandler - 

Request DefaultHttpRequest(decodeResult: success, version: HTTP/1.1)
POST /session/343760fe1b3b1d209c4a0d88582a27db/element HTTP/1.1
User-Agent: selenium/4.8.0 (java windows)
Content-Length: 77
Content-Type: application/json; charset=utf-8
host: localhost:13653
accept: */*

Response DefaultHttpResponse(decodeResult: success, version: HTTP/1.1)
HTTP/1.1 200 OK
Content-Length: 95
Content-Type: application/json; charset=utf-8
cache-control: no-cache

11:36:08.365 [AsyncHttpClient-1-5] DEBUG org.asynchttpclient.netty.channel.ChannelManager - Adding key: http://localhost:13653 for channel [id: 0xdffd1267, L:/127.0.0.1:61309 - R:localhost/127.0.0.1:13653]
11:36:08.368 [Forwarding isElementDisplayed on session 343760fe1b3b1d209c4a0d88582a27db to remote] DEBUG org.asynchttpclient.netty.request.NettyRequestSender - Using pooled Channel '[id: 0xdffd1267, L:/127.0.0.1:61309 - R:localhost/127.0.0.1:13653]' for 'POST' to 'http://localhost:13653/session/343760fe1b3b1d209c4a0d88582a27db/execute/sync'
11:36:08.368 [Forwarding isElementDisplayed on session 343760fe1b3b1d209c4a0d88582a27db to remote] DEBUG org.asynchttpclient.netty.request.NettyRequestSender - Using open Channel [id: 0xdffd1267, L:/127.0.0.1:61309 - R:localhost/127.0.0.1:13653] for POST '/session/343760fe1b3b1d209c4a0d88582a27db/execute/sync'
11:36:08.376 [AsyncHttpClient-1-5] DEBUG org.asynchttpclient.netty.handler.HttpHandler - 

Request DefaultHttpRequest(decodeResult: success, version: HTTP/1.1)
POST /session/343760fe1b3b1d209c4a0d88582a27db/execute/sync HTTP/1.1
User-Agent: selenium/4.8.0 (java windows)
Content-Length: 48814
Content-Type: application/json; charset=utf-8
host: localhost:13653
accept: */*

Response DefaultHttpResponse(decodeResult: success, version: HTTP/1.1)
HTTP/1.1 200 OK
Content-Length: 14
Content-Type: application/json; charset=utf-8
cache-control: no-cache

11:36:08.377 [AsyncHttpClient-1-5] DEBUG org.asynchttpclient.netty.channel.ChannelManager - Adding key: http://localhost:13653 for channel [id: 0xdffd1267, L:/127.0.0.1:61309 - R:localhost/127.0.0.1:13653]
11:36:08.377 [Forwarding getElementText on session 343760fe1b3b1d209c4a0d88582a27db to remote] DEBUG org.asynchttpclient.netty.request.NettyRequestSender - Using pooled Channel '[id: 0xdffd1267, L:/127.0.0.1:61309 - R:localhost/127.0.0.1:13653]' for 'GET' to 'http://localhost:13653/session/343760fe1b3b1d209c4a0d88582a27db/element/B5D78317CDC82913058D66A8C952A41F_element_10/text'
11:36:08.377 [Forwarding getElementText on session 343760fe1b3b1d209c4a0d88582a27db to remote] DEBUG org.asynchttpclient.netty.request.NettyRequestSender - Using open Channel [id: 0xdffd1267, L:/127.0.0.1:61309 - R:localhost/127.0.0.1:13653] for GET '/session/343760fe1b3b1d209c4a0d88582a27db/element/B5D78317CDC82913058D66A8C952A41F_element_10/text'
11:36:08.385 [AsyncHttpClient-1-5] DEBUG org.asynchttpclient.netty.handler.HttpHandler - 

Request DefaultFullHttpRequest(decodeResult: success, version: HTTP/1.1, content: EmptyByteBufBE)
GET /session/343760fe1b3b1d209c4a0d88582a27db/element/B5D78317CDC82913058D66A8C952A41F_element_10/text HTTP/1.1
User-Agent: selenium/4.8.0 (java windows)
Cache-Control: no-cache
Content-Type: application/json; charset=utf-8
host: localhost:13653
accept: */*

Response DefaultHttpResponse(decodeResult: success, version: HTTP/1.1)
HTTP/1.1 200 OK
Content-Length: 49
Content-Type: application/json; charset=utf-8
cache-control: no-cache

11:36:08.385 [AsyncHttpClient-1-5] DEBUG org.asynchttpclient.netty.channel.ChannelManager - Adding key: http://localhost:13653 for channel [id: 0xdffd1267, L:/127.0.0.1:61309 - R:localhost/127.0.0.1:13653]
11:36:08.385 [main] INFO  com.swaglabs.base.SetUp - Password for all users:validated
11:36:08.386 [main] INFO  com.swaglabs.base.SetUp - secret_saucevalidated
11:36:08.388 [Forwarding getAlertText on session 343760fe1b3b1d209c4a0d88582a27db to remote] DEBUG org.asynchttpclient.netty.request.NettyRequestSender - Using pooled Channel '[id: 0xdffd1267, L:/127.0.0.1:61309 - R:localhost/127.0.0.1:13653]' for 'GET' to 'http://localhost:13653/session/343760fe1b3b1d209c4a0d88582a27db/alert/text'
11:36:08.388 [Forwarding getAlertText on session 343760fe1b3b1d209c4a0d88582a27db to remote] DEBUG org.asynchttpclient.netty.request.NettyRequestSender - Using open Channel [id: 0xdffd1267, L:/127.0.0.1:61309 - R:localhost/127.0.0.1:13653] for GET '/session/343760fe1b3b1d209c4a0d88582a27db/alert/text'
11:36:08.389 [AsyncHttpClient-1-5] DEBUG org.asynchttpclient.netty.handler.HttpHandler - 

Request DefaultFullHttpRequest(decodeResult: success, version: HTTP/1.1, content: EmptyByteBufBE)
GET /session/343760fe1b3b1d209c4a0d88582a27db/alert/text HTTP/1.1
User-Agent: selenium/4.8.0 (java windows)
Cache-Control: no-cache
Content-Type: application/json; charset=utf-8
host: localhost:13653
accept: */*

Response DefaultHttpResponse(decodeResult: success, version: HTTP/1.1)
HTTP/1.1 404 Not Found
Content-Length: 1522
Content-Type: application/json; charset=utf-8
cache-control: no-cache

11:36:08.390 [AsyncHttpClient-1-5] DEBUG org.asynchttpclient.netty.channel.ChannelManager - Adding key: http://localhost:13653 for channel [id: 0xdffd1267, L:/127.0.0.1:61309 - R:localhost/127.0.0.1:13653]
11:36:08.391 [Forwarding getCurrentUrl on session 343760fe1b3b1d209c4a0d88582a27db to remote] DEBUG org.asynchttpclient.netty.request.NettyRequestSender - Using pooled Channel '[id: 0xdffd1267, L:/127.0.0.1:61309 - R:localhost/127.0.0.1:13653]' for 'GET' to 'http://localhost:13653/session/343760fe1b3b1d209c4a0d88582a27db/url'
11:36:08.391 [Forwarding getCurrentUrl on session 343760fe1b3b1d209c4a0d88582a27db to remote] DEBUG org.asynchttpclient.netty.request.NettyRequestSender - Using open Channel [id: 0xdffd1267, L:/127.0.0.1:61309 - R:localhost/127.0.0.1:13653] for GET '/session/343760fe1b3b1d209c4a0d88582a27db/url'
11:36:08.394 [AsyncHttpClient-1-5] DEBUG org.asynchttpclient.netty.handler.HttpHandler - 

Request DefaultFullHttpRequest(decodeResult: success, version: HTTP/1.1, content: EmptyByteBufBE)
GET /session/343760fe1b3b1d209c4a0d88582a27db/url HTTP/1.1
User-Agent: selenium/4.8.0 (java windows)
Cache-Control: no-cache
Content-Type: application/json; charset=utf-8
host: localhost:13653
accept: */*

Response DefaultHttpResponse(decodeResult: success, version: HTTP/1.1)
HTTP/1.1 200 OK
Content-Length: 38
Content-Type: application/json; charset=utf-8
cache-control: no-cache

11:36:08.394 [AsyncHttpClient-1-5] DEBUG org.asynchttpclient.netty.channel.ChannelManager - Adding key: http://localhost:13653 for channel [id: 0xdffd1267, L:/127.0.0.1:61309 - R:localhost/127.0.0.1:13653]
11:36:08.395 [Forwarding screenshot on session 343760fe1b3b1d209c4a0d88582a27db to remote] DEBUG org.asynchttpclient.netty.request.NettyRequestSender - Using pooled Channel '[id: 0xdffd1267, L:/127.0.0.1:61309 - R:localhost/127.0.0.1:13653]' for 'GET' to 'http://localhost:13653/session/343760fe1b3b1d209c4a0d88582a27db/screenshot'
11:36:08.395 [Forwarding screenshot on session 343760fe1b3b1d209c4a0d88582a27db to remote] DEBUG org.asynchttpclient.netty.request.NettyRequestSender - Using open Channel [id: 0xdffd1267, L:/127.0.0.1:61309 - R:localhost/127.0.0.1:13653] for GET '/session/343760fe1b3b1d209c4a0d88582a27db/screenshot'
11:36:08.512 [AsyncHttpClient-1-5] DEBUG org.asynchttpclient.netty.handler.HttpHandler - 

Request DefaultFullHttpRequest(decodeResult: success, version: HTTP/1.1, content: EmptyByteBufBE)
GET /session/343760fe1b3b1d209c4a0d88582a27db/screenshot HTTP/1.1
User-Agent: selenium/4.8.0 (java windows)
Cache-Control: no-cache
Content-Type: application/json; charset=utf-8
host: localhost:13653
accept: */*

Response DefaultHttpResponse(decodeResult: success, version: HTTP/1.1)
HTTP/1.1 200 OK
Content-Length: 56888
Content-Type: application/json; charset=utf-8
cache-control: no-cache

11:36:08.513 [AsyncHttpClient-1-5] DEBUG org.asynchttpclient.netty.channel.ChannelManager - Adding key: http://localhost:13653 for channel [id: 0xdffd1267, L:/127.0.0.1:61309 - R:localhost/127.0.0.1:13653]
11:36:08.514 [main] DEBUG net.serenitybdd.core.photography.Darkroom - Send negative for processing for target\site\serenity\9e064797e028a3807699613c333f7a315a08d2c82b6ed50ea0e2ad01a26ca09b.png
11:36:08.515 [main] DEBUG net.thucydides.core.steps.StepInterceptor - STEP DONE: test2_ValidateUserinterfaceHeadersAndFooters
11:36:08.522 [Forwarding getPageSource on session 343760fe1b3b1d209c4a0d88582a27db to remote] DEBUG org.asynchttpclient.netty.request.NettyRequestSender - Using pooled Channel '[id: 0xdffd1267, L:/127.0.0.1:61309 - R:localhost/127.0.0.1:13653]' for 'POST' to 'http://localhost:13653/session/343760fe1b3b1d209c4a0d88582a27db/execute/sync'
11:36:08.522 [Forwarding getPageSource on session 343760fe1b3b1d209c4a0d88582a27db to remote] DEBUG org.asynchttpclient.netty.request.NettyRequestSender - Using open Channel [id: 0xdffd1267, L:/127.0.0.1:61309 - R:localhost/127.0.0.1:13653] for POST '/session/343760fe1b3b1d209c4a0d88582a27db/execute/sync'
11:36:08.526 [AsyncHttpClient-1-5] DEBUG org.asynchttpclient.netty.handler.HttpHandler - 

Request DefaultHttpRequest(decodeResult: success, version: HTTP/1.1)
POST /session/343760fe1b3b1d209c4a0d88582a27db/execute/sync HTTP/1.1
User-Agent: selenium/4.8.0 (java windows)
Content-Length: 176
Content-Type: application/json; charset=utf-8
host: localhost:13653
accept: */*

Response DefaultHttpResponse(decodeResult: success, version: HTTP/1.1)
HTTP/1.1 200 OK
Content-Length: 4333
Content-Type: application/json; charset=utf-8
cache-control: no-cache

11:36:08.526 [AsyncHttpClient-1-5] DEBUG org.asynchttpclient.netty.channel.ChannelManager - Adding key: http://localhost:13653 for channel [id: 0xdffd1267, L:/127.0.0.1:61309 - R:localhost/127.0.0.1:13653]
11:36:08.527 [Forwarding getCurrentUrl on session 343760fe1b3b1d209c4a0d88582a27db to remote] DEBUG org.asynchttpclient.netty.request.NettyRequestSender - Using pooled Channel '[id: 0xdffd1267, L:/127.0.0.1:61309 - R:localhost/127.0.0.1:13653]' for 'GET' to 'http://localhost:13653/session/343760fe1b3b1d209c4a0d88582a27db/url'
11:36:08.527 [Forwarding getCurrentUrl on session 343760fe1b3b1d209c4a0d88582a27db to remote] DEBUG org.asynchttpclient.netty.request.NettyRequestSender - Using open Channel [id: 0xdffd1267, L:/127.0.0.1:61309 - R:localhost/127.0.0.1:13653] for GET '/session/343760fe1b3b1d209c4a0d88582a27db/url'
11:36:08.531 [AsyncHttpClient-1-5] DEBUG org.asynchttpclient.netty.handler.HttpHandler - 

Request DefaultFullHttpRequest(decodeResult: success, version: HTTP/1.1, content: EmptyByteBufBE)
GET /session/343760fe1b3b1d209c4a0d88582a27db/url HTTP/1.1
User-Agent: selenium/4.8.0 (java windows)
Cache-Control: no-cache
Content-Type: application/json; charset=utf-8
host: localhost:13653
accept: */*

Response DefaultHttpResponse(decodeResult: success, version: HTTP/1.1)
HTTP/1.1 200 OK
Content-Length: 38
Content-Type: application/json; charset=utf-8
cache-control: no-cache

11:36:08.531 [AsyncHttpClient-1-5] DEBUG org.asynchttpclient.netty.channel.ChannelManager - Adding key: http://localhost:13653 for channel [id: 0xdffd1267, L:/127.0.0.1:61309 - R:localhost/127.0.0.1:13653]
11:36:08.536 [main] DEBUG net.thucydides.core.steps.StepInterceptor - STARTING STEP: Tests.testCases - login with user {0}
11:36:08.545 [Forwarding getPageSource on session 343760fe1b3b1d209c4a0d88582a27db to remote] DEBUG org.asynchttpclient.netty.request.NettyRequestSender - Using pooled Channel '[id: 0xdffd1267, L:/127.0.0.1:61309 - R:localhost/127.0.0.1:13653]' for 'POST' to 'http://localhost:13653/session/343760fe1b3b1d209c4a0d88582a27db/execute/sync'
11:36:08.545 [Forwarding getPageSource on session 343760fe1b3b1d209c4a0d88582a27db to remote] DEBUG org.asynchttpclient.netty.request.NettyRequestSender - Using open Channel [id: 0xdffd1267, L:/127.0.0.1:61309 - R:localhost/127.0.0.1:13653] for POST '/session/343760fe1b3b1d209c4a0d88582a27db/execute/sync'
11:36:08.550 [AsyncHttpClient-1-5] DEBUG org.asynchttpclient.netty.handler.HttpHandler - 

Request DefaultHttpRequest(decodeResult: success, version: HTTP/1.1)
POST /session/343760fe1b3b1d209c4a0d88582a27db/execute/sync HTTP/1.1
User-Agent: selenium/4.8.0 (java windows)
Content-Length: 176
Content-Type: application/json; charset=utf-8
host: localhost:13653
accept: */*

Response DefaultHttpResponse(decodeResult: success, version: HTTP/1.1)
HTTP/1.1 200 OK
Content-Length: 4333
Content-Type: application/json; charset=utf-8
cache-control: no-cache

11:36:08.550 [AsyncHttpClient-1-5] DEBUG org.asynchttpclient.netty.channel.ChannelManager - Adding key: http://localhost:13653 for channel [id: 0xdffd1267, L:/127.0.0.1:61309 - R:localhost/127.0.0.1:13653]
11:36:08.551 [Forwarding getCurrentUrl on session 343760fe1b3b1d209c4a0d88582a27db to remote] DEBUG org.asynchttpclient.netty.request.NettyRequestSender - Using pooled Channel '[id: 0xdffd1267, L:/127.0.0.1:61309 - R:localhost/127.0.0.1:13653]' for 'GET' to 'http://localhost:13653/session/343760fe1b3b1d209c4a0d88582a27db/url'
11:36:08.551 [Forwarding getCurrentUrl on session 343760fe1b3b1d209c4a0d88582a27db to remote] DEBUG org.asynchttpclient.netty.request.NettyRequestSender - Using open Channel [id: 0xdffd1267, L:/127.0.0.1:61309 - R:localhost/127.0.0.1:13653] for GET '/session/343760fe1b3b1d209c4a0d88582a27db/url'
11:36:08.555 [AsyncHttpClient-1-5] DEBUG org.asynchttpclient.netty.handler.HttpHandler - 

Request DefaultFullHttpRequest(decodeResult: success, version: HTTP/1.1, content: EmptyByteBufBE)
GET /session/343760fe1b3b1d209c4a0d88582a27db/url HTTP/1.1
User-Agent: selenium/4.8.0 (java windows)
Cache-Control: no-cache
Content-Type: application/json; charset=utf-8
host: localhost:13653
accept: */*

Response DefaultHttpResponse(decodeResult: success, version: HTTP/1.1)
HTTP/1.1 200 OK
Content-Length: 38
Content-Type: application/json; charset=utf-8
cache-control: no-cache

11:36:08.555 [AsyncHttpClient-1-5] DEBUG org.asynchttpclient.netty.channel.ChannelManager - Adding key: http://localhost:13653 for channel [id: 0xdffd1267, L:/127.0.0.1:61309 - R:localhost/127.0.0.1:13653]
11:36:08.567 [main] DEBUG net.thucydides.core.steps.StepInterceptor - STARTING STEP: LoginPageSteps.test3_loginWithAllUser - validate password footers
11:36:08.569 [Forwarding findElement on session 343760fe1b3b1d209c4a0d88582a27db to remote] DEBUG org.asynchttpclient.netty.request.NettyRequestSender - Using pooled Channel '[id: 0xdffd1267, L:/127.0.0.1:61309 - R:localhost/127.0.0.1:13653]' for 'POST' to 'http://localhost:13653/session/343760fe1b3b1d209c4a0d88582a27db/element'
11:36:08.569 [Forwarding findElement on session 343760fe1b3b1d209c4a0d88582a27db to remote] DEBUG org.asynchttpclient.netty.request.NettyRequestSender - Using open Channel [id: 0xdffd1267, L:/127.0.0.1:61309 - R:localhost/127.0.0.1:13653] for POST '/session/343760fe1b3b1d209c4a0d88582a27db/element'
11:36:08.580 [AsyncHttpClient-1-5] DEBUG org.asynchttpclient.netty.handler.HttpHandler - 

Request DefaultHttpRequest(decodeResult: success, version: HTTP/1.1)
POST /session/343760fe1b3b1d209c4a0d88582a27db/element HTTP/1.1
User-Agent: selenium/4.8.0 (java windows)
Content-Length: 56
Content-Type: application/json; charset=utf-8
host: localhost:13653
accept: */*

Response DefaultHttpResponse(decodeResult: success, version: HTTP/1.1)
HTTP/1.1 200 OK
Content-Length: 95
Content-Type: application/json; charset=utf-8
cache-control: no-cache

11:36:08.580 [AsyncHttpClient-1-5] DEBUG org.asynchttpclient.netty.channel.ChannelManager - Adding key: http://localhost:13653 for channel [id: 0xdffd1267, L:/127.0.0.1:61309 - R:localhost/127.0.0.1:13653]
11:36:08.582 [Forwarding isElementDisplayed on session 343760fe1b3b1d209c4a0d88582a27db to remote] DEBUG org.asynchttpclient.netty.request.NettyRequestSender - Using pooled Channel '[id: 0xdffd1267, L:/127.0.0.1:61309 - R:localhost/127.0.0.1:13653]' for 'POST' to 'http://localhost:13653/session/343760fe1b3b1d209c4a0d88582a27db/execute/sync'
11:36:08.582 [Forwarding isElementDisplayed on session 343760fe1b3b1d209c4a0d88582a27db to remote] DEBUG org.asynchttpclient.netty.request.NettyRequestSender - Using open Channel [id: 0xdffd1267, L:/127.0.0.1:61309 - R:localhost/127.0.0.1:13653] for POST '/session/343760fe1b3b1d209c4a0d88582a27db/execute/sync'
11:36:08.590 [AsyncHttpClient-1-5] DEBUG org.asynchttpclient.netty.handler.HttpHandler - 

Request DefaultHttpRequest(decodeResult: success, version: HTTP/1.1)
POST /session/343760fe1b3b1d209c4a0d88582a27db/execute/sync HTTP/1.1
User-Agent: selenium/4.8.0 (java windows)
Content-Length: 48814
Content-Type: application/json; charset=utf-8
host: localhost:13653
accept: */*

Response DefaultHttpResponse(decodeResult: success, version: HTTP/1.1)
HTTP/1.1 200 OK
Content-Length: 14
Content-Type: application/json; charset=utf-8
cache-control: no-cache

11:36:08.590 [AsyncHttpClient-1-5] DEBUG org.asynchttpclient.netty.channel.ChannelManager - Adding key: http://localhost:13653 for channel [id: 0xdffd1267, L:/127.0.0.1:61309 - R:localhost/127.0.0.1:13653]
11:36:08.591 [Forwarding clearElement on session 343760fe1b3b1d209c4a0d88582a27db to remote] DEBUG org.asynchttpclient.netty.request.NettyRequestSender - Using pooled Channel '[id: 0xdffd1267, L:/127.0.0.1:61309 - R:localhost/127.0.0.1:13653]' for 'POST' to 'http://localhost:13653/session/343760fe1b3b1d209c4a0d88582a27db/element/B5D78317CDC82913058D66A8C952A41F_element_12/clear'
11:36:08.591 [Forwarding clearElement on session 343760fe1b3b1d209c4a0d88582a27db to remote] DEBUG org.asynchttpclient.netty.request.NettyRequestSender - Using open Channel [id: 0xdffd1267, L:/127.0.0.1:61309 - R:localhost/127.0.0.1:13653] for POST '/session/343760fe1b3b1d209c4a0d88582a27db/element/B5D78317CDC82913058D66A8C952A41F_element_12/clear'
11:36:08.619 [AsyncHttpClient-1-5] DEBUG org.asynchttpclient.netty.handler.HttpHandler - 

Request DefaultHttpRequest(decodeResult: success, version: HTTP/1.1)
POST /session/343760fe1b3b1d209c4a0d88582a27db/element/B5D78317CDC82913058D66A8C952A41F_element_12/clear HTTP/1.1
User-Agent: selenium/4.8.0 (java windows)
Content-Length: 57
Content-Type: application/json; charset=utf-8
host: localhost:13653
accept: */*

Response DefaultHttpResponse(decodeResult: success, version: HTTP/1.1)
HTTP/1.1 200 OK
Content-Length: 14
Content-Type: application/json; charset=utf-8
cache-control: no-cache

11:36:08.619 [AsyncHttpClient-1-5] DEBUG org.asynchttpclient.netty.channel.ChannelManager - Adding key: http://localhost:13653 for channel [id: 0xdffd1267, L:/127.0.0.1:61309 - R:localhost/127.0.0.1:13653]
11:36:08.621 [Forwarding findElement on session 343760fe1b3b1d209c4a0d88582a27db to remote] DEBUG org.asynchttpclient.netty.request.NettyRequestSender - Using pooled Channel '[id: 0xdffd1267, L:/127.0.0.1:61309 - R:localhost/127.0.0.1:13653]' for 'POST' to 'http://localhost:13653/session/343760fe1b3b1d209c4a0d88582a27db/element'
11:36:08.621 [Forwarding findElement on session 343760fe1b3b1d209c4a0d88582a27db to remote] DEBUG org.asynchttpclient.netty.request.NettyRequestSender - Using open Channel [id: 0xdffd1267, L:/127.0.0.1:61309 - R:localhost/127.0.0.1:13653] for POST '/session/343760fe1b3b1d209c4a0d88582a27db/element'
11:36:08.629 [AsyncHttpClient-1-5] DEBUG org.asynchttpclient.netty.handler.HttpHandler - 

Request DefaultHttpRequest(decodeResult: success, version: HTTP/1.1)
POST /session/343760fe1b3b1d209c4a0d88582a27db/element HTTP/1.1
User-Agent: selenium/4.8.0 (java windows)
Content-Length: 56
Content-Type: application/json; charset=utf-8
host: localhost:13653
accept: */*

Response DefaultHttpResponse(decodeResult: success, version: HTTP/1.1)
HTTP/1.1 200 OK
Content-Length: 95
Content-Type: application/json; charset=utf-8
cache-control: no-cache

11:36:08.629 [AsyncHttpClient-1-5] DEBUG org.asynchttpclient.netty.channel.ChannelManager - Adding key: http://localhost:13653 for channel [id: 0xdffd1267, L:/127.0.0.1:61309 - R:localhost/127.0.0.1:13653]
11:36:08.633 [Forwarding isElementDisplayed on session 343760fe1b3b1d209c4a0d88582a27db to remote] DEBUG org.asynchttpclient.netty.request.NettyRequestSender - Using pooled Channel '[id: 0xdffd1267, L:/127.0.0.1:61309 - R:localhost/127.0.0.1:13653]' for 'POST' to 'http://localhost:13653/session/343760fe1b3b1d209c4a0d88582a27db/execute/sync'
11:36:08.634 [Forwarding isElementDisplayed on session 343760fe1b3b1d209c4a0d88582a27db to remote] DEBUG org.asynchttpclient.netty.request.NettyRequestSender - Using open Channel [id: 0xdffd1267, L:/127.0.0.1:61309 - R:localhost/127.0.0.1:13653] for POST '/session/343760fe1b3b1d209c4a0d88582a27db/execute/sync'
11:36:08.641 [AsyncHttpClient-1-5] DEBUG org.asynchttpclient.netty.handler.HttpHandler - 

Request DefaultHttpRequest(decodeResult: success, version: HTTP/1.1)
POST /session/343760fe1b3b1d209c4a0d88582a27db/execute/sync HTTP/1.1
User-Agent: selenium/4.8.0 (java windows)
Content-Length: 48814
Content-Type: application/json; charset=utf-8
host: localhost:13653
accept: */*

Response DefaultHttpResponse(decodeResult: success, version: HTTP/1.1)
HTTP/1.1 200 OK
Content-Length: 14
Content-Type: application/json; charset=utf-8
cache-control: no-cache

11:36:08.641 [AsyncHttpClient-1-5] DEBUG org.asynchttpclient.netty.channel.ChannelManager - Adding key: http://localhost:13653 for channel [id: 0xdffd1267, L:/127.0.0.1:61309 - R:localhost/127.0.0.1:13653]
11:36:08.642 [Forwarding sendKeysToElement on session 343760fe1b3b1d209c4a0d88582a27db to remote] DEBUG org.asynchttpclient.netty.request.NettyRequestSender - Using pooled Channel '[id: 0xdffd1267, L:/127.0.0.1:61309 - R:localhost/127.0.0.1:13653]' for 'POST' to 'http://localhost:13653/session/343760fe1b3b1d209c4a0d88582a27db/element/B5D78317CDC82913058D66A8C952A41F_element_12/value'
11:36:08.642 [Forwarding sendKeysToElement on session 343760fe1b3b1d209c4a0d88582a27db to remote] DEBUG org.asynchttpclient.netty.request.NettyRequestSender - Using open Channel [id: 0xdffd1267, L:/127.0.0.1:61309 - R:localhost/127.0.0.1:13653] for POST '/session/343760fe1b3b1d209c4a0d88582a27db/element/B5D78317CDC82913058D66A8C952A41F_element_12/value'
11:36:08.708 [AsyncHttpClient-1-5] DEBUG org.asynchttpclient.netty.handler.HttpHandler - 

Request DefaultHttpRequest(decodeResult: success, version: HTTP/1.1)
POST /session/343760fe1b3b1d209c4a0d88582a27db/element/B5D78317CDC82913058D66A8C952A41F_element_12/value HTTP/1.1
User-Agent: selenium/4.8.0 (java windows)
Content-Length: 208
Content-Type: application/json; charset=utf-8
host: localhost:13653
accept: */*

Response DefaultHttpResponse(decodeResult: success, version: HTTP/1.1)
HTTP/1.1 200 OK
Content-Length: 14
Content-Type: application/json; charset=utf-8
cache-control: no-cache

11:36:08.708 [AsyncHttpClient-1-5] DEBUG org.asynchttpclient.netty.channel.ChannelManager - Adding key: http://localhost:13653 for channel [id: 0xdffd1267, L:/127.0.0.1:61309 - R:localhost/127.0.0.1:13653]
11:36:08.709 [main] INFO  com.swaglabs.base.SetUp - username entered a:problem_user
11:36:08.712 [Forwarding findElement on session 343760fe1b3b1d209c4a0d88582a27db to remote] DEBUG org.asynchttpclient.netty.request.NettyRequestSender - Using pooled Channel '[id: 0xdffd1267, L:/127.0.0.1:61309 - R:localhost/127.0.0.1:13653]' for 'POST' to 'http://localhost:13653/session/343760fe1b3b1d209c4a0d88582a27db/element'
11:36:08.712 [Forwarding findElement on session 343760fe1b3b1d209c4a0d88582a27db to remote] DEBUG org.asynchttpclient.netty.request.NettyRequestSender - Using open Channel [id: 0xdffd1267, L:/127.0.0.1:61309 - R:localhost/127.0.0.1:13653] for POST '/session/343760fe1b3b1d209c4a0d88582a27db/element'
11:36:08.721 [AsyncHttpClient-1-5] DEBUG org.asynchttpclient.netty.handler.HttpHandler - 

Request DefaultHttpRequest(decodeResult: success, version: HTTP/1.1)
POST /session/343760fe1b3b1d209c4a0d88582a27db/element HTTP/1.1
User-Agent: selenium/4.8.0 (java windows)
Content-Length: 53
Content-Type: application/json; charset=utf-8
host: localhost:13653
accept: */*

Response DefaultHttpResponse(decodeResult: success, version: HTTP/1.1)
HTTP/1.1 200 OK
Content-Length: 94
Content-Type: application/json; charset=utf-8
cache-control: no-cache

11:36:08.721 [AsyncHttpClient-1-5] DEBUG org.asynchttpclient.netty.channel.ChannelManager - Adding key: http://localhost:13653 for channel [id: 0xdffd1267, L:/127.0.0.1:61309 - R:localhost/127.0.0.1:13653]
11:36:08.722 [Forwarding isElementDisplayed on session 343760fe1b3b1d209c4a0d88582a27db to remote] DEBUG org.asynchttpclient.netty.request.NettyRequestSender - Using pooled Channel '[id: 0xdffd1267, L:/127.0.0.1:61309 - R:localhost/127.0.0.1:13653]' for 'POST' to 'http://localhost:13653/session/343760fe1b3b1d209c4a0d88582a27db/execute/sync'
11:36:08.722 [Forwarding isElementDisplayed on session 343760fe1b3b1d209c4a0d88582a27db to remote] DEBUG org.asynchttpclient.netty.request.NettyRequestSender - Using open Channel [id: 0xdffd1267, L:/127.0.0.1:61309 - R:localhost/127.0.0.1:13653] for POST '/session/343760fe1b3b1d209c4a0d88582a27db/execute/sync'
11:36:08.738 [AsyncHttpClient-1-5] DEBUG org.asynchttpclient.netty.handler.HttpHandler - 

Request DefaultHttpRequest(decodeResult: success, version: HTTP/1.1)
POST /session/343760fe1b3b1d209c4a0d88582a27db/execute/sync HTTP/1.1
User-Agent: selenium/4.8.0 (java windows)
Content-Length: 48813
Content-Type: application/json; charset=utf-8
host: localhost:13653
accept: */*

Response DefaultHttpResponse(decodeResult: success, version: HTTP/1.1)
HTTP/1.1 200 OK
Content-Length: 14
Content-Type: application/json; charset=utf-8
cache-control: no-cache

11:36:08.738 [AsyncHttpClient-1-5] DEBUG org.asynchttpclient.netty.channel.ChannelManager - Adding key: http://localhost:13653 for channel [id: 0xdffd1267, L:/127.0.0.1:61309 - R:localhost/127.0.0.1:13653]
11:36:08.739 [Forwarding clearElement on session 343760fe1b3b1d209c4a0d88582a27db to remote] DEBUG org.asynchttpclient.netty.request.NettyRequestSender - Using pooled Channel '[id: 0xdffd1267, L:/127.0.0.1:61309 - R:localhost/127.0.0.1:13653]' for 'POST' to 'http://localhost:13653/session/343760fe1b3b1d209c4a0d88582a27db/element/B5D78317CDC82913058D66A8C952A41F_element_8/clear'
11:36:08.739 [Forwarding clearElement on session 343760fe1b3b1d209c4a0d88582a27db to remote] DEBUG org.asynchttpclient.netty.request.NettyRequestSender - Using open Channel [id: 0xdffd1267, L:/127.0.0.1:61309 - R:localhost/127.0.0.1:13653] for POST '/session/343760fe1b3b1d209c4a0d88582a27db/element/B5D78317CDC82913058D66A8C952A41F_element_8/clear'
11:36:08.740 [AsyncHttpClient-1-1] DEBUG org.asynchttpclient.netty.channel.DefaultChannelPool - Entry count for : http://localhost:61317 : 1
11:36:08.989 [AsyncHttpClient-1-5] DEBUG org.asynchttpclient.netty.handler.HttpHandler - 

Request DefaultHttpRequest(decodeResult: success, version: HTTP/1.1)
POST /session/343760fe1b3b1d209c4a0d88582a27db/element/B5D78317CDC82913058D66A8C952A41F_element_8/clear HTTP/1.1
User-Agent: selenium/4.8.0 (java windows)
Content-Length: 56
Content-Type: application/json; charset=utf-8
host: localhost:13653
accept: */*

Response DefaultHttpResponse(decodeResult: success, version: HTTP/1.1)
HTTP/1.1 200 OK
Content-Length: 14
Content-Type: application/json; charset=utf-8
cache-control: no-cache

11:36:08.989 [AsyncHttpClient-1-5] DEBUG org.asynchttpclient.netty.channel.ChannelManager - Adding key: http://localhost:13653 for channel [id: 0xdffd1267, L:/127.0.0.1:61309 - R:localhost/127.0.0.1:13653]
11:36:08.994 [Forwarding findElement on session 343760fe1b3b1d209c4a0d88582a27db to remote] DEBUG org.asynchttpclient.netty.request.NettyRequestSender - Using pooled Channel '[id: 0xdffd1267, L:/127.0.0.1:61309 - R:localhost/127.0.0.1:13653]' for 'POST' to 'http://localhost:13653/session/343760fe1b3b1d209c4a0d88582a27db/element'
11:36:08.994 [Forwarding findElement on session 343760fe1b3b1d209c4a0d88582a27db to remote] DEBUG org.asynchttpclient.netty.request.NettyRequestSender - Using open Channel [id: 0xdffd1267, L:/127.0.0.1:61309 - R:localhost/127.0.0.1:13653] for POST '/session/343760fe1b3b1d209c4a0d88582a27db/element'
11:36:09.029 [AsyncHttpClient-1-5] DEBUG org.asynchttpclient.netty.handler.HttpHandler - 

Request DefaultHttpRequest(decodeResult: success, version: HTTP/1.1)
POST /session/343760fe1b3b1d209c4a0d88582a27db/element HTTP/1.1
User-Agent: selenium/4.8.0 (java windows)
Content-Length: 53
Content-Type: application/json; charset=utf-8
host: localhost:13653
accept: */*

Response DefaultHttpResponse(decodeResult: success, version: HTTP/1.1)
HTTP/1.1 200 OK
Content-Length: 94
Content-Type: application/json; charset=utf-8
cache-control: no-cache

11:36:09.029 [AsyncHttpClient-1-5] DEBUG org.asynchttpclient.netty.channel.ChannelManager - Adding key: http://localhost:13653 for channel [id: 0xdffd1267, L:/127.0.0.1:61309 - R:localhost/127.0.0.1:13653]
11:36:09.036 [Forwarding isElementDisplayed on session 343760fe1b3b1d209c4a0d88582a27db to remote] DEBUG org.asynchttpclient.netty.request.NettyRequestSender - Using pooled Channel '[id: 0xdffd1267, L:/127.0.0.1:61309 - R:localhost/127.0.0.1:13653]' for 'POST' to 'http://localhost:13653/session/343760fe1b3b1d209c4a0d88582a27db/execute/sync'
11:36:09.036 [Forwarding isElementDisplayed on session 343760fe1b3b1d209c4a0d88582a27db to remote] DEBUG org.asynchttpclient.netty.request.NettyRequestSender - Using open Channel [id: 0xdffd1267, L:/127.0.0.1:61309 - R:localhost/127.0.0.1:13653] for POST '/session/343760fe1b3b1d209c4a0d88582a27db/execute/sync'
11:36:09.095 [AsyncHttpClient-1-5] DEBUG org.asynchttpclient.netty.handler.HttpHandler - 

Request DefaultHttpRequest(decodeResult: success, version: HTTP/1.1)
POST /session/343760fe1b3b1d209c4a0d88582a27db/execute/sync HTTP/1.1
User-Agent: selenium/4.8.0 (java windows)
Content-Length: 48813
Content-Type: application/json; charset=utf-8
host: localhost:13653
accept: */*

Response DefaultHttpResponse(decodeResult: success, version: HTTP/1.1)
HTTP/1.1 200 OK
Content-Length: 14
Content-Type: application/json; charset=utf-8
cache-control: no-cache

11:36:09.096 [AsyncHttpClient-1-5] DEBUG org.asynchttpclient.netty.channel.ChannelManager - Adding key: http://localhost:13653 for channel [id: 0xdffd1267, L:/127.0.0.1:61309 - R:localhost/127.0.0.1:13653]
11:36:09.097 [Forwarding sendKeysToElement on session 343760fe1b3b1d209c4a0d88582a27db to remote] DEBUG org.asynchttpclient.netty.request.NettyRequestSender - Using pooled Channel '[id: 0xdffd1267, L:/127.0.0.1:61309 - R:localhost/127.0.0.1:13653]' for 'POST' to 'http://localhost:13653/session/343760fe1b3b1d209c4a0d88582a27db/element/B5D78317CDC82913058D66A8C952A41F_element_8/value'
11:36:09.097 [Forwarding sendKeysToElement on session 343760fe1b3b1d209c4a0d88582a27db to remote] DEBUG org.asynchttpclient.netty.request.NettyRequestSender - Using open Channel [id: 0xdffd1267, L:/127.0.0.1:61309 - R:localhost/127.0.0.1:13653] for POST '/session/343760fe1b3b1d209c4a0d88582a27db/element/B5D78317CDC82913058D66A8C952A41F_element_8/value'
11:36:09.271 [AsyncHttpClient-1-5] DEBUG org.asynchttpclient.netty.handler.HttpHandler - 

Request DefaultHttpRequest(decodeResult: success, version: HTTP/1.1)
POST /session/343760fe1b3b1d209c4a0d88582a27db/element/B5D78317CDC82913058D66A8C952A41F_element_8/value HTTP/1.1
User-Agent: selenium/4.8.0 (java windows)
Content-Length: 207
Content-Type: application/json; charset=utf-8
host: localhost:13653
accept: */*

Response DefaultHttpResponse(decodeResult: success, version: HTTP/1.1)
HTTP/1.1 200 OK
Content-Length: 14
Content-Type: application/json; charset=utf-8
cache-control: no-cache

11:36:09.271 [AsyncHttpClient-1-5] DEBUG org.asynchttpclient.netty.channel.ChannelManager - Adding key: http://localhost:13653 for channel [id: 0xdffd1267, L:/127.0.0.1:61309 - R:localhost/127.0.0.1:13653]
11:36:09.271 [main] INFO  com.swaglabs.base.SetUp - password entered a:secret_sauce
11:36:09.279 [Forwarding getAlertText on session 343760fe1b3b1d209c4a0d88582a27db to remote] DEBUG org.asynchttpclient.netty.request.NettyRequestSender - Using pooled Channel '[id: 0xdffd1267, L:/127.0.0.1:61309 - R:localhost/127.0.0.1:13653]' for 'GET' to 'http://localhost:13653/session/343760fe1b3b1d209c4a0d88582a27db/alert/text'
11:36:09.279 [Forwarding getAlertText on session 343760fe1b3b1d209c4a0d88582a27db to remote] DEBUG org.asynchttpclient.netty.request.NettyRequestSender - Using open Channel [id: 0xdffd1267, L:/127.0.0.1:61309 - R:localhost/127.0.0.1:13653] for GET '/session/343760fe1b3b1d209c4a0d88582a27db/alert/text'
11:36:09.281 [AsyncHttpClient-1-5] DEBUG org.asynchttpclient.netty.handler.HttpHandler - 

Request DefaultFullHttpRequest(decodeResult: success, version: HTTP/1.1, content: EmptyByteBufBE)
GET /session/343760fe1b3b1d209c4a0d88582a27db/alert/text HTTP/1.1
User-Agent: selenium/4.8.0 (java windows)
Cache-Control: no-cache
Content-Type: application/json; charset=utf-8
host: localhost:13653
accept: */*

Response DefaultHttpResponse(decodeResult: success, version: HTTP/1.1)
HTTP/1.1 404 Not Found
Content-Length: 1522
Content-Type: application/json; charset=utf-8
cache-control: no-cache

11:36:09.281 [AsyncHttpClient-1-5] DEBUG org.asynchttpclient.netty.channel.ChannelManager - Adding key: http://localhost:13653 for channel [id: 0xdffd1267, L:/127.0.0.1:61309 - R:localhost/127.0.0.1:13653]
11:36:09.282 [Forwarding getCurrentUrl on session 343760fe1b3b1d209c4a0d88582a27db to remote] DEBUG org.asynchttpclient.netty.request.NettyRequestSender - Using pooled Channel '[id: 0xdffd1267, L:/127.0.0.1:61309 - R:localhost/127.0.0.1:13653]' for 'GET' to 'http://localhost:13653/session/343760fe1b3b1d209c4a0d88582a27db/url'
11:36:09.282 [Forwarding getCurrentUrl on session 343760fe1b3b1d209c4a0d88582a27db to remote] DEBUG org.asynchttpclient.netty.request.NettyRequestSender - Using open Channel [id: 0xdffd1267, L:/127.0.0.1:61309 - R:localhost/127.0.0.1:13653] for GET '/session/343760fe1b3b1d209c4a0d88582a27db/url'
11:36:09.287 [AsyncHttpClient-1-5] DEBUG org.asynchttpclient.netty.handler.HttpHandler - 

Request DefaultFullHttpRequest(decodeResult: success, version: HTTP/1.1, content: EmptyByteBufBE)
GET /session/343760fe1b3b1d209c4a0d88582a27db/url HTTP/1.1
User-Agent: selenium/4.8.0 (java windows)
Cache-Control: no-cache
Content-Type: application/json; charset=utf-8
host: localhost:13653
accept: */*

Response DefaultHttpResponse(decodeResult: success, version: HTTP/1.1)
HTTP/1.1 200 OK
Content-Length: 38
Content-Type: application/json; charset=utf-8
cache-control: no-cache

11:36:09.287 [AsyncHttpClient-1-5] DEBUG org.asynchttpclient.netty.channel.ChannelManager - Adding key: http://localhost:13653 for channel [id: 0xdffd1267, L:/127.0.0.1:61309 - R:localhost/127.0.0.1:13653]
11:36:09.288 [Forwarding screenshot on session 343760fe1b3b1d209c4a0d88582a27db to remote] DEBUG org.asynchttpclient.netty.request.NettyRequestSender - Using pooled Channel '[id: 0xdffd1267, L:/127.0.0.1:61309 - R:localhost/127.0.0.1:13653]' for 'GET' to 'http://localhost:13653/session/343760fe1b3b1d209c4a0d88582a27db/screenshot'
11:36:09.288 [Forwarding screenshot on session 343760fe1b3b1d209c4a0d88582a27db to remote] DEBUG org.asynchttpclient.netty.request.NettyRequestSender - Using open Channel [id: 0xdffd1267, L:/127.0.0.1:61309 - R:localhost/127.0.0.1:13653] for GET '/session/343760fe1b3b1d209c4a0d88582a27db/screenshot'
11:36:09.506 [AsyncHttpClient-1-5] DEBUG org.asynchttpclient.netty.handler.HttpHandler - 

Request DefaultFullHttpRequest(decodeResult: success, version: HTTP/1.1, content: EmptyByteBufBE)
GET /session/343760fe1b3b1d209c4a0d88582a27db/screenshot HTTP/1.1
User-Agent: selenium/4.8.0 (java windows)
Cache-Control: no-cache
Content-Type: application/json; charset=utf-8
host: localhost:13653
accept: */*

Response DefaultHttpResponse(decodeResult: success, version: HTTP/1.1)
HTTP/1.1 200 OK
Content-Length: 56096
Content-Type: application/json; charset=utf-8
cache-control: no-cache

11:36:09.507 [AsyncHttpClient-1-5] DEBUG org.asynchttpclient.netty.channel.ChannelManager - Adding key: http://localhost:13653 for channel [id: 0xdffd1267, L:/127.0.0.1:61309 - R:localhost/127.0.0.1:13653]
11:36:09.509 [main] DEBUG net.serenitybdd.core.photography.Darkroom - Send negative for processing for target\site\serenity\c8ff04db888a122cf2eaed22f5a475d2883677d45c9281036ed3189e1d586e48.png
11:36:09.509 [main] DEBUG net.thucydides.core.steps.StepInterceptor - STEP DONE: validate password footers
11:36:09.509 [main] INFO  com.swaglabs.base.SetUp - username password entered
11:36:09.515 [Forwarding findElement on session 343760fe1b3b1d209c4a0d88582a27db to remote] DEBUG org.asynchttpclient.netty.request.NettyRequestSender - Using pooled Channel '[id: 0xdffd1267, L:/127.0.0.1:61309 - R:localhost/127.0.0.1:13653]' for 'POST' to 'http://localhost:13653/session/343760fe1b3b1d209c4a0d88582a27db/element'
11:36:09.515 [Forwarding findElement on session 343760fe1b3b1d209c4a0d88582a27db to remote] DEBUG org.asynchttpclient.netty.request.NettyRequestSender - Using open Channel [id: 0xdffd1267, L:/127.0.0.1:61309 - R:localhost/127.0.0.1:13653] for POST '/session/343760fe1b3b1d209c4a0d88582a27db/element'
11:36:09.520 [Darkroom Processing Line] DEBUG net.serenitybdd.core.photography.DarkroomProcessingLine - Processing screenshot image in /var/screenshots/screenshot-12129991124787269461
11:36:09.520 [Darkroom Processing Line] DEBUG net.serenitybdd.core.photography.DarkroomProcessingLine - Saving screenshot to target\site\serenity\c8ff04db888a122cf2eaed22f5a475d2883677d45c9281036ed3189e1d586e48.png
11:36:09.542 [AsyncHttpClient-1-5] DEBUG org.asynchttpclient.netty.handler.HttpHandler - 

Request DefaultHttpRequest(decodeResult: success, version: HTTP/1.1)
POST /session/343760fe1b3b1d209c4a0d88582a27db/element HTTP/1.1
User-Agent: selenium/4.8.0 (java windows)
Content-Length: 59
Content-Type: application/json; charset=utf-8
host: localhost:13653
accept: */*

Response DefaultHttpResponse(decodeResult: success, version: HTTP/1.1)
HTTP/1.1 200 OK
Content-Length: 95
Content-Type: application/json; charset=utf-8
cache-control: no-cache

11:36:09.542 [AsyncHttpClient-1-5] DEBUG org.asynchttpclient.netty.channel.ChannelManager - Adding key: http://localhost:13653 for channel [id: 0xdffd1267, L:/127.0.0.1:61309 - R:localhost/127.0.0.1:13653]
11:36:09.545 [Forwarding isElementDisplayed on session 343760fe1b3b1d209c4a0d88582a27db to remote] DEBUG org.asynchttpclient.netty.request.NettyRequestSender - Using pooled Channel '[id: 0xdffd1267, L:/127.0.0.1:61309 - R:localhost/127.0.0.1:13653]' for 'POST' to 'http://localhost:13653/session/343760fe1b3b1d209c4a0d88582a27db/execute/sync'
11:36:09.545 [Forwarding isElementDisplayed on session 343760fe1b3b1d209c4a0d88582a27db to remote] DEBUG org.asynchttpclient.netty.request.NettyRequestSender - Using open Channel [id: 0xdffd1267, L:/127.0.0.1:61309 - R:localhost/127.0.0.1:13653] for POST '/session/343760fe1b3b1d209c4a0d88582a27db/execute/sync'
11:36:09.569 [AsyncHttpClient-1-5] DEBUG org.asynchttpclient.netty.handler.HttpHandler - 

Request DefaultHttpRequest(decodeResult: success, version: HTTP/1.1)
POST /session/343760fe1b3b1d209c4a0d88582a27db/execute/sync HTTP/1.1
User-Agent: selenium/4.8.0 (java windows)
Content-Length: 48814
Content-Type: application/json; charset=utf-8
host: localhost:13653
accept: */*

Response DefaultHttpResponse(decodeResult: success, version: HTTP/1.1)
HTTP/1.1 200 OK
Content-Length: 14
Content-Type: application/json; charset=utf-8
cache-control: no-cache

11:36:09.569 [AsyncHttpClient-1-5] DEBUG org.asynchttpclient.netty.channel.ChannelManager - Adding key: http://localhost:13653 for channel [id: 0xdffd1267, L:/127.0.0.1:61309 - R:localhost/127.0.0.1:13653]
11:36:09.570 [Forwarding getElementTagName on session 343760fe1b3b1d209c4a0d88582a27db to remote] DEBUG org.asynchttpclient.netty.request.NettyRequestSender - Using pooled Channel '[id: 0xdffd1267, L:/127.0.0.1:61309 - R:localhost/127.0.0.1:13653]' for 'GET' to 'http://localhost:13653/session/343760fe1b3b1d209c4a0d88582a27db/element/B5D78317CDC82913058D66A8C952A41F_element_15/name'
11:36:09.570 [Forwarding getElementTagName on session 343760fe1b3b1d209c4a0d88582a27db to remote] DEBUG org.asynchttpclient.netty.request.NettyRequestSender - Using open Channel [id: 0xdffd1267, L:/127.0.0.1:61309 - R:localhost/127.0.0.1:13653] for GET '/session/343760fe1b3b1d209c4a0d88582a27db/element/B5D78317CDC82913058D66A8C952A41F_element_15/name'
11:36:09.592 [AsyncHttpClient-1-5] DEBUG org.asynchttpclient.netty.handler.HttpHandler - 

Request DefaultFullHttpRequest(decodeResult: success, version: HTTP/1.1, content: EmptyByteBufBE)
GET /session/343760fe1b3b1d209c4a0d88582a27db/element/B5D78317CDC82913058D66A8C952A41F_element_15/name HTTP/1.1
User-Agent: selenium/4.8.0 (java windows)
Cache-Control: no-cache
Content-Type: application/json; charset=utf-8
host: localhost:13653
accept: */*

Response DefaultHttpResponse(decodeResult: success, version: HTTP/1.1)
HTTP/1.1 200 OK
Content-Length: 17
Content-Type: application/json; charset=utf-8
cache-control: no-cache

11:36:09.592 [AsyncHttpClient-1-5] DEBUG org.asynchttpclient.netty.channel.ChannelManager - Adding key: http://localhost:13653 for channel [id: 0xdffd1267, L:/127.0.0.1:61309 - R:localhost/127.0.0.1:13653]
11:36:09.594 [Forwarding getElementTagName on session 343760fe1b3b1d209c4a0d88582a27db to remote] DEBUG org.asynchttpclient.netty.request.NettyRequestSender - Using pooled Channel '[id: 0xdffd1267, L:/127.0.0.1:61309 - R:localhost/127.0.0.1:13653]' for 'GET' to 'http://localhost:13653/session/343760fe1b3b1d209c4a0d88582a27db/element/B5D78317CDC82913058D66A8C952A41F_element_15/name'
11:36:09.594 [Forwarding getElementTagName on session 343760fe1b3b1d209c4a0d88582a27db to remote] DEBUG org.asynchttpclient.netty.request.NettyRequestSender - Using open Channel [id: 0xdffd1267, L:/127.0.0.1:61309 - R:localhost/127.0.0.1:13653] for GET '/session/343760fe1b3b1d209c4a0d88582a27db/element/B5D78317CDC82913058D66A8C952A41F_element_15/name'
11:36:09.608 [AsyncHttpClient-1-5] DEBUG org.asynchttpclient.netty.handler.HttpHandler - 

Request DefaultFullHttpRequest(decodeResult: success, version: HTTP/1.1, content: EmptyByteBufBE)
GET /session/343760fe1b3b1d209c4a0d88582a27db/element/B5D78317CDC82913058D66A8C952A41F_element_15/name HTTP/1.1
User-Agent: selenium/4.8.0 (java windows)
Cache-Control: no-cache
Content-Type: application/json; charset=utf-8
host: localhost:13653
accept: */*

Response DefaultHttpResponse(decodeResult: success, version: HTTP/1.1)
HTTP/1.1 200 OK
Content-Length: 17
Content-Type: application/json; charset=utf-8
cache-control: no-cache

11:36:09.608 [AsyncHttpClient-1-5] DEBUG org.asynchttpclient.netty.channel.ChannelManager - Adding key: http://localhost:13653 for channel [id: 0xdffd1267, L:/127.0.0.1:61309 - R:localhost/127.0.0.1:13653]
11:36:09.611 [Forwarding isElementEnabled on session 343760fe1b3b1d209c4a0d88582a27db to remote] DEBUG org.asynchttpclient.netty.request.NettyRequestSender - Using pooled Channel '[id: 0xdffd1267, L:/127.0.0.1:61309 - R:localhost/127.0.0.1:13653]' for 'GET' to 'http://localhost:13653/session/343760fe1b3b1d209c4a0d88582a27db/element/B5D78317CDC82913058D66A8C952A41F_element_15/enabled'
11:36:09.611 [Forwarding isElementEnabled on session 343760fe1b3b1d209c4a0d88582a27db to remote] DEBUG org.asynchttpclient.netty.request.NettyRequestSender - Using open Channel [id: 0xdffd1267, L:/127.0.0.1:61309 - R:localhost/127.0.0.1:13653] for GET '/session/343760fe1b3b1d209c4a0d88582a27db/element/B5D78317CDC82913058D66A8C952A41F_element_15/enabled'
11:36:09.629 [AsyncHttpClient-1-5] DEBUG org.asynchttpclient.netty.handler.HttpHandler - 

Request DefaultFullHttpRequest(decodeResult: success, version: HTTP/1.1, content: EmptyByteBufBE)
GET /session/343760fe1b3b1d209c4a0d88582a27db/element/B5D78317CDC82913058D66A8C952A41F_element_15/enabled HTTP/1.1
User-Agent: selenium/4.8.0 (java windows)
Cache-Control: no-cache
Content-Type: application/json; charset=utf-8
host: localhost:13653
accept: */*

Response DefaultHttpResponse(decodeResult: success, version: HTTP/1.1)
HTTP/1.1 200 OK
Content-Length: 14
Content-Type: application/json; charset=utf-8
cache-control: no-cache

11:36:09.629 [AsyncHttpClient-1-5] DEBUG org.asynchttpclient.netty.channel.ChannelManager - Adding key: http://localhost:13653 for channel [id: 0xdffd1267, L:/127.0.0.1:61309 - R:localhost/127.0.0.1:13653]
11:36:09.630 [Forwarding isElementEnabled on session 343760fe1b3b1d209c4a0d88582a27db to remote] DEBUG org.asynchttpclient.netty.request.NettyRequestSender - Using pooled Channel '[id: 0xdffd1267, L:/127.0.0.1:61309 - R:localhost/127.0.0.1:13653]' for 'GET' to 'http://localhost:13653/session/343760fe1b3b1d209c4a0d88582a27db/element/B5D78317CDC82913058D66A8C952A41F_element_15/enabled'
11:36:09.630 [Forwarding isElementEnabled on session 343760fe1b3b1d209c4a0d88582a27db to remote] DEBUG org.asynchttpclient.netty.request.NettyRequestSender - Using open Channel [id: 0xdffd1267, L:/127.0.0.1:61309 - R:localhost/127.0.0.1:13653] for GET '/session/343760fe1b3b1d209c4a0d88582a27db/element/B5D78317CDC82913058D66A8C952A41F_element_15/enabled'
11:36:09.641 [AsyncHttpClient-1-5] DEBUG org.asynchttpclient.netty.handler.HttpHandler - 

Request DefaultFullHttpRequest(decodeResult: success, version: HTTP/1.1, content: EmptyByteBufBE)
GET /session/343760fe1b3b1d209c4a0d88582a27db/element/B5D78317CDC82913058D66A8C952A41F_element_15/enabled HTTP/1.1
User-Agent: selenium/4.8.0 (java windows)
Cache-Control: no-cache
Content-Type: application/json; charset=utf-8
host: localhost:13653
accept: */*

Response DefaultHttpResponse(decodeResult: success, version: HTTP/1.1)
HTTP/1.1 200 OK
Content-Length: 14
Content-Type: application/json; charset=utf-8
cache-control: no-cache

11:36:09.641 [AsyncHttpClient-1-5] DEBUG org.asynchttpclient.netty.channel.ChannelManager - Adding key: http://localhost:13653 for channel [id: 0xdffd1267, L:/127.0.0.1:61309 - R:localhost/127.0.0.1:13653]
11:36:09.645 [Forwarding findElement on session 343760fe1b3b1d209c4a0d88582a27db to remote] DEBUG org.asynchttpclient.netty.request.NettyRequestSender - Using pooled Channel '[id: 0xdffd1267, L:/127.0.0.1:61309 - R:localhost/127.0.0.1:13653]' for 'POST' to 'http://localhost:13653/session/343760fe1b3b1d209c4a0d88582a27db/element'
11:36:09.645 [Forwarding findElement on session 343760fe1b3b1d209c4a0d88582a27db to remote] DEBUG org.asynchttpclient.netty.request.NettyRequestSender - Using open Channel [id: 0xdffd1267, L:/127.0.0.1:61309 - R:localhost/127.0.0.1:13653] for POST '/session/343760fe1b3b1d209c4a0d88582a27db/element'
11:36:09.657 [AsyncHttpClient-1-5] DEBUG org.asynchttpclient.netty.handler.HttpHandler - 

Request DefaultHttpRequest(decodeResult: success, version: HTTP/1.1)
POST /session/343760fe1b3b1d209c4a0d88582a27db/element HTTP/1.1
User-Agent: selenium/4.8.0 (java windows)
Content-Length: 59
Content-Type: application/json; charset=utf-8
host: localhost:13653
accept: */*

Response DefaultHttpResponse(decodeResult: success, version: HTTP/1.1)
HTTP/1.1 200 OK
Content-Length: 95
Content-Type: application/json; charset=utf-8
cache-control: no-cache

11:36:09.657 [AsyncHttpClient-1-5] DEBUG org.asynchttpclient.netty.channel.ChannelManager - Adding key: http://localhost:13653 for channel [id: 0xdffd1267, L:/127.0.0.1:61309 - R:localhost/127.0.0.1:13653]
11:36:09.660 [Forwarding isElementDisplayed on session 343760fe1b3b1d209c4a0d88582a27db to remote] DEBUG org.asynchttpclient.netty.request.NettyRequestSender - Using pooled Channel '[id: 0xdffd1267, L:/127.0.0.1:61309 - R:localhost/127.0.0.1:13653]' for 'POST' to 'http://localhost:13653/session/343760fe1b3b1d209c4a0d88582a27db/execute/sync'
11:36:09.660 [Forwarding isElementDisplayed on session 343760fe1b3b1d209c4a0d88582a27db to remote] DEBUG org.asynchttpclient.netty.request.NettyRequestSender - Using open Channel [id: 0xdffd1267, L:/127.0.0.1:61309 - R:localhost/127.0.0.1:13653] for POST '/session/343760fe1b3b1d209c4a0d88582a27db/execute/sync'
11:36:09.676 [AsyncHttpClient-1-5] DEBUG org.asynchttpclient.netty.handler.HttpHandler - 

Request DefaultHttpRequest(decodeResult: success, version: HTTP/1.1)
POST /session/343760fe1b3b1d209c4a0d88582a27db/execute/sync HTTP/1.1
User-Agent: selenium/4.8.0 (java windows)
Content-Length: 48814
Content-Type: application/json; charset=utf-8
host: localhost:13653
accept: */*

Response DefaultHttpResponse(decodeResult: success, version: HTTP/1.1)
HTTP/1.1 200 OK
Content-Length: 14
Content-Type: application/json; charset=utf-8
cache-control: no-cache

11:36:09.676 [AsyncHttpClient-1-5] DEBUG org.asynchttpclient.netty.channel.ChannelManager - Adding key: http://localhost:13653 for channel [id: 0xdffd1267, L:/127.0.0.1:61309 - R:localhost/127.0.0.1:13653]
11:36:09.677 [Forwarding clickElement on session 343760fe1b3b1d209c4a0d88582a27db to remote] DEBUG org.asynchttpclient.netty.request.NettyRequestSender - Using pooled Channel '[id: 0xdffd1267, L:/127.0.0.1:61309 - R:localhost/127.0.0.1:13653]' for 'POST' to 'http://localhost:13653/session/343760fe1b3b1d209c4a0d88582a27db/element/B5D78317CDC82913058D66A8C952A41F_element_15/click'
11:36:09.677 [Forwarding clickElement on session 343760fe1b3b1d209c4a0d88582a27db to remote] DEBUG org.asynchttpclient.netty.request.NettyRequestSender - Using open Channel [id: 0xdffd1267, L:/127.0.0.1:61309 - R:localhost/127.0.0.1:13653] for POST '/session/343760fe1b3b1d209c4a0d88582a27db/element/B5D78317CDC82913058D66A8C952A41F_element_15/click'
11:36:09.842 [AsyncHttpClient-1-1] DEBUG org.asynchttpclient.netty.channel.DefaultChannelPool - Entry count for : http://localhost:61317 : 1
11:36:09.853 [AsyncHttpClient-1-5] DEBUG org.asynchttpclient.netty.handler.HttpHandler - 

Request DefaultHttpRequest(decodeResult: success, version: HTTP/1.1)
POST /session/343760fe1b3b1d209c4a0d88582a27db/element/B5D78317CDC82913058D66A8C952A41F_element_15/click HTTP/1.1
User-Agent: selenium/4.8.0 (java windows)
Content-Length: 57
Content-Type: application/json; charset=utf-8
host: localhost:13653
accept: */*

Response DefaultHttpResponse(decodeResult: success, version: HTTP/1.1)
HTTP/1.1 200 OK
Content-Length: 14
Content-Type: application/json; charset=utf-8
cache-control: no-cache

11:36:09.853 [AsyncHttpClient-1-5] DEBUG org.asynchttpclient.netty.channel.ChannelManager - Adding key: http://localhost:13653 for channel [id: 0xdffd1267, L:/127.0.0.1:61309 - R:localhost/127.0.0.1:13653]
11:36:09.855 [main] INFO  com.swaglabs.base.SetUp - login button clicked
11:36:09.856 [main] INFO  com.swaglabs.base.SetUp - login button clicked
11:36:09.863 [Forwarding getAlertText on session 343760fe1b3b1d209c4a0d88582a27db to remote] DEBUG org.asynchttpclient.netty.request.NettyRequestSender - Using pooled Channel '[id: 0xdffd1267, L:/127.0.0.1:61309 - R:localhost/127.0.0.1:13653]' for 'GET' to 'http://localhost:13653/session/343760fe1b3b1d209c4a0d88582a27db/alert/text'
11:36:09.863 [Forwarding getAlertText on session 343760fe1b3b1d209c4a0d88582a27db to remote] DEBUG org.asynchttpclient.netty.request.NettyRequestSender - Using open Channel [id: 0xdffd1267, L:/127.0.0.1:61309 - R:localhost/127.0.0.1:13653] for GET '/session/343760fe1b3b1d209c4a0d88582a27db/alert/text'
11:36:09.891 [AsyncHttpClient-1-5] DEBUG org.asynchttpclient.netty.handler.HttpHandler - 

Request DefaultFullHttpRequest(decodeResult: success, version: HTTP/1.1, content: EmptyByteBufBE)
GET /session/343760fe1b3b1d209c4a0d88582a27db/alert/text HTTP/1.1
User-Agent: selenium/4.8.0 (java windows)
Cache-Control: no-cache
Content-Type: application/json; charset=utf-8
host: localhost:13653
accept: */*

Response DefaultHttpResponse(decodeResult: success, version: HTTP/1.1)
HTTP/1.1 404 Not Found
Content-Length: 1522
Content-Type: application/json; charset=utf-8
cache-control: no-cache

11:36:09.891 [AsyncHttpClient-1-5] DEBUG org.asynchttpclient.netty.channel.ChannelManager - Adding key: http://localhost:13653 for channel [id: 0xdffd1267, L:/127.0.0.1:61309 - R:localhost/127.0.0.1:13653]
11:36:09.892 [Forwarding getCurrentUrl on session 343760fe1b3b1d209c4a0d88582a27db to remote] DEBUG org.asynchttpclient.netty.request.NettyRequestSender - Using pooled Channel '[id: 0xdffd1267, L:/127.0.0.1:61309 - R:localhost/127.0.0.1:13653]' for 'GET' to 'http://localhost:13653/session/343760fe1b3b1d209c4a0d88582a27db/url'
11:36:09.892 [Forwarding getCurrentUrl on session 343760fe1b3b1d209c4a0d88582a27db to remote] DEBUG org.asynchttpclient.netty.request.NettyRequestSender - Using open Channel [id: 0xdffd1267, L:/127.0.0.1:61309 - R:localhost/127.0.0.1:13653] for GET '/session/343760fe1b3b1d209c4a0d88582a27db/url'
11:36:09.909 [AsyncHttpClient-1-5] DEBUG org.asynchttpclient.netty.handler.HttpHandler - 

Request DefaultFullHttpRequest(decodeResult: success, version: HTTP/1.1, content: EmptyByteBufBE)
GET /session/343760fe1b3b1d209c4a0d88582a27db/url HTTP/1.1
User-Agent: selenium/4.8.0 (java windows)
Cache-Control: no-cache
Content-Type: application/json; charset=utf-8
host: localhost:13653
accept: */*

Response DefaultHttpResponse(decodeResult: success, version: HTTP/1.1)
HTTP/1.1 200 OK
Content-Length: 52
Content-Type: application/json; charset=utf-8
cache-control: no-cache

11:36:09.909 [AsyncHttpClient-1-5] DEBUG org.asynchttpclient.netty.channel.ChannelManager - Adding key: http://localhost:13653 for channel [id: 0xdffd1267, L:/127.0.0.1:61309 - R:localhost/127.0.0.1:13653]
11:36:09.910 [Forwarding screenshot on session 343760fe1b3b1d209c4a0d88582a27db to remote] DEBUG org.asynchttpclient.netty.request.NettyRequestSender - Using pooled Channel '[id: 0xdffd1267, L:/127.0.0.1:61309 - R:localhost/127.0.0.1:13653]' for 'GET' to 'http://localhost:13653/session/343760fe1b3b1d209c4a0d88582a27db/screenshot'
11:36:09.910 [Forwarding screenshot on session 343760fe1b3b1d209c4a0d88582a27db to remote] DEBUG org.asynchttpclient.netty.request.NettyRequestSender - Using open Channel [id: 0xdffd1267, L:/127.0.0.1:61309 - R:localhost/127.0.0.1:13653] for GET '/session/343760fe1b3b1d209c4a0d88582a27db/screenshot'
11:36:10.300 [AsyncHttpClient-1-5] DEBUG org.asynchttpclient.netty.handler.HttpHandler - 

Request DefaultFullHttpRequest(decodeResult: success, version: HTTP/1.1, content: EmptyByteBufBE)
GET /session/343760fe1b3b1d209c4a0d88582a27db/screenshot HTTP/1.1
User-Agent: selenium/4.8.0 (java windows)
Cache-Control: no-cache
Content-Type: application/json; charset=utf-8
host: localhost:13653
accept: */*

Response DefaultHttpResponse(decodeResult: success, version: HTTP/1.1)
HTTP/1.1 200 OK
Content-Length: 563500
Content-Type: application/json; charset=utf-8
cache-control: no-cache

11:36:10.301 [AsyncHttpClient-1-5] DEBUG org.asynchttpclient.netty.channel.ChannelManager - Adding key: http://localhost:13653 for channel [id: 0xdffd1267, L:/127.0.0.1:61309 - R:localhost/127.0.0.1:13653]
11:36:10.315 [main] DEBUG net.serenitybdd.core.photography.Darkroom - Send negative for processing for target\site\serenity\4bed3cdfce91ca4f358d5285b57371c62ff9f4a6deb5992f6a647f712a576b8a.png
11:36:10.315 [main] DEBUG net.thucydides.core.steps.StepInterceptor - STEP DONE: login with user {0}
11:36:10.322 [Forwarding getPageSource on session 343760fe1b3b1d209c4a0d88582a27db to remote] DEBUG org.asynchttpclient.netty.request.NettyRequestSender - Using pooled Channel '[id: 0xdffd1267, L:/127.0.0.1:61309 - R:localhost/127.0.0.1:13653]' for 'POST' to 'http://localhost:13653/session/343760fe1b3b1d209c4a0d88582a27db/execute/sync'
11:36:10.322 [Forwarding getPageSource on session 343760fe1b3b1d209c4a0d88582a27db to remote] DEBUG org.asynchttpclient.netty.request.NettyRequestSender - Using open Channel [id: 0xdffd1267, L:/127.0.0.1:61309 - R:localhost/127.0.0.1:13653] for POST '/session/343760fe1b3b1d209c4a0d88582a27db/execute/sync'
11:36:10.322 [Darkroom Processing Line] DEBUG net.serenitybdd.core.photography.DarkroomProcessingLine - Processing screenshot image in /var/screenshots/screenshot-861564680744140594
11:36:10.322 [Darkroom Processing Line] DEBUG net.serenitybdd.core.photography.DarkroomProcessingLine - Saving screenshot to target\site\serenity\4bed3cdfce91ca4f358d5285b57371c62ff9f4a6deb5992f6a647f712a576b8a.png
11:36:10.331 [AsyncHttpClient-1-5] DEBUG org.asynchttpclient.netty.handler.HttpHandler - 

Request DefaultHttpRequest(decodeResult: success, version: HTTP/1.1)
POST /session/343760fe1b3b1d209c4a0d88582a27db/execute/sync HTTP/1.1
User-Agent: selenium/4.8.0 (java windows)
Content-Length: 176
Content-Type: application/json; charset=utf-8
host: localhost:13653
accept: */*

Response DefaultHttpResponse(decodeResult: success, version: HTTP/1.1)
HTTP/1.1 200 OK
Content-Length: 16311
Content-Type: application/json; charset=utf-8
cache-control: no-cache

11:36:10.331 [AsyncHttpClient-1-5] DEBUG org.asynchttpclient.netty.channel.ChannelManager - Adding key: http://localhost:13653 for channel [id: 0xdffd1267, L:/127.0.0.1:61309 - R:localhost/127.0.0.1:13653]
11:36:10.333 [Forwarding getCurrentUrl on session 343760fe1b3b1d209c4a0d88582a27db to remote] DEBUG org.asynchttpclient.netty.request.NettyRequestSender - Using pooled Channel '[id: 0xdffd1267, L:/127.0.0.1:61309 - R:localhost/127.0.0.1:13653]' for 'GET' to 'http://localhost:13653/session/343760fe1b3b1d209c4a0d88582a27db/url'
11:36:10.333 [Forwarding getCurrentUrl on session 343760fe1b3b1d209c4a0d88582a27db to remote] DEBUG org.asynchttpclient.netty.request.NettyRequestSender - Using open Channel [id: 0xdffd1267, L:/127.0.0.1:61309 - R:localhost/127.0.0.1:13653] for GET '/session/343760fe1b3b1d209c4a0d88582a27db/url'
11:36:10.341 [AsyncHttpClient-1-5] DEBUG org.asynchttpclient.netty.handler.HttpHandler - 

Request DefaultFullHttpRequest(decodeResult: success, version: HTTP/1.1, content: EmptyByteBufBE)
GET /session/343760fe1b3b1d209c4a0d88582a27db/url HTTP/1.1
User-Agent: selenium/4.8.0 (java windows)
Cache-Control: no-cache
Content-Type: application/json; charset=utf-8
host: localhost:13653
accept: */*

Response DefaultHttpResponse(decodeResult: success, version: HTTP/1.1)
HTTP/1.1 200 OK
Content-Length: 52
Content-Type: application/json; charset=utf-8
cache-control: no-cache

11:36:10.341 [AsyncHttpClient-1-5] DEBUG org.asynchttpclient.netty.channel.ChannelManager - Adding key: http://localhost:13653 for channel [id: 0xdffd1267, L:/127.0.0.1:61309 - R:localhost/127.0.0.1:13653]
11:36:10.360 [main] DEBUG net.thucydides.core.steps.StepInterceptor - STARTING STEP: Tests.testCases - test4_validateInventoryPageHeaderAndFooters
11:36:10.361 [Forwarding getTitle on session 343760fe1b3b1d209c4a0d88582a27db to remote] DEBUG org.asynchttpclient.netty.request.NettyRequestSender - Using pooled Channel '[id: 0xdffd1267, L:/127.0.0.1:61309 - R:localhost/127.0.0.1:13653]' for 'GET' to 'http://localhost:13653/session/343760fe1b3b1d209c4a0d88582a27db/title'
11:36:10.361 [Forwarding getTitle on session 343760fe1b3b1d209c4a0d88582a27db to remote] DEBUG org.asynchttpclient.netty.request.NettyRequestSender - Using open Channel [id: 0xdffd1267, L:/127.0.0.1:61309 - R:localhost/127.0.0.1:13653] for GET '/session/343760fe1b3b1d209c4a0d88582a27db/title'
11:36:10.367 [AsyncHttpClient-1-5] DEBUG org.asynchttpclient.netty.handler.HttpHandler - 

Request DefaultFullHttpRequest(decodeResult: success, version: HTTP/1.1, content: EmptyByteBufBE)
GET /session/343760fe1b3b1d209c4a0d88582a27db/title HTTP/1.1
User-Agent: selenium/4.8.0 (java windows)
Cache-Control: no-cache
Content-Type: application/json; charset=utf-8
host: localhost:13653
accept: */*

Response DefaultHttpResponse(decodeResult: success, version: HTTP/1.1)
HTTP/1.1 200 OK
Content-Length: 21
Content-Type: application/json; charset=utf-8
cache-control: no-cache

11:36:10.367 [AsyncHttpClient-1-5] DEBUG org.asynchttpclient.netty.channel.ChannelManager - Adding key: http://localhost:13653 for channel [id: 0xdffd1267, L:/127.0.0.1:61309 - R:localhost/127.0.0.1:13653]
11:36:10.368 [main] INFO  com.swaglabs.base.SetUp - Swag Labs title validation passed
11:36:10.375 [Forwarding getAlertText on session 343760fe1b3b1d209c4a0d88582a27db to remote] DEBUG org.asynchttpclient.netty.request.NettyRequestSender - Using pooled Channel '[id: 0xdffd1267, L:/127.0.0.1:61309 - R:localhost/127.0.0.1:13653]' for 'GET' to 'http://localhost:13653/session/343760fe1b3b1d209c4a0d88582a27db/alert/text'
11:36:10.375 [Forwarding getAlertText on session 343760fe1b3b1d209c4a0d88582a27db to remote] DEBUG org.asynchttpclient.netty.request.NettyRequestSender - Using open Channel [id: 0xdffd1267, L:/127.0.0.1:61309 - R:localhost/127.0.0.1:13653] for GET '/session/343760fe1b3b1d209c4a0d88582a27db/alert/text'
11:36:10.377 [AsyncHttpClient-1-5] DEBUG org.asynchttpclient.netty.handler.HttpHandler - 

Request DefaultFullHttpRequest(decodeResult: success, version: HTTP/1.1, content: EmptyByteBufBE)
GET /session/343760fe1b3b1d209c4a0d88582a27db/alert/text HTTP/1.1
User-Agent: selenium/4.8.0 (java windows)
Cache-Control: no-cache
Content-Type: application/json; charset=utf-8
host: localhost:13653
accept: */*

Response DefaultHttpResponse(decodeResult: success, version: HTTP/1.1)
HTTP/1.1 404 Not Found
Content-Length: 1522
Content-Type: application/json; charset=utf-8
cache-control: no-cache

11:36:10.378 [AsyncHttpClient-1-5] DEBUG org.asynchttpclient.netty.channel.ChannelManager - Adding key: http://localhost:13653 for channel [id: 0xdffd1267, L:/127.0.0.1:61309 - R:localhost/127.0.0.1:13653]
11:36:10.379 [Forwarding getCurrentUrl on session 343760fe1b3b1d209c4a0d88582a27db to remote] DEBUG org.asynchttpclient.netty.request.NettyRequestSender - Using pooled Channel '[id: 0xdffd1267, L:/127.0.0.1:61309 - R:localhost/127.0.0.1:13653]' for 'GET' to 'http://localhost:13653/session/343760fe1b3b1d209c4a0d88582a27db/url'
11:36:10.379 [Forwarding getCurrentUrl on session 343760fe1b3b1d209c4a0d88582a27db to remote] DEBUG org.asynchttpclient.netty.request.NettyRequestSender - Using open Channel [id: 0xdffd1267, L:/127.0.0.1:61309 - R:localhost/127.0.0.1:13653] for GET '/session/343760fe1b3b1d209c4a0d88582a27db/url'
11:36:10.385 [AsyncHttpClient-1-5] DEBUG org.asynchttpclient.netty.handler.HttpHandler - 

Request DefaultFullHttpRequest(decodeResult: success, version: HTTP/1.1, content: EmptyByteBufBE)
GET /session/343760fe1b3b1d209c4a0d88582a27db/url HTTP/1.1
User-Agent: selenium/4.8.0 (java windows)
Cache-Control: no-cache
Content-Type: application/json; charset=utf-8
host: localhost:13653
accept: */*

Response DefaultHttpResponse(decodeResult: success, version: HTTP/1.1)
HTTP/1.1 200 OK
Content-Length: 52
Content-Type: application/json; charset=utf-8
cache-control: no-cache

11:36:10.385 [AsyncHttpClient-1-5] DEBUG org.asynchttpclient.netty.channel.ChannelManager - Adding key: http://localhost:13653 for channel [id: 0xdffd1267, L:/127.0.0.1:61309 - R:localhost/127.0.0.1:13653]
11:36:10.386 [Forwarding screenshot on session 343760fe1b3b1d209c4a0d88582a27db to remote] DEBUG org.asynchttpclient.netty.request.NettyRequestSender - Using pooled Channel '[id: 0xdffd1267, L:/127.0.0.1:61309 - R:localhost/127.0.0.1:13653]' for 'GET' to 'http://localhost:13653/session/343760fe1b3b1d209c4a0d88582a27db/screenshot'
11:36:10.386 [Forwarding screenshot on session 343760fe1b3b1d209c4a0d88582a27db to remote] DEBUG org.asynchttpclient.netty.request.NettyRequestSender - Using open Channel [id: 0xdffd1267, L:/127.0.0.1:61309 - R:localhost/127.0.0.1:13653] for GET '/session/343760fe1b3b1d209c4a0d88582a27db/screenshot'
11:36:10.708 [AsyncHttpClient-1-5] DEBUG org.asynchttpclient.netty.handler.HttpHandler - 

Request DefaultFullHttpRequest(decodeResult: success, version: HTTP/1.1, content: EmptyByteBufBE)
GET /session/343760fe1b3b1d209c4a0d88582a27db/screenshot HTTP/1.1
User-Agent: selenium/4.8.0 (java windows)
Cache-Control: no-cache
Content-Type: application/json; charset=utf-8
host: localhost:13653
accept: */*

Response DefaultHttpResponse(decodeResult: success, version: HTTP/1.1)
HTTP/1.1 200 OK
Content-Length: 563500
Content-Type: application/json; charset=utf-8
cache-control: no-cache

11:36:10.709 [AsyncHttpClient-1-5] DEBUG org.asynchttpclient.netty.channel.ChannelManager - Adding key: http://localhost:13653 for channel [id: 0xdffd1267, L:/127.0.0.1:61309 - R:localhost/127.0.0.1:13653]
11:36:10.722 [main] DEBUG net.serenitybdd.core.photography.Darkroom - Send negative for processing for target\site\serenity\4bed3cdfce91ca4f358d5285b57371c62ff9f4a6deb5992f6a647f712a576b8a.png
11:36:10.726 [Forwarding getPageSource on session 343760fe1b3b1d209c4a0d88582a27db to remote] DEBUG org.asynchttpclient.netty.request.NettyRequestSender - Using pooled Channel '[id: 0xdffd1267, L:/127.0.0.1:61309 - R:localhost/127.0.0.1:13653]' for 'POST' to 'http://localhost:13653/session/343760fe1b3b1d209c4a0d88582a27db/execute/sync'
11:36:10.726 [Forwarding getPageSource on session 343760fe1b3b1d209c4a0d88582a27db to remote] DEBUG org.asynchttpclient.netty.request.NettyRequestSender - Using open Channel [id: 0xdffd1267, L:/127.0.0.1:61309 - R:localhost/127.0.0.1:13653] for POST '/session/343760fe1b3b1d209c4a0d88582a27db/execute/sync'
11:36:10.742 [AsyncHttpClient-1-5] DEBUG org.asynchttpclient.netty.handler.HttpHandler - 

Request DefaultHttpRequest(decodeResult: success, version: HTTP/1.1)
POST /session/343760fe1b3b1d209c4a0d88582a27db/execute/sync HTTP/1.1
User-Agent: selenium/4.8.0 (java windows)
Content-Length: 176
Content-Type: application/json; charset=utf-8
host: localhost:13653
accept: */*

Response DefaultHttpResponse(decodeResult: success, version: HTTP/1.1)
HTTP/1.1 200 OK
Content-Length: 16311
Content-Type: application/json; charset=utf-8
cache-control: no-cache

11:36:10.742 [AsyncHttpClient-1-5] DEBUG org.asynchttpclient.netty.channel.ChannelManager - Adding key: http://localhost:13653 for channel [id: 0xdffd1267, L:/127.0.0.1:61309 - R:localhost/127.0.0.1:13653]
11:36:10.744 [Forwarding getCurrentUrl on session 343760fe1b3b1d209c4a0d88582a27db to remote] DEBUG org.asynchttpclient.netty.request.NettyRequestSender - Using pooled Channel '[id: 0xdffd1267, L:/127.0.0.1:61309 - R:localhost/127.0.0.1:13653]' for 'GET' to 'http://localhost:13653/session/343760fe1b3b1d209c4a0d88582a27db/url'
11:36:10.744 [Forwarding getCurrentUrl on session 343760fe1b3b1d209c4a0d88582a27db to remote] DEBUG org.asynchttpclient.netty.request.NettyRequestSender - Using open Channel [id: 0xdffd1267, L:/127.0.0.1:61309 - R:localhost/127.0.0.1:13653] for GET '/session/343760fe1b3b1d209c4a0d88582a27db/url'
11:36:10.759 [AsyncHttpClient-1-5] DEBUG org.asynchttpclient.netty.handler.HttpHandler - 

Request DefaultFullHttpRequest(decodeResult: success, version: HTTP/1.1, content: EmptyByteBufBE)
GET /session/343760fe1b3b1d209c4a0d88582a27db/url HTTP/1.1
User-Agent: selenium/4.8.0 (java windows)
Cache-Control: no-cache
Content-Type: application/json; charset=utf-8
host: localhost:13653
accept: */*

Response DefaultHttpResponse(decodeResult: success, version: HTTP/1.1)
HTTP/1.1 200 OK
Content-Length: 52
Content-Type: application/json; charset=utf-8
cache-control: no-cache

11:36:10.760 [AsyncHttpClient-1-5] DEBUG org.asynchttpclient.netty.channel.ChannelManager - Adding key: http://localhost:13653 for channel [id: 0xdffd1267, L:/127.0.0.1:61309 - R:localhost/127.0.0.1:13653]
11:36:10.777 [Forwarding getAlertText on session 343760fe1b3b1d209c4a0d88582a27db to remote] DEBUG org.asynchttpclient.netty.request.NettyRequestSender - Using pooled Channel '[id: 0xdffd1267, L:/127.0.0.1:61309 - R:localhost/127.0.0.1:13653]' for 'GET' to 'http://localhost:13653/session/343760fe1b3b1d209c4a0d88582a27db/alert/text'
11:36:10.777 [Forwarding getAlertText on session 343760fe1b3b1d209c4a0d88582a27db to remote] DEBUG org.asynchttpclient.netty.request.NettyRequestSender - Using open Channel [id: 0xdffd1267, L:/127.0.0.1:61309 - R:localhost/127.0.0.1:13653] for GET '/session/343760fe1b3b1d209c4a0d88582a27db/alert/text'
11:36:10.779 [AsyncHttpClient-1-5] DEBUG org.asynchttpclient.netty.handler.HttpHandler - 

Request DefaultFullHttpRequest(decodeResult: success, version: HTTP/1.1, content: EmptyByteBufBE)
GET /session/343760fe1b3b1d209c4a0d88582a27db/alert/text HTTP/1.1
User-Agent: selenium/4.8.0 (java windows)
Cache-Control: no-cache
Content-Type: application/json; charset=utf-8
host: localhost:13653
accept: */*

Response DefaultHttpResponse(decodeResult: success, version: HTTP/1.1)
HTTP/1.1 404 Not Found
Content-Length: 1522
Content-Type: application/json; charset=utf-8
cache-control: no-cache

11:36:10.779 [AsyncHttpClient-1-5] DEBUG org.asynchttpclient.netty.channel.ChannelManager - Adding key: http://localhost:13653 for channel [id: 0xdffd1267, L:/127.0.0.1:61309 - R:localhost/127.0.0.1:13653]
11:36:10.781 [Forwarding getCurrentUrl on session 343760fe1b3b1d209c4a0d88582a27db to remote] DEBUG org.asynchttpclient.netty.request.NettyRequestSender - Using pooled Channel '[id: 0xdffd1267, L:/127.0.0.1:61309 - R:localhost/127.0.0.1:13653]' for 'GET' to 'http://localhost:13653/session/343760fe1b3b1d209c4a0d88582a27db/url'
11:36:10.781 [Forwarding getCurrentUrl on session 343760fe1b3b1d209c4a0d88582a27db to remote] DEBUG org.asynchttpclient.netty.request.NettyRequestSender - Using open Channel [id: 0xdffd1267, L:/127.0.0.1:61309 - R:localhost/127.0.0.1:13653] for GET '/session/343760fe1b3b1d209c4a0d88582a27db/url'
11:36:10.827 [AsyncHttpClient-1-5] DEBUG org.asynchttpclient.netty.handler.HttpHandler - 

Request DefaultFullHttpRequest(decodeResult: success, version: HTTP/1.1, content: EmptyByteBufBE)
GET /session/343760fe1b3b1d209c4a0d88582a27db/url HTTP/1.1
User-Agent: selenium/4.8.0 (java windows)
Cache-Control: no-cache
Content-Type: application/json; charset=utf-8
host: localhost:13653
accept: */*

Response DefaultHttpResponse(decodeResult: success, version: HTTP/1.1)
HTTP/1.1 200 OK
Content-Length: 52
Content-Type: application/json; charset=utf-8
cache-control: no-cache

11:36:10.827 [AsyncHttpClient-1-5] DEBUG org.asynchttpclient.netty.channel.ChannelManager - Adding key: http://localhost:13653 for channel [id: 0xdffd1267, L:/127.0.0.1:61309 - R:localhost/127.0.0.1:13653]
11:36:10.827 [Forwarding screenshot on session 343760fe1b3b1d209c4a0d88582a27db to remote] DEBUG org.asynchttpclient.netty.request.NettyRequestSender - Using pooled Channel '[id: 0xdffd1267, L:/127.0.0.1:61309 - R:localhost/127.0.0.1:13653]' for 'GET' to 'http://localhost:13653/session/343760fe1b3b1d209c4a0d88582a27db/screenshot'
11:36:10.827 [Forwarding screenshot on session 343760fe1b3b1d209c4a0d88582a27db to remote] DEBUG org.asynchttpclient.netty.request.NettyRequestSender - Using open Channel [id: 0xdffd1267, L:/127.0.0.1:61309 - R:localhost/127.0.0.1:13653] for GET '/session/343760fe1b3b1d209c4a0d88582a27db/screenshot'
11:36:10.933 [AsyncHttpClient-1-1] DEBUG org.asynchttpclient.netty.channel.DefaultChannelPool - Entry count for : http://localhost:61317 : 1
11:36:11.113 [AsyncHttpClient-1-5] DEBUG org.asynchttpclient.netty.handler.HttpHandler - 

Request DefaultFullHttpRequest(decodeResult: success, version: HTTP/1.1, content: EmptyByteBufBE)
GET /session/343760fe1b3b1d209c4a0d88582a27db/screenshot HTTP/1.1
User-Agent: selenium/4.8.0 (java windows)
Cache-Control: no-cache
Content-Type: application/json; charset=utf-8
host: localhost:13653
accept: */*

Response DefaultHttpResponse(decodeResult: success, version: HTTP/1.1)
HTTP/1.1 200 OK
Content-Length: 563500
Content-Type: application/json; charset=utf-8
cache-control: no-cache

11:36:11.114 [AsyncHttpClient-1-5] DEBUG org.asynchttpclient.netty.channel.ChannelManager - Adding key: http://localhost:13653 for channel [id: 0xdffd1267, L:/127.0.0.1:61309 - R:localhost/127.0.0.1:13653]
11:36:11.132 [main] DEBUG net.serenitybdd.core.photography.Darkroom - Send negative for processing for target\site\serenity\4bed3cdfce91ca4f358d5285b57371c62ff9f4a6deb5992f6a647f712a576b8a.png
11:36:11.138 [Forwarding getPageSource on session 343760fe1b3b1d209c4a0d88582a27db to remote] DEBUG org.asynchttpclient.netty.request.NettyRequestSender - Using pooled Channel '[id: 0xdffd1267, L:/127.0.0.1:61309 - R:localhost/127.0.0.1:13653]' for 'POST' to 'http://localhost:13653/session/343760fe1b3b1d209c4a0d88582a27db/execute/sync'
11:36:11.138 [Forwarding getPageSource on session 343760fe1b3b1d209c4a0d88582a27db to remote] DEBUG org.asynchttpclient.netty.request.NettyRequestSender - Using open Channel [id: 0xdffd1267, L:/127.0.0.1:61309 - R:localhost/127.0.0.1:13653] for POST '/session/343760fe1b3b1d209c4a0d88582a27db/execute/sync'
11:36:11.146 [AsyncHttpClient-1-5] DEBUG org.asynchttpclient.netty.handler.HttpHandler - 

Request DefaultHttpRequest(decodeResult: success, version: HTTP/1.1)
POST /session/343760fe1b3b1d209c4a0d88582a27db/execute/sync HTTP/1.1
User-Agent: selenium/4.8.0 (java windows)
Content-Length: 176
Content-Type: application/json; charset=utf-8
host: localhost:13653
accept: */*

Response DefaultHttpResponse(decodeResult: success, version: HTTP/1.1)
HTTP/1.1 200 OK
Content-Length: 16311
Content-Type: application/json; charset=utf-8
cache-control: no-cache

11:36:11.146 [AsyncHttpClient-1-5] DEBUG org.asynchttpclient.netty.channel.ChannelManager - Adding key: http://localhost:13653 for channel [id: 0xdffd1267, L:/127.0.0.1:61309 - R:localhost/127.0.0.1:13653]
11:36:11.148 [Forwarding getCurrentUrl on session 343760fe1b3b1d209c4a0d88582a27db to remote] DEBUG org.asynchttpclient.netty.request.NettyRequestSender - Using pooled Channel '[id: 0xdffd1267, L:/127.0.0.1:61309 - R:localhost/127.0.0.1:13653]' for 'GET' to 'http://localhost:13653/session/343760fe1b3b1d209c4a0d88582a27db/url'
11:36:11.148 [Forwarding getCurrentUrl on session 343760fe1b3b1d209c4a0d88582a27db to remote] DEBUG org.asynchttpclient.netty.request.NettyRequestSender - Using open Channel [id: 0xdffd1267, L:/127.0.0.1:61309 - R:localhost/127.0.0.1:13653] for GET '/session/343760fe1b3b1d209c4a0d88582a27db/url'
11:36:11.152 [AsyncHttpClient-1-5] DEBUG org.asynchttpclient.netty.handler.HttpHandler - 

Request DefaultFullHttpRequest(decodeResult: success, version: HTTP/1.1, content: EmptyByteBufBE)
GET /session/343760fe1b3b1d209c4a0d88582a27db/url HTTP/1.1
User-Agent: selenium/4.8.0 (java windows)
Cache-Control: no-cache
Content-Type: application/json; charset=utf-8
host: localhost:13653
accept: */*

Response DefaultHttpResponse(decodeResult: success, version: HTTP/1.1)
HTTP/1.1 200 OK
Content-Length: 52
Content-Type: application/json; charset=utf-8
cache-control: no-cache

11:36:11.152 [AsyncHttpClient-1-5] DEBUG org.asynchttpclient.netty.channel.ChannelManager - Adding key: http://localhost:13653 for channel [id: 0xdffd1267, L:/127.0.0.1:61309 - R:localhost/127.0.0.1:13653]
11:36:11.160 [main] DEBUG net.thucydides.core.steps.StepInterceptor - STARTING STEP: InventoryPageSteps.test4_validateInventoryPageHeaderAndFooters - validate inverntory page headers
11:36:11.162 [Forwarding findElement on session 343760fe1b3b1d209c4a0d88582a27db to remote] DEBUG org.asynchttpclient.netty.request.NettyRequestSender - Using pooled Channel '[id: 0xdffd1267, L:/127.0.0.1:61309 - R:localhost/127.0.0.1:13653]' for 'POST' to 'http://localhost:13653/session/343760fe1b3b1d209c4a0d88582a27db/element'
11:36:11.162 [Forwarding findElement on session 343760fe1b3b1d209c4a0d88582a27db to remote] DEBUG org.asynchttpclient.netty.request.NettyRequestSender - Using open Channel [id: 0xdffd1267, L:/127.0.0.1:61309 - R:localhost/127.0.0.1:13653] for POST '/session/343760fe1b3b1d209c4a0d88582a27db/element'
11:36:11.175 [AsyncHttpClient-1-5] DEBUG org.asynchttpclient.netty.handler.HttpHandler - 

Request DefaultHttpRequest(decodeResult: success, version: HTTP/1.1)
POST /session/343760fe1b3b1d209c4a0d88582a27db/element HTTP/1.1
User-Agent: selenium/4.8.0 (java windows)
Content-Length: 90
Content-Type: application/json; charset=utf-8
host: localhost:13653
accept: */*

Response DefaultHttpResponse(decodeResult: success, version: HTTP/1.1)
HTTP/1.1 200 OK
Content-Length: 95
Content-Type: application/json; charset=utf-8
cache-control: no-cache

11:36:11.175 [AsyncHttpClient-1-5] DEBUG org.asynchttpclient.netty.channel.ChannelManager - Adding key: http://localhost:13653 for channel [id: 0xdffd1267, L:/127.0.0.1:61309 - R:localhost/127.0.0.1:13653]
11:36:11.178 [Forwarding isElementDisplayed on session 343760fe1b3b1d209c4a0d88582a27db to remote] DEBUG org.asynchttpclient.netty.request.NettyRequestSender - Using pooled Channel '[id: 0xdffd1267, L:/127.0.0.1:61309 - R:localhost/127.0.0.1:13653]' for 'POST' to 'http://localhost:13653/session/343760fe1b3b1d209c4a0d88582a27db/execute/sync'
11:36:11.178 [Forwarding isElementDisplayed on session 343760fe1b3b1d209c4a0d88582a27db to remote] DEBUG org.asynchttpclient.netty.request.NettyRequestSender - Using open Channel [id: 0xdffd1267, L:/127.0.0.1:61309 - R:localhost/127.0.0.1:13653] for POST '/session/343760fe1b3b1d209c4a0d88582a27db/execute/sync'
11:36:11.187 [AsyncHttpClient-1-5] DEBUG org.asynchttpclient.netty.handler.HttpHandler - 

Request DefaultHttpRequest(decodeResult: success, version: HTTP/1.1)
POST /session/343760fe1b3b1d209c4a0d88582a27db/execute/sync HTTP/1.1
User-Agent: selenium/4.8.0 (java windows)
Content-Length: 48814
Content-Type: application/json; charset=utf-8
host: localhost:13653
accept: */*

Response DefaultHttpResponse(decodeResult: success, version: HTTP/1.1)
HTTP/1.1 200 OK
Content-Length: 14
Content-Type: application/json; charset=utf-8
cache-control: no-cache

11:36:11.187 [AsyncHttpClient-1-5] DEBUG org.asynchttpclient.netty.channel.ChannelManager - Adding key: http://localhost:13653 for channel [id: 0xdffd1267, L:/127.0.0.1:61309 - R:localhost/127.0.0.1:13653]
11:36:11.187 [Forwarding getElementText on session 343760fe1b3b1d209c4a0d88582a27db to remote] DEBUG org.asynchttpclient.netty.request.NettyRequestSender - Using pooled Channel '[id: 0xdffd1267, L:/127.0.0.1:61309 - R:localhost/127.0.0.1:13653]' for 'GET' to 'http://localhost:13653/session/343760fe1b3b1d209c4a0d88582a27db/element/B5D78317CDC82913058D66A8C952A41F_element_27/text'
11:36:11.187 [Forwarding getElementText on session 343760fe1b3b1d209c4a0d88582a27db to remote] DEBUG org.asynchttpclient.netty.request.NettyRequestSender - Using open Channel [id: 0xdffd1267, L:/127.0.0.1:61309 - R:localhost/127.0.0.1:13653] for GET '/session/343760fe1b3b1d209c4a0d88582a27db/element/B5D78317CDC82913058D66A8C952A41F_element_27/text'
11:36:11.196 [AsyncHttpClient-1-5] DEBUG org.asynchttpclient.netty.handler.HttpHandler - 

Request DefaultFullHttpRequest(decodeResult: success, version: HTTP/1.1, content: EmptyByteBufBE)
GET /session/343760fe1b3b1d209c4a0d88582a27db/element/B5D78317CDC82913058D66A8C952A41F_element_27/text HTTP/1.1
User-Agent: selenium/4.8.0 (java windows)
Cache-Control: no-cache
Content-Type: application/json; charset=utf-8
host: localhost:13653
accept: */*

Response DefaultHttpResponse(decodeResult: success, version: HTTP/1.1)
HTTP/1.1 200 OK
Content-Length: 21
Content-Type: application/json; charset=utf-8
cache-control: no-cache

11:36:11.196 [AsyncHttpClient-1-5] DEBUG org.asynchttpclient.netty.channel.ChannelManager - Adding key: http://localhost:13653 for channel [id: 0xdffd1267, L:/127.0.0.1:61309 - R:localhost/127.0.0.1:13653]
11:36:11.203 [Forwarding getAlertText on session 343760fe1b3b1d209c4a0d88582a27db to remote] DEBUG org.asynchttpclient.netty.request.NettyRequestSender - Using pooled Channel '[id: 0xdffd1267, L:/127.0.0.1:61309 - R:localhost/127.0.0.1:13653]' for 'GET' to 'http://localhost:13653/session/343760fe1b3b1d209c4a0d88582a27db/alert/text'
11:36:11.204 [Forwarding getAlertText on session 343760fe1b3b1d209c4a0d88582a27db to remote] DEBUG org.asynchttpclient.netty.request.NettyRequestSender - Using open Channel [id: 0xdffd1267, L:/127.0.0.1:61309 - R:localhost/127.0.0.1:13653] for GET '/session/343760fe1b3b1d209c4a0d88582a27db/alert/text'
11:36:11.210 [AsyncHttpClient-1-5] DEBUG org.asynchttpclient.netty.handler.HttpHandler - 

Request DefaultFullHttpRequest(decodeResult: success, version: HTTP/1.1, content: EmptyByteBufBE)
GET /session/343760fe1b3b1d209c4a0d88582a27db/alert/text HTTP/1.1
User-Agent: selenium/4.8.0 (java windows)
Cache-Control: no-cache
Content-Type: application/json; charset=utf-8
host: localhost:13653
accept: */*

Response DefaultHttpResponse(decodeResult: success, version: HTTP/1.1)
HTTP/1.1 404 Not Found
Content-Length: 1522
Content-Type: application/json; charset=utf-8
cache-control: no-cache

11:36:11.210 [AsyncHttpClient-1-5] DEBUG org.asynchttpclient.netty.channel.ChannelManager - Adding key: http://localhost:13653 for channel [id: 0xdffd1267, L:/127.0.0.1:61309 - R:localhost/127.0.0.1:13653]
11:36:11.211 [Forwarding getCurrentUrl on session 343760fe1b3b1d209c4a0d88582a27db to remote] DEBUG org.asynchttpclient.netty.request.NettyRequestSender - Using pooled Channel '[id: 0xdffd1267, L:/127.0.0.1:61309 - R:localhost/127.0.0.1:13653]' for 'GET' to 'http://localhost:13653/session/343760fe1b3b1d209c4a0d88582a27db/url'
11:36:11.211 [Forwarding getCurrentUrl on session 343760fe1b3b1d209c4a0d88582a27db to remote] DEBUG org.asynchttpclient.netty.request.NettyRequestSender - Using open Channel [id: 0xdffd1267, L:/127.0.0.1:61309 - R:localhost/127.0.0.1:13653] for GET '/session/343760fe1b3b1d209c4a0d88582a27db/url'
11:36:11.216 [AsyncHttpClient-1-5] DEBUG org.asynchttpclient.netty.handler.HttpHandler - 

Request DefaultFullHttpRequest(decodeResult: success, version: HTTP/1.1, content: EmptyByteBufBE)
GET /session/343760fe1b3b1d209c4a0d88582a27db/url HTTP/1.1
User-Agent: selenium/4.8.0 (java windows)
Cache-Control: no-cache
Content-Type: application/json; charset=utf-8
host: localhost:13653
accept: */*

Response DefaultHttpResponse(decodeResult: success, version: HTTP/1.1)
HTTP/1.1 200 OK
Content-Length: 52
Content-Type: application/json; charset=utf-8
cache-control: no-cache

11:36:11.216 [AsyncHttpClient-1-5] DEBUG org.asynchttpclient.netty.channel.ChannelManager - Adding key: http://localhost:13653 for channel [id: 0xdffd1267, L:/127.0.0.1:61309 - R:localhost/127.0.0.1:13653]
11:36:11.217 [Forwarding screenshot on session 343760fe1b3b1d209c4a0d88582a27db to remote] DEBUG org.asynchttpclient.netty.request.NettyRequestSender - Using pooled Channel '[id: 0xdffd1267, L:/127.0.0.1:61309 - R:localhost/127.0.0.1:13653]' for 'GET' to 'http://localhost:13653/session/343760fe1b3b1d209c4a0d88582a27db/screenshot'
11:36:11.217 [Forwarding screenshot on session 343760fe1b3b1d209c4a0d88582a27db to remote] DEBUG org.asynchttpclient.netty.request.NettyRequestSender - Using open Channel [id: 0xdffd1267, L:/127.0.0.1:61309 - R:localhost/127.0.0.1:13653] for GET '/session/343760fe1b3b1d209c4a0d88582a27db/screenshot'
11:36:11.432 [AsyncHttpClient-1-5] DEBUG org.asynchttpclient.netty.handler.HttpHandler - 

Request DefaultFullHttpRequest(decodeResult: success, version: HTTP/1.1, content: EmptyByteBufBE)
GET /session/343760fe1b3b1d209c4a0d88582a27db/screenshot HTTP/1.1
User-Agent: selenium/4.8.0 (java windows)
Cache-Control: no-cache
Content-Type: application/json; charset=utf-8
host: localhost:13653
accept: */*

Response DefaultHttpResponse(decodeResult: success, version: HTTP/1.1)
HTTP/1.1 200 OK
Content-Length: 563500
Content-Type: application/json; charset=utf-8
cache-control: no-cache

11:36:11.432 [AsyncHttpClient-1-5] DEBUG org.asynchttpclient.netty.channel.ChannelManager - Adding key: http://localhost:13653 for channel [id: 0xdffd1267, L:/127.0.0.1:61309 - R:localhost/127.0.0.1:13653]
11:36:11.446 [main] DEBUG net.serenitybdd.core.photography.Darkroom - Send negative for processing for target\site\serenity\4bed3cdfce91ca4f358d5285b57371c62ff9f4a6deb5992f6a647f712a576b8a.png
11:36:11.448 [Forwarding getPageSource on session 343760fe1b3b1d209c4a0d88582a27db to remote] DEBUG org.asynchttpclient.netty.request.NettyRequestSender - Using pooled Channel '[id: 0xdffd1267, L:/127.0.0.1:61309 - R:localhost/127.0.0.1:13653]' for 'POST' to 'http://localhost:13653/session/343760fe1b3b1d209c4a0d88582a27db/execute/sync'
11:36:11.448 [Forwarding getPageSource on session 343760fe1b3b1d209c4a0d88582a27db to remote] DEBUG org.asynchttpclient.netty.request.NettyRequestSender - Using open Channel [id: 0xdffd1267, L:/127.0.0.1:61309 - R:localhost/127.0.0.1:13653] for POST '/session/343760fe1b3b1d209c4a0d88582a27db/execute/sync'
11:36:11.453 [AsyncHttpClient-1-5] DEBUG org.asynchttpclient.netty.handler.HttpHandler - 

Request DefaultHttpRequest(decodeResult: success, version: HTTP/1.1)
POST /session/343760fe1b3b1d209c4a0d88582a27db/execute/sync HTTP/1.1
User-Agent: selenium/4.8.0 (java windows)
Content-Length: 176
Content-Type: application/json; charset=utf-8
host: localhost:13653
accept: */*

Response DefaultHttpResponse(decodeResult: success, version: HTTP/1.1)
HTTP/1.1 200 OK
Content-Length: 16311
Content-Type: application/json; charset=utf-8
cache-control: no-cache

11:36:11.453 [AsyncHttpClient-1-5] DEBUG org.asynchttpclient.netty.channel.ChannelManager - Adding key: http://localhost:13653 for channel [id: 0xdffd1267, L:/127.0.0.1:61309 - R:localhost/127.0.0.1:13653]
11:36:11.457 [Forwarding getCurrentUrl on session 343760fe1b3b1d209c4a0d88582a27db to remote] DEBUG org.asynchttpclient.netty.request.NettyRequestSender - Using pooled Channel '[id: 0xdffd1267, L:/127.0.0.1:61309 - R:localhost/127.0.0.1:13653]' for 'GET' to 'http://localhost:13653/session/343760fe1b3b1d209c4a0d88582a27db/url'
11:36:11.457 [Forwarding getCurrentUrl on session 343760fe1b3b1d209c4a0d88582a27db to remote] DEBUG org.asynchttpclient.netty.request.NettyRequestSender - Using open Channel [id: 0xdffd1267, L:/127.0.0.1:61309 - R:localhost/127.0.0.1:13653] for GET '/session/343760fe1b3b1d209c4a0d88582a27db/url'
11:36:11.461 [AsyncHttpClient-1-5] DEBUG org.asynchttpclient.netty.handler.HttpHandler - 

Request DefaultFullHttpRequest(decodeResult: success, version: HTTP/1.1, content: EmptyByteBufBE)
GET /session/343760fe1b3b1d209c4a0d88582a27db/url HTTP/1.1
User-Agent: selenium/4.8.0 (java windows)
Cache-Control: no-cache
Content-Type: application/json; charset=utf-8
host: localhost:13653
accept: */*

Response DefaultHttpResponse(decodeResult: success, version: HTTP/1.1)
HTTP/1.1 200 OK
Content-Length: 52
Content-Type: application/json; charset=utf-8
cache-control: no-cache

11:36:11.461 [AsyncHttpClient-1-5] DEBUG org.asynchttpclient.netty.channel.ChannelManager - Adding key: http://localhost:13653 for channel [id: 0xdffd1267, L:/127.0.0.1:61309 - R:localhost/127.0.0.1:13653]
11:36:11.479 [main] INFO  com.swaglabs.base.SetUp - inverntory page header validated
11:36:11.485 [main] DEBUG net.thucydides.core.steps.StepInterceptor - STEP DONE: validate inverntory page headers
11:36:11.490 [Forwarding getPageSource on session 343760fe1b3b1d209c4a0d88582a27db to remote] DEBUG org.asynchttpclient.netty.request.NettyRequestSender - Using pooled Channel '[id: 0xdffd1267, L:/127.0.0.1:61309 - R:localhost/127.0.0.1:13653]' for 'POST' to 'http://localhost:13653/session/343760fe1b3b1d209c4a0d88582a27db/execute/sync'
11:36:11.491 [Forwarding getPageSource on session 343760fe1b3b1d209c4a0d88582a27db to remote] DEBUG org.asynchttpclient.netty.request.NettyRequestSender - Using open Channel [id: 0xdffd1267, L:/127.0.0.1:61309 - R:localhost/127.0.0.1:13653] for POST '/session/343760fe1b3b1d209c4a0d88582a27db/execute/sync'
11:36:11.498 [AsyncHttpClient-1-5] DEBUG org.asynchttpclient.netty.handler.HttpHandler - 

Request DefaultHttpRequest(decodeResult: success, version: HTTP/1.1)
POST /session/343760fe1b3b1d209c4a0d88582a27db/execute/sync HTTP/1.1
User-Agent: selenium/4.8.0 (java windows)
Content-Length: 176
Content-Type: application/json; charset=utf-8
host: localhost:13653
accept: */*

Response DefaultHttpResponse(decodeResult: success, version: HTTP/1.1)
HTTP/1.1 200 OK
Content-Length: 16311
Content-Type: application/json; charset=utf-8
cache-control: no-cache

11:36:11.498 [AsyncHttpClient-1-5] DEBUG org.asynchttpclient.netty.channel.ChannelManager - Adding key: http://localhost:13653 for channel [id: 0xdffd1267, L:/127.0.0.1:61309 - R:localhost/127.0.0.1:13653]
11:36:11.501 [Forwarding getCurrentUrl on session 343760fe1b3b1d209c4a0d88582a27db to remote] DEBUG org.asynchttpclient.netty.request.NettyRequestSender - Using pooled Channel '[id: 0xdffd1267, L:/127.0.0.1:61309 - R:localhost/127.0.0.1:13653]' for 'GET' to 'http://localhost:13653/session/343760fe1b3b1d209c4a0d88582a27db/url'
11:36:11.501 [Forwarding getCurrentUrl on session 343760fe1b3b1d209c4a0d88582a27db to remote] DEBUG org.asynchttpclient.netty.request.NettyRequestSender - Using open Channel [id: 0xdffd1267, L:/127.0.0.1:61309 - R:localhost/127.0.0.1:13653] for GET '/session/343760fe1b3b1d209c4a0d88582a27db/url'
11:36:11.505 [AsyncHttpClient-1-5] DEBUG org.asynchttpclient.netty.handler.HttpHandler - 

Request DefaultFullHttpRequest(decodeResult: success, version: HTTP/1.1, content: EmptyByteBufBE)
GET /session/343760fe1b3b1d209c4a0d88582a27db/url HTTP/1.1
User-Agent: selenium/4.8.0 (java windows)
Cache-Control: no-cache
Content-Type: application/json; charset=utf-8
host: localhost:13653
accept: */*

Response DefaultHttpResponse(decodeResult: success, version: HTTP/1.1)
HTTP/1.1 200 OK
Content-Length: 52
Content-Type: application/json; charset=utf-8
cache-control: no-cache

11:36:11.506 [AsyncHttpClient-1-5] DEBUG org.asynchttpclient.netty.channel.ChannelManager - Adding key: http://localhost:13653 for channel [id: 0xdffd1267, L:/127.0.0.1:61309 - R:localhost/127.0.0.1:13653]
11:36:11.516 [main] DEBUG net.thucydides.core.steps.StepInterceptor - STARTING STEP: InventoryPageSteps.test4_validateInventoryPageHeaderAndFooters - validate  secondary headers
11:36:11.517 [Forwarding findElement on session 343760fe1b3b1d209c4a0d88582a27db to remote] DEBUG org.asynchttpclient.netty.request.NettyRequestSender - Using pooled Channel '[id: 0xdffd1267, L:/127.0.0.1:61309 - R:localhost/127.0.0.1:13653]' for 'POST' to 'http://localhost:13653/session/343760fe1b3b1d209c4a0d88582a27db/element'
11:36:11.517 [Forwarding findElement on session 343760fe1b3b1d209c4a0d88582a27db to remote] DEBUG org.asynchttpclient.netty.request.NettyRequestSender - Using open Channel [id: 0xdffd1267, L:/127.0.0.1:61309 - R:localhost/127.0.0.1:13653] for POST '/session/343760fe1b3b1d209c4a0d88582a27db/element'
11:36:11.528 [AsyncHttpClient-1-5] DEBUG org.asynchttpclient.netty.handler.HttpHandler - 

Request DefaultHttpRequest(decodeResult: success, version: HTTP/1.1)
POST /session/343760fe1b3b1d209c4a0d88582a27db/element HTTP/1.1
User-Agent: selenium/4.8.0 (java windows)
Content-Length: 124
Content-Type: application/json; charset=utf-8
host: localhost:13653
accept: */*

Response DefaultHttpResponse(decodeResult: success, version: HTTP/1.1)
HTTP/1.1 200 OK
Content-Length: 95
Content-Type: application/json; charset=utf-8
cache-control: no-cache

11:36:11.528 [AsyncHttpClient-1-5] DEBUG org.asynchttpclient.netty.channel.ChannelManager - Adding key: http://localhost:13653 for channel [id: 0xdffd1267, L:/127.0.0.1:61309 - R:localhost/127.0.0.1:13653]
11:36:11.532 [Forwarding isElementDisplayed on session 343760fe1b3b1d209c4a0d88582a27db to remote] DEBUG org.asynchttpclient.netty.request.NettyRequestSender - Using pooled Channel '[id: 0xdffd1267, L:/127.0.0.1:61309 - R:localhost/127.0.0.1:13653]' for 'POST' to 'http://localhost:13653/session/343760fe1b3b1d209c4a0d88582a27db/execute/sync'
11:36:11.532 [Forwarding isElementDisplayed on session 343760fe1b3b1d209c4a0d88582a27db to remote] DEBUG org.asynchttpclient.netty.request.NettyRequestSender - Using open Channel [id: 0xdffd1267, L:/127.0.0.1:61309 - R:localhost/127.0.0.1:13653] for POST '/session/343760fe1b3b1d209c4a0d88582a27db/execute/sync'
11:36:11.544 [AsyncHttpClient-1-5] DEBUG org.asynchttpclient.netty.handler.HttpHandler - 

Request DefaultHttpRequest(decodeResult: success, version: HTTP/1.1)
POST /session/343760fe1b3b1d209c4a0d88582a27db/execute/sync HTTP/1.1
User-Agent: selenium/4.8.0 (java windows)
Content-Length: 48814
Content-Type: application/json; charset=utf-8
host: localhost:13653
accept: */*

Response DefaultHttpResponse(decodeResult: success, version: HTTP/1.1)
HTTP/1.1 200 OK
Content-Length: 14
Content-Type: application/json; charset=utf-8
cache-control: no-cache

11:36:11.544 [AsyncHttpClient-1-5] DEBUG org.asynchttpclient.netty.channel.ChannelManager - Adding key: http://localhost:13653 for channel [id: 0xdffd1267, L:/127.0.0.1:61309 - R:localhost/127.0.0.1:13653]
11:36:11.544 [Forwarding getElementText on session 343760fe1b3b1d209c4a0d88582a27db to remote] DEBUG org.asynchttpclient.netty.request.NettyRequestSender - Using pooled Channel '[id: 0xdffd1267, L:/127.0.0.1:61309 - R:localhost/127.0.0.1:13653]' for 'GET' to 'http://localhost:13653/session/343760fe1b3b1d209c4a0d88582a27db/element/B5D78317CDC82913058D66A8C952A41F_element_28/text'
11:36:11.544 [Forwarding getElementText on session 343760fe1b3b1d209c4a0d88582a27db to remote] DEBUG org.asynchttpclient.netty.request.NettyRequestSender - Using open Channel [id: 0xdffd1267, L:/127.0.0.1:61309 - R:localhost/127.0.0.1:13653] for GET '/session/343760fe1b3b1d209c4a0d88582a27db/element/B5D78317CDC82913058D66A8C952A41F_element_28/text'
11:36:11.554 [AsyncHttpClient-1-5] DEBUG org.asynchttpclient.netty.handler.HttpHandler - 

Request DefaultFullHttpRequest(decodeResult: success, version: HTTP/1.1, content: EmptyByteBufBE)
GET /session/343760fe1b3b1d209c4a0d88582a27db/element/B5D78317CDC82913058D66A8C952A41F_element_28/text HTTP/1.1
User-Agent: selenium/4.8.0 (java windows)
Cache-Control: no-cache
Content-Type: application/json; charset=utf-8
host: localhost:13653
accept: */*

Response DefaultHttpResponse(decodeResult: success, version: HTTP/1.1)
HTTP/1.1 200 OK
Content-Length: 20
Content-Type: application/json; charset=utf-8
cache-control: no-cache

11:36:11.554 [AsyncHttpClient-1-5] DEBUG org.asynchttpclient.netty.channel.ChannelManager - Adding key: http://localhost:13653 for channel [id: 0xdffd1267, L:/127.0.0.1:61309 - R:localhost/127.0.0.1:13653]
11:36:11.554 [main] INFO  com.swaglabs.base.SetUp - secondary header  validation passed
11:36:11.558 [Forwarding getAlertText on session 343760fe1b3b1d209c4a0d88582a27db to remote] DEBUG org.asynchttpclient.netty.request.NettyRequestSender - Using pooled Channel '[id: 0xdffd1267, L:/127.0.0.1:61309 - R:localhost/127.0.0.1:13653]' for 'GET' to 'http://localhost:13653/session/343760fe1b3b1d209c4a0d88582a27db/alert/text'
11:36:11.558 [Forwarding getAlertText on session 343760fe1b3b1d209c4a0d88582a27db to remote] DEBUG org.asynchttpclient.netty.request.NettyRequestSender - Using open Channel [id: 0xdffd1267, L:/127.0.0.1:61309 - R:localhost/127.0.0.1:13653] for GET '/session/343760fe1b3b1d209c4a0d88582a27db/alert/text'
11:36:11.559 [AsyncHttpClient-1-5] DEBUG org.asynchttpclient.netty.handler.HttpHandler - 

Request DefaultFullHttpRequest(decodeResult: success, version: HTTP/1.1, content: EmptyByteBufBE)
GET /session/343760fe1b3b1d209c4a0d88582a27db/alert/text HTTP/1.1
User-Agent: selenium/4.8.0 (java windows)
Cache-Control: no-cache
Content-Type: application/json; charset=utf-8
host: localhost:13653
accept: */*

Response DefaultHttpResponse(decodeResult: success, version: HTTP/1.1)
HTTP/1.1 404 Not Found
Content-Length: 1522
Content-Type: application/json; charset=utf-8
cache-control: no-cache

11:36:11.559 [AsyncHttpClient-1-5] DEBUG org.asynchttpclient.netty.channel.ChannelManager - Adding key: http://localhost:13653 for channel [id: 0xdffd1267, L:/127.0.0.1:61309 - R:localhost/127.0.0.1:13653]
11:36:11.560 [Forwarding getCurrentUrl on session 343760fe1b3b1d209c4a0d88582a27db to remote] DEBUG org.asynchttpclient.netty.request.NettyRequestSender - Using pooled Channel '[id: 0xdffd1267, L:/127.0.0.1:61309 - R:localhost/127.0.0.1:13653]' for 'GET' to 'http://localhost:13653/session/343760fe1b3b1d209c4a0d88582a27db/url'
11:36:11.560 [Forwarding getCurrentUrl on session 343760fe1b3b1d209c4a0d88582a27db to remote] DEBUG org.asynchttpclient.netty.request.NettyRequestSender - Using open Channel [id: 0xdffd1267, L:/127.0.0.1:61309 - R:localhost/127.0.0.1:13653] for GET '/session/343760fe1b3b1d209c4a0d88582a27db/url'
11:36:11.564 [AsyncHttpClient-1-5] DEBUG org.asynchttpclient.netty.handler.HttpHandler - 

Request DefaultFullHttpRequest(decodeResult: success, version: HTTP/1.1, content: EmptyByteBufBE)
GET /session/343760fe1b3b1d209c4a0d88582a27db/url HTTP/1.1
User-Agent: selenium/4.8.0 (java windows)
Cache-Control: no-cache
Content-Type: application/json; charset=utf-8
host: localhost:13653
accept: */*

Response DefaultHttpResponse(decodeResult: success, version: HTTP/1.1)
HTTP/1.1 200 OK
Content-Length: 52
Content-Type: application/json; charset=utf-8
cache-control: no-cache

11:36:11.564 [AsyncHttpClient-1-5] DEBUG org.asynchttpclient.netty.channel.ChannelManager - Adding key: http://localhost:13653 for channel [id: 0xdffd1267, L:/127.0.0.1:61309 - R:localhost/127.0.0.1:13653]
11:36:11.564 [Forwarding screenshot on session 343760fe1b3b1d209c4a0d88582a27db to remote] DEBUG org.asynchttpclient.netty.request.NettyRequestSender - Using pooled Channel '[id: 0xdffd1267, L:/127.0.0.1:61309 - R:localhost/127.0.0.1:13653]' for 'GET' to 'http://localhost:13653/session/343760fe1b3b1d209c4a0d88582a27db/screenshot'
11:36:11.564 [Forwarding screenshot on session 343760fe1b3b1d209c4a0d88582a27db to remote] DEBUG org.asynchttpclient.netty.request.NettyRequestSender - Using open Channel [id: 0xdffd1267, L:/127.0.0.1:61309 - R:localhost/127.0.0.1:13653] for GET '/session/343760fe1b3b1d209c4a0d88582a27db/screenshot'
11:36:11.767 [AsyncHttpClient-1-5] DEBUG org.asynchttpclient.netty.handler.HttpHandler - 

Request DefaultFullHttpRequest(decodeResult: success, version: HTTP/1.1, content: EmptyByteBufBE)
GET /session/343760fe1b3b1d209c4a0d88582a27db/screenshot HTTP/1.1
User-Agent: selenium/4.8.0 (java windows)
Cache-Control: no-cache
Content-Type: application/json; charset=utf-8
host: localhost:13653
accept: */*

Response DefaultHttpResponse(decodeResult: success, version: HTTP/1.1)
HTTP/1.1 200 OK
Content-Length: 563500
Content-Type: application/json; charset=utf-8
cache-control: no-cache

11:36:11.768 [AsyncHttpClient-1-5] DEBUG org.asynchttpclient.netty.channel.ChannelManager - Adding key: http://localhost:13653 for channel [id: 0xdffd1267, L:/127.0.0.1:61309 - R:localhost/127.0.0.1:13653]
11:36:11.778 [main] DEBUG net.serenitybdd.core.photography.Darkroom - Send negative for processing for target\site\serenity\4bed3cdfce91ca4f358d5285b57371c62ff9f4a6deb5992f6a647f712a576b8a.png
11:36:11.778 [main] DEBUG net.thucydides.core.steps.StepInterceptor - STEP DONE: validate  secondary headers
11:36:11.789 [Forwarding getPageSource on session 343760fe1b3b1d209c4a0d88582a27db to remote] DEBUG org.asynchttpclient.netty.request.NettyRequestSender - Using pooled Channel '[id: 0xdffd1267, L:/127.0.0.1:61309 - R:localhost/127.0.0.1:13653]' for 'POST' to 'http://localhost:13653/session/343760fe1b3b1d209c4a0d88582a27db/execute/sync'
11:36:11.789 [Forwarding getPageSource on session 343760fe1b3b1d209c4a0d88582a27db to remote] DEBUG org.asynchttpclient.netty.request.NettyRequestSender - Using open Channel [id: 0xdffd1267, L:/127.0.0.1:61309 - R:localhost/127.0.0.1:13653] for POST '/session/343760fe1b3b1d209c4a0d88582a27db/execute/sync'
11:36:11.797 [AsyncHttpClient-1-5] DEBUG org.asynchttpclient.netty.handler.HttpHandler - 

Request DefaultHttpRequest(decodeResult: success, version: HTTP/1.1)
POST /session/343760fe1b3b1d209c4a0d88582a27db/execute/sync HTTP/1.1
User-Agent: selenium/4.8.0 (java windows)
Content-Length: 176
Content-Type: application/json; charset=utf-8
host: localhost:13653
accept: */*

Response DefaultHttpResponse(decodeResult: success, version: HTTP/1.1)
HTTP/1.1 200 OK
Content-Length: 16311
Content-Type: application/json; charset=utf-8
cache-control: no-cache

11:36:11.797 [AsyncHttpClient-1-5] DEBUG org.asynchttpclient.netty.channel.ChannelManager - Adding key: http://localhost:13653 for channel [id: 0xdffd1267, L:/127.0.0.1:61309 - R:localhost/127.0.0.1:13653]
11:36:11.799 [Forwarding getCurrentUrl on session 343760fe1b3b1d209c4a0d88582a27db to remote] DEBUG org.asynchttpclient.netty.request.NettyRequestSender - Using pooled Channel '[id: 0xdffd1267, L:/127.0.0.1:61309 - R:localhost/127.0.0.1:13653]' for 'GET' to 'http://localhost:13653/session/343760fe1b3b1d209c4a0d88582a27db/url'
11:36:11.799 [Forwarding getCurrentUrl on session 343760fe1b3b1d209c4a0d88582a27db to remote] DEBUG org.asynchttpclient.netty.request.NettyRequestSender - Using open Channel [id: 0xdffd1267, L:/127.0.0.1:61309 - R:localhost/127.0.0.1:13653] for GET '/session/343760fe1b3b1d209c4a0d88582a27db/url'
11:36:11.803 [AsyncHttpClient-1-5] DEBUG org.asynchttpclient.netty.handler.HttpHandler - 

Request DefaultFullHttpRequest(decodeResult: success, version: HTTP/1.1, content: EmptyByteBufBE)
GET /session/343760fe1b3b1d209c4a0d88582a27db/url HTTP/1.1
User-Agent: selenium/4.8.0 (java windows)
Cache-Control: no-cache
Content-Type: application/json; charset=utf-8
host: localhost:13653
accept: */*

Response DefaultHttpResponse(decodeResult: success, version: HTTP/1.1)
HTTP/1.1 200 OK
Content-Length: 52
Content-Type: application/json; charset=utf-8
cache-control: no-cache

11:36:11.803 [AsyncHttpClient-1-5] DEBUG org.asynchttpclient.netty.channel.ChannelManager - Adding key: http://localhost:13653 for channel [id: 0xdffd1267, L:/127.0.0.1:61309 - R:localhost/127.0.0.1:13653]
11:36:11.811 [main] DEBUG net.thucydides.core.steps.StepInterceptor - STARTING STEP: InventoryPageSteps.test4_validateInventoryPageHeaderAndFooters - validate Filter
11:36:11.812 [Forwarding findElements on session 343760fe1b3b1d209c4a0d88582a27db to remote] DEBUG org.asynchttpclient.netty.request.NettyRequestSender - Using pooled Channel '[id: 0xdffd1267, L:/127.0.0.1:61309 - R:localhost/127.0.0.1:13653]' for 'POST' to 'http://localhost:13653/session/343760fe1b3b1d209c4a0d88582a27db/elements'
11:36:11.812 [Forwarding findElements on session 343760fe1b3b1d209c4a0d88582a27db to remote] DEBUG org.asynchttpclient.netty.request.NettyRequestSender - Using open Channel [id: 0xdffd1267, L:/127.0.0.1:61309 - R:localhost/127.0.0.1:13653] for POST '/session/343760fe1b3b1d209c4a0d88582a27db/elements'
11:36:11.827 [AsyncHttpClient-1-5] DEBUG org.asynchttpclient.netty.handler.HttpHandler - 

Request DefaultHttpRequest(decodeResult: success, version: HTTP/1.1)
POST /session/343760fe1b3b1d209c4a0d88582a27db/elements HTTP/1.1
User-Agent: selenium/4.8.0 (java windows)
Content-Length: 88
Content-Type: application/json; charset=utf-8
host: localhost:13653
accept: */*

Response DefaultHttpResponse(decodeResult: success, version: HTTP/1.1)
HTTP/1.1 200 OK
Content-Length: 97
Content-Type: application/json; charset=utf-8
cache-control: no-cache

11:36:11.827 [AsyncHttpClient-1-5] DEBUG org.asynchttpclient.netty.channel.ChannelManager - Adding key: http://localhost:13653 for channel [id: 0xdffd1267, L:/127.0.0.1:61309 - R:localhost/127.0.0.1:13653]
11:36:11.828 [Forwarding findElements on session 343760fe1b3b1d209c4a0d88582a27db to remote] DEBUG org.asynchttpclient.netty.request.NettyRequestSender - Using pooled Channel '[id: 0xdffd1267, L:/127.0.0.1:61309 - R:localhost/127.0.0.1:13653]' for 'POST' to 'http://localhost:13653/session/343760fe1b3b1d209c4a0d88582a27db/elements'
11:36:11.828 [Forwarding findElements on session 343760fe1b3b1d209c4a0d88582a27db to remote] DEBUG org.asynchttpclient.netty.request.NettyRequestSender - Using open Channel [id: 0xdffd1267, L:/127.0.0.1:61309 - R:localhost/127.0.0.1:13653] for POST '/session/343760fe1b3b1d209c4a0d88582a27db/elements'
11:36:11.835 [AsyncHttpClient-1-5] DEBUG org.asynchttpclient.netty.handler.HttpHandler - 

Request DefaultHttpRequest(decodeResult: success, version: HTTP/1.1)
POST /session/343760fe1b3b1d209c4a0d88582a27db/elements HTTP/1.1
User-Agent: selenium/4.8.0 (java windows)
Content-Length: 88
Content-Type: application/json; charset=utf-8
host: localhost:13653
accept: */*

Response DefaultHttpResponse(decodeResult: success, version: HTTP/1.1)
HTTP/1.1 200 OK
Content-Length: 97
Content-Type: application/json; charset=utf-8
cache-control: no-cache

11:36:11.835 [AsyncHttpClient-1-5] DEBUG org.asynchttpclient.netty.channel.ChannelManager - Adding key: http://localhost:13653 for channel [id: 0xdffd1267, L:/127.0.0.1:61309 - R:localhost/127.0.0.1:13653]
11:36:11.836 [Forwarding getElementText on session 343760fe1b3b1d209c4a0d88582a27db to remote] DEBUG org.asynchttpclient.netty.request.NettyRequestSender - Using pooled Channel '[id: 0xdffd1267, L:/127.0.0.1:61309 - R:localhost/127.0.0.1:13653]' for 'GET' to 'http://localhost:13653/session/343760fe1b3b1d209c4a0d88582a27db/element/B5D78317CDC82913058D66A8C952A41F_element_20/text'
11:36:11.836 [Forwarding getElementText on session 343760fe1b3b1d209c4a0d88582a27db to remote] DEBUG org.asynchttpclient.netty.request.NettyRequestSender - Using open Channel [id: 0xdffd1267, L:/127.0.0.1:61309 - R:localhost/127.0.0.1:13653] for GET '/session/343760fe1b3b1d209c4a0d88582a27db/element/B5D78317CDC82913058D66A8C952A41F_element_20/text'
11:36:11.844 [AsyncHttpClient-1-5] DEBUG org.asynchttpclient.netty.handler.HttpHandler - 

Request DefaultFullHttpRequest(decodeResult: success, version: HTTP/1.1, content: EmptyByteBufBE)
GET /session/343760fe1b3b1d209c4a0d88582a27db/element/B5D78317CDC82913058D66A8C952A41F_element_20/text HTTP/1.1
User-Agent: selenium/4.8.0 (java windows)
Cache-Control: no-cache
Content-Type: application/json; charset=utf-8
host: localhost:13653
accept: */*

Response DefaultHttpResponse(decodeResult: success, version: HTTP/1.1)
HTTP/1.1 200 OK
Content-Length: 82
Content-Type: application/json; charset=utf-8
cache-control: no-cache

11:36:11.844 [AsyncHttpClient-1-5] DEBUG org.asynchttpclient.netty.channel.ChannelManager - Adding key: http://localhost:13653 for channel [id: 0xdffd1267, L:/127.0.0.1:61309 - R:localhost/127.0.0.1:13653]
11:36:11.844 [main] INFO  com.swaglabs.base.SetUp - Name(A to Z)not validated
11:36:11.846 [Forwarding findElements on session 343760fe1b3b1d209c4a0d88582a27db to remote] DEBUG org.asynchttpclient.netty.request.NettyRequestSender - Using pooled Channel '[id: 0xdffd1267, L:/127.0.0.1:61309 - R:localhost/127.0.0.1:13653]' for 'POST' to 'http://localhost:13653/session/343760fe1b3b1d209c4a0d88582a27db/elements'
11:36:11.846 [Forwarding findElements on session 343760fe1b3b1d209c4a0d88582a27db to remote] DEBUG org.asynchttpclient.netty.request.NettyRequestSender - Using open Channel [id: 0xdffd1267, L:/127.0.0.1:61309 - R:localhost/127.0.0.1:13653] for POST '/session/343760fe1b3b1d209c4a0d88582a27db/elements'
11:36:11.852 [AsyncHttpClient-1-5] DEBUG org.asynchttpclient.netty.handler.HttpHandler - 

Request DefaultHttpRequest(decodeResult: success, version: HTTP/1.1)
POST /session/343760fe1b3b1d209c4a0d88582a27db/elements HTTP/1.1
User-Agent: selenium/4.8.0 (java windows)
Content-Length: 88
Content-Type: application/json; charset=utf-8
host: localhost:13653
accept: */*

Response DefaultHttpResponse(decodeResult: success, version: HTTP/1.1)
HTTP/1.1 200 OK
Content-Length: 97
Content-Type: application/json; charset=utf-8
cache-control: no-cache

11:36:11.852 [AsyncHttpClient-1-5] DEBUG org.asynchttpclient.netty.channel.ChannelManager - Adding key: http://localhost:13653 for channel [id: 0xdffd1267, L:/127.0.0.1:61309 - R:localhost/127.0.0.1:13653]
11:36:11.856 [Forwarding getAlertText on session 343760fe1b3b1d209c4a0d88582a27db to remote] DEBUG org.asynchttpclient.netty.request.NettyRequestSender - Using pooled Channel '[id: 0xdffd1267, L:/127.0.0.1:61309 - R:localhost/127.0.0.1:13653]' for 'GET' to 'http://localhost:13653/session/343760fe1b3b1d209c4a0d88582a27db/alert/text'
11:36:11.856 [Forwarding getAlertText on session 343760fe1b3b1d209c4a0d88582a27db to remote] DEBUG org.asynchttpclient.netty.request.NettyRequestSender - Using open Channel [id: 0xdffd1267, L:/127.0.0.1:61309 - R:localhost/127.0.0.1:13653] for GET '/session/343760fe1b3b1d209c4a0d88582a27db/alert/text'
11:36:11.857 [AsyncHttpClient-1-5] DEBUG org.asynchttpclient.netty.handler.HttpHandler - 

Request DefaultFullHttpRequest(decodeResult: success, version: HTTP/1.1, content: EmptyByteBufBE)
GET /session/343760fe1b3b1d209c4a0d88582a27db/alert/text HTTP/1.1
User-Agent: selenium/4.8.0 (java windows)
Cache-Control: no-cache
Content-Type: application/json; charset=utf-8
host: localhost:13653
accept: */*

Response DefaultHttpResponse(decodeResult: success, version: HTTP/1.1)
HTTP/1.1 404 Not Found
Content-Length: 1522
Content-Type: application/json; charset=utf-8
cache-control: no-cache

11:36:11.858 [AsyncHttpClient-1-5] DEBUG org.asynchttpclient.netty.channel.ChannelManager - Adding key: http://localhost:13653 for channel [id: 0xdffd1267, L:/127.0.0.1:61309 - R:localhost/127.0.0.1:13653]
11:36:11.858 [Forwarding getCurrentUrl on session 343760fe1b3b1d209c4a0d88582a27db to remote] DEBUG org.asynchttpclient.netty.request.NettyRequestSender - Using pooled Channel '[id: 0xdffd1267, L:/127.0.0.1:61309 - R:localhost/127.0.0.1:13653]' for 'GET' to 'http://localhost:13653/session/343760fe1b3b1d209c4a0d88582a27db/url'
11:36:11.858 [Forwarding getCurrentUrl on session 343760fe1b3b1d209c4a0d88582a27db to remote] DEBUG org.asynchttpclient.netty.request.NettyRequestSender - Using open Channel [id: 0xdffd1267, L:/127.0.0.1:61309 - R:localhost/127.0.0.1:13653] for GET '/session/343760fe1b3b1d209c4a0d88582a27db/url'
11:36:11.860 [AsyncHttpClient-1-5] DEBUG org.asynchttpclient.netty.handler.HttpHandler - 

Request DefaultFullHttpRequest(decodeResult: success, version: HTTP/1.1, content: EmptyByteBufBE)
GET /session/343760fe1b3b1d209c4a0d88582a27db/url HTTP/1.1
User-Agent: selenium/4.8.0 (java windows)
Cache-Control: no-cache
Content-Type: application/json; charset=utf-8
host: localhost:13653
accept: */*

Response DefaultHttpResponse(decodeResult: success, version: HTTP/1.1)
HTTP/1.1 200 OK
Content-Length: 52
Content-Type: application/json; charset=utf-8
cache-control: no-cache

11:36:11.860 [AsyncHttpClient-1-5] DEBUG org.asynchttpclient.netty.channel.ChannelManager - Adding key: http://localhost:13653 for channel [id: 0xdffd1267, L:/127.0.0.1:61309 - R:localhost/127.0.0.1:13653]
11:36:11.861 [Forwarding screenshot on session 343760fe1b3b1d209c4a0d88582a27db to remote] DEBUG org.asynchttpclient.netty.request.NettyRequestSender - Using pooled Channel '[id: 0xdffd1267, L:/127.0.0.1:61309 - R:localhost/127.0.0.1:13653]' for 'GET' to 'http://localhost:13653/session/343760fe1b3b1d209c4a0d88582a27db/screenshot'
11:36:11.861 [Forwarding screenshot on session 343760fe1b3b1d209c4a0d88582a27db to remote] DEBUG org.asynchttpclient.netty.request.NettyRequestSender - Using open Channel [id: 0xdffd1267, L:/127.0.0.1:61309 - R:localhost/127.0.0.1:13653] for GET '/session/343760fe1b3b1d209c4a0d88582a27db/screenshot'
11:36:12.033 [AsyncHttpClient-1-1] DEBUG org.asynchttpclient.netty.channel.DefaultChannelPool - Entry count for : http://localhost:61317 : 1
11:36:12.052 [AsyncHttpClient-1-5] DEBUG org.asynchttpclient.netty.handler.HttpHandler - 

Request DefaultFullHttpRequest(decodeResult: success, version: HTTP/1.1, content: EmptyByteBufBE)
GET /session/343760fe1b3b1d209c4a0d88582a27db/screenshot HTTP/1.1
User-Agent: selenium/4.8.0 (java windows)
Cache-Control: no-cache
Content-Type: application/json; charset=utf-8
host: localhost:13653
accept: */*

Response DefaultHttpResponse(decodeResult: success, version: HTTP/1.1)
HTTP/1.1 200 OK
Content-Length: 563500
Content-Type: application/json; charset=utf-8
cache-control: no-cache

11:36:12.052 [AsyncHttpClient-1-5] DEBUG org.asynchttpclient.netty.channel.ChannelManager - Adding key: http://localhost:13653 for channel [id: 0xdffd1267, L:/127.0.0.1:61309 - R:localhost/127.0.0.1:13653]
11:36:12.068 [main] DEBUG net.serenitybdd.core.photography.Darkroom - Send negative for processing for target\site\serenity\4bed3cdfce91ca4f358d5285b57371c62ff9f4a6deb5992f6a647f712a576b8a.png
11:36:12.069 [main] DEBUG net.thucydides.core.steps.StepInterceptor - STEP DONE: validate Filter
11:36:12.074 [Forwarding getPageSource on session 343760fe1b3b1d209c4a0d88582a27db to remote] DEBUG org.asynchttpclient.netty.request.NettyRequestSender - Using pooled Channel '[id: 0xdffd1267, L:/127.0.0.1:61309 - R:localhost/127.0.0.1:13653]' for 'POST' to 'http://localhost:13653/session/343760fe1b3b1d209c4a0d88582a27db/execute/sync'
11:36:12.074 [Forwarding getPageSource on session 343760fe1b3b1d209c4a0d88582a27db to remote] DEBUG org.asynchttpclient.netty.request.NettyRequestSender - Using open Channel [id: 0xdffd1267, L:/127.0.0.1:61309 - R:localhost/127.0.0.1:13653] for POST '/session/343760fe1b3b1d209c4a0d88582a27db/execute/sync'
11:36:12.081 [AsyncHttpClient-1-5] DEBUG org.asynchttpclient.netty.handler.HttpHandler - 

Request DefaultHttpRequest(decodeResult: success, version: HTTP/1.1)
POST /session/343760fe1b3b1d209c4a0d88582a27db/execute/sync HTTP/1.1
User-Agent: selenium/4.8.0 (java windows)
Content-Length: 176
Content-Type: application/json; charset=utf-8
host: localhost:13653
accept: */*

Response DefaultHttpResponse(decodeResult: success, version: HTTP/1.1)
HTTP/1.1 200 OK
Content-Length: 16311
Content-Type: application/json; charset=utf-8
cache-control: no-cache

11:36:12.081 [AsyncHttpClient-1-5] DEBUG org.asynchttpclient.netty.channel.ChannelManager - Adding key: http://localhost:13653 for channel [id: 0xdffd1267, L:/127.0.0.1:61309 - R:localhost/127.0.0.1:13653]
11:36:12.082 [Forwarding getCurrentUrl on session 343760fe1b3b1d209c4a0d88582a27db to remote] DEBUG org.asynchttpclient.netty.request.NettyRequestSender - Using pooled Channel '[id: 0xdffd1267, L:/127.0.0.1:61309 - R:localhost/127.0.0.1:13653]' for 'GET' to 'http://localhost:13653/session/343760fe1b3b1d209c4a0d88582a27db/url'
11:36:12.082 [Forwarding getCurrentUrl on session 343760fe1b3b1d209c4a0d88582a27db to remote] DEBUG org.asynchttpclient.netty.request.NettyRequestSender - Using open Channel [id: 0xdffd1267, L:/127.0.0.1:61309 - R:localhost/127.0.0.1:13653] for GET '/session/343760fe1b3b1d209c4a0d88582a27db/url'
11:36:12.092 [AsyncHttpClient-1-5] DEBUG org.asynchttpclient.netty.handler.HttpHandler - 

Request DefaultFullHttpRequest(decodeResult: success, version: HTTP/1.1, content: EmptyByteBufBE)
GET /session/343760fe1b3b1d209c4a0d88582a27db/url HTTP/1.1
User-Agent: selenium/4.8.0 (java windows)
Cache-Control: no-cache
Content-Type: application/json; charset=utf-8
host: localhost:13653
accept: */*

Response DefaultHttpResponse(decodeResult: success, version: HTTP/1.1)
HTTP/1.1 200 OK
Content-Length: 52
Content-Type: application/json; charset=utf-8
cache-control: no-cache

11:36:12.092 [AsyncHttpClient-1-5] DEBUG org.asynchttpclient.netty.channel.ChannelManager - Adding key: http://localhost:13653 for channel [id: 0xdffd1267, L:/127.0.0.1:61309 - R:localhost/127.0.0.1:13653]
11:36:12.116 [main] DEBUG net.thucydides.core.steps.StepInterceptor - STARTING STEP: InventoryPageSteps.test4_validateInventoryPageHeaderAndFooters - validate AllProductsLabel
11:36:12.118 [Forwarding findElements on session 343760fe1b3b1d209c4a0d88582a27db to remote] DEBUG org.asynchttpclient.netty.request.NettyRequestSender - Using pooled Channel '[id: 0xdffd1267, L:/127.0.0.1:61309 - R:localhost/127.0.0.1:13653]' for 'POST' to 'http://localhost:13653/session/343760fe1b3b1d209c4a0d88582a27db/elements'
11:36:12.118 [Forwarding findElements on session 343760fe1b3b1d209c4a0d88582a27db to remote] DEBUG org.asynchttpclient.netty.request.NettyRequestSender - Using open Channel [id: 0xdffd1267, L:/127.0.0.1:61309 - R:localhost/127.0.0.1:13653] for POST '/session/343760fe1b3b1d209c4a0d88582a27db/elements'
11:36:12.130 [AsyncHttpClient-1-5] DEBUG org.asynchttpclient.netty.handler.HttpHandler - 

Request DefaultHttpRequest(decodeResult: success, version: HTTP/1.1)
POST /session/343760fe1b3b1d209c4a0d88582a27db/elements HTTP/1.1
User-Agent: selenium/4.8.0 (java windows)
Content-Length: 111
Content-Type: application/json; charset=utf-8
host: localhost:13653
accept: */*

Response DefaultHttpResponse(decodeResult: success, version: HTTP/1.1)
HTTP/1.1 200 OK
Content-Length: 527
Content-Type: application/json; charset=utf-8
cache-control: no-cache

11:36:12.130 [AsyncHttpClient-1-5] DEBUG org.asynchttpclient.netty.channel.ChannelManager - Adding key: http://localhost:13653 for channel [id: 0xdffd1267, L:/127.0.0.1:61309 - R:localhost/127.0.0.1:13653]
11:36:12.132 [Forwarding findElements on session 343760fe1b3b1d209c4a0d88582a27db to remote] DEBUG org.asynchttpclient.netty.request.NettyRequestSender - Using pooled Channel '[id: 0xdffd1267, L:/127.0.0.1:61309 - R:localhost/127.0.0.1:13653]' for 'POST' to 'http://localhost:13653/session/343760fe1b3b1d209c4a0d88582a27db/elements'
11:36:12.132 [Forwarding findElements on session 343760fe1b3b1d209c4a0d88582a27db to remote] DEBUG org.asynchttpclient.netty.request.NettyRequestSender - Using open Channel [id: 0xdffd1267, L:/127.0.0.1:61309 - R:localhost/127.0.0.1:13653] for POST '/session/343760fe1b3b1d209c4a0d88582a27db/elements'
11:36:12.141 [AsyncHttpClient-1-5] DEBUG org.asynchttpclient.netty.handler.HttpHandler - 

Request DefaultHttpRequest(decodeResult: success, version: HTTP/1.1)
POST /session/343760fe1b3b1d209c4a0d88582a27db/elements HTTP/1.1
User-Agent: selenium/4.8.0 (java windows)
Content-Length: 111
Content-Type: application/json; charset=utf-8
host: localhost:13653
accept: */*

Response DefaultHttpResponse(decodeResult: success, version: HTTP/1.1)
HTTP/1.1 200 OK
Content-Length: 527
Content-Type: application/json; charset=utf-8
cache-control: no-cache

11:36:12.141 [AsyncHttpClient-1-5] DEBUG org.asynchttpclient.netty.channel.ChannelManager - Adding key: http://localhost:13653 for channel [id: 0xdffd1267, L:/127.0.0.1:61309 - R:localhost/127.0.0.1:13653]
11:36:12.141 [Forwarding getElementText on session 343760fe1b3b1d209c4a0d88582a27db to remote] DEBUG org.asynchttpclient.netty.request.NettyRequestSender - Using pooled Channel '[id: 0xdffd1267, L:/127.0.0.1:61309 - R:localhost/127.0.0.1:13653]' for 'GET' to 'http://localhost:13653/session/343760fe1b3b1d209c4a0d88582a27db/element/B5D78317CDC82913058D66A8C952A41F_element_30/text'
11:36:12.142 [Forwarding getElementText on session 343760fe1b3b1d209c4a0d88582a27db to remote] DEBUG org.asynchttpclient.netty.request.NettyRequestSender - Using open Channel [id: 0xdffd1267, L:/127.0.0.1:61309 - R:localhost/127.0.0.1:13653] for GET '/session/343760fe1b3b1d209c4a0d88582a27db/element/B5D78317CDC82913058D66A8C952A41F_element_30/text'
11:36:12.151 [AsyncHttpClient-1-5] DEBUG org.asynchttpclient.netty.handler.HttpHandler - 

Request DefaultFullHttpRequest(decodeResult: success, version: HTTP/1.1, content: EmptyByteBufBE)
GET /session/343760fe1b3b1d209c4a0d88582a27db/element/B5D78317CDC82913058D66A8C952A41F_element_30/text HTTP/1.1
User-Agent: selenium/4.8.0 (java windows)
Cache-Control: no-cache
Content-Type: application/json; charset=utf-8
host: localhost:13653
accept: */*

Response DefaultHttpResponse(decodeResult: success, version: HTTP/1.1)
HTTP/1.1 200 OK
Content-Length: 31
Content-Type: application/json; charset=utf-8
cache-control: no-cache

11:36:12.151 [AsyncHttpClient-1-5] DEBUG org.asynchttpclient.netty.channel.ChannelManager - Adding key: http://localhost:13653 for channel [id: 0xdffd1267, L:/127.0.0.1:61309 - R:localhost/127.0.0.1:13653]
11:36:12.153 [Forwarding findElements on session 343760fe1b3b1d209c4a0d88582a27db to remote] DEBUG org.asynchttpclient.netty.request.NettyRequestSender - Using pooled Channel '[id: 0xdffd1267, L:/127.0.0.1:61309 - R:localhost/127.0.0.1:13653]' for 'POST' to 'http://localhost:13653/session/343760fe1b3b1d209c4a0d88582a27db/elements'
11:36:12.153 [Forwarding findElements on session 343760fe1b3b1d209c4a0d88582a27db to remote] DEBUG org.asynchttpclient.netty.request.NettyRequestSender - Using open Channel [id: 0xdffd1267, L:/127.0.0.1:61309 - R:localhost/127.0.0.1:13653] for POST '/session/343760fe1b3b1d209c4a0d88582a27db/elements'
11:36:12.162 [AsyncHttpClient-1-5] DEBUG org.asynchttpclient.netty.handler.HttpHandler - 

Request DefaultHttpRequest(decodeResult: success, version: HTTP/1.1)
POST /session/343760fe1b3b1d209c4a0d88582a27db/elements HTTP/1.1
User-Agent: selenium/4.8.0 (java windows)
Content-Length: 111
Content-Type: application/json; charset=utf-8
host: localhost:13653
accept: */*

Response DefaultHttpResponse(decodeResult: success, version: HTTP/1.1)
HTTP/1.1 200 OK
Content-Length: 527
Content-Type: application/json; charset=utf-8
cache-control: no-cache

11:36:12.162 [AsyncHttpClient-1-5] DEBUG org.asynchttpclient.netty.channel.ChannelManager - Adding key: http://localhost:13653 for channel [id: 0xdffd1267, L:/127.0.0.1:61309 - R:localhost/127.0.0.1:13653]
11:36:12.164 [Forwarding getElementText on session 343760fe1b3b1d209c4a0d88582a27db to remote] DEBUG org.asynchttpclient.netty.request.NettyRequestSender - Using pooled Channel '[id: 0xdffd1267, L:/127.0.0.1:61309 - R:localhost/127.0.0.1:13653]' for 'GET' to 'http://localhost:13653/session/343760fe1b3b1d209c4a0d88582a27db/element/B5D78317CDC82913058D66A8C952A41F_element_30/text'
11:36:12.164 [Forwarding getElementText on session 343760fe1b3b1d209c4a0d88582a27db to remote] DEBUG org.asynchttpclient.netty.request.NettyRequestSender - Using open Channel [id: 0xdffd1267, L:/127.0.0.1:61309 - R:localhost/127.0.0.1:13653] for GET '/session/343760fe1b3b1d209c4a0d88582a27db/element/B5D78317CDC82913058D66A8C952A41F_element_30/text'
11:36:12.172 [AsyncHttpClient-1-5] DEBUG org.asynchttpclient.netty.handler.HttpHandler - 

Request DefaultFullHttpRequest(decodeResult: success, version: HTTP/1.1, content: EmptyByteBufBE)
GET /session/343760fe1b3b1d209c4a0d88582a27db/element/B5D78317CDC82913058D66A8C952A41F_element_30/text HTTP/1.1
User-Agent: selenium/4.8.0 (java windows)
Cache-Control: no-cache
Content-Type: application/json; charset=utf-8
host: localhost:13653
accept: */*

Response DefaultHttpResponse(decodeResult: success, version: HTTP/1.1)
HTTP/1.1 200 OK
Content-Length: 31
Content-Type: application/json; charset=utf-8
cache-control: no-cache

11:36:12.172 [AsyncHttpClient-1-5] DEBUG org.asynchttpclient.netty.channel.ChannelManager - Adding key: http://localhost:13653 for channel [id: 0xdffd1267, L:/127.0.0.1:61309 - R:localhost/127.0.0.1:13653]
11:36:12.174 [Forwarding findElements on session 343760fe1b3b1d209c4a0d88582a27db to remote] DEBUG org.asynchttpclient.netty.request.NettyRequestSender - Using pooled Channel '[id: 0xdffd1267, L:/127.0.0.1:61309 - R:localhost/127.0.0.1:13653]' for 'POST' to 'http://localhost:13653/session/343760fe1b3b1d209c4a0d88582a27db/elements'
11:36:12.174 [Forwarding findElements on session 343760fe1b3b1d209c4a0d88582a27db to remote] DEBUG org.asynchttpclient.netty.request.NettyRequestSender - Using open Channel [id: 0xdffd1267, L:/127.0.0.1:61309 - R:localhost/127.0.0.1:13653] for POST '/session/343760fe1b3b1d209c4a0d88582a27db/elements'
11:36:12.181 [AsyncHttpClient-1-5] DEBUG org.asynchttpclient.netty.handler.HttpHandler - 

Request DefaultHttpRequest(decodeResult: success, version: HTTP/1.1)
POST /session/343760fe1b3b1d209c4a0d88582a27db/elements HTTP/1.1
User-Agent: selenium/4.8.0 (java windows)
Content-Length: 111
Content-Type: application/json; charset=utf-8
host: localhost:13653
accept: */*

Response DefaultHttpResponse(decodeResult: success, version: HTTP/1.1)
HTTP/1.1 200 OK
Content-Length: 527
Content-Type: application/json; charset=utf-8
cache-control: no-cache

11:36:12.181 [AsyncHttpClient-1-5] DEBUG org.asynchttpclient.netty.channel.ChannelManager - Adding key: http://localhost:13653 for channel [id: 0xdffd1267, L:/127.0.0.1:61309 - R:localhost/127.0.0.1:13653]
11:36:12.182 [Forwarding getElementTagName on session 343760fe1b3b1d209c4a0d88582a27db to remote] DEBUG org.asynchttpclient.netty.request.NettyRequestSender - Using pooled Channel '[id: 0xdffd1267, L:/127.0.0.1:61309 - R:localhost/127.0.0.1:13653]' for 'GET' to 'http://localhost:13653/session/343760fe1b3b1d209c4a0d88582a27db/element/B5D78317CDC82913058D66A8C952A41F_element_30/name'
11:36:12.182 [Forwarding getElementTagName on session 343760fe1b3b1d209c4a0d88582a27db to remote] DEBUG org.asynchttpclient.netty.request.NettyRequestSender - Using open Channel [id: 0xdffd1267, L:/127.0.0.1:61309 - R:localhost/127.0.0.1:13653] for GET '/session/343760fe1b3b1d209c4a0d88582a27db/element/B5D78317CDC82913058D66A8C952A41F_element_30/name'
11:36:12.186 [AsyncHttpClient-1-5] DEBUG org.asynchttpclient.netty.handler.HttpHandler - 

Request DefaultFullHttpRequest(decodeResult: success, version: HTTP/1.1, content: EmptyByteBufBE)
GET /session/343760fe1b3b1d209c4a0d88582a27db/element/B5D78317CDC82913058D66A8C952A41F_element_30/name HTTP/1.1
User-Agent: selenium/4.8.0 (java windows)
Cache-Control: no-cache
Content-Type: application/json; charset=utf-8
host: localhost:13653
accept: */*

Response DefaultHttpResponse(decodeResult: success, version: HTTP/1.1)
HTTP/1.1 200 OK
Content-Length: 15
Content-Type: application/json; charset=utf-8
cache-control: no-cache

11:36:12.186 [AsyncHttpClient-1-5] DEBUG org.asynchttpclient.netty.channel.ChannelManager - Adding key: http://localhost:13653 for channel [id: 0xdffd1267, L:/127.0.0.1:61309 - R:localhost/127.0.0.1:13653]
11:36:12.188 [Forwarding getElementAttribute on session 343760fe1b3b1d209c4a0d88582a27db to remote] DEBUG org.asynchttpclient.netty.request.NettyRequestSender - Using pooled Channel '[id: 0xdffd1267, L:/127.0.0.1:61309 - R:localhost/127.0.0.1:13653]' for 'POST' to 'http://localhost:13653/session/343760fe1b3b1d209c4a0d88582a27db/execute/sync'
11:36:12.189 [Forwarding getElementAttribute on session 343760fe1b3b1d209c4a0d88582a27db to remote] DEBUG org.asynchttpclient.netty.request.NettyRequestSender - Using open Channel [id: 0xdffd1267, L:/127.0.0.1:61309 - R:localhost/127.0.0.1:13653] for POST '/session/343760fe1b3b1d209c4a0d88582a27db/execute/sync'
11:36:12.201 [AsyncHttpClient-1-5] DEBUG org.asynchttpclient.netty.handler.HttpHandler - 

Request DefaultHttpRequest(decodeResult: success, version: HTTP/1.1)
POST /session/343760fe1b3b1d209c4a0d88582a27db/execute/sync HTTP/1.1
User-Agent: selenium/4.8.0 (java windows)
Content-Length: 47372
Content-Type: application/json; charset=utf-8
host: localhost:13653
accept: */*

Response DefaultHttpResponse(decodeResult: success, version: HTTP/1.1)
HTTP/1.1 200 OK
Content-Length: 12
Content-Type: application/json; charset=utf-8
cache-control: no-cache

11:36:12.201 [AsyncHttpClient-1-5] DEBUG org.asynchttpclient.netty.channel.ChannelManager - Adding key: http://localhost:13653 for channel [id: 0xdffd1267, L:/127.0.0.1:61309 - R:localhost/127.0.0.1:13653]
11:36:12.203 [Forwarding getElementAttribute on session 343760fe1b3b1d209c4a0d88582a27db to remote] DEBUG org.asynchttpclient.netty.request.NettyRequestSender - Using pooled Channel '[id: 0xdffd1267, L:/127.0.0.1:61309 - R:localhost/127.0.0.1:13653]' for 'POST' to 'http://localhost:13653/session/343760fe1b3b1d209c4a0d88582a27db/execute/sync'
11:36:12.204 [Forwarding getElementAttribute on session 343760fe1b3b1d209c4a0d88582a27db to remote] DEBUG org.asynchttpclient.netty.request.NettyRequestSender - Using open Channel [id: 0xdffd1267, L:/127.0.0.1:61309 - R:localhost/127.0.0.1:13653] for POST '/session/343760fe1b3b1d209c4a0d88582a27db/execute/sync'
11:36:12.217 [AsyncHttpClient-1-5] DEBUG org.asynchttpclient.netty.handler.HttpHandler - 

Request DefaultHttpRequest(decodeResult: success, version: HTTP/1.1)
POST /session/343760fe1b3b1d209c4a0d88582a27db/execute/sync HTTP/1.1
User-Agent: selenium/4.8.0 (java windows)
Content-Length: 47374
Content-Type: application/json; charset=utf-8
host: localhost:13653
accept: */*

Response DefaultHttpResponse(decodeResult: success, version: HTTP/1.1)
HTTP/1.1 200 OK
Content-Length: 14
Content-Type: application/json; charset=utf-8
cache-control: no-cache

11:36:12.217 [AsyncHttpClient-1-5] DEBUG org.asynchttpclient.netty.channel.ChannelManager - Adding key: http://localhost:13653 for channel [id: 0xdffd1267, L:/127.0.0.1:61309 - R:localhost/127.0.0.1:13653]
11:36:12.219 [Forwarding getElementAttribute on session 343760fe1b3b1d209c4a0d88582a27db to remote] DEBUG org.asynchttpclient.netty.request.NettyRequestSender - Using pooled Channel '[id: 0xdffd1267, L:/127.0.0.1:61309 - R:localhost/127.0.0.1:13653]' for 'POST' to 'http://localhost:13653/session/343760fe1b3b1d209c4a0d88582a27db/execute/sync'
11:36:12.219 [Forwarding getElementAttribute on session 343760fe1b3b1d209c4a0d88582a27db to remote] DEBUG org.asynchttpclient.netty.request.NettyRequestSender - Using open Channel [id: 0xdffd1267, L:/127.0.0.1:61309 - R:localhost/127.0.0.1:13653] for POST '/session/343760fe1b3b1d209c4a0d88582a27db/execute/sync'
11:36:12.230 [AsyncHttpClient-1-5] DEBUG org.asynchttpclient.netty.handler.HttpHandler - 

Request DefaultHttpRequest(decodeResult: success, version: HTTP/1.1)
POST /session/343760fe1b3b1d209c4a0d88582a27db/execute/sync HTTP/1.1
User-Agent: selenium/4.8.0 (java windows)
Content-Length: 47374
Content-Type: application/json; charset=utf-8
host: localhost:13653
accept: */*

Response DefaultHttpResponse(decodeResult: success, version: HTTP/1.1)
HTTP/1.1 200 OK
Content-Length: 14
Content-Type: application/json; charset=utf-8
cache-control: no-cache

11:36:12.231 [AsyncHttpClient-1-5] DEBUG org.asynchttpclient.netty.channel.ChannelManager - Adding key: http://localhost:13653 for channel [id: 0xdffd1267, L:/127.0.0.1:61309 - R:localhost/127.0.0.1:13653]
11:36:12.232 [Forwarding getElementAttribute on session 343760fe1b3b1d209c4a0d88582a27db to remote] DEBUG org.asynchttpclient.netty.request.NettyRequestSender - Using pooled Channel '[id: 0xdffd1267, L:/127.0.0.1:61309 - R:localhost/127.0.0.1:13653]' for 'POST' to 'http://localhost:13653/session/343760fe1b3b1d209c4a0d88582a27db/execute/sync'
11:36:12.232 [Forwarding getElementAttribute on session 343760fe1b3b1d209c4a0d88582a27db to remote] DEBUG org.asynchttpclient.netty.request.NettyRequestSender - Using open Channel [id: 0xdffd1267, L:/127.0.0.1:61309 - R:localhost/127.0.0.1:13653] for POST '/session/343760fe1b3b1d209c4a0d88582a27db/execute/sync'
11:36:12.243 [AsyncHttpClient-1-5] DEBUG org.asynchttpclient.netty.handler.HttpHandler - 

Request DefaultHttpRequest(decodeResult: success, version: HTTP/1.1)
POST /session/343760fe1b3b1d209c4a0d88582a27db/execute/sync HTTP/1.1
User-Agent: selenium/4.8.0 (java windows)
Content-Length: 47374
Content-Type: application/json; charset=utf-8
host: localhost:13653
accept: */*

Response DefaultHttpResponse(decodeResult: success, version: HTTP/1.1)
HTTP/1.1 200 OK
Content-Length: 14
Content-Type: application/json; charset=utf-8
cache-control: no-cache

11:36:12.243 [AsyncHttpClient-1-5] DEBUG org.asynchttpclient.netty.channel.ChannelManager - Adding key: http://localhost:13653 for channel [id: 0xdffd1267, L:/127.0.0.1:61309 - R:localhost/127.0.0.1:13653]
11:36:12.245 [Forwarding getElementAttribute on session 343760fe1b3b1d209c4a0d88582a27db to remote] DEBUG org.asynchttpclient.netty.request.NettyRequestSender - Using pooled Channel '[id: 0xdffd1267, L:/127.0.0.1:61309 - R:localhost/127.0.0.1:13653]' for 'POST' to 'http://localhost:13653/session/343760fe1b3b1d209c4a0d88582a27db/execute/sync'
11:36:12.246 [Forwarding getElementAttribute on session 343760fe1b3b1d209c4a0d88582a27db to remote] DEBUG org.asynchttpclient.netty.request.NettyRequestSender - Using open Channel [id: 0xdffd1267, L:/127.0.0.1:61309 - R:localhost/127.0.0.1:13653] for POST '/session/343760fe1b3b1d209c4a0d88582a27db/execute/sync'
11:36:12.257 [AsyncHttpClient-1-5] DEBUG org.asynchttpclient.netty.handler.HttpHandler - 

Request DefaultHttpRequest(decodeResult: success, version: HTTP/1.1)
POST /session/343760fe1b3b1d209c4a0d88582a27db/execute/sync HTTP/1.1
User-Agent: selenium/4.8.0 (java windows)
Content-Length: 47375
Content-Type: application/json; charset=utf-8
host: localhost:13653
accept: */*

Response DefaultHttpResponse(decodeResult: success, version: HTTP/1.1)
HTTP/1.1 200 OK
Content-Length: 14
Content-Type: application/json; charset=utf-8
cache-control: no-cache

11:36:12.257 [AsyncHttpClient-1-5] DEBUG org.asynchttpclient.netty.channel.ChannelManager - Adding key: http://localhost:13653 for channel [id: 0xdffd1267, L:/127.0.0.1:61309 - R:localhost/127.0.0.1:13653]
11:36:12.259 [Forwarding getElementAttribute on session 343760fe1b3b1d209c4a0d88582a27db to remote] DEBUG org.asynchttpclient.netty.request.NettyRequestSender - Using pooled Channel '[id: 0xdffd1267, L:/127.0.0.1:61309 - R:localhost/127.0.0.1:13653]' for 'POST' to 'http://localhost:13653/session/343760fe1b3b1d209c4a0d88582a27db/execute/sync'
11:36:12.259 [Forwarding getElementAttribute on session 343760fe1b3b1d209c4a0d88582a27db to remote] DEBUG org.asynchttpclient.netty.request.NettyRequestSender - Using open Channel [id: 0xdffd1267, L:/127.0.0.1:61309 - R:localhost/127.0.0.1:13653] for POST '/session/343760fe1b3b1d209c4a0d88582a27db/execute/sync'
11:36:12.270 [AsyncHttpClient-1-5] DEBUG org.asynchttpclient.netty.handler.HttpHandler - 

Request DefaultHttpRequest(decodeResult: success, version: HTTP/1.1)
POST /session/343760fe1b3b1d209c4a0d88582a27db/execute/sync HTTP/1.1
User-Agent: selenium/4.8.0 (java windows)
Content-Length: 47375
Content-Type: application/json; charset=utf-8
host: localhost:13653
accept: */*

Response DefaultHttpResponse(decodeResult: success, version: HTTP/1.1)
HTTP/1.1 200 OK
Content-Length: 31
Content-Type: application/json; charset=utf-8
cache-control: no-cache

11:36:12.270 [AsyncHttpClient-1-5] DEBUG org.asynchttpclient.netty.channel.ChannelManager - Adding key: http://localhost:13653 for channel [id: 0xdffd1267, L:/127.0.0.1:61309 - R:localhost/127.0.0.1:13653]
11:36:12.272 [Forwarding getElementAttribute on session 343760fe1b3b1d209c4a0d88582a27db to remote] DEBUG org.asynchttpclient.netty.request.NettyRequestSender - Using pooled Channel '[id: 0xdffd1267, L:/127.0.0.1:61309 - R:localhost/127.0.0.1:13653]' for 'POST' to 'http://localhost:13653/session/343760fe1b3b1d209c4a0d88582a27db/execute/sync'
11:36:12.272 [Forwarding getElementAttribute on session 343760fe1b3b1d209c4a0d88582a27db to remote] DEBUG org.asynchttpclient.netty.request.NettyRequestSender - Using open Channel [id: 0xdffd1267, L:/127.0.0.1:61309 - R:localhost/127.0.0.1:13653] for POST '/session/343760fe1b3b1d209c4a0d88582a27db/execute/sync'
11:36:12.291 [AsyncHttpClient-1-5] DEBUG org.asynchttpclient.netty.handler.HttpHandler - 

Request DefaultHttpRequest(decodeResult: success, version: HTTP/1.1)
POST /session/343760fe1b3b1d209c4a0d88582a27db/execute/sync HTTP/1.1
User-Agent: selenium/4.8.0 (java windows)
Content-Length: 47375
Content-Type: application/json; charset=utf-8
host: localhost:13653
accept: */*

Response DefaultHttpResponse(decodeResult: success, version: HTTP/1.1)
HTTP/1.1 200 OK
Content-Length: 31
Content-Type: application/json; charset=utf-8
cache-control: no-cache

11:36:12.291 [AsyncHttpClient-1-5] DEBUG org.asynchttpclient.netty.channel.ChannelManager - Adding key: http://localhost:13653 for channel [id: 0xdffd1267, L:/127.0.0.1:61309 - R:localhost/127.0.0.1:13653]
11:36:12.292 [main] INFO  com.swaglabs.base.SetUp - <div class='inventory_item_name'> - InventoryPage.productnamesininverntorypagevalidated
11:36:12.294 [Forwarding findElements on session 343760fe1b3b1d209c4a0d88582a27db to remote] DEBUG org.asynchttpclient.netty.request.NettyRequestSender - Using pooled Channel '[id: 0xdffd1267, L:/127.0.0.1:61309 - R:localhost/127.0.0.1:13653]' for 'POST' to 'http://localhost:13653/session/343760fe1b3b1d209c4a0d88582a27db/elements'
11:36:12.294 [Forwarding findElements on session 343760fe1b3b1d209c4a0d88582a27db to remote] DEBUG org.asynchttpclient.netty.request.NettyRequestSender - Using open Channel [id: 0xdffd1267, L:/127.0.0.1:61309 - R:localhost/127.0.0.1:13653] for POST '/session/343760fe1b3b1d209c4a0d88582a27db/elements'
11:36:12.316 [AsyncHttpClient-1-5] DEBUG org.asynchttpclient.netty.handler.HttpHandler - 

Request DefaultHttpRequest(decodeResult: success, version: HTTP/1.1)
POST /session/343760fe1b3b1d209c4a0d88582a27db/elements HTTP/1.1
User-Agent: selenium/4.8.0 (java windows)
Content-Length: 111
Content-Type: application/json; charset=utf-8
host: localhost:13653
accept: */*

Response DefaultHttpResponse(decodeResult: success, version: HTTP/1.1)
HTTP/1.1 200 OK
Content-Length: 527
Content-Type: application/json; charset=utf-8
cache-control: no-cache

11:36:12.316 [AsyncHttpClient-1-5] DEBUG org.asynchttpclient.netty.channel.ChannelManager - Adding key: http://localhost:13653 for channel [id: 0xdffd1267, L:/127.0.0.1:61309 - R:localhost/127.0.0.1:13653]
11:36:12.318 [Forwarding findElements on session 343760fe1b3b1d209c4a0d88582a27db to remote] DEBUG org.asynchttpclient.netty.request.NettyRequestSender - Using pooled Channel '[id: 0xdffd1267, L:/127.0.0.1:61309 - R:localhost/127.0.0.1:13653]' for 'POST' to 'http://localhost:13653/session/343760fe1b3b1d209c4a0d88582a27db/elements'
11:36:12.318 [Forwarding findElements on session 343760fe1b3b1d209c4a0d88582a27db to remote] DEBUG org.asynchttpclient.netty.request.NettyRequestSender - Using open Channel [id: 0xdffd1267, L:/127.0.0.1:61309 - R:localhost/127.0.0.1:13653] for POST '/session/343760fe1b3b1d209c4a0d88582a27db/elements'
11:36:12.325 [AsyncHttpClient-1-5] DEBUG org.asynchttpclient.netty.handler.HttpHandler - 

Request DefaultHttpRequest(decodeResult: success, version: HTTP/1.1)
POST /session/343760fe1b3b1d209c4a0d88582a27db/elements HTTP/1.1
User-Agent: selenium/4.8.0 (java windows)
Content-Length: 111
Content-Type: application/json; charset=utf-8
host: localhost:13653
accept: */*

Response DefaultHttpResponse(decodeResult: success, version: HTTP/1.1)
HTTP/1.1 200 OK
Content-Length: 527
Content-Type: application/json; charset=utf-8
cache-control: no-cache

11:36:12.325 [AsyncHttpClient-1-5] DEBUG org.asynchttpclient.netty.channel.ChannelManager - Adding key: http://localhost:13653 for channel [id: 0xdffd1267, L:/127.0.0.1:61309 - R:localhost/127.0.0.1:13653]
11:36:12.327 [Forwarding getElementText on session 343760fe1b3b1d209c4a0d88582a27db to remote] DEBUG org.asynchttpclient.netty.request.NettyRequestSender - Using pooled Channel '[id: 0xdffd1267, L:/127.0.0.1:61309 - R:localhost/127.0.0.1:13653]' for 'GET' to 'http://localhost:13653/session/343760fe1b3b1d209c4a0d88582a27db/element/B5D78317CDC82913058D66A8C952A41F_element_31/text'
11:36:12.327 [Forwarding getElementText on session 343760fe1b3b1d209c4a0d88582a27db to remote] DEBUG org.asynchttpclient.netty.request.NettyRequestSender - Using open Channel [id: 0xdffd1267, L:/127.0.0.1:61309 - R:localhost/127.0.0.1:13653] for GET '/session/343760fe1b3b1d209c4a0d88582a27db/element/B5D78317CDC82913058D66A8C952A41F_element_31/text'
11:36:12.334 [AsyncHttpClient-1-5] DEBUG org.asynchttpclient.netty.handler.HttpHandler - 

Request DefaultFullHttpRequest(decodeResult: success, version: HTTP/1.1, content: EmptyByteBufBE)
GET /session/343760fe1b3b1d209c4a0d88582a27db/element/B5D78317CDC82913058D66A8C952A41F_element_31/text HTTP/1.1
User-Agent: selenium/4.8.0 (java windows)
Cache-Control: no-cache
Content-Type: application/json; charset=utf-8
host: localhost:13653
accept: */*

Response DefaultHttpResponse(decodeResult: success, version: HTTP/1.1)
HTTP/1.1 200 OK
Content-Length: 33
Content-Type: application/json; charset=utf-8
cache-control: no-cache

11:36:12.335 [AsyncHttpClient-1-5] DEBUG org.asynchttpclient.netty.channel.ChannelManager - Adding key: http://localhost:13653 for channel [id: 0xdffd1267, L:/127.0.0.1:61309 - R:localhost/127.0.0.1:13653]
11:36:12.336 [Forwarding findElements on session 343760fe1b3b1d209c4a0d88582a27db to remote] DEBUG org.asynchttpclient.netty.request.NettyRequestSender - Using pooled Channel '[id: 0xdffd1267, L:/127.0.0.1:61309 - R:localhost/127.0.0.1:13653]' for 'POST' to 'http://localhost:13653/session/343760fe1b3b1d209c4a0d88582a27db/elements'
11:36:12.336 [Forwarding findElements on session 343760fe1b3b1d209c4a0d88582a27db to remote] DEBUG org.asynchttpclient.netty.request.NettyRequestSender - Using open Channel [id: 0xdffd1267, L:/127.0.0.1:61309 - R:localhost/127.0.0.1:13653] for POST '/session/343760fe1b3b1d209c4a0d88582a27db/elements'
11:36:12.344 [AsyncHttpClient-1-5] DEBUG org.asynchttpclient.netty.handler.HttpHandler - 

Request DefaultHttpRequest(decodeResult: success, version: HTTP/1.1)
POST /session/343760fe1b3b1d209c4a0d88582a27db/elements HTTP/1.1
User-Agent: selenium/4.8.0 (java windows)
Content-Length: 111
Content-Type: application/json; charset=utf-8
host: localhost:13653
accept: */*

Response DefaultHttpResponse(decodeResult: success, version: HTTP/1.1)
HTTP/1.1 200 OK
Content-Length: 527
Content-Type: application/json; charset=utf-8
cache-control: no-cache

11:36:12.344 [AsyncHttpClient-1-5] DEBUG org.asynchttpclient.netty.channel.ChannelManager - Adding key: http://localhost:13653 for channel [id: 0xdffd1267, L:/127.0.0.1:61309 - R:localhost/127.0.0.1:13653]
11:36:12.345 [Forwarding getElementText on session 343760fe1b3b1d209c4a0d88582a27db to remote] DEBUG org.asynchttpclient.netty.request.NettyRequestSender - Using pooled Channel '[id: 0xdffd1267, L:/127.0.0.1:61309 - R:localhost/127.0.0.1:13653]' for 'GET' to 'http://localhost:13653/session/343760fe1b3b1d209c4a0d88582a27db/element/B5D78317CDC82913058D66A8C952A41F_element_31/text'
11:36:12.345 [Forwarding getElementText on session 343760fe1b3b1d209c4a0d88582a27db to remote] DEBUG org.asynchttpclient.netty.request.NettyRequestSender - Using open Channel [id: 0xdffd1267, L:/127.0.0.1:61309 - R:localhost/127.0.0.1:13653] for GET '/session/343760fe1b3b1d209c4a0d88582a27db/element/B5D78317CDC82913058D66A8C952A41F_element_31/text'
11:36:12.357 [AsyncHttpClient-1-5] DEBUG org.asynchttpclient.netty.handler.HttpHandler - 

Request DefaultFullHttpRequest(decodeResult: success, version: HTTP/1.1, content: EmptyByteBufBE)
GET /session/343760fe1b3b1d209c4a0d88582a27db/element/B5D78317CDC82913058D66A8C952A41F_element_31/text HTTP/1.1
User-Agent: selenium/4.8.0 (java windows)
Cache-Control: no-cache
Content-Type: application/json; charset=utf-8
host: localhost:13653
accept: */*

Response DefaultHttpResponse(decodeResult: success, version: HTTP/1.1)
HTTP/1.1 200 OK
Content-Length: 33
Content-Type: application/json; charset=utf-8
cache-control: no-cache

11:36:12.357 [AsyncHttpClient-1-5] DEBUG org.asynchttpclient.netty.channel.ChannelManager - Adding key: http://localhost:13653 for channel [id: 0xdffd1267, L:/127.0.0.1:61309 - R:localhost/127.0.0.1:13653]
11:36:12.359 [Forwarding findElements on session 343760fe1b3b1d209c4a0d88582a27db to remote] DEBUG org.asynchttpclient.netty.request.NettyRequestSender - Using pooled Channel '[id: 0xdffd1267, L:/127.0.0.1:61309 - R:localhost/127.0.0.1:13653]' for 'POST' to 'http://localhost:13653/session/343760fe1b3b1d209c4a0d88582a27db/elements'
11:36:12.359 [Forwarding findElements on session 343760fe1b3b1d209c4a0d88582a27db to remote] DEBUG org.asynchttpclient.netty.request.NettyRequestSender - Using open Channel [id: 0xdffd1267, L:/127.0.0.1:61309 - R:localhost/127.0.0.1:13653] for POST '/session/343760fe1b3b1d209c4a0d88582a27db/elements'
11:36:12.366 [AsyncHttpClient-1-5] DEBUG org.asynchttpclient.netty.handler.HttpHandler - 

Request DefaultHttpRequest(decodeResult: success, version: HTTP/1.1)
POST /session/343760fe1b3b1d209c4a0d88582a27db/elements HTTP/1.1
User-Agent: selenium/4.8.0 (java windows)
Content-Length: 111
Content-Type: application/json; charset=utf-8
host: localhost:13653
accept: */*

Response DefaultHttpResponse(decodeResult: success, version: HTTP/1.1)
HTTP/1.1 200 OK
Content-Length: 527
Content-Type: application/json; charset=utf-8
cache-control: no-cache

11:36:12.366 [AsyncHttpClient-1-5] DEBUG org.asynchttpclient.netty.channel.ChannelManager - Adding key: http://localhost:13653 for channel [id: 0xdffd1267, L:/127.0.0.1:61309 - R:localhost/127.0.0.1:13653]
11:36:12.367 [Forwarding getElementTagName on session 343760fe1b3b1d209c4a0d88582a27db to remote] DEBUG org.asynchttpclient.netty.request.NettyRequestSender - Using pooled Channel '[id: 0xdffd1267, L:/127.0.0.1:61309 - R:localhost/127.0.0.1:13653]' for 'GET' to 'http://localhost:13653/session/343760fe1b3b1d209c4a0d88582a27db/element/B5D78317CDC82913058D66A8C952A41F_element_31/name'
11:36:12.367 [Forwarding getElementTagName on session 343760fe1b3b1d209c4a0d88582a27db to remote] DEBUG org.asynchttpclient.netty.request.NettyRequestSender - Using open Channel [id: 0xdffd1267, L:/127.0.0.1:61309 - R:localhost/127.0.0.1:13653] for GET '/session/343760fe1b3b1d209c4a0d88582a27db/element/B5D78317CDC82913058D66A8C952A41F_element_31/name'
11:36:12.375 [AsyncHttpClient-1-5] DEBUG org.asynchttpclient.netty.handler.HttpHandler - 

Request DefaultFullHttpRequest(decodeResult: success, version: HTTP/1.1, content: EmptyByteBufBE)
GET /session/343760fe1b3b1d209c4a0d88582a27db/element/B5D78317CDC82913058D66A8C952A41F_element_31/name HTTP/1.1
User-Agent: selenium/4.8.0 (java windows)
Cache-Control: no-cache
Content-Type: application/json; charset=utf-8
host: localhost:13653
accept: */*

Response DefaultHttpResponse(decodeResult: success, version: HTTP/1.1)
HTTP/1.1 200 OK
Content-Length: 15
Content-Type: application/json; charset=utf-8
cache-control: no-cache

11:36:12.375 [AsyncHttpClient-1-5] DEBUG org.asynchttpclient.netty.channel.ChannelManager - Adding key: http://localhost:13653 for channel [id: 0xdffd1267, L:/127.0.0.1:61309 - R:localhost/127.0.0.1:13653]
11:36:12.378 [Forwarding getElementAttribute on session 343760fe1b3b1d209c4a0d88582a27db to remote] DEBUG org.asynchttpclient.netty.request.NettyRequestSender - Using pooled Channel '[id: 0xdffd1267, L:/127.0.0.1:61309 - R:localhost/127.0.0.1:13653]' for 'POST' to 'http://localhost:13653/session/343760fe1b3b1d209c4a0d88582a27db/execute/sync'
11:36:12.378 [Forwarding getElementAttribute on session 343760fe1b3b1d209c4a0d88582a27db to remote] DEBUG org.asynchttpclient.netty.request.NettyRequestSender - Using open Channel [id: 0xdffd1267, L:/127.0.0.1:61309 - R:localhost/127.0.0.1:13653] for POST '/session/343760fe1b3b1d209c4a0d88582a27db/execute/sync'
11:36:12.387 [AsyncHttpClient-1-5] DEBUG org.asynchttpclient.netty.handler.HttpHandler - 

Request DefaultHttpRequest(decodeResult: success, version: HTTP/1.1)
POST /session/343760fe1b3b1d209c4a0d88582a27db/execute/sync HTTP/1.1
User-Agent: selenium/4.8.0 (java windows)
Content-Length: 47372
Content-Type: application/json; charset=utf-8
host: localhost:13653
accept: */*

Response DefaultHttpResponse(decodeResult: success, version: HTTP/1.1)
HTTP/1.1 200 OK
Content-Length: 12
Content-Type: application/json; charset=utf-8
cache-control: no-cache

11:36:12.387 [AsyncHttpClient-1-5] DEBUG org.asynchttpclient.netty.channel.ChannelManager - Adding key: http://localhost:13653 for channel [id: 0xdffd1267, L:/127.0.0.1:61309 - R:localhost/127.0.0.1:13653]
11:36:12.390 [Forwarding getElementAttribute on session 343760fe1b3b1d209c4a0d88582a27db to remote] DEBUG org.asynchttpclient.netty.request.NettyRequestSender - Using pooled Channel '[id: 0xdffd1267, L:/127.0.0.1:61309 - R:localhost/127.0.0.1:13653]' for 'POST' to 'http://localhost:13653/session/343760fe1b3b1d209c4a0d88582a27db/execute/sync'
11:36:12.390 [Forwarding getElementAttribute on session 343760fe1b3b1d209c4a0d88582a27db to remote] DEBUG org.asynchttpclient.netty.request.NettyRequestSender - Using open Channel [id: 0xdffd1267, L:/127.0.0.1:61309 - R:localhost/127.0.0.1:13653] for POST '/session/343760fe1b3b1d209c4a0d88582a27db/execute/sync'
11:36:12.399 [AsyncHttpClient-1-5] DEBUG org.asynchttpclient.netty.handler.HttpHandler - 

Request DefaultHttpRequest(decodeResult: success, version: HTTP/1.1)
POST /session/343760fe1b3b1d209c4a0d88582a27db/execute/sync HTTP/1.1
User-Agent: selenium/4.8.0 (java windows)
Content-Length: 47374
Content-Type: application/json; charset=utf-8
host: localhost:13653
accept: */*

Response DefaultHttpResponse(decodeResult: success, version: HTTP/1.1)
HTTP/1.1 200 OK
Content-Length: 14
Content-Type: application/json; charset=utf-8
cache-control: no-cache

11:36:12.399 [AsyncHttpClient-1-5] DEBUG org.asynchttpclient.netty.channel.ChannelManager - Adding key: http://localhost:13653 for channel [id: 0xdffd1267, L:/127.0.0.1:61309 - R:localhost/127.0.0.1:13653]
11:36:12.401 [Forwarding getElementAttribute on session 343760fe1b3b1d209c4a0d88582a27db to remote] DEBUG org.asynchttpclient.netty.request.NettyRequestSender - Using pooled Channel '[id: 0xdffd1267, L:/127.0.0.1:61309 - R:localhost/127.0.0.1:13653]' for 'POST' to 'http://localhost:13653/session/343760fe1b3b1d209c4a0d88582a27db/execute/sync'
11:36:12.401 [Forwarding getElementAttribute on session 343760fe1b3b1d209c4a0d88582a27db to remote] DEBUG org.asynchttpclient.netty.request.NettyRequestSender - Using open Channel [id: 0xdffd1267, L:/127.0.0.1:61309 - R:localhost/127.0.0.1:13653] for POST '/session/343760fe1b3b1d209c4a0d88582a27db/execute/sync'
11:36:12.410 [AsyncHttpClient-1-5] DEBUG org.asynchttpclient.netty.handler.HttpHandler - 

Request DefaultHttpRequest(decodeResult: success, version: HTTP/1.1)
POST /session/343760fe1b3b1d209c4a0d88582a27db/execute/sync HTTP/1.1
User-Agent: selenium/4.8.0 (java windows)
Content-Length: 47374
Content-Type: application/json; charset=utf-8
host: localhost:13653
accept: */*

Response DefaultHttpResponse(decodeResult: success, version: HTTP/1.1)
HTTP/1.1 200 OK
Content-Length: 14
Content-Type: application/json; charset=utf-8
cache-control: no-cache

11:36:12.410 [AsyncHttpClient-1-5] DEBUG org.asynchttpclient.netty.channel.ChannelManager - Adding key: http://localhost:13653 for channel [id: 0xdffd1267, L:/127.0.0.1:61309 - R:localhost/127.0.0.1:13653]
11:36:12.413 [Forwarding getElementAttribute on session 343760fe1b3b1d209c4a0d88582a27db to remote] DEBUG org.asynchttpclient.netty.request.NettyRequestSender - Using pooled Channel '[id: 0xdffd1267, L:/127.0.0.1:61309 - R:localhost/127.0.0.1:13653]' for 'POST' to 'http://localhost:13653/session/343760fe1b3b1d209c4a0d88582a27db/execute/sync'
11:36:12.413 [Forwarding getElementAttribute on session 343760fe1b3b1d209c4a0d88582a27db to remote] DEBUG org.asynchttpclient.netty.request.NettyRequestSender - Using open Channel [id: 0xdffd1267, L:/127.0.0.1:61309 - R:localhost/127.0.0.1:13653] for POST '/session/343760fe1b3b1d209c4a0d88582a27db/execute/sync'
11:36:12.425 [AsyncHttpClient-1-5] DEBUG org.asynchttpclient.netty.handler.HttpHandler - 

Request DefaultHttpRequest(decodeResult: success, version: HTTP/1.1)
POST /session/343760fe1b3b1d209c4a0d88582a27db/execute/sync HTTP/1.1
User-Agent: selenium/4.8.0 (java windows)
Content-Length: 47374
Content-Type: application/json; charset=utf-8
host: localhost:13653
accept: */*

Response DefaultHttpResponse(decodeResult: success, version: HTTP/1.1)
HTTP/1.1 200 OK
Content-Length: 14
Content-Type: application/json; charset=utf-8
cache-control: no-cache

11:36:12.425 [AsyncHttpClient-1-5] DEBUG org.asynchttpclient.netty.channel.ChannelManager - Adding key: http://localhost:13653 for channel [id: 0xdffd1267, L:/127.0.0.1:61309 - R:localhost/127.0.0.1:13653]
11:36:12.428 [Forwarding getElementAttribute on session 343760fe1b3b1d209c4a0d88582a27db to remote] DEBUG org.asynchttpclient.netty.request.NettyRequestSender - Using pooled Channel '[id: 0xdffd1267, L:/127.0.0.1:61309 - R:localhost/127.0.0.1:13653]' for 'POST' to 'http://localhost:13653/session/343760fe1b3b1d209c4a0d88582a27db/execute/sync'
11:36:12.428 [Forwarding getElementAttribute on session 343760fe1b3b1d209c4a0d88582a27db to remote] DEBUG org.asynchttpclient.netty.request.NettyRequestSender - Using open Channel [id: 0xdffd1267, L:/127.0.0.1:61309 - R:localhost/127.0.0.1:13653] for POST '/session/343760fe1b3b1d209c4a0d88582a27db/execute/sync'
11:36:12.440 [AsyncHttpClient-1-5] DEBUG org.asynchttpclient.netty.handler.HttpHandler - 

Request DefaultHttpRequest(decodeResult: success, version: HTTP/1.1)
POST /session/343760fe1b3b1d209c4a0d88582a27db/execute/sync HTTP/1.1
User-Agent: selenium/4.8.0 (java windows)
Content-Length: 47375
Content-Type: application/json; charset=utf-8
host: localhost:13653
accept: */*

Response DefaultHttpResponse(decodeResult: success, version: HTTP/1.1)
HTTP/1.1 200 OK
Content-Length: 14
Content-Type: application/json; charset=utf-8
cache-control: no-cache

11:36:12.440 [AsyncHttpClient-1-5] DEBUG org.asynchttpclient.netty.channel.ChannelManager - Adding key: http://localhost:13653 for channel [id: 0xdffd1267, L:/127.0.0.1:61309 - R:localhost/127.0.0.1:13653]
11:36:12.443 [Forwarding getElementAttribute on session 343760fe1b3b1d209c4a0d88582a27db to remote] DEBUG org.asynchttpclient.netty.request.NettyRequestSender - Using pooled Channel '[id: 0xdffd1267, L:/127.0.0.1:61309 - R:localhost/127.0.0.1:13653]' for 'POST' to 'http://localhost:13653/session/343760fe1b3b1d209c4a0d88582a27db/execute/sync'
11:36:12.443 [Forwarding getElementAttribute on session 343760fe1b3b1d209c4a0d88582a27db to remote] DEBUG org.asynchttpclient.netty.request.NettyRequestSender - Using open Channel [id: 0xdffd1267, L:/127.0.0.1:61309 - R:localhost/127.0.0.1:13653] for POST '/session/343760fe1b3b1d209c4a0d88582a27db/execute/sync'
11:36:12.452 [AsyncHttpClient-1-5] DEBUG org.asynchttpclient.netty.handler.HttpHandler - 

Request DefaultHttpRequest(decodeResult: success, version: HTTP/1.1)
POST /session/343760fe1b3b1d209c4a0d88582a27db/execute/sync HTTP/1.1
User-Agent: selenium/4.8.0 (java windows)
Content-Length: 47375
Content-Type: application/json; charset=utf-8
host: localhost:13653
accept: */*

Response DefaultHttpResponse(decodeResult: success, version: HTTP/1.1)
HTTP/1.1 200 OK
Content-Length: 31
Content-Type: application/json; charset=utf-8
cache-control: no-cache

11:36:12.452 [AsyncHttpClient-1-5] DEBUG org.asynchttpclient.netty.channel.ChannelManager - Adding key: http://localhost:13653 for channel [id: 0xdffd1267, L:/127.0.0.1:61309 - R:localhost/127.0.0.1:13653]
11:36:12.455 [Forwarding getElementAttribute on session 343760fe1b3b1d209c4a0d88582a27db to remote] DEBUG org.asynchttpclient.netty.request.NettyRequestSender - Using pooled Channel '[id: 0xdffd1267, L:/127.0.0.1:61309 - R:localhost/127.0.0.1:13653]' for 'POST' to 'http://localhost:13653/session/343760fe1b3b1d209c4a0d88582a27db/execute/sync'
11:36:12.455 [Forwarding getElementAttribute on session 343760fe1b3b1d209c4a0d88582a27db to remote] DEBUG org.asynchttpclient.netty.request.NettyRequestSender - Using open Channel [id: 0xdffd1267, L:/127.0.0.1:61309 - R:localhost/127.0.0.1:13653] for POST '/session/343760fe1b3b1d209c4a0d88582a27db/execute/sync'
11:36:12.465 [AsyncHttpClient-1-5] DEBUG org.asynchttpclient.netty.handler.HttpHandler - 

Request DefaultHttpRequest(decodeResult: success, version: HTTP/1.1)
POST /session/343760fe1b3b1d209c4a0d88582a27db/execute/sync HTTP/1.1
User-Agent: selenium/4.8.0 (java windows)
Content-Length: 47375
Content-Type: application/json; charset=utf-8
host: localhost:13653
accept: */*

Response DefaultHttpResponse(decodeResult: success, version: HTTP/1.1)
HTTP/1.1 200 OK
Content-Length: 31
Content-Type: application/json; charset=utf-8
cache-control: no-cache

11:36:12.465 [AsyncHttpClient-1-5] DEBUG org.asynchttpclient.netty.channel.ChannelManager - Adding key: http://localhost:13653 for channel [id: 0xdffd1267, L:/127.0.0.1:61309 - R:localhost/127.0.0.1:13653]
11:36:12.466 [main] INFO  com.swaglabs.base.SetUp - <div class='inventory_item_name'> - InventoryPage.productnamesininverntorypagevalidated
11:36:12.467 [Forwarding findElements on session 343760fe1b3b1d209c4a0d88582a27db to remote] DEBUG org.asynchttpclient.netty.request.NettyRequestSender - Using pooled Channel '[id: 0xdffd1267, L:/127.0.0.1:61309 - R:localhost/127.0.0.1:13653]' for 'POST' to 'http://localhost:13653/session/343760fe1b3b1d209c4a0d88582a27db/elements'
11:36:12.467 [Forwarding findElements on session 343760fe1b3b1d209c4a0d88582a27db to remote] DEBUG org.asynchttpclient.netty.request.NettyRequestSender - Using open Channel [id: 0xdffd1267, L:/127.0.0.1:61309 - R:localhost/127.0.0.1:13653] for POST '/session/343760fe1b3b1d209c4a0d88582a27db/elements'
11:36:12.481 [AsyncHttpClient-1-5] DEBUG org.asynchttpclient.netty.handler.HttpHandler - 

Request DefaultHttpRequest(decodeResult: success, version: HTTP/1.1)
POST /session/343760fe1b3b1d209c4a0d88582a27db/elements HTTP/1.1
User-Agent: selenium/4.8.0 (java windows)
Content-Length: 111
Content-Type: application/json; charset=utf-8
host: localhost:13653
accept: */*

Response DefaultHttpResponse(decodeResult: success, version: HTTP/1.1)
HTTP/1.1 200 OK
Content-Length: 527
Content-Type: application/json; charset=utf-8
cache-control: no-cache

11:36:12.481 [AsyncHttpClient-1-5] DEBUG org.asynchttpclient.netty.channel.ChannelManager - Adding key: http://localhost:13653 for channel [id: 0xdffd1267, L:/127.0.0.1:61309 - R:localhost/127.0.0.1:13653]
11:36:12.484 [Forwarding findElements on session 343760fe1b3b1d209c4a0d88582a27db to remote] DEBUG org.asynchttpclient.netty.request.NettyRequestSender - Using pooled Channel '[id: 0xdffd1267, L:/127.0.0.1:61309 - R:localhost/127.0.0.1:13653]' for 'POST' to 'http://localhost:13653/session/343760fe1b3b1d209c4a0d88582a27db/elements'
11:36:12.485 [Forwarding findElements on session 343760fe1b3b1d209c4a0d88582a27db to remote] DEBUG org.asynchttpclient.netty.request.NettyRequestSender - Using open Channel [id: 0xdffd1267, L:/127.0.0.1:61309 - R:localhost/127.0.0.1:13653] for POST '/session/343760fe1b3b1d209c4a0d88582a27db/elements'
11:36:12.496 [AsyncHttpClient-1-5] DEBUG org.asynchttpclient.netty.handler.HttpHandler - 

Request DefaultHttpRequest(decodeResult: success, version: HTTP/1.1)
POST /session/343760fe1b3b1d209c4a0d88582a27db/elements HTTP/1.1
User-Agent: selenium/4.8.0 (java windows)
Content-Length: 111
Content-Type: application/json; charset=utf-8
host: localhost:13653
accept: */*

Response DefaultHttpResponse(decodeResult: success, version: HTTP/1.1)
HTTP/1.1 200 OK
Content-Length: 527
Content-Type: application/json; charset=utf-8
cache-control: no-cache

11:36:12.496 [AsyncHttpClient-1-5] DEBUG org.asynchttpclient.netty.channel.ChannelManager - Adding key: http://localhost:13653 for channel [id: 0xdffd1267, L:/127.0.0.1:61309 - R:localhost/127.0.0.1:13653]
11:36:12.498 [Forwarding getElementText on session 343760fe1b3b1d209c4a0d88582a27db to remote] DEBUG org.asynchttpclient.netty.request.NettyRequestSender - Using pooled Channel '[id: 0xdffd1267, L:/127.0.0.1:61309 - R:localhost/127.0.0.1:13653]' for 'GET' to 'http://localhost:13653/session/343760fe1b3b1d209c4a0d88582a27db/element/B5D78317CDC82913058D66A8C952A41F_element_32/text'
11:36:12.498 [Forwarding getElementText on session 343760fe1b3b1d209c4a0d88582a27db to remote] DEBUG org.asynchttpclient.netty.request.NettyRequestSender - Using open Channel [id: 0xdffd1267, L:/127.0.0.1:61309 - R:localhost/127.0.0.1:13653] for GET '/session/343760fe1b3b1d209c4a0d88582a27db/element/B5D78317CDC82913058D66A8C952A41F_element_32/text'
11:36:12.510 [AsyncHttpClient-1-5] DEBUG org.asynchttpclient.netty.handler.HttpHandler - 

Request DefaultFullHttpRequest(decodeResult: success, version: HTTP/1.1, content: EmptyByteBufBE)
GET /session/343760fe1b3b1d209c4a0d88582a27db/element/B5D78317CDC82913058D66A8C952A41F_element_32/text HTTP/1.1
User-Agent: selenium/4.8.0 (java windows)
Cache-Control: no-cache
Content-Type: application/json; charset=utf-8
host: localhost:13653
accept: */*

Response DefaultHttpResponse(decodeResult: success, version: HTTP/1.1)
HTTP/1.1 200 OK
Content-Length: 35
Content-Type: application/json; charset=utf-8
cache-control: no-cache

11:36:12.511 [AsyncHttpClient-1-5] DEBUG org.asynchttpclient.netty.channel.ChannelManager - Adding key: http://localhost:13653 for channel [id: 0xdffd1267, L:/127.0.0.1:61309 - R:localhost/127.0.0.1:13653]
11:36:12.512 [Forwarding findElements on session 343760fe1b3b1d209c4a0d88582a27db to remote] DEBUG org.asynchttpclient.netty.request.NettyRequestSender - Using pooled Channel '[id: 0xdffd1267, L:/127.0.0.1:61309 - R:localhost/127.0.0.1:13653]' for 'POST' to 'http://localhost:13653/session/343760fe1b3b1d209c4a0d88582a27db/elements'
11:36:12.512 [Forwarding findElements on session 343760fe1b3b1d209c4a0d88582a27db to remote] DEBUG org.asynchttpclient.netty.request.NettyRequestSender - Using open Channel [id: 0xdffd1267, L:/127.0.0.1:61309 - R:localhost/127.0.0.1:13653] for POST '/session/343760fe1b3b1d209c4a0d88582a27db/elements'
11:36:12.522 [AsyncHttpClient-1-5] DEBUG org.asynchttpclient.netty.handler.HttpHandler - 

Request DefaultHttpRequest(decodeResult: success, version: HTTP/1.1)
POST /session/343760fe1b3b1d209c4a0d88582a27db/elements HTTP/1.1
User-Agent: selenium/4.8.0 (java windows)
Content-Length: 111
Content-Type: application/json; charset=utf-8
host: localhost:13653
accept: */*

Response DefaultHttpResponse(decodeResult: success, version: HTTP/1.1)
HTTP/1.1 200 OK
Content-Length: 527
Content-Type: application/json; charset=utf-8
cache-control: no-cache

11:36:12.522 [AsyncHttpClient-1-5] DEBUG org.asynchttpclient.netty.channel.ChannelManager - Adding key: http://localhost:13653 for channel [id: 0xdffd1267, L:/127.0.0.1:61309 - R:localhost/127.0.0.1:13653]
11:36:12.524 [Forwarding getElementText on session 343760fe1b3b1d209c4a0d88582a27db to remote] DEBUG org.asynchttpclient.netty.request.NettyRequestSender - Using pooled Channel '[id: 0xdffd1267, L:/127.0.0.1:61309 - R:localhost/127.0.0.1:13653]' for 'GET' to 'http://localhost:13653/session/343760fe1b3b1d209c4a0d88582a27db/element/B5D78317CDC82913058D66A8C952A41F_element_32/text'
11:36:12.524 [Forwarding getElementText on session 343760fe1b3b1d209c4a0d88582a27db to remote] DEBUG org.asynchttpclient.netty.request.NettyRequestSender - Using open Channel [id: 0xdffd1267, L:/127.0.0.1:61309 - R:localhost/127.0.0.1:13653] for GET '/session/343760fe1b3b1d209c4a0d88582a27db/element/B5D78317CDC82913058D66A8C952A41F_element_32/text'
11:36:12.537 [AsyncHttpClient-1-5] DEBUG org.asynchttpclient.netty.handler.HttpHandler - 

Request DefaultFullHttpRequest(decodeResult: success, version: HTTP/1.1, content: EmptyByteBufBE)
GET /session/343760fe1b3b1d209c4a0d88582a27db/element/B5D78317CDC82913058D66A8C952A41F_element_32/text HTTP/1.1
User-Agent: selenium/4.8.0 (java windows)
Cache-Control: no-cache
Content-Type: application/json; charset=utf-8
host: localhost:13653
accept: */*

Response DefaultHttpResponse(decodeResult: success, version: HTTP/1.1)
HTTP/1.1 200 OK
Content-Length: 35
Content-Type: application/json; charset=utf-8
cache-control: no-cache

11:36:12.537 [AsyncHttpClient-1-5] DEBUG org.asynchttpclient.netty.channel.ChannelManager - Adding key: http://localhost:13653 for channel [id: 0xdffd1267, L:/127.0.0.1:61309 - R:localhost/127.0.0.1:13653]
11:36:12.537 [Forwarding findElements on session 343760fe1b3b1d209c4a0d88582a27db to remote] DEBUG org.asynchttpclient.netty.request.NettyRequestSender - Using pooled Channel '[id: 0xdffd1267, L:/127.0.0.1:61309 - R:localhost/127.0.0.1:13653]' for 'POST' to 'http://localhost:13653/session/343760fe1b3b1d209c4a0d88582a27db/elements'
11:36:12.538 [Forwarding findElements on session 343760fe1b3b1d209c4a0d88582a27db to remote] DEBUG org.asynchttpclient.netty.request.NettyRequestSender - Using open Channel [id: 0xdffd1267, L:/127.0.0.1:61309 - R:localhost/127.0.0.1:13653] for POST '/session/343760fe1b3b1d209c4a0d88582a27db/elements'
11:36:12.546 [AsyncHttpClient-1-5] DEBUG org.asynchttpclient.netty.handler.HttpHandler - 

Request DefaultHttpRequest(decodeResult: success, version: HTTP/1.1)
POST /session/343760fe1b3b1d209c4a0d88582a27db/elements HTTP/1.1
User-Agent: selenium/4.8.0 (java windows)
Content-Length: 111
Content-Type: application/json; charset=utf-8
host: localhost:13653
accept: */*

Response DefaultHttpResponse(decodeResult: success, version: HTTP/1.1)
HTTP/1.1 200 OK
Content-Length: 527
Content-Type: application/json; charset=utf-8
cache-control: no-cache

11:36:12.546 [AsyncHttpClient-1-5] DEBUG org.asynchttpclient.netty.channel.ChannelManager - Adding key: http://localhost:13653 for channel [id: 0xdffd1267, L:/127.0.0.1:61309 - R:localhost/127.0.0.1:13653]
11:36:12.547 [Forwarding getElementTagName on session 343760fe1b3b1d209c4a0d88582a27db to remote] DEBUG org.asynchttpclient.netty.request.NettyRequestSender - Using pooled Channel '[id: 0xdffd1267, L:/127.0.0.1:61309 - R:localhost/127.0.0.1:13653]' for 'GET' to 'http://localhost:13653/session/343760fe1b3b1d209c4a0d88582a27db/element/B5D78317CDC82913058D66A8C952A41F_element_32/name'
11:36:12.547 [Forwarding getElementTagName on session 343760fe1b3b1d209c4a0d88582a27db to remote] DEBUG org.asynchttpclient.netty.request.NettyRequestSender - Using open Channel [id: 0xdffd1267, L:/127.0.0.1:61309 - R:localhost/127.0.0.1:13653] for GET '/session/343760fe1b3b1d209c4a0d88582a27db/element/B5D78317CDC82913058D66A8C952A41F_element_32/name'
11:36:12.556 [AsyncHttpClient-1-5] DEBUG org.asynchttpclient.netty.handler.HttpHandler - 

Request DefaultFullHttpRequest(decodeResult: success, version: HTTP/1.1, content: EmptyByteBufBE)
GET /session/343760fe1b3b1d209c4a0d88582a27db/element/B5D78317CDC82913058D66A8C952A41F_element_32/name HTTP/1.1
User-Agent: selenium/4.8.0 (java windows)
Cache-Control: no-cache
Content-Type: application/json; charset=utf-8
host: localhost:13653
accept: */*

Response DefaultHttpResponse(decodeResult: success, version: HTTP/1.1)
HTTP/1.1 200 OK
Content-Length: 15
Content-Type: application/json; charset=utf-8
cache-control: no-cache

11:36:12.556 [AsyncHttpClient-1-5] DEBUG org.asynchttpclient.netty.channel.ChannelManager - Adding key: http://localhost:13653 for channel [id: 0xdffd1267, L:/127.0.0.1:61309 - R:localhost/127.0.0.1:13653]
11:36:12.559 [Forwarding getElementAttribute on session 343760fe1b3b1d209c4a0d88582a27db to remote] DEBUG org.asynchttpclient.netty.request.NettyRequestSender - Using pooled Channel '[id: 0xdffd1267, L:/127.0.0.1:61309 - R:localhost/127.0.0.1:13653]' for 'POST' to 'http://localhost:13653/session/343760fe1b3b1d209c4a0d88582a27db/execute/sync'
11:36:12.559 [Forwarding getElementAttribute on session 343760fe1b3b1d209c4a0d88582a27db to remote] DEBUG org.asynchttpclient.netty.request.NettyRequestSender - Using open Channel [id: 0xdffd1267, L:/127.0.0.1:61309 - R:localhost/127.0.0.1:13653] for POST '/session/343760fe1b3b1d209c4a0d88582a27db/execute/sync'
11:36:12.570 [AsyncHttpClient-1-5] DEBUG org.asynchttpclient.netty.handler.HttpHandler - 

Request DefaultHttpRequest(decodeResult: success, version: HTTP/1.1)
POST /session/343760fe1b3b1d209c4a0d88582a27db/execute/sync HTTP/1.1
User-Agent: selenium/4.8.0 (java windows)
Content-Length: 47372
Content-Type: application/json; charset=utf-8
host: localhost:13653
accept: */*

Response DefaultHttpResponse(decodeResult: success, version: HTTP/1.1)
HTTP/1.1 200 OK
Content-Length: 12
Content-Type: application/json; charset=utf-8
cache-control: no-cache

11:36:12.570 [AsyncHttpClient-1-5] DEBUG org.asynchttpclient.netty.channel.ChannelManager - Adding key: http://localhost:13653 for channel [id: 0xdffd1267, L:/127.0.0.1:61309 - R:localhost/127.0.0.1:13653]
11:36:12.572 [Forwarding getElementAttribute on session 343760fe1b3b1d209c4a0d88582a27db to remote] DEBUG org.asynchttpclient.netty.request.NettyRequestSender - Using pooled Channel '[id: 0xdffd1267, L:/127.0.0.1:61309 - R:localhost/127.0.0.1:13653]' for 'POST' to 'http://localhost:13653/session/343760fe1b3b1d209c4a0d88582a27db/execute/sync'
11:36:12.572 [Forwarding getElementAttribute on session 343760fe1b3b1d209c4a0d88582a27db to remote] DEBUG org.asynchttpclient.netty.request.NettyRequestSender - Using open Channel [id: 0xdffd1267, L:/127.0.0.1:61309 - R:localhost/127.0.0.1:13653] for POST '/session/343760fe1b3b1d209c4a0d88582a27db/execute/sync'
11:36:12.584 [AsyncHttpClient-1-5] DEBUG org.asynchttpclient.netty.handler.HttpHandler - 

Request DefaultHttpRequest(decodeResult: success, version: HTTP/1.1)
POST /session/343760fe1b3b1d209c4a0d88582a27db/execute/sync HTTP/1.1
User-Agent: selenium/4.8.0 (java windows)
Content-Length: 47374
Content-Type: application/json; charset=utf-8
host: localhost:13653
accept: */*

Response DefaultHttpResponse(decodeResult: success, version: HTTP/1.1)
HTTP/1.1 200 OK
Content-Length: 14
Content-Type: application/json; charset=utf-8
cache-control: no-cache

11:36:12.584 [AsyncHttpClient-1-5] DEBUG org.asynchttpclient.netty.channel.ChannelManager - Adding key: http://localhost:13653 for channel [id: 0xdffd1267, L:/127.0.0.1:61309 - R:localhost/127.0.0.1:13653]
11:36:12.587 [Forwarding getElementAttribute on session 343760fe1b3b1d209c4a0d88582a27db to remote] DEBUG org.asynchttpclient.netty.request.NettyRequestSender - Using pooled Channel '[id: 0xdffd1267, L:/127.0.0.1:61309 - R:localhost/127.0.0.1:13653]' for 'POST' to 'http://localhost:13653/session/343760fe1b3b1d209c4a0d88582a27db/execute/sync'
11:36:12.587 [Forwarding getElementAttribute on session 343760fe1b3b1d209c4a0d88582a27db to remote] DEBUG org.asynchttpclient.netty.request.NettyRequestSender - Using open Channel [id: 0xdffd1267, L:/127.0.0.1:61309 - R:localhost/127.0.0.1:13653] for POST '/session/343760fe1b3b1d209c4a0d88582a27db/execute/sync'
11:36:12.597 [AsyncHttpClient-1-5] DEBUG org.asynchttpclient.netty.handler.HttpHandler - 

Request DefaultHttpRequest(decodeResult: success, version: HTTP/1.1)
POST /session/343760fe1b3b1d209c4a0d88582a27db/execute/sync HTTP/1.1
User-Agent: selenium/4.8.0 (java windows)
Content-Length: 47374
Content-Type: application/json; charset=utf-8
host: localhost:13653
accept: */*

Response DefaultHttpResponse(decodeResult: success, version: HTTP/1.1)
HTTP/1.1 200 OK
Content-Length: 14
Content-Type: application/json; charset=utf-8
cache-control: no-cache

11:36:12.597 [AsyncHttpClient-1-5] DEBUG org.asynchttpclient.netty.channel.ChannelManager - Adding key: http://localhost:13653 for channel [id: 0xdffd1267, L:/127.0.0.1:61309 - R:localhost/127.0.0.1:13653]
11:36:12.599 [Forwarding getElementAttribute on session 343760fe1b3b1d209c4a0d88582a27db to remote] DEBUG org.asynchttpclient.netty.request.NettyRequestSender - Using pooled Channel '[id: 0xdffd1267, L:/127.0.0.1:61309 - R:localhost/127.0.0.1:13653]' for 'POST' to 'http://localhost:13653/session/343760fe1b3b1d209c4a0d88582a27db/execute/sync'
11:36:12.599 [Forwarding getElementAttribute on session 343760fe1b3b1d209c4a0d88582a27db to remote] DEBUG org.asynchttpclient.netty.request.NettyRequestSender - Using open Channel [id: 0xdffd1267, L:/127.0.0.1:61309 - R:localhost/127.0.0.1:13653] for POST '/session/343760fe1b3b1d209c4a0d88582a27db/execute/sync'
11:36:12.609 [AsyncHttpClient-1-5] DEBUG org.asynchttpclient.netty.handler.HttpHandler - 

Request DefaultHttpRequest(decodeResult: success, version: HTTP/1.1)
POST /session/343760fe1b3b1d209c4a0d88582a27db/execute/sync HTTP/1.1
User-Agent: selenium/4.8.0 (java windows)
Content-Length: 47374
Content-Type: application/json; charset=utf-8
host: localhost:13653
accept: */*

Response DefaultHttpResponse(decodeResult: success, version: HTTP/1.1)
HTTP/1.1 200 OK
Content-Length: 14
Content-Type: application/json; charset=utf-8
cache-control: no-cache

11:36:12.609 [AsyncHttpClient-1-5] DEBUG org.asynchttpclient.netty.channel.ChannelManager - Adding key: http://localhost:13653 for channel [id: 0xdffd1267, L:/127.0.0.1:61309 - R:localhost/127.0.0.1:13653]
11:36:12.612 [Forwarding getElementAttribute on session 343760fe1b3b1d209c4a0d88582a27db to remote] DEBUG org.asynchttpclient.netty.request.NettyRequestSender - Using pooled Channel '[id: 0xdffd1267, L:/127.0.0.1:61309 - R:localhost/127.0.0.1:13653]' for 'POST' to 'http://localhost:13653/session/343760fe1b3b1d209c4a0d88582a27db/execute/sync'
11:36:12.612 [Forwarding getElementAttribute on session 343760fe1b3b1d209c4a0d88582a27db to remote] DEBUG org.asynchttpclient.netty.request.NettyRequestSender - Using open Channel [id: 0xdffd1267, L:/127.0.0.1:61309 - R:localhost/127.0.0.1:13653] for POST '/session/343760fe1b3b1d209c4a0d88582a27db/execute/sync'
11:36:12.623 [AsyncHttpClient-1-5] DEBUG org.asynchttpclient.netty.handler.HttpHandler - 

Request DefaultHttpRequest(decodeResult: success, version: HTTP/1.1)
POST /session/343760fe1b3b1d209c4a0d88582a27db/execute/sync HTTP/1.1
User-Agent: selenium/4.8.0 (java windows)
Content-Length: 47375
Content-Type: application/json; charset=utf-8
host: localhost:13653
accept: */*

Response DefaultHttpResponse(decodeResult: success, version: HTTP/1.1)
HTTP/1.1 200 OK
Content-Length: 14
Content-Type: application/json; charset=utf-8
cache-control: no-cache

11:36:12.623 [AsyncHttpClient-1-5] DEBUG org.asynchttpclient.netty.channel.ChannelManager - Adding key: http://localhost:13653 for channel [id: 0xdffd1267, L:/127.0.0.1:61309 - R:localhost/127.0.0.1:13653]
11:36:12.626 [Forwarding getElementAttribute on session 343760fe1b3b1d209c4a0d88582a27db to remote] DEBUG org.asynchttpclient.netty.request.NettyRequestSender - Using pooled Channel '[id: 0xdffd1267, L:/127.0.0.1:61309 - R:localhost/127.0.0.1:13653]' for 'POST' to 'http://localhost:13653/session/343760fe1b3b1d209c4a0d88582a27db/execute/sync'
11:36:12.626 [Forwarding getElementAttribute on session 343760fe1b3b1d209c4a0d88582a27db to remote] DEBUG org.asynchttpclient.netty.request.NettyRequestSender - Using open Channel [id: 0xdffd1267, L:/127.0.0.1:61309 - R:localhost/127.0.0.1:13653] for POST '/session/343760fe1b3b1d209c4a0d88582a27db/execute/sync'
11:36:12.635 [AsyncHttpClient-1-5] DEBUG org.asynchttpclient.netty.handler.HttpHandler - 

Request DefaultHttpRequest(decodeResult: success, version: HTTP/1.1)
POST /session/343760fe1b3b1d209c4a0d88582a27db/execute/sync HTTP/1.1
User-Agent: selenium/4.8.0 (java windows)
Content-Length: 47375
Content-Type: application/json; charset=utf-8
host: localhost:13653
accept: */*

Response DefaultHttpResponse(decodeResult: success, version: HTTP/1.1)
HTTP/1.1 200 OK
Content-Length: 31
Content-Type: application/json; charset=utf-8
cache-control: no-cache

11:36:12.635 [AsyncHttpClient-1-5] DEBUG org.asynchttpclient.netty.channel.ChannelManager - Adding key: http://localhost:13653 for channel [id: 0xdffd1267, L:/127.0.0.1:61309 - R:localhost/127.0.0.1:13653]
11:36:12.638 [Forwarding getElementAttribute on session 343760fe1b3b1d209c4a0d88582a27db to remote] DEBUG org.asynchttpclient.netty.request.NettyRequestSender - Using pooled Channel '[id: 0xdffd1267, L:/127.0.0.1:61309 - R:localhost/127.0.0.1:13653]' for 'POST' to 'http://localhost:13653/session/343760fe1b3b1d209c4a0d88582a27db/execute/sync'
11:36:12.638 [Forwarding getElementAttribute on session 343760fe1b3b1d209c4a0d88582a27db to remote] DEBUG org.asynchttpclient.netty.request.NettyRequestSender - Using open Channel [id: 0xdffd1267, L:/127.0.0.1:61309 - R:localhost/127.0.0.1:13653] for POST '/session/343760fe1b3b1d209c4a0d88582a27db/execute/sync'
11:36:12.649 [AsyncHttpClient-1-5] DEBUG org.asynchttpclient.netty.handler.HttpHandler - 

Request DefaultHttpRequest(decodeResult: success, version: HTTP/1.1)
POST /session/343760fe1b3b1d209c4a0d88582a27db/execute/sync HTTP/1.1
User-Agent: selenium/4.8.0 (java windows)
Content-Length: 47375
Content-Type: application/json; charset=utf-8
host: localhost:13653
accept: */*

Response DefaultHttpResponse(decodeResult: success, version: HTTP/1.1)
HTTP/1.1 200 OK
Content-Length: 31
Content-Type: application/json; charset=utf-8
cache-control: no-cache

11:36:12.649 [AsyncHttpClient-1-5] DEBUG org.asynchttpclient.netty.channel.ChannelManager - Adding key: http://localhost:13653 for channel [id: 0xdffd1267, L:/127.0.0.1:61309 - R:localhost/127.0.0.1:13653]
11:36:12.649 [main] INFO  com.swaglabs.base.SetUp - <div class='inventory_item_name'> - InventoryPage.productnamesininverntorypagevalidated
11:36:12.652 [Forwarding findElements on session 343760fe1b3b1d209c4a0d88582a27db to remote] DEBUG org.asynchttpclient.netty.request.NettyRequestSender - Using pooled Channel '[id: 0xdffd1267, L:/127.0.0.1:61309 - R:localhost/127.0.0.1:13653]' for 'POST' to 'http://localhost:13653/session/343760fe1b3b1d209c4a0d88582a27db/elements'
11:36:12.652 [Forwarding findElements on session 343760fe1b3b1d209c4a0d88582a27db to remote] DEBUG org.asynchttpclient.netty.request.NettyRequestSender - Using open Channel [id: 0xdffd1267, L:/127.0.0.1:61309 - R:localhost/127.0.0.1:13653] for POST '/session/343760fe1b3b1d209c4a0d88582a27db/elements'
11:36:12.659 [AsyncHttpClient-1-5] DEBUG org.asynchttpclient.netty.handler.HttpHandler - 

Request DefaultHttpRequest(decodeResult: success, version: HTTP/1.1)
POST /session/343760fe1b3b1d209c4a0d88582a27db/elements HTTP/1.1
User-Agent: selenium/4.8.0 (java windows)
Content-Length: 111
Content-Type: application/json; charset=utf-8
host: localhost:13653
accept: */*

Response DefaultHttpResponse(decodeResult: success, version: HTTP/1.1)
HTTP/1.1 200 OK
Content-Length: 527
Content-Type: application/json; charset=utf-8
cache-control: no-cache

11:36:12.659 [AsyncHttpClient-1-5] DEBUG org.asynchttpclient.netty.channel.ChannelManager - Adding key: http://localhost:13653 for channel [id: 0xdffd1267, L:/127.0.0.1:61309 - R:localhost/127.0.0.1:13653]
11:36:12.660 [Forwarding findElements on session 343760fe1b3b1d209c4a0d88582a27db to remote] DEBUG org.asynchttpclient.netty.request.NettyRequestSender - Using pooled Channel '[id: 0xdffd1267, L:/127.0.0.1:61309 - R:localhost/127.0.0.1:13653]' for 'POST' to 'http://localhost:13653/session/343760fe1b3b1d209c4a0d88582a27db/elements'
11:36:12.660 [Forwarding findElements on session 343760fe1b3b1d209c4a0d88582a27db to remote] DEBUG org.asynchttpclient.netty.request.NettyRequestSender - Using open Channel [id: 0xdffd1267, L:/127.0.0.1:61309 - R:localhost/127.0.0.1:13653] for POST '/session/343760fe1b3b1d209c4a0d88582a27db/elements'
11:36:12.668 [AsyncHttpClient-1-5] DEBUG org.asynchttpclient.netty.handler.HttpHandler - 

Request DefaultHttpRequest(decodeResult: success, version: HTTP/1.1)
POST /session/343760fe1b3b1d209c4a0d88582a27db/elements HTTP/1.1
User-Agent: selenium/4.8.0 (java windows)
Content-Length: 111
Content-Type: application/json; charset=utf-8
host: localhost:13653
accept: */*

Response DefaultHttpResponse(decodeResult: success, version: HTTP/1.1)
HTTP/1.1 200 OK
Content-Length: 527
Content-Type: application/json; charset=utf-8
cache-control: no-cache

11:36:12.669 [AsyncHttpClient-1-5] DEBUG org.asynchttpclient.netty.channel.ChannelManager - Adding key: http://localhost:13653 for channel [id: 0xdffd1267, L:/127.0.0.1:61309 - R:localhost/127.0.0.1:13653]
11:36:12.670 [Forwarding getElementText on session 343760fe1b3b1d209c4a0d88582a27db to remote] DEBUG org.asynchttpclient.netty.request.NettyRequestSender - Using pooled Channel '[id: 0xdffd1267, L:/127.0.0.1:61309 - R:localhost/127.0.0.1:13653]' for 'GET' to 'http://localhost:13653/session/343760fe1b3b1d209c4a0d88582a27db/element/B5D78317CDC82913058D66A8C952A41F_element_33/text'
11:36:12.670 [Forwarding getElementText on session 343760fe1b3b1d209c4a0d88582a27db to remote] DEBUG org.asynchttpclient.netty.request.NettyRequestSender - Using open Channel [id: 0xdffd1267, L:/127.0.0.1:61309 - R:localhost/127.0.0.1:13653] for GET '/session/343760fe1b3b1d209c4a0d88582a27db/element/B5D78317CDC82913058D66A8C952A41F_element_33/text'
11:36:12.678 [AsyncHttpClient-1-5] DEBUG org.asynchttpclient.netty.handler.HttpHandler - 

Request DefaultFullHttpRequest(decodeResult: success, version: HTTP/1.1, content: EmptyByteBufBE)
GET /session/343760fe1b3b1d209c4a0d88582a27db/element/B5D78317CDC82913058D66A8C952A41F_element_33/text HTTP/1.1
User-Agent: selenium/4.8.0 (java windows)
Cache-Control: no-cache
Content-Type: application/json; charset=utf-8
host: localhost:13653
accept: */*

Response DefaultHttpResponse(decodeResult: success, version: HTTP/1.1)
HTTP/1.1 200 OK
Content-Length: 36
Content-Type: application/json; charset=utf-8
cache-control: no-cache

11:36:12.678 [AsyncHttpClient-1-5] DEBUG org.asynchttpclient.netty.channel.ChannelManager - Adding key: http://localhost:13653 for channel [id: 0xdffd1267, L:/127.0.0.1:61309 - R:localhost/127.0.0.1:13653]
11:36:12.678 [Forwarding findElements on session 343760fe1b3b1d209c4a0d88582a27db to remote] DEBUG org.asynchttpclient.netty.request.NettyRequestSender - Using pooled Channel '[id: 0xdffd1267, L:/127.0.0.1:61309 - R:localhost/127.0.0.1:13653]' for 'POST' to 'http://localhost:13653/session/343760fe1b3b1d209c4a0d88582a27db/elements'
11:36:12.678 [Forwarding findElements on session 343760fe1b3b1d209c4a0d88582a27db to remote] DEBUG org.asynchttpclient.netty.request.NettyRequestSender - Using open Channel [id: 0xdffd1267, L:/127.0.0.1:61309 - R:localhost/127.0.0.1:13653] for POST '/session/343760fe1b3b1d209c4a0d88582a27db/elements'
11:36:12.689 [AsyncHttpClient-1-5] DEBUG org.asynchttpclient.netty.handler.HttpHandler - 

Request DefaultHttpRequest(decodeResult: success, version: HTTP/1.1)
POST /session/343760fe1b3b1d209c4a0d88582a27db/elements HTTP/1.1
User-Agent: selenium/4.8.0 (java windows)
Content-Length: 111
Content-Type: application/json; charset=utf-8
host: localhost:13653
accept: */*

Response DefaultHttpResponse(decodeResult: success, version: HTTP/1.1)
HTTP/1.1 200 OK
Content-Length: 527
Content-Type: application/json; charset=utf-8
cache-control: no-cache

11:36:12.689 [AsyncHttpClient-1-5] DEBUG org.asynchttpclient.netty.channel.ChannelManager - Adding key: http://localhost:13653 for channel [id: 0xdffd1267, L:/127.0.0.1:61309 - R:localhost/127.0.0.1:13653]
11:36:12.690 [Forwarding getElementText on session 343760fe1b3b1d209c4a0d88582a27db to remote] DEBUG org.asynchttpclient.netty.request.NettyRequestSender - Using pooled Channel '[id: 0xdffd1267, L:/127.0.0.1:61309 - R:localhost/127.0.0.1:13653]' for 'GET' to 'http://localhost:13653/session/343760fe1b3b1d209c4a0d88582a27db/element/B5D78317CDC82913058D66A8C952A41F_element_33/text'
11:36:12.690 [Forwarding getElementText on session 343760fe1b3b1d209c4a0d88582a27db to remote] DEBUG org.asynchttpclient.netty.request.NettyRequestSender - Using open Channel [id: 0xdffd1267, L:/127.0.0.1:61309 - R:localhost/127.0.0.1:13653] for GET '/session/343760fe1b3b1d209c4a0d88582a27db/element/B5D78317CDC82913058D66A8C952A41F_element_33/text'
11:36:12.698 [AsyncHttpClient-1-5] DEBUG org.asynchttpclient.netty.handler.HttpHandler - 

Request DefaultFullHttpRequest(decodeResult: success, version: HTTP/1.1, content: EmptyByteBufBE)
GET /session/343760fe1b3b1d209c4a0d88582a27db/element/B5D78317CDC82913058D66A8C952A41F_element_33/text HTTP/1.1
User-Agent: selenium/4.8.0 (java windows)
Cache-Control: no-cache
Content-Type: application/json; charset=utf-8
host: localhost:13653
accept: */*

Response DefaultHttpResponse(decodeResult: success, version: HTTP/1.1)
HTTP/1.1 200 OK
Content-Length: 36
Content-Type: application/json; charset=utf-8
cache-control: no-cache

11:36:12.698 [AsyncHttpClient-1-5] DEBUG org.asynchttpclient.netty.channel.ChannelManager - Adding key: http://localhost:13653 for channel [id: 0xdffd1267, L:/127.0.0.1:61309 - R:localhost/127.0.0.1:13653]
11:36:12.699 [Forwarding findElements on session 343760fe1b3b1d209c4a0d88582a27db to remote] DEBUG org.asynchttpclient.netty.request.NettyRequestSender - Using pooled Channel '[id: 0xdffd1267, L:/127.0.0.1:61309 - R:localhost/127.0.0.1:13653]' for 'POST' to 'http://localhost:13653/session/343760fe1b3b1d209c4a0d88582a27db/elements'
11:36:12.699 [Forwarding findElements on session 343760fe1b3b1d209c4a0d88582a27db to remote] DEBUG org.asynchttpclient.netty.request.NettyRequestSender - Using open Channel [id: 0xdffd1267, L:/127.0.0.1:61309 - R:localhost/127.0.0.1:13653] for POST '/session/343760fe1b3b1d209c4a0d88582a27db/elements'
11:36:12.708 [AsyncHttpClient-1-5] DEBUG org.asynchttpclient.netty.handler.HttpHandler - 

Request DefaultHttpRequest(decodeResult: success, version: HTTP/1.1)
POST /session/343760fe1b3b1d209c4a0d88582a27db/elements HTTP/1.1
User-Agent: selenium/4.8.0 (java windows)
Content-Length: 111
Content-Type: application/json; charset=utf-8
host: localhost:13653
accept: */*

Response DefaultHttpResponse(decodeResult: success, version: HTTP/1.1)
HTTP/1.1 200 OK
Content-Length: 527
Content-Type: application/json; charset=utf-8
cache-control: no-cache

11:36:12.708 [AsyncHttpClient-1-5] DEBUG org.asynchttpclient.netty.channel.ChannelManager - Adding key: http://localhost:13653 for channel [id: 0xdffd1267, L:/127.0.0.1:61309 - R:localhost/127.0.0.1:13653]
11:36:12.709 [Forwarding getElementTagName on session 343760fe1b3b1d209c4a0d88582a27db to remote] DEBUG org.asynchttpclient.netty.request.NettyRequestSender - Using pooled Channel '[id: 0xdffd1267, L:/127.0.0.1:61309 - R:localhost/127.0.0.1:13653]' for 'GET' to 'http://localhost:13653/session/343760fe1b3b1d209c4a0d88582a27db/element/B5D78317CDC82913058D66A8C952A41F_element_33/name'
11:36:12.709 [Forwarding getElementTagName on session 343760fe1b3b1d209c4a0d88582a27db to remote] DEBUG org.asynchttpclient.netty.request.NettyRequestSender - Using open Channel [id: 0xdffd1267, L:/127.0.0.1:61309 - R:localhost/127.0.0.1:13653] for GET '/session/343760fe1b3b1d209c4a0d88582a27db/element/B5D78317CDC82913058D66A8C952A41F_element_33/name'
11:36:12.714 [AsyncHttpClient-1-5] DEBUG org.asynchttpclient.netty.handler.HttpHandler - 

Request DefaultFullHttpRequest(decodeResult: success, version: HTTP/1.1, content: EmptyByteBufBE)
GET /session/343760fe1b3b1d209c4a0d88582a27db/element/B5D78317CDC82913058D66A8C952A41F_element_33/name HTTP/1.1
User-Agent: selenium/4.8.0 (java windows)
Cache-Control: no-cache
Content-Type: application/json; charset=utf-8
host: localhost:13653
accept: */*

Response DefaultHttpResponse(decodeResult: success, version: HTTP/1.1)
HTTP/1.1 200 OK
Content-Length: 15
Content-Type: application/json; charset=utf-8
cache-control: no-cache

11:36:12.715 [AsyncHttpClient-1-5] DEBUG org.asynchttpclient.netty.channel.ChannelManager - Adding key: http://localhost:13653 for channel [id: 0xdffd1267, L:/127.0.0.1:61309 - R:localhost/127.0.0.1:13653]
11:36:12.716 [Forwarding getElementAttribute on session 343760fe1b3b1d209c4a0d88582a27db to remote] DEBUG org.asynchttpclient.netty.request.NettyRequestSender - Using pooled Channel '[id: 0xdffd1267, L:/127.0.0.1:61309 - R:localhost/127.0.0.1:13653]' for 'POST' to 'http://localhost:13653/session/343760fe1b3b1d209c4a0d88582a27db/execute/sync'
11:36:12.716 [Forwarding getElementAttribute on session 343760fe1b3b1d209c4a0d88582a27db to remote] DEBUG org.asynchttpclient.netty.request.NettyRequestSender - Using open Channel [id: 0xdffd1267, L:/127.0.0.1:61309 - R:localhost/127.0.0.1:13653] for POST '/session/343760fe1b3b1d209c4a0d88582a27db/execute/sync'
11:36:12.727 [AsyncHttpClient-1-5] DEBUG org.asynchttpclient.netty.handler.HttpHandler - 

Request DefaultHttpRequest(decodeResult: success, version: HTTP/1.1)
POST /session/343760fe1b3b1d209c4a0d88582a27db/execute/sync HTTP/1.1
User-Agent: selenium/4.8.0 (java windows)
Content-Length: 47372
Content-Type: application/json; charset=utf-8
host: localhost:13653
accept: */*

Response DefaultHttpResponse(decodeResult: success, version: HTTP/1.1)
HTTP/1.1 200 OK
Content-Length: 12
Content-Type: application/json; charset=utf-8
cache-control: no-cache

11:36:12.727 [AsyncHttpClient-1-5] DEBUG org.asynchttpclient.netty.channel.ChannelManager - Adding key: http://localhost:13653 for channel [id: 0xdffd1267, L:/127.0.0.1:61309 - R:localhost/127.0.0.1:13653]
11:36:12.730 [Forwarding getElementAttribute on session 343760fe1b3b1d209c4a0d88582a27db to remote] DEBUG org.asynchttpclient.netty.request.NettyRequestSender - Using pooled Channel '[id: 0xdffd1267, L:/127.0.0.1:61309 - R:localhost/127.0.0.1:13653]' for 'POST' to 'http://localhost:13653/session/343760fe1b3b1d209c4a0d88582a27db/execute/sync'
11:36:12.730 [Forwarding getElementAttribute on session 343760fe1b3b1d209c4a0d88582a27db to remote] DEBUG org.asynchttpclient.netty.request.NettyRequestSender - Using open Channel [id: 0xdffd1267, L:/127.0.0.1:61309 - R:localhost/127.0.0.1:13653] for POST '/session/343760fe1b3b1d209c4a0d88582a27db/execute/sync'
11:36:12.740 [AsyncHttpClient-1-5] DEBUG org.asynchttpclient.netty.handler.HttpHandler - 

Request DefaultHttpRequest(decodeResult: success, version: HTTP/1.1)
POST /session/343760fe1b3b1d209c4a0d88582a27db/execute/sync HTTP/1.1
User-Agent: selenium/4.8.0 (java windows)
Content-Length: 47374
Content-Type: application/json; charset=utf-8
host: localhost:13653
accept: */*

Response DefaultHttpResponse(decodeResult: success, version: HTTP/1.1)
HTTP/1.1 200 OK
Content-Length: 14
Content-Type: application/json; charset=utf-8
cache-control: no-cache

11:36:12.740 [AsyncHttpClient-1-5] DEBUG org.asynchttpclient.netty.channel.ChannelManager - Adding key: http://localhost:13653 for channel [id: 0xdffd1267, L:/127.0.0.1:61309 - R:localhost/127.0.0.1:13653]
11:36:12.742 [Forwarding getElementAttribute on session 343760fe1b3b1d209c4a0d88582a27db to remote] DEBUG org.asynchttpclient.netty.request.NettyRequestSender - Using pooled Channel '[id: 0xdffd1267, L:/127.0.0.1:61309 - R:localhost/127.0.0.1:13653]' for 'POST' to 'http://localhost:13653/session/343760fe1b3b1d209c4a0d88582a27db/execute/sync'
11:36:12.742 [Forwarding getElementAttribute on session 343760fe1b3b1d209c4a0d88582a27db to remote] DEBUG org.asynchttpclient.netty.request.NettyRequestSender - Using open Channel [id: 0xdffd1267, L:/127.0.0.1:61309 - R:localhost/127.0.0.1:13653] for POST '/session/343760fe1b3b1d209c4a0d88582a27db/execute/sync'
11:36:12.752 [AsyncHttpClient-1-5] DEBUG org.asynchttpclient.netty.handler.HttpHandler - 

Request DefaultHttpRequest(decodeResult: success, version: HTTP/1.1)
POST /session/343760fe1b3b1d209c4a0d88582a27db/execute/sync HTTP/1.1
User-Agent: selenium/4.8.0 (java windows)
Content-Length: 47374
Content-Type: application/json; charset=utf-8
host: localhost:13653
accept: */*

Response DefaultHttpResponse(decodeResult: success, version: HTTP/1.1)
HTTP/1.1 200 OK
Content-Length: 14
Content-Type: application/json; charset=utf-8
cache-control: no-cache

11:36:12.752 [AsyncHttpClient-1-5] DEBUG org.asynchttpclient.netty.channel.ChannelManager - Adding key: http://localhost:13653 for channel [id: 0xdffd1267, L:/127.0.0.1:61309 - R:localhost/127.0.0.1:13653]
11:36:12.756 [Forwarding getElementAttribute on session 343760fe1b3b1d209c4a0d88582a27db to remote] DEBUG org.asynchttpclient.netty.request.NettyRequestSender - Using pooled Channel '[id: 0xdffd1267, L:/127.0.0.1:61309 - R:localhost/127.0.0.1:13653]' for 'POST' to 'http://localhost:13653/session/343760fe1b3b1d209c4a0d88582a27db/execute/sync'
11:36:12.756 [Forwarding getElementAttribute on session 343760fe1b3b1d209c4a0d88582a27db to remote] DEBUG org.asynchttpclient.netty.request.NettyRequestSender - Using open Channel [id: 0xdffd1267, L:/127.0.0.1:61309 - R:localhost/127.0.0.1:13653] for POST '/session/343760fe1b3b1d209c4a0d88582a27db/execute/sync'
11:36:12.764 [AsyncHttpClient-1-5] DEBUG org.asynchttpclient.netty.handler.HttpHandler - 

Request DefaultHttpRequest(decodeResult: success, version: HTTP/1.1)
POST /session/343760fe1b3b1d209c4a0d88582a27db/execute/sync HTTP/1.1
User-Agent: selenium/4.8.0 (java windows)
Content-Length: 47374
Content-Type: application/json; charset=utf-8
host: localhost:13653
accept: */*

Response DefaultHttpResponse(decodeResult: success, version: HTTP/1.1)
HTTP/1.1 200 OK
Content-Length: 14
Content-Type: application/json; charset=utf-8
cache-control: no-cache

11:36:12.764 [AsyncHttpClient-1-5] DEBUG org.asynchttpclient.netty.channel.ChannelManager - Adding key: http://localhost:13653 for channel [id: 0xdffd1267, L:/127.0.0.1:61309 - R:localhost/127.0.0.1:13653]
11:36:12.767 [Forwarding getElementAttribute on session 343760fe1b3b1d209c4a0d88582a27db to remote] DEBUG org.asynchttpclient.netty.request.NettyRequestSender - Using pooled Channel '[id: 0xdffd1267, L:/127.0.0.1:61309 - R:localhost/127.0.0.1:13653]' for 'POST' to 'http://localhost:13653/session/343760fe1b3b1d209c4a0d88582a27db/execute/sync'
11:36:12.767 [Forwarding getElementAttribute on session 343760fe1b3b1d209c4a0d88582a27db to remote] DEBUG org.asynchttpclient.netty.request.NettyRequestSender - Using open Channel [id: 0xdffd1267, L:/127.0.0.1:61309 - R:localhost/127.0.0.1:13653] for POST '/session/343760fe1b3b1d209c4a0d88582a27db/execute/sync'
11:36:12.777 [AsyncHttpClient-1-5] DEBUG org.asynchttpclient.netty.handler.HttpHandler - 

Request DefaultHttpRequest(decodeResult: success, version: HTTP/1.1)
POST /session/343760fe1b3b1d209c4a0d88582a27db/execute/sync HTTP/1.1
User-Agent: selenium/4.8.0 (java windows)
Content-Length: 47375
Content-Type: application/json; charset=utf-8
host: localhost:13653
accept: */*

Response DefaultHttpResponse(decodeResult: success, version: HTTP/1.1)
HTTP/1.1 200 OK
Content-Length: 14
Content-Type: application/json; charset=utf-8
cache-control: no-cache

11:36:12.777 [AsyncHttpClient-1-5] DEBUG org.asynchttpclient.netty.channel.ChannelManager - Adding key: http://localhost:13653 for channel [id: 0xdffd1267, L:/127.0.0.1:61309 - R:localhost/127.0.0.1:13653]
11:36:12.780 [Forwarding getElementAttribute on session 343760fe1b3b1d209c4a0d88582a27db to remote] DEBUG org.asynchttpclient.netty.request.NettyRequestSender - Using pooled Channel '[id: 0xdffd1267, L:/127.0.0.1:61309 - R:localhost/127.0.0.1:13653]' for 'POST' to 'http://localhost:13653/session/343760fe1b3b1d209c4a0d88582a27db/execute/sync'
11:36:12.780 [Forwarding getElementAttribute on session 343760fe1b3b1d209c4a0d88582a27db to remote] DEBUG org.asynchttpclient.netty.request.NettyRequestSender - Using open Channel [id: 0xdffd1267, L:/127.0.0.1:61309 - R:localhost/127.0.0.1:13653] for POST '/session/343760fe1b3b1d209c4a0d88582a27db/execute/sync'
11:36:12.788 [AsyncHttpClient-1-5] DEBUG org.asynchttpclient.netty.handler.HttpHandler - 

Request DefaultHttpRequest(decodeResult: success, version: HTTP/1.1)
POST /session/343760fe1b3b1d209c4a0d88582a27db/execute/sync HTTP/1.1
User-Agent: selenium/4.8.0 (java windows)
Content-Length: 47375
Content-Type: application/json; charset=utf-8
host: localhost:13653
accept: */*

Response DefaultHttpResponse(decodeResult: success, version: HTTP/1.1)
HTTP/1.1 200 OK
Content-Length: 31
Content-Type: application/json; charset=utf-8
cache-control: no-cache

11:36:12.788 [AsyncHttpClient-1-5] DEBUG org.asynchttpclient.netty.channel.ChannelManager - Adding key: http://localhost:13653 for channel [id: 0xdffd1267, L:/127.0.0.1:61309 - R:localhost/127.0.0.1:13653]
11:36:12.791 [Forwarding getElementAttribute on session 343760fe1b3b1d209c4a0d88582a27db to remote] DEBUG org.asynchttpclient.netty.request.NettyRequestSender - Using pooled Channel '[id: 0xdffd1267, L:/127.0.0.1:61309 - R:localhost/127.0.0.1:13653]' for 'POST' to 'http://localhost:13653/session/343760fe1b3b1d209c4a0d88582a27db/execute/sync'
11:36:12.791 [Forwarding getElementAttribute on session 343760fe1b3b1d209c4a0d88582a27db to remote] DEBUG org.asynchttpclient.netty.request.NettyRequestSender - Using open Channel [id: 0xdffd1267, L:/127.0.0.1:61309 - R:localhost/127.0.0.1:13653] for POST '/session/343760fe1b3b1d209c4a0d88582a27db/execute/sync'
11:36:12.798 [AsyncHttpClient-1-5] DEBUG org.asynchttpclient.netty.handler.HttpHandler - 

Request DefaultHttpRequest(decodeResult: success, version: HTTP/1.1)
POST /session/343760fe1b3b1d209c4a0d88582a27db/execute/sync HTTP/1.1
User-Agent: selenium/4.8.0 (java windows)
Content-Length: 47375
Content-Type: application/json; charset=utf-8
host: localhost:13653
accept: */*

Response DefaultHttpResponse(decodeResult: success, version: HTTP/1.1)
HTTP/1.1 200 OK
Content-Length: 31
Content-Type: application/json; charset=utf-8
cache-control: no-cache

11:36:12.798 [AsyncHttpClient-1-5] DEBUG org.asynchttpclient.netty.channel.ChannelManager - Adding key: http://localhost:13653 for channel [id: 0xdffd1267, L:/127.0.0.1:61309 - R:localhost/127.0.0.1:13653]
11:36:12.798 [main] INFO  com.swaglabs.base.SetUp - <div class='inventory_item_name'> - InventoryPage.productnamesininverntorypagevalidated
11:36:12.800 [Forwarding findElements on session 343760fe1b3b1d209c4a0d88582a27db to remote] DEBUG org.asynchttpclient.netty.request.NettyRequestSender - Using pooled Channel '[id: 0xdffd1267, L:/127.0.0.1:61309 - R:localhost/127.0.0.1:13653]' for 'POST' to 'http://localhost:13653/session/343760fe1b3b1d209c4a0d88582a27db/elements'
11:36:12.800 [Forwarding findElements on session 343760fe1b3b1d209c4a0d88582a27db to remote] DEBUG org.asynchttpclient.netty.request.NettyRequestSender - Using open Channel [id: 0xdffd1267, L:/127.0.0.1:61309 - R:localhost/127.0.0.1:13653] for POST '/session/343760fe1b3b1d209c4a0d88582a27db/elements'
11:36:12.809 [AsyncHttpClient-1-5] DEBUG org.asynchttpclient.netty.handler.HttpHandler - 

Request DefaultHttpRequest(decodeResult: success, version: HTTP/1.1)
POST /session/343760fe1b3b1d209c4a0d88582a27db/elements HTTP/1.1
User-Agent: selenium/4.8.0 (java windows)
Content-Length: 111
Content-Type: application/json; charset=utf-8
host: localhost:13653
accept: */*

Response DefaultHttpResponse(decodeResult: success, version: HTTP/1.1)
HTTP/1.1 200 OK
Content-Length: 527
Content-Type: application/json; charset=utf-8
cache-control: no-cache

11:36:12.810 [AsyncHttpClient-1-5] DEBUG org.asynchttpclient.netty.channel.ChannelManager - Adding key: http://localhost:13653 for channel [id: 0xdffd1267, L:/127.0.0.1:61309 - R:localhost/127.0.0.1:13653]
11:36:12.810 [Forwarding findElements on session 343760fe1b3b1d209c4a0d88582a27db to remote] DEBUG org.asynchttpclient.netty.request.NettyRequestSender - Using pooled Channel '[id: 0xdffd1267, L:/127.0.0.1:61309 - R:localhost/127.0.0.1:13653]' for 'POST' to 'http://localhost:13653/session/343760fe1b3b1d209c4a0d88582a27db/elements'
11:36:12.810 [Forwarding findElements on session 343760fe1b3b1d209c4a0d88582a27db to remote] DEBUG org.asynchttpclient.netty.request.NettyRequestSender - Using open Channel [id: 0xdffd1267, L:/127.0.0.1:61309 - R:localhost/127.0.0.1:13653] for POST '/session/343760fe1b3b1d209c4a0d88582a27db/elements'
11:36:12.818 [AsyncHttpClient-1-5] DEBUG org.asynchttpclient.netty.handler.HttpHandler - 

Request DefaultHttpRequest(decodeResult: success, version: HTTP/1.1)
POST /session/343760fe1b3b1d209c4a0d88582a27db/elements HTTP/1.1
User-Agent: selenium/4.8.0 (java windows)
Content-Length: 111
Content-Type: application/json; charset=utf-8
host: localhost:13653
accept: */*

Response DefaultHttpResponse(decodeResult: success, version: HTTP/1.1)
HTTP/1.1 200 OK
Content-Length: 527
Content-Type: application/json; charset=utf-8
cache-control: no-cache

11:36:12.818 [AsyncHttpClient-1-5] DEBUG org.asynchttpclient.netty.channel.ChannelManager - Adding key: http://localhost:13653 for channel [id: 0xdffd1267, L:/127.0.0.1:61309 - R:localhost/127.0.0.1:13653]
11:36:12.819 [Forwarding getElementText on session 343760fe1b3b1d209c4a0d88582a27db to remote] DEBUG org.asynchttpclient.netty.request.NettyRequestSender - Using pooled Channel '[id: 0xdffd1267, L:/127.0.0.1:61309 - R:localhost/127.0.0.1:13653]' for 'GET' to 'http://localhost:13653/session/343760fe1b3b1d209c4a0d88582a27db/element/B5D78317CDC82913058D66A8C952A41F_element_34/text'
11:36:12.819 [Forwarding getElementText on session 343760fe1b3b1d209c4a0d88582a27db to remote] DEBUG org.asynchttpclient.netty.request.NettyRequestSender - Using open Channel [id: 0xdffd1267, L:/127.0.0.1:61309 - R:localhost/127.0.0.1:13653] for GET '/session/343760fe1b3b1d209c4a0d88582a27db/element/B5D78317CDC82913058D66A8C952A41F_element_34/text'
11:36:12.829 [AsyncHttpClient-1-5] DEBUG org.asynchttpclient.netty.handler.HttpHandler - 

Request DefaultFullHttpRequest(decodeResult: success, version: HTTP/1.1, content: EmptyByteBufBE)
GET /session/343760fe1b3b1d209c4a0d88582a27db/element/B5D78317CDC82913058D66A8C952A41F_element_34/text HTTP/1.1
User-Agent: selenium/4.8.0 (java windows)
Cache-Control: no-cache
Content-Type: application/json; charset=utf-8
host: localhost:13653
accept: */*

Response DefaultHttpResponse(decodeResult: success, version: HTTP/1.1)
HTTP/1.1 200 OK
Content-Length: 29
Content-Type: application/json; charset=utf-8
cache-control: no-cache

11:36:12.829 [AsyncHttpClient-1-5] DEBUG org.asynchttpclient.netty.channel.ChannelManager - Adding key: http://localhost:13653 for channel [id: 0xdffd1267, L:/127.0.0.1:61309 - R:localhost/127.0.0.1:13653]
11:36:12.830 [Forwarding findElements on session 343760fe1b3b1d209c4a0d88582a27db to remote] DEBUG org.asynchttpclient.netty.request.NettyRequestSender - Using pooled Channel '[id: 0xdffd1267, L:/127.0.0.1:61309 - R:localhost/127.0.0.1:13653]' for 'POST' to 'http://localhost:13653/session/343760fe1b3b1d209c4a0d88582a27db/elements'
11:36:12.830 [Forwarding findElements on session 343760fe1b3b1d209c4a0d88582a27db to remote] DEBUG org.asynchttpclient.netty.request.NettyRequestSender - Using open Channel [id: 0xdffd1267, L:/127.0.0.1:61309 - R:localhost/127.0.0.1:13653] for POST '/session/343760fe1b3b1d209c4a0d88582a27db/elements'
11:36:12.838 [AsyncHttpClient-1-5] DEBUG org.asynchttpclient.netty.handler.HttpHandler - 

Request DefaultHttpRequest(decodeResult: success, version: HTTP/1.1)
POST /session/343760fe1b3b1d209c4a0d88582a27db/elements HTTP/1.1
User-Agent: selenium/4.8.0 (java windows)
Content-Length: 111
Content-Type: application/json; charset=utf-8
host: localhost:13653
accept: */*

Response DefaultHttpResponse(decodeResult: success, version: HTTP/1.1)
HTTP/1.1 200 OK
Content-Length: 527
Content-Type: application/json; charset=utf-8
cache-control: no-cache

11:36:12.838 [AsyncHttpClient-1-5] DEBUG org.asynchttpclient.netty.channel.ChannelManager - Adding key: http://localhost:13653 for channel [id: 0xdffd1267, L:/127.0.0.1:61309 - R:localhost/127.0.0.1:13653]
11:36:12.839 [Forwarding getElementText on session 343760fe1b3b1d209c4a0d88582a27db to remote] DEBUG org.asynchttpclient.netty.request.NettyRequestSender - Using pooled Channel '[id: 0xdffd1267, L:/127.0.0.1:61309 - R:localhost/127.0.0.1:13653]' for 'GET' to 'http://localhost:13653/session/343760fe1b3b1d209c4a0d88582a27db/element/B5D78317CDC82913058D66A8C952A41F_element_34/text'
11:36:12.839 [Forwarding getElementText on session 343760fe1b3b1d209c4a0d88582a27db to remote] DEBUG org.asynchttpclient.netty.request.NettyRequestSender - Using open Channel [id: 0xdffd1267, L:/127.0.0.1:61309 - R:localhost/127.0.0.1:13653] for GET '/session/343760fe1b3b1d209c4a0d88582a27db/element/B5D78317CDC82913058D66A8C952A41F_element_34/text'
11:36:12.849 [AsyncHttpClient-1-5] DEBUG org.asynchttpclient.netty.handler.HttpHandler - 

Request DefaultFullHttpRequest(decodeResult: success, version: HTTP/1.1, content: EmptyByteBufBE)
GET /session/343760fe1b3b1d209c4a0d88582a27db/element/B5D78317CDC82913058D66A8C952A41F_element_34/text HTTP/1.1
User-Agent: selenium/4.8.0 (java windows)
Cache-Control: no-cache
Content-Type: application/json; charset=utf-8
host: localhost:13653
accept: */*

Response DefaultHttpResponse(decodeResult: success, version: HTTP/1.1)
HTTP/1.1 200 OK
Content-Length: 29
Content-Type: application/json; charset=utf-8
cache-control: no-cache

11:36:12.849 [AsyncHttpClient-1-5] DEBUG org.asynchttpclient.netty.channel.ChannelManager - Adding key: http://localhost:13653 for channel [id: 0xdffd1267, L:/127.0.0.1:61309 - R:localhost/127.0.0.1:13653]
11:36:12.850 [Forwarding findElements on session 343760fe1b3b1d209c4a0d88582a27db to remote] DEBUG org.asynchttpclient.netty.request.NettyRequestSender - Using pooled Channel '[id: 0xdffd1267, L:/127.0.0.1:61309 - R:localhost/127.0.0.1:13653]' for 'POST' to 'http://localhost:13653/session/343760fe1b3b1d209c4a0d88582a27db/elements'
11:36:12.850 [Forwarding findElements on session 343760fe1b3b1d209c4a0d88582a27db to remote] DEBUG org.asynchttpclient.netty.request.NettyRequestSender - Using open Channel [id: 0xdffd1267, L:/127.0.0.1:61309 - R:localhost/127.0.0.1:13653] for POST '/session/343760fe1b3b1d209c4a0d88582a27db/elements'
11:36:12.860 [AsyncHttpClient-1-5] DEBUG org.asynchttpclient.netty.handler.HttpHandler - 

Request DefaultHttpRequest(decodeResult: success, version: HTTP/1.1)
POST /session/343760fe1b3b1d209c4a0d88582a27db/elements HTTP/1.1
User-Agent: selenium/4.8.0 (java windows)
Content-Length: 111
Content-Type: application/json; charset=utf-8
host: localhost:13653
accept: */*

Response DefaultHttpResponse(decodeResult: success, version: HTTP/1.1)
HTTP/1.1 200 OK
Content-Length: 527
Content-Type: application/json; charset=utf-8
cache-control: no-cache

11:36:12.860 [AsyncHttpClient-1-5] DEBUG org.asynchttpclient.netty.channel.ChannelManager - Adding key: http://localhost:13653 for channel [id: 0xdffd1267, L:/127.0.0.1:61309 - R:localhost/127.0.0.1:13653]
11:36:12.861 [Forwarding getElementTagName on session 343760fe1b3b1d209c4a0d88582a27db to remote] DEBUG org.asynchttpclient.netty.request.NettyRequestSender - Using pooled Channel '[id: 0xdffd1267, L:/127.0.0.1:61309 - R:localhost/127.0.0.1:13653]' for 'GET' to 'http://localhost:13653/session/343760fe1b3b1d209c4a0d88582a27db/element/B5D78317CDC82913058D66A8C952A41F_element_34/name'
11:36:12.861 [Forwarding getElementTagName on session 343760fe1b3b1d209c4a0d88582a27db to remote] DEBUG org.asynchttpclient.netty.request.NettyRequestSender - Using open Channel [id: 0xdffd1267, L:/127.0.0.1:61309 - R:localhost/127.0.0.1:13653] for GET '/session/343760fe1b3b1d209c4a0d88582a27db/element/B5D78317CDC82913058D66A8C952A41F_element_34/name'
11:36:12.867 [AsyncHttpClient-1-5] DEBUG org.asynchttpclient.netty.handler.HttpHandler - 

Request DefaultFullHttpRequest(decodeResult: success, version: HTTP/1.1, content: EmptyByteBufBE)
GET /session/343760fe1b3b1d209c4a0d88582a27db/element/B5D78317CDC82913058D66A8C952A41F_element_34/name HTTP/1.1
User-Agent: selenium/4.8.0 (java windows)
Cache-Control: no-cache
Content-Type: application/json; charset=utf-8
host: localhost:13653
accept: */*

Response DefaultHttpResponse(decodeResult: success, version: HTTP/1.1)
HTTP/1.1 200 OK
Content-Length: 15
Content-Type: application/json; charset=utf-8
cache-control: no-cache

11:36:12.867 [AsyncHttpClient-1-5] DEBUG org.asynchttpclient.netty.channel.ChannelManager - Adding key: http://localhost:13653 for channel [id: 0xdffd1267, L:/127.0.0.1:61309 - R:localhost/127.0.0.1:13653]
11:36:12.869 [Forwarding getElementAttribute on session 343760fe1b3b1d209c4a0d88582a27db to remote] DEBUG org.asynchttpclient.netty.request.NettyRequestSender - Using pooled Channel '[id: 0xdffd1267, L:/127.0.0.1:61309 - R:localhost/127.0.0.1:13653]' for 'POST' to 'http://localhost:13653/session/343760fe1b3b1d209c4a0d88582a27db/execute/sync'
11:36:12.869 [Forwarding getElementAttribute on session 343760fe1b3b1d209c4a0d88582a27db to remote] DEBUG org.asynchttpclient.netty.request.NettyRequestSender - Using open Channel [id: 0xdffd1267, L:/127.0.0.1:61309 - R:localhost/127.0.0.1:13653] for POST '/session/343760fe1b3b1d209c4a0d88582a27db/execute/sync'
11:36:12.881 [AsyncHttpClient-1-5] DEBUG org.asynchttpclient.netty.handler.HttpHandler - 

Request DefaultHttpRequest(decodeResult: success, version: HTTP/1.1)
POST /session/343760fe1b3b1d209c4a0d88582a27db/execute/sync HTTP/1.1
User-Agent: selenium/4.8.0 (java windows)
Content-Length: 47372
Content-Type: application/json; charset=utf-8
host: localhost:13653
accept: */*

Response DefaultHttpResponse(decodeResult: success, version: HTTP/1.1)
HTTP/1.1 200 OK
Content-Length: 12
Content-Type: application/json; charset=utf-8
cache-control: no-cache

11:36:12.881 [AsyncHttpClient-1-5] DEBUG org.asynchttpclient.netty.channel.ChannelManager - Adding key: http://localhost:13653 for channel [id: 0xdffd1267, L:/127.0.0.1:61309 - R:localhost/127.0.0.1:13653]
11:36:12.883 [Forwarding getElementAttribute on session 343760fe1b3b1d209c4a0d88582a27db to remote] DEBUG org.asynchttpclient.netty.request.NettyRequestSender - Using pooled Channel '[id: 0xdffd1267, L:/127.0.0.1:61309 - R:localhost/127.0.0.1:13653]' for 'POST' to 'http://localhost:13653/session/343760fe1b3b1d209c4a0d88582a27db/execute/sync'
11:36:12.883 [Forwarding getElementAttribute on session 343760fe1b3b1d209c4a0d88582a27db to remote] DEBUG org.asynchttpclient.netty.request.NettyRequestSender - Using open Channel [id: 0xdffd1267, L:/127.0.0.1:61309 - R:localhost/127.0.0.1:13653] for POST '/session/343760fe1b3b1d209c4a0d88582a27db/execute/sync'
11:36:12.902 [AsyncHttpClient-1-5] DEBUG org.asynchttpclient.netty.handler.HttpHandler - 

Request DefaultHttpRequest(decodeResult: success, version: HTTP/1.1)
POST /session/343760fe1b3b1d209c4a0d88582a27db/execute/sync HTTP/1.1
User-Agent: selenium/4.8.0 (java windows)
Content-Length: 47374
Content-Type: application/json; charset=utf-8
host: localhost:13653
accept: */*

Response DefaultHttpResponse(decodeResult: success, version: HTTP/1.1)
HTTP/1.1 200 OK
Content-Length: 14
Content-Type: application/json; charset=utf-8
cache-control: no-cache

11:36:12.902 [AsyncHttpClient-1-5] DEBUG org.asynchttpclient.netty.channel.ChannelManager - Adding key: http://localhost:13653 for channel [id: 0xdffd1267, L:/127.0.0.1:61309 - R:localhost/127.0.0.1:13653]
11:36:12.906 [Forwarding getElementAttribute on session 343760fe1b3b1d209c4a0d88582a27db to remote] DEBUG org.asynchttpclient.netty.request.NettyRequestSender - Using pooled Channel '[id: 0xdffd1267, L:/127.0.0.1:61309 - R:localhost/127.0.0.1:13653]' for 'POST' to 'http://localhost:13653/session/343760fe1b3b1d209c4a0d88582a27db/execute/sync'
11:36:12.906 [Forwarding getElementAttribute on session 343760fe1b3b1d209c4a0d88582a27db to remote] DEBUG org.asynchttpclient.netty.request.NettyRequestSender - Using open Channel [id: 0xdffd1267, L:/127.0.0.1:61309 - R:localhost/127.0.0.1:13653] for POST '/session/343760fe1b3b1d209c4a0d88582a27db/execute/sync'
11:36:12.917 [AsyncHttpClient-1-5] DEBUG org.asynchttpclient.netty.handler.HttpHandler - 

Request DefaultHttpRequest(decodeResult: success, version: HTTP/1.1)
POST /session/343760fe1b3b1d209c4a0d88582a27db/execute/sync HTTP/1.1
User-Agent: selenium/4.8.0 (java windows)
Content-Length: 47374
Content-Type: application/json; charset=utf-8
host: localhost:13653
accept: */*

Response DefaultHttpResponse(decodeResult: success, version: HTTP/1.1)
HTTP/1.1 200 OK
Content-Length: 14
Content-Type: application/json; charset=utf-8
cache-control: no-cache

11:36:12.917 [AsyncHttpClient-1-5] DEBUG org.asynchttpclient.netty.channel.ChannelManager - Adding key: http://localhost:13653 for channel [id: 0xdffd1267, L:/127.0.0.1:61309 - R:localhost/127.0.0.1:13653]
11:36:12.920 [Forwarding getElementAttribute on session 343760fe1b3b1d209c4a0d88582a27db to remote] DEBUG org.asynchttpclient.netty.request.NettyRequestSender - Using pooled Channel '[id: 0xdffd1267, L:/127.0.0.1:61309 - R:localhost/127.0.0.1:13653]' for 'POST' to 'http://localhost:13653/session/343760fe1b3b1d209c4a0d88582a27db/execute/sync'
11:36:12.920 [Forwarding getElementAttribute on session 343760fe1b3b1d209c4a0d88582a27db to remote] DEBUG org.asynchttpclient.netty.request.NettyRequestSender - Using open Channel [id: 0xdffd1267, L:/127.0.0.1:61309 - R:localhost/127.0.0.1:13653] for POST '/session/343760fe1b3b1d209c4a0d88582a27db/execute/sync'
11:36:12.931 [AsyncHttpClient-1-5] DEBUG org.asynchttpclient.netty.handler.HttpHandler - 

Request DefaultHttpRequest(decodeResult: success, version: HTTP/1.1)
POST /session/343760fe1b3b1d209c4a0d88582a27db/execute/sync HTTP/1.1
User-Agent: selenium/4.8.0 (java windows)
Content-Length: 47374
Content-Type: application/json; charset=utf-8
host: localhost:13653
accept: */*

Response DefaultHttpResponse(decodeResult: success, version: HTTP/1.1)
HTTP/1.1 200 OK
Content-Length: 14
Content-Type: application/json; charset=utf-8
cache-control: no-cache

11:36:12.931 [AsyncHttpClient-1-5] DEBUG org.asynchttpclient.netty.channel.ChannelManager - Adding key: http://localhost:13653 for channel [id: 0xdffd1267, L:/127.0.0.1:61309 - R:localhost/127.0.0.1:13653]
11:36:12.932 [Forwarding getElementAttribute on session 343760fe1b3b1d209c4a0d88582a27db to remote] DEBUG org.asynchttpclient.netty.request.NettyRequestSender - Using pooled Channel '[id: 0xdffd1267, L:/127.0.0.1:61309 - R:localhost/127.0.0.1:13653]' for 'POST' to 'http://localhost:13653/session/343760fe1b3b1d209c4a0d88582a27db/execute/sync'
11:36:12.933 [Forwarding getElementAttribute on session 343760fe1b3b1d209c4a0d88582a27db to remote] DEBUG org.asynchttpclient.netty.request.NettyRequestSender - Using open Channel [id: 0xdffd1267, L:/127.0.0.1:61309 - R:localhost/127.0.0.1:13653] for POST '/session/343760fe1b3b1d209c4a0d88582a27db/execute/sync'
11:36:12.942 [AsyncHttpClient-1-5] DEBUG org.asynchttpclient.netty.handler.HttpHandler - 

Request DefaultHttpRequest(decodeResult: success, version: HTTP/1.1)
POST /session/343760fe1b3b1d209c4a0d88582a27db/execute/sync HTTP/1.1
User-Agent: selenium/4.8.0 (java windows)
Content-Length: 47375
Content-Type: application/json; charset=utf-8
host: localhost:13653
accept: */*

Response DefaultHttpResponse(decodeResult: success, version: HTTP/1.1)
HTTP/1.1 200 OK
Content-Length: 14
Content-Type: application/json; charset=utf-8
cache-control: no-cache

11:36:12.942 [AsyncHttpClient-1-5] DEBUG org.asynchttpclient.netty.channel.ChannelManager - Adding key: http://localhost:13653 for channel [id: 0xdffd1267, L:/127.0.0.1:61309 - R:localhost/127.0.0.1:13653]
11:36:12.944 [Forwarding getElementAttribute on session 343760fe1b3b1d209c4a0d88582a27db to remote] DEBUG org.asynchttpclient.netty.request.NettyRequestSender - Using pooled Channel '[id: 0xdffd1267, L:/127.0.0.1:61309 - R:localhost/127.0.0.1:13653]' for 'POST' to 'http://localhost:13653/session/343760fe1b3b1d209c4a0d88582a27db/execute/sync'
11:36:12.944 [Forwarding getElementAttribute on session 343760fe1b3b1d209c4a0d88582a27db to remote] DEBUG org.asynchttpclient.netty.request.NettyRequestSender - Using open Channel [id: 0xdffd1267, L:/127.0.0.1:61309 - R:localhost/127.0.0.1:13653] for POST '/session/343760fe1b3b1d209c4a0d88582a27db/execute/sync'
11:36:12.952 [AsyncHttpClient-1-5] DEBUG org.asynchttpclient.netty.handler.HttpHandler - 

Request DefaultHttpRequest(decodeResult: success, version: HTTP/1.1)
POST /session/343760fe1b3b1d209c4a0d88582a27db/execute/sync HTTP/1.1
User-Agent: selenium/4.8.0 (java windows)
Content-Length: 47375
Content-Type: application/json; charset=utf-8
host: localhost:13653
accept: */*

Response DefaultHttpResponse(decodeResult: success, version: HTTP/1.1)
HTTP/1.1 200 OK
Content-Length: 31
Content-Type: application/json; charset=utf-8
cache-control: no-cache

11:36:12.953 [AsyncHttpClient-1-5] DEBUG org.asynchttpclient.netty.channel.ChannelManager - Adding key: http://localhost:13653 for channel [id: 0xdffd1267, L:/127.0.0.1:61309 - R:localhost/127.0.0.1:13653]
11:36:12.956 [Forwarding getElementAttribute on session 343760fe1b3b1d209c4a0d88582a27db to remote] DEBUG org.asynchttpclient.netty.request.NettyRequestSender - Using pooled Channel '[id: 0xdffd1267, L:/127.0.0.1:61309 - R:localhost/127.0.0.1:13653]' for 'POST' to 'http://localhost:13653/session/343760fe1b3b1d209c4a0d88582a27db/execute/sync'
11:36:12.956 [Forwarding getElementAttribute on session 343760fe1b3b1d209c4a0d88582a27db to remote] DEBUG org.asynchttpclient.netty.request.NettyRequestSender - Using open Channel [id: 0xdffd1267, L:/127.0.0.1:61309 - R:localhost/127.0.0.1:13653] for POST '/session/343760fe1b3b1d209c4a0d88582a27db/execute/sync'
11:36:12.967 [AsyncHttpClient-1-5] DEBUG org.asynchttpclient.netty.handler.HttpHandler - 

Request DefaultHttpRequest(decodeResult: success, version: HTTP/1.1)
POST /session/343760fe1b3b1d209c4a0d88582a27db/execute/sync HTTP/1.1
User-Agent: selenium/4.8.0 (java windows)
Content-Length: 47375
Content-Type: application/json; charset=utf-8
host: localhost:13653
accept: */*

Response DefaultHttpResponse(decodeResult: success, version: HTTP/1.1)
HTTP/1.1 200 OK
Content-Length: 31
Content-Type: application/json; charset=utf-8
cache-control: no-cache

11:36:12.967 [AsyncHttpClient-1-5] DEBUG org.asynchttpclient.netty.channel.ChannelManager - Adding key: http://localhost:13653 for channel [id: 0xdffd1267, L:/127.0.0.1:61309 - R:localhost/127.0.0.1:13653]
11:36:12.967 [main] INFO  com.swaglabs.base.SetUp - <div class='inventory_item_name'> - InventoryPage.productnamesininverntorypagevalidated
11:36:12.968 [Forwarding findElements on session 343760fe1b3b1d209c4a0d88582a27db to remote] DEBUG org.asynchttpclient.netty.request.NettyRequestSender - Using pooled Channel '[id: 0xdffd1267, L:/127.0.0.1:61309 - R:localhost/127.0.0.1:13653]' for 'POST' to 'http://localhost:13653/session/343760fe1b3b1d209c4a0d88582a27db/elements'
11:36:12.968 [Forwarding findElements on session 343760fe1b3b1d209c4a0d88582a27db to remote] DEBUG org.asynchttpclient.netty.request.NettyRequestSender - Using open Channel [id: 0xdffd1267, L:/127.0.0.1:61309 - R:localhost/127.0.0.1:13653] for POST '/session/343760fe1b3b1d209c4a0d88582a27db/elements'
11:36:12.976 [AsyncHttpClient-1-5] DEBUG org.asynchttpclient.netty.handler.HttpHandler - 

Request DefaultHttpRequest(decodeResult: success, version: HTTP/1.1)
POST /session/343760fe1b3b1d209c4a0d88582a27db/elements HTTP/1.1
User-Agent: selenium/4.8.0 (java windows)
Content-Length: 111
Content-Type: application/json; charset=utf-8
host: localhost:13653
accept: */*

Response DefaultHttpResponse(decodeResult: success, version: HTTP/1.1)
HTTP/1.1 200 OK
Content-Length: 527
Content-Type: application/json; charset=utf-8
cache-control: no-cache

11:36:12.976 [AsyncHttpClient-1-5] DEBUG org.asynchttpclient.netty.channel.ChannelManager - Adding key: http://localhost:13653 for channel [id: 0xdffd1267, L:/127.0.0.1:61309 - R:localhost/127.0.0.1:13653]
11:36:12.977 [Forwarding findElements on session 343760fe1b3b1d209c4a0d88582a27db to remote] DEBUG org.asynchttpclient.netty.request.NettyRequestSender - Using pooled Channel '[id: 0xdffd1267, L:/127.0.0.1:61309 - R:localhost/127.0.0.1:13653]' for 'POST' to 'http://localhost:13653/session/343760fe1b3b1d209c4a0d88582a27db/elements'
11:36:12.977 [Forwarding findElements on session 343760fe1b3b1d209c4a0d88582a27db to remote] DEBUG org.asynchttpclient.netty.request.NettyRequestSender - Using open Channel [id: 0xdffd1267, L:/127.0.0.1:61309 - R:localhost/127.0.0.1:13653] for POST '/session/343760fe1b3b1d209c4a0d88582a27db/elements'
11:36:12.985 [AsyncHttpClient-1-5] DEBUG org.asynchttpclient.netty.handler.HttpHandler - 

Request DefaultHttpRequest(decodeResult: success, version: HTTP/1.1)
POST /session/343760fe1b3b1d209c4a0d88582a27db/elements HTTP/1.1
User-Agent: selenium/4.8.0 (java windows)
Content-Length: 111
Content-Type: application/json; charset=utf-8
host: localhost:13653
accept: */*

Response DefaultHttpResponse(decodeResult: success, version: HTTP/1.1)
HTTP/1.1 200 OK
Content-Length: 527
Content-Type: application/json; charset=utf-8
cache-control: no-cache

11:36:12.985 [AsyncHttpClient-1-5] DEBUG org.asynchttpclient.netty.channel.ChannelManager - Adding key: http://localhost:13653 for channel [id: 0xdffd1267, L:/127.0.0.1:61309 - R:localhost/127.0.0.1:13653]
11:36:12.986 [Forwarding getElementText on session 343760fe1b3b1d209c4a0d88582a27db to remote] DEBUG org.asynchttpclient.netty.request.NettyRequestSender - Using pooled Channel '[id: 0xdffd1267, L:/127.0.0.1:61309 - R:localhost/127.0.0.1:13653]' for 'GET' to 'http://localhost:13653/session/343760fe1b3b1d209c4a0d88582a27db/element/B5D78317CDC82913058D66A8C952A41F_element_35/text'
11:36:12.986 [Forwarding getElementText on session 343760fe1b3b1d209c4a0d88582a27db to remote] DEBUG org.asynchttpclient.netty.request.NettyRequestSender - Using open Channel [id: 0xdffd1267, L:/127.0.0.1:61309 - R:localhost/127.0.0.1:13653] for GET '/session/343760fe1b3b1d209c4a0d88582a27db/element/B5D78317CDC82913058D66A8C952A41F_element_35/text'
11:36:12.992 [AsyncHttpClient-1-5] DEBUG org.asynchttpclient.netty.handler.HttpHandler - 

Request DefaultFullHttpRequest(decodeResult: success, version: HTTP/1.1, content: EmptyByteBufBE)
GET /session/343760fe1b3b1d209c4a0d88582a27db/element/B5D78317CDC82913058D66A8C952A41F_element_35/text HTTP/1.1
User-Agent: selenium/4.8.0 (java windows)
Cache-Control: no-cache
Content-Type: application/json; charset=utf-8
host: localhost:13653
accept: */*

Response DefaultHttpResponse(decodeResult: success, version: HTTP/1.1)
HTTP/1.1 200 OK
Content-Length: 45
Content-Type: application/json; charset=utf-8
cache-control: no-cache

11:36:12.992 [AsyncHttpClient-1-5] DEBUG org.asynchttpclient.netty.channel.ChannelManager - Adding key: http://localhost:13653 for channel [id: 0xdffd1267, L:/127.0.0.1:61309 - R:localhost/127.0.0.1:13653]
11:36:12.993 [Forwarding findElements on session 343760fe1b3b1d209c4a0d88582a27db to remote] DEBUG org.asynchttpclient.netty.request.NettyRequestSender - Using pooled Channel '[id: 0xdffd1267, L:/127.0.0.1:61309 - R:localhost/127.0.0.1:13653]' for 'POST' to 'http://localhost:13653/session/343760fe1b3b1d209c4a0d88582a27db/elements'
11:36:12.993 [Forwarding findElements on session 343760fe1b3b1d209c4a0d88582a27db to remote] DEBUG org.asynchttpclient.netty.request.NettyRequestSender - Using open Channel [id: 0xdffd1267, L:/127.0.0.1:61309 - R:localhost/127.0.0.1:13653] for POST '/session/343760fe1b3b1d209c4a0d88582a27db/elements'
11:36:13.001 [AsyncHttpClient-1-5] DEBUG org.asynchttpclient.netty.handler.HttpHandler - 

Request DefaultHttpRequest(decodeResult: success, version: HTTP/1.1)
POST /session/343760fe1b3b1d209c4a0d88582a27db/elements HTTP/1.1
User-Agent: selenium/4.8.0 (java windows)
Content-Length: 111
Content-Type: application/json; charset=utf-8
host: localhost:13653
accept: */*

Response DefaultHttpResponse(decodeResult: success, version: HTTP/1.1)
HTTP/1.1 200 OK
Content-Length: 527
Content-Type: application/json; charset=utf-8
cache-control: no-cache

11:36:13.001 [AsyncHttpClient-1-5] DEBUG org.asynchttpclient.netty.channel.ChannelManager - Adding key: http://localhost:13653 for channel [id: 0xdffd1267, L:/127.0.0.1:61309 - R:localhost/127.0.0.1:13653]
11:36:13.002 [Forwarding getElementText on session 343760fe1b3b1d209c4a0d88582a27db to remote] DEBUG org.asynchttpclient.netty.request.NettyRequestSender - Using pooled Channel '[id: 0xdffd1267, L:/127.0.0.1:61309 - R:localhost/127.0.0.1:13653]' for 'GET' to 'http://localhost:13653/session/343760fe1b3b1d209c4a0d88582a27db/element/B5D78317CDC82913058D66A8C952A41F_element_35/text'
11:36:13.002 [Forwarding getElementText on session 343760fe1b3b1d209c4a0d88582a27db to remote] DEBUG org.asynchttpclient.netty.request.NettyRequestSender - Using open Channel [id: 0xdffd1267, L:/127.0.0.1:61309 - R:localhost/127.0.0.1:13653] for GET '/session/343760fe1b3b1d209c4a0d88582a27db/element/B5D78317CDC82913058D66A8C952A41F_element_35/text'
11:36:13.008 [AsyncHttpClient-1-5] DEBUG org.asynchttpclient.netty.handler.HttpHandler - 

Request DefaultFullHttpRequest(decodeResult: success, version: HTTP/1.1, content: EmptyByteBufBE)
GET /session/343760fe1b3b1d209c4a0d88582a27db/element/B5D78317CDC82913058D66A8C952A41F_element_35/text HTTP/1.1
User-Agent: selenium/4.8.0 (java windows)
Cache-Control: no-cache
Content-Type: application/json; charset=utf-8
host: localhost:13653
accept: */*

Response DefaultHttpResponse(decodeResult: success, version: HTTP/1.1)
HTTP/1.1 200 OK
Content-Length: 45
Content-Type: application/json; charset=utf-8
cache-control: no-cache

11:36:13.008 [AsyncHttpClient-1-5] DEBUG org.asynchttpclient.netty.channel.ChannelManager - Adding key: http://localhost:13653 for channel [id: 0xdffd1267, L:/127.0.0.1:61309 - R:localhost/127.0.0.1:13653]
11:36:13.009 [Forwarding findElements on session 343760fe1b3b1d209c4a0d88582a27db to remote] DEBUG org.asynchttpclient.netty.request.NettyRequestSender - Using pooled Channel '[id: 0xdffd1267, L:/127.0.0.1:61309 - R:localhost/127.0.0.1:13653]' for 'POST' to 'http://localhost:13653/session/343760fe1b3b1d209c4a0d88582a27db/elements'
11:36:13.009 [Forwarding findElements on session 343760fe1b3b1d209c4a0d88582a27db to remote] DEBUG org.asynchttpclient.netty.request.NettyRequestSender - Using open Channel [id: 0xdffd1267, L:/127.0.0.1:61309 - R:localhost/127.0.0.1:13653] for POST '/session/343760fe1b3b1d209c4a0d88582a27db/elements'
11:36:13.018 [AsyncHttpClient-1-5] DEBUG org.asynchttpclient.netty.handler.HttpHandler - 

Request DefaultHttpRequest(decodeResult: success, version: HTTP/1.1)
POST /session/343760fe1b3b1d209c4a0d88582a27db/elements HTTP/1.1
User-Agent: selenium/4.8.0 (java windows)
Content-Length: 111
Content-Type: application/json; charset=utf-8
host: localhost:13653
accept: */*

Response DefaultHttpResponse(decodeResult: success, version: HTTP/1.1)
HTTP/1.1 200 OK
Content-Length: 527
Content-Type: application/json; charset=utf-8
cache-control: no-cache

11:36:13.018 [AsyncHttpClient-1-5] DEBUG org.asynchttpclient.netty.channel.ChannelManager - Adding key: http://localhost:13653 for channel [id: 0xdffd1267, L:/127.0.0.1:61309 - R:localhost/127.0.0.1:13653]
11:36:13.018 [Forwarding getElementTagName on session 343760fe1b3b1d209c4a0d88582a27db to remote] DEBUG org.asynchttpclient.netty.request.NettyRequestSender - Using pooled Channel '[id: 0xdffd1267, L:/127.0.0.1:61309 - R:localhost/127.0.0.1:13653]' for 'GET' to 'http://localhost:13653/session/343760fe1b3b1d209c4a0d88582a27db/element/B5D78317CDC82913058D66A8C952A41F_element_35/name'
11:36:13.018 [Forwarding getElementTagName on session 343760fe1b3b1d209c4a0d88582a27db to remote] DEBUG org.asynchttpclient.netty.request.NettyRequestSender - Using open Channel [id: 0xdffd1267, L:/127.0.0.1:61309 - R:localhost/127.0.0.1:13653] for GET '/session/343760fe1b3b1d209c4a0d88582a27db/element/B5D78317CDC82913058D66A8C952A41F_element_35/name'
11:36:13.023 [AsyncHttpClient-1-5] DEBUG org.asynchttpclient.netty.handler.HttpHandler - 

Request DefaultFullHttpRequest(decodeResult: success, version: HTTP/1.1, content: EmptyByteBufBE)
GET /session/343760fe1b3b1d209c4a0d88582a27db/element/B5D78317CDC82913058D66A8C952A41F_element_35/name HTTP/1.1
User-Agent: selenium/4.8.0 (java windows)
Cache-Control: no-cache
Content-Type: application/json; charset=utf-8
host: localhost:13653
accept: */*

Response DefaultHttpResponse(decodeResult: success, version: HTTP/1.1)
HTTP/1.1 200 OK
Content-Length: 15
Content-Type: application/json; charset=utf-8
cache-control: no-cache

11:36:13.023 [AsyncHttpClient-1-5] DEBUG org.asynchttpclient.netty.channel.ChannelManager - Adding key: http://localhost:13653 for channel [id: 0xdffd1267, L:/127.0.0.1:61309 - R:localhost/127.0.0.1:13653]
11:36:13.025 [Forwarding getElementAttribute on session 343760fe1b3b1d209c4a0d88582a27db to remote] DEBUG org.asynchttpclient.netty.request.NettyRequestSender - Using pooled Channel '[id: 0xdffd1267, L:/127.0.0.1:61309 - R:localhost/127.0.0.1:13653]' for 'POST' to 'http://localhost:13653/session/343760fe1b3b1d209c4a0d88582a27db/execute/sync'
11:36:13.025 [Forwarding getElementAttribute on session 343760fe1b3b1d209c4a0d88582a27db to remote] DEBUG org.asynchttpclient.netty.request.NettyRequestSender - Using open Channel [id: 0xdffd1267, L:/127.0.0.1:61309 - R:localhost/127.0.0.1:13653] for POST '/session/343760fe1b3b1d209c4a0d88582a27db/execute/sync'
11:36:13.034 [AsyncHttpClient-1-5] DEBUG org.asynchttpclient.netty.handler.HttpHandler - 

Request DefaultHttpRequest(decodeResult: success, version: HTTP/1.1)
POST /session/343760fe1b3b1d209c4a0d88582a27db/execute/sync HTTP/1.1
User-Agent: selenium/4.8.0 (java windows)
Content-Length: 47372
Content-Type: application/json; charset=utf-8
host: localhost:13653
accept: */*

Response DefaultHttpResponse(decodeResult: success, version: HTTP/1.1)
HTTP/1.1 200 OK
Content-Length: 12
Content-Type: application/json; charset=utf-8
cache-control: no-cache

11:36:13.034 [AsyncHttpClient-1-5] DEBUG org.asynchttpclient.netty.channel.ChannelManager - Adding key: http://localhost:13653 for channel [id: 0xdffd1267, L:/127.0.0.1:61309 - R:localhost/127.0.0.1:13653]
11:36:13.036 [Forwarding getElementAttribute on session 343760fe1b3b1d209c4a0d88582a27db to remote] DEBUG org.asynchttpclient.netty.request.NettyRequestSender - Using pooled Channel '[id: 0xdffd1267, L:/127.0.0.1:61309 - R:localhost/127.0.0.1:13653]' for 'POST' to 'http://localhost:13653/session/343760fe1b3b1d209c4a0d88582a27db/execute/sync'
11:36:13.036 [Forwarding getElementAttribute on session 343760fe1b3b1d209c4a0d88582a27db to remote] DEBUG org.asynchttpclient.netty.request.NettyRequestSender - Using open Channel [id: 0xdffd1267, L:/127.0.0.1:61309 - R:localhost/127.0.0.1:13653] for POST '/session/343760fe1b3b1d209c4a0d88582a27db/execute/sync'
11:36:13.045 [AsyncHttpClient-1-5] DEBUG org.asynchttpclient.netty.handler.HttpHandler - 

Request DefaultHttpRequest(decodeResult: success, version: HTTP/1.1)
POST /session/343760fe1b3b1d209c4a0d88582a27db/execute/sync HTTP/1.1
User-Agent: selenium/4.8.0 (java windows)
Content-Length: 47374
Content-Type: application/json; charset=utf-8
host: localhost:13653
accept: */*

Response DefaultHttpResponse(decodeResult: success, version: HTTP/1.1)
HTTP/1.1 200 OK
Content-Length: 14
Content-Type: application/json; charset=utf-8
cache-control: no-cache

11:36:13.045 [AsyncHttpClient-1-5] DEBUG org.asynchttpclient.netty.channel.ChannelManager - Adding key: http://localhost:13653 for channel [id: 0xdffd1267, L:/127.0.0.1:61309 - R:localhost/127.0.0.1:13653]
11:36:13.047 [Forwarding getElementAttribute on session 343760fe1b3b1d209c4a0d88582a27db to remote] DEBUG org.asynchttpclient.netty.request.NettyRequestSender - Using pooled Channel '[id: 0xdffd1267, L:/127.0.0.1:61309 - R:localhost/127.0.0.1:13653]' for 'POST' to 'http://localhost:13653/session/343760fe1b3b1d209c4a0d88582a27db/execute/sync'
11:36:13.047 [Forwarding getElementAttribute on session 343760fe1b3b1d209c4a0d88582a27db to remote] DEBUG org.asynchttpclient.netty.request.NettyRequestSender - Using open Channel [id: 0xdffd1267, L:/127.0.0.1:61309 - R:localhost/127.0.0.1:13653] for POST '/session/343760fe1b3b1d209c4a0d88582a27db/execute/sync'
11:36:13.055 [AsyncHttpClient-1-5] DEBUG org.asynchttpclient.netty.handler.HttpHandler - 

Request DefaultHttpRequest(decodeResult: success, version: HTTP/1.1)
POST /session/343760fe1b3b1d209c4a0d88582a27db/execute/sync HTTP/1.1
User-Agent: selenium/4.8.0 (java windows)
Content-Length: 47374
Content-Type: application/json; charset=utf-8
host: localhost:13653
accept: */*

Response DefaultHttpResponse(decodeResult: success, version: HTTP/1.1)
HTTP/1.1 200 OK
Content-Length: 14
Content-Type: application/json; charset=utf-8
cache-control: no-cache

11:36:13.055 [AsyncHttpClient-1-5] DEBUG org.asynchttpclient.netty.channel.ChannelManager - Adding key: http://localhost:13653 for channel [id: 0xdffd1267, L:/127.0.0.1:61309 - R:localhost/127.0.0.1:13653]
11:36:13.059 [Forwarding getElementAttribute on session 343760fe1b3b1d209c4a0d88582a27db to remote] DEBUG org.asynchttpclient.netty.request.NettyRequestSender - Using pooled Channel '[id: 0xdffd1267, L:/127.0.0.1:61309 - R:localhost/127.0.0.1:13653]' for 'POST' to 'http://localhost:13653/session/343760fe1b3b1d209c4a0d88582a27db/execute/sync'
11:36:13.059 [Forwarding getElementAttribute on session 343760fe1b3b1d209c4a0d88582a27db to remote] DEBUG org.asynchttpclient.netty.request.NettyRequestSender - Using open Channel [id: 0xdffd1267, L:/127.0.0.1:61309 - R:localhost/127.0.0.1:13653] for POST '/session/343760fe1b3b1d209c4a0d88582a27db/execute/sync'
11:36:13.069 [AsyncHttpClient-1-5] DEBUG org.asynchttpclient.netty.handler.HttpHandler - 

Request DefaultHttpRequest(decodeResult: success, version: HTTP/1.1)
POST /session/343760fe1b3b1d209c4a0d88582a27db/execute/sync HTTP/1.1
User-Agent: selenium/4.8.0 (java windows)
Content-Length: 47374
Content-Type: application/json; charset=utf-8
host: localhost:13653
accept: */*

Response DefaultHttpResponse(decodeResult: success, version: HTTP/1.1)
HTTP/1.1 200 OK
Content-Length: 14
Content-Type: application/json; charset=utf-8
cache-control: no-cache

11:36:13.069 [AsyncHttpClient-1-5] DEBUG org.asynchttpclient.netty.channel.ChannelManager - Adding key: http://localhost:13653 for channel [id: 0xdffd1267, L:/127.0.0.1:61309 - R:localhost/127.0.0.1:13653]
11:36:13.072 [Forwarding getElementAttribute on session 343760fe1b3b1d209c4a0d88582a27db to remote] DEBUG org.asynchttpclient.netty.request.NettyRequestSender - Using pooled Channel '[id: 0xdffd1267, L:/127.0.0.1:61309 - R:localhost/127.0.0.1:13653]' for 'POST' to 'http://localhost:13653/session/343760fe1b3b1d209c4a0d88582a27db/execute/sync'
11:36:13.072 [Forwarding getElementAttribute on session 343760fe1b3b1d209c4a0d88582a27db to remote] DEBUG org.asynchttpclient.netty.request.NettyRequestSender - Using open Channel [id: 0xdffd1267, L:/127.0.0.1:61309 - R:localhost/127.0.0.1:13653] for POST '/session/343760fe1b3b1d209c4a0d88582a27db/execute/sync'
11:36:13.079 [AsyncHttpClient-1-5] DEBUG org.asynchttpclient.netty.handler.HttpHandler - 

Request DefaultHttpRequest(decodeResult: success, version: HTTP/1.1)
POST /session/343760fe1b3b1d209c4a0d88582a27db/execute/sync HTTP/1.1
User-Agent: selenium/4.8.0 (java windows)
Content-Length: 47375
Content-Type: application/json; charset=utf-8
host: localhost:13653
accept: */*

Response DefaultHttpResponse(decodeResult: success, version: HTTP/1.1)
HTTP/1.1 200 OK
Content-Length: 14
Content-Type: application/json; charset=utf-8
cache-control: no-cache

11:36:13.079 [AsyncHttpClient-1-5] DEBUG org.asynchttpclient.netty.channel.ChannelManager - Adding key: http://localhost:13653 for channel [id: 0xdffd1267, L:/127.0.0.1:61309 - R:localhost/127.0.0.1:13653]
11:36:13.080 [Forwarding getElementAttribute on session 343760fe1b3b1d209c4a0d88582a27db to remote] DEBUG org.asynchttpclient.netty.request.NettyRequestSender - Using pooled Channel '[id: 0xdffd1267, L:/127.0.0.1:61309 - R:localhost/127.0.0.1:13653]' for 'POST' to 'http://localhost:13653/session/343760fe1b3b1d209c4a0d88582a27db/execute/sync'
11:36:13.080 [Forwarding getElementAttribute on session 343760fe1b3b1d209c4a0d88582a27db to remote] DEBUG org.asynchttpclient.netty.request.NettyRequestSender - Using open Channel [id: 0xdffd1267, L:/127.0.0.1:61309 - R:localhost/127.0.0.1:13653] for POST '/session/343760fe1b3b1d209c4a0d88582a27db/execute/sync'
11:36:13.091 [AsyncHttpClient-1-5] DEBUG org.asynchttpclient.netty.handler.HttpHandler - 

Request DefaultHttpRequest(decodeResult: success, version: HTTP/1.1)
POST /session/343760fe1b3b1d209c4a0d88582a27db/execute/sync HTTP/1.1
User-Agent: selenium/4.8.0 (java windows)
Content-Length: 47375
Content-Type: application/json; charset=utf-8
host: localhost:13653
accept: */*

Response DefaultHttpResponse(decodeResult: success, version: HTTP/1.1)
HTTP/1.1 200 OK
Content-Length: 31
Content-Type: application/json; charset=utf-8
cache-control: no-cache

11:36:13.091 [AsyncHttpClient-1-5] DEBUG org.asynchttpclient.netty.channel.ChannelManager - Adding key: http://localhost:13653 for channel [id: 0xdffd1267, L:/127.0.0.1:61309 - R:localhost/127.0.0.1:13653]
11:36:13.093 [Forwarding getElementAttribute on session 343760fe1b3b1d209c4a0d88582a27db to remote] DEBUG org.asynchttpclient.netty.request.NettyRequestSender - Using pooled Channel '[id: 0xdffd1267, L:/127.0.0.1:61309 - R:localhost/127.0.0.1:13653]' for 'POST' to 'http://localhost:13653/session/343760fe1b3b1d209c4a0d88582a27db/execute/sync'
11:36:13.093 [Forwarding getElementAttribute on session 343760fe1b3b1d209c4a0d88582a27db to remote] DEBUG org.asynchttpclient.netty.request.NettyRequestSender - Using open Channel [id: 0xdffd1267, L:/127.0.0.1:61309 - R:localhost/127.0.0.1:13653] for POST '/session/343760fe1b3b1d209c4a0d88582a27db/execute/sync'
11:36:13.100 [AsyncHttpClient-1-5] DEBUG org.asynchttpclient.netty.handler.HttpHandler - 

Request DefaultHttpRequest(decodeResult: success, version: HTTP/1.1)
POST /session/343760fe1b3b1d209c4a0d88582a27db/execute/sync HTTP/1.1
User-Agent: selenium/4.8.0 (java windows)
Content-Length: 47375
Content-Type: application/json; charset=utf-8
host: localhost:13653
accept: */*

Response DefaultHttpResponse(decodeResult: success, version: HTTP/1.1)
HTTP/1.1 200 OK
Content-Length: 31
Content-Type: application/json; charset=utf-8
cache-control: no-cache

11:36:13.100 [AsyncHttpClient-1-5] DEBUG org.asynchttpclient.netty.channel.ChannelManager - Adding key: http://localhost:13653 for channel [id: 0xdffd1267, L:/127.0.0.1:61309 - R:localhost/127.0.0.1:13653]
11:36:13.100 [main] INFO  com.swaglabs.base.SetUp - <div class='inventory_item_name'> - InventoryPage.productnamesininverntorypagevalidated
11:36:13.104 [Forwarding getAlertText on session 343760fe1b3b1d209c4a0d88582a27db to remote] DEBUG org.asynchttpclient.netty.request.NettyRequestSender - Using pooled Channel '[id: 0xdffd1267, L:/127.0.0.1:61309 - R:localhost/127.0.0.1:13653]' for 'GET' to 'http://localhost:13653/session/343760fe1b3b1d209c4a0d88582a27db/alert/text'
11:36:13.104 [Forwarding getAlertText on session 343760fe1b3b1d209c4a0d88582a27db to remote] DEBUG org.asynchttpclient.netty.request.NettyRequestSender - Using open Channel [id: 0xdffd1267, L:/127.0.0.1:61309 - R:localhost/127.0.0.1:13653] for GET '/session/343760fe1b3b1d209c4a0d88582a27db/alert/text'
11:36:13.106 [AsyncHttpClient-1-5] DEBUG org.asynchttpclient.netty.handler.HttpHandler - 

Request DefaultFullHttpRequest(decodeResult: success, version: HTTP/1.1, content: EmptyByteBufBE)
GET /session/343760fe1b3b1d209c4a0d88582a27db/alert/text HTTP/1.1
User-Agent: selenium/4.8.0 (java windows)
Cache-Control: no-cache
Content-Type: application/json; charset=utf-8
host: localhost:13653
accept: */*

Response DefaultHttpResponse(decodeResult: success, version: HTTP/1.1)
HTTP/1.1 404 Not Found
Content-Length: 1522
Content-Type: application/json; charset=utf-8
cache-control: no-cache

11:36:13.106 [AsyncHttpClient-1-5] DEBUG org.asynchttpclient.netty.channel.ChannelManager - Adding key: http://localhost:13653 for channel [id: 0xdffd1267, L:/127.0.0.1:61309 - R:localhost/127.0.0.1:13653]
11:36:13.107 [Forwarding getCurrentUrl on session 343760fe1b3b1d209c4a0d88582a27db to remote] DEBUG org.asynchttpclient.netty.request.NettyRequestSender - Using pooled Channel '[id: 0xdffd1267, L:/127.0.0.1:61309 - R:localhost/127.0.0.1:13653]' for 'GET' to 'http://localhost:13653/session/343760fe1b3b1d209c4a0d88582a27db/url'
11:36:13.107 [Forwarding getCurrentUrl on session 343760fe1b3b1d209c4a0d88582a27db to remote] DEBUG org.asynchttpclient.netty.request.NettyRequestSender - Using open Channel [id: 0xdffd1267, L:/127.0.0.1:61309 - R:localhost/127.0.0.1:13653] for GET '/session/343760fe1b3b1d209c4a0d88582a27db/url'
11:36:13.111 [AsyncHttpClient-1-5] DEBUG org.asynchttpclient.netty.handler.HttpHandler - 

Request DefaultFullHttpRequest(decodeResult: success, version: HTTP/1.1, content: EmptyByteBufBE)
GET /session/343760fe1b3b1d209c4a0d88582a27db/url HTTP/1.1
User-Agent: selenium/4.8.0 (java windows)
Cache-Control: no-cache
Content-Type: application/json; charset=utf-8
host: localhost:13653
accept: */*

Response DefaultHttpResponse(decodeResult: success, version: HTTP/1.1)
HTTP/1.1 200 OK
Content-Length: 52
Content-Type: application/json; charset=utf-8
cache-control: no-cache

11:36:13.111 [AsyncHttpClient-1-5] DEBUG org.asynchttpclient.netty.channel.ChannelManager - Adding key: http://localhost:13653 for channel [id: 0xdffd1267, L:/127.0.0.1:61309 - R:localhost/127.0.0.1:13653]
11:36:13.112 [Forwarding screenshot on session 343760fe1b3b1d209c4a0d88582a27db to remote] DEBUG org.asynchttpclient.netty.request.NettyRequestSender - Using pooled Channel '[id: 0xdffd1267, L:/127.0.0.1:61309 - R:localhost/127.0.0.1:13653]' for 'GET' to 'http://localhost:13653/session/343760fe1b3b1d209c4a0d88582a27db/screenshot'
11:36:13.112 [Forwarding screenshot on session 343760fe1b3b1d209c4a0d88582a27db to remote] DEBUG org.asynchttpclient.netty.request.NettyRequestSender - Using open Channel [id: 0xdffd1267, L:/127.0.0.1:61309 - R:localhost/127.0.0.1:13653] for GET '/session/343760fe1b3b1d209c4a0d88582a27db/screenshot'
11:36:13.135 [AsyncHttpClient-1-1] DEBUG org.asynchttpclient.netty.channel.DefaultChannelPool - Entry count for : http://localhost:61317 : 1
11:36:13.345 [AsyncHttpClient-1-5] DEBUG org.asynchttpclient.netty.handler.HttpHandler - 

Request DefaultFullHttpRequest(decodeResult: success, version: HTTP/1.1, content: EmptyByteBufBE)
GET /session/343760fe1b3b1d209c4a0d88582a27db/screenshot HTTP/1.1
User-Agent: selenium/4.8.0 (java windows)
Cache-Control: no-cache
Content-Type: application/json; charset=utf-8
host: localhost:13653
accept: */*

Response DefaultHttpResponse(decodeResult: success, version: HTTP/1.1)
HTTP/1.1 200 OK
Content-Length: 563500
Content-Type: application/json; charset=utf-8
cache-control: no-cache

11:36:13.346 [AsyncHttpClient-1-5] DEBUG org.asynchttpclient.netty.channel.ChannelManager - Adding key: http://localhost:13653 for channel [id: 0xdffd1267, L:/127.0.0.1:61309 - R:localhost/127.0.0.1:13653]
11:36:13.363 [main] DEBUG net.serenitybdd.core.photography.Darkroom - Send negative for processing for target\site\serenity\4bed3cdfce91ca4f358d5285b57371c62ff9f4a6deb5992f6a647f712a576b8a.png
11:36:13.363 [main] DEBUG net.thucydides.core.steps.StepInterceptor - STEP DONE: validate AllProductsLabel
11:36:13.375 [Forwarding getPageSource on session 343760fe1b3b1d209c4a0d88582a27db to remote] DEBUG org.asynchttpclient.netty.request.NettyRequestSender - Using pooled Channel '[id: 0xdffd1267, L:/127.0.0.1:61309 - R:localhost/127.0.0.1:13653]' for 'POST' to 'http://localhost:13653/session/343760fe1b3b1d209c4a0d88582a27db/execute/sync'
11:36:13.375 [Forwarding getPageSource on session 343760fe1b3b1d209c4a0d88582a27db to remote] DEBUG org.asynchttpclient.netty.request.NettyRequestSender - Using open Channel [id: 0xdffd1267, L:/127.0.0.1:61309 - R:localhost/127.0.0.1:13653] for POST '/session/343760fe1b3b1d209c4a0d88582a27db/execute/sync'
11:36:13.383 [AsyncHttpClient-1-5] DEBUG org.asynchttpclient.netty.handler.HttpHandler - 

Request DefaultHttpRequest(decodeResult: success, version: HTTP/1.1)
POST /session/343760fe1b3b1d209c4a0d88582a27db/execute/sync HTTP/1.1
User-Agent: selenium/4.8.0 (java windows)
Content-Length: 176
Content-Type: application/json; charset=utf-8
host: localhost:13653
accept: */*

Response DefaultHttpResponse(decodeResult: success, version: HTTP/1.1)
HTTP/1.1 200 OK
Content-Length: 16311
Content-Type: application/json; charset=utf-8
cache-control: no-cache

11:36:13.383 [AsyncHttpClient-1-5] DEBUG org.asynchttpclient.netty.channel.ChannelManager - Adding key: http://localhost:13653 for channel [id: 0xdffd1267, L:/127.0.0.1:61309 - R:localhost/127.0.0.1:13653]
11:36:13.386 [Forwarding getCurrentUrl on session 343760fe1b3b1d209c4a0d88582a27db to remote] DEBUG org.asynchttpclient.netty.request.NettyRequestSender - Using pooled Channel '[id: 0xdffd1267, L:/127.0.0.1:61309 - R:localhost/127.0.0.1:13653]' for 'GET' to 'http://localhost:13653/session/343760fe1b3b1d209c4a0d88582a27db/url'
11:36:13.386 [Forwarding getCurrentUrl on session 343760fe1b3b1d209c4a0d88582a27db to remote] DEBUG org.asynchttpclient.netty.request.NettyRequestSender - Using open Channel [id: 0xdffd1267, L:/127.0.0.1:61309 - R:localhost/127.0.0.1:13653] for GET '/session/343760fe1b3b1d209c4a0d88582a27db/url'
11:36:13.390 [AsyncHttpClient-1-5] DEBUG org.asynchttpclient.netty.handler.HttpHandler - 

Request DefaultFullHttpRequest(decodeResult: success, version: HTTP/1.1, content: EmptyByteBufBE)
GET /session/343760fe1b3b1d209c4a0d88582a27db/url HTTP/1.1
User-Agent: selenium/4.8.0 (java windows)
Cache-Control: no-cache
Content-Type: application/json; charset=utf-8
host: localhost:13653
accept: */*

Response DefaultHttpResponse(decodeResult: success, version: HTTP/1.1)
HTTP/1.1 200 OK
Content-Length: 52
Content-Type: application/json; charset=utf-8
cache-control: no-cache

11:36:13.390 [AsyncHttpClient-1-5] DEBUG org.asynchttpclient.netty.channel.ChannelManager - Adding key: http://localhost:13653 for channel [id: 0xdffd1267, L:/127.0.0.1:61309 - R:localhost/127.0.0.1:13653]
11:36:13.397 [main] DEBUG net.thucydides.core.steps.StepInterceptor - STARTING STEP: InventoryPageSteps.test4_validateInventoryPageHeaderAndFooters - validate product prices
11:36:13.398 [Forwarding findElements on session 343760fe1b3b1d209c4a0d88582a27db to remote] DEBUG org.asynchttpclient.netty.request.NettyRequestSender - Using pooled Channel '[id: 0xdffd1267, L:/127.0.0.1:61309 - R:localhost/127.0.0.1:13653]' for 'POST' to 'http://localhost:13653/session/343760fe1b3b1d209c4a0d88582a27db/elements'
11:36:13.398 [Forwarding findElements on session 343760fe1b3b1d209c4a0d88582a27db to remote] DEBUG org.asynchttpclient.netty.request.NettyRequestSender - Using open Channel [id: 0xdffd1267, L:/127.0.0.1:61309 - R:localhost/127.0.0.1:13653] for POST '/session/343760fe1b3b1d209c4a0d88582a27db/elements'
11:36:13.410 [AsyncHttpClient-1-5] DEBUG org.asynchttpclient.netty.handler.HttpHandler - 

Request DefaultHttpRequest(decodeResult: success, version: HTTP/1.1)
POST /session/343760fe1b3b1d209c4a0d88582a27db/elements HTTP/1.1
User-Agent: selenium/4.8.0 (java windows)
Content-Length: 83
Content-Type: application/json; charset=utf-8
host: localhost:13653
accept: */*

Response DefaultHttpResponse(decodeResult: success, version: HTTP/1.1)
HTTP/1.1 200 OK
Content-Length: 527
Content-Type: application/json; charset=utf-8
cache-control: no-cache

11:36:13.410 [AsyncHttpClient-1-5] DEBUG org.asynchttpclient.netty.channel.ChannelManager - Adding key: http://localhost:13653 for channel [id: 0xdffd1267, L:/127.0.0.1:61309 - R:localhost/127.0.0.1:13653]
11:36:13.414 [Forwarding findElements on session 343760fe1b3b1d209c4a0d88582a27db to remote] DEBUG org.asynchttpclient.netty.request.NettyRequestSender - Using pooled Channel '[id: 0xdffd1267, L:/127.0.0.1:61309 - R:localhost/127.0.0.1:13653]' for 'POST' to 'http://localhost:13653/session/343760fe1b3b1d209c4a0d88582a27db/elements'
11:36:13.414 [Forwarding findElements on session 343760fe1b3b1d209c4a0d88582a27db to remote] DEBUG org.asynchttpclient.netty.request.NettyRequestSender - Using open Channel [id: 0xdffd1267, L:/127.0.0.1:61309 - R:localhost/127.0.0.1:13653] for POST '/session/343760fe1b3b1d209c4a0d88582a27db/elements'
11:36:13.426 [AsyncHttpClient-1-5] DEBUG org.asynchttpclient.netty.handler.HttpHandler - 

Request DefaultHttpRequest(decodeResult: success, version: HTTP/1.1)
POST /session/343760fe1b3b1d209c4a0d88582a27db/elements HTTP/1.1
User-Agent: selenium/4.8.0 (java windows)
Content-Length: 83
Content-Type: application/json; charset=utf-8
host: localhost:13653
accept: */*

Response DefaultHttpResponse(decodeResult: success, version: HTTP/1.1)
HTTP/1.1 200 OK
Content-Length: 527
Content-Type: application/json; charset=utf-8
cache-control: no-cache

11:36:13.426 [AsyncHttpClient-1-5] DEBUG org.asynchttpclient.netty.channel.ChannelManager - Adding key: http://localhost:13653 for channel [id: 0xdffd1267, L:/127.0.0.1:61309 - R:localhost/127.0.0.1:13653]
11:36:13.428 [Forwarding getElementText on session 343760fe1b3b1d209c4a0d88582a27db to remote] DEBUG org.asynchttpclient.netty.request.NettyRequestSender - Using pooled Channel '[id: 0xdffd1267, L:/127.0.0.1:61309 - R:localhost/127.0.0.1:13653]' for 'GET' to 'http://localhost:13653/session/343760fe1b3b1d209c4a0d88582a27db/element/B5D78317CDC82913058D66A8C952A41F_element_36/text'
11:36:13.428 [Forwarding getElementText on session 343760fe1b3b1d209c4a0d88582a27db to remote] DEBUG org.asynchttpclient.netty.request.NettyRequestSender - Using open Channel [id: 0xdffd1267, L:/127.0.0.1:61309 - R:localhost/127.0.0.1:13653] for GET '/session/343760fe1b3b1d209c4a0d88582a27db/element/B5D78317CDC82913058D66A8C952A41F_element_36/text'
11:36:13.437 [AsyncHttpClient-1-5] DEBUG org.asynchttpclient.netty.handler.HttpHandler - 

Request DefaultFullHttpRequest(decodeResult: success, version: HTTP/1.1, content: EmptyByteBufBE)
GET /session/343760fe1b3b1d209c4a0d88582a27db/element/B5D78317CDC82913058D66A8C952A41F_element_36/text HTTP/1.1
User-Agent: selenium/4.8.0 (java windows)
Cache-Control: no-cache
Content-Type: application/json; charset=utf-8
host: localhost:13653
accept: */*

Response DefaultHttpResponse(decodeResult: success, version: HTTP/1.1)
HTTP/1.1 200 OK
Content-Length: 18
Content-Type: application/json; charset=utf-8
cache-control: no-cache

11:36:13.437 [AsyncHttpClient-1-5] DEBUG org.asynchttpclient.netty.channel.ChannelManager - Adding key: http://localhost:13653 for channel [id: 0xdffd1267, L:/127.0.0.1:61309 - R:localhost/127.0.0.1:13653]
11:36:13.437 [main] INFO  com.swaglabs.base.SetUp - $29.99 validated Passed
11:36:13.438 [Forwarding findElements on session 343760fe1b3b1d209c4a0d88582a27db to remote] DEBUG org.asynchttpclient.netty.request.NettyRequestSender - Using pooled Channel '[id: 0xdffd1267, L:/127.0.0.1:61309 - R:localhost/127.0.0.1:13653]' for 'POST' to 'http://localhost:13653/session/343760fe1b3b1d209c4a0d88582a27db/elements'
11:36:13.438 [Forwarding findElements on session 343760fe1b3b1d209c4a0d88582a27db to remote] DEBUG org.asynchttpclient.netty.request.NettyRequestSender - Using open Channel [id: 0xdffd1267, L:/127.0.0.1:61309 - R:localhost/127.0.0.1:13653] for POST '/session/343760fe1b3b1d209c4a0d88582a27db/elements'
11:36:13.446 [AsyncHttpClient-1-5] DEBUG org.asynchttpclient.netty.handler.HttpHandler - 

Request DefaultHttpRequest(decodeResult: success, version: HTTP/1.1)
POST /session/343760fe1b3b1d209c4a0d88582a27db/elements HTTP/1.1
User-Agent: selenium/4.8.0 (java windows)
Content-Length: 83
Content-Type: application/json; charset=utf-8
host: localhost:13653
accept: */*

Response DefaultHttpResponse(decodeResult: success, version: HTTP/1.1)
HTTP/1.1 200 OK
Content-Length: 527
Content-Type: application/json; charset=utf-8
cache-control: no-cache

11:36:13.446 [AsyncHttpClient-1-5] DEBUG org.asynchttpclient.netty.channel.ChannelManager - Adding key: http://localhost:13653 for channel [id: 0xdffd1267, L:/127.0.0.1:61309 - R:localhost/127.0.0.1:13653]
11:36:13.447 [Forwarding getElementText on session 343760fe1b3b1d209c4a0d88582a27db to remote] DEBUG org.asynchttpclient.netty.request.NettyRequestSender - Using pooled Channel '[id: 0xdffd1267, L:/127.0.0.1:61309 - R:localhost/127.0.0.1:13653]' for 'GET' to 'http://localhost:13653/session/343760fe1b3b1d209c4a0d88582a27db/element/B5D78317CDC82913058D66A8C952A41F_element_36/text'
11:36:13.447 [Forwarding getElementText on session 343760fe1b3b1d209c4a0d88582a27db to remote] DEBUG org.asynchttpclient.netty.request.NettyRequestSender - Using open Channel [id: 0xdffd1267, L:/127.0.0.1:61309 - R:localhost/127.0.0.1:13653] for GET '/session/343760fe1b3b1d209c4a0d88582a27db/element/B5D78317CDC82913058D66A8C952A41F_element_36/text'
11:36:13.456 [AsyncHttpClient-1-5] DEBUG org.asynchttpclient.netty.handler.HttpHandler - 

Request DefaultFullHttpRequest(decodeResult: success, version: HTTP/1.1, content: EmptyByteBufBE)
GET /session/343760fe1b3b1d209c4a0d88582a27db/element/B5D78317CDC82913058D66A8C952A41F_element_36/text HTTP/1.1
User-Agent: selenium/4.8.0 (java windows)
Cache-Control: no-cache
Content-Type: application/json; charset=utf-8
host: localhost:13653
accept: */*

Response DefaultHttpResponse(decodeResult: success, version: HTTP/1.1)
HTTP/1.1 200 OK
Content-Length: 18
Content-Type: application/json; charset=utf-8
cache-control: no-cache

11:36:13.456 [AsyncHttpClient-1-5] DEBUG org.asynchttpclient.netty.channel.ChannelManager - Adding key: http://localhost:13653 for channel [id: 0xdffd1267, L:/127.0.0.1:61309 - R:localhost/127.0.0.1:13653]
11:36:13.457 [Forwarding findElements on session 343760fe1b3b1d209c4a0d88582a27db to remote] DEBUG org.asynchttpclient.netty.request.NettyRequestSender - Using pooled Channel '[id: 0xdffd1267, L:/127.0.0.1:61309 - R:localhost/127.0.0.1:13653]' for 'POST' to 'http://localhost:13653/session/343760fe1b3b1d209c4a0d88582a27db/elements'
11:36:13.457 [Forwarding findElements on session 343760fe1b3b1d209c4a0d88582a27db to remote] DEBUG org.asynchttpclient.netty.request.NettyRequestSender - Using open Channel [id: 0xdffd1267, L:/127.0.0.1:61309 - R:localhost/127.0.0.1:13653] for POST '/session/343760fe1b3b1d209c4a0d88582a27db/elements'
11:36:13.466 [AsyncHttpClient-1-5] DEBUG org.asynchttpclient.netty.handler.HttpHandler - 

Request DefaultHttpRequest(decodeResult: success, version: HTTP/1.1)
POST /session/343760fe1b3b1d209c4a0d88582a27db/elements HTTP/1.1
User-Agent: selenium/4.8.0 (java windows)
Content-Length: 83
Content-Type: application/json; charset=utf-8
host: localhost:13653
accept: */*

Response DefaultHttpResponse(decodeResult: success, version: HTTP/1.1)
HTTP/1.1 200 OK
Content-Length: 527
Content-Type: application/json; charset=utf-8
cache-control: no-cache

11:36:13.466 [AsyncHttpClient-1-5] DEBUG org.asynchttpclient.netty.channel.ChannelManager - Adding key: http://localhost:13653 for channel [id: 0xdffd1267, L:/127.0.0.1:61309 - R:localhost/127.0.0.1:13653]
11:36:13.466 [Forwarding findElements on session 343760fe1b3b1d209c4a0d88582a27db to remote] DEBUG org.asynchttpclient.netty.request.NettyRequestSender - Using pooled Channel '[id: 0xdffd1267, L:/127.0.0.1:61309 - R:localhost/127.0.0.1:13653]' for 'POST' to 'http://localhost:13653/session/343760fe1b3b1d209c4a0d88582a27db/elements'
11:36:13.468 [Forwarding findElements on session 343760fe1b3b1d209c4a0d88582a27db to remote] DEBUG org.asynchttpclient.netty.request.NettyRequestSender - Using open Channel [id: 0xdffd1267, L:/127.0.0.1:61309 - R:localhost/127.0.0.1:13653] for POST '/session/343760fe1b3b1d209c4a0d88582a27db/elements'
11:36:13.475 [AsyncHttpClient-1-5] DEBUG org.asynchttpclient.netty.handler.HttpHandler - 

Request DefaultHttpRequest(decodeResult: success, version: HTTP/1.1)
POST /session/343760fe1b3b1d209c4a0d88582a27db/elements HTTP/1.1
User-Agent: selenium/4.8.0 (java windows)
Content-Length: 83
Content-Type: application/json; charset=utf-8
host: localhost:13653
accept: */*

Response DefaultHttpResponse(decodeResult: success, version: HTTP/1.1)
HTTP/1.1 200 OK
Content-Length: 527
Content-Type: application/json; charset=utf-8
cache-control: no-cache

11:36:13.475 [AsyncHttpClient-1-5] DEBUG org.asynchttpclient.netty.channel.ChannelManager - Adding key: http://localhost:13653 for channel [id: 0xdffd1267, L:/127.0.0.1:61309 - R:localhost/127.0.0.1:13653]
11:36:13.477 [Forwarding getElementText on session 343760fe1b3b1d209c4a0d88582a27db to remote] DEBUG org.asynchttpclient.netty.request.NettyRequestSender - Using pooled Channel '[id: 0xdffd1267, L:/127.0.0.1:61309 - R:localhost/127.0.0.1:13653]' for 'GET' to 'http://localhost:13653/session/343760fe1b3b1d209c4a0d88582a27db/element/B5D78317CDC82913058D66A8C952A41F_element_37/text'
11:36:13.477 [Forwarding getElementText on session 343760fe1b3b1d209c4a0d88582a27db to remote] DEBUG org.asynchttpclient.netty.request.NettyRequestSender - Using open Channel [id: 0xdffd1267, L:/127.0.0.1:61309 - R:localhost/127.0.0.1:13653] for GET '/session/343760fe1b3b1d209c4a0d88582a27db/element/B5D78317CDC82913058D66A8C952A41F_element_37/text'
11:36:13.488 [AsyncHttpClient-1-5] DEBUG org.asynchttpclient.netty.handler.HttpHandler - 

Request DefaultFullHttpRequest(decodeResult: success, version: HTTP/1.1, content: EmptyByteBufBE)
GET /session/343760fe1b3b1d209c4a0d88582a27db/element/B5D78317CDC82913058D66A8C952A41F_element_37/text HTTP/1.1
User-Agent: selenium/4.8.0 (java windows)
Cache-Control: no-cache
Content-Type: application/json; charset=utf-8
host: localhost:13653
accept: */*

Response DefaultHttpResponse(decodeResult: success, version: HTTP/1.1)
HTTP/1.1 200 OK
Content-Length: 17
Content-Type: application/json; charset=utf-8
cache-control: no-cache

11:36:13.488 [AsyncHttpClient-1-5] DEBUG org.asynchttpclient.netty.channel.ChannelManager - Adding key: http://localhost:13653 for channel [id: 0xdffd1267, L:/127.0.0.1:61309 - R:localhost/127.0.0.1:13653]
11:36:13.489 [main] INFO  com.swaglabs.base.SetUp - $9.99 validated Passed
11:36:13.490 [Forwarding findElements on session 343760fe1b3b1d209c4a0d88582a27db to remote] DEBUG org.asynchttpclient.netty.request.NettyRequestSender - Using pooled Channel '[id: 0xdffd1267, L:/127.0.0.1:61309 - R:localhost/127.0.0.1:13653]' for 'POST' to 'http://localhost:13653/session/343760fe1b3b1d209c4a0d88582a27db/elements'
11:36:13.490 [Forwarding findElements on session 343760fe1b3b1d209c4a0d88582a27db to remote] DEBUG org.asynchttpclient.netty.request.NettyRequestSender - Using open Channel [id: 0xdffd1267, L:/127.0.0.1:61309 - R:localhost/127.0.0.1:13653] for POST '/session/343760fe1b3b1d209c4a0d88582a27db/elements'
11:36:13.496 [AsyncHttpClient-1-5] DEBUG org.asynchttpclient.netty.handler.HttpHandler - 

Request DefaultHttpRequest(decodeResult: success, version: HTTP/1.1)
POST /session/343760fe1b3b1d209c4a0d88582a27db/elements HTTP/1.1
User-Agent: selenium/4.8.0 (java windows)
Content-Length: 83
Content-Type: application/json; charset=utf-8
host: localhost:13653
accept: */*

Response DefaultHttpResponse(decodeResult: success, version: HTTP/1.1)
HTTP/1.1 200 OK
Content-Length: 527
Content-Type: application/json; charset=utf-8
cache-control: no-cache

11:36:13.496 [AsyncHttpClient-1-5] DEBUG org.asynchttpclient.netty.channel.ChannelManager - Adding key: http://localhost:13653 for channel [id: 0xdffd1267, L:/127.0.0.1:61309 - R:localhost/127.0.0.1:13653]
11:36:13.497 [Forwarding getElementText on session 343760fe1b3b1d209c4a0d88582a27db to remote] DEBUG org.asynchttpclient.netty.request.NettyRequestSender - Using pooled Channel '[id: 0xdffd1267, L:/127.0.0.1:61309 - R:localhost/127.0.0.1:13653]' for 'GET' to 'http://localhost:13653/session/343760fe1b3b1d209c4a0d88582a27db/element/B5D78317CDC82913058D66A8C952A41F_element_37/text'
11:36:13.497 [Forwarding getElementText on session 343760fe1b3b1d209c4a0d88582a27db to remote] DEBUG org.asynchttpclient.netty.request.NettyRequestSender - Using open Channel [id: 0xdffd1267, L:/127.0.0.1:61309 - R:localhost/127.0.0.1:13653] for GET '/session/343760fe1b3b1d209c4a0d88582a27db/element/B5D78317CDC82913058D66A8C952A41F_element_37/text'
11:36:13.507 [AsyncHttpClient-1-5] DEBUG org.asynchttpclient.netty.handler.HttpHandler - 

Request DefaultFullHttpRequest(decodeResult: success, version: HTTP/1.1, content: EmptyByteBufBE)
GET /session/343760fe1b3b1d209c4a0d88582a27db/element/B5D78317CDC82913058D66A8C952A41F_element_37/text HTTP/1.1
User-Agent: selenium/4.8.0 (java windows)
Cache-Control: no-cache
Content-Type: application/json; charset=utf-8
host: localhost:13653
accept: */*

Response DefaultHttpResponse(decodeResult: success, version: HTTP/1.1)
HTTP/1.1 200 OK
Content-Length: 17
Content-Type: application/json; charset=utf-8
cache-control: no-cache

11:36:13.507 [AsyncHttpClient-1-5] DEBUG org.asynchttpclient.netty.channel.ChannelManager - Adding key: http://localhost:13653 for channel [id: 0xdffd1267, L:/127.0.0.1:61309 - R:localhost/127.0.0.1:13653]
11:36:13.508 [Forwarding findElements on session 343760fe1b3b1d209c4a0d88582a27db to remote] DEBUG org.asynchttpclient.netty.request.NettyRequestSender - Using pooled Channel '[id: 0xdffd1267, L:/127.0.0.1:61309 - R:localhost/127.0.0.1:13653]' for 'POST' to 'http://localhost:13653/session/343760fe1b3b1d209c4a0d88582a27db/elements'
11:36:13.509 [Forwarding findElements on session 343760fe1b3b1d209c4a0d88582a27db to remote] DEBUG org.asynchttpclient.netty.request.NettyRequestSender - Using open Channel [id: 0xdffd1267, L:/127.0.0.1:61309 - R:localhost/127.0.0.1:13653] for POST '/session/343760fe1b3b1d209c4a0d88582a27db/elements'
11:36:13.516 [AsyncHttpClient-1-5] DEBUG org.asynchttpclient.netty.handler.HttpHandler - 

Request DefaultHttpRequest(decodeResult: success, version: HTTP/1.1)
POST /session/343760fe1b3b1d209c4a0d88582a27db/elements HTTP/1.1
User-Agent: selenium/4.8.0 (java windows)
Content-Length: 83
Content-Type: application/json; charset=utf-8
host: localhost:13653
accept: */*

Response DefaultHttpResponse(decodeResult: success, version: HTTP/1.1)
HTTP/1.1 200 OK
Content-Length: 527
Content-Type: application/json; charset=utf-8
cache-control: no-cache

11:36:13.517 [AsyncHttpClient-1-5] DEBUG org.asynchttpclient.netty.channel.ChannelManager - Adding key: http://localhost:13653 for channel [id: 0xdffd1267, L:/127.0.0.1:61309 - R:localhost/127.0.0.1:13653]
11:36:13.518 [Forwarding findElements on session 343760fe1b3b1d209c4a0d88582a27db to remote] DEBUG org.asynchttpclient.netty.request.NettyRequestSender - Using pooled Channel '[id: 0xdffd1267, L:/127.0.0.1:61309 - R:localhost/127.0.0.1:13653]' for 'POST' to 'http://localhost:13653/session/343760fe1b3b1d209c4a0d88582a27db/elements'
11:36:13.518 [Forwarding findElements on session 343760fe1b3b1d209c4a0d88582a27db to remote] DEBUG org.asynchttpclient.netty.request.NettyRequestSender - Using open Channel [id: 0xdffd1267, L:/127.0.0.1:61309 - R:localhost/127.0.0.1:13653] for POST '/session/343760fe1b3b1d209c4a0d88582a27db/elements'
11:36:13.524 [AsyncHttpClient-1-5] DEBUG org.asynchttpclient.netty.handler.HttpHandler - 

Request DefaultHttpRequest(decodeResult: success, version: HTTP/1.1)
POST /session/343760fe1b3b1d209c4a0d88582a27db/elements HTTP/1.1
User-Agent: selenium/4.8.0 (java windows)
Content-Length: 83
Content-Type: application/json; charset=utf-8
host: localhost:13653
accept: */*

Response DefaultHttpResponse(decodeResult: success, version: HTTP/1.1)
HTTP/1.1 200 OK
Content-Length: 527
Content-Type: application/json; charset=utf-8
cache-control: no-cache

11:36:13.524 [AsyncHttpClient-1-5] DEBUG org.asynchttpclient.netty.channel.ChannelManager - Adding key: http://localhost:13653 for channel [id: 0xdffd1267, L:/127.0.0.1:61309 - R:localhost/127.0.0.1:13653]
11:36:13.525 [Forwarding getElementText on session 343760fe1b3b1d209c4a0d88582a27db to remote] DEBUG org.asynchttpclient.netty.request.NettyRequestSender - Using pooled Channel '[id: 0xdffd1267, L:/127.0.0.1:61309 - R:localhost/127.0.0.1:13653]' for 'GET' to 'http://localhost:13653/session/343760fe1b3b1d209c4a0d88582a27db/element/B5D78317CDC82913058D66A8C952A41F_element_38/text'
11:36:13.525 [Forwarding getElementText on session 343760fe1b3b1d209c4a0d88582a27db to remote] DEBUG org.asynchttpclient.netty.request.NettyRequestSender - Using open Channel [id: 0xdffd1267, L:/127.0.0.1:61309 - R:localhost/127.0.0.1:13653] for GET '/session/343760fe1b3b1d209c4a0d88582a27db/element/B5D78317CDC82913058D66A8C952A41F_element_38/text'
11:36:13.533 [AsyncHttpClient-1-5] DEBUG org.asynchttpclient.netty.handler.HttpHandler - 

Request DefaultFullHttpRequest(decodeResult: success, version: HTTP/1.1, content: EmptyByteBufBE)
GET /session/343760fe1b3b1d209c4a0d88582a27db/element/B5D78317CDC82913058D66A8C952A41F_element_38/text HTTP/1.1
User-Agent: selenium/4.8.0 (java windows)
Cache-Control: no-cache
Content-Type: application/json; charset=utf-8
host: localhost:13653
accept: */*

Response DefaultHttpResponse(decodeResult: success, version: HTTP/1.1)
HTTP/1.1 200 OK
Content-Length: 18
Content-Type: application/json; charset=utf-8
cache-control: no-cache

11:36:13.533 [AsyncHttpClient-1-5] DEBUG org.asynchttpclient.netty.channel.ChannelManager - Adding key: http://localhost:13653 for channel [id: 0xdffd1267, L:/127.0.0.1:61309 - R:localhost/127.0.0.1:13653]
11:36:13.533 [main] INFO  com.swaglabs.base.SetUp - $15.99 validated Passed
11:36:13.534 [Forwarding findElements on session 343760fe1b3b1d209c4a0d88582a27db to remote] DEBUG org.asynchttpclient.netty.request.NettyRequestSender - Using pooled Channel '[id: 0xdffd1267, L:/127.0.0.1:61309 - R:localhost/127.0.0.1:13653]' for 'POST' to 'http://localhost:13653/session/343760fe1b3b1d209c4a0d88582a27db/elements'
11:36:13.534 [Forwarding findElements on session 343760fe1b3b1d209c4a0d88582a27db to remote] DEBUG org.asynchttpclient.netty.request.NettyRequestSender - Using open Channel [id: 0xdffd1267, L:/127.0.0.1:61309 - R:localhost/127.0.0.1:13653] for POST '/session/343760fe1b3b1d209c4a0d88582a27db/elements'
11:36:13.547 [AsyncHttpClient-1-5] DEBUG org.asynchttpclient.netty.handler.HttpHandler - 

Request DefaultHttpRequest(decodeResult: success, version: HTTP/1.1)
POST /session/343760fe1b3b1d209c4a0d88582a27db/elements HTTP/1.1
User-Agent: selenium/4.8.0 (java windows)
Content-Length: 83
Content-Type: application/json; charset=utf-8
host: localhost:13653
accept: */*

Response DefaultHttpResponse(decodeResult: success, version: HTTP/1.1)
HTTP/1.1 200 OK
Content-Length: 527
Content-Type: application/json; charset=utf-8
cache-control: no-cache

11:36:13.547 [AsyncHttpClient-1-5] DEBUG org.asynchttpclient.netty.channel.ChannelManager - Adding key: http://localhost:13653 for channel [id: 0xdffd1267, L:/127.0.0.1:61309 - R:localhost/127.0.0.1:13653]
11:36:13.548 [Forwarding getElementText on session 343760fe1b3b1d209c4a0d88582a27db to remote] DEBUG org.asynchttpclient.netty.request.NettyRequestSender - Using pooled Channel '[id: 0xdffd1267, L:/127.0.0.1:61309 - R:localhost/127.0.0.1:13653]' for 'GET' to 'http://localhost:13653/session/343760fe1b3b1d209c4a0d88582a27db/element/B5D78317CDC82913058D66A8C952A41F_element_38/text'
11:36:13.548 [Forwarding getElementText on session 343760fe1b3b1d209c4a0d88582a27db to remote] DEBUG org.asynchttpclient.netty.request.NettyRequestSender - Using open Channel [id: 0xdffd1267, L:/127.0.0.1:61309 - R:localhost/127.0.0.1:13653] for GET '/session/343760fe1b3b1d209c4a0d88582a27db/element/B5D78317CDC82913058D66A8C952A41F_element_38/text'
11:36:13.561 [AsyncHttpClient-1-5] DEBUG org.asynchttpclient.netty.handler.HttpHandler - 

Request DefaultFullHttpRequest(decodeResult: success, version: HTTP/1.1, content: EmptyByteBufBE)
GET /session/343760fe1b3b1d209c4a0d88582a27db/element/B5D78317CDC82913058D66A8C952A41F_element_38/text HTTP/1.1
User-Agent: selenium/4.8.0 (java windows)
Cache-Control: no-cache
Content-Type: application/json; charset=utf-8
host: localhost:13653
accept: */*

Response DefaultHttpResponse(decodeResult: success, version: HTTP/1.1)
HTTP/1.1 200 OK
Content-Length: 18
Content-Type: application/json; charset=utf-8
cache-control: no-cache

11:36:13.561 [AsyncHttpClient-1-5] DEBUG org.asynchttpclient.netty.channel.ChannelManager - Adding key: http://localhost:13653 for channel [id: 0xdffd1267, L:/127.0.0.1:61309 - R:localhost/127.0.0.1:13653]
11:36:13.563 [Forwarding findElements on session 343760fe1b3b1d209c4a0d88582a27db to remote] DEBUG org.asynchttpclient.netty.request.NettyRequestSender - Using pooled Channel '[id: 0xdffd1267, L:/127.0.0.1:61309 - R:localhost/127.0.0.1:13653]' for 'POST' to 'http://localhost:13653/session/343760fe1b3b1d209c4a0d88582a27db/elements'
11:36:13.563 [Forwarding findElements on session 343760fe1b3b1d209c4a0d88582a27db to remote] DEBUG org.asynchttpclient.netty.request.NettyRequestSender - Using open Channel [id: 0xdffd1267, L:/127.0.0.1:61309 - R:localhost/127.0.0.1:13653] for POST '/session/343760fe1b3b1d209c4a0d88582a27db/elements'
11:36:13.571 [AsyncHttpClient-1-5] DEBUG org.asynchttpclient.netty.handler.HttpHandler - 

Request DefaultHttpRequest(decodeResult: success, version: HTTP/1.1)
POST /session/343760fe1b3b1d209c4a0d88582a27db/elements HTTP/1.1
User-Agent: selenium/4.8.0 (java windows)
Content-Length: 83
Content-Type: application/json; charset=utf-8
host: localhost:13653
accept: */*

Response DefaultHttpResponse(decodeResult: success, version: HTTP/1.1)
HTTP/1.1 200 OK
Content-Length: 527
Content-Type: application/json; charset=utf-8
cache-control: no-cache

11:36:13.571 [AsyncHttpClient-1-5] DEBUG org.asynchttpclient.netty.channel.ChannelManager - Adding key: http://localhost:13653 for channel [id: 0xdffd1267, L:/127.0.0.1:61309 - R:localhost/127.0.0.1:13653]
11:36:13.572 [Forwarding findElements on session 343760fe1b3b1d209c4a0d88582a27db to remote] DEBUG org.asynchttpclient.netty.request.NettyRequestSender - Using pooled Channel '[id: 0xdffd1267, L:/127.0.0.1:61309 - R:localhost/127.0.0.1:13653]' for 'POST' to 'http://localhost:13653/session/343760fe1b3b1d209c4a0d88582a27db/elements'
11:36:13.572 [Forwarding findElements on session 343760fe1b3b1d209c4a0d88582a27db to remote] DEBUG org.asynchttpclient.netty.request.NettyRequestSender - Using open Channel [id: 0xdffd1267, L:/127.0.0.1:61309 - R:localhost/127.0.0.1:13653] for POST '/session/343760fe1b3b1d209c4a0d88582a27db/elements'
11:36:13.582 [AsyncHttpClient-1-5] DEBUG org.asynchttpclient.netty.handler.HttpHandler - 

Request DefaultHttpRequest(decodeResult: success, version: HTTP/1.1)
POST /session/343760fe1b3b1d209c4a0d88582a27db/elements HTTP/1.1
User-Agent: selenium/4.8.0 (java windows)
Content-Length: 83
Content-Type: application/json; charset=utf-8
host: localhost:13653
accept: */*

Response DefaultHttpResponse(decodeResult: success, version: HTTP/1.1)
HTTP/1.1 200 OK
Content-Length: 527
Content-Type: application/json; charset=utf-8
cache-control: no-cache

11:36:13.582 [AsyncHttpClient-1-5] DEBUG org.asynchttpclient.netty.channel.ChannelManager - Adding key: http://localhost:13653 for channel [id: 0xdffd1267, L:/127.0.0.1:61309 - R:localhost/127.0.0.1:13653]
11:36:13.583 [Forwarding getElementText on session 343760fe1b3b1d209c4a0d88582a27db to remote] DEBUG org.asynchttpclient.netty.request.NettyRequestSender - Using pooled Channel '[id: 0xdffd1267, L:/127.0.0.1:61309 - R:localhost/127.0.0.1:13653]' for 'GET' to 'http://localhost:13653/session/343760fe1b3b1d209c4a0d88582a27db/element/B5D78317CDC82913058D66A8C952A41F_element_39/text'
11:36:13.583 [Forwarding getElementText on session 343760fe1b3b1d209c4a0d88582a27db to remote] DEBUG org.asynchttpclient.netty.request.NettyRequestSender - Using open Channel [id: 0xdffd1267, L:/127.0.0.1:61309 - R:localhost/127.0.0.1:13653] for GET '/session/343760fe1b3b1d209c4a0d88582a27db/element/B5D78317CDC82913058D66A8C952A41F_element_39/text'
11:36:13.592 [AsyncHttpClient-1-5] DEBUG org.asynchttpclient.netty.handler.HttpHandler - 

Request DefaultFullHttpRequest(decodeResult: success, version: HTTP/1.1, content: EmptyByteBufBE)
GET /session/343760fe1b3b1d209c4a0d88582a27db/element/B5D78317CDC82913058D66A8C952A41F_element_39/text HTTP/1.1
User-Agent: selenium/4.8.0 (java windows)
Cache-Control: no-cache
Content-Type: application/json; charset=utf-8
host: localhost:13653
accept: */*

Response DefaultHttpResponse(decodeResult: success, version: HTTP/1.1)
HTTP/1.1 200 OK
Content-Length: 18
Content-Type: application/json; charset=utf-8
cache-control: no-cache

11:36:13.592 [AsyncHttpClient-1-5] DEBUG org.asynchttpclient.netty.channel.ChannelManager - Adding key: http://localhost:13653 for channel [id: 0xdffd1267, L:/127.0.0.1:61309 - R:localhost/127.0.0.1:13653]
11:36:13.592 [main] INFO  com.swaglabs.base.SetUp - $49.99 validated Passed
11:36:13.593 [Forwarding findElements on session 343760fe1b3b1d209c4a0d88582a27db to remote] DEBUG org.asynchttpclient.netty.request.NettyRequestSender - Using pooled Channel '[id: 0xdffd1267, L:/127.0.0.1:61309 - R:localhost/127.0.0.1:13653]' for 'POST' to 'http://localhost:13653/session/343760fe1b3b1d209c4a0d88582a27db/elements'
11:36:13.593 [Forwarding findElements on session 343760fe1b3b1d209c4a0d88582a27db to remote] DEBUG org.asynchttpclient.netty.request.NettyRequestSender - Using open Channel [id: 0xdffd1267, L:/127.0.0.1:61309 - R:localhost/127.0.0.1:13653] for POST '/session/343760fe1b3b1d209c4a0d88582a27db/elements'
11:36:13.602 [AsyncHttpClient-1-5] DEBUG org.asynchttpclient.netty.handler.HttpHandler - 

Request DefaultHttpRequest(decodeResult: success, version: HTTP/1.1)
POST /session/343760fe1b3b1d209c4a0d88582a27db/elements HTTP/1.1
User-Agent: selenium/4.8.0 (java windows)
Content-Length: 83
Content-Type: application/json; charset=utf-8
host: localhost:13653
accept: */*

Response DefaultHttpResponse(decodeResult: success, version: HTTP/1.1)
HTTP/1.1 200 OK
Content-Length: 527
Content-Type: application/json; charset=utf-8
cache-control: no-cache

11:36:13.602 [AsyncHttpClient-1-5] DEBUG org.asynchttpclient.netty.channel.ChannelManager - Adding key: http://localhost:13653 for channel [id: 0xdffd1267, L:/127.0.0.1:61309 - R:localhost/127.0.0.1:13653]
11:36:13.604 [Forwarding getElementText on session 343760fe1b3b1d209c4a0d88582a27db to remote] DEBUG org.asynchttpclient.netty.request.NettyRequestSender - Using pooled Channel '[id: 0xdffd1267, L:/127.0.0.1:61309 - R:localhost/127.0.0.1:13653]' for 'GET' to 'http://localhost:13653/session/343760fe1b3b1d209c4a0d88582a27db/element/B5D78317CDC82913058D66A8C952A41F_element_39/text'
11:36:13.604 [Forwarding getElementText on session 343760fe1b3b1d209c4a0d88582a27db to remote] DEBUG org.asynchttpclient.netty.request.NettyRequestSender - Using open Channel [id: 0xdffd1267, L:/127.0.0.1:61309 - R:localhost/127.0.0.1:13653] for GET '/session/343760fe1b3b1d209c4a0d88582a27db/element/B5D78317CDC82913058D66A8C952A41F_element_39/text'
11:36:13.610 [AsyncHttpClient-1-5] DEBUG org.asynchttpclient.netty.handler.HttpHandler - 

Request DefaultFullHttpRequest(decodeResult: success, version: HTTP/1.1, content: EmptyByteBufBE)
GET /session/343760fe1b3b1d209c4a0d88582a27db/element/B5D78317CDC82913058D66A8C952A41F_element_39/text HTTP/1.1
User-Agent: selenium/4.8.0 (java windows)
Cache-Control: no-cache
Content-Type: application/json; charset=utf-8
host: localhost:13653
accept: */*

Response DefaultHttpResponse(decodeResult: success, version: HTTP/1.1)
HTTP/1.1 200 OK
Content-Length: 18
Content-Type: application/json; charset=utf-8
cache-control: no-cache

11:36:13.610 [AsyncHttpClient-1-5] DEBUG org.asynchttpclient.netty.channel.ChannelManager - Adding key: http://localhost:13653 for channel [id: 0xdffd1267, L:/127.0.0.1:61309 - R:localhost/127.0.0.1:13653]
11:36:13.612 [Forwarding findElements on session 343760fe1b3b1d209c4a0d88582a27db to remote] DEBUG org.asynchttpclient.netty.request.NettyRequestSender - Using pooled Channel '[id: 0xdffd1267, L:/127.0.0.1:61309 - R:localhost/127.0.0.1:13653]' for 'POST' to 'http://localhost:13653/session/343760fe1b3b1d209c4a0d88582a27db/elements'
11:36:13.612 [Forwarding findElements on session 343760fe1b3b1d209c4a0d88582a27db to remote] DEBUG org.asynchttpclient.netty.request.NettyRequestSender - Using open Channel [id: 0xdffd1267, L:/127.0.0.1:61309 - R:localhost/127.0.0.1:13653] for POST '/session/343760fe1b3b1d209c4a0d88582a27db/elements'
11:36:13.621 [AsyncHttpClient-1-5] DEBUG org.asynchttpclient.netty.handler.HttpHandler - 

Request DefaultHttpRequest(decodeResult: success, version: HTTP/1.1)
POST /session/343760fe1b3b1d209c4a0d88582a27db/elements HTTP/1.1
User-Agent: selenium/4.8.0 (java windows)
Content-Length: 83
Content-Type: application/json; charset=utf-8
host: localhost:13653
accept: */*

Response DefaultHttpResponse(decodeResult: success, version: HTTP/1.1)
HTTP/1.1 200 OK
Content-Length: 527
Content-Type: application/json; charset=utf-8
cache-control: no-cache

11:36:13.621 [AsyncHttpClient-1-5] DEBUG org.asynchttpclient.netty.channel.ChannelManager - Adding key: http://localhost:13653 for channel [id: 0xdffd1267, L:/127.0.0.1:61309 - R:localhost/127.0.0.1:13653]
11:36:13.624 [Forwarding findElements on session 343760fe1b3b1d209c4a0d88582a27db to remote] DEBUG org.asynchttpclient.netty.request.NettyRequestSender - Using pooled Channel '[id: 0xdffd1267, L:/127.0.0.1:61309 - R:localhost/127.0.0.1:13653]' for 'POST' to 'http://localhost:13653/session/343760fe1b3b1d209c4a0d88582a27db/elements'
11:36:13.624 [Forwarding findElements on session 343760fe1b3b1d209c4a0d88582a27db to remote] DEBUG org.asynchttpclient.netty.request.NettyRequestSender - Using open Channel [id: 0xdffd1267, L:/127.0.0.1:61309 - R:localhost/127.0.0.1:13653] for POST '/session/343760fe1b3b1d209c4a0d88582a27db/elements'
11:36:13.632 [AsyncHttpClient-1-5] DEBUG org.asynchttpclient.netty.handler.HttpHandler - 

Request DefaultHttpRequest(decodeResult: success, version: HTTP/1.1)
POST /session/343760fe1b3b1d209c4a0d88582a27db/elements HTTP/1.1
User-Agent: selenium/4.8.0 (java windows)
Content-Length: 83
Content-Type: application/json; charset=utf-8
host: localhost:13653
accept: */*

Response DefaultHttpResponse(decodeResult: success, version: HTTP/1.1)
HTTP/1.1 200 OK
Content-Length: 527
Content-Type: application/json; charset=utf-8
cache-control: no-cache

11:36:13.632 [AsyncHttpClient-1-5] DEBUG org.asynchttpclient.netty.channel.ChannelManager - Adding key: http://localhost:13653 for channel [id: 0xdffd1267, L:/127.0.0.1:61309 - R:localhost/127.0.0.1:13653]
11:36:13.634 [Forwarding getElementText on session 343760fe1b3b1d209c4a0d88582a27db to remote] DEBUG org.asynchttpclient.netty.request.NettyRequestSender - Using pooled Channel '[id: 0xdffd1267, L:/127.0.0.1:61309 - R:localhost/127.0.0.1:13653]' for 'GET' to 'http://localhost:13653/session/343760fe1b3b1d209c4a0d88582a27db/element/B5D78317CDC82913058D66A8C952A41F_element_40/text'
11:36:13.634 [Forwarding getElementText on session 343760fe1b3b1d209c4a0d88582a27db to remote] DEBUG org.asynchttpclient.netty.request.NettyRequestSender - Using open Channel [id: 0xdffd1267, L:/127.0.0.1:61309 - R:localhost/127.0.0.1:13653] for GET '/session/343760fe1b3b1d209c4a0d88582a27db/element/B5D78317CDC82913058D66A8C952A41F_element_40/text'
11:36:13.642 [AsyncHttpClient-1-5] DEBUG org.asynchttpclient.netty.handler.HttpHandler - 

Request DefaultFullHttpRequest(decodeResult: success, version: HTTP/1.1, content: EmptyByteBufBE)
GET /session/343760fe1b3b1d209c4a0d88582a27db/element/B5D78317CDC82913058D66A8C952A41F_element_40/text HTTP/1.1
User-Agent: selenium/4.8.0 (java windows)
Cache-Control: no-cache
Content-Type: application/json; charset=utf-8
host: localhost:13653
accept: */*

Response DefaultHttpResponse(decodeResult: success, version: HTTP/1.1)
HTTP/1.1 200 OK
Content-Length: 17
Content-Type: application/json; charset=utf-8
cache-control: no-cache

11:36:13.642 [AsyncHttpClient-1-5] DEBUG org.asynchttpclient.netty.channel.ChannelManager - Adding key: http://localhost:13653 for channel [id: 0xdffd1267, L:/127.0.0.1:61309 - R:localhost/127.0.0.1:13653]
11:36:13.642 [main] INFO  com.swaglabs.base.SetUp - $7.99 validated Passed
11:36:13.644 [Forwarding findElements on session 343760fe1b3b1d209c4a0d88582a27db to remote] DEBUG org.asynchttpclient.netty.request.NettyRequestSender - Using pooled Channel '[id: 0xdffd1267, L:/127.0.0.1:61309 - R:localhost/127.0.0.1:13653]' for 'POST' to 'http://localhost:13653/session/343760fe1b3b1d209c4a0d88582a27db/elements'
11:36:13.644 [Forwarding findElements on session 343760fe1b3b1d209c4a0d88582a27db to remote] DEBUG org.asynchttpclient.netty.request.NettyRequestSender - Using open Channel [id: 0xdffd1267, L:/127.0.0.1:61309 - R:localhost/127.0.0.1:13653] for POST '/session/343760fe1b3b1d209c4a0d88582a27db/elements'
11:36:13.651 [AsyncHttpClient-1-5] DEBUG org.asynchttpclient.netty.handler.HttpHandler - 

Request DefaultHttpRequest(decodeResult: success, version: HTTP/1.1)
POST /session/343760fe1b3b1d209c4a0d88582a27db/elements HTTP/1.1
User-Agent: selenium/4.8.0 (java windows)
Content-Length: 83
Content-Type: application/json; charset=utf-8
host: localhost:13653
accept: */*

Response DefaultHttpResponse(decodeResult: success, version: HTTP/1.1)
HTTP/1.1 200 OK
Content-Length: 527
Content-Type: application/json; charset=utf-8
cache-control: no-cache

11:36:13.651 [AsyncHttpClient-1-5] DEBUG org.asynchttpclient.netty.channel.ChannelManager - Adding key: http://localhost:13653 for channel [id: 0xdffd1267, L:/127.0.0.1:61309 - R:localhost/127.0.0.1:13653]
11:36:13.653 [Forwarding getElementText on session 343760fe1b3b1d209c4a0d88582a27db to remote] DEBUG org.asynchttpclient.netty.request.NettyRequestSender - Using pooled Channel '[id: 0xdffd1267, L:/127.0.0.1:61309 - R:localhost/127.0.0.1:13653]' for 'GET' to 'http://localhost:13653/session/343760fe1b3b1d209c4a0d88582a27db/element/B5D78317CDC82913058D66A8C952A41F_element_40/text'
11:36:13.653 [Forwarding getElementText on session 343760fe1b3b1d209c4a0d88582a27db to remote] DEBUG org.asynchttpclient.netty.request.NettyRequestSender - Using open Channel [id: 0xdffd1267, L:/127.0.0.1:61309 - R:localhost/127.0.0.1:13653] for GET '/session/343760fe1b3b1d209c4a0d88582a27db/element/B5D78317CDC82913058D66A8C952A41F_element_40/text'
11:36:13.661 [AsyncHttpClient-1-5] DEBUG org.asynchttpclient.netty.handler.HttpHandler - 

Request DefaultFullHttpRequest(decodeResult: success, version: HTTP/1.1, content: EmptyByteBufBE)
GET /session/343760fe1b3b1d209c4a0d88582a27db/element/B5D78317CDC82913058D66A8C952A41F_element_40/text HTTP/1.1
User-Agent: selenium/4.8.0 (java windows)
Cache-Control: no-cache
Content-Type: application/json; charset=utf-8
host: localhost:13653
accept: */*

Response DefaultHttpResponse(decodeResult: success, version: HTTP/1.1)
HTTP/1.1 200 OK
Content-Length: 17
Content-Type: application/json; charset=utf-8
cache-control: no-cache

11:36:13.661 [AsyncHttpClient-1-5] DEBUG org.asynchttpclient.netty.channel.ChannelManager - Adding key: http://localhost:13653 for channel [id: 0xdffd1267, L:/127.0.0.1:61309 - R:localhost/127.0.0.1:13653]
11:36:13.663 [Forwarding findElements on session 343760fe1b3b1d209c4a0d88582a27db to remote] DEBUG org.asynchttpclient.netty.request.NettyRequestSender - Using pooled Channel '[id: 0xdffd1267, L:/127.0.0.1:61309 - R:localhost/127.0.0.1:13653]' for 'POST' to 'http://localhost:13653/session/343760fe1b3b1d209c4a0d88582a27db/elements'
11:36:13.663 [Forwarding findElements on session 343760fe1b3b1d209c4a0d88582a27db to remote] DEBUG org.asynchttpclient.netty.request.NettyRequestSender - Using open Channel [id: 0xdffd1267, L:/127.0.0.1:61309 - R:localhost/127.0.0.1:13653] for POST '/session/343760fe1b3b1d209c4a0d88582a27db/elements'
11:36:13.671 [AsyncHttpClient-1-5] DEBUG org.asynchttpclient.netty.handler.HttpHandler - 

Request DefaultHttpRequest(decodeResult: success, version: HTTP/1.1)
POST /session/343760fe1b3b1d209c4a0d88582a27db/elements HTTP/1.1
User-Agent: selenium/4.8.0 (java windows)
Content-Length: 83
Content-Type: application/json; charset=utf-8
host: localhost:13653
accept: */*

Response DefaultHttpResponse(decodeResult: success, version: HTTP/1.1)
HTTP/1.1 200 OK
Content-Length: 527
Content-Type: application/json; charset=utf-8
cache-control: no-cache

11:36:13.671 [AsyncHttpClient-1-5] DEBUG org.asynchttpclient.netty.channel.ChannelManager - Adding key: http://localhost:13653 for channel [id: 0xdffd1267, L:/127.0.0.1:61309 - R:localhost/127.0.0.1:13653]
11:36:13.672 [Forwarding findElements on session 343760fe1b3b1d209c4a0d88582a27db to remote] DEBUG org.asynchttpclient.netty.request.NettyRequestSender - Using pooled Channel '[id: 0xdffd1267, L:/127.0.0.1:61309 - R:localhost/127.0.0.1:13653]' for 'POST' to 'http://localhost:13653/session/343760fe1b3b1d209c4a0d88582a27db/elements'
11:36:13.672 [Forwarding findElements on session 343760fe1b3b1d209c4a0d88582a27db to remote] DEBUG org.asynchttpclient.netty.request.NettyRequestSender - Using open Channel [id: 0xdffd1267, L:/127.0.0.1:61309 - R:localhost/127.0.0.1:13653] for POST '/session/343760fe1b3b1d209c4a0d88582a27db/elements'
11:36:13.680 [AsyncHttpClient-1-5] DEBUG org.asynchttpclient.netty.handler.HttpHandler - 

Request DefaultHttpRequest(decodeResult: success, version: HTTP/1.1)
POST /session/343760fe1b3b1d209c4a0d88582a27db/elements HTTP/1.1
User-Agent: selenium/4.8.0 (java windows)
Content-Length: 83
Content-Type: application/json; charset=utf-8
host: localhost:13653
accept: */*

Response DefaultHttpResponse(decodeResult: success, version: HTTP/1.1)
HTTP/1.1 200 OK
Content-Length: 527
Content-Type: application/json; charset=utf-8
cache-control: no-cache

11:36:13.680 [AsyncHttpClient-1-5] DEBUG org.asynchttpclient.netty.channel.ChannelManager - Adding key: http://localhost:13653 for channel [id: 0xdffd1267, L:/127.0.0.1:61309 - R:localhost/127.0.0.1:13653]
11:36:13.681 [Forwarding getElementText on session 343760fe1b3b1d209c4a0d88582a27db to remote] DEBUG org.asynchttpclient.netty.request.NettyRequestSender - Using pooled Channel '[id: 0xdffd1267, L:/127.0.0.1:61309 - R:localhost/127.0.0.1:13653]' for 'GET' to 'http://localhost:13653/session/343760fe1b3b1d209c4a0d88582a27db/element/B5D78317CDC82913058D66A8C952A41F_element_41/text'
11:36:13.681 [Forwarding getElementText on session 343760fe1b3b1d209c4a0d88582a27db to remote] DEBUG org.asynchttpclient.netty.request.NettyRequestSender - Using open Channel [id: 0xdffd1267, L:/127.0.0.1:61309 - R:localhost/127.0.0.1:13653] for GET '/session/343760fe1b3b1d209c4a0d88582a27db/element/B5D78317CDC82913058D66A8C952A41F_element_41/text'
11:36:13.689 [AsyncHttpClient-1-5] DEBUG org.asynchttpclient.netty.handler.HttpHandler - 

Request DefaultFullHttpRequest(decodeResult: success, version: HTTP/1.1, content: EmptyByteBufBE)
GET /session/343760fe1b3b1d209c4a0d88582a27db/element/B5D78317CDC82913058D66A8C952A41F_element_41/text HTTP/1.1
User-Agent: selenium/4.8.0 (java windows)
Cache-Control: no-cache
Content-Type: application/json; charset=utf-8
host: localhost:13653
accept: */*

Response DefaultHttpResponse(decodeResult: success, version: HTTP/1.1)
HTTP/1.1 200 OK
Content-Length: 18
Content-Type: application/json; charset=utf-8
cache-control: no-cache

11:36:13.689 [AsyncHttpClient-1-5] DEBUG org.asynchttpclient.netty.channel.ChannelManager - Adding key: http://localhost:13653 for channel [id: 0xdffd1267, L:/127.0.0.1:61309 - R:localhost/127.0.0.1:13653]
11:36:13.690 [main] INFO  com.swaglabs.base.SetUp - $15.99 validated Passed
11:36:13.691 [Forwarding findElements on session 343760fe1b3b1d209c4a0d88582a27db to remote] DEBUG org.asynchttpclient.netty.request.NettyRequestSender - Using pooled Channel '[id: 0xdffd1267, L:/127.0.0.1:61309 - R:localhost/127.0.0.1:13653]' for 'POST' to 'http://localhost:13653/session/343760fe1b3b1d209c4a0d88582a27db/elements'
11:36:13.694 [Forwarding findElements on session 343760fe1b3b1d209c4a0d88582a27db to remote] DEBUG org.asynchttpclient.netty.request.NettyRequestSender - Using open Channel [id: 0xdffd1267, L:/127.0.0.1:61309 - R:localhost/127.0.0.1:13653] for POST '/session/343760fe1b3b1d209c4a0d88582a27db/elements'
11:36:13.704 [AsyncHttpClient-1-5] DEBUG org.asynchttpclient.netty.handler.HttpHandler - 

Request DefaultHttpRequest(decodeResult: success, version: HTTP/1.1)
POST /session/343760fe1b3b1d209c4a0d88582a27db/elements HTTP/1.1
User-Agent: selenium/4.8.0 (java windows)
Content-Length: 83
Content-Type: application/json; charset=utf-8
host: localhost:13653
accept: */*

Response DefaultHttpResponse(decodeResult: success, version: HTTP/1.1)
HTTP/1.1 200 OK
Content-Length: 527
Content-Type: application/json; charset=utf-8
cache-control: no-cache

11:36:13.704 [AsyncHttpClient-1-5] DEBUG org.asynchttpclient.netty.channel.ChannelManager - Adding key: http://localhost:13653 for channel [id: 0xdffd1267, L:/127.0.0.1:61309 - R:localhost/127.0.0.1:13653]
11:36:13.705 [Forwarding getElementText on session 343760fe1b3b1d209c4a0d88582a27db to remote] DEBUG org.asynchttpclient.netty.request.NettyRequestSender - Using pooled Channel '[id: 0xdffd1267, L:/127.0.0.1:61309 - R:localhost/127.0.0.1:13653]' for 'GET' to 'http://localhost:13653/session/343760fe1b3b1d209c4a0d88582a27db/element/B5D78317CDC82913058D66A8C952A41F_element_41/text'
11:36:13.705 [Forwarding getElementText on session 343760fe1b3b1d209c4a0d88582a27db to remote] DEBUG org.asynchttpclient.netty.request.NettyRequestSender - Using open Channel [id: 0xdffd1267, L:/127.0.0.1:61309 - R:localhost/127.0.0.1:13653] for GET '/session/343760fe1b3b1d209c4a0d88582a27db/element/B5D78317CDC82913058D66A8C952A41F_element_41/text'
11:36:13.711 [AsyncHttpClient-1-5] DEBUG org.asynchttpclient.netty.handler.HttpHandler - 

Request DefaultFullHttpRequest(decodeResult: success, version: HTTP/1.1, content: EmptyByteBufBE)
GET /session/343760fe1b3b1d209c4a0d88582a27db/element/B5D78317CDC82913058D66A8C952A41F_element_41/text HTTP/1.1
User-Agent: selenium/4.8.0 (java windows)
Cache-Control: no-cache
Content-Type: application/json; charset=utf-8
host: localhost:13653
accept: */*

Response DefaultHttpResponse(decodeResult: success, version: HTTP/1.1)
HTTP/1.1 200 OK
Content-Length: 18
Content-Type: application/json; charset=utf-8
cache-control: no-cache

11:36:13.711 [AsyncHttpClient-1-5] DEBUG org.asynchttpclient.netty.channel.ChannelManager - Adding key: http://localhost:13653 for channel [id: 0xdffd1267, L:/127.0.0.1:61309 - R:localhost/127.0.0.1:13653]
11:36:13.712 [Forwarding findElements on session 343760fe1b3b1d209c4a0d88582a27db to remote] DEBUG org.asynchttpclient.netty.request.NettyRequestSender - Using pooled Channel '[id: 0xdffd1267, L:/127.0.0.1:61309 - R:localhost/127.0.0.1:13653]' for 'POST' to 'http://localhost:13653/session/343760fe1b3b1d209c4a0d88582a27db/elements'
11:36:13.712 [Forwarding findElements on session 343760fe1b3b1d209c4a0d88582a27db to remote] DEBUG org.asynchttpclient.netty.request.NettyRequestSender - Using open Channel [id: 0xdffd1267, L:/127.0.0.1:61309 - R:localhost/127.0.0.1:13653] for POST '/session/343760fe1b3b1d209c4a0d88582a27db/elements'
11:36:13.719 [AsyncHttpClient-1-5] DEBUG org.asynchttpclient.netty.handler.HttpHandler - 

Request DefaultHttpRequest(decodeResult: success, version: HTTP/1.1)
POST /session/343760fe1b3b1d209c4a0d88582a27db/elements HTTP/1.1
User-Agent: selenium/4.8.0 (java windows)
Content-Length: 83
Content-Type: application/json; charset=utf-8
host: localhost:13653
accept: */*

Response DefaultHttpResponse(decodeResult: success, version: HTTP/1.1)
HTTP/1.1 200 OK
Content-Length: 527
Content-Type: application/json; charset=utf-8
cache-control: no-cache

11:36:13.719 [AsyncHttpClient-1-5] DEBUG org.asynchttpclient.netty.channel.ChannelManager - Adding key: http://localhost:13653 for channel [id: 0xdffd1267, L:/127.0.0.1:61309 - R:localhost/127.0.0.1:13653]
11:36:13.723 [Forwarding getAlertText on session 343760fe1b3b1d209c4a0d88582a27db to remote] DEBUG org.asynchttpclient.netty.request.NettyRequestSender - Using pooled Channel '[id: 0xdffd1267, L:/127.0.0.1:61309 - R:localhost/127.0.0.1:13653]' for 'GET' to 'http://localhost:13653/session/343760fe1b3b1d209c4a0d88582a27db/alert/text'
11:36:13.723 [Forwarding getAlertText on session 343760fe1b3b1d209c4a0d88582a27db to remote] DEBUG org.asynchttpclient.netty.request.NettyRequestSender - Using open Channel [id: 0xdffd1267, L:/127.0.0.1:61309 - R:localhost/127.0.0.1:13653] for GET '/session/343760fe1b3b1d209c4a0d88582a27db/alert/text'
11:36:13.725 [AsyncHttpClient-1-5] DEBUG org.asynchttpclient.netty.handler.HttpHandler - 

Request DefaultFullHttpRequest(decodeResult: success, version: HTTP/1.1, content: EmptyByteBufBE)
GET /session/343760fe1b3b1d209c4a0d88582a27db/alert/text HTTP/1.1
User-Agent: selenium/4.8.0 (java windows)
Cache-Control: no-cache
Content-Type: application/json; charset=utf-8
host: localhost:13653
accept: */*

Response DefaultHttpResponse(decodeResult: success, version: HTTP/1.1)
HTTP/1.1 404 Not Found
Content-Length: 1522
Content-Type: application/json; charset=utf-8
cache-control: no-cache

11:36:13.725 [AsyncHttpClient-1-5] DEBUG org.asynchttpclient.netty.channel.ChannelManager - Adding key: http://localhost:13653 for channel [id: 0xdffd1267, L:/127.0.0.1:61309 - R:localhost/127.0.0.1:13653]
11:36:13.726 [Forwarding getCurrentUrl on session 343760fe1b3b1d209c4a0d88582a27db to remote] DEBUG org.asynchttpclient.netty.request.NettyRequestSender - Using pooled Channel '[id: 0xdffd1267, L:/127.0.0.1:61309 - R:localhost/127.0.0.1:13653]' for 'GET' to 'http://localhost:13653/session/343760fe1b3b1d209c4a0d88582a27db/url'
11:36:13.726 [Forwarding getCurrentUrl on session 343760fe1b3b1d209c4a0d88582a27db to remote] DEBUG org.asynchttpclient.netty.request.NettyRequestSender - Using open Channel [id: 0xdffd1267, L:/127.0.0.1:61309 - R:localhost/127.0.0.1:13653] for GET '/session/343760fe1b3b1d209c4a0d88582a27db/url'
11:36:13.731 [AsyncHttpClient-1-5] DEBUG org.asynchttpclient.netty.handler.HttpHandler - 

Request DefaultFullHttpRequest(decodeResult: success, version: HTTP/1.1, content: EmptyByteBufBE)
GET /session/343760fe1b3b1d209c4a0d88582a27db/url HTTP/1.1
User-Agent: selenium/4.8.0 (java windows)
Cache-Control: no-cache
Content-Type: application/json; charset=utf-8
host: localhost:13653
accept: */*

Response DefaultHttpResponse(decodeResult: success, version: HTTP/1.1)
HTTP/1.1 200 OK
Content-Length: 52
Content-Type: application/json; charset=utf-8
cache-control: no-cache

11:36:13.731 [AsyncHttpClient-1-5] DEBUG org.asynchttpclient.netty.channel.ChannelManager - Adding key: http://localhost:13653 for channel [id: 0xdffd1267, L:/127.0.0.1:61309 - R:localhost/127.0.0.1:13653]
11:36:13.732 [Forwarding screenshot on session 343760fe1b3b1d209c4a0d88582a27db to remote] DEBUG org.asynchttpclient.netty.request.NettyRequestSender - Using pooled Channel '[id: 0xdffd1267, L:/127.0.0.1:61309 - R:localhost/127.0.0.1:13653]' for 'GET' to 'http://localhost:13653/session/343760fe1b3b1d209c4a0d88582a27db/screenshot'
11:36:13.732 [Forwarding screenshot on session 343760fe1b3b1d209c4a0d88582a27db to remote] DEBUG org.asynchttpclient.netty.request.NettyRequestSender - Using open Channel [id: 0xdffd1267, L:/127.0.0.1:61309 - R:localhost/127.0.0.1:13653] for GET '/session/343760fe1b3b1d209c4a0d88582a27db/screenshot'
11:36:13.931 [AsyncHttpClient-1-5] DEBUG org.asynchttpclient.netty.handler.HttpHandler - 

Request DefaultFullHttpRequest(decodeResult: success, version: HTTP/1.1, content: EmptyByteBufBE)
GET /session/343760fe1b3b1d209c4a0d88582a27db/screenshot HTTP/1.1
User-Agent: selenium/4.8.0 (java windows)
Cache-Control: no-cache
Content-Type: application/json; charset=utf-8
host: localhost:13653
accept: */*

Response DefaultHttpResponse(decodeResult: success, version: HTTP/1.1)
HTTP/1.1 200 OK
Content-Length: 563500
Content-Type: application/json; charset=utf-8
cache-control: no-cache

11:36:13.932 [AsyncHttpClient-1-5] DEBUG org.asynchttpclient.netty.channel.ChannelManager - Adding key: http://localhost:13653 for channel [id: 0xdffd1267, L:/127.0.0.1:61309 - R:localhost/127.0.0.1:13653]
11:36:13.956 [main] DEBUG net.serenitybdd.core.photography.Darkroom - Send negative for processing for target\site\serenity\4bed3cdfce91ca4f358d5285b57371c62ff9f4a6deb5992f6a647f712a576b8a.png
11:36:13.956 [main] DEBUG net.thucydides.core.steps.StepInterceptor - STEP DONE: validate product prices
11:36:13.968 [Forwarding getPageSource on session 343760fe1b3b1d209c4a0d88582a27db to remote] DEBUG org.asynchttpclient.netty.request.NettyRequestSender - Using pooled Channel '[id: 0xdffd1267, L:/127.0.0.1:61309 - R:localhost/127.0.0.1:13653]' for 'POST' to 'http://localhost:13653/session/343760fe1b3b1d209c4a0d88582a27db/execute/sync'
11:36:13.968 [Forwarding getPageSource on session 343760fe1b3b1d209c4a0d88582a27db to remote] DEBUG org.asynchttpclient.netty.request.NettyRequestSender - Using open Channel [id: 0xdffd1267, L:/127.0.0.1:61309 - R:localhost/127.0.0.1:13653] for POST '/session/343760fe1b3b1d209c4a0d88582a27db/execute/sync'
11:36:13.978 [AsyncHttpClient-1-5] DEBUG org.asynchttpclient.netty.handler.HttpHandler - 

Request DefaultHttpRequest(decodeResult: success, version: HTTP/1.1)
POST /session/343760fe1b3b1d209c4a0d88582a27db/execute/sync HTTP/1.1
User-Agent: selenium/4.8.0 (java windows)
Content-Length: 176
Content-Type: application/json; charset=utf-8
host: localhost:13653
accept: */*

Response DefaultHttpResponse(decodeResult: success, version: HTTP/1.1)
HTTP/1.1 200 OK
Content-Length: 16311
Content-Type: application/json; charset=utf-8
cache-control: no-cache

11:36:13.979 [AsyncHttpClient-1-5] DEBUG org.asynchttpclient.netty.channel.ChannelManager - Adding key: http://localhost:13653 for channel [id: 0xdffd1267, L:/127.0.0.1:61309 - R:localhost/127.0.0.1:13653]
11:36:13.980 [Forwarding getCurrentUrl on session 343760fe1b3b1d209c4a0d88582a27db to remote] DEBUG org.asynchttpclient.netty.request.NettyRequestSender - Using pooled Channel '[id: 0xdffd1267, L:/127.0.0.1:61309 - R:localhost/127.0.0.1:13653]' for 'GET' to 'http://localhost:13653/session/343760fe1b3b1d209c4a0d88582a27db/url'
11:36:13.980 [Forwarding getCurrentUrl on session 343760fe1b3b1d209c4a0d88582a27db to remote] DEBUG org.asynchttpclient.netty.request.NettyRequestSender - Using open Channel [id: 0xdffd1267, L:/127.0.0.1:61309 - R:localhost/127.0.0.1:13653] for GET '/session/343760fe1b3b1d209c4a0d88582a27db/url'
11:36:13.984 [AsyncHttpClient-1-5] DEBUG org.asynchttpclient.netty.handler.HttpHandler - 

Request DefaultFullHttpRequest(decodeResult: success, version: HTTP/1.1, content: EmptyByteBufBE)
GET /session/343760fe1b3b1d209c4a0d88582a27db/url HTTP/1.1
User-Agent: selenium/4.8.0 (java windows)
Cache-Control: no-cache
Content-Type: application/json; charset=utf-8
host: localhost:13653
accept: */*

Response DefaultHttpResponse(decodeResult: success, version: HTTP/1.1)
HTTP/1.1 200 OK
Content-Length: 52
Content-Type: application/json; charset=utf-8
cache-control: no-cache

11:36:13.984 [AsyncHttpClient-1-5] DEBUG org.asynchttpclient.netty.channel.ChannelManager - Adding key: http://localhost:13653 for channel [id: 0xdffd1267, L:/127.0.0.1:61309 - R:localhost/127.0.0.1:13653]
11:36:13.991 [main] DEBUG net.thucydides.core.steps.StepInterceptor - STARTING STEP: InventoryPageSteps.test4_validateInventoryPageHeaderAndFooters - validate footer
11:36:13.993 [Forwarding findElement on session 343760fe1b3b1d209c4a0d88582a27db to remote] DEBUG org.asynchttpclient.netty.request.NettyRequestSender - Using pooled Channel '[id: 0xdffd1267, L:/127.0.0.1:61309 - R:localhost/127.0.0.1:13653]' for 'POST' to 'http://localhost:13653/session/343760fe1b3b1d209c4a0d88582a27db/element'
11:36:13.993 [Forwarding findElement on session 343760fe1b3b1d209c4a0d88582a27db to remote] DEBUG org.asynchttpclient.netty.request.NettyRequestSender - Using open Channel [id: 0xdffd1267, L:/127.0.0.1:61309 - R:localhost/127.0.0.1:13653] for POST '/session/343760fe1b3b1d209c4a0d88582a27db/element'
11:36:14.004 [AsyncHttpClient-1-5] DEBUG org.asynchttpclient.netty.handler.HttpHandler - 

Request DefaultHttpRequest(decodeResult: success, version: HTTP/1.1)
POST /session/343760fe1b3b1d209c4a0d88582a27db/element HTTP/1.1
User-Agent: selenium/4.8.0 (java windows)
Content-Length: 74
Content-Type: application/json; charset=utf-8
host: localhost:13653
accept: */*

Response DefaultHttpResponse(decodeResult: success, version: HTTP/1.1)
HTTP/1.1 200 OK
Content-Length: 95
Content-Type: application/json; charset=utf-8
cache-control: no-cache

11:36:14.005 [AsyncHttpClient-1-5] DEBUG org.asynchttpclient.netty.channel.ChannelManager - Adding key: http://localhost:13653 for channel [id: 0xdffd1267, L:/127.0.0.1:61309 - R:localhost/127.0.0.1:13653]
11:36:14.008 [Forwarding isElementDisplayed on session 343760fe1b3b1d209c4a0d88582a27db to remote] DEBUG org.asynchttpclient.netty.request.NettyRequestSender - Using pooled Channel '[id: 0xdffd1267, L:/127.0.0.1:61309 - R:localhost/127.0.0.1:13653]' for 'POST' to 'http://localhost:13653/session/343760fe1b3b1d209c4a0d88582a27db/execute/sync'
11:36:14.009 [Forwarding isElementDisplayed on session 343760fe1b3b1d209c4a0d88582a27db to remote] DEBUG org.asynchttpclient.netty.request.NettyRequestSender - Using open Channel [id: 0xdffd1267, L:/127.0.0.1:61309 - R:localhost/127.0.0.1:13653] for POST '/session/343760fe1b3b1d209c4a0d88582a27db/execute/sync'
11:36:14.018 [AsyncHttpClient-1-5] DEBUG org.asynchttpclient.netty.handler.HttpHandler - 

Request DefaultHttpRequest(decodeResult: success, version: HTTP/1.1)
POST /session/343760fe1b3b1d209c4a0d88582a27db/execute/sync HTTP/1.1
User-Agent: selenium/4.8.0 (java windows)
Content-Length: 48814
Content-Type: application/json; charset=utf-8
host: localhost:13653
accept: */*

Response DefaultHttpResponse(decodeResult: success, version: HTTP/1.1)
HTTP/1.1 200 OK
Content-Length: 14
Content-Type: application/json; charset=utf-8
cache-control: no-cache

11:36:14.018 [AsyncHttpClient-1-5] DEBUG org.asynchttpclient.netty.channel.ChannelManager - Adding key: http://localhost:13653 for channel [id: 0xdffd1267, L:/127.0.0.1:61309 - R:localhost/127.0.0.1:13653]
11:36:14.019 [Forwarding getElementText on session 343760fe1b3b1d209c4a0d88582a27db to remote] DEBUG org.asynchttpclient.netty.request.NettyRequestSender - Using pooled Channel '[id: 0xdffd1267, L:/127.0.0.1:61309 - R:localhost/127.0.0.1:13653]' for 'GET' to 'http://localhost:13653/session/343760fe1b3b1d209c4a0d88582a27db/element/B5D78317CDC82913058D66A8C952A41F_element_42/text'
11:36:14.019 [Forwarding getElementText on session 343760fe1b3b1d209c4a0d88582a27db to remote] DEBUG org.asynchttpclient.netty.request.NettyRequestSender - Using open Channel [id: 0xdffd1267, L:/127.0.0.1:61309 - R:localhost/127.0.0.1:13653] for GET '/session/343760fe1b3b1d209c4a0d88582a27db/element/B5D78317CDC82913058D66A8C952A41F_element_42/text'
11:36:14.032 [AsyncHttpClient-1-5] DEBUG org.asynchttpclient.netty.handler.HttpHandler - 

Request DefaultFullHttpRequest(decodeResult: success, version: HTTP/1.1, content: EmptyByteBufBE)
GET /session/343760fe1b3b1d209c4a0d88582a27db/element/B5D78317CDC82913058D66A8C952A41F_element_42/text HTTP/1.1
User-Agent: selenium/4.8.0 (java windows)
Cache-Control: no-cache
Content-Type: application/json; charset=utf-8
host: localhost:13653
accept: */*

Response DefaultHttpResponse(decodeResult: success, version: HTTP/1.1)
HTTP/1.1 200 OK
Content-Length: 86
Content-Type: application/json; charset=utf-8
cache-control: no-cache

11:36:14.032 [AsyncHttpClient-1-5] DEBUG org.asynchttpclient.netty.channel.ChannelManager - Adding key: http://localhost:13653 for channel [id: 0xdffd1267, L:/127.0.0.1:61309 - R:localhost/127.0.0.1:13653]
11:36:14.035 [Forwarding findElement on session 343760fe1b3b1d209c4a0d88582a27db to remote] DEBUG org.asynchttpclient.netty.request.NettyRequestSender - Using pooled Channel '[id: 0xdffd1267, L:/127.0.0.1:61309 - R:localhost/127.0.0.1:13653]' for 'POST' to 'http://localhost:13653/session/343760fe1b3b1d209c4a0d88582a27db/element'
11:36:14.035 [Forwarding findElement on session 343760fe1b3b1d209c4a0d88582a27db to remote] DEBUG org.asynchttpclient.netty.request.NettyRequestSender - Using open Channel [id: 0xdffd1267, L:/127.0.0.1:61309 - R:localhost/127.0.0.1:13653] for POST '/session/343760fe1b3b1d209c4a0d88582a27db/element'
11:36:14.042 [AsyncHttpClient-1-5] DEBUG org.asynchttpclient.netty.handler.HttpHandler - 

Request DefaultHttpRequest(decodeResult: success, version: HTTP/1.1)
POST /session/343760fe1b3b1d209c4a0d88582a27db/element HTTP/1.1
User-Agent: selenium/4.8.0 (java windows)
Content-Length: 74
Content-Type: application/json; charset=utf-8
host: localhost:13653
accept: */*

Response DefaultHttpResponse(decodeResult: success, version: HTTP/1.1)
HTTP/1.1 200 OK
Content-Length: 95
Content-Type: application/json; charset=utf-8
cache-control: no-cache

11:36:14.043 [AsyncHttpClient-1-5] DEBUG org.asynchttpclient.netty.channel.ChannelManager - Adding key: http://localhost:13653 for channel [id: 0xdffd1267, L:/127.0.0.1:61309 - R:localhost/127.0.0.1:13653]
11:36:14.044 [Forwarding isElementDisplayed on session 343760fe1b3b1d209c4a0d88582a27db to remote] DEBUG org.asynchttpclient.netty.request.NettyRequestSender - Using pooled Channel '[id: 0xdffd1267, L:/127.0.0.1:61309 - R:localhost/127.0.0.1:13653]' for 'POST' to 'http://localhost:13653/session/343760fe1b3b1d209c4a0d88582a27db/execute/sync'
11:36:14.044 [Forwarding isElementDisplayed on session 343760fe1b3b1d209c4a0d88582a27db to remote] DEBUG org.asynchttpclient.netty.request.NettyRequestSender - Using open Channel [id: 0xdffd1267, L:/127.0.0.1:61309 - R:localhost/127.0.0.1:13653] for POST '/session/343760fe1b3b1d209c4a0d88582a27db/execute/sync'
11:36:14.052 [AsyncHttpClient-1-5] DEBUG org.asynchttpclient.netty.handler.HttpHandler - 

Request DefaultHttpRequest(decodeResult: success, version: HTTP/1.1)
POST /session/343760fe1b3b1d209c4a0d88582a27db/execute/sync HTTP/1.1
User-Agent: selenium/4.8.0 (java windows)
Content-Length: 48814
Content-Type: application/json; charset=utf-8
host: localhost:13653
accept: */*

Response DefaultHttpResponse(decodeResult: success, version: HTTP/1.1)
HTTP/1.1 200 OK
Content-Length: 14
Content-Type: application/json; charset=utf-8
cache-control: no-cache

11:36:14.052 [AsyncHttpClient-1-5] DEBUG org.asynchttpclient.netty.channel.ChannelManager - Adding key: http://localhost:13653 for channel [id: 0xdffd1267, L:/127.0.0.1:61309 - R:localhost/127.0.0.1:13653]
11:36:14.052 [Forwarding getElementText on session 343760fe1b3b1d209c4a0d88582a27db to remote] DEBUG org.asynchttpclient.netty.request.NettyRequestSender - Using pooled Channel '[id: 0xdffd1267, L:/127.0.0.1:61309 - R:localhost/127.0.0.1:13653]' for 'GET' to 'http://localhost:13653/session/343760fe1b3b1d209c4a0d88582a27db/element/B5D78317CDC82913058D66A8C952A41F_element_42/text'
11:36:14.052 [Forwarding getElementText on session 343760fe1b3b1d209c4a0d88582a27db to remote] DEBUG org.asynchttpclient.netty.request.NettyRequestSender - Using open Channel [id: 0xdffd1267, L:/127.0.0.1:61309 - R:localhost/127.0.0.1:13653] for GET '/session/343760fe1b3b1d209c4a0d88582a27db/element/B5D78317CDC82913058D66A8C952A41F_element_42/text'
11:36:14.058 [AsyncHttpClient-1-5] DEBUG org.asynchttpclient.netty.handler.HttpHandler - 

Request DefaultFullHttpRequest(decodeResult: success, version: HTTP/1.1, content: EmptyByteBufBE)
GET /session/343760fe1b3b1d209c4a0d88582a27db/element/B5D78317CDC82913058D66A8C952A41F_element_42/text HTTP/1.1
User-Agent: selenium/4.8.0 (java windows)
Cache-Control: no-cache
Content-Type: application/json; charset=utf-8
host: localhost:13653
accept: */*

Response DefaultHttpResponse(decodeResult: success, version: HTTP/1.1)
HTTP/1.1 200 OK
Content-Length: 86
Content-Type: application/json; charset=utf-8
cache-control: no-cache

11:36:14.058 [AsyncHttpClient-1-5] DEBUG org.asynchttpclient.netty.channel.ChannelManager - Adding key: http://localhost:13653 for channel [id: 0xdffd1267, L:/127.0.0.1:61309 - R:localhost/127.0.0.1:13653]
© 2023 Sauce Labs. All Rights Reserved. Terms of Service | Privacy Policy
© 2023 Sauce Labs. All Rights Reserved. Terms of Service | Privacy Policy
11:36:14.058 [main] INFO  com.swaglabs.base.SetUp - footer validation is pass
11:36:14.062 [Forwarding getAlertText on session 343760fe1b3b1d209c4a0d88582a27db to remote] DEBUG org.asynchttpclient.netty.request.NettyRequestSender - Using pooled Channel '[id: 0xdffd1267, L:/127.0.0.1:61309 - R:localhost/127.0.0.1:13653]' for 'GET' to 'http://localhost:13653/session/343760fe1b3b1d209c4a0d88582a27db/alert/text'
11:36:14.062 [Forwarding getAlertText on session 343760fe1b3b1d209c4a0d88582a27db to remote] DEBUG org.asynchttpclient.netty.request.NettyRequestSender - Using open Channel [id: 0xdffd1267, L:/127.0.0.1:61309 - R:localhost/127.0.0.1:13653] for GET '/session/343760fe1b3b1d209c4a0d88582a27db/alert/text'
11:36:14.064 [AsyncHttpClient-1-5] DEBUG org.asynchttpclient.netty.handler.HttpHandler - 

Request DefaultFullHttpRequest(decodeResult: success, version: HTTP/1.1, content: EmptyByteBufBE)
GET /session/343760fe1b3b1d209c4a0d88582a27db/alert/text HTTP/1.1
User-Agent: selenium/4.8.0 (java windows)
Cache-Control: no-cache
Content-Type: application/json; charset=utf-8
host: localhost:13653
accept: */*

Response DefaultHttpResponse(decodeResult: success, version: HTTP/1.1)
HTTP/1.1 404 Not Found
Content-Length: 1522
Content-Type: application/json; charset=utf-8
cache-control: no-cache

11:36:14.064 [AsyncHttpClient-1-5] DEBUG org.asynchttpclient.netty.channel.ChannelManager - Adding key: http://localhost:13653 for channel [id: 0xdffd1267, L:/127.0.0.1:61309 - R:localhost/127.0.0.1:13653]
11:36:14.065 [Forwarding getCurrentUrl on session 343760fe1b3b1d209c4a0d88582a27db to remote] DEBUG org.asynchttpclient.netty.request.NettyRequestSender - Using pooled Channel '[id: 0xdffd1267, L:/127.0.0.1:61309 - R:localhost/127.0.0.1:13653]' for 'GET' to 'http://localhost:13653/session/343760fe1b3b1d209c4a0d88582a27db/url'
11:36:14.065 [Forwarding getCurrentUrl on session 343760fe1b3b1d209c4a0d88582a27db to remote] DEBUG org.asynchttpclient.netty.request.NettyRequestSender - Using open Channel [id: 0xdffd1267, L:/127.0.0.1:61309 - R:localhost/127.0.0.1:13653] for GET '/session/343760fe1b3b1d209c4a0d88582a27db/url'
11:36:14.068 [AsyncHttpClient-1-5] DEBUG org.asynchttpclient.netty.handler.HttpHandler - 

Request DefaultFullHttpRequest(decodeResult: success, version: HTTP/1.1, content: EmptyByteBufBE)
GET /session/343760fe1b3b1d209c4a0d88582a27db/url HTTP/1.1
User-Agent: selenium/4.8.0 (java windows)
Cache-Control: no-cache
Content-Type: application/json; charset=utf-8
host: localhost:13653
accept: */*

Response DefaultHttpResponse(decodeResult: success, version: HTTP/1.1)
HTTP/1.1 200 OK
Content-Length: 52
Content-Type: application/json; charset=utf-8
cache-control: no-cache

11:36:14.068 [AsyncHttpClient-1-5] DEBUG org.asynchttpclient.netty.channel.ChannelManager - Adding key: http://localhost:13653 for channel [id: 0xdffd1267, L:/127.0.0.1:61309 - R:localhost/127.0.0.1:13653]
11:36:14.068 [Forwarding screenshot on session 343760fe1b3b1d209c4a0d88582a27db to remote] DEBUG org.asynchttpclient.netty.request.NettyRequestSender - Using pooled Channel '[id: 0xdffd1267, L:/127.0.0.1:61309 - R:localhost/127.0.0.1:13653]' for 'GET' to 'http://localhost:13653/session/343760fe1b3b1d209c4a0d88582a27db/screenshot'
11:36:14.068 [Forwarding screenshot on session 343760fe1b3b1d209c4a0d88582a27db to remote] DEBUG org.asynchttpclient.netty.request.NettyRequestSender - Using open Channel [id: 0xdffd1267, L:/127.0.0.1:61309 - R:localhost/127.0.0.1:13653] for GET '/session/343760fe1b3b1d209c4a0d88582a27db/screenshot'
11:36:14.232 [AsyncHttpClient-1-1] DEBUG org.asynchttpclient.netty.channel.DefaultChannelPool - Entry count for : http://localhost:61317 : 1
11:36:14.254 [AsyncHttpClient-1-5] DEBUG org.asynchttpclient.netty.handler.HttpHandler - 

Request DefaultFullHttpRequest(decodeResult: success, version: HTTP/1.1, content: EmptyByteBufBE)
GET /session/343760fe1b3b1d209c4a0d88582a27db/screenshot HTTP/1.1
User-Agent: selenium/4.8.0 (java windows)
Cache-Control: no-cache
Content-Type: application/json; charset=utf-8
host: localhost:13653
accept: */*

Response DefaultHttpResponse(decodeResult: success, version: HTTP/1.1)
HTTP/1.1 200 OK
Content-Length: 563500
Content-Type: application/json; charset=utf-8
cache-control: no-cache

11:36:14.255 [AsyncHttpClient-1-5] DEBUG org.asynchttpclient.netty.channel.ChannelManager - Adding key: http://localhost:13653 for channel [id: 0xdffd1267, L:/127.0.0.1:61309 - R:localhost/127.0.0.1:13653]
11:36:14.268 [main] DEBUG net.serenitybdd.core.photography.Darkroom - Send negative for processing for target\site\serenity\4bed3cdfce91ca4f358d5285b57371c62ff9f4a6deb5992f6a647f712a576b8a.png
11:36:14.268 [main] DEBUG net.thucydides.core.steps.StepInterceptor - STEP DONE: validate footer
11:36:14.270 [Forwarding findElements on session 343760fe1b3b1d209c4a0d88582a27db to remote] DEBUG org.asynchttpclient.netty.request.NettyRequestSender - Using pooled Channel '[id: 0xdffd1267, L:/127.0.0.1:61309 - R:localhost/127.0.0.1:13653]' for 'POST' to 'http://localhost:13653/session/343760fe1b3b1d209c4a0d88582a27db/elements'
11:36:14.270 [Forwarding findElements on session 343760fe1b3b1d209c4a0d88582a27db to remote] DEBUG org.asynchttpclient.netty.request.NettyRequestSender - Using open Channel [id: 0xdffd1267, L:/127.0.0.1:61309 - R:localhost/127.0.0.1:13653] for POST '/session/343760fe1b3b1d209c4a0d88582a27db/elements'
11:36:14.283 [AsyncHttpClient-1-5] DEBUG org.asynchttpclient.netty.handler.HttpHandler - 

Request DefaultHttpRequest(decodeResult: success, version: HTTP/1.1)
POST /session/343760fe1b3b1d209c4a0d88582a27db/elements HTTP/1.1
User-Agent: selenium/4.8.0 (java windows)
Content-Length: 82
Content-Type: application/json; charset=utf-8
host: localhost:13653
accept: */*

Response DefaultHttpResponse(decodeResult: success, version: HTTP/1.1)
HTTP/1.1 200 OK
Content-Length: 269
Content-Type: application/json; charset=utf-8
cache-control: no-cache

11:36:14.283 [AsyncHttpClient-1-5] DEBUG org.asynchttpclient.netty.channel.ChannelManager - Adding key: http://localhost:13653 for channel [id: 0xdffd1267, L:/127.0.0.1:61309 - R:localhost/127.0.0.1:13653]
11:36:14.284 [Forwarding findElements on session 343760fe1b3b1d209c4a0d88582a27db to remote] DEBUG org.asynchttpclient.netty.request.NettyRequestSender - Using pooled Channel '[id: 0xdffd1267, L:/127.0.0.1:61309 - R:localhost/127.0.0.1:13653]' for 'POST' to 'http://localhost:13653/session/343760fe1b3b1d209c4a0d88582a27db/elements'
11:36:14.284 [Forwarding findElements on session 343760fe1b3b1d209c4a0d88582a27db to remote] DEBUG org.asynchttpclient.netty.request.NettyRequestSender - Using open Channel [id: 0xdffd1267, L:/127.0.0.1:61309 - R:localhost/127.0.0.1:13653] for POST '/session/343760fe1b3b1d209c4a0d88582a27db/elements'
11:36:14.295 [AsyncHttpClient-1-5] DEBUG org.asynchttpclient.netty.handler.HttpHandler - 

Request DefaultHttpRequest(decodeResult: success, version: HTTP/1.1)
POST /session/343760fe1b3b1d209c4a0d88582a27db/elements HTTP/1.1
User-Agent: selenium/4.8.0 (java windows)
Content-Length: 82
Content-Type: application/json; charset=utf-8
host: localhost:13653
accept: */*

Response DefaultHttpResponse(decodeResult: success, version: HTTP/1.1)
HTTP/1.1 200 OK
Content-Length: 269
Content-Type: application/json; charset=utf-8
cache-control: no-cache

11:36:14.296 [AsyncHttpClient-1-5] DEBUG org.asynchttpclient.netty.channel.ChannelManager - Adding key: http://localhost:13653 for channel [id: 0xdffd1267, L:/127.0.0.1:61309 - R:localhost/127.0.0.1:13653]
11:36:14.297 [Forwarding getElementTagName on session 343760fe1b3b1d209c4a0d88582a27db to remote] DEBUG org.asynchttpclient.netty.request.NettyRequestSender - Using pooled Channel '[id: 0xdffd1267, L:/127.0.0.1:61309 - R:localhost/127.0.0.1:13653]' for 'GET' to 'http://localhost:13653/session/343760fe1b3b1d209c4a0d88582a27db/element/B5D78317CDC82913058D66A8C952A41F_element_44/name'
11:36:14.297 [Forwarding getElementTagName on session 343760fe1b3b1d209c4a0d88582a27db to remote] DEBUG org.asynchttpclient.netty.request.NettyRequestSender - Using open Channel [id: 0xdffd1267, L:/127.0.0.1:61309 - R:localhost/127.0.0.1:13653] for GET '/session/343760fe1b3b1d209c4a0d88582a27db/element/B5D78317CDC82913058D66A8C952A41F_element_44/name'
11:36:14.303 [AsyncHttpClient-1-5] DEBUG org.asynchttpclient.netty.handler.HttpHandler - 

Request DefaultFullHttpRequest(decodeResult: success, version: HTTP/1.1, content: EmptyByteBufBE)
GET /session/343760fe1b3b1d209c4a0d88582a27db/element/B5D78317CDC82913058D66A8C952A41F_element_44/name HTTP/1.1
User-Agent: selenium/4.8.0 (java windows)
Cache-Control: no-cache
Content-Type: application/json; charset=utf-8
host: localhost:13653
accept: */*

Response DefaultHttpResponse(decodeResult: success, version: HTTP/1.1)
HTTP/1.1 200 OK
Content-Length: 14
Content-Type: application/json; charset=utf-8
cache-control: no-cache

11:36:14.303 [AsyncHttpClient-1-5] DEBUG org.asynchttpclient.netty.channel.ChannelManager - Adding key: http://localhost:13653 for channel [id: 0xdffd1267, L:/127.0.0.1:61309 - R:localhost/127.0.0.1:13653]
11:36:14.304 [Forwarding getElementTagName on session 343760fe1b3b1d209c4a0d88582a27db to remote] DEBUG org.asynchttpclient.netty.request.NettyRequestSender - Using pooled Channel '[id: 0xdffd1267, L:/127.0.0.1:61309 - R:localhost/127.0.0.1:13653]' for 'GET' to 'http://localhost:13653/session/343760fe1b3b1d209c4a0d88582a27db/element/B5D78317CDC82913058D66A8C952A41F_element_44/name'
11:36:14.304 [Forwarding getElementTagName on session 343760fe1b3b1d209c4a0d88582a27db to remote] DEBUG org.asynchttpclient.netty.request.NettyRequestSender - Using open Channel [id: 0xdffd1267, L:/127.0.0.1:61309 - R:localhost/127.0.0.1:13653] for GET '/session/343760fe1b3b1d209c4a0d88582a27db/element/B5D78317CDC82913058D66A8C952A41F_element_44/name'
11:36:14.307 [AsyncHttpClient-1-5] DEBUG org.asynchttpclient.netty.handler.HttpHandler - 

Request DefaultFullHttpRequest(decodeResult: success, version: HTTP/1.1, content: EmptyByteBufBE)
GET /session/343760fe1b3b1d209c4a0d88582a27db/element/B5D78317CDC82913058D66A8C952A41F_element_44/name HTTP/1.1
User-Agent: selenium/4.8.0 (java windows)
Cache-Control: no-cache
Content-Type: application/json; charset=utf-8
host: localhost:13653
accept: */*

Response DefaultHttpResponse(decodeResult: success, version: HTTP/1.1)
HTTP/1.1 200 OK
Content-Length: 14
Content-Type: application/json; charset=utf-8
cache-control: no-cache

11:36:14.307 [AsyncHttpClient-1-5] DEBUG org.asynchttpclient.netty.channel.ChannelManager - Adding key: http://localhost:13653 for channel [id: 0xdffd1267, L:/127.0.0.1:61309 - R:localhost/127.0.0.1:13653]
11:36:14.309 [Forwarding clickElement on session 343760fe1b3b1d209c4a0d88582a27db to remote] DEBUG org.asynchttpclient.netty.request.NettyRequestSender - Using pooled Channel '[id: 0xdffd1267, L:/127.0.0.1:61309 - R:localhost/127.0.0.1:13653]' for 'POST' to 'http://localhost:13653/session/343760fe1b3b1d209c4a0d88582a27db/element/B5D78317CDC82913058D66A8C952A41F_element_44/click'
11:36:14.309 [Forwarding clickElement on session 343760fe1b3b1d209c4a0d88582a27db to remote] DEBUG org.asynchttpclient.netty.request.NettyRequestSender - Using open Channel [id: 0xdffd1267, L:/127.0.0.1:61309 - R:localhost/127.0.0.1:13653] for POST '/session/343760fe1b3b1d209c4a0d88582a27db/element/B5D78317CDC82913058D66A8C952A41F_element_44/click'
11:36:14.490 [AsyncHttpClient-1-5] DEBUG org.asynchttpclient.netty.handler.HttpHandler - 

Request DefaultHttpRequest(decodeResult: success, version: HTTP/1.1)
POST /session/343760fe1b3b1d209c4a0d88582a27db/element/B5D78317CDC82913058D66A8C952A41F_element_44/click HTTP/1.1
User-Agent: selenium/4.8.0 (java windows)
Content-Length: 57
Content-Type: application/json; charset=utf-8
host: localhost:13653
accept: */*

Response DefaultHttpResponse(decodeResult: success, version: HTTP/1.1)
HTTP/1.1 200 OK
Content-Length: 14
Content-Type: application/json; charset=utf-8
cache-control: no-cache

11:36:14.490 [AsyncHttpClient-1-5] DEBUG org.asynchttpclient.netty.channel.ChannelManager - Adding key: http://localhost:13653 for channel [id: 0xdffd1267, L:/127.0.0.1:61309 - R:localhost/127.0.0.1:13653]
11:36:14.494 [Forwarding getCurrentWindowHandle on session 343760fe1b3b1d209c4a0d88582a27db to remote] DEBUG org.asynchttpclient.netty.request.NettyRequestSender - Using pooled Channel '[id: 0xdffd1267, L:/127.0.0.1:61309 - R:localhost/127.0.0.1:13653]' for 'GET' to 'http://localhost:13653/session/343760fe1b3b1d209c4a0d88582a27db/window'
11:36:14.494 [Forwarding getCurrentWindowHandle on session 343760fe1b3b1d209c4a0d88582a27db to remote] DEBUG org.asynchttpclient.netty.request.NettyRequestSender - Using open Channel [id: 0xdffd1267, L:/127.0.0.1:61309 - R:localhost/127.0.0.1:13653] for GET '/session/343760fe1b3b1d209c4a0d88582a27db/window'
11:36:14.496 [AsyncHttpClient-1-5] DEBUG org.asynchttpclient.netty.handler.HttpHandler - 

Request DefaultFullHttpRequest(decodeResult: success, version: HTTP/1.1, content: EmptyByteBufBE)
GET /session/343760fe1b3b1d209c4a0d88582a27db/window HTTP/1.1
User-Agent: selenium/4.8.0 (java windows)
Cache-Control: no-cache
Content-Type: application/json; charset=utf-8
host: localhost:13653
accept: */*

Response DefaultHttpResponse(decodeResult: success, version: HTTP/1.1)
HTTP/1.1 200 OK
Content-Length: 44
Content-Type: application/json; charset=utf-8
cache-control: no-cache

11:36:14.496 [AsyncHttpClient-1-5] DEBUG org.asynchttpclient.netty.channel.ChannelManager - Adding key: http://localhost:13653 for channel [id: 0xdffd1267, L:/127.0.0.1:61309 - R:localhost/127.0.0.1:13653]
11:36:14.497 [Forwarding getWindowHandles on session 343760fe1b3b1d209c4a0d88582a27db to remote] DEBUG org.asynchttpclient.netty.request.NettyRequestSender - Using pooled Channel '[id: 0xdffd1267, L:/127.0.0.1:61309 - R:localhost/127.0.0.1:13653]' for 'GET' to 'http://localhost:13653/session/343760fe1b3b1d209c4a0d88582a27db/window/handles'
11:36:14.497 [Forwarding getWindowHandles on session 343760fe1b3b1d209c4a0d88582a27db to remote] DEBUG org.asynchttpclient.netty.request.NettyRequestSender - Using open Channel [id: 0xdffd1267, L:/127.0.0.1:61309 - R:localhost/127.0.0.1:13653] for GET '/session/343760fe1b3b1d209c4a0d88582a27db/window/handles'
11:36:15.225 [AsyncHttpClient-1-5] DEBUG org.asynchttpclient.netty.handler.HttpHandler - 

Request DefaultFullHttpRequest(decodeResult: success, version: HTTP/1.1, content: EmptyByteBufBE)
GET /session/343760fe1b3b1d209c4a0d88582a27db/window/handles HTTP/1.1
User-Agent: selenium/4.8.0 (java windows)
Cache-Control: no-cache
Content-Type: application/json; charset=utf-8
host: localhost:13653
accept: */*

Response DefaultHttpResponse(decodeResult: success, version: HTTP/1.1)
HTTP/1.1 200 OK
Content-Length: 81
Content-Type: application/json; charset=utf-8
cache-control: no-cache

11:36:15.225 [AsyncHttpClient-1-5] DEBUG org.asynchttpclient.netty.channel.ChannelManager - Adding key: http://localhost:13653 for channel [id: 0xdffd1267, L:/127.0.0.1:61309 - R:localhost/127.0.0.1:13653]
11:36:15.227 [Forwarding switchToWindow on session 343760fe1b3b1d209c4a0d88582a27db to remote] DEBUG org.asynchttpclient.netty.request.NettyRequestSender - Using pooled Channel '[id: 0xdffd1267, L:/127.0.0.1:61309 - R:localhost/127.0.0.1:13653]' for 'POST' to 'http://localhost:13653/session/343760fe1b3b1d209c4a0d88582a27db/window'
11:36:15.227 [Forwarding switchToWindow on session 343760fe1b3b1d209c4a0d88582a27db to remote] DEBUG org.asynchttpclient.netty.request.NettyRequestSender - Using open Channel [id: 0xdffd1267, L:/127.0.0.1:61309 - R:localhost/127.0.0.1:13653] for POST '/session/343760fe1b3b1d209c4a0d88582a27db/window'
11:36:15.229 [AsyncHttpClient-1-5] DEBUG org.asynchttpclient.netty.handler.HttpHandler - 

Request DefaultHttpRequest(decodeResult: success, version: HTTP/1.1)
POST /session/343760fe1b3b1d209c4a0d88582a27db/window HTTP/1.1
User-Agent: selenium/4.8.0 (java windows)
Content-Length: 50
Content-Type: application/json; charset=utf-8
host: localhost:13653
accept: */*

Response DefaultHttpResponse(decodeResult: success, version: HTTP/1.1)
HTTP/1.1 200 OK
Content-Length: 14
Content-Type: application/json; charset=utf-8
cache-control: no-cache

11:36:15.230 [AsyncHttpClient-1-5] DEBUG org.asynchttpclient.netty.channel.ChannelManager - Adding key: http://localhost:13653 for channel [id: 0xdffd1267, L:/127.0.0.1:61309 - R:localhost/127.0.0.1:13653]
11:36:15.231 [Forwarding getTitle on session 343760fe1b3b1d209c4a0d88582a27db to remote] DEBUG org.asynchttpclient.netty.request.NettyRequestSender - Using pooled Channel '[id: 0xdffd1267, L:/127.0.0.1:61309 - R:localhost/127.0.0.1:13653]' for 'GET' to 'http://localhost:13653/session/343760fe1b3b1d209c4a0d88582a27db/title'
11:36:15.232 [Forwarding getTitle on session 343760fe1b3b1d209c4a0d88582a27db to remote] DEBUG org.asynchttpclient.netty.request.NettyRequestSender - Using open Channel [id: 0xdffd1267, L:/127.0.0.1:61309 - R:localhost/127.0.0.1:13653] for GET '/session/343760fe1b3b1d209c4a0d88582a27db/title'
11:36:15.261 [AsyncHttpClient-1-5] DEBUG org.asynchttpclient.netty.handler.HttpHandler - 

Request DefaultFullHttpRequest(decodeResult: success, version: HTTP/1.1, content: EmptyByteBufBE)
GET /session/343760fe1b3b1d209c4a0d88582a27db/title HTTP/1.1
User-Agent: selenium/4.8.0 (java windows)
Cache-Control: no-cache
Content-Type: application/json; charset=utf-8
host: localhost:13653
accept: */*

Response DefaultHttpResponse(decodeResult: success, version: HTTP/1.1)
HTTP/1.1 200 OK
Content-Length: 28
Content-Type: application/json; charset=utf-8
cache-control: no-cache

11:36:15.262 [AsyncHttpClient-1-5] DEBUG org.asynchttpclient.netty.channel.ChannelManager - Adding key: http://localhost:13653 for channel [id: 0xdffd1267, L:/127.0.0.1:61309 - R:localhost/127.0.0.1:13653]
www.facebook.com
11:36:15.262 [main] INFO  com.swaglabs.base.SetUp - title validation failed
11:36:15.263 [Forwarding getWindowHandles on session 343760fe1b3b1d209c4a0d88582a27db to remote] DEBUG org.asynchttpclient.netty.request.NettyRequestSender - Using pooled Channel '[id: 0xdffd1267, L:/127.0.0.1:61309 - R:localhost/127.0.0.1:13653]' for 'GET' to 'http://localhost:13653/session/343760fe1b3b1d209c4a0d88582a27db/window/handles'
11:36:15.263 [Forwarding getWindowHandles on session 343760fe1b3b1d209c4a0d88582a27db to remote] DEBUG org.asynchttpclient.netty.request.NettyRequestSender - Using open Channel [id: 0xdffd1267, L:/127.0.0.1:61309 - R:localhost/127.0.0.1:13653] for GET '/session/343760fe1b3b1d209c4a0d88582a27db/window/handles'
11:36:15.266 [AsyncHttpClient-1-5] DEBUG org.asynchttpclient.netty.handler.HttpHandler - 

Request DefaultFullHttpRequest(decodeResult: success, version: HTTP/1.1, content: EmptyByteBufBE)
GET /session/343760fe1b3b1d209c4a0d88582a27db/window/handles HTTP/1.1
User-Agent: selenium/4.8.0 (java windows)
Cache-Control: no-cache
Content-Type: application/json; charset=utf-8
host: localhost:13653
accept: */*

Response DefaultHttpResponse(decodeResult: success, version: HTTP/1.1)
HTTP/1.1 200 OK
Content-Length: 81
Content-Type: application/json; charset=utf-8
cache-control: no-cache

11:36:15.266 [AsyncHttpClient-1-5] DEBUG org.asynchttpclient.netty.channel.ChannelManager - Adding key: http://localhost:13653 for channel [id: 0xdffd1267, L:/127.0.0.1:61309 - R:localhost/127.0.0.1:13653]
11:36:15.267 [Forwarding getWindowHandles on session 343760fe1b3b1d209c4a0d88582a27db to remote] DEBUG org.asynchttpclient.netty.request.NettyRequestSender - Using pooled Channel '[id: 0xdffd1267, L:/127.0.0.1:61309 - R:localhost/127.0.0.1:13653]' for 'GET' to 'http://localhost:13653/session/343760fe1b3b1d209c4a0d88582a27db/window/handles'
11:36:15.267 [Forwarding getWindowHandles on session 343760fe1b3b1d209c4a0d88582a27db to remote] DEBUG org.asynchttpclient.netty.request.NettyRequestSender - Using open Channel [id: 0xdffd1267, L:/127.0.0.1:61309 - R:localhost/127.0.0.1:13653] for GET '/session/343760fe1b3b1d209c4a0d88582a27db/window/handles'
11:36:15.268 [AsyncHttpClient-1-5] DEBUG org.asynchttpclient.netty.handler.HttpHandler - 

Request DefaultFullHttpRequest(decodeResult: success, version: HTTP/1.1, content: EmptyByteBufBE)
GET /session/343760fe1b3b1d209c4a0d88582a27db/window/handles HTTP/1.1
User-Agent: selenium/4.8.0 (java windows)
Cache-Control: no-cache
Content-Type: application/json; charset=utf-8
host: localhost:13653
accept: */*

Response DefaultHttpResponse(decodeResult: success, version: HTTP/1.1)
HTTP/1.1 200 OK
Content-Length: 81
Content-Type: application/json; charset=utf-8
cache-control: no-cache

11:36:15.268 [AsyncHttpClient-1-5] DEBUG org.asynchttpclient.netty.channel.ChannelManager - Adding key: http://localhost:13653 for channel [id: 0xdffd1267, L:/127.0.0.1:61309 - R:localhost/127.0.0.1:13653]
11:36:15.268 [Forwarding close on session 343760fe1b3b1d209c4a0d88582a27db to remote] DEBUG org.asynchttpclient.netty.request.NettyRequestSender - Using pooled Channel '[id: 0xdffd1267, L:/127.0.0.1:61309 - R:localhost/127.0.0.1:13653]' for 'DELETE' to 'http://localhost:13653/session/343760fe1b3b1d209c4a0d88582a27db/window'
11:36:15.268 [Forwarding close on session 343760fe1b3b1d209c4a0d88582a27db to remote] DEBUG org.asynchttpclient.netty.request.NettyRequestSender - Using open Channel [id: 0xdffd1267, L:/127.0.0.1:61309 - R:localhost/127.0.0.1:13653] for DELETE '/session/343760fe1b3b1d209c4a0d88582a27db/window'
11:36:15.343 [AsyncHttpClient-1-5] DEBUG org.asynchttpclient.netty.handler.HttpHandler - 

Request DefaultFullHttpRequest(decodeResult: success, version: HTTP/1.1, content: EmptyByteBufBE)
DELETE /session/343760fe1b3b1d209c4a0d88582a27db/window HTTP/1.1
User-Agent: selenium/4.8.0 (java windows)
Content-Type: application/json; charset=utf-8
host: localhost:13653
accept: */*

Response DefaultHttpResponse(decodeResult: success, version: HTTP/1.1)
HTTP/1.1 200 OK
Content-Length: 46
Content-Type: application/json; charset=utf-8
cache-control: no-cache

11:36:15.344 [AsyncHttpClient-1-5] DEBUG org.asynchttpclient.netty.channel.ChannelManager - Adding key: http://localhost:13653 for channel [id: 0xdffd1267, L:/127.0.0.1:61309 - R:localhost/127.0.0.1:13653]
11:36:15.348 [Forwarding switchToWindow on session 343760fe1b3b1d209c4a0d88582a27db to remote] DEBUG org.asynchttpclient.netty.request.NettyRequestSender - Using pooled Channel '[id: 0xdffd1267, L:/127.0.0.1:61309 - R:localhost/127.0.0.1:13653]' for 'POST' to 'http://localhost:13653/session/343760fe1b3b1d209c4a0d88582a27db/window'
11:36:15.349 [Forwarding switchToWindow on session 343760fe1b3b1d209c4a0d88582a27db to remote] DEBUG org.asynchttpclient.netty.request.NettyRequestSender - Using open Channel [id: 0xdffd1267, L:/127.0.0.1:61309 - R:localhost/127.0.0.1:13653] for POST '/session/343760fe1b3b1d209c4a0d88582a27db/window'
11:36:15.349 [AsyncHttpClient-1-1] DEBUG org.asynchttpclient.netty.channel.DefaultChannelPool - Entry count for : http://localhost:61317 : 1
11:36:15.353 [AsyncHttpClient-1-5] DEBUG org.asynchttpclient.netty.handler.HttpHandler - 

Request DefaultHttpRequest(decodeResult: success, version: HTTP/1.1)
POST /session/343760fe1b3b1d209c4a0d88582a27db/window HTTP/1.1
User-Agent: selenium/4.8.0 (java windows)
Content-Length: 50
Content-Type: application/json; charset=utf-8
host: localhost:13653
accept: */*

Response DefaultHttpResponse(decodeResult: success, version: HTTP/1.1)
HTTP/1.1 200 OK
Content-Length: 14
Content-Type: application/json; charset=utf-8
cache-control: no-cache

11:36:15.354 [AsyncHttpClient-1-5] DEBUG org.asynchttpclient.netty.channel.ChannelManager - Adding key: http://localhost:13653 for channel [id: 0xdffd1267, L:/127.0.0.1:61309 - R:localhost/127.0.0.1:13653]
11:36:15.359 [Forwarding findElements on session 343760fe1b3b1d209c4a0d88582a27db to remote] DEBUG org.asynchttpclient.netty.request.NettyRequestSender - Using pooled Channel '[id: 0xdffd1267, L:/127.0.0.1:61309 - R:localhost/127.0.0.1:13653]' for 'POST' to 'http://localhost:13653/session/343760fe1b3b1d209c4a0d88582a27db/elements'
11:36:15.359 [Forwarding findElements on session 343760fe1b3b1d209c4a0d88582a27db to remote] DEBUG org.asynchttpclient.netty.request.NettyRequestSender - Using open Channel [id: 0xdffd1267, L:/127.0.0.1:61309 - R:localhost/127.0.0.1:13653] for POST '/session/343760fe1b3b1d209c4a0d88582a27db/elements'
11:36:15.378 [AsyncHttpClient-1-5] DEBUG org.asynchttpclient.netty.handler.HttpHandler - 

Request DefaultHttpRequest(decodeResult: success, version: HTTP/1.1)
POST /session/343760fe1b3b1d209c4a0d88582a27db/elements HTTP/1.1
User-Agent: selenium/4.8.0 (java windows)
Content-Length: 82
Content-Type: application/json; charset=utf-8
host: localhost:13653
accept: */*

Response DefaultHttpResponse(decodeResult: success, version: HTTP/1.1)
HTTP/1.1 200 OK
Content-Length: 269
Content-Type: application/json; charset=utf-8
cache-control: no-cache

11:36:15.378 [AsyncHttpClient-1-5] DEBUG org.asynchttpclient.netty.channel.ChannelManager - Adding key: http://localhost:13653 for channel [id: 0xdffd1267, L:/127.0.0.1:61309 - R:localhost/127.0.0.1:13653]
11:36:15.386 [Forwarding getAlertText on session 343760fe1b3b1d209c4a0d88582a27db to remote] DEBUG org.asynchttpclient.netty.request.NettyRequestSender - Using pooled Channel '[id: 0xdffd1267, L:/127.0.0.1:61309 - R:localhost/127.0.0.1:13653]' for 'GET' to 'http://localhost:13653/session/343760fe1b3b1d209c4a0d88582a27db/alert/text'
11:36:15.386 [Forwarding getAlertText on session 343760fe1b3b1d209c4a0d88582a27db to remote] DEBUG org.asynchttpclient.netty.request.NettyRequestSender - Using open Channel [id: 0xdffd1267, L:/127.0.0.1:61309 - R:localhost/127.0.0.1:13653] for GET '/session/343760fe1b3b1d209c4a0d88582a27db/alert/text'
11:36:15.392 [AsyncHttpClient-1-5] DEBUG org.asynchttpclient.netty.handler.HttpHandler - 

Request DefaultFullHttpRequest(decodeResult: success, version: HTTP/1.1, content: EmptyByteBufBE)
GET /session/343760fe1b3b1d209c4a0d88582a27db/alert/text HTTP/1.1
User-Agent: selenium/4.8.0 (java windows)
Cache-Control: no-cache
Content-Type: application/json; charset=utf-8
host: localhost:13653
accept: */*

Response DefaultHttpResponse(decodeResult: success, version: HTTP/1.1)
HTTP/1.1 404 Not Found
Content-Length: 1522
Content-Type: application/json; charset=utf-8
cache-control: no-cache

11:36:15.392 [AsyncHttpClient-1-5] DEBUG org.asynchttpclient.netty.channel.ChannelManager - Adding key: http://localhost:13653 for channel [id: 0xdffd1267, L:/127.0.0.1:61309 - R:localhost/127.0.0.1:13653]
11:36:15.394 [Forwarding getCurrentUrl on session 343760fe1b3b1d209c4a0d88582a27db to remote] DEBUG org.asynchttpclient.netty.request.NettyRequestSender - Using pooled Channel '[id: 0xdffd1267, L:/127.0.0.1:61309 - R:localhost/127.0.0.1:13653]' for 'GET' to 'http://localhost:13653/session/343760fe1b3b1d209c4a0d88582a27db/url'
11:36:15.394 [Forwarding getCurrentUrl on session 343760fe1b3b1d209c4a0d88582a27db to remote] DEBUG org.asynchttpclient.netty.request.NettyRequestSender - Using open Channel [id: 0xdffd1267, L:/127.0.0.1:61309 - R:localhost/127.0.0.1:13653] for GET '/session/343760fe1b3b1d209c4a0d88582a27db/url'
11:36:15.400 [AsyncHttpClient-1-5] DEBUG org.asynchttpclient.netty.handler.HttpHandler - 

Request DefaultFullHttpRequest(decodeResult: success, version: HTTP/1.1, content: EmptyByteBufBE)
GET /session/343760fe1b3b1d209c4a0d88582a27db/url HTTP/1.1
User-Agent: selenium/4.8.0 (java windows)
Cache-Control: no-cache
Content-Type: application/json; charset=utf-8
host: localhost:13653
accept: */*

Response DefaultHttpResponse(decodeResult: success, version: HTTP/1.1)
HTTP/1.1 200 OK
Content-Length: 52
Content-Type: application/json; charset=utf-8
cache-control: no-cache

11:36:15.400 [AsyncHttpClient-1-5] DEBUG org.asynchttpclient.netty.channel.ChannelManager - Adding key: http://localhost:13653 for channel [id: 0xdffd1267, L:/127.0.0.1:61309 - R:localhost/127.0.0.1:13653]
11:36:15.401 [Forwarding screenshot on session 343760fe1b3b1d209c4a0d88582a27db to remote] DEBUG org.asynchttpclient.netty.request.NettyRequestSender - Using pooled Channel '[id: 0xdffd1267, L:/127.0.0.1:61309 - R:localhost/127.0.0.1:13653]' for 'GET' to 'http://localhost:13653/session/343760fe1b3b1d209c4a0d88582a27db/screenshot'
11:36:15.401 [Forwarding screenshot on session 343760fe1b3b1d209c4a0d88582a27db to remote] DEBUG org.asynchttpclient.netty.request.NettyRequestSender - Using open Channel [id: 0xdffd1267, L:/127.0.0.1:61309 - R:localhost/127.0.0.1:13653] for GET '/session/343760fe1b3b1d209c4a0d88582a27db/screenshot'
11:36:15.675 [AsyncHttpClient-1-5] DEBUG org.asynchttpclient.netty.handler.HttpHandler - 

Request DefaultFullHttpRequest(decodeResult: success, version: HTTP/1.1, content: EmptyByteBufBE)
GET /session/343760fe1b3b1d209c4a0d88582a27db/screenshot HTTP/1.1
User-Agent: selenium/4.8.0 (java windows)
Cache-Control: no-cache
Content-Type: application/json; charset=utf-8
host: localhost:13653
accept: */*

Response DefaultHttpResponse(decodeResult: success, version: HTTP/1.1)
HTTP/1.1 200 OK
Content-Length: 559660
Content-Type: application/json; charset=utf-8
cache-control: no-cache

11:36:15.677 [AsyncHttpClient-1-5] DEBUG org.asynchttpclient.netty.channel.ChannelManager - Adding key: http://localhost:13653 for channel [id: 0xdffd1267, L:/127.0.0.1:61309 - R:localhost/127.0.0.1:13653]
11:36:15.692 [main] DEBUG net.serenitybdd.core.photography.Darkroom - Send negative for processing for target\site\serenity\15f73975997c6abe2c25dc57293485621af3ce51b67f3f90c2bb6f60235259b7.png
11:36:15.693 [main] DEBUG net.thucydides.core.steps.StepInterceptor - STEP DONE: test4_validateInventoryPageHeaderAndFooters
11:36:15.699 [Forwarding getPageSource on session 343760fe1b3b1d209c4a0d88582a27db to remote] DEBUG org.asynchttpclient.netty.request.NettyRequestSender - Using pooled Channel '[id: 0xdffd1267, L:/127.0.0.1:61309 - R:localhost/127.0.0.1:13653]' for 'POST' to 'http://localhost:13653/session/343760fe1b3b1d209c4a0d88582a27db/execute/sync'
11:36:15.699 [Forwarding getPageSource on session 343760fe1b3b1d209c4a0d88582a27db to remote] DEBUG org.asynchttpclient.netty.request.NettyRequestSender - Using open Channel [id: 0xdffd1267, L:/127.0.0.1:61309 - R:localhost/127.0.0.1:13653] for POST '/session/343760fe1b3b1d209c4a0d88582a27db/execute/sync'
11:36:15.704 [Darkroom Processing Line] DEBUG net.serenitybdd.core.photography.DarkroomProcessingLine - Processing screenshot image in /var/screenshots/screenshot-4931131899943839265
11:36:15.704 [Darkroom Processing Line] DEBUG net.serenitybdd.core.photography.DarkroomProcessingLine - Saving screenshot to target\site\serenity\15f73975997c6abe2c25dc57293485621af3ce51b67f3f90c2bb6f60235259b7.png
11:36:15.718 [AsyncHttpClient-1-5] DEBUG org.asynchttpclient.netty.handler.HttpHandler - 

Request DefaultHttpRequest(decodeResult: success, version: HTTP/1.1)
POST /session/343760fe1b3b1d209c4a0d88582a27db/execute/sync HTTP/1.1
User-Agent: selenium/4.8.0 (java windows)
Content-Length: 176
Content-Type: application/json; charset=utf-8
host: localhost:13653
accept: */*

Response DefaultHttpResponse(decodeResult: success, version: HTTP/1.1)
HTTP/1.1 200 OK
Content-Length: 16311
Content-Type: application/json; charset=utf-8
cache-control: no-cache

11:36:15.718 [AsyncHttpClient-1-5] DEBUG org.asynchttpclient.netty.channel.ChannelManager - Adding key: http://localhost:13653 for channel [id: 0xdffd1267, L:/127.0.0.1:61309 - R:localhost/127.0.0.1:13653]
11:36:15.721 [Forwarding getCurrentUrl on session 343760fe1b3b1d209c4a0d88582a27db to remote] DEBUG org.asynchttpclient.netty.request.NettyRequestSender - Using pooled Channel '[id: 0xdffd1267, L:/127.0.0.1:61309 - R:localhost/127.0.0.1:13653]' for 'GET' to 'http://localhost:13653/session/343760fe1b3b1d209c4a0d88582a27db/url'
11:36:15.721 [Forwarding getCurrentUrl on session 343760fe1b3b1d209c4a0d88582a27db to remote] DEBUG org.asynchttpclient.netty.request.NettyRequestSender - Using open Channel [id: 0xdffd1267, L:/127.0.0.1:61309 - R:localhost/127.0.0.1:13653] for GET '/session/343760fe1b3b1d209c4a0d88582a27db/url'
11:36:15.735 [AsyncHttpClient-1-5] DEBUG org.asynchttpclient.netty.handler.HttpHandler - 

Request DefaultFullHttpRequest(decodeResult: success, version: HTTP/1.1, content: EmptyByteBufBE)
GET /session/343760fe1b3b1d209c4a0d88582a27db/url HTTP/1.1
User-Agent: selenium/4.8.0 (java windows)
Cache-Control: no-cache
Content-Type: application/json; charset=utf-8
host: localhost:13653
accept: */*

Response DefaultHttpResponse(decodeResult: success, version: HTTP/1.1)
HTTP/1.1 200 OK
Content-Length: 52
Content-Type: application/json; charset=utf-8
cache-control: no-cache

11:36:15.735 [AsyncHttpClient-1-5] DEBUG org.asynchttpclient.netty.channel.ChannelManager - Adding key: http://localhost:13653 for channel [id: 0xdffd1267, L:/127.0.0.1:61309 - R:localhost/127.0.0.1:13653]
11:36:15.752 [main] DEBUG net.thucydides.core.steps.StepInterceptor - STARTING STEP: Tests.testCases - test5_validateSortinLogicInFilter
11:36:15.761 [Forwarding getAlertText on session 343760fe1b3b1d209c4a0d88582a27db to remote] DEBUG org.asynchttpclient.netty.request.NettyRequestSender - Using pooled Channel '[id: 0xdffd1267, L:/127.0.0.1:61309 - R:localhost/127.0.0.1:13653]' for 'GET' to 'http://localhost:13653/session/343760fe1b3b1d209c4a0d88582a27db/alert/text'
11:36:15.761 [Forwarding getAlertText on session 343760fe1b3b1d209c4a0d88582a27db to remote] DEBUG org.asynchttpclient.netty.request.NettyRequestSender - Using open Channel [id: 0xdffd1267, L:/127.0.0.1:61309 - R:localhost/127.0.0.1:13653] for GET '/session/343760fe1b3b1d209c4a0d88582a27db/alert/text'
11:36:15.764 [AsyncHttpClient-1-5] DEBUG org.asynchttpclient.netty.handler.HttpHandler - 

Request DefaultFullHttpRequest(decodeResult: success, version: HTTP/1.1, content: EmptyByteBufBE)
GET /session/343760fe1b3b1d209c4a0d88582a27db/alert/text HTTP/1.1
User-Agent: selenium/4.8.0 (java windows)
Cache-Control: no-cache
Content-Type: application/json; charset=utf-8
host: localhost:13653
accept: */*

Response DefaultHttpResponse(decodeResult: success, version: HTTP/1.1)
HTTP/1.1 404 Not Found
Content-Length: 1522
Content-Type: application/json; charset=utf-8
cache-control: no-cache

11:36:15.764 [AsyncHttpClient-1-5] DEBUG org.asynchttpclient.netty.channel.ChannelManager - Adding key: http://localhost:13653 for channel [id: 0xdffd1267, L:/127.0.0.1:61309 - R:localhost/127.0.0.1:13653]
11:36:15.765 [Forwarding getCurrentUrl on session 343760fe1b3b1d209c4a0d88582a27db to remote] DEBUG org.asynchttpclient.netty.request.NettyRequestSender - Using pooled Channel '[id: 0xdffd1267, L:/127.0.0.1:61309 - R:localhost/127.0.0.1:13653]' for 'GET' to 'http://localhost:13653/session/343760fe1b3b1d209c4a0d88582a27db/url'
11:36:15.765 [Forwarding getCurrentUrl on session 343760fe1b3b1d209c4a0d88582a27db to remote] DEBUG org.asynchttpclient.netty.request.NettyRequestSender - Using open Channel [id: 0xdffd1267, L:/127.0.0.1:61309 - R:localhost/127.0.0.1:13653] for GET '/session/343760fe1b3b1d209c4a0d88582a27db/url'
11:36:15.778 [AsyncHttpClient-1-5] DEBUG org.asynchttpclient.netty.handler.HttpHandler - 

Request DefaultFullHttpRequest(decodeResult: success, version: HTTP/1.1, content: EmptyByteBufBE)
GET /session/343760fe1b3b1d209c4a0d88582a27db/url HTTP/1.1
User-Agent: selenium/4.8.0 (java windows)
Cache-Control: no-cache
Content-Type: application/json; charset=utf-8
host: localhost:13653
accept: */*

Response DefaultHttpResponse(decodeResult: success, version: HTTP/1.1)
HTTP/1.1 200 OK
Content-Length: 52
Content-Type: application/json; charset=utf-8
cache-control: no-cache

11:36:15.778 [AsyncHttpClient-1-5] DEBUG org.asynchttpclient.netty.channel.ChannelManager - Adding key: http://localhost:13653 for channel [id: 0xdffd1267, L:/127.0.0.1:61309 - R:localhost/127.0.0.1:13653]
11:36:15.779 [Forwarding screenshot on session 343760fe1b3b1d209c4a0d88582a27db to remote] DEBUG org.asynchttpclient.netty.request.NettyRequestSender - Using pooled Channel '[id: 0xdffd1267, L:/127.0.0.1:61309 - R:localhost/127.0.0.1:13653]' for 'GET' to 'http://localhost:13653/session/343760fe1b3b1d209c4a0d88582a27db/screenshot'
11:36:15.779 [Forwarding screenshot on session 343760fe1b3b1d209c4a0d88582a27db to remote] DEBUG org.asynchttpclient.netty.request.NettyRequestSender - Using open Channel [id: 0xdffd1267, L:/127.0.0.1:61309 - R:localhost/127.0.0.1:13653] for GET '/session/343760fe1b3b1d209c4a0d88582a27db/screenshot'
11:36:16.042 [AsyncHttpClient-1-5] DEBUG org.asynchttpclient.netty.handler.HttpHandler - 

Request DefaultFullHttpRequest(decodeResult: success, version: HTTP/1.1, content: EmptyByteBufBE)
GET /session/343760fe1b3b1d209c4a0d88582a27db/screenshot HTTP/1.1
User-Agent: selenium/4.8.0 (java windows)
Cache-Control: no-cache
Content-Type: application/json; charset=utf-8
host: localhost:13653
accept: */*

Response DefaultHttpResponse(decodeResult: success, version: HTTP/1.1)
HTTP/1.1 200 OK
Content-Length: 559660
Content-Type: application/json; charset=utf-8
cache-control: no-cache

11:36:16.043 [AsyncHttpClient-1-5] DEBUG org.asynchttpclient.netty.channel.ChannelManager - Adding key: http://localhost:13653 for channel [id: 0xdffd1267, L:/127.0.0.1:61309 - R:localhost/127.0.0.1:13653]
11:36:16.056 [main] DEBUG net.serenitybdd.core.photography.Darkroom - Send negative for processing for target\site\serenity\15f73975997c6abe2c25dc57293485621af3ce51b67f3f90c2bb6f60235259b7.png
11:36:16.057 [Forwarding getPageSource on session 343760fe1b3b1d209c4a0d88582a27db to remote] DEBUG org.asynchttpclient.netty.request.NettyRequestSender - Using pooled Channel '[id: 0xdffd1267, L:/127.0.0.1:61309 - R:localhost/127.0.0.1:13653]' for 'POST' to 'http://localhost:13653/session/343760fe1b3b1d209c4a0d88582a27db/execute/sync'
11:36:16.057 [Forwarding getPageSource on session 343760fe1b3b1d209c4a0d88582a27db to remote] DEBUG org.asynchttpclient.netty.request.NettyRequestSender - Using open Channel [id: 0xdffd1267, L:/127.0.0.1:61309 - R:localhost/127.0.0.1:13653] for POST '/session/343760fe1b3b1d209c4a0d88582a27db/execute/sync'
11:36:16.065 [AsyncHttpClient-1-5] DEBUG org.asynchttpclient.netty.handler.HttpHandler - 

Request DefaultHttpRequest(decodeResult: success, version: HTTP/1.1)
POST /session/343760fe1b3b1d209c4a0d88582a27db/execute/sync HTTP/1.1
User-Agent: selenium/4.8.0 (java windows)
Content-Length: 176
Content-Type: application/json; charset=utf-8
host: localhost:13653
accept: */*

Response DefaultHttpResponse(decodeResult: success, version: HTTP/1.1)
HTTP/1.1 200 OK
Content-Length: 16311
Content-Type: application/json; charset=utf-8
cache-control: no-cache

11:36:16.065 [AsyncHttpClient-1-5] DEBUG org.asynchttpclient.netty.channel.ChannelManager - Adding key: http://localhost:13653 for channel [id: 0xdffd1267, L:/127.0.0.1:61309 - R:localhost/127.0.0.1:13653]
11:36:16.067 [Forwarding getCurrentUrl on session 343760fe1b3b1d209c4a0d88582a27db to remote] DEBUG org.asynchttpclient.netty.request.NettyRequestSender - Using pooled Channel '[id: 0xdffd1267, L:/127.0.0.1:61309 - R:localhost/127.0.0.1:13653]' for 'GET' to 'http://localhost:13653/session/343760fe1b3b1d209c4a0d88582a27db/url'
11:36:16.068 [Forwarding getCurrentUrl on session 343760fe1b3b1d209c4a0d88582a27db to remote] DEBUG org.asynchttpclient.netty.request.NettyRequestSender - Using open Channel [id: 0xdffd1267, L:/127.0.0.1:61309 - R:localhost/127.0.0.1:13653] for GET '/session/343760fe1b3b1d209c4a0d88582a27db/url'
11:36:16.073 [AsyncHttpClient-1-5] DEBUG org.asynchttpclient.netty.handler.HttpHandler - 

Request DefaultFullHttpRequest(decodeResult: success, version: HTTP/1.1, content: EmptyByteBufBE)
GET /session/343760fe1b3b1d209c4a0d88582a27db/url HTTP/1.1
User-Agent: selenium/4.8.0 (java windows)
Cache-Control: no-cache
Content-Type: application/json; charset=utf-8
host: localhost:13653
accept: */*

Response DefaultHttpResponse(decodeResult: success, version: HTTP/1.1)
HTTP/1.1 200 OK
Content-Length: 52
Content-Type: application/json; charset=utf-8
cache-control: no-cache

11:36:16.074 [AsyncHttpClient-1-5] DEBUG org.asynchttpclient.netty.channel.ChannelManager - Adding key: http://localhost:13653 for channel [id: 0xdffd1267, L:/127.0.0.1:61309 - R:localhost/127.0.0.1:13653]
11:36:16.085 [main] DEBUG net.thucydides.core.steps.StepInterceptor - STARTING STEP: InventoryPageSteps.test5_validateSortinLogicInFilter - validate filter product A to Z
11:36:16.087 [Forwarding findElements on session 343760fe1b3b1d209c4a0d88582a27db to remote] DEBUG org.asynchttpclient.netty.request.NettyRequestSender - Using pooled Channel '[id: 0xdffd1267, L:/127.0.0.1:61309 - R:localhost/127.0.0.1:13653]' for 'POST' to 'http://localhost:13653/session/343760fe1b3b1d209c4a0d88582a27db/elements'
11:36:16.087 [Forwarding findElements on session 343760fe1b3b1d209c4a0d88582a27db to remote] DEBUG org.asynchttpclient.netty.request.NettyRequestSender - Using open Channel [id: 0xdffd1267, L:/127.0.0.1:61309 - R:localhost/127.0.0.1:13653] for POST '/session/343760fe1b3b1d209c4a0d88582a27db/elements'
11:36:16.101 [AsyncHttpClient-1-5] DEBUG org.asynchttpclient.netty.handler.HttpHandler - 

Request DefaultHttpRequest(decodeResult: success, version: HTTP/1.1)
POST /session/343760fe1b3b1d209c4a0d88582a27db/elements HTTP/1.1
User-Agent: selenium/4.8.0 (java windows)
Content-Length: 111
Content-Type: application/json; charset=utf-8
host: localhost:13653
accept: */*

Response DefaultHttpResponse(decodeResult: success, version: HTTP/1.1)
HTTP/1.1 200 OK
Content-Length: 527
Content-Type: application/json; charset=utf-8
cache-control: no-cache

11:36:16.101 [AsyncHttpClient-1-5] DEBUG org.asynchttpclient.netty.channel.ChannelManager - Adding key: http://localhost:13653 for channel [id: 0xdffd1267, L:/127.0.0.1:61309 - R:localhost/127.0.0.1:13653]
11:36:16.103 [Forwarding getElementText on session 343760fe1b3b1d209c4a0d88582a27db to remote] DEBUG org.asynchttpclient.netty.request.NettyRequestSender - Using pooled Channel '[id: 0xdffd1267, L:/127.0.0.1:61309 - R:localhost/127.0.0.1:13653]' for 'GET' to 'http://localhost:13653/session/343760fe1b3b1d209c4a0d88582a27db/element/B5D78317CDC82913058D66A8C952A41F_element_30/text'
11:36:16.103 [Forwarding getElementText on session 343760fe1b3b1d209c4a0d88582a27db to remote] DEBUG org.asynchttpclient.netty.request.NettyRequestSender - Using open Channel [id: 0xdffd1267, L:/127.0.0.1:61309 - R:localhost/127.0.0.1:13653] for GET '/session/343760fe1b3b1d209c4a0d88582a27db/element/B5D78317CDC82913058D66A8C952A41F_element_30/text'
11:36:16.113 [AsyncHttpClient-1-5] DEBUG org.asynchttpclient.netty.handler.HttpHandler - 

Request DefaultFullHttpRequest(decodeResult: success, version: HTTP/1.1, content: EmptyByteBufBE)
GET /session/343760fe1b3b1d209c4a0d88582a27db/element/B5D78317CDC82913058D66A8C952A41F_element_30/text HTTP/1.1
User-Agent: selenium/4.8.0 (java windows)
Cache-Control: no-cache
Content-Type: application/json; charset=utf-8
host: localhost:13653
accept: */*

Response DefaultHttpResponse(decodeResult: success, version: HTTP/1.1)
HTTP/1.1 200 OK
Content-Length: 31
Content-Type: application/json; charset=utf-8
cache-control: no-cache

11:36:16.114 [AsyncHttpClient-1-5] DEBUG org.asynchttpclient.netty.channel.ChannelManager - Adding key: http://localhost:13653 for channel [id: 0xdffd1267, L:/127.0.0.1:61309 - R:localhost/127.0.0.1:13653]
11:36:16.115 [Forwarding getElementText on session 343760fe1b3b1d209c4a0d88582a27db to remote] DEBUG org.asynchttpclient.netty.request.NettyRequestSender - Using pooled Channel '[id: 0xdffd1267, L:/127.0.0.1:61309 - R:localhost/127.0.0.1:13653]' for 'GET' to 'http://localhost:13653/session/343760fe1b3b1d209c4a0d88582a27db/element/B5D78317CDC82913058D66A8C952A41F_element_31/text'
11:36:16.115 [Forwarding getElementText on session 343760fe1b3b1d209c4a0d88582a27db to remote] DEBUG org.asynchttpclient.netty.request.NettyRequestSender - Using open Channel [id: 0xdffd1267, L:/127.0.0.1:61309 - R:localhost/127.0.0.1:13653] for GET '/session/343760fe1b3b1d209c4a0d88582a27db/element/B5D78317CDC82913058D66A8C952A41F_element_31/text'
11:36:16.125 [AsyncHttpClient-1-5] DEBUG org.asynchttpclient.netty.handler.HttpHandler - 

Request DefaultFullHttpRequest(decodeResult: success, version: HTTP/1.1, content: EmptyByteBufBE)
GET /session/343760fe1b3b1d209c4a0d88582a27db/element/B5D78317CDC82913058D66A8C952A41F_element_31/text HTTP/1.1
User-Agent: selenium/4.8.0 (java windows)
Cache-Control: no-cache
Content-Type: application/json; charset=utf-8
host: localhost:13653
accept: */*

Response DefaultHttpResponse(decodeResult: success, version: HTTP/1.1)
HTTP/1.1 200 OK
Content-Length: 33
Content-Type: application/json; charset=utf-8
cache-control: no-cache

11:36:16.125 [AsyncHttpClient-1-5] DEBUG org.asynchttpclient.netty.channel.ChannelManager - Adding key: http://localhost:13653 for channel [id: 0xdffd1267, L:/127.0.0.1:61309 - R:localhost/127.0.0.1:13653]
11:36:16.127 [Forwarding getElementText on session 343760fe1b3b1d209c4a0d88582a27db to remote] DEBUG org.asynchttpclient.netty.request.NettyRequestSender - Using pooled Channel '[id: 0xdffd1267, L:/127.0.0.1:61309 - R:localhost/127.0.0.1:13653]' for 'GET' to 'http://localhost:13653/session/343760fe1b3b1d209c4a0d88582a27db/element/B5D78317CDC82913058D66A8C952A41F_element_32/text'
11:36:16.127 [Forwarding getElementText on session 343760fe1b3b1d209c4a0d88582a27db to remote] DEBUG org.asynchttpclient.netty.request.NettyRequestSender - Using open Channel [id: 0xdffd1267, L:/127.0.0.1:61309 - R:localhost/127.0.0.1:13653] for GET '/session/343760fe1b3b1d209c4a0d88582a27db/element/B5D78317CDC82913058D66A8C952A41F_element_32/text'
11:36:16.141 [AsyncHttpClient-1-5] DEBUG org.asynchttpclient.netty.handler.HttpHandler - 

Request DefaultFullHttpRequest(decodeResult: success, version: HTTP/1.1, content: EmptyByteBufBE)
GET /session/343760fe1b3b1d209c4a0d88582a27db/element/B5D78317CDC82913058D66A8C952A41F_element_32/text HTTP/1.1
User-Agent: selenium/4.8.0 (java windows)
Cache-Control: no-cache
Content-Type: application/json; charset=utf-8
host: localhost:13653
accept: */*

Response DefaultHttpResponse(decodeResult: success, version: HTTP/1.1)
HTTP/1.1 200 OK
Content-Length: 35
Content-Type: application/json; charset=utf-8
cache-control: no-cache

11:36:16.141 [AsyncHttpClient-1-5] DEBUG org.asynchttpclient.netty.channel.ChannelManager - Adding key: http://localhost:13653 for channel [id: 0xdffd1267, L:/127.0.0.1:61309 - R:localhost/127.0.0.1:13653]
11:36:16.143 [Forwarding getElementText on session 343760fe1b3b1d209c4a0d88582a27db to remote] DEBUG org.asynchttpclient.netty.request.NettyRequestSender - Using pooled Channel '[id: 0xdffd1267, L:/127.0.0.1:61309 - R:localhost/127.0.0.1:13653]' for 'GET' to 'http://localhost:13653/session/343760fe1b3b1d209c4a0d88582a27db/element/B5D78317CDC82913058D66A8C952A41F_element_33/text'
11:36:16.143 [Forwarding getElementText on session 343760fe1b3b1d209c4a0d88582a27db to remote] DEBUG org.asynchttpclient.netty.request.NettyRequestSender - Using open Channel [id: 0xdffd1267, L:/127.0.0.1:61309 - R:localhost/127.0.0.1:13653] for GET '/session/343760fe1b3b1d209c4a0d88582a27db/element/B5D78317CDC82913058D66A8C952A41F_element_33/text'
11:36:16.154 [AsyncHttpClient-1-5] DEBUG org.asynchttpclient.netty.handler.HttpHandler - 

Request DefaultFullHttpRequest(decodeResult: success, version: HTTP/1.1, content: EmptyByteBufBE)
GET /session/343760fe1b3b1d209c4a0d88582a27db/element/B5D78317CDC82913058D66A8C952A41F_element_33/text HTTP/1.1
User-Agent: selenium/4.8.0 (java windows)
Cache-Control: no-cache
Content-Type: application/json; charset=utf-8
host: localhost:13653
accept: */*

Response DefaultHttpResponse(decodeResult: success, version: HTTP/1.1)
HTTP/1.1 200 OK
Content-Length: 36
Content-Type: application/json; charset=utf-8
cache-control: no-cache

11:36:16.155 [AsyncHttpClient-1-5] DEBUG org.asynchttpclient.netty.channel.ChannelManager - Adding key: http://localhost:13653 for channel [id: 0xdffd1267, L:/127.0.0.1:61309 - R:localhost/127.0.0.1:13653]
11:36:16.157 [Forwarding getElementText on session 343760fe1b3b1d209c4a0d88582a27db to remote] DEBUG org.asynchttpclient.netty.request.NettyRequestSender - Using pooled Channel '[id: 0xdffd1267, L:/127.0.0.1:61309 - R:localhost/127.0.0.1:13653]' for 'GET' to 'http://localhost:13653/session/343760fe1b3b1d209c4a0d88582a27db/element/B5D78317CDC82913058D66A8C952A41F_element_34/text'
11:36:16.157 [Forwarding getElementText on session 343760fe1b3b1d209c4a0d88582a27db to remote] DEBUG org.asynchttpclient.netty.request.NettyRequestSender - Using open Channel [id: 0xdffd1267, L:/127.0.0.1:61309 - R:localhost/127.0.0.1:13653] for GET '/session/343760fe1b3b1d209c4a0d88582a27db/element/B5D78317CDC82913058D66A8C952A41F_element_34/text'
11:36:16.169 [AsyncHttpClient-1-5] DEBUG org.asynchttpclient.netty.handler.HttpHandler - 

Request DefaultFullHttpRequest(decodeResult: success, version: HTTP/1.1, content: EmptyByteBufBE)
GET /session/343760fe1b3b1d209c4a0d88582a27db/element/B5D78317CDC82913058D66A8C952A41F_element_34/text HTTP/1.1
User-Agent: selenium/4.8.0 (java windows)
Cache-Control: no-cache
Content-Type: application/json; charset=utf-8
host: localhost:13653
accept: */*

Response DefaultHttpResponse(decodeResult: success, version: HTTP/1.1)
HTTP/1.1 200 OK
Content-Length: 29
Content-Type: application/json; charset=utf-8
cache-control: no-cache

11:36:16.169 [AsyncHttpClient-1-5] DEBUG org.asynchttpclient.netty.channel.ChannelManager - Adding key: http://localhost:13653 for channel [id: 0xdffd1267, L:/127.0.0.1:61309 - R:localhost/127.0.0.1:13653]
11:36:16.171 [Forwarding getElementText on session 343760fe1b3b1d209c4a0d88582a27db to remote] DEBUG org.asynchttpclient.netty.request.NettyRequestSender - Using pooled Channel '[id: 0xdffd1267, L:/127.0.0.1:61309 - R:localhost/127.0.0.1:13653]' for 'GET' to 'http://localhost:13653/session/343760fe1b3b1d209c4a0d88582a27db/element/B5D78317CDC82913058D66A8C952A41F_element_35/text'
11:36:16.171 [Forwarding getElementText on session 343760fe1b3b1d209c4a0d88582a27db to remote] DEBUG org.asynchttpclient.netty.request.NettyRequestSender - Using open Channel [id: 0xdffd1267, L:/127.0.0.1:61309 - R:localhost/127.0.0.1:13653] for GET '/session/343760fe1b3b1d209c4a0d88582a27db/element/B5D78317CDC82913058D66A8C952A41F_element_35/text'
11:36:16.181 [AsyncHttpClient-1-5] DEBUG org.asynchttpclient.netty.handler.HttpHandler - 

Request DefaultFullHttpRequest(decodeResult: success, version: HTTP/1.1, content: EmptyByteBufBE)
GET /session/343760fe1b3b1d209c4a0d88582a27db/element/B5D78317CDC82913058D66A8C952A41F_element_35/text HTTP/1.1
User-Agent: selenium/4.8.0 (java windows)
Cache-Control: no-cache
Content-Type: application/json; charset=utf-8
host: localhost:13653
accept: */*

Response DefaultHttpResponse(decodeResult: success, version: HTTP/1.1)
HTTP/1.1 200 OK
Content-Length: 45
Content-Type: application/json; charset=utf-8
cache-control: no-cache

11:36:16.181 [AsyncHttpClient-1-5] DEBUG org.asynchttpclient.netty.channel.ChannelManager - Adding key: http://localhost:13653 for channel [id: 0xdffd1267, L:/127.0.0.1:61309 - R:localhost/127.0.0.1:13653]
11:36:16.182 [Forwarding findElements on session 343760fe1b3b1d209c4a0d88582a27db to remote] DEBUG org.asynchttpclient.netty.request.NettyRequestSender - Using pooled Channel '[id: 0xdffd1267, L:/127.0.0.1:61309 - R:localhost/127.0.0.1:13653]' for 'POST' to 'http://localhost:13653/session/343760fe1b3b1d209c4a0d88582a27db/elements'
11:36:16.182 [Forwarding findElements on session 343760fe1b3b1d209c4a0d88582a27db to remote] DEBUG org.asynchttpclient.netty.request.NettyRequestSender - Using open Channel [id: 0xdffd1267, L:/127.0.0.1:61309 - R:localhost/127.0.0.1:13653] for POST '/session/343760fe1b3b1d209c4a0d88582a27db/elements'
11:36:16.191 [AsyncHttpClient-1-5] DEBUG org.asynchttpclient.netty.handler.HttpHandler - 

Request DefaultHttpRequest(decodeResult: success, version: HTTP/1.1)
POST /session/343760fe1b3b1d209c4a0d88582a27db/elements HTTP/1.1
User-Agent: selenium/4.8.0 (java windows)
Content-Length: 111
Content-Type: application/json; charset=utf-8
host: localhost:13653
accept: */*

Response DefaultHttpResponse(decodeResult: success, version: HTTP/1.1)
HTTP/1.1 200 OK
Content-Length: 527
Content-Type: application/json; charset=utf-8
cache-control: no-cache

11:36:16.191 [AsyncHttpClient-1-5] DEBUG org.asynchttpclient.netty.channel.ChannelManager - Adding key: http://localhost:13653 for channel [id: 0xdffd1267, L:/127.0.0.1:61309 - R:localhost/127.0.0.1:13653]
11:36:16.193 [Forwarding findElements on session 343760fe1b3b1d209c4a0d88582a27db to remote] DEBUG org.asynchttpclient.netty.request.NettyRequestSender - Using pooled Channel '[id: 0xdffd1267, L:/127.0.0.1:61309 - R:localhost/127.0.0.1:13653]' for 'POST' to 'http://localhost:13653/session/343760fe1b3b1d209c4a0d88582a27db/elements'
11:36:16.193 [Forwarding findElements on session 343760fe1b3b1d209c4a0d88582a27db to remote] DEBUG org.asynchttpclient.netty.request.NettyRequestSender - Using open Channel [id: 0xdffd1267, L:/127.0.0.1:61309 - R:localhost/127.0.0.1:13653] for POST '/session/343760fe1b3b1d209c4a0d88582a27db/elements'
11:36:16.202 [AsyncHttpClient-1-5] DEBUG org.asynchttpclient.netty.handler.HttpHandler - 

Request DefaultHttpRequest(decodeResult: success, version: HTTP/1.1)
POST /session/343760fe1b3b1d209c4a0d88582a27db/elements HTTP/1.1
User-Agent: selenium/4.8.0 (java windows)
Content-Length: 111
Content-Type: application/json; charset=utf-8
host: localhost:13653
accept: */*

Response DefaultHttpResponse(decodeResult: success, version: HTTP/1.1)
HTTP/1.1 200 OK
Content-Length: 527
Content-Type: application/json; charset=utf-8
cache-control: no-cache

11:36:16.202 [AsyncHttpClient-1-5] DEBUG org.asynchttpclient.netty.channel.ChannelManager - Adding key: http://localhost:13653 for channel [id: 0xdffd1267, L:/127.0.0.1:61309 - R:localhost/127.0.0.1:13653]
11:36:16.204 [Forwarding getElementText on session 343760fe1b3b1d209c4a0d88582a27db to remote] DEBUG org.asynchttpclient.netty.request.NettyRequestSender - Using pooled Channel '[id: 0xdffd1267, L:/127.0.0.1:61309 - R:localhost/127.0.0.1:13653]' for 'GET' to 'http://localhost:13653/session/343760fe1b3b1d209c4a0d88582a27db/element/B5D78317CDC82913058D66A8C952A41F_element_30/text'
11:36:16.204 [Forwarding getElementText on session 343760fe1b3b1d209c4a0d88582a27db to remote] DEBUG org.asynchttpclient.netty.request.NettyRequestSender - Using open Channel [id: 0xdffd1267, L:/127.0.0.1:61309 - R:localhost/127.0.0.1:13653] for GET '/session/343760fe1b3b1d209c4a0d88582a27db/element/B5D78317CDC82913058D66A8C952A41F_element_30/text'
11:36:16.213 [AsyncHttpClient-1-5] DEBUG org.asynchttpclient.netty.handler.HttpHandler - 

Request DefaultFullHttpRequest(decodeResult: success, version: HTTP/1.1, content: EmptyByteBufBE)
GET /session/343760fe1b3b1d209c4a0d88582a27db/element/B5D78317CDC82913058D66A8C952A41F_element_30/text HTTP/1.1
User-Agent: selenium/4.8.0 (java windows)
Cache-Control: no-cache
Content-Type: application/json; charset=utf-8
host: localhost:13653
accept: */*

Response DefaultHttpResponse(decodeResult: success, version: HTTP/1.1)
HTTP/1.1 200 OK
Content-Length: 31
Content-Type: application/json; charset=utf-8
cache-control: no-cache

11:36:16.214 [AsyncHttpClient-1-5] DEBUG org.asynchttpclient.netty.channel.ChannelManager - Adding key: http://localhost:13653 for channel [id: 0xdffd1267, L:/127.0.0.1:61309 - R:localhost/127.0.0.1:13653]
11:36:16.215 [Forwarding findElements on session 343760fe1b3b1d209c4a0d88582a27db to remote] DEBUG org.asynchttpclient.netty.request.NettyRequestSender - Using pooled Channel '[id: 0xdffd1267, L:/127.0.0.1:61309 - R:localhost/127.0.0.1:13653]' for 'POST' to 'http://localhost:13653/session/343760fe1b3b1d209c4a0d88582a27db/elements'
11:36:16.215 [Forwarding findElements on session 343760fe1b3b1d209c4a0d88582a27db to remote] DEBUG org.asynchttpclient.netty.request.NettyRequestSender - Using open Channel [id: 0xdffd1267, L:/127.0.0.1:61309 - R:localhost/127.0.0.1:13653] for POST '/session/343760fe1b3b1d209c4a0d88582a27db/elements'
11:36:16.226 [AsyncHttpClient-1-5] DEBUG org.asynchttpclient.netty.handler.HttpHandler - 

Request DefaultHttpRequest(decodeResult: success, version: HTTP/1.1)
POST /session/343760fe1b3b1d209c4a0d88582a27db/elements HTTP/1.1
User-Agent: selenium/4.8.0 (java windows)
Content-Length: 111
Content-Type: application/json; charset=utf-8
host: localhost:13653
accept: */*

Response DefaultHttpResponse(decodeResult: success, version: HTTP/1.1)
HTTP/1.1 200 OK
Content-Length: 527
Content-Type: application/json; charset=utf-8
cache-control: no-cache

11:36:16.226 [AsyncHttpClient-1-5] DEBUG org.asynchttpclient.netty.channel.ChannelManager - Adding key: http://localhost:13653 for channel [id: 0xdffd1267, L:/127.0.0.1:61309 - R:localhost/127.0.0.1:13653]
11:36:16.230 [Forwarding getElementText on session 343760fe1b3b1d209c4a0d88582a27db to remote] DEBUG org.asynchttpclient.netty.request.NettyRequestSender - Using pooled Channel '[id: 0xdffd1267, L:/127.0.0.1:61309 - R:localhost/127.0.0.1:13653]' for 'GET' to 'http://localhost:13653/session/343760fe1b3b1d209c4a0d88582a27db/element/B5D78317CDC82913058D66A8C952A41F_element_30/text'
11:36:16.230 [Forwarding getElementText on session 343760fe1b3b1d209c4a0d88582a27db to remote] DEBUG org.asynchttpclient.netty.request.NettyRequestSender - Using open Channel [id: 0xdffd1267, L:/127.0.0.1:61309 - R:localhost/127.0.0.1:13653] for GET '/session/343760fe1b3b1d209c4a0d88582a27db/element/B5D78317CDC82913058D66A8C952A41F_element_30/text'
11:36:16.241 [AsyncHttpClient-1-5] DEBUG org.asynchttpclient.netty.handler.HttpHandler - 

Request DefaultFullHttpRequest(decodeResult: success, version: HTTP/1.1, content: EmptyByteBufBE)
GET /session/343760fe1b3b1d209c4a0d88582a27db/element/B5D78317CDC82913058D66A8C952A41F_element_30/text HTTP/1.1
User-Agent: selenium/4.8.0 (java windows)
Cache-Control: no-cache
Content-Type: application/json; charset=utf-8
host: localhost:13653
accept: */*

Response DefaultHttpResponse(decodeResult: success, version: HTTP/1.1)
HTTP/1.1 200 OK
Content-Length: 31
Content-Type: application/json; charset=utf-8
cache-control: no-cache

11:36:16.241 [AsyncHttpClient-1-5] DEBUG org.asynchttpclient.netty.channel.ChannelManager - Adding key: http://localhost:13653 for channel [id: 0xdffd1267, L:/127.0.0.1:61309 - R:localhost/127.0.0.1:13653]
11:36:16.241 [main] INFO  com.swaglabs.base.SetUp - Sauce Labs Backpack validated Passed
11:36:16.242 [Forwarding findElements on session 343760fe1b3b1d209c4a0d88582a27db to remote] DEBUG org.asynchttpclient.netty.request.NettyRequestSender - Using pooled Channel '[id: 0xdffd1267, L:/127.0.0.1:61309 - R:localhost/127.0.0.1:13653]' for 'POST' to 'http://localhost:13653/session/343760fe1b3b1d209c4a0d88582a27db/elements'
11:36:16.242 [Forwarding findElements on session 343760fe1b3b1d209c4a0d88582a27db to remote] DEBUG org.asynchttpclient.netty.request.NettyRequestSender - Using open Channel [id: 0xdffd1267, L:/127.0.0.1:61309 - R:localhost/127.0.0.1:13653] for POST '/session/343760fe1b3b1d209c4a0d88582a27db/elements'
11:36:16.251 [AsyncHttpClient-1-5] DEBUG org.asynchttpclient.netty.handler.HttpHandler - 

Request DefaultHttpRequest(decodeResult: success, version: HTTP/1.1)
POST /session/343760fe1b3b1d209c4a0d88582a27db/elements HTTP/1.1
User-Agent: selenium/4.8.0 (java windows)
Content-Length: 111
Content-Type: application/json; charset=utf-8
host: localhost:13653
accept: */*

Response DefaultHttpResponse(decodeResult: success, version: HTTP/1.1)
HTTP/1.1 200 OK
Content-Length: 527
Content-Type: application/json; charset=utf-8
cache-control: no-cache

11:36:16.251 [AsyncHttpClient-1-5] DEBUG org.asynchttpclient.netty.channel.ChannelManager - Adding key: http://localhost:13653 for channel [id: 0xdffd1267, L:/127.0.0.1:61309 - R:localhost/127.0.0.1:13653]
11:36:16.253 [Forwarding getElementText on session 343760fe1b3b1d209c4a0d88582a27db to remote] DEBUG org.asynchttpclient.netty.request.NettyRequestSender - Using pooled Channel '[id: 0xdffd1267, L:/127.0.0.1:61309 - R:localhost/127.0.0.1:13653]' for 'GET' to 'http://localhost:13653/session/343760fe1b3b1d209c4a0d88582a27db/element/B5D78317CDC82913058D66A8C952A41F_element_30/text'
11:36:16.253 [Forwarding getElementText on session 343760fe1b3b1d209c4a0d88582a27db to remote] DEBUG org.asynchttpclient.netty.request.NettyRequestSender - Using open Channel [id: 0xdffd1267, L:/127.0.0.1:61309 - R:localhost/127.0.0.1:13653] for GET '/session/343760fe1b3b1d209c4a0d88582a27db/element/B5D78317CDC82913058D66A8C952A41F_element_30/text'
11:36:16.263 [AsyncHttpClient-1-5] DEBUG org.asynchttpclient.netty.handler.HttpHandler - 

Request DefaultFullHttpRequest(decodeResult: success, version: HTTP/1.1, content: EmptyByteBufBE)
GET /session/343760fe1b3b1d209c4a0d88582a27db/element/B5D78317CDC82913058D66A8C952A41F_element_30/text HTTP/1.1
User-Agent: selenium/4.8.0 (java windows)
Cache-Control: no-cache
Content-Type: application/json; charset=utf-8
host: localhost:13653
accept: */*

Response DefaultHttpResponse(decodeResult: success, version: HTTP/1.1)
HTTP/1.1 200 OK
Content-Length: 31
Content-Type: application/json; charset=utf-8
cache-control: no-cache

11:36:16.263 [AsyncHttpClient-1-5] DEBUG org.asynchttpclient.netty.channel.ChannelManager - Adding key: http://localhost:13653 for channel [id: 0xdffd1267, L:/127.0.0.1:61309 - R:localhost/127.0.0.1:13653]
11:36:16.265 [Forwarding findElements on session 343760fe1b3b1d209c4a0d88582a27db to remote] DEBUG org.asynchttpclient.netty.request.NettyRequestSender - Using pooled Channel '[id: 0xdffd1267, L:/127.0.0.1:61309 - R:localhost/127.0.0.1:13653]' for 'POST' to 'http://localhost:13653/session/343760fe1b3b1d209c4a0d88582a27db/elements'
11:36:16.265 [Forwarding findElements on session 343760fe1b3b1d209c4a0d88582a27db to remote] DEBUG org.asynchttpclient.netty.request.NettyRequestSender - Using open Channel [id: 0xdffd1267, L:/127.0.0.1:61309 - R:localhost/127.0.0.1:13653] for POST '/session/343760fe1b3b1d209c4a0d88582a27db/elements'
11:36:16.276 [AsyncHttpClient-1-5] DEBUG org.asynchttpclient.netty.handler.HttpHandler - 

Request DefaultHttpRequest(decodeResult: success, version: HTTP/1.1)
POST /session/343760fe1b3b1d209c4a0d88582a27db/elements HTTP/1.1
User-Agent: selenium/4.8.0 (java windows)
Content-Length: 111
Content-Type: application/json; charset=utf-8
host: localhost:13653
accept: */*

Response DefaultHttpResponse(decodeResult: success, version: HTTP/1.1)
HTTP/1.1 200 OK
Content-Length: 527
Content-Type: application/json; charset=utf-8
cache-control: no-cache

11:36:16.276 [AsyncHttpClient-1-5] DEBUG org.asynchttpclient.netty.channel.ChannelManager - Adding key: http://localhost:13653 for channel [id: 0xdffd1267, L:/127.0.0.1:61309 - R:localhost/127.0.0.1:13653]
11:36:16.279 [Forwarding findElements on session 343760fe1b3b1d209c4a0d88582a27db to remote] DEBUG org.asynchttpclient.netty.request.NettyRequestSender - Using pooled Channel '[id: 0xdffd1267, L:/127.0.0.1:61309 - R:localhost/127.0.0.1:13653]' for 'POST' to 'http://localhost:13653/session/343760fe1b3b1d209c4a0d88582a27db/elements'
11:36:16.279 [Forwarding findElements on session 343760fe1b3b1d209c4a0d88582a27db to remote] DEBUG org.asynchttpclient.netty.request.NettyRequestSender - Using open Channel [id: 0xdffd1267, L:/127.0.0.1:61309 - R:localhost/127.0.0.1:13653] for POST '/session/343760fe1b3b1d209c4a0d88582a27db/elements'
11:36:16.301 [AsyncHttpClient-1-5] DEBUG org.asynchttpclient.netty.handler.HttpHandler - 

Request DefaultHttpRequest(decodeResult: success, version: HTTP/1.1)
POST /session/343760fe1b3b1d209c4a0d88582a27db/elements HTTP/1.1
User-Agent: selenium/4.8.0 (java windows)
Content-Length: 111
Content-Type: application/json; charset=utf-8
host: localhost:13653
accept: */*

Response DefaultHttpResponse(decodeResult: success, version: HTTP/1.1)
HTTP/1.1 200 OK
Content-Length: 527
Content-Type: application/json; charset=utf-8
cache-control: no-cache

11:36:16.301 [AsyncHttpClient-1-5] DEBUG org.asynchttpclient.netty.channel.ChannelManager - Adding key: http://localhost:13653 for channel [id: 0xdffd1267, L:/127.0.0.1:61309 - R:localhost/127.0.0.1:13653]
11:36:16.303 [Forwarding getElementText on session 343760fe1b3b1d209c4a0d88582a27db to remote] DEBUG org.asynchttpclient.netty.request.NettyRequestSender - Using pooled Channel '[id: 0xdffd1267, L:/127.0.0.1:61309 - R:localhost/127.0.0.1:13653]' for 'GET' to 'http://localhost:13653/session/343760fe1b3b1d209c4a0d88582a27db/element/B5D78317CDC82913058D66A8C952A41F_element_31/text'
11:36:16.303 [Forwarding getElementText on session 343760fe1b3b1d209c4a0d88582a27db to remote] DEBUG org.asynchttpclient.netty.request.NettyRequestSender - Using open Channel [id: 0xdffd1267, L:/127.0.0.1:61309 - R:localhost/127.0.0.1:13653] for GET '/session/343760fe1b3b1d209c4a0d88582a27db/element/B5D78317CDC82913058D66A8C952A41F_element_31/text'
11:36:16.314 [AsyncHttpClient-1-5] DEBUG org.asynchttpclient.netty.handler.HttpHandler - 

Request DefaultFullHttpRequest(decodeResult: success, version: HTTP/1.1, content: EmptyByteBufBE)
GET /session/343760fe1b3b1d209c4a0d88582a27db/element/B5D78317CDC82913058D66A8C952A41F_element_31/text HTTP/1.1
User-Agent: selenium/4.8.0 (java windows)
Cache-Control: no-cache
Content-Type: application/json; charset=utf-8
host: localhost:13653
accept: */*

Response DefaultHttpResponse(decodeResult: success, version: HTTP/1.1)
HTTP/1.1 200 OK
Content-Length: 33
Content-Type: application/json; charset=utf-8
cache-control: no-cache

11:36:16.315 [AsyncHttpClient-1-5] DEBUG org.asynchttpclient.netty.channel.ChannelManager - Adding key: http://localhost:13653 for channel [id: 0xdffd1267, L:/127.0.0.1:61309 - R:localhost/127.0.0.1:13653]
11:36:16.315 [Forwarding findElements on session 343760fe1b3b1d209c4a0d88582a27db to remote] DEBUG org.asynchttpclient.netty.request.NettyRequestSender - Using pooled Channel '[id: 0xdffd1267, L:/127.0.0.1:61309 - R:localhost/127.0.0.1:13653]' for 'POST' to 'http://localhost:13653/session/343760fe1b3b1d209c4a0d88582a27db/elements'
11:36:16.315 [Forwarding findElements on session 343760fe1b3b1d209c4a0d88582a27db to remote] DEBUG org.asynchttpclient.netty.request.NettyRequestSender - Using open Channel [id: 0xdffd1267, L:/127.0.0.1:61309 - R:localhost/127.0.0.1:13653] for POST '/session/343760fe1b3b1d209c4a0d88582a27db/elements'
11:36:16.324 [AsyncHttpClient-1-5] DEBUG org.asynchttpclient.netty.handler.HttpHandler - 

Request DefaultHttpRequest(decodeResult: success, version: HTTP/1.1)
POST /session/343760fe1b3b1d209c4a0d88582a27db/elements HTTP/1.1
User-Agent: selenium/4.8.0 (java windows)
Content-Length: 111
Content-Type: application/json; charset=utf-8
host: localhost:13653
accept: */*

Response DefaultHttpResponse(decodeResult: success, version: HTTP/1.1)
HTTP/1.1 200 OK
Content-Length: 527
Content-Type: application/json; charset=utf-8
cache-control: no-cache

11:36:16.324 [AsyncHttpClient-1-5] DEBUG org.asynchttpclient.netty.channel.ChannelManager - Adding key: http://localhost:13653 for channel [id: 0xdffd1267, L:/127.0.0.1:61309 - R:localhost/127.0.0.1:13653]
11:36:16.326 [Forwarding getElementText on session 343760fe1b3b1d209c4a0d88582a27db to remote] DEBUG org.asynchttpclient.netty.request.NettyRequestSender - Using pooled Channel '[id: 0xdffd1267, L:/127.0.0.1:61309 - R:localhost/127.0.0.1:13653]' for 'GET' to 'http://localhost:13653/session/343760fe1b3b1d209c4a0d88582a27db/element/B5D78317CDC82913058D66A8C952A41F_element_31/text'
11:36:16.326 [Forwarding getElementText on session 343760fe1b3b1d209c4a0d88582a27db to remote] DEBUG org.asynchttpclient.netty.request.NettyRequestSender - Using open Channel [id: 0xdffd1267, L:/127.0.0.1:61309 - R:localhost/127.0.0.1:13653] for GET '/session/343760fe1b3b1d209c4a0d88582a27db/element/B5D78317CDC82913058D66A8C952A41F_element_31/text'
11:36:16.336 [AsyncHttpClient-1-5] DEBUG org.asynchttpclient.netty.handler.HttpHandler - 

Request DefaultFullHttpRequest(decodeResult: success, version: HTTP/1.1, content: EmptyByteBufBE)
GET /session/343760fe1b3b1d209c4a0d88582a27db/element/B5D78317CDC82913058D66A8C952A41F_element_31/text HTTP/1.1
User-Agent: selenium/4.8.0 (java windows)
Cache-Control: no-cache
Content-Type: application/json; charset=utf-8
host: localhost:13653
accept: */*

Response DefaultHttpResponse(decodeResult: success, version: HTTP/1.1)
HTTP/1.1 200 OK
Content-Length: 33
Content-Type: application/json; charset=utf-8
cache-control: no-cache

11:36:16.336 [AsyncHttpClient-1-5] DEBUG org.asynchttpclient.netty.channel.ChannelManager - Adding key: http://localhost:13653 for channel [id: 0xdffd1267, L:/127.0.0.1:61309 - R:localhost/127.0.0.1:13653]
11:36:16.336 [main] INFO  com.swaglabs.base.SetUp - Sauce Labs Bike Light validated Passed
11:36:16.338 [Forwarding findElements on session 343760fe1b3b1d209c4a0d88582a27db to remote] DEBUG org.asynchttpclient.netty.request.NettyRequestSender - Using pooled Channel '[id: 0xdffd1267, L:/127.0.0.1:61309 - R:localhost/127.0.0.1:13653]' for 'POST' to 'http://localhost:13653/session/343760fe1b3b1d209c4a0d88582a27db/elements'
11:36:16.338 [Forwarding findElements on session 343760fe1b3b1d209c4a0d88582a27db to remote] DEBUG org.asynchttpclient.netty.request.NettyRequestSender - Using open Channel [id: 0xdffd1267, L:/127.0.0.1:61309 - R:localhost/127.0.0.1:13653] for POST '/session/343760fe1b3b1d209c4a0d88582a27db/elements'
11:36:16.348 [AsyncHttpClient-1-5] DEBUG org.asynchttpclient.netty.handler.HttpHandler - 

Request DefaultHttpRequest(decodeResult: success, version: HTTP/1.1)
POST /session/343760fe1b3b1d209c4a0d88582a27db/elements HTTP/1.1
User-Agent: selenium/4.8.0 (java windows)
Content-Length: 111
Content-Type: application/json; charset=utf-8
host: localhost:13653
accept: */*

Response DefaultHttpResponse(decodeResult: success, version: HTTP/1.1)
HTTP/1.1 200 OK
Content-Length: 527
Content-Type: application/json; charset=utf-8
cache-control: no-cache

11:36:16.348 [AsyncHttpClient-1-5] DEBUG org.asynchttpclient.netty.channel.ChannelManager - Adding key: http://localhost:13653 for channel [id: 0xdffd1267, L:/127.0.0.1:61309 - R:localhost/127.0.0.1:13653]
11:36:16.351 [Forwarding getElementText on session 343760fe1b3b1d209c4a0d88582a27db to remote] DEBUG org.asynchttpclient.netty.request.NettyRequestSender - Using pooled Channel '[id: 0xdffd1267, L:/127.0.0.1:61309 - R:localhost/127.0.0.1:13653]' for 'GET' to 'http://localhost:13653/session/343760fe1b3b1d209c4a0d88582a27db/element/B5D78317CDC82913058D66A8C952A41F_element_31/text'
11:36:16.351 [Forwarding getElementText on session 343760fe1b3b1d209c4a0d88582a27db to remote] DEBUG org.asynchttpclient.netty.request.NettyRequestSender - Using open Channel [id: 0xdffd1267, L:/127.0.0.1:61309 - R:localhost/127.0.0.1:13653] for GET '/session/343760fe1b3b1d209c4a0d88582a27db/element/B5D78317CDC82913058D66A8C952A41F_element_31/text'
11:36:16.368 [AsyncHttpClient-1-5] DEBUG org.asynchttpclient.netty.handler.HttpHandler - 

Request DefaultFullHttpRequest(decodeResult: success, version: HTTP/1.1, content: EmptyByteBufBE)
GET /session/343760fe1b3b1d209c4a0d88582a27db/element/B5D78317CDC82913058D66A8C952A41F_element_31/text HTTP/1.1
User-Agent: selenium/4.8.0 (java windows)
Cache-Control: no-cache
Content-Type: application/json; charset=utf-8
host: localhost:13653
accept: */*

Response DefaultHttpResponse(decodeResult: success, version: HTTP/1.1)
HTTP/1.1 200 OK
Content-Length: 33
Content-Type: application/json; charset=utf-8
cache-control: no-cache

11:36:16.368 [AsyncHttpClient-1-5] DEBUG org.asynchttpclient.netty.channel.ChannelManager - Adding key: http://localhost:13653 for channel [id: 0xdffd1267, L:/127.0.0.1:61309 - R:localhost/127.0.0.1:13653]
11:36:16.370 [Forwarding findElements on session 343760fe1b3b1d209c4a0d88582a27db to remote] DEBUG org.asynchttpclient.netty.request.NettyRequestSender - Using pooled Channel '[id: 0xdffd1267, L:/127.0.0.1:61309 - R:localhost/127.0.0.1:13653]' for 'POST' to 'http://localhost:13653/session/343760fe1b3b1d209c4a0d88582a27db/elements'
11:36:16.370 [Forwarding findElements on session 343760fe1b3b1d209c4a0d88582a27db to remote] DEBUG org.asynchttpclient.netty.request.NettyRequestSender - Using open Channel [id: 0xdffd1267, L:/127.0.0.1:61309 - R:localhost/127.0.0.1:13653] for POST '/session/343760fe1b3b1d209c4a0d88582a27db/elements'
11:36:16.379 [AsyncHttpClient-1-5] DEBUG org.asynchttpclient.netty.handler.HttpHandler - 

Request DefaultHttpRequest(decodeResult: success, version: HTTP/1.1)
POST /session/343760fe1b3b1d209c4a0d88582a27db/elements HTTP/1.1
User-Agent: selenium/4.8.0 (java windows)
Content-Length: 111
Content-Type: application/json; charset=utf-8
host: localhost:13653
accept: */*

Response DefaultHttpResponse(decodeResult: success, version: HTTP/1.1)
HTTP/1.1 200 OK
Content-Length: 527
Content-Type: application/json; charset=utf-8
cache-control: no-cache

11:36:16.379 [AsyncHttpClient-1-5] DEBUG org.asynchttpclient.netty.channel.ChannelManager - Adding key: http://localhost:13653 for channel [id: 0xdffd1267, L:/127.0.0.1:61309 - R:localhost/127.0.0.1:13653]
11:36:16.380 [Forwarding findElements on session 343760fe1b3b1d209c4a0d88582a27db to remote] DEBUG org.asynchttpclient.netty.request.NettyRequestSender - Using pooled Channel '[id: 0xdffd1267, L:/127.0.0.1:61309 - R:localhost/127.0.0.1:13653]' for 'POST' to 'http://localhost:13653/session/343760fe1b3b1d209c4a0d88582a27db/elements'
11:36:16.381 [Forwarding findElements on session 343760fe1b3b1d209c4a0d88582a27db to remote] DEBUG org.asynchttpclient.netty.request.NettyRequestSender - Using open Channel [id: 0xdffd1267, L:/127.0.0.1:61309 - R:localhost/127.0.0.1:13653] for POST '/session/343760fe1b3b1d209c4a0d88582a27db/elements'
11:36:16.391 [AsyncHttpClient-1-5] DEBUG org.asynchttpclient.netty.handler.HttpHandler - 

Request DefaultHttpRequest(decodeResult: success, version: HTTP/1.1)
POST /session/343760fe1b3b1d209c4a0d88582a27db/elements HTTP/1.1
User-Agent: selenium/4.8.0 (java windows)
Content-Length: 111
Content-Type: application/json; charset=utf-8
host: localhost:13653
accept: */*

Response DefaultHttpResponse(decodeResult: success, version: HTTP/1.1)
HTTP/1.1 200 OK
Content-Length: 527
Content-Type: application/json; charset=utf-8
cache-control: no-cache

11:36:16.391 [AsyncHttpClient-1-5] DEBUG org.asynchttpclient.netty.channel.ChannelManager - Adding key: http://localhost:13653 for channel [id: 0xdffd1267, L:/127.0.0.1:61309 - R:localhost/127.0.0.1:13653]
11:36:16.393 [Forwarding getElementText on session 343760fe1b3b1d209c4a0d88582a27db to remote] DEBUG org.asynchttpclient.netty.request.NettyRequestSender - Using pooled Channel '[id: 0xdffd1267, L:/127.0.0.1:61309 - R:localhost/127.0.0.1:13653]' for 'GET' to 'http://localhost:13653/session/343760fe1b3b1d209c4a0d88582a27db/element/B5D78317CDC82913058D66A8C952A41F_element_32/text'
11:36:16.393 [Forwarding getElementText on session 343760fe1b3b1d209c4a0d88582a27db to remote] DEBUG org.asynchttpclient.netty.request.NettyRequestSender - Using open Channel [id: 0xdffd1267, L:/127.0.0.1:61309 - R:localhost/127.0.0.1:13653] for GET '/session/343760fe1b3b1d209c4a0d88582a27db/element/B5D78317CDC82913058D66A8C952A41F_element_32/text'
11:36:16.402 [AsyncHttpClient-1-5] DEBUG org.asynchttpclient.netty.handler.HttpHandler - 

Request DefaultFullHttpRequest(decodeResult: success, version: HTTP/1.1, content: EmptyByteBufBE)
GET /session/343760fe1b3b1d209c4a0d88582a27db/element/B5D78317CDC82913058D66A8C952A41F_element_32/text HTTP/1.1
User-Agent: selenium/4.8.0 (java windows)
Cache-Control: no-cache
Content-Type: application/json; charset=utf-8
host: localhost:13653
accept: */*

Response DefaultHttpResponse(decodeResult: success, version: HTTP/1.1)
HTTP/1.1 200 OK
Content-Length: 35
Content-Type: application/json; charset=utf-8
cache-control: no-cache

11:36:16.402 [AsyncHttpClient-1-5] DEBUG org.asynchttpclient.netty.channel.ChannelManager - Adding key: http://localhost:13653 for channel [id: 0xdffd1267, L:/127.0.0.1:61309 - R:localhost/127.0.0.1:13653]
11:36:16.404 [Forwarding findElements on session 343760fe1b3b1d209c4a0d88582a27db to remote] DEBUG org.asynchttpclient.netty.request.NettyRequestSender - Using pooled Channel '[id: 0xdffd1267, L:/127.0.0.1:61309 - R:localhost/127.0.0.1:13653]' for 'POST' to 'http://localhost:13653/session/343760fe1b3b1d209c4a0d88582a27db/elements'
11:36:16.404 [Forwarding findElements on session 343760fe1b3b1d209c4a0d88582a27db to remote] DEBUG org.asynchttpclient.netty.request.NettyRequestSender - Using open Channel [id: 0xdffd1267, L:/127.0.0.1:61309 - R:localhost/127.0.0.1:13653] for POST '/session/343760fe1b3b1d209c4a0d88582a27db/elements'
11:36:16.413 [AsyncHttpClient-1-5] DEBUG org.asynchttpclient.netty.handler.HttpHandler - 

Request DefaultHttpRequest(decodeResult: success, version: HTTP/1.1)
POST /session/343760fe1b3b1d209c4a0d88582a27db/elements HTTP/1.1
User-Agent: selenium/4.8.0 (java windows)
Content-Length: 111
Content-Type: application/json; charset=utf-8
host: localhost:13653
accept: */*

Response DefaultHttpResponse(decodeResult: success, version: HTTP/1.1)
HTTP/1.1 200 OK
Content-Length: 527
Content-Type: application/json; charset=utf-8
cache-control: no-cache

11:36:16.418 [AsyncHttpClient-1-5] DEBUG org.asynchttpclient.netty.channel.ChannelManager - Adding key: http://localhost:13653 for channel [id: 0xdffd1267, L:/127.0.0.1:61309 - R:localhost/127.0.0.1:13653]
11:36:16.420 [Forwarding getElementText on session 343760fe1b3b1d209c4a0d88582a27db to remote] DEBUG org.asynchttpclient.netty.request.NettyRequestSender - Using pooled Channel '[id: 0xdffd1267, L:/127.0.0.1:61309 - R:localhost/127.0.0.1:13653]' for 'GET' to 'http://localhost:13653/session/343760fe1b3b1d209c4a0d88582a27db/element/B5D78317CDC82913058D66A8C952A41F_element_32/text'
11:36:16.420 [Forwarding getElementText on session 343760fe1b3b1d209c4a0d88582a27db to remote] DEBUG org.asynchttpclient.netty.request.NettyRequestSender - Using open Channel [id: 0xdffd1267, L:/127.0.0.1:61309 - R:localhost/127.0.0.1:13653] for GET '/session/343760fe1b3b1d209c4a0d88582a27db/element/B5D78317CDC82913058D66A8C952A41F_element_32/text'
11:36:16.434 [AsyncHttpClient-1-1] DEBUG org.asynchttpclient.netty.channel.DefaultChannelPool - Entry count for : http://localhost:61317 : 1
11:36:16.436 [AsyncHttpClient-1-5] DEBUG org.asynchttpclient.netty.handler.HttpHandler - 

Request DefaultFullHttpRequest(decodeResult: success, version: HTTP/1.1, content: EmptyByteBufBE)
GET /session/343760fe1b3b1d209c4a0d88582a27db/element/B5D78317CDC82913058D66A8C952A41F_element_32/text HTTP/1.1
User-Agent: selenium/4.8.0 (java windows)
Cache-Control: no-cache
Content-Type: application/json; charset=utf-8
host: localhost:13653
accept: */*

Response DefaultHttpResponse(decodeResult: success, version: HTTP/1.1)
HTTP/1.1 200 OK
Content-Length: 35
Content-Type: application/json; charset=utf-8
cache-control: no-cache

11:36:16.436 [AsyncHttpClient-1-5] DEBUG org.asynchttpclient.netty.channel.ChannelManager - Adding key: http://localhost:13653 for channel [id: 0xdffd1267, L:/127.0.0.1:61309 - R:localhost/127.0.0.1:13653]
11:36:16.437 [main] INFO  com.swaglabs.base.SetUp - Sauce Labs Bolt T-Shirt validated Passed
11:36:16.438 [Forwarding findElements on session 343760fe1b3b1d209c4a0d88582a27db to remote] DEBUG org.asynchttpclient.netty.request.NettyRequestSender - Using pooled Channel '[id: 0xdffd1267, L:/127.0.0.1:61309 - R:localhost/127.0.0.1:13653]' for 'POST' to 'http://localhost:13653/session/343760fe1b3b1d209c4a0d88582a27db/elements'
11:36:16.438 [Forwarding findElements on session 343760fe1b3b1d209c4a0d88582a27db to remote] DEBUG org.asynchttpclient.netty.request.NettyRequestSender - Using open Channel [id: 0xdffd1267, L:/127.0.0.1:61309 - R:localhost/127.0.0.1:13653] for POST '/session/343760fe1b3b1d209c4a0d88582a27db/elements'
11:36:16.450 [AsyncHttpClient-1-5] DEBUG org.asynchttpclient.netty.handler.HttpHandler - 

Request DefaultHttpRequest(decodeResult: success, version: HTTP/1.1)
POST /session/343760fe1b3b1d209c4a0d88582a27db/elements HTTP/1.1
User-Agent: selenium/4.8.0 (java windows)
Content-Length: 111
Content-Type: application/json; charset=utf-8
host: localhost:13653
accept: */*

Response DefaultHttpResponse(decodeResult: success, version: HTTP/1.1)
HTTP/1.1 200 OK
Content-Length: 527
Content-Type: application/json; charset=utf-8
cache-control: no-cache

11:36:16.450 [AsyncHttpClient-1-5] DEBUG org.asynchttpclient.netty.channel.ChannelManager - Adding key: http://localhost:13653 for channel [id: 0xdffd1267, L:/127.0.0.1:61309 - R:localhost/127.0.0.1:13653]
11:36:16.452 [Forwarding getElementText on session 343760fe1b3b1d209c4a0d88582a27db to remote] DEBUG org.asynchttpclient.netty.request.NettyRequestSender - Using pooled Channel '[id: 0xdffd1267, L:/127.0.0.1:61309 - R:localhost/127.0.0.1:13653]' for 'GET' to 'http://localhost:13653/session/343760fe1b3b1d209c4a0d88582a27db/element/B5D78317CDC82913058D66A8C952A41F_element_32/text'
11:36:16.452 [Forwarding getElementText on session 343760fe1b3b1d209c4a0d88582a27db to remote] DEBUG org.asynchttpclient.netty.request.NettyRequestSender - Using open Channel [id: 0xdffd1267, L:/127.0.0.1:61309 - R:localhost/127.0.0.1:13653] for GET '/session/343760fe1b3b1d209c4a0d88582a27db/element/B5D78317CDC82913058D66A8C952A41F_element_32/text'
11:36:16.464 [AsyncHttpClient-1-5] DEBUG org.asynchttpclient.netty.handler.HttpHandler - 

Request DefaultFullHttpRequest(decodeResult: success, version: HTTP/1.1, content: EmptyByteBufBE)
GET /session/343760fe1b3b1d209c4a0d88582a27db/element/B5D78317CDC82913058D66A8C952A41F_element_32/text HTTP/1.1
User-Agent: selenium/4.8.0 (java windows)
Cache-Control: no-cache
Content-Type: application/json; charset=utf-8
host: localhost:13653
accept: */*

Response DefaultHttpResponse(decodeResult: success, version: HTTP/1.1)
HTTP/1.1 200 OK
Content-Length: 35
Content-Type: application/json; charset=utf-8
cache-control: no-cache

11:36:16.465 [AsyncHttpClient-1-5] DEBUG org.asynchttpclient.netty.channel.ChannelManager - Adding key: http://localhost:13653 for channel [id: 0xdffd1267, L:/127.0.0.1:61309 - R:localhost/127.0.0.1:13653]
11:36:16.466 [Forwarding findElements on session 343760fe1b3b1d209c4a0d88582a27db to remote] DEBUG org.asynchttpclient.netty.request.NettyRequestSender - Using pooled Channel '[id: 0xdffd1267, L:/127.0.0.1:61309 - R:localhost/127.0.0.1:13653]' for 'POST' to 'http://localhost:13653/session/343760fe1b3b1d209c4a0d88582a27db/elements'
11:36:16.466 [Forwarding findElements on session 343760fe1b3b1d209c4a0d88582a27db to remote] DEBUG org.asynchttpclient.netty.request.NettyRequestSender - Using open Channel [id: 0xdffd1267, L:/127.0.0.1:61309 - R:localhost/127.0.0.1:13653] for POST '/session/343760fe1b3b1d209c4a0d88582a27db/elements'
11:36:16.477 [AsyncHttpClient-1-5] DEBUG org.asynchttpclient.netty.handler.HttpHandler - 

Request DefaultHttpRequest(decodeResult: success, version: HTTP/1.1)
POST /session/343760fe1b3b1d209c4a0d88582a27db/elements HTTP/1.1
User-Agent: selenium/4.8.0 (java windows)
Content-Length: 111
Content-Type: application/json; charset=utf-8
host: localhost:13653
accept: */*

Response DefaultHttpResponse(decodeResult: success, version: HTTP/1.1)
HTTP/1.1 200 OK
Content-Length: 527
Content-Type: application/json; charset=utf-8
cache-control: no-cache

11:36:16.477 [AsyncHttpClient-1-5] DEBUG org.asynchttpclient.netty.channel.ChannelManager - Adding key: http://localhost:13653 for channel [id: 0xdffd1267, L:/127.0.0.1:61309 - R:localhost/127.0.0.1:13653]
11:36:16.479 [Forwarding findElements on session 343760fe1b3b1d209c4a0d88582a27db to remote] DEBUG org.asynchttpclient.netty.request.NettyRequestSender - Using pooled Channel '[id: 0xdffd1267, L:/127.0.0.1:61309 - R:localhost/127.0.0.1:13653]' for 'POST' to 'http://localhost:13653/session/343760fe1b3b1d209c4a0d88582a27db/elements'
11:36:16.479 [Forwarding findElements on session 343760fe1b3b1d209c4a0d88582a27db to remote] DEBUG org.asynchttpclient.netty.request.NettyRequestSender - Using open Channel [id: 0xdffd1267, L:/127.0.0.1:61309 - R:localhost/127.0.0.1:13653] for POST '/session/343760fe1b3b1d209c4a0d88582a27db/elements'
11:36:16.488 [AsyncHttpClient-1-5] DEBUG org.asynchttpclient.netty.handler.HttpHandler - 

Request DefaultHttpRequest(decodeResult: success, version: HTTP/1.1)
POST /session/343760fe1b3b1d209c4a0d88582a27db/elements HTTP/1.1
User-Agent: selenium/4.8.0 (java windows)
Content-Length: 111
Content-Type: application/json; charset=utf-8
host: localhost:13653
accept: */*

Response DefaultHttpResponse(decodeResult: success, version: HTTP/1.1)
HTTP/1.1 200 OK
Content-Length: 527
Content-Type: application/json; charset=utf-8
cache-control: no-cache

11:36:16.489 [AsyncHttpClient-1-5] DEBUG org.asynchttpclient.netty.channel.ChannelManager - Adding key: http://localhost:13653 for channel [id: 0xdffd1267, L:/127.0.0.1:61309 - R:localhost/127.0.0.1:13653]
11:36:16.490 [Forwarding getElementText on session 343760fe1b3b1d209c4a0d88582a27db to remote] DEBUG org.asynchttpclient.netty.request.NettyRequestSender - Using pooled Channel '[id: 0xdffd1267, L:/127.0.0.1:61309 - R:localhost/127.0.0.1:13653]' for 'GET' to 'http://localhost:13653/session/343760fe1b3b1d209c4a0d88582a27db/element/B5D78317CDC82913058D66A8C952A41F_element_33/text'
11:36:16.490 [Forwarding getElementText on session 343760fe1b3b1d209c4a0d88582a27db to remote] DEBUG org.asynchttpclient.netty.request.NettyRequestSender - Using open Channel [id: 0xdffd1267, L:/127.0.0.1:61309 - R:localhost/127.0.0.1:13653] for GET '/session/343760fe1b3b1d209c4a0d88582a27db/element/B5D78317CDC82913058D66A8C952A41F_element_33/text'
11:36:16.504 [AsyncHttpClient-1-5] DEBUG org.asynchttpclient.netty.handler.HttpHandler - 

Request DefaultFullHttpRequest(decodeResult: success, version: HTTP/1.1, content: EmptyByteBufBE)
GET /session/343760fe1b3b1d209c4a0d88582a27db/element/B5D78317CDC82913058D66A8C952A41F_element_33/text HTTP/1.1
User-Agent: selenium/4.8.0 (java windows)
Cache-Control: no-cache
Content-Type: application/json; charset=utf-8
host: localhost:13653
accept: */*

Response DefaultHttpResponse(decodeResult: success, version: HTTP/1.1)
HTTP/1.1 200 OK
Content-Length: 36
Content-Type: application/json; charset=utf-8
cache-control: no-cache

11:36:16.504 [AsyncHttpClient-1-5] DEBUG org.asynchttpclient.netty.channel.ChannelManager - Adding key: http://localhost:13653 for channel [id: 0xdffd1267, L:/127.0.0.1:61309 - R:localhost/127.0.0.1:13653]
11:36:16.505 [Forwarding findElements on session 343760fe1b3b1d209c4a0d88582a27db to remote] DEBUG org.asynchttpclient.netty.request.NettyRequestSender - Using pooled Channel '[id: 0xdffd1267, L:/127.0.0.1:61309 - R:localhost/127.0.0.1:13653]' for 'POST' to 'http://localhost:13653/session/343760fe1b3b1d209c4a0d88582a27db/elements'
11:36:16.505 [Forwarding findElements on session 343760fe1b3b1d209c4a0d88582a27db to remote] DEBUG org.asynchttpclient.netty.request.NettyRequestSender - Using open Channel [id: 0xdffd1267, L:/127.0.0.1:61309 - R:localhost/127.0.0.1:13653] for POST '/session/343760fe1b3b1d209c4a0d88582a27db/elements'
11:36:16.515 [AsyncHttpClient-1-5] DEBUG org.asynchttpclient.netty.handler.HttpHandler - 

Request DefaultHttpRequest(decodeResult: success, version: HTTP/1.1)
POST /session/343760fe1b3b1d209c4a0d88582a27db/elements HTTP/1.1
User-Agent: selenium/4.8.0 (java windows)
Content-Length: 111
Content-Type: application/json; charset=utf-8
host: localhost:13653
accept: */*

Response DefaultHttpResponse(decodeResult: success, version: HTTP/1.1)
HTTP/1.1 200 OK
Content-Length: 527
Content-Type: application/json; charset=utf-8
cache-control: no-cache

11:36:16.515 [AsyncHttpClient-1-5] DEBUG org.asynchttpclient.netty.channel.ChannelManager - Adding key: http://localhost:13653 for channel [id: 0xdffd1267, L:/127.0.0.1:61309 - R:localhost/127.0.0.1:13653]
11:36:16.516 [Forwarding getElementText on session 343760fe1b3b1d209c4a0d88582a27db to remote] DEBUG org.asynchttpclient.netty.request.NettyRequestSender - Using pooled Channel '[id: 0xdffd1267, L:/127.0.0.1:61309 - R:localhost/127.0.0.1:13653]' for 'GET' to 'http://localhost:13653/session/343760fe1b3b1d209c4a0d88582a27db/element/B5D78317CDC82913058D66A8C952A41F_element_33/text'
11:36:16.517 [Forwarding getElementText on session 343760fe1b3b1d209c4a0d88582a27db to remote] DEBUG org.asynchttpclient.netty.request.NettyRequestSender - Using open Channel [id: 0xdffd1267, L:/127.0.0.1:61309 - R:localhost/127.0.0.1:13653] for GET '/session/343760fe1b3b1d209c4a0d88582a27db/element/B5D78317CDC82913058D66A8C952A41F_element_33/text'
11:36:16.527 [AsyncHttpClient-1-5] DEBUG org.asynchttpclient.netty.handler.HttpHandler - 

Request DefaultFullHttpRequest(decodeResult: success, version: HTTP/1.1, content: EmptyByteBufBE)
GET /session/343760fe1b3b1d209c4a0d88582a27db/element/B5D78317CDC82913058D66A8C952A41F_element_33/text HTTP/1.1
User-Agent: selenium/4.8.0 (java windows)
Cache-Control: no-cache
Content-Type: application/json; charset=utf-8
host: localhost:13653
accept: */*

Response DefaultHttpResponse(decodeResult: success, version: HTTP/1.1)
HTTP/1.1 200 OK
Content-Length: 36
Content-Type: application/json; charset=utf-8
cache-control: no-cache

11:36:16.527 [AsyncHttpClient-1-5] DEBUG org.asynchttpclient.netty.channel.ChannelManager - Adding key: http://localhost:13653 for channel [id: 0xdffd1267, L:/127.0.0.1:61309 - R:localhost/127.0.0.1:13653]
11:36:16.527 [main] INFO  com.swaglabs.base.SetUp - Sauce Labs Fleece Jacket validated Passed
11:36:16.529 [Forwarding findElements on session 343760fe1b3b1d209c4a0d88582a27db to remote] DEBUG org.asynchttpclient.netty.request.NettyRequestSender - Using pooled Channel '[id: 0xdffd1267, L:/127.0.0.1:61309 - R:localhost/127.0.0.1:13653]' for 'POST' to 'http://localhost:13653/session/343760fe1b3b1d209c4a0d88582a27db/elements'
11:36:16.529 [Forwarding findElements on session 343760fe1b3b1d209c4a0d88582a27db to remote] DEBUG org.asynchttpclient.netty.request.NettyRequestSender - Using open Channel [id: 0xdffd1267, L:/127.0.0.1:61309 - R:localhost/127.0.0.1:13653] for POST '/session/343760fe1b3b1d209c4a0d88582a27db/elements'
11:36:16.539 [AsyncHttpClient-1-5] DEBUG org.asynchttpclient.netty.handler.HttpHandler - 

Request DefaultHttpRequest(decodeResult: success, version: HTTP/1.1)
POST /session/343760fe1b3b1d209c4a0d88582a27db/elements HTTP/1.1
User-Agent: selenium/4.8.0 (java windows)
Content-Length: 111
Content-Type: application/json; charset=utf-8
host: localhost:13653
accept: */*

Response DefaultHttpResponse(decodeResult: success, version: HTTP/1.1)
HTTP/1.1 200 OK
Content-Length: 527
Content-Type: application/json; charset=utf-8
cache-control: no-cache

11:36:16.539 [AsyncHttpClient-1-5] DEBUG org.asynchttpclient.netty.channel.ChannelManager - Adding key: http://localhost:13653 for channel [id: 0xdffd1267, L:/127.0.0.1:61309 - R:localhost/127.0.0.1:13653]
11:36:16.541 [Forwarding getElementText on session 343760fe1b3b1d209c4a0d88582a27db to remote] DEBUG org.asynchttpclient.netty.request.NettyRequestSender - Using pooled Channel '[id: 0xdffd1267, L:/127.0.0.1:61309 - R:localhost/127.0.0.1:13653]' for 'GET' to 'http://localhost:13653/session/343760fe1b3b1d209c4a0d88582a27db/element/B5D78317CDC82913058D66A8C952A41F_element_33/text'
11:36:16.541 [Forwarding getElementText on session 343760fe1b3b1d209c4a0d88582a27db to remote] DEBUG org.asynchttpclient.netty.request.NettyRequestSender - Using open Channel [id: 0xdffd1267, L:/127.0.0.1:61309 - R:localhost/127.0.0.1:13653] for GET '/session/343760fe1b3b1d209c4a0d88582a27db/element/B5D78317CDC82913058D66A8C952A41F_element_33/text'
11:36:16.551 [AsyncHttpClient-1-5] DEBUG org.asynchttpclient.netty.handler.HttpHandler - 

Request DefaultFullHttpRequest(decodeResult: success, version: HTTP/1.1, content: EmptyByteBufBE)
GET /session/343760fe1b3b1d209c4a0d88582a27db/element/B5D78317CDC82913058D66A8C952A41F_element_33/text HTTP/1.1
User-Agent: selenium/4.8.0 (java windows)
Cache-Control: no-cache
Content-Type: application/json; charset=utf-8
host: localhost:13653
accept: */*

Response DefaultHttpResponse(decodeResult: success, version: HTTP/1.1)
HTTP/1.1 200 OK
Content-Length: 36
Content-Type: application/json; charset=utf-8
cache-control: no-cache

11:36:16.551 [AsyncHttpClient-1-5] DEBUG org.asynchttpclient.netty.channel.ChannelManager - Adding key: http://localhost:13653 for channel [id: 0xdffd1267, L:/127.0.0.1:61309 - R:localhost/127.0.0.1:13653]
11:36:16.553 [Forwarding findElements on session 343760fe1b3b1d209c4a0d88582a27db to remote] DEBUG org.asynchttpclient.netty.request.NettyRequestSender - Using pooled Channel '[id: 0xdffd1267, L:/127.0.0.1:61309 - R:localhost/127.0.0.1:13653]' for 'POST' to 'http://localhost:13653/session/343760fe1b3b1d209c4a0d88582a27db/elements'
11:36:16.553 [Forwarding findElements on session 343760fe1b3b1d209c4a0d88582a27db to remote] DEBUG org.asynchttpclient.netty.request.NettyRequestSender - Using open Channel [id: 0xdffd1267, L:/127.0.0.1:61309 - R:localhost/127.0.0.1:13653] for POST '/session/343760fe1b3b1d209c4a0d88582a27db/elements'
11:36:16.580 [AsyncHttpClient-1-5] DEBUG org.asynchttpclient.netty.handler.HttpHandler - 

Request DefaultHttpRequest(decodeResult: success, version: HTTP/1.1)
POST /session/343760fe1b3b1d209c4a0d88582a27db/elements HTTP/1.1
User-Agent: selenium/4.8.0 (java windows)
Content-Length: 111
Content-Type: application/json; charset=utf-8
host: localhost:13653
accept: */*

Response DefaultHttpResponse(decodeResult: success, version: HTTP/1.1)
HTTP/1.1 200 OK
Content-Length: 527
Content-Type: application/json; charset=utf-8
cache-control: no-cache

11:36:16.580 [AsyncHttpClient-1-5] DEBUG org.asynchttpclient.netty.channel.ChannelManager - Adding key: http://localhost:13653 for channel [id: 0xdffd1267, L:/127.0.0.1:61309 - R:localhost/127.0.0.1:13653]
11:36:16.582 [Forwarding findElements on session 343760fe1b3b1d209c4a0d88582a27db to remote] DEBUG org.asynchttpclient.netty.request.NettyRequestSender - Using pooled Channel '[id: 0xdffd1267, L:/127.0.0.1:61309 - R:localhost/127.0.0.1:13653]' for 'POST' to 'http://localhost:13653/session/343760fe1b3b1d209c4a0d88582a27db/elements'
11:36:16.582 [Forwarding findElements on session 343760fe1b3b1d209c4a0d88582a27db to remote] DEBUG org.asynchttpclient.netty.request.NettyRequestSender - Using open Channel [id: 0xdffd1267, L:/127.0.0.1:61309 - R:localhost/127.0.0.1:13653] for POST '/session/343760fe1b3b1d209c4a0d88582a27db/elements'
11:36:16.597 [AsyncHttpClient-1-5] DEBUG org.asynchttpclient.netty.handler.HttpHandler - 

Request DefaultHttpRequest(decodeResult: success, version: HTTP/1.1)
POST /session/343760fe1b3b1d209c4a0d88582a27db/elements HTTP/1.1
User-Agent: selenium/4.8.0 (java windows)
Content-Length: 111
Content-Type: application/json; charset=utf-8
host: localhost:13653
accept: */*

Response DefaultHttpResponse(decodeResult: success, version: HTTP/1.1)
HTTP/1.1 200 OK
Content-Length: 527
Content-Type: application/json; charset=utf-8
cache-control: no-cache

11:36:16.597 [AsyncHttpClient-1-5] DEBUG org.asynchttpclient.netty.channel.ChannelManager - Adding key: http://localhost:13653 for channel [id: 0xdffd1267, L:/127.0.0.1:61309 - R:localhost/127.0.0.1:13653]
11:36:16.599 [Forwarding getElementText on session 343760fe1b3b1d209c4a0d88582a27db to remote] DEBUG org.asynchttpclient.netty.request.NettyRequestSender - Using pooled Channel '[id: 0xdffd1267, L:/127.0.0.1:61309 - R:localhost/127.0.0.1:13653]' for 'GET' to 'http://localhost:13653/session/343760fe1b3b1d209c4a0d88582a27db/element/B5D78317CDC82913058D66A8C952A41F_element_34/text'
11:36:16.599 [Forwarding getElementText on session 343760fe1b3b1d209c4a0d88582a27db to remote] DEBUG org.asynchttpclient.netty.request.NettyRequestSender - Using open Channel [id: 0xdffd1267, L:/127.0.0.1:61309 - R:localhost/127.0.0.1:13653] for GET '/session/343760fe1b3b1d209c4a0d88582a27db/element/B5D78317CDC82913058D66A8C952A41F_element_34/text'
11:36:16.613 [AsyncHttpClient-1-5] DEBUG org.asynchttpclient.netty.handler.HttpHandler - 

Request DefaultFullHttpRequest(decodeResult: success, version: HTTP/1.1, content: EmptyByteBufBE)
GET /session/343760fe1b3b1d209c4a0d88582a27db/element/B5D78317CDC82913058D66A8C952A41F_element_34/text HTTP/1.1
User-Agent: selenium/4.8.0 (java windows)
Cache-Control: no-cache
Content-Type: application/json; charset=utf-8
host: localhost:13653
accept: */*

Response DefaultHttpResponse(decodeResult: success, version: HTTP/1.1)
HTTP/1.1 200 OK
Content-Length: 29
Content-Type: application/json; charset=utf-8
cache-control: no-cache

11:36:16.614 [AsyncHttpClient-1-5] DEBUG org.asynchttpclient.netty.channel.ChannelManager - Adding key: http://localhost:13653 for channel [id: 0xdffd1267, L:/127.0.0.1:61309 - R:localhost/127.0.0.1:13653]
11:36:16.616 [Forwarding findElements on session 343760fe1b3b1d209c4a0d88582a27db to remote] DEBUG org.asynchttpclient.netty.request.NettyRequestSender - Using pooled Channel '[id: 0xdffd1267, L:/127.0.0.1:61309 - R:localhost/127.0.0.1:13653]' for 'POST' to 'http://localhost:13653/session/343760fe1b3b1d209c4a0d88582a27db/elements'
11:36:16.616 [Forwarding findElements on session 343760fe1b3b1d209c4a0d88582a27db to remote] DEBUG org.asynchttpclient.netty.request.NettyRequestSender - Using open Channel [id: 0xdffd1267, L:/127.0.0.1:61309 - R:localhost/127.0.0.1:13653] for POST '/session/343760fe1b3b1d209c4a0d88582a27db/elements'
11:36:16.637 [AsyncHttpClient-1-5] DEBUG org.asynchttpclient.netty.handler.HttpHandler - 

Request DefaultHttpRequest(decodeResult: success, version: HTTP/1.1)
POST /session/343760fe1b3b1d209c4a0d88582a27db/elements HTTP/1.1
User-Agent: selenium/4.8.0 (java windows)
Content-Length: 111
Content-Type: application/json; charset=utf-8
host: localhost:13653
accept: */*

Response DefaultHttpResponse(decodeResult: success, version: HTTP/1.1)
HTTP/1.1 200 OK
Content-Length: 527
Content-Type: application/json; charset=utf-8
cache-control: no-cache

11:36:16.637 [AsyncHttpClient-1-5] DEBUG org.asynchttpclient.netty.channel.ChannelManager - Adding key: http://localhost:13653 for channel [id: 0xdffd1267, L:/127.0.0.1:61309 - R:localhost/127.0.0.1:13653]
11:36:16.639 [Forwarding getElementText on session 343760fe1b3b1d209c4a0d88582a27db to remote] DEBUG org.asynchttpclient.netty.request.NettyRequestSender - Using pooled Channel '[id: 0xdffd1267, L:/127.0.0.1:61309 - R:localhost/127.0.0.1:13653]' for 'GET' to 'http://localhost:13653/session/343760fe1b3b1d209c4a0d88582a27db/element/B5D78317CDC82913058D66A8C952A41F_element_34/text'
11:36:16.640 [Forwarding getElementText on session 343760fe1b3b1d209c4a0d88582a27db to remote] DEBUG org.asynchttpclient.netty.request.NettyRequestSender - Using open Channel [id: 0xdffd1267, L:/127.0.0.1:61309 - R:localhost/127.0.0.1:13653] for GET '/session/343760fe1b3b1d209c4a0d88582a27db/element/B5D78317CDC82913058D66A8C952A41F_element_34/text'
11:36:16.670 [AsyncHttpClient-1-5] DEBUG org.asynchttpclient.netty.handler.HttpHandler - 

Request DefaultFullHttpRequest(decodeResult: success, version: HTTP/1.1, content: EmptyByteBufBE)
GET /session/343760fe1b3b1d209c4a0d88582a27db/element/B5D78317CDC82913058D66A8C952A41F_element_34/text HTTP/1.1
User-Agent: selenium/4.8.0 (java windows)
Cache-Control: no-cache
Content-Type: application/json; charset=utf-8
host: localhost:13653
accept: */*

Response DefaultHttpResponse(decodeResult: success, version: HTTP/1.1)
HTTP/1.1 200 OK
Content-Length: 29
Content-Type: application/json; charset=utf-8
cache-control: no-cache

11:36:16.670 [AsyncHttpClient-1-5] DEBUG org.asynchttpclient.netty.channel.ChannelManager - Adding key: http://localhost:13653 for channel [id: 0xdffd1267, L:/127.0.0.1:61309 - R:localhost/127.0.0.1:13653]
11:36:16.670 [main] INFO  com.swaglabs.base.SetUp - Sauce Labs Onesie validated Passed
11:36:16.672 [Forwarding findElements on session 343760fe1b3b1d209c4a0d88582a27db to remote] DEBUG org.asynchttpclient.netty.request.NettyRequestSender - Using pooled Channel '[id: 0xdffd1267, L:/127.0.0.1:61309 - R:localhost/127.0.0.1:13653]' for 'POST' to 'http://localhost:13653/session/343760fe1b3b1d209c4a0d88582a27db/elements'
11:36:16.672 [Forwarding findElements on session 343760fe1b3b1d209c4a0d88582a27db to remote] DEBUG org.asynchttpclient.netty.request.NettyRequestSender - Using open Channel [id: 0xdffd1267, L:/127.0.0.1:61309 - R:localhost/127.0.0.1:13653] for POST '/session/343760fe1b3b1d209c4a0d88582a27db/elements'
11:36:16.692 [AsyncHttpClient-1-5] DEBUG org.asynchttpclient.netty.handler.HttpHandler - 

Request DefaultHttpRequest(decodeResult: success, version: HTTP/1.1)
POST /session/343760fe1b3b1d209c4a0d88582a27db/elements HTTP/1.1
User-Agent: selenium/4.8.0 (java windows)
Content-Length: 111
Content-Type: application/json; charset=utf-8
host: localhost:13653
accept: */*

Response DefaultHttpResponse(decodeResult: success, version: HTTP/1.1)
HTTP/1.1 200 OK
Content-Length: 527
Content-Type: application/json; charset=utf-8
cache-control: no-cache

11:36:16.692 [AsyncHttpClient-1-5] DEBUG org.asynchttpclient.netty.channel.ChannelManager - Adding key: http://localhost:13653 for channel [id: 0xdffd1267, L:/127.0.0.1:61309 - R:localhost/127.0.0.1:13653]
11:36:16.694 [Forwarding getElementText on session 343760fe1b3b1d209c4a0d88582a27db to remote] DEBUG org.asynchttpclient.netty.request.NettyRequestSender - Using pooled Channel '[id: 0xdffd1267, L:/127.0.0.1:61309 - R:localhost/127.0.0.1:13653]' for 'GET' to 'http://localhost:13653/session/343760fe1b3b1d209c4a0d88582a27db/element/B5D78317CDC82913058D66A8C952A41F_element_34/text'
11:36:16.694 [Forwarding getElementText on session 343760fe1b3b1d209c4a0d88582a27db to remote] DEBUG org.asynchttpclient.netty.request.NettyRequestSender - Using open Channel [id: 0xdffd1267, L:/127.0.0.1:61309 - R:localhost/127.0.0.1:13653] for GET '/session/343760fe1b3b1d209c4a0d88582a27db/element/B5D78317CDC82913058D66A8C952A41F_element_34/text'
11:36:16.707 [AsyncHttpClient-1-5] DEBUG org.asynchttpclient.netty.handler.HttpHandler - 

Request DefaultFullHttpRequest(decodeResult: success, version: HTTP/1.1, content: EmptyByteBufBE)
GET /session/343760fe1b3b1d209c4a0d88582a27db/element/B5D78317CDC82913058D66A8C952A41F_element_34/text HTTP/1.1
User-Agent: selenium/4.8.0 (java windows)
Cache-Control: no-cache
Content-Type: application/json; charset=utf-8
host: localhost:13653
accept: */*

Response DefaultHttpResponse(decodeResult: success, version: HTTP/1.1)
HTTP/1.1 200 OK
Content-Length: 29
Content-Type: application/json; charset=utf-8
cache-control: no-cache

11:36:16.707 [AsyncHttpClient-1-5] DEBUG org.asynchttpclient.netty.channel.ChannelManager - Adding key: http://localhost:13653 for channel [id: 0xdffd1267, L:/127.0.0.1:61309 - R:localhost/127.0.0.1:13653]
11:36:16.709 [Forwarding findElements on session 343760fe1b3b1d209c4a0d88582a27db to remote] DEBUG org.asynchttpclient.netty.request.NettyRequestSender - Using pooled Channel '[id: 0xdffd1267, L:/127.0.0.1:61309 - R:localhost/127.0.0.1:13653]' for 'POST' to 'http://localhost:13653/session/343760fe1b3b1d209c4a0d88582a27db/elements'
11:36:16.709 [Forwarding findElements on session 343760fe1b3b1d209c4a0d88582a27db to remote] DEBUG org.asynchttpclient.netty.request.NettyRequestSender - Using open Channel [id: 0xdffd1267, L:/127.0.0.1:61309 - R:localhost/127.0.0.1:13653] for POST '/session/343760fe1b3b1d209c4a0d88582a27db/elements'
11:36:16.719 [AsyncHttpClient-1-5] DEBUG org.asynchttpclient.netty.handler.HttpHandler - 

Request DefaultHttpRequest(decodeResult: success, version: HTTP/1.1)
POST /session/343760fe1b3b1d209c4a0d88582a27db/elements HTTP/1.1
User-Agent: selenium/4.8.0 (java windows)
Content-Length: 111
Content-Type: application/json; charset=utf-8
host: localhost:13653
accept: */*

Response DefaultHttpResponse(decodeResult: success, version: HTTP/1.1)
HTTP/1.1 200 OK
Content-Length: 527
Content-Type: application/json; charset=utf-8
cache-control: no-cache

11:36:16.719 [AsyncHttpClient-1-5] DEBUG org.asynchttpclient.netty.channel.ChannelManager - Adding key: http://localhost:13653 for channel [id: 0xdffd1267, L:/127.0.0.1:61309 - R:localhost/127.0.0.1:13653]
11:36:16.721 [Forwarding findElements on session 343760fe1b3b1d209c4a0d88582a27db to remote] DEBUG org.asynchttpclient.netty.request.NettyRequestSender - Using pooled Channel '[id: 0xdffd1267, L:/127.0.0.1:61309 - R:localhost/127.0.0.1:13653]' for 'POST' to 'http://localhost:13653/session/343760fe1b3b1d209c4a0d88582a27db/elements'
11:36:16.721 [Forwarding findElements on session 343760fe1b3b1d209c4a0d88582a27db to remote] DEBUG org.asynchttpclient.netty.request.NettyRequestSender - Using open Channel [id: 0xdffd1267, L:/127.0.0.1:61309 - R:localhost/127.0.0.1:13653] for POST '/session/343760fe1b3b1d209c4a0d88582a27db/elements'
11:36:16.731 [AsyncHttpClient-1-5] DEBUG org.asynchttpclient.netty.handler.HttpHandler - 

Request DefaultHttpRequest(decodeResult: success, version: HTTP/1.1)
POST /session/343760fe1b3b1d209c4a0d88582a27db/elements HTTP/1.1
User-Agent: selenium/4.8.0 (java windows)
Content-Length: 111
Content-Type: application/json; charset=utf-8
host: localhost:13653
accept: */*

Response DefaultHttpResponse(decodeResult: success, version: HTTP/1.1)
HTTP/1.1 200 OK
Content-Length: 527
Content-Type: application/json; charset=utf-8
cache-control: no-cache

11:36:16.731 [AsyncHttpClient-1-5] DEBUG org.asynchttpclient.netty.channel.ChannelManager - Adding key: http://localhost:13653 for channel [id: 0xdffd1267, L:/127.0.0.1:61309 - R:localhost/127.0.0.1:13653]
11:36:16.733 [Forwarding getElementText on session 343760fe1b3b1d209c4a0d88582a27db to remote] DEBUG org.asynchttpclient.netty.request.NettyRequestSender - Using pooled Channel '[id: 0xdffd1267, L:/127.0.0.1:61309 - R:localhost/127.0.0.1:13653]' for 'GET' to 'http://localhost:13653/session/343760fe1b3b1d209c4a0d88582a27db/element/B5D78317CDC82913058D66A8C952A41F_element_35/text'
11:36:16.733 [Forwarding getElementText on session 343760fe1b3b1d209c4a0d88582a27db to remote] DEBUG org.asynchttpclient.netty.request.NettyRequestSender - Using open Channel [id: 0xdffd1267, L:/127.0.0.1:61309 - R:localhost/127.0.0.1:13653] for GET '/session/343760fe1b3b1d209c4a0d88582a27db/element/B5D78317CDC82913058D66A8C952A41F_element_35/text'
11:36:16.743 [AsyncHttpClient-1-5] DEBUG org.asynchttpclient.netty.handler.HttpHandler - 

Request DefaultFullHttpRequest(decodeResult: success, version: HTTP/1.1, content: EmptyByteBufBE)
GET /session/343760fe1b3b1d209c4a0d88582a27db/element/B5D78317CDC82913058D66A8C952A41F_element_35/text HTTP/1.1
User-Agent: selenium/4.8.0 (java windows)
Cache-Control: no-cache
Content-Type: application/json; charset=utf-8
host: localhost:13653
accept: */*

Response DefaultHttpResponse(decodeResult: success, version: HTTP/1.1)
HTTP/1.1 200 OK
Content-Length: 45
Content-Type: application/json; charset=utf-8
cache-control: no-cache

11:36:16.743 [AsyncHttpClient-1-5] DEBUG org.asynchttpclient.netty.channel.ChannelManager - Adding key: http://localhost:13653 for channel [id: 0xdffd1267, L:/127.0.0.1:61309 - R:localhost/127.0.0.1:13653]
11:36:16.744 [Forwarding findElements on session 343760fe1b3b1d209c4a0d88582a27db to remote] DEBUG org.asynchttpclient.netty.request.NettyRequestSender - Using pooled Channel '[id: 0xdffd1267, L:/127.0.0.1:61309 - R:localhost/127.0.0.1:13653]' for 'POST' to 'http://localhost:13653/session/343760fe1b3b1d209c4a0d88582a27db/elements'
11:36:16.744 [Forwarding findElements on session 343760fe1b3b1d209c4a0d88582a27db to remote] DEBUG org.asynchttpclient.netty.request.NettyRequestSender - Using open Channel [id: 0xdffd1267, L:/127.0.0.1:61309 - R:localhost/127.0.0.1:13653] for POST '/session/343760fe1b3b1d209c4a0d88582a27db/elements'
11:36:16.754 [AsyncHttpClient-1-5] DEBUG org.asynchttpclient.netty.handler.HttpHandler - 

Request DefaultHttpRequest(decodeResult: success, version: HTTP/1.1)
POST /session/343760fe1b3b1d209c4a0d88582a27db/elements HTTP/1.1
User-Agent: selenium/4.8.0 (java windows)
Content-Length: 111
Content-Type: application/json; charset=utf-8
host: localhost:13653
accept: */*

Response DefaultHttpResponse(decodeResult: success, version: HTTP/1.1)
HTTP/1.1 200 OK
Content-Length: 527
Content-Type: application/json; charset=utf-8
cache-control: no-cache

11:36:16.754 [AsyncHttpClient-1-5] DEBUG org.asynchttpclient.netty.channel.ChannelManager - Adding key: http://localhost:13653 for channel [id: 0xdffd1267, L:/127.0.0.1:61309 - R:localhost/127.0.0.1:13653]
11:36:16.756 [Forwarding getElementText on session 343760fe1b3b1d209c4a0d88582a27db to remote] DEBUG org.asynchttpclient.netty.request.NettyRequestSender - Using pooled Channel '[id: 0xdffd1267, L:/127.0.0.1:61309 - R:localhost/127.0.0.1:13653]' for 'GET' to 'http://localhost:13653/session/343760fe1b3b1d209c4a0d88582a27db/element/B5D78317CDC82913058D66A8C952A41F_element_35/text'
11:36:16.756 [Forwarding getElementText on session 343760fe1b3b1d209c4a0d88582a27db to remote] DEBUG org.asynchttpclient.netty.request.NettyRequestSender - Using open Channel [id: 0xdffd1267, L:/127.0.0.1:61309 - R:localhost/127.0.0.1:13653] for GET '/session/343760fe1b3b1d209c4a0d88582a27db/element/B5D78317CDC82913058D66A8C952A41F_element_35/text'
11:36:16.767 [AsyncHttpClient-1-5] DEBUG org.asynchttpclient.netty.handler.HttpHandler - 

Request DefaultFullHttpRequest(decodeResult: success, version: HTTP/1.1, content: EmptyByteBufBE)
GET /session/343760fe1b3b1d209c4a0d88582a27db/element/B5D78317CDC82913058D66A8C952A41F_element_35/text HTTP/1.1
User-Agent: selenium/4.8.0 (java windows)
Cache-Control: no-cache
Content-Type: application/json; charset=utf-8
host: localhost:13653
accept: */*

Response DefaultHttpResponse(decodeResult: success, version: HTTP/1.1)
HTTP/1.1 200 OK
Content-Length: 45
Content-Type: application/json; charset=utf-8
cache-control: no-cache

11:36:16.767 [AsyncHttpClient-1-5] DEBUG org.asynchttpclient.netty.channel.ChannelManager - Adding key: http://localhost:13653 for channel [id: 0xdffd1267, L:/127.0.0.1:61309 - R:localhost/127.0.0.1:13653]
11:36:16.770 [main] INFO  com.swaglabs.base.SetUp - Test.allTheThings() T-Shirt (Red) validated Passed
11:36:16.771 [Forwarding findElements on session 343760fe1b3b1d209c4a0d88582a27db to remote] DEBUG org.asynchttpclient.netty.request.NettyRequestSender - Using pooled Channel '[id: 0xdffd1267, L:/127.0.0.1:61309 - R:localhost/127.0.0.1:13653]' for 'POST' to 'http://localhost:13653/session/343760fe1b3b1d209c4a0d88582a27db/elements'
11:36:16.772 [Forwarding findElements on session 343760fe1b3b1d209c4a0d88582a27db to remote] DEBUG org.asynchttpclient.netty.request.NettyRequestSender - Using open Channel [id: 0xdffd1267, L:/127.0.0.1:61309 - R:localhost/127.0.0.1:13653] for POST '/session/343760fe1b3b1d209c4a0d88582a27db/elements'
11:36:16.782 [AsyncHttpClient-1-5] DEBUG org.asynchttpclient.netty.handler.HttpHandler - 

Request DefaultHttpRequest(decodeResult: success, version: HTTP/1.1)
POST /session/343760fe1b3b1d209c4a0d88582a27db/elements HTTP/1.1
User-Agent: selenium/4.8.0 (java windows)
Content-Length: 111
Content-Type: application/json; charset=utf-8
host: localhost:13653
accept: */*

Response DefaultHttpResponse(decodeResult: success, version: HTTP/1.1)
HTTP/1.1 200 OK
Content-Length: 527
Content-Type: application/json; charset=utf-8
cache-control: no-cache

11:36:16.782 [AsyncHttpClient-1-5] DEBUG org.asynchttpclient.netty.channel.ChannelManager - Adding key: http://localhost:13653 for channel [id: 0xdffd1267, L:/127.0.0.1:61309 - R:localhost/127.0.0.1:13653]
11:36:16.786 [Forwarding getElementText on session 343760fe1b3b1d209c4a0d88582a27db to remote] DEBUG org.asynchttpclient.netty.request.NettyRequestSender - Using pooled Channel '[id: 0xdffd1267, L:/127.0.0.1:61309 - R:localhost/127.0.0.1:13653]' for 'GET' to 'http://localhost:13653/session/343760fe1b3b1d209c4a0d88582a27db/element/B5D78317CDC82913058D66A8C952A41F_element_35/text'
11:36:16.786 [Forwarding getElementText on session 343760fe1b3b1d209c4a0d88582a27db to remote] DEBUG org.asynchttpclient.netty.request.NettyRequestSender - Using open Channel [id: 0xdffd1267, L:/127.0.0.1:61309 - R:localhost/127.0.0.1:13653] for GET '/session/343760fe1b3b1d209c4a0d88582a27db/element/B5D78317CDC82913058D66A8C952A41F_element_35/text'
11:36:16.797 [AsyncHttpClient-1-5] DEBUG org.asynchttpclient.netty.handler.HttpHandler - 

Request DefaultFullHttpRequest(decodeResult: success, version: HTTP/1.1, content: EmptyByteBufBE)
GET /session/343760fe1b3b1d209c4a0d88582a27db/element/B5D78317CDC82913058D66A8C952A41F_element_35/text HTTP/1.1
User-Agent: selenium/4.8.0 (java windows)
Cache-Control: no-cache
Content-Type: application/json; charset=utf-8
host: localhost:13653
accept: */*

Response DefaultHttpResponse(decodeResult: success, version: HTTP/1.1)
HTTP/1.1 200 OK
Content-Length: 45
Content-Type: application/json; charset=utf-8
cache-control: no-cache

11:36:16.797 [AsyncHttpClient-1-5] DEBUG org.asynchttpclient.netty.channel.ChannelManager - Adding key: http://localhost:13653 for channel [id: 0xdffd1267, L:/127.0.0.1:61309 - R:localhost/127.0.0.1:13653]
11:36:16.807 [Forwarding getAlertText on session 343760fe1b3b1d209c4a0d88582a27db to remote] DEBUG org.asynchttpclient.netty.request.NettyRequestSender - Using pooled Channel '[id: 0xdffd1267, L:/127.0.0.1:61309 - R:localhost/127.0.0.1:13653]' for 'GET' to 'http://localhost:13653/session/343760fe1b3b1d209c4a0d88582a27db/alert/text'
11:36:16.807 [Forwarding getAlertText on session 343760fe1b3b1d209c4a0d88582a27db to remote] DEBUG org.asynchttpclient.netty.request.NettyRequestSender - Using open Channel [id: 0xdffd1267, L:/127.0.0.1:61309 - R:localhost/127.0.0.1:13653] for GET '/session/343760fe1b3b1d209c4a0d88582a27db/alert/text'
11:36:16.809 [AsyncHttpClient-1-5] DEBUG org.asynchttpclient.netty.handler.HttpHandler - 

Request DefaultFullHttpRequest(decodeResult: success, version: HTTP/1.1, content: EmptyByteBufBE)
GET /session/343760fe1b3b1d209c4a0d88582a27db/alert/text HTTP/1.1
User-Agent: selenium/4.8.0 (java windows)
Cache-Control: no-cache
Content-Type: application/json; charset=utf-8
host: localhost:13653
accept: */*

Response DefaultHttpResponse(decodeResult: success, version: HTTP/1.1)
HTTP/1.1 404 Not Found
Content-Length: 1522
Content-Type: application/json; charset=utf-8
cache-control: no-cache

11:36:16.809 [AsyncHttpClient-1-5] DEBUG org.asynchttpclient.netty.channel.ChannelManager - Adding key: http://localhost:13653 for channel [id: 0xdffd1267, L:/127.0.0.1:61309 - R:localhost/127.0.0.1:13653]
11:36:16.810 [Forwarding getCurrentUrl on session 343760fe1b3b1d209c4a0d88582a27db to remote] DEBUG org.asynchttpclient.netty.request.NettyRequestSender - Using pooled Channel '[id: 0xdffd1267, L:/127.0.0.1:61309 - R:localhost/127.0.0.1:13653]' for 'GET' to 'http://localhost:13653/session/343760fe1b3b1d209c4a0d88582a27db/url'
11:36:16.810 [Forwarding getCurrentUrl on session 343760fe1b3b1d209c4a0d88582a27db to remote] DEBUG org.asynchttpclient.netty.request.NettyRequestSender - Using open Channel [id: 0xdffd1267, L:/127.0.0.1:61309 - R:localhost/127.0.0.1:13653] for GET '/session/343760fe1b3b1d209c4a0d88582a27db/url'
11:36:16.816 [AsyncHttpClient-1-5] DEBUG org.asynchttpclient.netty.handler.HttpHandler - 

Request DefaultFullHttpRequest(decodeResult: success, version: HTTP/1.1, content: EmptyByteBufBE)
GET /session/343760fe1b3b1d209c4a0d88582a27db/url HTTP/1.1
User-Agent: selenium/4.8.0 (java windows)
Cache-Control: no-cache
Content-Type: application/json; charset=utf-8
host: localhost:13653
accept: */*

Response DefaultHttpResponse(decodeResult: success, version: HTTP/1.1)
HTTP/1.1 200 OK
Content-Length: 52
Content-Type: application/json; charset=utf-8
cache-control: no-cache

11:36:16.816 [AsyncHttpClient-1-5] DEBUG org.asynchttpclient.netty.channel.ChannelManager - Adding key: http://localhost:13653 for channel [id: 0xdffd1267, L:/127.0.0.1:61309 - R:localhost/127.0.0.1:13653]
11:36:16.817 [Forwarding screenshot on session 343760fe1b3b1d209c4a0d88582a27db to remote] DEBUG org.asynchttpclient.netty.request.NettyRequestSender - Using pooled Channel '[id: 0xdffd1267, L:/127.0.0.1:61309 - R:localhost/127.0.0.1:13653]' for 'GET' to 'http://localhost:13653/session/343760fe1b3b1d209c4a0d88582a27db/screenshot'
11:36:16.817 [Forwarding screenshot on session 343760fe1b3b1d209c4a0d88582a27db to remote] DEBUG org.asynchttpclient.netty.request.NettyRequestSender - Using open Channel [id: 0xdffd1267, L:/127.0.0.1:61309 - R:localhost/127.0.0.1:13653] for GET '/session/343760fe1b3b1d209c4a0d88582a27db/screenshot'
11:36:17.083 [AsyncHttpClient-1-5] DEBUG org.asynchttpclient.netty.handler.HttpHandler - 

Request DefaultFullHttpRequest(decodeResult: success, version: HTTP/1.1, content: EmptyByteBufBE)
GET /session/343760fe1b3b1d209c4a0d88582a27db/screenshot HTTP/1.1
User-Agent: selenium/4.8.0 (java windows)
Cache-Control: no-cache
Content-Type: application/json; charset=utf-8
host: localhost:13653
accept: */*

Response DefaultHttpResponse(decodeResult: success, version: HTTP/1.1)
HTTP/1.1 200 OK
Content-Length: 559660
Content-Type: application/json; charset=utf-8
cache-control: no-cache

11:36:17.083 [AsyncHttpClient-1-5] DEBUG org.asynchttpclient.netty.channel.ChannelManager - Adding key: http://localhost:13653 for channel [id: 0xdffd1267, L:/127.0.0.1:61309 - R:localhost/127.0.0.1:13653]
11:36:17.095 [main] DEBUG net.serenitybdd.core.photography.Darkroom - Send negative for processing for target\site\serenity\15f73975997c6abe2c25dc57293485621af3ce51b67f3f90c2bb6f60235259b7.png
11:36:17.095 [main] DEBUG net.thucydides.core.steps.StepInterceptor - STEP DONE: validate filter product A to Z
11:36:17.102 [Forwarding getPageSource on session 343760fe1b3b1d209c4a0d88582a27db to remote] DEBUG org.asynchttpclient.netty.request.NettyRequestSender - Using pooled Channel '[id: 0xdffd1267, L:/127.0.0.1:61309 - R:localhost/127.0.0.1:13653]' for 'POST' to 'http://localhost:13653/session/343760fe1b3b1d209c4a0d88582a27db/execute/sync'
11:36:17.102 [Forwarding getPageSource on session 343760fe1b3b1d209c4a0d88582a27db to remote] DEBUG org.asynchttpclient.netty.request.NettyRequestSender - Using open Channel [id: 0xdffd1267, L:/127.0.0.1:61309 - R:localhost/127.0.0.1:13653] for POST '/session/343760fe1b3b1d209c4a0d88582a27db/execute/sync'
11:36:17.112 [AsyncHttpClient-1-5] DEBUG org.asynchttpclient.netty.handler.HttpHandler - 

Request DefaultHttpRequest(decodeResult: success, version: HTTP/1.1)
POST /session/343760fe1b3b1d209c4a0d88582a27db/execute/sync HTTP/1.1
User-Agent: selenium/4.8.0 (java windows)
Content-Length: 176
Content-Type: application/json; charset=utf-8
host: localhost:13653
accept: */*

Response DefaultHttpResponse(decodeResult: success, version: HTTP/1.1)
HTTP/1.1 200 OK
Content-Length: 16311
Content-Type: application/json; charset=utf-8
cache-control: no-cache

11:36:17.112 [AsyncHttpClient-1-5] DEBUG org.asynchttpclient.netty.channel.ChannelManager - Adding key: http://localhost:13653 for channel [id: 0xdffd1267, L:/127.0.0.1:61309 - R:localhost/127.0.0.1:13653]
11:36:17.114 [Forwarding getCurrentUrl on session 343760fe1b3b1d209c4a0d88582a27db to remote] DEBUG org.asynchttpclient.netty.request.NettyRequestSender - Using pooled Channel '[id: 0xdffd1267, L:/127.0.0.1:61309 - R:localhost/127.0.0.1:13653]' for 'GET' to 'http://localhost:13653/session/343760fe1b3b1d209c4a0d88582a27db/url'
11:36:17.114 [Forwarding getCurrentUrl on session 343760fe1b3b1d209c4a0d88582a27db to remote] DEBUG org.asynchttpclient.netty.request.NettyRequestSender - Using open Channel [id: 0xdffd1267, L:/127.0.0.1:61309 - R:localhost/127.0.0.1:13653] for GET '/session/343760fe1b3b1d209c4a0d88582a27db/url'
11:36:17.120 [AsyncHttpClient-1-5] DEBUG org.asynchttpclient.netty.handler.HttpHandler - 

Request DefaultFullHttpRequest(decodeResult: success, version: HTTP/1.1, content: EmptyByteBufBE)
GET /session/343760fe1b3b1d209c4a0d88582a27db/url HTTP/1.1
User-Agent: selenium/4.8.0 (java windows)
Cache-Control: no-cache
Content-Type: application/json; charset=utf-8
host: localhost:13653
accept: */*

Response DefaultHttpResponse(decodeResult: success, version: HTTP/1.1)
HTTP/1.1 200 OK
Content-Length: 52
Content-Type: application/json; charset=utf-8
cache-control: no-cache

11:36:17.120 [AsyncHttpClient-1-5] DEBUG org.asynchttpclient.netty.channel.ChannelManager - Adding key: http://localhost:13653 for channel [id: 0xdffd1267, L:/127.0.0.1:61309 - R:localhost/127.0.0.1:13653]
11:36:17.131 [main] DEBUG net.thucydides.core.steps.StepInterceptor - STARTING STEP: InventoryPageSteps.test5_validateSortinLogicInFilter - choose filter option Z to A
11:36:17.134 [Forwarding findElement on session 343760fe1b3b1d209c4a0d88582a27db to remote] DEBUG org.asynchttpclient.netty.request.NettyRequestSender - Using pooled Channel '[id: 0xdffd1267, L:/127.0.0.1:61309 - R:localhost/127.0.0.1:13653]' for 'POST' to 'http://localhost:13653/session/343760fe1b3b1d209c4a0d88582a27db/element'
11:36:17.134 [Forwarding findElement on session 343760fe1b3b1d209c4a0d88582a27db to remote] DEBUG org.asynchttpclient.netty.request.NettyRequestSender - Using open Channel [id: 0xdffd1267, L:/127.0.0.1:61309 - R:localhost/127.0.0.1:13653] for POST '/session/343760fe1b3b1d209c4a0d88582a27db/element'
11:36:17.152 [AsyncHttpClient-1-5] DEBUG org.asynchttpclient.netty.handler.HttpHandler - 

Request DefaultHttpRequest(decodeResult: success, version: HTTP/1.1)
POST /session/343760fe1b3b1d209c4a0d88582a27db/element HTTP/1.1
User-Agent: selenium/4.8.0 (java windows)
Content-Length: 88
Content-Type: application/json; charset=utf-8
host: localhost:13653
accept: */*

Response DefaultHttpResponse(decodeResult: success, version: HTTP/1.1)
HTTP/1.1 200 OK
Content-Length: 95
Content-Type: application/json; charset=utf-8
cache-control: no-cache

11:36:17.152 [AsyncHttpClient-1-5] DEBUG org.asynchttpclient.netty.channel.ChannelManager - Adding key: http://localhost:13653 for channel [id: 0xdffd1267, L:/127.0.0.1:61309 - R:localhost/127.0.0.1:13653]
11:36:17.155 [Forwarding isElementDisplayed on session 343760fe1b3b1d209c4a0d88582a27db to remote] DEBUG org.asynchttpclient.netty.request.NettyRequestSender - Using pooled Channel '[id: 0xdffd1267, L:/127.0.0.1:61309 - R:localhost/127.0.0.1:13653]' for 'POST' to 'http://localhost:13653/session/343760fe1b3b1d209c4a0d88582a27db/execute/sync'
11:36:17.155 [Forwarding isElementDisplayed on session 343760fe1b3b1d209c4a0d88582a27db to remote] DEBUG org.asynchttpclient.netty.request.NettyRequestSender - Using open Channel [id: 0xdffd1267, L:/127.0.0.1:61309 - R:localhost/127.0.0.1:13653] for POST '/session/343760fe1b3b1d209c4a0d88582a27db/execute/sync'
11:36:17.166 [AsyncHttpClient-1-5] DEBUG org.asynchttpclient.netty.handler.HttpHandler - 

Request DefaultHttpRequest(decodeResult: success, version: HTTP/1.1)
POST /session/343760fe1b3b1d209c4a0d88582a27db/execute/sync HTTP/1.1
User-Agent: selenium/4.8.0 (java windows)
Content-Length: 48814
Content-Type: application/json; charset=utf-8
host: localhost:13653
accept: */*

Response DefaultHttpResponse(decodeResult: success, version: HTTP/1.1)
HTTP/1.1 200 OK
Content-Length: 14
Content-Type: application/json; charset=utf-8
cache-control: no-cache

11:36:17.166 [AsyncHttpClient-1-5] DEBUG org.asynchttpclient.netty.channel.ChannelManager - Adding key: http://localhost:13653 for channel [id: 0xdffd1267, L:/127.0.0.1:61309 - R:localhost/127.0.0.1:13653]
11:36:17.167 [Forwarding getElementTagName on session 343760fe1b3b1d209c4a0d88582a27db to remote] DEBUG org.asynchttpclient.netty.request.NettyRequestSender - Using pooled Channel '[id: 0xdffd1267, L:/127.0.0.1:61309 - R:localhost/127.0.0.1:13653]' for 'GET' to 'http://localhost:13653/session/343760fe1b3b1d209c4a0d88582a27db/element/B5D78317CDC82913058D66A8C952A41F_element_20/name'
11:36:17.167 [Forwarding getElementTagName on session 343760fe1b3b1d209c4a0d88582a27db to remote] DEBUG org.asynchttpclient.netty.request.NettyRequestSender - Using open Channel [id: 0xdffd1267, L:/127.0.0.1:61309 - R:localhost/127.0.0.1:13653] for GET '/session/343760fe1b3b1d209c4a0d88582a27db/element/B5D78317CDC82913058D66A8C952A41F_element_20/name'
11:36:17.176 [AsyncHttpClient-1-5] DEBUG org.asynchttpclient.netty.handler.HttpHandler - 

Request DefaultFullHttpRequest(decodeResult: success, version: HTTP/1.1, content: EmptyByteBufBE)
GET /session/343760fe1b3b1d209c4a0d88582a27db/element/B5D78317CDC82913058D66A8C952A41F_element_20/name HTTP/1.1
User-Agent: selenium/4.8.0 (java windows)
Cache-Control: no-cache
Content-Type: application/json; charset=utf-8
host: localhost:13653
accept: */*

Response DefaultHttpResponse(decodeResult: success, version: HTTP/1.1)
HTTP/1.1 200 OK
Content-Length: 18
Content-Type: application/json; charset=utf-8
cache-control: no-cache

11:36:17.176 [AsyncHttpClient-1-5] DEBUG org.asynchttpclient.netty.channel.ChannelManager - Adding key: http://localhost:13653 for channel [id: 0xdffd1267, L:/127.0.0.1:61309 - R:localhost/127.0.0.1:13653]
11:36:17.176 [Forwarding getElementDomAttribute on session 343760fe1b3b1d209c4a0d88582a27db to remote] DEBUG org.asynchttpclient.netty.request.NettyRequestSender - Using pooled Channel '[id: 0xdffd1267, L:/127.0.0.1:61309 - R:localhost/127.0.0.1:13653]' for 'GET' to 'http://localhost:13653/session/343760fe1b3b1d209c4a0d88582a27db/element/B5D78317CDC82913058D66A8C952A41F_element_20/attribute/multiple'
11:36:17.176 [Forwarding getElementDomAttribute on session 343760fe1b3b1d209c4a0d88582a27db to remote] DEBUG org.asynchttpclient.netty.request.NettyRequestSender - Using open Channel [id: 0xdffd1267, L:/127.0.0.1:61309 - R:localhost/127.0.0.1:13653] for GET '/session/343760fe1b3b1d209c4a0d88582a27db/element/B5D78317CDC82913058D66A8C952A41F_element_20/attribute/multiple'
11:36:17.184 [AsyncHttpClient-1-5] DEBUG org.asynchttpclient.netty.handler.HttpHandler - 

Request DefaultFullHttpRequest(decodeResult: success, version: HTTP/1.1, content: EmptyByteBufBE)
GET /session/343760fe1b3b1d209c4a0d88582a27db/element/B5D78317CDC82913058D66A8C952A41F_element_20/attribute/multiple HTTP/1.1
User-Agent: selenium/4.8.0 (java windows)
Cache-Control: no-cache
Content-Type: application/json; charset=utf-8
host: localhost:13653
accept: */*

Response DefaultHttpResponse(decodeResult: success, version: HTTP/1.1)
HTTP/1.1 200 OK
Content-Length: 14
Content-Type: application/json; charset=utf-8
cache-control: no-cache

11:36:17.184 [AsyncHttpClient-1-5] DEBUG org.asynchttpclient.netty.channel.ChannelManager - Adding key: http://localhost:13653 for channel [id: 0xdffd1267, L:/127.0.0.1:61309 - R:localhost/127.0.0.1:13653]
11:36:17.184 [Forwarding isElementEnabled on session 343760fe1b3b1d209c4a0d88582a27db to remote] DEBUG org.asynchttpclient.netty.request.NettyRequestSender - Using pooled Channel '[id: 0xdffd1267, L:/127.0.0.1:61309 - R:localhost/127.0.0.1:13653]' for 'GET' to 'http://localhost:13653/session/343760fe1b3b1d209c4a0d88582a27db/element/B5D78317CDC82913058D66A8C952A41F_element_20/enabled'
11:36:17.184 [Forwarding isElementEnabled on session 343760fe1b3b1d209c4a0d88582a27db to remote] DEBUG org.asynchttpclient.netty.request.NettyRequestSender - Using open Channel [id: 0xdffd1267, L:/127.0.0.1:61309 - R:localhost/127.0.0.1:13653] for GET '/session/343760fe1b3b1d209c4a0d88582a27db/element/B5D78317CDC82913058D66A8C952A41F_element_20/enabled'
11:36:17.194 [AsyncHttpClient-1-5] DEBUG org.asynchttpclient.netty.handler.HttpHandler - 

Request DefaultFullHttpRequest(decodeResult: success, version: HTTP/1.1, content: EmptyByteBufBE)
GET /session/343760fe1b3b1d209c4a0d88582a27db/element/B5D78317CDC82913058D66A8C952A41F_element_20/enabled HTTP/1.1
User-Agent: selenium/4.8.0 (java windows)
Cache-Control: no-cache
Content-Type: application/json; charset=utf-8
host: localhost:13653
accept: */*

Response DefaultHttpResponse(decodeResult: success, version: HTTP/1.1)
HTTP/1.1 200 OK
Content-Length: 14
Content-Type: application/json; charset=utf-8
cache-control: no-cache

11:36:17.194 [AsyncHttpClient-1-5] DEBUG org.asynchttpclient.netty.channel.ChannelManager - Adding key: http://localhost:13653 for channel [id: 0xdffd1267, L:/127.0.0.1:61309 - R:localhost/127.0.0.1:13653]
11:36:17.194 [Forwarding findChildElements on session 343760fe1b3b1d209c4a0d88582a27db to remote] DEBUG org.asynchttpclient.netty.request.NettyRequestSender - Using pooled Channel '[id: 0xdffd1267, L:/127.0.0.1:61309 - R:localhost/127.0.0.1:13653]' for 'POST' to 'http://localhost:13653/session/343760fe1b3b1d209c4a0d88582a27db/element/B5D78317CDC82913058D66A8C952A41F_element_20/elements'
11:36:17.194 [Forwarding findChildElements on session 343760fe1b3b1d209c4a0d88582a27db to remote] DEBUG org.asynchttpclient.netty.request.NettyRequestSender - Using open Channel [id: 0xdffd1267, L:/127.0.0.1:61309 - R:localhost/127.0.0.1:13653] for POST '/session/343760fe1b3b1d209c4a0d88582a27db/element/B5D78317CDC82913058D66A8C952A41F_element_20/elements'
11:36:17.211 [AsyncHttpClient-1-5] DEBUG org.asynchttpclient.netty.handler.HttpHandler - 

Request DefaultHttpRequest(decodeResult: success, version: HTTP/1.1)
POST /session/343760fe1b3b1d209c4a0d88582a27db/element/B5D78317CDC82913058D66A8C952A41F_element_20/elements HTTP/1.1
User-Agent: selenium/4.8.0 (java windows)
Content-Length: 101
Content-Type: application/json; charset=utf-8
host: localhost:13653
accept: */*

Response DefaultHttpResponse(decodeResult: success, version: HTTP/1.1)
HTTP/1.1 200 OK
Content-Length: 355
Content-Type: application/json; charset=utf-8
cache-control: no-cache

11:36:17.211 [AsyncHttpClient-1-5] DEBUG org.asynchttpclient.netty.channel.ChannelManager - Adding key: http://localhost:13653 for channel [id: 0xdffd1267, L:/127.0.0.1:61309 - R:localhost/127.0.0.1:13653]
11:36:17.214 [Forwarding getElementAttribute on session 343760fe1b3b1d209c4a0d88582a27db to remote] DEBUG org.asynchttpclient.netty.request.NettyRequestSender - Using pooled Channel '[id: 0xdffd1267, L:/127.0.0.1:61309 - R:localhost/127.0.0.1:13653]' for 'POST' to 'http://localhost:13653/session/343760fe1b3b1d209c4a0d88582a27db/execute/sync'
11:36:17.214 [Forwarding getElementAttribute on session 343760fe1b3b1d209c4a0d88582a27db to remote] DEBUG org.asynchttpclient.netty.request.NettyRequestSender - Using open Channel [id: 0xdffd1267, L:/127.0.0.1:61309 - R:localhost/127.0.0.1:13653] for POST '/session/343760fe1b3b1d209c4a0d88582a27db/execute/sync'
11:36:17.228 [AsyncHttpClient-1-5] DEBUG org.asynchttpclient.netty.handler.HttpHandler - 

Request DefaultHttpRequest(decodeResult: success, version: HTTP/1.1)
POST /session/343760fe1b3b1d209c4a0d88582a27db/execute/sync HTTP/1.1
User-Agent: selenium/4.8.0 (java windows)
Content-Length: 47375
Content-Type: application/json; charset=utf-8
host: localhost:13653
accept: */*

Response DefaultHttpResponse(decodeResult: success, version: HTTP/1.1)
HTTP/1.1 200 OK
Content-Length: 13
Content-Type: application/json; charset=utf-8
cache-control: no-cache

11:36:17.228 [AsyncHttpClient-1-5] DEBUG org.asynchttpclient.netty.channel.ChannelManager - Adding key: http://localhost:13653 for channel [id: 0xdffd1267, L:/127.0.0.1:61309 - R:localhost/127.0.0.1:13653]
11:36:17.231 [Forwarding getElementAttribute on session 343760fe1b3b1d209c4a0d88582a27db to remote] DEBUG org.asynchttpclient.netty.request.NettyRequestSender - Using pooled Channel '[id: 0xdffd1267, L:/127.0.0.1:61309 - R:localhost/127.0.0.1:13653]' for 'POST' to 'http://localhost:13653/session/343760fe1b3b1d209c4a0d88582a27db/execute/sync'
11:36:17.231 [Forwarding getElementAttribute on session 343760fe1b3b1d209c4a0d88582a27db to remote] DEBUG org.asynchttpclient.netty.request.NettyRequestSender - Using open Channel [id: 0xdffd1267, L:/127.0.0.1:61309 - R:localhost/127.0.0.1:13653] for POST '/session/343760fe1b3b1d209c4a0d88582a27db/execute/sync'
11:36:17.245 [AsyncHttpClient-1-5] DEBUG org.asynchttpclient.netty.handler.HttpHandler - 

Request DefaultHttpRequest(decodeResult: success, version: HTTP/1.1)
POST /session/343760fe1b3b1d209c4a0d88582a27db/execute/sync HTTP/1.1
User-Agent: selenium/4.8.0 (java windows)
Content-Length: 47375
Content-Type: application/json; charset=utf-8
host: localhost:13653
accept: */*

Response DefaultHttpResponse(decodeResult: success, version: HTTP/1.1)
HTTP/1.1 200 OK
Content-Length: 13
Content-Type: application/json; charset=utf-8
cache-control: no-cache

11:36:17.245 [AsyncHttpClient-1-5] DEBUG org.asynchttpclient.netty.channel.ChannelManager - Adding key: http://localhost:13653 for channel [id: 0xdffd1267, L:/127.0.0.1:61309 - R:localhost/127.0.0.1:13653]
11:36:17.246 [Forwarding isElementEnabled on session 343760fe1b3b1d209c4a0d88582a27db to remote] DEBUG org.asynchttpclient.netty.request.NettyRequestSender - Using pooled Channel '[id: 0xdffd1267, L:/127.0.0.1:61309 - R:localhost/127.0.0.1:13653]' for 'GET' to 'http://localhost:13653/session/343760fe1b3b1d209c4a0d88582a27db/element/B5D78317CDC82913058D66A8C952A41F_element_49/enabled'
11:36:17.246 [Forwarding isElementEnabled on session 343760fe1b3b1d209c4a0d88582a27db to remote] DEBUG org.asynchttpclient.netty.request.NettyRequestSender - Using open Channel [id: 0xdffd1267, L:/127.0.0.1:61309 - R:localhost/127.0.0.1:13653] for GET '/session/343760fe1b3b1d209c4a0d88582a27db/element/B5D78317CDC82913058D66A8C952A41F_element_49/enabled'
11:36:17.256 [AsyncHttpClient-1-5] DEBUG org.asynchttpclient.netty.handler.HttpHandler - 

Request DefaultFullHttpRequest(decodeResult: success, version: HTTP/1.1, content: EmptyByteBufBE)
GET /session/343760fe1b3b1d209c4a0d88582a27db/element/B5D78317CDC82913058D66A8C952A41F_element_49/enabled HTTP/1.1
User-Agent: selenium/4.8.0 (java windows)
Cache-Control: no-cache
Content-Type: application/json; charset=utf-8
host: localhost:13653
accept: */*

Response DefaultHttpResponse(decodeResult: success, version: HTTP/1.1)
HTTP/1.1 200 OK
Content-Length: 14
Content-Type: application/json; charset=utf-8
cache-control: no-cache

11:36:17.256 [AsyncHttpClient-1-5] DEBUG org.asynchttpclient.netty.channel.ChannelManager - Adding key: http://localhost:13653 for channel [id: 0xdffd1267, L:/127.0.0.1:61309 - R:localhost/127.0.0.1:13653]
11:36:17.256 [Forwarding isElementSelected on session 343760fe1b3b1d209c4a0d88582a27db to remote] DEBUG org.asynchttpclient.netty.request.NettyRequestSender - Using pooled Channel '[id: 0xdffd1267, L:/127.0.0.1:61309 - R:localhost/127.0.0.1:13653]' for 'GET' to 'http://localhost:13653/session/343760fe1b3b1d209c4a0d88582a27db/element/B5D78317CDC82913058D66A8C952A41F_element_49/selected'
11:36:17.256 [Forwarding isElementSelected on session 343760fe1b3b1d209c4a0d88582a27db to remote] DEBUG org.asynchttpclient.netty.request.NettyRequestSender - Using open Channel [id: 0xdffd1267, L:/127.0.0.1:61309 - R:localhost/127.0.0.1:13653] for GET '/session/343760fe1b3b1d209c4a0d88582a27db/element/B5D78317CDC82913058D66A8C952A41F_element_49/selected'
11:36:17.267 [AsyncHttpClient-1-5] DEBUG org.asynchttpclient.netty.handler.HttpHandler - 

Request DefaultFullHttpRequest(decodeResult: success, version: HTTP/1.1, content: EmptyByteBufBE)
GET /session/343760fe1b3b1d209c4a0d88582a27db/element/B5D78317CDC82913058D66A8C952A41F_element_49/selected HTTP/1.1
User-Agent: selenium/4.8.0 (java windows)
Cache-Control: no-cache
Content-Type: application/json; charset=utf-8
host: localhost:13653
accept: */*

Response DefaultHttpResponse(decodeResult: success, version: HTTP/1.1)
HTTP/1.1 200 OK
Content-Length: 15
Content-Type: application/json; charset=utf-8
cache-control: no-cache

11:36:17.267 [AsyncHttpClient-1-5] DEBUG org.asynchttpclient.netty.channel.ChannelManager - Adding key: http://localhost:13653 for channel [id: 0xdffd1267, L:/127.0.0.1:61309 - R:localhost/127.0.0.1:13653]
11:36:17.268 [Forwarding clickElement on session 343760fe1b3b1d209c4a0d88582a27db to remote] DEBUG org.asynchttpclient.netty.request.NettyRequestSender - Using pooled Channel '[id: 0xdffd1267, L:/127.0.0.1:61309 - R:localhost/127.0.0.1:13653]' for 'POST' to 'http://localhost:13653/session/343760fe1b3b1d209c4a0d88582a27db/element/B5D78317CDC82913058D66A8C952A41F_element_49/click'
11:36:17.268 [Forwarding clickElement on session 343760fe1b3b1d209c4a0d88582a27db to remote] DEBUG org.asynchttpclient.netty.request.NettyRequestSender - Using open Channel [id: 0xdffd1267, L:/127.0.0.1:61309 - R:localhost/127.0.0.1:13653] for POST '/session/343760fe1b3b1d209c4a0d88582a27db/element/B5D78317CDC82913058D66A8C952A41F_element_49/click'
11:36:17.299 [AsyncHttpClient-1-5] DEBUG org.asynchttpclient.netty.handler.HttpHandler - 

Request DefaultHttpRequest(decodeResult: success, version: HTTP/1.1)
POST /session/343760fe1b3b1d209c4a0d88582a27db/element/B5D78317CDC82913058D66A8C952A41F_element_49/click HTTP/1.1
User-Agent: selenium/4.8.0 (java windows)
Content-Length: 57
Content-Type: application/json; charset=utf-8
host: localhost:13653
accept: */*

Response DefaultHttpResponse(decodeResult: success, version: HTTP/1.1)
HTTP/1.1 200 OK
Content-Length: 14
Content-Type: application/json; charset=utf-8
cache-control: no-cache

11:36:17.299 [AsyncHttpClient-1-5] DEBUG org.asynchttpclient.netty.channel.ChannelManager - Adding key: http://localhost:13653 for channel [id: 0xdffd1267, L:/127.0.0.1:61309 - R:localhost/127.0.0.1:13653]
11:36:17.310 [Forwarding getAlertText on session 343760fe1b3b1d209c4a0d88582a27db to remote] DEBUG org.asynchttpclient.netty.request.NettyRequestSender - Using pooled Channel '[id: 0xdffd1267, L:/127.0.0.1:61309 - R:localhost/127.0.0.1:13653]' for 'GET' to 'http://localhost:13653/session/343760fe1b3b1d209c4a0d88582a27db/alert/text'
11:36:17.310 [Forwarding getAlertText on session 343760fe1b3b1d209c4a0d88582a27db to remote] DEBUG org.asynchttpclient.netty.request.NettyRequestSender - Using open Channel [id: 0xdffd1267, L:/127.0.0.1:61309 - R:localhost/127.0.0.1:13653] for GET '/session/343760fe1b3b1d209c4a0d88582a27db/alert/text'
11:36:17.311 [AsyncHttpClient-1-5] DEBUG org.asynchttpclient.netty.handler.HttpHandler - 

Request DefaultFullHttpRequest(decodeResult: success, version: HTTP/1.1, content: EmptyByteBufBE)
GET /session/343760fe1b3b1d209c4a0d88582a27db/alert/text HTTP/1.1
User-Agent: selenium/4.8.0 (java windows)
Cache-Control: no-cache
Content-Type: application/json; charset=utf-8
host: localhost:13653
accept: */*

Response DefaultHttpResponse(decodeResult: success, version: HTTP/1.1)
HTTP/1.1 404 Not Found
Content-Length: 1522
Content-Type: application/json; charset=utf-8
cache-control: no-cache

11:36:17.311 [AsyncHttpClient-1-5] DEBUG org.asynchttpclient.netty.channel.ChannelManager - Adding key: http://localhost:13653 for channel [id: 0xdffd1267, L:/127.0.0.1:61309 - R:localhost/127.0.0.1:13653]
11:36:17.312 [Forwarding getCurrentUrl on session 343760fe1b3b1d209c4a0d88582a27db to remote] DEBUG org.asynchttpclient.netty.request.NettyRequestSender - Using pooled Channel '[id: 0xdffd1267, L:/127.0.0.1:61309 - R:localhost/127.0.0.1:13653]' for 'GET' to 'http://localhost:13653/session/343760fe1b3b1d209c4a0d88582a27db/url'
11:36:17.312 [Forwarding getCurrentUrl on session 343760fe1b3b1d209c4a0d88582a27db to remote] DEBUG org.asynchttpclient.netty.request.NettyRequestSender - Using open Channel [id: 0xdffd1267, L:/127.0.0.1:61309 - R:localhost/127.0.0.1:13653] for GET '/session/343760fe1b3b1d209c4a0d88582a27db/url'
11:36:17.321 [AsyncHttpClient-1-5] DEBUG org.asynchttpclient.netty.handler.HttpHandler - 

Request DefaultFullHttpRequest(decodeResult: success, version: HTTP/1.1, content: EmptyByteBufBE)
GET /session/343760fe1b3b1d209c4a0d88582a27db/url HTTP/1.1
User-Agent: selenium/4.8.0 (java windows)
Cache-Control: no-cache
Content-Type: application/json; charset=utf-8
host: localhost:13653
accept: */*

Response DefaultHttpResponse(decodeResult: success, version: HTTP/1.1)
HTTP/1.1 200 OK
Content-Length: 52
Content-Type: application/json; charset=utf-8
cache-control: no-cache

11:36:17.321 [AsyncHttpClient-1-5] DEBUG org.asynchttpclient.netty.channel.ChannelManager - Adding key: http://localhost:13653 for channel [id: 0xdffd1267, L:/127.0.0.1:61309 - R:localhost/127.0.0.1:13653]
11:36:17.321 [Forwarding screenshot on session 343760fe1b3b1d209c4a0d88582a27db to remote] DEBUG org.asynchttpclient.netty.request.NettyRequestSender - Using pooled Channel '[id: 0xdffd1267, L:/127.0.0.1:61309 - R:localhost/127.0.0.1:13653]' for 'GET' to 'http://localhost:13653/session/343760fe1b3b1d209c4a0d88582a27db/screenshot'
11:36:17.321 [Forwarding screenshot on session 343760fe1b3b1d209c4a0d88582a27db to remote] DEBUG org.asynchttpclient.netty.request.NettyRequestSender - Using open Channel [id: 0xdffd1267, L:/127.0.0.1:61309 - R:localhost/127.0.0.1:13653] for GET '/session/343760fe1b3b1d209c4a0d88582a27db/screenshot'
11:36:17.534 [AsyncHttpClient-1-1] DEBUG org.asynchttpclient.netty.channel.DefaultChannelPool - Entry count for : http://localhost:61317 : 1
11:36:17.545 [AsyncHttpClient-1-5] DEBUG org.asynchttpclient.netty.handler.HttpHandler - 

Request DefaultFullHttpRequest(decodeResult: success, version: HTTP/1.1, content: EmptyByteBufBE)
GET /session/343760fe1b3b1d209c4a0d88582a27db/screenshot HTTP/1.1
User-Agent: selenium/4.8.0 (java windows)
Cache-Control: no-cache
Content-Type: application/json; charset=utf-8
host: localhost:13653
accept: */*

Response DefaultHttpResponse(decodeResult: success, version: HTTP/1.1)
HTTP/1.1 200 OK
Content-Length: 563500
Content-Type: application/json; charset=utf-8
cache-control: no-cache

11:36:17.545 [AsyncHttpClient-1-5] DEBUG org.asynchttpclient.netty.channel.ChannelManager - Adding key: http://localhost:13653 for channel [id: 0xdffd1267, L:/127.0.0.1:61309 - R:localhost/127.0.0.1:13653]
11:36:17.557 [main] DEBUG net.serenitybdd.core.photography.Darkroom - Send negative for processing for target\site\serenity\4bed3cdfce91ca4f358d5285b57371c62ff9f4a6deb5992f6a647f712a576b8a.png
11:36:17.557 [main] DEBUG net.thucydides.core.steps.StepInterceptor - STEP DONE: choose filter option Z to A
11:36:17.566 [Forwarding getPageSource on session 343760fe1b3b1d209c4a0d88582a27db to remote] DEBUG org.asynchttpclient.netty.request.NettyRequestSender - Using pooled Channel '[id: 0xdffd1267, L:/127.0.0.1:61309 - R:localhost/127.0.0.1:13653]' for 'POST' to 'http://localhost:13653/session/343760fe1b3b1d209c4a0d88582a27db/execute/sync'
11:36:17.566 [Forwarding getPageSource on session 343760fe1b3b1d209c4a0d88582a27db to remote] DEBUG org.asynchttpclient.netty.request.NettyRequestSender - Using open Channel [id: 0xdffd1267, L:/127.0.0.1:61309 - R:localhost/127.0.0.1:13653] for POST '/session/343760fe1b3b1d209c4a0d88582a27db/execute/sync'
11:36:17.574 [AsyncHttpClient-1-5] DEBUG org.asynchttpclient.netty.handler.HttpHandler - 

Request DefaultHttpRequest(decodeResult: success, version: HTTP/1.1)
POST /session/343760fe1b3b1d209c4a0d88582a27db/execute/sync HTTP/1.1
User-Agent: selenium/4.8.0 (java windows)
Content-Length: 176
Content-Type: application/json; charset=utf-8
host: localhost:13653
accept: */*

Response DefaultHttpResponse(decodeResult: success, version: HTTP/1.1)
HTTP/1.1 200 OK
Content-Length: 16311
Content-Type: application/json; charset=utf-8
cache-control: no-cache

11:36:17.576 [AsyncHttpClient-1-5] DEBUG org.asynchttpclient.netty.channel.ChannelManager - Adding key: http://localhost:13653 for channel [id: 0xdffd1267, L:/127.0.0.1:61309 - R:localhost/127.0.0.1:13653]
11:36:17.579 [Forwarding getCurrentUrl on session 343760fe1b3b1d209c4a0d88582a27db to remote] DEBUG org.asynchttpclient.netty.request.NettyRequestSender - Using pooled Channel '[id: 0xdffd1267, L:/127.0.0.1:61309 - R:localhost/127.0.0.1:13653]' for 'GET' to 'http://localhost:13653/session/343760fe1b3b1d209c4a0d88582a27db/url'
11:36:17.580 [Forwarding getCurrentUrl on session 343760fe1b3b1d209c4a0d88582a27db to remote] DEBUG org.asynchttpclient.netty.request.NettyRequestSender - Using open Channel [id: 0xdffd1267, L:/127.0.0.1:61309 - R:localhost/127.0.0.1:13653] for GET '/session/343760fe1b3b1d209c4a0d88582a27db/url'
11:36:17.587 [AsyncHttpClient-1-5] DEBUG org.asynchttpclient.netty.handler.HttpHandler - 

Request DefaultFullHttpRequest(decodeResult: success, version: HTTP/1.1, content: EmptyByteBufBE)
GET /session/343760fe1b3b1d209c4a0d88582a27db/url HTTP/1.1
User-Agent: selenium/4.8.0 (java windows)
Cache-Control: no-cache
Content-Type: application/json; charset=utf-8
host: localhost:13653
accept: */*

Response DefaultHttpResponse(decodeResult: success, version: HTTP/1.1)
HTTP/1.1 200 OK
Content-Length: 52
Content-Type: application/json; charset=utf-8
cache-control: no-cache

11:36:17.587 [AsyncHttpClient-1-5] DEBUG org.asynchttpclient.netty.channel.ChannelManager - Adding key: http://localhost:13653 for channel [id: 0xdffd1267, L:/127.0.0.1:61309 - R:localhost/127.0.0.1:13653]
11:36:17.597 [main] DEBUG net.thucydides.core.steps.StepInterceptor - STARTING STEP: InventoryPageSteps.test5_validateSortinLogicInFilter - validate FilterProductZToA
11:36:17.598 [Forwarding findElements on session 343760fe1b3b1d209c4a0d88582a27db to remote] DEBUG org.asynchttpclient.netty.request.NettyRequestSender - Using pooled Channel '[id: 0xdffd1267, L:/127.0.0.1:61309 - R:localhost/127.0.0.1:13653]' for 'POST' to 'http://localhost:13653/session/343760fe1b3b1d209c4a0d88582a27db/elements'
11:36:17.598 [Forwarding findElements on session 343760fe1b3b1d209c4a0d88582a27db to remote] DEBUG org.asynchttpclient.netty.request.NettyRequestSender - Using open Channel [id: 0xdffd1267, L:/127.0.0.1:61309 - R:localhost/127.0.0.1:13653] for POST '/session/343760fe1b3b1d209c4a0d88582a27db/elements'
11:36:17.608 [AsyncHttpClient-1-5] DEBUG org.asynchttpclient.netty.handler.HttpHandler - 

Request DefaultHttpRequest(decodeResult: success, version: HTTP/1.1)
POST /session/343760fe1b3b1d209c4a0d88582a27db/elements HTTP/1.1
User-Agent: selenium/4.8.0 (java windows)
Content-Length: 111
Content-Type: application/json; charset=utf-8
host: localhost:13653
accept: */*

Response DefaultHttpResponse(decodeResult: success, version: HTTP/1.1)
HTTP/1.1 200 OK
Content-Length: 527
Content-Type: application/json; charset=utf-8
cache-control: no-cache

11:36:17.608 [AsyncHttpClient-1-5] DEBUG org.asynchttpclient.netty.channel.ChannelManager - Adding key: http://localhost:13653 for channel [id: 0xdffd1267, L:/127.0.0.1:61309 - R:localhost/127.0.0.1:13653]
11:36:17.610 [Forwarding findElements on session 343760fe1b3b1d209c4a0d88582a27db to remote] DEBUG org.asynchttpclient.netty.request.NettyRequestSender - Using pooled Channel '[id: 0xdffd1267, L:/127.0.0.1:61309 - R:localhost/127.0.0.1:13653]' for 'POST' to 'http://localhost:13653/session/343760fe1b3b1d209c4a0d88582a27db/elements'
11:36:17.610 [Forwarding findElements on session 343760fe1b3b1d209c4a0d88582a27db to remote] DEBUG org.asynchttpclient.netty.request.NettyRequestSender - Using open Channel [id: 0xdffd1267, L:/127.0.0.1:61309 - R:localhost/127.0.0.1:13653] for POST '/session/343760fe1b3b1d209c4a0d88582a27db/elements'
11:36:17.625 [AsyncHttpClient-1-5] DEBUG org.asynchttpclient.netty.handler.HttpHandler - 

Request DefaultHttpRequest(decodeResult: success, version: HTTP/1.1)
POST /session/343760fe1b3b1d209c4a0d88582a27db/elements HTTP/1.1
User-Agent: selenium/4.8.0 (java windows)
Content-Length: 111
Content-Type: application/json; charset=utf-8
host: localhost:13653
accept: */*

Response DefaultHttpResponse(decodeResult: success, version: HTTP/1.1)
HTTP/1.1 200 OK
Content-Length: 527
Content-Type: application/json; charset=utf-8
cache-control: no-cache

11:36:17.625 [AsyncHttpClient-1-5] DEBUG org.asynchttpclient.netty.channel.ChannelManager - Adding key: http://localhost:13653 for channel [id: 0xdffd1267, L:/127.0.0.1:61309 - R:localhost/127.0.0.1:13653]
11:36:17.627 [Forwarding getElementText on session 343760fe1b3b1d209c4a0d88582a27db to remote] DEBUG org.asynchttpclient.netty.request.NettyRequestSender - Using pooled Channel '[id: 0xdffd1267, L:/127.0.0.1:61309 - R:localhost/127.0.0.1:13653]' for 'GET' to 'http://localhost:13653/session/343760fe1b3b1d209c4a0d88582a27db/element/B5D78317CDC82913058D66A8C952A41F_element_30/text'
11:36:17.627 [Forwarding getElementText on session 343760fe1b3b1d209c4a0d88582a27db to remote] DEBUG org.asynchttpclient.netty.request.NettyRequestSender - Using open Channel [id: 0xdffd1267, L:/127.0.0.1:61309 - R:localhost/127.0.0.1:13653] for GET '/session/343760fe1b3b1d209c4a0d88582a27db/element/B5D78317CDC82913058D66A8C952A41F_element_30/text'
11:36:17.643 [AsyncHttpClient-1-5] DEBUG org.asynchttpclient.netty.handler.HttpHandler - 

Request DefaultFullHttpRequest(decodeResult: success, version: HTTP/1.1, content: EmptyByteBufBE)
GET /session/343760fe1b3b1d209c4a0d88582a27db/element/B5D78317CDC82913058D66A8C952A41F_element_30/text HTTP/1.1
User-Agent: selenium/4.8.0 (java windows)
Cache-Control: no-cache
Content-Type: application/json; charset=utf-8
host: localhost:13653
accept: */*

Response DefaultHttpResponse(decodeResult: success, version: HTTP/1.1)
HTTP/1.1 200 OK
Content-Length: 31
Content-Type: application/json; charset=utf-8
cache-control: no-cache

11:36:17.643 [AsyncHttpClient-1-5] DEBUG org.asynchttpclient.netty.channel.ChannelManager - Adding key: http://localhost:13653 for channel [id: 0xdffd1267, L:/127.0.0.1:61309 - R:localhost/127.0.0.1:13653]
11:36:17.644 [main] INFO  com.swaglabs.base.SetUp - Test.allTheThings() T-Shirt (Red) validated Failed
11:36:17.646 [Forwarding findElements on session 343760fe1b3b1d209c4a0d88582a27db to remote] DEBUG org.asynchttpclient.netty.request.NettyRequestSender - Using pooled Channel '[id: 0xdffd1267, L:/127.0.0.1:61309 - R:localhost/127.0.0.1:13653]' for 'POST' to 'http://localhost:13653/session/343760fe1b3b1d209c4a0d88582a27db/elements'
11:36:17.646 [Forwarding findElements on session 343760fe1b3b1d209c4a0d88582a27db to remote] DEBUG org.asynchttpclient.netty.request.NettyRequestSender - Using open Channel [id: 0xdffd1267, L:/127.0.0.1:61309 - R:localhost/127.0.0.1:13653] for POST '/session/343760fe1b3b1d209c4a0d88582a27db/elements'
11:36:17.655 [AsyncHttpClient-1-5] DEBUG org.asynchttpclient.netty.handler.HttpHandler - 

Request DefaultHttpRequest(decodeResult: success, version: HTTP/1.1)
POST /session/343760fe1b3b1d209c4a0d88582a27db/elements HTTP/1.1
User-Agent: selenium/4.8.0 (java windows)
Content-Length: 111
Content-Type: application/json; charset=utf-8
host: localhost:13653
accept: */*

Response DefaultHttpResponse(decodeResult: success, version: HTTP/1.1)
HTTP/1.1 200 OK
Content-Length: 527
Content-Type: application/json; charset=utf-8
cache-control: no-cache

11:36:17.655 [AsyncHttpClient-1-5] DEBUG org.asynchttpclient.netty.channel.ChannelManager - Adding key: http://localhost:13653 for channel [id: 0xdffd1267, L:/127.0.0.1:61309 - R:localhost/127.0.0.1:13653]
11:36:17.657 [Forwarding findElements on session 343760fe1b3b1d209c4a0d88582a27db to remote] DEBUG org.asynchttpclient.netty.request.NettyRequestSender - Using pooled Channel '[id: 0xdffd1267, L:/127.0.0.1:61309 - R:localhost/127.0.0.1:13653]' for 'POST' to 'http://localhost:13653/session/343760fe1b3b1d209c4a0d88582a27db/elements'
11:36:17.657 [Forwarding findElements on session 343760fe1b3b1d209c4a0d88582a27db to remote] DEBUG org.asynchttpclient.netty.request.NettyRequestSender - Using open Channel [id: 0xdffd1267, L:/127.0.0.1:61309 - R:localhost/127.0.0.1:13653] for POST '/session/343760fe1b3b1d209c4a0d88582a27db/elements'
11:36:17.666 [AsyncHttpClient-1-5] DEBUG org.asynchttpclient.netty.handler.HttpHandler - 

Request DefaultHttpRequest(decodeResult: success, version: HTTP/1.1)
POST /session/343760fe1b3b1d209c4a0d88582a27db/elements HTTP/1.1
User-Agent: selenium/4.8.0 (java windows)
Content-Length: 111
Content-Type: application/json; charset=utf-8
host: localhost:13653
accept: */*

Response DefaultHttpResponse(decodeResult: success, version: HTTP/1.1)
HTTP/1.1 200 OK
Content-Length: 527
Content-Type: application/json; charset=utf-8
cache-control: no-cache

11:36:17.667 [AsyncHttpClient-1-5] DEBUG org.asynchttpclient.netty.channel.ChannelManager - Adding key: http://localhost:13653 for channel [id: 0xdffd1267, L:/127.0.0.1:61309 - R:localhost/127.0.0.1:13653]
11:36:17.667 [Forwarding getElementText on session 343760fe1b3b1d209c4a0d88582a27db to remote] DEBUG org.asynchttpclient.netty.request.NettyRequestSender - Using pooled Channel '[id: 0xdffd1267, L:/127.0.0.1:61309 - R:localhost/127.0.0.1:13653]' for 'GET' to 'http://localhost:13653/session/343760fe1b3b1d209c4a0d88582a27db/element/B5D78317CDC82913058D66A8C952A41F_element_31/text'
11:36:17.667 [Forwarding getElementText on session 343760fe1b3b1d209c4a0d88582a27db to remote] DEBUG org.asynchttpclient.netty.request.NettyRequestSender - Using open Channel [id: 0xdffd1267, L:/127.0.0.1:61309 - R:localhost/127.0.0.1:13653] for GET '/session/343760fe1b3b1d209c4a0d88582a27db/element/B5D78317CDC82913058D66A8C952A41F_element_31/text'
11:36:17.677 [AsyncHttpClient-1-5] DEBUG org.asynchttpclient.netty.handler.HttpHandler - 

Request DefaultFullHttpRequest(decodeResult: success, version: HTTP/1.1, content: EmptyByteBufBE)
GET /session/343760fe1b3b1d209c4a0d88582a27db/element/B5D78317CDC82913058D66A8C952A41F_element_31/text HTTP/1.1
User-Agent: selenium/4.8.0 (java windows)
Cache-Control: no-cache
Content-Type: application/json; charset=utf-8
host: localhost:13653
accept: */*

Response DefaultHttpResponse(decodeResult: success, version: HTTP/1.1)
HTTP/1.1 200 OK
Content-Length: 33
Content-Type: application/json; charset=utf-8
cache-control: no-cache

11:36:17.677 [AsyncHttpClient-1-5] DEBUG org.asynchttpclient.netty.channel.ChannelManager - Adding key: http://localhost:13653 for channel [id: 0xdffd1267, L:/127.0.0.1:61309 - R:localhost/127.0.0.1:13653]
11:36:17.678 [main] INFO  com.swaglabs.base.SetUp - Sauce Labs Onesie validated Failed
11:36:17.680 [Forwarding findElements on session 343760fe1b3b1d209c4a0d88582a27db to remote] DEBUG org.asynchttpclient.netty.request.NettyRequestSender - Using pooled Channel '[id: 0xdffd1267, L:/127.0.0.1:61309 - R:localhost/127.0.0.1:13653]' for 'POST' to 'http://localhost:13653/session/343760fe1b3b1d209c4a0d88582a27db/elements'
11:36:17.680 [Forwarding findElements on session 343760fe1b3b1d209c4a0d88582a27db to remote] DEBUG org.asynchttpclient.netty.request.NettyRequestSender - Using open Channel [id: 0xdffd1267, L:/127.0.0.1:61309 - R:localhost/127.0.0.1:13653] for POST '/session/343760fe1b3b1d209c4a0d88582a27db/elements'
11:36:17.689 [AsyncHttpClient-1-5] DEBUG org.asynchttpclient.netty.handler.HttpHandler - 

Request DefaultHttpRequest(decodeResult: success, version: HTTP/1.1)
POST /session/343760fe1b3b1d209c4a0d88582a27db/elements HTTP/1.1
User-Agent: selenium/4.8.0 (java windows)
Content-Length: 111
Content-Type: application/json; charset=utf-8
host: localhost:13653
accept: */*

Response DefaultHttpResponse(decodeResult: success, version: HTTP/1.1)
HTTP/1.1 200 OK
Content-Length: 527
Content-Type: application/json; charset=utf-8
cache-control: no-cache

11:36:17.689 [AsyncHttpClient-1-5] DEBUG org.asynchttpclient.netty.channel.ChannelManager - Adding key: http://localhost:13653 for channel [id: 0xdffd1267, L:/127.0.0.1:61309 - R:localhost/127.0.0.1:13653]
11:36:17.690 [Forwarding findElements on session 343760fe1b3b1d209c4a0d88582a27db to remote] DEBUG org.asynchttpclient.netty.request.NettyRequestSender - Using pooled Channel '[id: 0xdffd1267, L:/127.0.0.1:61309 - R:localhost/127.0.0.1:13653]' for 'POST' to 'http://localhost:13653/session/343760fe1b3b1d209c4a0d88582a27db/elements'
11:36:17.691 [Forwarding findElements on session 343760fe1b3b1d209c4a0d88582a27db to remote] DEBUG org.asynchttpclient.netty.request.NettyRequestSender - Using open Channel [id: 0xdffd1267, L:/127.0.0.1:61309 - R:localhost/127.0.0.1:13653] for POST '/session/343760fe1b3b1d209c4a0d88582a27db/elements'
11:36:17.701 [AsyncHttpClient-1-5] DEBUG org.asynchttpclient.netty.handler.HttpHandler - 

Request DefaultHttpRequest(decodeResult: success, version: HTTP/1.1)
POST /session/343760fe1b3b1d209c4a0d88582a27db/elements HTTP/1.1
User-Agent: selenium/4.8.0 (java windows)
Content-Length: 111
Content-Type: application/json; charset=utf-8
host: localhost:13653
accept: */*

Response DefaultHttpResponse(decodeResult: success, version: HTTP/1.1)
HTTP/1.1 200 OK
Content-Length: 527
Content-Type: application/json; charset=utf-8
cache-control: no-cache

11:36:17.701 [AsyncHttpClient-1-5] DEBUG org.asynchttpclient.netty.channel.ChannelManager - Adding key: http://localhost:13653 for channel [id: 0xdffd1267, L:/127.0.0.1:61309 - R:localhost/127.0.0.1:13653]
11:36:17.702 [Forwarding getElementText on session 343760fe1b3b1d209c4a0d88582a27db to remote] DEBUG org.asynchttpclient.netty.request.NettyRequestSender - Using pooled Channel '[id: 0xdffd1267, L:/127.0.0.1:61309 - R:localhost/127.0.0.1:13653]' for 'GET' to 'http://localhost:13653/session/343760fe1b3b1d209c4a0d88582a27db/element/B5D78317CDC82913058D66A8C952A41F_element_32/text'
11:36:17.703 [Forwarding getElementText on session 343760fe1b3b1d209c4a0d88582a27db to remote] DEBUG org.asynchttpclient.netty.request.NettyRequestSender - Using open Channel [id: 0xdffd1267, L:/127.0.0.1:61309 - R:localhost/127.0.0.1:13653] for GET '/session/343760fe1b3b1d209c4a0d88582a27db/element/B5D78317CDC82913058D66A8C952A41F_element_32/text'
11:36:17.718 [AsyncHttpClient-1-5] DEBUG org.asynchttpclient.netty.handler.HttpHandler - 

Request DefaultFullHttpRequest(decodeResult: success, version: HTTP/1.1, content: EmptyByteBufBE)
GET /session/343760fe1b3b1d209c4a0d88582a27db/element/B5D78317CDC82913058D66A8C952A41F_element_32/text HTTP/1.1
User-Agent: selenium/4.8.0 (java windows)
Cache-Control: no-cache
Content-Type: application/json; charset=utf-8
host: localhost:13653
accept: */*

Response DefaultHttpResponse(decodeResult: success, version: HTTP/1.1)
HTTP/1.1 200 OK
Content-Length: 35
Content-Type: application/json; charset=utf-8
cache-control: no-cache

11:36:17.718 [AsyncHttpClient-1-5] DEBUG org.asynchttpclient.netty.channel.ChannelManager - Adding key: http://localhost:13653 for channel [id: 0xdffd1267, L:/127.0.0.1:61309 - R:localhost/127.0.0.1:13653]
11:36:17.718 [main] INFO  com.swaglabs.base.SetUp - Sauce Labs Fleece Jacket validated Failed
11:36:17.720 [Forwarding findElements on session 343760fe1b3b1d209c4a0d88582a27db to remote] DEBUG org.asynchttpclient.netty.request.NettyRequestSender - Using pooled Channel '[id: 0xdffd1267, L:/127.0.0.1:61309 - R:localhost/127.0.0.1:13653]' for 'POST' to 'http://localhost:13653/session/343760fe1b3b1d209c4a0d88582a27db/elements'
11:36:17.720 [Forwarding findElements on session 343760fe1b3b1d209c4a0d88582a27db to remote] DEBUG org.asynchttpclient.netty.request.NettyRequestSender - Using open Channel [id: 0xdffd1267, L:/127.0.0.1:61309 - R:localhost/127.0.0.1:13653] for POST '/session/343760fe1b3b1d209c4a0d88582a27db/elements'
11:36:17.729 [AsyncHttpClient-1-5] DEBUG org.asynchttpclient.netty.handler.HttpHandler - 

Request DefaultHttpRequest(decodeResult: success, version: HTTP/1.1)
POST /session/343760fe1b3b1d209c4a0d88582a27db/elements HTTP/1.1
User-Agent: selenium/4.8.0 (java windows)
Content-Length: 111
Content-Type: application/json; charset=utf-8
host: localhost:13653
accept: */*

Response DefaultHttpResponse(decodeResult: success, version: HTTP/1.1)
HTTP/1.1 200 OK
Content-Length: 527
Content-Type: application/json; charset=utf-8
cache-control: no-cache

11:36:17.729 [AsyncHttpClient-1-5] DEBUG org.asynchttpclient.netty.channel.ChannelManager - Adding key: http://localhost:13653 for channel [id: 0xdffd1267, L:/127.0.0.1:61309 - R:localhost/127.0.0.1:13653]
11:36:17.730 [Forwarding findElements on session 343760fe1b3b1d209c4a0d88582a27db to remote] DEBUG org.asynchttpclient.netty.request.NettyRequestSender - Using pooled Channel '[id: 0xdffd1267, L:/127.0.0.1:61309 - R:localhost/127.0.0.1:13653]' for 'POST' to 'http://localhost:13653/session/343760fe1b3b1d209c4a0d88582a27db/elements'
11:36:17.730 [Forwarding findElements on session 343760fe1b3b1d209c4a0d88582a27db to remote] DEBUG org.asynchttpclient.netty.request.NettyRequestSender - Using open Channel [id: 0xdffd1267, L:/127.0.0.1:61309 - R:localhost/127.0.0.1:13653] for POST '/session/343760fe1b3b1d209c4a0d88582a27db/elements'
11:36:17.739 [AsyncHttpClient-1-5] DEBUG org.asynchttpclient.netty.handler.HttpHandler - 

Request DefaultHttpRequest(decodeResult: success, version: HTTP/1.1)
POST /session/343760fe1b3b1d209c4a0d88582a27db/elements HTTP/1.1
User-Agent: selenium/4.8.0 (java windows)
Content-Length: 111
Content-Type: application/json; charset=utf-8
host: localhost:13653
accept: */*

Response DefaultHttpResponse(decodeResult: success, version: HTTP/1.1)
HTTP/1.1 200 OK
Content-Length: 527
Content-Type: application/json; charset=utf-8
cache-control: no-cache

11:36:17.739 [AsyncHttpClient-1-5] DEBUG org.asynchttpclient.netty.channel.ChannelManager - Adding key: http://localhost:13653 for channel [id: 0xdffd1267, L:/127.0.0.1:61309 - R:localhost/127.0.0.1:13653]
11:36:17.740 [Forwarding getElementText on session 343760fe1b3b1d209c4a0d88582a27db to remote] DEBUG org.asynchttpclient.netty.request.NettyRequestSender - Using pooled Channel '[id: 0xdffd1267, L:/127.0.0.1:61309 - R:localhost/127.0.0.1:13653]' for 'GET' to 'http://localhost:13653/session/343760fe1b3b1d209c4a0d88582a27db/element/B5D78317CDC82913058D66A8C952A41F_element_33/text'
11:36:17.740 [Forwarding getElementText on session 343760fe1b3b1d209c4a0d88582a27db to remote] DEBUG org.asynchttpclient.netty.request.NettyRequestSender - Using open Channel [id: 0xdffd1267, L:/127.0.0.1:61309 - R:localhost/127.0.0.1:13653] for GET '/session/343760fe1b3b1d209c4a0d88582a27db/element/B5D78317CDC82913058D66A8C952A41F_element_33/text'
11:36:17.751 [AsyncHttpClient-1-5] DEBUG org.asynchttpclient.netty.handler.HttpHandler - 

Request DefaultFullHttpRequest(decodeResult: success, version: HTTP/1.1, content: EmptyByteBufBE)
GET /session/343760fe1b3b1d209c4a0d88582a27db/element/B5D78317CDC82913058D66A8C952A41F_element_33/text HTTP/1.1
User-Agent: selenium/4.8.0 (java windows)
Cache-Control: no-cache
Content-Type: application/json; charset=utf-8
host: localhost:13653
accept: */*

Response DefaultHttpResponse(decodeResult: success, version: HTTP/1.1)
HTTP/1.1 200 OK
Content-Length: 36
Content-Type: application/json; charset=utf-8
cache-control: no-cache

11:36:17.751 [AsyncHttpClient-1-5] DEBUG org.asynchttpclient.netty.channel.ChannelManager - Adding key: http://localhost:13653 for channel [id: 0xdffd1267, L:/127.0.0.1:61309 - R:localhost/127.0.0.1:13653]
11:36:17.751 [main] INFO  com.swaglabs.base.SetUp - Sauce Labs Bolt T-Shirt validated Failed
11:36:17.753 [Forwarding findElements on session 343760fe1b3b1d209c4a0d88582a27db to remote] DEBUG org.asynchttpclient.netty.request.NettyRequestSender - Using pooled Channel '[id: 0xdffd1267, L:/127.0.0.1:61309 - R:localhost/127.0.0.1:13653]' for 'POST' to 'http://localhost:13653/session/343760fe1b3b1d209c4a0d88582a27db/elements'
11:36:17.753 [Forwarding findElements on session 343760fe1b3b1d209c4a0d88582a27db to remote] DEBUG org.asynchttpclient.netty.request.NettyRequestSender - Using open Channel [id: 0xdffd1267, L:/127.0.0.1:61309 - R:localhost/127.0.0.1:13653] for POST '/session/343760fe1b3b1d209c4a0d88582a27db/elements'
11:36:17.760 [AsyncHttpClient-1-5] DEBUG org.asynchttpclient.netty.handler.HttpHandler - 

Request DefaultHttpRequest(decodeResult: success, version: HTTP/1.1)
POST /session/343760fe1b3b1d209c4a0d88582a27db/elements HTTP/1.1
User-Agent: selenium/4.8.0 (java windows)
Content-Length: 111
Content-Type: application/json; charset=utf-8
host: localhost:13653
accept: */*

Response DefaultHttpResponse(decodeResult: success, version: HTTP/1.1)
HTTP/1.1 200 OK
Content-Length: 527
Content-Type: application/json; charset=utf-8
cache-control: no-cache

11:36:17.760 [AsyncHttpClient-1-5] DEBUG org.asynchttpclient.netty.channel.ChannelManager - Adding key: http://localhost:13653 for channel [id: 0xdffd1267, L:/127.0.0.1:61309 - R:localhost/127.0.0.1:13653]
11:36:17.761 [Forwarding findElements on session 343760fe1b3b1d209c4a0d88582a27db to remote] DEBUG org.asynchttpclient.netty.request.NettyRequestSender - Using pooled Channel '[id: 0xdffd1267, L:/127.0.0.1:61309 - R:localhost/127.0.0.1:13653]' for 'POST' to 'http://localhost:13653/session/343760fe1b3b1d209c4a0d88582a27db/elements'
11:36:17.761 [Forwarding findElements on session 343760fe1b3b1d209c4a0d88582a27db to remote] DEBUG org.asynchttpclient.netty.request.NettyRequestSender - Using open Channel [id: 0xdffd1267, L:/127.0.0.1:61309 - R:localhost/127.0.0.1:13653] for POST '/session/343760fe1b3b1d209c4a0d88582a27db/elements'
11:36:17.766 [AsyncHttpClient-1-5] DEBUG org.asynchttpclient.netty.handler.HttpHandler - 

Request DefaultHttpRequest(decodeResult: success, version: HTTP/1.1)
POST /session/343760fe1b3b1d209c4a0d88582a27db/elements HTTP/1.1
User-Agent: selenium/4.8.0 (java windows)
Content-Length: 111
Content-Type: application/json; charset=utf-8
host: localhost:13653
accept: */*

Response DefaultHttpResponse(decodeResult: success, version: HTTP/1.1)
HTTP/1.1 200 OK
Content-Length: 527
Content-Type: application/json; charset=utf-8
cache-control: no-cache

11:36:17.767 [AsyncHttpClient-1-5] DEBUG org.asynchttpclient.netty.channel.ChannelManager - Adding key: http://localhost:13653 for channel [id: 0xdffd1267, L:/127.0.0.1:61309 - R:localhost/127.0.0.1:13653]
11:36:17.767 [Forwarding getElementText on session 343760fe1b3b1d209c4a0d88582a27db to remote] DEBUG org.asynchttpclient.netty.request.NettyRequestSender - Using pooled Channel '[id: 0xdffd1267, L:/127.0.0.1:61309 - R:localhost/127.0.0.1:13653]' for 'GET' to 'http://localhost:13653/session/343760fe1b3b1d209c4a0d88582a27db/element/B5D78317CDC82913058D66A8C952A41F_element_34/text'
11:36:17.767 [Forwarding getElementText on session 343760fe1b3b1d209c4a0d88582a27db to remote] DEBUG org.asynchttpclient.netty.request.NettyRequestSender - Using open Channel [id: 0xdffd1267, L:/127.0.0.1:61309 - R:localhost/127.0.0.1:13653] for GET '/session/343760fe1b3b1d209c4a0d88582a27db/element/B5D78317CDC82913058D66A8C952A41F_element_34/text'
11:36:17.780 [AsyncHttpClient-1-5] DEBUG org.asynchttpclient.netty.handler.HttpHandler - 

Request DefaultFullHttpRequest(decodeResult: success, version: HTTP/1.1, content: EmptyByteBufBE)
GET /session/343760fe1b3b1d209c4a0d88582a27db/element/B5D78317CDC82913058D66A8C952A41F_element_34/text HTTP/1.1
User-Agent: selenium/4.8.0 (java windows)
Cache-Control: no-cache
Content-Type: application/json; charset=utf-8
host: localhost:13653
accept: */*

Response DefaultHttpResponse(decodeResult: success, version: HTTP/1.1)
HTTP/1.1 200 OK
Content-Length: 29
Content-Type: application/json; charset=utf-8
cache-control: no-cache

11:36:17.780 [AsyncHttpClient-1-5] DEBUG org.asynchttpclient.netty.channel.ChannelManager - Adding key: http://localhost:13653 for channel [id: 0xdffd1267, L:/127.0.0.1:61309 - R:localhost/127.0.0.1:13653]
11:36:17.781 [main] INFO  com.swaglabs.base.SetUp - Sauce Labs Bike Light validated Failed
11:36:17.782 [Forwarding findElements on session 343760fe1b3b1d209c4a0d88582a27db to remote] DEBUG org.asynchttpclient.netty.request.NettyRequestSender - Using pooled Channel '[id: 0xdffd1267, L:/127.0.0.1:61309 - R:localhost/127.0.0.1:13653]' for 'POST' to 'http://localhost:13653/session/343760fe1b3b1d209c4a0d88582a27db/elements'
11:36:17.782 [Forwarding findElements on session 343760fe1b3b1d209c4a0d88582a27db to remote] DEBUG org.asynchttpclient.netty.request.NettyRequestSender - Using open Channel [id: 0xdffd1267, L:/127.0.0.1:61309 - R:localhost/127.0.0.1:13653] for POST '/session/343760fe1b3b1d209c4a0d88582a27db/elements'
11:36:17.791 [AsyncHttpClient-1-5] DEBUG org.asynchttpclient.netty.handler.HttpHandler - 

Request DefaultHttpRequest(decodeResult: success, version: HTTP/1.1)
POST /session/343760fe1b3b1d209c4a0d88582a27db/elements HTTP/1.1
User-Agent: selenium/4.8.0 (java windows)
Content-Length: 111
Content-Type: application/json; charset=utf-8
host: localhost:13653
accept: */*

Response DefaultHttpResponse(decodeResult: success, version: HTTP/1.1)
HTTP/1.1 200 OK
Content-Length: 527
Content-Type: application/json; charset=utf-8
cache-control: no-cache

11:36:17.791 [AsyncHttpClient-1-5] DEBUG org.asynchttpclient.netty.channel.ChannelManager - Adding key: http://localhost:13653 for channel [id: 0xdffd1267, L:/127.0.0.1:61309 - R:localhost/127.0.0.1:13653]
11:36:17.793 [Forwarding findElements on session 343760fe1b3b1d209c4a0d88582a27db to remote] DEBUG org.asynchttpclient.netty.request.NettyRequestSender - Using pooled Channel '[id: 0xdffd1267, L:/127.0.0.1:61309 - R:localhost/127.0.0.1:13653]' for 'POST' to 'http://localhost:13653/session/343760fe1b3b1d209c4a0d88582a27db/elements'
11:36:17.793 [Forwarding findElements on session 343760fe1b3b1d209c4a0d88582a27db to remote] DEBUG org.asynchttpclient.netty.request.NettyRequestSender - Using open Channel [id: 0xdffd1267, L:/127.0.0.1:61309 - R:localhost/127.0.0.1:13653] for POST '/session/343760fe1b3b1d209c4a0d88582a27db/elements'
11:36:17.800 [AsyncHttpClient-1-5] DEBUG org.asynchttpclient.netty.handler.HttpHandler - 

Request DefaultHttpRequest(decodeResult: success, version: HTTP/1.1)
POST /session/343760fe1b3b1d209c4a0d88582a27db/elements HTTP/1.1
User-Agent: selenium/4.8.0 (java windows)
Content-Length: 111
Content-Type: application/json; charset=utf-8
host: localhost:13653
accept: */*

Response DefaultHttpResponse(decodeResult: success, version: HTTP/1.1)
HTTP/1.1 200 OK
Content-Length: 527
Content-Type: application/json; charset=utf-8
cache-control: no-cache

11:36:17.800 [AsyncHttpClient-1-5] DEBUG org.asynchttpclient.netty.channel.ChannelManager - Adding key: http://localhost:13653 for channel [id: 0xdffd1267, L:/127.0.0.1:61309 - R:localhost/127.0.0.1:13653]
11:36:17.802 [Forwarding getElementText on session 343760fe1b3b1d209c4a0d88582a27db to remote] DEBUG org.asynchttpclient.netty.request.NettyRequestSender - Using pooled Channel '[id: 0xdffd1267, L:/127.0.0.1:61309 - R:localhost/127.0.0.1:13653]' for 'GET' to 'http://localhost:13653/session/343760fe1b3b1d209c4a0d88582a27db/element/B5D78317CDC82913058D66A8C952A41F_element_35/text'
11:36:17.802 [Forwarding getElementText on session 343760fe1b3b1d209c4a0d88582a27db to remote] DEBUG org.asynchttpclient.netty.request.NettyRequestSender - Using open Channel [id: 0xdffd1267, L:/127.0.0.1:61309 - R:localhost/127.0.0.1:13653] for GET '/session/343760fe1b3b1d209c4a0d88582a27db/element/B5D78317CDC82913058D66A8C952A41F_element_35/text'
11:36:17.809 [AsyncHttpClient-1-5] DEBUG org.asynchttpclient.netty.handler.HttpHandler - 

Request DefaultFullHttpRequest(decodeResult: success, version: HTTP/1.1, content: EmptyByteBufBE)
GET /session/343760fe1b3b1d209c4a0d88582a27db/element/B5D78317CDC82913058D66A8C952A41F_element_35/text HTTP/1.1
User-Agent: selenium/4.8.0 (java windows)
Cache-Control: no-cache
Content-Type: application/json; charset=utf-8
host: localhost:13653
accept: */*

Response DefaultHttpResponse(decodeResult: success, version: HTTP/1.1)
HTTP/1.1 200 OK
Content-Length: 45
Content-Type: application/json; charset=utf-8
cache-control: no-cache

11:36:17.809 [AsyncHttpClient-1-5] DEBUG org.asynchttpclient.netty.channel.ChannelManager - Adding key: http://localhost:13653 for channel [id: 0xdffd1267, L:/127.0.0.1:61309 - R:localhost/127.0.0.1:13653]
11:36:17.810 [main] INFO  com.swaglabs.base.SetUp - Sauce Labs Backpack validated Failed
11:36:17.811 [Forwarding findElements on session 343760fe1b3b1d209c4a0d88582a27db to remote] DEBUG org.asynchttpclient.netty.request.NettyRequestSender - Using pooled Channel '[id: 0xdffd1267, L:/127.0.0.1:61309 - R:localhost/127.0.0.1:13653]' for 'POST' to 'http://localhost:13653/session/343760fe1b3b1d209c4a0d88582a27db/elements'
11:36:17.811 [Forwarding findElements on session 343760fe1b3b1d209c4a0d88582a27db to remote] DEBUG org.asynchttpclient.netty.request.NettyRequestSender - Using open Channel [id: 0xdffd1267, L:/127.0.0.1:61309 - R:localhost/127.0.0.1:13653] for POST '/session/343760fe1b3b1d209c4a0d88582a27db/elements'
11:36:17.820 [AsyncHttpClient-1-5] DEBUG org.asynchttpclient.netty.handler.HttpHandler - 

Request DefaultHttpRequest(decodeResult: success, version: HTTP/1.1)
POST /session/343760fe1b3b1d209c4a0d88582a27db/elements HTTP/1.1
User-Agent: selenium/4.8.0 (java windows)
Content-Length: 111
Content-Type: application/json; charset=utf-8
host: localhost:13653
accept: */*

Response DefaultHttpResponse(decodeResult: success, version: HTTP/1.1)
HTTP/1.1 200 OK
Content-Length: 527
Content-Type: application/json; charset=utf-8
cache-control: no-cache

11:36:17.820 [AsyncHttpClient-1-5] DEBUG org.asynchttpclient.netty.channel.ChannelManager - Adding key: http://localhost:13653 for channel [id: 0xdffd1267, L:/127.0.0.1:61309 - R:localhost/127.0.0.1:13653]
11:36:17.829 [Forwarding getAlertText on session 343760fe1b3b1d209c4a0d88582a27db to remote] DEBUG org.asynchttpclient.netty.request.NettyRequestSender - Using pooled Channel '[id: 0xdffd1267, L:/127.0.0.1:61309 - R:localhost/127.0.0.1:13653]' for 'GET' to 'http://localhost:13653/session/343760fe1b3b1d209c4a0d88582a27db/alert/text'
11:36:17.829 [Forwarding getAlertText on session 343760fe1b3b1d209c4a0d88582a27db to remote] DEBUG org.asynchttpclient.netty.request.NettyRequestSender - Using open Channel [id: 0xdffd1267, L:/127.0.0.1:61309 - R:localhost/127.0.0.1:13653] for GET '/session/343760fe1b3b1d209c4a0d88582a27db/alert/text'
11:36:17.830 [AsyncHttpClient-1-5] DEBUG org.asynchttpclient.netty.handler.HttpHandler - 

Request DefaultFullHttpRequest(decodeResult: success, version: HTTP/1.1, content: EmptyByteBufBE)
GET /session/343760fe1b3b1d209c4a0d88582a27db/alert/text HTTP/1.1
User-Agent: selenium/4.8.0 (java windows)
Cache-Control: no-cache
Content-Type: application/json; charset=utf-8
host: localhost:13653
accept: */*

Response DefaultHttpResponse(decodeResult: success, version: HTTP/1.1)
HTTP/1.1 404 Not Found
Content-Length: 1522
Content-Type: application/json; charset=utf-8
cache-control: no-cache

11:36:17.830 [AsyncHttpClient-1-5] DEBUG org.asynchttpclient.netty.channel.ChannelManager - Adding key: http://localhost:13653 for channel [id: 0xdffd1267, L:/127.0.0.1:61309 - R:localhost/127.0.0.1:13653]
11:36:17.832 [Forwarding getCurrentUrl on session 343760fe1b3b1d209c4a0d88582a27db to remote] DEBUG org.asynchttpclient.netty.request.NettyRequestSender - Using pooled Channel '[id: 0xdffd1267, L:/127.0.0.1:61309 - R:localhost/127.0.0.1:13653]' for 'GET' to 'http://localhost:13653/session/343760fe1b3b1d209c4a0d88582a27db/url'
11:36:17.832 [Forwarding getCurrentUrl on session 343760fe1b3b1d209c4a0d88582a27db to remote] DEBUG org.asynchttpclient.netty.request.NettyRequestSender - Using open Channel [id: 0xdffd1267, L:/127.0.0.1:61309 - R:localhost/127.0.0.1:13653] for GET '/session/343760fe1b3b1d209c4a0d88582a27db/url'
11:36:17.836 [AsyncHttpClient-1-5] DEBUG org.asynchttpclient.netty.handler.HttpHandler - 

Request DefaultFullHttpRequest(decodeResult: success, version: HTTP/1.1, content: EmptyByteBufBE)
GET /session/343760fe1b3b1d209c4a0d88582a27db/url HTTP/1.1
User-Agent: selenium/4.8.0 (java windows)
Cache-Control: no-cache
Content-Type: application/json; charset=utf-8
host: localhost:13653
accept: */*

Response DefaultHttpResponse(decodeResult: success, version: HTTP/1.1)
HTTP/1.1 200 OK
Content-Length: 52
Content-Type: application/json; charset=utf-8
cache-control: no-cache

11:36:17.836 [AsyncHttpClient-1-5] DEBUG org.asynchttpclient.netty.channel.ChannelManager - Adding key: http://localhost:13653 for channel [id: 0xdffd1267, L:/127.0.0.1:61309 - R:localhost/127.0.0.1:13653]
11:36:17.836 [Forwarding screenshot on session 343760fe1b3b1d209c4a0d88582a27db to remote] DEBUG org.asynchttpclient.netty.request.NettyRequestSender - Using pooled Channel '[id: 0xdffd1267, L:/127.0.0.1:61309 - R:localhost/127.0.0.1:13653]' for 'GET' to 'http://localhost:13653/session/343760fe1b3b1d209c4a0d88582a27db/screenshot'
11:36:17.836 [Forwarding screenshot on session 343760fe1b3b1d209c4a0d88582a27db to remote] DEBUG org.asynchttpclient.netty.request.NettyRequestSender - Using open Channel [id: 0xdffd1267, L:/127.0.0.1:61309 - R:localhost/127.0.0.1:13653] for GET '/session/343760fe1b3b1d209c4a0d88582a27db/screenshot'
11:36:18.050 [AsyncHttpClient-1-5] DEBUG org.asynchttpclient.netty.handler.HttpHandler - 

Request DefaultFullHttpRequest(decodeResult: success, version: HTTP/1.1, content: EmptyByteBufBE)
GET /session/343760fe1b3b1d209c4a0d88582a27db/screenshot HTTP/1.1
User-Agent: selenium/4.8.0 (java windows)
Cache-Control: no-cache
Content-Type: application/json; charset=utf-8
host: localhost:13653
accept: */*

Response DefaultHttpResponse(decodeResult: success, version: HTTP/1.1)
HTTP/1.1 200 OK
Content-Length: 563500
Content-Type: application/json; charset=utf-8
cache-control: no-cache

11:36:18.051 [AsyncHttpClient-1-5] DEBUG org.asynchttpclient.netty.channel.ChannelManager - Adding key: http://localhost:13653 for channel [id: 0xdffd1267, L:/127.0.0.1:61309 - R:localhost/127.0.0.1:13653]
11:36:18.065 [main] DEBUG net.serenitybdd.core.photography.Darkroom - Send negative for processing for target\site\serenity\4bed3cdfce91ca4f358d5285b57371c62ff9f4a6deb5992f6a647f712a576b8a.png
11:36:18.066 [main] DEBUG net.thucydides.core.steps.StepInterceptor - STEP DONE: validate FilterProductZToA
11:36:18.073 [Forwarding getPageSource on session 343760fe1b3b1d209c4a0d88582a27db to remote] DEBUG org.asynchttpclient.netty.request.NettyRequestSender - Using pooled Channel '[id: 0xdffd1267, L:/127.0.0.1:61309 - R:localhost/127.0.0.1:13653]' for 'POST' to 'http://localhost:13653/session/343760fe1b3b1d209c4a0d88582a27db/execute/sync'
11:36:18.073 [Forwarding getPageSource on session 343760fe1b3b1d209c4a0d88582a27db to remote] DEBUG org.asynchttpclient.netty.request.NettyRequestSender - Using open Channel [id: 0xdffd1267, L:/127.0.0.1:61309 - R:localhost/127.0.0.1:13653] for POST '/session/343760fe1b3b1d209c4a0d88582a27db/execute/sync'
11:36:18.082 [AsyncHttpClient-1-5] DEBUG org.asynchttpclient.netty.handler.HttpHandler - 

Request DefaultHttpRequest(decodeResult: success, version: HTTP/1.1)
POST /session/343760fe1b3b1d209c4a0d88582a27db/execute/sync HTTP/1.1
User-Agent: selenium/4.8.0 (java windows)
Content-Length: 176
Content-Type: application/json; charset=utf-8
host: localhost:13653
accept: */*

Response DefaultHttpResponse(decodeResult: success, version: HTTP/1.1)
HTTP/1.1 200 OK
Content-Length: 16311
Content-Type: application/json; charset=utf-8
cache-control: no-cache

11:36:18.082 [AsyncHttpClient-1-5] DEBUG org.asynchttpclient.netty.channel.ChannelManager - Adding key: http://localhost:13653 for channel [id: 0xdffd1267, L:/127.0.0.1:61309 - R:localhost/127.0.0.1:13653]
11:36:18.083 [Forwarding getCurrentUrl on session 343760fe1b3b1d209c4a0d88582a27db to remote] DEBUG org.asynchttpclient.netty.request.NettyRequestSender - Using pooled Channel '[id: 0xdffd1267, L:/127.0.0.1:61309 - R:localhost/127.0.0.1:13653]' for 'GET' to 'http://localhost:13653/session/343760fe1b3b1d209c4a0d88582a27db/url'
11:36:18.083 [Forwarding getCurrentUrl on session 343760fe1b3b1d209c4a0d88582a27db to remote] DEBUG org.asynchttpclient.netty.request.NettyRequestSender - Using open Channel [id: 0xdffd1267, L:/127.0.0.1:61309 - R:localhost/127.0.0.1:13653] for GET '/session/343760fe1b3b1d209c4a0d88582a27db/url'
11:36:18.088 [AsyncHttpClient-1-5] DEBUG org.asynchttpclient.netty.handler.HttpHandler - 

Request DefaultFullHttpRequest(decodeResult: success, version: HTTP/1.1, content: EmptyByteBufBE)
GET /session/343760fe1b3b1d209c4a0d88582a27db/url HTTP/1.1
User-Agent: selenium/4.8.0 (java windows)
Cache-Control: no-cache
Content-Type: application/json; charset=utf-8
host: localhost:13653
accept: */*

Response DefaultHttpResponse(decodeResult: success, version: HTTP/1.1)
HTTP/1.1 200 OK
Content-Length: 52
Content-Type: application/json; charset=utf-8
cache-control: no-cache

11:36:18.088 [AsyncHttpClient-1-5] DEBUG org.asynchttpclient.netty.channel.ChannelManager - Adding key: http://localhost:13653 for channel [id: 0xdffd1267, L:/127.0.0.1:61309 - R:localhost/127.0.0.1:13653]
11:36:18.095 [main] DEBUG net.thucydides.core.steps.StepInterceptor - STARTING STEP: InventoryPageSteps.test5_validateSortinLogicInFilter - chooseFilterLowToHigh
11:36:18.096 [Forwarding findElement on session 343760fe1b3b1d209c4a0d88582a27db to remote] DEBUG org.asynchttpclient.netty.request.NettyRequestSender - Using pooled Channel '[id: 0xdffd1267, L:/127.0.0.1:61309 - R:localhost/127.0.0.1:13653]' for 'POST' to 'http://localhost:13653/session/343760fe1b3b1d209c4a0d88582a27db/element'
11:36:18.097 [Forwarding findElement on session 343760fe1b3b1d209c4a0d88582a27db to remote] DEBUG org.asynchttpclient.netty.request.NettyRequestSender - Using open Channel [id: 0xdffd1267, L:/127.0.0.1:61309 - R:localhost/127.0.0.1:13653] for POST '/session/343760fe1b3b1d209c4a0d88582a27db/element'
11:36:18.104 [AsyncHttpClient-1-5] DEBUG org.asynchttpclient.netty.handler.HttpHandler - 

Request DefaultHttpRequest(decodeResult: success, version: HTTP/1.1)
POST /session/343760fe1b3b1d209c4a0d88582a27db/element HTTP/1.1
User-Agent: selenium/4.8.0 (java windows)
Content-Length: 88
Content-Type: application/json; charset=utf-8
host: localhost:13653
accept: */*

Response DefaultHttpResponse(decodeResult: success, version: HTTP/1.1)
HTTP/1.1 200 OK
Content-Length: 95
Content-Type: application/json; charset=utf-8
cache-control: no-cache

11:36:18.104 [AsyncHttpClient-1-5] DEBUG org.asynchttpclient.netty.channel.ChannelManager - Adding key: http://localhost:13653 for channel [id: 0xdffd1267, L:/127.0.0.1:61309 - R:localhost/127.0.0.1:13653]
11:36:18.107 [Forwarding isElementDisplayed on session 343760fe1b3b1d209c4a0d88582a27db to remote] DEBUG org.asynchttpclient.netty.request.NettyRequestSender - Using pooled Channel '[id: 0xdffd1267, L:/127.0.0.1:61309 - R:localhost/127.0.0.1:13653]' for 'POST' to 'http://localhost:13653/session/343760fe1b3b1d209c4a0d88582a27db/execute/sync'
11:36:18.107 [Forwarding isElementDisplayed on session 343760fe1b3b1d209c4a0d88582a27db to remote] DEBUG org.asynchttpclient.netty.request.NettyRequestSender - Using open Channel [id: 0xdffd1267, L:/127.0.0.1:61309 - R:localhost/127.0.0.1:13653] for POST '/session/343760fe1b3b1d209c4a0d88582a27db/execute/sync'
11:36:18.119 [AsyncHttpClient-1-5] DEBUG org.asynchttpclient.netty.handler.HttpHandler - 

Request DefaultHttpRequest(decodeResult: success, version: HTTP/1.1)
POST /session/343760fe1b3b1d209c4a0d88582a27db/execute/sync HTTP/1.1
User-Agent: selenium/4.8.0 (java windows)
Content-Length: 48814
Content-Type: application/json; charset=utf-8
host: localhost:13653
accept: */*

Response DefaultHttpResponse(decodeResult: success, version: HTTP/1.1)
HTTP/1.1 200 OK
Content-Length: 14
Content-Type: application/json; charset=utf-8
cache-control: no-cache

11:36:18.119 [AsyncHttpClient-1-5] DEBUG org.asynchttpclient.netty.channel.ChannelManager - Adding key: http://localhost:13653 for channel [id: 0xdffd1267, L:/127.0.0.1:61309 - R:localhost/127.0.0.1:13653]
11:36:18.121 [Forwarding getElementTagName on session 343760fe1b3b1d209c4a0d88582a27db to remote] DEBUG org.asynchttpclient.netty.request.NettyRequestSender - Using pooled Channel '[id: 0xdffd1267, L:/127.0.0.1:61309 - R:localhost/127.0.0.1:13653]' for 'GET' to 'http://localhost:13653/session/343760fe1b3b1d209c4a0d88582a27db/element/B5D78317CDC82913058D66A8C952A41F_element_20/name'
11:36:18.121 [Forwarding getElementTagName on session 343760fe1b3b1d209c4a0d88582a27db to remote] DEBUG org.asynchttpclient.netty.request.NettyRequestSender - Using open Channel [id: 0xdffd1267, L:/127.0.0.1:61309 - R:localhost/127.0.0.1:13653] for GET '/session/343760fe1b3b1d209c4a0d88582a27db/element/B5D78317CDC82913058D66A8C952A41F_element_20/name'
11:36:18.127 [AsyncHttpClient-1-5] DEBUG org.asynchttpclient.netty.handler.HttpHandler - 

Request DefaultFullHttpRequest(decodeResult: success, version: HTTP/1.1, content: EmptyByteBufBE)
GET /session/343760fe1b3b1d209c4a0d88582a27db/element/B5D78317CDC82913058D66A8C952A41F_element_20/name HTTP/1.1
User-Agent: selenium/4.8.0 (java windows)
Cache-Control: no-cache
Content-Type: application/json; charset=utf-8
host: localhost:13653
accept: */*

Response DefaultHttpResponse(decodeResult: success, version: HTTP/1.1)
HTTP/1.1 200 OK
Content-Length: 18
Content-Type: application/json; charset=utf-8
cache-control: no-cache

11:36:18.127 [AsyncHttpClient-1-5] DEBUG org.asynchttpclient.netty.channel.ChannelManager - Adding key: http://localhost:13653 for channel [id: 0xdffd1267, L:/127.0.0.1:61309 - R:localhost/127.0.0.1:13653]
11:36:18.127 [Forwarding getElementDomAttribute on session 343760fe1b3b1d209c4a0d88582a27db to remote] DEBUG org.asynchttpclient.netty.request.NettyRequestSender - Using pooled Channel '[id: 0xdffd1267, L:/127.0.0.1:61309 - R:localhost/127.0.0.1:13653]' for 'GET' to 'http://localhost:13653/session/343760fe1b3b1d209c4a0d88582a27db/element/B5D78317CDC82913058D66A8C952A41F_element_20/attribute/multiple'
11:36:18.127 [Forwarding getElementDomAttribute on session 343760fe1b3b1d209c4a0d88582a27db to remote] DEBUG org.asynchttpclient.netty.request.NettyRequestSender - Using open Channel [id: 0xdffd1267, L:/127.0.0.1:61309 - R:localhost/127.0.0.1:13653] for GET '/session/343760fe1b3b1d209c4a0d88582a27db/element/B5D78317CDC82913058D66A8C952A41F_element_20/attribute/multiple'
11:36:18.131 [AsyncHttpClient-1-5] DEBUG org.asynchttpclient.netty.handler.HttpHandler - 

Request DefaultFullHttpRequest(decodeResult: success, version: HTTP/1.1, content: EmptyByteBufBE)
GET /session/343760fe1b3b1d209c4a0d88582a27db/element/B5D78317CDC82913058D66A8C952A41F_element_20/attribute/multiple HTTP/1.1
User-Agent: selenium/4.8.0 (java windows)
Cache-Control: no-cache
Content-Type: application/json; charset=utf-8
host: localhost:13653
accept: */*

Response DefaultHttpResponse(decodeResult: success, version: HTTP/1.1)
HTTP/1.1 200 OK
Content-Length: 14
Content-Type: application/json; charset=utf-8
cache-control: no-cache

11:36:18.132 [AsyncHttpClient-1-5] DEBUG org.asynchttpclient.netty.channel.ChannelManager - Adding key: http://localhost:13653 for channel [id: 0xdffd1267, L:/127.0.0.1:61309 - R:localhost/127.0.0.1:13653]
11:36:18.132 [Forwarding isElementEnabled on session 343760fe1b3b1d209c4a0d88582a27db to remote] DEBUG org.asynchttpclient.netty.request.NettyRequestSender - Using pooled Channel '[id: 0xdffd1267, L:/127.0.0.1:61309 - R:localhost/127.0.0.1:13653]' for 'GET' to 'http://localhost:13653/session/343760fe1b3b1d209c4a0d88582a27db/element/B5D78317CDC82913058D66A8C952A41F_element_20/enabled'
11:36:18.132 [Forwarding isElementEnabled on session 343760fe1b3b1d209c4a0d88582a27db to remote] DEBUG org.asynchttpclient.netty.request.NettyRequestSender - Using open Channel [id: 0xdffd1267, L:/127.0.0.1:61309 - R:localhost/127.0.0.1:13653] for GET '/session/343760fe1b3b1d209c4a0d88582a27db/element/B5D78317CDC82913058D66A8C952A41F_element_20/enabled'
11:36:18.138 [AsyncHttpClient-1-5] DEBUG org.asynchttpclient.netty.handler.HttpHandler - 

Request DefaultFullHttpRequest(decodeResult: success, version: HTTP/1.1, content: EmptyByteBufBE)
GET /session/343760fe1b3b1d209c4a0d88582a27db/element/B5D78317CDC82913058D66A8C952A41F_element_20/enabled HTTP/1.1
User-Agent: selenium/4.8.0 (java windows)
Cache-Control: no-cache
Content-Type: application/json; charset=utf-8
host: localhost:13653
accept: */*

Response DefaultHttpResponse(decodeResult: success, version: HTTP/1.1)
HTTP/1.1 200 OK
Content-Length: 14
Content-Type: application/json; charset=utf-8
cache-control: no-cache

11:36:18.138 [AsyncHttpClient-1-5] DEBUG org.asynchttpclient.netty.channel.ChannelManager - Adding key: http://localhost:13653 for channel [id: 0xdffd1267, L:/127.0.0.1:61309 - R:localhost/127.0.0.1:13653]
11:36:18.139 [Forwarding findChildElements on session 343760fe1b3b1d209c4a0d88582a27db to remote] DEBUG org.asynchttpclient.netty.request.NettyRequestSender - Using pooled Channel '[id: 0xdffd1267, L:/127.0.0.1:61309 - R:localhost/127.0.0.1:13653]' for 'POST' to 'http://localhost:13653/session/343760fe1b3b1d209c4a0d88582a27db/element/B5D78317CDC82913058D66A8C952A41F_element_20/elements'
11:36:18.139 [Forwarding findChildElements on session 343760fe1b3b1d209c4a0d88582a27db to remote] DEBUG org.asynchttpclient.netty.request.NettyRequestSender - Using open Channel [id: 0xdffd1267, L:/127.0.0.1:61309 - R:localhost/127.0.0.1:13653] for POST '/session/343760fe1b3b1d209c4a0d88582a27db/element/B5D78317CDC82913058D66A8C952A41F_element_20/elements'
11:36:18.146 [AsyncHttpClient-1-5] DEBUG org.asynchttpclient.netty.handler.HttpHandler - 

Request DefaultHttpRequest(decodeResult: success, version: HTTP/1.1)
POST /session/343760fe1b3b1d209c4a0d88582a27db/element/B5D78317CDC82913058D66A8C952A41F_element_20/elements HTTP/1.1
User-Agent: selenium/4.8.0 (java windows)
Content-Length: 101
Content-Type: application/json; charset=utf-8
host: localhost:13653
accept: */*

Response DefaultHttpResponse(decodeResult: success, version: HTTP/1.1)
HTTP/1.1 200 OK
Content-Length: 355
Content-Type: application/json; charset=utf-8
cache-control: no-cache

11:36:18.146 [AsyncHttpClient-1-5] DEBUG org.asynchttpclient.netty.channel.ChannelManager - Adding key: http://localhost:13653 for channel [id: 0xdffd1267, L:/127.0.0.1:61309 - R:localhost/127.0.0.1:13653]
11:36:18.148 [Forwarding getElementAttribute on session 343760fe1b3b1d209c4a0d88582a27db to remote] DEBUG org.asynchttpclient.netty.request.NettyRequestSender - Using pooled Channel '[id: 0xdffd1267, L:/127.0.0.1:61309 - R:localhost/127.0.0.1:13653]' for 'POST' to 'http://localhost:13653/session/343760fe1b3b1d209c4a0d88582a27db/execute/sync'
11:36:18.148 [Forwarding getElementAttribute on session 343760fe1b3b1d209c4a0d88582a27db to remote] DEBUG org.asynchttpclient.netty.request.NettyRequestSender - Using open Channel [id: 0xdffd1267, L:/127.0.0.1:61309 - R:localhost/127.0.0.1:13653] for POST '/session/343760fe1b3b1d209c4a0d88582a27db/execute/sync'
11:36:18.156 [AsyncHttpClient-1-5] DEBUG org.asynchttpclient.netty.handler.HttpHandler - 

Request DefaultHttpRequest(decodeResult: success, version: HTTP/1.1)
POST /session/343760fe1b3b1d209c4a0d88582a27db/execute/sync HTTP/1.1
User-Agent: selenium/4.8.0 (java windows)
Content-Length: 47375
Content-Type: application/json; charset=utf-8
host: localhost:13653
accept: */*

Response DefaultHttpResponse(decodeResult: success, version: HTTP/1.1)
HTTP/1.1 200 OK
Content-Length: 13
Content-Type: application/json; charset=utf-8
cache-control: no-cache

11:36:18.156 [AsyncHttpClient-1-5] DEBUG org.asynchttpclient.netty.channel.ChannelManager - Adding key: http://localhost:13653 for channel [id: 0xdffd1267, L:/127.0.0.1:61309 - R:localhost/127.0.0.1:13653]
11:36:18.158 [Forwarding getElementAttribute on session 343760fe1b3b1d209c4a0d88582a27db to remote] DEBUG org.asynchttpclient.netty.request.NettyRequestSender - Using pooled Channel '[id: 0xdffd1267, L:/127.0.0.1:61309 - R:localhost/127.0.0.1:13653]' for 'POST' to 'http://localhost:13653/session/343760fe1b3b1d209c4a0d88582a27db/execute/sync'
11:36:18.158 [Forwarding getElementAttribute on session 343760fe1b3b1d209c4a0d88582a27db to remote] DEBUG org.asynchttpclient.netty.request.NettyRequestSender - Using open Channel [id: 0xdffd1267, L:/127.0.0.1:61309 - R:localhost/127.0.0.1:13653] for POST '/session/343760fe1b3b1d209c4a0d88582a27db/execute/sync'
11:36:18.166 [AsyncHttpClient-1-5] DEBUG org.asynchttpclient.netty.handler.HttpHandler - 

Request DefaultHttpRequest(decodeResult: success, version: HTTP/1.1)
POST /session/343760fe1b3b1d209c4a0d88582a27db/execute/sync HTTP/1.1
User-Agent: selenium/4.8.0 (java windows)
Content-Length: 47375
Content-Type: application/json; charset=utf-8
host: localhost:13653
accept: */*

Response DefaultHttpResponse(decodeResult: success, version: HTTP/1.1)
HTTP/1.1 200 OK
Content-Length: 13
Content-Type: application/json; charset=utf-8
cache-control: no-cache

11:36:18.166 [AsyncHttpClient-1-5] DEBUG org.asynchttpclient.netty.channel.ChannelManager - Adding key: http://localhost:13653 for channel [id: 0xdffd1267, L:/127.0.0.1:61309 - R:localhost/127.0.0.1:13653]
11:36:18.170 [Forwarding getElementAttribute on session 343760fe1b3b1d209c4a0d88582a27db to remote] DEBUG org.asynchttpclient.netty.request.NettyRequestSender - Using pooled Channel '[id: 0xdffd1267, L:/127.0.0.1:61309 - R:localhost/127.0.0.1:13653]' for 'POST' to 'http://localhost:13653/session/343760fe1b3b1d209c4a0d88582a27db/execute/sync'
11:36:18.170 [Forwarding getElementAttribute on session 343760fe1b3b1d209c4a0d88582a27db to remote] DEBUG org.asynchttpclient.netty.request.NettyRequestSender - Using open Channel [id: 0xdffd1267, L:/127.0.0.1:61309 - R:localhost/127.0.0.1:13653] for POST '/session/343760fe1b3b1d209c4a0d88582a27db/execute/sync'
11:36:18.183 [AsyncHttpClient-1-5] DEBUG org.asynchttpclient.netty.handler.HttpHandler - 

Request DefaultHttpRequest(decodeResult: success, version: HTTP/1.1)
POST /session/343760fe1b3b1d209c4a0d88582a27db/execute/sync HTTP/1.1
User-Agent: selenium/4.8.0 (java windows)
Content-Length: 47375
Content-Type: application/json; charset=utf-8
host: localhost:13653
accept: */*

Response DefaultHttpResponse(decodeResult: success, version: HTTP/1.1)
HTTP/1.1 200 OK
Content-Length: 13
Content-Type: application/json; charset=utf-8
cache-control: no-cache

11:36:18.183 [AsyncHttpClient-1-5] DEBUG org.asynchttpclient.netty.channel.ChannelManager - Adding key: http://localhost:13653 for channel [id: 0xdffd1267, L:/127.0.0.1:61309 - R:localhost/127.0.0.1:13653]
11:36:18.183 [Forwarding isElementEnabled on session 343760fe1b3b1d209c4a0d88582a27db to remote] DEBUG org.asynchttpclient.netty.request.NettyRequestSender - Using pooled Channel '[id: 0xdffd1267, L:/127.0.0.1:61309 - R:localhost/127.0.0.1:13653]' for 'GET' to 'http://localhost:13653/session/343760fe1b3b1d209c4a0d88582a27db/element/B5D78317CDC82913058D66A8C952A41F_element_51/enabled'
11:36:18.183 [Forwarding isElementEnabled on session 343760fe1b3b1d209c4a0d88582a27db to remote] DEBUG org.asynchttpclient.netty.request.NettyRequestSender - Using open Channel [id: 0xdffd1267, L:/127.0.0.1:61309 - R:localhost/127.0.0.1:13653] for GET '/session/343760fe1b3b1d209c4a0d88582a27db/element/B5D78317CDC82913058D66A8C952A41F_element_51/enabled'
11:36:18.191 [AsyncHttpClient-1-5] DEBUG org.asynchttpclient.netty.handler.HttpHandler - 

Request DefaultFullHttpRequest(decodeResult: success, version: HTTP/1.1, content: EmptyByteBufBE)
GET /session/343760fe1b3b1d209c4a0d88582a27db/element/B5D78317CDC82913058D66A8C952A41F_element_51/enabled HTTP/1.1
User-Agent: selenium/4.8.0 (java windows)
Cache-Control: no-cache
Content-Type: application/json; charset=utf-8
host: localhost:13653
accept: */*

Response DefaultHttpResponse(decodeResult: success, version: HTTP/1.1)
HTTP/1.1 200 OK
Content-Length: 14
Content-Type: application/json; charset=utf-8
cache-control: no-cache

11:36:18.191 [AsyncHttpClient-1-5] DEBUG org.asynchttpclient.netty.channel.ChannelManager - Adding key: http://localhost:13653 for channel [id: 0xdffd1267, L:/127.0.0.1:61309 - R:localhost/127.0.0.1:13653]
11:36:18.191 [Forwarding isElementSelected on session 343760fe1b3b1d209c4a0d88582a27db to remote] DEBUG org.asynchttpclient.netty.request.NettyRequestSender - Using pooled Channel '[id: 0xdffd1267, L:/127.0.0.1:61309 - R:localhost/127.0.0.1:13653]' for 'GET' to 'http://localhost:13653/session/343760fe1b3b1d209c4a0d88582a27db/element/B5D78317CDC82913058D66A8C952A41F_element_51/selected'
11:36:18.191 [Forwarding isElementSelected on session 343760fe1b3b1d209c4a0d88582a27db to remote] DEBUG org.asynchttpclient.netty.request.NettyRequestSender - Using open Channel [id: 0xdffd1267, L:/127.0.0.1:61309 - R:localhost/127.0.0.1:13653] for GET '/session/343760fe1b3b1d209c4a0d88582a27db/element/B5D78317CDC82913058D66A8C952A41F_element_51/selected'
11:36:18.198 [AsyncHttpClient-1-5] DEBUG org.asynchttpclient.netty.handler.HttpHandler - 

Request DefaultFullHttpRequest(decodeResult: success, version: HTTP/1.1, content: EmptyByteBufBE)
GET /session/343760fe1b3b1d209c4a0d88582a27db/element/B5D78317CDC82913058D66A8C952A41F_element_51/selected HTTP/1.1
User-Agent: selenium/4.8.0 (java windows)
Cache-Control: no-cache
Content-Type: application/json; charset=utf-8
host: localhost:13653
accept: */*

Response DefaultHttpResponse(decodeResult: success, version: HTTP/1.1)
HTTP/1.1 200 OK
Content-Length: 15
Content-Type: application/json; charset=utf-8
cache-control: no-cache

11:36:18.198 [AsyncHttpClient-1-5] DEBUG org.asynchttpclient.netty.channel.ChannelManager - Adding key: http://localhost:13653 for channel [id: 0xdffd1267, L:/127.0.0.1:61309 - R:localhost/127.0.0.1:13653]
11:36:18.200 [Forwarding clickElement on session 343760fe1b3b1d209c4a0d88582a27db to remote] DEBUG org.asynchttpclient.netty.request.NettyRequestSender - Using pooled Channel '[id: 0xdffd1267, L:/127.0.0.1:61309 - R:localhost/127.0.0.1:13653]' for 'POST' to 'http://localhost:13653/session/343760fe1b3b1d209c4a0d88582a27db/element/B5D78317CDC82913058D66A8C952A41F_element_51/click'
11:36:18.200 [Forwarding clickElement on session 343760fe1b3b1d209c4a0d88582a27db to remote] DEBUG org.asynchttpclient.netty.request.NettyRequestSender - Using open Channel [id: 0xdffd1267, L:/127.0.0.1:61309 - R:localhost/127.0.0.1:13653] for POST '/session/343760fe1b3b1d209c4a0d88582a27db/element/B5D78317CDC82913058D66A8C952A41F_element_51/click'
11:36:18.217 [AsyncHttpClient-1-5] DEBUG org.asynchttpclient.netty.handler.HttpHandler - 

Request DefaultHttpRequest(decodeResult: success, version: HTTP/1.1)
POST /session/343760fe1b3b1d209c4a0d88582a27db/element/B5D78317CDC82913058D66A8C952A41F_element_51/click HTTP/1.1
User-Agent: selenium/4.8.0 (java windows)
Content-Length: 57
Content-Type: application/json; charset=utf-8
host: localhost:13653
accept: */*

Response DefaultHttpResponse(decodeResult: success, version: HTTP/1.1)
HTTP/1.1 200 OK
Content-Length: 14
Content-Type: application/json; charset=utf-8
cache-control: no-cache

11:36:18.217 [AsyncHttpClient-1-5] DEBUG org.asynchttpclient.netty.channel.ChannelManager - Adding key: http://localhost:13653 for channel [id: 0xdffd1267, L:/127.0.0.1:61309 - R:localhost/127.0.0.1:13653]
11:36:18.218 [main] INFO  com.swaglabs.base.SetUp - filter low to high selected
11:36:18.224 [Forwarding getAlertText on session 343760fe1b3b1d209c4a0d88582a27db to remote] DEBUG org.asynchttpclient.netty.request.NettyRequestSender - Using pooled Channel '[id: 0xdffd1267, L:/127.0.0.1:61309 - R:localhost/127.0.0.1:13653]' for 'GET' to 'http://localhost:13653/session/343760fe1b3b1d209c4a0d88582a27db/alert/text'
11:36:18.225 [Forwarding getAlertText on session 343760fe1b3b1d209c4a0d88582a27db to remote] DEBUG org.asynchttpclient.netty.request.NettyRequestSender - Using open Channel [id: 0xdffd1267, L:/127.0.0.1:61309 - R:localhost/127.0.0.1:13653] for GET '/session/343760fe1b3b1d209c4a0d88582a27db/alert/text'
11:36:18.227 [AsyncHttpClient-1-5] DEBUG org.asynchttpclient.netty.handler.HttpHandler - 

Request DefaultFullHttpRequest(decodeResult: success, version: HTTP/1.1, content: EmptyByteBufBE)
GET /session/343760fe1b3b1d209c4a0d88582a27db/alert/text HTTP/1.1
User-Agent: selenium/4.8.0 (java windows)
Cache-Control: no-cache
Content-Type: application/json; charset=utf-8
host: localhost:13653
accept: */*

Response DefaultHttpResponse(decodeResult: success, version: HTTP/1.1)
HTTP/1.1 404 Not Found
Content-Length: 1522
Content-Type: application/json; charset=utf-8
cache-control: no-cache

11:36:18.227 [AsyncHttpClient-1-5] DEBUG org.asynchttpclient.netty.channel.ChannelManager - Adding key: http://localhost:13653 for channel [id: 0xdffd1267, L:/127.0.0.1:61309 - R:localhost/127.0.0.1:13653]
11:36:18.227 [Forwarding getCurrentUrl on session 343760fe1b3b1d209c4a0d88582a27db to remote] DEBUG org.asynchttpclient.netty.request.NettyRequestSender - Using pooled Channel '[id: 0xdffd1267, L:/127.0.0.1:61309 - R:localhost/127.0.0.1:13653]' for 'GET' to 'http://localhost:13653/session/343760fe1b3b1d209c4a0d88582a27db/url'
11:36:18.227 [Forwarding getCurrentUrl on session 343760fe1b3b1d209c4a0d88582a27db to remote] DEBUG org.asynchttpclient.netty.request.NettyRequestSender - Using open Channel [id: 0xdffd1267, L:/127.0.0.1:61309 - R:localhost/127.0.0.1:13653] for GET '/session/343760fe1b3b1d209c4a0d88582a27db/url'
11:36:18.236 [AsyncHttpClient-1-5] DEBUG org.asynchttpclient.netty.handler.HttpHandler - 

Request DefaultFullHttpRequest(decodeResult: success, version: HTTP/1.1, content: EmptyByteBufBE)
GET /session/343760fe1b3b1d209c4a0d88582a27db/url HTTP/1.1
User-Agent: selenium/4.8.0 (java windows)
Cache-Control: no-cache
Content-Type: application/json; charset=utf-8
host: localhost:13653
accept: */*

Response DefaultHttpResponse(decodeResult: success, version: HTTP/1.1)
HTTP/1.1 200 OK
Content-Length: 52
Content-Type: application/json; charset=utf-8
cache-control: no-cache

11:36:18.236 [AsyncHttpClient-1-5] DEBUG org.asynchttpclient.netty.channel.ChannelManager - Adding key: http://localhost:13653 for channel [id: 0xdffd1267, L:/127.0.0.1:61309 - R:localhost/127.0.0.1:13653]
11:36:18.238 [Forwarding screenshot on session 343760fe1b3b1d209c4a0d88582a27db to remote] DEBUG org.asynchttpclient.netty.request.NettyRequestSender - Using pooled Channel '[id: 0xdffd1267, L:/127.0.0.1:61309 - R:localhost/127.0.0.1:13653]' for 'GET' to 'http://localhost:13653/session/343760fe1b3b1d209c4a0d88582a27db/screenshot'
11:36:18.238 [Forwarding screenshot on session 343760fe1b3b1d209c4a0d88582a27db to remote] DEBUG org.asynchttpclient.netty.request.NettyRequestSender - Using open Channel [id: 0xdffd1267, L:/127.0.0.1:61309 - R:localhost/127.0.0.1:13653] for GET '/session/343760fe1b3b1d209c4a0d88582a27db/screenshot'
11:36:18.433 [AsyncHttpClient-1-5] DEBUG org.asynchttpclient.netty.handler.HttpHandler - 

Request DefaultFullHttpRequest(decodeResult: success, version: HTTP/1.1, content: EmptyByteBufBE)
GET /session/343760fe1b3b1d209c4a0d88582a27db/screenshot HTTP/1.1
User-Agent: selenium/4.8.0 (java windows)
Cache-Control: no-cache
Content-Type: application/json; charset=utf-8
host: localhost:13653
accept: */*

Response DefaultHttpResponse(decodeResult: success, version: HTTP/1.1)
HTTP/1.1 200 OK
Content-Length: 563500
Content-Type: application/json; charset=utf-8
cache-control: no-cache

11:36:18.434 [AsyncHttpClient-1-5] DEBUG org.asynchttpclient.netty.channel.ChannelManager - Adding key: http://localhost:13653 for channel [id: 0xdffd1267, L:/127.0.0.1:61309 - R:localhost/127.0.0.1:13653]
11:36:18.453 [main] DEBUG net.serenitybdd.core.photography.Darkroom - Send negative for processing for target\site\serenity\4bed3cdfce91ca4f358d5285b57371c62ff9f4a6deb5992f6a647f712a576b8a.png
11:36:18.453 [main] DEBUG net.thucydides.core.steps.StepInterceptor - STEP DONE: chooseFilterLowToHigh
11:36:18.458 [Forwarding getPageSource on session 343760fe1b3b1d209c4a0d88582a27db to remote] DEBUG org.asynchttpclient.netty.request.NettyRequestSender - Using pooled Channel '[id: 0xdffd1267, L:/127.0.0.1:61309 - R:localhost/127.0.0.1:13653]' for 'POST' to 'http://localhost:13653/session/343760fe1b3b1d209c4a0d88582a27db/execute/sync'
11:36:18.458 [Forwarding getPageSource on session 343760fe1b3b1d209c4a0d88582a27db to remote] DEBUG org.asynchttpclient.netty.request.NettyRequestSender - Using open Channel [id: 0xdffd1267, L:/127.0.0.1:61309 - R:localhost/127.0.0.1:13653] for POST '/session/343760fe1b3b1d209c4a0d88582a27db/execute/sync'
11:36:18.468 [AsyncHttpClient-1-5] DEBUG org.asynchttpclient.netty.handler.HttpHandler - 

Request DefaultHttpRequest(decodeResult: success, version: HTTP/1.1)
POST /session/343760fe1b3b1d209c4a0d88582a27db/execute/sync HTTP/1.1
User-Agent: selenium/4.8.0 (java windows)
Content-Length: 176
Content-Type: application/json; charset=utf-8
host: localhost:13653
accept: */*

Response DefaultHttpResponse(decodeResult: success, version: HTTP/1.1)
HTTP/1.1 200 OK
Content-Length: 16311
Content-Type: application/json; charset=utf-8
cache-control: no-cache

11:36:18.468 [AsyncHttpClient-1-5] DEBUG org.asynchttpclient.netty.channel.ChannelManager - Adding key: http://localhost:13653 for channel [id: 0xdffd1267, L:/127.0.0.1:61309 - R:localhost/127.0.0.1:13653]
11:36:18.469 [Forwarding getCurrentUrl on session 343760fe1b3b1d209c4a0d88582a27db to remote] DEBUG org.asynchttpclient.netty.request.NettyRequestSender - Using pooled Channel '[id: 0xdffd1267, L:/127.0.0.1:61309 - R:localhost/127.0.0.1:13653]' for 'GET' to 'http://localhost:13653/session/343760fe1b3b1d209c4a0d88582a27db/url'
11:36:18.469 [Forwarding getCurrentUrl on session 343760fe1b3b1d209c4a0d88582a27db to remote] DEBUG org.asynchttpclient.netty.request.NettyRequestSender - Using open Channel [id: 0xdffd1267, L:/127.0.0.1:61309 - R:localhost/127.0.0.1:13653] for GET '/session/343760fe1b3b1d209c4a0d88582a27db/url'
11:36:18.474 [AsyncHttpClient-1-5] DEBUG org.asynchttpclient.netty.handler.HttpHandler - 

Request DefaultFullHttpRequest(decodeResult: success, version: HTTP/1.1, content: EmptyByteBufBE)
GET /session/343760fe1b3b1d209c4a0d88582a27db/url HTTP/1.1
User-Agent: selenium/4.8.0 (java windows)
Cache-Control: no-cache
Content-Type: application/json; charset=utf-8
host: localhost:13653
accept: */*

Response DefaultHttpResponse(decodeResult: success, version: HTTP/1.1)
HTTP/1.1 200 OK
Content-Length: 52
Content-Type: application/json; charset=utf-8
cache-control: no-cache

11:36:18.474 [AsyncHttpClient-1-5] DEBUG org.asynchttpclient.netty.channel.ChannelManager - Adding key: http://localhost:13653 for channel [id: 0xdffd1267, L:/127.0.0.1:61309 - R:localhost/127.0.0.1:13653]
11:36:18.486 [main] DEBUG net.thucydides.core.steps.StepInterceptor - STARTING STEP: InventoryPageSteps.test5_validateSortinLogicInFilter - validate ProductsPricesLowToHigh
11:36:18.488 [Forwarding findElements on session 343760fe1b3b1d209c4a0d88582a27db to remote] DEBUG org.asynchttpclient.netty.request.NettyRequestSender - Using pooled Channel '[id: 0xdffd1267, L:/127.0.0.1:61309 - R:localhost/127.0.0.1:13653]' for 'POST' to 'http://localhost:13653/session/343760fe1b3b1d209c4a0d88582a27db/elements'
11:36:18.488 [Forwarding findElements on session 343760fe1b3b1d209c4a0d88582a27db to remote] DEBUG org.asynchttpclient.netty.request.NettyRequestSender - Using open Channel [id: 0xdffd1267, L:/127.0.0.1:61309 - R:localhost/127.0.0.1:13653] for POST '/session/343760fe1b3b1d209c4a0d88582a27db/elements'
11:36:18.497 [AsyncHttpClient-1-5] DEBUG org.asynchttpclient.netty.handler.HttpHandler - 

Request DefaultHttpRequest(decodeResult: success, version: HTTP/1.1)
POST /session/343760fe1b3b1d209c4a0d88582a27db/elements HTTP/1.1
User-Agent: selenium/4.8.0 (java windows)
Content-Length: 83
Content-Type: application/json; charset=utf-8
host: localhost:13653
accept: */*

Response DefaultHttpResponse(decodeResult: success, version: HTTP/1.1)
HTTP/1.1 200 OK
Content-Length: 527
Content-Type: application/json; charset=utf-8
cache-control: no-cache

11:36:18.497 [AsyncHttpClient-1-5] DEBUG org.asynchttpclient.netty.channel.ChannelManager - Adding key: http://localhost:13653 for channel [id: 0xdffd1267, L:/127.0.0.1:61309 - R:localhost/127.0.0.1:13653]
11:36:18.497 [Forwarding findElements on session 343760fe1b3b1d209c4a0d88582a27db to remote] DEBUG org.asynchttpclient.netty.request.NettyRequestSender - Using pooled Channel '[id: 0xdffd1267, L:/127.0.0.1:61309 - R:localhost/127.0.0.1:13653]' for 'POST' to 'http://localhost:13653/session/343760fe1b3b1d209c4a0d88582a27db/elements'
11:36:18.497 [Forwarding findElements on session 343760fe1b3b1d209c4a0d88582a27db to remote] DEBUG org.asynchttpclient.netty.request.NettyRequestSender - Using open Channel [id: 0xdffd1267, L:/127.0.0.1:61309 - R:localhost/127.0.0.1:13653] for POST '/session/343760fe1b3b1d209c4a0d88582a27db/elements'
11:36:18.504 [AsyncHttpClient-1-5] DEBUG org.asynchttpclient.netty.handler.HttpHandler - 

Request DefaultHttpRequest(decodeResult: success, version: HTTP/1.1)
POST /session/343760fe1b3b1d209c4a0d88582a27db/elements HTTP/1.1
User-Agent: selenium/4.8.0 (java windows)
Content-Length: 83
Content-Type: application/json; charset=utf-8
host: localhost:13653
accept: */*

Response DefaultHttpResponse(decodeResult: success, version: HTTP/1.1)
HTTP/1.1 200 OK
Content-Length: 527
Content-Type: application/json; charset=utf-8
cache-control: no-cache

11:36:18.504 [AsyncHttpClient-1-5] DEBUG org.asynchttpclient.netty.channel.ChannelManager - Adding key: http://localhost:13653 for channel [id: 0xdffd1267, L:/127.0.0.1:61309 - R:localhost/127.0.0.1:13653]
11:36:18.505 [Forwarding findElements on session 343760fe1b3b1d209c4a0d88582a27db to remote] DEBUG org.asynchttpclient.netty.request.NettyRequestSender - Using pooled Channel '[id: 0xdffd1267, L:/127.0.0.1:61309 - R:localhost/127.0.0.1:13653]' for 'POST' to 'http://localhost:13653/session/343760fe1b3b1d209c4a0d88582a27db/elements'
11:36:18.505 [Forwarding findElements on session 343760fe1b3b1d209c4a0d88582a27db to remote] DEBUG org.asynchttpclient.netty.request.NettyRequestSender - Using open Channel [id: 0xdffd1267, L:/127.0.0.1:61309 - R:localhost/127.0.0.1:13653] for POST '/session/343760fe1b3b1d209c4a0d88582a27db/elements'
11:36:18.514 [AsyncHttpClient-1-5] DEBUG org.asynchttpclient.netty.handler.HttpHandler - 

Request DefaultHttpRequest(decodeResult: success, version: HTTP/1.1)
POST /session/343760fe1b3b1d209c4a0d88582a27db/elements HTTP/1.1
User-Agent: selenium/4.8.0 (java windows)
Content-Length: 83
Content-Type: application/json; charset=utf-8
host: localhost:13653
accept: */*

Response DefaultHttpResponse(decodeResult: success, version: HTTP/1.1)
HTTP/1.1 200 OK
Content-Length: 527
Content-Type: application/json; charset=utf-8
cache-control: no-cache

11:36:18.514 [AsyncHttpClient-1-5] DEBUG org.asynchttpclient.netty.channel.ChannelManager - Adding key: http://localhost:13653 for channel [id: 0xdffd1267, L:/127.0.0.1:61309 - R:localhost/127.0.0.1:13653]
11:36:18.516 [Forwarding getElementText on session 343760fe1b3b1d209c4a0d88582a27db to remote] DEBUG org.asynchttpclient.netty.request.NettyRequestSender - Using pooled Channel '[id: 0xdffd1267, L:/127.0.0.1:61309 - R:localhost/127.0.0.1:13653]' for 'GET' to 'http://localhost:13653/session/343760fe1b3b1d209c4a0d88582a27db/element/B5D78317CDC82913058D66A8C952A41F_element_36/text'
11:36:18.516 [Forwarding getElementText on session 343760fe1b3b1d209c4a0d88582a27db to remote] DEBUG org.asynchttpclient.netty.request.NettyRequestSender - Using open Channel [id: 0xdffd1267, L:/127.0.0.1:61309 - R:localhost/127.0.0.1:13653] for GET '/session/343760fe1b3b1d209c4a0d88582a27db/element/B5D78317CDC82913058D66A8C952A41F_element_36/text'
11:36:18.522 [AsyncHttpClient-1-5] DEBUG org.asynchttpclient.netty.handler.HttpHandler - 

Request DefaultFullHttpRequest(decodeResult: success, version: HTTP/1.1, content: EmptyByteBufBE)
GET /session/343760fe1b3b1d209c4a0d88582a27db/element/B5D78317CDC82913058D66A8C952A41F_element_36/text HTTP/1.1
User-Agent: selenium/4.8.0 (java windows)
Cache-Control: no-cache
Content-Type: application/json; charset=utf-8
host: localhost:13653
accept: */*

Response DefaultHttpResponse(decodeResult: success, version: HTTP/1.1)
HTTP/1.1 200 OK
Content-Length: 18
Content-Type: application/json; charset=utf-8
cache-control: no-cache

11:36:18.522 [AsyncHttpClient-1-5] DEBUG org.asynchttpclient.netty.channel.ChannelManager - Adding key: http://localhost:13653 for channel [id: 0xdffd1267, L:/127.0.0.1:61309 - R:localhost/127.0.0.1:13653]
11:36:18.524 [Forwarding findElements on session 343760fe1b3b1d209c4a0d88582a27db to remote] DEBUG org.asynchttpclient.netty.request.NettyRequestSender - Using pooled Channel '[id: 0xdffd1267, L:/127.0.0.1:61309 - R:localhost/127.0.0.1:13653]' for 'POST' to 'http://localhost:13653/session/343760fe1b3b1d209c4a0d88582a27db/elements'
11:36:18.524 [Forwarding findElements on session 343760fe1b3b1d209c4a0d88582a27db to remote] DEBUG org.asynchttpclient.netty.request.NettyRequestSender - Using open Channel [id: 0xdffd1267, L:/127.0.0.1:61309 - R:localhost/127.0.0.1:13653] for POST '/session/343760fe1b3b1d209c4a0d88582a27db/elements'
11:36:18.531 [AsyncHttpClient-1-5] DEBUG org.asynchttpclient.netty.handler.HttpHandler - 

Request DefaultHttpRequest(decodeResult: success, version: HTTP/1.1)
POST /session/343760fe1b3b1d209c4a0d88582a27db/elements HTTP/1.1
User-Agent: selenium/4.8.0 (java windows)
Content-Length: 83
Content-Type: application/json; charset=utf-8
host: localhost:13653
accept: */*

Response DefaultHttpResponse(decodeResult: success, version: HTTP/1.1)
HTTP/1.1 200 OK
Content-Length: 527
Content-Type: application/json; charset=utf-8
cache-control: no-cache

11:36:18.531 [AsyncHttpClient-1-5] DEBUG org.asynchttpclient.netty.channel.ChannelManager - Adding key: http://localhost:13653 for channel [id: 0xdffd1267, L:/127.0.0.1:61309 - R:localhost/127.0.0.1:13653]
11:36:18.531 [Forwarding getElementTagName on session 343760fe1b3b1d209c4a0d88582a27db to remote] DEBUG org.asynchttpclient.netty.request.NettyRequestSender - Using pooled Channel '[id: 0xdffd1267, L:/127.0.0.1:61309 - R:localhost/127.0.0.1:13653]' for 'GET' to 'http://localhost:13653/session/343760fe1b3b1d209c4a0d88582a27db/element/B5D78317CDC82913058D66A8C952A41F_element_36/name'
11:36:18.531 [Forwarding getElementTagName on session 343760fe1b3b1d209c4a0d88582a27db to remote] DEBUG org.asynchttpclient.netty.request.NettyRequestSender - Using open Channel [id: 0xdffd1267, L:/127.0.0.1:61309 - R:localhost/127.0.0.1:13653] for GET '/session/343760fe1b3b1d209c4a0d88582a27db/element/B5D78317CDC82913058D66A8C952A41F_element_36/name'
11:36:18.534 [AsyncHttpClient-1-5] DEBUG org.asynchttpclient.netty.handler.HttpHandler - 

Request DefaultFullHttpRequest(decodeResult: success, version: HTTP/1.1, content: EmptyByteBufBE)
GET /session/343760fe1b3b1d209c4a0d88582a27db/element/B5D78317CDC82913058D66A8C952A41F_element_36/name HTTP/1.1
User-Agent: selenium/4.8.0 (java windows)
Cache-Control: no-cache
Content-Type: application/json; charset=utf-8
host: localhost:13653
accept: */*

Response DefaultHttpResponse(decodeResult: success, version: HTTP/1.1)
HTTP/1.1 200 OK
Content-Length: 15
Content-Type: application/json; charset=utf-8
cache-control: no-cache

11:36:18.535 [AsyncHttpClient-1-5] DEBUG org.asynchttpclient.netty.channel.ChannelManager - Adding key: http://localhost:13653 for channel [id: 0xdffd1267, L:/127.0.0.1:61309 - R:localhost/127.0.0.1:13653]
11:36:18.536 [Forwarding getElementAttribute on session 343760fe1b3b1d209c4a0d88582a27db to remote] DEBUG org.asynchttpclient.netty.request.NettyRequestSender - Using pooled Channel '[id: 0xdffd1267, L:/127.0.0.1:61309 - R:localhost/127.0.0.1:13653]' for 'POST' to 'http://localhost:13653/session/343760fe1b3b1d209c4a0d88582a27db/execute/sync'
11:36:18.536 [Forwarding getElementAttribute on session 343760fe1b3b1d209c4a0d88582a27db to remote] DEBUG org.asynchttpclient.netty.request.NettyRequestSender - Using open Channel [id: 0xdffd1267, L:/127.0.0.1:61309 - R:localhost/127.0.0.1:13653] for POST '/session/343760fe1b3b1d209c4a0d88582a27db/execute/sync'
11:36:18.543 [AsyncHttpClient-1-5] DEBUG org.asynchttpclient.netty.handler.HttpHandler - 

Request DefaultHttpRequest(decodeResult: success, version: HTTP/1.1)
POST /session/343760fe1b3b1d209c4a0d88582a27db/execute/sync HTTP/1.1
User-Agent: selenium/4.8.0 (java windows)
Content-Length: 47372
Content-Type: application/json; charset=utf-8
host: localhost:13653
accept: */*

Response DefaultHttpResponse(decodeResult: success, version: HTTP/1.1)
HTTP/1.1 200 OK
Content-Length: 12
Content-Type: application/json; charset=utf-8
cache-control: no-cache

11:36:18.543 [AsyncHttpClient-1-5] DEBUG org.asynchttpclient.netty.channel.ChannelManager - Adding key: http://localhost:13653 for channel [id: 0xdffd1267, L:/127.0.0.1:61309 - R:localhost/127.0.0.1:13653]
11:36:18.544 [Forwarding getElementAttribute on session 343760fe1b3b1d209c4a0d88582a27db to remote] DEBUG org.asynchttpclient.netty.request.NettyRequestSender - Using pooled Channel '[id: 0xdffd1267, L:/127.0.0.1:61309 - R:localhost/127.0.0.1:13653]' for 'POST' to 'http://localhost:13653/session/343760fe1b3b1d209c4a0d88582a27db/execute/sync'
11:36:18.544 [Forwarding getElementAttribute on session 343760fe1b3b1d209c4a0d88582a27db to remote] DEBUG org.asynchttpclient.netty.request.NettyRequestSender - Using open Channel [id: 0xdffd1267, L:/127.0.0.1:61309 - R:localhost/127.0.0.1:13653] for POST '/session/343760fe1b3b1d209c4a0d88582a27db/execute/sync'
11:36:18.552 [AsyncHttpClient-1-5] DEBUG org.asynchttpclient.netty.handler.HttpHandler - 

Request DefaultHttpRequest(decodeResult: success, version: HTTP/1.1)
POST /session/343760fe1b3b1d209c4a0d88582a27db/execute/sync HTTP/1.1
User-Agent: selenium/4.8.0 (java windows)
Content-Length: 47374
Content-Type: application/json; charset=utf-8
host: localhost:13653
accept: */*

Response DefaultHttpResponse(decodeResult: success, version: HTTP/1.1)
HTTP/1.1 200 OK
Content-Length: 14
Content-Type: application/json; charset=utf-8
cache-control: no-cache

11:36:18.552 [AsyncHttpClient-1-5] DEBUG org.asynchttpclient.netty.channel.ChannelManager - Adding key: http://localhost:13653 for channel [id: 0xdffd1267, L:/127.0.0.1:61309 - R:localhost/127.0.0.1:13653]
11:36:18.557 [Forwarding getElementAttribute on session 343760fe1b3b1d209c4a0d88582a27db to remote] DEBUG org.asynchttpclient.netty.request.NettyRequestSender - Using pooled Channel '[id: 0xdffd1267, L:/127.0.0.1:61309 - R:localhost/127.0.0.1:13653]' for 'POST' to 'http://localhost:13653/session/343760fe1b3b1d209c4a0d88582a27db/execute/sync'
11:36:18.557 [Forwarding getElementAttribute on session 343760fe1b3b1d209c4a0d88582a27db to remote] DEBUG org.asynchttpclient.netty.request.NettyRequestSender - Using open Channel [id: 0xdffd1267, L:/127.0.0.1:61309 - R:localhost/127.0.0.1:13653] for POST '/session/343760fe1b3b1d209c4a0d88582a27db/execute/sync'
11:36:18.564 [AsyncHttpClient-1-5] DEBUG org.asynchttpclient.netty.handler.HttpHandler - 

Request DefaultHttpRequest(decodeResult: success, version: HTTP/1.1)
POST /session/343760fe1b3b1d209c4a0d88582a27db/execute/sync HTTP/1.1
User-Agent: selenium/4.8.0 (java windows)
Content-Length: 47374
Content-Type: application/json; charset=utf-8
host: localhost:13653
accept: */*

Response DefaultHttpResponse(decodeResult: success, version: HTTP/1.1)
HTTP/1.1 200 OK
Content-Length: 14
Content-Type: application/json; charset=utf-8
cache-control: no-cache

11:36:18.564 [AsyncHttpClient-1-5] DEBUG org.asynchttpclient.netty.channel.ChannelManager - Adding key: http://localhost:13653 for channel [id: 0xdffd1267, L:/127.0.0.1:61309 - R:localhost/127.0.0.1:13653]
11:36:18.566 [Forwarding getElementAttribute on session 343760fe1b3b1d209c4a0d88582a27db to remote] DEBUG org.asynchttpclient.netty.request.NettyRequestSender - Using pooled Channel '[id: 0xdffd1267, L:/127.0.0.1:61309 - R:localhost/127.0.0.1:13653]' for 'POST' to 'http://localhost:13653/session/343760fe1b3b1d209c4a0d88582a27db/execute/sync'
11:36:18.566 [Forwarding getElementAttribute on session 343760fe1b3b1d209c4a0d88582a27db to remote] DEBUG org.asynchttpclient.netty.request.NettyRequestSender - Using open Channel [id: 0xdffd1267, L:/127.0.0.1:61309 - R:localhost/127.0.0.1:13653] for POST '/session/343760fe1b3b1d209c4a0d88582a27db/execute/sync'
11:36:18.574 [AsyncHttpClient-1-5] DEBUG org.asynchttpclient.netty.handler.HttpHandler - 

Request DefaultHttpRequest(decodeResult: success, version: HTTP/1.1)
POST /session/343760fe1b3b1d209c4a0d88582a27db/execute/sync HTTP/1.1
User-Agent: selenium/4.8.0 (java windows)
Content-Length: 47374
Content-Type: application/json; charset=utf-8
host: localhost:13653
accept: */*

Response DefaultHttpResponse(decodeResult: success, version: HTTP/1.1)
HTTP/1.1 200 OK
Content-Length: 14
Content-Type: application/json; charset=utf-8
cache-control: no-cache

11:36:18.575 [AsyncHttpClient-1-5] DEBUG org.asynchttpclient.netty.channel.ChannelManager - Adding key: http://localhost:13653 for channel [id: 0xdffd1267, L:/127.0.0.1:61309 - R:localhost/127.0.0.1:13653]
11:36:18.578 [Forwarding getElementAttribute on session 343760fe1b3b1d209c4a0d88582a27db to remote] DEBUG org.asynchttpclient.netty.request.NettyRequestSender - Using pooled Channel '[id: 0xdffd1267, L:/127.0.0.1:61309 - R:localhost/127.0.0.1:13653]' for 'POST' to 'http://localhost:13653/session/343760fe1b3b1d209c4a0d88582a27db/execute/sync'
11:36:18.578 [Forwarding getElementAttribute on session 343760fe1b3b1d209c4a0d88582a27db to remote] DEBUG org.asynchttpclient.netty.request.NettyRequestSender - Using open Channel [id: 0xdffd1267, L:/127.0.0.1:61309 - R:localhost/127.0.0.1:13653] for POST '/session/343760fe1b3b1d209c4a0d88582a27db/execute/sync'
11:36:18.584 [AsyncHttpClient-1-5] DEBUG org.asynchttpclient.netty.handler.HttpHandler - 

Request DefaultHttpRequest(decodeResult: success, version: HTTP/1.1)
POST /session/343760fe1b3b1d209c4a0d88582a27db/execute/sync HTTP/1.1
User-Agent: selenium/4.8.0 (java windows)
Content-Length: 47375
Content-Type: application/json; charset=utf-8
host: localhost:13653
accept: */*

Response DefaultHttpResponse(decodeResult: success, version: HTTP/1.1)
HTTP/1.1 200 OK
Content-Length: 14
Content-Type: application/json; charset=utf-8
cache-control: no-cache

11:36:18.585 [AsyncHttpClient-1-5] DEBUG org.asynchttpclient.netty.channel.ChannelManager - Adding key: http://localhost:13653 for channel [id: 0xdffd1267, L:/127.0.0.1:61309 - R:localhost/127.0.0.1:13653]
11:36:18.587 [Forwarding getElementAttribute on session 343760fe1b3b1d209c4a0d88582a27db to remote] DEBUG org.asynchttpclient.netty.request.NettyRequestSender - Using pooled Channel '[id: 0xdffd1267, L:/127.0.0.1:61309 - R:localhost/127.0.0.1:13653]' for 'POST' to 'http://localhost:13653/session/343760fe1b3b1d209c4a0d88582a27db/execute/sync'
11:36:18.587 [Forwarding getElementAttribute on session 343760fe1b3b1d209c4a0d88582a27db to remote] DEBUG org.asynchttpclient.netty.request.NettyRequestSender - Using open Channel [id: 0xdffd1267, L:/127.0.0.1:61309 - R:localhost/127.0.0.1:13653] for POST '/session/343760fe1b3b1d209c4a0d88582a27db/execute/sync'
11:36:18.593 [AsyncHttpClient-1-5] DEBUG org.asynchttpclient.netty.handler.HttpHandler - 

Request DefaultHttpRequest(decodeResult: success, version: HTTP/1.1)
POST /session/343760fe1b3b1d209c4a0d88582a27db/execute/sync HTTP/1.1
User-Agent: selenium/4.8.0 (java windows)
Content-Length: 47375
Content-Type: application/json; charset=utf-8
host: localhost:13653
accept: */*

Response DefaultHttpResponse(decodeResult: success, version: HTTP/1.1)
HTTP/1.1 200 OK
Content-Length: 32
Content-Type: application/json; charset=utf-8
cache-control: no-cache

11:36:18.593 [AsyncHttpClient-1-5] DEBUG org.asynchttpclient.netty.channel.ChannelManager - Adding key: http://localhost:13653 for channel [id: 0xdffd1267, L:/127.0.0.1:61309 - R:localhost/127.0.0.1:13653]
11:36:18.594 [Forwarding getElementAttribute on session 343760fe1b3b1d209c4a0d88582a27db to remote] DEBUG org.asynchttpclient.netty.request.NettyRequestSender - Using pooled Channel '[id: 0xdffd1267, L:/127.0.0.1:61309 - R:localhost/127.0.0.1:13653]' for 'POST' to 'http://localhost:13653/session/343760fe1b3b1d209c4a0d88582a27db/execute/sync'
11:36:18.594 [Forwarding getElementAttribute on session 343760fe1b3b1d209c4a0d88582a27db to remote] DEBUG org.asynchttpclient.netty.request.NettyRequestSender - Using open Channel [id: 0xdffd1267, L:/127.0.0.1:61309 - R:localhost/127.0.0.1:13653] for POST '/session/343760fe1b3b1d209c4a0d88582a27db/execute/sync'
11:36:18.603 [AsyncHttpClient-1-5] DEBUG org.asynchttpclient.netty.handler.HttpHandler - 

Request DefaultHttpRequest(decodeResult: success, version: HTTP/1.1)
POST /session/343760fe1b3b1d209c4a0d88582a27db/execute/sync HTTP/1.1
User-Agent: selenium/4.8.0 (java windows)
Content-Length: 47375
Content-Type: application/json; charset=utf-8
host: localhost:13653
accept: */*

Response DefaultHttpResponse(decodeResult: success, version: HTTP/1.1)
HTTP/1.1 200 OK
Content-Length: 32
Content-Type: application/json; charset=utf-8
cache-control: no-cache

11:36:18.603 [AsyncHttpClient-1-5] DEBUG org.asynchttpclient.netty.channel.ChannelManager - Adding key: http://localhost:13653 for channel [id: 0xdffd1267, L:/127.0.0.1:61309 - R:localhost/127.0.0.1:13653]
<div class='inventory_item_price'> - InventoryPage.productpricesprice validation failed
11:36:18.604 [Forwarding findElements on session 343760fe1b3b1d209c4a0d88582a27db to remote] DEBUG org.asynchttpclient.netty.request.NettyRequestSender - Using pooled Channel '[id: 0xdffd1267, L:/127.0.0.1:61309 - R:localhost/127.0.0.1:13653]' for 'POST' to 'http://localhost:13653/session/343760fe1b3b1d209c4a0d88582a27db/elements'
11:36:18.604 [Forwarding findElements on session 343760fe1b3b1d209c4a0d88582a27db to remote] DEBUG org.asynchttpclient.netty.request.NettyRequestSender - Using open Channel [id: 0xdffd1267, L:/127.0.0.1:61309 - R:localhost/127.0.0.1:13653] for POST '/session/343760fe1b3b1d209c4a0d88582a27db/elements'
11:36:18.612 [AsyncHttpClient-1-5] DEBUG org.asynchttpclient.netty.handler.HttpHandler - 

Request DefaultHttpRequest(decodeResult: success, version: HTTP/1.1)
POST /session/343760fe1b3b1d209c4a0d88582a27db/elements HTTP/1.1
User-Agent: selenium/4.8.0 (java windows)
Content-Length: 83
Content-Type: application/json; charset=utf-8
host: localhost:13653
accept: */*

Response DefaultHttpResponse(decodeResult: success, version: HTTP/1.1)
HTTP/1.1 200 OK
Content-Length: 527
Content-Type: application/json; charset=utf-8
cache-control: no-cache

11:36:18.612 [AsyncHttpClient-1-5] DEBUG org.asynchttpclient.netty.channel.ChannelManager - Adding key: http://localhost:13653 for channel [id: 0xdffd1267, L:/127.0.0.1:61309 - R:localhost/127.0.0.1:13653]
11:36:18.613 [Forwarding findElements on session 343760fe1b3b1d209c4a0d88582a27db to remote] DEBUG org.asynchttpclient.netty.request.NettyRequestSender - Using pooled Channel '[id: 0xdffd1267, L:/127.0.0.1:61309 - R:localhost/127.0.0.1:13653]' for 'POST' to 'http://localhost:13653/session/343760fe1b3b1d209c4a0d88582a27db/elements'
11:36:18.613 [Forwarding findElements on session 343760fe1b3b1d209c4a0d88582a27db to remote] DEBUG org.asynchttpclient.netty.request.NettyRequestSender - Using open Channel [id: 0xdffd1267, L:/127.0.0.1:61309 - R:localhost/127.0.0.1:13653] for POST '/session/343760fe1b3b1d209c4a0d88582a27db/elements'
11:36:18.619 [AsyncHttpClient-1-5] DEBUG org.asynchttpclient.netty.handler.HttpHandler - 

Request DefaultHttpRequest(decodeResult: success, version: HTTP/1.1)
POST /session/343760fe1b3b1d209c4a0d88582a27db/elements HTTP/1.1
User-Agent: selenium/4.8.0 (java windows)
Content-Length: 83
Content-Type: application/json; charset=utf-8
host: localhost:13653
accept: */*

Response DefaultHttpResponse(decodeResult: success, version: HTTP/1.1)
HTTP/1.1 200 OK
Content-Length: 527
Content-Type: application/json; charset=utf-8
cache-control: no-cache

11:36:18.619 [AsyncHttpClient-1-5] DEBUG org.asynchttpclient.netty.channel.ChannelManager - Adding key: http://localhost:13653 for channel [id: 0xdffd1267, L:/127.0.0.1:61309 - R:localhost/127.0.0.1:13653]
11:36:18.619 [Forwarding findElements on session 343760fe1b3b1d209c4a0d88582a27db to remote] DEBUG org.asynchttpclient.netty.request.NettyRequestSender - Using pooled Channel '[id: 0xdffd1267, L:/127.0.0.1:61309 - R:localhost/127.0.0.1:13653]' for 'POST' to 'http://localhost:13653/session/343760fe1b3b1d209c4a0d88582a27db/elements'
11:36:18.620 [Forwarding findElements on session 343760fe1b3b1d209c4a0d88582a27db to remote] DEBUG org.asynchttpclient.netty.request.NettyRequestSender - Using open Channel [id: 0xdffd1267, L:/127.0.0.1:61309 - R:localhost/127.0.0.1:13653] for POST '/session/343760fe1b3b1d209c4a0d88582a27db/elements'
11:36:18.624 [AsyncHttpClient-1-5] DEBUG org.asynchttpclient.netty.handler.HttpHandler - 

Request DefaultHttpRequest(decodeResult: success, version: HTTP/1.1)
POST /session/343760fe1b3b1d209c4a0d88582a27db/elements HTTP/1.1
User-Agent: selenium/4.8.0 (java windows)
Content-Length: 83
Content-Type: application/json; charset=utf-8
host: localhost:13653
accept: */*

Response DefaultHttpResponse(decodeResult: success, version: HTTP/1.1)
HTTP/1.1 200 OK
Content-Length: 527
Content-Type: application/json; charset=utf-8
cache-control: no-cache

11:36:18.624 [AsyncHttpClient-1-5] DEBUG org.asynchttpclient.netty.channel.ChannelManager - Adding key: http://localhost:13653 for channel [id: 0xdffd1267, L:/127.0.0.1:61309 - R:localhost/127.0.0.1:13653]
11:36:18.625 [Forwarding getElementText on session 343760fe1b3b1d209c4a0d88582a27db to remote] DEBUG org.asynchttpclient.netty.request.NettyRequestSender - Using pooled Channel '[id: 0xdffd1267, L:/127.0.0.1:61309 - R:localhost/127.0.0.1:13653]' for 'GET' to 'http://localhost:13653/session/343760fe1b3b1d209c4a0d88582a27db/element/B5D78317CDC82913058D66A8C952A41F_element_37/text'
11:36:18.625 [Forwarding getElementText on session 343760fe1b3b1d209c4a0d88582a27db to remote] DEBUG org.asynchttpclient.netty.request.NettyRequestSender - Using open Channel [id: 0xdffd1267, L:/127.0.0.1:61309 - R:localhost/127.0.0.1:13653] for GET '/session/343760fe1b3b1d209c4a0d88582a27db/element/B5D78317CDC82913058D66A8C952A41F_element_37/text'
11:36:18.633 [AsyncHttpClient-1-5] DEBUG org.asynchttpclient.netty.handler.HttpHandler - 

Request DefaultFullHttpRequest(decodeResult: success, version: HTTP/1.1, content: EmptyByteBufBE)
GET /session/343760fe1b3b1d209c4a0d88582a27db/element/B5D78317CDC82913058D66A8C952A41F_element_37/text HTTP/1.1
User-Agent: selenium/4.8.0 (java windows)
Cache-Control: no-cache
Content-Type: application/json; charset=utf-8
host: localhost:13653
accept: */*

Response DefaultHttpResponse(decodeResult: success, version: HTTP/1.1)
HTTP/1.1 200 OK
Content-Length: 17
Content-Type: application/json; charset=utf-8
cache-control: no-cache

11:36:18.633 [AsyncHttpClient-1-5] DEBUG org.asynchttpclient.netty.channel.ChannelManager - Adding key: http://localhost:13653 for channel [id: 0xdffd1267, L:/127.0.0.1:61309 - R:localhost/127.0.0.1:13653]
11:36:18.634 [Forwarding findElements on session 343760fe1b3b1d209c4a0d88582a27db to remote] DEBUG org.asynchttpclient.netty.request.NettyRequestSender - Using pooled Channel '[id: 0xdffd1267, L:/127.0.0.1:61309 - R:localhost/127.0.0.1:13653]' for 'POST' to 'http://localhost:13653/session/343760fe1b3b1d209c4a0d88582a27db/elements'
11:36:18.634 [Forwarding findElements on session 343760fe1b3b1d209c4a0d88582a27db to remote] DEBUG org.asynchttpclient.netty.request.NettyRequestSender - Using open Channel [id: 0xdffd1267, L:/127.0.0.1:61309 - R:localhost/127.0.0.1:13653] for POST '/session/343760fe1b3b1d209c4a0d88582a27db/elements'
11:36:18.639 [AsyncHttpClient-1-5] DEBUG org.asynchttpclient.netty.handler.HttpHandler - 

Request DefaultHttpRequest(decodeResult: success, version: HTTP/1.1)
POST /session/343760fe1b3b1d209c4a0d88582a27db/elements HTTP/1.1
User-Agent: selenium/4.8.0 (java windows)
Content-Length: 83
Content-Type: application/json; charset=utf-8
host: localhost:13653
accept: */*

Response DefaultHttpResponse(decodeResult: success, version: HTTP/1.1)
HTTP/1.1 200 OK
Content-Length: 527
Content-Type: application/json; charset=utf-8
cache-control: no-cache

11:36:18.639 [AsyncHttpClient-1-5] DEBUG org.asynchttpclient.netty.channel.ChannelManager - Adding key: http://localhost:13653 for channel [id: 0xdffd1267, L:/127.0.0.1:61309 - R:localhost/127.0.0.1:13653]
11:36:18.640 [Forwarding getElementText on session 343760fe1b3b1d209c4a0d88582a27db to remote] DEBUG org.asynchttpclient.netty.request.NettyRequestSender - Using pooled Channel '[id: 0xdffd1267, L:/127.0.0.1:61309 - R:localhost/127.0.0.1:13653]' for 'GET' to 'http://localhost:13653/session/343760fe1b3b1d209c4a0d88582a27db/element/B5D78317CDC82913058D66A8C952A41F_element_37/text'
11:36:18.640 [Forwarding getElementText on session 343760fe1b3b1d209c4a0d88582a27db to remote] DEBUG org.asynchttpclient.netty.request.NettyRequestSender - Using open Channel [id: 0xdffd1267, L:/127.0.0.1:61309 - R:localhost/127.0.0.1:13653] for GET '/session/343760fe1b3b1d209c4a0d88582a27db/element/B5D78317CDC82913058D66A8C952A41F_element_37/text'
11:36:18.643 [AsyncHttpClient-1-1] DEBUG org.asynchttpclient.netty.channel.DefaultChannelPool - Entry count for : http://localhost:61317 : 1
11:36:18.649 [AsyncHttpClient-1-5] DEBUG org.asynchttpclient.netty.handler.HttpHandler - 

Request DefaultFullHttpRequest(decodeResult: success, version: HTTP/1.1, content: EmptyByteBufBE)
GET /session/343760fe1b3b1d209c4a0d88582a27db/element/B5D78317CDC82913058D66A8C952A41F_element_37/text HTTP/1.1
User-Agent: selenium/4.8.0 (java windows)
Cache-Control: no-cache
Content-Type: application/json; charset=utf-8
host: localhost:13653
accept: */*

Response DefaultHttpResponse(decodeResult: success, version: HTTP/1.1)
HTTP/1.1 200 OK
Content-Length: 17
Content-Type: application/json; charset=utf-8
cache-control: no-cache

11:36:18.649 [AsyncHttpClient-1-5] DEBUG org.asynchttpclient.netty.channel.ChannelManager - Adding key: http://localhost:13653 for channel [id: 0xdffd1267, L:/127.0.0.1:61309 - R:localhost/127.0.0.1:13653]
11:36:18.650 [Forwarding findElements on session 343760fe1b3b1d209c4a0d88582a27db to remote] DEBUG org.asynchttpclient.netty.request.NettyRequestSender - Using pooled Channel '[id: 0xdffd1267, L:/127.0.0.1:61309 - R:localhost/127.0.0.1:13653]' for 'POST' to 'http://localhost:13653/session/343760fe1b3b1d209c4a0d88582a27db/elements'
11:36:18.650 [Forwarding findElements on session 343760fe1b3b1d209c4a0d88582a27db to remote] DEBUG org.asynchttpclient.netty.request.NettyRequestSender - Using open Channel [id: 0xdffd1267, L:/127.0.0.1:61309 - R:localhost/127.0.0.1:13653] for POST '/session/343760fe1b3b1d209c4a0d88582a27db/elements'
11:36:18.656 [AsyncHttpClient-1-5] DEBUG org.asynchttpclient.netty.handler.HttpHandler - 

Request DefaultHttpRequest(decodeResult: success, version: HTTP/1.1)
POST /session/343760fe1b3b1d209c4a0d88582a27db/elements HTTP/1.1
User-Agent: selenium/4.8.0 (java windows)
Content-Length: 83
Content-Type: application/json; charset=utf-8
host: localhost:13653
accept: */*

Response DefaultHttpResponse(decodeResult: success, version: HTTP/1.1)
HTTP/1.1 200 OK
Content-Length: 527
Content-Type: application/json; charset=utf-8
cache-control: no-cache

11:36:18.656 [AsyncHttpClient-1-5] DEBUG org.asynchttpclient.netty.channel.ChannelManager - Adding key: http://localhost:13653 for channel [id: 0xdffd1267, L:/127.0.0.1:61309 - R:localhost/127.0.0.1:13653]
11:36:18.656 [Forwarding getElementTagName on session 343760fe1b3b1d209c4a0d88582a27db to remote] DEBUG org.asynchttpclient.netty.request.NettyRequestSender - Using pooled Channel '[id: 0xdffd1267, L:/127.0.0.1:61309 - R:localhost/127.0.0.1:13653]' for 'GET' to 'http://localhost:13653/session/343760fe1b3b1d209c4a0d88582a27db/element/B5D78317CDC82913058D66A8C952A41F_element_37/name'
11:36:18.656 [Forwarding getElementTagName on session 343760fe1b3b1d209c4a0d88582a27db to remote] DEBUG org.asynchttpclient.netty.request.NettyRequestSender - Using open Channel [id: 0xdffd1267, L:/127.0.0.1:61309 - R:localhost/127.0.0.1:13653] for GET '/session/343760fe1b3b1d209c4a0d88582a27db/element/B5D78317CDC82913058D66A8C952A41F_element_37/name'
11:36:18.660 [AsyncHttpClient-1-5] DEBUG org.asynchttpclient.netty.handler.HttpHandler - 

Request DefaultFullHttpRequest(decodeResult: success, version: HTTP/1.1, content: EmptyByteBufBE)
GET /session/343760fe1b3b1d209c4a0d88582a27db/element/B5D78317CDC82913058D66A8C952A41F_element_37/name HTTP/1.1
User-Agent: selenium/4.8.0 (java windows)
Cache-Control: no-cache
Content-Type: application/json; charset=utf-8
host: localhost:13653
accept: */*

Response DefaultHttpResponse(decodeResult: success, version: HTTP/1.1)
HTTP/1.1 200 OK
Content-Length: 15
Content-Type: application/json; charset=utf-8
cache-control: no-cache

11:36:18.660 [AsyncHttpClient-1-5] DEBUG org.asynchttpclient.netty.channel.ChannelManager - Adding key: http://localhost:13653 for channel [id: 0xdffd1267, L:/127.0.0.1:61309 - R:localhost/127.0.0.1:13653]
11:36:18.662 [Forwarding getElementAttribute on session 343760fe1b3b1d209c4a0d88582a27db to remote] DEBUG org.asynchttpclient.netty.request.NettyRequestSender - Using pooled Channel '[id: 0xdffd1267, L:/127.0.0.1:61309 - R:localhost/127.0.0.1:13653]' for 'POST' to 'http://localhost:13653/session/343760fe1b3b1d209c4a0d88582a27db/execute/sync'
11:36:18.662 [Forwarding getElementAttribute on session 343760fe1b3b1d209c4a0d88582a27db to remote] DEBUG org.asynchttpclient.netty.request.NettyRequestSender - Using open Channel [id: 0xdffd1267, L:/127.0.0.1:61309 - R:localhost/127.0.0.1:13653] for POST '/session/343760fe1b3b1d209c4a0d88582a27db/execute/sync'
11:36:18.670 [AsyncHttpClient-1-5] DEBUG org.asynchttpclient.netty.handler.HttpHandler - 

Request DefaultHttpRequest(decodeResult: success, version: HTTP/1.1)
POST /session/343760fe1b3b1d209c4a0d88582a27db/execute/sync HTTP/1.1
User-Agent: selenium/4.8.0 (java windows)
Content-Length: 47372
Content-Type: application/json; charset=utf-8
host: localhost:13653
accept: */*

Response DefaultHttpResponse(decodeResult: success, version: HTTP/1.1)
HTTP/1.1 200 OK
Content-Length: 12
Content-Type: application/json; charset=utf-8
cache-control: no-cache

11:36:18.670 [AsyncHttpClient-1-5] DEBUG org.asynchttpclient.netty.channel.ChannelManager - Adding key: http://localhost:13653 for channel [id: 0xdffd1267, L:/127.0.0.1:61309 - R:localhost/127.0.0.1:13653]
11:36:18.672 [Forwarding getElementAttribute on session 343760fe1b3b1d209c4a0d88582a27db to remote] DEBUG org.asynchttpclient.netty.request.NettyRequestSender - Using pooled Channel '[id: 0xdffd1267, L:/127.0.0.1:61309 - R:localhost/127.0.0.1:13653]' for 'POST' to 'http://localhost:13653/session/343760fe1b3b1d209c4a0d88582a27db/execute/sync'
11:36:18.672 [Forwarding getElementAttribute on session 343760fe1b3b1d209c4a0d88582a27db to remote] DEBUG org.asynchttpclient.netty.request.NettyRequestSender - Using open Channel [id: 0xdffd1267, L:/127.0.0.1:61309 - R:localhost/127.0.0.1:13653] for POST '/session/343760fe1b3b1d209c4a0d88582a27db/execute/sync'
11:36:18.677 [AsyncHttpClient-1-5] DEBUG org.asynchttpclient.netty.handler.HttpHandler - 

Request DefaultHttpRequest(decodeResult: success, version: HTTP/1.1)
POST /session/343760fe1b3b1d209c4a0d88582a27db/execute/sync HTTP/1.1
User-Agent: selenium/4.8.0 (java windows)
Content-Length: 47374
Content-Type: application/json; charset=utf-8
host: localhost:13653
accept: */*

Response DefaultHttpResponse(decodeResult: success, version: HTTP/1.1)
HTTP/1.1 200 OK
Content-Length: 14
Content-Type: application/json; charset=utf-8
cache-control: no-cache

11:36:18.677 [AsyncHttpClient-1-5] DEBUG org.asynchttpclient.netty.channel.ChannelManager - Adding key: http://localhost:13653 for channel [id: 0xdffd1267, L:/127.0.0.1:61309 - R:localhost/127.0.0.1:13653]
11:36:18.678 [Forwarding getElementAttribute on session 343760fe1b3b1d209c4a0d88582a27db to remote] DEBUG org.asynchttpclient.netty.request.NettyRequestSender - Using pooled Channel '[id: 0xdffd1267, L:/127.0.0.1:61309 - R:localhost/127.0.0.1:13653]' for 'POST' to 'http://localhost:13653/session/343760fe1b3b1d209c4a0d88582a27db/execute/sync'
11:36:18.678 [Forwarding getElementAttribute on session 343760fe1b3b1d209c4a0d88582a27db to remote] DEBUG org.asynchttpclient.netty.request.NettyRequestSender - Using open Channel [id: 0xdffd1267, L:/127.0.0.1:61309 - R:localhost/127.0.0.1:13653] for POST '/session/343760fe1b3b1d209c4a0d88582a27db/execute/sync'
11:36:18.684 [AsyncHttpClient-1-5] DEBUG org.asynchttpclient.netty.handler.HttpHandler - 

Request DefaultHttpRequest(decodeResult: success, version: HTTP/1.1)
POST /session/343760fe1b3b1d209c4a0d88582a27db/execute/sync HTTP/1.1
User-Agent: selenium/4.8.0 (java windows)
Content-Length: 47374
Content-Type: application/json; charset=utf-8
host: localhost:13653
accept: */*

Response DefaultHttpResponse(decodeResult: success, version: HTTP/1.1)
HTTP/1.1 200 OK
Content-Length: 14
Content-Type: application/json; charset=utf-8
cache-control: no-cache

11:36:18.684 [AsyncHttpClient-1-5] DEBUG org.asynchttpclient.netty.channel.ChannelManager - Adding key: http://localhost:13653 for channel [id: 0xdffd1267, L:/127.0.0.1:61309 - R:localhost/127.0.0.1:13653]
11:36:18.685 [Forwarding getElementAttribute on session 343760fe1b3b1d209c4a0d88582a27db to remote] DEBUG org.asynchttpclient.netty.request.NettyRequestSender - Using pooled Channel '[id: 0xdffd1267, L:/127.0.0.1:61309 - R:localhost/127.0.0.1:13653]' for 'POST' to 'http://localhost:13653/session/343760fe1b3b1d209c4a0d88582a27db/execute/sync'
11:36:18.685 [Forwarding getElementAttribute on session 343760fe1b3b1d209c4a0d88582a27db to remote] DEBUG org.asynchttpclient.netty.request.NettyRequestSender - Using open Channel [id: 0xdffd1267, L:/127.0.0.1:61309 - R:localhost/127.0.0.1:13653] for POST '/session/343760fe1b3b1d209c4a0d88582a27db/execute/sync'
11:36:18.692 [AsyncHttpClient-1-5] DEBUG org.asynchttpclient.netty.handler.HttpHandler - 

Request DefaultHttpRequest(decodeResult: success, version: HTTP/1.1)
POST /session/343760fe1b3b1d209c4a0d88582a27db/execute/sync HTTP/1.1
User-Agent: selenium/4.8.0 (java windows)
Content-Length: 47374
Content-Type: application/json; charset=utf-8
host: localhost:13653
accept: */*

Response DefaultHttpResponse(decodeResult: success, version: HTTP/1.1)
HTTP/1.1 200 OK
Content-Length: 14
Content-Type: application/json; charset=utf-8
cache-control: no-cache

11:36:18.693 [AsyncHttpClient-1-5] DEBUG org.asynchttpclient.netty.channel.ChannelManager - Adding key: http://localhost:13653 for channel [id: 0xdffd1267, L:/127.0.0.1:61309 - R:localhost/127.0.0.1:13653]
11:36:18.694 [Forwarding getElementAttribute on session 343760fe1b3b1d209c4a0d88582a27db to remote] DEBUG org.asynchttpclient.netty.request.NettyRequestSender - Using pooled Channel '[id: 0xdffd1267, L:/127.0.0.1:61309 - R:localhost/127.0.0.1:13653]' for 'POST' to 'http://localhost:13653/session/343760fe1b3b1d209c4a0d88582a27db/execute/sync'
11:36:18.694 [Forwarding getElementAttribute on session 343760fe1b3b1d209c4a0d88582a27db to remote] DEBUG org.asynchttpclient.netty.request.NettyRequestSender - Using open Channel [id: 0xdffd1267, L:/127.0.0.1:61309 - R:localhost/127.0.0.1:13653] for POST '/session/343760fe1b3b1d209c4a0d88582a27db/execute/sync'
11:36:18.701 [AsyncHttpClient-1-5] DEBUG org.asynchttpclient.netty.handler.HttpHandler - 

Request DefaultHttpRequest(decodeResult: success, version: HTTP/1.1)
POST /session/343760fe1b3b1d209c4a0d88582a27db/execute/sync HTTP/1.1
User-Agent: selenium/4.8.0 (java windows)
Content-Length: 47375
Content-Type: application/json; charset=utf-8
host: localhost:13653
accept: */*

Response DefaultHttpResponse(decodeResult: success, version: HTTP/1.1)
HTTP/1.1 200 OK
Content-Length: 14
Content-Type: application/json; charset=utf-8
cache-control: no-cache

11:36:18.701 [AsyncHttpClient-1-5] DEBUG org.asynchttpclient.netty.channel.ChannelManager - Adding key: http://localhost:13653 for channel [id: 0xdffd1267, L:/127.0.0.1:61309 - R:localhost/127.0.0.1:13653]
11:36:18.702 [Forwarding getElementAttribute on session 343760fe1b3b1d209c4a0d88582a27db to remote] DEBUG org.asynchttpclient.netty.request.NettyRequestSender - Using pooled Channel '[id: 0xdffd1267, L:/127.0.0.1:61309 - R:localhost/127.0.0.1:13653]' for 'POST' to 'http://localhost:13653/session/343760fe1b3b1d209c4a0d88582a27db/execute/sync'
11:36:18.702 [Forwarding getElementAttribute on session 343760fe1b3b1d209c4a0d88582a27db to remote] DEBUG org.asynchttpclient.netty.request.NettyRequestSender - Using open Channel [id: 0xdffd1267, L:/127.0.0.1:61309 - R:localhost/127.0.0.1:13653] for POST '/session/343760fe1b3b1d209c4a0d88582a27db/execute/sync'
11:36:18.711 [AsyncHttpClient-1-5] DEBUG org.asynchttpclient.netty.handler.HttpHandler - 

Request DefaultHttpRequest(decodeResult: success, version: HTTP/1.1)
POST /session/343760fe1b3b1d209c4a0d88582a27db/execute/sync HTTP/1.1
User-Agent: selenium/4.8.0 (java windows)
Content-Length: 47375
Content-Type: application/json; charset=utf-8
host: localhost:13653
accept: */*

Response DefaultHttpResponse(decodeResult: success, version: HTTP/1.1)
HTTP/1.1 200 OK
Content-Length: 32
Content-Type: application/json; charset=utf-8
cache-control: no-cache

11:36:18.711 [AsyncHttpClient-1-5] DEBUG org.asynchttpclient.netty.channel.ChannelManager - Adding key: http://localhost:13653 for channel [id: 0xdffd1267, L:/127.0.0.1:61309 - R:localhost/127.0.0.1:13653]
11:36:18.713 [Forwarding getElementAttribute on session 343760fe1b3b1d209c4a0d88582a27db to remote] DEBUG org.asynchttpclient.netty.request.NettyRequestSender - Using pooled Channel '[id: 0xdffd1267, L:/127.0.0.1:61309 - R:localhost/127.0.0.1:13653]' for 'POST' to 'http://localhost:13653/session/343760fe1b3b1d209c4a0d88582a27db/execute/sync'
11:36:18.713 [Forwarding getElementAttribute on session 343760fe1b3b1d209c4a0d88582a27db to remote] DEBUG org.asynchttpclient.netty.request.NettyRequestSender - Using open Channel [id: 0xdffd1267, L:/127.0.0.1:61309 - R:localhost/127.0.0.1:13653] for POST '/session/343760fe1b3b1d209c4a0d88582a27db/execute/sync'
11:36:18.721 [AsyncHttpClient-1-5] DEBUG org.asynchttpclient.netty.handler.HttpHandler - 

Request DefaultHttpRequest(decodeResult: success, version: HTTP/1.1)
POST /session/343760fe1b3b1d209c4a0d88582a27db/execute/sync HTTP/1.1
User-Agent: selenium/4.8.0 (java windows)
Content-Length: 47375
Content-Type: application/json; charset=utf-8
host: localhost:13653
accept: */*

Response DefaultHttpResponse(decodeResult: success, version: HTTP/1.1)
HTTP/1.1 200 OK
Content-Length: 32
Content-Type: application/json; charset=utf-8
cache-control: no-cache

11:36:18.721 [AsyncHttpClient-1-5] DEBUG org.asynchttpclient.netty.channel.ChannelManager - Adding key: http://localhost:13653 for channel [id: 0xdffd1267, L:/127.0.0.1:61309 - R:localhost/127.0.0.1:13653]
<div class='inventory_item_price'> - InventoryPage.productpricesprice validation passed
11:36:18.722 [Forwarding findElements on session 343760fe1b3b1d209c4a0d88582a27db to remote] DEBUG org.asynchttpclient.netty.request.NettyRequestSender - Using pooled Channel '[id: 0xdffd1267, L:/127.0.0.1:61309 - R:localhost/127.0.0.1:13653]' for 'POST' to 'http://localhost:13653/session/343760fe1b3b1d209c4a0d88582a27db/elements'
11:36:18.722 [Forwarding findElements on session 343760fe1b3b1d209c4a0d88582a27db to remote] DEBUG org.asynchttpclient.netty.request.NettyRequestSender - Using open Channel [id: 0xdffd1267, L:/127.0.0.1:61309 - R:localhost/127.0.0.1:13653] for POST '/session/343760fe1b3b1d209c4a0d88582a27db/elements'
11:36:18.729 [AsyncHttpClient-1-5] DEBUG org.asynchttpclient.netty.handler.HttpHandler - 

Request DefaultHttpRequest(decodeResult: success, version: HTTP/1.1)
POST /session/343760fe1b3b1d209c4a0d88582a27db/elements HTTP/1.1
User-Agent: selenium/4.8.0 (java windows)
Content-Length: 83
Content-Type: application/json; charset=utf-8
host: localhost:13653
accept: */*

Response DefaultHttpResponse(decodeResult: success, version: HTTP/1.1)
HTTP/1.1 200 OK
Content-Length: 527
Content-Type: application/json; charset=utf-8
cache-control: no-cache

11:36:18.729 [AsyncHttpClient-1-5] DEBUG org.asynchttpclient.netty.channel.ChannelManager - Adding key: http://localhost:13653 for channel [id: 0xdffd1267, L:/127.0.0.1:61309 - R:localhost/127.0.0.1:13653]
11:36:18.730 [Forwarding findElements on session 343760fe1b3b1d209c4a0d88582a27db to remote] DEBUG org.asynchttpclient.netty.request.NettyRequestSender - Using pooled Channel '[id: 0xdffd1267, L:/127.0.0.1:61309 - R:localhost/127.0.0.1:13653]' for 'POST' to 'http://localhost:13653/session/343760fe1b3b1d209c4a0d88582a27db/elements'
11:36:18.730 [Forwarding findElements on session 343760fe1b3b1d209c4a0d88582a27db to remote] DEBUG org.asynchttpclient.netty.request.NettyRequestSender - Using open Channel [id: 0xdffd1267, L:/127.0.0.1:61309 - R:localhost/127.0.0.1:13653] for POST '/session/343760fe1b3b1d209c4a0d88582a27db/elements'
11:36:18.739 [AsyncHttpClient-1-5] DEBUG org.asynchttpclient.netty.handler.HttpHandler - 

Request DefaultHttpRequest(decodeResult: success, version: HTTP/1.1)
POST /session/343760fe1b3b1d209c4a0d88582a27db/elements HTTP/1.1
User-Agent: selenium/4.8.0 (java windows)
Content-Length: 83
Content-Type: application/json; charset=utf-8
host: localhost:13653
accept: */*

Response DefaultHttpResponse(decodeResult: success, version: HTTP/1.1)
HTTP/1.1 200 OK
Content-Length: 527
Content-Type: application/json; charset=utf-8
cache-control: no-cache

11:36:18.739 [AsyncHttpClient-1-5] DEBUG org.asynchttpclient.netty.channel.ChannelManager - Adding key: http://localhost:13653 for channel [id: 0xdffd1267, L:/127.0.0.1:61309 - R:localhost/127.0.0.1:13653]
11:36:18.740 [Forwarding findElements on session 343760fe1b3b1d209c4a0d88582a27db to remote] DEBUG org.asynchttpclient.netty.request.NettyRequestSender - Using pooled Channel '[id: 0xdffd1267, L:/127.0.0.1:61309 - R:localhost/127.0.0.1:13653]' for 'POST' to 'http://localhost:13653/session/343760fe1b3b1d209c4a0d88582a27db/elements'
11:36:18.740 [Forwarding findElements on session 343760fe1b3b1d209c4a0d88582a27db to remote] DEBUG org.asynchttpclient.netty.request.NettyRequestSender - Using open Channel [id: 0xdffd1267, L:/127.0.0.1:61309 - R:localhost/127.0.0.1:13653] for POST '/session/343760fe1b3b1d209c4a0d88582a27db/elements'
11:36:18.748 [AsyncHttpClient-1-5] DEBUG org.asynchttpclient.netty.handler.HttpHandler - 

Request DefaultHttpRequest(decodeResult: success, version: HTTP/1.1)
POST /session/343760fe1b3b1d209c4a0d88582a27db/elements HTTP/1.1
User-Agent: selenium/4.8.0 (java windows)
Content-Length: 83
Content-Type: application/json; charset=utf-8
host: localhost:13653
accept: */*

Response DefaultHttpResponse(decodeResult: success, version: HTTP/1.1)
HTTP/1.1 200 OK
Content-Length: 527
Content-Type: application/json; charset=utf-8
cache-control: no-cache

11:36:18.748 [AsyncHttpClient-1-5] DEBUG org.asynchttpclient.netty.channel.ChannelManager - Adding key: http://localhost:13653 for channel [id: 0xdffd1267, L:/127.0.0.1:61309 - R:localhost/127.0.0.1:13653]
11:36:18.749 [Forwarding getElementText on session 343760fe1b3b1d209c4a0d88582a27db to remote] DEBUG org.asynchttpclient.netty.request.NettyRequestSender - Using pooled Channel '[id: 0xdffd1267, L:/127.0.0.1:61309 - R:localhost/127.0.0.1:13653]' for 'GET' to 'http://localhost:13653/session/343760fe1b3b1d209c4a0d88582a27db/element/B5D78317CDC82913058D66A8C952A41F_element_38/text'
11:36:18.749 [Forwarding getElementText on session 343760fe1b3b1d209c4a0d88582a27db to remote] DEBUG org.asynchttpclient.netty.request.NettyRequestSender - Using open Channel [id: 0xdffd1267, L:/127.0.0.1:61309 - R:localhost/127.0.0.1:13653] for GET '/session/343760fe1b3b1d209c4a0d88582a27db/element/B5D78317CDC82913058D66A8C952A41F_element_38/text'
11:36:18.759 [AsyncHttpClient-1-5] DEBUG org.asynchttpclient.netty.handler.HttpHandler - 

Request DefaultFullHttpRequest(decodeResult: success, version: HTTP/1.1, content: EmptyByteBufBE)
GET /session/343760fe1b3b1d209c4a0d88582a27db/element/B5D78317CDC82913058D66A8C952A41F_element_38/text HTTP/1.1
User-Agent: selenium/4.8.0 (java windows)
Cache-Control: no-cache
Content-Type: application/json; charset=utf-8
host: localhost:13653
accept: */*

Response DefaultHttpResponse(decodeResult: success, version: HTTP/1.1)
HTTP/1.1 200 OK
Content-Length: 18
Content-Type: application/json; charset=utf-8
cache-control: no-cache

11:36:18.759 [AsyncHttpClient-1-5] DEBUG org.asynchttpclient.netty.channel.ChannelManager - Adding key: http://localhost:13653 for channel [id: 0xdffd1267, L:/127.0.0.1:61309 - R:localhost/127.0.0.1:13653]
11:36:18.759 [Forwarding findElements on session 343760fe1b3b1d209c4a0d88582a27db to remote] DEBUG org.asynchttpclient.netty.request.NettyRequestSender - Using pooled Channel '[id: 0xdffd1267, L:/127.0.0.1:61309 - R:localhost/127.0.0.1:13653]' for 'POST' to 'http://localhost:13653/session/343760fe1b3b1d209c4a0d88582a27db/elements'
11:36:18.759 [Forwarding findElements on session 343760fe1b3b1d209c4a0d88582a27db to remote] DEBUG org.asynchttpclient.netty.request.NettyRequestSender - Using open Channel [id: 0xdffd1267, L:/127.0.0.1:61309 - R:localhost/127.0.0.1:13653] for POST '/session/343760fe1b3b1d209c4a0d88582a27db/elements'
11:36:18.770 [AsyncHttpClient-1-5] DEBUG org.asynchttpclient.netty.handler.HttpHandler - 

Request DefaultHttpRequest(decodeResult: success, version: HTTP/1.1)
POST /session/343760fe1b3b1d209c4a0d88582a27db/elements HTTP/1.1
User-Agent: selenium/4.8.0 (java windows)
Content-Length: 83
Content-Type: application/json; charset=utf-8
host: localhost:13653
accept: */*

Response DefaultHttpResponse(decodeResult: success, version: HTTP/1.1)
HTTP/1.1 200 OK
Content-Length: 527
Content-Type: application/json; charset=utf-8
cache-control: no-cache

11:36:18.770 [AsyncHttpClient-1-5] DEBUG org.asynchttpclient.netty.channel.ChannelManager - Adding key: http://localhost:13653 for channel [id: 0xdffd1267, L:/127.0.0.1:61309 - R:localhost/127.0.0.1:13653]
11:36:18.771 [Forwarding getElementText on session 343760fe1b3b1d209c4a0d88582a27db to remote] DEBUG org.asynchttpclient.netty.request.NettyRequestSender - Using pooled Channel '[id: 0xdffd1267, L:/127.0.0.1:61309 - R:localhost/127.0.0.1:13653]' for 'GET' to 'http://localhost:13653/session/343760fe1b3b1d209c4a0d88582a27db/element/B5D78317CDC82913058D66A8C952A41F_element_38/text'
11:36:18.771 [Forwarding getElementText on session 343760fe1b3b1d209c4a0d88582a27db to remote] DEBUG org.asynchttpclient.netty.request.NettyRequestSender - Using open Channel [id: 0xdffd1267, L:/127.0.0.1:61309 - R:localhost/127.0.0.1:13653] for GET '/session/343760fe1b3b1d209c4a0d88582a27db/element/B5D78317CDC82913058D66A8C952A41F_element_38/text'
11:36:18.781 [AsyncHttpClient-1-5] DEBUG org.asynchttpclient.netty.handler.HttpHandler - 

Request DefaultFullHttpRequest(decodeResult: success, version: HTTP/1.1, content: EmptyByteBufBE)
GET /session/343760fe1b3b1d209c4a0d88582a27db/element/B5D78317CDC82913058D66A8C952A41F_element_38/text HTTP/1.1
User-Agent: selenium/4.8.0 (java windows)
Cache-Control: no-cache
Content-Type: application/json; charset=utf-8
host: localhost:13653
accept: */*

Response DefaultHttpResponse(decodeResult: success, version: HTTP/1.1)
HTTP/1.1 200 OK
Content-Length: 18
Content-Type: application/json; charset=utf-8
cache-control: no-cache

11:36:18.781 [AsyncHttpClient-1-5] DEBUG org.asynchttpclient.netty.channel.ChannelManager - Adding key: http://localhost:13653 for channel [id: 0xdffd1267, L:/127.0.0.1:61309 - R:localhost/127.0.0.1:13653]
11:36:18.782 [Forwarding findElements on session 343760fe1b3b1d209c4a0d88582a27db to remote] DEBUG org.asynchttpclient.netty.request.NettyRequestSender - Using pooled Channel '[id: 0xdffd1267, L:/127.0.0.1:61309 - R:localhost/127.0.0.1:13653]' for 'POST' to 'http://localhost:13653/session/343760fe1b3b1d209c4a0d88582a27db/elements'
11:36:18.782 [Forwarding findElements on session 343760fe1b3b1d209c4a0d88582a27db to remote] DEBUG org.asynchttpclient.netty.request.NettyRequestSender - Using open Channel [id: 0xdffd1267, L:/127.0.0.1:61309 - R:localhost/127.0.0.1:13653] for POST '/session/343760fe1b3b1d209c4a0d88582a27db/elements'
11:36:18.790 [AsyncHttpClient-1-5] DEBUG org.asynchttpclient.netty.handler.HttpHandler - 

Request DefaultHttpRequest(decodeResult: success, version: HTTP/1.1)
POST /session/343760fe1b3b1d209c4a0d88582a27db/elements HTTP/1.1
User-Agent: selenium/4.8.0 (java windows)
Content-Length: 83
Content-Type: application/json; charset=utf-8
host: localhost:13653
accept: */*

Response DefaultHttpResponse(decodeResult: success, version: HTTP/1.1)
HTTP/1.1 200 OK
Content-Length: 527
Content-Type: application/json; charset=utf-8
cache-control: no-cache

11:36:18.790 [AsyncHttpClient-1-5] DEBUG org.asynchttpclient.netty.channel.ChannelManager - Adding key: http://localhost:13653 for channel [id: 0xdffd1267, L:/127.0.0.1:61309 - R:localhost/127.0.0.1:13653]
11:36:18.791 [Forwarding getElementTagName on session 343760fe1b3b1d209c4a0d88582a27db to remote] DEBUG org.asynchttpclient.netty.request.NettyRequestSender - Using pooled Channel '[id: 0xdffd1267, L:/127.0.0.1:61309 - R:localhost/127.0.0.1:13653]' for 'GET' to 'http://localhost:13653/session/343760fe1b3b1d209c4a0d88582a27db/element/B5D78317CDC82913058D66A8C952A41F_element_38/name'
11:36:18.791 [Forwarding getElementTagName on session 343760fe1b3b1d209c4a0d88582a27db to remote] DEBUG org.asynchttpclient.netty.request.NettyRequestSender - Using open Channel [id: 0xdffd1267, L:/127.0.0.1:61309 - R:localhost/127.0.0.1:13653] for GET '/session/343760fe1b3b1d209c4a0d88582a27db/element/B5D78317CDC82913058D66A8C952A41F_element_38/name'
11:36:18.796 [AsyncHttpClient-1-5] DEBUG org.asynchttpclient.netty.handler.HttpHandler - 

Request DefaultFullHttpRequest(decodeResult: success, version: HTTP/1.1, content: EmptyByteBufBE)
GET /session/343760fe1b3b1d209c4a0d88582a27db/element/B5D78317CDC82913058D66A8C952A41F_element_38/name HTTP/1.1
User-Agent: selenium/4.8.0 (java windows)
Cache-Control: no-cache
Content-Type: application/json; charset=utf-8
host: localhost:13653
accept: */*

Response DefaultHttpResponse(decodeResult: success, version: HTTP/1.1)
HTTP/1.1 200 OK
Content-Length: 15
Content-Type: application/json; charset=utf-8
cache-control: no-cache

11:36:18.796 [AsyncHttpClient-1-5] DEBUG org.asynchttpclient.netty.channel.ChannelManager - Adding key: http://localhost:13653 for channel [id: 0xdffd1267, L:/127.0.0.1:61309 - R:localhost/127.0.0.1:13653]
11:36:18.798 [Forwarding getElementAttribute on session 343760fe1b3b1d209c4a0d88582a27db to remote] DEBUG org.asynchttpclient.netty.request.NettyRequestSender - Using pooled Channel '[id: 0xdffd1267, L:/127.0.0.1:61309 - R:localhost/127.0.0.1:13653]' for 'POST' to 'http://localhost:13653/session/343760fe1b3b1d209c4a0d88582a27db/execute/sync'
11:36:18.798 [Forwarding getElementAttribute on session 343760fe1b3b1d209c4a0d88582a27db to remote] DEBUG org.asynchttpclient.netty.request.NettyRequestSender - Using open Channel [id: 0xdffd1267, L:/127.0.0.1:61309 - R:localhost/127.0.0.1:13653] for POST '/session/343760fe1b3b1d209c4a0d88582a27db/execute/sync'
11:36:18.809 [AsyncHttpClient-1-5] DEBUG org.asynchttpclient.netty.handler.HttpHandler - 

Request DefaultHttpRequest(decodeResult: success, version: HTTP/1.1)
POST /session/343760fe1b3b1d209c4a0d88582a27db/execute/sync HTTP/1.1
User-Agent: selenium/4.8.0 (java windows)
Content-Length: 47372
Content-Type: application/json; charset=utf-8
host: localhost:13653
accept: */*

Response DefaultHttpResponse(decodeResult: success, version: HTTP/1.1)
HTTP/1.1 200 OK
Content-Length: 12
Content-Type: application/json; charset=utf-8
cache-control: no-cache

11:36:18.809 [AsyncHttpClient-1-5] DEBUG org.asynchttpclient.netty.channel.ChannelManager - Adding key: http://localhost:13653 for channel [id: 0xdffd1267, L:/127.0.0.1:61309 - R:localhost/127.0.0.1:13653]
11:36:18.811 [Forwarding getElementAttribute on session 343760fe1b3b1d209c4a0d88582a27db to remote] DEBUG org.asynchttpclient.netty.request.NettyRequestSender - Using pooled Channel '[id: 0xdffd1267, L:/127.0.0.1:61309 - R:localhost/127.0.0.1:13653]' for 'POST' to 'http://localhost:13653/session/343760fe1b3b1d209c4a0d88582a27db/execute/sync'
11:36:18.811 [Forwarding getElementAttribute on session 343760fe1b3b1d209c4a0d88582a27db to remote] DEBUG org.asynchttpclient.netty.request.NettyRequestSender - Using open Channel [id: 0xdffd1267, L:/127.0.0.1:61309 - R:localhost/127.0.0.1:13653] for POST '/session/343760fe1b3b1d209c4a0d88582a27db/execute/sync'
11:36:18.823 [AsyncHttpClient-1-5] DEBUG org.asynchttpclient.netty.handler.HttpHandler - 

Request DefaultHttpRequest(decodeResult: success, version: HTTP/1.1)
POST /session/343760fe1b3b1d209c4a0d88582a27db/execute/sync HTTP/1.1
User-Agent: selenium/4.8.0 (java windows)
Content-Length: 47374
Content-Type: application/json; charset=utf-8
host: localhost:13653
accept: */*

Response DefaultHttpResponse(decodeResult: success, version: HTTP/1.1)
HTTP/1.1 200 OK
Content-Length: 14
Content-Type: application/json; charset=utf-8
cache-control: no-cache

11:36:18.823 [AsyncHttpClient-1-5] DEBUG org.asynchttpclient.netty.channel.ChannelManager - Adding key: http://localhost:13653 for channel [id: 0xdffd1267, L:/127.0.0.1:61309 - R:localhost/127.0.0.1:13653]
11:36:18.825 [Forwarding getElementAttribute on session 343760fe1b3b1d209c4a0d88582a27db to remote] DEBUG org.asynchttpclient.netty.request.NettyRequestSender - Using pooled Channel '[id: 0xdffd1267, L:/127.0.0.1:61309 - R:localhost/127.0.0.1:13653]' for 'POST' to 'http://localhost:13653/session/343760fe1b3b1d209c4a0d88582a27db/execute/sync'
11:36:18.825 [Forwarding getElementAttribute on session 343760fe1b3b1d209c4a0d88582a27db to remote] DEBUG org.asynchttpclient.netty.request.NettyRequestSender - Using open Channel [id: 0xdffd1267, L:/127.0.0.1:61309 - R:localhost/127.0.0.1:13653] for POST '/session/343760fe1b3b1d209c4a0d88582a27db/execute/sync'
11:36:18.836 [AsyncHttpClient-1-5] DEBUG org.asynchttpclient.netty.handler.HttpHandler - 

Request DefaultHttpRequest(decodeResult: success, version: HTTP/1.1)
POST /session/343760fe1b3b1d209c4a0d88582a27db/execute/sync HTTP/1.1
User-Agent: selenium/4.8.0 (java windows)
Content-Length: 47374
Content-Type: application/json; charset=utf-8
host: localhost:13653
accept: */*

Response DefaultHttpResponse(decodeResult: success, version: HTTP/1.1)
HTTP/1.1 200 OK
Content-Length: 14
Content-Type: application/json; charset=utf-8
cache-control: no-cache

11:36:18.836 [AsyncHttpClient-1-5] DEBUG org.asynchttpclient.netty.channel.ChannelManager - Adding key: http://localhost:13653 for channel [id: 0xdffd1267, L:/127.0.0.1:61309 - R:localhost/127.0.0.1:13653]
11:36:18.837 [Forwarding getElementAttribute on session 343760fe1b3b1d209c4a0d88582a27db to remote] DEBUG org.asynchttpclient.netty.request.NettyRequestSender - Using pooled Channel '[id: 0xdffd1267, L:/127.0.0.1:61309 - R:localhost/127.0.0.1:13653]' for 'POST' to 'http://localhost:13653/session/343760fe1b3b1d209c4a0d88582a27db/execute/sync'
11:36:18.837 [Forwarding getElementAttribute on session 343760fe1b3b1d209c4a0d88582a27db to remote] DEBUG org.asynchttpclient.netty.request.NettyRequestSender - Using open Channel [id: 0xdffd1267, L:/127.0.0.1:61309 - R:localhost/127.0.0.1:13653] for POST '/session/343760fe1b3b1d209c4a0d88582a27db/execute/sync'
11:36:18.847 [AsyncHttpClient-1-5] DEBUG org.asynchttpclient.netty.handler.HttpHandler - 

Request DefaultHttpRequest(decodeResult: success, version: HTTP/1.1)
POST /session/343760fe1b3b1d209c4a0d88582a27db/execute/sync HTTP/1.1
User-Agent: selenium/4.8.0 (java windows)
Content-Length: 47374
Content-Type: application/json; charset=utf-8
host: localhost:13653
accept: */*

Response DefaultHttpResponse(decodeResult: success, version: HTTP/1.1)
HTTP/1.1 200 OK
Content-Length: 14
Content-Type: application/json; charset=utf-8
cache-control: no-cache

11:36:18.847 [AsyncHttpClient-1-5] DEBUG org.asynchttpclient.netty.channel.ChannelManager - Adding key: http://localhost:13653 for channel [id: 0xdffd1267, L:/127.0.0.1:61309 - R:localhost/127.0.0.1:13653]
11:36:18.849 [Forwarding getElementAttribute on session 343760fe1b3b1d209c4a0d88582a27db to remote] DEBUG org.asynchttpclient.netty.request.NettyRequestSender - Using pooled Channel '[id: 0xdffd1267, L:/127.0.0.1:61309 - R:localhost/127.0.0.1:13653]' for 'POST' to 'http://localhost:13653/session/343760fe1b3b1d209c4a0d88582a27db/execute/sync'
11:36:18.849 [Forwarding getElementAttribute on session 343760fe1b3b1d209c4a0d88582a27db to remote] DEBUG org.asynchttpclient.netty.request.NettyRequestSender - Using open Channel [id: 0xdffd1267, L:/127.0.0.1:61309 - R:localhost/127.0.0.1:13653] for POST '/session/343760fe1b3b1d209c4a0d88582a27db/execute/sync'
11:36:18.856 [AsyncHttpClient-1-5] DEBUG org.asynchttpclient.netty.handler.HttpHandler - 

Request DefaultHttpRequest(decodeResult: success, version: HTTP/1.1)
POST /session/343760fe1b3b1d209c4a0d88582a27db/execute/sync HTTP/1.1
User-Agent: selenium/4.8.0 (java windows)
Content-Length: 47375
Content-Type: application/json; charset=utf-8
host: localhost:13653
accept: */*

Response DefaultHttpResponse(decodeResult: success, version: HTTP/1.1)
HTTP/1.1 200 OK
Content-Length: 14
Content-Type: application/json; charset=utf-8
cache-control: no-cache

11:36:18.856 [AsyncHttpClient-1-5] DEBUG org.asynchttpclient.netty.channel.ChannelManager - Adding key: http://localhost:13653 for channel [id: 0xdffd1267, L:/127.0.0.1:61309 - R:localhost/127.0.0.1:13653]
11:36:18.859 [Forwarding getElementAttribute on session 343760fe1b3b1d209c4a0d88582a27db to remote] DEBUG org.asynchttpclient.netty.request.NettyRequestSender - Using pooled Channel '[id: 0xdffd1267, L:/127.0.0.1:61309 - R:localhost/127.0.0.1:13653]' for 'POST' to 'http://localhost:13653/session/343760fe1b3b1d209c4a0d88582a27db/execute/sync'
11:36:18.859 [Forwarding getElementAttribute on session 343760fe1b3b1d209c4a0d88582a27db to remote] DEBUG org.asynchttpclient.netty.request.NettyRequestSender - Using open Channel [id: 0xdffd1267, L:/127.0.0.1:61309 - R:localhost/127.0.0.1:13653] for POST '/session/343760fe1b3b1d209c4a0d88582a27db/execute/sync'
11:36:18.867 [AsyncHttpClient-1-5] DEBUG org.asynchttpclient.netty.handler.HttpHandler - 

Request DefaultHttpRequest(decodeResult: success, version: HTTP/1.1)
POST /session/343760fe1b3b1d209c4a0d88582a27db/execute/sync HTTP/1.1
User-Agent: selenium/4.8.0 (java windows)
Content-Length: 47375
Content-Type: application/json; charset=utf-8
host: localhost:13653
accept: */*

Response DefaultHttpResponse(decodeResult: success, version: HTTP/1.1)
HTTP/1.1 200 OK
Content-Length: 32
Content-Type: application/json; charset=utf-8
cache-control: no-cache

11:36:18.867 [AsyncHttpClient-1-5] DEBUG org.asynchttpclient.netty.channel.ChannelManager - Adding key: http://localhost:13653 for channel [id: 0xdffd1267, L:/127.0.0.1:61309 - R:localhost/127.0.0.1:13653]
11:36:18.870 [Forwarding getElementAttribute on session 343760fe1b3b1d209c4a0d88582a27db to remote] DEBUG org.asynchttpclient.netty.request.NettyRequestSender - Using pooled Channel '[id: 0xdffd1267, L:/127.0.0.1:61309 - R:localhost/127.0.0.1:13653]' for 'POST' to 'http://localhost:13653/session/343760fe1b3b1d209c4a0d88582a27db/execute/sync'
11:36:18.870 [Forwarding getElementAttribute on session 343760fe1b3b1d209c4a0d88582a27db to remote] DEBUG org.asynchttpclient.netty.request.NettyRequestSender - Using open Channel [id: 0xdffd1267, L:/127.0.0.1:61309 - R:localhost/127.0.0.1:13653] for POST '/session/343760fe1b3b1d209c4a0d88582a27db/execute/sync'
11:36:18.880 [AsyncHttpClient-1-5] DEBUG org.asynchttpclient.netty.handler.HttpHandler - 

Request DefaultHttpRequest(decodeResult: success, version: HTTP/1.1)
POST /session/343760fe1b3b1d209c4a0d88582a27db/execute/sync HTTP/1.1
User-Agent: selenium/4.8.0 (java windows)
Content-Length: 47375
Content-Type: application/json; charset=utf-8
host: localhost:13653
accept: */*

Response DefaultHttpResponse(decodeResult: success, version: HTTP/1.1)
HTTP/1.1 200 OK
Content-Length: 32
Content-Type: application/json; charset=utf-8
cache-control: no-cache

11:36:18.880 [AsyncHttpClient-1-5] DEBUG org.asynchttpclient.netty.channel.ChannelManager - Adding key: http://localhost:13653 for channel [id: 0xdffd1267, L:/127.0.0.1:61309 - R:localhost/127.0.0.1:13653]
<div class='inventory_item_price'> - InventoryPage.productpricesprice validation passed
11:36:18.881 [Forwarding findElements on session 343760fe1b3b1d209c4a0d88582a27db to remote] DEBUG org.asynchttpclient.netty.request.NettyRequestSender - Using pooled Channel '[id: 0xdffd1267, L:/127.0.0.1:61309 - R:localhost/127.0.0.1:13653]' for 'POST' to 'http://localhost:13653/session/343760fe1b3b1d209c4a0d88582a27db/elements'
11:36:18.881 [Forwarding findElements on session 343760fe1b3b1d209c4a0d88582a27db to remote] DEBUG org.asynchttpclient.netty.request.NettyRequestSender - Using open Channel [id: 0xdffd1267, L:/127.0.0.1:61309 - R:localhost/127.0.0.1:13653] for POST '/session/343760fe1b3b1d209c4a0d88582a27db/elements'
11:36:18.889 [AsyncHttpClient-1-5] DEBUG org.asynchttpclient.netty.handler.HttpHandler - 

Request DefaultHttpRequest(decodeResult: success, version: HTTP/1.1)
POST /session/343760fe1b3b1d209c4a0d88582a27db/elements HTTP/1.1
User-Agent: selenium/4.8.0 (java windows)
Content-Length: 83
Content-Type: application/json; charset=utf-8
host: localhost:13653
accept: */*

Response DefaultHttpResponse(decodeResult: success, version: HTTP/1.1)
HTTP/1.1 200 OK
Content-Length: 527
Content-Type: application/json; charset=utf-8
cache-control: no-cache

11:36:18.889 [AsyncHttpClient-1-5] DEBUG org.asynchttpclient.netty.channel.ChannelManager - Adding key: http://localhost:13653 for channel [id: 0xdffd1267, L:/127.0.0.1:61309 - R:localhost/127.0.0.1:13653]
11:36:18.890 [Forwarding findElements on session 343760fe1b3b1d209c4a0d88582a27db to remote] DEBUG org.asynchttpclient.netty.request.NettyRequestSender - Using pooled Channel '[id: 0xdffd1267, L:/127.0.0.1:61309 - R:localhost/127.0.0.1:13653]' for 'POST' to 'http://localhost:13653/session/343760fe1b3b1d209c4a0d88582a27db/elements'
11:36:18.890 [Forwarding findElements on session 343760fe1b3b1d209c4a0d88582a27db to remote] DEBUG org.asynchttpclient.netty.request.NettyRequestSender - Using open Channel [id: 0xdffd1267, L:/127.0.0.1:61309 - R:localhost/127.0.0.1:13653] for POST '/session/343760fe1b3b1d209c4a0d88582a27db/elements'
11:36:18.895 [AsyncHttpClient-1-5] DEBUG org.asynchttpclient.netty.handler.HttpHandler - 

Request DefaultHttpRequest(decodeResult: success, version: HTTP/1.1)
POST /session/343760fe1b3b1d209c4a0d88582a27db/elements HTTP/1.1
User-Agent: selenium/4.8.0 (java windows)
Content-Length: 83
Content-Type: application/json; charset=utf-8
host: localhost:13653
accept: */*

Response DefaultHttpResponse(decodeResult: success, version: HTTP/1.1)
HTTP/1.1 200 OK
Content-Length: 527
Content-Type: application/json; charset=utf-8
cache-control: no-cache

11:36:18.895 [AsyncHttpClient-1-5] DEBUG org.asynchttpclient.netty.channel.ChannelManager - Adding key: http://localhost:13653 for channel [id: 0xdffd1267, L:/127.0.0.1:61309 - R:localhost/127.0.0.1:13653]
11:36:18.895 [Forwarding findElements on session 343760fe1b3b1d209c4a0d88582a27db to remote] DEBUG org.asynchttpclient.netty.request.NettyRequestSender - Using pooled Channel '[id: 0xdffd1267, L:/127.0.0.1:61309 - R:localhost/127.0.0.1:13653]' for 'POST' to 'http://localhost:13653/session/343760fe1b3b1d209c4a0d88582a27db/elements'
11:36:18.895 [Forwarding findElements on session 343760fe1b3b1d209c4a0d88582a27db to remote] DEBUG org.asynchttpclient.netty.request.NettyRequestSender - Using open Channel [id: 0xdffd1267, L:/127.0.0.1:61309 - R:localhost/127.0.0.1:13653] for POST '/session/343760fe1b3b1d209c4a0d88582a27db/elements'
11:36:18.901 [AsyncHttpClient-1-5] DEBUG org.asynchttpclient.netty.handler.HttpHandler - 

Request DefaultHttpRequest(decodeResult: success, version: HTTP/1.1)
POST /session/343760fe1b3b1d209c4a0d88582a27db/elements HTTP/1.1
User-Agent: selenium/4.8.0 (java windows)
Content-Length: 83
Content-Type: application/json; charset=utf-8
host: localhost:13653
accept: */*

Response DefaultHttpResponse(decodeResult: success, version: HTTP/1.1)
HTTP/1.1 200 OK
Content-Length: 527
Content-Type: application/json; charset=utf-8
cache-control: no-cache

11:36:18.901 [AsyncHttpClient-1-5] DEBUG org.asynchttpclient.netty.channel.ChannelManager - Adding key: http://localhost:13653 for channel [id: 0xdffd1267, L:/127.0.0.1:61309 - R:localhost/127.0.0.1:13653]
11:36:18.902 [Forwarding getElementText on session 343760fe1b3b1d209c4a0d88582a27db to remote] DEBUG org.asynchttpclient.netty.request.NettyRequestSender - Using pooled Channel '[id: 0xdffd1267, L:/127.0.0.1:61309 - R:localhost/127.0.0.1:13653]' for 'GET' to 'http://localhost:13653/session/343760fe1b3b1d209c4a0d88582a27db/element/B5D78317CDC82913058D66A8C952A41F_element_39/text'
11:36:18.902 [Forwarding getElementText on session 343760fe1b3b1d209c4a0d88582a27db to remote] DEBUG org.asynchttpclient.netty.request.NettyRequestSender - Using open Channel [id: 0xdffd1267, L:/127.0.0.1:61309 - R:localhost/127.0.0.1:13653] for GET '/session/343760fe1b3b1d209c4a0d88582a27db/element/B5D78317CDC82913058D66A8C952A41F_element_39/text'
11:36:18.910 [AsyncHttpClient-1-5] DEBUG org.asynchttpclient.netty.handler.HttpHandler - 

Request DefaultFullHttpRequest(decodeResult: success, version: HTTP/1.1, content: EmptyByteBufBE)
GET /session/343760fe1b3b1d209c4a0d88582a27db/element/B5D78317CDC82913058D66A8C952A41F_element_39/text HTTP/1.1
User-Agent: selenium/4.8.0 (java windows)
Cache-Control: no-cache
Content-Type: application/json; charset=utf-8
host: localhost:13653
accept: */*

Response DefaultHttpResponse(decodeResult: success, version: HTTP/1.1)
HTTP/1.1 200 OK
Content-Length: 18
Content-Type: application/json; charset=utf-8
cache-control: no-cache

11:36:18.910 [AsyncHttpClient-1-5] DEBUG org.asynchttpclient.netty.channel.ChannelManager - Adding key: http://localhost:13653 for channel [id: 0xdffd1267, L:/127.0.0.1:61309 - R:localhost/127.0.0.1:13653]
11:36:18.911 [Forwarding findElements on session 343760fe1b3b1d209c4a0d88582a27db to remote] DEBUG org.asynchttpclient.netty.request.NettyRequestSender - Using pooled Channel '[id: 0xdffd1267, L:/127.0.0.1:61309 - R:localhost/127.0.0.1:13653]' for 'POST' to 'http://localhost:13653/session/343760fe1b3b1d209c4a0d88582a27db/elements'
11:36:18.911 [Forwarding findElements on session 343760fe1b3b1d209c4a0d88582a27db to remote] DEBUG org.asynchttpclient.netty.request.NettyRequestSender - Using open Channel [id: 0xdffd1267, L:/127.0.0.1:61309 - R:localhost/127.0.0.1:13653] for POST '/session/343760fe1b3b1d209c4a0d88582a27db/elements'
11:36:18.918 [AsyncHttpClient-1-5] DEBUG org.asynchttpclient.netty.handler.HttpHandler - 

Request DefaultHttpRequest(decodeResult: success, version: HTTP/1.1)
POST /session/343760fe1b3b1d209c4a0d88582a27db/elements HTTP/1.1
User-Agent: selenium/4.8.0 (java windows)
Content-Length: 83
Content-Type: application/json; charset=utf-8
host: localhost:13653
accept: */*

Response DefaultHttpResponse(decodeResult: success, version: HTTP/1.1)
HTTP/1.1 200 OK
Content-Length: 527
Content-Type: application/json; charset=utf-8
cache-control: no-cache

11:36:18.918 [AsyncHttpClient-1-5] DEBUG org.asynchttpclient.netty.channel.ChannelManager - Adding key: http://localhost:13653 for channel [id: 0xdffd1267, L:/127.0.0.1:61309 - R:localhost/127.0.0.1:13653]
11:36:18.918 [Forwarding getElementTagName on session 343760fe1b3b1d209c4a0d88582a27db to remote] DEBUG org.asynchttpclient.netty.request.NettyRequestSender - Using pooled Channel '[id: 0xdffd1267, L:/127.0.0.1:61309 - R:localhost/127.0.0.1:13653]' for 'GET' to 'http://localhost:13653/session/343760fe1b3b1d209c4a0d88582a27db/element/B5D78317CDC82913058D66A8C952A41F_element_39/name'
11:36:18.918 [Forwarding getElementTagName on session 343760fe1b3b1d209c4a0d88582a27db to remote] DEBUG org.asynchttpclient.netty.request.NettyRequestSender - Using open Channel [id: 0xdffd1267, L:/127.0.0.1:61309 - R:localhost/127.0.0.1:13653] for GET '/session/343760fe1b3b1d209c4a0d88582a27db/element/B5D78317CDC82913058D66A8C952A41F_element_39/name'
11:36:18.923 [AsyncHttpClient-1-5] DEBUG org.asynchttpclient.netty.handler.HttpHandler - 

Request DefaultFullHttpRequest(decodeResult: success, version: HTTP/1.1, content: EmptyByteBufBE)
GET /session/343760fe1b3b1d209c4a0d88582a27db/element/B5D78317CDC82913058D66A8C952A41F_element_39/name HTTP/1.1
User-Agent: selenium/4.8.0 (java windows)
Cache-Control: no-cache
Content-Type: application/json; charset=utf-8
host: localhost:13653
accept: */*

Response DefaultHttpResponse(decodeResult: success, version: HTTP/1.1)
HTTP/1.1 200 OK
Content-Length: 15
Content-Type: application/json; charset=utf-8
cache-control: no-cache

11:36:18.923 [AsyncHttpClient-1-5] DEBUG org.asynchttpclient.netty.channel.ChannelManager - Adding key: http://localhost:13653 for channel [id: 0xdffd1267, L:/127.0.0.1:61309 - R:localhost/127.0.0.1:13653]
11:36:18.926 [Forwarding getElementAttribute on session 343760fe1b3b1d209c4a0d88582a27db to remote] DEBUG org.asynchttpclient.netty.request.NettyRequestSender - Using pooled Channel '[id: 0xdffd1267, L:/127.0.0.1:61309 - R:localhost/127.0.0.1:13653]' for 'POST' to 'http://localhost:13653/session/343760fe1b3b1d209c4a0d88582a27db/execute/sync'
11:36:18.926 [Forwarding getElementAttribute on session 343760fe1b3b1d209c4a0d88582a27db to remote] DEBUG org.asynchttpclient.netty.request.NettyRequestSender - Using open Channel [id: 0xdffd1267, L:/127.0.0.1:61309 - R:localhost/127.0.0.1:13653] for POST '/session/343760fe1b3b1d209c4a0d88582a27db/execute/sync'
11:36:18.934 [AsyncHttpClient-1-5] DEBUG org.asynchttpclient.netty.handler.HttpHandler - 

Request DefaultHttpRequest(decodeResult: success, version: HTTP/1.1)
POST /session/343760fe1b3b1d209c4a0d88582a27db/execute/sync HTTP/1.1
User-Agent: selenium/4.8.0 (java windows)
Content-Length: 47372
Content-Type: application/json; charset=utf-8
host: localhost:13653
accept: */*

Response DefaultHttpResponse(decodeResult: success, version: HTTP/1.1)
HTTP/1.1 200 OK
Content-Length: 12
Content-Type: application/json; charset=utf-8
cache-control: no-cache

11:36:18.935 [AsyncHttpClient-1-5] DEBUG org.asynchttpclient.netty.channel.ChannelManager - Adding key: http://localhost:13653 for channel [id: 0xdffd1267, L:/127.0.0.1:61309 - R:localhost/127.0.0.1:13653]
11:36:18.938 [Forwarding getElementAttribute on session 343760fe1b3b1d209c4a0d88582a27db to remote] DEBUG org.asynchttpclient.netty.request.NettyRequestSender - Using pooled Channel '[id: 0xdffd1267, L:/127.0.0.1:61309 - R:localhost/127.0.0.1:13653]' for 'POST' to 'http://localhost:13653/session/343760fe1b3b1d209c4a0d88582a27db/execute/sync'
11:36:18.938 [Forwarding getElementAttribute on session 343760fe1b3b1d209c4a0d88582a27db to remote] DEBUG org.asynchttpclient.netty.request.NettyRequestSender - Using open Channel [id: 0xdffd1267, L:/127.0.0.1:61309 - R:localhost/127.0.0.1:13653] for POST '/session/343760fe1b3b1d209c4a0d88582a27db/execute/sync'
11:36:18.949 [AsyncHttpClient-1-5] DEBUG org.asynchttpclient.netty.handler.HttpHandler - 

Request DefaultHttpRequest(decodeResult: success, version: HTTP/1.1)
POST /session/343760fe1b3b1d209c4a0d88582a27db/execute/sync HTTP/1.1
User-Agent: selenium/4.8.0 (java windows)
Content-Length: 47374
Content-Type: application/json; charset=utf-8
host: localhost:13653
accept: */*

Response DefaultHttpResponse(decodeResult: success, version: HTTP/1.1)
HTTP/1.1 200 OK
Content-Length: 14
Content-Type: application/json; charset=utf-8
cache-control: no-cache

11:36:18.949 [AsyncHttpClient-1-5] DEBUG org.asynchttpclient.netty.channel.ChannelManager - Adding key: http://localhost:13653 for channel [id: 0xdffd1267, L:/127.0.0.1:61309 - R:localhost/127.0.0.1:13653]
11:36:18.951 [Forwarding getElementAttribute on session 343760fe1b3b1d209c4a0d88582a27db to remote] DEBUG org.asynchttpclient.netty.request.NettyRequestSender - Using pooled Channel '[id: 0xdffd1267, L:/127.0.0.1:61309 - R:localhost/127.0.0.1:13653]' for 'POST' to 'http://localhost:13653/session/343760fe1b3b1d209c4a0d88582a27db/execute/sync'
11:36:18.951 [Forwarding getElementAttribute on session 343760fe1b3b1d209c4a0d88582a27db to remote] DEBUG org.asynchttpclient.netty.request.NettyRequestSender - Using open Channel [id: 0xdffd1267, L:/127.0.0.1:61309 - R:localhost/127.0.0.1:13653] for POST '/session/343760fe1b3b1d209c4a0d88582a27db/execute/sync'
11:36:18.961 [AsyncHttpClient-1-5] DEBUG org.asynchttpclient.netty.handler.HttpHandler - 

Request DefaultHttpRequest(decodeResult: success, version: HTTP/1.1)
POST /session/343760fe1b3b1d209c4a0d88582a27db/execute/sync HTTP/1.1
User-Agent: selenium/4.8.0 (java windows)
Content-Length: 47374
Content-Type: application/json; charset=utf-8
host: localhost:13653
accept: */*

Response DefaultHttpResponse(decodeResult: success, version: HTTP/1.1)
HTTP/1.1 200 OK
Content-Length: 14
Content-Type: application/json; charset=utf-8
cache-control: no-cache

11:36:18.961 [AsyncHttpClient-1-5] DEBUG org.asynchttpclient.netty.channel.ChannelManager - Adding key: http://localhost:13653 for channel [id: 0xdffd1267, L:/127.0.0.1:61309 - R:localhost/127.0.0.1:13653]
11:36:18.963 [Forwarding getElementAttribute on session 343760fe1b3b1d209c4a0d88582a27db to remote] DEBUG org.asynchttpclient.netty.request.NettyRequestSender - Using pooled Channel '[id: 0xdffd1267, L:/127.0.0.1:61309 - R:localhost/127.0.0.1:13653]' for 'POST' to 'http://localhost:13653/session/343760fe1b3b1d209c4a0d88582a27db/execute/sync'
11:36:18.964 [Forwarding getElementAttribute on session 343760fe1b3b1d209c4a0d88582a27db to remote] DEBUG org.asynchttpclient.netty.request.NettyRequestSender - Using open Channel [id: 0xdffd1267, L:/127.0.0.1:61309 - R:localhost/127.0.0.1:13653] for POST '/session/343760fe1b3b1d209c4a0d88582a27db/execute/sync'
11:36:18.971 [AsyncHttpClient-1-5] DEBUG org.asynchttpclient.netty.handler.HttpHandler - 

Request DefaultHttpRequest(decodeResult: success, version: HTTP/1.1)
POST /session/343760fe1b3b1d209c4a0d88582a27db/execute/sync HTTP/1.1
User-Agent: selenium/4.8.0 (java windows)
Content-Length: 47374
Content-Type: application/json; charset=utf-8
host: localhost:13653
accept: */*

Response DefaultHttpResponse(decodeResult: success, version: HTTP/1.1)
HTTP/1.1 200 OK
Content-Length: 14
Content-Type: application/json; charset=utf-8
cache-control: no-cache

11:36:18.972 [AsyncHttpClient-1-5] DEBUG org.asynchttpclient.netty.channel.ChannelManager - Adding key: http://localhost:13653 for channel [id: 0xdffd1267, L:/127.0.0.1:61309 - R:localhost/127.0.0.1:13653]
11:36:18.977 [Forwarding getElementAttribute on session 343760fe1b3b1d209c4a0d88582a27db to remote] DEBUG org.asynchttpclient.netty.request.NettyRequestSender - Using pooled Channel '[id: 0xdffd1267, L:/127.0.0.1:61309 - R:localhost/127.0.0.1:13653]' for 'POST' to 'http://localhost:13653/session/343760fe1b3b1d209c4a0d88582a27db/execute/sync'
11:36:18.977 [Forwarding getElementAttribute on session 343760fe1b3b1d209c4a0d88582a27db to remote] DEBUG org.asynchttpclient.netty.request.NettyRequestSender - Using open Channel [id: 0xdffd1267, L:/127.0.0.1:61309 - R:localhost/127.0.0.1:13653] for POST '/session/343760fe1b3b1d209c4a0d88582a27db/execute/sync'
11:36:18.984 [AsyncHttpClient-1-5] DEBUG org.asynchttpclient.netty.handler.HttpHandler - 

Request DefaultHttpRequest(decodeResult: success, version: HTTP/1.1)
POST /session/343760fe1b3b1d209c4a0d88582a27db/execute/sync HTTP/1.1
User-Agent: selenium/4.8.0 (java windows)
Content-Length: 47375
Content-Type: application/json; charset=utf-8
host: localhost:13653
accept: */*

Response DefaultHttpResponse(decodeResult: success, version: HTTP/1.1)
HTTP/1.1 200 OK
Content-Length: 14
Content-Type: application/json; charset=utf-8
cache-control: no-cache

11:36:18.984 [AsyncHttpClient-1-5] DEBUG org.asynchttpclient.netty.channel.ChannelManager - Adding key: http://localhost:13653 for channel [id: 0xdffd1267, L:/127.0.0.1:61309 - R:localhost/127.0.0.1:13653]
11:36:18.985 [Forwarding getElementAttribute on session 343760fe1b3b1d209c4a0d88582a27db to remote] DEBUG org.asynchttpclient.netty.request.NettyRequestSender - Using pooled Channel '[id: 0xdffd1267, L:/127.0.0.1:61309 - R:localhost/127.0.0.1:13653]' for 'POST' to 'http://localhost:13653/session/343760fe1b3b1d209c4a0d88582a27db/execute/sync'
11:36:18.985 [Forwarding getElementAttribute on session 343760fe1b3b1d209c4a0d88582a27db to remote] DEBUG org.asynchttpclient.netty.request.NettyRequestSender - Using open Channel [id: 0xdffd1267, L:/127.0.0.1:61309 - R:localhost/127.0.0.1:13653] for POST '/session/343760fe1b3b1d209c4a0d88582a27db/execute/sync'
11:36:18.991 [AsyncHttpClient-1-5] DEBUG org.asynchttpclient.netty.handler.HttpHandler - 

Request DefaultHttpRequest(decodeResult: success, version: HTTP/1.1)
POST /session/343760fe1b3b1d209c4a0d88582a27db/execute/sync HTTP/1.1
User-Agent: selenium/4.8.0 (java windows)
Content-Length: 47375
Content-Type: application/json; charset=utf-8
host: localhost:13653
accept: */*

Response DefaultHttpResponse(decodeResult: success, version: HTTP/1.1)
HTTP/1.1 200 OK
Content-Length: 32
Content-Type: application/json; charset=utf-8
cache-control: no-cache

11:36:18.991 [AsyncHttpClient-1-5] DEBUG org.asynchttpclient.netty.channel.ChannelManager - Adding key: http://localhost:13653 for channel [id: 0xdffd1267, L:/127.0.0.1:61309 - R:localhost/127.0.0.1:13653]
11:36:18.993 [Forwarding getElementAttribute on session 343760fe1b3b1d209c4a0d88582a27db to remote] DEBUG org.asynchttpclient.netty.request.NettyRequestSender - Using pooled Channel '[id: 0xdffd1267, L:/127.0.0.1:61309 - R:localhost/127.0.0.1:13653]' for 'POST' to 'http://localhost:13653/session/343760fe1b3b1d209c4a0d88582a27db/execute/sync'
11:36:18.993 [Forwarding getElementAttribute on session 343760fe1b3b1d209c4a0d88582a27db to remote] DEBUG org.asynchttpclient.netty.request.NettyRequestSender - Using open Channel [id: 0xdffd1267, L:/127.0.0.1:61309 - R:localhost/127.0.0.1:13653] for POST '/session/343760fe1b3b1d209c4a0d88582a27db/execute/sync'
11:36:19.003 [AsyncHttpClient-1-5] DEBUG org.asynchttpclient.netty.handler.HttpHandler - 

Request DefaultHttpRequest(decodeResult: success, version: HTTP/1.1)
POST /session/343760fe1b3b1d209c4a0d88582a27db/execute/sync HTTP/1.1
User-Agent: selenium/4.8.0 (java windows)
Content-Length: 47375
Content-Type: application/json; charset=utf-8
host: localhost:13653
accept: */*

Response DefaultHttpResponse(decodeResult: success, version: HTTP/1.1)
HTTP/1.1 200 OK
Content-Length: 32
Content-Type: application/json; charset=utf-8
cache-control: no-cache

11:36:19.003 [AsyncHttpClient-1-5] DEBUG org.asynchttpclient.netty.channel.ChannelManager - Adding key: http://localhost:13653 for channel [id: 0xdffd1267, L:/127.0.0.1:61309 - R:localhost/127.0.0.1:13653]
<div class='inventory_item_price'> - InventoryPage.productpricesprice validation failed
11:36:19.003 [Forwarding findElements on session 343760fe1b3b1d209c4a0d88582a27db to remote] DEBUG org.asynchttpclient.netty.request.NettyRequestSender - Using pooled Channel '[id: 0xdffd1267, L:/127.0.0.1:61309 - R:localhost/127.0.0.1:13653]' for 'POST' to 'http://localhost:13653/session/343760fe1b3b1d209c4a0d88582a27db/elements'
11:36:19.004 [Forwarding findElements on session 343760fe1b3b1d209c4a0d88582a27db to remote] DEBUG org.asynchttpclient.netty.request.NettyRequestSender - Using open Channel [id: 0xdffd1267, L:/127.0.0.1:61309 - R:localhost/127.0.0.1:13653] for POST '/session/343760fe1b3b1d209c4a0d88582a27db/elements'
11:36:19.012 [AsyncHttpClient-1-5] DEBUG org.asynchttpclient.netty.handler.HttpHandler - 

Request DefaultHttpRequest(decodeResult: success, version: HTTP/1.1)
POST /session/343760fe1b3b1d209c4a0d88582a27db/elements HTTP/1.1
User-Agent: selenium/4.8.0 (java windows)
Content-Length: 83
Content-Type: application/json; charset=utf-8
host: localhost:13653
accept: */*

Response DefaultHttpResponse(decodeResult: success, version: HTTP/1.1)
HTTP/1.1 200 OK
Content-Length: 527
Content-Type: application/json; charset=utf-8
cache-control: no-cache

11:36:19.012 [AsyncHttpClient-1-5] DEBUG org.asynchttpclient.netty.channel.ChannelManager - Adding key: http://localhost:13653 for channel [id: 0xdffd1267, L:/127.0.0.1:61309 - R:localhost/127.0.0.1:13653]
11:36:19.013 [Forwarding findElements on session 343760fe1b3b1d209c4a0d88582a27db to remote] DEBUG org.asynchttpclient.netty.request.NettyRequestSender - Using pooled Channel '[id: 0xdffd1267, L:/127.0.0.1:61309 - R:localhost/127.0.0.1:13653]' for 'POST' to 'http://localhost:13653/session/343760fe1b3b1d209c4a0d88582a27db/elements'
11:36:19.014 [Forwarding findElements on session 343760fe1b3b1d209c4a0d88582a27db to remote] DEBUG org.asynchttpclient.netty.request.NettyRequestSender - Using open Channel [id: 0xdffd1267, L:/127.0.0.1:61309 - R:localhost/127.0.0.1:13653] for POST '/session/343760fe1b3b1d209c4a0d88582a27db/elements'
11:36:19.018 [AsyncHttpClient-1-5] DEBUG org.asynchttpclient.netty.handler.HttpHandler - 

Request DefaultHttpRequest(decodeResult: success, version: HTTP/1.1)
POST /session/343760fe1b3b1d209c4a0d88582a27db/elements HTTP/1.1
User-Agent: selenium/4.8.0 (java windows)
Content-Length: 83
Content-Type: application/json; charset=utf-8
host: localhost:13653
accept: */*

Response DefaultHttpResponse(decodeResult: success, version: HTTP/1.1)
HTTP/1.1 200 OK
Content-Length: 527
Content-Type: application/json; charset=utf-8
cache-control: no-cache

11:36:19.019 [AsyncHttpClient-1-5] DEBUG org.asynchttpclient.netty.channel.ChannelManager - Adding key: http://localhost:13653 for channel [id: 0xdffd1267, L:/127.0.0.1:61309 - R:localhost/127.0.0.1:13653]
11:36:19.019 [Forwarding findElements on session 343760fe1b3b1d209c4a0d88582a27db to remote] DEBUG org.asynchttpclient.netty.request.NettyRequestSender - Using pooled Channel '[id: 0xdffd1267, L:/127.0.0.1:61309 - R:localhost/127.0.0.1:13653]' for 'POST' to 'http://localhost:13653/session/343760fe1b3b1d209c4a0d88582a27db/elements'
11:36:19.019 [Forwarding findElements on session 343760fe1b3b1d209c4a0d88582a27db to remote] DEBUG org.asynchttpclient.netty.request.NettyRequestSender - Using open Channel [id: 0xdffd1267, L:/127.0.0.1:61309 - R:localhost/127.0.0.1:13653] for POST '/session/343760fe1b3b1d209c4a0d88582a27db/elements'
11:36:19.024 [AsyncHttpClient-1-5] DEBUG org.asynchttpclient.netty.handler.HttpHandler - 

Request DefaultHttpRequest(decodeResult: success, version: HTTP/1.1)
POST /session/343760fe1b3b1d209c4a0d88582a27db/elements HTTP/1.1
User-Agent: selenium/4.8.0 (java windows)
Content-Length: 83
Content-Type: application/json; charset=utf-8
host: localhost:13653
accept: */*

Response DefaultHttpResponse(decodeResult: success, version: HTTP/1.1)
HTTP/1.1 200 OK
Content-Length: 527
Content-Type: application/json; charset=utf-8
cache-control: no-cache

11:36:19.024 [AsyncHttpClient-1-5] DEBUG org.asynchttpclient.netty.channel.ChannelManager - Adding key: http://localhost:13653 for channel [id: 0xdffd1267, L:/127.0.0.1:61309 - R:localhost/127.0.0.1:13653]
11:36:19.025 [Forwarding getElementText on session 343760fe1b3b1d209c4a0d88582a27db to remote] DEBUG org.asynchttpclient.netty.request.NettyRequestSender - Using pooled Channel '[id: 0xdffd1267, L:/127.0.0.1:61309 - R:localhost/127.0.0.1:13653]' for 'GET' to 'http://localhost:13653/session/343760fe1b3b1d209c4a0d88582a27db/element/B5D78317CDC82913058D66A8C952A41F_element_40/text'
11:36:19.025 [Forwarding getElementText on session 343760fe1b3b1d209c4a0d88582a27db to remote] DEBUG org.asynchttpclient.netty.request.NettyRequestSender - Using open Channel [id: 0xdffd1267, L:/127.0.0.1:61309 - R:localhost/127.0.0.1:13653] for GET '/session/343760fe1b3b1d209c4a0d88582a27db/element/B5D78317CDC82913058D66A8C952A41F_element_40/text'
11:36:19.033 [AsyncHttpClient-1-5] DEBUG org.asynchttpclient.netty.handler.HttpHandler - 

Request DefaultFullHttpRequest(decodeResult: success, version: HTTP/1.1, content: EmptyByteBufBE)
GET /session/343760fe1b3b1d209c4a0d88582a27db/element/B5D78317CDC82913058D66A8C952A41F_element_40/text HTTP/1.1
User-Agent: selenium/4.8.0 (java windows)
Cache-Control: no-cache
Content-Type: application/json; charset=utf-8
host: localhost:13653
accept: */*

Response DefaultHttpResponse(decodeResult: success, version: HTTP/1.1)
HTTP/1.1 200 OK
Content-Length: 17
Content-Type: application/json; charset=utf-8
cache-control: no-cache

11:36:19.033 [AsyncHttpClient-1-5] DEBUG org.asynchttpclient.netty.channel.ChannelManager - Adding key: http://localhost:13653 for channel [id: 0xdffd1267, L:/127.0.0.1:61309 - R:localhost/127.0.0.1:13653]
11:36:19.034 [Forwarding findElements on session 343760fe1b3b1d209c4a0d88582a27db to remote] DEBUG org.asynchttpclient.netty.request.NettyRequestSender - Using pooled Channel '[id: 0xdffd1267, L:/127.0.0.1:61309 - R:localhost/127.0.0.1:13653]' for 'POST' to 'http://localhost:13653/session/343760fe1b3b1d209c4a0d88582a27db/elements'
11:36:19.034 [Forwarding findElements on session 343760fe1b3b1d209c4a0d88582a27db to remote] DEBUG org.asynchttpclient.netty.request.NettyRequestSender - Using open Channel [id: 0xdffd1267, L:/127.0.0.1:61309 - R:localhost/127.0.0.1:13653] for POST '/session/343760fe1b3b1d209c4a0d88582a27db/elements'
11:36:19.039 [AsyncHttpClient-1-5] DEBUG org.asynchttpclient.netty.handler.HttpHandler - 

Request DefaultHttpRequest(decodeResult: success, version: HTTP/1.1)
POST /session/343760fe1b3b1d209c4a0d88582a27db/elements HTTP/1.1
User-Agent: selenium/4.8.0 (java windows)
Content-Length: 83
Content-Type: application/json; charset=utf-8
host: localhost:13653
accept: */*

Response DefaultHttpResponse(decodeResult: success, version: HTTP/1.1)
HTTP/1.1 200 OK
Content-Length: 527
Content-Type: application/json; charset=utf-8
cache-control: no-cache

11:36:19.039 [AsyncHttpClient-1-5] DEBUG org.asynchttpclient.netty.channel.ChannelManager - Adding key: http://localhost:13653 for channel [id: 0xdffd1267, L:/127.0.0.1:61309 - R:localhost/127.0.0.1:13653]
11:36:19.041 [Forwarding getElementTagName on session 343760fe1b3b1d209c4a0d88582a27db to remote] DEBUG org.asynchttpclient.netty.request.NettyRequestSender - Using pooled Channel '[id: 0xdffd1267, L:/127.0.0.1:61309 - R:localhost/127.0.0.1:13653]' for 'GET' to 'http://localhost:13653/session/343760fe1b3b1d209c4a0d88582a27db/element/B5D78317CDC82913058D66A8C952A41F_element_40/name'
11:36:19.041 [Forwarding getElementTagName on session 343760fe1b3b1d209c4a0d88582a27db to remote] DEBUG org.asynchttpclient.netty.request.NettyRequestSender - Using open Channel [id: 0xdffd1267, L:/127.0.0.1:61309 - R:localhost/127.0.0.1:13653] for GET '/session/343760fe1b3b1d209c4a0d88582a27db/element/B5D78317CDC82913058D66A8C952A41F_element_40/name'
11:36:19.046 [AsyncHttpClient-1-5] DEBUG org.asynchttpclient.netty.handler.HttpHandler - 

Request DefaultFullHttpRequest(decodeResult: success, version: HTTP/1.1, content: EmptyByteBufBE)
GET /session/343760fe1b3b1d209c4a0d88582a27db/element/B5D78317CDC82913058D66A8C952A41F_element_40/name HTTP/1.1
User-Agent: selenium/4.8.0 (java windows)
Cache-Control: no-cache
Content-Type: application/json; charset=utf-8
host: localhost:13653
accept: */*

Response DefaultHttpResponse(decodeResult: success, version: HTTP/1.1)
HTTP/1.1 200 OK
Content-Length: 15
Content-Type: application/json; charset=utf-8
cache-control: no-cache

11:36:19.046 [AsyncHttpClient-1-5] DEBUG org.asynchttpclient.netty.channel.ChannelManager - Adding key: http://localhost:13653 for channel [id: 0xdffd1267, L:/127.0.0.1:61309 - R:localhost/127.0.0.1:13653]
11:36:19.048 [Forwarding getElementAttribute on session 343760fe1b3b1d209c4a0d88582a27db to remote] DEBUG org.asynchttpclient.netty.request.NettyRequestSender - Using pooled Channel '[id: 0xdffd1267, L:/127.0.0.1:61309 - R:localhost/127.0.0.1:13653]' for 'POST' to 'http://localhost:13653/session/343760fe1b3b1d209c4a0d88582a27db/execute/sync'
11:36:19.048 [Forwarding getElementAttribute on session 343760fe1b3b1d209c4a0d88582a27db to remote] DEBUG org.asynchttpclient.netty.request.NettyRequestSender - Using open Channel [id: 0xdffd1267, L:/127.0.0.1:61309 - R:localhost/127.0.0.1:13653] for POST '/session/343760fe1b3b1d209c4a0d88582a27db/execute/sync'
11:36:19.055 [AsyncHttpClient-1-5] DEBUG org.asynchttpclient.netty.handler.HttpHandler - 

Request DefaultHttpRequest(decodeResult: success, version: HTTP/1.1)
POST /session/343760fe1b3b1d209c4a0d88582a27db/execute/sync HTTP/1.1
User-Agent: selenium/4.8.0 (java windows)
Content-Length: 47372
Content-Type: application/json; charset=utf-8
host: localhost:13653
accept: */*

Response DefaultHttpResponse(decodeResult: success, version: HTTP/1.1)
HTTP/1.1 200 OK
Content-Length: 12
Content-Type: application/json; charset=utf-8
cache-control: no-cache

11:36:19.055 [AsyncHttpClient-1-5] DEBUG org.asynchttpclient.netty.channel.ChannelManager - Adding key: http://localhost:13653 for channel [id: 0xdffd1267, L:/127.0.0.1:61309 - R:localhost/127.0.0.1:13653]
11:36:19.059 [Forwarding getElementAttribute on session 343760fe1b3b1d209c4a0d88582a27db to remote] DEBUG org.asynchttpclient.netty.request.NettyRequestSender - Using pooled Channel '[id: 0xdffd1267, L:/127.0.0.1:61309 - R:localhost/127.0.0.1:13653]' for 'POST' to 'http://localhost:13653/session/343760fe1b3b1d209c4a0d88582a27db/execute/sync'
11:36:19.059 [Forwarding getElementAttribute on session 343760fe1b3b1d209c4a0d88582a27db to remote] DEBUG org.asynchttpclient.netty.request.NettyRequestSender - Using open Channel [id: 0xdffd1267, L:/127.0.0.1:61309 - R:localhost/127.0.0.1:13653] for POST '/session/343760fe1b3b1d209c4a0d88582a27db/execute/sync'
11:36:19.069 [AsyncHttpClient-1-5] DEBUG org.asynchttpclient.netty.handler.HttpHandler - 

Request DefaultHttpRequest(decodeResult: success, version: HTTP/1.1)
POST /session/343760fe1b3b1d209c4a0d88582a27db/execute/sync HTTP/1.1
User-Agent: selenium/4.8.0 (java windows)
Content-Length: 47374
Content-Type: application/json; charset=utf-8
host: localhost:13653
accept: */*

Response DefaultHttpResponse(decodeResult: success, version: HTTP/1.1)
HTTP/1.1 200 OK
Content-Length: 14
Content-Type: application/json; charset=utf-8
cache-control: no-cache

11:36:19.069 [AsyncHttpClient-1-5] DEBUG org.asynchttpclient.netty.channel.ChannelManager - Adding key: http://localhost:13653 for channel [id: 0xdffd1267, L:/127.0.0.1:61309 - R:localhost/127.0.0.1:13653]
11:36:19.070 [Forwarding getElementAttribute on session 343760fe1b3b1d209c4a0d88582a27db to remote] DEBUG org.asynchttpclient.netty.request.NettyRequestSender - Using pooled Channel '[id: 0xdffd1267, L:/127.0.0.1:61309 - R:localhost/127.0.0.1:13653]' for 'POST' to 'http://localhost:13653/session/343760fe1b3b1d209c4a0d88582a27db/execute/sync'
11:36:19.070 [Forwarding getElementAttribute on session 343760fe1b3b1d209c4a0d88582a27db to remote] DEBUG org.asynchttpclient.netty.request.NettyRequestSender - Using open Channel [id: 0xdffd1267, L:/127.0.0.1:61309 - R:localhost/127.0.0.1:13653] for POST '/session/343760fe1b3b1d209c4a0d88582a27db/execute/sync'
11:36:19.077 [AsyncHttpClient-1-5] DEBUG org.asynchttpclient.netty.handler.HttpHandler - 

Request DefaultHttpRequest(decodeResult: success, version: HTTP/1.1)
POST /session/343760fe1b3b1d209c4a0d88582a27db/execute/sync HTTP/1.1
User-Agent: selenium/4.8.0 (java windows)
Content-Length: 47374
Content-Type: application/json; charset=utf-8
host: localhost:13653
accept: */*

Response DefaultHttpResponse(decodeResult: success, version: HTTP/1.1)
HTTP/1.1 200 OK
Content-Length: 14
Content-Type: application/json; charset=utf-8
cache-control: no-cache

11:36:19.077 [AsyncHttpClient-1-5] DEBUG org.asynchttpclient.netty.channel.ChannelManager - Adding key: http://localhost:13653 for channel [id: 0xdffd1267, L:/127.0.0.1:61309 - R:localhost/127.0.0.1:13653]
11:36:19.081 [Forwarding getElementAttribute on session 343760fe1b3b1d209c4a0d88582a27db to remote] DEBUG org.asynchttpclient.netty.request.NettyRequestSender - Using pooled Channel '[id: 0xdffd1267, L:/127.0.0.1:61309 - R:localhost/127.0.0.1:13653]' for 'POST' to 'http://localhost:13653/session/343760fe1b3b1d209c4a0d88582a27db/execute/sync'
11:36:19.081 [Forwarding getElementAttribute on session 343760fe1b3b1d209c4a0d88582a27db to remote] DEBUG org.asynchttpclient.netty.request.NettyRequestSender - Using open Channel [id: 0xdffd1267, L:/127.0.0.1:61309 - R:localhost/127.0.0.1:13653] for POST '/session/343760fe1b3b1d209c4a0d88582a27db/execute/sync'
11:36:19.088 [AsyncHttpClient-1-5] DEBUG org.asynchttpclient.netty.handler.HttpHandler - 

Request DefaultHttpRequest(decodeResult: success, version: HTTP/1.1)
POST /session/343760fe1b3b1d209c4a0d88582a27db/execute/sync HTTP/1.1
User-Agent: selenium/4.8.0 (java windows)
Content-Length: 47374
Content-Type: application/json; charset=utf-8
host: localhost:13653
accept: */*

Response DefaultHttpResponse(decodeResult: success, version: HTTP/1.1)
HTTP/1.1 200 OK
Content-Length: 14
Content-Type: application/json; charset=utf-8
cache-control: no-cache

11:36:19.088 [AsyncHttpClient-1-5] DEBUG org.asynchttpclient.netty.channel.ChannelManager - Adding key: http://localhost:13653 for channel [id: 0xdffd1267, L:/127.0.0.1:61309 - R:localhost/127.0.0.1:13653]
11:36:19.090 [Forwarding getElementAttribute on session 343760fe1b3b1d209c4a0d88582a27db to remote] DEBUG org.asynchttpclient.netty.request.NettyRequestSender - Using pooled Channel '[id: 0xdffd1267, L:/127.0.0.1:61309 - R:localhost/127.0.0.1:13653]' for 'POST' to 'http://localhost:13653/session/343760fe1b3b1d209c4a0d88582a27db/execute/sync'
11:36:19.090 [Forwarding getElementAttribute on session 343760fe1b3b1d209c4a0d88582a27db to remote] DEBUG org.asynchttpclient.netty.request.NettyRequestSender - Using open Channel [id: 0xdffd1267, L:/127.0.0.1:61309 - R:localhost/127.0.0.1:13653] for POST '/session/343760fe1b3b1d209c4a0d88582a27db/execute/sync'
11:36:19.097 [AsyncHttpClient-1-5] DEBUG org.asynchttpclient.netty.handler.HttpHandler - 

Request DefaultHttpRequest(decodeResult: success, version: HTTP/1.1)
POST /session/343760fe1b3b1d209c4a0d88582a27db/execute/sync HTTP/1.1
User-Agent: selenium/4.8.0 (java windows)
Content-Length: 47375
Content-Type: application/json; charset=utf-8
host: localhost:13653
accept: */*

Response DefaultHttpResponse(decodeResult: success, version: HTTP/1.1)
HTTP/1.1 200 OK
Content-Length: 14
Content-Type: application/json; charset=utf-8
cache-control: no-cache

11:36:19.097 [AsyncHttpClient-1-5] DEBUG org.asynchttpclient.netty.channel.ChannelManager - Adding key: http://localhost:13653 for channel [id: 0xdffd1267, L:/127.0.0.1:61309 - R:localhost/127.0.0.1:13653]
11:36:19.101 [Forwarding getElementAttribute on session 343760fe1b3b1d209c4a0d88582a27db to remote] DEBUG org.asynchttpclient.netty.request.NettyRequestSender - Using pooled Channel '[id: 0xdffd1267, L:/127.0.0.1:61309 - R:localhost/127.0.0.1:13653]' for 'POST' to 'http://localhost:13653/session/343760fe1b3b1d209c4a0d88582a27db/execute/sync'
11:36:19.101 [Forwarding getElementAttribute on session 343760fe1b3b1d209c4a0d88582a27db to remote] DEBUG org.asynchttpclient.netty.request.NettyRequestSender - Using open Channel [id: 0xdffd1267, L:/127.0.0.1:61309 - R:localhost/127.0.0.1:13653] for POST '/session/343760fe1b3b1d209c4a0d88582a27db/execute/sync'
11:36:19.109 [AsyncHttpClient-1-5] DEBUG org.asynchttpclient.netty.handler.HttpHandler - 

Request DefaultHttpRequest(decodeResult: success, version: HTTP/1.1)
POST /session/343760fe1b3b1d209c4a0d88582a27db/execute/sync HTTP/1.1
User-Agent: selenium/4.8.0 (java windows)
Content-Length: 47375
Content-Type: application/json; charset=utf-8
host: localhost:13653
accept: */*

Response DefaultHttpResponse(decodeResult: success, version: HTTP/1.1)
HTTP/1.1 200 OK
Content-Length: 32
Content-Type: application/json; charset=utf-8
cache-control: no-cache

11:36:19.109 [AsyncHttpClient-1-5] DEBUG org.asynchttpclient.netty.channel.ChannelManager - Adding key: http://localhost:13653 for channel [id: 0xdffd1267, L:/127.0.0.1:61309 - R:localhost/127.0.0.1:13653]
11:36:19.111 [Forwarding getElementAttribute on session 343760fe1b3b1d209c4a0d88582a27db to remote] DEBUG org.asynchttpclient.netty.request.NettyRequestSender - Using pooled Channel '[id: 0xdffd1267, L:/127.0.0.1:61309 - R:localhost/127.0.0.1:13653]' for 'POST' to 'http://localhost:13653/session/343760fe1b3b1d209c4a0d88582a27db/execute/sync'
11:36:19.111 [Forwarding getElementAttribute on session 343760fe1b3b1d209c4a0d88582a27db to remote] DEBUG org.asynchttpclient.netty.request.NettyRequestSender - Using open Channel [id: 0xdffd1267, L:/127.0.0.1:61309 - R:localhost/127.0.0.1:13653] for POST '/session/343760fe1b3b1d209c4a0d88582a27db/execute/sync'
11:36:19.119 [AsyncHttpClient-1-5] DEBUG org.asynchttpclient.netty.handler.HttpHandler - 

Request DefaultHttpRequest(decodeResult: success, version: HTTP/1.1)
POST /session/343760fe1b3b1d209c4a0d88582a27db/execute/sync HTTP/1.1
User-Agent: selenium/4.8.0 (java windows)
Content-Length: 47375
Content-Type: application/json; charset=utf-8
host: localhost:13653
accept: */*

Response DefaultHttpResponse(decodeResult: success, version: HTTP/1.1)
HTTP/1.1 200 OK
Content-Length: 32
Content-Type: application/json; charset=utf-8
cache-control: no-cache

11:36:19.119 [AsyncHttpClient-1-5] DEBUG org.asynchttpclient.netty.channel.ChannelManager - Adding key: http://localhost:13653 for channel [id: 0xdffd1267, L:/127.0.0.1:61309 - R:localhost/127.0.0.1:13653]
<div class='inventory_item_price'> - InventoryPage.productpricesprice validation failed
11:36:19.119 [Forwarding findElements on session 343760fe1b3b1d209c4a0d88582a27db to remote] DEBUG org.asynchttpclient.netty.request.NettyRequestSender - Using pooled Channel '[id: 0xdffd1267, L:/127.0.0.1:61309 - R:localhost/127.0.0.1:13653]' for 'POST' to 'http://localhost:13653/session/343760fe1b3b1d209c4a0d88582a27db/elements'
11:36:19.119 [Forwarding findElements on session 343760fe1b3b1d209c4a0d88582a27db to remote] DEBUG org.asynchttpclient.netty.request.NettyRequestSender - Using open Channel [id: 0xdffd1267, L:/127.0.0.1:61309 - R:localhost/127.0.0.1:13653] for POST '/session/343760fe1b3b1d209c4a0d88582a27db/elements'
11:36:19.128 [AsyncHttpClient-1-5] DEBUG org.asynchttpclient.netty.handler.HttpHandler - 

Request DefaultHttpRequest(decodeResult: success, version: HTTP/1.1)
POST /session/343760fe1b3b1d209c4a0d88582a27db/elements HTTP/1.1
User-Agent: selenium/4.8.0 (java windows)
Content-Length: 83
Content-Type: application/json; charset=utf-8
host: localhost:13653
accept: */*

Response DefaultHttpResponse(decodeResult: success, version: HTTP/1.1)
HTTP/1.1 200 OK
Content-Length: 527
Content-Type: application/json; charset=utf-8
cache-control: no-cache

11:36:19.128 [AsyncHttpClient-1-5] DEBUG org.asynchttpclient.netty.channel.ChannelManager - Adding key: http://localhost:13653 for channel [id: 0xdffd1267, L:/127.0.0.1:61309 - R:localhost/127.0.0.1:13653]
11:36:19.129 [Forwarding findElements on session 343760fe1b3b1d209c4a0d88582a27db to remote] DEBUG org.asynchttpclient.netty.request.NettyRequestSender - Using pooled Channel '[id: 0xdffd1267, L:/127.0.0.1:61309 - R:localhost/127.0.0.1:13653]' for 'POST' to 'http://localhost:13653/session/343760fe1b3b1d209c4a0d88582a27db/elements'
11:36:19.129 [Forwarding findElements on session 343760fe1b3b1d209c4a0d88582a27db to remote] DEBUG org.asynchttpclient.netty.request.NettyRequestSender - Using open Channel [id: 0xdffd1267, L:/127.0.0.1:61309 - R:localhost/127.0.0.1:13653] for POST '/session/343760fe1b3b1d209c4a0d88582a27db/elements'
11:36:19.138 [AsyncHttpClient-1-5] DEBUG org.asynchttpclient.netty.handler.HttpHandler - 

Request DefaultHttpRequest(decodeResult: success, version: HTTP/1.1)
POST /session/343760fe1b3b1d209c4a0d88582a27db/elements HTTP/1.1
User-Agent: selenium/4.8.0 (java windows)
Content-Length: 83
Content-Type: application/json; charset=utf-8
host: localhost:13653
accept: */*

Response DefaultHttpResponse(decodeResult: success, version: HTTP/1.1)
HTTP/1.1 200 OK
Content-Length: 527
Content-Type: application/json; charset=utf-8
cache-control: no-cache

11:36:19.138 [AsyncHttpClient-1-5] DEBUG org.asynchttpclient.netty.channel.ChannelManager - Adding key: http://localhost:13653 for channel [id: 0xdffd1267, L:/127.0.0.1:61309 - R:localhost/127.0.0.1:13653]
11:36:19.140 [Forwarding findElements on session 343760fe1b3b1d209c4a0d88582a27db to remote] DEBUG org.asynchttpclient.netty.request.NettyRequestSender - Using pooled Channel '[id: 0xdffd1267, L:/127.0.0.1:61309 - R:localhost/127.0.0.1:13653]' for 'POST' to 'http://localhost:13653/session/343760fe1b3b1d209c4a0d88582a27db/elements'
11:36:19.140 [Forwarding findElements on session 343760fe1b3b1d209c4a0d88582a27db to remote] DEBUG org.asynchttpclient.netty.request.NettyRequestSender - Using open Channel [id: 0xdffd1267, L:/127.0.0.1:61309 - R:localhost/127.0.0.1:13653] for POST '/session/343760fe1b3b1d209c4a0d88582a27db/elements'
11:36:19.148 [AsyncHttpClient-1-5] DEBUG org.asynchttpclient.netty.handler.HttpHandler - 

Request DefaultHttpRequest(decodeResult: success, version: HTTP/1.1)
POST /session/343760fe1b3b1d209c4a0d88582a27db/elements HTTP/1.1
User-Agent: selenium/4.8.0 (java windows)
Content-Length: 83
Content-Type: application/json; charset=utf-8
host: localhost:13653
accept: */*

Response DefaultHttpResponse(decodeResult: success, version: HTTP/1.1)
HTTP/1.1 200 OK
Content-Length: 527
Content-Type: application/json; charset=utf-8
cache-control: no-cache

11:36:19.148 [AsyncHttpClient-1-5] DEBUG org.asynchttpclient.netty.channel.ChannelManager - Adding key: http://localhost:13653 for channel [id: 0xdffd1267, L:/127.0.0.1:61309 - R:localhost/127.0.0.1:13653]
11:36:19.152 [Forwarding getElementText on session 343760fe1b3b1d209c4a0d88582a27db to remote] DEBUG org.asynchttpclient.netty.request.NettyRequestSender - Using pooled Channel '[id: 0xdffd1267, L:/127.0.0.1:61309 - R:localhost/127.0.0.1:13653]' for 'GET' to 'http://localhost:13653/session/343760fe1b3b1d209c4a0d88582a27db/element/B5D78317CDC82913058D66A8C952A41F_element_41/text'
11:36:19.152 [Forwarding getElementText on session 343760fe1b3b1d209c4a0d88582a27db to remote] DEBUG org.asynchttpclient.netty.request.NettyRequestSender - Using open Channel [id: 0xdffd1267, L:/127.0.0.1:61309 - R:localhost/127.0.0.1:13653] for GET '/session/343760fe1b3b1d209c4a0d88582a27db/element/B5D78317CDC82913058D66A8C952A41F_element_41/text'
11:36:19.161 [AsyncHttpClient-1-5] DEBUG org.asynchttpclient.netty.handler.HttpHandler - 

Request DefaultFullHttpRequest(decodeResult: success, version: HTTP/1.1, content: EmptyByteBufBE)
GET /session/343760fe1b3b1d209c4a0d88582a27db/element/B5D78317CDC82913058D66A8C952A41F_element_41/text HTTP/1.1
User-Agent: selenium/4.8.0 (java windows)
Cache-Control: no-cache
Content-Type: application/json; charset=utf-8
host: localhost:13653
accept: */*

Response DefaultHttpResponse(decodeResult: success, version: HTTP/1.1)
HTTP/1.1 200 OK
Content-Length: 18
Content-Type: application/json; charset=utf-8
cache-control: no-cache

11:36:19.161 [AsyncHttpClient-1-5] DEBUG org.asynchttpclient.netty.channel.ChannelManager - Adding key: http://localhost:13653 for channel [id: 0xdffd1267, L:/127.0.0.1:61309 - R:localhost/127.0.0.1:13653]
11:36:19.162 [Forwarding findElements on session 343760fe1b3b1d209c4a0d88582a27db to remote] DEBUG org.asynchttpclient.netty.request.NettyRequestSender - Using pooled Channel '[id: 0xdffd1267, L:/127.0.0.1:61309 - R:localhost/127.0.0.1:13653]' for 'POST' to 'http://localhost:13653/session/343760fe1b3b1d209c4a0d88582a27db/elements'
11:36:19.162 [Forwarding findElements on session 343760fe1b3b1d209c4a0d88582a27db to remote] DEBUG org.asynchttpclient.netty.request.NettyRequestSender - Using open Channel [id: 0xdffd1267, L:/127.0.0.1:61309 - R:localhost/127.0.0.1:13653] for POST '/session/343760fe1b3b1d209c4a0d88582a27db/elements'
11:36:19.171 [AsyncHttpClient-1-5] DEBUG org.asynchttpclient.netty.handler.HttpHandler - 

Request DefaultHttpRequest(decodeResult: success, version: HTTP/1.1)
POST /session/343760fe1b3b1d209c4a0d88582a27db/elements HTTP/1.1
User-Agent: selenium/4.8.0 (java windows)
Content-Length: 83
Content-Type: application/json; charset=utf-8
host: localhost:13653
accept: */*

Response DefaultHttpResponse(decodeResult: success, version: HTTP/1.1)
HTTP/1.1 200 OK
Content-Length: 527
Content-Type: application/json; charset=utf-8
cache-control: no-cache

11:36:19.171 [AsyncHttpClient-1-5] DEBUG org.asynchttpclient.netty.channel.ChannelManager - Adding key: http://localhost:13653 for channel [id: 0xdffd1267, L:/127.0.0.1:61309 - R:localhost/127.0.0.1:13653]
11:36:19.172 [Forwarding getElementTagName on session 343760fe1b3b1d209c4a0d88582a27db to remote] DEBUG org.asynchttpclient.netty.request.NettyRequestSender - Using pooled Channel '[id: 0xdffd1267, L:/127.0.0.1:61309 - R:localhost/127.0.0.1:13653]' for 'GET' to 'http://localhost:13653/session/343760fe1b3b1d209c4a0d88582a27db/element/B5D78317CDC82913058D66A8C952A41F_element_41/name'
11:36:19.172 [Forwarding getElementTagName on session 343760fe1b3b1d209c4a0d88582a27db to remote] DEBUG org.asynchttpclient.netty.request.NettyRequestSender - Using open Channel [id: 0xdffd1267, L:/127.0.0.1:61309 - R:localhost/127.0.0.1:13653] for GET '/session/343760fe1b3b1d209c4a0d88582a27db/element/B5D78317CDC82913058D66A8C952A41F_element_41/name'
11:36:19.179 [AsyncHttpClient-1-5] DEBUG org.asynchttpclient.netty.handler.HttpHandler - 

Request DefaultFullHttpRequest(decodeResult: success, version: HTTP/1.1, content: EmptyByteBufBE)
GET /session/343760fe1b3b1d209c4a0d88582a27db/element/B5D78317CDC82913058D66A8C952A41F_element_41/name HTTP/1.1
User-Agent: selenium/4.8.0 (java windows)
Cache-Control: no-cache
Content-Type: application/json; charset=utf-8
host: localhost:13653
accept: */*

Response DefaultHttpResponse(decodeResult: success, version: HTTP/1.1)
HTTP/1.1 200 OK
Content-Length: 15
Content-Type: application/json; charset=utf-8
cache-control: no-cache

11:36:19.179 [AsyncHttpClient-1-5] DEBUG org.asynchttpclient.netty.channel.ChannelManager - Adding key: http://localhost:13653 for channel [id: 0xdffd1267, L:/127.0.0.1:61309 - R:localhost/127.0.0.1:13653]
11:36:19.182 [Forwarding getElementAttribute on session 343760fe1b3b1d209c4a0d88582a27db to remote] DEBUG org.asynchttpclient.netty.request.NettyRequestSender - Using pooled Channel '[id: 0xdffd1267, L:/127.0.0.1:61309 - R:localhost/127.0.0.1:13653]' for 'POST' to 'http://localhost:13653/session/343760fe1b3b1d209c4a0d88582a27db/execute/sync'
11:36:19.182 [Forwarding getElementAttribute on session 343760fe1b3b1d209c4a0d88582a27db to remote] DEBUG org.asynchttpclient.netty.request.NettyRequestSender - Using open Channel [id: 0xdffd1267, L:/127.0.0.1:61309 - R:localhost/127.0.0.1:13653] for POST '/session/343760fe1b3b1d209c4a0d88582a27db/execute/sync'
11:36:19.191 [AsyncHttpClient-1-5] DEBUG org.asynchttpclient.netty.handler.HttpHandler - 

Request DefaultHttpRequest(decodeResult: success, version: HTTP/1.1)
POST /session/343760fe1b3b1d209c4a0d88582a27db/execute/sync HTTP/1.1
User-Agent: selenium/4.8.0 (java windows)
Content-Length: 47372
Content-Type: application/json; charset=utf-8
host: localhost:13653
accept: */*

Response DefaultHttpResponse(decodeResult: success, version: HTTP/1.1)
HTTP/1.1 200 OK
Content-Length: 12
Content-Type: application/json; charset=utf-8
cache-control: no-cache

11:36:19.191 [AsyncHttpClient-1-5] DEBUG org.asynchttpclient.netty.channel.ChannelManager - Adding key: http://localhost:13653 for channel [id: 0xdffd1267, L:/127.0.0.1:61309 - R:localhost/127.0.0.1:13653]
11:36:19.195 [Forwarding getElementAttribute on session 343760fe1b3b1d209c4a0d88582a27db to remote] DEBUG org.asynchttpclient.netty.request.NettyRequestSender - Using pooled Channel '[id: 0xdffd1267, L:/127.0.0.1:61309 - R:localhost/127.0.0.1:13653]' for 'POST' to 'http://localhost:13653/session/343760fe1b3b1d209c4a0d88582a27db/execute/sync'
11:36:19.195 [Forwarding getElementAttribute on session 343760fe1b3b1d209c4a0d88582a27db to remote] DEBUG org.asynchttpclient.netty.request.NettyRequestSender - Using open Channel [id: 0xdffd1267, L:/127.0.0.1:61309 - R:localhost/127.0.0.1:13653] for POST '/session/343760fe1b3b1d209c4a0d88582a27db/execute/sync'
11:36:19.204 [AsyncHttpClient-1-5] DEBUG org.asynchttpclient.netty.handler.HttpHandler - 

Request DefaultHttpRequest(decodeResult: success, version: HTTP/1.1)
POST /session/343760fe1b3b1d209c4a0d88582a27db/execute/sync HTTP/1.1
User-Agent: selenium/4.8.0 (java windows)
Content-Length: 47374
Content-Type: application/json; charset=utf-8
host: localhost:13653
accept: */*

Response DefaultHttpResponse(decodeResult: success, version: HTTP/1.1)
HTTP/1.1 200 OK
Content-Length: 14
Content-Type: application/json; charset=utf-8
cache-control: no-cache

11:36:19.204 [AsyncHttpClient-1-5] DEBUG org.asynchttpclient.netty.channel.ChannelManager - Adding key: http://localhost:13653 for channel [id: 0xdffd1267, L:/127.0.0.1:61309 - R:localhost/127.0.0.1:13653]
11:36:19.205 [Forwarding getElementAttribute on session 343760fe1b3b1d209c4a0d88582a27db to remote] DEBUG org.asynchttpclient.netty.request.NettyRequestSender - Using pooled Channel '[id: 0xdffd1267, L:/127.0.0.1:61309 - R:localhost/127.0.0.1:13653]' for 'POST' to 'http://localhost:13653/session/343760fe1b3b1d209c4a0d88582a27db/execute/sync'
11:36:19.205 [Forwarding getElementAttribute on session 343760fe1b3b1d209c4a0d88582a27db to remote] DEBUG org.asynchttpclient.netty.request.NettyRequestSender - Using open Channel [id: 0xdffd1267, L:/127.0.0.1:61309 - R:localhost/127.0.0.1:13653] for POST '/session/343760fe1b3b1d209c4a0d88582a27db/execute/sync'
11:36:19.212 [AsyncHttpClient-1-5] DEBUG org.asynchttpclient.netty.handler.HttpHandler - 

Request DefaultHttpRequest(decodeResult: success, version: HTTP/1.1)
POST /session/343760fe1b3b1d209c4a0d88582a27db/execute/sync HTTP/1.1
User-Agent: selenium/4.8.0 (java windows)
Content-Length: 47374
Content-Type: application/json; charset=utf-8
host: localhost:13653
accept: */*

Response DefaultHttpResponse(decodeResult: success, version: HTTP/1.1)
HTTP/1.1 200 OK
Content-Length: 14
Content-Type: application/json; charset=utf-8
cache-control: no-cache

11:36:19.212 [AsyncHttpClient-1-5] DEBUG org.asynchttpclient.netty.channel.ChannelManager - Adding key: http://localhost:13653 for channel [id: 0xdffd1267, L:/127.0.0.1:61309 - R:localhost/127.0.0.1:13653]
11:36:19.214 [Forwarding getElementAttribute on session 343760fe1b3b1d209c4a0d88582a27db to remote] DEBUG org.asynchttpclient.netty.request.NettyRequestSender - Using pooled Channel '[id: 0xdffd1267, L:/127.0.0.1:61309 - R:localhost/127.0.0.1:13653]' for 'POST' to 'http://localhost:13653/session/343760fe1b3b1d209c4a0d88582a27db/execute/sync'
11:36:19.214 [Forwarding getElementAttribute on session 343760fe1b3b1d209c4a0d88582a27db to remote] DEBUG org.asynchttpclient.netty.request.NettyRequestSender - Using open Channel [id: 0xdffd1267, L:/127.0.0.1:61309 - R:localhost/127.0.0.1:13653] for POST '/session/343760fe1b3b1d209c4a0d88582a27db/execute/sync'
11:36:19.223 [AsyncHttpClient-1-5] DEBUG org.asynchttpclient.netty.handler.HttpHandler - 

Request DefaultHttpRequest(decodeResult: success, version: HTTP/1.1)
POST /session/343760fe1b3b1d209c4a0d88582a27db/execute/sync HTTP/1.1
User-Agent: selenium/4.8.0 (java windows)
Content-Length: 47374
Content-Type: application/json; charset=utf-8
host: localhost:13653
accept: */*

Response DefaultHttpResponse(decodeResult: success, version: HTTP/1.1)
HTTP/1.1 200 OK
Content-Length: 14
Content-Type: application/json; charset=utf-8
cache-control: no-cache

11:36:19.223 [AsyncHttpClient-1-5] DEBUG org.asynchttpclient.netty.channel.ChannelManager - Adding key: http://localhost:13653 for channel [id: 0xdffd1267, L:/127.0.0.1:61309 - R:localhost/127.0.0.1:13653]
11:36:19.228 [Forwarding getElementAttribute on session 343760fe1b3b1d209c4a0d88582a27db to remote] DEBUG org.asynchttpclient.netty.request.NettyRequestSender - Using pooled Channel '[id: 0xdffd1267, L:/127.0.0.1:61309 - R:localhost/127.0.0.1:13653]' for 'POST' to 'http://localhost:13653/session/343760fe1b3b1d209c4a0d88582a27db/execute/sync'
11:36:19.228 [Forwarding getElementAttribute on session 343760fe1b3b1d209c4a0d88582a27db to remote] DEBUG org.asynchttpclient.netty.request.NettyRequestSender - Using open Channel [id: 0xdffd1267, L:/127.0.0.1:61309 - R:localhost/127.0.0.1:13653] for POST '/session/343760fe1b3b1d209c4a0d88582a27db/execute/sync'
11:36:19.236 [AsyncHttpClient-1-5] DEBUG org.asynchttpclient.netty.handler.HttpHandler - 

Request DefaultHttpRequest(decodeResult: success, version: HTTP/1.1)
POST /session/343760fe1b3b1d209c4a0d88582a27db/execute/sync HTTP/1.1
User-Agent: selenium/4.8.0 (java windows)
Content-Length: 47375
Content-Type: application/json; charset=utf-8
host: localhost:13653
accept: */*

Response DefaultHttpResponse(decodeResult: success, version: HTTP/1.1)
HTTP/1.1 200 OK
Content-Length: 14
Content-Type: application/json; charset=utf-8
cache-control: no-cache

11:36:19.236 [AsyncHttpClient-1-5] DEBUG org.asynchttpclient.netty.channel.ChannelManager - Adding key: http://localhost:13653 for channel [id: 0xdffd1267, L:/127.0.0.1:61309 - R:localhost/127.0.0.1:13653]
11:36:19.238 [Forwarding getElementAttribute on session 343760fe1b3b1d209c4a0d88582a27db to remote] DEBUG org.asynchttpclient.netty.request.NettyRequestSender - Using pooled Channel '[id: 0xdffd1267, L:/127.0.0.1:61309 - R:localhost/127.0.0.1:13653]' for 'POST' to 'http://localhost:13653/session/343760fe1b3b1d209c4a0d88582a27db/execute/sync'
11:36:19.238 [Forwarding getElementAttribute on session 343760fe1b3b1d209c4a0d88582a27db to remote] DEBUG org.asynchttpclient.netty.request.NettyRequestSender - Using open Channel [id: 0xdffd1267, L:/127.0.0.1:61309 - R:localhost/127.0.0.1:13653] for POST '/session/343760fe1b3b1d209c4a0d88582a27db/execute/sync'
11:36:19.248 [AsyncHttpClient-1-5] DEBUG org.asynchttpclient.netty.handler.HttpHandler - 

Request DefaultHttpRequest(decodeResult: success, version: HTTP/1.1)
POST /session/343760fe1b3b1d209c4a0d88582a27db/execute/sync HTTP/1.1
User-Agent: selenium/4.8.0 (java windows)
Content-Length: 47375
Content-Type: application/json; charset=utf-8
host: localhost:13653
accept: */*

Response DefaultHttpResponse(decodeResult: success, version: HTTP/1.1)
HTTP/1.1 200 OK
Content-Length: 32
Content-Type: application/json; charset=utf-8
cache-control: no-cache

11:36:19.248 [AsyncHttpClient-1-5] DEBUG org.asynchttpclient.netty.channel.ChannelManager - Adding key: http://localhost:13653 for channel [id: 0xdffd1267, L:/127.0.0.1:61309 - R:localhost/127.0.0.1:13653]
11:36:19.250 [Forwarding getElementAttribute on session 343760fe1b3b1d209c4a0d88582a27db to remote] DEBUG org.asynchttpclient.netty.request.NettyRequestSender - Using pooled Channel '[id: 0xdffd1267, L:/127.0.0.1:61309 - R:localhost/127.0.0.1:13653]' for 'POST' to 'http://localhost:13653/session/343760fe1b3b1d209c4a0d88582a27db/execute/sync'
11:36:19.250 [Forwarding getElementAttribute on session 343760fe1b3b1d209c4a0d88582a27db to remote] DEBUG org.asynchttpclient.netty.request.NettyRequestSender - Using open Channel [id: 0xdffd1267, L:/127.0.0.1:61309 - R:localhost/127.0.0.1:13653] for POST '/session/343760fe1b3b1d209c4a0d88582a27db/execute/sync'
11:36:19.259 [AsyncHttpClient-1-5] DEBUG org.asynchttpclient.netty.handler.HttpHandler - 

Request DefaultHttpRequest(decodeResult: success, version: HTTP/1.1)
POST /session/343760fe1b3b1d209c4a0d88582a27db/execute/sync HTTP/1.1
User-Agent: selenium/4.8.0 (java windows)
Content-Length: 47375
Content-Type: application/json; charset=utf-8
host: localhost:13653
accept: */*

Response DefaultHttpResponse(decodeResult: success, version: HTTP/1.1)
HTTP/1.1 200 OK
Content-Length: 32
Content-Type: application/json; charset=utf-8
cache-control: no-cache

11:36:19.259 [AsyncHttpClient-1-5] DEBUG org.asynchttpclient.netty.channel.ChannelManager - Adding key: http://localhost:13653 for channel [id: 0xdffd1267, L:/127.0.0.1:61309 - R:localhost/127.0.0.1:13653]
<div class='inventory_item_price'> - InventoryPage.productpricesprice validation failed
11:36:19.260 [Forwarding findElements on session 343760fe1b3b1d209c4a0d88582a27db to remote] DEBUG org.asynchttpclient.netty.request.NettyRequestSender - Using pooled Channel '[id: 0xdffd1267, L:/127.0.0.1:61309 - R:localhost/127.0.0.1:13653]' for 'POST' to 'http://localhost:13653/session/343760fe1b3b1d209c4a0d88582a27db/elements'
11:36:19.260 [Forwarding findElements on session 343760fe1b3b1d209c4a0d88582a27db to remote] DEBUG org.asynchttpclient.netty.request.NettyRequestSender - Using open Channel [id: 0xdffd1267, L:/127.0.0.1:61309 - R:localhost/127.0.0.1:13653] for POST '/session/343760fe1b3b1d209c4a0d88582a27db/elements'
11:36:19.273 [AsyncHttpClient-1-5] DEBUG org.asynchttpclient.netty.handler.HttpHandler - 

Request DefaultHttpRequest(decodeResult: success, version: HTTP/1.1)
POST /session/343760fe1b3b1d209c4a0d88582a27db/elements HTTP/1.1
User-Agent: selenium/4.8.0 (java windows)
Content-Length: 83
Content-Type: application/json; charset=utf-8
host: localhost:13653
accept: */*

Response DefaultHttpResponse(decodeResult: success, version: HTTP/1.1)
HTTP/1.1 200 OK
Content-Length: 527
Content-Type: application/json; charset=utf-8
cache-control: no-cache

11:36:19.273 [AsyncHttpClient-1-5] DEBUG org.asynchttpclient.netty.channel.ChannelManager - Adding key: http://localhost:13653 for channel [id: 0xdffd1267, L:/127.0.0.1:61309 - R:localhost/127.0.0.1:13653]
11:36:19.277 [Forwarding getAlertText on session 343760fe1b3b1d209c4a0d88582a27db to remote] DEBUG org.asynchttpclient.netty.request.NettyRequestSender - Using pooled Channel '[id: 0xdffd1267, L:/127.0.0.1:61309 - R:localhost/127.0.0.1:13653]' for 'GET' to 'http://localhost:13653/session/343760fe1b3b1d209c4a0d88582a27db/alert/text'
11:36:19.277 [Forwarding getAlertText on session 343760fe1b3b1d209c4a0d88582a27db to remote] DEBUG org.asynchttpclient.netty.request.NettyRequestSender - Using open Channel [id: 0xdffd1267, L:/127.0.0.1:61309 - R:localhost/127.0.0.1:13653] for GET '/session/343760fe1b3b1d209c4a0d88582a27db/alert/text'
11:36:19.279 [AsyncHttpClient-1-5] DEBUG org.asynchttpclient.netty.handler.HttpHandler - 

Request DefaultFullHttpRequest(decodeResult: success, version: HTTP/1.1, content: EmptyByteBufBE)
GET /session/343760fe1b3b1d209c4a0d88582a27db/alert/text HTTP/1.1
User-Agent: selenium/4.8.0 (java windows)
Cache-Control: no-cache
Content-Type: application/json; charset=utf-8
host: localhost:13653
accept: */*

Response DefaultHttpResponse(decodeResult: success, version: HTTP/1.1)
HTTP/1.1 404 Not Found
Content-Length: 1522
Content-Type: application/json; charset=utf-8
cache-control: no-cache

11:36:19.279 [AsyncHttpClient-1-5] DEBUG org.asynchttpclient.netty.channel.ChannelManager - Adding key: http://localhost:13653 for channel [id: 0xdffd1267, L:/127.0.0.1:61309 - R:localhost/127.0.0.1:13653]
11:36:19.280 [Forwarding getCurrentUrl on session 343760fe1b3b1d209c4a0d88582a27db to remote] DEBUG org.asynchttpclient.netty.request.NettyRequestSender - Using pooled Channel '[id: 0xdffd1267, L:/127.0.0.1:61309 - R:localhost/127.0.0.1:13653]' for 'GET' to 'http://localhost:13653/session/343760fe1b3b1d209c4a0d88582a27db/url'
11:36:19.280 [Forwarding getCurrentUrl on session 343760fe1b3b1d209c4a0d88582a27db to remote] DEBUG org.asynchttpclient.netty.request.NettyRequestSender - Using open Channel [id: 0xdffd1267, L:/127.0.0.1:61309 - R:localhost/127.0.0.1:13653] for GET '/session/343760fe1b3b1d209c4a0d88582a27db/url'
11:36:19.285 [AsyncHttpClient-1-5] DEBUG org.asynchttpclient.netty.handler.HttpHandler - 

Request DefaultFullHttpRequest(decodeResult: success, version: HTTP/1.1, content: EmptyByteBufBE)
GET /session/343760fe1b3b1d209c4a0d88582a27db/url HTTP/1.1
User-Agent: selenium/4.8.0 (java windows)
Cache-Control: no-cache
Content-Type: application/json; charset=utf-8
host: localhost:13653
accept: */*

Response DefaultHttpResponse(decodeResult: success, version: HTTP/1.1)
HTTP/1.1 200 OK
Content-Length: 52
Content-Type: application/json; charset=utf-8
cache-control: no-cache

11:36:19.285 [AsyncHttpClient-1-5] DEBUG org.asynchttpclient.netty.channel.ChannelManager - Adding key: http://localhost:13653 for channel [id: 0xdffd1267, L:/127.0.0.1:61309 - R:localhost/127.0.0.1:13653]
11:36:19.285 [Forwarding screenshot on session 343760fe1b3b1d209c4a0d88582a27db to remote] DEBUG org.asynchttpclient.netty.request.NettyRequestSender - Using pooled Channel '[id: 0xdffd1267, L:/127.0.0.1:61309 - R:localhost/127.0.0.1:13653]' for 'GET' to 'http://localhost:13653/session/343760fe1b3b1d209c4a0d88582a27db/screenshot'
11:36:19.285 [Forwarding screenshot on session 343760fe1b3b1d209c4a0d88582a27db to remote] DEBUG org.asynchttpclient.netty.request.NettyRequestSender - Using open Channel [id: 0xdffd1267, L:/127.0.0.1:61309 - R:localhost/127.0.0.1:13653] for GET '/session/343760fe1b3b1d209c4a0d88582a27db/screenshot'
11:36:19.522 [AsyncHttpClient-1-5] DEBUG org.asynchttpclient.netty.handler.HttpHandler - 

Request DefaultFullHttpRequest(decodeResult: success, version: HTTP/1.1, content: EmptyByteBufBE)
GET /session/343760fe1b3b1d209c4a0d88582a27db/screenshot HTTP/1.1
User-Agent: selenium/4.8.0 (java windows)
Cache-Control: no-cache
Content-Type: application/json; charset=utf-8
host: localhost:13653
accept: */*

Response DefaultHttpResponse(decodeResult: success, version: HTTP/1.1)
HTTP/1.1 200 OK
Content-Length: 563500
Content-Type: application/json; charset=utf-8
cache-control: no-cache

11:36:19.522 [AsyncHttpClient-1-5] DEBUG org.asynchttpclient.netty.channel.ChannelManager - Adding key: http://localhost:13653 for channel [id: 0xdffd1267, L:/127.0.0.1:61309 - R:localhost/127.0.0.1:13653]
11:36:19.546 [main] DEBUG net.serenitybdd.core.photography.Darkroom - Send negative for processing for target\site\serenity\4bed3cdfce91ca4f358d5285b57371c62ff9f4a6deb5992f6a647f712a576b8a.png
11:36:19.546 [main] DEBUG net.thucydides.core.steps.StepInterceptor - STEP DONE: validate ProductsPricesLowToHigh
11:36:19.558 [Forwarding getPageSource on session 343760fe1b3b1d209c4a0d88582a27db to remote] DEBUG org.asynchttpclient.netty.request.NettyRequestSender - Using pooled Channel '[id: 0xdffd1267, L:/127.0.0.1:61309 - R:localhost/127.0.0.1:13653]' for 'POST' to 'http://localhost:13653/session/343760fe1b3b1d209c4a0d88582a27db/execute/sync'
11:36:19.558 [Forwarding getPageSource on session 343760fe1b3b1d209c4a0d88582a27db to remote] DEBUG org.asynchttpclient.netty.request.NettyRequestSender - Using open Channel [id: 0xdffd1267, L:/127.0.0.1:61309 - R:localhost/127.0.0.1:13653] for POST '/session/343760fe1b3b1d209c4a0d88582a27db/execute/sync'
11:36:19.569 [AsyncHttpClient-1-5] DEBUG org.asynchttpclient.netty.handler.HttpHandler - 

Request DefaultHttpRequest(decodeResult: success, version: HTTP/1.1)
POST /session/343760fe1b3b1d209c4a0d88582a27db/execute/sync HTTP/1.1
User-Agent: selenium/4.8.0 (java windows)
Content-Length: 176
Content-Type: application/json; charset=utf-8
host: localhost:13653
accept: */*

Response DefaultHttpResponse(decodeResult: success, version: HTTP/1.1)
HTTP/1.1 200 OK
Content-Length: 16311
Content-Type: application/json; charset=utf-8
cache-control: no-cache

11:36:19.569 [AsyncHttpClient-1-5] DEBUG org.asynchttpclient.netty.channel.ChannelManager - Adding key: http://localhost:13653 for channel [id: 0xdffd1267, L:/127.0.0.1:61309 - R:localhost/127.0.0.1:13653]
11:36:19.571 [Forwarding getCurrentUrl on session 343760fe1b3b1d209c4a0d88582a27db to remote] DEBUG org.asynchttpclient.netty.request.NettyRequestSender - Using pooled Channel '[id: 0xdffd1267, L:/127.0.0.1:61309 - R:localhost/127.0.0.1:13653]' for 'GET' to 'http://localhost:13653/session/343760fe1b3b1d209c4a0d88582a27db/url'
11:36:19.571 [Forwarding getCurrentUrl on session 343760fe1b3b1d209c4a0d88582a27db to remote] DEBUG org.asynchttpclient.netty.request.NettyRequestSender - Using open Channel [id: 0xdffd1267, L:/127.0.0.1:61309 - R:localhost/127.0.0.1:13653] for GET '/session/343760fe1b3b1d209c4a0d88582a27db/url'
11:36:19.579 [AsyncHttpClient-1-5] DEBUG org.asynchttpclient.netty.handler.HttpHandler - 

Request DefaultFullHttpRequest(decodeResult: success, version: HTTP/1.1, content: EmptyByteBufBE)
GET /session/343760fe1b3b1d209c4a0d88582a27db/url HTTP/1.1
User-Agent: selenium/4.8.0 (java windows)
Cache-Control: no-cache
Content-Type: application/json; charset=utf-8
host: localhost:13653
accept: */*

Response DefaultHttpResponse(decodeResult: success, version: HTTP/1.1)
HTTP/1.1 200 OK
Content-Length: 52
Content-Type: application/json; charset=utf-8
cache-control: no-cache

11:36:19.579 [AsyncHttpClient-1-5] DEBUG org.asynchttpclient.netty.channel.ChannelManager - Adding key: http://localhost:13653 for channel [id: 0xdffd1267, L:/127.0.0.1:61309 - R:localhost/127.0.0.1:13653]
11:36:19.588 [main] DEBUG net.thucydides.core.steps.StepInterceptor - STARTING STEP: InventoryPageSteps.test5_validateSortinLogicInFilter - chooseFilterLowToHigh
11:36:19.591 [Forwarding findElement on session 343760fe1b3b1d209c4a0d88582a27db to remote] DEBUG org.asynchttpclient.netty.request.NettyRequestSender - Using pooled Channel '[id: 0xdffd1267, L:/127.0.0.1:61309 - R:localhost/127.0.0.1:13653]' for 'POST' to 'http://localhost:13653/session/343760fe1b3b1d209c4a0d88582a27db/element'
11:36:19.591 [Forwarding findElement on session 343760fe1b3b1d209c4a0d88582a27db to remote] DEBUG org.asynchttpclient.netty.request.NettyRequestSender - Using open Channel [id: 0xdffd1267, L:/127.0.0.1:61309 - R:localhost/127.0.0.1:13653] for POST '/session/343760fe1b3b1d209c4a0d88582a27db/element'
11:36:19.600 [AsyncHttpClient-1-5] DEBUG org.asynchttpclient.netty.handler.HttpHandler - 

Request DefaultHttpRequest(decodeResult: success, version: HTTP/1.1)
POST /session/343760fe1b3b1d209c4a0d88582a27db/element HTTP/1.1
User-Agent: selenium/4.8.0 (java windows)
Content-Length: 88
Content-Type: application/json; charset=utf-8
host: localhost:13653
accept: */*

Response DefaultHttpResponse(decodeResult: success, version: HTTP/1.1)
HTTP/1.1 200 OK
Content-Length: 95
Content-Type: application/json; charset=utf-8
cache-control: no-cache

11:36:19.600 [AsyncHttpClient-1-5] DEBUG org.asynchttpclient.netty.channel.ChannelManager - Adding key: http://localhost:13653 for channel [id: 0xdffd1267, L:/127.0.0.1:61309 - R:localhost/127.0.0.1:13653]
11:36:19.602 [Forwarding isElementDisplayed on session 343760fe1b3b1d209c4a0d88582a27db to remote] DEBUG org.asynchttpclient.netty.request.NettyRequestSender - Using pooled Channel '[id: 0xdffd1267, L:/127.0.0.1:61309 - R:localhost/127.0.0.1:13653]' for 'POST' to 'http://localhost:13653/session/343760fe1b3b1d209c4a0d88582a27db/execute/sync'
11:36:19.602 [Forwarding isElementDisplayed on session 343760fe1b3b1d209c4a0d88582a27db to remote] DEBUG org.asynchttpclient.netty.request.NettyRequestSender - Using open Channel [id: 0xdffd1267, L:/127.0.0.1:61309 - R:localhost/127.0.0.1:13653] for POST '/session/343760fe1b3b1d209c4a0d88582a27db/execute/sync'
11:36:19.611 [AsyncHttpClient-1-5] DEBUG org.asynchttpclient.netty.handler.HttpHandler - 

Request DefaultHttpRequest(decodeResult: success, version: HTTP/1.1)
POST /session/343760fe1b3b1d209c4a0d88582a27db/execute/sync HTTP/1.1
User-Agent: selenium/4.8.0 (java windows)
Content-Length: 48814
Content-Type: application/json; charset=utf-8
host: localhost:13653
accept: */*

Response DefaultHttpResponse(decodeResult: success, version: HTTP/1.1)
HTTP/1.1 200 OK
Content-Length: 14
Content-Type: application/json; charset=utf-8
cache-control: no-cache

11:36:19.611 [AsyncHttpClient-1-5] DEBUG org.asynchttpclient.netty.channel.ChannelManager - Adding key: http://localhost:13653 for channel [id: 0xdffd1267, L:/127.0.0.1:61309 - R:localhost/127.0.0.1:13653]
11:36:19.612 [Forwarding getElementTagName on session 343760fe1b3b1d209c4a0d88582a27db to remote] DEBUG org.asynchttpclient.netty.request.NettyRequestSender - Using pooled Channel '[id: 0xdffd1267, L:/127.0.0.1:61309 - R:localhost/127.0.0.1:13653]' for 'GET' to 'http://localhost:13653/session/343760fe1b3b1d209c4a0d88582a27db/element/B5D78317CDC82913058D66A8C952A41F_element_20/name'
11:36:19.612 [Forwarding getElementTagName on session 343760fe1b3b1d209c4a0d88582a27db to remote] DEBUG org.asynchttpclient.netty.request.NettyRequestSender - Using open Channel [id: 0xdffd1267, L:/127.0.0.1:61309 - R:localhost/127.0.0.1:13653] for GET '/session/343760fe1b3b1d209c4a0d88582a27db/element/B5D78317CDC82913058D66A8C952A41F_element_20/name'
11:36:19.617 [AsyncHttpClient-1-5] DEBUG org.asynchttpclient.netty.handler.HttpHandler - 

Request DefaultFullHttpRequest(decodeResult: success, version: HTTP/1.1, content: EmptyByteBufBE)
GET /session/343760fe1b3b1d209c4a0d88582a27db/element/B5D78317CDC82913058D66A8C952A41F_element_20/name HTTP/1.1
User-Agent: selenium/4.8.0 (java windows)
Cache-Control: no-cache
Content-Type: application/json; charset=utf-8
host: localhost:13653
accept: */*

Response DefaultHttpResponse(decodeResult: success, version: HTTP/1.1)
HTTP/1.1 200 OK
Content-Length: 18
Content-Type: application/json; charset=utf-8
cache-control: no-cache

11:36:19.617 [AsyncHttpClient-1-5] DEBUG org.asynchttpclient.netty.channel.ChannelManager - Adding key: http://localhost:13653 for channel [id: 0xdffd1267, L:/127.0.0.1:61309 - R:localhost/127.0.0.1:13653]
11:36:19.617 [Forwarding getElementDomAttribute on session 343760fe1b3b1d209c4a0d88582a27db to remote] DEBUG org.asynchttpclient.netty.request.NettyRequestSender - Using pooled Channel '[id: 0xdffd1267, L:/127.0.0.1:61309 - R:localhost/127.0.0.1:13653]' for 'GET' to 'http://localhost:13653/session/343760fe1b3b1d209c4a0d88582a27db/element/B5D78317CDC82913058D66A8C952A41F_element_20/attribute/multiple'
11:36:19.617 [Forwarding getElementDomAttribute on session 343760fe1b3b1d209c4a0d88582a27db to remote] DEBUG org.asynchttpclient.netty.request.NettyRequestSender - Using open Channel [id: 0xdffd1267, L:/127.0.0.1:61309 - R:localhost/127.0.0.1:13653] for GET '/session/343760fe1b3b1d209c4a0d88582a27db/element/B5D78317CDC82913058D66A8C952A41F_element_20/attribute/multiple'
11:36:19.624 [AsyncHttpClient-1-5] DEBUG org.asynchttpclient.netty.handler.HttpHandler - 

Request DefaultFullHttpRequest(decodeResult: success, version: HTTP/1.1, content: EmptyByteBufBE)
GET /session/343760fe1b3b1d209c4a0d88582a27db/element/B5D78317CDC82913058D66A8C952A41F_element_20/attribute/multiple HTTP/1.1
User-Agent: selenium/4.8.0 (java windows)
Cache-Control: no-cache
Content-Type: application/json; charset=utf-8
host: localhost:13653
accept: */*

Response DefaultHttpResponse(decodeResult: success, version: HTTP/1.1)
HTTP/1.1 200 OK
Content-Length: 14
Content-Type: application/json; charset=utf-8
cache-control: no-cache

11:36:19.624 [AsyncHttpClient-1-5] DEBUG org.asynchttpclient.netty.channel.ChannelManager - Adding key: http://localhost:13653 for channel [id: 0xdffd1267, L:/127.0.0.1:61309 - R:localhost/127.0.0.1:13653]
11:36:19.625 [Forwarding isElementEnabled on session 343760fe1b3b1d209c4a0d88582a27db to remote] DEBUG org.asynchttpclient.netty.request.NettyRequestSender - Using pooled Channel '[id: 0xdffd1267, L:/127.0.0.1:61309 - R:localhost/127.0.0.1:13653]' for 'GET' to 'http://localhost:13653/session/343760fe1b3b1d209c4a0d88582a27db/element/B5D78317CDC82913058D66A8C952A41F_element_20/enabled'
11:36:19.625 [Forwarding isElementEnabled on session 343760fe1b3b1d209c4a0d88582a27db to remote] DEBUG org.asynchttpclient.netty.request.NettyRequestSender - Using open Channel [id: 0xdffd1267, L:/127.0.0.1:61309 - R:localhost/127.0.0.1:13653] for GET '/session/343760fe1b3b1d209c4a0d88582a27db/element/B5D78317CDC82913058D66A8C952A41F_element_20/enabled'
11:36:19.633 [AsyncHttpClient-1-5] DEBUG org.asynchttpclient.netty.handler.HttpHandler - 

Request DefaultFullHttpRequest(decodeResult: success, version: HTTP/1.1, content: EmptyByteBufBE)
GET /session/343760fe1b3b1d209c4a0d88582a27db/element/B5D78317CDC82913058D66A8C952A41F_element_20/enabled HTTP/1.1
User-Agent: selenium/4.8.0 (java windows)
Cache-Control: no-cache
Content-Type: application/json; charset=utf-8
host: localhost:13653
accept: */*

Response DefaultHttpResponse(decodeResult: success, version: HTTP/1.1)
HTTP/1.1 200 OK
Content-Length: 14
Content-Type: application/json; charset=utf-8
cache-control: no-cache

11:36:19.633 [AsyncHttpClient-1-5] DEBUG org.asynchttpclient.netty.channel.ChannelManager - Adding key: http://localhost:13653 for channel [id: 0xdffd1267, L:/127.0.0.1:61309 - R:localhost/127.0.0.1:13653]
11:36:19.634 [Forwarding findChildElements on session 343760fe1b3b1d209c4a0d88582a27db to remote] DEBUG org.asynchttpclient.netty.request.NettyRequestSender - Using pooled Channel '[id: 0xdffd1267, L:/127.0.0.1:61309 - R:localhost/127.0.0.1:13653]' for 'POST' to 'http://localhost:13653/session/343760fe1b3b1d209c4a0d88582a27db/element/B5D78317CDC82913058D66A8C952A41F_element_20/elements'
11:36:19.634 [Forwarding findChildElements on session 343760fe1b3b1d209c4a0d88582a27db to remote] DEBUG org.asynchttpclient.netty.request.NettyRequestSender - Using open Channel [id: 0xdffd1267, L:/127.0.0.1:61309 - R:localhost/127.0.0.1:13653] for POST '/session/343760fe1b3b1d209c4a0d88582a27db/element/B5D78317CDC82913058D66A8C952A41F_element_20/elements'
11:36:19.648 [AsyncHttpClient-1-5] DEBUG org.asynchttpclient.netty.handler.HttpHandler - 

Request DefaultHttpRequest(decodeResult: success, version: HTTP/1.1)
POST /session/343760fe1b3b1d209c4a0d88582a27db/element/B5D78317CDC82913058D66A8C952A41F_element_20/elements HTTP/1.1
User-Agent: selenium/4.8.0 (java windows)
Content-Length: 101
Content-Type: application/json; charset=utf-8
host: localhost:13653
accept: */*

Response DefaultHttpResponse(decodeResult: success, version: HTTP/1.1)
HTTP/1.1 200 OK
Content-Length: 355
Content-Type: application/json; charset=utf-8
cache-control: no-cache

11:36:19.648 [AsyncHttpClient-1-5] DEBUG org.asynchttpclient.netty.channel.ChannelManager - Adding key: http://localhost:13653 for channel [id: 0xdffd1267, L:/127.0.0.1:61309 - R:localhost/127.0.0.1:13653]
11:36:19.650 [Forwarding getElementAttribute on session 343760fe1b3b1d209c4a0d88582a27db to remote] DEBUG org.asynchttpclient.netty.request.NettyRequestSender - Using pooled Channel '[id: 0xdffd1267, L:/127.0.0.1:61309 - R:localhost/127.0.0.1:13653]' for 'POST' to 'http://localhost:13653/session/343760fe1b3b1d209c4a0d88582a27db/execute/sync'
11:36:19.650 [Forwarding getElementAttribute on session 343760fe1b3b1d209c4a0d88582a27db to remote] DEBUG org.asynchttpclient.netty.request.NettyRequestSender - Using open Channel [id: 0xdffd1267, L:/127.0.0.1:61309 - R:localhost/127.0.0.1:13653] for POST '/session/343760fe1b3b1d209c4a0d88582a27db/execute/sync'
11:36:19.662 [AsyncHttpClient-1-5] DEBUG org.asynchttpclient.netty.handler.HttpHandler - 

Request DefaultHttpRequest(decodeResult: success, version: HTTP/1.1)
POST /session/343760fe1b3b1d209c4a0d88582a27db/execute/sync HTTP/1.1
User-Agent: selenium/4.8.0 (java windows)
Content-Length: 47375
Content-Type: application/json; charset=utf-8
host: localhost:13653
accept: */*

Response DefaultHttpResponse(decodeResult: success, version: HTTP/1.1)
HTTP/1.1 200 OK
Content-Length: 13
Content-Type: application/json; charset=utf-8
cache-control: no-cache

11:36:19.662 [AsyncHttpClient-1-5] DEBUG org.asynchttpclient.netty.channel.ChannelManager - Adding key: http://localhost:13653 for channel [id: 0xdffd1267, L:/127.0.0.1:61309 - R:localhost/127.0.0.1:13653]
11:36:19.664 [Forwarding getElementAttribute on session 343760fe1b3b1d209c4a0d88582a27db to remote] DEBUG org.asynchttpclient.netty.request.NettyRequestSender - Using pooled Channel '[id: 0xdffd1267, L:/127.0.0.1:61309 - R:localhost/127.0.0.1:13653]' for 'POST' to 'http://localhost:13653/session/343760fe1b3b1d209c4a0d88582a27db/execute/sync'
11:36:19.664 [Forwarding getElementAttribute on session 343760fe1b3b1d209c4a0d88582a27db to remote] DEBUG org.asynchttpclient.netty.request.NettyRequestSender - Using open Channel [id: 0xdffd1267, L:/127.0.0.1:61309 - R:localhost/127.0.0.1:13653] for POST '/session/343760fe1b3b1d209c4a0d88582a27db/execute/sync'
11:36:19.670 [AsyncHttpClient-1-5] DEBUG org.asynchttpclient.netty.handler.HttpHandler - 

Request DefaultHttpRequest(decodeResult: success, version: HTTP/1.1)
POST /session/343760fe1b3b1d209c4a0d88582a27db/execute/sync HTTP/1.1
User-Agent: selenium/4.8.0 (java windows)
Content-Length: 47375
Content-Type: application/json; charset=utf-8
host: localhost:13653
accept: */*

Response DefaultHttpResponse(decodeResult: success, version: HTTP/1.1)
HTTP/1.1 200 OK
Content-Length: 13
Content-Type: application/json; charset=utf-8
cache-control: no-cache

11:36:19.670 [AsyncHttpClient-1-5] DEBUG org.asynchttpclient.netty.channel.ChannelManager - Adding key: http://localhost:13653 for channel [id: 0xdffd1267, L:/127.0.0.1:61309 - R:localhost/127.0.0.1:13653]
11:36:19.671 [Forwarding getElementAttribute on session 343760fe1b3b1d209c4a0d88582a27db to remote] DEBUG org.asynchttpclient.netty.request.NettyRequestSender - Using pooled Channel '[id: 0xdffd1267, L:/127.0.0.1:61309 - R:localhost/127.0.0.1:13653]' for 'POST' to 'http://localhost:13653/session/343760fe1b3b1d209c4a0d88582a27db/execute/sync'
11:36:19.671 [Forwarding getElementAttribute on session 343760fe1b3b1d209c4a0d88582a27db to remote] DEBUG org.asynchttpclient.netty.request.NettyRequestSender - Using open Channel [id: 0xdffd1267, L:/127.0.0.1:61309 - R:localhost/127.0.0.1:13653] for POST '/session/343760fe1b3b1d209c4a0d88582a27db/execute/sync'
11:36:19.680 [AsyncHttpClient-1-5] DEBUG org.asynchttpclient.netty.handler.HttpHandler - 

Request DefaultHttpRequest(decodeResult: success, version: HTTP/1.1)
POST /session/343760fe1b3b1d209c4a0d88582a27db/execute/sync HTTP/1.1
User-Agent: selenium/4.8.0 (java windows)
Content-Length: 47375
Content-Type: application/json; charset=utf-8
host: localhost:13653
accept: */*

Response DefaultHttpResponse(decodeResult: success, version: HTTP/1.1)
HTTP/1.1 200 OK
Content-Length: 13
Content-Type: application/json; charset=utf-8
cache-control: no-cache

11:36:19.680 [AsyncHttpClient-1-5] DEBUG org.asynchttpclient.netty.channel.ChannelManager - Adding key: http://localhost:13653 for channel [id: 0xdffd1267, L:/127.0.0.1:61309 - R:localhost/127.0.0.1:13653]
11:36:19.682 [Forwarding getElementAttribute on session 343760fe1b3b1d209c4a0d88582a27db to remote] DEBUG org.asynchttpclient.netty.request.NettyRequestSender - Using pooled Channel '[id: 0xdffd1267, L:/127.0.0.1:61309 - R:localhost/127.0.0.1:13653]' for 'POST' to 'http://localhost:13653/session/343760fe1b3b1d209c4a0d88582a27db/execute/sync'
11:36:19.682 [Forwarding getElementAttribute on session 343760fe1b3b1d209c4a0d88582a27db to remote] DEBUG org.asynchttpclient.netty.request.NettyRequestSender - Using open Channel [id: 0xdffd1267, L:/127.0.0.1:61309 - R:localhost/127.0.0.1:13653] for POST '/session/343760fe1b3b1d209c4a0d88582a27db/execute/sync'
11:36:19.692 [AsyncHttpClient-1-5] DEBUG org.asynchttpclient.netty.handler.HttpHandler - 

Request DefaultHttpRequest(decodeResult: success, version: HTTP/1.1)
POST /session/343760fe1b3b1d209c4a0d88582a27db/execute/sync HTTP/1.1
User-Agent: selenium/4.8.0 (java windows)
Content-Length: 47375
Content-Type: application/json; charset=utf-8
host: localhost:13653
accept: */*

Response DefaultHttpResponse(decodeResult: success, version: HTTP/1.1)
HTTP/1.1 200 OK
Content-Length: 13
Content-Type: application/json; charset=utf-8
cache-control: no-cache

11:36:19.692 [AsyncHttpClient-1-5] DEBUG org.asynchttpclient.netty.channel.ChannelManager - Adding key: http://localhost:13653 for channel [id: 0xdffd1267, L:/127.0.0.1:61309 - R:localhost/127.0.0.1:13653]
11:36:19.693 [Forwarding isElementEnabled on session 343760fe1b3b1d209c4a0d88582a27db to remote] DEBUG org.asynchttpclient.netty.request.NettyRequestSender - Using pooled Channel '[id: 0xdffd1267, L:/127.0.0.1:61309 - R:localhost/127.0.0.1:13653]' for 'GET' to 'http://localhost:13653/session/343760fe1b3b1d209c4a0d88582a27db/element/B5D78317CDC82913058D66A8C952A41F_element_53/enabled'
11:36:19.693 [Forwarding isElementEnabled on session 343760fe1b3b1d209c4a0d88582a27db to remote] DEBUG org.asynchttpclient.netty.request.NettyRequestSender - Using open Channel [id: 0xdffd1267, L:/127.0.0.1:61309 - R:localhost/127.0.0.1:13653] for GET '/session/343760fe1b3b1d209c4a0d88582a27db/element/B5D78317CDC82913058D66A8C952A41F_element_53/enabled'
11:36:19.698 [AsyncHttpClient-1-5] DEBUG org.asynchttpclient.netty.handler.HttpHandler - 

Request DefaultFullHttpRequest(decodeResult: success, version: HTTP/1.1, content: EmptyByteBufBE)
GET /session/343760fe1b3b1d209c4a0d88582a27db/element/B5D78317CDC82913058D66A8C952A41F_element_53/enabled HTTP/1.1
User-Agent: selenium/4.8.0 (java windows)
Cache-Control: no-cache
Content-Type: application/json; charset=utf-8
host: localhost:13653
accept: */*

Response DefaultHttpResponse(decodeResult: success, version: HTTP/1.1)
HTTP/1.1 200 OK
Content-Length: 14
Content-Type: application/json; charset=utf-8
cache-control: no-cache

11:36:19.698 [AsyncHttpClient-1-5] DEBUG org.asynchttpclient.netty.channel.ChannelManager - Adding key: http://localhost:13653 for channel [id: 0xdffd1267, L:/127.0.0.1:61309 - R:localhost/127.0.0.1:13653]
11:36:19.699 [Forwarding isElementSelected on session 343760fe1b3b1d209c4a0d88582a27db to remote] DEBUG org.asynchttpclient.netty.request.NettyRequestSender - Using pooled Channel '[id: 0xdffd1267, L:/127.0.0.1:61309 - R:localhost/127.0.0.1:13653]' for 'GET' to 'http://localhost:13653/session/343760fe1b3b1d209c4a0d88582a27db/element/B5D78317CDC82913058D66A8C952A41F_element_53/selected'
11:36:19.699 [Forwarding isElementSelected on session 343760fe1b3b1d209c4a0d88582a27db to remote] DEBUG org.asynchttpclient.netty.request.NettyRequestSender - Using open Channel [id: 0xdffd1267, L:/127.0.0.1:61309 - R:localhost/127.0.0.1:13653] for GET '/session/343760fe1b3b1d209c4a0d88582a27db/element/B5D78317CDC82913058D66A8C952A41F_element_53/selected'
11:36:19.704 [AsyncHttpClient-1-5] DEBUG org.asynchttpclient.netty.handler.HttpHandler - 

Request DefaultFullHttpRequest(decodeResult: success, version: HTTP/1.1, content: EmptyByteBufBE)
GET /session/343760fe1b3b1d209c4a0d88582a27db/element/B5D78317CDC82913058D66A8C952A41F_element_53/selected HTTP/1.1
User-Agent: selenium/4.8.0 (java windows)
Cache-Control: no-cache
Content-Type: application/json; charset=utf-8
host: localhost:13653
accept: */*

Response DefaultHttpResponse(decodeResult: success, version: HTTP/1.1)
HTTP/1.1 200 OK
Content-Length: 15
Content-Type: application/json; charset=utf-8
cache-control: no-cache

11:36:19.704 [AsyncHttpClient-1-5] DEBUG org.asynchttpclient.netty.channel.ChannelManager - Adding key: http://localhost:13653 for channel [id: 0xdffd1267, L:/127.0.0.1:61309 - R:localhost/127.0.0.1:13653]
11:36:19.705 [Forwarding clickElement on session 343760fe1b3b1d209c4a0d88582a27db to remote] DEBUG org.asynchttpclient.netty.request.NettyRequestSender - Using pooled Channel '[id: 0xdffd1267, L:/127.0.0.1:61309 - R:localhost/127.0.0.1:13653]' for 'POST' to 'http://localhost:13653/session/343760fe1b3b1d209c4a0d88582a27db/element/B5D78317CDC82913058D66A8C952A41F_element_53/click'
11:36:19.705 [Forwarding clickElement on session 343760fe1b3b1d209c4a0d88582a27db to remote] DEBUG org.asynchttpclient.netty.request.NettyRequestSender - Using open Channel [id: 0xdffd1267, L:/127.0.0.1:61309 - R:localhost/127.0.0.1:13653] for POST '/session/343760fe1b3b1d209c4a0d88582a27db/element/B5D78317CDC82913058D66A8C952A41F_element_53/click'
11:36:19.723 [AsyncHttpClient-1-5] DEBUG org.asynchttpclient.netty.handler.HttpHandler - 

Request DefaultHttpRequest(decodeResult: success, version: HTTP/1.1)
POST /session/343760fe1b3b1d209c4a0d88582a27db/element/B5D78317CDC82913058D66A8C952A41F_element_53/click HTTP/1.1
User-Agent: selenium/4.8.0 (java windows)
Content-Length: 57
Content-Type: application/json; charset=utf-8
host: localhost:13653
accept: */*

Response DefaultHttpResponse(decodeResult: success, version: HTTP/1.1)
HTTP/1.1 200 OK
Content-Length: 14
Content-Type: application/json; charset=utf-8
cache-control: no-cache

11:36:19.723 [AsyncHttpClient-1-5] DEBUG org.asynchttpclient.netty.channel.ChannelManager - Adding key: http://localhost:13653 for channel [id: 0xdffd1267, L:/127.0.0.1:61309 - R:localhost/127.0.0.1:13653]
11:36:19.725 [main] INFO  com.swaglabs.base.SetUp - filter low to high
11:36:19.730 [Forwarding getAlertText on session 343760fe1b3b1d209c4a0d88582a27db to remote] DEBUG org.asynchttpclient.netty.request.NettyRequestSender - Using pooled Channel '[id: 0xdffd1267, L:/127.0.0.1:61309 - R:localhost/127.0.0.1:13653]' for 'GET' to 'http://localhost:13653/session/343760fe1b3b1d209c4a0d88582a27db/alert/text'
11:36:19.730 [Forwarding getAlertText on session 343760fe1b3b1d209c4a0d88582a27db to remote] DEBUG org.asynchttpclient.netty.request.NettyRequestSender - Using open Channel [id: 0xdffd1267, L:/127.0.0.1:61309 - R:localhost/127.0.0.1:13653] for GET '/session/343760fe1b3b1d209c4a0d88582a27db/alert/text'
11:36:19.733 [AsyncHttpClient-1-5] DEBUG org.asynchttpclient.netty.handler.HttpHandler - 

Request DefaultFullHttpRequest(decodeResult: success, version: HTTP/1.1, content: EmptyByteBufBE)
GET /session/343760fe1b3b1d209c4a0d88582a27db/alert/text HTTP/1.1
User-Agent: selenium/4.8.0 (java windows)
Cache-Control: no-cache
Content-Type: application/json; charset=utf-8
host: localhost:13653
accept: */*

Response DefaultHttpResponse(decodeResult: success, version: HTTP/1.1)
HTTP/1.1 404 Not Found
Content-Length: 1522
Content-Type: application/json; charset=utf-8
cache-control: no-cache

11:36:19.733 [AsyncHttpClient-1-5] DEBUG org.asynchttpclient.netty.channel.ChannelManager - Adding key: http://localhost:13653 for channel [id: 0xdffd1267, L:/127.0.0.1:61309 - R:localhost/127.0.0.1:13653]
11:36:19.734 [Forwarding getCurrentUrl on session 343760fe1b3b1d209c4a0d88582a27db to remote] DEBUG org.asynchttpclient.netty.request.NettyRequestSender - Using pooled Channel '[id: 0xdffd1267, L:/127.0.0.1:61309 - R:localhost/127.0.0.1:13653]' for 'GET' to 'http://localhost:13653/session/343760fe1b3b1d209c4a0d88582a27db/url'
11:36:19.734 [Forwarding getCurrentUrl on session 343760fe1b3b1d209c4a0d88582a27db to remote] DEBUG org.asynchttpclient.netty.request.NettyRequestSender - Using open Channel [id: 0xdffd1267, L:/127.0.0.1:61309 - R:localhost/127.0.0.1:13653] for GET '/session/343760fe1b3b1d209c4a0d88582a27db/url'
11:36:19.737 [AsyncHttpClient-1-5] DEBUG org.asynchttpclient.netty.handler.HttpHandler - 

Request DefaultFullHttpRequest(decodeResult: success, version: HTTP/1.1, content: EmptyByteBufBE)
GET /session/343760fe1b3b1d209c4a0d88582a27db/url HTTP/1.1
User-Agent: selenium/4.8.0 (java windows)
Cache-Control: no-cache
Content-Type: application/json; charset=utf-8
host: localhost:13653
accept: */*

Response DefaultHttpResponse(decodeResult: success, version: HTTP/1.1)
HTTP/1.1 200 OK
Content-Length: 52
Content-Type: application/json; charset=utf-8
cache-control: no-cache

11:36:19.737 [AsyncHttpClient-1-5] DEBUG org.asynchttpclient.netty.channel.ChannelManager - Adding key: http://localhost:13653 for channel [id: 0xdffd1267, L:/127.0.0.1:61309 - R:localhost/127.0.0.1:13653]
11:36:19.737 [Forwarding screenshot on session 343760fe1b3b1d209c4a0d88582a27db to remote] DEBUG org.asynchttpclient.netty.request.NettyRequestSender - Using pooled Channel '[id: 0xdffd1267, L:/127.0.0.1:61309 - R:localhost/127.0.0.1:13653]' for 'GET' to 'http://localhost:13653/session/343760fe1b3b1d209c4a0d88582a27db/screenshot'
11:36:19.737 [Forwarding screenshot on session 343760fe1b3b1d209c4a0d88582a27db to remote] DEBUG org.asynchttpclient.netty.request.NettyRequestSender - Using open Channel [id: 0xdffd1267, L:/127.0.0.1:61309 - R:localhost/127.0.0.1:13653] for GET '/session/343760fe1b3b1d209c4a0d88582a27db/screenshot'
11:36:19.738 [AsyncHttpClient-1-1] DEBUG org.asynchttpclient.netty.channel.DefaultChannelPool - Entry count for : http://localhost:61317 : 1
11:36:19.923 [AsyncHttpClient-1-5] DEBUG org.asynchttpclient.netty.handler.HttpHandler - 

Request DefaultFullHttpRequest(decodeResult: success, version: HTTP/1.1, content: EmptyByteBufBE)
GET /session/343760fe1b3b1d209c4a0d88582a27db/screenshot HTTP/1.1
User-Agent: selenium/4.8.0 (java windows)
Cache-Control: no-cache
Content-Type: application/json; charset=utf-8
host: localhost:13653
accept: */*

Response DefaultHttpResponse(decodeResult: success, version: HTTP/1.1)
HTTP/1.1 200 OK
Content-Length: 563500
Content-Type: application/json; charset=utf-8
cache-control: no-cache

11:36:19.924 [AsyncHttpClient-1-5] DEBUG org.asynchttpclient.netty.channel.ChannelManager - Adding key: http://localhost:13653 for channel [id: 0xdffd1267, L:/127.0.0.1:61309 - R:localhost/127.0.0.1:13653]
11:36:19.935 [main] DEBUG net.serenitybdd.core.photography.Darkroom - Send negative for processing for target\site\serenity\4bed3cdfce91ca4f358d5285b57371c62ff9f4a6deb5992f6a647f712a576b8a.png
11:36:19.935 [main] DEBUG net.thucydides.core.steps.StepInterceptor - STEP DONE: chooseFilterLowToHigh
11:36:19.941 [Forwarding getPageSource on session 343760fe1b3b1d209c4a0d88582a27db to remote] DEBUG org.asynchttpclient.netty.request.NettyRequestSender - Using pooled Channel '[id: 0xdffd1267, L:/127.0.0.1:61309 - R:localhost/127.0.0.1:13653]' for 'POST' to 'http://localhost:13653/session/343760fe1b3b1d209c4a0d88582a27db/execute/sync'
11:36:19.941 [Forwarding getPageSource on session 343760fe1b3b1d209c4a0d88582a27db to remote] DEBUG org.asynchttpclient.netty.request.NettyRequestSender - Using open Channel [id: 0xdffd1267, L:/127.0.0.1:61309 - R:localhost/127.0.0.1:13653] for POST '/session/343760fe1b3b1d209c4a0d88582a27db/execute/sync'
11:36:19.948 [AsyncHttpClient-1-5] DEBUG org.asynchttpclient.netty.handler.HttpHandler - 

Request DefaultHttpRequest(decodeResult: success, version: HTTP/1.1)
POST /session/343760fe1b3b1d209c4a0d88582a27db/execute/sync HTTP/1.1
User-Agent: selenium/4.8.0 (java windows)
Content-Length: 176
Content-Type: application/json; charset=utf-8
host: localhost:13653
accept: */*

Response DefaultHttpResponse(decodeResult: success, version: HTTP/1.1)
HTTP/1.1 200 OK
Content-Length: 16311
Content-Type: application/json; charset=utf-8
cache-control: no-cache

11:36:19.948 [AsyncHttpClient-1-5] DEBUG org.asynchttpclient.netty.channel.ChannelManager - Adding key: http://localhost:13653 for channel [id: 0xdffd1267, L:/127.0.0.1:61309 - R:localhost/127.0.0.1:13653]
11:36:19.951 [Forwarding getCurrentUrl on session 343760fe1b3b1d209c4a0d88582a27db to remote] DEBUG org.asynchttpclient.netty.request.NettyRequestSender - Using pooled Channel '[id: 0xdffd1267, L:/127.0.0.1:61309 - R:localhost/127.0.0.1:13653]' for 'GET' to 'http://localhost:13653/session/343760fe1b3b1d209c4a0d88582a27db/url'
11:36:19.951 [Forwarding getCurrentUrl on session 343760fe1b3b1d209c4a0d88582a27db to remote] DEBUG org.asynchttpclient.netty.request.NettyRequestSender - Using open Channel [id: 0xdffd1267, L:/127.0.0.1:61309 - R:localhost/127.0.0.1:13653] for GET '/session/343760fe1b3b1d209c4a0d88582a27db/url'
11:36:19.956 [AsyncHttpClient-1-5] DEBUG org.asynchttpclient.netty.handler.HttpHandler - 

Request DefaultFullHttpRequest(decodeResult: success, version: HTTP/1.1, content: EmptyByteBufBE)
GET /session/343760fe1b3b1d209c4a0d88582a27db/url HTTP/1.1
User-Agent: selenium/4.8.0 (java windows)
Cache-Control: no-cache
Content-Type: application/json; charset=utf-8
host: localhost:13653
accept: */*

Response DefaultHttpResponse(decodeResult: success, version: HTTP/1.1)
HTTP/1.1 200 OK
Content-Length: 52
Content-Type: application/json; charset=utf-8
cache-control: no-cache

11:36:19.957 [AsyncHttpClient-1-5] DEBUG org.asynchttpclient.netty.channel.ChannelManager - Adding key: http://localhost:13653 for channel [id: 0xdffd1267, L:/127.0.0.1:61309 - R:localhost/127.0.0.1:13653]
11:36:19.969 [main] DEBUG net.thucydides.core.steps.StepInterceptor - STARTING STEP: InventoryPageSteps.test5_validateSortinLogicInFilter - validateProductsPricesHighToLow
11:36:19.970 [Forwarding findElements on session 343760fe1b3b1d209c4a0d88582a27db to remote] DEBUG org.asynchttpclient.netty.request.NettyRequestSender - Using pooled Channel '[id: 0xdffd1267, L:/127.0.0.1:61309 - R:localhost/127.0.0.1:13653]' for 'POST' to 'http://localhost:13653/session/343760fe1b3b1d209c4a0d88582a27db/elements'
11:36:19.970 [Forwarding findElements on session 343760fe1b3b1d209c4a0d88582a27db to remote] DEBUG org.asynchttpclient.netty.request.NettyRequestSender - Using open Channel [id: 0xdffd1267, L:/127.0.0.1:61309 - R:localhost/127.0.0.1:13653] for POST '/session/343760fe1b3b1d209c4a0d88582a27db/elements'
11:36:19.982 [AsyncHttpClient-1-5] DEBUG org.asynchttpclient.netty.handler.HttpHandler - 

Request DefaultHttpRequest(decodeResult: success, version: HTTP/1.1)
POST /session/343760fe1b3b1d209c4a0d88582a27db/elements HTTP/1.1
User-Agent: selenium/4.8.0 (java windows)
Content-Length: 83
Content-Type: application/json; charset=utf-8
host: localhost:13653
accept: */*

Response DefaultHttpResponse(decodeResult: success, version: HTTP/1.1)
HTTP/1.1 200 OK
Content-Length: 527
Content-Type: application/json; charset=utf-8
cache-control: no-cache

11:36:19.987 [AsyncHttpClient-1-5] DEBUG org.asynchttpclient.netty.channel.ChannelManager - Adding key: http://localhost:13653 for channel [id: 0xdffd1267, L:/127.0.0.1:61309 - R:localhost/127.0.0.1:13653]
11:36:19.988 [Forwarding findElements on session 343760fe1b3b1d209c4a0d88582a27db to remote] DEBUG org.asynchttpclient.netty.request.NettyRequestSender - Using pooled Channel '[id: 0xdffd1267, L:/127.0.0.1:61309 - R:localhost/127.0.0.1:13653]' for 'POST' to 'http://localhost:13653/session/343760fe1b3b1d209c4a0d88582a27db/elements'
11:36:19.988 [Forwarding findElements on session 343760fe1b3b1d209c4a0d88582a27db to remote] DEBUG org.asynchttpclient.netty.request.NettyRequestSender - Using open Channel [id: 0xdffd1267, L:/127.0.0.1:61309 - R:localhost/127.0.0.1:13653] for POST '/session/343760fe1b3b1d209c4a0d88582a27db/elements'
11:36:19.998 [AsyncHttpClient-1-5] DEBUG org.asynchttpclient.netty.handler.HttpHandler - 

Request DefaultHttpRequest(decodeResult: success, version: HTTP/1.1)
POST /session/343760fe1b3b1d209c4a0d88582a27db/elements HTTP/1.1
User-Agent: selenium/4.8.0 (java windows)
Content-Length: 83
Content-Type: application/json; charset=utf-8
host: localhost:13653
accept: */*

Response DefaultHttpResponse(decodeResult: success, version: HTTP/1.1)
HTTP/1.1 200 OK
Content-Length: 527
Content-Type: application/json; charset=utf-8
cache-control: no-cache

11:36:19.998 [AsyncHttpClient-1-5] DEBUG org.asynchttpclient.netty.channel.ChannelManager - Adding key: http://localhost:13653 for channel [id: 0xdffd1267, L:/127.0.0.1:61309 - R:localhost/127.0.0.1:13653]
11:36:19.999 [Forwarding getElementText on session 343760fe1b3b1d209c4a0d88582a27db to remote] DEBUG org.asynchttpclient.netty.request.NettyRequestSender - Using pooled Channel '[id: 0xdffd1267, L:/127.0.0.1:61309 - R:localhost/127.0.0.1:13653]' for 'GET' to 'http://localhost:13653/session/343760fe1b3b1d209c4a0d88582a27db/element/B5D78317CDC82913058D66A8C952A41F_element_36/text'
11:36:19.999 [Forwarding getElementText on session 343760fe1b3b1d209c4a0d88582a27db to remote] DEBUG org.asynchttpclient.netty.request.NettyRequestSender - Using open Channel [id: 0xdffd1267, L:/127.0.0.1:61309 - R:localhost/127.0.0.1:13653] for GET '/session/343760fe1b3b1d209c4a0d88582a27db/element/B5D78317CDC82913058D66A8C952A41F_element_36/text'
11:36:20.005 [AsyncHttpClient-1-5] DEBUG org.asynchttpclient.netty.handler.HttpHandler - 

Request DefaultFullHttpRequest(decodeResult: success, version: HTTP/1.1, content: EmptyByteBufBE)
GET /session/343760fe1b3b1d209c4a0d88582a27db/element/B5D78317CDC82913058D66A8C952A41F_element_36/text HTTP/1.1
User-Agent: selenium/4.8.0 (java windows)
Cache-Control: no-cache
Content-Type: application/json; charset=utf-8
host: localhost:13653
accept: */*

Response DefaultHttpResponse(decodeResult: success, version: HTTP/1.1)
HTTP/1.1 200 OK
Content-Length: 18
Content-Type: application/json; charset=utf-8
cache-control: no-cache

11:36:20.005 [AsyncHttpClient-1-5] DEBUG org.asynchttpclient.netty.channel.ChannelManager - Adding key: http://localhost:13653 for channel [id: 0xdffd1267, L:/127.0.0.1:61309 - R:localhost/127.0.0.1:13653]
11:36:20.006 [Forwarding findElements on session 343760fe1b3b1d209c4a0d88582a27db to remote] DEBUG org.asynchttpclient.netty.request.NettyRequestSender - Using pooled Channel '[id: 0xdffd1267, L:/127.0.0.1:61309 - R:localhost/127.0.0.1:13653]' for 'POST' to 'http://localhost:13653/session/343760fe1b3b1d209c4a0d88582a27db/elements'
11:36:20.006 [Forwarding findElements on session 343760fe1b3b1d209c4a0d88582a27db to remote] DEBUG org.asynchttpclient.netty.request.NettyRequestSender - Using open Channel [id: 0xdffd1267, L:/127.0.0.1:61309 - R:localhost/127.0.0.1:13653] for POST '/session/343760fe1b3b1d209c4a0d88582a27db/elements'
11:36:20.011 [AsyncHttpClient-1-5] DEBUG org.asynchttpclient.netty.handler.HttpHandler - 

Request DefaultHttpRequest(decodeResult: success, version: HTTP/1.1)
POST /session/343760fe1b3b1d209c4a0d88582a27db/elements HTTP/1.1
User-Agent: selenium/4.8.0 (java windows)
Content-Length: 83
Content-Type: application/json; charset=utf-8
host: localhost:13653
accept: */*

Response DefaultHttpResponse(decodeResult: success, version: HTTP/1.1)
HTTP/1.1 200 OK
Content-Length: 527
Content-Type: application/json; charset=utf-8
cache-control: no-cache

11:36:20.011 [AsyncHttpClient-1-5] DEBUG org.asynchttpclient.netty.channel.ChannelManager - Adding key: http://localhost:13653 for channel [id: 0xdffd1267, L:/127.0.0.1:61309 - R:localhost/127.0.0.1:13653]
11:36:20.012 [Forwarding getElementTagName on session 343760fe1b3b1d209c4a0d88582a27db to remote] DEBUG org.asynchttpclient.netty.request.NettyRequestSender - Using pooled Channel '[id: 0xdffd1267, L:/127.0.0.1:61309 - R:localhost/127.0.0.1:13653]' for 'GET' to 'http://localhost:13653/session/343760fe1b3b1d209c4a0d88582a27db/element/B5D78317CDC82913058D66A8C952A41F_element_36/name'
11:36:20.012 [Forwarding getElementTagName on session 343760fe1b3b1d209c4a0d88582a27db to remote] DEBUG org.asynchttpclient.netty.request.NettyRequestSender - Using open Channel [id: 0xdffd1267, L:/127.0.0.1:61309 - R:localhost/127.0.0.1:13653] for GET '/session/343760fe1b3b1d209c4a0d88582a27db/element/B5D78317CDC82913058D66A8C952A41F_element_36/name'
11:36:20.017 [AsyncHttpClient-1-5] DEBUG org.asynchttpclient.netty.handler.HttpHandler - 

Request DefaultFullHttpRequest(decodeResult: success, version: HTTP/1.1, content: EmptyByteBufBE)
GET /session/343760fe1b3b1d209c4a0d88582a27db/element/B5D78317CDC82913058D66A8C952A41F_element_36/name HTTP/1.1
User-Agent: selenium/4.8.0 (java windows)
Cache-Control: no-cache
Content-Type: application/json; charset=utf-8
host: localhost:13653
accept: */*

Response DefaultHttpResponse(decodeResult: success, version: HTTP/1.1)
HTTP/1.1 200 OK
Content-Length: 15
Content-Type: application/json; charset=utf-8
cache-control: no-cache

11:36:20.017 [AsyncHttpClient-1-5] DEBUG org.asynchttpclient.netty.channel.ChannelManager - Adding key: http://localhost:13653 for channel [id: 0xdffd1267, L:/127.0.0.1:61309 - R:localhost/127.0.0.1:13653]
11:36:20.018 [Forwarding getElementAttribute on session 343760fe1b3b1d209c4a0d88582a27db to remote] DEBUG org.asynchttpclient.netty.request.NettyRequestSender - Using pooled Channel '[id: 0xdffd1267, L:/127.0.0.1:61309 - R:localhost/127.0.0.1:13653]' for 'POST' to 'http://localhost:13653/session/343760fe1b3b1d209c4a0d88582a27db/execute/sync'
11:36:20.018 [Forwarding getElementAttribute on session 343760fe1b3b1d209c4a0d88582a27db to remote] DEBUG org.asynchttpclient.netty.request.NettyRequestSender - Using open Channel [id: 0xdffd1267, L:/127.0.0.1:61309 - R:localhost/127.0.0.1:13653] for POST '/session/343760fe1b3b1d209c4a0d88582a27db/execute/sync'
11:36:20.027 [AsyncHttpClient-1-5] DEBUG org.asynchttpclient.netty.handler.HttpHandler - 

Request DefaultHttpRequest(decodeResult: success, version: HTTP/1.1)
POST /session/343760fe1b3b1d209c4a0d88582a27db/execute/sync HTTP/1.1
User-Agent: selenium/4.8.0 (java windows)
Content-Length: 47372
Content-Type: application/json; charset=utf-8
host: localhost:13653
accept: */*

Response DefaultHttpResponse(decodeResult: success, version: HTTP/1.1)
HTTP/1.1 200 OK
Content-Length: 12
Content-Type: application/json; charset=utf-8
cache-control: no-cache

11:36:20.027 [AsyncHttpClient-1-5] DEBUG org.asynchttpclient.netty.channel.ChannelManager - Adding key: http://localhost:13653 for channel [id: 0xdffd1267, L:/127.0.0.1:61309 - R:localhost/127.0.0.1:13653]
11:36:20.029 [Forwarding getElementAttribute on session 343760fe1b3b1d209c4a0d88582a27db to remote] DEBUG org.asynchttpclient.netty.request.NettyRequestSender - Using pooled Channel '[id: 0xdffd1267, L:/127.0.0.1:61309 - R:localhost/127.0.0.1:13653]' for 'POST' to 'http://localhost:13653/session/343760fe1b3b1d209c4a0d88582a27db/execute/sync'
11:36:20.029 [Forwarding getElementAttribute on session 343760fe1b3b1d209c4a0d88582a27db to remote] DEBUG org.asynchttpclient.netty.request.NettyRequestSender - Using open Channel [id: 0xdffd1267, L:/127.0.0.1:61309 - R:localhost/127.0.0.1:13653] for POST '/session/343760fe1b3b1d209c4a0d88582a27db/execute/sync'
11:36:20.036 [AsyncHttpClient-1-5] DEBUG org.asynchttpclient.netty.handler.HttpHandler - 

Request DefaultHttpRequest(decodeResult: success, version: HTTP/1.1)
POST /session/343760fe1b3b1d209c4a0d88582a27db/execute/sync HTTP/1.1
User-Agent: selenium/4.8.0 (java windows)
Content-Length: 47374
Content-Type: application/json; charset=utf-8
host: localhost:13653
accept: */*

Response DefaultHttpResponse(decodeResult: success, version: HTTP/1.1)
HTTP/1.1 200 OK
Content-Length: 14
Content-Type: application/json; charset=utf-8
cache-control: no-cache

11:36:20.036 [AsyncHttpClient-1-5] DEBUG org.asynchttpclient.netty.channel.ChannelManager - Adding key: http://localhost:13653 for channel [id: 0xdffd1267, L:/127.0.0.1:61309 - R:localhost/127.0.0.1:13653]
11:36:20.039 [Forwarding getElementAttribute on session 343760fe1b3b1d209c4a0d88582a27db to remote] DEBUG org.asynchttpclient.netty.request.NettyRequestSender - Using pooled Channel '[id: 0xdffd1267, L:/127.0.0.1:61309 - R:localhost/127.0.0.1:13653]' for 'POST' to 'http://localhost:13653/session/343760fe1b3b1d209c4a0d88582a27db/execute/sync'
11:36:20.039 [Forwarding getElementAttribute on session 343760fe1b3b1d209c4a0d88582a27db to remote] DEBUG org.asynchttpclient.netty.request.NettyRequestSender - Using open Channel [id: 0xdffd1267, L:/127.0.0.1:61309 - R:localhost/127.0.0.1:13653] for POST '/session/343760fe1b3b1d209c4a0d88582a27db/execute/sync'
11:36:20.049 [AsyncHttpClient-1-5] DEBUG org.asynchttpclient.netty.handler.HttpHandler - 

Request DefaultHttpRequest(decodeResult: success, version: HTTP/1.1)
POST /session/343760fe1b3b1d209c4a0d88582a27db/execute/sync HTTP/1.1
User-Agent: selenium/4.8.0 (java windows)
Content-Length: 47374
Content-Type: application/json; charset=utf-8
host: localhost:13653
accept: */*

Response DefaultHttpResponse(decodeResult: success, version: HTTP/1.1)
HTTP/1.1 200 OK
Content-Length: 14
Content-Type: application/json; charset=utf-8
cache-control: no-cache

11:36:20.049 [AsyncHttpClient-1-5] DEBUG org.asynchttpclient.netty.channel.ChannelManager - Adding key: http://localhost:13653 for channel [id: 0xdffd1267, L:/127.0.0.1:61309 - R:localhost/127.0.0.1:13653]
11:36:20.054 [Forwarding getElementAttribute on session 343760fe1b3b1d209c4a0d88582a27db to remote] DEBUG org.asynchttpclient.netty.request.NettyRequestSender - Using pooled Channel '[id: 0xdffd1267, L:/127.0.0.1:61309 - R:localhost/127.0.0.1:13653]' for 'POST' to 'http://localhost:13653/session/343760fe1b3b1d209c4a0d88582a27db/execute/sync'
11:36:20.055 [Forwarding getElementAttribute on session 343760fe1b3b1d209c4a0d88582a27db to remote] DEBUG org.asynchttpclient.netty.request.NettyRequestSender - Using open Channel [id: 0xdffd1267, L:/127.0.0.1:61309 - R:localhost/127.0.0.1:13653] for POST '/session/343760fe1b3b1d209c4a0d88582a27db/execute/sync'
11:36:20.065 [AsyncHttpClient-1-5] DEBUG org.asynchttpclient.netty.handler.HttpHandler - 

Request DefaultHttpRequest(decodeResult: success, version: HTTP/1.1)
POST /session/343760fe1b3b1d209c4a0d88582a27db/execute/sync HTTP/1.1
User-Agent: selenium/4.8.0 (java windows)
Content-Length: 47374
Content-Type: application/json; charset=utf-8
host: localhost:13653
accept: */*

Response DefaultHttpResponse(decodeResult: success, version: HTTP/1.1)
HTTP/1.1 200 OK
Content-Length: 14
Content-Type: application/json; charset=utf-8
cache-control: no-cache

11:36:20.065 [AsyncHttpClient-1-5] DEBUG org.asynchttpclient.netty.channel.ChannelManager - Adding key: http://localhost:13653 for channel [id: 0xdffd1267, L:/127.0.0.1:61309 - R:localhost/127.0.0.1:13653]
11:36:20.066 [Forwarding getElementAttribute on session 343760fe1b3b1d209c4a0d88582a27db to remote] DEBUG org.asynchttpclient.netty.request.NettyRequestSender - Using pooled Channel '[id: 0xdffd1267, L:/127.0.0.1:61309 - R:localhost/127.0.0.1:13653]' for 'POST' to 'http://localhost:13653/session/343760fe1b3b1d209c4a0d88582a27db/execute/sync'
11:36:20.067 [Forwarding getElementAttribute on session 343760fe1b3b1d209c4a0d88582a27db to remote] DEBUG org.asynchttpclient.netty.request.NettyRequestSender - Using open Channel [id: 0xdffd1267, L:/127.0.0.1:61309 - R:localhost/127.0.0.1:13653] for POST '/session/343760fe1b3b1d209c4a0d88582a27db/execute/sync'
11:36:20.075 [AsyncHttpClient-1-5] DEBUG org.asynchttpclient.netty.handler.HttpHandler - 

Request DefaultHttpRequest(decodeResult: success, version: HTTP/1.1)
POST /session/343760fe1b3b1d209c4a0d88582a27db/execute/sync HTTP/1.1
User-Agent: selenium/4.8.0 (java windows)
Content-Length: 47375
Content-Type: application/json; charset=utf-8
host: localhost:13653
accept: */*

Response DefaultHttpResponse(decodeResult: success, version: HTTP/1.1)
HTTP/1.1 200 OK
Content-Length: 14
Content-Type: application/json; charset=utf-8
cache-control: no-cache

11:36:20.075 [AsyncHttpClient-1-5] DEBUG org.asynchttpclient.netty.channel.ChannelManager - Adding key: http://localhost:13653 for channel [id: 0xdffd1267, L:/127.0.0.1:61309 - R:localhost/127.0.0.1:13653]
11:36:20.078 [Forwarding getElementAttribute on session 343760fe1b3b1d209c4a0d88582a27db to remote] DEBUG org.asynchttpclient.netty.request.NettyRequestSender - Using pooled Channel '[id: 0xdffd1267, L:/127.0.0.1:61309 - R:localhost/127.0.0.1:13653]' for 'POST' to 'http://localhost:13653/session/343760fe1b3b1d209c4a0d88582a27db/execute/sync'
11:36:20.078 [Forwarding getElementAttribute on session 343760fe1b3b1d209c4a0d88582a27db to remote] DEBUG org.asynchttpclient.netty.request.NettyRequestSender - Using open Channel [id: 0xdffd1267, L:/127.0.0.1:61309 - R:localhost/127.0.0.1:13653] for POST '/session/343760fe1b3b1d209c4a0d88582a27db/execute/sync'
11:36:20.085 [AsyncHttpClient-1-5] DEBUG org.asynchttpclient.netty.handler.HttpHandler - 

Request DefaultHttpRequest(decodeResult: success, version: HTTP/1.1)
POST /session/343760fe1b3b1d209c4a0d88582a27db/execute/sync HTTP/1.1
User-Agent: selenium/4.8.0 (java windows)
Content-Length: 47375
Content-Type: application/json; charset=utf-8
host: localhost:13653
accept: */*

Response DefaultHttpResponse(decodeResult: success, version: HTTP/1.1)
HTTP/1.1 200 OK
Content-Length: 32
Content-Type: application/json; charset=utf-8
cache-control: no-cache

11:36:20.085 [AsyncHttpClient-1-5] DEBUG org.asynchttpclient.netty.channel.ChannelManager - Adding key: http://localhost:13653 for channel [id: 0xdffd1267, L:/127.0.0.1:61309 - R:localhost/127.0.0.1:13653]
11:36:20.088 [Forwarding getElementAttribute on session 343760fe1b3b1d209c4a0d88582a27db to remote] DEBUG org.asynchttpclient.netty.request.NettyRequestSender - Using pooled Channel '[id: 0xdffd1267, L:/127.0.0.1:61309 - R:localhost/127.0.0.1:13653]' for 'POST' to 'http://localhost:13653/session/343760fe1b3b1d209c4a0d88582a27db/execute/sync'
11:36:20.088 [Forwarding getElementAttribute on session 343760fe1b3b1d209c4a0d88582a27db to remote] DEBUG org.asynchttpclient.netty.request.NettyRequestSender - Using open Channel [id: 0xdffd1267, L:/127.0.0.1:61309 - R:localhost/127.0.0.1:13653] for POST '/session/343760fe1b3b1d209c4a0d88582a27db/execute/sync'
11:36:20.097 [AsyncHttpClient-1-5] DEBUG org.asynchttpclient.netty.handler.HttpHandler - 

Request DefaultHttpRequest(decodeResult: success, version: HTTP/1.1)
POST /session/343760fe1b3b1d209c4a0d88582a27db/execute/sync HTTP/1.1
User-Agent: selenium/4.8.0 (java windows)
Content-Length: 47375
Content-Type: application/json; charset=utf-8
host: localhost:13653
accept: */*

Response DefaultHttpResponse(decodeResult: success, version: HTTP/1.1)
HTTP/1.1 200 OK
Content-Length: 32
Content-Type: application/json; charset=utf-8
cache-control: no-cache

11:36:20.097 [AsyncHttpClient-1-5] DEBUG org.asynchttpclient.netty.channel.ChannelManager - Adding key: http://localhost:13653 for channel [id: 0xdffd1267, L:/127.0.0.1:61309 - R:localhost/127.0.0.1:13653]
11:36:20.098 [main] INFO  com.swaglabs.base.SetUp - <div class='inventory_item_price'> - InventoryPage.productpricesprice validation failed
11:36:20.099 [Forwarding findElements on session 343760fe1b3b1d209c4a0d88582a27db to remote] DEBUG org.asynchttpclient.netty.request.NettyRequestSender - Using pooled Channel '[id: 0xdffd1267, L:/127.0.0.1:61309 - R:localhost/127.0.0.1:13653]' for 'POST' to 'http://localhost:13653/session/343760fe1b3b1d209c4a0d88582a27db/elements'
11:36:20.099 [Forwarding findElements on session 343760fe1b3b1d209c4a0d88582a27db to remote] DEBUG org.asynchttpclient.netty.request.NettyRequestSender - Using open Channel [id: 0xdffd1267, L:/127.0.0.1:61309 - R:localhost/127.0.0.1:13653] for POST '/session/343760fe1b3b1d209c4a0d88582a27db/elements'
11:36:20.111 [AsyncHttpClient-1-5] DEBUG org.asynchttpclient.netty.handler.HttpHandler - 

Request DefaultHttpRequest(decodeResult: success, version: HTTP/1.1)
POST /session/343760fe1b3b1d209c4a0d88582a27db/elements HTTP/1.1
User-Agent: selenium/4.8.0 (java windows)
Content-Length: 83
Content-Type: application/json; charset=utf-8
host: localhost:13653
accept: */*

Response DefaultHttpResponse(decodeResult: success, version: HTTP/1.1)
HTTP/1.1 200 OK
Content-Length: 527
Content-Type: application/json; charset=utf-8
cache-control: no-cache

11:36:20.111 [AsyncHttpClient-1-5] DEBUG org.asynchttpclient.netty.channel.ChannelManager - Adding key: http://localhost:13653 for channel [id: 0xdffd1267, L:/127.0.0.1:61309 - R:localhost/127.0.0.1:13653]
11:36:20.112 [Forwarding findElements on session 343760fe1b3b1d209c4a0d88582a27db to remote] DEBUG org.asynchttpclient.netty.request.NettyRequestSender - Using pooled Channel '[id: 0xdffd1267, L:/127.0.0.1:61309 - R:localhost/127.0.0.1:13653]' for 'POST' to 'http://localhost:13653/session/343760fe1b3b1d209c4a0d88582a27db/elements'
11:36:20.112 [Forwarding findElements on session 343760fe1b3b1d209c4a0d88582a27db to remote] DEBUG org.asynchttpclient.netty.request.NettyRequestSender - Using open Channel [id: 0xdffd1267, L:/127.0.0.1:61309 - R:localhost/127.0.0.1:13653] for POST '/session/343760fe1b3b1d209c4a0d88582a27db/elements'
11:36:20.121 [AsyncHttpClient-1-5] DEBUG org.asynchttpclient.netty.handler.HttpHandler - 

Request DefaultHttpRequest(decodeResult: success, version: HTTP/1.1)
POST /session/343760fe1b3b1d209c4a0d88582a27db/elements HTTP/1.1
User-Agent: selenium/4.8.0 (java windows)
Content-Length: 83
Content-Type: application/json; charset=utf-8
host: localhost:13653
accept: */*

Response DefaultHttpResponse(decodeResult: success, version: HTTP/1.1)
HTTP/1.1 200 OK
Content-Length: 527
Content-Type: application/json; charset=utf-8
cache-control: no-cache

11:36:20.121 [AsyncHttpClient-1-5] DEBUG org.asynchttpclient.netty.channel.ChannelManager - Adding key: http://localhost:13653 for channel [id: 0xdffd1267, L:/127.0.0.1:61309 - R:localhost/127.0.0.1:13653]
11:36:20.124 [Forwarding getElementText on session 343760fe1b3b1d209c4a0d88582a27db to remote] DEBUG org.asynchttpclient.netty.request.NettyRequestSender - Using pooled Channel '[id: 0xdffd1267, L:/127.0.0.1:61309 - R:localhost/127.0.0.1:13653]' for 'GET' to 'http://localhost:13653/session/343760fe1b3b1d209c4a0d88582a27db/element/B5D78317CDC82913058D66A8C952A41F_element_37/text'
11:36:20.124 [Forwarding getElementText on session 343760fe1b3b1d209c4a0d88582a27db to remote] DEBUG org.asynchttpclient.netty.request.NettyRequestSender - Using open Channel [id: 0xdffd1267, L:/127.0.0.1:61309 - R:localhost/127.0.0.1:13653] for GET '/session/343760fe1b3b1d209c4a0d88582a27db/element/B5D78317CDC82913058D66A8C952A41F_element_37/text'
11:36:20.131 [AsyncHttpClient-1-5] DEBUG org.asynchttpclient.netty.handler.HttpHandler - 

Request DefaultFullHttpRequest(decodeResult: success, version: HTTP/1.1, content: EmptyByteBufBE)
GET /session/343760fe1b3b1d209c4a0d88582a27db/element/B5D78317CDC82913058D66A8C952A41F_element_37/text HTTP/1.1
User-Agent: selenium/4.8.0 (java windows)
Cache-Control: no-cache
Content-Type: application/json; charset=utf-8
host: localhost:13653
accept: */*

Response DefaultHttpResponse(decodeResult: success, version: HTTP/1.1)
HTTP/1.1 200 OK
Content-Length: 17
Content-Type: application/json; charset=utf-8
cache-control: no-cache

11:36:20.131 [AsyncHttpClient-1-5] DEBUG org.asynchttpclient.netty.channel.ChannelManager - Adding key: http://localhost:13653 for channel [id: 0xdffd1267, L:/127.0.0.1:61309 - R:localhost/127.0.0.1:13653]
11:36:20.132 [Forwarding findElements on session 343760fe1b3b1d209c4a0d88582a27db to remote] DEBUG org.asynchttpclient.netty.request.NettyRequestSender - Using pooled Channel '[id: 0xdffd1267, L:/127.0.0.1:61309 - R:localhost/127.0.0.1:13653]' for 'POST' to 'http://localhost:13653/session/343760fe1b3b1d209c4a0d88582a27db/elements'
11:36:20.132 [Forwarding findElements on session 343760fe1b3b1d209c4a0d88582a27db to remote] DEBUG org.asynchttpclient.netty.request.NettyRequestSender - Using open Channel [id: 0xdffd1267, L:/127.0.0.1:61309 - R:localhost/127.0.0.1:13653] for POST '/session/343760fe1b3b1d209c4a0d88582a27db/elements'
11:36:20.139 [AsyncHttpClient-1-5] DEBUG org.asynchttpclient.netty.handler.HttpHandler - 

Request DefaultHttpRequest(decodeResult: success, version: HTTP/1.1)
POST /session/343760fe1b3b1d209c4a0d88582a27db/elements HTTP/1.1
User-Agent: selenium/4.8.0 (java windows)
Content-Length: 83
Content-Type: application/json; charset=utf-8
host: localhost:13653
accept: */*

Response DefaultHttpResponse(decodeResult: success, version: HTTP/1.1)
HTTP/1.1 200 OK
Content-Length: 527
Content-Type: application/json; charset=utf-8
cache-control: no-cache

11:36:20.139 [AsyncHttpClient-1-5] DEBUG org.asynchttpclient.netty.channel.ChannelManager - Adding key: http://localhost:13653 for channel [id: 0xdffd1267, L:/127.0.0.1:61309 - R:localhost/127.0.0.1:13653]
11:36:20.140 [Forwarding getElementTagName on session 343760fe1b3b1d209c4a0d88582a27db to remote] DEBUG org.asynchttpclient.netty.request.NettyRequestSender - Using pooled Channel '[id: 0xdffd1267, L:/127.0.0.1:61309 - R:localhost/127.0.0.1:13653]' for 'GET' to 'http://localhost:13653/session/343760fe1b3b1d209c4a0d88582a27db/element/B5D78317CDC82913058D66A8C952A41F_element_37/name'
11:36:20.140 [Forwarding getElementTagName on session 343760fe1b3b1d209c4a0d88582a27db to remote] DEBUG org.asynchttpclient.netty.request.NettyRequestSender - Using open Channel [id: 0xdffd1267, L:/127.0.0.1:61309 - R:localhost/127.0.0.1:13653] for GET '/session/343760fe1b3b1d209c4a0d88582a27db/element/B5D78317CDC82913058D66A8C952A41F_element_37/name'
11:36:20.144 [AsyncHttpClient-1-5] DEBUG org.asynchttpclient.netty.handler.HttpHandler - 

Request DefaultFullHttpRequest(decodeResult: success, version: HTTP/1.1, content: EmptyByteBufBE)
GET /session/343760fe1b3b1d209c4a0d88582a27db/element/B5D78317CDC82913058D66A8C952A41F_element_37/name HTTP/1.1
User-Agent: selenium/4.8.0 (java windows)
Cache-Control: no-cache
Content-Type: application/json; charset=utf-8
host: localhost:13653
accept: */*

Response DefaultHttpResponse(decodeResult: success, version: HTTP/1.1)
HTTP/1.1 200 OK
Content-Length: 15
Content-Type: application/json; charset=utf-8
cache-control: no-cache

11:36:20.145 [AsyncHttpClient-1-5] DEBUG org.asynchttpclient.netty.channel.ChannelManager - Adding key: http://localhost:13653 for channel [id: 0xdffd1267, L:/127.0.0.1:61309 - R:localhost/127.0.0.1:13653]
11:36:20.146 [Forwarding getElementAttribute on session 343760fe1b3b1d209c4a0d88582a27db to remote] DEBUG org.asynchttpclient.netty.request.NettyRequestSender - Using pooled Channel '[id: 0xdffd1267, L:/127.0.0.1:61309 - R:localhost/127.0.0.1:13653]' for 'POST' to 'http://localhost:13653/session/343760fe1b3b1d209c4a0d88582a27db/execute/sync'
11:36:20.146 [Forwarding getElementAttribute on session 343760fe1b3b1d209c4a0d88582a27db to remote] DEBUG org.asynchttpclient.netty.request.NettyRequestSender - Using open Channel [id: 0xdffd1267, L:/127.0.0.1:61309 - R:localhost/127.0.0.1:13653] for POST '/session/343760fe1b3b1d209c4a0d88582a27db/execute/sync'
11:36:20.157 [AsyncHttpClient-1-5] DEBUG org.asynchttpclient.netty.handler.HttpHandler - 

Request DefaultHttpRequest(decodeResult: success, version: HTTP/1.1)
POST /session/343760fe1b3b1d209c4a0d88582a27db/execute/sync HTTP/1.1
User-Agent: selenium/4.8.0 (java windows)
Content-Length: 47372
Content-Type: application/json; charset=utf-8
host: localhost:13653
accept: */*

Response DefaultHttpResponse(decodeResult: success, version: HTTP/1.1)
HTTP/1.1 200 OK
Content-Length: 12
Content-Type: application/json; charset=utf-8
cache-control: no-cache

11:36:20.157 [AsyncHttpClient-1-5] DEBUG org.asynchttpclient.netty.channel.ChannelManager - Adding key: http://localhost:13653 for channel [id: 0xdffd1267, L:/127.0.0.1:61309 - R:localhost/127.0.0.1:13653]
11:36:20.159 [Forwarding getElementAttribute on session 343760fe1b3b1d209c4a0d88582a27db to remote] DEBUG org.asynchttpclient.netty.request.NettyRequestSender - Using pooled Channel '[id: 0xdffd1267, L:/127.0.0.1:61309 - R:localhost/127.0.0.1:13653]' for 'POST' to 'http://localhost:13653/session/343760fe1b3b1d209c4a0d88582a27db/execute/sync'
11:36:20.159 [Forwarding getElementAttribute on session 343760fe1b3b1d209c4a0d88582a27db to remote] DEBUG org.asynchttpclient.netty.request.NettyRequestSender - Using open Channel [id: 0xdffd1267, L:/127.0.0.1:61309 - R:localhost/127.0.0.1:13653] for POST '/session/343760fe1b3b1d209c4a0d88582a27db/execute/sync'
11:36:20.169 [AsyncHttpClient-1-5] DEBUG org.asynchttpclient.netty.handler.HttpHandler - 

Request DefaultHttpRequest(decodeResult: success, version: HTTP/1.1)
POST /session/343760fe1b3b1d209c4a0d88582a27db/execute/sync HTTP/1.1
User-Agent: selenium/4.8.0 (java windows)
Content-Length: 47374
Content-Type: application/json; charset=utf-8
host: localhost:13653
accept: */*

Response DefaultHttpResponse(decodeResult: success, version: HTTP/1.1)
HTTP/1.1 200 OK
Content-Length: 14
Content-Type: application/json; charset=utf-8
cache-control: no-cache

11:36:20.169 [AsyncHttpClient-1-5] DEBUG org.asynchttpclient.netty.channel.ChannelManager - Adding key: http://localhost:13653 for channel [id: 0xdffd1267, L:/127.0.0.1:61309 - R:localhost/127.0.0.1:13653]
11:36:20.172 [Forwarding getElementAttribute on session 343760fe1b3b1d209c4a0d88582a27db to remote] DEBUG org.asynchttpclient.netty.request.NettyRequestSender - Using pooled Channel '[id: 0xdffd1267, L:/127.0.0.1:61309 - R:localhost/127.0.0.1:13653]' for 'POST' to 'http://localhost:13653/session/343760fe1b3b1d209c4a0d88582a27db/execute/sync'
11:36:20.172 [Forwarding getElementAttribute on session 343760fe1b3b1d209c4a0d88582a27db to remote] DEBUG org.asynchttpclient.netty.request.NettyRequestSender - Using open Channel [id: 0xdffd1267, L:/127.0.0.1:61309 - R:localhost/127.0.0.1:13653] for POST '/session/343760fe1b3b1d209c4a0d88582a27db/execute/sync'
11:36:20.183 [AsyncHttpClient-1-5] DEBUG org.asynchttpclient.netty.handler.HttpHandler - 

Request DefaultHttpRequest(decodeResult: success, version: HTTP/1.1)
POST /session/343760fe1b3b1d209c4a0d88582a27db/execute/sync HTTP/1.1
User-Agent: selenium/4.8.0 (java windows)
Content-Length: 47374
Content-Type: application/json; charset=utf-8
host: localhost:13653
accept: */*

Response DefaultHttpResponse(decodeResult: success, version: HTTP/1.1)
HTTP/1.1 200 OK
Content-Length: 14
Content-Type: application/json; charset=utf-8
cache-control: no-cache

11:36:20.183 [AsyncHttpClient-1-5] DEBUG org.asynchttpclient.netty.channel.ChannelManager - Adding key: http://localhost:13653 for channel [id: 0xdffd1267, L:/127.0.0.1:61309 - R:localhost/127.0.0.1:13653]
11:36:20.185 [Forwarding getElementAttribute on session 343760fe1b3b1d209c4a0d88582a27db to remote] DEBUG org.asynchttpclient.netty.request.NettyRequestSender - Using pooled Channel '[id: 0xdffd1267, L:/127.0.0.1:61309 - R:localhost/127.0.0.1:13653]' for 'POST' to 'http://localhost:13653/session/343760fe1b3b1d209c4a0d88582a27db/execute/sync'
11:36:20.185 [Forwarding getElementAttribute on session 343760fe1b3b1d209c4a0d88582a27db to remote] DEBUG org.asynchttpclient.netty.request.NettyRequestSender - Using open Channel [id: 0xdffd1267, L:/127.0.0.1:61309 - R:localhost/127.0.0.1:13653] for POST '/session/343760fe1b3b1d209c4a0d88582a27db/execute/sync'
11:36:20.195 [AsyncHttpClient-1-5] DEBUG org.asynchttpclient.netty.handler.HttpHandler - 

Request DefaultHttpRequest(decodeResult: success, version: HTTP/1.1)
POST /session/343760fe1b3b1d209c4a0d88582a27db/execute/sync HTTP/1.1
User-Agent: selenium/4.8.0 (java windows)
Content-Length: 47374
Content-Type: application/json; charset=utf-8
host: localhost:13653
accept: */*

Response DefaultHttpResponse(decodeResult: success, version: HTTP/1.1)
HTTP/1.1 200 OK
Content-Length: 14
Content-Type: application/json; charset=utf-8
cache-control: no-cache

11:36:20.195 [AsyncHttpClient-1-5] DEBUG org.asynchttpclient.netty.channel.ChannelManager - Adding key: http://localhost:13653 for channel [id: 0xdffd1267, L:/127.0.0.1:61309 - R:localhost/127.0.0.1:13653]
11:36:20.196 [Forwarding getElementAttribute on session 343760fe1b3b1d209c4a0d88582a27db to remote] DEBUG org.asynchttpclient.netty.request.NettyRequestSender - Using pooled Channel '[id: 0xdffd1267, L:/127.0.0.1:61309 - R:localhost/127.0.0.1:13653]' for 'POST' to 'http://localhost:13653/session/343760fe1b3b1d209c4a0d88582a27db/execute/sync'
11:36:20.196 [Forwarding getElementAttribute on session 343760fe1b3b1d209c4a0d88582a27db to remote] DEBUG org.asynchttpclient.netty.request.NettyRequestSender - Using open Channel [id: 0xdffd1267, L:/127.0.0.1:61309 - R:localhost/127.0.0.1:13653] for POST '/session/343760fe1b3b1d209c4a0d88582a27db/execute/sync'
11:36:20.203 [AsyncHttpClient-1-5] DEBUG org.asynchttpclient.netty.handler.HttpHandler - 

Request DefaultHttpRequest(decodeResult: success, version: HTTP/1.1)
POST /session/343760fe1b3b1d209c4a0d88582a27db/execute/sync HTTP/1.1
User-Agent: selenium/4.8.0 (java windows)
Content-Length: 47375
Content-Type: application/json; charset=utf-8
host: localhost:13653
accept: */*

Response DefaultHttpResponse(decodeResult: success, version: HTTP/1.1)
HTTP/1.1 200 OK
Content-Length: 14
Content-Type: application/json; charset=utf-8
cache-control: no-cache

11:36:20.203 [AsyncHttpClient-1-5] DEBUG org.asynchttpclient.netty.channel.ChannelManager - Adding key: http://localhost:13653 for channel [id: 0xdffd1267, L:/127.0.0.1:61309 - R:localhost/127.0.0.1:13653]
11:36:20.206 [Forwarding getElementAttribute on session 343760fe1b3b1d209c4a0d88582a27db to remote] DEBUG org.asynchttpclient.netty.request.NettyRequestSender - Using pooled Channel '[id: 0xdffd1267, L:/127.0.0.1:61309 - R:localhost/127.0.0.1:13653]' for 'POST' to 'http://localhost:13653/session/343760fe1b3b1d209c4a0d88582a27db/execute/sync'
11:36:20.206 [Forwarding getElementAttribute on session 343760fe1b3b1d209c4a0d88582a27db to remote] DEBUG org.asynchttpclient.netty.request.NettyRequestSender - Using open Channel [id: 0xdffd1267, L:/127.0.0.1:61309 - R:localhost/127.0.0.1:13653] for POST '/session/343760fe1b3b1d209c4a0d88582a27db/execute/sync'
11:36:20.215 [AsyncHttpClient-1-5] DEBUG org.asynchttpclient.netty.handler.HttpHandler - 

Request DefaultHttpRequest(decodeResult: success, version: HTTP/1.1)
POST /session/343760fe1b3b1d209c4a0d88582a27db/execute/sync HTTP/1.1
User-Agent: selenium/4.8.0 (java windows)
Content-Length: 47375
Content-Type: application/json; charset=utf-8
host: localhost:13653
accept: */*

Response DefaultHttpResponse(decodeResult: success, version: HTTP/1.1)
HTTP/1.1 200 OK
Content-Length: 32
Content-Type: application/json; charset=utf-8
cache-control: no-cache

11:36:20.215 [AsyncHttpClient-1-5] DEBUG org.asynchttpclient.netty.channel.ChannelManager - Adding key: http://localhost:13653 for channel [id: 0xdffd1267, L:/127.0.0.1:61309 - R:localhost/127.0.0.1:13653]
11:36:20.218 [Forwarding getElementAttribute on session 343760fe1b3b1d209c4a0d88582a27db to remote] DEBUG org.asynchttpclient.netty.request.NettyRequestSender - Using pooled Channel '[id: 0xdffd1267, L:/127.0.0.1:61309 - R:localhost/127.0.0.1:13653]' for 'POST' to 'http://localhost:13653/session/343760fe1b3b1d209c4a0d88582a27db/execute/sync'
11:36:20.218 [Forwarding getElementAttribute on session 343760fe1b3b1d209c4a0d88582a27db to remote] DEBUG org.asynchttpclient.netty.request.NettyRequestSender - Using open Channel [id: 0xdffd1267, L:/127.0.0.1:61309 - R:localhost/127.0.0.1:13653] for POST '/session/343760fe1b3b1d209c4a0d88582a27db/execute/sync'
11:36:20.227 [AsyncHttpClient-1-5] DEBUG org.asynchttpclient.netty.handler.HttpHandler - 

Request DefaultHttpRequest(decodeResult: success, version: HTTP/1.1)
POST /session/343760fe1b3b1d209c4a0d88582a27db/execute/sync HTTP/1.1
User-Agent: selenium/4.8.0 (java windows)
Content-Length: 47375
Content-Type: application/json; charset=utf-8
host: localhost:13653
accept: */*

Response DefaultHttpResponse(decodeResult: success, version: HTTP/1.1)
HTTP/1.1 200 OK
Content-Length: 32
Content-Type: application/json; charset=utf-8
cache-control: no-cache

11:36:20.227 [AsyncHttpClient-1-5] DEBUG org.asynchttpclient.netty.channel.ChannelManager - Adding key: http://localhost:13653 for channel [id: 0xdffd1267, L:/127.0.0.1:61309 - R:localhost/127.0.0.1:13653]
11:36:20.227 [main] INFO  com.swaglabs.base.SetUp - <div class='inventory_item_price'> - InventoryPage.productpricesprice validation failed
11:36:20.228 [Forwarding findElements on session 343760fe1b3b1d209c4a0d88582a27db to remote] DEBUG org.asynchttpclient.netty.request.NettyRequestSender - Using pooled Channel '[id: 0xdffd1267, L:/127.0.0.1:61309 - R:localhost/127.0.0.1:13653]' for 'POST' to 'http://localhost:13653/session/343760fe1b3b1d209c4a0d88582a27db/elements'
11:36:20.228 [Forwarding findElements on session 343760fe1b3b1d209c4a0d88582a27db to remote] DEBUG org.asynchttpclient.netty.request.NettyRequestSender - Using open Channel [id: 0xdffd1267, L:/127.0.0.1:61309 - R:localhost/127.0.0.1:13653] for POST '/session/343760fe1b3b1d209c4a0d88582a27db/elements'
11:36:20.236 [AsyncHttpClient-1-5] DEBUG org.asynchttpclient.netty.handler.HttpHandler - 

Request DefaultHttpRequest(decodeResult: success, version: HTTP/1.1)
POST /session/343760fe1b3b1d209c4a0d88582a27db/elements HTTP/1.1
User-Agent: selenium/4.8.0 (java windows)
Content-Length: 83
Content-Type: application/json; charset=utf-8
host: localhost:13653
accept: */*

Response DefaultHttpResponse(decodeResult: success, version: HTTP/1.1)
HTTP/1.1 200 OK
Content-Length: 527
Content-Type: application/json; charset=utf-8
cache-control: no-cache

11:36:20.236 [AsyncHttpClient-1-5] DEBUG org.asynchttpclient.netty.channel.ChannelManager - Adding key: http://localhost:13653 for channel [id: 0xdffd1267, L:/127.0.0.1:61309 - R:localhost/127.0.0.1:13653]
11:36:20.238 [Forwarding findElements on session 343760fe1b3b1d209c4a0d88582a27db to remote] DEBUG org.asynchttpclient.netty.request.NettyRequestSender - Using pooled Channel '[id: 0xdffd1267, L:/127.0.0.1:61309 - R:localhost/127.0.0.1:13653]' for 'POST' to 'http://localhost:13653/session/343760fe1b3b1d209c4a0d88582a27db/elements'
11:36:20.238 [Forwarding findElements on session 343760fe1b3b1d209c4a0d88582a27db to remote] DEBUG org.asynchttpclient.netty.request.NettyRequestSender - Using open Channel [id: 0xdffd1267, L:/127.0.0.1:61309 - R:localhost/127.0.0.1:13653] for POST '/session/343760fe1b3b1d209c4a0d88582a27db/elements'
11:36:20.248 [AsyncHttpClient-1-5] DEBUG org.asynchttpclient.netty.handler.HttpHandler - 

Request DefaultHttpRequest(decodeResult: success, version: HTTP/1.1)
POST /session/343760fe1b3b1d209c4a0d88582a27db/elements HTTP/1.1
User-Agent: selenium/4.8.0 (java windows)
Content-Length: 83
Content-Type: application/json; charset=utf-8
host: localhost:13653
accept: */*

Response DefaultHttpResponse(decodeResult: success, version: HTTP/1.1)
HTTP/1.1 200 OK
Content-Length: 527
Content-Type: application/json; charset=utf-8
cache-control: no-cache

11:36:20.248 [AsyncHttpClient-1-5] DEBUG org.asynchttpclient.netty.channel.ChannelManager - Adding key: http://localhost:13653 for channel [id: 0xdffd1267, L:/127.0.0.1:61309 - R:localhost/127.0.0.1:13653]
11:36:20.250 [Forwarding getElementText on session 343760fe1b3b1d209c4a0d88582a27db to remote] DEBUG org.asynchttpclient.netty.request.NettyRequestSender - Using pooled Channel '[id: 0xdffd1267, L:/127.0.0.1:61309 - R:localhost/127.0.0.1:13653]' for 'GET' to 'http://localhost:13653/session/343760fe1b3b1d209c4a0d88582a27db/element/B5D78317CDC82913058D66A8C952A41F_element_38/text'
11:36:20.250 [Forwarding getElementText on session 343760fe1b3b1d209c4a0d88582a27db to remote] DEBUG org.asynchttpclient.netty.request.NettyRequestSender - Using open Channel [id: 0xdffd1267, L:/127.0.0.1:61309 - R:localhost/127.0.0.1:13653] for GET '/session/343760fe1b3b1d209c4a0d88582a27db/element/B5D78317CDC82913058D66A8C952A41F_element_38/text'
11:36:20.258 [AsyncHttpClient-1-5] DEBUG org.asynchttpclient.netty.handler.HttpHandler - 

Request DefaultFullHttpRequest(decodeResult: success, version: HTTP/1.1, content: EmptyByteBufBE)
GET /session/343760fe1b3b1d209c4a0d88582a27db/element/B5D78317CDC82913058D66A8C952A41F_element_38/text HTTP/1.1
User-Agent: selenium/4.8.0 (java windows)
Cache-Control: no-cache
Content-Type: application/json; charset=utf-8
host: localhost:13653
accept: */*

Response DefaultHttpResponse(decodeResult: success, version: HTTP/1.1)
HTTP/1.1 200 OK
Content-Length: 18
Content-Type: application/json; charset=utf-8
cache-control: no-cache

11:36:20.258 [AsyncHttpClient-1-5] DEBUG org.asynchttpclient.netty.channel.ChannelManager - Adding key: http://localhost:13653 for channel [id: 0xdffd1267, L:/127.0.0.1:61309 - R:localhost/127.0.0.1:13653]
11:36:20.260 [Forwarding findElements on session 343760fe1b3b1d209c4a0d88582a27db to remote] DEBUG org.asynchttpclient.netty.request.NettyRequestSender - Using pooled Channel '[id: 0xdffd1267, L:/127.0.0.1:61309 - R:localhost/127.0.0.1:13653]' for 'POST' to 'http://localhost:13653/session/343760fe1b3b1d209c4a0d88582a27db/elements'
11:36:20.260 [Forwarding findElements on session 343760fe1b3b1d209c4a0d88582a27db to remote] DEBUG org.asynchttpclient.netty.request.NettyRequestSender - Using open Channel [id: 0xdffd1267, L:/127.0.0.1:61309 - R:localhost/127.0.0.1:13653] for POST '/session/343760fe1b3b1d209c4a0d88582a27db/elements'
11:36:20.268 [AsyncHttpClient-1-5] DEBUG org.asynchttpclient.netty.handler.HttpHandler - 

Request DefaultHttpRequest(decodeResult: success, version: HTTP/1.1)
POST /session/343760fe1b3b1d209c4a0d88582a27db/elements HTTP/1.1
User-Agent: selenium/4.8.0 (java windows)
Content-Length: 83
Content-Type: application/json; charset=utf-8
host: localhost:13653
accept: */*

Response DefaultHttpResponse(decodeResult: success, version: HTTP/1.1)
HTTP/1.1 200 OK
Content-Length: 527
Content-Type: application/json; charset=utf-8
cache-control: no-cache

11:36:20.268 [AsyncHttpClient-1-5] DEBUG org.asynchttpclient.netty.channel.ChannelManager - Adding key: http://localhost:13653 for channel [id: 0xdffd1267, L:/127.0.0.1:61309 - R:localhost/127.0.0.1:13653]
11:36:20.268 [Forwarding getElementTagName on session 343760fe1b3b1d209c4a0d88582a27db to remote] DEBUG org.asynchttpclient.netty.request.NettyRequestSender - Using pooled Channel '[id: 0xdffd1267, L:/127.0.0.1:61309 - R:localhost/127.0.0.1:13653]' for 'GET' to 'http://localhost:13653/session/343760fe1b3b1d209c4a0d88582a27db/element/B5D78317CDC82913058D66A8C952A41F_element_38/name'
11:36:20.268 [Forwarding getElementTagName on session 343760fe1b3b1d209c4a0d88582a27db to remote] DEBUG org.asynchttpclient.netty.request.NettyRequestSender - Using open Channel [id: 0xdffd1267, L:/127.0.0.1:61309 - R:localhost/127.0.0.1:13653] for GET '/session/343760fe1b3b1d209c4a0d88582a27db/element/B5D78317CDC82913058D66A8C952A41F_element_38/name'
11:36:20.277 [AsyncHttpClient-1-5] DEBUG org.asynchttpclient.netty.handler.HttpHandler - 

Request DefaultFullHttpRequest(decodeResult: success, version: HTTP/1.1, content: EmptyByteBufBE)
GET /session/343760fe1b3b1d209c4a0d88582a27db/element/B5D78317CDC82913058D66A8C952A41F_element_38/name HTTP/1.1
User-Agent: selenium/4.8.0 (java windows)
Cache-Control: no-cache
Content-Type: application/json; charset=utf-8
host: localhost:13653
accept: */*

Response DefaultHttpResponse(decodeResult: success, version: HTTP/1.1)
HTTP/1.1 200 OK
Content-Length: 15
Content-Type: application/json; charset=utf-8
cache-control: no-cache

11:36:20.277 [AsyncHttpClient-1-5] DEBUG org.asynchttpclient.netty.channel.ChannelManager - Adding key: http://localhost:13653 for channel [id: 0xdffd1267, L:/127.0.0.1:61309 - R:localhost/127.0.0.1:13653]
11:36:20.279 [Forwarding getElementAttribute on session 343760fe1b3b1d209c4a0d88582a27db to remote] DEBUG org.asynchttpclient.netty.request.NettyRequestSender - Using pooled Channel '[id: 0xdffd1267, L:/127.0.0.1:61309 - R:localhost/127.0.0.1:13653]' for 'POST' to 'http://localhost:13653/session/343760fe1b3b1d209c4a0d88582a27db/execute/sync'
11:36:20.279 [Forwarding getElementAttribute on session 343760fe1b3b1d209c4a0d88582a27db to remote] DEBUG org.asynchttpclient.netty.request.NettyRequestSender - Using open Channel [id: 0xdffd1267, L:/127.0.0.1:61309 - R:localhost/127.0.0.1:13653] for POST '/session/343760fe1b3b1d209c4a0d88582a27db/execute/sync'
11:36:20.292 [AsyncHttpClient-1-5] DEBUG org.asynchttpclient.netty.handler.HttpHandler - 

Request DefaultHttpRequest(decodeResult: success, version: HTTP/1.1)
POST /session/343760fe1b3b1d209c4a0d88582a27db/execute/sync HTTP/1.1
User-Agent: selenium/4.8.0 (java windows)
Content-Length: 47372
Content-Type: application/json; charset=utf-8
host: localhost:13653
accept: */*

Response DefaultHttpResponse(decodeResult: success, version: HTTP/1.1)
HTTP/1.1 200 OK
Content-Length: 12
Content-Type: application/json; charset=utf-8
cache-control: no-cache

11:36:20.292 [AsyncHttpClient-1-5] DEBUG org.asynchttpclient.netty.channel.ChannelManager - Adding key: http://localhost:13653 for channel [id: 0xdffd1267, L:/127.0.0.1:61309 - R:localhost/127.0.0.1:13653]
11:36:20.294 [Forwarding getElementAttribute on session 343760fe1b3b1d209c4a0d88582a27db to remote] DEBUG org.asynchttpclient.netty.request.NettyRequestSender - Using pooled Channel '[id: 0xdffd1267, L:/127.0.0.1:61309 - R:localhost/127.0.0.1:13653]' for 'POST' to 'http://localhost:13653/session/343760fe1b3b1d209c4a0d88582a27db/execute/sync'
11:36:20.294 [Forwarding getElementAttribute on session 343760fe1b3b1d209c4a0d88582a27db to remote] DEBUG org.asynchttpclient.netty.request.NettyRequestSender - Using open Channel [id: 0xdffd1267, L:/127.0.0.1:61309 - R:localhost/127.0.0.1:13653] for POST '/session/343760fe1b3b1d209c4a0d88582a27db/execute/sync'
11:36:20.305 [AsyncHttpClient-1-5] DEBUG org.asynchttpclient.netty.handler.HttpHandler - 

Request DefaultHttpRequest(decodeResult: success, version: HTTP/1.1)
POST /session/343760fe1b3b1d209c4a0d88582a27db/execute/sync HTTP/1.1
User-Agent: selenium/4.8.0 (java windows)
Content-Length: 47374
Content-Type: application/json; charset=utf-8
host: localhost:13653
accept: */*

Response DefaultHttpResponse(decodeResult: success, version: HTTP/1.1)
HTTP/1.1 200 OK
Content-Length: 14
Content-Type: application/json; charset=utf-8
cache-control: no-cache

11:36:20.305 [AsyncHttpClient-1-5] DEBUG org.asynchttpclient.netty.channel.ChannelManager - Adding key: http://localhost:13653 for channel [id: 0xdffd1267, L:/127.0.0.1:61309 - R:localhost/127.0.0.1:13653]
11:36:20.309 [Forwarding getElementAttribute on session 343760fe1b3b1d209c4a0d88582a27db to remote] DEBUG org.asynchttpclient.netty.request.NettyRequestSender - Using pooled Channel '[id: 0xdffd1267, L:/127.0.0.1:61309 - R:localhost/127.0.0.1:13653]' for 'POST' to 'http://localhost:13653/session/343760fe1b3b1d209c4a0d88582a27db/execute/sync'
11:36:20.309 [Forwarding getElementAttribute on session 343760fe1b3b1d209c4a0d88582a27db to remote] DEBUG org.asynchttpclient.netty.request.NettyRequestSender - Using open Channel [id: 0xdffd1267, L:/127.0.0.1:61309 - R:localhost/127.0.0.1:13653] for POST '/session/343760fe1b3b1d209c4a0d88582a27db/execute/sync'
11:36:20.321 [AsyncHttpClient-1-5] DEBUG org.asynchttpclient.netty.handler.HttpHandler - 

Request DefaultHttpRequest(decodeResult: success, version: HTTP/1.1)
POST /session/343760fe1b3b1d209c4a0d88582a27db/execute/sync HTTP/1.1
User-Agent: selenium/4.8.0 (java windows)
Content-Length: 47374
Content-Type: application/json; charset=utf-8
host: localhost:13653
accept: */*

Response DefaultHttpResponse(decodeResult: success, version: HTTP/1.1)
HTTP/1.1 200 OK
Content-Length: 14
Content-Type: application/json; charset=utf-8
cache-control: no-cache

11:36:20.321 [AsyncHttpClient-1-5] DEBUG org.asynchttpclient.netty.channel.ChannelManager - Adding key: http://localhost:13653 for channel [id: 0xdffd1267, L:/127.0.0.1:61309 - R:localhost/127.0.0.1:13653]
11:36:20.324 [Forwarding getElementAttribute on session 343760fe1b3b1d209c4a0d88582a27db to remote] DEBUG org.asynchttpclient.netty.request.NettyRequestSender - Using pooled Channel '[id: 0xdffd1267, L:/127.0.0.1:61309 - R:localhost/127.0.0.1:13653]' for 'POST' to 'http://localhost:13653/session/343760fe1b3b1d209c4a0d88582a27db/execute/sync'
11:36:20.324 [Forwarding getElementAttribute on session 343760fe1b3b1d209c4a0d88582a27db to remote] DEBUG org.asynchttpclient.netty.request.NettyRequestSender - Using open Channel [id: 0xdffd1267, L:/127.0.0.1:61309 - R:localhost/127.0.0.1:13653] for POST '/session/343760fe1b3b1d209c4a0d88582a27db/execute/sync'
11:36:20.332 [AsyncHttpClient-1-5] DEBUG org.asynchttpclient.netty.handler.HttpHandler - 

Request DefaultHttpRequest(decodeResult: success, version: HTTP/1.1)
POST /session/343760fe1b3b1d209c4a0d88582a27db/execute/sync HTTP/1.1
User-Agent: selenium/4.8.0 (java windows)
Content-Length: 47374
Content-Type: application/json; charset=utf-8
host: localhost:13653
accept: */*

Response DefaultHttpResponse(decodeResult: success, version: HTTP/1.1)
HTTP/1.1 200 OK
Content-Length: 14
Content-Type: application/json; charset=utf-8
cache-control: no-cache

11:36:20.332 [AsyncHttpClient-1-5] DEBUG org.asynchttpclient.netty.channel.ChannelManager - Adding key: http://localhost:13653 for channel [id: 0xdffd1267, L:/127.0.0.1:61309 - R:localhost/127.0.0.1:13653]
11:36:20.334 [Forwarding getElementAttribute on session 343760fe1b3b1d209c4a0d88582a27db to remote] DEBUG org.asynchttpclient.netty.request.NettyRequestSender - Using pooled Channel '[id: 0xdffd1267, L:/127.0.0.1:61309 - R:localhost/127.0.0.1:13653]' for 'POST' to 'http://localhost:13653/session/343760fe1b3b1d209c4a0d88582a27db/execute/sync'
11:36:20.334 [Forwarding getElementAttribute on session 343760fe1b3b1d209c4a0d88582a27db to remote] DEBUG org.asynchttpclient.netty.request.NettyRequestSender - Using open Channel [id: 0xdffd1267, L:/127.0.0.1:61309 - R:localhost/127.0.0.1:13653] for POST '/session/343760fe1b3b1d209c4a0d88582a27db/execute/sync'
11:36:20.344 [AsyncHttpClient-1-5] DEBUG org.asynchttpclient.netty.handler.HttpHandler - 

Request DefaultHttpRequest(decodeResult: success, version: HTTP/1.1)
POST /session/343760fe1b3b1d209c4a0d88582a27db/execute/sync HTTP/1.1
User-Agent: selenium/4.8.0 (java windows)
Content-Length: 47375
Content-Type: application/json; charset=utf-8
host: localhost:13653
accept: */*

Response DefaultHttpResponse(decodeResult: success, version: HTTP/1.1)
HTTP/1.1 200 OK
Content-Length: 14
Content-Type: application/json; charset=utf-8
cache-control: no-cache

11:36:20.344 [AsyncHttpClient-1-5] DEBUG org.asynchttpclient.netty.channel.ChannelManager - Adding key: http://localhost:13653 for channel [id: 0xdffd1267, L:/127.0.0.1:61309 - R:localhost/127.0.0.1:13653]
11:36:20.347 [Forwarding getElementAttribute on session 343760fe1b3b1d209c4a0d88582a27db to remote] DEBUG org.asynchttpclient.netty.request.NettyRequestSender - Using pooled Channel '[id: 0xdffd1267, L:/127.0.0.1:61309 - R:localhost/127.0.0.1:13653]' for 'POST' to 'http://localhost:13653/session/343760fe1b3b1d209c4a0d88582a27db/execute/sync'
11:36:20.347 [Forwarding getElementAttribute on session 343760fe1b3b1d209c4a0d88582a27db to remote] DEBUG org.asynchttpclient.netty.request.NettyRequestSender - Using open Channel [id: 0xdffd1267, L:/127.0.0.1:61309 - R:localhost/127.0.0.1:13653] for POST '/session/343760fe1b3b1d209c4a0d88582a27db/execute/sync'
11:36:20.355 [AsyncHttpClient-1-5] DEBUG org.asynchttpclient.netty.handler.HttpHandler - 

Request DefaultHttpRequest(decodeResult: success, version: HTTP/1.1)
POST /session/343760fe1b3b1d209c4a0d88582a27db/execute/sync HTTP/1.1
User-Agent: selenium/4.8.0 (java windows)
Content-Length: 47375
Content-Type: application/json; charset=utf-8
host: localhost:13653
accept: */*

Response DefaultHttpResponse(decodeResult: success, version: HTTP/1.1)
HTTP/1.1 200 OK
Content-Length: 32
Content-Type: application/json; charset=utf-8
cache-control: no-cache

11:36:20.355 [AsyncHttpClient-1-5] DEBUG org.asynchttpclient.netty.channel.ChannelManager - Adding key: http://localhost:13653 for channel [id: 0xdffd1267, L:/127.0.0.1:61309 - R:localhost/127.0.0.1:13653]
11:36:20.357 [Forwarding getElementAttribute on session 343760fe1b3b1d209c4a0d88582a27db to remote] DEBUG org.asynchttpclient.netty.request.NettyRequestSender - Using pooled Channel '[id: 0xdffd1267, L:/127.0.0.1:61309 - R:localhost/127.0.0.1:13653]' for 'POST' to 'http://localhost:13653/session/343760fe1b3b1d209c4a0d88582a27db/execute/sync'
11:36:20.357 [Forwarding getElementAttribute on session 343760fe1b3b1d209c4a0d88582a27db to remote] DEBUG org.asynchttpclient.netty.request.NettyRequestSender - Using open Channel [id: 0xdffd1267, L:/127.0.0.1:61309 - R:localhost/127.0.0.1:13653] for POST '/session/343760fe1b3b1d209c4a0d88582a27db/execute/sync'
11:36:20.363 [AsyncHttpClient-1-5] DEBUG org.asynchttpclient.netty.handler.HttpHandler - 

Request DefaultHttpRequest(decodeResult: success, version: HTTP/1.1)
POST /session/343760fe1b3b1d209c4a0d88582a27db/execute/sync HTTP/1.1
User-Agent: selenium/4.8.0 (java windows)
Content-Length: 47375
Content-Type: application/json; charset=utf-8
host: localhost:13653
accept: */*

Response DefaultHttpResponse(decodeResult: success, version: HTTP/1.1)
HTTP/1.1 200 OK
Content-Length: 32
Content-Type: application/json; charset=utf-8
cache-control: no-cache

11:36:20.363 [AsyncHttpClient-1-5] DEBUG org.asynchttpclient.netty.channel.ChannelManager - Adding key: http://localhost:13653 for channel [id: 0xdffd1267, L:/127.0.0.1:61309 - R:localhost/127.0.0.1:13653]
11:36:20.363 [main] INFO  com.swaglabs.base.SetUp - <div class='inventory_item_price'> - InventoryPage.productpricesprice validation failed
11:36:20.364 [Forwarding findElements on session 343760fe1b3b1d209c4a0d88582a27db to remote] DEBUG org.asynchttpclient.netty.request.NettyRequestSender - Using pooled Channel '[id: 0xdffd1267, L:/127.0.0.1:61309 - R:localhost/127.0.0.1:13653]' for 'POST' to 'http://localhost:13653/session/343760fe1b3b1d209c4a0d88582a27db/elements'
11:36:20.364 [Forwarding findElements on session 343760fe1b3b1d209c4a0d88582a27db to remote] DEBUG org.asynchttpclient.netty.request.NettyRequestSender - Using open Channel [id: 0xdffd1267, L:/127.0.0.1:61309 - R:localhost/127.0.0.1:13653] for POST '/session/343760fe1b3b1d209c4a0d88582a27db/elements'
11:36:20.370 [AsyncHttpClient-1-5] DEBUG org.asynchttpclient.netty.handler.HttpHandler - 

Request DefaultHttpRequest(decodeResult: success, version: HTTP/1.1)
POST /session/343760fe1b3b1d209c4a0d88582a27db/elements HTTP/1.1
User-Agent: selenium/4.8.0 (java windows)
Content-Length: 83
Content-Type: application/json; charset=utf-8
host: localhost:13653
accept: */*

Response DefaultHttpResponse(decodeResult: success, version: HTTP/1.1)
HTTP/1.1 200 OK
Content-Length: 527
Content-Type: application/json; charset=utf-8
cache-control: no-cache

11:36:20.370 [AsyncHttpClient-1-5] DEBUG org.asynchttpclient.netty.channel.ChannelManager - Adding key: http://localhost:13653 for channel [id: 0xdffd1267, L:/127.0.0.1:61309 - R:localhost/127.0.0.1:13653]
11:36:20.372 [Forwarding findElements on session 343760fe1b3b1d209c4a0d88582a27db to remote] DEBUG org.asynchttpclient.netty.request.NettyRequestSender - Using pooled Channel '[id: 0xdffd1267, L:/127.0.0.1:61309 - R:localhost/127.0.0.1:13653]' for 'POST' to 'http://localhost:13653/session/343760fe1b3b1d209c4a0d88582a27db/elements'
11:36:20.372 [Forwarding findElements on session 343760fe1b3b1d209c4a0d88582a27db to remote] DEBUG org.asynchttpclient.netty.request.NettyRequestSender - Using open Channel [id: 0xdffd1267, L:/127.0.0.1:61309 - R:localhost/127.0.0.1:13653] for POST '/session/343760fe1b3b1d209c4a0d88582a27db/elements'
11:36:20.386 [AsyncHttpClient-1-5] DEBUG org.asynchttpclient.netty.handler.HttpHandler - 

Request DefaultHttpRequest(decodeResult: success, version: HTTP/1.1)
POST /session/343760fe1b3b1d209c4a0d88582a27db/elements HTTP/1.1
User-Agent: selenium/4.8.0 (java windows)
Content-Length: 83
Content-Type: application/json; charset=utf-8
host: localhost:13653
accept: */*

Response DefaultHttpResponse(decodeResult: success, version: HTTP/1.1)
HTTP/1.1 200 OK
Content-Length: 527
Content-Type: application/json; charset=utf-8
cache-control: no-cache

11:36:20.386 [AsyncHttpClient-1-5] DEBUG org.asynchttpclient.netty.channel.ChannelManager - Adding key: http://localhost:13653 for channel [id: 0xdffd1267, L:/127.0.0.1:61309 - R:localhost/127.0.0.1:13653]
11:36:20.387 [Forwarding getElementText on session 343760fe1b3b1d209c4a0d88582a27db to remote] DEBUG org.asynchttpclient.netty.request.NettyRequestSender - Using pooled Channel '[id: 0xdffd1267, L:/127.0.0.1:61309 - R:localhost/127.0.0.1:13653]' for 'GET' to 'http://localhost:13653/session/343760fe1b3b1d209c4a0d88582a27db/element/B5D78317CDC82913058D66A8C952A41F_element_39/text'
11:36:20.387 [Forwarding getElementText on session 343760fe1b3b1d209c4a0d88582a27db to remote] DEBUG org.asynchttpclient.netty.request.NettyRequestSender - Using open Channel [id: 0xdffd1267, L:/127.0.0.1:61309 - R:localhost/127.0.0.1:13653] for GET '/session/343760fe1b3b1d209c4a0d88582a27db/element/B5D78317CDC82913058D66A8C952A41F_element_39/text'
11:36:20.398 [AsyncHttpClient-1-5] DEBUG org.asynchttpclient.netty.handler.HttpHandler - 

Request DefaultFullHttpRequest(decodeResult: success, version: HTTP/1.1, content: EmptyByteBufBE)
GET /session/343760fe1b3b1d209c4a0d88582a27db/element/B5D78317CDC82913058D66A8C952A41F_element_39/text HTTP/1.1
User-Agent: selenium/4.8.0 (java windows)
Cache-Control: no-cache
Content-Type: application/json; charset=utf-8
host: localhost:13653
accept: */*

Response DefaultHttpResponse(decodeResult: success, version: HTTP/1.1)
HTTP/1.1 200 OK
Content-Length: 18
Content-Type: application/json; charset=utf-8
cache-control: no-cache

11:36:20.398 [AsyncHttpClient-1-5] DEBUG org.asynchttpclient.netty.channel.ChannelManager - Adding key: http://localhost:13653 for channel [id: 0xdffd1267, L:/127.0.0.1:61309 - R:localhost/127.0.0.1:13653]
11:36:20.400 [Forwarding findElements on session 343760fe1b3b1d209c4a0d88582a27db to remote] DEBUG org.asynchttpclient.netty.request.NettyRequestSender - Using pooled Channel '[id: 0xdffd1267, L:/127.0.0.1:61309 - R:localhost/127.0.0.1:13653]' for 'POST' to 'http://localhost:13653/session/343760fe1b3b1d209c4a0d88582a27db/elements'
11:36:20.400 [Forwarding findElements on session 343760fe1b3b1d209c4a0d88582a27db to remote] DEBUG org.asynchttpclient.netty.request.NettyRequestSender - Using open Channel [id: 0xdffd1267, L:/127.0.0.1:61309 - R:localhost/127.0.0.1:13653] for POST '/session/343760fe1b3b1d209c4a0d88582a27db/elements'
11:36:20.405 [AsyncHttpClient-1-5] DEBUG org.asynchttpclient.netty.handler.HttpHandler - 

Request DefaultHttpRequest(decodeResult: success, version: HTTP/1.1)
POST /session/343760fe1b3b1d209c4a0d88582a27db/elements HTTP/1.1
User-Agent: selenium/4.8.0 (java windows)
Content-Length: 83
Content-Type: application/json; charset=utf-8
host: localhost:13653
accept: */*

Response DefaultHttpResponse(decodeResult: success, version: HTTP/1.1)
HTTP/1.1 200 OK
Content-Length: 527
Content-Type: application/json; charset=utf-8
cache-control: no-cache

11:36:20.405 [AsyncHttpClient-1-5] DEBUG org.asynchttpclient.netty.channel.ChannelManager - Adding key: http://localhost:13653 for channel [id: 0xdffd1267, L:/127.0.0.1:61309 - R:localhost/127.0.0.1:13653]
11:36:20.405 [Forwarding getElementTagName on session 343760fe1b3b1d209c4a0d88582a27db to remote] DEBUG org.asynchttpclient.netty.request.NettyRequestSender - Using pooled Channel '[id: 0xdffd1267, L:/127.0.0.1:61309 - R:localhost/127.0.0.1:13653]' for 'GET' to 'http://localhost:13653/session/343760fe1b3b1d209c4a0d88582a27db/element/B5D78317CDC82913058D66A8C952A41F_element_39/name'
11:36:20.405 [Forwarding getElementTagName on session 343760fe1b3b1d209c4a0d88582a27db to remote] DEBUG org.asynchttpclient.netty.request.NettyRequestSender - Using open Channel [id: 0xdffd1267, L:/127.0.0.1:61309 - R:localhost/127.0.0.1:13653] for GET '/session/343760fe1b3b1d209c4a0d88582a27db/element/B5D78317CDC82913058D66A8C952A41F_element_39/name'
11:36:20.410 [AsyncHttpClient-1-5] DEBUG org.asynchttpclient.netty.handler.HttpHandler - 

Request DefaultFullHttpRequest(decodeResult: success, version: HTTP/1.1, content: EmptyByteBufBE)
GET /session/343760fe1b3b1d209c4a0d88582a27db/element/B5D78317CDC82913058D66A8C952A41F_element_39/name HTTP/1.1
User-Agent: selenium/4.8.0 (java windows)
Cache-Control: no-cache
Content-Type: application/json; charset=utf-8
host: localhost:13653
accept: */*

Response DefaultHttpResponse(decodeResult: success, version: HTTP/1.1)
HTTP/1.1 200 OK
Content-Length: 15
Content-Type: application/json; charset=utf-8
cache-control: no-cache

11:36:20.410 [AsyncHttpClient-1-5] DEBUG org.asynchttpclient.netty.channel.ChannelManager - Adding key: http://localhost:13653 for channel [id: 0xdffd1267, L:/127.0.0.1:61309 - R:localhost/127.0.0.1:13653]
11:36:20.411 [Forwarding getElementAttribute on session 343760fe1b3b1d209c4a0d88582a27db to remote] DEBUG org.asynchttpclient.netty.request.NettyRequestSender - Using pooled Channel '[id: 0xdffd1267, L:/127.0.0.1:61309 - R:localhost/127.0.0.1:13653]' for 'POST' to 'http://localhost:13653/session/343760fe1b3b1d209c4a0d88582a27db/execute/sync'
11:36:20.411 [Forwarding getElementAttribute on session 343760fe1b3b1d209c4a0d88582a27db to remote] DEBUG org.asynchttpclient.netty.request.NettyRequestSender - Using open Channel [id: 0xdffd1267, L:/127.0.0.1:61309 - R:localhost/127.0.0.1:13653] for POST '/session/343760fe1b3b1d209c4a0d88582a27db/execute/sync'
11:36:20.421 [AsyncHttpClient-1-5] DEBUG org.asynchttpclient.netty.handler.HttpHandler - 

Request DefaultHttpRequest(decodeResult: success, version: HTTP/1.1)
POST /session/343760fe1b3b1d209c4a0d88582a27db/execute/sync HTTP/1.1
User-Agent: selenium/4.8.0 (java windows)
Content-Length: 47372
Content-Type: application/json; charset=utf-8
host: localhost:13653
accept: */*

Response DefaultHttpResponse(decodeResult: success, version: HTTP/1.1)
HTTP/1.1 200 OK
Content-Length: 12
Content-Type: application/json; charset=utf-8
cache-control: no-cache

11:36:20.421 [AsyncHttpClient-1-5] DEBUG org.asynchttpclient.netty.channel.ChannelManager - Adding key: http://localhost:13653 for channel [id: 0xdffd1267, L:/127.0.0.1:61309 - R:localhost/127.0.0.1:13653]
11:36:20.422 [Forwarding getElementAttribute on session 343760fe1b3b1d209c4a0d88582a27db to remote] DEBUG org.asynchttpclient.netty.request.NettyRequestSender - Using pooled Channel '[id: 0xdffd1267, L:/127.0.0.1:61309 - R:localhost/127.0.0.1:13653]' for 'POST' to 'http://localhost:13653/session/343760fe1b3b1d209c4a0d88582a27db/execute/sync'
11:36:20.422 [Forwarding getElementAttribute on session 343760fe1b3b1d209c4a0d88582a27db to remote] DEBUG org.asynchttpclient.netty.request.NettyRequestSender - Using open Channel [id: 0xdffd1267, L:/127.0.0.1:61309 - R:localhost/127.0.0.1:13653] for POST '/session/343760fe1b3b1d209c4a0d88582a27db/execute/sync'
11:36:20.434 [AsyncHttpClient-1-5] DEBUG org.asynchttpclient.netty.handler.HttpHandler - 

Request DefaultHttpRequest(decodeResult: success, version: HTTP/1.1)
POST /session/343760fe1b3b1d209c4a0d88582a27db/execute/sync HTTP/1.1
User-Agent: selenium/4.8.0 (java windows)
Content-Length: 47374
Content-Type: application/json; charset=utf-8
host: localhost:13653
accept: */*

Response DefaultHttpResponse(decodeResult: success, version: HTTP/1.1)
HTTP/1.1 200 OK
Content-Length: 14
Content-Type: application/json; charset=utf-8
cache-control: no-cache

11:36:20.434 [AsyncHttpClient-1-5] DEBUG org.asynchttpclient.netty.channel.ChannelManager - Adding key: http://localhost:13653 for channel [id: 0xdffd1267, L:/127.0.0.1:61309 - R:localhost/127.0.0.1:13653]
11:36:20.435 [Forwarding getElementAttribute on session 343760fe1b3b1d209c4a0d88582a27db to remote] DEBUG org.asynchttpclient.netty.request.NettyRequestSender - Using pooled Channel '[id: 0xdffd1267, L:/127.0.0.1:61309 - R:localhost/127.0.0.1:13653]' for 'POST' to 'http://localhost:13653/session/343760fe1b3b1d209c4a0d88582a27db/execute/sync'
11:36:20.435 [Forwarding getElementAttribute on session 343760fe1b3b1d209c4a0d88582a27db to remote] DEBUG org.asynchttpclient.netty.request.NettyRequestSender - Using open Channel [id: 0xdffd1267, L:/127.0.0.1:61309 - R:localhost/127.0.0.1:13653] for POST '/session/343760fe1b3b1d209c4a0d88582a27db/execute/sync'
11:36:20.444 [AsyncHttpClient-1-5] DEBUG org.asynchttpclient.netty.handler.HttpHandler - 

Request DefaultHttpRequest(decodeResult: success, version: HTTP/1.1)
POST /session/343760fe1b3b1d209c4a0d88582a27db/execute/sync HTTP/1.1
User-Agent: selenium/4.8.0 (java windows)
Content-Length: 47374
Content-Type: application/json; charset=utf-8
host: localhost:13653
accept: */*

Response DefaultHttpResponse(decodeResult: success, version: HTTP/1.1)
HTTP/1.1 200 OK
Content-Length: 14
Content-Type: application/json; charset=utf-8
cache-control: no-cache

11:36:20.444 [AsyncHttpClient-1-5] DEBUG org.asynchttpclient.netty.channel.ChannelManager - Adding key: http://localhost:13653 for channel [id: 0xdffd1267, L:/127.0.0.1:61309 - R:localhost/127.0.0.1:13653]
11:36:20.446 [Forwarding getElementAttribute on session 343760fe1b3b1d209c4a0d88582a27db to remote] DEBUG org.asynchttpclient.netty.request.NettyRequestSender - Using pooled Channel '[id: 0xdffd1267, L:/127.0.0.1:61309 - R:localhost/127.0.0.1:13653]' for 'POST' to 'http://localhost:13653/session/343760fe1b3b1d209c4a0d88582a27db/execute/sync'
11:36:20.446 [Forwarding getElementAttribute on session 343760fe1b3b1d209c4a0d88582a27db to remote] DEBUG org.asynchttpclient.netty.request.NettyRequestSender - Using open Channel [id: 0xdffd1267, L:/127.0.0.1:61309 - R:localhost/127.0.0.1:13653] for POST '/session/343760fe1b3b1d209c4a0d88582a27db/execute/sync'
11:36:20.455 [AsyncHttpClient-1-5] DEBUG org.asynchttpclient.netty.handler.HttpHandler - 

Request DefaultHttpRequest(decodeResult: success, version: HTTP/1.1)
POST /session/343760fe1b3b1d209c4a0d88582a27db/execute/sync HTTP/1.1
User-Agent: selenium/4.8.0 (java windows)
Content-Length: 47374
Content-Type: application/json; charset=utf-8
host: localhost:13653
accept: */*

Response DefaultHttpResponse(decodeResult: success, version: HTTP/1.1)
HTTP/1.1 200 OK
Content-Length: 14
Content-Type: application/json; charset=utf-8
cache-control: no-cache

11:36:20.455 [AsyncHttpClient-1-5] DEBUG org.asynchttpclient.netty.channel.ChannelManager - Adding key: http://localhost:13653 for channel [id: 0xdffd1267, L:/127.0.0.1:61309 - R:localhost/127.0.0.1:13653]
11:36:20.457 [Forwarding getElementAttribute on session 343760fe1b3b1d209c4a0d88582a27db to remote] DEBUG org.asynchttpclient.netty.request.NettyRequestSender - Using pooled Channel '[id: 0xdffd1267, L:/127.0.0.1:61309 - R:localhost/127.0.0.1:13653]' for 'POST' to 'http://localhost:13653/session/343760fe1b3b1d209c4a0d88582a27db/execute/sync'
11:36:20.457 [Forwarding getElementAttribute on session 343760fe1b3b1d209c4a0d88582a27db to remote] DEBUG org.asynchttpclient.netty.request.NettyRequestSender - Using open Channel [id: 0xdffd1267, L:/127.0.0.1:61309 - R:localhost/127.0.0.1:13653] for POST '/session/343760fe1b3b1d209c4a0d88582a27db/execute/sync'
11:36:20.467 [AsyncHttpClient-1-5] DEBUG org.asynchttpclient.netty.handler.HttpHandler - 

Request DefaultHttpRequest(decodeResult: success, version: HTTP/1.1)
POST /session/343760fe1b3b1d209c4a0d88582a27db/execute/sync HTTP/1.1
User-Agent: selenium/4.8.0 (java windows)
Content-Length: 47375
Content-Type: application/json; charset=utf-8
host: localhost:13653
accept: */*

Response DefaultHttpResponse(decodeResult: success, version: HTTP/1.1)
HTTP/1.1 200 OK
Content-Length: 14
Content-Type: application/json; charset=utf-8
cache-control: no-cache

11:36:20.467 [AsyncHttpClient-1-5] DEBUG org.asynchttpclient.netty.channel.ChannelManager - Adding key: http://localhost:13653 for channel [id: 0xdffd1267, L:/127.0.0.1:61309 - R:localhost/127.0.0.1:13653]
11:36:20.469 [Forwarding getElementAttribute on session 343760fe1b3b1d209c4a0d88582a27db to remote] DEBUG org.asynchttpclient.netty.request.NettyRequestSender - Using pooled Channel '[id: 0xdffd1267, L:/127.0.0.1:61309 - R:localhost/127.0.0.1:13653]' for 'POST' to 'http://localhost:13653/session/343760fe1b3b1d209c4a0d88582a27db/execute/sync'
11:36:20.470 [Forwarding getElementAttribute on session 343760fe1b3b1d209c4a0d88582a27db to remote] DEBUG org.asynchttpclient.netty.request.NettyRequestSender - Using open Channel [id: 0xdffd1267, L:/127.0.0.1:61309 - R:localhost/127.0.0.1:13653] for POST '/session/343760fe1b3b1d209c4a0d88582a27db/execute/sync'
11:36:20.476 [AsyncHttpClient-1-5] DEBUG org.asynchttpclient.netty.handler.HttpHandler - 

Request DefaultHttpRequest(decodeResult: success, version: HTTP/1.1)
POST /session/343760fe1b3b1d209c4a0d88582a27db/execute/sync HTTP/1.1
User-Agent: selenium/4.8.0 (java windows)
Content-Length: 47375
Content-Type: application/json; charset=utf-8
host: localhost:13653
accept: */*

Response DefaultHttpResponse(decodeResult: success, version: HTTP/1.1)
HTTP/1.1 200 OK
Content-Length: 32
Content-Type: application/json; charset=utf-8
cache-control: no-cache

11:36:20.476 [AsyncHttpClient-1-5] DEBUG org.asynchttpclient.netty.channel.ChannelManager - Adding key: http://localhost:13653 for channel [id: 0xdffd1267, L:/127.0.0.1:61309 - R:localhost/127.0.0.1:13653]
11:36:20.478 [Forwarding getElementAttribute on session 343760fe1b3b1d209c4a0d88582a27db to remote] DEBUG org.asynchttpclient.netty.request.NettyRequestSender - Using pooled Channel '[id: 0xdffd1267, L:/127.0.0.1:61309 - R:localhost/127.0.0.1:13653]' for 'POST' to 'http://localhost:13653/session/343760fe1b3b1d209c4a0d88582a27db/execute/sync'
11:36:20.478 [Forwarding getElementAttribute on session 343760fe1b3b1d209c4a0d88582a27db to remote] DEBUG org.asynchttpclient.netty.request.NettyRequestSender - Using open Channel [id: 0xdffd1267, L:/127.0.0.1:61309 - R:localhost/127.0.0.1:13653] for POST '/session/343760fe1b3b1d209c4a0d88582a27db/execute/sync'
11:36:20.487 [AsyncHttpClient-1-5] DEBUG org.asynchttpclient.netty.handler.HttpHandler - 

Request DefaultHttpRequest(decodeResult: success, version: HTTP/1.1)
POST /session/343760fe1b3b1d209c4a0d88582a27db/execute/sync HTTP/1.1
User-Agent: selenium/4.8.0 (java windows)
Content-Length: 47375
Content-Type: application/json; charset=utf-8
host: localhost:13653
accept: */*

Response DefaultHttpResponse(decodeResult: success, version: HTTP/1.1)
HTTP/1.1 200 OK
Content-Length: 32
Content-Type: application/json; charset=utf-8
cache-control: no-cache

11:36:20.487 [AsyncHttpClient-1-5] DEBUG org.asynchttpclient.netty.channel.ChannelManager - Adding key: http://localhost:13653 for channel [id: 0xdffd1267, L:/127.0.0.1:61309 - R:localhost/127.0.0.1:13653]
11:36:20.488 [main] INFO  com.swaglabs.base.SetUp - <div class='inventory_item_price'> - InventoryPage.productpricesprice validation failed
11:36:20.488 [Forwarding findElements on session 343760fe1b3b1d209c4a0d88582a27db to remote] DEBUG org.asynchttpclient.netty.request.NettyRequestSender - Using pooled Channel '[id: 0xdffd1267, L:/127.0.0.1:61309 - R:localhost/127.0.0.1:13653]' for 'POST' to 'http://localhost:13653/session/343760fe1b3b1d209c4a0d88582a27db/elements'
11:36:20.488 [Forwarding findElements on session 343760fe1b3b1d209c4a0d88582a27db to remote] DEBUG org.asynchttpclient.netty.request.NettyRequestSender - Using open Channel [id: 0xdffd1267, L:/127.0.0.1:61309 - R:localhost/127.0.0.1:13653] for POST '/session/343760fe1b3b1d209c4a0d88582a27db/elements'
11:36:20.496 [AsyncHttpClient-1-5] DEBUG org.asynchttpclient.netty.handler.HttpHandler - 

Request DefaultHttpRequest(decodeResult: success, version: HTTP/1.1)
POST /session/343760fe1b3b1d209c4a0d88582a27db/elements HTTP/1.1
User-Agent: selenium/4.8.0 (java windows)
Content-Length: 83
Content-Type: application/json; charset=utf-8
host: localhost:13653
accept: */*

Response DefaultHttpResponse(decodeResult: success, version: HTTP/1.1)
HTTP/1.1 200 OK
Content-Length: 527
Content-Type: application/json; charset=utf-8
cache-control: no-cache

11:36:20.496 [AsyncHttpClient-1-5] DEBUG org.asynchttpclient.netty.channel.ChannelManager - Adding key: http://localhost:13653 for channel [id: 0xdffd1267, L:/127.0.0.1:61309 - R:localhost/127.0.0.1:13653]
11:36:20.497 [Forwarding findElements on session 343760fe1b3b1d209c4a0d88582a27db to remote] DEBUG org.asynchttpclient.netty.request.NettyRequestSender - Using pooled Channel '[id: 0xdffd1267, L:/127.0.0.1:61309 - R:localhost/127.0.0.1:13653]' for 'POST' to 'http://localhost:13653/session/343760fe1b3b1d209c4a0d88582a27db/elements'
11:36:20.497 [Forwarding findElements on session 343760fe1b3b1d209c4a0d88582a27db to remote] DEBUG org.asynchttpclient.netty.request.NettyRequestSender - Using open Channel [id: 0xdffd1267, L:/127.0.0.1:61309 - R:localhost/127.0.0.1:13653] for POST '/session/343760fe1b3b1d209c4a0d88582a27db/elements'
11:36:20.507 [AsyncHttpClient-1-5] DEBUG org.asynchttpclient.netty.handler.HttpHandler - 

Request DefaultHttpRequest(decodeResult: success, version: HTTP/1.1)
POST /session/343760fe1b3b1d209c4a0d88582a27db/elements HTTP/1.1
User-Agent: selenium/4.8.0 (java windows)
Content-Length: 83
Content-Type: application/json; charset=utf-8
host: localhost:13653
accept: */*

Response DefaultHttpResponse(decodeResult: success, version: HTTP/1.1)
HTTP/1.1 200 OK
Content-Length: 527
Content-Type: application/json; charset=utf-8
cache-control: no-cache

11:36:20.507 [AsyncHttpClient-1-5] DEBUG org.asynchttpclient.netty.channel.ChannelManager - Adding key: http://localhost:13653 for channel [id: 0xdffd1267, L:/127.0.0.1:61309 - R:localhost/127.0.0.1:13653]
11:36:20.509 [Forwarding getElementText on session 343760fe1b3b1d209c4a0d88582a27db to remote] DEBUG org.asynchttpclient.netty.request.NettyRequestSender - Using pooled Channel '[id: 0xdffd1267, L:/127.0.0.1:61309 - R:localhost/127.0.0.1:13653]' for 'GET' to 'http://localhost:13653/session/343760fe1b3b1d209c4a0d88582a27db/element/B5D78317CDC82913058D66A8C952A41F_element_40/text'
11:36:20.509 [Forwarding getElementText on session 343760fe1b3b1d209c4a0d88582a27db to remote] DEBUG org.asynchttpclient.netty.request.NettyRequestSender - Using open Channel [id: 0xdffd1267, L:/127.0.0.1:61309 - R:localhost/127.0.0.1:13653] for GET '/session/343760fe1b3b1d209c4a0d88582a27db/element/B5D78317CDC82913058D66A8C952A41F_element_40/text'
11:36:20.517 [AsyncHttpClient-1-5] DEBUG org.asynchttpclient.netty.handler.HttpHandler - 

Request DefaultFullHttpRequest(decodeResult: success, version: HTTP/1.1, content: EmptyByteBufBE)
GET /session/343760fe1b3b1d209c4a0d88582a27db/element/B5D78317CDC82913058D66A8C952A41F_element_40/text HTTP/1.1
User-Agent: selenium/4.8.0 (java windows)
Cache-Control: no-cache
Content-Type: application/json; charset=utf-8
host: localhost:13653
accept: */*

Response DefaultHttpResponse(decodeResult: success, version: HTTP/1.1)
HTTP/1.1 200 OK
Content-Length: 17
Content-Type: application/json; charset=utf-8
cache-control: no-cache

11:36:20.517 [AsyncHttpClient-1-5] DEBUG org.asynchttpclient.netty.channel.ChannelManager - Adding key: http://localhost:13653 for channel [id: 0xdffd1267, L:/127.0.0.1:61309 - R:localhost/127.0.0.1:13653]
11:36:20.518 [Forwarding findElements on session 343760fe1b3b1d209c4a0d88582a27db to remote] DEBUG org.asynchttpclient.netty.request.NettyRequestSender - Using pooled Channel '[id: 0xdffd1267, L:/127.0.0.1:61309 - R:localhost/127.0.0.1:13653]' for 'POST' to 'http://localhost:13653/session/343760fe1b3b1d209c4a0d88582a27db/elements'
11:36:20.518 [Forwarding findElements on session 343760fe1b3b1d209c4a0d88582a27db to remote] DEBUG org.asynchttpclient.netty.request.NettyRequestSender - Using open Channel [id: 0xdffd1267, L:/127.0.0.1:61309 - R:localhost/127.0.0.1:13653] for POST '/session/343760fe1b3b1d209c4a0d88582a27db/elements'
11:36:20.524 [AsyncHttpClient-1-5] DEBUG org.asynchttpclient.netty.handler.HttpHandler - 

Request DefaultHttpRequest(decodeResult: success, version: HTTP/1.1)
POST /session/343760fe1b3b1d209c4a0d88582a27db/elements HTTP/1.1
User-Agent: selenium/4.8.0 (java windows)
Content-Length: 83
Content-Type: application/json; charset=utf-8
host: localhost:13653
accept: */*

Response DefaultHttpResponse(decodeResult: success, version: HTTP/1.1)
HTTP/1.1 200 OK
Content-Length: 527
Content-Type: application/json; charset=utf-8
cache-control: no-cache

11:36:20.524 [AsyncHttpClient-1-5] DEBUG org.asynchttpclient.netty.channel.ChannelManager - Adding key: http://localhost:13653 for channel [id: 0xdffd1267, L:/127.0.0.1:61309 - R:localhost/127.0.0.1:13653]
11:36:20.524 [Forwarding getElementTagName on session 343760fe1b3b1d209c4a0d88582a27db to remote] DEBUG org.asynchttpclient.netty.request.NettyRequestSender - Using pooled Channel '[id: 0xdffd1267, L:/127.0.0.1:61309 - R:localhost/127.0.0.1:13653]' for 'GET' to 'http://localhost:13653/session/343760fe1b3b1d209c4a0d88582a27db/element/B5D78317CDC82913058D66A8C952A41F_element_40/name'
11:36:20.524 [Forwarding getElementTagName on session 343760fe1b3b1d209c4a0d88582a27db to remote] DEBUG org.asynchttpclient.netty.request.NettyRequestSender - Using open Channel [id: 0xdffd1267, L:/127.0.0.1:61309 - R:localhost/127.0.0.1:13653] for GET '/session/343760fe1b3b1d209c4a0d88582a27db/element/B5D78317CDC82913058D66A8C952A41F_element_40/name'
11:36:20.527 [AsyncHttpClient-1-5] DEBUG org.asynchttpclient.netty.handler.HttpHandler - 

Request DefaultFullHttpRequest(decodeResult: success, version: HTTP/1.1, content: EmptyByteBufBE)
GET /session/343760fe1b3b1d209c4a0d88582a27db/element/B5D78317CDC82913058D66A8C952A41F_element_40/name HTTP/1.1
User-Agent: selenium/4.8.0 (java windows)
Cache-Control: no-cache
Content-Type: application/json; charset=utf-8
host: localhost:13653
accept: */*

Response DefaultHttpResponse(decodeResult: success, version: HTTP/1.1)
HTTP/1.1 200 OK
Content-Length: 15
Content-Type: application/json; charset=utf-8
cache-control: no-cache

11:36:20.527 [AsyncHttpClient-1-5] DEBUG org.asynchttpclient.netty.channel.ChannelManager - Adding key: http://localhost:13653 for channel [id: 0xdffd1267, L:/127.0.0.1:61309 - R:localhost/127.0.0.1:13653]
11:36:20.530 [Forwarding getElementAttribute on session 343760fe1b3b1d209c4a0d88582a27db to remote] DEBUG org.asynchttpclient.netty.request.NettyRequestSender - Using pooled Channel '[id: 0xdffd1267, L:/127.0.0.1:61309 - R:localhost/127.0.0.1:13653]' for 'POST' to 'http://localhost:13653/session/343760fe1b3b1d209c4a0d88582a27db/execute/sync'
11:36:20.530 [Forwarding getElementAttribute on session 343760fe1b3b1d209c4a0d88582a27db to remote] DEBUG org.asynchttpclient.netty.request.NettyRequestSender - Using open Channel [id: 0xdffd1267, L:/127.0.0.1:61309 - R:localhost/127.0.0.1:13653] for POST '/session/343760fe1b3b1d209c4a0d88582a27db/execute/sync'
11:36:20.538 [AsyncHttpClient-1-5] DEBUG org.asynchttpclient.netty.handler.HttpHandler - 

Request DefaultHttpRequest(decodeResult: success, version: HTTP/1.1)
POST /session/343760fe1b3b1d209c4a0d88582a27db/execute/sync HTTP/1.1
User-Agent: selenium/4.8.0 (java windows)
Content-Length: 47372
Content-Type: application/json; charset=utf-8
host: localhost:13653
accept: */*

Response DefaultHttpResponse(decodeResult: success, version: HTTP/1.1)
HTTP/1.1 200 OK
Content-Length: 12
Content-Type: application/json; charset=utf-8
cache-control: no-cache

11:36:20.538 [AsyncHttpClient-1-5] DEBUG org.asynchttpclient.netty.channel.ChannelManager - Adding key: http://localhost:13653 for channel [id: 0xdffd1267, L:/127.0.0.1:61309 - R:localhost/127.0.0.1:13653]
11:36:20.540 [Forwarding getElementAttribute on session 343760fe1b3b1d209c4a0d88582a27db to remote] DEBUG org.asynchttpclient.netty.request.NettyRequestSender - Using pooled Channel '[id: 0xdffd1267, L:/127.0.0.1:61309 - R:localhost/127.0.0.1:13653]' for 'POST' to 'http://localhost:13653/session/343760fe1b3b1d209c4a0d88582a27db/execute/sync'
11:36:20.540 [Forwarding getElementAttribute on session 343760fe1b3b1d209c4a0d88582a27db to remote] DEBUG org.asynchttpclient.netty.request.NettyRequestSender - Using open Channel [id: 0xdffd1267, L:/127.0.0.1:61309 - R:localhost/127.0.0.1:13653] for POST '/session/343760fe1b3b1d209c4a0d88582a27db/execute/sync'
11:36:20.550 [AsyncHttpClient-1-5] DEBUG org.asynchttpclient.netty.handler.HttpHandler - 

Request DefaultHttpRequest(decodeResult: success, version: HTTP/1.1)
POST /session/343760fe1b3b1d209c4a0d88582a27db/execute/sync HTTP/1.1
User-Agent: selenium/4.8.0 (java windows)
Content-Length: 47374
Content-Type: application/json; charset=utf-8
host: localhost:13653
accept: */*

Response DefaultHttpResponse(decodeResult: success, version: HTTP/1.1)
HTTP/1.1 200 OK
Content-Length: 14
Content-Type: application/json; charset=utf-8
cache-control: no-cache

11:36:20.550 [AsyncHttpClient-1-5] DEBUG org.asynchttpclient.netty.channel.ChannelManager - Adding key: http://localhost:13653 for channel [id: 0xdffd1267, L:/127.0.0.1:61309 - R:localhost/127.0.0.1:13653]
11:36:20.551 [Forwarding getElementAttribute on session 343760fe1b3b1d209c4a0d88582a27db to remote] DEBUG org.asynchttpclient.netty.request.NettyRequestSender - Using pooled Channel '[id: 0xdffd1267, L:/127.0.0.1:61309 - R:localhost/127.0.0.1:13653]' for 'POST' to 'http://localhost:13653/session/343760fe1b3b1d209c4a0d88582a27db/execute/sync'
11:36:20.551 [Forwarding getElementAttribute on session 343760fe1b3b1d209c4a0d88582a27db to remote] DEBUG org.asynchttpclient.netty.request.NettyRequestSender - Using open Channel [id: 0xdffd1267, L:/127.0.0.1:61309 - R:localhost/127.0.0.1:13653] for POST '/session/343760fe1b3b1d209c4a0d88582a27db/execute/sync'
11:36:20.560 [AsyncHttpClient-1-5] DEBUG org.asynchttpclient.netty.handler.HttpHandler - 

Request DefaultHttpRequest(decodeResult: success, version: HTTP/1.1)
POST /session/343760fe1b3b1d209c4a0d88582a27db/execute/sync HTTP/1.1
User-Agent: selenium/4.8.0 (java windows)
Content-Length: 47374
Content-Type: application/json; charset=utf-8
host: localhost:13653
accept: */*

Response DefaultHttpResponse(decodeResult: success, version: HTTP/1.1)
HTTP/1.1 200 OK
Content-Length: 14
Content-Type: application/json; charset=utf-8
cache-control: no-cache

11:36:20.560 [AsyncHttpClient-1-5] DEBUG org.asynchttpclient.netty.channel.ChannelManager - Adding key: http://localhost:13653 for channel [id: 0xdffd1267, L:/127.0.0.1:61309 - R:localhost/127.0.0.1:13653]
11:36:20.561 [Forwarding getElementAttribute on session 343760fe1b3b1d209c4a0d88582a27db to remote] DEBUG org.asynchttpclient.netty.request.NettyRequestSender - Using pooled Channel '[id: 0xdffd1267, L:/127.0.0.1:61309 - R:localhost/127.0.0.1:13653]' for 'POST' to 'http://localhost:13653/session/343760fe1b3b1d209c4a0d88582a27db/execute/sync'
11:36:20.561 [Forwarding getElementAttribute on session 343760fe1b3b1d209c4a0d88582a27db to remote] DEBUG org.asynchttpclient.netty.request.NettyRequestSender - Using open Channel [id: 0xdffd1267, L:/127.0.0.1:61309 - R:localhost/127.0.0.1:13653] for POST '/session/343760fe1b3b1d209c4a0d88582a27db/execute/sync'
11:36:20.570 [AsyncHttpClient-1-5] DEBUG org.asynchttpclient.netty.handler.HttpHandler - 

Request DefaultHttpRequest(decodeResult: success, version: HTTP/1.1)
POST /session/343760fe1b3b1d209c4a0d88582a27db/execute/sync HTTP/1.1
User-Agent: selenium/4.8.0 (java windows)
Content-Length: 47374
Content-Type: application/json; charset=utf-8
host: localhost:13653
accept: */*

Response DefaultHttpResponse(decodeResult: success, version: HTTP/1.1)
HTTP/1.1 200 OK
Content-Length: 14
Content-Type: application/json; charset=utf-8
cache-control: no-cache

11:36:20.570 [AsyncHttpClient-1-5] DEBUG org.asynchttpclient.netty.channel.ChannelManager - Adding key: http://localhost:13653 for channel [id: 0xdffd1267, L:/127.0.0.1:61309 - R:localhost/127.0.0.1:13653]
11:36:20.571 [Forwarding getElementAttribute on session 343760fe1b3b1d209c4a0d88582a27db to remote] DEBUG org.asynchttpclient.netty.request.NettyRequestSender - Using pooled Channel '[id: 0xdffd1267, L:/127.0.0.1:61309 - R:localhost/127.0.0.1:13653]' for 'POST' to 'http://localhost:13653/session/343760fe1b3b1d209c4a0d88582a27db/execute/sync'
11:36:20.571 [Forwarding getElementAttribute on session 343760fe1b3b1d209c4a0d88582a27db to remote] DEBUG org.asynchttpclient.netty.request.NettyRequestSender - Using open Channel [id: 0xdffd1267, L:/127.0.0.1:61309 - R:localhost/127.0.0.1:13653] for POST '/session/343760fe1b3b1d209c4a0d88582a27db/execute/sync'
11:36:20.582 [AsyncHttpClient-1-5] DEBUG org.asynchttpclient.netty.handler.HttpHandler - 

Request DefaultHttpRequest(decodeResult: success, version: HTTP/1.1)
POST /session/343760fe1b3b1d209c4a0d88582a27db/execute/sync HTTP/1.1
User-Agent: selenium/4.8.0 (java windows)
Content-Length: 47375
Content-Type: application/json; charset=utf-8
host: localhost:13653
accept: */*

Response DefaultHttpResponse(decodeResult: success, version: HTTP/1.1)
HTTP/1.1 200 OK
Content-Length: 14
Content-Type: application/json; charset=utf-8
cache-control: no-cache

11:36:20.582 [AsyncHttpClient-1-5] DEBUG org.asynchttpclient.netty.channel.ChannelManager - Adding key: http://localhost:13653 for channel [id: 0xdffd1267, L:/127.0.0.1:61309 - R:localhost/127.0.0.1:13653]
11:36:20.584 [Forwarding getElementAttribute on session 343760fe1b3b1d209c4a0d88582a27db to remote] DEBUG org.asynchttpclient.netty.request.NettyRequestSender - Using pooled Channel '[id: 0xdffd1267, L:/127.0.0.1:61309 - R:localhost/127.0.0.1:13653]' for 'POST' to 'http://localhost:13653/session/343760fe1b3b1d209c4a0d88582a27db/execute/sync'
11:36:20.584 [Forwarding getElementAttribute on session 343760fe1b3b1d209c4a0d88582a27db to remote] DEBUG org.asynchttpclient.netty.request.NettyRequestSender - Using open Channel [id: 0xdffd1267, L:/127.0.0.1:61309 - R:localhost/127.0.0.1:13653] for POST '/session/343760fe1b3b1d209c4a0d88582a27db/execute/sync'
11:36:20.594 [AsyncHttpClient-1-5] DEBUG org.asynchttpclient.netty.handler.HttpHandler - 

Request DefaultHttpRequest(decodeResult: success, version: HTTP/1.1)
POST /session/343760fe1b3b1d209c4a0d88582a27db/execute/sync HTTP/1.1
User-Agent: selenium/4.8.0 (java windows)
Content-Length: 47375
Content-Type: application/json; charset=utf-8
host: localhost:13653
accept: */*

Response DefaultHttpResponse(decodeResult: success, version: HTTP/1.1)
HTTP/1.1 200 OK
Content-Length: 32
Content-Type: application/json; charset=utf-8
cache-control: no-cache

11:36:20.594 [AsyncHttpClient-1-5] DEBUG org.asynchttpclient.netty.channel.ChannelManager - Adding key: http://localhost:13653 for channel [id: 0xdffd1267, L:/127.0.0.1:61309 - R:localhost/127.0.0.1:13653]
11:36:20.595 [Forwarding getElementAttribute on session 343760fe1b3b1d209c4a0d88582a27db to remote] DEBUG org.asynchttpclient.netty.request.NettyRequestSender - Using pooled Channel '[id: 0xdffd1267, L:/127.0.0.1:61309 - R:localhost/127.0.0.1:13653]' for 'POST' to 'http://localhost:13653/session/343760fe1b3b1d209c4a0d88582a27db/execute/sync'
11:36:20.595 [Forwarding getElementAttribute on session 343760fe1b3b1d209c4a0d88582a27db to remote] DEBUG org.asynchttpclient.netty.request.NettyRequestSender - Using open Channel [id: 0xdffd1267, L:/127.0.0.1:61309 - R:localhost/127.0.0.1:13653] for POST '/session/343760fe1b3b1d209c4a0d88582a27db/execute/sync'
11:36:20.604 [AsyncHttpClient-1-5] DEBUG org.asynchttpclient.netty.handler.HttpHandler - 

Request DefaultHttpRequest(decodeResult: success, version: HTTP/1.1)
POST /session/343760fe1b3b1d209c4a0d88582a27db/execute/sync HTTP/1.1
User-Agent: selenium/4.8.0 (java windows)
Content-Length: 47375
Content-Type: application/json; charset=utf-8
host: localhost:13653
accept: */*

Response DefaultHttpResponse(decodeResult: success, version: HTTP/1.1)
HTTP/1.1 200 OK
Content-Length: 32
Content-Type: application/json; charset=utf-8
cache-control: no-cache

11:36:20.604 [AsyncHttpClient-1-5] DEBUG org.asynchttpclient.netty.channel.ChannelManager - Adding key: http://localhost:13653 for channel [id: 0xdffd1267, L:/127.0.0.1:61309 - R:localhost/127.0.0.1:13653]
11:36:20.605 [main] INFO  com.swaglabs.base.SetUp - <div class='inventory_item_price'> - InventoryPage.productpricesprice validation failed
11:36:20.606 [Forwarding findElements on session 343760fe1b3b1d209c4a0d88582a27db to remote] DEBUG org.asynchttpclient.netty.request.NettyRequestSender - Using pooled Channel '[id: 0xdffd1267, L:/127.0.0.1:61309 - R:localhost/127.0.0.1:13653]' for 'POST' to 'http://localhost:13653/session/343760fe1b3b1d209c4a0d88582a27db/elements'
11:36:20.606 [Forwarding findElements on session 343760fe1b3b1d209c4a0d88582a27db to remote] DEBUG org.asynchttpclient.netty.request.NettyRequestSender - Using open Channel [id: 0xdffd1267, L:/127.0.0.1:61309 - R:localhost/127.0.0.1:13653] for POST '/session/343760fe1b3b1d209c4a0d88582a27db/elements'
11:36:20.614 [AsyncHttpClient-1-5] DEBUG org.asynchttpclient.netty.handler.HttpHandler - 

Request DefaultHttpRequest(decodeResult: success, version: HTTP/1.1)
POST /session/343760fe1b3b1d209c4a0d88582a27db/elements HTTP/1.1
User-Agent: selenium/4.8.0 (java windows)
Content-Length: 83
Content-Type: application/json; charset=utf-8
host: localhost:13653
accept: */*

Response DefaultHttpResponse(decodeResult: success, version: HTTP/1.1)
HTTP/1.1 200 OK
Content-Length: 527
Content-Type: application/json; charset=utf-8
cache-control: no-cache

11:36:20.614 [AsyncHttpClient-1-5] DEBUG org.asynchttpclient.netty.channel.ChannelManager - Adding key: http://localhost:13653 for channel [id: 0xdffd1267, L:/127.0.0.1:61309 - R:localhost/127.0.0.1:13653]
11:36:20.615 [Forwarding findElements on session 343760fe1b3b1d209c4a0d88582a27db to remote] DEBUG org.asynchttpclient.netty.request.NettyRequestSender - Using pooled Channel '[id: 0xdffd1267, L:/127.0.0.1:61309 - R:localhost/127.0.0.1:13653]' for 'POST' to 'http://localhost:13653/session/343760fe1b3b1d209c4a0d88582a27db/elements'
11:36:20.615 [Forwarding findElements on session 343760fe1b3b1d209c4a0d88582a27db to remote] DEBUG org.asynchttpclient.netty.request.NettyRequestSender - Using open Channel [id: 0xdffd1267, L:/127.0.0.1:61309 - R:localhost/127.0.0.1:13653] for POST '/session/343760fe1b3b1d209c4a0d88582a27db/elements'
11:36:20.622 [AsyncHttpClient-1-5] DEBUG org.asynchttpclient.netty.handler.HttpHandler - 

Request DefaultHttpRequest(decodeResult: success, version: HTTP/1.1)
POST /session/343760fe1b3b1d209c4a0d88582a27db/elements HTTP/1.1
User-Agent: selenium/4.8.0 (java windows)
Content-Length: 83
Content-Type: application/json; charset=utf-8
host: localhost:13653
accept: */*

Response DefaultHttpResponse(decodeResult: success, version: HTTP/1.1)
HTTP/1.1 200 OK
Content-Length: 527
Content-Type: application/json; charset=utf-8
cache-control: no-cache

11:36:20.622 [AsyncHttpClient-1-5] DEBUG org.asynchttpclient.netty.channel.ChannelManager - Adding key: http://localhost:13653 for channel [id: 0xdffd1267, L:/127.0.0.1:61309 - R:localhost/127.0.0.1:13653]
11:36:20.623 [Forwarding getElementText on session 343760fe1b3b1d209c4a0d88582a27db to remote] DEBUG org.asynchttpclient.netty.request.NettyRequestSender - Using pooled Channel '[id: 0xdffd1267, L:/127.0.0.1:61309 - R:localhost/127.0.0.1:13653]' for 'GET' to 'http://localhost:13653/session/343760fe1b3b1d209c4a0d88582a27db/element/B5D78317CDC82913058D66A8C952A41F_element_41/text'
11:36:20.623 [Forwarding getElementText on session 343760fe1b3b1d209c4a0d88582a27db to remote] DEBUG org.asynchttpclient.netty.request.NettyRequestSender - Using open Channel [id: 0xdffd1267, L:/127.0.0.1:61309 - R:localhost/127.0.0.1:13653] for GET '/session/343760fe1b3b1d209c4a0d88582a27db/element/B5D78317CDC82913058D66A8C952A41F_element_41/text'
11:36:20.630 [AsyncHttpClient-1-5] DEBUG org.asynchttpclient.netty.handler.HttpHandler - 

Request DefaultFullHttpRequest(decodeResult: success, version: HTTP/1.1, content: EmptyByteBufBE)
GET /session/343760fe1b3b1d209c4a0d88582a27db/element/B5D78317CDC82913058D66A8C952A41F_element_41/text HTTP/1.1
User-Agent: selenium/4.8.0 (java windows)
Cache-Control: no-cache
Content-Type: application/json; charset=utf-8
host: localhost:13653
accept: */*

Response DefaultHttpResponse(decodeResult: success, version: HTTP/1.1)
HTTP/1.1 200 OK
Content-Length: 18
Content-Type: application/json; charset=utf-8
cache-control: no-cache

11:36:20.630 [AsyncHttpClient-1-5] DEBUG org.asynchttpclient.netty.channel.ChannelManager - Adding key: http://localhost:13653 for channel [id: 0xdffd1267, L:/127.0.0.1:61309 - R:localhost/127.0.0.1:13653]
11:36:20.631 [Forwarding findElements on session 343760fe1b3b1d209c4a0d88582a27db to remote] DEBUG org.asynchttpclient.netty.request.NettyRequestSender - Using pooled Channel '[id: 0xdffd1267, L:/127.0.0.1:61309 - R:localhost/127.0.0.1:13653]' for 'POST' to 'http://localhost:13653/session/343760fe1b3b1d209c4a0d88582a27db/elements'
11:36:20.631 [Forwarding findElements on session 343760fe1b3b1d209c4a0d88582a27db to remote] DEBUG org.asynchttpclient.netty.request.NettyRequestSender - Using open Channel [id: 0xdffd1267, L:/127.0.0.1:61309 - R:localhost/127.0.0.1:13653] for POST '/session/343760fe1b3b1d209c4a0d88582a27db/elements'
11:36:20.640 [AsyncHttpClient-1-5] DEBUG org.asynchttpclient.netty.handler.HttpHandler - 

Request DefaultHttpRequest(decodeResult: success, version: HTTP/1.1)
POST /session/343760fe1b3b1d209c4a0d88582a27db/elements HTTP/1.1
User-Agent: selenium/4.8.0 (java windows)
Content-Length: 83
Content-Type: application/json; charset=utf-8
host: localhost:13653
accept: */*

Response DefaultHttpResponse(decodeResult: success, version: HTTP/1.1)
HTTP/1.1 200 OK
Content-Length: 527
Content-Type: application/json; charset=utf-8
cache-control: no-cache

11:36:20.640 [AsyncHttpClient-1-5] DEBUG org.asynchttpclient.netty.channel.ChannelManager - Adding key: http://localhost:13653 for channel [id: 0xdffd1267, L:/127.0.0.1:61309 - R:localhost/127.0.0.1:13653]
11:36:20.642 [Forwarding getElementTagName on session 343760fe1b3b1d209c4a0d88582a27db to remote] DEBUG org.asynchttpclient.netty.request.NettyRequestSender - Using pooled Channel '[id: 0xdffd1267, L:/127.0.0.1:61309 - R:localhost/127.0.0.1:13653]' for 'GET' to 'http://localhost:13653/session/343760fe1b3b1d209c4a0d88582a27db/element/B5D78317CDC82913058D66A8C952A41F_element_41/name'
11:36:20.642 [Forwarding getElementTagName on session 343760fe1b3b1d209c4a0d88582a27db to remote] DEBUG org.asynchttpclient.netty.request.NettyRequestSender - Using open Channel [id: 0xdffd1267, L:/127.0.0.1:61309 - R:localhost/127.0.0.1:13653] for GET '/session/343760fe1b3b1d209c4a0d88582a27db/element/B5D78317CDC82913058D66A8C952A41F_element_41/name'
11:36:20.647 [AsyncHttpClient-1-5] DEBUG org.asynchttpclient.netty.handler.HttpHandler - 

Request DefaultFullHttpRequest(decodeResult: success, version: HTTP/1.1, content: EmptyByteBufBE)
GET /session/343760fe1b3b1d209c4a0d88582a27db/element/B5D78317CDC82913058D66A8C952A41F_element_41/name HTTP/1.1
User-Agent: selenium/4.8.0 (java windows)
Cache-Control: no-cache
Content-Type: application/json; charset=utf-8
host: localhost:13653
accept: */*

Response DefaultHttpResponse(decodeResult: success, version: HTTP/1.1)
HTTP/1.1 200 OK
Content-Length: 15
Content-Type: application/json; charset=utf-8
cache-control: no-cache

11:36:20.647 [AsyncHttpClient-1-5] DEBUG org.asynchttpclient.netty.channel.ChannelManager - Adding key: http://localhost:13653 for channel [id: 0xdffd1267, L:/127.0.0.1:61309 - R:localhost/127.0.0.1:13653]
11:36:20.651 [Forwarding getElementAttribute on session 343760fe1b3b1d209c4a0d88582a27db to remote] DEBUG org.asynchttpclient.netty.request.NettyRequestSender - Using pooled Channel '[id: 0xdffd1267, L:/127.0.0.1:61309 - R:localhost/127.0.0.1:13653]' for 'POST' to 'http://localhost:13653/session/343760fe1b3b1d209c4a0d88582a27db/execute/sync'
11:36:20.651 [Forwarding getElementAttribute on session 343760fe1b3b1d209c4a0d88582a27db to remote] DEBUG org.asynchttpclient.netty.request.NettyRequestSender - Using open Channel [id: 0xdffd1267, L:/127.0.0.1:61309 - R:localhost/127.0.0.1:13653] for POST '/session/343760fe1b3b1d209c4a0d88582a27db/execute/sync'
11:36:20.658 [AsyncHttpClient-1-5] DEBUG org.asynchttpclient.netty.handler.HttpHandler - 

Request DefaultHttpRequest(decodeResult: success, version: HTTP/1.1)
POST /session/343760fe1b3b1d209c4a0d88582a27db/execute/sync HTTP/1.1
User-Agent: selenium/4.8.0 (java windows)
Content-Length: 47372
Content-Type: application/json; charset=utf-8
host: localhost:13653
accept: */*

Response DefaultHttpResponse(decodeResult: success, version: HTTP/1.1)
HTTP/1.1 200 OK
Content-Length: 12
Content-Type: application/json; charset=utf-8
cache-control: no-cache

11:36:20.658 [AsyncHttpClient-1-5] DEBUG org.asynchttpclient.netty.channel.ChannelManager - Adding key: http://localhost:13653 for channel [id: 0xdffd1267, L:/127.0.0.1:61309 - R:localhost/127.0.0.1:13653]
11:36:20.660 [Forwarding getElementAttribute on session 343760fe1b3b1d209c4a0d88582a27db to remote] DEBUG org.asynchttpclient.netty.request.NettyRequestSender - Using pooled Channel '[id: 0xdffd1267, L:/127.0.0.1:61309 - R:localhost/127.0.0.1:13653]' for 'POST' to 'http://localhost:13653/session/343760fe1b3b1d209c4a0d88582a27db/execute/sync'
11:36:20.660 [Forwarding getElementAttribute on session 343760fe1b3b1d209c4a0d88582a27db to remote] DEBUG org.asynchttpclient.netty.request.NettyRequestSender - Using open Channel [id: 0xdffd1267, L:/127.0.0.1:61309 - R:localhost/127.0.0.1:13653] for POST '/session/343760fe1b3b1d209c4a0d88582a27db/execute/sync'
11:36:20.667 [AsyncHttpClient-1-5] DEBUG org.asynchttpclient.netty.handler.HttpHandler - 

Request DefaultHttpRequest(decodeResult: success, version: HTTP/1.1)
POST /session/343760fe1b3b1d209c4a0d88582a27db/execute/sync HTTP/1.1
User-Agent: selenium/4.8.0 (java windows)
Content-Length: 47374
Content-Type: application/json; charset=utf-8
host: localhost:13653
accept: */*

Response DefaultHttpResponse(decodeResult: success, version: HTTP/1.1)
HTTP/1.1 200 OK
Content-Length: 14
Content-Type: application/json; charset=utf-8
cache-control: no-cache

11:36:20.667 [AsyncHttpClient-1-5] DEBUG org.asynchttpclient.netty.channel.ChannelManager - Adding key: http://localhost:13653 for channel [id: 0xdffd1267, L:/127.0.0.1:61309 - R:localhost/127.0.0.1:13653]
11:36:20.669 [Forwarding getElementAttribute on session 343760fe1b3b1d209c4a0d88582a27db to remote] DEBUG org.asynchttpclient.netty.request.NettyRequestSender - Using pooled Channel '[id: 0xdffd1267, L:/127.0.0.1:61309 - R:localhost/127.0.0.1:13653]' for 'POST' to 'http://localhost:13653/session/343760fe1b3b1d209c4a0d88582a27db/execute/sync'
11:36:20.669 [Forwarding getElementAttribute on session 343760fe1b3b1d209c4a0d88582a27db to remote] DEBUG org.asynchttpclient.netty.request.NettyRequestSender - Using open Channel [id: 0xdffd1267, L:/127.0.0.1:61309 - R:localhost/127.0.0.1:13653] for POST '/session/343760fe1b3b1d209c4a0d88582a27db/execute/sync'
11:36:20.679 [AsyncHttpClient-1-5] DEBUG org.asynchttpclient.netty.handler.HttpHandler - 

Request DefaultHttpRequest(decodeResult: success, version: HTTP/1.1)
POST /session/343760fe1b3b1d209c4a0d88582a27db/execute/sync HTTP/1.1
User-Agent: selenium/4.8.0 (java windows)
Content-Length: 47374
Content-Type: application/json; charset=utf-8
host: localhost:13653
accept: */*

Response DefaultHttpResponse(decodeResult: success, version: HTTP/1.1)
HTTP/1.1 200 OK
Content-Length: 14
Content-Type: application/json; charset=utf-8
cache-control: no-cache

11:36:20.679 [AsyncHttpClient-1-5] DEBUG org.asynchttpclient.netty.channel.ChannelManager - Adding key: http://localhost:13653 for channel [id: 0xdffd1267, L:/127.0.0.1:61309 - R:localhost/127.0.0.1:13653]
11:36:20.682 [Forwarding getElementAttribute on session 343760fe1b3b1d209c4a0d88582a27db to remote] DEBUG org.asynchttpclient.netty.request.NettyRequestSender - Using pooled Channel '[id: 0xdffd1267, L:/127.0.0.1:61309 - R:localhost/127.0.0.1:13653]' for 'POST' to 'http://localhost:13653/session/343760fe1b3b1d209c4a0d88582a27db/execute/sync'
11:36:20.682 [Forwarding getElementAttribute on session 343760fe1b3b1d209c4a0d88582a27db to remote] DEBUG org.asynchttpclient.netty.request.NettyRequestSender - Using open Channel [id: 0xdffd1267, L:/127.0.0.1:61309 - R:localhost/127.0.0.1:13653] for POST '/session/343760fe1b3b1d209c4a0d88582a27db/execute/sync'
11:36:20.690 [AsyncHttpClient-1-5] DEBUG org.asynchttpclient.netty.handler.HttpHandler - 

Request DefaultHttpRequest(decodeResult: success, version: HTTP/1.1)
POST /session/343760fe1b3b1d209c4a0d88582a27db/execute/sync HTTP/1.1
User-Agent: selenium/4.8.0 (java windows)
Content-Length: 47374
Content-Type: application/json; charset=utf-8
host: localhost:13653
accept: */*

Response DefaultHttpResponse(decodeResult: success, version: HTTP/1.1)
HTTP/1.1 200 OK
Content-Length: 14
Content-Type: application/json; charset=utf-8
cache-control: no-cache

11:36:20.690 [AsyncHttpClient-1-5] DEBUG org.asynchttpclient.netty.channel.ChannelManager - Adding key: http://localhost:13653 for channel [id: 0xdffd1267, L:/127.0.0.1:61309 - R:localhost/127.0.0.1:13653]
11:36:20.693 [Forwarding getElementAttribute on session 343760fe1b3b1d209c4a0d88582a27db to remote] DEBUG org.asynchttpclient.netty.request.NettyRequestSender - Using pooled Channel '[id: 0xdffd1267, L:/127.0.0.1:61309 - R:localhost/127.0.0.1:13653]' for 'POST' to 'http://localhost:13653/session/343760fe1b3b1d209c4a0d88582a27db/execute/sync'
11:36:20.693 [Forwarding getElementAttribute on session 343760fe1b3b1d209c4a0d88582a27db to remote] DEBUG org.asynchttpclient.netty.request.NettyRequestSender - Using open Channel [id: 0xdffd1267, L:/127.0.0.1:61309 - R:localhost/127.0.0.1:13653] for POST '/session/343760fe1b3b1d209c4a0d88582a27db/execute/sync'
11:36:20.701 [AsyncHttpClient-1-5] DEBUG org.asynchttpclient.netty.handler.HttpHandler - 

Request DefaultHttpRequest(decodeResult: success, version: HTTP/1.1)
POST /session/343760fe1b3b1d209c4a0d88582a27db/execute/sync HTTP/1.1
User-Agent: selenium/4.8.0 (java windows)
Content-Length: 47375
Content-Type: application/json; charset=utf-8
host: localhost:13653
accept: */*

Response DefaultHttpResponse(decodeResult: success, version: HTTP/1.1)
HTTP/1.1 200 OK
Content-Length: 14
Content-Type: application/json; charset=utf-8
cache-control: no-cache

11:36:20.701 [AsyncHttpClient-1-5] DEBUG org.asynchttpclient.netty.channel.ChannelManager - Adding key: http://localhost:13653 for channel [id: 0xdffd1267, L:/127.0.0.1:61309 - R:localhost/127.0.0.1:13653]
11:36:20.701 [Forwarding getElementAttribute on session 343760fe1b3b1d209c4a0d88582a27db to remote] DEBUG org.asynchttpclient.netty.request.NettyRequestSender - Using pooled Channel '[id: 0xdffd1267, L:/127.0.0.1:61309 - R:localhost/127.0.0.1:13653]' for 'POST' to 'http://localhost:13653/session/343760fe1b3b1d209c4a0d88582a27db/execute/sync'
11:36:20.701 [Forwarding getElementAttribute on session 343760fe1b3b1d209c4a0d88582a27db to remote] DEBUG org.asynchttpclient.netty.request.NettyRequestSender - Using open Channel [id: 0xdffd1267, L:/127.0.0.1:61309 - R:localhost/127.0.0.1:13653] for POST '/session/343760fe1b3b1d209c4a0d88582a27db/execute/sync'
11:36:20.714 [AsyncHttpClient-1-5] DEBUG org.asynchttpclient.netty.handler.HttpHandler - 

Request DefaultHttpRequest(decodeResult: success, version: HTTP/1.1)
POST /session/343760fe1b3b1d209c4a0d88582a27db/execute/sync HTTP/1.1
User-Agent: selenium/4.8.0 (java windows)
Content-Length: 47375
Content-Type: application/json; charset=utf-8
host: localhost:13653
accept: */*

Response DefaultHttpResponse(decodeResult: success, version: HTTP/1.1)
HTTP/1.1 200 OK
Content-Length: 32
Content-Type: application/json; charset=utf-8
cache-control: no-cache

11:36:20.714 [AsyncHttpClient-1-5] DEBUG org.asynchttpclient.netty.channel.ChannelManager - Adding key: http://localhost:13653 for channel [id: 0xdffd1267, L:/127.0.0.1:61309 - R:localhost/127.0.0.1:13653]
11:36:20.715 [Forwarding getElementAttribute on session 343760fe1b3b1d209c4a0d88582a27db to remote] DEBUG org.asynchttpclient.netty.request.NettyRequestSender - Using pooled Channel '[id: 0xdffd1267, L:/127.0.0.1:61309 - R:localhost/127.0.0.1:13653]' for 'POST' to 'http://localhost:13653/session/343760fe1b3b1d209c4a0d88582a27db/execute/sync'
11:36:20.715 [Forwarding getElementAttribute on session 343760fe1b3b1d209c4a0d88582a27db to remote] DEBUG org.asynchttpclient.netty.request.NettyRequestSender - Using open Channel [id: 0xdffd1267, L:/127.0.0.1:61309 - R:localhost/127.0.0.1:13653] for POST '/session/343760fe1b3b1d209c4a0d88582a27db/execute/sync'
11:36:20.721 [AsyncHttpClient-1-5] DEBUG org.asynchttpclient.netty.handler.HttpHandler - 

Request DefaultHttpRequest(decodeResult: success, version: HTTP/1.1)
POST /session/343760fe1b3b1d209c4a0d88582a27db/execute/sync HTTP/1.1
User-Agent: selenium/4.8.0 (java windows)
Content-Length: 47375
Content-Type: application/json; charset=utf-8
host: localhost:13653
accept: */*

Response DefaultHttpResponse(decodeResult: success, version: HTTP/1.1)
HTTP/1.1 200 OK
Content-Length: 32
Content-Type: application/json; charset=utf-8
cache-control: no-cache

11:36:20.721 [AsyncHttpClient-1-5] DEBUG org.asynchttpclient.netty.channel.ChannelManager - Adding key: http://localhost:13653 for channel [id: 0xdffd1267, L:/127.0.0.1:61309 - R:localhost/127.0.0.1:13653]
11:36:20.721 [main] INFO  com.swaglabs.base.SetUp - <div class='inventory_item_price'> - InventoryPage.productpricesprice validation failed
11:36:20.722 [Forwarding findElements on session 343760fe1b3b1d209c4a0d88582a27db to remote] DEBUG org.asynchttpclient.netty.request.NettyRequestSender - Using pooled Channel '[id: 0xdffd1267, L:/127.0.0.1:61309 - R:localhost/127.0.0.1:13653]' for 'POST' to 'http://localhost:13653/session/343760fe1b3b1d209c4a0d88582a27db/elements'
11:36:20.722 [Forwarding findElements on session 343760fe1b3b1d209c4a0d88582a27db to remote] DEBUG org.asynchttpclient.netty.request.NettyRequestSender - Using open Channel [id: 0xdffd1267, L:/127.0.0.1:61309 - R:localhost/127.0.0.1:13653] for POST '/session/343760fe1b3b1d209c4a0d88582a27db/elements'
11:36:20.728 [AsyncHttpClient-1-5] DEBUG org.asynchttpclient.netty.handler.HttpHandler - 

Request DefaultHttpRequest(decodeResult: success, version: HTTP/1.1)
POST /session/343760fe1b3b1d209c4a0d88582a27db/elements HTTP/1.1
User-Agent: selenium/4.8.0 (java windows)
Content-Length: 83
Content-Type: application/json; charset=utf-8
host: localhost:13653
accept: */*

Response DefaultHttpResponse(decodeResult: success, version: HTTP/1.1)
HTTP/1.1 200 OK
Content-Length: 527
Content-Type: application/json; charset=utf-8
cache-control: no-cache

11:36:20.728 [AsyncHttpClient-1-5] DEBUG org.asynchttpclient.netty.channel.ChannelManager - Adding key: http://localhost:13653 for channel [id: 0xdffd1267, L:/127.0.0.1:61309 - R:localhost/127.0.0.1:13653]
11:36:20.732 [Forwarding getAlertText on session 343760fe1b3b1d209c4a0d88582a27db to remote] DEBUG org.asynchttpclient.netty.request.NettyRequestSender - Using pooled Channel '[id: 0xdffd1267, L:/127.0.0.1:61309 - R:localhost/127.0.0.1:13653]' for 'GET' to 'http://localhost:13653/session/343760fe1b3b1d209c4a0d88582a27db/alert/text'
11:36:20.732 [Forwarding getAlertText on session 343760fe1b3b1d209c4a0d88582a27db to remote] DEBUG org.asynchttpclient.netty.request.NettyRequestSender - Using open Channel [id: 0xdffd1267, L:/127.0.0.1:61309 - R:localhost/127.0.0.1:13653] for GET '/session/343760fe1b3b1d209c4a0d88582a27db/alert/text'
11:36:20.734 [AsyncHttpClient-1-5] DEBUG org.asynchttpclient.netty.handler.HttpHandler - 

Request DefaultFullHttpRequest(decodeResult: success, version: HTTP/1.1, content: EmptyByteBufBE)
GET /session/343760fe1b3b1d209c4a0d88582a27db/alert/text HTTP/1.1
User-Agent: selenium/4.8.0 (java windows)
Cache-Control: no-cache
Content-Type: application/json; charset=utf-8
host: localhost:13653
accept: */*

Response DefaultHttpResponse(decodeResult: success, version: HTTP/1.1)
HTTP/1.1 404 Not Found
Content-Length: 1522
Content-Type: application/json; charset=utf-8
cache-control: no-cache

11:36:20.734 [AsyncHttpClient-1-5] DEBUG org.asynchttpclient.netty.channel.ChannelManager - Adding key: http://localhost:13653 for channel [id: 0xdffd1267, L:/127.0.0.1:61309 - R:localhost/127.0.0.1:13653]
11:36:20.735 [Forwarding getCurrentUrl on session 343760fe1b3b1d209c4a0d88582a27db to remote] DEBUG org.asynchttpclient.netty.request.NettyRequestSender - Using pooled Channel '[id: 0xdffd1267, L:/127.0.0.1:61309 - R:localhost/127.0.0.1:13653]' for 'GET' to 'http://localhost:13653/session/343760fe1b3b1d209c4a0d88582a27db/url'
11:36:20.735 [Forwarding getCurrentUrl on session 343760fe1b3b1d209c4a0d88582a27db to remote] DEBUG org.asynchttpclient.netty.request.NettyRequestSender - Using open Channel [id: 0xdffd1267, L:/127.0.0.1:61309 - R:localhost/127.0.0.1:13653] for GET '/session/343760fe1b3b1d209c4a0d88582a27db/url'
11:36:20.738 [AsyncHttpClient-1-5] DEBUG org.asynchttpclient.netty.handler.HttpHandler - 

Request DefaultFullHttpRequest(decodeResult: success, version: HTTP/1.1, content: EmptyByteBufBE)
GET /session/343760fe1b3b1d209c4a0d88582a27db/url HTTP/1.1
User-Agent: selenium/4.8.0 (java windows)
Cache-Control: no-cache
Content-Type: application/json; charset=utf-8
host: localhost:13653
accept: */*

Response DefaultHttpResponse(decodeResult: success, version: HTTP/1.1)
HTTP/1.1 200 OK
Content-Length: 52
Content-Type: application/json; charset=utf-8
cache-control: no-cache

11:36:20.738 [AsyncHttpClient-1-5] DEBUG org.asynchttpclient.netty.channel.ChannelManager - Adding key: http://localhost:13653 for channel [id: 0xdffd1267, L:/127.0.0.1:61309 - R:localhost/127.0.0.1:13653]
11:36:20.738 [Forwarding screenshot on session 343760fe1b3b1d209c4a0d88582a27db to remote] DEBUG org.asynchttpclient.netty.request.NettyRequestSender - Using pooled Channel '[id: 0xdffd1267, L:/127.0.0.1:61309 - R:localhost/127.0.0.1:13653]' for 'GET' to 'http://localhost:13653/session/343760fe1b3b1d209c4a0d88582a27db/screenshot'
11:36:20.738 [Forwarding screenshot on session 343760fe1b3b1d209c4a0d88582a27db to remote] DEBUG org.asynchttpclient.netty.request.NettyRequestSender - Using open Channel [id: 0xdffd1267, L:/127.0.0.1:61309 - R:localhost/127.0.0.1:13653] for GET '/session/343760fe1b3b1d209c4a0d88582a27db/screenshot'
11:36:20.837 [AsyncHttpClient-1-1] DEBUG org.asynchttpclient.netty.channel.DefaultChannelPool - Entry count for : http://localhost:61317 : 1
11:36:20.931 [AsyncHttpClient-1-5] DEBUG org.asynchttpclient.netty.handler.HttpHandler - 

Request DefaultFullHttpRequest(decodeResult: success, version: HTTP/1.1, content: EmptyByteBufBE)
GET /session/343760fe1b3b1d209c4a0d88582a27db/screenshot HTTP/1.1
User-Agent: selenium/4.8.0 (java windows)
Cache-Control: no-cache
Content-Type: application/json; charset=utf-8
host: localhost:13653
accept: */*

Response DefaultHttpResponse(decodeResult: success, version: HTTP/1.1)
HTTP/1.1 200 OK
Content-Length: 563500
Content-Type: application/json; charset=utf-8
cache-control: no-cache

11:36:20.932 [AsyncHttpClient-1-5] DEBUG org.asynchttpclient.netty.channel.ChannelManager - Adding key: http://localhost:13653 for channel [id: 0xdffd1267, L:/127.0.0.1:61309 - R:localhost/127.0.0.1:13653]
11:36:20.948 [main] DEBUG net.serenitybdd.core.photography.Darkroom - Send negative for processing for target\site\serenity\4bed3cdfce91ca4f358d5285b57371c62ff9f4a6deb5992f6a647f712a576b8a.png
11:36:20.948 [main] DEBUG net.thucydides.core.steps.StepInterceptor - STEP DONE: validateProductsPricesHighToLow
11:36:20.951 [main] DEBUG net.thucydides.core.steps.StepInterceptor - STEP DONE: test5_validateSortinLogicInFilter
11:36:20.957 [Forwarding getPageSource on session 343760fe1b3b1d209c4a0d88582a27db to remote] DEBUG org.asynchttpclient.netty.request.NettyRequestSender - Using pooled Channel '[id: 0xdffd1267, L:/127.0.0.1:61309 - R:localhost/127.0.0.1:13653]' for 'POST' to 'http://localhost:13653/session/343760fe1b3b1d209c4a0d88582a27db/execute/sync'
11:36:20.957 [Forwarding getPageSource on session 343760fe1b3b1d209c4a0d88582a27db to remote] DEBUG org.asynchttpclient.netty.request.NettyRequestSender - Using open Channel [id: 0xdffd1267, L:/127.0.0.1:61309 - R:localhost/127.0.0.1:13653] for POST '/session/343760fe1b3b1d209c4a0d88582a27db/execute/sync'
11:36:20.963 [AsyncHttpClient-1-5] DEBUG org.asynchttpclient.netty.handler.HttpHandler - 

Request DefaultHttpRequest(decodeResult: success, version: HTTP/1.1)
POST /session/343760fe1b3b1d209c4a0d88582a27db/execute/sync HTTP/1.1
User-Agent: selenium/4.8.0 (java windows)
Content-Length: 176
Content-Type: application/json; charset=utf-8
host: localhost:13653
accept: */*

Response DefaultHttpResponse(decodeResult: success, version: HTTP/1.1)
HTTP/1.1 200 OK
Content-Length: 16311
Content-Type: application/json; charset=utf-8
cache-control: no-cache

11:36:20.964 [AsyncHttpClient-1-5] DEBUG org.asynchttpclient.netty.channel.ChannelManager - Adding key: http://localhost:13653 for channel [id: 0xdffd1267, L:/127.0.0.1:61309 - R:localhost/127.0.0.1:13653]
11:36:20.965 [Forwarding getCurrentUrl on session 343760fe1b3b1d209c4a0d88582a27db to remote] DEBUG org.asynchttpclient.netty.request.NettyRequestSender - Using pooled Channel '[id: 0xdffd1267, L:/127.0.0.1:61309 - R:localhost/127.0.0.1:13653]' for 'GET' to 'http://localhost:13653/session/343760fe1b3b1d209c4a0d88582a27db/url'
11:36:20.965 [Forwarding getCurrentUrl on session 343760fe1b3b1d209c4a0d88582a27db to remote] DEBUG org.asynchttpclient.netty.request.NettyRequestSender - Using open Channel [id: 0xdffd1267, L:/127.0.0.1:61309 - R:localhost/127.0.0.1:13653] for GET '/session/343760fe1b3b1d209c4a0d88582a27db/url'
11:36:20.969 [AsyncHttpClient-1-5] DEBUG org.asynchttpclient.netty.handler.HttpHandler - 

Request DefaultFullHttpRequest(decodeResult: success, version: HTTP/1.1, content: EmptyByteBufBE)
GET /session/343760fe1b3b1d209c4a0d88582a27db/url HTTP/1.1
User-Agent: selenium/4.8.0 (java windows)
Cache-Control: no-cache
Content-Type: application/json; charset=utf-8
host: localhost:13653
accept: */*

Response DefaultHttpResponse(decodeResult: success, version: HTTP/1.1)
HTTP/1.1 200 OK
Content-Length: 52
Content-Type: application/json; charset=utf-8
cache-control: no-cache

11:36:20.969 [AsyncHttpClient-1-5] DEBUG org.asynchttpclient.netty.channel.ChannelManager - Adding key: http://localhost:13653 for channel [id: 0xdffd1267, L:/127.0.0.1:61309 - R:localhost/127.0.0.1:13653]
11:36:20.978 [main] DEBUG net.thucydides.core.steps.StepInterceptor - STARTING STEP: Tests.testCases - test6_addProductToTheCart
11:36:20.980 [Forwarding findElement on session 343760fe1b3b1d209c4a0d88582a27db to remote] DEBUG org.asynchttpclient.netty.request.NettyRequestSender - Using pooled Channel '[id: 0xdffd1267, L:/127.0.0.1:61309 - R:localhost/127.0.0.1:13653]' for 'POST' to 'http://localhost:13653/session/343760fe1b3b1d209c4a0d88582a27db/element'
11:36:20.980 [Forwarding findElement on session 343760fe1b3b1d209c4a0d88582a27db to remote] DEBUG org.asynchttpclient.netty.request.NettyRequestSender - Using open Channel [id: 0xdffd1267, L:/127.0.0.1:61309 - R:localhost/127.0.0.1:13653] for POST '/session/343760fe1b3b1d209c4a0d88582a27db/element'
11:36:20.992 [AsyncHttpClient-1-5] DEBUG org.asynchttpclient.netty.handler.HttpHandler - 

Request DefaultHttpRequest(decodeResult: success, version: HTTP/1.1)
POST /session/343760fe1b3b1d209c4a0d88582a27db/element HTTP/1.1
User-Agent: selenium/4.8.0 (java windows)
Content-Length: 92
Content-Type: application/json; charset=utf-8
host: localhost:13653
accept: */*

Response DefaultHttpResponse(decodeResult: success, version: HTTP/1.1)
HTTP/1.1 200 OK
Content-Length: 95
Content-Type: application/json; charset=utf-8
cache-control: no-cache

11:36:20.992 [AsyncHttpClient-1-5] DEBUG org.asynchttpclient.netty.channel.ChannelManager - Adding key: http://localhost:13653 for channel [id: 0xdffd1267, L:/127.0.0.1:61309 - R:localhost/127.0.0.1:13653]
11:36:20.994 [Forwarding isElementDisplayed on session 343760fe1b3b1d209c4a0d88582a27db to remote] DEBUG org.asynchttpclient.netty.request.NettyRequestSender - Using pooled Channel '[id: 0xdffd1267, L:/127.0.0.1:61309 - R:localhost/127.0.0.1:13653]' for 'POST' to 'http://localhost:13653/session/343760fe1b3b1d209c4a0d88582a27db/execute/sync'
11:36:20.994 [Forwarding isElementDisplayed on session 343760fe1b3b1d209c4a0d88582a27db to remote] DEBUG org.asynchttpclient.netty.request.NettyRequestSender - Using open Channel [id: 0xdffd1267, L:/127.0.0.1:61309 - R:localhost/127.0.0.1:13653] for POST '/session/343760fe1b3b1d209c4a0d88582a27db/execute/sync'
11:36:21.003 [AsyncHttpClient-1-5] DEBUG org.asynchttpclient.netty.handler.HttpHandler - 

Request DefaultHttpRequest(decodeResult: success, version: HTTP/1.1)
POST /session/343760fe1b3b1d209c4a0d88582a27db/execute/sync HTTP/1.1
User-Agent: selenium/4.8.0 (java windows)
Content-Length: 48814
Content-Type: application/json; charset=utf-8
host: localhost:13653
accept: */*

Response DefaultHttpResponse(decodeResult: success, version: HTTP/1.1)
HTTP/1.1 200 OK
Content-Length: 14
Content-Type: application/json; charset=utf-8
cache-control: no-cache

11:36:21.003 [AsyncHttpClient-1-5] DEBUG org.asynchttpclient.netty.channel.ChannelManager - Adding key: http://localhost:13653 for channel [id: 0xdffd1267, L:/127.0.0.1:61309 - R:localhost/127.0.0.1:13653]
11:36:21.005 [Forwarding isElementDisplayed on session 343760fe1b3b1d209c4a0d88582a27db to remote] DEBUG org.asynchttpclient.netty.request.NettyRequestSender - Using pooled Channel '[id: 0xdffd1267, L:/127.0.0.1:61309 - R:localhost/127.0.0.1:13653]' for 'POST' to 'http://localhost:13653/session/343760fe1b3b1d209c4a0d88582a27db/execute/sync'
11:36:21.005 [Forwarding isElementDisplayed on session 343760fe1b3b1d209c4a0d88582a27db to remote] DEBUG org.asynchttpclient.netty.request.NettyRequestSender - Using open Channel [id: 0xdffd1267, L:/127.0.0.1:61309 - R:localhost/127.0.0.1:13653] for POST '/session/343760fe1b3b1d209c4a0d88582a27db/execute/sync'
11:36:21.013 [AsyncHttpClient-1-5] DEBUG org.asynchttpclient.netty.handler.HttpHandler - 

Request DefaultHttpRequest(decodeResult: success, version: HTTP/1.1)
POST /session/343760fe1b3b1d209c4a0d88582a27db/execute/sync HTTP/1.1
User-Agent: selenium/4.8.0 (java windows)
Content-Length: 48814
Content-Type: application/json; charset=utf-8
host: localhost:13653
accept: */*

Response DefaultHttpResponse(decodeResult: success, version: HTTP/1.1)
HTTP/1.1 200 OK
Content-Length: 14
Content-Type: application/json; charset=utf-8
cache-control: no-cache

11:36:21.014 [AsyncHttpClient-1-5] DEBUG org.asynchttpclient.netty.channel.ChannelManager - Adding key: http://localhost:13653 for channel [id: 0xdffd1267, L:/127.0.0.1:61309 - R:localhost/127.0.0.1:13653]
11:36:21.014 [Forwarding isElementEnabled on session 343760fe1b3b1d209c4a0d88582a27db to remote] DEBUG org.asynchttpclient.netty.request.NettyRequestSender - Using pooled Channel '[id: 0xdffd1267, L:/127.0.0.1:61309 - R:localhost/127.0.0.1:13653]' for 'GET' to 'http://localhost:13653/session/343760fe1b3b1d209c4a0d88582a27db/element/B5D78317CDC82913058D66A8C952A41F_element_55/enabled'
11:36:21.014 [Forwarding isElementEnabled on session 343760fe1b3b1d209c4a0d88582a27db to remote] DEBUG org.asynchttpclient.netty.request.NettyRequestSender - Using open Channel [id: 0xdffd1267, L:/127.0.0.1:61309 - R:localhost/127.0.0.1:13653] for GET '/session/343760fe1b3b1d209c4a0d88582a27db/element/B5D78317CDC82913058D66A8C952A41F_element_55/enabled'
11:36:21.019 [AsyncHttpClient-1-5] DEBUG org.asynchttpclient.netty.handler.HttpHandler - 

Request DefaultFullHttpRequest(decodeResult: success, version: HTTP/1.1, content: EmptyByteBufBE)
GET /session/343760fe1b3b1d209c4a0d88582a27db/element/B5D78317CDC82913058D66A8C952A41F_element_55/enabled HTTP/1.1
User-Agent: selenium/4.8.0 (java windows)
Cache-Control: no-cache
Content-Type: application/json; charset=utf-8
host: localhost:13653
accept: */*

Response DefaultHttpResponse(decodeResult: success, version: HTTP/1.1)
HTTP/1.1 200 OK
Content-Length: 14
Content-Type: application/json; charset=utf-8
cache-control: no-cache

11:36:21.019 [AsyncHttpClient-1-5] DEBUG org.asynchttpclient.netty.channel.ChannelManager - Adding key: http://localhost:13653 for channel [id: 0xdffd1267, L:/127.0.0.1:61309 - R:localhost/127.0.0.1:13653]
11:36:21.020 [Forwarding getElementTagName on session 343760fe1b3b1d209c4a0d88582a27db to remote] DEBUG org.asynchttpclient.netty.request.NettyRequestSender - Using pooled Channel '[id: 0xdffd1267, L:/127.0.0.1:61309 - R:localhost/127.0.0.1:13653]' for 'GET' to 'http://localhost:13653/session/343760fe1b3b1d209c4a0d88582a27db/element/B5D78317CDC82913058D66A8C952A41F_element_55/name'
11:36:21.020 [Forwarding getElementTagName on session 343760fe1b3b1d209c4a0d88582a27db to remote] DEBUG org.asynchttpclient.netty.request.NettyRequestSender - Using open Channel [id: 0xdffd1267, L:/127.0.0.1:61309 - R:localhost/127.0.0.1:13653] for GET '/session/343760fe1b3b1d209c4a0d88582a27db/element/B5D78317CDC82913058D66A8C952A41F_element_55/name'
11:36:21.027 [AsyncHttpClient-1-5] DEBUG org.asynchttpclient.netty.handler.HttpHandler - 

Request DefaultFullHttpRequest(decodeResult: success, version: HTTP/1.1, content: EmptyByteBufBE)
GET /session/343760fe1b3b1d209c4a0d88582a27db/element/B5D78317CDC82913058D66A8C952A41F_element_55/name HTTP/1.1
User-Agent: selenium/4.8.0 (java windows)
Cache-Control: no-cache
Content-Type: application/json; charset=utf-8
host: localhost:13653
accept: */*

Response DefaultHttpResponse(decodeResult: success, version: HTTP/1.1)
HTTP/1.1 200 OK
Content-Length: 18
Content-Type: application/json; charset=utf-8
cache-control: no-cache

11:36:21.027 [AsyncHttpClient-1-5] DEBUG org.asynchttpclient.netty.channel.ChannelManager - Adding key: http://localhost:13653 for channel [id: 0xdffd1267, L:/127.0.0.1:61309 - R:localhost/127.0.0.1:13653]
11:36:21.028 [Forwarding getElementTagName on session 343760fe1b3b1d209c4a0d88582a27db to remote] DEBUG org.asynchttpclient.netty.request.NettyRequestSender - Using pooled Channel '[id: 0xdffd1267, L:/127.0.0.1:61309 - R:localhost/127.0.0.1:13653]' for 'GET' to 'http://localhost:13653/session/343760fe1b3b1d209c4a0d88582a27db/element/B5D78317CDC82913058D66A8C952A41F_element_55/name'
11:36:21.028 [Forwarding getElementTagName on session 343760fe1b3b1d209c4a0d88582a27db to remote] DEBUG org.asynchttpclient.netty.request.NettyRequestSender - Using open Channel [id: 0xdffd1267, L:/127.0.0.1:61309 - R:localhost/127.0.0.1:13653] for GET '/session/343760fe1b3b1d209c4a0d88582a27db/element/B5D78317CDC82913058D66A8C952A41F_element_55/name'
11:36:21.033 [AsyncHttpClient-1-5] DEBUG org.asynchttpclient.netty.handler.HttpHandler - 

Request DefaultFullHttpRequest(decodeResult: success, version: HTTP/1.1, content: EmptyByteBufBE)
GET /session/343760fe1b3b1d209c4a0d88582a27db/element/B5D78317CDC82913058D66A8C952A41F_element_55/name HTTP/1.1
User-Agent: selenium/4.8.0 (java windows)
Cache-Control: no-cache
Content-Type: application/json; charset=utf-8
host: localhost:13653
accept: */*

Response DefaultHttpResponse(decodeResult: success, version: HTTP/1.1)
HTTP/1.1 200 OK
Content-Length: 18
Content-Type: application/json; charset=utf-8
cache-control: no-cache

11:36:21.033 [AsyncHttpClient-1-5] DEBUG org.asynchttpclient.netty.channel.ChannelManager - Adding key: http://localhost:13653 for channel [id: 0xdffd1267, L:/127.0.0.1:61309 - R:localhost/127.0.0.1:13653]
11:36:21.035 [Forwarding isElementEnabled on session 343760fe1b3b1d209c4a0d88582a27db to remote] DEBUG org.asynchttpclient.netty.request.NettyRequestSender - Using pooled Channel '[id: 0xdffd1267, L:/127.0.0.1:61309 - R:localhost/127.0.0.1:13653]' for 'GET' to 'http://localhost:13653/session/343760fe1b3b1d209c4a0d88582a27db/element/B5D78317CDC82913058D66A8C952A41F_element_55/enabled'
11:36:21.035 [Forwarding isElementEnabled on session 343760fe1b3b1d209c4a0d88582a27db to remote] DEBUG org.asynchttpclient.netty.request.NettyRequestSender - Using open Channel [id: 0xdffd1267, L:/127.0.0.1:61309 - R:localhost/127.0.0.1:13653] for GET '/session/343760fe1b3b1d209c4a0d88582a27db/element/B5D78317CDC82913058D66A8C952A41F_element_55/enabled'
11:36:21.043 [AsyncHttpClient-1-5] DEBUG org.asynchttpclient.netty.handler.HttpHandler - 

Request DefaultFullHttpRequest(decodeResult: success, version: HTTP/1.1, content: EmptyByteBufBE)
GET /session/343760fe1b3b1d209c4a0d88582a27db/element/B5D78317CDC82913058D66A8C952A41F_element_55/enabled HTTP/1.1
User-Agent: selenium/4.8.0 (java windows)
Cache-Control: no-cache
Content-Type: application/json; charset=utf-8
host: localhost:13653
accept: */*

Response DefaultHttpResponse(decodeResult: success, version: HTTP/1.1)
HTTP/1.1 200 OK
Content-Length: 14
Content-Type: application/json; charset=utf-8
cache-control: no-cache

11:36:21.043 [AsyncHttpClient-1-5] DEBUG org.asynchttpclient.netty.channel.ChannelManager - Adding key: http://localhost:13653 for channel [id: 0xdffd1267, L:/127.0.0.1:61309 - R:localhost/127.0.0.1:13653]
11:36:21.044 [Forwarding isElementEnabled on session 343760fe1b3b1d209c4a0d88582a27db to remote] DEBUG org.asynchttpclient.netty.request.NettyRequestSender - Using pooled Channel '[id: 0xdffd1267, L:/127.0.0.1:61309 - R:localhost/127.0.0.1:13653]' for 'GET' to 'http://localhost:13653/session/343760fe1b3b1d209c4a0d88582a27db/element/B5D78317CDC82913058D66A8C952A41F_element_55/enabled'
11:36:21.044 [Forwarding isElementEnabled on session 343760fe1b3b1d209c4a0d88582a27db to remote] DEBUG org.asynchttpclient.netty.request.NettyRequestSender - Using open Channel [id: 0xdffd1267, L:/127.0.0.1:61309 - R:localhost/127.0.0.1:13653] for GET '/session/343760fe1b3b1d209c4a0d88582a27db/element/B5D78317CDC82913058D66A8C952A41F_element_55/enabled'
11:36:21.049 [AsyncHttpClient-1-5] DEBUG org.asynchttpclient.netty.handler.HttpHandler - 

Request DefaultFullHttpRequest(decodeResult: success, version: HTTP/1.1, content: EmptyByteBufBE)
GET /session/343760fe1b3b1d209c4a0d88582a27db/element/B5D78317CDC82913058D66A8C952A41F_element_55/enabled HTTP/1.1
User-Agent: selenium/4.8.0 (java windows)
Cache-Control: no-cache
Content-Type: application/json; charset=utf-8
host: localhost:13653
accept: */*

Response DefaultHttpResponse(decodeResult: success, version: HTTP/1.1)
HTTP/1.1 200 OK
Content-Length: 14
Content-Type: application/json; charset=utf-8
cache-control: no-cache

11:36:21.049 [AsyncHttpClient-1-5] DEBUG org.asynchttpclient.netty.channel.ChannelManager - Adding key: http://localhost:13653 for channel [id: 0xdffd1267, L:/127.0.0.1:61309 - R:localhost/127.0.0.1:13653]
11:36:21.050 [Forwarding clickElement on session 343760fe1b3b1d209c4a0d88582a27db to remote] DEBUG org.asynchttpclient.netty.request.NettyRequestSender - Using pooled Channel '[id: 0xdffd1267, L:/127.0.0.1:61309 - R:localhost/127.0.0.1:13653]' for 'POST' to 'http://localhost:13653/session/343760fe1b3b1d209c4a0d88582a27db/element/B5D78317CDC82913058D66A8C952A41F_element_55/click'
11:36:21.050 [Forwarding clickElement on session 343760fe1b3b1d209c4a0d88582a27db to remote] DEBUG org.asynchttpclient.netty.request.NettyRequestSender - Using open Channel [id: 0xdffd1267, L:/127.0.0.1:61309 - R:localhost/127.0.0.1:13653] for POST '/session/343760fe1b3b1d209c4a0d88582a27db/element/B5D78317CDC82913058D66A8C952A41F_element_55/click'
11:36:21.097 [AsyncHttpClient-1-5] DEBUG org.asynchttpclient.netty.handler.HttpHandler - 

Request DefaultHttpRequest(decodeResult: success, version: HTTP/1.1)
POST /session/343760fe1b3b1d209c4a0d88582a27db/element/B5D78317CDC82913058D66A8C952A41F_element_55/click HTTP/1.1
User-Agent: selenium/4.8.0 (java windows)
Content-Length: 57
Content-Type: application/json; charset=utf-8
host: localhost:13653
accept: */*

Response DefaultHttpResponse(decodeResult: success, version: HTTP/1.1)
HTTP/1.1 200 OK
Content-Length: 14
Content-Type: application/json; charset=utf-8
cache-control: no-cache

11:36:21.097 [AsyncHttpClient-1-5] DEBUG org.asynchttpclient.netty.channel.ChannelManager - Adding key: http://localhost:13653 for channel [id: 0xdffd1267, L:/127.0.0.1:61309 - R:localhost/127.0.0.1:13653]
11:36:21.101 [main] INFO  com.swaglabs.base.SetUp - product added to the cart
11:36:21.102 [Forwarding findElement on session 343760fe1b3b1d209c4a0d88582a27db to remote] DEBUG org.asynchttpclient.netty.request.NettyRequestSender - Using pooled Channel '[id: 0xdffd1267, L:/127.0.0.1:61309 - R:localhost/127.0.0.1:13653]' for 'POST' to 'http://localhost:13653/session/343760fe1b3b1d209c4a0d88582a27db/element'
11:36:21.102 [Forwarding findElement on session 343760fe1b3b1d209c4a0d88582a27db to remote] DEBUG org.asynchttpclient.netty.request.NettyRequestSender - Using open Channel [id: 0xdffd1267, L:/127.0.0.1:61309 - R:localhost/127.0.0.1:13653] for POST '/session/343760fe1b3b1d209c4a0d88582a27db/element'
11:36:21.113 [AsyncHttpClient-1-5] DEBUG org.asynchttpclient.netty.handler.HttpHandler - 

Request DefaultHttpRequest(decodeResult: success, version: HTTP/1.1)
POST /session/343760fe1b3b1d209c4a0d88582a27db/element HTTP/1.1
User-Agent: selenium/4.8.0 (java windows)
Content-Length: 83
Content-Type: application/json; charset=utf-8
host: localhost:13653
accept: */*

Response DefaultHttpResponse(decodeResult: success, version: HTTP/1.1)
HTTP/1.1 200 OK
Content-Length: 95
Content-Type: application/json; charset=utf-8
cache-control: no-cache

11:36:21.113 [AsyncHttpClient-1-5] DEBUG org.asynchttpclient.netty.channel.ChannelManager - Adding key: http://localhost:13653 for channel [id: 0xdffd1267, L:/127.0.0.1:61309 - R:localhost/127.0.0.1:13653]
11:36:21.115 [Forwarding isElementDisplayed on session 343760fe1b3b1d209c4a0d88582a27db to remote] DEBUG org.asynchttpclient.netty.request.NettyRequestSender - Using pooled Channel '[id: 0xdffd1267, L:/127.0.0.1:61309 - R:localhost/127.0.0.1:13653]' for 'POST' to 'http://localhost:13653/session/343760fe1b3b1d209c4a0d88582a27db/execute/sync'
11:36:21.115 [Forwarding isElementDisplayed on session 343760fe1b3b1d209c4a0d88582a27db to remote] DEBUG org.asynchttpclient.netty.request.NettyRequestSender - Using open Channel [id: 0xdffd1267, L:/127.0.0.1:61309 - R:localhost/127.0.0.1:13653] for POST '/session/343760fe1b3b1d209c4a0d88582a27db/execute/sync'
11:36:21.124 [AsyncHttpClient-1-5] DEBUG org.asynchttpclient.netty.handler.HttpHandler - 

Request DefaultHttpRequest(decodeResult: success, version: HTTP/1.1)
POST /session/343760fe1b3b1d209c4a0d88582a27db/execute/sync HTTP/1.1
User-Agent: selenium/4.8.0 (java windows)
Content-Length: 48814
Content-Type: application/json; charset=utf-8
host: localhost:13653
accept: */*

Response DefaultHttpResponse(decodeResult: success, version: HTTP/1.1)
HTTP/1.1 200 OK
Content-Length: 14
Content-Type: application/json; charset=utf-8
cache-control: no-cache

11:36:21.124 [AsyncHttpClient-1-5] DEBUG org.asynchttpclient.netty.channel.ChannelManager - Adding key: http://localhost:13653 for channel [id: 0xdffd1267, L:/127.0.0.1:61309 - R:localhost/127.0.0.1:13653]
11:36:21.124 [Forwarding getElementText on session 343760fe1b3b1d209c4a0d88582a27db to remote] DEBUG org.asynchttpclient.netty.request.NettyRequestSender - Using pooled Channel '[id: 0xdffd1267, L:/127.0.0.1:61309 - R:localhost/127.0.0.1:13653]' for 'GET' to 'http://localhost:13653/session/343760fe1b3b1d209c4a0d88582a27db/element/B5D78317CDC82913058D66A8C952A41F_element_56/text'
11:36:21.124 [Forwarding getElementText on session 343760fe1b3b1d209c4a0d88582a27db to remote] DEBUG org.asynchttpclient.netty.request.NettyRequestSender - Using open Channel [id: 0xdffd1267, L:/127.0.0.1:61309 - R:localhost/127.0.0.1:13653] for GET '/session/343760fe1b3b1d209c4a0d88582a27db/element/B5D78317CDC82913058D66A8C952A41F_element_56/text'
11:36:21.130 [AsyncHttpClient-1-5] DEBUG org.asynchttpclient.netty.handler.HttpHandler - 

Request DefaultFullHttpRequest(decodeResult: success, version: HTTP/1.1, content: EmptyByteBufBE)
GET /session/343760fe1b3b1d209c4a0d88582a27db/element/B5D78317CDC82913058D66A8C952A41F_element_56/text HTTP/1.1
User-Agent: selenium/4.8.0 (java windows)
Cache-Control: no-cache
Content-Type: application/json; charset=utf-8
host: localhost:13653
accept: */*

Response DefaultHttpResponse(decodeResult: success, version: HTTP/1.1)
HTTP/1.1 200 OK
Content-Length: 13
Content-Type: application/json; charset=utf-8
cache-control: no-cache

11:36:21.130 [AsyncHttpClient-1-5] DEBUG org.asynchttpclient.netty.channel.ChannelManager - Adding key: http://localhost:13653 for channel [id: 0xdffd1267, L:/127.0.0.1:61309 - R:localhost/127.0.0.1:13653]
11:36:21.131 [Forwarding getAlertText on session 343760fe1b3b1d209c4a0d88582a27db to remote] DEBUG org.asynchttpclient.netty.request.NettyRequestSender - Using pooled Channel '[id: 0xdffd1267, L:/127.0.0.1:61309 - R:localhost/127.0.0.1:13653]' for 'GET' to 'http://localhost:13653/session/343760fe1b3b1d209c4a0d88582a27db/alert/text'
11:36:21.131 [Forwarding getAlertText on session 343760fe1b3b1d209c4a0d88582a27db to remote] DEBUG org.asynchttpclient.netty.request.NettyRequestSender - Using open Channel [id: 0xdffd1267, L:/127.0.0.1:61309 - R:localhost/127.0.0.1:13653] for GET '/session/343760fe1b3b1d209c4a0d88582a27db/alert/text'
11:36:21.134 [AsyncHttpClient-1-5] DEBUG org.asynchttpclient.netty.handler.HttpHandler - 

Request DefaultFullHttpRequest(decodeResult: success, version: HTTP/1.1, content: EmptyByteBufBE)
GET /session/343760fe1b3b1d209c4a0d88582a27db/alert/text HTTP/1.1
User-Agent: selenium/4.8.0 (java windows)
Cache-Control: no-cache
Content-Type: application/json; charset=utf-8
host: localhost:13653
accept: */*

Response DefaultHttpResponse(decodeResult: success, version: HTTP/1.1)
HTTP/1.1 404 Not Found
Content-Length: 1522
Content-Type: application/json; charset=utf-8
cache-control: no-cache

11:36:21.134 [AsyncHttpClient-1-5] DEBUG org.asynchttpclient.netty.channel.ChannelManager - Adding key: http://localhost:13653 for channel [id: 0xdffd1267, L:/127.0.0.1:61309 - R:localhost/127.0.0.1:13653]
11:36:21.135 [Forwarding getCurrentUrl on session 343760fe1b3b1d209c4a0d88582a27db to remote] DEBUG org.asynchttpclient.netty.request.NettyRequestSender - Using pooled Channel '[id: 0xdffd1267, L:/127.0.0.1:61309 - R:localhost/127.0.0.1:13653]' for 'GET' to 'http://localhost:13653/session/343760fe1b3b1d209c4a0d88582a27db/url'
11:36:21.135 [Forwarding getCurrentUrl on session 343760fe1b3b1d209c4a0d88582a27db to remote] DEBUG org.asynchttpclient.netty.request.NettyRequestSender - Using open Channel [id: 0xdffd1267, L:/127.0.0.1:61309 - R:localhost/127.0.0.1:13653] for GET '/session/343760fe1b3b1d209c4a0d88582a27db/url'
11:36:21.138 [AsyncHttpClient-1-5] DEBUG org.asynchttpclient.netty.handler.HttpHandler - 

Request DefaultFullHttpRequest(decodeResult: success, version: HTTP/1.1, content: EmptyByteBufBE)
GET /session/343760fe1b3b1d209c4a0d88582a27db/url HTTP/1.1
User-Agent: selenium/4.8.0 (java windows)
Cache-Control: no-cache
Content-Type: application/json; charset=utf-8
host: localhost:13653
accept: */*

Response DefaultHttpResponse(decodeResult: success, version: HTTP/1.1)
HTTP/1.1 200 OK
Content-Length: 52
Content-Type: application/json; charset=utf-8
cache-control: no-cache

11:36:21.138 [AsyncHttpClient-1-5] DEBUG org.asynchttpclient.netty.channel.ChannelManager - Adding key: http://localhost:13653 for channel [id: 0xdffd1267, L:/127.0.0.1:61309 - R:localhost/127.0.0.1:13653]
11:36:21.138 [Forwarding screenshot on session 343760fe1b3b1d209c4a0d88582a27db to remote] DEBUG org.asynchttpclient.netty.request.NettyRequestSender - Using pooled Channel '[id: 0xdffd1267, L:/127.0.0.1:61309 - R:localhost/127.0.0.1:13653]' for 'GET' to 'http://localhost:13653/session/343760fe1b3b1d209c4a0d88582a27db/screenshot'
11:36:21.138 [Forwarding screenshot on session 343760fe1b3b1d209c4a0d88582a27db to remote] DEBUG org.asynchttpclient.netty.request.NettyRequestSender - Using open Channel [id: 0xdffd1267, L:/127.0.0.1:61309 - R:localhost/127.0.0.1:13653] for GET '/session/343760fe1b3b1d209c4a0d88582a27db/screenshot'
11:36:21.354 [AsyncHttpClient-1-5] DEBUG org.asynchttpclient.netty.handler.HttpHandler - 

Request DefaultFullHttpRequest(decodeResult: success, version: HTTP/1.1, content: EmptyByteBufBE)
GET /session/343760fe1b3b1d209c4a0d88582a27db/screenshot HTTP/1.1
User-Agent: selenium/4.8.0 (java windows)
Cache-Control: no-cache
Content-Type: application/json; charset=utf-8
host: localhost:13653
accept: */*

Response DefaultHttpResponse(decodeResult: success, version: HTTP/1.1)
HTTP/1.1 200 OK
Content-Length: 712212
Content-Type: application/json; charset=utf-8
cache-control: no-cache

11:36:21.354 [AsyncHttpClient-1-5] DEBUG org.asynchttpclient.netty.channel.ChannelManager - Adding key: http://localhost:13653 for channel [id: 0xdffd1267, L:/127.0.0.1:61309 - R:localhost/127.0.0.1:13653]
11:36:21.370 [main] DEBUG net.serenitybdd.core.photography.Darkroom - Send negative for processing for target\site\serenity\b33eed9fb7b2e5eb8c405aabb8e911240592f33b456b61fa9c88e2d257be0fa1.png
11:36:21.370 [main] DEBUG net.thucydides.core.steps.StepInterceptor - STEP DONE: test6_addProductToTheCart
11:36:21.379 [Forwarding getPageSource on session 343760fe1b3b1d209c4a0d88582a27db to remote] DEBUG org.asynchttpclient.netty.request.NettyRequestSender - Using pooled Channel '[id: 0xdffd1267, L:/127.0.0.1:61309 - R:localhost/127.0.0.1:13653]' for 'POST' to 'http://localhost:13653/session/343760fe1b3b1d209c4a0d88582a27db/execute/sync'
11:36:21.379 [Forwarding getPageSource on session 343760fe1b3b1d209c4a0d88582a27db to remote] DEBUG org.asynchttpclient.netty.request.NettyRequestSender - Using open Channel [id: 0xdffd1267, L:/127.0.0.1:61309 - R:localhost/127.0.0.1:13653] for POST '/session/343760fe1b3b1d209c4a0d88582a27db/execute/sync'
11:36:21.379 [Darkroom Processing Line] DEBUG net.serenitybdd.core.photography.DarkroomProcessingLine - Processing screenshot image in /var/screenshots/screenshot-3184813201531984048
11:36:21.379 [Darkroom Processing Line] DEBUG net.serenitybdd.core.photography.DarkroomProcessingLine - Saving screenshot to target\site\serenity\b33eed9fb7b2e5eb8c405aabb8e911240592f33b456b61fa9c88e2d257be0fa1.png
11:36:21.388 [AsyncHttpClient-1-5] DEBUG org.asynchttpclient.netty.handler.HttpHandler - 

Request DefaultHttpRequest(decodeResult: success, version: HTTP/1.1)
POST /session/343760fe1b3b1d209c4a0d88582a27db/execute/sync HTTP/1.1
User-Agent: selenium/4.8.0 (java windows)
Content-Length: 176
Content-Type: application/json; charset=utf-8
host: localhost:13653
accept: */*

Response DefaultHttpResponse(decodeResult: success, version: HTTP/1.1)
HTTP/1.1 200 OK
Content-Length: 16347
Content-Type: application/json; charset=utf-8
cache-control: no-cache

11:36:21.388 [AsyncHttpClient-1-5] DEBUG org.asynchttpclient.netty.channel.ChannelManager - Adding key: http://localhost:13653 for channel [id: 0xdffd1267, L:/127.0.0.1:61309 - R:localhost/127.0.0.1:13653]
11:36:21.389 [Forwarding getCurrentUrl on session 343760fe1b3b1d209c4a0d88582a27db to remote] DEBUG org.asynchttpclient.netty.request.NettyRequestSender - Using pooled Channel '[id: 0xdffd1267, L:/127.0.0.1:61309 - R:localhost/127.0.0.1:13653]' for 'GET' to 'http://localhost:13653/session/343760fe1b3b1d209c4a0d88582a27db/url'
11:36:21.390 [Forwarding getCurrentUrl on session 343760fe1b3b1d209c4a0d88582a27db to remote] DEBUG org.asynchttpclient.netty.request.NettyRequestSender - Using open Channel [id: 0xdffd1267, L:/127.0.0.1:61309 - R:localhost/127.0.0.1:13653] for GET '/session/343760fe1b3b1d209c4a0d88582a27db/url'
11:36:21.396 [AsyncHttpClient-1-5] DEBUG org.asynchttpclient.netty.handler.HttpHandler - 

Request DefaultFullHttpRequest(decodeResult: success, version: HTTP/1.1, content: EmptyByteBufBE)
GET /session/343760fe1b3b1d209c4a0d88582a27db/url HTTP/1.1
User-Agent: selenium/4.8.0 (java windows)
Cache-Control: no-cache
Content-Type: application/json; charset=utf-8
host: localhost:13653
accept: */*

Response DefaultHttpResponse(decodeResult: success, version: HTTP/1.1)
HTTP/1.1 200 OK
Content-Length: 52
Content-Type: application/json; charset=utf-8
cache-control: no-cache

11:36:21.396 [AsyncHttpClient-1-5] DEBUG org.asynchttpclient.netty.channel.ChannelManager - Adding key: http://localhost:13653 for channel [id: 0xdffd1267, L:/127.0.0.1:61309 - R:localhost/127.0.0.1:13653]
11:36:21.406 [main] DEBUG net.thucydides.core.steps.StepInterceptor - STARTING STEP: Tests.testCases - test7_validateOneIsShowingNearShoppingCart
11:36:21.409 [Forwarding findElement on session 343760fe1b3b1d209c4a0d88582a27db to remote] DEBUG org.asynchttpclient.netty.request.NettyRequestSender - Using pooled Channel '[id: 0xdffd1267, L:/127.0.0.1:61309 - R:localhost/127.0.0.1:13653]' for 'POST' to 'http://localhost:13653/session/343760fe1b3b1d209c4a0d88582a27db/element'
11:36:21.409 [Forwarding findElement on session 343760fe1b3b1d209c4a0d88582a27db to remote] DEBUG org.asynchttpclient.netty.request.NettyRequestSender - Using open Channel [id: 0xdffd1267, L:/127.0.0.1:61309 - R:localhost/127.0.0.1:13653] for POST '/session/343760fe1b3b1d209c4a0d88582a27db/element'
11:36:21.418 [AsyncHttpClient-1-5] DEBUG org.asynchttpclient.netty.handler.HttpHandler - 

Request DefaultHttpRequest(decodeResult: success, version: HTTP/1.1)
POST /session/343760fe1b3b1d209c4a0d88582a27db/element HTTP/1.1
User-Agent: selenium/4.8.0 (java windows)
Content-Length: 83
Content-Type: application/json; charset=utf-8
host: localhost:13653
accept: */*

Response DefaultHttpResponse(decodeResult: success, version: HTTP/1.1)
HTTP/1.1 200 OK
Content-Length: 95
Content-Type: application/json; charset=utf-8
cache-control: no-cache

11:36:21.418 [AsyncHttpClient-1-5] DEBUG org.asynchttpclient.netty.channel.ChannelManager - Adding key: http://localhost:13653 for channel [id: 0xdffd1267, L:/127.0.0.1:61309 - R:localhost/127.0.0.1:13653]
11:36:21.421 [Forwarding isElementDisplayed on session 343760fe1b3b1d209c4a0d88582a27db to remote] DEBUG org.asynchttpclient.netty.request.NettyRequestSender - Using pooled Channel '[id: 0xdffd1267, L:/127.0.0.1:61309 - R:localhost/127.0.0.1:13653]' for 'POST' to 'http://localhost:13653/session/343760fe1b3b1d209c4a0d88582a27db/execute/sync'
11:36:21.421 [Forwarding isElementDisplayed on session 343760fe1b3b1d209c4a0d88582a27db to remote] DEBUG org.asynchttpclient.netty.request.NettyRequestSender - Using open Channel [id: 0xdffd1267, L:/127.0.0.1:61309 - R:localhost/127.0.0.1:13653] for POST '/session/343760fe1b3b1d209c4a0d88582a27db/execute/sync'
11:36:21.433 [AsyncHttpClient-1-5] DEBUG org.asynchttpclient.netty.handler.HttpHandler - 

Request DefaultHttpRequest(decodeResult: success, version: HTTP/1.1)
POST /session/343760fe1b3b1d209c4a0d88582a27db/execute/sync HTTP/1.1
User-Agent: selenium/4.8.0 (java windows)
Content-Length: 48814
Content-Type: application/json; charset=utf-8
host: localhost:13653
accept: */*

Response DefaultHttpResponse(decodeResult: success, version: HTTP/1.1)
HTTP/1.1 200 OK
Content-Length: 14
Content-Type: application/json; charset=utf-8
cache-control: no-cache

11:36:21.433 [AsyncHttpClient-1-5] DEBUG org.asynchttpclient.netty.channel.ChannelManager - Adding key: http://localhost:13653 for channel [id: 0xdffd1267, L:/127.0.0.1:61309 - R:localhost/127.0.0.1:13653]
11:36:21.434 [Forwarding getElementText on session 343760fe1b3b1d209c4a0d88582a27db to remote] DEBUG org.asynchttpclient.netty.request.NettyRequestSender - Using pooled Channel '[id: 0xdffd1267, L:/127.0.0.1:61309 - R:localhost/127.0.0.1:13653]' for 'GET' to 'http://localhost:13653/session/343760fe1b3b1d209c4a0d88582a27db/element/B5D78317CDC82913058D66A8C952A41F_element_56/text'
11:36:21.434 [Forwarding getElementText on session 343760fe1b3b1d209c4a0d88582a27db to remote] DEBUG org.asynchttpclient.netty.request.NettyRequestSender - Using open Channel [id: 0xdffd1267, L:/127.0.0.1:61309 - R:localhost/127.0.0.1:13653] for GET '/session/343760fe1b3b1d209c4a0d88582a27db/element/B5D78317CDC82913058D66A8C952A41F_element_56/text'
11:36:21.447 [AsyncHttpClient-1-5] DEBUG org.asynchttpclient.netty.handler.HttpHandler - 

Request DefaultFullHttpRequest(decodeResult: success, version: HTTP/1.1, content: EmptyByteBufBE)
GET /session/343760fe1b3b1d209c4a0d88582a27db/element/B5D78317CDC82913058D66A8C952A41F_element_56/text HTTP/1.1
User-Agent: selenium/4.8.0 (java windows)
Cache-Control: no-cache
Content-Type: application/json; charset=utf-8
host: localhost:13653
accept: */*

Response DefaultHttpResponse(decodeResult: success, version: HTTP/1.1)
HTTP/1.1 200 OK
Content-Length: 13
Content-Type: application/json; charset=utf-8
cache-control: no-cache

11:36:21.447 [AsyncHttpClient-1-5] DEBUG org.asynchttpclient.netty.channel.ChannelManager - Adding key: http://localhost:13653 for channel [id: 0xdffd1267, L:/127.0.0.1:61309 - R:localhost/127.0.0.1:13653]
11:36:21.448 [Forwarding executeScript on session 343760fe1b3b1d209c4a0d88582a27db to remote] DEBUG org.asynchttpclient.netty.request.NettyRequestSender - Using pooled Channel '[id: 0xdffd1267, L:/127.0.0.1:61309 - R:localhost/127.0.0.1:13653]' for 'POST' to 'http://localhost:13653/session/343760fe1b3b1d209c4a0d88582a27db/execute/sync'
11:36:21.448 [Forwarding executeScript on session 343760fe1b3b1d209c4a0d88582a27db to remote] DEBUG org.asynchttpclient.netty.request.NettyRequestSender - Using open Channel [id: 0xdffd1267, L:/127.0.0.1:61309 - R:localhost/127.0.0.1:13653] for POST '/session/343760fe1b3b1d209c4a0d88582a27db/execute/sync'
11:36:21.456 [AsyncHttpClient-1-5] DEBUG org.asynchttpclient.netty.handler.HttpHandler - 

Request DefaultHttpRequest(decodeResult: success, version: HTTP/1.1)
POST /session/343760fe1b3b1d209c4a0d88582a27db/execute/sync HTTP/1.1
User-Agent: selenium/4.8.0 (java windows)
Content-Length: 60
Content-Type: application/json; charset=utf-8
host: localhost:13653
accept: */*

Response DefaultHttpResponse(decodeResult: success, version: HTTP/1.1)
HTTP/1.1 200 OK
Content-Length: 14
Content-Type: application/json; charset=utf-8
cache-control: no-cache

11:36:21.456 [AsyncHttpClient-1-5] DEBUG org.asynchttpclient.netty.channel.ChannelManager - Adding key: http://localhost:13653 for channel [id: 0xdffd1267, L:/127.0.0.1:61309 - R:localhost/127.0.0.1:13653]
actualcount1
11:36:21.460 [Forwarding findElement on session 343760fe1b3b1d209c4a0d88582a27db to remote] DEBUG org.asynchttpclient.netty.request.NettyRequestSender - Using pooled Channel '[id: 0xdffd1267, L:/127.0.0.1:61309 - R:localhost/127.0.0.1:13653]' for 'POST' to 'http://localhost:13653/session/343760fe1b3b1d209c4a0d88582a27db/element'
11:36:21.460 [Forwarding findElement on session 343760fe1b3b1d209c4a0d88582a27db to remote] DEBUG org.asynchttpclient.netty.request.NettyRequestSender - Using open Channel [id: 0xdffd1267, L:/127.0.0.1:61309 - R:localhost/127.0.0.1:13653] for POST '/session/343760fe1b3b1d209c4a0d88582a27db/element'
11:36:21.469 [AsyncHttpClient-1-5] DEBUG org.asynchttpclient.netty.handler.HttpHandler - 

Request DefaultHttpRequest(decodeResult: success, version: HTTP/1.1)
POST /session/343760fe1b3b1d209c4a0d88582a27db/element HTTP/1.1
User-Agent: selenium/4.8.0 (java windows)
Content-Length: 83
Content-Type: application/json; charset=utf-8
host: localhost:13653
accept: */*

Response DefaultHttpResponse(decodeResult: success, version: HTTP/1.1)
HTTP/1.1 200 OK
Content-Length: 95
Content-Type: application/json; charset=utf-8
cache-control: no-cache

11:36:21.469 [AsyncHttpClient-1-5] DEBUG org.asynchttpclient.netty.channel.ChannelManager - Adding key: http://localhost:13653 for channel [id: 0xdffd1267, L:/127.0.0.1:61309 - R:localhost/127.0.0.1:13653]
11:36:21.470 [Forwarding isElementDisplayed on session 343760fe1b3b1d209c4a0d88582a27db to remote] DEBUG org.asynchttpclient.netty.request.NettyRequestSender - Using pooled Channel '[id: 0xdffd1267, L:/127.0.0.1:61309 - R:localhost/127.0.0.1:13653]' for 'POST' to 'http://localhost:13653/session/343760fe1b3b1d209c4a0d88582a27db/execute/sync'
11:36:21.470 [Forwarding isElementDisplayed on session 343760fe1b3b1d209c4a0d88582a27db to remote] DEBUG org.asynchttpclient.netty.request.NettyRequestSender - Using open Channel [id: 0xdffd1267, L:/127.0.0.1:61309 - R:localhost/127.0.0.1:13653] for POST '/session/343760fe1b3b1d209c4a0d88582a27db/execute/sync'
11:36:21.480 [AsyncHttpClient-1-5] DEBUG org.asynchttpclient.netty.handler.HttpHandler - 

Request DefaultHttpRequest(decodeResult: success, version: HTTP/1.1)
POST /session/343760fe1b3b1d209c4a0d88582a27db/execute/sync HTTP/1.1
User-Agent: selenium/4.8.0 (java windows)
Content-Length: 48814
Content-Type: application/json; charset=utf-8
host: localhost:13653
accept: */*

Response DefaultHttpResponse(decodeResult: success, version: HTTP/1.1)
HTTP/1.1 200 OK
Content-Length: 14
Content-Type: application/json; charset=utf-8
cache-control: no-cache

11:36:21.480 [AsyncHttpClient-1-5] DEBUG org.asynchttpclient.netty.channel.ChannelManager - Adding key: http://localhost:13653 for channel [id: 0xdffd1267, L:/127.0.0.1:61309 - R:localhost/127.0.0.1:13653]
11:36:21.481 [Forwarding getElementText on session 343760fe1b3b1d209c4a0d88582a27db to remote] DEBUG org.asynchttpclient.netty.request.NettyRequestSender - Using pooled Channel '[id: 0xdffd1267, L:/127.0.0.1:61309 - R:localhost/127.0.0.1:13653]' for 'GET' to 'http://localhost:13653/session/343760fe1b3b1d209c4a0d88582a27db/element/B5D78317CDC82913058D66A8C952A41F_element_56/text'
11:36:21.481 [Forwarding getElementText on session 343760fe1b3b1d209c4a0d88582a27db to remote] DEBUG org.asynchttpclient.netty.request.NettyRequestSender - Using open Channel [id: 0xdffd1267, L:/127.0.0.1:61309 - R:localhost/127.0.0.1:13653] for GET '/session/343760fe1b3b1d209c4a0d88582a27db/element/B5D78317CDC82913058D66A8C952A41F_element_56/text'
11:36:21.492 [AsyncHttpClient-1-5] DEBUG org.asynchttpclient.netty.handler.HttpHandler - 

Request DefaultFullHttpRequest(decodeResult: success, version: HTTP/1.1, content: EmptyByteBufBE)
GET /session/343760fe1b3b1d209c4a0d88582a27db/element/B5D78317CDC82913058D66A8C952A41F_element_56/text HTTP/1.1
User-Agent: selenium/4.8.0 (java windows)
Cache-Control: no-cache
Content-Type: application/json; charset=utf-8
host: localhost:13653
accept: */*

Response DefaultHttpResponse(decodeResult: success, version: HTTP/1.1)
HTTP/1.1 200 OK
Content-Length: 13
Content-Type: application/json; charset=utf-8
cache-control: no-cache

11:36:21.498 [AsyncHttpClient-1-5] DEBUG org.asynchttpclient.netty.channel.ChannelManager - Adding key: http://localhost:13653 for channel [id: 0xdffd1267, L:/127.0.0.1:61309 - R:localhost/127.0.0.1:13653]
11:36:21.498 [main] INFO  com.swaglabs.base.SetUp - validated product count as 1 in shopping cart
11:36:21.501 [Forwarding getAlertText on session 343760fe1b3b1d209c4a0d88582a27db to remote] DEBUG org.asynchttpclient.netty.request.NettyRequestSender - Using pooled Channel '[id: 0xdffd1267, L:/127.0.0.1:61309 - R:localhost/127.0.0.1:13653]' for 'GET' to 'http://localhost:13653/session/343760fe1b3b1d209c4a0d88582a27db/alert/text'
11:36:21.501 [Forwarding getAlertText on session 343760fe1b3b1d209c4a0d88582a27db to remote] DEBUG org.asynchttpclient.netty.request.NettyRequestSender - Using open Channel [id: 0xdffd1267, L:/127.0.0.1:61309 - R:localhost/127.0.0.1:13653] for GET '/session/343760fe1b3b1d209c4a0d88582a27db/alert/text'
11:36:21.505 [AsyncHttpClient-1-5] DEBUG org.asynchttpclient.netty.handler.HttpHandler - 

Request DefaultFullHttpRequest(decodeResult: success, version: HTTP/1.1, content: EmptyByteBufBE)
GET /session/343760fe1b3b1d209c4a0d88582a27db/alert/text HTTP/1.1
User-Agent: selenium/4.8.0 (java windows)
Cache-Control: no-cache
Content-Type: application/json; charset=utf-8
host: localhost:13653
accept: */*

Response DefaultHttpResponse(decodeResult: success, version: HTTP/1.1)
HTTP/1.1 404 Not Found
Content-Length: 1522
Content-Type: application/json; charset=utf-8
cache-control: no-cache

11:36:21.505 [AsyncHttpClient-1-5] DEBUG org.asynchttpclient.netty.channel.ChannelManager - Adding key: http://localhost:13653 for channel [id: 0xdffd1267, L:/127.0.0.1:61309 - R:localhost/127.0.0.1:13653]
11:36:21.505 [Forwarding getCurrentUrl on session 343760fe1b3b1d209c4a0d88582a27db to remote] DEBUG org.asynchttpclient.netty.request.NettyRequestSender - Using pooled Channel '[id: 0xdffd1267, L:/127.0.0.1:61309 - R:localhost/127.0.0.1:13653]' for 'GET' to 'http://localhost:13653/session/343760fe1b3b1d209c4a0d88582a27db/url'
11:36:21.506 [Forwarding getCurrentUrl on session 343760fe1b3b1d209c4a0d88582a27db to remote] DEBUG org.asynchttpclient.netty.request.NettyRequestSender - Using open Channel [id: 0xdffd1267, L:/127.0.0.1:61309 - R:localhost/127.0.0.1:13653] for GET '/session/343760fe1b3b1d209c4a0d88582a27db/url'
11:36:21.511 [AsyncHttpClient-1-5] DEBUG org.asynchttpclient.netty.handler.HttpHandler - 

Request DefaultFullHttpRequest(decodeResult: success, version: HTTP/1.1, content: EmptyByteBufBE)
GET /session/343760fe1b3b1d209c4a0d88582a27db/url HTTP/1.1
User-Agent: selenium/4.8.0 (java windows)
Cache-Control: no-cache
Content-Type: application/json; charset=utf-8
host: localhost:13653
accept: */*

Response DefaultHttpResponse(decodeResult: success, version: HTTP/1.1)
HTTP/1.1 200 OK
Content-Length: 52
Content-Type: application/json; charset=utf-8
cache-control: no-cache

11:36:21.511 [AsyncHttpClient-1-5] DEBUG org.asynchttpclient.netty.channel.ChannelManager - Adding key: http://localhost:13653 for channel [id: 0xdffd1267, L:/127.0.0.1:61309 - R:localhost/127.0.0.1:13653]
11:36:21.511 [Forwarding screenshot on session 343760fe1b3b1d209c4a0d88582a27db to remote] DEBUG org.asynchttpclient.netty.request.NettyRequestSender - Using pooled Channel '[id: 0xdffd1267, L:/127.0.0.1:61309 - R:localhost/127.0.0.1:13653]' for 'GET' to 'http://localhost:13653/session/343760fe1b3b1d209c4a0d88582a27db/screenshot'
11:36:21.511 [Forwarding screenshot on session 343760fe1b3b1d209c4a0d88582a27db to remote] DEBUG org.asynchttpclient.netty.request.NettyRequestSender - Using open Channel [id: 0xdffd1267, L:/127.0.0.1:61309 - R:localhost/127.0.0.1:13653] for GET '/session/343760fe1b3b1d209c4a0d88582a27db/screenshot'
11:36:21.709 [AsyncHttpClient-1-5] DEBUG org.asynchttpclient.netty.handler.HttpHandler - 

Request DefaultFullHttpRequest(decodeResult: success, version: HTTP/1.1, content: EmptyByteBufBE)
GET /session/343760fe1b3b1d209c4a0d88582a27db/screenshot HTTP/1.1
User-Agent: selenium/4.8.0 (java windows)
Cache-Control: no-cache
Content-Type: application/json; charset=utf-8
host: localhost:13653
accept: */*

Response DefaultHttpResponse(decodeResult: success, version: HTTP/1.1)
HTTP/1.1 200 OK
Content-Length: 580636
Content-Type: application/json; charset=utf-8
cache-control: no-cache

11:36:21.710 [AsyncHttpClient-1-5] DEBUG org.asynchttpclient.netty.channel.ChannelManager - Adding key: http://localhost:13653 for channel [id: 0xdffd1267, L:/127.0.0.1:61309 - R:localhost/127.0.0.1:13653]
11:36:21.722 [main] DEBUG net.serenitybdd.core.photography.Darkroom - Send negative for processing for target\site\serenity\1f8c75ef6f614165955b6188bae8e5e6d01fc8421bd36b3586e87fe7cbf1e968.png
11:36:21.722 [main] DEBUG net.thucydides.core.steps.StepInterceptor - STEP DONE: test7_validateOneIsShowingNearShoppingCart
11:36:21.725 [Forwarding getPageSource on session 343760fe1b3b1d209c4a0d88582a27db to remote] DEBUG org.asynchttpclient.netty.request.NettyRequestSender - Using pooled Channel '[id: 0xdffd1267, L:/127.0.0.1:61309 - R:localhost/127.0.0.1:13653]' for 'POST' to 'http://localhost:13653/session/343760fe1b3b1d209c4a0d88582a27db/execute/sync'
11:36:21.725 [Forwarding getPageSource on session 343760fe1b3b1d209c4a0d88582a27db to remote] DEBUG org.asynchttpclient.netty.request.NettyRequestSender - Using open Channel [id: 0xdffd1267, L:/127.0.0.1:61309 - R:localhost/127.0.0.1:13653] for POST '/session/343760fe1b3b1d209c4a0d88582a27db/execute/sync'
11:36:21.726 [Darkroom Processing Line] DEBUG net.serenitybdd.core.photography.DarkroomProcessingLine - Processing screenshot image in /var/screenshots/screenshot-837110559605000088
11:36:21.726 [Darkroom Processing Line] DEBUG net.serenitybdd.core.photography.DarkroomProcessingLine - Saving screenshot to target\site\serenity\1f8c75ef6f614165955b6188bae8e5e6d01fc8421bd36b3586e87fe7cbf1e968.png
11:36:21.732 [AsyncHttpClient-1-5] DEBUG org.asynchttpclient.netty.handler.HttpHandler - 

Request DefaultHttpRequest(decodeResult: success, version: HTTP/1.1)
POST /session/343760fe1b3b1d209c4a0d88582a27db/execute/sync HTTP/1.1
User-Agent: selenium/4.8.0 (java windows)
Content-Length: 176
Content-Type: application/json; charset=utf-8
host: localhost:13653
accept: */*

Response DefaultHttpResponse(decodeResult: success, version: HTTP/1.1)
HTTP/1.1 200 OK
Content-Length: 16347
Content-Type: application/json; charset=utf-8
cache-control: no-cache

11:36:21.732 [AsyncHttpClient-1-5] DEBUG org.asynchttpclient.netty.channel.ChannelManager - Adding key: http://localhost:13653 for channel [id: 0xdffd1267, L:/127.0.0.1:61309 - R:localhost/127.0.0.1:13653]
11:36:21.733 [Forwarding getCurrentUrl on session 343760fe1b3b1d209c4a0d88582a27db to remote] DEBUG org.asynchttpclient.netty.request.NettyRequestSender - Using pooled Channel '[id: 0xdffd1267, L:/127.0.0.1:61309 - R:localhost/127.0.0.1:13653]' for 'GET' to 'http://localhost:13653/session/343760fe1b3b1d209c4a0d88582a27db/url'
11:36:21.734 [Forwarding getCurrentUrl on session 343760fe1b3b1d209c4a0d88582a27db to remote] DEBUG org.asynchttpclient.netty.request.NettyRequestSender - Using open Channel [id: 0xdffd1267, L:/127.0.0.1:61309 - R:localhost/127.0.0.1:13653] for GET '/session/343760fe1b3b1d209c4a0d88582a27db/url'
11:36:21.738 [AsyncHttpClient-1-5] DEBUG org.asynchttpclient.netty.handler.HttpHandler - 

Request DefaultFullHttpRequest(decodeResult: success, version: HTTP/1.1, content: EmptyByteBufBE)
GET /session/343760fe1b3b1d209c4a0d88582a27db/url HTTP/1.1
User-Agent: selenium/4.8.0 (java windows)
Cache-Control: no-cache
Content-Type: application/json; charset=utf-8
host: localhost:13653
accept: */*

Response DefaultHttpResponse(decodeResult: success, version: HTTP/1.1)
HTTP/1.1 200 OK
Content-Length: 52
Content-Type: application/json; charset=utf-8
cache-control: no-cache

11:36:21.738 [AsyncHttpClient-1-5] DEBUG org.asynchttpclient.netty.channel.ChannelManager - Adding key: http://localhost:13653 for channel [id: 0xdffd1267, L:/127.0.0.1:61309 - R:localhost/127.0.0.1:13653]
11:36:21.744 [main] DEBUG net.thucydides.core.steps.StepInterceptor - STARTING STEP: Tests.testCases - test8_validateUserInterfaceFootersAndHeaders
11:36:21.748 [Forwarding findElement on session 343760fe1b3b1d209c4a0d88582a27db to remote] DEBUG org.asynchttpclient.netty.request.NettyRequestSender - Using pooled Channel '[id: 0xdffd1267, L:/127.0.0.1:61309 - R:localhost/127.0.0.1:13653]' for 'POST' to 'http://localhost:13653/session/343760fe1b3b1d209c4a0d88582a27db/element'
11:36:21.748 [Forwarding findElement on session 343760fe1b3b1d209c4a0d88582a27db to remote] DEBUG org.asynchttpclient.netty.request.NettyRequestSender - Using open Channel [id: 0xdffd1267, L:/127.0.0.1:61309 - R:localhost/127.0.0.1:13653] for POST '/session/343760fe1b3b1d209c4a0d88582a27db/element'
11:36:21.757 [AsyncHttpClient-1-5] DEBUG org.asynchttpclient.netty.handler.HttpHandler - 

Request DefaultHttpRequest(decodeResult: success, version: HTTP/1.1)
POST /session/343760fe1b3b1d209c4a0d88582a27db/element HTTP/1.1
User-Agent: selenium/4.8.0 (java windows)
Content-Length: 83
Content-Type: application/json; charset=utf-8
host: localhost:13653
accept: */*

Response DefaultHttpResponse(decodeResult: success, version: HTTP/1.1)
HTTP/1.1 200 OK
Content-Length: 95
Content-Type: application/json; charset=utf-8
cache-control: no-cache

11:36:21.757 [AsyncHttpClient-1-5] DEBUG org.asynchttpclient.netty.channel.ChannelManager - Adding key: http://localhost:13653 for channel [id: 0xdffd1267, L:/127.0.0.1:61309 - R:localhost/127.0.0.1:13653]
11:36:21.759 [Forwarding isElementDisplayed on session 343760fe1b3b1d209c4a0d88582a27db to remote] DEBUG org.asynchttpclient.netty.request.NettyRequestSender - Using pooled Channel '[id: 0xdffd1267, L:/127.0.0.1:61309 - R:localhost/127.0.0.1:13653]' for 'POST' to 'http://localhost:13653/session/343760fe1b3b1d209c4a0d88582a27db/execute/sync'
11:36:21.759 [Forwarding isElementDisplayed on session 343760fe1b3b1d209c4a0d88582a27db to remote] DEBUG org.asynchttpclient.netty.request.NettyRequestSender - Using open Channel [id: 0xdffd1267, L:/127.0.0.1:61309 - R:localhost/127.0.0.1:13653] for POST '/session/343760fe1b3b1d209c4a0d88582a27db/execute/sync'
11:36:21.766 [AsyncHttpClient-1-5] DEBUG org.asynchttpclient.netty.handler.HttpHandler - 

Request DefaultHttpRequest(decodeResult: success, version: HTTP/1.1)
POST /session/343760fe1b3b1d209c4a0d88582a27db/execute/sync HTTP/1.1
User-Agent: selenium/4.8.0 (java windows)
Content-Length: 48814
Content-Type: application/json; charset=utf-8
host: localhost:13653
accept: */*

Response DefaultHttpResponse(decodeResult: success, version: HTTP/1.1)
HTTP/1.1 200 OK
Content-Length: 14
Content-Type: application/json; charset=utf-8
cache-control: no-cache

11:36:21.766 [AsyncHttpClient-1-5] DEBUG org.asynchttpclient.netty.channel.ChannelManager - Adding key: http://localhost:13653 for channel [id: 0xdffd1267, L:/127.0.0.1:61309 - R:localhost/127.0.0.1:13653]
11:36:21.766 [Forwarding getElementTagName on session 343760fe1b3b1d209c4a0d88582a27db to remote] DEBUG org.asynchttpclient.netty.request.NettyRequestSender - Using pooled Channel '[id: 0xdffd1267, L:/127.0.0.1:61309 - R:localhost/127.0.0.1:13653]' for 'GET' to 'http://localhost:13653/session/343760fe1b3b1d209c4a0d88582a27db/element/B5D78317CDC82913058D66A8C952A41F_element_57/name'
11:36:21.766 [Forwarding getElementTagName on session 343760fe1b3b1d209c4a0d88582a27db to remote] DEBUG org.asynchttpclient.netty.request.NettyRequestSender - Using open Channel [id: 0xdffd1267, L:/127.0.0.1:61309 - R:localhost/127.0.0.1:13653] for GET '/session/343760fe1b3b1d209c4a0d88582a27db/element/B5D78317CDC82913058D66A8C952A41F_element_57/name'
11:36:21.770 [AsyncHttpClient-1-5] DEBUG org.asynchttpclient.netty.handler.HttpHandler - 

Request DefaultFullHttpRequest(decodeResult: success, version: HTTP/1.1, content: EmptyByteBufBE)
GET /session/343760fe1b3b1d209c4a0d88582a27db/element/B5D78317CDC82913058D66A8C952A41F_element_57/name HTTP/1.1
User-Agent: selenium/4.8.0 (java windows)
Cache-Control: no-cache
Content-Type: application/json; charset=utf-8
host: localhost:13653
accept: */*

Response DefaultHttpResponse(decodeResult: success, version: HTTP/1.1)
HTTP/1.1 200 OK
Content-Length: 15
Content-Type: application/json; charset=utf-8
cache-control: no-cache

11:36:21.770 [AsyncHttpClient-1-5] DEBUG org.asynchttpclient.netty.channel.ChannelManager - Adding key: http://localhost:13653 for channel [id: 0xdffd1267, L:/127.0.0.1:61309 - R:localhost/127.0.0.1:13653]
11:36:21.771 [Forwarding getElementTagName on session 343760fe1b3b1d209c4a0d88582a27db to remote] DEBUG org.asynchttpclient.netty.request.NettyRequestSender - Using pooled Channel '[id: 0xdffd1267, L:/127.0.0.1:61309 - R:localhost/127.0.0.1:13653]' for 'GET' to 'http://localhost:13653/session/343760fe1b3b1d209c4a0d88582a27db/element/B5D78317CDC82913058D66A8C952A41F_element_57/name'
11:36:21.771 [Forwarding getElementTagName on session 343760fe1b3b1d209c4a0d88582a27db to remote] DEBUG org.asynchttpclient.netty.request.NettyRequestSender - Using open Channel [id: 0xdffd1267, L:/127.0.0.1:61309 - R:localhost/127.0.0.1:13653] for GET '/session/343760fe1b3b1d209c4a0d88582a27db/element/B5D78317CDC82913058D66A8C952A41F_element_57/name'
11:36:21.774 [AsyncHttpClient-1-5] DEBUG org.asynchttpclient.netty.handler.HttpHandler - 

Request DefaultFullHttpRequest(decodeResult: success, version: HTTP/1.1, content: EmptyByteBufBE)
GET /session/343760fe1b3b1d209c4a0d88582a27db/element/B5D78317CDC82913058D66A8C952A41F_element_57/name HTTP/1.1
User-Agent: selenium/4.8.0 (java windows)
Cache-Control: no-cache
Content-Type: application/json; charset=utf-8
host: localhost:13653
accept: */*

Response DefaultHttpResponse(decodeResult: success, version: HTTP/1.1)
HTTP/1.1 200 OK
Content-Length: 15
Content-Type: application/json; charset=utf-8
cache-control: no-cache

11:36:21.774 [AsyncHttpClient-1-5] DEBUG org.asynchttpclient.netty.channel.ChannelManager - Adding key: http://localhost:13653 for channel [id: 0xdffd1267, L:/127.0.0.1:61309 - R:localhost/127.0.0.1:13653]
11:36:21.776 [Forwarding findElement on session 343760fe1b3b1d209c4a0d88582a27db to remote] DEBUG org.asynchttpclient.netty.request.NettyRequestSender - Using pooled Channel '[id: 0xdffd1267, L:/127.0.0.1:61309 - R:localhost/127.0.0.1:13653]' for 'POST' to 'http://localhost:13653/session/343760fe1b3b1d209c4a0d88582a27db/element'
11:36:21.776 [Forwarding findElement on session 343760fe1b3b1d209c4a0d88582a27db to remote] DEBUG org.asynchttpclient.netty.request.NettyRequestSender - Using open Channel [id: 0xdffd1267, L:/127.0.0.1:61309 - R:localhost/127.0.0.1:13653] for POST '/session/343760fe1b3b1d209c4a0d88582a27db/element'
11:36:21.784 [AsyncHttpClient-1-5] DEBUG org.asynchttpclient.netty.handler.HttpHandler - 

Request DefaultHttpRequest(decodeResult: success, version: HTTP/1.1)
POST /session/343760fe1b3b1d209c4a0d88582a27db/element HTTP/1.1
User-Agent: selenium/4.8.0 (java windows)
Content-Length: 83
Content-Type: application/json; charset=utf-8
host: localhost:13653
accept: */*

Response DefaultHttpResponse(decodeResult: success, version: HTTP/1.1)
HTTP/1.1 200 OK
Content-Length: 95
Content-Type: application/json; charset=utf-8
cache-control: no-cache

11:36:21.785 [AsyncHttpClient-1-5] DEBUG org.asynchttpclient.netty.channel.ChannelManager - Adding key: http://localhost:13653 for channel [id: 0xdffd1267, L:/127.0.0.1:61309 - R:localhost/127.0.0.1:13653]
11:36:21.788 [Forwarding isElementDisplayed on session 343760fe1b3b1d209c4a0d88582a27db to remote] DEBUG org.asynchttpclient.netty.request.NettyRequestSender - Using pooled Channel '[id: 0xdffd1267, L:/127.0.0.1:61309 - R:localhost/127.0.0.1:13653]' for 'POST' to 'http://localhost:13653/session/343760fe1b3b1d209c4a0d88582a27db/execute/sync'
11:36:21.788 [Forwarding isElementDisplayed on session 343760fe1b3b1d209c4a0d88582a27db to remote] DEBUG org.asynchttpclient.netty.request.NettyRequestSender - Using open Channel [id: 0xdffd1267, L:/127.0.0.1:61309 - R:localhost/127.0.0.1:13653] for POST '/session/343760fe1b3b1d209c4a0d88582a27db/execute/sync'
11:36:21.798 [AsyncHttpClient-1-5] DEBUG org.asynchttpclient.netty.handler.HttpHandler - 

Request DefaultHttpRequest(decodeResult: success, version: HTTP/1.1)
POST /session/343760fe1b3b1d209c4a0d88582a27db/execute/sync HTTP/1.1
User-Agent: selenium/4.8.0 (java windows)
Content-Length: 48814
Content-Type: application/json; charset=utf-8
host: localhost:13653
accept: */*

Response DefaultHttpResponse(decodeResult: success, version: HTTP/1.1)
HTTP/1.1 200 OK
Content-Length: 14
Content-Type: application/json; charset=utf-8
cache-control: no-cache

11:36:21.798 [AsyncHttpClient-1-5] DEBUG org.asynchttpclient.netty.channel.ChannelManager - Adding key: http://localhost:13653 for channel [id: 0xdffd1267, L:/127.0.0.1:61309 - R:localhost/127.0.0.1:13653]
11:36:21.798 [Forwarding clickElement on session 343760fe1b3b1d209c4a0d88582a27db to remote] DEBUG org.asynchttpclient.netty.request.NettyRequestSender - Using pooled Channel '[id: 0xdffd1267, L:/127.0.0.1:61309 - R:localhost/127.0.0.1:13653]' for 'POST' to 'http://localhost:13653/session/343760fe1b3b1d209c4a0d88582a27db/element/B5D78317CDC82913058D66A8C952A41F_element_57/click'
11:36:21.798 [Forwarding clickElement on session 343760fe1b3b1d209c4a0d88582a27db to remote] DEBUG org.asynchttpclient.netty.request.NettyRequestSender - Using open Channel [id: 0xdffd1267, L:/127.0.0.1:61309 - R:localhost/127.0.0.1:13653] for POST '/session/343760fe1b3b1d209c4a0d88582a27db/element/B5D78317CDC82913058D66A8C952A41F_element_57/click'
11:36:21.841 [AsyncHttpClient-1-5] DEBUG org.asynchttpclient.netty.handler.HttpHandler - 

Request DefaultHttpRequest(decodeResult: success, version: HTTP/1.1)
POST /session/343760fe1b3b1d209c4a0d88582a27db/element/B5D78317CDC82913058D66A8C952A41F_element_57/click HTTP/1.1
User-Agent: selenium/4.8.0 (java windows)
Content-Length: 57
Content-Type: application/json; charset=utf-8
host: localhost:13653
accept: */*

Response DefaultHttpResponse(decodeResult: success, version: HTTP/1.1)
HTTP/1.1 200 OK
Content-Length: 14
Content-Type: application/json; charset=utf-8
cache-control: no-cache

11:36:21.841 [AsyncHttpClient-1-5] DEBUG org.asynchttpclient.netty.channel.ChannelManager - Adding key: http://localhost:13653 for channel [id: 0xdffd1267, L:/127.0.0.1:61309 - R:localhost/127.0.0.1:13653]
11:36:21.850 [Forwarding getAlertText on session 343760fe1b3b1d209c4a0d88582a27db to remote] DEBUG org.asynchttpclient.netty.request.NettyRequestSender - Using pooled Channel '[id: 0xdffd1267, L:/127.0.0.1:61309 - R:localhost/127.0.0.1:13653]' for 'GET' to 'http://localhost:13653/session/343760fe1b3b1d209c4a0d88582a27db/alert/text'
11:36:21.850 [Forwarding getAlertText on session 343760fe1b3b1d209c4a0d88582a27db to remote] DEBUG org.asynchttpclient.netty.request.NettyRequestSender - Using open Channel [id: 0xdffd1267, L:/127.0.0.1:61309 - R:localhost/127.0.0.1:13653] for GET '/session/343760fe1b3b1d209c4a0d88582a27db/alert/text'
11:36:21.858 [AsyncHttpClient-1-5] DEBUG org.asynchttpclient.netty.handler.HttpHandler - 

Request DefaultFullHttpRequest(decodeResult: success, version: HTTP/1.1, content: EmptyByteBufBE)
GET /session/343760fe1b3b1d209c4a0d88582a27db/alert/text HTTP/1.1
User-Agent: selenium/4.8.0 (java windows)
Cache-Control: no-cache
Content-Type: application/json; charset=utf-8
host: localhost:13653
accept: */*

Response DefaultHttpResponse(decodeResult: success, version: HTTP/1.1)
HTTP/1.1 404 Not Found
Content-Length: 1522
Content-Type: application/json; charset=utf-8
cache-control: no-cache

11:36:21.858 [AsyncHttpClient-1-5] DEBUG org.asynchttpclient.netty.channel.ChannelManager - Adding key: http://localhost:13653 for channel [id: 0xdffd1267, L:/127.0.0.1:61309 - R:localhost/127.0.0.1:13653]
11:36:21.858 [Forwarding getCurrentUrl on session 343760fe1b3b1d209c4a0d88582a27db to remote] DEBUG org.asynchttpclient.netty.request.NettyRequestSender - Using pooled Channel '[id: 0xdffd1267, L:/127.0.0.1:61309 - R:localhost/127.0.0.1:13653]' for 'GET' to 'http://localhost:13653/session/343760fe1b3b1d209c4a0d88582a27db/url'
11:36:21.858 [Forwarding getCurrentUrl on session 343760fe1b3b1d209c4a0d88582a27db to remote] DEBUG org.asynchttpclient.netty.request.NettyRequestSender - Using open Channel [id: 0xdffd1267, L:/127.0.0.1:61309 - R:localhost/127.0.0.1:13653] for GET '/session/343760fe1b3b1d209c4a0d88582a27db/url'
11:36:21.869 [AsyncHttpClient-1-5] DEBUG org.asynchttpclient.netty.handler.HttpHandler - 

Request DefaultFullHttpRequest(decodeResult: success, version: HTTP/1.1, content: EmptyByteBufBE)
GET /session/343760fe1b3b1d209c4a0d88582a27db/url HTTP/1.1
User-Agent: selenium/4.8.0 (java windows)
Cache-Control: no-cache
Content-Type: application/json; charset=utf-8
host: localhost:13653
accept: */*

Response DefaultHttpResponse(decodeResult: success, version: HTTP/1.1)
HTTP/1.1 200 OK
Content-Length: 47
Content-Type: application/json; charset=utf-8
cache-control: no-cache

11:36:21.869 [AsyncHttpClient-1-5] DEBUG org.asynchttpclient.netty.channel.ChannelManager - Adding key: http://localhost:13653 for channel [id: 0xdffd1267, L:/127.0.0.1:61309 - R:localhost/127.0.0.1:13653]
11:36:21.869 [Forwarding screenshot on session 343760fe1b3b1d209c4a0d88582a27db to remote] DEBUG org.asynchttpclient.netty.request.NettyRequestSender - Using pooled Channel '[id: 0xdffd1267, L:/127.0.0.1:61309 - R:localhost/127.0.0.1:13653]' for 'GET' to 'http://localhost:13653/session/343760fe1b3b1d209c4a0d88582a27db/screenshot'
11:36:21.869 [Forwarding screenshot on session 343760fe1b3b1d209c4a0d88582a27db to remote] DEBUG org.asynchttpclient.netty.request.NettyRequestSender - Using open Channel [id: 0xdffd1267, L:/127.0.0.1:61309 - R:localhost/127.0.0.1:13653] for GET '/session/343760fe1b3b1d209c4a0d88582a27db/screenshot'
11:36:21.937 [AsyncHttpClient-1-1] DEBUG org.asynchttpclient.netty.channel.DefaultChannelPool - Entry count for : http://localhost:61317 : 1
11:36:21.985 [AsyncHttpClient-1-5] DEBUG org.asynchttpclient.netty.handler.HttpHandler - 

Request DefaultFullHttpRequest(decodeResult: success, version: HTTP/1.1, content: EmptyByteBufBE)
GET /session/343760fe1b3b1d209c4a0d88582a27db/screenshot HTTP/1.1
User-Agent: selenium/4.8.0 (java windows)
Cache-Control: no-cache
Content-Type: application/json; charset=utf-8
host: localhost:13653
accept: */*

Response DefaultHttpResponse(decodeResult: success, version: HTTP/1.1)
HTTP/1.1 200 OK
Content-Length: 79820
Content-Type: application/json; charset=utf-8
cache-control: no-cache

11:36:21.985 [AsyncHttpClient-1-5] DEBUG org.asynchttpclient.netty.channel.ChannelManager - Adding key: http://localhost:13653 for channel [id: 0xdffd1267, L:/127.0.0.1:61309 - R:localhost/127.0.0.1:13653]
11:36:21.986 [main] DEBUG net.serenitybdd.core.photography.Darkroom - Send negative for processing for target\site\serenity\f22411eeb1ecd530ce17e3755060e8c246f74a49fea548866068a0837f48c931.png
11:36:21.989 [Forwarding getPageSource on session 343760fe1b3b1d209c4a0d88582a27db to remote] DEBUG org.asynchttpclient.netty.request.NettyRequestSender - Using pooled Channel '[id: 0xdffd1267, L:/127.0.0.1:61309 - R:localhost/127.0.0.1:13653]' for 'POST' to 'http://localhost:13653/session/343760fe1b3b1d209c4a0d88582a27db/execute/sync'
11:36:21.989 [Forwarding getPageSource on session 343760fe1b3b1d209c4a0d88582a27db to remote] DEBUG org.asynchttpclient.netty.request.NettyRequestSender - Using open Channel [id: 0xdffd1267, L:/127.0.0.1:61309 - R:localhost/127.0.0.1:13653] for POST '/session/343760fe1b3b1d209c4a0d88582a27db/execute/sync'
11:36:21.997 [AsyncHttpClient-1-5] DEBUG org.asynchttpclient.netty.handler.HttpHandler - 

Request DefaultHttpRequest(decodeResult: success, version: HTTP/1.1)
POST /session/343760fe1b3b1d209c4a0d88582a27db/execute/sync HTTP/1.1
User-Agent: selenium/4.8.0 (java windows)
Content-Length: 176
Content-Type: application/json; charset=utf-8
host: localhost:13653
accept: */*

Response DefaultHttpResponse(decodeResult: success, version: HTTP/1.1)
HTTP/1.1 200 OK
Content-Length: 12660
Content-Type: application/json; charset=utf-8
cache-control: no-cache

11:36:21.997 [AsyncHttpClient-1-5] DEBUG org.asynchttpclient.netty.channel.ChannelManager - Adding key: http://localhost:13653 for channel [id: 0xdffd1267, L:/127.0.0.1:61309 - R:localhost/127.0.0.1:13653]
11:36:21.998 [Forwarding getCurrentUrl on session 343760fe1b3b1d209c4a0d88582a27db to remote] DEBUG org.asynchttpclient.netty.request.NettyRequestSender - Using pooled Channel '[id: 0xdffd1267, L:/127.0.0.1:61309 - R:localhost/127.0.0.1:13653]' for 'GET' to 'http://localhost:13653/session/343760fe1b3b1d209c4a0d88582a27db/url'
11:36:21.998 [Forwarding getCurrentUrl on session 343760fe1b3b1d209c4a0d88582a27db to remote] DEBUG org.asynchttpclient.netty.request.NettyRequestSender - Using open Channel [id: 0xdffd1267, L:/127.0.0.1:61309 - R:localhost/127.0.0.1:13653] for GET '/session/343760fe1b3b1d209c4a0d88582a27db/url'
11:36:22.004 [AsyncHttpClient-1-5] DEBUG org.asynchttpclient.netty.handler.HttpHandler - 

Request DefaultFullHttpRequest(decodeResult: success, version: HTTP/1.1, content: EmptyByteBufBE)
GET /session/343760fe1b3b1d209c4a0d88582a27db/url HTTP/1.1
User-Agent: selenium/4.8.0 (java windows)
Cache-Control: no-cache
Content-Type: application/json; charset=utf-8
host: localhost:13653
accept: */*

Response DefaultHttpResponse(decodeResult: success, version: HTTP/1.1)
HTTP/1.1 200 OK
Content-Length: 47
Content-Type: application/json; charset=utf-8
cache-control: no-cache

11:36:22.004 [AsyncHttpClient-1-5] DEBUG org.asynchttpclient.netty.channel.ChannelManager - Adding key: http://localhost:13653 for channel [id: 0xdffd1267, L:/127.0.0.1:61309 - R:localhost/127.0.0.1:13653]
11:36:22.011 [main] DEBUG net.thucydides.core.steps.StepInterceptor - STARTING STEP: CartPageSteps.test8_validateUserInterfaceFootersAndHeadersInInventoryPage - validate headers
11:36:22.013 [Forwarding findElement on session 343760fe1b3b1d209c4a0d88582a27db to remote] DEBUG org.asynchttpclient.netty.request.NettyRequestSender - Using pooled Channel '[id: 0xdffd1267, L:/127.0.0.1:61309 - R:localhost/127.0.0.1:13653]' for 'POST' to 'http://localhost:13653/session/343760fe1b3b1d209c4a0d88582a27db/element'
11:36:22.013 [Forwarding findElement on session 343760fe1b3b1d209c4a0d88582a27db to remote] DEBUG org.asynchttpclient.netty.request.NettyRequestSender - Using open Channel [id: 0xdffd1267, L:/127.0.0.1:61309 - R:localhost/127.0.0.1:13653] for POST '/session/343760fe1b3b1d209c4a0d88582a27db/element'
11:36:22.023 [AsyncHttpClient-1-5] DEBUG org.asynchttpclient.netty.handler.HttpHandler - 

Request DefaultHttpRequest(decodeResult: success, version: HTTP/1.1)
POST /session/343760fe1b3b1d209c4a0d88582a27db/element HTTP/1.1
User-Agent: selenium/4.8.0 (java windows)
Content-Length: 90
Content-Type: application/json; charset=utf-8
host: localhost:13653
accept: */*

Response DefaultHttpResponse(decodeResult: success, version: HTTP/1.1)
HTTP/1.1 200 OK
Content-Length: 95
Content-Type: application/json; charset=utf-8
cache-control: no-cache

11:36:22.023 [AsyncHttpClient-1-5] DEBUG org.asynchttpclient.netty.channel.ChannelManager - Adding key: http://localhost:13653 for channel [id: 0xdffd1267, L:/127.0.0.1:61309 - R:localhost/127.0.0.1:13653]
11:36:22.025 [Forwarding isElementDisplayed on session 343760fe1b3b1d209c4a0d88582a27db to remote] DEBUG org.asynchttpclient.netty.request.NettyRequestSender - Using pooled Channel '[id: 0xdffd1267, L:/127.0.0.1:61309 - R:localhost/127.0.0.1:13653]' for 'POST' to 'http://localhost:13653/session/343760fe1b3b1d209c4a0d88582a27db/execute/sync'
11:36:22.025 [Forwarding isElementDisplayed on session 343760fe1b3b1d209c4a0d88582a27db to remote] DEBUG org.asynchttpclient.netty.request.NettyRequestSender - Using open Channel [id: 0xdffd1267, L:/127.0.0.1:61309 - R:localhost/127.0.0.1:13653] for POST '/session/343760fe1b3b1d209c4a0d88582a27db/execute/sync'
11:36:22.038 [AsyncHttpClient-1-5] DEBUG org.asynchttpclient.netty.handler.HttpHandler - 

Request DefaultHttpRequest(decodeResult: success, version: HTTP/1.1)
POST /session/343760fe1b3b1d209c4a0d88582a27db/execute/sync HTTP/1.1
User-Agent: selenium/4.8.0 (java windows)
Content-Length: 48814
Content-Type: application/json; charset=utf-8
host: localhost:13653
accept: */*

Response DefaultHttpResponse(decodeResult: success, version: HTTP/1.1)
HTTP/1.1 200 OK
Content-Length: 14
Content-Type: application/json; charset=utf-8
cache-control: no-cache

11:36:22.038 [AsyncHttpClient-1-5] DEBUG org.asynchttpclient.netty.channel.ChannelManager - Adding key: http://localhost:13653 for channel [id: 0xdffd1267, L:/127.0.0.1:61309 - R:localhost/127.0.0.1:13653]
11:36:22.039 [Forwarding getElementText on session 343760fe1b3b1d209c4a0d88582a27db to remote] DEBUG org.asynchttpclient.netty.request.NettyRequestSender - Using pooled Channel '[id: 0xdffd1267, L:/127.0.0.1:61309 - R:localhost/127.0.0.1:13653]' for 'GET' to 'http://localhost:13653/session/343760fe1b3b1d209c4a0d88582a27db/element/B5D78317CDC82913058D66A8C952A41F_element_58/text'
11:36:22.039 [Forwarding getElementText on session 343760fe1b3b1d209c4a0d88582a27db to remote] DEBUG org.asynchttpclient.netty.request.NettyRequestSender - Using open Channel [id: 0xdffd1267, L:/127.0.0.1:61309 - R:localhost/127.0.0.1:13653] for GET '/session/343760fe1b3b1d209c4a0d88582a27db/element/B5D78317CDC82913058D66A8C952A41F_element_58/text'
11:36:22.055 [AsyncHttpClient-1-5] DEBUG org.asynchttpclient.netty.handler.HttpHandler - 

Request DefaultFullHttpRequest(decodeResult: success, version: HTTP/1.1, content: EmptyByteBufBE)
GET /session/343760fe1b3b1d209c4a0d88582a27db/element/B5D78317CDC82913058D66A8C952A41F_element_58/text HTTP/1.1
User-Agent: selenium/4.8.0 (java windows)
Cache-Control: no-cache
Content-Type: application/json; charset=utf-8
host: localhost:13653
accept: */*

Response DefaultHttpResponse(decodeResult: success, version: HTTP/1.1)
HTTP/1.1 200 OK
Content-Length: 21
Content-Type: application/json; charset=utf-8
cache-control: no-cache

11:36:22.055 [AsyncHttpClient-1-5] DEBUG org.asynchttpclient.netty.channel.ChannelManager - Adding key: http://localhost:13653 for channel [id: 0xdffd1267, L:/127.0.0.1:61309 - R:localhost/127.0.0.1:13653]
11:36:22.057 [Forwarding findElement on session 343760fe1b3b1d209c4a0d88582a27db to remote] DEBUG org.asynchttpclient.netty.request.NettyRequestSender - Using pooled Channel '[id: 0xdffd1267, L:/127.0.0.1:61309 - R:localhost/127.0.0.1:13653]' for 'POST' to 'http://localhost:13653/session/343760fe1b3b1d209c4a0d88582a27db/element'
11:36:22.057 [Forwarding findElement on session 343760fe1b3b1d209c4a0d88582a27db to remote] DEBUG org.asynchttpclient.netty.request.NettyRequestSender - Using open Channel [id: 0xdffd1267, L:/127.0.0.1:61309 - R:localhost/127.0.0.1:13653] for POST '/session/343760fe1b3b1d209c4a0d88582a27db/element'
11:36:22.069 [AsyncHttpClient-1-5] DEBUG org.asynchttpclient.netty.handler.HttpHandler - 

Request DefaultHttpRequest(decodeResult: success, version: HTTP/1.1)
POST /session/343760fe1b3b1d209c4a0d88582a27db/element HTTP/1.1
User-Agent: selenium/4.8.0 (java windows)
Content-Length: 90
Content-Type: application/json; charset=utf-8
host: localhost:13653
accept: */*

Response DefaultHttpResponse(decodeResult: success, version: HTTP/1.1)
HTTP/1.1 200 OK
Content-Length: 95
Content-Type: application/json; charset=utf-8
cache-control: no-cache

11:36:22.069 [AsyncHttpClient-1-5] DEBUG org.asynchttpclient.netty.channel.ChannelManager - Adding key: http://localhost:13653 for channel [id: 0xdffd1267, L:/127.0.0.1:61309 - R:localhost/127.0.0.1:13653]
11:36:22.072 [Forwarding isElementDisplayed on session 343760fe1b3b1d209c4a0d88582a27db to remote] DEBUG org.asynchttpclient.netty.request.NettyRequestSender - Using pooled Channel '[id: 0xdffd1267, L:/127.0.0.1:61309 - R:localhost/127.0.0.1:13653]' for 'POST' to 'http://localhost:13653/session/343760fe1b3b1d209c4a0d88582a27db/execute/sync'
11:36:22.072 [Forwarding isElementDisplayed on session 343760fe1b3b1d209c4a0d88582a27db to remote] DEBUG org.asynchttpclient.netty.request.NettyRequestSender - Using open Channel [id: 0xdffd1267, L:/127.0.0.1:61309 - R:localhost/127.0.0.1:13653] for POST '/session/343760fe1b3b1d209c4a0d88582a27db/execute/sync'
11:36:22.082 [AsyncHttpClient-1-5] DEBUG org.asynchttpclient.netty.handler.HttpHandler - 

Request DefaultHttpRequest(decodeResult: success, version: HTTP/1.1)
POST /session/343760fe1b3b1d209c4a0d88582a27db/execute/sync HTTP/1.1
User-Agent: selenium/4.8.0 (java windows)
Content-Length: 48814
Content-Type: application/json; charset=utf-8
host: localhost:13653
accept: */*

Response DefaultHttpResponse(decodeResult: success, version: HTTP/1.1)
HTTP/1.1 200 OK
Content-Length: 14
Content-Type: application/json; charset=utf-8
cache-control: no-cache

11:36:22.082 [AsyncHttpClient-1-5] DEBUG org.asynchttpclient.netty.channel.ChannelManager - Adding key: http://localhost:13653 for channel [id: 0xdffd1267, L:/127.0.0.1:61309 - R:localhost/127.0.0.1:13653]
11:36:22.082 [Forwarding getElementText on session 343760fe1b3b1d209c4a0d88582a27db to remote] DEBUG org.asynchttpclient.netty.request.NettyRequestSender - Using pooled Channel '[id: 0xdffd1267, L:/127.0.0.1:61309 - R:localhost/127.0.0.1:13653]' for 'GET' to 'http://localhost:13653/session/343760fe1b3b1d209c4a0d88582a27db/element/B5D78317CDC82913058D66A8C952A41F_element_58/text'
11:36:22.082 [Forwarding getElementText on session 343760fe1b3b1d209c4a0d88582a27db to remote] DEBUG org.asynchttpclient.netty.request.NettyRequestSender - Using open Channel [id: 0xdffd1267, L:/127.0.0.1:61309 - R:localhost/127.0.0.1:13653] for GET '/session/343760fe1b3b1d209c4a0d88582a27db/element/B5D78317CDC82913058D66A8C952A41F_element_58/text'
11:36:22.095 [AsyncHttpClient-1-5] DEBUG org.asynchttpclient.netty.handler.HttpHandler - 

Request DefaultFullHttpRequest(decodeResult: success, version: HTTP/1.1, content: EmptyByteBufBE)
GET /session/343760fe1b3b1d209c4a0d88582a27db/element/B5D78317CDC82913058D66A8C952A41F_element_58/text HTTP/1.1
User-Agent: selenium/4.8.0 (java windows)
Cache-Control: no-cache
Content-Type: application/json; charset=utf-8
host: localhost:13653
accept: */*

Response DefaultHttpResponse(decodeResult: success, version: HTTP/1.1)
HTTP/1.1 200 OK
Content-Length: 21
Content-Type: application/json; charset=utf-8
cache-control: no-cache

11:36:22.095 [AsyncHttpClient-1-5] DEBUG org.asynchttpclient.netty.channel.ChannelManager - Adding key: http://localhost:13653 for channel [id: 0xdffd1267, L:/127.0.0.1:61309 - R:localhost/127.0.0.1:13653]
header validation passed
11:36:22.101 [Forwarding getAlertText on session 343760fe1b3b1d209c4a0d88582a27db to remote] DEBUG org.asynchttpclient.netty.request.NettyRequestSender - Using pooled Channel '[id: 0xdffd1267, L:/127.0.0.1:61309 - R:localhost/127.0.0.1:13653]' for 'GET' to 'http://localhost:13653/session/343760fe1b3b1d209c4a0d88582a27db/alert/text'
11:36:22.101 [Forwarding getAlertText on session 343760fe1b3b1d209c4a0d88582a27db to remote] DEBUG org.asynchttpclient.netty.request.NettyRequestSender - Using open Channel [id: 0xdffd1267, L:/127.0.0.1:61309 - R:localhost/127.0.0.1:13653] for GET '/session/343760fe1b3b1d209c4a0d88582a27db/alert/text'
11:36:22.103 [AsyncHttpClient-1-5] DEBUG org.asynchttpclient.netty.handler.HttpHandler - 

Request DefaultFullHttpRequest(decodeResult: success, version: HTTP/1.1, content: EmptyByteBufBE)
GET /session/343760fe1b3b1d209c4a0d88582a27db/alert/text HTTP/1.1
User-Agent: selenium/4.8.0 (java windows)
Cache-Control: no-cache
Content-Type: application/json; charset=utf-8
host: localhost:13653
accept: */*

Response DefaultHttpResponse(decodeResult: success, version: HTTP/1.1)
HTTP/1.1 404 Not Found
Content-Length: 1522
Content-Type: application/json; charset=utf-8
cache-control: no-cache

11:36:22.103 [AsyncHttpClient-1-5] DEBUG org.asynchttpclient.netty.channel.ChannelManager - Adding key: http://localhost:13653 for channel [id: 0xdffd1267, L:/127.0.0.1:61309 - R:localhost/127.0.0.1:13653]
11:36:22.103 [Forwarding getCurrentUrl on session 343760fe1b3b1d209c4a0d88582a27db to remote] DEBUG org.asynchttpclient.netty.request.NettyRequestSender - Using pooled Channel '[id: 0xdffd1267, L:/127.0.0.1:61309 - R:localhost/127.0.0.1:13653]' for 'GET' to 'http://localhost:13653/session/343760fe1b3b1d209c4a0d88582a27db/url'
11:36:22.103 [Forwarding getCurrentUrl on session 343760fe1b3b1d209c4a0d88582a27db to remote] DEBUG org.asynchttpclient.netty.request.NettyRequestSender - Using open Channel [id: 0xdffd1267, L:/127.0.0.1:61309 - R:localhost/127.0.0.1:13653] for GET '/session/343760fe1b3b1d209c4a0d88582a27db/url'
11:36:22.109 [AsyncHttpClient-1-5] DEBUG org.asynchttpclient.netty.handler.HttpHandler - 

Request DefaultFullHttpRequest(decodeResult: success, version: HTTP/1.1, content: EmptyByteBufBE)
GET /session/343760fe1b3b1d209c4a0d88582a27db/url HTTP/1.1
User-Agent: selenium/4.8.0 (java windows)
Cache-Control: no-cache
Content-Type: application/json; charset=utf-8
host: localhost:13653
accept: */*

Response DefaultHttpResponse(decodeResult: success, version: HTTP/1.1)
HTTP/1.1 200 OK
Content-Length: 47
Content-Type: application/json; charset=utf-8
cache-control: no-cache

11:36:22.109 [AsyncHttpClient-1-5] DEBUG org.asynchttpclient.netty.channel.ChannelManager - Adding key: http://localhost:13653 for channel [id: 0xdffd1267, L:/127.0.0.1:61309 - R:localhost/127.0.0.1:13653]
11:36:22.109 [Forwarding screenshot on session 343760fe1b3b1d209c4a0d88582a27db to remote] DEBUG org.asynchttpclient.netty.request.NettyRequestSender - Using pooled Channel '[id: 0xdffd1267, L:/127.0.0.1:61309 - R:localhost/127.0.0.1:13653]' for 'GET' to 'http://localhost:13653/session/343760fe1b3b1d209c4a0d88582a27db/screenshot'
11:36:22.109 [Forwarding screenshot on session 343760fe1b3b1d209c4a0d88582a27db to remote] DEBUG org.asynchttpclient.netty.request.NettyRequestSender - Using open Channel [id: 0xdffd1267, L:/127.0.0.1:61309 - R:localhost/127.0.0.1:13653] for GET '/session/343760fe1b3b1d209c4a0d88582a27db/screenshot'
11:36:22.226 [AsyncHttpClient-1-5] DEBUG org.asynchttpclient.netty.handler.HttpHandler - 

Request DefaultFullHttpRequest(decodeResult: success, version: HTTP/1.1, content: EmptyByteBufBE)
GET /session/343760fe1b3b1d209c4a0d88582a27db/screenshot HTTP/1.1
User-Agent: selenium/4.8.0 (java windows)
Cache-Control: no-cache
Content-Type: application/json; charset=utf-8
host: localhost:13653
accept: */*

Response DefaultHttpResponse(decodeResult: success, version: HTTP/1.1)
HTTP/1.1 200 OK
Content-Length: 79820
Content-Type: application/json; charset=utf-8
cache-control: no-cache

11:36:22.227 [AsyncHttpClient-1-5] DEBUG org.asynchttpclient.netty.channel.ChannelManager - Adding key: http://localhost:13653 for channel [id: 0xdffd1267, L:/127.0.0.1:61309 - R:localhost/127.0.0.1:13653]
11:36:22.228 [main] DEBUG net.serenitybdd.core.photography.Darkroom - Send negative for processing for target\site\serenity\f22411eeb1ecd530ce17e3755060e8c246f74a49fea548866068a0837f48c931.png
11:36:22.228 [main] DEBUG net.thucydides.core.steps.StepInterceptor - STEP DONE: validate headers
11:36:22.236 [Forwarding getPageSource on session 343760fe1b3b1d209c4a0d88582a27db to remote] DEBUG org.asynchttpclient.netty.request.NettyRequestSender - Using pooled Channel '[id: 0xdffd1267, L:/127.0.0.1:61309 - R:localhost/127.0.0.1:13653]' for 'POST' to 'http://localhost:13653/session/343760fe1b3b1d209c4a0d88582a27db/execute/sync'
11:36:22.236 [Forwarding getPageSource on session 343760fe1b3b1d209c4a0d88582a27db to remote] DEBUG org.asynchttpclient.netty.request.NettyRequestSender - Using open Channel [id: 0xdffd1267, L:/127.0.0.1:61309 - R:localhost/127.0.0.1:13653] for POST '/session/343760fe1b3b1d209c4a0d88582a27db/execute/sync'
11:36:22.240 [AsyncHttpClient-1-5] DEBUG org.asynchttpclient.netty.handler.HttpHandler - 

Request DefaultHttpRequest(decodeResult: success, version: HTTP/1.1)
POST /session/343760fe1b3b1d209c4a0d88582a27db/execute/sync HTTP/1.1
User-Agent: selenium/4.8.0 (java windows)
Content-Length: 176
Content-Type: application/json; charset=utf-8
host: localhost:13653
accept: */*

Response DefaultHttpResponse(decodeResult: success, version: HTTP/1.1)
HTTP/1.1 200 OK
Content-Length: 12660
Content-Type: application/json; charset=utf-8
cache-control: no-cache

11:36:22.240 [AsyncHttpClient-1-5] DEBUG org.asynchttpclient.netty.channel.ChannelManager - Adding key: http://localhost:13653 for channel [id: 0xdffd1267, L:/127.0.0.1:61309 - R:localhost/127.0.0.1:13653]
11:36:22.244 [Forwarding getCurrentUrl on session 343760fe1b3b1d209c4a0d88582a27db to remote] DEBUG org.asynchttpclient.netty.request.NettyRequestSender - Using pooled Channel '[id: 0xdffd1267, L:/127.0.0.1:61309 - R:localhost/127.0.0.1:13653]' for 'GET' to 'http://localhost:13653/session/343760fe1b3b1d209c4a0d88582a27db/url'
11:36:22.244 [Forwarding getCurrentUrl on session 343760fe1b3b1d209c4a0d88582a27db to remote] DEBUG org.asynchttpclient.netty.request.NettyRequestSender - Using open Channel [id: 0xdffd1267, L:/127.0.0.1:61309 - R:localhost/127.0.0.1:13653] for GET '/session/343760fe1b3b1d209c4a0d88582a27db/url'
11:36:22.249 [AsyncHttpClient-1-5] DEBUG org.asynchttpclient.netty.handler.HttpHandler - 

Request DefaultFullHttpRequest(decodeResult: success, version: HTTP/1.1, content: EmptyByteBufBE)
GET /session/343760fe1b3b1d209c4a0d88582a27db/url HTTP/1.1
User-Agent: selenium/4.8.0 (java windows)
Cache-Control: no-cache
Content-Type: application/json; charset=utf-8
host: localhost:13653
accept: */*

Response DefaultHttpResponse(decodeResult: success, version: HTTP/1.1)
HTTP/1.1 200 OK
Content-Length: 47
Content-Type: application/json; charset=utf-8
cache-control: no-cache

11:36:22.250 [AsyncHttpClient-1-5] DEBUG org.asynchttpclient.netty.channel.ChannelManager - Adding key: http://localhost:13653 for channel [id: 0xdffd1267, L:/127.0.0.1:61309 - R:localhost/127.0.0.1:13653]
11:36:22.256 [main] DEBUG net.thucydides.core.steps.StepInterceptor - STARTING STEP: CartPageSteps.test8_validateUserInterfaceFootersAndHeadersInInventoryPage - validate footers
11:36:22.260 [Forwarding findElement on session 343760fe1b3b1d209c4a0d88582a27db to remote] DEBUG org.asynchttpclient.netty.request.NettyRequestSender - Using pooled Channel '[id: 0xdffd1267, L:/127.0.0.1:61309 - R:localhost/127.0.0.1:13653]' for 'POST' to 'http://localhost:13653/session/343760fe1b3b1d209c4a0d88582a27db/element'
11:36:22.260 [Forwarding findElement on session 343760fe1b3b1d209c4a0d88582a27db to remote] DEBUG org.asynchttpclient.netty.request.NettyRequestSender - Using open Channel [id: 0xdffd1267, L:/127.0.0.1:61309 - R:localhost/127.0.0.1:13653] for POST '/session/343760fe1b3b1d209c4a0d88582a27db/element'
11:36:22.268 [AsyncHttpClient-1-5] DEBUG org.asynchttpclient.netty.handler.HttpHandler - 

Request DefaultHttpRequest(decodeResult: success, version: HTTP/1.1)
POST /session/343760fe1b3b1d209c4a0d88582a27db/element HTTP/1.1
User-Agent: selenium/4.8.0 (java windows)
Content-Length: 74
Content-Type: application/json; charset=utf-8
host: localhost:13653
accept: */*

Response DefaultHttpResponse(decodeResult: success, version: HTTP/1.1)
HTTP/1.1 200 OK
Content-Length: 95
Content-Type: application/json; charset=utf-8
cache-control: no-cache

11:36:22.268 [AsyncHttpClient-1-5] DEBUG org.asynchttpclient.netty.channel.ChannelManager - Adding key: http://localhost:13653 for channel [id: 0xdffd1267, L:/127.0.0.1:61309 - R:localhost/127.0.0.1:13653]
11:36:22.272 [Forwarding isElementDisplayed on session 343760fe1b3b1d209c4a0d88582a27db to remote] DEBUG org.asynchttpclient.netty.request.NettyRequestSender - Using pooled Channel '[id: 0xdffd1267, L:/127.0.0.1:61309 - R:localhost/127.0.0.1:13653]' for 'POST' to 'http://localhost:13653/session/343760fe1b3b1d209c4a0d88582a27db/execute/sync'
11:36:22.272 [Forwarding isElementDisplayed on session 343760fe1b3b1d209c4a0d88582a27db to remote] DEBUG org.asynchttpclient.netty.request.NettyRequestSender - Using open Channel [id: 0xdffd1267, L:/127.0.0.1:61309 - R:localhost/127.0.0.1:13653] for POST '/session/343760fe1b3b1d209c4a0d88582a27db/execute/sync'
11:36:22.285 [AsyncHttpClient-1-5] DEBUG org.asynchttpclient.netty.handler.HttpHandler - 

Request DefaultHttpRequest(decodeResult: success, version: HTTP/1.1)
POST /session/343760fe1b3b1d209c4a0d88582a27db/execute/sync HTTP/1.1
User-Agent: selenium/4.8.0 (java windows)
Content-Length: 48814
Content-Type: application/json; charset=utf-8
host: localhost:13653
accept: */*

Response DefaultHttpResponse(decodeResult: success, version: HTTP/1.1)
HTTP/1.1 200 OK
Content-Length: 14
Content-Type: application/json; charset=utf-8
cache-control: no-cache

11:36:22.285 [AsyncHttpClient-1-5] DEBUG org.asynchttpclient.netty.channel.ChannelManager - Adding key: http://localhost:13653 for channel [id: 0xdffd1267, L:/127.0.0.1:61309 - R:localhost/127.0.0.1:13653]
11:36:22.285 [Forwarding getElementText on session 343760fe1b3b1d209c4a0d88582a27db to remote] DEBUG org.asynchttpclient.netty.request.NettyRequestSender - Using pooled Channel '[id: 0xdffd1267, L:/127.0.0.1:61309 - R:localhost/127.0.0.1:13653]' for 'GET' to 'http://localhost:13653/session/343760fe1b3b1d209c4a0d88582a27db/element/B5D78317CDC82913058D66A8C952A41F_element_59/text'
11:36:22.285 [Forwarding getElementText on session 343760fe1b3b1d209c4a0d88582a27db to remote] DEBUG org.asynchttpclient.netty.request.NettyRequestSender - Using open Channel [id: 0xdffd1267, L:/127.0.0.1:61309 - R:localhost/127.0.0.1:13653] for GET '/session/343760fe1b3b1d209c4a0d88582a27db/element/B5D78317CDC82913058D66A8C952A41F_element_59/text'
11:36:22.295 [AsyncHttpClient-1-5] DEBUG org.asynchttpclient.netty.handler.HttpHandler - 

Request DefaultFullHttpRequest(decodeResult: success, version: HTTP/1.1, content: EmptyByteBufBE)
GET /session/343760fe1b3b1d209c4a0d88582a27db/element/B5D78317CDC82913058D66A8C952A41F_element_59/text HTTP/1.1
User-Agent: selenium/4.8.0 (java windows)
Cache-Control: no-cache
Content-Type: application/json; charset=utf-8
host: localhost:13653
accept: */*

Response DefaultHttpResponse(decodeResult: success, version: HTTP/1.1)
HTTP/1.1 200 OK
Content-Length: 86
Content-Type: application/json; charset=utf-8
cache-control: no-cache

11:36:22.295 [AsyncHttpClient-1-5] DEBUG org.asynchttpclient.netty.channel.ChannelManager - Adding key: http://localhost:13653 for channel [id: 0xdffd1267, L:/127.0.0.1:61309 - R:localhost/127.0.0.1:13653]
footer validation passed
11:36:22.301 [Forwarding getAlertText on session 343760fe1b3b1d209c4a0d88582a27db to remote] DEBUG org.asynchttpclient.netty.request.NettyRequestSender - Using pooled Channel '[id: 0xdffd1267, L:/127.0.0.1:61309 - R:localhost/127.0.0.1:13653]' for 'GET' to 'http://localhost:13653/session/343760fe1b3b1d209c4a0d88582a27db/alert/text'
11:36:22.301 [Forwarding getAlertText on session 343760fe1b3b1d209c4a0d88582a27db to remote] DEBUG org.asynchttpclient.netty.request.NettyRequestSender - Using open Channel [id: 0xdffd1267, L:/127.0.0.1:61309 - R:localhost/127.0.0.1:13653] for GET '/session/343760fe1b3b1d209c4a0d88582a27db/alert/text'
11:36:22.302 [AsyncHttpClient-1-5] DEBUG org.asynchttpclient.netty.handler.HttpHandler - 

Request DefaultFullHttpRequest(decodeResult: success, version: HTTP/1.1, content: EmptyByteBufBE)
GET /session/343760fe1b3b1d209c4a0d88582a27db/alert/text HTTP/1.1
User-Agent: selenium/4.8.0 (java windows)
Cache-Control: no-cache
Content-Type: application/json; charset=utf-8
host: localhost:13653
accept: */*

Response DefaultHttpResponse(decodeResult: success, version: HTTP/1.1)
HTTP/1.1 404 Not Found
Content-Length: 1522
Content-Type: application/json; charset=utf-8
cache-control: no-cache

11:36:22.302 [AsyncHttpClient-1-5] DEBUG org.asynchttpclient.netty.channel.ChannelManager - Adding key: http://localhost:13653 for channel [id: 0xdffd1267, L:/127.0.0.1:61309 - R:localhost/127.0.0.1:13653]
11:36:22.303 [Forwarding getCurrentUrl on session 343760fe1b3b1d209c4a0d88582a27db to remote] DEBUG org.asynchttpclient.netty.request.NettyRequestSender - Using pooled Channel '[id: 0xdffd1267, L:/127.0.0.1:61309 - R:localhost/127.0.0.1:13653]' for 'GET' to 'http://localhost:13653/session/343760fe1b3b1d209c4a0d88582a27db/url'
11:36:22.303 [Forwarding getCurrentUrl on session 343760fe1b3b1d209c4a0d88582a27db to remote] DEBUG org.asynchttpclient.netty.request.NettyRequestSender - Using open Channel [id: 0xdffd1267, L:/127.0.0.1:61309 - R:localhost/127.0.0.1:13653] for GET '/session/343760fe1b3b1d209c4a0d88582a27db/url'
11:36:22.307 [AsyncHttpClient-1-5] DEBUG org.asynchttpclient.netty.handler.HttpHandler - 

Request DefaultFullHttpRequest(decodeResult: success, version: HTTP/1.1, content: EmptyByteBufBE)
GET /session/343760fe1b3b1d209c4a0d88582a27db/url HTTP/1.1
User-Agent: selenium/4.8.0 (java windows)
Cache-Control: no-cache
Content-Type: application/json; charset=utf-8
host: localhost:13653
accept: */*

Response DefaultHttpResponse(decodeResult: success, version: HTTP/1.1)
HTTP/1.1 200 OK
Content-Length: 47
Content-Type: application/json; charset=utf-8
cache-control: no-cache

11:36:22.307 [AsyncHttpClient-1-5] DEBUG org.asynchttpclient.netty.channel.ChannelManager - Adding key: http://localhost:13653 for channel [id: 0xdffd1267, L:/127.0.0.1:61309 - R:localhost/127.0.0.1:13653]
11:36:22.307 [Forwarding screenshot on session 343760fe1b3b1d209c4a0d88582a27db to remote] DEBUG org.asynchttpclient.netty.request.NettyRequestSender - Using pooled Channel '[id: 0xdffd1267, L:/127.0.0.1:61309 - R:localhost/127.0.0.1:13653]' for 'GET' to 'http://localhost:13653/session/343760fe1b3b1d209c4a0d88582a27db/screenshot'
11:36:22.307 [Forwarding screenshot on session 343760fe1b3b1d209c4a0d88582a27db to remote] DEBUG org.asynchttpclient.netty.request.NettyRequestSender - Using open Channel [id: 0xdffd1267, L:/127.0.0.1:61309 - R:localhost/127.0.0.1:13653] for GET '/session/343760fe1b3b1d209c4a0d88582a27db/screenshot'
11:36:22.425 [AsyncHttpClient-1-5] DEBUG org.asynchttpclient.netty.handler.HttpHandler - 

Request DefaultFullHttpRequest(decodeResult: success, version: HTTP/1.1, content: EmptyByteBufBE)
GET /session/343760fe1b3b1d209c4a0d88582a27db/screenshot HTTP/1.1
User-Agent: selenium/4.8.0 (java windows)
Cache-Control: no-cache
Content-Type: application/json; charset=utf-8
host: localhost:13653
accept: */*

Response DefaultHttpResponse(decodeResult: success, version: HTTP/1.1)
HTTP/1.1 200 OK
Content-Length: 79820
Content-Type: application/json; charset=utf-8
cache-control: no-cache

11:36:22.425 [AsyncHttpClient-1-5] DEBUG org.asynchttpclient.netty.channel.ChannelManager - Adding key: http://localhost:13653 for channel [id: 0xdffd1267, L:/127.0.0.1:61309 - R:localhost/127.0.0.1:13653]
11:36:22.426 [main] DEBUG net.serenitybdd.core.photography.Darkroom - Send negative for processing for target\site\serenity\f22411eeb1ecd530ce17e3755060e8c246f74a49fea548866068a0837f48c931.png
11:36:22.426 [main] DEBUG net.thucydides.core.steps.StepInterceptor - STEP DONE: validate footers
11:36:22.431 [Forwarding getPageSource on session 343760fe1b3b1d209c4a0d88582a27db to remote] DEBUG org.asynchttpclient.netty.request.NettyRequestSender - Using pooled Channel '[id: 0xdffd1267, L:/127.0.0.1:61309 - R:localhost/127.0.0.1:13653]' for 'POST' to 'http://localhost:13653/session/343760fe1b3b1d209c4a0d88582a27db/execute/sync'
11:36:22.431 [Forwarding getPageSource on session 343760fe1b3b1d209c4a0d88582a27db to remote] DEBUG org.asynchttpclient.netty.request.NettyRequestSender - Using open Channel [id: 0xdffd1267, L:/127.0.0.1:61309 - R:localhost/127.0.0.1:13653] for POST '/session/343760fe1b3b1d209c4a0d88582a27db/execute/sync'
11:36:22.438 [AsyncHttpClient-1-5] DEBUG org.asynchttpclient.netty.handler.HttpHandler - 

Request DefaultHttpRequest(decodeResult: success, version: HTTP/1.1)
POST /session/343760fe1b3b1d209c4a0d88582a27db/execute/sync HTTP/1.1
User-Agent: selenium/4.8.0 (java windows)
Content-Length: 176
Content-Type: application/json; charset=utf-8
host: localhost:13653
accept: */*

Response DefaultHttpResponse(decodeResult: success, version: HTTP/1.1)
HTTP/1.1 200 OK
Content-Length: 12660
Content-Type: application/json; charset=utf-8
cache-control: no-cache

11:36:22.438 [AsyncHttpClient-1-5] DEBUG org.asynchttpclient.netty.channel.ChannelManager - Adding key: http://localhost:13653 for channel [id: 0xdffd1267, L:/127.0.0.1:61309 - R:localhost/127.0.0.1:13653]
11:36:22.439 [Forwarding getCurrentUrl on session 343760fe1b3b1d209c4a0d88582a27db to remote] DEBUG org.asynchttpclient.netty.request.NettyRequestSender - Using pooled Channel '[id: 0xdffd1267, L:/127.0.0.1:61309 - R:localhost/127.0.0.1:13653]' for 'GET' to 'http://localhost:13653/session/343760fe1b3b1d209c4a0d88582a27db/url'
11:36:22.439 [Forwarding getCurrentUrl on session 343760fe1b3b1d209c4a0d88582a27db to remote] DEBUG org.asynchttpclient.netty.request.NettyRequestSender - Using open Channel [id: 0xdffd1267, L:/127.0.0.1:61309 - R:localhost/127.0.0.1:13653] for GET '/session/343760fe1b3b1d209c4a0d88582a27db/url'
11:36:22.441 [AsyncHttpClient-1-5] DEBUG org.asynchttpclient.netty.handler.HttpHandler - 

Request DefaultFullHttpRequest(decodeResult: success, version: HTTP/1.1, content: EmptyByteBufBE)
GET /session/343760fe1b3b1d209c4a0d88582a27db/url HTTP/1.1
User-Agent: selenium/4.8.0 (java windows)
Cache-Control: no-cache
Content-Type: application/json; charset=utf-8
host: localhost:13653
accept: */*

Response DefaultHttpResponse(decodeResult: success, version: HTTP/1.1)
HTTP/1.1 200 OK
Content-Length: 47
Content-Type: application/json; charset=utf-8
cache-control: no-cache

11:36:22.442 [AsyncHttpClient-1-5] DEBUG org.asynchttpclient.netty.channel.ChannelManager - Adding key: http://localhost:13653 for channel [id: 0xdffd1267, L:/127.0.0.1:61309 - R:localhost/127.0.0.1:13653]
11:36:22.449 [main] DEBUG net.thucydides.core.steps.StepInterceptor - STARTING STEP: CartPageSteps.test8_validateUserInterfaceFootersAndHeadersInInventoryPage - verify continue shopping button is exist
11:36:22.450 [Forwarding findElement on session 343760fe1b3b1d209c4a0d88582a27db to remote] DEBUG org.asynchttpclient.netty.request.NettyRequestSender - Using pooled Channel '[id: 0xdffd1267, L:/127.0.0.1:61309 - R:localhost/127.0.0.1:13653]' for 'POST' to 'http://localhost:13653/session/343760fe1b3b1d209c4a0d88582a27db/element'
11:36:22.450 [Forwarding findElement on session 343760fe1b3b1d209c4a0d88582a27db to remote] DEBUG org.asynchttpclient.netty.request.NettyRequestSender - Using open Channel [id: 0xdffd1267, L:/127.0.0.1:61309 - R:localhost/127.0.0.1:13653] for POST '/session/343760fe1b3b1d209c4a0d88582a27db/element'
11:36:22.463 [AsyncHttpClient-1-5] DEBUG org.asynchttpclient.netty.handler.HttpHandler - 

Request DefaultHttpRequest(decodeResult: success, version: HTTP/1.1)
POST /session/343760fe1b3b1d209c4a0d88582a27db/element HTTP/1.1
User-Agent: selenium/4.8.0 (java windows)
Content-Length: 64
Content-Type: application/json; charset=utf-8
host: localhost:13653
accept: */*

Response DefaultHttpResponse(decodeResult: success, version: HTTP/1.1)
HTTP/1.1 200 OK
Content-Length: 95
Content-Type: application/json; charset=utf-8
cache-control: no-cache

11:36:22.463 [AsyncHttpClient-1-5] DEBUG org.asynchttpclient.netty.channel.ChannelManager - Adding key: http://localhost:13653 for channel [id: 0xdffd1267, L:/127.0.0.1:61309 - R:localhost/127.0.0.1:13653]
11:36:22.465 [Forwarding isElementDisplayed on session 343760fe1b3b1d209c4a0d88582a27db to remote] DEBUG org.asynchttpclient.netty.request.NettyRequestSender - Using pooled Channel '[id: 0xdffd1267, L:/127.0.0.1:61309 - R:localhost/127.0.0.1:13653]' for 'POST' to 'http://localhost:13653/session/343760fe1b3b1d209c4a0d88582a27db/execute/sync'
11:36:22.466 [Forwarding isElementDisplayed on session 343760fe1b3b1d209c4a0d88582a27db to remote] DEBUG org.asynchttpclient.netty.request.NettyRequestSender - Using open Channel [id: 0xdffd1267, L:/127.0.0.1:61309 - R:localhost/127.0.0.1:13653] for POST '/session/343760fe1b3b1d209c4a0d88582a27db/execute/sync'
11:36:22.475 [AsyncHttpClient-1-5] DEBUG org.asynchttpclient.netty.handler.HttpHandler - 

Request DefaultHttpRequest(decodeResult: success, version: HTTP/1.1)
POST /session/343760fe1b3b1d209c4a0d88582a27db/execute/sync HTTP/1.1
User-Agent: selenium/4.8.0 (java windows)
Content-Length: 48814
Content-Type: application/json; charset=utf-8
host: localhost:13653
accept: */*

Response DefaultHttpResponse(decodeResult: success, version: HTTP/1.1)
HTTP/1.1 200 OK
Content-Length: 14
Content-Type: application/json; charset=utf-8
cache-control: no-cache

11:36:22.475 [AsyncHttpClient-1-5] DEBUG org.asynchttpclient.netty.channel.ChannelManager - Adding key: http://localhost:13653 for channel [id: 0xdffd1267, L:/127.0.0.1:61309 - R:localhost/127.0.0.1:13653]
11:36:22.478 [Forwarding isElementDisplayed on session 343760fe1b3b1d209c4a0d88582a27db to remote] DEBUG org.asynchttpclient.netty.request.NettyRequestSender - Using pooled Channel '[id: 0xdffd1267, L:/127.0.0.1:61309 - R:localhost/127.0.0.1:13653]' for 'POST' to 'http://localhost:13653/session/343760fe1b3b1d209c4a0d88582a27db/execute/sync'
11:36:22.478 [Forwarding isElementDisplayed on session 343760fe1b3b1d209c4a0d88582a27db to remote] DEBUG org.asynchttpclient.netty.request.NettyRequestSender - Using open Channel [id: 0xdffd1267, L:/127.0.0.1:61309 - R:localhost/127.0.0.1:13653] for POST '/session/343760fe1b3b1d209c4a0d88582a27db/execute/sync'
11:36:22.485 [AsyncHttpClient-1-5] DEBUG org.asynchttpclient.netty.handler.HttpHandler - 

Request DefaultHttpRequest(decodeResult: success, version: HTTP/1.1)
POST /session/343760fe1b3b1d209c4a0d88582a27db/execute/sync HTTP/1.1
User-Agent: selenium/4.8.0 (java windows)
Content-Length: 48814
Content-Type: application/json; charset=utf-8
host: localhost:13653
accept: */*

Response DefaultHttpResponse(decodeResult: success, version: HTTP/1.1)
HTTP/1.1 200 OK
Content-Length: 14
Content-Type: application/json; charset=utf-8
cache-control: no-cache

11:36:22.485 [AsyncHttpClient-1-5] DEBUG org.asynchttpclient.netty.channel.ChannelManager - Adding key: http://localhost:13653 for channel [id: 0xdffd1267, L:/127.0.0.1:61309 - R:localhost/127.0.0.1:13653]
11:36:22.486 [Forwarding findElement on session 343760fe1b3b1d209c4a0d88582a27db to remote] DEBUG org.asynchttpclient.netty.request.NettyRequestSender - Using pooled Channel '[id: 0xdffd1267, L:/127.0.0.1:61309 - R:localhost/127.0.0.1:13653]' for 'POST' to 'http://localhost:13653/session/343760fe1b3b1d209c4a0d88582a27db/element'
11:36:22.486 [Forwarding findElement on session 343760fe1b3b1d209c4a0d88582a27db to remote] DEBUG org.asynchttpclient.netty.request.NettyRequestSender - Using open Channel [id: 0xdffd1267, L:/127.0.0.1:61309 - R:localhost/127.0.0.1:13653] for POST '/session/343760fe1b3b1d209c4a0d88582a27db/element'
11:36:22.491 [AsyncHttpClient-1-5] DEBUG org.asynchttpclient.netty.handler.HttpHandler - 

Request DefaultHttpRequest(decodeResult: success, version: HTTP/1.1)
POST /session/343760fe1b3b1d209c4a0d88582a27db/element HTTP/1.1
User-Agent: selenium/4.8.0 (java windows)
Content-Length: 64
Content-Type: application/json; charset=utf-8
host: localhost:13653
accept: */*

Response DefaultHttpResponse(decodeResult: success, version: HTTP/1.1)
HTTP/1.1 200 OK
Content-Length: 95
Content-Type: application/json; charset=utf-8
cache-control: no-cache

11:36:22.491 [AsyncHttpClient-1-5] DEBUG org.asynchttpclient.netty.channel.ChannelManager - Adding key: http://localhost:13653 for channel [id: 0xdffd1267, L:/127.0.0.1:61309 - R:localhost/127.0.0.1:13653]
11:36:22.493 [Forwarding isElementDisplayed on session 343760fe1b3b1d209c4a0d88582a27db to remote] DEBUG org.asynchttpclient.netty.request.NettyRequestSender - Using pooled Channel '[id: 0xdffd1267, L:/127.0.0.1:61309 - R:localhost/127.0.0.1:13653]' for 'POST' to 'http://localhost:13653/session/343760fe1b3b1d209c4a0d88582a27db/execute/sync'
11:36:22.493 [Forwarding isElementDisplayed on session 343760fe1b3b1d209c4a0d88582a27db to remote] DEBUG org.asynchttpclient.netty.request.NettyRequestSender - Using open Channel [id: 0xdffd1267, L:/127.0.0.1:61309 - R:localhost/127.0.0.1:13653] for POST '/session/343760fe1b3b1d209c4a0d88582a27db/execute/sync'
11:36:22.499 [AsyncHttpClient-1-5] DEBUG org.asynchttpclient.netty.handler.HttpHandler - 

Request DefaultHttpRequest(decodeResult: success, version: HTTP/1.1)
POST /session/343760fe1b3b1d209c4a0d88582a27db/execute/sync HTTP/1.1
User-Agent: selenium/4.8.0 (java windows)
Content-Length: 48814
Content-Type: application/json; charset=utf-8
host: localhost:13653
accept: */*

Response DefaultHttpResponse(decodeResult: success, version: HTTP/1.1)
HTTP/1.1 200 OK
Content-Length: 14
Content-Type: application/json; charset=utf-8
cache-control: no-cache

11:36:22.499 [AsyncHttpClient-1-5] DEBUG org.asynchttpclient.netty.channel.ChannelManager - Adding key: http://localhost:13653 for channel [id: 0xdffd1267, L:/127.0.0.1:61309 - R:localhost/127.0.0.1:13653]
11:36:22.501 [Forwarding isElementDisplayed on session 343760fe1b3b1d209c4a0d88582a27db to remote] DEBUG org.asynchttpclient.netty.request.NettyRequestSender - Using pooled Channel '[id: 0xdffd1267, L:/127.0.0.1:61309 - R:localhost/127.0.0.1:13653]' for 'POST' to 'http://localhost:13653/session/343760fe1b3b1d209c4a0d88582a27db/execute/sync'
11:36:22.501 [Forwarding isElementDisplayed on session 343760fe1b3b1d209c4a0d88582a27db to remote] DEBUG org.asynchttpclient.netty.request.NettyRequestSender - Using open Channel [id: 0xdffd1267, L:/127.0.0.1:61309 - R:localhost/127.0.0.1:13653] for POST '/session/343760fe1b3b1d209c4a0d88582a27db/execute/sync'
11:36:22.508 [AsyncHttpClient-1-5] DEBUG org.asynchttpclient.netty.handler.HttpHandler - 

Request DefaultHttpRequest(decodeResult: success, version: HTTP/1.1)
POST /session/343760fe1b3b1d209c4a0d88582a27db/execute/sync HTTP/1.1
User-Agent: selenium/4.8.0 (java windows)
Content-Length: 48814
Content-Type: application/json; charset=utf-8
host: localhost:13653
accept: */*

Response DefaultHttpResponse(decodeResult: success, version: HTTP/1.1)
HTTP/1.1 200 OK
Content-Length: 14
Content-Type: application/json; charset=utf-8
cache-control: no-cache

11:36:22.508 [AsyncHttpClient-1-5] DEBUG org.asynchttpclient.netty.channel.ChannelManager - Adding key: http://localhost:13653 for channel [id: 0xdffd1267, L:/127.0.0.1:61309 - R:localhost/127.0.0.1:13653]
11:36:22.511 [Forwarding getAlertText on session 343760fe1b3b1d209c4a0d88582a27db to remote] DEBUG org.asynchttpclient.netty.request.NettyRequestSender - Using pooled Channel '[id: 0xdffd1267, L:/127.0.0.1:61309 - R:localhost/127.0.0.1:13653]' for 'GET' to 'http://localhost:13653/session/343760fe1b3b1d209c4a0d88582a27db/alert/text'
11:36:22.511 [Forwarding getAlertText on session 343760fe1b3b1d209c4a0d88582a27db to remote] DEBUG org.asynchttpclient.netty.request.NettyRequestSender - Using open Channel [id: 0xdffd1267, L:/127.0.0.1:61309 - R:localhost/127.0.0.1:13653] for GET '/session/343760fe1b3b1d209c4a0d88582a27db/alert/text'
11:36:22.513 [AsyncHttpClient-1-5] DEBUG org.asynchttpclient.netty.handler.HttpHandler - 

Request DefaultFullHttpRequest(decodeResult: success, version: HTTP/1.1, content: EmptyByteBufBE)
GET /session/343760fe1b3b1d209c4a0d88582a27db/alert/text HTTP/1.1
User-Agent: selenium/4.8.0 (java windows)
Cache-Control: no-cache
Content-Type: application/json; charset=utf-8
host: localhost:13653
accept: */*

Response DefaultHttpResponse(decodeResult: success, version: HTTP/1.1)
HTTP/1.1 404 Not Found
Content-Length: 1522
Content-Type: application/json; charset=utf-8
cache-control: no-cache

11:36:22.513 [AsyncHttpClient-1-5] DEBUG org.asynchttpclient.netty.channel.ChannelManager - Adding key: http://localhost:13653 for channel [id: 0xdffd1267, L:/127.0.0.1:61309 - R:localhost/127.0.0.1:13653]
11:36:22.513 [Forwarding getCurrentUrl on session 343760fe1b3b1d209c4a0d88582a27db to remote] DEBUG org.asynchttpclient.netty.request.NettyRequestSender - Using pooled Channel '[id: 0xdffd1267, L:/127.0.0.1:61309 - R:localhost/127.0.0.1:13653]' for 'GET' to 'http://localhost:13653/session/343760fe1b3b1d209c4a0d88582a27db/url'
11:36:22.513 [Forwarding getCurrentUrl on session 343760fe1b3b1d209c4a0d88582a27db to remote] DEBUG org.asynchttpclient.netty.request.NettyRequestSender - Using open Channel [id: 0xdffd1267, L:/127.0.0.1:61309 - R:localhost/127.0.0.1:13653] for GET '/session/343760fe1b3b1d209c4a0d88582a27db/url'
11:36:22.517 [AsyncHttpClient-1-5] DEBUG org.asynchttpclient.netty.handler.HttpHandler - 

Request DefaultFullHttpRequest(decodeResult: success, version: HTTP/1.1, content: EmptyByteBufBE)
GET /session/343760fe1b3b1d209c4a0d88582a27db/url HTTP/1.1
User-Agent: selenium/4.8.0 (java windows)
Cache-Control: no-cache
Content-Type: application/json; charset=utf-8
host: localhost:13653
accept: */*

Response DefaultHttpResponse(decodeResult: success, version: HTTP/1.1)
HTTP/1.1 200 OK
Content-Length: 47
Content-Type: application/json; charset=utf-8
cache-control: no-cache

11:36:22.517 [AsyncHttpClient-1-5] DEBUG org.asynchttpclient.netty.channel.ChannelManager - Adding key: http://localhost:13653 for channel [id: 0xdffd1267, L:/127.0.0.1:61309 - R:localhost/127.0.0.1:13653]
11:36:22.517 [Forwarding screenshot on session 343760fe1b3b1d209c4a0d88582a27db to remote] DEBUG org.asynchttpclient.netty.request.NettyRequestSender - Using pooled Channel '[id: 0xdffd1267, L:/127.0.0.1:61309 - R:localhost/127.0.0.1:13653]' for 'GET' to 'http://localhost:13653/session/343760fe1b3b1d209c4a0d88582a27db/screenshot'
11:36:22.517 [Forwarding screenshot on session 343760fe1b3b1d209c4a0d88582a27db to remote] DEBUG org.asynchttpclient.netty.request.NettyRequestSender - Using open Channel [id: 0xdffd1267, L:/127.0.0.1:61309 - R:localhost/127.0.0.1:13653] for GET '/session/343760fe1b3b1d209c4a0d88582a27db/screenshot'
11:36:22.631 [AsyncHttpClient-1-5] DEBUG org.asynchttpclient.netty.handler.HttpHandler - 

Request DefaultFullHttpRequest(decodeResult: success, version: HTTP/1.1, content: EmptyByteBufBE)
GET /session/343760fe1b3b1d209c4a0d88582a27db/screenshot HTTP/1.1
User-Agent: selenium/4.8.0 (java windows)
Cache-Control: no-cache
Content-Type: application/json; charset=utf-8
host: localhost:13653
accept: */*

Response DefaultHttpResponse(decodeResult: success, version: HTTP/1.1)
HTTP/1.1 200 OK
Content-Length: 79820
Content-Type: application/json; charset=utf-8
cache-control: no-cache

11:36:22.632 [AsyncHttpClient-1-5] DEBUG org.asynchttpclient.netty.channel.ChannelManager - Adding key: http://localhost:13653 for channel [id: 0xdffd1267, L:/127.0.0.1:61309 - R:localhost/127.0.0.1:13653]
11:36:22.633 [main] DEBUG net.serenitybdd.core.photography.Darkroom - Send negative for processing for target\site\serenity\f22411eeb1ecd530ce17e3755060e8c246f74a49fea548866068a0837f48c931.png
11:36:22.633 [main] DEBUG net.thucydides.core.steps.StepInterceptor - STEP DONE: verify continue shopping button is exist
11:36:22.638 [Forwarding getPageSource on session 343760fe1b3b1d209c4a0d88582a27db to remote] DEBUG org.asynchttpclient.netty.request.NettyRequestSender - Using pooled Channel '[id: 0xdffd1267, L:/127.0.0.1:61309 - R:localhost/127.0.0.1:13653]' for 'POST' to 'http://localhost:13653/session/343760fe1b3b1d209c4a0d88582a27db/execute/sync'
11:36:22.638 [Forwarding getPageSource on session 343760fe1b3b1d209c4a0d88582a27db to remote] DEBUG org.asynchttpclient.netty.request.NettyRequestSender - Using open Channel [id: 0xdffd1267, L:/127.0.0.1:61309 - R:localhost/127.0.0.1:13653] for POST '/session/343760fe1b3b1d209c4a0d88582a27db/execute/sync'
11:36:22.649 [AsyncHttpClient-1-5] DEBUG org.asynchttpclient.netty.handler.HttpHandler - 

Request DefaultHttpRequest(decodeResult: success, version: HTTP/1.1)
POST /session/343760fe1b3b1d209c4a0d88582a27db/execute/sync HTTP/1.1
User-Agent: selenium/4.8.0 (java windows)
Content-Length: 176
Content-Type: application/json; charset=utf-8
host: localhost:13653
accept: */*

Response DefaultHttpResponse(decodeResult: success, version: HTTP/1.1)
HTTP/1.1 200 OK
Content-Length: 12660
Content-Type: application/json; charset=utf-8
cache-control: no-cache

11:36:22.649 [AsyncHttpClient-1-5] DEBUG org.asynchttpclient.netty.channel.ChannelManager - Adding key: http://localhost:13653 for channel [id: 0xdffd1267, L:/127.0.0.1:61309 - R:localhost/127.0.0.1:13653]
11:36:22.650 [Forwarding getCurrentUrl on session 343760fe1b3b1d209c4a0d88582a27db to remote] DEBUG org.asynchttpclient.netty.request.NettyRequestSender - Using pooled Channel '[id: 0xdffd1267, L:/127.0.0.1:61309 - R:localhost/127.0.0.1:13653]' for 'GET' to 'http://localhost:13653/session/343760fe1b3b1d209c4a0d88582a27db/url'
11:36:22.650 [Forwarding getCurrentUrl on session 343760fe1b3b1d209c4a0d88582a27db to remote] DEBUG org.asynchttpclient.netty.request.NettyRequestSender - Using open Channel [id: 0xdffd1267, L:/127.0.0.1:61309 - R:localhost/127.0.0.1:13653] for GET '/session/343760fe1b3b1d209c4a0d88582a27db/url'
11:36:22.656 [AsyncHttpClient-1-5] DEBUG org.asynchttpclient.netty.handler.HttpHandler - 

Request DefaultFullHttpRequest(decodeResult: success, version: HTTP/1.1, content: EmptyByteBufBE)
GET /session/343760fe1b3b1d209c4a0d88582a27db/url HTTP/1.1
User-Agent: selenium/4.8.0 (java windows)
Cache-Control: no-cache
Content-Type: application/json; charset=utf-8
host: localhost:13653
accept: */*

Response DefaultHttpResponse(decodeResult: success, version: HTTP/1.1)
HTTP/1.1 200 OK
Content-Length: 47
Content-Type: application/json; charset=utf-8
cache-control: no-cache

11:36:22.656 [AsyncHttpClient-1-5] DEBUG org.asynchttpclient.netty.channel.ChannelManager - Adding key: http://localhost:13653 for channel [id: 0xdffd1267, L:/127.0.0.1:61309 - R:localhost/127.0.0.1:13653]
11:36:22.661 [main] DEBUG net.thucydides.core.steps.StepInterceptor - STARTING STEP: CartPageSteps.test8_validateUserInterfaceFootersAndHeadersInInventoryPage - verify continue checkout button is exist
11:36:22.662 [Forwarding findElement on session 343760fe1b3b1d209c4a0d88582a27db to remote] DEBUG org.asynchttpclient.netty.request.NettyRequestSender - Using pooled Channel '[id: 0xdffd1267, L:/127.0.0.1:61309 - R:localhost/127.0.0.1:13653]' for 'POST' to 'http://localhost:13653/session/343760fe1b3b1d209c4a0d88582a27db/element'
11:36:22.662 [Forwarding findElement on session 343760fe1b3b1d209c4a0d88582a27db to remote] DEBUG org.asynchttpclient.netty.request.NettyRequestSender - Using open Channel [id: 0xdffd1267, L:/127.0.0.1:61309 - R:localhost/127.0.0.1:13653] for POST '/session/343760fe1b3b1d209c4a0d88582a27db/element'
11:36:22.672 [AsyncHttpClient-1-5] DEBUG org.asynchttpclient.netty.handler.HttpHandler - 

Request DefaultHttpRequest(decodeResult: success, version: HTTP/1.1)
POST /session/343760fe1b3b1d209c4a0d88582a27db/element HTTP/1.1
User-Agent: selenium/4.8.0 (java windows)
Content-Length: 74
Content-Type: application/json; charset=utf-8
host: localhost:13653
accept: */*

Response DefaultHttpResponse(decodeResult: success, version: HTTP/1.1)
HTTP/1.1 200 OK
Content-Length: 95
Content-Type: application/json; charset=utf-8
cache-control: no-cache

11:36:22.672 [AsyncHttpClient-1-5] DEBUG org.asynchttpclient.netty.channel.ChannelManager - Adding key: http://localhost:13653 for channel [id: 0xdffd1267, L:/127.0.0.1:61309 - R:localhost/127.0.0.1:13653]
11:36:22.674 [Forwarding isElementDisplayed on session 343760fe1b3b1d209c4a0d88582a27db to remote] DEBUG org.asynchttpclient.netty.request.NettyRequestSender - Using pooled Channel '[id: 0xdffd1267, L:/127.0.0.1:61309 - R:localhost/127.0.0.1:13653]' for 'POST' to 'http://localhost:13653/session/343760fe1b3b1d209c4a0d88582a27db/execute/sync'
11:36:22.674 [Forwarding isElementDisplayed on session 343760fe1b3b1d209c4a0d88582a27db to remote] DEBUG org.asynchttpclient.netty.request.NettyRequestSender - Using open Channel [id: 0xdffd1267, L:/127.0.0.1:61309 - R:localhost/127.0.0.1:13653] for POST '/session/343760fe1b3b1d209c4a0d88582a27db/execute/sync'
11:36:22.683 [AsyncHttpClient-1-5] DEBUG org.asynchttpclient.netty.handler.HttpHandler - 

Request DefaultHttpRequest(decodeResult: success, version: HTTP/1.1)
POST /session/343760fe1b3b1d209c4a0d88582a27db/execute/sync HTTP/1.1
User-Agent: selenium/4.8.0 (java windows)
Content-Length: 48814
Content-Type: application/json; charset=utf-8
host: localhost:13653
accept: */*

Response DefaultHttpResponse(decodeResult: success, version: HTTP/1.1)
HTTP/1.1 200 OK
Content-Length: 14
Content-Type: application/json; charset=utf-8
cache-control: no-cache

11:36:22.683 [AsyncHttpClient-1-5] DEBUG org.asynchttpclient.netty.channel.ChannelManager - Adding key: http://localhost:13653 for channel [id: 0xdffd1267, L:/127.0.0.1:61309 - R:localhost/127.0.0.1:13653]
11:36:22.686 [Forwarding isElementDisplayed on session 343760fe1b3b1d209c4a0d88582a27db to remote] DEBUG org.asynchttpclient.netty.request.NettyRequestSender - Using pooled Channel '[id: 0xdffd1267, L:/127.0.0.1:61309 - R:localhost/127.0.0.1:13653]' for 'POST' to 'http://localhost:13653/session/343760fe1b3b1d209c4a0d88582a27db/execute/sync'
11:36:22.686 [Forwarding isElementDisplayed on session 343760fe1b3b1d209c4a0d88582a27db to remote] DEBUG org.asynchttpclient.netty.request.NettyRequestSender - Using open Channel [id: 0xdffd1267, L:/127.0.0.1:61309 - R:localhost/127.0.0.1:13653] for POST '/session/343760fe1b3b1d209c4a0d88582a27db/execute/sync'
11:36:22.697 [AsyncHttpClient-1-5] DEBUG org.asynchttpclient.netty.handler.HttpHandler - 

Request DefaultHttpRequest(decodeResult: success, version: HTTP/1.1)
POST /session/343760fe1b3b1d209c4a0d88582a27db/execute/sync HTTP/1.1
User-Agent: selenium/4.8.0 (java windows)
Content-Length: 48814
Content-Type: application/json; charset=utf-8
host: localhost:13653
accept: */*

Response DefaultHttpResponse(decodeResult: success, version: HTTP/1.1)
HTTP/1.1 200 OK
Content-Length: 14
Content-Type: application/json; charset=utf-8
cache-control: no-cache

11:36:22.697 [AsyncHttpClient-1-5] DEBUG org.asynchttpclient.netty.channel.ChannelManager - Adding key: http://localhost:13653 for channel [id: 0xdffd1267, L:/127.0.0.1:61309 - R:localhost/127.0.0.1:13653]
11:36:22.699 [Forwarding findElement on session 343760fe1b3b1d209c4a0d88582a27db to remote] DEBUG org.asynchttpclient.netty.request.NettyRequestSender - Using pooled Channel '[id: 0xdffd1267, L:/127.0.0.1:61309 - R:localhost/127.0.0.1:13653]' for 'POST' to 'http://localhost:13653/session/343760fe1b3b1d209c4a0d88582a27db/element'
11:36:22.699 [Forwarding findElement on session 343760fe1b3b1d209c4a0d88582a27db to remote] DEBUG org.asynchttpclient.netty.request.NettyRequestSender - Using open Channel [id: 0xdffd1267, L:/127.0.0.1:61309 - R:localhost/127.0.0.1:13653] for POST '/session/343760fe1b3b1d209c4a0d88582a27db/element'
11:36:22.705 [AsyncHttpClient-1-5] DEBUG org.asynchttpclient.netty.handler.HttpHandler - 

Request DefaultHttpRequest(decodeResult: success, version: HTTP/1.1)
POST /session/343760fe1b3b1d209c4a0d88582a27db/element HTTP/1.1
User-Agent: selenium/4.8.0 (java windows)
Content-Length: 74
Content-Type: application/json; charset=utf-8
host: localhost:13653
accept: */*

Response DefaultHttpResponse(decodeResult: success, version: HTTP/1.1)
HTTP/1.1 200 OK
Content-Length: 95
Content-Type: application/json; charset=utf-8
cache-control: no-cache

11:36:22.706 [AsyncHttpClient-1-5] DEBUG org.asynchttpclient.netty.channel.ChannelManager - Adding key: http://localhost:13653 for channel [id: 0xdffd1267, L:/127.0.0.1:61309 - R:localhost/127.0.0.1:13653]
11:36:22.707 [Forwarding isElementDisplayed on session 343760fe1b3b1d209c4a0d88582a27db to remote] DEBUG org.asynchttpclient.netty.request.NettyRequestSender - Using pooled Channel '[id: 0xdffd1267, L:/127.0.0.1:61309 - R:localhost/127.0.0.1:13653]' for 'POST' to 'http://localhost:13653/session/343760fe1b3b1d209c4a0d88582a27db/execute/sync'
11:36:22.707 [Forwarding isElementDisplayed on session 343760fe1b3b1d209c4a0d88582a27db to remote] DEBUG org.asynchttpclient.netty.request.NettyRequestSender - Using open Channel [id: 0xdffd1267, L:/127.0.0.1:61309 - R:localhost/127.0.0.1:13653] for POST '/session/343760fe1b3b1d209c4a0d88582a27db/execute/sync'
11:36:22.717 [AsyncHttpClient-1-5] DEBUG org.asynchttpclient.netty.handler.HttpHandler - 

Request DefaultHttpRequest(decodeResult: success, version: HTTP/1.1)
POST /session/343760fe1b3b1d209c4a0d88582a27db/execute/sync HTTP/1.1
User-Agent: selenium/4.8.0 (java windows)
Content-Length: 48814
Content-Type: application/json; charset=utf-8
host: localhost:13653
accept: */*

Response DefaultHttpResponse(decodeResult: success, version: HTTP/1.1)
HTTP/1.1 200 OK
Content-Length: 14
Content-Type: application/json; charset=utf-8
cache-control: no-cache

11:36:22.717 [AsyncHttpClient-1-5] DEBUG org.asynchttpclient.netty.channel.ChannelManager - Adding key: http://localhost:13653 for channel [id: 0xdffd1267, L:/127.0.0.1:61309 - R:localhost/127.0.0.1:13653]
11:36:22.718 [Forwarding isElementDisplayed on session 343760fe1b3b1d209c4a0d88582a27db to remote] DEBUG org.asynchttpclient.netty.request.NettyRequestSender - Using pooled Channel '[id: 0xdffd1267, L:/127.0.0.1:61309 - R:localhost/127.0.0.1:13653]' for 'POST' to 'http://localhost:13653/session/343760fe1b3b1d209c4a0d88582a27db/execute/sync'
11:36:22.718 [Forwarding isElementDisplayed on session 343760fe1b3b1d209c4a0d88582a27db to remote] DEBUG org.asynchttpclient.netty.request.NettyRequestSender - Using open Channel [id: 0xdffd1267, L:/127.0.0.1:61309 - R:localhost/127.0.0.1:13653] for POST '/session/343760fe1b3b1d209c4a0d88582a27db/execute/sync'
11:36:22.727 [AsyncHttpClient-1-5] DEBUG org.asynchttpclient.netty.handler.HttpHandler - 

Request DefaultHttpRequest(decodeResult: success, version: HTTP/1.1)
POST /session/343760fe1b3b1d209c4a0d88582a27db/execute/sync HTTP/1.1
User-Agent: selenium/4.8.0 (java windows)
Content-Length: 48814
Content-Type: application/json; charset=utf-8
host: localhost:13653
accept: */*

Response DefaultHttpResponse(decodeResult: success, version: HTTP/1.1)
HTTP/1.1 200 OK
Content-Length: 14
Content-Type: application/json; charset=utf-8
cache-control: no-cache

11:36:22.727 [AsyncHttpClient-1-5] DEBUG org.asynchttpclient.netty.channel.ChannelManager - Adding key: http://localhost:13653 for channel [id: 0xdffd1267, L:/127.0.0.1:61309 - R:localhost/127.0.0.1:13653]
11:36:22.729 [Forwarding getAlertText on session 343760fe1b3b1d209c4a0d88582a27db to remote] DEBUG org.asynchttpclient.netty.request.NettyRequestSender - Using pooled Channel '[id: 0xdffd1267, L:/127.0.0.1:61309 - R:localhost/127.0.0.1:13653]' for 'GET' to 'http://localhost:13653/session/343760fe1b3b1d209c4a0d88582a27db/alert/text'
11:36:22.729 [Forwarding getAlertText on session 343760fe1b3b1d209c4a0d88582a27db to remote] DEBUG org.asynchttpclient.netty.request.NettyRequestSender - Using open Channel [id: 0xdffd1267, L:/127.0.0.1:61309 - R:localhost/127.0.0.1:13653] for GET '/session/343760fe1b3b1d209c4a0d88582a27db/alert/text'
11:36:22.730 [AsyncHttpClient-1-5] DEBUG org.asynchttpclient.netty.handler.HttpHandler - 

Request DefaultFullHttpRequest(decodeResult: success, version: HTTP/1.1, content: EmptyByteBufBE)
GET /session/343760fe1b3b1d209c4a0d88582a27db/alert/text HTTP/1.1
User-Agent: selenium/4.8.0 (java windows)
Cache-Control: no-cache
Content-Type: application/json; charset=utf-8
host: localhost:13653
accept: */*

Response DefaultHttpResponse(decodeResult: success, version: HTTP/1.1)
HTTP/1.1 404 Not Found
Content-Length: 1522
Content-Type: application/json; charset=utf-8
cache-control: no-cache

11:36:22.730 [AsyncHttpClient-1-5] DEBUG org.asynchttpclient.netty.channel.ChannelManager - Adding key: http://localhost:13653 for channel [id: 0xdffd1267, L:/127.0.0.1:61309 - R:localhost/127.0.0.1:13653]
11:36:22.731 [Forwarding getCurrentUrl on session 343760fe1b3b1d209c4a0d88582a27db to remote] DEBUG org.asynchttpclient.netty.request.NettyRequestSender - Using pooled Channel '[id: 0xdffd1267, L:/127.0.0.1:61309 - R:localhost/127.0.0.1:13653]' for 'GET' to 'http://localhost:13653/session/343760fe1b3b1d209c4a0d88582a27db/url'
11:36:22.731 [Forwarding getCurrentUrl on session 343760fe1b3b1d209c4a0d88582a27db to remote] DEBUG org.asynchttpclient.netty.request.NettyRequestSender - Using open Channel [id: 0xdffd1267, L:/127.0.0.1:61309 - R:localhost/127.0.0.1:13653] for GET '/session/343760fe1b3b1d209c4a0d88582a27db/url'
11:36:22.735 [AsyncHttpClient-1-5] DEBUG org.asynchttpclient.netty.handler.HttpHandler - 

Request DefaultFullHttpRequest(decodeResult: success, version: HTTP/1.1, content: EmptyByteBufBE)
GET /session/343760fe1b3b1d209c4a0d88582a27db/url HTTP/1.1
User-Agent: selenium/4.8.0 (java windows)
Cache-Control: no-cache
Content-Type: application/json; charset=utf-8
host: localhost:13653
accept: */*

Response DefaultHttpResponse(decodeResult: success, version: HTTP/1.1)
HTTP/1.1 200 OK
Content-Length: 47
Content-Type: application/json; charset=utf-8
cache-control: no-cache

11:36:22.735 [AsyncHttpClient-1-5] DEBUG org.asynchttpclient.netty.channel.ChannelManager - Adding key: http://localhost:13653 for channel [id: 0xdffd1267, L:/127.0.0.1:61309 - R:localhost/127.0.0.1:13653]
11:36:22.735 [Forwarding screenshot on session 343760fe1b3b1d209c4a0d88582a27db to remote] DEBUG org.asynchttpclient.netty.request.NettyRequestSender - Using pooled Channel '[id: 0xdffd1267, L:/127.0.0.1:61309 - R:localhost/127.0.0.1:13653]' for 'GET' to 'http://localhost:13653/session/343760fe1b3b1d209c4a0d88582a27db/screenshot'
11:36:22.735 [Forwarding screenshot on session 343760fe1b3b1d209c4a0d88582a27db to remote] DEBUG org.asynchttpclient.netty.request.NettyRequestSender - Using open Channel [id: 0xdffd1267, L:/127.0.0.1:61309 - R:localhost/127.0.0.1:13653] for GET '/session/343760fe1b3b1d209c4a0d88582a27db/screenshot'
11:36:22.864 [AsyncHttpClient-1-5] DEBUG org.asynchttpclient.netty.handler.HttpHandler - 

Request DefaultFullHttpRequest(decodeResult: success, version: HTTP/1.1, content: EmptyByteBufBE)
GET /session/343760fe1b3b1d209c4a0d88582a27db/screenshot HTTP/1.1
User-Agent: selenium/4.8.0 (java windows)
Cache-Control: no-cache
Content-Type: application/json; charset=utf-8
host: localhost:13653
accept: */*

Response DefaultHttpResponse(decodeResult: success, version: HTTP/1.1)
HTTP/1.1 200 OK
Content-Length: 79820
Content-Type: application/json; charset=utf-8
cache-control: no-cache

11:36:22.864 [AsyncHttpClient-1-5] DEBUG org.asynchttpclient.netty.channel.ChannelManager - Adding key: http://localhost:13653 for channel [id: 0xdffd1267, L:/127.0.0.1:61309 - R:localhost/127.0.0.1:13653]
11:36:22.866 [main] DEBUG net.serenitybdd.core.photography.Darkroom - Send negative for processing for target\site\serenity\f22411eeb1ecd530ce17e3755060e8c246f74a49fea548866068a0837f48c931.png
11:36:22.866 [main] DEBUG net.thucydides.core.steps.StepInterceptor - STEP DONE: verify continue checkout button is exist
11:36:22.870 [Forwarding getPageSource on session 343760fe1b3b1d209c4a0d88582a27db to remote] DEBUG org.asynchttpclient.netty.request.NettyRequestSender - Using pooled Channel '[id: 0xdffd1267, L:/127.0.0.1:61309 - R:localhost/127.0.0.1:13653]' for 'POST' to 'http://localhost:13653/session/343760fe1b3b1d209c4a0d88582a27db/execute/sync'
11:36:22.870 [Forwarding getPageSource on session 343760fe1b3b1d209c4a0d88582a27db to remote] DEBUG org.asynchttpclient.netty.request.NettyRequestSender - Using open Channel [id: 0xdffd1267, L:/127.0.0.1:61309 - R:localhost/127.0.0.1:13653] for POST '/session/343760fe1b3b1d209c4a0d88582a27db/execute/sync'
11:36:22.876 [AsyncHttpClient-1-5] DEBUG org.asynchttpclient.netty.handler.HttpHandler - 

Request DefaultHttpRequest(decodeResult: success, version: HTTP/1.1)
POST /session/343760fe1b3b1d209c4a0d88582a27db/execute/sync HTTP/1.1
User-Agent: selenium/4.8.0 (java windows)
Content-Length: 176
Content-Type: application/json; charset=utf-8
host: localhost:13653
accept: */*

Response DefaultHttpResponse(decodeResult: success, version: HTTP/1.1)
HTTP/1.1 200 OK
Content-Length: 12660
Content-Type: application/json; charset=utf-8
cache-control: no-cache

11:36:22.876 [AsyncHttpClient-1-5] DEBUG org.asynchttpclient.netty.channel.ChannelManager - Adding key: http://localhost:13653 for channel [id: 0xdffd1267, L:/127.0.0.1:61309 - R:localhost/127.0.0.1:13653]
11:36:22.877 [Forwarding getCurrentUrl on session 343760fe1b3b1d209c4a0d88582a27db to remote] DEBUG org.asynchttpclient.netty.request.NettyRequestSender - Using pooled Channel '[id: 0xdffd1267, L:/127.0.0.1:61309 - R:localhost/127.0.0.1:13653]' for 'GET' to 'http://localhost:13653/session/343760fe1b3b1d209c4a0d88582a27db/url'
11:36:22.877 [Forwarding getCurrentUrl on session 343760fe1b3b1d209c4a0d88582a27db to remote] DEBUG org.asynchttpclient.netty.request.NettyRequestSender - Using open Channel [id: 0xdffd1267, L:/127.0.0.1:61309 - R:localhost/127.0.0.1:13653] for GET '/session/343760fe1b3b1d209c4a0d88582a27db/url'
11:36:22.881 [AsyncHttpClient-1-5] DEBUG org.asynchttpclient.netty.handler.HttpHandler - 

Request DefaultFullHttpRequest(decodeResult: success, version: HTTP/1.1, content: EmptyByteBufBE)
GET /session/343760fe1b3b1d209c4a0d88582a27db/url HTTP/1.1
User-Agent: selenium/4.8.0 (java windows)
Cache-Control: no-cache
Content-Type: application/json; charset=utf-8
host: localhost:13653
accept: */*

Response DefaultHttpResponse(decodeResult: success, version: HTTP/1.1)
HTTP/1.1 200 OK
Content-Length: 47
Content-Type: application/json; charset=utf-8
cache-control: no-cache

11:36:22.882 [AsyncHttpClient-1-5] DEBUG org.asynchttpclient.netty.channel.ChannelManager - Adding key: http://localhost:13653 for channel [id: 0xdffd1267, L:/127.0.0.1:61309 - R:localhost/127.0.0.1:13653]
11:36:22.889 [main] DEBUG net.thucydides.core.steps.StepInterceptor - STARTING STEP: CartPageSteps.test8_validateUserInterfaceFootersAndHeadersInInventoryPage - verify quantity  is exist
11:36:22.893 [Forwarding findElement on session 343760fe1b3b1d209c4a0d88582a27db to remote] DEBUG org.asynchttpclient.netty.request.NettyRequestSender - Using pooled Channel '[id: 0xdffd1267, L:/127.0.0.1:61309 - R:localhost/127.0.0.1:13653]' for 'POST' to 'http://localhost:13653/session/343760fe1b3b1d209c4a0d88582a27db/element'
11:36:22.893 [Forwarding findElement on session 343760fe1b3b1d209c4a0d88582a27db to remote] DEBUG org.asynchttpclient.netty.request.NettyRequestSender - Using open Channel [id: 0xdffd1267, L:/127.0.0.1:61309 - R:localhost/127.0.0.1:13653] for POST '/session/343760fe1b3b1d209c4a0d88582a27db/element'
11:36:22.904 [AsyncHttpClient-1-5] DEBUG org.asynchttpclient.netty.handler.HttpHandler - 

Request DefaultHttpRequest(decodeResult: success, version: HTTP/1.1)
POST /session/343760fe1b3b1d209c4a0d88582a27db/element HTTP/1.1
User-Agent: selenium/4.8.0 (java windows)
Content-Length: 82
Content-Type: application/json; charset=utf-8
host: localhost:13653
accept: */*

Response DefaultHttpResponse(decodeResult: success, version: HTTP/1.1)
HTTP/1.1 200 OK
Content-Length: 95
Content-Type: application/json; charset=utf-8
cache-control: no-cache

11:36:22.904 [AsyncHttpClient-1-5] DEBUG org.asynchttpclient.netty.channel.ChannelManager - Adding key: http://localhost:13653 for channel [id: 0xdffd1267, L:/127.0.0.1:61309 - R:localhost/127.0.0.1:13653]
11:36:22.906 [Forwarding isElementDisplayed on session 343760fe1b3b1d209c4a0d88582a27db to remote] DEBUG org.asynchttpclient.netty.request.NettyRequestSender - Using pooled Channel '[id: 0xdffd1267, L:/127.0.0.1:61309 - R:localhost/127.0.0.1:13653]' for 'POST' to 'http://localhost:13653/session/343760fe1b3b1d209c4a0d88582a27db/execute/sync'
11:36:22.906 [Forwarding isElementDisplayed on session 343760fe1b3b1d209c4a0d88582a27db to remote] DEBUG org.asynchttpclient.netty.request.NettyRequestSender - Using open Channel [id: 0xdffd1267, L:/127.0.0.1:61309 - R:localhost/127.0.0.1:13653] for POST '/session/343760fe1b3b1d209c4a0d88582a27db/execute/sync'
11:36:22.917 [AsyncHttpClient-1-5] DEBUG org.asynchttpclient.netty.handler.HttpHandler - 

Request DefaultHttpRequest(decodeResult: success, version: HTTP/1.1)
POST /session/343760fe1b3b1d209c4a0d88582a27db/execute/sync HTTP/1.1
User-Agent: selenium/4.8.0 (java windows)
Content-Length: 48814
Content-Type: application/json; charset=utf-8
host: localhost:13653
accept: */*

Response DefaultHttpResponse(decodeResult: success, version: HTTP/1.1)
HTTP/1.1 200 OK
Content-Length: 14
Content-Type: application/json; charset=utf-8
cache-control: no-cache

11:36:22.917 [AsyncHttpClient-1-5] DEBUG org.asynchttpclient.netty.channel.ChannelManager - Adding key: http://localhost:13653 for channel [id: 0xdffd1267, L:/127.0.0.1:61309 - R:localhost/127.0.0.1:13653]
11:36:22.918 [Forwarding isElementDisplayed on session 343760fe1b3b1d209c4a0d88582a27db to remote] DEBUG org.asynchttpclient.netty.request.NettyRequestSender - Using pooled Channel '[id: 0xdffd1267, L:/127.0.0.1:61309 - R:localhost/127.0.0.1:13653]' for 'POST' to 'http://localhost:13653/session/343760fe1b3b1d209c4a0d88582a27db/execute/sync'
11:36:22.918 [Forwarding isElementDisplayed on session 343760fe1b3b1d209c4a0d88582a27db to remote] DEBUG org.asynchttpclient.netty.request.NettyRequestSender - Using open Channel [id: 0xdffd1267, L:/127.0.0.1:61309 - R:localhost/127.0.0.1:13653] for POST '/session/343760fe1b3b1d209c4a0d88582a27db/execute/sync'
11:36:22.927 [AsyncHttpClient-1-5] DEBUG org.asynchttpclient.netty.handler.HttpHandler - 

Request DefaultHttpRequest(decodeResult: success, version: HTTP/1.1)
POST /session/343760fe1b3b1d209c4a0d88582a27db/execute/sync HTTP/1.1
User-Agent: selenium/4.8.0 (java windows)
Content-Length: 48814
Content-Type: application/json; charset=utf-8
host: localhost:13653
accept: */*

Response DefaultHttpResponse(decodeResult: success, version: HTTP/1.1)
HTTP/1.1 200 OK
Content-Length: 14
Content-Type: application/json; charset=utf-8
cache-control: no-cache

11:36:22.927 [AsyncHttpClient-1-5] DEBUG org.asynchttpclient.netty.channel.ChannelManager - Adding key: http://localhost:13653 for channel [id: 0xdffd1267, L:/127.0.0.1:61309 - R:localhost/127.0.0.1:13653]
11:36:22.929 [Forwarding findElement on session 343760fe1b3b1d209c4a0d88582a27db to remote] DEBUG org.asynchttpclient.netty.request.NettyRequestSender - Using pooled Channel '[id: 0xdffd1267, L:/127.0.0.1:61309 - R:localhost/127.0.0.1:13653]' for 'POST' to 'http://localhost:13653/session/343760fe1b3b1d209c4a0d88582a27db/element'
11:36:22.929 [Forwarding findElement on session 343760fe1b3b1d209c4a0d88582a27db to remote] DEBUG org.asynchttpclient.netty.request.NettyRequestSender - Using open Channel [id: 0xdffd1267, L:/127.0.0.1:61309 - R:localhost/127.0.0.1:13653] for POST '/session/343760fe1b3b1d209c4a0d88582a27db/element'
11:36:22.938 [AsyncHttpClient-1-5] DEBUG org.asynchttpclient.netty.handler.HttpHandler - 

Request DefaultHttpRequest(decodeResult: success, version: HTTP/1.1)
POST /session/343760fe1b3b1d209c4a0d88582a27db/element HTTP/1.1
User-Agent: selenium/4.8.0 (java windows)
Content-Length: 82
Content-Type: application/json; charset=utf-8
host: localhost:13653
accept: */*

Response DefaultHttpResponse(decodeResult: success, version: HTTP/1.1)
HTTP/1.1 200 OK
Content-Length: 95
Content-Type: application/json; charset=utf-8
cache-control: no-cache

11:36:22.938 [AsyncHttpClient-1-5] DEBUG org.asynchttpclient.netty.channel.ChannelManager - Adding key: http://localhost:13653 for channel [id: 0xdffd1267, L:/127.0.0.1:61309 - R:localhost/127.0.0.1:13653]
11:36:22.941 [Forwarding isElementDisplayed on session 343760fe1b3b1d209c4a0d88582a27db to remote] DEBUG org.asynchttpclient.netty.request.NettyRequestSender - Using pooled Channel '[id: 0xdffd1267, L:/127.0.0.1:61309 - R:localhost/127.0.0.1:13653]' for 'POST' to 'http://localhost:13653/session/343760fe1b3b1d209c4a0d88582a27db/execute/sync'
11:36:22.941 [Forwarding isElementDisplayed on session 343760fe1b3b1d209c4a0d88582a27db to remote] DEBUG org.asynchttpclient.netty.request.NettyRequestSender - Using open Channel [id: 0xdffd1267, L:/127.0.0.1:61309 - R:localhost/127.0.0.1:13653] for POST '/session/343760fe1b3b1d209c4a0d88582a27db/execute/sync'
11:36:22.949 [AsyncHttpClient-1-5] DEBUG org.asynchttpclient.netty.handler.HttpHandler - 

Request DefaultHttpRequest(decodeResult: success, version: HTTP/1.1)
POST /session/343760fe1b3b1d209c4a0d88582a27db/execute/sync HTTP/1.1
User-Agent: selenium/4.8.0 (java windows)
Content-Length: 48814
Content-Type: application/json; charset=utf-8
host: localhost:13653
accept: */*

Response DefaultHttpResponse(decodeResult: success, version: HTTP/1.1)
HTTP/1.1 200 OK
Content-Length: 14
Content-Type: application/json; charset=utf-8
cache-control: no-cache

11:36:22.949 [AsyncHttpClient-1-5] DEBUG org.asynchttpclient.netty.channel.ChannelManager - Adding key: http://localhost:13653 for channel [id: 0xdffd1267, L:/127.0.0.1:61309 - R:localhost/127.0.0.1:13653]
11:36:22.951 [Forwarding isElementDisplayed on session 343760fe1b3b1d209c4a0d88582a27db to remote] DEBUG org.asynchttpclient.netty.request.NettyRequestSender - Using pooled Channel '[id: 0xdffd1267, L:/127.0.0.1:61309 - R:localhost/127.0.0.1:13653]' for 'POST' to 'http://localhost:13653/session/343760fe1b3b1d209c4a0d88582a27db/execute/sync'
11:36:22.951 [Forwarding isElementDisplayed on session 343760fe1b3b1d209c4a0d88582a27db to remote] DEBUG org.asynchttpclient.netty.request.NettyRequestSender - Using open Channel [id: 0xdffd1267, L:/127.0.0.1:61309 - R:localhost/127.0.0.1:13653] for POST '/session/343760fe1b3b1d209c4a0d88582a27db/execute/sync'
11:36:22.961 [AsyncHttpClient-1-5] DEBUG org.asynchttpclient.netty.handler.HttpHandler - 

Request DefaultHttpRequest(decodeResult: success, version: HTTP/1.1)
POST /session/343760fe1b3b1d209c4a0d88582a27db/execute/sync HTTP/1.1
User-Agent: selenium/4.8.0 (java windows)
Content-Length: 48814
Content-Type: application/json; charset=utf-8
host: localhost:13653
accept: */*

Response DefaultHttpResponse(decodeResult: success, version: HTTP/1.1)
HTTP/1.1 200 OK
Content-Length: 14
Content-Type: application/json; charset=utf-8
cache-control: no-cache

11:36:22.961 [AsyncHttpClient-1-5] DEBUG org.asynchttpclient.netty.channel.ChannelManager - Adding key: http://localhost:13653 for channel [id: 0xdffd1267, L:/127.0.0.1:61309 - R:localhost/127.0.0.1:13653]
11:36:22.967 [Forwarding getAlertText on session 343760fe1b3b1d209c4a0d88582a27db to remote] DEBUG org.asynchttpclient.netty.request.NettyRequestSender - Using pooled Channel '[id: 0xdffd1267, L:/127.0.0.1:61309 - R:localhost/127.0.0.1:13653]' for 'GET' to 'http://localhost:13653/session/343760fe1b3b1d209c4a0d88582a27db/alert/text'
11:36:22.967 [Forwarding getAlertText on session 343760fe1b3b1d209c4a0d88582a27db to remote] DEBUG org.asynchttpclient.netty.request.NettyRequestSender - Using open Channel [id: 0xdffd1267, L:/127.0.0.1:61309 - R:localhost/127.0.0.1:13653] for GET '/session/343760fe1b3b1d209c4a0d88582a27db/alert/text'
11:36:22.968 [AsyncHttpClient-1-5] DEBUG org.asynchttpclient.netty.handler.HttpHandler - 

Request DefaultFullHttpRequest(decodeResult: success, version: HTTP/1.1, content: EmptyByteBufBE)
GET /session/343760fe1b3b1d209c4a0d88582a27db/alert/text HTTP/1.1
User-Agent: selenium/4.8.0 (java windows)
Cache-Control: no-cache
Content-Type: application/json; charset=utf-8
host: localhost:13653
accept: */*

Response DefaultHttpResponse(decodeResult: success, version: HTTP/1.1)
HTTP/1.1 404 Not Found
Content-Length: 1522
Content-Type: application/json; charset=utf-8
cache-control: no-cache

11:36:22.968 [AsyncHttpClient-1-5] DEBUG org.asynchttpclient.netty.channel.ChannelManager - Adding key: http://localhost:13653 for channel [id: 0xdffd1267, L:/127.0.0.1:61309 - R:localhost/127.0.0.1:13653]
11:36:22.969 [Forwarding getCurrentUrl on session 343760fe1b3b1d209c4a0d88582a27db to remote] DEBUG org.asynchttpclient.netty.request.NettyRequestSender - Using pooled Channel '[id: 0xdffd1267, L:/127.0.0.1:61309 - R:localhost/127.0.0.1:13653]' for 'GET' to 'http://localhost:13653/session/343760fe1b3b1d209c4a0d88582a27db/url'
11:36:22.969 [Forwarding getCurrentUrl on session 343760fe1b3b1d209c4a0d88582a27db to remote] DEBUG org.asynchttpclient.netty.request.NettyRequestSender - Using open Channel [id: 0xdffd1267, L:/127.0.0.1:61309 - R:localhost/127.0.0.1:13653] for GET '/session/343760fe1b3b1d209c4a0d88582a27db/url'
11:36:22.975 [AsyncHttpClient-1-5] DEBUG org.asynchttpclient.netty.handler.HttpHandler - 

Request DefaultFullHttpRequest(decodeResult: success, version: HTTP/1.1, content: EmptyByteBufBE)
GET /session/343760fe1b3b1d209c4a0d88582a27db/url HTTP/1.1
User-Agent: selenium/4.8.0 (java windows)
Cache-Control: no-cache
Content-Type: application/json; charset=utf-8
host: localhost:13653
accept: */*

Response DefaultHttpResponse(decodeResult: success, version: HTTP/1.1)
HTTP/1.1 200 OK
Content-Length: 47
Content-Type: application/json; charset=utf-8
cache-control: no-cache

11:36:22.975 [AsyncHttpClient-1-5] DEBUG org.asynchttpclient.netty.channel.ChannelManager - Adding key: http://localhost:13653 for channel [id: 0xdffd1267, L:/127.0.0.1:61309 - R:localhost/127.0.0.1:13653]
11:36:22.977 [Forwarding screenshot on session 343760fe1b3b1d209c4a0d88582a27db to remote] DEBUG org.asynchttpclient.netty.request.NettyRequestSender - Using pooled Channel '[id: 0xdffd1267, L:/127.0.0.1:61309 - R:localhost/127.0.0.1:13653]' for 'GET' to 'http://localhost:13653/session/343760fe1b3b1d209c4a0d88582a27db/screenshot'
11:36:22.977 [Forwarding screenshot on session 343760fe1b3b1d209c4a0d88582a27db to remote] DEBUG org.asynchttpclient.netty.request.NettyRequestSender - Using open Channel [id: 0xdffd1267, L:/127.0.0.1:61309 - R:localhost/127.0.0.1:13653] for GET '/session/343760fe1b3b1d209c4a0d88582a27db/screenshot'
11:36:23.033 [AsyncHttpClient-1-1] DEBUG org.asynchttpclient.netty.channel.DefaultChannelPool - Entry count for : http://localhost:61317 : 1
11:36:23.107 [AsyncHttpClient-1-5] DEBUG org.asynchttpclient.netty.handler.HttpHandler - 

Request DefaultFullHttpRequest(decodeResult: success, version: HTTP/1.1, content: EmptyByteBufBE)
GET /session/343760fe1b3b1d209c4a0d88582a27db/screenshot HTTP/1.1
User-Agent: selenium/4.8.0 (java windows)
Cache-Control: no-cache
Content-Type: application/json; charset=utf-8
host: localhost:13653
accept: */*

Response DefaultHttpResponse(decodeResult: success, version: HTTP/1.1)
HTTP/1.1 200 OK
Content-Length: 79820
Content-Type: application/json; charset=utf-8
cache-control: no-cache

11:36:23.107 [AsyncHttpClient-1-5] DEBUG org.asynchttpclient.netty.channel.ChannelManager - Adding key: http://localhost:13653 for channel [id: 0xdffd1267, L:/127.0.0.1:61309 - R:localhost/127.0.0.1:13653]
11:36:23.110 [main] DEBUG net.serenitybdd.core.photography.Darkroom - Send negative for processing for target\site\serenity\f22411eeb1ecd530ce17e3755060e8c246f74a49fea548866068a0837f48c931.png
11:36:23.111 [main] DEBUG net.thucydides.core.steps.StepInterceptor - STEP DONE: verify quantity  is exist
11:36:23.115 [Forwarding getPageSource on session 343760fe1b3b1d209c4a0d88582a27db to remote] DEBUG org.asynchttpclient.netty.request.NettyRequestSender - Using pooled Channel '[id: 0xdffd1267, L:/127.0.0.1:61309 - R:localhost/127.0.0.1:13653]' for 'POST' to 'http://localhost:13653/session/343760fe1b3b1d209c4a0d88582a27db/execute/sync'
11:36:23.115 [Forwarding getPageSource on session 343760fe1b3b1d209c4a0d88582a27db to remote] DEBUG org.asynchttpclient.netty.request.NettyRequestSender - Using open Channel [id: 0xdffd1267, L:/127.0.0.1:61309 - R:localhost/127.0.0.1:13653] for POST '/session/343760fe1b3b1d209c4a0d88582a27db/execute/sync'
11:36:23.121 [AsyncHttpClient-1-5] DEBUG org.asynchttpclient.netty.handler.HttpHandler - 

Request DefaultHttpRequest(decodeResult: success, version: HTTP/1.1)
POST /session/343760fe1b3b1d209c4a0d88582a27db/execute/sync HTTP/1.1
User-Agent: selenium/4.8.0 (java windows)
Content-Length: 176
Content-Type: application/json; charset=utf-8
host: localhost:13653
accept: */*

Response DefaultHttpResponse(decodeResult: success, version: HTTP/1.1)
HTTP/1.1 200 OK
Content-Length: 12660
Content-Type: application/json; charset=utf-8
cache-control: no-cache

11:36:23.121 [AsyncHttpClient-1-5] DEBUG org.asynchttpclient.netty.channel.ChannelManager - Adding key: http://localhost:13653 for channel [id: 0xdffd1267, L:/127.0.0.1:61309 - R:localhost/127.0.0.1:13653]
11:36:23.122 [Forwarding getCurrentUrl on session 343760fe1b3b1d209c4a0d88582a27db to remote] DEBUG org.asynchttpclient.netty.request.NettyRequestSender - Using pooled Channel '[id: 0xdffd1267, L:/127.0.0.1:61309 - R:localhost/127.0.0.1:13653]' for 'GET' to 'http://localhost:13653/session/343760fe1b3b1d209c4a0d88582a27db/url'
11:36:23.122 [Forwarding getCurrentUrl on session 343760fe1b3b1d209c4a0d88582a27db to remote] DEBUG org.asynchttpclient.netty.request.NettyRequestSender - Using open Channel [id: 0xdffd1267, L:/127.0.0.1:61309 - R:localhost/127.0.0.1:13653] for GET '/session/343760fe1b3b1d209c4a0d88582a27db/url'
11:36:23.125 [AsyncHttpClient-1-5] DEBUG org.asynchttpclient.netty.handler.HttpHandler - 

Request DefaultFullHttpRequest(decodeResult: success, version: HTTP/1.1, content: EmptyByteBufBE)
GET /session/343760fe1b3b1d209c4a0d88582a27db/url HTTP/1.1
User-Agent: selenium/4.8.0 (java windows)
Cache-Control: no-cache
Content-Type: application/json; charset=utf-8
host: localhost:13653
accept: */*

Response DefaultHttpResponse(decodeResult: success, version: HTTP/1.1)
HTTP/1.1 200 OK
Content-Length: 47
Content-Type: application/json; charset=utf-8
cache-control: no-cache

11:36:23.125 [AsyncHttpClient-1-5] DEBUG org.asynchttpclient.netty.channel.ChannelManager - Adding key: http://localhost:13653 for channel [id: 0xdffd1267, L:/127.0.0.1:61309 - R:localhost/127.0.0.1:13653]
11:36:23.134 [main] DEBUG net.thucydides.core.steps.StepInterceptor - STARTING STEP: CartPageSteps.test8_validateUserInterfaceFootersAndHeadersInInventoryPage - verify description  is exist
11:36:23.136 [Forwarding findElement on session 343760fe1b3b1d209c4a0d88582a27db to remote] DEBUG org.asynchttpclient.netty.request.NettyRequestSender - Using pooled Channel '[id: 0xdffd1267, L:/127.0.0.1:61309 - R:localhost/127.0.0.1:13653]' for 'POST' to 'http://localhost:13653/session/343760fe1b3b1d209c4a0d88582a27db/element'
11:36:23.136 [Forwarding findElement on session 343760fe1b3b1d209c4a0d88582a27db to remote] DEBUG org.asynchttpclient.netty.request.NettyRequestSender - Using open Channel [id: 0xdffd1267, L:/127.0.0.1:61309 - R:localhost/127.0.0.1:13653] for POST '/session/343760fe1b3b1d209c4a0d88582a27db/element'
11:36:23.147 [AsyncHttpClient-1-5] DEBUG org.asynchttpclient.netty.handler.HttpHandler - 

Request DefaultHttpRequest(decodeResult: success, version: HTTP/1.1)
POST /session/343760fe1b3b1d209c4a0d88582a27db/element HTTP/1.1
User-Agent: selenium/4.8.0 (java windows)
Content-Length: 78
Content-Type: application/json; charset=utf-8
host: localhost:13653
accept: */*

Response DefaultHttpResponse(decodeResult: success, version: HTTP/1.1)
HTTP/1.1 200 OK
Content-Length: 95
Content-Type: application/json; charset=utf-8
cache-control: no-cache

11:36:23.147 [AsyncHttpClient-1-5] DEBUG org.asynchttpclient.netty.channel.ChannelManager - Adding key: http://localhost:13653 for channel [id: 0xdffd1267, L:/127.0.0.1:61309 - R:localhost/127.0.0.1:13653]
11:36:23.149 [Forwarding isElementDisplayed on session 343760fe1b3b1d209c4a0d88582a27db to remote] DEBUG org.asynchttpclient.netty.request.NettyRequestSender - Using pooled Channel '[id: 0xdffd1267, L:/127.0.0.1:61309 - R:localhost/127.0.0.1:13653]' for 'POST' to 'http://localhost:13653/session/343760fe1b3b1d209c4a0d88582a27db/execute/sync'
11:36:23.149 [Forwarding isElementDisplayed on session 343760fe1b3b1d209c4a0d88582a27db to remote] DEBUG org.asynchttpclient.netty.request.NettyRequestSender - Using open Channel [id: 0xdffd1267, L:/127.0.0.1:61309 - R:localhost/127.0.0.1:13653] for POST '/session/343760fe1b3b1d209c4a0d88582a27db/execute/sync'
11:36:23.155 [AsyncHttpClient-1-5] DEBUG org.asynchttpclient.netty.handler.HttpHandler - 

Request DefaultHttpRequest(decodeResult: success, version: HTTP/1.1)
POST /session/343760fe1b3b1d209c4a0d88582a27db/execute/sync HTTP/1.1
User-Agent: selenium/4.8.0 (java windows)
Content-Length: 48814
Content-Type: application/json; charset=utf-8
host: localhost:13653
accept: */*

Response DefaultHttpResponse(decodeResult: success, version: HTTP/1.1)
HTTP/1.1 200 OK
Content-Length: 14
Content-Type: application/json; charset=utf-8
cache-control: no-cache

11:36:23.155 [AsyncHttpClient-1-5] DEBUG org.asynchttpclient.netty.channel.ChannelManager - Adding key: http://localhost:13653 for channel [id: 0xdffd1267, L:/127.0.0.1:61309 - R:localhost/127.0.0.1:13653]
11:36:23.158 [Forwarding isElementDisplayed on session 343760fe1b3b1d209c4a0d88582a27db to remote] DEBUG org.asynchttpclient.netty.request.NettyRequestSender - Using pooled Channel '[id: 0xdffd1267, L:/127.0.0.1:61309 - R:localhost/127.0.0.1:13653]' for 'POST' to 'http://localhost:13653/session/343760fe1b3b1d209c4a0d88582a27db/execute/sync'
11:36:23.158 [Forwarding isElementDisplayed on session 343760fe1b3b1d209c4a0d88582a27db to remote] DEBUG org.asynchttpclient.netty.request.NettyRequestSender - Using open Channel [id: 0xdffd1267, L:/127.0.0.1:61309 - R:localhost/127.0.0.1:13653] for POST '/session/343760fe1b3b1d209c4a0d88582a27db/execute/sync'
11:36:23.163 [AsyncHttpClient-1-5] DEBUG org.asynchttpclient.netty.handler.HttpHandler - 

Request DefaultHttpRequest(decodeResult: success, version: HTTP/1.1)
POST /session/343760fe1b3b1d209c4a0d88582a27db/execute/sync HTTP/1.1
User-Agent: selenium/4.8.0 (java windows)
Content-Length: 48814
Content-Type: application/json; charset=utf-8
host: localhost:13653
accept: */*

Response DefaultHttpResponse(decodeResult: success, version: HTTP/1.1)
HTTP/1.1 200 OK
Content-Length: 14
Content-Type: application/json; charset=utf-8
cache-control: no-cache

11:36:23.163 [AsyncHttpClient-1-5] DEBUG org.asynchttpclient.netty.channel.ChannelManager - Adding key: http://localhost:13653 for channel [id: 0xdffd1267, L:/127.0.0.1:61309 - R:localhost/127.0.0.1:13653]
11:36:23.165 [Forwarding findElement on session 343760fe1b3b1d209c4a0d88582a27db to remote] DEBUG org.asynchttpclient.netty.request.NettyRequestSender - Using pooled Channel '[id: 0xdffd1267, L:/127.0.0.1:61309 - R:localhost/127.0.0.1:13653]' for 'POST' to 'http://localhost:13653/session/343760fe1b3b1d209c4a0d88582a27db/element'
11:36:23.165 [Forwarding findElement on session 343760fe1b3b1d209c4a0d88582a27db to remote] DEBUG org.asynchttpclient.netty.request.NettyRequestSender - Using open Channel [id: 0xdffd1267, L:/127.0.0.1:61309 - R:localhost/127.0.0.1:13653] for POST '/session/343760fe1b3b1d209c4a0d88582a27db/element'
11:36:23.172 [AsyncHttpClient-1-5] DEBUG org.asynchttpclient.netty.handler.HttpHandler - 

Request DefaultHttpRequest(decodeResult: success, version: HTTP/1.1)
POST /session/343760fe1b3b1d209c4a0d88582a27db/element HTTP/1.1
User-Agent: selenium/4.8.0 (java windows)
Content-Length: 78
Content-Type: application/json; charset=utf-8
host: localhost:13653
accept: */*

Response DefaultHttpResponse(decodeResult: success, version: HTTP/1.1)
HTTP/1.1 200 OK
Content-Length: 95
Content-Type: application/json; charset=utf-8
cache-control: no-cache

11:36:23.172 [AsyncHttpClient-1-5] DEBUG org.asynchttpclient.netty.channel.ChannelManager - Adding key: http://localhost:13653 for channel [id: 0xdffd1267, L:/127.0.0.1:61309 - R:localhost/127.0.0.1:13653]
11:36:23.176 [Forwarding isElementDisplayed on session 343760fe1b3b1d209c4a0d88582a27db to remote] DEBUG org.asynchttpclient.netty.request.NettyRequestSender - Using pooled Channel '[id: 0xdffd1267, L:/127.0.0.1:61309 - R:localhost/127.0.0.1:13653]' for 'POST' to 'http://localhost:13653/session/343760fe1b3b1d209c4a0d88582a27db/execute/sync'
11:36:23.176 [Forwarding isElementDisplayed on session 343760fe1b3b1d209c4a0d88582a27db to remote] DEBUG org.asynchttpclient.netty.request.NettyRequestSender - Using open Channel [id: 0xdffd1267, L:/127.0.0.1:61309 - R:localhost/127.0.0.1:13653] for POST '/session/343760fe1b3b1d209c4a0d88582a27db/execute/sync'
11:36:23.184 [AsyncHttpClient-1-5] DEBUG org.asynchttpclient.netty.handler.HttpHandler - 

Request DefaultHttpRequest(decodeResult: success, version: HTTP/1.1)
POST /session/343760fe1b3b1d209c4a0d88582a27db/execute/sync HTTP/1.1
User-Agent: selenium/4.8.0 (java windows)
Content-Length: 48814
Content-Type: application/json; charset=utf-8
host: localhost:13653
accept: */*

Response DefaultHttpResponse(decodeResult: success, version: HTTP/1.1)
HTTP/1.1 200 OK
Content-Length: 14
Content-Type: application/json; charset=utf-8
cache-control: no-cache

11:36:23.184 [AsyncHttpClient-1-5] DEBUG org.asynchttpclient.netty.channel.ChannelManager - Adding key: http://localhost:13653 for channel [id: 0xdffd1267, L:/127.0.0.1:61309 - R:localhost/127.0.0.1:13653]
11:36:23.185 [Forwarding isElementDisplayed on session 343760fe1b3b1d209c4a0d88582a27db to remote] DEBUG org.asynchttpclient.netty.request.NettyRequestSender - Using pooled Channel '[id: 0xdffd1267, L:/127.0.0.1:61309 - R:localhost/127.0.0.1:13653]' for 'POST' to 'http://localhost:13653/session/343760fe1b3b1d209c4a0d88582a27db/execute/sync'
11:36:23.185 [Forwarding isElementDisplayed on session 343760fe1b3b1d209c4a0d88582a27db to remote] DEBUG org.asynchttpclient.netty.request.NettyRequestSender - Using open Channel [id: 0xdffd1267, L:/127.0.0.1:61309 - R:localhost/127.0.0.1:13653] for POST '/session/343760fe1b3b1d209c4a0d88582a27db/execute/sync'
11:36:23.191 [AsyncHttpClient-1-5] DEBUG org.asynchttpclient.netty.handler.HttpHandler - 

Request DefaultHttpRequest(decodeResult: success, version: HTTP/1.1)
POST /session/343760fe1b3b1d209c4a0d88582a27db/execute/sync HTTP/1.1
User-Agent: selenium/4.8.0 (java windows)
Content-Length: 48814
Content-Type: application/json; charset=utf-8
host: localhost:13653
accept: */*

Response DefaultHttpResponse(decodeResult: success, version: HTTP/1.1)
HTTP/1.1 200 OK
Content-Length: 14
Content-Type: application/json; charset=utf-8
cache-control: no-cache

11:36:23.191 [AsyncHttpClient-1-5] DEBUG org.asynchttpclient.netty.channel.ChannelManager - Adding key: http://localhost:13653 for channel [id: 0xdffd1267, L:/127.0.0.1:61309 - R:localhost/127.0.0.1:13653]
11:36:23.195 [Forwarding getAlertText on session 343760fe1b3b1d209c4a0d88582a27db to remote] DEBUG org.asynchttpclient.netty.request.NettyRequestSender - Using pooled Channel '[id: 0xdffd1267, L:/127.0.0.1:61309 - R:localhost/127.0.0.1:13653]' for 'GET' to 'http://localhost:13653/session/343760fe1b3b1d209c4a0d88582a27db/alert/text'
11:36:23.195 [Forwarding getAlertText on session 343760fe1b3b1d209c4a0d88582a27db to remote] DEBUG org.asynchttpclient.netty.request.NettyRequestSender - Using open Channel [id: 0xdffd1267, L:/127.0.0.1:61309 - R:localhost/127.0.0.1:13653] for GET '/session/343760fe1b3b1d209c4a0d88582a27db/alert/text'
11:36:23.197 [AsyncHttpClient-1-5] DEBUG org.asynchttpclient.netty.handler.HttpHandler - 

Request DefaultFullHttpRequest(decodeResult: success, version: HTTP/1.1, content: EmptyByteBufBE)
GET /session/343760fe1b3b1d209c4a0d88582a27db/alert/text HTTP/1.1
User-Agent: selenium/4.8.0 (java windows)
Cache-Control: no-cache
Content-Type: application/json; charset=utf-8
host: localhost:13653
accept: */*

Response DefaultHttpResponse(decodeResult: success, version: HTTP/1.1)
HTTP/1.1 404 Not Found
Content-Length: 1522
Content-Type: application/json; charset=utf-8
cache-control: no-cache

11:36:23.197 [AsyncHttpClient-1-5] DEBUG org.asynchttpclient.netty.channel.ChannelManager - Adding key: http://localhost:13653 for channel [id: 0xdffd1267, L:/127.0.0.1:61309 - R:localhost/127.0.0.1:13653]
11:36:23.197 [Forwarding getCurrentUrl on session 343760fe1b3b1d209c4a0d88582a27db to remote] DEBUG org.asynchttpclient.netty.request.NettyRequestSender - Using pooled Channel '[id: 0xdffd1267, L:/127.0.0.1:61309 - R:localhost/127.0.0.1:13653]' for 'GET' to 'http://localhost:13653/session/343760fe1b3b1d209c4a0d88582a27db/url'
11:36:23.197 [Forwarding getCurrentUrl on session 343760fe1b3b1d209c4a0d88582a27db to remote] DEBUG org.asynchttpclient.netty.request.NettyRequestSender - Using open Channel [id: 0xdffd1267, L:/127.0.0.1:61309 - R:localhost/127.0.0.1:13653] for GET '/session/343760fe1b3b1d209c4a0d88582a27db/url'
11:36:23.201 [AsyncHttpClient-1-5] DEBUG org.asynchttpclient.netty.handler.HttpHandler - 

Request DefaultFullHttpRequest(decodeResult: success, version: HTTP/1.1, content: EmptyByteBufBE)
GET /session/343760fe1b3b1d209c4a0d88582a27db/url HTTP/1.1
User-Agent: selenium/4.8.0 (java windows)
Cache-Control: no-cache
Content-Type: application/json; charset=utf-8
host: localhost:13653
accept: */*

Response DefaultHttpResponse(decodeResult: success, version: HTTP/1.1)
HTTP/1.1 200 OK
Content-Length: 47
Content-Type: application/json; charset=utf-8
cache-control: no-cache

11:36:23.201 [AsyncHttpClient-1-5] DEBUG org.asynchttpclient.netty.channel.ChannelManager - Adding key: http://localhost:13653 for channel [id: 0xdffd1267, L:/127.0.0.1:61309 - R:localhost/127.0.0.1:13653]
11:36:23.201 [Forwarding screenshot on session 343760fe1b3b1d209c4a0d88582a27db to remote] DEBUG org.asynchttpclient.netty.request.NettyRequestSender - Using pooled Channel '[id: 0xdffd1267, L:/127.0.0.1:61309 - R:localhost/127.0.0.1:13653]' for 'GET' to 'http://localhost:13653/session/343760fe1b3b1d209c4a0d88582a27db/screenshot'
11:36:23.201 [Forwarding screenshot on session 343760fe1b3b1d209c4a0d88582a27db to remote] DEBUG org.asynchttpclient.netty.request.NettyRequestSender - Using open Channel [id: 0xdffd1267, L:/127.0.0.1:61309 - R:localhost/127.0.0.1:13653] for GET '/session/343760fe1b3b1d209c4a0d88582a27db/screenshot'
11:36:23.321 [AsyncHttpClient-1-5] DEBUG org.asynchttpclient.netty.handler.HttpHandler - 

Request DefaultFullHttpRequest(decodeResult: success, version: HTTP/1.1, content: EmptyByteBufBE)
GET /session/343760fe1b3b1d209c4a0d88582a27db/screenshot HTTP/1.1
User-Agent: selenium/4.8.0 (java windows)
Cache-Control: no-cache
Content-Type: application/json; charset=utf-8
host: localhost:13653
accept: */*

Response DefaultHttpResponse(decodeResult: success, version: HTTP/1.1)
HTTP/1.1 200 OK
Content-Length: 79820
Content-Type: application/json; charset=utf-8
cache-control: no-cache

11:36:23.321 [AsyncHttpClient-1-5] DEBUG org.asynchttpclient.netty.channel.ChannelManager - Adding key: http://localhost:13653 for channel [id: 0xdffd1267, L:/127.0.0.1:61309 - R:localhost/127.0.0.1:13653]
11:36:23.322 [main] DEBUG net.serenitybdd.core.photography.Darkroom - Send negative for processing for target\site\serenity\f22411eeb1ecd530ce17e3755060e8c246f74a49fea548866068a0837f48c931.png
11:36:23.322 [main] DEBUG net.thucydides.core.steps.StepInterceptor - STEP DONE: verify description  is exist
11:36:23.325 [Forwarding getPageSource on session 343760fe1b3b1d209c4a0d88582a27db to remote] DEBUG org.asynchttpclient.netty.request.NettyRequestSender - Using pooled Channel '[id: 0xdffd1267, L:/127.0.0.1:61309 - R:localhost/127.0.0.1:13653]' for 'POST' to 'http://localhost:13653/session/343760fe1b3b1d209c4a0d88582a27db/execute/sync'
11:36:23.325 [Forwarding getPageSource on session 343760fe1b3b1d209c4a0d88582a27db to remote] DEBUG org.asynchttpclient.netty.request.NettyRequestSender - Using open Channel [id: 0xdffd1267, L:/127.0.0.1:61309 - R:localhost/127.0.0.1:13653] for POST '/session/343760fe1b3b1d209c4a0d88582a27db/execute/sync'
11:36:23.332 [AsyncHttpClient-1-5] DEBUG org.asynchttpclient.netty.handler.HttpHandler - 

Request DefaultHttpRequest(decodeResult: success, version: HTTP/1.1)
POST /session/343760fe1b3b1d209c4a0d88582a27db/execute/sync HTTP/1.1
User-Agent: selenium/4.8.0 (java windows)
Content-Length: 176
Content-Type: application/json; charset=utf-8
host: localhost:13653
accept: */*

Response DefaultHttpResponse(decodeResult: success, version: HTTP/1.1)
HTTP/1.1 200 OK
Content-Length: 12660
Content-Type: application/json; charset=utf-8
cache-control: no-cache

11:36:23.332 [AsyncHttpClient-1-5] DEBUG org.asynchttpclient.netty.channel.ChannelManager - Adding key: http://localhost:13653 for channel [id: 0xdffd1267, L:/127.0.0.1:61309 - R:localhost/127.0.0.1:13653]
11:36:23.333 [Forwarding getCurrentUrl on session 343760fe1b3b1d209c4a0d88582a27db to remote] DEBUG org.asynchttpclient.netty.request.NettyRequestSender - Using pooled Channel '[id: 0xdffd1267, L:/127.0.0.1:61309 - R:localhost/127.0.0.1:13653]' for 'GET' to 'http://localhost:13653/session/343760fe1b3b1d209c4a0d88582a27db/url'
11:36:23.333 [Forwarding getCurrentUrl on session 343760fe1b3b1d209c4a0d88582a27db to remote] DEBUG org.asynchttpclient.netty.request.NettyRequestSender - Using open Channel [id: 0xdffd1267, L:/127.0.0.1:61309 - R:localhost/127.0.0.1:13653] for GET '/session/343760fe1b3b1d209c4a0d88582a27db/url'
11:36:23.336 [AsyncHttpClient-1-5] DEBUG org.asynchttpclient.netty.handler.HttpHandler - 

Request DefaultFullHttpRequest(decodeResult: success, version: HTTP/1.1, content: EmptyByteBufBE)
GET /session/343760fe1b3b1d209c4a0d88582a27db/url HTTP/1.1
User-Agent: selenium/4.8.0 (java windows)
Cache-Control: no-cache
Content-Type: application/json; charset=utf-8
host: localhost:13653
accept: */*

Response DefaultHttpResponse(decodeResult: success, version: HTTP/1.1)
HTTP/1.1 200 OK
Content-Length: 47
Content-Type: application/json; charset=utf-8
cache-control: no-cache

11:36:23.336 [AsyncHttpClient-1-5] DEBUG org.asynchttpclient.netty.channel.ChannelManager - Adding key: http://localhost:13653 for channel [id: 0xdffd1267, L:/127.0.0.1:61309 - R:localhost/127.0.0.1:13653]
11:36:23.341 [main] DEBUG net.thucydides.core.steps.StepInterceptor - STARTING STEP: CartPageSteps.test8_validateUserInterfaceFootersAndHeadersInInventoryPage - click continues shopping button
11:36:23.344 [Forwarding findElement on session 343760fe1b3b1d209c4a0d88582a27db to remote] DEBUG org.asynchttpclient.netty.request.NettyRequestSender - Using pooled Channel '[id: 0xdffd1267, L:/127.0.0.1:61309 - R:localhost/127.0.0.1:13653]' for 'POST' to 'http://localhost:13653/session/343760fe1b3b1d209c4a0d88582a27db/element'
11:36:23.344 [Forwarding findElement on session 343760fe1b3b1d209c4a0d88582a27db to remote] DEBUG org.asynchttpclient.netty.request.NettyRequestSender - Using open Channel [id: 0xdffd1267, L:/127.0.0.1:61309 - R:localhost/127.0.0.1:13653] for POST '/session/343760fe1b3b1d209c4a0d88582a27db/element'
11:36:23.349 [AsyncHttpClient-1-5] DEBUG org.asynchttpclient.netty.handler.HttpHandler - 

Request DefaultHttpRequest(decodeResult: success, version: HTTP/1.1)
POST /session/343760fe1b3b1d209c4a0d88582a27db/element HTTP/1.1
User-Agent: selenium/4.8.0 (java windows)
Content-Length: 64
Content-Type: application/json; charset=utf-8
host: localhost:13653
accept: */*

Response DefaultHttpResponse(decodeResult: success, version: HTTP/1.1)
HTTP/1.1 200 OK
Content-Length: 95
Content-Type: application/json; charset=utf-8
cache-control: no-cache

11:36:23.349 [AsyncHttpClient-1-5] DEBUG org.asynchttpclient.netty.channel.ChannelManager - Adding key: http://localhost:13653 for channel [id: 0xdffd1267, L:/127.0.0.1:61309 - R:localhost/127.0.0.1:13653]
11:36:23.351 [Forwarding isElementDisplayed on session 343760fe1b3b1d209c4a0d88582a27db to remote] DEBUG org.asynchttpclient.netty.request.NettyRequestSender - Using pooled Channel '[id: 0xdffd1267, L:/127.0.0.1:61309 - R:localhost/127.0.0.1:13653]' for 'POST' to 'http://localhost:13653/session/343760fe1b3b1d209c4a0d88582a27db/execute/sync'
11:36:23.351 [Forwarding isElementDisplayed on session 343760fe1b3b1d209c4a0d88582a27db to remote] DEBUG org.asynchttpclient.netty.request.NettyRequestSender - Using open Channel [id: 0xdffd1267, L:/127.0.0.1:61309 - R:localhost/127.0.0.1:13653] for POST '/session/343760fe1b3b1d209c4a0d88582a27db/execute/sync'
11:36:23.359 [AsyncHttpClient-1-5] DEBUG org.asynchttpclient.netty.handler.HttpHandler - 

Request DefaultHttpRequest(decodeResult: success, version: HTTP/1.1)
POST /session/343760fe1b3b1d209c4a0d88582a27db/execute/sync HTTP/1.1
User-Agent: selenium/4.8.0 (java windows)
Content-Length: 48814
Content-Type: application/json; charset=utf-8
host: localhost:13653
accept: */*

Response DefaultHttpResponse(decodeResult: success, version: HTTP/1.1)
HTTP/1.1 200 OK
Content-Length: 14
Content-Type: application/json; charset=utf-8
cache-control: no-cache

11:36:23.359 [AsyncHttpClient-1-5] DEBUG org.asynchttpclient.netty.channel.ChannelManager - Adding key: http://localhost:13653 for channel [id: 0xdffd1267, L:/127.0.0.1:61309 - R:localhost/127.0.0.1:13653]
11:36:23.359 [Forwarding getElementTagName on session 343760fe1b3b1d209c4a0d88582a27db to remote] DEBUG org.asynchttpclient.netty.request.NettyRequestSender - Using pooled Channel '[id: 0xdffd1267, L:/127.0.0.1:61309 - R:localhost/127.0.0.1:13653]' for 'GET' to 'http://localhost:13653/session/343760fe1b3b1d209c4a0d88582a27db/element/B5D78317CDC82913058D66A8C952A41F_element_60/name'
11:36:23.360 [Forwarding getElementTagName on session 343760fe1b3b1d209c4a0d88582a27db to remote] DEBUG org.asynchttpclient.netty.request.NettyRequestSender - Using open Channel [id: 0xdffd1267, L:/127.0.0.1:61309 - R:localhost/127.0.0.1:13653] for GET '/session/343760fe1b3b1d209c4a0d88582a27db/element/B5D78317CDC82913058D66A8C952A41F_element_60/name'
11:36:23.365 [AsyncHttpClient-1-5] DEBUG org.asynchttpclient.netty.handler.HttpHandler - 

Request DefaultFullHttpRequest(decodeResult: success, version: HTTP/1.1, content: EmptyByteBufBE)
GET /session/343760fe1b3b1d209c4a0d88582a27db/element/B5D78317CDC82913058D66A8C952A41F_element_60/name HTTP/1.1
User-Agent: selenium/4.8.0 (java windows)
Cache-Control: no-cache
Content-Type: application/json; charset=utf-8
host: localhost:13653
accept: */*

Response DefaultHttpResponse(decodeResult: success, version: HTTP/1.1)
HTTP/1.1 200 OK
Content-Length: 18
Content-Type: application/json; charset=utf-8
cache-control: no-cache

11:36:23.365 [AsyncHttpClient-1-5] DEBUG org.asynchttpclient.netty.channel.ChannelManager - Adding key: http://localhost:13653 for channel [id: 0xdffd1267, L:/127.0.0.1:61309 - R:localhost/127.0.0.1:13653]
11:36:23.365 [Forwarding getElementTagName on session 343760fe1b3b1d209c4a0d88582a27db to remote] DEBUG org.asynchttpclient.netty.request.NettyRequestSender - Using pooled Channel '[id: 0xdffd1267, L:/127.0.0.1:61309 - R:localhost/127.0.0.1:13653]' for 'GET' to 'http://localhost:13653/session/343760fe1b3b1d209c4a0d88582a27db/element/B5D78317CDC82913058D66A8C952A41F_element_60/name'
11:36:23.365 [Forwarding getElementTagName on session 343760fe1b3b1d209c4a0d88582a27db to remote] DEBUG org.asynchttpclient.netty.request.NettyRequestSender - Using open Channel [id: 0xdffd1267, L:/127.0.0.1:61309 - R:localhost/127.0.0.1:13653] for GET '/session/343760fe1b3b1d209c4a0d88582a27db/element/B5D78317CDC82913058D66A8C952A41F_element_60/name'
11:36:23.369 [AsyncHttpClient-1-5] DEBUG org.asynchttpclient.netty.handler.HttpHandler - 

Request DefaultFullHttpRequest(decodeResult: success, version: HTTP/1.1, content: EmptyByteBufBE)
GET /session/343760fe1b3b1d209c4a0d88582a27db/element/B5D78317CDC82913058D66A8C952A41F_element_60/name HTTP/1.1
User-Agent: selenium/4.8.0 (java windows)
Cache-Control: no-cache
Content-Type: application/json; charset=utf-8
host: localhost:13653
accept: */*

Response DefaultHttpResponse(decodeResult: success, version: HTTP/1.1)
HTTP/1.1 200 OK
Content-Length: 18
Content-Type: application/json; charset=utf-8
cache-control: no-cache

11:36:23.370 [AsyncHttpClient-1-5] DEBUG org.asynchttpclient.netty.channel.ChannelManager - Adding key: http://localhost:13653 for channel [id: 0xdffd1267, L:/127.0.0.1:61309 - R:localhost/127.0.0.1:13653]
11:36:23.370 [Forwarding isElementEnabled on session 343760fe1b3b1d209c4a0d88582a27db to remote] DEBUG org.asynchttpclient.netty.request.NettyRequestSender - Using pooled Channel '[id: 0xdffd1267, L:/127.0.0.1:61309 - R:localhost/127.0.0.1:13653]' for 'GET' to 'http://localhost:13653/session/343760fe1b3b1d209c4a0d88582a27db/element/B5D78317CDC82913058D66A8C952A41F_element_60/enabled'
11:36:23.370 [Forwarding isElementEnabled on session 343760fe1b3b1d209c4a0d88582a27db to remote] DEBUG org.asynchttpclient.netty.request.NettyRequestSender - Using open Channel [id: 0xdffd1267, L:/127.0.0.1:61309 - R:localhost/127.0.0.1:13653] for GET '/session/343760fe1b3b1d209c4a0d88582a27db/element/B5D78317CDC82913058D66A8C952A41F_element_60/enabled'
11:36:23.380 [AsyncHttpClient-1-5] DEBUG org.asynchttpclient.netty.handler.HttpHandler - 

Request DefaultFullHttpRequest(decodeResult: success, version: HTTP/1.1, content: EmptyByteBufBE)
GET /session/343760fe1b3b1d209c4a0d88582a27db/element/B5D78317CDC82913058D66A8C952A41F_element_60/enabled HTTP/1.1
User-Agent: selenium/4.8.0 (java windows)
Cache-Control: no-cache
Content-Type: application/json; charset=utf-8
host: localhost:13653
accept: */*

Response DefaultHttpResponse(decodeResult: success, version: HTTP/1.1)
HTTP/1.1 200 OK
Content-Length: 14
Content-Type: application/json; charset=utf-8
cache-control: no-cache

11:36:23.380 [AsyncHttpClient-1-5] DEBUG org.asynchttpclient.netty.channel.ChannelManager - Adding key: http://localhost:13653 for channel [id: 0xdffd1267, L:/127.0.0.1:61309 - R:localhost/127.0.0.1:13653]
11:36:23.380 [Forwarding isElementEnabled on session 343760fe1b3b1d209c4a0d88582a27db to remote] DEBUG org.asynchttpclient.netty.request.NettyRequestSender - Using pooled Channel '[id: 0xdffd1267, L:/127.0.0.1:61309 - R:localhost/127.0.0.1:13653]' for 'GET' to 'http://localhost:13653/session/343760fe1b3b1d209c4a0d88582a27db/element/B5D78317CDC82913058D66A8C952A41F_element_60/enabled'
11:36:23.380 [Forwarding isElementEnabled on session 343760fe1b3b1d209c4a0d88582a27db to remote] DEBUG org.asynchttpclient.netty.request.NettyRequestSender - Using open Channel [id: 0xdffd1267, L:/127.0.0.1:61309 - R:localhost/127.0.0.1:13653] for GET '/session/343760fe1b3b1d209c4a0d88582a27db/element/B5D78317CDC82913058D66A8C952A41F_element_60/enabled'
11:36:23.386 [AsyncHttpClient-1-5] DEBUG org.asynchttpclient.netty.handler.HttpHandler - 

Request DefaultFullHttpRequest(decodeResult: success, version: HTTP/1.1, content: EmptyByteBufBE)
GET /session/343760fe1b3b1d209c4a0d88582a27db/element/B5D78317CDC82913058D66A8C952A41F_element_60/enabled HTTP/1.1
User-Agent: selenium/4.8.0 (java windows)
Cache-Control: no-cache
Content-Type: application/json; charset=utf-8
host: localhost:13653
accept: */*

Response DefaultHttpResponse(decodeResult: success, version: HTTP/1.1)
HTTP/1.1 200 OK
Content-Length: 14
Content-Type: application/json; charset=utf-8
cache-control: no-cache

11:36:23.386 [AsyncHttpClient-1-5] DEBUG org.asynchttpclient.netty.channel.ChannelManager - Adding key: http://localhost:13653 for channel [id: 0xdffd1267, L:/127.0.0.1:61309 - R:localhost/127.0.0.1:13653]
11:36:23.387 [Forwarding findElement on session 343760fe1b3b1d209c4a0d88582a27db to remote] DEBUG org.asynchttpclient.netty.request.NettyRequestSender - Using pooled Channel '[id: 0xdffd1267, L:/127.0.0.1:61309 - R:localhost/127.0.0.1:13653]' for 'POST' to 'http://localhost:13653/session/343760fe1b3b1d209c4a0d88582a27db/element'
11:36:23.387 [Forwarding findElement on session 343760fe1b3b1d209c4a0d88582a27db to remote] DEBUG org.asynchttpclient.netty.request.NettyRequestSender - Using open Channel [id: 0xdffd1267, L:/127.0.0.1:61309 - R:localhost/127.0.0.1:13653] for POST '/session/343760fe1b3b1d209c4a0d88582a27db/element'
11:36:23.394 [AsyncHttpClient-1-5] DEBUG org.asynchttpclient.netty.handler.HttpHandler - 

Request DefaultHttpRequest(decodeResult: success, version: HTTP/1.1)
POST /session/343760fe1b3b1d209c4a0d88582a27db/element HTTP/1.1
User-Agent: selenium/4.8.0 (java windows)
Content-Length: 64
Content-Type: application/json; charset=utf-8
host: localhost:13653
accept: */*

Response DefaultHttpResponse(decodeResult: success, version: HTTP/1.1)
HTTP/1.1 200 OK
Content-Length: 95
Content-Type: application/json; charset=utf-8
cache-control: no-cache

11:36:23.394 [AsyncHttpClient-1-5] DEBUG org.asynchttpclient.netty.channel.ChannelManager - Adding key: http://localhost:13653 for channel [id: 0xdffd1267, L:/127.0.0.1:61309 - R:localhost/127.0.0.1:13653]
11:36:23.396 [Forwarding isElementDisplayed on session 343760fe1b3b1d209c4a0d88582a27db to remote] DEBUG org.asynchttpclient.netty.request.NettyRequestSender - Using pooled Channel '[id: 0xdffd1267, L:/127.0.0.1:61309 - R:localhost/127.0.0.1:13653]' for 'POST' to 'http://localhost:13653/session/343760fe1b3b1d209c4a0d88582a27db/execute/sync'
11:36:23.396 [Forwarding isElementDisplayed on session 343760fe1b3b1d209c4a0d88582a27db to remote] DEBUG org.asynchttpclient.netty.request.NettyRequestSender - Using open Channel [id: 0xdffd1267, L:/127.0.0.1:61309 - R:localhost/127.0.0.1:13653] for POST '/session/343760fe1b3b1d209c4a0d88582a27db/execute/sync'
11:36:23.404 [AsyncHttpClient-1-5] DEBUG org.asynchttpclient.netty.handler.HttpHandler - 

Request DefaultHttpRequest(decodeResult: success, version: HTTP/1.1)
POST /session/343760fe1b3b1d209c4a0d88582a27db/execute/sync HTTP/1.1
User-Agent: selenium/4.8.0 (java windows)
Content-Length: 48814
Content-Type: application/json; charset=utf-8
host: localhost:13653
accept: */*

Response DefaultHttpResponse(decodeResult: success, version: HTTP/1.1)
HTTP/1.1 200 OK
Content-Length: 14
Content-Type: application/json; charset=utf-8
cache-control: no-cache

11:36:23.404 [AsyncHttpClient-1-5] DEBUG org.asynchttpclient.netty.channel.ChannelManager - Adding key: http://localhost:13653 for channel [id: 0xdffd1267, L:/127.0.0.1:61309 - R:localhost/127.0.0.1:13653]
11:36:23.405 [Forwarding clickElement on session 343760fe1b3b1d209c4a0d88582a27db to remote] DEBUG org.asynchttpclient.netty.request.NettyRequestSender - Using pooled Channel '[id: 0xdffd1267, L:/127.0.0.1:61309 - R:localhost/127.0.0.1:13653]' for 'POST' to 'http://localhost:13653/session/343760fe1b3b1d209c4a0d88582a27db/element/B5D78317CDC82913058D66A8C952A41F_element_60/click'
11:36:23.405 [Forwarding clickElement on session 343760fe1b3b1d209c4a0d88582a27db to remote] DEBUG org.asynchttpclient.netty.request.NettyRequestSender - Using open Channel [id: 0xdffd1267, L:/127.0.0.1:61309 - R:localhost/127.0.0.1:13653] for POST '/session/343760fe1b3b1d209c4a0d88582a27db/element/B5D78317CDC82913058D66A8C952A41F_element_60/click'
11:36:23.454 [AsyncHttpClient-1-5] DEBUG org.asynchttpclient.netty.handler.HttpHandler - 

Request DefaultHttpRequest(decodeResult: success, version: HTTP/1.1)
POST /session/343760fe1b3b1d209c4a0d88582a27db/element/B5D78317CDC82913058D66A8C952A41F_element_60/click HTTP/1.1
User-Agent: selenium/4.8.0 (java windows)
Content-Length: 57
Content-Type: application/json; charset=utf-8
host: localhost:13653
accept: */*

Response DefaultHttpResponse(decodeResult: success, version: HTTP/1.1)
HTTP/1.1 200 OK
Content-Length: 14
Content-Type: application/json; charset=utf-8
cache-control: no-cache

11:36:23.454 [AsyncHttpClient-1-5] DEBUG org.asynchttpclient.netty.channel.ChannelManager - Adding key: http://localhost:13653 for channel [id: 0xdffd1267, L:/127.0.0.1:61309 - R:localhost/127.0.0.1:13653]
11:36:23.458 [Forwarding getAlertText on session 343760fe1b3b1d209c4a0d88582a27db to remote] DEBUG org.asynchttpclient.netty.request.NettyRequestSender - Using pooled Channel '[id: 0xdffd1267, L:/127.0.0.1:61309 - R:localhost/127.0.0.1:13653]' for 'GET' to 'http://localhost:13653/session/343760fe1b3b1d209c4a0d88582a27db/alert/text'
11:36:23.459 [Forwarding getAlertText on session 343760fe1b3b1d209c4a0d88582a27db to remote] DEBUG org.asynchttpclient.netty.request.NettyRequestSender - Using open Channel [id: 0xdffd1267, L:/127.0.0.1:61309 - R:localhost/127.0.0.1:13653] for GET '/session/343760fe1b3b1d209c4a0d88582a27db/alert/text'
11:36:23.460 [AsyncHttpClient-1-5] DEBUG org.asynchttpclient.netty.handler.HttpHandler - 

Request DefaultFullHttpRequest(decodeResult: success, version: HTTP/1.1, content: EmptyByteBufBE)
GET /session/343760fe1b3b1d209c4a0d88582a27db/alert/text HTTP/1.1
User-Agent: selenium/4.8.0 (java windows)
Cache-Control: no-cache
Content-Type: application/json; charset=utf-8
host: localhost:13653
accept: */*

Response DefaultHttpResponse(decodeResult: success, version: HTTP/1.1)
HTTP/1.1 404 Not Found
Content-Length: 1522
Content-Type: application/json; charset=utf-8
cache-control: no-cache

11:36:23.460 [AsyncHttpClient-1-5] DEBUG org.asynchttpclient.netty.channel.ChannelManager - Adding key: http://localhost:13653 for channel [id: 0xdffd1267, L:/127.0.0.1:61309 - R:localhost/127.0.0.1:13653]
11:36:23.461 [Forwarding getCurrentUrl on session 343760fe1b3b1d209c4a0d88582a27db to remote] DEBUG org.asynchttpclient.netty.request.NettyRequestSender - Using pooled Channel '[id: 0xdffd1267, L:/127.0.0.1:61309 - R:localhost/127.0.0.1:13653]' for 'GET' to 'http://localhost:13653/session/343760fe1b3b1d209c4a0d88582a27db/url'
11:36:23.461 [Forwarding getCurrentUrl on session 343760fe1b3b1d209c4a0d88582a27db to remote] DEBUG org.asynchttpclient.netty.request.NettyRequestSender - Using open Channel [id: 0xdffd1267, L:/127.0.0.1:61309 - R:localhost/127.0.0.1:13653] for GET '/session/343760fe1b3b1d209c4a0d88582a27db/url'
11:36:23.465 [AsyncHttpClient-1-5] DEBUG org.asynchttpclient.netty.handler.HttpHandler - 

Request DefaultFullHttpRequest(decodeResult: success, version: HTTP/1.1, content: EmptyByteBufBE)
GET /session/343760fe1b3b1d209c4a0d88582a27db/url HTTP/1.1
User-Agent: selenium/4.8.0 (java windows)
Cache-Control: no-cache
Content-Type: application/json; charset=utf-8
host: localhost:13653
accept: */*

Response DefaultHttpResponse(decodeResult: success, version: HTTP/1.1)
HTTP/1.1 200 OK
Content-Length: 52
Content-Type: application/json; charset=utf-8
cache-control: no-cache

11:36:23.465 [AsyncHttpClient-1-5] DEBUG org.asynchttpclient.netty.channel.ChannelManager - Adding key: http://localhost:13653 for channel [id: 0xdffd1267, L:/127.0.0.1:61309 - R:localhost/127.0.0.1:13653]
11:36:23.466 [Forwarding screenshot on session 343760fe1b3b1d209c4a0d88582a27db to remote] DEBUG org.asynchttpclient.netty.request.NettyRequestSender - Using pooled Channel '[id: 0xdffd1267, L:/127.0.0.1:61309 - R:localhost/127.0.0.1:13653]' for 'GET' to 'http://localhost:13653/session/343760fe1b3b1d209c4a0d88582a27db/screenshot'
11:36:23.466 [Forwarding screenshot on session 343760fe1b3b1d209c4a0d88582a27db to remote] DEBUG org.asynchttpclient.netty.request.NettyRequestSender - Using open Channel [id: 0xdffd1267, L:/127.0.0.1:61309 - R:localhost/127.0.0.1:13653] for GET '/session/343760fe1b3b1d209c4a0d88582a27db/screenshot'
11:36:23.684 [AsyncHttpClient-1-5] DEBUG org.asynchttpclient.netty.handler.HttpHandler - 

Request DefaultFullHttpRequest(decodeResult: success, version: HTTP/1.1, content: EmptyByteBufBE)
GET /session/343760fe1b3b1d209c4a0d88582a27db/screenshot HTTP/1.1
User-Agent: selenium/4.8.0 (java windows)
Cache-Control: no-cache
Content-Type: application/json; charset=utf-8
host: localhost:13653
accept: */*

Response DefaultHttpResponse(decodeResult: success, version: HTTP/1.1)
HTTP/1.1 200 OK
Content-Length: 586976
Content-Type: application/json; charset=utf-8
cache-control: no-cache

11:36:23.685 [AsyncHttpClient-1-5] DEBUG org.asynchttpclient.netty.channel.ChannelManager - Adding key: http://localhost:13653 for channel [id: 0xdffd1267, L:/127.0.0.1:61309 - R:localhost/127.0.0.1:13653]
11:36:23.703 [main] DEBUG net.serenitybdd.core.photography.Darkroom - Send negative for processing for target\site\serenity\0fc0f156101466855aa600b750f2ddc36bd3dce180ae007184e52419c0e3ad2e.png
11:36:23.703 [main] DEBUG net.thucydides.core.steps.StepInterceptor - STEP DONE: click continues shopping button
11:36:23.709 [Darkroom Processing Line] DEBUG net.serenitybdd.core.photography.DarkroomProcessingLine - Processing screenshot image in /var/screenshots/screenshot-6929508065272799800
11:36:23.709 [Darkroom Processing Line] DEBUG net.serenitybdd.core.photography.DarkroomProcessingLine - Saving screenshot to target\site\serenity\0fc0f156101466855aa600b750f2ddc36bd3dce180ae007184e52419c0e3ad2e.png
11:36:23.710 [main] DEBUG net.thucydides.core.steps.StepInterceptor - STEP DONE: test8_validateUserInterfaceFootersAndHeaders
11:36:23.717 [Forwarding getPageSource on session 343760fe1b3b1d209c4a0d88582a27db to remote] DEBUG org.asynchttpclient.netty.request.NettyRequestSender - Using pooled Channel '[id: 0xdffd1267, L:/127.0.0.1:61309 - R:localhost/127.0.0.1:13653]' for 'POST' to 'http://localhost:13653/session/343760fe1b3b1d209c4a0d88582a27db/execute/sync'
11:36:23.717 [Forwarding getPageSource on session 343760fe1b3b1d209c4a0d88582a27db to remote] DEBUG org.asynchttpclient.netty.request.NettyRequestSender - Using open Channel [id: 0xdffd1267, L:/127.0.0.1:61309 - R:localhost/127.0.0.1:13653] for POST '/session/343760fe1b3b1d209c4a0d88582a27db/execute/sync'
11:36:23.725 [AsyncHttpClient-1-5] DEBUG org.asynchttpclient.netty.handler.HttpHandler - 

Request DefaultHttpRequest(decodeResult: success, version: HTTP/1.1)
POST /session/343760fe1b3b1d209c4a0d88582a27db/execute/sync HTTP/1.1
User-Agent: selenium/4.8.0 (java windows)
Content-Length: 176
Content-Type: application/json; charset=utf-8
host: localhost:13653
accept: */*

Response DefaultHttpResponse(decodeResult: success, version: HTTP/1.1)
HTTP/1.1 200 OK
Content-Length: 16347
Content-Type: application/json; charset=utf-8
cache-control: no-cache

11:36:23.725 [AsyncHttpClient-1-5] DEBUG org.asynchttpclient.netty.channel.ChannelManager - Adding key: http://localhost:13653 for channel [id: 0xdffd1267, L:/127.0.0.1:61309 - R:localhost/127.0.0.1:13653]
11:36:23.726 [Forwarding getCurrentUrl on session 343760fe1b3b1d209c4a0d88582a27db to remote] DEBUG org.asynchttpclient.netty.request.NettyRequestSender - Using pooled Channel '[id: 0xdffd1267, L:/127.0.0.1:61309 - R:localhost/127.0.0.1:13653]' for 'GET' to 'http://localhost:13653/session/343760fe1b3b1d209c4a0d88582a27db/url'
11:36:23.726 [Forwarding getCurrentUrl on session 343760fe1b3b1d209c4a0d88582a27db to remote] DEBUG org.asynchttpclient.netty.request.NettyRequestSender - Using open Channel [id: 0xdffd1267, L:/127.0.0.1:61309 - R:localhost/127.0.0.1:13653] for GET '/session/343760fe1b3b1d209c4a0d88582a27db/url'
11:36:23.731 [AsyncHttpClient-1-5] DEBUG org.asynchttpclient.netty.handler.HttpHandler - 

Request DefaultFullHttpRequest(decodeResult: success, version: HTTP/1.1, content: EmptyByteBufBE)
GET /session/343760fe1b3b1d209c4a0d88582a27db/url HTTP/1.1
User-Agent: selenium/4.8.0 (java windows)
Cache-Control: no-cache
Content-Type: application/json; charset=utf-8
host: localhost:13653
accept: */*

Response DefaultHttpResponse(decodeResult: success, version: HTTP/1.1)
HTTP/1.1 200 OK
Content-Length: 52
Content-Type: application/json; charset=utf-8
cache-control: no-cache

11:36:23.731 [AsyncHttpClient-1-5] DEBUG org.asynchttpclient.netty.channel.ChannelManager - Adding key: http://localhost:13653 for channel [id: 0xdffd1267, L:/127.0.0.1:61309 - R:localhost/127.0.0.1:13653]
11:36:23.750 [main] DEBUG net.thucydides.core.steps.StepInterceptor - STARTING STEP: Tests.testCases - test9_addToMoreProductAndValidateTotalProductCountIs
11:36:23.755 [Forwarding findElement on session 343760fe1b3b1d209c4a0d88582a27db to remote] DEBUG org.asynchttpclient.netty.request.NettyRequestSender - Using pooled Channel '[id: 0xdffd1267, L:/127.0.0.1:61309 - R:localhost/127.0.0.1:13653]' for 'POST' to 'http://localhost:13653/session/343760fe1b3b1d209c4a0d88582a27db/element'
11:36:23.755 [Forwarding findElement on session 343760fe1b3b1d209c4a0d88582a27db to remote] DEBUG org.asynchttpclient.netty.request.NettyRequestSender - Using open Channel [id: 0xdffd1267, L:/127.0.0.1:61309 - R:localhost/127.0.0.1:13653] for POST '/session/343760fe1b3b1d209c4a0d88582a27db/element'
11:36:23.772 [AsyncHttpClient-1-5] DEBUG org.asynchttpclient.netty.handler.HttpHandler - 

Request DefaultHttpRequest(decodeResult: success, version: HTTP/1.1)
POST /session/343760fe1b3b1d209c4a0d88582a27db/element HTTP/1.1
User-Agent: selenium/4.8.0 (java windows)
Content-Length: 86
Content-Type: application/json; charset=utf-8
host: localhost:13653
accept: */*

Response DefaultHttpResponse(decodeResult: success, version: HTTP/1.1)
HTTP/1.1 200 OK
Content-Length: 95
Content-Type: application/json; charset=utf-8
cache-control: no-cache

11:36:23.773 [AsyncHttpClient-1-5] DEBUG org.asynchttpclient.netty.channel.ChannelManager - Adding key: http://localhost:13653 for channel [id: 0xdffd1267, L:/127.0.0.1:61309 - R:localhost/127.0.0.1:13653]
11:36:23.774 [Forwarding isElementDisplayed on session 343760fe1b3b1d209c4a0d88582a27db to remote] DEBUG org.asynchttpclient.netty.request.NettyRequestSender - Using pooled Channel '[id: 0xdffd1267, L:/127.0.0.1:61309 - R:localhost/127.0.0.1:13653]' for 'POST' to 'http://localhost:13653/session/343760fe1b3b1d209c4a0d88582a27db/execute/sync'
11:36:23.775 [Forwarding isElementDisplayed on session 343760fe1b3b1d209c4a0d88582a27db to remote] DEBUG org.asynchttpclient.netty.request.NettyRequestSender - Using open Channel [id: 0xdffd1267, L:/127.0.0.1:61309 - R:localhost/127.0.0.1:13653] for POST '/session/343760fe1b3b1d209c4a0d88582a27db/execute/sync'
11:36:23.787 [AsyncHttpClient-1-5] DEBUG org.asynchttpclient.netty.handler.HttpHandler - 

Request DefaultHttpRequest(decodeResult: success, version: HTTP/1.1)
POST /session/343760fe1b3b1d209c4a0d88582a27db/execute/sync HTTP/1.1
User-Agent: selenium/4.8.0 (java windows)
Content-Length: 48814
Content-Type: application/json; charset=utf-8
host: localhost:13653
accept: */*

Response DefaultHttpResponse(decodeResult: success, version: HTTP/1.1)
HTTP/1.1 200 OK
Content-Length: 14
Content-Type: application/json; charset=utf-8
cache-control: no-cache

11:36:23.787 [AsyncHttpClient-1-5] DEBUG org.asynchttpclient.netty.channel.ChannelManager - Adding key: http://localhost:13653 for channel [id: 0xdffd1267, L:/127.0.0.1:61309 - R:localhost/127.0.0.1:13653]
11:36:23.790 [Forwarding getElementTagName on session 343760fe1b3b1d209c4a0d88582a27db to remote] DEBUG org.asynchttpclient.netty.request.NettyRequestSender - Using pooled Channel '[id: 0xdffd1267, L:/127.0.0.1:61309 - R:localhost/127.0.0.1:13653]' for 'GET' to 'http://localhost:13653/session/343760fe1b3b1d209c4a0d88582a27db/element/B5D78317CDC82913058D66A8C952A41F_element_68/name'
11:36:23.790 [Forwarding getElementTagName on session 343760fe1b3b1d209c4a0d88582a27db to remote] DEBUG org.asynchttpclient.netty.request.NettyRequestSender - Using open Channel [id: 0xdffd1267, L:/127.0.0.1:61309 - R:localhost/127.0.0.1:13653] for GET '/session/343760fe1b3b1d209c4a0d88582a27db/element/B5D78317CDC82913058D66A8C952A41F_element_68/name'
11:36:23.796 [AsyncHttpClient-1-5] DEBUG org.asynchttpclient.netty.handler.HttpHandler - 

Request DefaultFullHttpRequest(decodeResult: success, version: HTTP/1.1, content: EmptyByteBufBE)
GET /session/343760fe1b3b1d209c4a0d88582a27db/element/B5D78317CDC82913058D66A8C952A41F_element_68/name HTTP/1.1
User-Agent: selenium/4.8.0 (java windows)
Cache-Control: no-cache
Content-Type: application/json; charset=utf-8
host: localhost:13653
accept: */*

Response DefaultHttpResponse(decodeResult: success, version: HTTP/1.1)
HTTP/1.1 200 OK
Content-Length: 18
Content-Type: application/json; charset=utf-8
cache-control: no-cache

11:36:23.796 [AsyncHttpClient-1-5] DEBUG org.asynchttpclient.netty.channel.ChannelManager - Adding key: http://localhost:13653 for channel [id: 0xdffd1267, L:/127.0.0.1:61309 - R:localhost/127.0.0.1:13653]
11:36:23.796 [Forwarding getElementTagName on session 343760fe1b3b1d209c4a0d88582a27db to remote] DEBUG org.asynchttpclient.netty.request.NettyRequestSender - Using pooled Channel '[id: 0xdffd1267, L:/127.0.0.1:61309 - R:localhost/127.0.0.1:13653]' for 'GET' to 'http://localhost:13653/session/343760fe1b3b1d209c4a0d88582a27db/element/B5D78317CDC82913058D66A8C952A41F_element_68/name'
11:36:23.796 [Forwarding getElementTagName on session 343760fe1b3b1d209c4a0d88582a27db to remote] DEBUG org.asynchttpclient.netty.request.NettyRequestSender - Using open Channel [id: 0xdffd1267, L:/127.0.0.1:61309 - R:localhost/127.0.0.1:13653] for GET '/session/343760fe1b3b1d209c4a0d88582a27db/element/B5D78317CDC82913058D66A8C952A41F_element_68/name'
11:36:23.801 [AsyncHttpClient-1-5] DEBUG org.asynchttpclient.netty.handler.HttpHandler - 

Request DefaultFullHttpRequest(decodeResult: success, version: HTTP/1.1, content: EmptyByteBufBE)
GET /session/343760fe1b3b1d209c4a0d88582a27db/element/B5D78317CDC82913058D66A8C952A41F_element_68/name HTTP/1.1
User-Agent: selenium/4.8.0 (java windows)
Cache-Control: no-cache
Content-Type: application/json; charset=utf-8
host: localhost:13653
accept: */*

Response DefaultHttpResponse(decodeResult: success, version: HTTP/1.1)
HTTP/1.1 200 OK
Content-Length: 18
Content-Type: application/json; charset=utf-8
cache-control: no-cache

11:36:23.801 [AsyncHttpClient-1-5] DEBUG org.asynchttpclient.netty.channel.ChannelManager - Adding key: http://localhost:13653 for channel [id: 0xdffd1267, L:/127.0.0.1:61309 - R:localhost/127.0.0.1:13653]
11:36:23.802 [Forwarding isElementEnabled on session 343760fe1b3b1d209c4a0d88582a27db to remote] DEBUG org.asynchttpclient.netty.request.NettyRequestSender - Using pooled Channel '[id: 0xdffd1267, L:/127.0.0.1:61309 - R:localhost/127.0.0.1:13653]' for 'GET' to 'http://localhost:13653/session/343760fe1b3b1d209c4a0d88582a27db/element/B5D78317CDC82913058D66A8C952A41F_element_68/enabled'
11:36:23.802 [Forwarding isElementEnabled on session 343760fe1b3b1d209c4a0d88582a27db to remote] DEBUG org.asynchttpclient.netty.request.NettyRequestSender - Using open Channel [id: 0xdffd1267, L:/127.0.0.1:61309 - R:localhost/127.0.0.1:13653] for GET '/session/343760fe1b3b1d209c4a0d88582a27db/element/B5D78317CDC82913058D66A8C952A41F_element_68/enabled'
11:36:23.808 [AsyncHttpClient-1-5] DEBUG org.asynchttpclient.netty.handler.HttpHandler - 

Request DefaultFullHttpRequest(decodeResult: success, version: HTTP/1.1, content: EmptyByteBufBE)
GET /session/343760fe1b3b1d209c4a0d88582a27db/element/B5D78317CDC82913058D66A8C952A41F_element_68/enabled HTTP/1.1
User-Agent: selenium/4.8.0 (java windows)
Cache-Control: no-cache
Content-Type: application/json; charset=utf-8
host: localhost:13653
accept: */*

Response DefaultHttpResponse(decodeResult: success, version: HTTP/1.1)
HTTP/1.1 200 OK
Content-Length: 14
Content-Type: application/json; charset=utf-8
cache-control: no-cache

11:36:23.808 [AsyncHttpClient-1-5] DEBUG org.asynchttpclient.netty.channel.ChannelManager - Adding key: http://localhost:13653 for channel [id: 0xdffd1267, L:/127.0.0.1:61309 - R:localhost/127.0.0.1:13653]
11:36:23.809 [Forwarding isElementEnabled on session 343760fe1b3b1d209c4a0d88582a27db to remote] DEBUG org.asynchttpclient.netty.request.NettyRequestSender - Using pooled Channel '[id: 0xdffd1267, L:/127.0.0.1:61309 - R:localhost/127.0.0.1:13653]' for 'GET' to 'http://localhost:13653/session/343760fe1b3b1d209c4a0d88582a27db/element/B5D78317CDC82913058D66A8C952A41F_element_68/enabled'
11:36:23.809 [Forwarding isElementEnabled on session 343760fe1b3b1d209c4a0d88582a27db to remote] DEBUG org.asynchttpclient.netty.request.NettyRequestSender - Using open Channel [id: 0xdffd1267, L:/127.0.0.1:61309 - R:localhost/127.0.0.1:13653] for GET '/session/343760fe1b3b1d209c4a0d88582a27db/element/B5D78317CDC82913058D66A8C952A41F_element_68/enabled'
11:36:23.815 [AsyncHttpClient-1-5] DEBUG org.asynchttpclient.netty.handler.HttpHandler - 

Request DefaultFullHttpRequest(decodeResult: success, version: HTTP/1.1, content: EmptyByteBufBE)
GET /session/343760fe1b3b1d209c4a0d88582a27db/element/B5D78317CDC82913058D66A8C952A41F_element_68/enabled HTTP/1.1
User-Agent: selenium/4.8.0 (java windows)
Cache-Control: no-cache
Content-Type: application/json; charset=utf-8
host: localhost:13653
accept: */*

Response DefaultHttpResponse(decodeResult: success, version: HTTP/1.1)
HTTP/1.1 200 OK
Content-Length: 14
Content-Type: application/json; charset=utf-8
cache-control: no-cache

11:36:23.815 [AsyncHttpClient-1-5] DEBUG org.asynchttpclient.netty.channel.ChannelManager - Adding key: http://localhost:13653 for channel [id: 0xdffd1267, L:/127.0.0.1:61309 - R:localhost/127.0.0.1:13653]
11:36:23.817 [Forwarding getElementTagName on session 343760fe1b3b1d209c4a0d88582a27db to remote] DEBUG org.asynchttpclient.netty.request.NettyRequestSender - Using pooled Channel '[id: 0xdffd1267, L:/127.0.0.1:61309 - R:localhost/127.0.0.1:13653]' for 'GET' to 'http://localhost:13653/session/343760fe1b3b1d209c4a0d88582a27db/element/B5D78317CDC82913058D66A8C952A41F_element_68/name'
11:36:23.817 [Forwarding getElementTagName on session 343760fe1b3b1d209c4a0d88582a27db to remote] DEBUG org.asynchttpclient.netty.request.NettyRequestSender - Using open Channel [id: 0xdffd1267, L:/127.0.0.1:61309 - R:localhost/127.0.0.1:13653] for GET '/session/343760fe1b3b1d209c4a0d88582a27db/element/B5D78317CDC82913058D66A8C952A41F_element_68/name'
11:36:23.821 [AsyncHttpClient-1-5] DEBUG org.asynchttpclient.netty.handler.HttpHandler - 

Request DefaultFullHttpRequest(decodeResult: success, version: HTTP/1.1, content: EmptyByteBufBE)
GET /session/343760fe1b3b1d209c4a0d88582a27db/element/B5D78317CDC82913058D66A8C952A41F_element_68/name HTTP/1.1
User-Agent: selenium/4.8.0 (java windows)
Cache-Control: no-cache
Content-Type: application/json; charset=utf-8
host: localhost:13653
accept: */*

Response DefaultHttpResponse(decodeResult: success, version: HTTP/1.1)
HTTP/1.1 200 OK
Content-Length: 18
Content-Type: application/json; charset=utf-8
cache-control: no-cache

11:36:23.821 [AsyncHttpClient-1-5] DEBUG org.asynchttpclient.netty.channel.ChannelManager - Adding key: http://localhost:13653 for channel [id: 0xdffd1267, L:/127.0.0.1:61309 - R:localhost/127.0.0.1:13653]
11:36:23.822 [Forwarding getElementTagName on session 343760fe1b3b1d209c4a0d88582a27db to remote] DEBUG org.asynchttpclient.netty.request.NettyRequestSender - Using pooled Channel '[id: 0xdffd1267, L:/127.0.0.1:61309 - R:localhost/127.0.0.1:13653]' for 'GET' to 'http://localhost:13653/session/343760fe1b3b1d209c4a0d88582a27db/element/B5D78317CDC82913058D66A8C952A41F_element_68/name'
11:36:23.822 [Forwarding getElementTagName on session 343760fe1b3b1d209c4a0d88582a27db to remote] DEBUG org.asynchttpclient.netty.request.NettyRequestSender - Using open Channel [id: 0xdffd1267, L:/127.0.0.1:61309 - R:localhost/127.0.0.1:13653] for GET '/session/343760fe1b3b1d209c4a0d88582a27db/element/B5D78317CDC82913058D66A8C952A41F_element_68/name'
11:36:23.829 [AsyncHttpClient-1-5] DEBUG org.asynchttpclient.netty.handler.HttpHandler - 

Request DefaultFullHttpRequest(decodeResult: success, version: HTTP/1.1, content: EmptyByteBufBE)
GET /session/343760fe1b3b1d209c4a0d88582a27db/element/B5D78317CDC82913058D66A8C952A41F_element_68/name HTTP/1.1
User-Agent: selenium/4.8.0 (java windows)
Cache-Control: no-cache
Content-Type: application/json; charset=utf-8
host: localhost:13653
accept: */*

Response DefaultHttpResponse(decodeResult: success, version: HTTP/1.1)
HTTP/1.1 200 OK
Content-Length: 18
Content-Type: application/json; charset=utf-8
cache-control: no-cache

11:36:23.829 [AsyncHttpClient-1-5] DEBUG org.asynchttpclient.netty.channel.ChannelManager - Adding key: http://localhost:13653 for channel [id: 0xdffd1267, L:/127.0.0.1:61309 - R:localhost/127.0.0.1:13653]
11:36:23.830 [Forwarding isElementEnabled on session 343760fe1b3b1d209c4a0d88582a27db to remote] DEBUG org.asynchttpclient.netty.request.NettyRequestSender - Using pooled Channel '[id: 0xdffd1267, L:/127.0.0.1:61309 - R:localhost/127.0.0.1:13653]' for 'GET' to 'http://localhost:13653/session/343760fe1b3b1d209c4a0d88582a27db/element/B5D78317CDC82913058D66A8C952A41F_element_68/enabled'
11:36:23.830 [Forwarding isElementEnabled on session 343760fe1b3b1d209c4a0d88582a27db to remote] DEBUG org.asynchttpclient.netty.request.NettyRequestSender - Using open Channel [id: 0xdffd1267, L:/127.0.0.1:61309 - R:localhost/127.0.0.1:13653] for GET '/session/343760fe1b3b1d209c4a0d88582a27db/element/B5D78317CDC82913058D66A8C952A41F_element_68/enabled'
11:36:23.839 [AsyncHttpClient-1-5] DEBUG org.asynchttpclient.netty.handler.HttpHandler - 

Request DefaultFullHttpRequest(decodeResult: success, version: HTTP/1.1, content: EmptyByteBufBE)
GET /session/343760fe1b3b1d209c4a0d88582a27db/element/B5D78317CDC82913058D66A8C952A41F_element_68/enabled HTTP/1.1
User-Agent: selenium/4.8.0 (java windows)
Cache-Control: no-cache
Content-Type: application/json; charset=utf-8
host: localhost:13653
accept: */*

Response DefaultHttpResponse(decodeResult: success, version: HTTP/1.1)
HTTP/1.1 200 OK
Content-Length: 14
Content-Type: application/json; charset=utf-8
cache-control: no-cache

11:36:23.839 [AsyncHttpClient-1-5] DEBUG org.asynchttpclient.netty.channel.ChannelManager - Adding key: http://localhost:13653 for channel [id: 0xdffd1267, L:/127.0.0.1:61309 - R:localhost/127.0.0.1:13653]
11:36:23.840 [Forwarding isElementEnabled on session 343760fe1b3b1d209c4a0d88582a27db to remote] DEBUG org.asynchttpclient.netty.request.NettyRequestSender - Using pooled Channel '[id: 0xdffd1267, L:/127.0.0.1:61309 - R:localhost/127.0.0.1:13653]' for 'GET' to 'http://localhost:13653/session/343760fe1b3b1d209c4a0d88582a27db/element/B5D78317CDC82913058D66A8C952A41F_element_68/enabled'
11:36:23.840 [Forwarding isElementEnabled on session 343760fe1b3b1d209c4a0d88582a27db to remote] DEBUG org.asynchttpclient.netty.request.NettyRequestSender - Using open Channel [id: 0xdffd1267, L:/127.0.0.1:61309 - R:localhost/127.0.0.1:13653] for GET '/session/343760fe1b3b1d209c4a0d88582a27db/element/B5D78317CDC82913058D66A8C952A41F_element_68/enabled'
11:36:23.846 [AsyncHttpClient-1-5] DEBUG org.asynchttpclient.netty.handler.HttpHandler - 

Request DefaultFullHttpRequest(decodeResult: success, version: HTTP/1.1, content: EmptyByteBufBE)
GET /session/343760fe1b3b1d209c4a0d88582a27db/element/B5D78317CDC82913058D66A8C952A41F_element_68/enabled HTTP/1.1
User-Agent: selenium/4.8.0 (java windows)
Cache-Control: no-cache
Content-Type: application/json; charset=utf-8
host: localhost:13653
accept: */*

Response DefaultHttpResponse(decodeResult: success, version: HTTP/1.1)
HTTP/1.1 200 OK
Content-Length: 14
Content-Type: application/json; charset=utf-8
cache-control: no-cache

11:36:23.846 [AsyncHttpClient-1-5] DEBUG org.asynchttpclient.netty.channel.ChannelManager - Adding key: http://localhost:13653 for channel [id: 0xdffd1267, L:/127.0.0.1:61309 - R:localhost/127.0.0.1:13653]
11:36:23.847 [Forwarding clickElement on session 343760fe1b3b1d209c4a0d88582a27db to remote] DEBUG org.asynchttpclient.netty.request.NettyRequestSender - Using pooled Channel '[id: 0xdffd1267, L:/127.0.0.1:61309 - R:localhost/127.0.0.1:13653]' for 'POST' to 'http://localhost:13653/session/343760fe1b3b1d209c4a0d88582a27db/element/B5D78317CDC82913058D66A8C952A41F_element_68/click'
11:36:23.847 [Forwarding clickElement on session 343760fe1b3b1d209c4a0d88582a27db to remote] DEBUG org.asynchttpclient.netty.request.NettyRequestSender - Using open Channel [id: 0xdffd1267, L:/127.0.0.1:61309 - R:localhost/127.0.0.1:13653] for POST '/session/343760fe1b3b1d209c4a0d88582a27db/element/B5D78317CDC82913058D66A8C952A41F_element_68/click'
11:36:23.873 [AsyncHttpClient-1-5] DEBUG org.asynchttpclient.netty.handler.HttpHandler - 

Request DefaultHttpRequest(decodeResult: success, version: HTTP/1.1)
POST /session/343760fe1b3b1d209c4a0d88582a27db/element/B5D78317CDC82913058D66A8C952A41F_element_68/click HTTP/1.1
User-Agent: selenium/4.8.0 (java windows)
Content-Length: 57
Content-Type: application/json; charset=utf-8
host: localhost:13653
accept: */*

Response DefaultHttpResponse(decodeResult: success, version: HTTP/1.1)
HTTP/1.1 200 OK
Content-Length: 14
Content-Type: application/json; charset=utf-8
cache-control: no-cache

11:36:23.873 [AsyncHttpClient-1-5] DEBUG org.asynchttpclient.netty.channel.ChannelManager - Adding key: http://localhost:13653 for channel [id: 0xdffd1267, L:/127.0.0.1:61309 - R:localhost/127.0.0.1:13653]
11:36:23.874 [main] INFO  com.swaglabs.base.SetUp - second product has been added
11:36:23.877 [Forwarding findElement on session 343760fe1b3b1d209c4a0d88582a27db to remote] DEBUG org.asynchttpclient.netty.request.NettyRequestSender - Using pooled Channel '[id: 0xdffd1267, L:/127.0.0.1:61309 - R:localhost/127.0.0.1:13653]' for 'POST' to 'http://localhost:13653/session/343760fe1b3b1d209c4a0d88582a27db/element'
11:36:23.877 [Forwarding findElement on session 343760fe1b3b1d209c4a0d88582a27db to remote] DEBUG org.asynchttpclient.netty.request.NettyRequestSender - Using open Channel [id: 0xdffd1267, L:/127.0.0.1:61309 - R:localhost/127.0.0.1:13653] for POST '/session/343760fe1b3b1d209c4a0d88582a27db/element'
11:36:23.891 [AsyncHttpClient-1-5] DEBUG org.asynchttpclient.netty.handler.HttpHandler - 

Request DefaultHttpRequest(decodeResult: success, version: HTTP/1.1)
POST /session/343760fe1b3b1d209c4a0d88582a27db/element HTTP/1.1
User-Agent: selenium/4.8.0 (java windows)
Content-Length: 96
Content-Type: application/json; charset=utf-8
host: localhost:13653
accept: */*

Response DefaultHttpResponse(decodeResult: success, version: HTTP/1.1)
HTTP/1.1 200 OK
Content-Length: 95
Content-Type: application/json; charset=utf-8
cache-control: no-cache

11:36:23.892 [AsyncHttpClient-1-5] DEBUG org.asynchttpclient.netty.channel.ChannelManager - Adding key: http://localhost:13653 for channel [id: 0xdffd1267, L:/127.0.0.1:61309 - R:localhost/127.0.0.1:13653]
11:36:23.895 [Forwarding isElementDisplayed on session 343760fe1b3b1d209c4a0d88582a27db to remote] DEBUG org.asynchttpclient.netty.request.NettyRequestSender - Using pooled Channel '[id: 0xdffd1267, L:/127.0.0.1:61309 - R:localhost/127.0.0.1:13653]' for 'POST' to 'http://localhost:13653/session/343760fe1b3b1d209c4a0d88582a27db/execute/sync'
11:36:23.895 [Forwarding isElementDisplayed on session 343760fe1b3b1d209c4a0d88582a27db to remote] DEBUG org.asynchttpclient.netty.request.NettyRequestSender - Using open Channel [id: 0xdffd1267, L:/127.0.0.1:61309 - R:localhost/127.0.0.1:13653] for POST '/session/343760fe1b3b1d209c4a0d88582a27db/execute/sync'
11:36:23.905 [AsyncHttpClient-1-5] DEBUG org.asynchttpclient.netty.handler.HttpHandler - 

Request DefaultHttpRequest(decodeResult: success, version: HTTP/1.1)
POST /session/343760fe1b3b1d209c4a0d88582a27db/execute/sync HTTP/1.1
User-Agent: selenium/4.8.0 (java windows)
Content-Length: 48814
Content-Type: application/json; charset=utf-8
host: localhost:13653
accept: */*

Response DefaultHttpResponse(decodeResult: success, version: HTTP/1.1)
HTTP/1.1 200 OK
Content-Length: 14
Content-Type: application/json; charset=utf-8
cache-control: no-cache

11:36:23.906 [AsyncHttpClient-1-5] DEBUG org.asynchttpclient.netty.channel.ChannelManager - Adding key: http://localhost:13653 for channel [id: 0xdffd1267, L:/127.0.0.1:61309 - R:localhost/127.0.0.1:13653]
11:36:23.906 [Forwarding getElementTagName on session 343760fe1b3b1d209c4a0d88582a27db to remote] DEBUG org.asynchttpclient.netty.request.NettyRequestSender - Using pooled Channel '[id: 0xdffd1267, L:/127.0.0.1:61309 - R:localhost/127.0.0.1:13653]' for 'GET' to 'http://localhost:13653/session/343760fe1b3b1d209c4a0d88582a27db/element/B5D78317CDC82913058D66A8C952A41F_element_69/name'
11:36:23.906 [Forwarding getElementTagName on session 343760fe1b3b1d209c4a0d88582a27db to remote] DEBUG org.asynchttpclient.netty.request.NettyRequestSender - Using open Channel [id: 0xdffd1267, L:/127.0.0.1:61309 - R:localhost/127.0.0.1:13653] for GET '/session/343760fe1b3b1d209c4a0d88582a27db/element/B5D78317CDC82913058D66A8C952A41F_element_69/name'
11:36:23.909 [AsyncHttpClient-1-5] DEBUG org.asynchttpclient.netty.handler.HttpHandler - 

Request DefaultFullHttpRequest(decodeResult: success, version: HTTP/1.1, content: EmptyByteBufBE)
GET /session/343760fe1b3b1d209c4a0d88582a27db/element/B5D78317CDC82913058D66A8C952A41F_element_69/name HTTP/1.1
User-Agent: selenium/4.8.0 (java windows)
Cache-Control: no-cache
Content-Type: application/json; charset=utf-8
host: localhost:13653
accept: */*

Response DefaultHttpResponse(decodeResult: success, version: HTTP/1.1)
HTTP/1.1 200 OK
Content-Length: 18
Content-Type: application/json; charset=utf-8
cache-control: no-cache

11:36:23.909 [AsyncHttpClient-1-5] DEBUG org.asynchttpclient.netty.channel.ChannelManager - Adding key: http://localhost:13653 for channel [id: 0xdffd1267, L:/127.0.0.1:61309 - R:localhost/127.0.0.1:13653]
11:36:23.910 [Forwarding getElementTagName on session 343760fe1b3b1d209c4a0d88582a27db to remote] DEBUG org.asynchttpclient.netty.request.NettyRequestSender - Using pooled Channel '[id: 0xdffd1267, L:/127.0.0.1:61309 - R:localhost/127.0.0.1:13653]' for 'GET' to 'http://localhost:13653/session/343760fe1b3b1d209c4a0d88582a27db/element/B5D78317CDC82913058D66A8C952A41F_element_69/name'
11:36:23.910 [Forwarding getElementTagName on session 343760fe1b3b1d209c4a0d88582a27db to remote] DEBUG org.asynchttpclient.netty.request.NettyRequestSender - Using open Channel [id: 0xdffd1267, L:/127.0.0.1:61309 - R:localhost/127.0.0.1:13653] for GET '/session/343760fe1b3b1d209c4a0d88582a27db/element/B5D78317CDC82913058D66A8C952A41F_element_69/name'
11:36:23.914 [AsyncHttpClient-1-5] DEBUG org.asynchttpclient.netty.handler.HttpHandler - 

Request DefaultFullHttpRequest(decodeResult: success, version: HTTP/1.1, content: EmptyByteBufBE)
GET /session/343760fe1b3b1d209c4a0d88582a27db/element/B5D78317CDC82913058D66A8C952A41F_element_69/name HTTP/1.1
User-Agent: selenium/4.8.0 (java windows)
Cache-Control: no-cache
Content-Type: application/json; charset=utf-8
host: localhost:13653
accept: */*

Response DefaultHttpResponse(decodeResult: success, version: HTTP/1.1)
HTTP/1.1 200 OK
Content-Length: 18
Content-Type: application/json; charset=utf-8
cache-control: no-cache

11:36:23.914 [AsyncHttpClient-1-5] DEBUG org.asynchttpclient.netty.channel.ChannelManager - Adding key: http://localhost:13653 for channel [id: 0xdffd1267, L:/127.0.0.1:61309 - R:localhost/127.0.0.1:13653]
11:36:23.915 [Forwarding isElementEnabled on session 343760fe1b3b1d209c4a0d88582a27db to remote] DEBUG org.asynchttpclient.netty.request.NettyRequestSender - Using pooled Channel '[id: 0xdffd1267, L:/127.0.0.1:61309 - R:localhost/127.0.0.1:13653]' for 'GET' to 'http://localhost:13653/session/343760fe1b3b1d209c4a0d88582a27db/element/B5D78317CDC82913058D66A8C952A41F_element_69/enabled'
11:36:23.915 [Forwarding isElementEnabled on session 343760fe1b3b1d209c4a0d88582a27db to remote] DEBUG org.asynchttpclient.netty.request.NettyRequestSender - Using open Channel [id: 0xdffd1267, L:/127.0.0.1:61309 - R:localhost/127.0.0.1:13653] for GET '/session/343760fe1b3b1d209c4a0d88582a27db/element/B5D78317CDC82913058D66A8C952A41F_element_69/enabled'
11:36:23.920 [AsyncHttpClient-1-5] DEBUG org.asynchttpclient.netty.handler.HttpHandler - 

Request DefaultFullHttpRequest(decodeResult: success, version: HTTP/1.1, content: EmptyByteBufBE)
GET /session/343760fe1b3b1d209c4a0d88582a27db/element/B5D78317CDC82913058D66A8C952A41F_element_69/enabled HTTP/1.1
User-Agent: selenium/4.8.0 (java windows)
Cache-Control: no-cache
Content-Type: application/json; charset=utf-8
host: localhost:13653
accept: */*

Response DefaultHttpResponse(decodeResult: success, version: HTTP/1.1)
HTTP/1.1 200 OK
Content-Length: 14
Content-Type: application/json; charset=utf-8
cache-control: no-cache

11:36:23.920 [AsyncHttpClient-1-5] DEBUG org.asynchttpclient.netty.channel.ChannelManager - Adding key: http://localhost:13653 for channel [id: 0xdffd1267, L:/127.0.0.1:61309 - R:localhost/127.0.0.1:13653]
11:36:23.920 [Forwarding isElementEnabled on session 343760fe1b3b1d209c4a0d88582a27db to remote] DEBUG org.asynchttpclient.netty.request.NettyRequestSender - Using pooled Channel '[id: 0xdffd1267, L:/127.0.0.1:61309 - R:localhost/127.0.0.1:13653]' for 'GET' to 'http://localhost:13653/session/343760fe1b3b1d209c4a0d88582a27db/element/B5D78317CDC82913058D66A8C952A41F_element_69/enabled'
11:36:23.920 [Forwarding isElementEnabled on session 343760fe1b3b1d209c4a0d88582a27db to remote] DEBUG org.asynchttpclient.netty.request.NettyRequestSender - Using open Channel [id: 0xdffd1267, L:/127.0.0.1:61309 - R:localhost/127.0.0.1:13653] for GET '/session/343760fe1b3b1d209c4a0d88582a27db/element/B5D78317CDC82913058D66A8C952A41F_element_69/enabled'
11:36:23.926 [AsyncHttpClient-1-5] DEBUG org.asynchttpclient.netty.handler.HttpHandler - 

Request DefaultFullHttpRequest(decodeResult: success, version: HTTP/1.1, content: EmptyByteBufBE)
GET /session/343760fe1b3b1d209c4a0d88582a27db/element/B5D78317CDC82913058D66A8C952A41F_element_69/enabled HTTP/1.1
User-Agent: selenium/4.8.0 (java windows)
Cache-Control: no-cache
Content-Type: application/json; charset=utf-8
host: localhost:13653
accept: */*

Response DefaultHttpResponse(decodeResult: success, version: HTTP/1.1)
HTTP/1.1 200 OK
Content-Length: 14
Content-Type: application/json; charset=utf-8
cache-control: no-cache

11:36:23.926 [AsyncHttpClient-1-5] DEBUG org.asynchttpclient.netty.channel.ChannelManager - Adding key: http://localhost:13653 for channel [id: 0xdffd1267, L:/127.0.0.1:61309 - R:localhost/127.0.0.1:13653]
11:36:23.928 [Forwarding getElementTagName on session 343760fe1b3b1d209c4a0d88582a27db to remote] DEBUG org.asynchttpclient.netty.request.NettyRequestSender - Using pooled Channel '[id: 0xdffd1267, L:/127.0.0.1:61309 - R:localhost/127.0.0.1:13653]' for 'GET' to 'http://localhost:13653/session/343760fe1b3b1d209c4a0d88582a27db/element/B5D78317CDC82913058D66A8C952A41F_element_69/name'
11:36:23.928 [Forwarding getElementTagName on session 343760fe1b3b1d209c4a0d88582a27db to remote] DEBUG org.asynchttpclient.netty.request.NettyRequestSender - Using open Channel [id: 0xdffd1267, L:/127.0.0.1:61309 - R:localhost/127.0.0.1:13653] for GET '/session/343760fe1b3b1d209c4a0d88582a27db/element/B5D78317CDC82913058D66A8C952A41F_element_69/name'
11:36:23.932 [AsyncHttpClient-1-5] DEBUG org.asynchttpclient.netty.handler.HttpHandler - 

Request DefaultFullHttpRequest(decodeResult: success, version: HTTP/1.1, content: EmptyByteBufBE)
GET /session/343760fe1b3b1d209c4a0d88582a27db/element/B5D78317CDC82913058D66A8C952A41F_element_69/name HTTP/1.1
User-Agent: selenium/4.8.0 (java windows)
Cache-Control: no-cache
Content-Type: application/json; charset=utf-8
host: localhost:13653
accept: */*

Response DefaultHttpResponse(decodeResult: success, version: HTTP/1.1)
HTTP/1.1 200 OK
Content-Length: 18
Content-Type: application/json; charset=utf-8
cache-control: no-cache

11:36:23.932 [AsyncHttpClient-1-5] DEBUG org.asynchttpclient.netty.channel.ChannelManager - Adding key: http://localhost:13653 for channel [id: 0xdffd1267, L:/127.0.0.1:61309 - R:localhost/127.0.0.1:13653]
11:36:23.932 [Forwarding getElementTagName on session 343760fe1b3b1d209c4a0d88582a27db to remote] DEBUG org.asynchttpclient.netty.request.NettyRequestSender - Using pooled Channel '[id: 0xdffd1267, L:/127.0.0.1:61309 - R:localhost/127.0.0.1:13653]' for 'GET' to 'http://localhost:13653/session/343760fe1b3b1d209c4a0d88582a27db/element/B5D78317CDC82913058D66A8C952A41F_element_69/name'
11:36:23.932 [Forwarding getElementTagName on session 343760fe1b3b1d209c4a0d88582a27db to remote] DEBUG org.asynchttpclient.netty.request.NettyRequestSender - Using open Channel [id: 0xdffd1267, L:/127.0.0.1:61309 - R:localhost/127.0.0.1:13653] for GET '/session/343760fe1b3b1d209c4a0d88582a27db/element/B5D78317CDC82913058D66A8C952A41F_element_69/name'
11:36:23.938 [AsyncHttpClient-1-5] DEBUG org.asynchttpclient.netty.handler.HttpHandler - 

Request DefaultFullHttpRequest(decodeResult: success, version: HTTP/1.1, content: EmptyByteBufBE)
GET /session/343760fe1b3b1d209c4a0d88582a27db/element/B5D78317CDC82913058D66A8C952A41F_element_69/name HTTP/1.1
User-Agent: selenium/4.8.0 (java windows)
Cache-Control: no-cache
Content-Type: application/json; charset=utf-8
host: localhost:13653
accept: */*

Response DefaultHttpResponse(decodeResult: success, version: HTTP/1.1)
HTTP/1.1 200 OK
Content-Length: 18
Content-Type: application/json; charset=utf-8
cache-control: no-cache

11:36:23.938 [AsyncHttpClient-1-5] DEBUG org.asynchttpclient.netty.channel.ChannelManager - Adding key: http://localhost:13653 for channel [id: 0xdffd1267, L:/127.0.0.1:61309 - R:localhost/127.0.0.1:13653]
11:36:23.939 [Forwarding isElementEnabled on session 343760fe1b3b1d209c4a0d88582a27db to remote] DEBUG org.asynchttpclient.netty.request.NettyRequestSender - Using pooled Channel '[id: 0xdffd1267, L:/127.0.0.1:61309 - R:localhost/127.0.0.1:13653]' for 'GET' to 'http://localhost:13653/session/343760fe1b3b1d209c4a0d88582a27db/element/B5D78317CDC82913058D66A8C952A41F_element_69/enabled'
11:36:23.939 [Forwarding isElementEnabled on session 343760fe1b3b1d209c4a0d88582a27db to remote] DEBUG org.asynchttpclient.netty.request.NettyRequestSender - Using open Channel [id: 0xdffd1267, L:/127.0.0.1:61309 - R:localhost/127.0.0.1:13653] for GET '/session/343760fe1b3b1d209c4a0d88582a27db/element/B5D78317CDC82913058D66A8C952A41F_element_69/enabled'
11:36:23.947 [AsyncHttpClient-1-5] DEBUG org.asynchttpclient.netty.handler.HttpHandler - 

Request DefaultFullHttpRequest(decodeResult: success, version: HTTP/1.1, content: EmptyByteBufBE)
GET /session/343760fe1b3b1d209c4a0d88582a27db/element/B5D78317CDC82913058D66A8C952A41F_element_69/enabled HTTP/1.1
User-Agent: selenium/4.8.0 (java windows)
Cache-Control: no-cache
Content-Type: application/json; charset=utf-8
host: localhost:13653
accept: */*

Response DefaultHttpResponse(decodeResult: success, version: HTTP/1.1)
HTTP/1.1 200 OK
Content-Length: 14
Content-Type: application/json; charset=utf-8
cache-control: no-cache

11:36:23.947 [AsyncHttpClient-1-5] DEBUG org.asynchttpclient.netty.channel.ChannelManager - Adding key: http://localhost:13653 for channel [id: 0xdffd1267, L:/127.0.0.1:61309 - R:localhost/127.0.0.1:13653]
11:36:23.947 [Forwarding isElementEnabled on session 343760fe1b3b1d209c4a0d88582a27db to remote] DEBUG org.asynchttpclient.netty.request.NettyRequestSender - Using pooled Channel '[id: 0xdffd1267, L:/127.0.0.1:61309 - R:localhost/127.0.0.1:13653]' for 'GET' to 'http://localhost:13653/session/343760fe1b3b1d209c4a0d88582a27db/element/B5D78317CDC82913058D66A8C952A41F_element_69/enabled'
11:36:23.947 [Forwarding isElementEnabled on session 343760fe1b3b1d209c4a0d88582a27db to remote] DEBUG org.asynchttpclient.netty.request.NettyRequestSender - Using open Channel [id: 0xdffd1267, L:/127.0.0.1:61309 - R:localhost/127.0.0.1:13653] for GET '/session/343760fe1b3b1d209c4a0d88582a27db/element/B5D78317CDC82913058D66A8C952A41F_element_69/enabled'
11:36:23.959 [AsyncHttpClient-1-5] DEBUG org.asynchttpclient.netty.handler.HttpHandler - 

Request DefaultFullHttpRequest(decodeResult: success, version: HTTP/1.1, content: EmptyByteBufBE)
GET /session/343760fe1b3b1d209c4a0d88582a27db/element/B5D78317CDC82913058D66A8C952A41F_element_69/enabled HTTP/1.1
User-Agent: selenium/4.8.0 (java windows)
Cache-Control: no-cache
Content-Type: application/json; charset=utf-8
host: localhost:13653
accept: */*

Response DefaultHttpResponse(decodeResult: success, version: HTTP/1.1)
HTTP/1.1 200 OK
Content-Length: 14
Content-Type: application/json; charset=utf-8
cache-control: no-cache

11:36:23.959 [AsyncHttpClient-1-5] DEBUG org.asynchttpclient.netty.channel.ChannelManager - Adding key: http://localhost:13653 for channel [id: 0xdffd1267, L:/127.0.0.1:61309 - R:localhost/127.0.0.1:13653]
11:36:23.960 [Forwarding clickElement on session 343760fe1b3b1d209c4a0d88582a27db to remote] DEBUG org.asynchttpclient.netty.request.NettyRequestSender - Using pooled Channel '[id: 0xdffd1267, L:/127.0.0.1:61309 - R:localhost/127.0.0.1:13653]' for 'POST' to 'http://localhost:13653/session/343760fe1b3b1d209c4a0d88582a27db/element/B5D78317CDC82913058D66A8C952A41F_element_69/click'
11:36:23.960 [Forwarding clickElement on session 343760fe1b3b1d209c4a0d88582a27db to remote] DEBUG org.asynchttpclient.netty.request.NettyRequestSender - Using open Channel [id: 0xdffd1267, L:/127.0.0.1:61309 - R:localhost/127.0.0.1:13653] for POST '/session/343760fe1b3b1d209c4a0d88582a27db/element/B5D78317CDC82913058D66A8C952A41F_element_69/click'
11:36:23.998 [AsyncHttpClient-1-5] DEBUG org.asynchttpclient.netty.handler.HttpHandler - 

Request DefaultHttpRequest(decodeResult: success, version: HTTP/1.1)
POST /session/343760fe1b3b1d209c4a0d88582a27db/element/B5D78317CDC82913058D66A8C952A41F_element_69/click HTTP/1.1
User-Agent: selenium/4.8.0 (java windows)
Content-Length: 57
Content-Type: application/json; charset=utf-8
host: localhost:13653
accept: */*

Response DefaultHttpResponse(decodeResult: success, version: HTTP/1.1)
HTTP/1.1 200 OK
Content-Length: 14
Content-Type: application/json; charset=utf-8
cache-control: no-cache

11:36:23.998 [AsyncHttpClient-1-5] DEBUG org.asynchttpclient.netty.channel.ChannelManager - Adding key: http://localhost:13653 for channel [id: 0xdffd1267, L:/127.0.0.1:61309 - R:localhost/127.0.0.1:13653]
11:36:23.999 [main] INFO  com.swaglabs.base.SetUp - third product has been added
11:36:24.002 [Forwarding findElement on session 343760fe1b3b1d209c4a0d88582a27db to remote] DEBUG org.asynchttpclient.netty.request.NettyRequestSender - Using pooled Channel '[id: 0xdffd1267, L:/127.0.0.1:61309 - R:localhost/127.0.0.1:13653]' for 'POST' to 'http://localhost:13653/session/343760fe1b3b1d209c4a0d88582a27db/element'
11:36:24.002 [Forwarding findElement on session 343760fe1b3b1d209c4a0d88582a27db to remote] DEBUG org.asynchttpclient.netty.request.NettyRequestSender - Using open Channel [id: 0xdffd1267, L:/127.0.0.1:61309 - R:localhost/127.0.0.1:13653] for POST '/session/343760fe1b3b1d209c4a0d88582a27db/element'
11:36:24.009 [AsyncHttpClient-1-5] DEBUG org.asynchttpclient.netty.handler.HttpHandler - 

Request DefaultHttpRequest(decodeResult: success, version: HTTP/1.1)
POST /session/343760fe1b3b1d209c4a0d88582a27db/element HTTP/1.1
User-Agent: selenium/4.8.0 (java windows)
Content-Length: 83
Content-Type: application/json; charset=utf-8
host: localhost:13653
accept: */*

Response DefaultHttpResponse(decodeResult: success, version: HTTP/1.1)
HTTP/1.1 200 OK
Content-Length: 95
Content-Type: application/json; charset=utf-8
cache-control: no-cache

11:36:24.009 [AsyncHttpClient-1-5] DEBUG org.asynchttpclient.netty.channel.ChannelManager - Adding key: http://localhost:13653 for channel [id: 0xdffd1267, L:/127.0.0.1:61309 - R:localhost/127.0.0.1:13653]
11:36:24.011 [Forwarding isElementDisplayed on session 343760fe1b3b1d209c4a0d88582a27db to remote] DEBUG org.asynchttpclient.netty.request.NettyRequestSender - Using pooled Channel '[id: 0xdffd1267, L:/127.0.0.1:61309 - R:localhost/127.0.0.1:13653]' for 'POST' to 'http://localhost:13653/session/343760fe1b3b1d209c4a0d88582a27db/execute/sync'
11:36:24.011 [Forwarding isElementDisplayed on session 343760fe1b3b1d209c4a0d88582a27db to remote] DEBUG org.asynchttpclient.netty.request.NettyRequestSender - Using open Channel [id: 0xdffd1267, L:/127.0.0.1:61309 - R:localhost/127.0.0.1:13653] for POST '/session/343760fe1b3b1d209c4a0d88582a27db/execute/sync'
11:36:24.025 [AsyncHttpClient-1-5] DEBUG org.asynchttpclient.netty.handler.HttpHandler - 

Request DefaultHttpRequest(decodeResult: success, version: HTTP/1.1)
POST /session/343760fe1b3b1d209c4a0d88582a27db/execute/sync HTTP/1.1
User-Agent: selenium/4.8.0 (java windows)
Content-Length: 48814
Content-Type: application/json; charset=utf-8
host: localhost:13653
accept: */*

Response DefaultHttpResponse(decodeResult: success, version: HTTP/1.1)
HTTP/1.1 200 OK
Content-Length: 14
Content-Type: application/json; charset=utf-8
cache-control: no-cache

11:36:24.025 [AsyncHttpClient-1-5] DEBUG org.asynchttpclient.netty.channel.ChannelManager - Adding key: http://localhost:13653 for channel [id: 0xdffd1267, L:/127.0.0.1:61309 - R:localhost/127.0.0.1:13653]
11:36:24.026 [Forwarding getElementText on session 343760fe1b3b1d209c4a0d88582a27db to remote] DEBUG org.asynchttpclient.netty.request.NettyRequestSender - Using pooled Channel '[id: 0xdffd1267, L:/127.0.0.1:61309 - R:localhost/127.0.0.1:13653]' for 'GET' to 'http://localhost:13653/session/343760fe1b3b1d209c4a0d88582a27db/element/B5D78317CDC82913058D66A8C952A41F_element_71/text'
11:36:24.026 [Forwarding getElementText on session 343760fe1b3b1d209c4a0d88582a27db to remote] DEBUG org.asynchttpclient.netty.request.NettyRequestSender - Using open Channel [id: 0xdffd1267, L:/127.0.0.1:61309 - R:localhost/127.0.0.1:13653] for GET '/session/343760fe1b3b1d209c4a0d88582a27db/element/B5D78317CDC82913058D66A8C952A41F_element_71/text'
11:36:24.039 [AsyncHttpClient-1-5] DEBUG org.asynchttpclient.netty.handler.HttpHandler - 

Request DefaultFullHttpRequest(decodeResult: success, version: HTTP/1.1, content: EmptyByteBufBE)
GET /session/343760fe1b3b1d209c4a0d88582a27db/element/B5D78317CDC82913058D66A8C952A41F_element_71/text HTTP/1.1
User-Agent: selenium/4.8.0 (java windows)
Cache-Control: no-cache
Content-Type: application/json; charset=utf-8
host: localhost:13653
accept: */*

Response DefaultHttpResponse(decodeResult: success, version: HTTP/1.1)
HTTP/1.1 200 OK
Content-Length: 13
Content-Type: application/json; charset=utf-8
cache-control: no-cache

11:36:24.039 [AsyncHttpClient-1-5] DEBUG org.asynchttpclient.netty.channel.ChannelManager - Adding key: http://localhost:13653 for channel [id: 0xdffd1267, L:/127.0.0.1:61309 - R:localhost/127.0.0.1:13653]
11:36:24.039 [main] INFO  com.swaglabs.base.SetUp - added two more products and verified
11:36:24.043 [Forwarding getAlertText on session 343760fe1b3b1d209c4a0d88582a27db to remote] DEBUG org.asynchttpclient.netty.request.NettyRequestSender - Using pooled Channel '[id: 0xdffd1267, L:/127.0.0.1:61309 - R:localhost/127.0.0.1:13653]' for 'GET' to 'http://localhost:13653/session/343760fe1b3b1d209c4a0d88582a27db/alert/text'
11:36:24.043 [Forwarding getAlertText on session 343760fe1b3b1d209c4a0d88582a27db to remote] DEBUG org.asynchttpclient.netty.request.NettyRequestSender - Using open Channel [id: 0xdffd1267, L:/127.0.0.1:61309 - R:localhost/127.0.0.1:13653] for GET '/session/343760fe1b3b1d209c4a0d88582a27db/alert/text'
11:36:24.045 [AsyncHttpClient-1-5] DEBUG org.asynchttpclient.netty.handler.HttpHandler - 

Request DefaultFullHttpRequest(decodeResult: success, version: HTTP/1.1, content: EmptyByteBufBE)
GET /session/343760fe1b3b1d209c4a0d88582a27db/alert/text HTTP/1.1
User-Agent: selenium/4.8.0 (java windows)
Cache-Control: no-cache
Content-Type: application/json; charset=utf-8
host: localhost:13653
accept: */*

Response DefaultHttpResponse(decodeResult: success, version: HTTP/1.1)
HTTP/1.1 404 Not Found
Content-Length: 1522
Content-Type: application/json; charset=utf-8
cache-control: no-cache

11:36:24.045 [AsyncHttpClient-1-5] DEBUG org.asynchttpclient.netty.channel.ChannelManager - Adding key: http://localhost:13653 for channel [id: 0xdffd1267, L:/127.0.0.1:61309 - R:localhost/127.0.0.1:13653]
11:36:24.046 [Forwarding getCurrentUrl on session 343760fe1b3b1d209c4a0d88582a27db to remote] DEBUG org.asynchttpclient.netty.request.NettyRequestSender - Using pooled Channel '[id: 0xdffd1267, L:/127.0.0.1:61309 - R:localhost/127.0.0.1:13653]' for 'GET' to 'http://localhost:13653/session/343760fe1b3b1d209c4a0d88582a27db/url'
11:36:24.046 [Forwarding getCurrentUrl on session 343760fe1b3b1d209c4a0d88582a27db to remote] DEBUG org.asynchttpclient.netty.request.NettyRequestSender - Using open Channel [id: 0xdffd1267, L:/127.0.0.1:61309 - R:localhost/127.0.0.1:13653] for GET '/session/343760fe1b3b1d209c4a0d88582a27db/url'
11:36:24.049 [AsyncHttpClient-1-5] DEBUG org.asynchttpclient.netty.handler.HttpHandler - 

Request DefaultFullHttpRequest(decodeResult: success, version: HTTP/1.1, content: EmptyByteBufBE)
GET /session/343760fe1b3b1d209c4a0d88582a27db/url HTTP/1.1
User-Agent: selenium/4.8.0 (java windows)
Cache-Control: no-cache
Content-Type: application/json; charset=utf-8
host: localhost:13653
accept: */*

Response DefaultHttpResponse(decodeResult: success, version: HTTP/1.1)
HTTP/1.1 200 OK
Content-Length: 52
Content-Type: application/json; charset=utf-8
cache-control: no-cache

11:36:24.049 [AsyncHttpClient-1-5] DEBUG org.asynchttpclient.netty.channel.ChannelManager - Adding key: http://localhost:13653 for channel [id: 0xdffd1267, L:/127.0.0.1:61309 - R:localhost/127.0.0.1:13653]
11:36:24.049 [Forwarding screenshot on session 343760fe1b3b1d209c4a0d88582a27db to remote] DEBUG org.asynchttpclient.netty.request.NettyRequestSender - Using pooled Channel '[id: 0xdffd1267, L:/127.0.0.1:61309 - R:localhost/127.0.0.1:13653]' for 'GET' to 'http://localhost:13653/session/343760fe1b3b1d209c4a0d88582a27db/screenshot'
11:36:24.049 [Forwarding screenshot on session 343760fe1b3b1d209c4a0d88582a27db to remote] DEBUG org.asynchttpclient.netty.request.NettyRequestSender - Using open Channel [id: 0xdffd1267, L:/127.0.0.1:61309 - R:localhost/127.0.0.1:13653] for GET '/session/343760fe1b3b1d209c4a0d88582a27db/screenshot'
11:36:24.144 [AsyncHttpClient-1-1] DEBUG org.asynchttpclient.netty.channel.DefaultChannelPool - Entry count for : http://localhost:61317 : 1
11:36:24.258 [AsyncHttpClient-1-5] DEBUG org.asynchttpclient.netty.handler.HttpHandler - 

Request DefaultFullHttpRequest(decodeResult: success, version: HTTP/1.1, content: EmptyByteBufBE)
GET /session/343760fe1b3b1d209c4a0d88582a27db/screenshot HTTP/1.1
User-Agent: selenium/4.8.0 (java windows)
Cache-Control: no-cache
Content-Type: application/json; charset=utf-8
host: localhost:13653
accept: */*

Response DefaultHttpResponse(decodeResult: success, version: HTTP/1.1)
HTTP/1.1 200 OK
Content-Length: 579664
Content-Type: application/json; charset=utf-8
cache-control: no-cache

11:36:24.259 [AsyncHttpClient-1-5] DEBUG org.asynchttpclient.netty.channel.ChannelManager - Adding key: http://localhost:13653 for channel [id: 0xdffd1267, L:/127.0.0.1:61309 - R:localhost/127.0.0.1:13653]
11:36:24.269 [main] DEBUG net.serenitybdd.core.photography.Darkroom - Send negative for processing for target\site\serenity\397b0c3b3a17bdbe35ef75fe4e26a12835d8bdf615522fc8c7e48824416ade90.png
11:36:24.269 [main] DEBUG net.thucydides.core.steps.StepInterceptor - STEP DONE: test9_addToMoreProductAndValidateTotalProductCountIs
11:36:24.273 [Forwarding getPageSource on session 343760fe1b3b1d209c4a0d88582a27db to remote] DEBUG org.asynchttpclient.netty.request.NettyRequestSender - Using pooled Channel '[id: 0xdffd1267, L:/127.0.0.1:61309 - R:localhost/127.0.0.1:13653]' for 'POST' to 'http://localhost:13653/session/343760fe1b3b1d209c4a0d88582a27db/execute/sync'
11:36:24.273 [Forwarding getPageSource on session 343760fe1b3b1d209c4a0d88582a27db to remote] DEBUG org.asynchttpclient.netty.request.NettyRequestSender - Using open Channel [id: 0xdffd1267, L:/127.0.0.1:61309 - R:localhost/127.0.0.1:13653] for POST '/session/343760fe1b3b1d209c4a0d88582a27db/execute/sync'
11:36:24.276 [Darkroom Processing Line] DEBUG net.serenitybdd.core.photography.DarkroomProcessingLine - Processing screenshot image in /var/screenshots/screenshot-11312414462834223840
11:36:24.276 [Darkroom Processing Line] DEBUG net.serenitybdd.core.photography.DarkroomProcessingLine - Saving screenshot to target\site\serenity\397b0c3b3a17bdbe35ef75fe4e26a12835d8bdf615522fc8c7e48824416ade90.png
11:36:24.281 [AsyncHttpClient-1-5] DEBUG org.asynchttpclient.netty.handler.HttpHandler - 

Request DefaultHttpRequest(decodeResult: success, version: HTTP/1.1)
POST /session/343760fe1b3b1d209c4a0d88582a27db/execute/sync HTTP/1.1
User-Agent: selenium/4.8.0 (java windows)
Content-Length: 176
Content-Type: application/json; charset=utf-8
host: localhost:13653
accept: */*

Response DefaultHttpResponse(decodeResult: success, version: HTTP/1.1)
HTTP/1.1 200 OK
Content-Length: 16311
Content-Type: application/json; charset=utf-8
cache-control: no-cache

11:36:24.281 [AsyncHttpClient-1-5] DEBUG org.asynchttpclient.netty.channel.ChannelManager - Adding key: http://localhost:13653 for channel [id: 0xdffd1267, L:/127.0.0.1:61309 - R:localhost/127.0.0.1:13653]
11:36:24.282 [Forwarding getCurrentUrl on session 343760fe1b3b1d209c4a0d88582a27db to remote] DEBUG org.asynchttpclient.netty.request.NettyRequestSender - Using pooled Channel '[id: 0xdffd1267, L:/127.0.0.1:61309 - R:localhost/127.0.0.1:13653]' for 'GET' to 'http://localhost:13653/session/343760fe1b3b1d209c4a0d88582a27db/url'
11:36:24.282 [Forwarding getCurrentUrl on session 343760fe1b3b1d209c4a0d88582a27db to remote] DEBUG org.asynchttpclient.netty.request.NettyRequestSender - Using open Channel [id: 0xdffd1267, L:/127.0.0.1:61309 - R:localhost/127.0.0.1:13653] for GET '/session/343760fe1b3b1d209c4a0d88582a27db/url'
11:36:24.287 [AsyncHttpClient-1-5] DEBUG org.asynchttpclient.netty.handler.HttpHandler - 

Request DefaultFullHttpRequest(decodeResult: success, version: HTTP/1.1, content: EmptyByteBufBE)
GET /session/343760fe1b3b1d209c4a0d88582a27db/url HTTP/1.1
User-Agent: selenium/4.8.0 (java windows)
Cache-Control: no-cache
Content-Type: application/json; charset=utf-8
host: localhost:13653
accept: */*

Response DefaultHttpResponse(decodeResult: success, version: HTTP/1.1)
HTTP/1.1 200 OK
Content-Length: 52
Content-Type: application/json; charset=utf-8
cache-control: no-cache

11:36:24.287 [AsyncHttpClient-1-5] DEBUG org.asynchttpclient.netty.channel.ChannelManager - Adding key: http://localhost:13653 for channel [id: 0xdffd1267, L:/127.0.0.1:61309 - R:localhost/127.0.0.1:13653]
11:36:24.295 [main] DEBUG net.thucydides.core.steps.StepInterceptor - STARTING STEP: Tests.testCases - test10_tryToRemoveOneProductFromTheCart
11:36:24.303 [Forwarding getPageSource on session 343760fe1b3b1d209c4a0d88582a27db to remote] DEBUG org.asynchttpclient.netty.request.NettyRequestSender - Using pooled Channel '[id: 0xdffd1267, L:/127.0.0.1:61309 - R:localhost/127.0.0.1:13653]' for 'POST' to 'http://localhost:13653/session/343760fe1b3b1d209c4a0d88582a27db/execute/sync'
11:36:24.303 [Forwarding getPageSource on session 343760fe1b3b1d209c4a0d88582a27db to remote] DEBUG org.asynchttpclient.netty.request.NettyRequestSender - Using open Channel [id: 0xdffd1267, L:/127.0.0.1:61309 - R:localhost/127.0.0.1:13653] for POST '/session/343760fe1b3b1d209c4a0d88582a27db/execute/sync'
11:36:24.314 [AsyncHttpClient-1-5] DEBUG org.asynchttpclient.netty.handler.HttpHandler - 

Request DefaultHttpRequest(decodeResult: success, version: HTTP/1.1)
POST /session/343760fe1b3b1d209c4a0d88582a27db/execute/sync HTTP/1.1
User-Agent: selenium/4.8.0 (java windows)
Content-Length: 176
Content-Type: application/json; charset=utf-8
host: localhost:13653
accept: */*

Response DefaultHttpResponse(decodeResult: success, version: HTTP/1.1)
HTTP/1.1 200 OK
Content-Length: 16311
Content-Type: application/json; charset=utf-8
cache-control: no-cache

11:36:24.314 [AsyncHttpClient-1-5] DEBUG org.asynchttpclient.netty.channel.ChannelManager - Adding key: http://localhost:13653 for channel [id: 0xdffd1267, L:/127.0.0.1:61309 - R:localhost/127.0.0.1:13653]
11:36:24.316 [Forwarding getCurrentUrl on session 343760fe1b3b1d209c4a0d88582a27db to remote] DEBUG org.asynchttpclient.netty.request.NettyRequestSender - Using pooled Channel '[id: 0xdffd1267, L:/127.0.0.1:61309 - R:localhost/127.0.0.1:13653]' for 'GET' to 'http://localhost:13653/session/343760fe1b3b1d209c4a0d88582a27db/url'
11:36:24.316 [Forwarding getCurrentUrl on session 343760fe1b3b1d209c4a0d88582a27db to remote] DEBUG org.asynchttpclient.netty.request.NettyRequestSender - Using open Channel [id: 0xdffd1267, L:/127.0.0.1:61309 - R:localhost/127.0.0.1:13653] for GET '/session/343760fe1b3b1d209c4a0d88582a27db/url'
11:36:24.320 [AsyncHttpClient-1-5] DEBUG org.asynchttpclient.netty.handler.HttpHandler - 

Request DefaultFullHttpRequest(decodeResult: success, version: HTTP/1.1, content: EmptyByteBufBE)
GET /session/343760fe1b3b1d209c4a0d88582a27db/url HTTP/1.1
User-Agent: selenium/4.8.0 (java windows)
Cache-Control: no-cache
Content-Type: application/json; charset=utf-8
host: localhost:13653
accept: */*

Response DefaultHttpResponse(decodeResult: success, version: HTTP/1.1)
HTTP/1.1 200 OK
Content-Length: 52
Content-Type: application/json; charset=utf-8
cache-control: no-cache

11:36:24.320 [AsyncHttpClient-1-5] DEBUG org.asynchttpclient.netty.channel.ChannelManager - Adding key: http://localhost:13653 for channel [id: 0xdffd1267, L:/127.0.0.1:61309 - R:localhost/127.0.0.1:13653]
11:36:24.328 [main] DEBUG net.thucydides.core.steps.StepInterceptor - STARTING STEP: CartPageSteps.test10_tryToRemoveOneProductFromTheCart - remove product from the cart
11:36:24.330 [Forwarding findElement on session 343760fe1b3b1d209c4a0d88582a27db to remote] DEBUG org.asynchttpclient.netty.request.NettyRequestSender - Using pooled Channel '[id: 0xdffd1267, L:/127.0.0.1:61309 - R:localhost/127.0.0.1:13653]' for 'POST' to 'http://localhost:13653/session/343760fe1b3b1d209c4a0d88582a27db/element'
11:36:24.330 [Forwarding findElement on session 343760fe1b3b1d209c4a0d88582a27db to remote] DEBUG org.asynchttpclient.netty.request.NettyRequestSender - Using open Channel [id: 0xdffd1267, L:/127.0.0.1:61309 - R:localhost/127.0.0.1:13653] for POST '/session/343760fe1b3b1d209c4a0d88582a27db/element'
11:36:24.344 [AsyncHttpClient-1-5] DEBUG org.asynchttpclient.netty.handler.HttpHandler - 

Request DefaultHttpRequest(decodeResult: success, version: HTTP/1.1)
POST /session/343760fe1b3b1d209c4a0d88582a27db/element HTTP/1.1
User-Agent: selenium/4.8.0 (java windows)
Content-Length: 77
Content-Type: application/json; charset=utf-8
host: localhost:13653
accept: */*

Response DefaultHttpResponse(decodeResult: success, version: HTTP/1.1)
HTTP/1.1 200 OK
Content-Length: 95
Content-Type: application/json; charset=utf-8
cache-control: no-cache

11:36:24.344 [AsyncHttpClient-1-5] DEBUG org.asynchttpclient.netty.channel.ChannelManager - Adding key: http://localhost:13653 for channel [id: 0xdffd1267, L:/127.0.0.1:61309 - R:localhost/127.0.0.1:13653]
11:36:24.345 [Forwarding isElementDisplayed on session 343760fe1b3b1d209c4a0d88582a27db to remote] DEBUG org.asynchttpclient.netty.request.NettyRequestSender - Using pooled Channel '[id: 0xdffd1267, L:/127.0.0.1:61309 - R:localhost/127.0.0.1:13653]' for 'POST' to 'http://localhost:13653/session/343760fe1b3b1d209c4a0d88582a27db/execute/sync'
11:36:24.345 [Forwarding isElementDisplayed on session 343760fe1b3b1d209c4a0d88582a27db to remote] DEBUG org.asynchttpclient.netty.request.NettyRequestSender - Using open Channel [id: 0xdffd1267, L:/127.0.0.1:61309 - R:localhost/127.0.0.1:13653] for POST '/session/343760fe1b3b1d209c4a0d88582a27db/execute/sync'
11:36:24.357 [AsyncHttpClient-1-5] DEBUG org.asynchttpclient.netty.handler.HttpHandler - 

Request DefaultHttpRequest(decodeResult: success, version: HTTP/1.1)
POST /session/343760fe1b3b1d209c4a0d88582a27db/execute/sync HTTP/1.1
User-Agent: selenium/4.8.0 (java windows)
Content-Length: 48814
Content-Type: application/json; charset=utf-8
host: localhost:13653
accept: */*

Response DefaultHttpResponse(decodeResult: success, version: HTTP/1.1)
HTTP/1.1 200 OK
Content-Length: 14
Content-Type: application/json; charset=utf-8
cache-control: no-cache

11:36:24.357 [AsyncHttpClient-1-5] DEBUG org.asynchttpclient.netty.channel.ChannelManager - Adding key: http://localhost:13653 for channel [id: 0xdffd1267, L:/127.0.0.1:61309 - R:localhost/127.0.0.1:13653]
11:36:24.358 [Forwarding getElementTagName on session 343760fe1b3b1d209c4a0d88582a27db to remote] DEBUG org.asynchttpclient.netty.request.NettyRequestSender - Using pooled Channel '[id: 0xdffd1267, L:/127.0.0.1:61309 - R:localhost/127.0.0.1:13653]' for 'GET' to 'http://localhost:13653/session/343760fe1b3b1d209c4a0d88582a27db/element/B5D78317CDC82913058D66A8C952A41F_element_72/name'
11:36:24.358 [Forwarding getElementTagName on session 343760fe1b3b1d209c4a0d88582a27db to remote] DEBUG org.asynchttpclient.netty.request.NettyRequestSender - Using open Channel [id: 0xdffd1267, L:/127.0.0.1:61309 - R:localhost/127.0.0.1:13653] for GET '/session/343760fe1b3b1d209c4a0d88582a27db/element/B5D78317CDC82913058D66A8C952A41F_element_72/name'
11:36:24.362 [AsyncHttpClient-1-5] DEBUG org.asynchttpclient.netty.handler.HttpHandler - 

Request DefaultFullHttpRequest(decodeResult: success, version: HTTP/1.1, content: EmptyByteBufBE)
GET /session/343760fe1b3b1d209c4a0d88582a27db/element/B5D78317CDC82913058D66A8C952A41F_element_72/name HTTP/1.1
User-Agent: selenium/4.8.0 (java windows)
Cache-Control: no-cache
Content-Type: application/json; charset=utf-8
host: localhost:13653
accept: */*

Response DefaultHttpResponse(decodeResult: success, version: HTTP/1.1)
HTTP/1.1 200 OK
Content-Length: 18
Content-Type: application/json; charset=utf-8
cache-control: no-cache

11:36:24.362 [AsyncHttpClient-1-5] DEBUG org.asynchttpclient.netty.channel.ChannelManager - Adding key: http://localhost:13653 for channel [id: 0xdffd1267, L:/127.0.0.1:61309 - R:localhost/127.0.0.1:13653]
11:36:24.363 [Forwarding getElementTagName on session 343760fe1b3b1d209c4a0d88582a27db to remote] DEBUG org.asynchttpclient.netty.request.NettyRequestSender - Using pooled Channel '[id: 0xdffd1267, L:/127.0.0.1:61309 - R:localhost/127.0.0.1:13653]' for 'GET' to 'http://localhost:13653/session/343760fe1b3b1d209c4a0d88582a27db/element/B5D78317CDC82913058D66A8C952A41F_element_72/name'
11:36:24.363 [Forwarding getElementTagName on session 343760fe1b3b1d209c4a0d88582a27db to remote] DEBUG org.asynchttpclient.netty.request.NettyRequestSender - Using open Channel [id: 0xdffd1267, L:/127.0.0.1:61309 - R:localhost/127.0.0.1:13653] for GET '/session/343760fe1b3b1d209c4a0d88582a27db/element/B5D78317CDC82913058D66A8C952A41F_element_72/name'
11:36:24.368 [AsyncHttpClient-1-5] DEBUG org.asynchttpclient.netty.handler.HttpHandler - 

Request DefaultFullHttpRequest(decodeResult: success, version: HTTP/1.1, content: EmptyByteBufBE)
GET /session/343760fe1b3b1d209c4a0d88582a27db/element/B5D78317CDC82913058D66A8C952A41F_element_72/name HTTP/1.1
User-Agent: selenium/4.8.0 (java windows)
Cache-Control: no-cache
Content-Type: application/json; charset=utf-8
host: localhost:13653
accept: */*

Response DefaultHttpResponse(decodeResult: success, version: HTTP/1.1)
HTTP/1.1 200 OK
Content-Length: 18
Content-Type: application/json; charset=utf-8
cache-control: no-cache

11:36:24.368 [AsyncHttpClient-1-5] DEBUG org.asynchttpclient.netty.channel.ChannelManager - Adding key: http://localhost:13653 for channel [id: 0xdffd1267, L:/127.0.0.1:61309 - R:localhost/127.0.0.1:13653]
11:36:24.369 [Forwarding isElementEnabled on session 343760fe1b3b1d209c4a0d88582a27db to remote] DEBUG org.asynchttpclient.netty.request.NettyRequestSender - Using pooled Channel '[id: 0xdffd1267, L:/127.0.0.1:61309 - R:localhost/127.0.0.1:13653]' for 'GET' to 'http://localhost:13653/session/343760fe1b3b1d209c4a0d88582a27db/element/B5D78317CDC82913058D66A8C952A41F_element_72/enabled'
11:36:24.369 [Forwarding isElementEnabled on session 343760fe1b3b1d209c4a0d88582a27db to remote] DEBUG org.asynchttpclient.netty.request.NettyRequestSender - Using open Channel [id: 0xdffd1267, L:/127.0.0.1:61309 - R:localhost/127.0.0.1:13653] for GET '/session/343760fe1b3b1d209c4a0d88582a27db/element/B5D78317CDC82913058D66A8C952A41F_element_72/enabled'
11:36:24.375 [AsyncHttpClient-1-5] DEBUG org.asynchttpclient.netty.handler.HttpHandler - 

Request DefaultFullHttpRequest(decodeResult: success, version: HTTP/1.1, content: EmptyByteBufBE)
GET /session/343760fe1b3b1d209c4a0d88582a27db/element/B5D78317CDC82913058D66A8C952A41F_element_72/enabled HTTP/1.1
User-Agent: selenium/4.8.0 (java windows)
Cache-Control: no-cache
Content-Type: application/json; charset=utf-8
host: localhost:13653
accept: */*

Response DefaultHttpResponse(decodeResult: success, version: HTTP/1.1)
HTTP/1.1 200 OK
Content-Length: 14
Content-Type: application/json; charset=utf-8
cache-control: no-cache

11:36:24.375 [AsyncHttpClient-1-5] DEBUG org.asynchttpclient.netty.channel.ChannelManager - Adding key: http://localhost:13653 for channel [id: 0xdffd1267, L:/127.0.0.1:61309 - R:localhost/127.0.0.1:13653]
11:36:24.375 [Forwarding isElementEnabled on session 343760fe1b3b1d209c4a0d88582a27db to remote] DEBUG org.asynchttpclient.netty.request.NettyRequestSender - Using pooled Channel '[id: 0xdffd1267, L:/127.0.0.1:61309 - R:localhost/127.0.0.1:13653]' for 'GET' to 'http://localhost:13653/session/343760fe1b3b1d209c4a0d88582a27db/element/B5D78317CDC82913058D66A8C952A41F_element_72/enabled'
11:36:24.375 [Forwarding isElementEnabled on session 343760fe1b3b1d209c4a0d88582a27db to remote] DEBUG org.asynchttpclient.netty.request.NettyRequestSender - Using open Channel [id: 0xdffd1267, L:/127.0.0.1:61309 - R:localhost/127.0.0.1:13653] for GET '/session/343760fe1b3b1d209c4a0d88582a27db/element/B5D78317CDC82913058D66A8C952A41F_element_72/enabled'
11:36:24.381 [AsyncHttpClient-1-5] DEBUG org.asynchttpclient.netty.handler.HttpHandler - 

Request DefaultFullHttpRequest(decodeResult: success, version: HTTP/1.1, content: EmptyByteBufBE)
GET /session/343760fe1b3b1d209c4a0d88582a27db/element/B5D78317CDC82913058D66A8C952A41F_element_72/enabled HTTP/1.1
User-Agent: selenium/4.8.0 (java windows)
Cache-Control: no-cache
Content-Type: application/json; charset=utf-8
host: localhost:13653
accept: */*

Response DefaultHttpResponse(decodeResult: success, version: HTTP/1.1)
HTTP/1.1 200 OK
Content-Length: 14
Content-Type: application/json; charset=utf-8
cache-control: no-cache

11:36:24.381 [AsyncHttpClient-1-5] DEBUG org.asynchttpclient.netty.channel.ChannelManager - Adding key: http://localhost:13653 for channel [id: 0xdffd1267, L:/127.0.0.1:61309 - R:localhost/127.0.0.1:13653]
11:36:24.383 [Forwarding findElement on session 343760fe1b3b1d209c4a0d88582a27db to remote] DEBUG org.asynchttpclient.netty.request.NettyRequestSender - Using pooled Channel '[id: 0xdffd1267, L:/127.0.0.1:61309 - R:localhost/127.0.0.1:13653]' for 'POST' to 'http://localhost:13653/session/343760fe1b3b1d209c4a0d88582a27db/element'
11:36:24.383 [Forwarding findElement on session 343760fe1b3b1d209c4a0d88582a27db to remote] DEBUG org.asynchttpclient.netty.request.NettyRequestSender - Using open Channel [id: 0xdffd1267, L:/127.0.0.1:61309 - R:localhost/127.0.0.1:13653] for POST '/session/343760fe1b3b1d209c4a0d88582a27db/element'
11:36:24.390 [AsyncHttpClient-1-5] DEBUG org.asynchttpclient.netty.handler.HttpHandler - 

Request DefaultHttpRequest(decodeResult: success, version: HTTP/1.1)
POST /session/343760fe1b3b1d209c4a0d88582a27db/element HTTP/1.1
User-Agent: selenium/4.8.0 (java windows)
Content-Length: 77
Content-Type: application/json; charset=utf-8
host: localhost:13653
accept: */*

Response DefaultHttpResponse(decodeResult: success, version: HTTP/1.1)
HTTP/1.1 200 OK
Content-Length: 95
Content-Type: application/json; charset=utf-8
cache-control: no-cache

11:36:24.390 [AsyncHttpClient-1-5] DEBUG org.asynchttpclient.netty.channel.ChannelManager - Adding key: http://localhost:13653 for channel [id: 0xdffd1267, L:/127.0.0.1:61309 - R:localhost/127.0.0.1:13653]
11:36:24.392 [Forwarding isElementDisplayed on session 343760fe1b3b1d209c4a0d88582a27db to remote] DEBUG org.asynchttpclient.netty.request.NettyRequestSender - Using pooled Channel '[id: 0xdffd1267, L:/127.0.0.1:61309 - R:localhost/127.0.0.1:13653]' for 'POST' to 'http://localhost:13653/session/343760fe1b3b1d209c4a0d88582a27db/execute/sync'
11:36:24.392 [Forwarding isElementDisplayed on session 343760fe1b3b1d209c4a0d88582a27db to remote] DEBUG org.asynchttpclient.netty.request.NettyRequestSender - Using open Channel [id: 0xdffd1267, L:/127.0.0.1:61309 - R:localhost/127.0.0.1:13653] for POST '/session/343760fe1b3b1d209c4a0d88582a27db/execute/sync'
11:36:24.403 [AsyncHttpClient-1-5] DEBUG org.asynchttpclient.netty.handler.HttpHandler - 

Request DefaultHttpRequest(decodeResult: success, version: HTTP/1.1)
POST /session/343760fe1b3b1d209c4a0d88582a27db/execute/sync HTTP/1.1
User-Agent: selenium/4.8.0 (java windows)
Content-Length: 48814
Content-Type: application/json; charset=utf-8
host: localhost:13653
accept: */*

Response DefaultHttpResponse(decodeResult: success, version: HTTP/1.1)
HTTP/1.1 200 OK
Content-Length: 14
Content-Type: application/json; charset=utf-8
cache-control: no-cache

11:36:24.403 [AsyncHttpClient-1-5] DEBUG org.asynchttpclient.netty.channel.ChannelManager - Adding key: http://localhost:13653 for channel [id: 0xdffd1267, L:/127.0.0.1:61309 - R:localhost/127.0.0.1:13653]
11:36:24.404 [Forwarding clickElement on session 343760fe1b3b1d209c4a0d88582a27db to remote] DEBUG org.asynchttpclient.netty.request.NettyRequestSender - Using pooled Channel '[id: 0xdffd1267, L:/127.0.0.1:61309 - R:localhost/127.0.0.1:13653]' for 'POST' to 'http://localhost:13653/session/343760fe1b3b1d209c4a0d88582a27db/element/B5D78317CDC82913058D66A8C952A41F_element_72/click'
11:36:24.404 [Forwarding clickElement on session 343760fe1b3b1d209c4a0d88582a27db to remote] DEBUG org.asynchttpclient.netty.request.NettyRequestSender - Using open Channel [id: 0xdffd1267, L:/127.0.0.1:61309 - R:localhost/127.0.0.1:13653] for POST '/session/343760fe1b3b1d209c4a0d88582a27db/element/B5D78317CDC82913058D66A8C952A41F_element_72/click'
11:36:24.441 [AsyncHttpClient-1-5] DEBUG org.asynchttpclient.netty.handler.HttpHandler - 

Request DefaultHttpRequest(decodeResult: success, version: HTTP/1.1)
POST /session/343760fe1b3b1d209c4a0d88582a27db/element/B5D78317CDC82913058D66A8C952A41F_element_72/click HTTP/1.1
User-Agent: selenium/4.8.0 (java windows)
Content-Length: 57
Content-Type: application/json; charset=utf-8
host: localhost:13653
accept: */*

Response DefaultHttpResponse(decodeResult: success, version: HTTP/1.1)
HTTP/1.1 200 OK
Content-Length: 14
Content-Type: application/json; charset=utf-8
cache-control: no-cache

11:36:24.441 [AsyncHttpClient-1-5] DEBUG org.asynchttpclient.netty.channel.ChannelManager - Adding key: http://localhost:13653 for channel [id: 0xdffd1267, L:/127.0.0.1:61309 - R:localhost/127.0.0.1:13653]
11:36:24.445 [Forwarding getAlertText on session 343760fe1b3b1d209c4a0d88582a27db to remote] DEBUG org.asynchttpclient.netty.request.NettyRequestSender - Using pooled Channel '[id: 0xdffd1267, L:/127.0.0.1:61309 - R:localhost/127.0.0.1:13653]' for 'GET' to 'http://localhost:13653/session/343760fe1b3b1d209c4a0d88582a27db/alert/text'
11:36:24.445 [Forwarding getAlertText on session 343760fe1b3b1d209c4a0d88582a27db to remote] DEBUG org.asynchttpclient.netty.request.NettyRequestSender - Using open Channel [id: 0xdffd1267, L:/127.0.0.1:61309 - R:localhost/127.0.0.1:13653] for GET '/session/343760fe1b3b1d209c4a0d88582a27db/alert/text'
11:36:24.447 [AsyncHttpClient-1-5] DEBUG org.asynchttpclient.netty.handler.HttpHandler - 

Request DefaultFullHttpRequest(decodeResult: success, version: HTTP/1.1, content: EmptyByteBufBE)
GET /session/343760fe1b3b1d209c4a0d88582a27db/alert/text HTTP/1.1
User-Agent: selenium/4.8.0 (java windows)
Cache-Control: no-cache
Content-Type: application/json; charset=utf-8
host: localhost:13653
accept: */*

Response DefaultHttpResponse(decodeResult: success, version: HTTP/1.1)
HTTP/1.1 404 Not Found
Content-Length: 1522
Content-Type: application/json; charset=utf-8
cache-control: no-cache

11:36:24.447 [AsyncHttpClient-1-5] DEBUG org.asynchttpclient.netty.channel.ChannelManager - Adding key: http://localhost:13653 for channel [id: 0xdffd1267, L:/127.0.0.1:61309 - R:localhost/127.0.0.1:13653]
11:36:24.447 [Forwarding getCurrentUrl on session 343760fe1b3b1d209c4a0d88582a27db to remote] DEBUG org.asynchttpclient.netty.request.NettyRequestSender - Using pooled Channel '[id: 0xdffd1267, L:/127.0.0.1:61309 - R:localhost/127.0.0.1:13653]' for 'GET' to 'http://localhost:13653/session/343760fe1b3b1d209c4a0d88582a27db/url'
11:36:24.447 [Forwarding getCurrentUrl on session 343760fe1b3b1d209c4a0d88582a27db to remote] DEBUG org.asynchttpclient.netty.request.NettyRequestSender - Using open Channel [id: 0xdffd1267, L:/127.0.0.1:61309 - R:localhost/127.0.0.1:13653] for GET '/session/343760fe1b3b1d209c4a0d88582a27db/url'
11:36:24.452 [AsyncHttpClient-1-5] DEBUG org.asynchttpclient.netty.handler.HttpHandler - 

Request DefaultFullHttpRequest(decodeResult: success, version: HTTP/1.1, content: EmptyByteBufBE)
GET /session/343760fe1b3b1d209c4a0d88582a27db/url HTTP/1.1
User-Agent: selenium/4.8.0 (java windows)
Cache-Control: no-cache
Content-Type: application/json; charset=utf-8
host: localhost:13653
accept: */*

Response DefaultHttpResponse(decodeResult: success, version: HTTP/1.1)
HTTP/1.1 200 OK
Content-Length: 52
Content-Type: application/json; charset=utf-8
cache-control: no-cache

11:36:24.452 [AsyncHttpClient-1-5] DEBUG org.asynchttpclient.netty.channel.ChannelManager - Adding key: http://localhost:13653 for channel [id: 0xdffd1267, L:/127.0.0.1:61309 - R:localhost/127.0.0.1:13653]
11:36:24.453 [Forwarding screenshot on session 343760fe1b3b1d209c4a0d88582a27db to remote] DEBUG org.asynchttpclient.netty.request.NettyRequestSender - Using pooled Channel '[id: 0xdffd1267, L:/127.0.0.1:61309 - R:localhost/127.0.0.1:13653]' for 'GET' to 'http://localhost:13653/session/343760fe1b3b1d209c4a0d88582a27db/screenshot'
11:36:24.453 [Forwarding screenshot on session 343760fe1b3b1d209c4a0d88582a27db to remote] DEBUG org.asynchttpclient.netty.request.NettyRequestSender - Using open Channel [id: 0xdffd1267, L:/127.0.0.1:61309 - R:localhost/127.0.0.1:13653] for GET '/session/343760fe1b3b1d209c4a0d88582a27db/screenshot'
11:36:24.637 [AsyncHttpClient-1-5] DEBUG org.asynchttpclient.netty.handler.HttpHandler - 

Request DefaultFullHttpRequest(decodeResult: success, version: HTTP/1.1, content: EmptyByteBufBE)
GET /session/343760fe1b3b1d209c4a0d88582a27db/screenshot HTTP/1.1
User-Agent: selenium/4.8.0 (java windows)
Cache-Control: no-cache
Content-Type: application/json; charset=utf-8
host: localhost:13653
accept: */*

Response DefaultHttpResponse(decodeResult: success, version: HTTP/1.1)
HTTP/1.1 200 OK
Content-Length: 579664
Content-Type: application/json; charset=utf-8
cache-control: no-cache

11:36:24.637 [AsyncHttpClient-1-5] DEBUG org.asynchttpclient.netty.channel.ChannelManager - Adding key: http://localhost:13653 for channel [id: 0xdffd1267, L:/127.0.0.1:61309 - R:localhost/127.0.0.1:13653]
11:36:24.652 [main] DEBUG net.serenitybdd.core.photography.Darkroom - Send negative for processing for target\site\serenity\397b0c3b3a17bdbe35ef75fe4e26a12835d8bdf615522fc8c7e48824416ade90.png
11:36:24.652 [main] DEBUG net.thucydides.core.steps.StepInterceptor - STEP DONE: remove product from the cart
11:36:24.652 [main] INFO  com.swaglabs.base.SetUp - one product removed from the cart
11:36:24.655 [main] DEBUG net.thucydides.core.steps.StepInterceptor - STEP DONE: test10_tryToRemoveOneProductFromTheCart
11:36:24.659 [Forwarding getPageSource on session 343760fe1b3b1d209c4a0d88582a27db to remote] DEBUG org.asynchttpclient.netty.request.NettyRequestSender - Using pooled Channel '[id: 0xdffd1267, L:/127.0.0.1:61309 - R:localhost/127.0.0.1:13653]' for 'POST' to 'http://localhost:13653/session/343760fe1b3b1d209c4a0d88582a27db/execute/sync'
11:36:24.659 [Forwarding getPageSource on session 343760fe1b3b1d209c4a0d88582a27db to remote] DEBUG org.asynchttpclient.netty.request.NettyRequestSender - Using open Channel [id: 0xdffd1267, L:/127.0.0.1:61309 - R:localhost/127.0.0.1:13653] for POST '/session/343760fe1b3b1d209c4a0d88582a27db/execute/sync'
11:36:24.666 [AsyncHttpClient-1-5] DEBUG org.asynchttpclient.netty.handler.HttpHandler - 

Request DefaultHttpRequest(decodeResult: success, version: HTTP/1.1)
POST /session/343760fe1b3b1d209c4a0d88582a27db/execute/sync HTTP/1.1
User-Agent: selenium/4.8.0 (java windows)
Content-Length: 176
Content-Type: application/json; charset=utf-8
host: localhost:13653
accept: */*

Response DefaultHttpResponse(decodeResult: success, version: HTTP/1.1)
HTTP/1.1 200 OK
Content-Length: 16311
Content-Type: application/json; charset=utf-8
cache-control: no-cache

11:36:24.666 [AsyncHttpClient-1-5] DEBUG org.asynchttpclient.netty.channel.ChannelManager - Adding key: http://localhost:13653 for channel [id: 0xdffd1267, L:/127.0.0.1:61309 - R:localhost/127.0.0.1:13653]
11:36:24.668 [Forwarding getCurrentUrl on session 343760fe1b3b1d209c4a0d88582a27db to remote] DEBUG org.asynchttpclient.netty.request.NettyRequestSender - Using pooled Channel '[id: 0xdffd1267, L:/127.0.0.1:61309 - R:localhost/127.0.0.1:13653]' for 'GET' to 'http://localhost:13653/session/343760fe1b3b1d209c4a0d88582a27db/url'
11:36:24.668 [Forwarding getCurrentUrl on session 343760fe1b3b1d209c4a0d88582a27db to remote] DEBUG org.asynchttpclient.netty.request.NettyRequestSender - Using open Channel [id: 0xdffd1267, L:/127.0.0.1:61309 - R:localhost/127.0.0.1:13653] for GET '/session/343760fe1b3b1d209c4a0d88582a27db/url'
11:36:24.672 [AsyncHttpClient-1-5] DEBUG org.asynchttpclient.netty.handler.HttpHandler - 

Request DefaultFullHttpRequest(decodeResult: success, version: HTTP/1.1, content: EmptyByteBufBE)
GET /session/343760fe1b3b1d209c4a0d88582a27db/url HTTP/1.1
User-Agent: selenium/4.8.0 (java windows)
Cache-Control: no-cache
Content-Type: application/json; charset=utf-8
host: localhost:13653
accept: */*

Response DefaultHttpResponse(decodeResult: success, version: HTTP/1.1)
HTTP/1.1 200 OK
Content-Length: 52
Content-Type: application/json; charset=utf-8
cache-control: no-cache

11:36:24.672 [AsyncHttpClient-1-5] DEBUG org.asynchttpclient.netty.channel.ChannelManager - Adding key: http://localhost:13653 for channel [id: 0xdffd1267, L:/127.0.0.1:61309 - R:localhost/127.0.0.1:13653]
11:36:24.680 [main] DEBUG net.thucydides.core.steps.StepInterceptor - STARTING STEP: Tests.testCases - test11_StoreProductInExcel
11:36:24.682 [Forwarding findElement on session 343760fe1b3b1d209c4a0d88582a27db to remote] DEBUG org.asynchttpclient.netty.request.NettyRequestSender - Using pooled Channel '[id: 0xdffd1267, L:/127.0.0.1:61309 - R:localhost/127.0.0.1:13653]' for 'POST' to 'http://localhost:13653/session/343760fe1b3b1d209c4a0d88582a27db/element'
11:36:24.682 [Forwarding findElement on session 343760fe1b3b1d209c4a0d88582a27db to remote] DEBUG org.asynchttpclient.netty.request.NettyRequestSender - Using open Channel [id: 0xdffd1267, L:/127.0.0.1:61309 - R:localhost/127.0.0.1:13653] for POST '/session/343760fe1b3b1d209c4a0d88582a27db/element'
11:36:24.695 [AsyncHttpClient-1-5] DEBUG org.asynchttpclient.netty.handler.HttpHandler - 

Request DefaultHttpRequest(decodeResult: success, version: HTTP/1.1)
POST /session/343760fe1b3b1d209c4a0d88582a27db/element HTTP/1.1
User-Agent: selenium/4.8.0 (java windows)
Content-Length: 79
Content-Type: application/json; charset=utf-8
host: localhost:13653
accept: */*

Response DefaultHttpResponse(decodeResult: success, version: HTTP/1.1)
HTTP/1.1 200 OK
Content-Length: 95
Content-Type: application/json; charset=utf-8
cache-control: no-cache

11:36:24.695 [AsyncHttpClient-1-5] DEBUG org.asynchttpclient.netty.channel.ChannelManager - Adding key: http://localhost:13653 for channel [id: 0xdffd1267, L:/127.0.0.1:61309 - R:localhost/127.0.0.1:13653]
11:36:24.697 [Forwarding isElementDisplayed on session 343760fe1b3b1d209c4a0d88582a27db to remote] DEBUG org.asynchttpclient.netty.request.NettyRequestSender - Using pooled Channel '[id: 0xdffd1267, L:/127.0.0.1:61309 - R:localhost/127.0.0.1:13653]' for 'POST' to 'http://localhost:13653/session/343760fe1b3b1d209c4a0d88582a27db/execute/sync'
11:36:24.697 [Forwarding isElementDisplayed on session 343760fe1b3b1d209c4a0d88582a27db to remote] DEBUG org.asynchttpclient.netty.request.NettyRequestSender - Using open Channel [id: 0xdffd1267, L:/127.0.0.1:61309 - R:localhost/127.0.0.1:13653] for POST '/session/343760fe1b3b1d209c4a0d88582a27db/execute/sync'
11:36:24.707 [AsyncHttpClient-1-5] DEBUG org.asynchttpclient.netty.handler.HttpHandler - 

Request DefaultHttpRequest(decodeResult: success, version: HTTP/1.1)
POST /session/343760fe1b3b1d209c4a0d88582a27db/execute/sync HTTP/1.1
User-Agent: selenium/4.8.0 (java windows)
Content-Length: 48814
Content-Type: application/json; charset=utf-8
host: localhost:13653
accept: */*

Response DefaultHttpResponse(decodeResult: success, version: HTTP/1.1)
HTTP/1.1 200 OK
Content-Length: 14
Content-Type: application/json; charset=utf-8
cache-control: no-cache

11:36:24.708 [AsyncHttpClient-1-5] DEBUG org.asynchttpclient.netty.channel.ChannelManager - Adding key: http://localhost:13653 for channel [id: 0xdffd1267, L:/127.0.0.1:61309 - R:localhost/127.0.0.1:13653]
11:36:24.709 [Forwarding getElementTagName on session 343760fe1b3b1d209c4a0d88582a27db to remote] DEBUG org.asynchttpclient.netty.request.NettyRequestSender - Using pooled Channel '[id: 0xdffd1267, L:/127.0.0.1:61309 - R:localhost/127.0.0.1:13653]' for 'GET' to 'http://localhost:13653/session/343760fe1b3b1d209c4a0d88582a27db/element/B5D78317CDC82913058D66A8C952A41F_element_73/name'
11:36:24.709 [Forwarding getElementTagName on session 343760fe1b3b1d209c4a0d88582a27db to remote] DEBUG org.asynchttpclient.netty.request.NettyRequestSender - Using open Channel [id: 0xdffd1267, L:/127.0.0.1:61309 - R:localhost/127.0.0.1:13653] for GET '/session/343760fe1b3b1d209c4a0d88582a27db/element/B5D78317CDC82913058D66A8C952A41F_element_73/name'
11:36:24.713 [AsyncHttpClient-1-5] DEBUG org.asynchttpclient.netty.handler.HttpHandler - 

Request DefaultFullHttpRequest(decodeResult: success, version: HTTP/1.1, content: EmptyByteBufBE)
GET /session/343760fe1b3b1d209c4a0d88582a27db/element/B5D78317CDC82913058D66A8C952A41F_element_73/name HTTP/1.1
User-Agent: selenium/4.8.0 (java windows)
Cache-Control: no-cache
Content-Type: application/json; charset=utf-8
host: localhost:13653
accept: */*

Response DefaultHttpResponse(decodeResult: success, version: HTTP/1.1)
HTTP/1.1 200 OK
Content-Length: 13
Content-Type: application/json; charset=utf-8
cache-control: no-cache

11:36:24.713 [AsyncHttpClient-1-5] DEBUG org.asynchttpclient.netty.channel.ChannelManager - Adding key: http://localhost:13653 for channel [id: 0xdffd1267, L:/127.0.0.1:61309 - R:localhost/127.0.0.1:13653]
11:36:24.713 [Forwarding getElementTagName on session 343760fe1b3b1d209c4a0d88582a27db to remote] DEBUG org.asynchttpclient.netty.request.NettyRequestSender - Using pooled Channel '[id: 0xdffd1267, L:/127.0.0.1:61309 - R:localhost/127.0.0.1:13653]' for 'GET' to 'http://localhost:13653/session/343760fe1b3b1d209c4a0d88582a27db/element/B5D78317CDC82913058D66A8C952A41F_element_73/name'
11:36:24.713 [Forwarding getElementTagName on session 343760fe1b3b1d209c4a0d88582a27db to remote] DEBUG org.asynchttpclient.netty.request.NettyRequestSender - Using open Channel [id: 0xdffd1267, L:/127.0.0.1:61309 - R:localhost/127.0.0.1:13653] for GET '/session/343760fe1b3b1d209c4a0d88582a27db/element/B5D78317CDC82913058D66A8C952A41F_element_73/name'
11:36:24.718 [AsyncHttpClient-1-5] DEBUG org.asynchttpclient.netty.handler.HttpHandler - 

Request DefaultFullHttpRequest(decodeResult: success, version: HTTP/1.1, content: EmptyByteBufBE)
GET /session/343760fe1b3b1d209c4a0d88582a27db/element/B5D78317CDC82913058D66A8C952A41F_element_73/name HTTP/1.1
User-Agent: selenium/4.8.0 (java windows)
Cache-Control: no-cache
Content-Type: application/json; charset=utf-8
host: localhost:13653
accept: */*

Response DefaultHttpResponse(decodeResult: success, version: HTTP/1.1)
HTTP/1.1 200 OK
Content-Length: 13
Content-Type: application/json; charset=utf-8
cache-control: no-cache

11:36:24.718 [AsyncHttpClient-1-5] DEBUG org.asynchttpclient.netty.channel.ChannelManager - Adding key: http://localhost:13653 for channel [id: 0xdffd1267, L:/127.0.0.1:61309 - R:localhost/127.0.0.1:13653]
11:36:24.720 [Forwarding findElement on session 343760fe1b3b1d209c4a0d88582a27db to remote] DEBUG org.asynchttpclient.netty.request.NettyRequestSender - Using pooled Channel '[id: 0xdffd1267, L:/127.0.0.1:61309 - R:localhost/127.0.0.1:13653]' for 'POST' to 'http://localhost:13653/session/343760fe1b3b1d209c4a0d88582a27db/element'
11:36:24.720 [Forwarding findElement on session 343760fe1b3b1d209c4a0d88582a27db to remote] DEBUG org.asynchttpclient.netty.request.NettyRequestSender - Using open Channel [id: 0xdffd1267, L:/127.0.0.1:61309 - R:localhost/127.0.0.1:13653] for POST '/session/343760fe1b3b1d209c4a0d88582a27db/element'
11:36:24.726 [AsyncHttpClient-1-5] DEBUG org.asynchttpclient.netty.handler.HttpHandler - 

Request DefaultHttpRequest(decodeResult: success, version: HTTP/1.1)
POST /session/343760fe1b3b1d209c4a0d88582a27db/element HTTP/1.1
User-Agent: selenium/4.8.0 (java windows)
Content-Length: 79
Content-Type: application/json; charset=utf-8
host: localhost:13653
accept: */*

Response DefaultHttpResponse(decodeResult: success, version: HTTP/1.1)
HTTP/1.1 200 OK
Content-Length: 95
Content-Type: application/json; charset=utf-8
cache-control: no-cache

11:36:24.726 [AsyncHttpClient-1-5] DEBUG org.asynchttpclient.netty.channel.ChannelManager - Adding key: http://localhost:13653 for channel [id: 0xdffd1267, L:/127.0.0.1:61309 - R:localhost/127.0.0.1:13653]
11:36:24.727 [Forwarding isElementDisplayed on session 343760fe1b3b1d209c4a0d88582a27db to remote] DEBUG org.asynchttpclient.netty.request.NettyRequestSender - Using pooled Channel '[id: 0xdffd1267, L:/127.0.0.1:61309 - R:localhost/127.0.0.1:13653]' for 'POST' to 'http://localhost:13653/session/343760fe1b3b1d209c4a0d88582a27db/execute/sync'
11:36:24.727 [Forwarding isElementDisplayed on session 343760fe1b3b1d209c4a0d88582a27db to remote] DEBUG org.asynchttpclient.netty.request.NettyRequestSender - Using open Channel [id: 0xdffd1267, L:/127.0.0.1:61309 - R:localhost/127.0.0.1:13653] for POST '/session/343760fe1b3b1d209c4a0d88582a27db/execute/sync'
11:36:24.734 [AsyncHttpClient-1-5] DEBUG org.asynchttpclient.netty.handler.HttpHandler - 

Request DefaultHttpRequest(decodeResult: success, version: HTTP/1.1)
POST /session/343760fe1b3b1d209c4a0d88582a27db/execute/sync HTTP/1.1
User-Agent: selenium/4.8.0 (java windows)
Content-Length: 48814
Content-Type: application/json; charset=utf-8
host: localhost:13653
accept: */*

Response DefaultHttpResponse(decodeResult: success, version: HTTP/1.1)
HTTP/1.1 200 OK
Content-Length: 14
Content-Type: application/json; charset=utf-8
cache-control: no-cache

11:36:24.734 [AsyncHttpClient-1-5] DEBUG org.asynchttpclient.netty.channel.ChannelManager - Adding key: http://localhost:13653 for channel [id: 0xdffd1267, L:/127.0.0.1:61309 - R:localhost/127.0.0.1:13653]
11:36:24.734 [Forwarding clickElement on session 343760fe1b3b1d209c4a0d88582a27db to remote] DEBUG org.asynchttpclient.netty.request.NettyRequestSender - Using pooled Channel '[id: 0xdffd1267, L:/127.0.0.1:61309 - R:localhost/127.0.0.1:13653]' for 'POST' to 'http://localhost:13653/session/343760fe1b3b1d209c4a0d88582a27db/element/B5D78317CDC82913058D66A8C952A41F_element_73/click'
11:36:24.734 [Forwarding clickElement on session 343760fe1b3b1d209c4a0d88582a27db to remote] DEBUG org.asynchttpclient.netty.request.NettyRequestSender - Using open Channel [id: 0xdffd1267, L:/127.0.0.1:61309 - R:localhost/127.0.0.1:13653] for POST '/session/343760fe1b3b1d209c4a0d88582a27db/element/B5D78317CDC82913058D66A8C952A41F_element_73/click'
11:36:24.778 [AsyncHttpClient-1-5] DEBUG org.asynchttpclient.netty.handler.HttpHandler - 

Request DefaultHttpRequest(decodeResult: success, version: HTTP/1.1)
POST /session/343760fe1b3b1d209c4a0d88582a27db/element/B5D78317CDC82913058D66A8C952A41F_element_73/click HTTP/1.1
User-Agent: selenium/4.8.0 (java windows)
Content-Length: 57
Content-Type: application/json; charset=utf-8
host: localhost:13653
accept: */*

Response DefaultHttpResponse(decodeResult: success, version: HTTP/1.1)
HTTP/1.1 200 OK
Content-Length: 14
Content-Type: application/json; charset=utf-8
cache-control: no-cache

11:36:24.778 [AsyncHttpClient-1-5] DEBUG org.asynchttpclient.netty.channel.ChannelManager - Adding key: http://localhost:13653 for channel [id: 0xdffd1267, L:/127.0.0.1:61309 - R:localhost/127.0.0.1:13653]
printingproductdescription
11:36:24.784 [Forwarding findElements on session 343760fe1b3b1d209c4a0d88582a27db to remote] DEBUG org.asynchttpclient.netty.request.NettyRequestSender - Using pooled Channel '[id: 0xdffd1267, L:/127.0.0.1:61309 - R:localhost/127.0.0.1:13653]' for 'POST' to 'http://localhost:13653/session/343760fe1b3b1d209c4a0d88582a27db/elements'
11:36:24.784 [Forwarding findElements on session 343760fe1b3b1d209c4a0d88582a27db to remote] DEBUG org.asynchttpclient.netty.request.NettyRequestSender - Using open Channel [id: 0xdffd1267, L:/127.0.0.1:61309 - R:localhost/127.0.0.1:13653] for POST '/session/343760fe1b3b1d209c4a0d88582a27db/elements'
11:36:24.795 [AsyncHttpClient-1-5] DEBUG org.asynchttpclient.netty.handler.HttpHandler - 

Request DefaultHttpRequest(decodeResult: success, version: HTTP/1.1)
POST /session/343760fe1b3b1d209c4a0d88582a27db/elements HTTP/1.1
User-Agent: selenium/4.8.0 (java windows)
Content-Length: 93
Content-Type: application/json; charset=utf-8
host: localhost:13653
accept: */*

Response DefaultHttpResponse(decodeResult: success, version: HTTP/1.1)
HTTP/1.1 200 OK
Content-Length: 1043
Content-Type: application/json; charset=utf-8
cache-control: no-cache

11:36:24.795 [AsyncHttpClient-1-5] DEBUG org.asynchttpclient.netty.channel.ChannelManager - Adding key: http://localhost:13653 for channel [id: 0xdffd1267, L:/127.0.0.1:61309 - R:localhost/127.0.0.1:13653]
11:36:24.796 [Forwarding getElementText on session 343760fe1b3b1d209c4a0d88582a27db to remote] DEBUG org.asynchttpclient.netty.request.NettyRequestSender - Using pooled Channel '[id: 0xdffd1267, L:/127.0.0.1:61309 - R:localhost/127.0.0.1:13653]' for 'GET' to 'http://localhost:13653/session/343760fe1b3b1d209c4a0d88582a27db/element/B5D78317CDC82913058D66A8C952A41F_element_74/text'
11:36:24.796 [Forwarding getElementText on session 343760fe1b3b1d209c4a0d88582a27db to remote] DEBUG org.asynchttpclient.netty.request.NettyRequestSender - Using open Channel [id: 0xdffd1267, L:/127.0.0.1:61309 - R:localhost/127.0.0.1:13653] for GET '/session/343760fe1b3b1d209c4a0d88582a27db/element/B5D78317CDC82913058D66A8C952A41F_element_74/text'
11:36:24.806 [AsyncHttpClient-1-5] DEBUG org.asynchttpclient.netty.handler.HttpHandler - 

Request DefaultFullHttpRequest(decodeResult: success, version: HTTP/1.1, content: EmptyByteBufBE)
GET /session/343760fe1b3b1d209c4a0d88582a27db/element/B5D78317CDC82913058D66A8C952A41F_element_74/text HTTP/1.1
User-Agent: selenium/4.8.0 (java windows)
Cache-Control: no-cache
Content-Type: application/json; charset=utf-8
host: localhost:13653
accept: */*

Response DefaultHttpResponse(decodeResult: success, version: HTTP/1.1)
HTTP/1.1 200 OK
Content-Length: 29
Content-Type: application/json; charset=utf-8
cache-control: no-cache

11:36:24.806 [AsyncHttpClient-1-5] DEBUG org.asynchttpclient.netty.channel.ChannelManager - Adding key: http://localhost:13653 for channel [id: 0xdffd1267, L:/127.0.0.1:61309 - R:localhost/127.0.0.1:13653]
firstproductnameSauce Labs Onesie
11:36:24.807 [Forwarding findElements on session 343760fe1b3b1d209c4a0d88582a27db to remote] DEBUG org.asynchttpclient.netty.request.NettyRequestSender - Using pooled Channel '[id: 0xdffd1267, L:/127.0.0.1:61309 - R:localhost/127.0.0.1:13653]' for 'POST' to 'http://localhost:13653/session/343760fe1b3b1d209c4a0d88582a27db/elements'
11:36:24.807 [Forwarding findElements on session 343760fe1b3b1d209c4a0d88582a27db to remote] DEBUG org.asynchttpclient.netty.request.NettyRequestSender - Using open Channel [id: 0xdffd1267, L:/127.0.0.1:61309 - R:localhost/127.0.0.1:13653] for POST '/session/343760fe1b3b1d209c4a0d88582a27db/elements'
11:36:24.814 [AsyncHttpClient-1-5] DEBUG org.asynchttpclient.netty.handler.HttpHandler - 

Request DefaultHttpRequest(decodeResult: success, version: HTTP/1.1)
POST /session/343760fe1b3b1d209c4a0d88582a27db/elements HTTP/1.1
User-Agent: selenium/4.8.0 (java windows)
Content-Length: 93
Content-Type: application/json; charset=utf-8
host: localhost:13653
accept: */*

Response DefaultHttpResponse(decodeResult: success, version: HTTP/1.1)
HTTP/1.1 200 OK
Content-Length: 1043
Content-Type: application/json; charset=utf-8
cache-control: no-cache

11:36:24.814 [AsyncHttpClient-1-5] DEBUG org.asynchttpclient.netty.channel.ChannelManager - Adding key: http://localhost:13653 for channel [id: 0xdffd1267, L:/127.0.0.1:61309 - R:localhost/127.0.0.1:13653]
11:36:24.815 [Forwarding getElementText on session 343760fe1b3b1d209c4a0d88582a27db to remote] DEBUG org.asynchttpclient.netty.request.NettyRequestSender - Using pooled Channel '[id: 0xdffd1267, L:/127.0.0.1:61309 - R:localhost/127.0.0.1:13653]' for 'GET' to 'http://localhost:13653/session/343760fe1b3b1d209c4a0d88582a27db/element/B5D78317CDC82913058D66A8C952A41F_element_75/text'
11:36:24.815 [Forwarding getElementText on session 343760fe1b3b1d209c4a0d88582a27db to remote] DEBUG org.asynchttpclient.netty.request.NettyRequestSender - Using open Channel [id: 0xdffd1267, L:/127.0.0.1:61309 - R:localhost/127.0.0.1:13653] for GET '/session/343760fe1b3b1d209c4a0d88582a27db/element/B5D78317CDC82913058D66A8C952A41F_element_75/text'
11:36:24.827 [AsyncHttpClient-1-5] DEBUG org.asynchttpclient.netty.handler.HttpHandler - 

Request DefaultFullHttpRequest(decodeResult: success, version: HTTP/1.1, content: EmptyByteBufBE)
GET /session/343760fe1b3b1d209c4a0d88582a27db/element/B5D78317CDC82913058D66A8C952A41F_element_75/text HTTP/1.1
User-Agent: selenium/4.8.0 (java windows)
Cache-Control: no-cache
Content-Type: application/json; charset=utf-8
host: localhost:13653
accept: */*

Response DefaultHttpResponse(decodeResult: success, version: HTTP/1.1)
HTTP/1.1 200 OK
Content-Length: 171
Content-Type: application/json; charset=utf-8
cache-control: no-cache

11:36:24.827 [AsyncHttpClient-1-5] DEBUG org.asynchttpclient.netty.channel.ChannelManager - Adding key: http://localhost:13653 for channel [id: 0xdffd1267, L:/127.0.0.1:61309 - R:localhost/127.0.0.1:13653]
firstproductnameRib snap infant onesie for the junior automation engineer in development. Reinforced 3-snap bottom closure, two-needle hemmed sleeved and bottom won't unravel.
11:36:24.828 [Forwarding findElements on session 343760fe1b3b1d209c4a0d88582a27db to remote] DEBUG org.asynchttpclient.netty.request.NettyRequestSender - Using pooled Channel '[id: 0xdffd1267, L:/127.0.0.1:61309 - R:localhost/127.0.0.1:13653]' for 'POST' to 'http://localhost:13653/session/343760fe1b3b1d209c4a0d88582a27db/elements'
11:36:24.828 [Forwarding findElements on session 343760fe1b3b1d209c4a0d88582a27db to remote] DEBUG org.asynchttpclient.netty.request.NettyRequestSender - Using open Channel [id: 0xdffd1267, L:/127.0.0.1:61309 - R:localhost/127.0.0.1:13653] for POST '/session/343760fe1b3b1d209c4a0d88582a27db/elements'
11:36:24.835 [AsyncHttpClient-1-5] DEBUG org.asynchttpclient.netty.handler.HttpHandler - 

Request DefaultHttpRequest(decodeResult: success, version: HTTP/1.1)
POST /session/343760fe1b3b1d209c4a0d88582a27db/elements HTTP/1.1
User-Agent: selenium/4.8.0 (java windows)
Content-Length: 93
Content-Type: application/json; charset=utf-8
host: localhost:13653
accept: */*

Response DefaultHttpResponse(decodeResult: success, version: HTTP/1.1)
HTTP/1.1 200 OK
Content-Length: 1043
Content-Type: application/json; charset=utf-8
cache-control: no-cache

11:36:24.836 [AsyncHttpClient-1-5] DEBUG org.asynchttpclient.netty.channel.ChannelManager - Adding key: http://localhost:13653 for channel [id: 0xdffd1267, L:/127.0.0.1:61309 - R:localhost/127.0.0.1:13653]
11:36:24.837 [Forwarding findElements on session 343760fe1b3b1d209c4a0d88582a27db to remote] DEBUG org.asynchttpclient.netty.request.NettyRequestSender - Using pooled Channel '[id: 0xdffd1267, L:/127.0.0.1:61309 - R:localhost/127.0.0.1:13653]' for 'POST' to 'http://localhost:13653/session/343760fe1b3b1d209c4a0d88582a27db/elements'
11:36:24.837 [Forwarding findElements on session 343760fe1b3b1d209c4a0d88582a27db to remote] DEBUG org.asynchttpclient.netty.request.NettyRequestSender - Using open Channel [id: 0xdffd1267, L:/127.0.0.1:61309 - R:localhost/127.0.0.1:13653] for POST '/session/343760fe1b3b1d209c4a0d88582a27db/elements'
11:36:24.843 [AsyncHttpClient-1-5] DEBUG org.asynchttpclient.netty.handler.HttpHandler - 

Request DefaultHttpRequest(decodeResult: success, version: HTTP/1.1)
POST /session/343760fe1b3b1d209c4a0d88582a27db/elements HTTP/1.1
User-Agent: selenium/4.8.0 (java windows)
Content-Length: 93
Content-Type: application/json; charset=utf-8
host: localhost:13653
accept: */*

Response DefaultHttpResponse(decodeResult: success, version: HTTP/1.1)
HTTP/1.1 200 OK
Content-Length: 1043
Content-Type: application/json; charset=utf-8
cache-control: no-cache

11:36:24.843 [AsyncHttpClient-1-5] DEBUG org.asynchttpclient.netty.channel.ChannelManager - Adding key: http://localhost:13653 for channel [id: 0xdffd1267, L:/127.0.0.1:61309 - R:localhost/127.0.0.1:13653]
11:36:24.843 [Forwarding getElementText on session 343760fe1b3b1d209c4a0d88582a27db to remote] DEBUG org.asynchttpclient.netty.request.NettyRequestSender - Using pooled Channel '[id: 0xdffd1267, L:/127.0.0.1:61309 - R:localhost/127.0.0.1:13653]' for 'GET' to 'http://localhost:13653/session/343760fe1b3b1d209c4a0d88582a27db/element/B5D78317CDC82913058D66A8C952A41F_element_74/text'
11:36:24.843 [Forwarding getElementText on session 343760fe1b3b1d209c4a0d88582a27db to remote] DEBUG org.asynchttpclient.netty.request.NettyRequestSender - Using open Channel [id: 0xdffd1267, L:/127.0.0.1:61309 - R:localhost/127.0.0.1:13653] for GET '/session/343760fe1b3b1d209c4a0d88582a27db/element/B5D78317CDC82913058D66A8C952A41F_element_74/text'
11:36:24.849 [AsyncHttpClient-1-5] DEBUG org.asynchttpclient.netty.handler.HttpHandler - 

Request DefaultFullHttpRequest(decodeResult: success, version: HTTP/1.1, content: EmptyByteBufBE)
GET /session/343760fe1b3b1d209c4a0d88582a27db/element/B5D78317CDC82913058D66A8C952A41F_element_74/text HTTP/1.1
User-Agent: selenium/4.8.0 (java windows)
Cache-Control: no-cache
Content-Type: application/json; charset=utf-8
host: localhost:13653
accept: */*

Response DefaultHttpResponse(decodeResult: success, version: HTTP/1.1)
HTTP/1.1 200 OK
Content-Length: 29
Content-Type: application/json; charset=utf-8
cache-control: no-cache

11:36:24.849 [AsyncHttpClient-1-5] DEBUG org.asynchttpclient.netty.channel.ChannelManager - Adding key: http://localhost:13653 for channel [id: 0xdffd1267, L:/127.0.0.1:61309 - R:localhost/127.0.0.1:13653]
11:36:24.850 [Forwarding findElements on session 343760fe1b3b1d209c4a0d88582a27db to remote] DEBUG org.asynchttpclient.netty.request.NettyRequestSender - Using pooled Channel '[id: 0xdffd1267, L:/127.0.0.1:61309 - R:localhost/127.0.0.1:13653]' for 'POST' to 'http://localhost:13653/session/343760fe1b3b1d209c4a0d88582a27db/elements'
11:36:24.850 [Forwarding findElements on session 343760fe1b3b1d209c4a0d88582a27db to remote] DEBUG org.asynchttpclient.netty.request.NettyRequestSender - Using open Channel [id: 0xdffd1267, L:/127.0.0.1:61309 - R:localhost/127.0.0.1:13653] for POST '/session/343760fe1b3b1d209c4a0d88582a27db/elements'
11:36:24.856 [AsyncHttpClient-1-5] DEBUG org.asynchttpclient.netty.handler.HttpHandler - 

Request DefaultHttpRequest(decodeResult: success, version: HTTP/1.1)
POST /session/343760fe1b3b1d209c4a0d88582a27db/elements HTTP/1.1
User-Agent: selenium/4.8.0 (java windows)
Content-Length: 93
Content-Type: application/json; charset=utf-8
host: localhost:13653
accept: */*

Response DefaultHttpResponse(decodeResult: success, version: HTTP/1.1)
HTTP/1.1 200 OK
Content-Length: 1043
Content-Type: application/json; charset=utf-8
cache-control: no-cache

11:36:24.856 [AsyncHttpClient-1-5] DEBUG org.asynchttpclient.netty.channel.ChannelManager - Adding key: http://localhost:13653 for channel [id: 0xdffd1267, L:/127.0.0.1:61309 - R:localhost/127.0.0.1:13653]
11:36:24.857 [Forwarding findElements on session 343760fe1b3b1d209c4a0d88582a27db to remote] DEBUG org.asynchttpclient.netty.request.NettyRequestSender - Using pooled Channel '[id: 0xdffd1267, L:/127.0.0.1:61309 - R:localhost/127.0.0.1:13653]' for 'POST' to 'http://localhost:13653/session/343760fe1b3b1d209c4a0d88582a27db/elements'
11:36:24.857 [Forwarding findElements on session 343760fe1b3b1d209c4a0d88582a27db to remote] DEBUG org.asynchttpclient.netty.request.NettyRequestSender - Using open Channel [id: 0xdffd1267, L:/127.0.0.1:61309 - R:localhost/127.0.0.1:13653] for POST '/session/343760fe1b3b1d209c4a0d88582a27db/elements'
11:36:24.863 [AsyncHttpClient-1-5] DEBUG org.asynchttpclient.netty.handler.HttpHandler - 

Request DefaultHttpRequest(decodeResult: success, version: HTTP/1.1)
POST /session/343760fe1b3b1d209c4a0d88582a27db/elements HTTP/1.1
User-Agent: selenium/4.8.0 (java windows)
Content-Length: 93
Content-Type: application/json; charset=utf-8
host: localhost:13653
accept: */*

Response DefaultHttpResponse(decodeResult: success, version: HTTP/1.1)
HTTP/1.1 200 OK
Content-Length: 1043
Content-Type: application/json; charset=utf-8
cache-control: no-cache

11:36:24.863 [AsyncHttpClient-1-5] DEBUG org.asynchttpclient.netty.channel.ChannelManager - Adding key: http://localhost:13653 for channel [id: 0xdffd1267, L:/127.0.0.1:61309 - R:localhost/127.0.0.1:13653]
11:36:24.864 [Forwarding getElementText on session 343760fe1b3b1d209c4a0d88582a27db to remote] DEBUG org.asynchttpclient.netty.request.NettyRequestSender - Using pooled Channel '[id: 0xdffd1267, L:/127.0.0.1:61309 - R:localhost/127.0.0.1:13653]' for 'GET' to 'http://localhost:13653/session/343760fe1b3b1d209c4a0d88582a27db/element/B5D78317CDC82913058D66A8C952A41F_element_75/text'
11:36:24.864 [Forwarding getElementText on session 343760fe1b3b1d209c4a0d88582a27db to remote] DEBUG org.asynchttpclient.netty.request.NettyRequestSender - Using open Channel [id: 0xdffd1267, L:/127.0.0.1:61309 - R:localhost/127.0.0.1:13653] for GET '/session/343760fe1b3b1d209c4a0d88582a27db/element/B5D78317CDC82913058D66A8C952A41F_element_75/text'
11:36:24.871 [AsyncHttpClient-1-5] DEBUG org.asynchttpclient.netty.handler.HttpHandler - 

Request DefaultFullHttpRequest(decodeResult: success, version: HTTP/1.1, content: EmptyByteBufBE)
GET /session/343760fe1b3b1d209c4a0d88582a27db/element/B5D78317CDC82913058D66A8C952A41F_element_75/text HTTP/1.1
User-Agent: selenium/4.8.0 (java windows)
Cache-Control: no-cache
Content-Type: application/json; charset=utf-8
host: localhost:13653
accept: */*

Response DefaultHttpResponse(decodeResult: success, version: HTTP/1.1)
HTTP/1.1 200 OK
Content-Length: 171
Content-Type: application/json; charset=utf-8
cache-control: no-cache

11:36:24.871 [AsyncHttpClient-1-5] DEBUG org.asynchttpclient.netty.channel.ChannelManager - Adding key: http://localhost:13653 for channel [id: 0xdffd1267, L:/127.0.0.1:61309 - R:localhost/127.0.0.1:13653]
11:36:24.872 [Forwarding findElements on session 343760fe1b3b1d209c4a0d88582a27db to remote] DEBUG org.asynchttpclient.netty.request.NettyRequestSender - Using pooled Channel '[id: 0xdffd1267, L:/127.0.0.1:61309 - R:localhost/127.0.0.1:13653]' for 'POST' to 'http://localhost:13653/session/343760fe1b3b1d209c4a0d88582a27db/elements'
11:36:24.872 [Forwarding findElements on session 343760fe1b3b1d209c4a0d88582a27db to remote] DEBUG org.asynchttpclient.netty.request.NettyRequestSender - Using open Channel [id: 0xdffd1267, L:/127.0.0.1:61309 - R:localhost/127.0.0.1:13653] for POST '/session/343760fe1b3b1d209c4a0d88582a27db/elements'
11:36:24.879 [AsyncHttpClient-1-5] DEBUG org.asynchttpclient.netty.handler.HttpHandler - 

Request DefaultHttpRequest(decodeResult: success, version: HTTP/1.1)
POST /session/343760fe1b3b1d209c4a0d88582a27db/elements HTTP/1.1
User-Agent: selenium/4.8.0 (java windows)
Content-Length: 93
Content-Type: application/json; charset=utf-8
host: localhost:13653
accept: */*

Response DefaultHttpResponse(decodeResult: success, version: HTTP/1.1)
HTTP/1.1 200 OK
Content-Length: 1043
Content-Type: application/json; charset=utf-8
cache-control: no-cache

11:36:24.879 [AsyncHttpClient-1-5] DEBUG org.asynchttpclient.netty.channel.ChannelManager - Adding key: http://localhost:13653 for channel [id: 0xdffd1267, L:/127.0.0.1:61309 - R:localhost/127.0.0.1:13653]
11:36:24.880 [Forwarding findElements on session 343760fe1b3b1d209c4a0d88582a27db to remote] DEBUG org.asynchttpclient.netty.request.NettyRequestSender - Using pooled Channel '[id: 0xdffd1267, L:/127.0.0.1:61309 - R:localhost/127.0.0.1:13653]' for 'POST' to 'http://localhost:13653/session/343760fe1b3b1d209c4a0d88582a27db/elements'
11:36:24.880 [Forwarding findElements on session 343760fe1b3b1d209c4a0d88582a27db to remote] DEBUG org.asynchttpclient.netty.request.NettyRequestSender - Using open Channel [id: 0xdffd1267, L:/127.0.0.1:61309 - R:localhost/127.0.0.1:13653] for POST '/session/343760fe1b3b1d209c4a0d88582a27db/elements'
11:36:24.886 [AsyncHttpClient-1-5] DEBUG org.asynchttpclient.netty.handler.HttpHandler - 

Request DefaultHttpRequest(decodeResult: success, version: HTTP/1.1)
POST /session/343760fe1b3b1d209c4a0d88582a27db/elements HTTP/1.1
User-Agent: selenium/4.8.0 (java windows)
Content-Length: 93
Content-Type: application/json; charset=utf-8
host: localhost:13653
accept: */*

Response DefaultHttpResponse(decodeResult: success, version: HTTP/1.1)
HTTP/1.1 200 OK
Content-Length: 1043
Content-Type: application/json; charset=utf-8
cache-control: no-cache

11:36:24.886 [AsyncHttpClient-1-5] DEBUG org.asynchttpclient.netty.channel.ChannelManager - Adding key: http://localhost:13653 for channel [id: 0xdffd1267, L:/127.0.0.1:61309 - R:localhost/127.0.0.1:13653]
11:36:24.887 [Forwarding getElementText on session 343760fe1b3b1d209c4a0d88582a27db to remote] DEBUG org.asynchttpclient.netty.request.NettyRequestSender - Using pooled Channel '[id: 0xdffd1267, L:/127.0.0.1:61309 - R:localhost/127.0.0.1:13653]' for 'GET' to 'http://localhost:13653/session/343760fe1b3b1d209c4a0d88582a27db/element/B5D78317CDC82913058D66A8C952A41F_element_76/text'
11:36:24.887 [Forwarding getElementText on session 343760fe1b3b1d209c4a0d88582a27db to remote] DEBUG org.asynchttpclient.netty.request.NettyRequestSender - Using open Channel [id: 0xdffd1267, L:/127.0.0.1:61309 - R:localhost/127.0.0.1:13653] for GET '/session/343760fe1b3b1d209c4a0d88582a27db/element/B5D78317CDC82913058D66A8C952A41F_element_76/text'
11:36:24.896 [AsyncHttpClient-1-5] DEBUG org.asynchttpclient.netty.handler.HttpHandler - 

Request DefaultFullHttpRequest(decodeResult: success, version: HTTP/1.1, content: EmptyByteBufBE)
GET /session/343760fe1b3b1d209c4a0d88582a27db/element/B5D78317CDC82913058D66A8C952A41F_element_76/text HTTP/1.1
User-Agent: selenium/4.8.0 (java windows)
Cache-Control: no-cache
Content-Type: application/json; charset=utf-8
host: localhost:13653
accept: */*

Response DefaultHttpResponse(decodeResult: success, version: HTTP/1.1)
HTTP/1.1 200 OK
Content-Length: 25
Content-Type: application/json; charset=utf-8
cache-control: no-cache

11:36:24.896 [AsyncHttpClient-1-5] DEBUG org.asynchttpclient.netty.channel.ChannelManager - Adding key: http://localhost:13653 for channel [id: 0xdffd1267, L:/127.0.0.1:61309 - R:localhost/127.0.0.1:13653]
11:36:24.897 [Forwarding findElements on session 343760fe1b3b1d209c4a0d88582a27db to remote] DEBUG org.asynchttpclient.netty.request.NettyRequestSender - Using pooled Channel '[id: 0xdffd1267, L:/127.0.0.1:61309 - R:localhost/127.0.0.1:13653]' for 'POST' to 'http://localhost:13653/session/343760fe1b3b1d209c4a0d88582a27db/elements'
11:36:24.897 [Forwarding findElements on session 343760fe1b3b1d209c4a0d88582a27db to remote] DEBUG org.asynchttpclient.netty.request.NettyRequestSender - Using open Channel [id: 0xdffd1267, L:/127.0.0.1:61309 - R:localhost/127.0.0.1:13653] for POST '/session/343760fe1b3b1d209c4a0d88582a27db/elements'
11:36:24.904 [AsyncHttpClient-1-5] DEBUG org.asynchttpclient.netty.handler.HttpHandler - 

Request DefaultHttpRequest(decodeResult: success, version: HTTP/1.1)
POST /session/343760fe1b3b1d209c4a0d88582a27db/elements HTTP/1.1
User-Agent: selenium/4.8.0 (java windows)
Content-Length: 93
Content-Type: application/json; charset=utf-8
host: localhost:13653
accept: */*

Response DefaultHttpResponse(decodeResult: success, version: HTTP/1.1)
HTTP/1.1 200 OK
Content-Length: 1043
Content-Type: application/json; charset=utf-8
cache-control: no-cache

11:36:24.905 [AsyncHttpClient-1-5] DEBUG org.asynchttpclient.netty.channel.ChannelManager - Adding key: http://localhost:13653 for channel [id: 0xdffd1267, L:/127.0.0.1:61309 - R:localhost/127.0.0.1:13653]
11:36:24.906 [Forwarding findElements on session 343760fe1b3b1d209c4a0d88582a27db to remote] DEBUG org.asynchttpclient.netty.request.NettyRequestSender - Using pooled Channel '[id: 0xdffd1267, L:/127.0.0.1:61309 - R:localhost/127.0.0.1:13653]' for 'POST' to 'http://localhost:13653/session/343760fe1b3b1d209c4a0d88582a27db/elements'
11:36:24.906 [Forwarding findElements on session 343760fe1b3b1d209c4a0d88582a27db to remote] DEBUG org.asynchttpclient.netty.request.NettyRequestSender - Using open Channel [id: 0xdffd1267, L:/127.0.0.1:61309 - R:localhost/127.0.0.1:13653] for POST '/session/343760fe1b3b1d209c4a0d88582a27db/elements'
11:36:24.916 [AsyncHttpClient-1-5] DEBUG org.asynchttpclient.netty.handler.HttpHandler - 

Request DefaultHttpRequest(decodeResult: success, version: HTTP/1.1)
POST /session/343760fe1b3b1d209c4a0d88582a27db/elements HTTP/1.1
User-Agent: selenium/4.8.0 (java windows)
Content-Length: 93
Content-Type: application/json; charset=utf-8
host: localhost:13653
accept: */*

Response DefaultHttpResponse(decodeResult: success, version: HTTP/1.1)
HTTP/1.1 200 OK
Content-Length: 1043
Content-Type: application/json; charset=utf-8
cache-control: no-cache

11:36:24.916 [AsyncHttpClient-1-5] DEBUG org.asynchttpclient.netty.channel.ChannelManager - Adding key: http://localhost:13653 for channel [id: 0xdffd1267, L:/127.0.0.1:61309 - R:localhost/127.0.0.1:13653]
11:36:24.917 [Forwarding getElementText on session 343760fe1b3b1d209c4a0d88582a27db to remote] DEBUG org.asynchttpclient.netty.request.NettyRequestSender - Using pooled Channel '[id: 0xdffd1267, L:/127.0.0.1:61309 - R:localhost/127.0.0.1:13653]' for 'GET' to 'http://localhost:13653/session/343760fe1b3b1d209c4a0d88582a27db/element/B5D78317CDC82913058D66A8C952A41F_element_77/text'
11:36:24.917 [Forwarding getElementText on session 343760fe1b3b1d209c4a0d88582a27db to remote] DEBUG org.asynchttpclient.netty.request.NettyRequestSender - Using open Channel [id: 0xdffd1267, L:/127.0.0.1:61309 - R:localhost/127.0.0.1:13653] for GET '/session/343760fe1b3b1d209c4a0d88582a27db/element/B5D78317CDC82913058D66A8C952A41F_element_77/text'
11:36:24.923 [AsyncHttpClient-1-5] DEBUG org.asynchttpclient.netty.handler.HttpHandler - 

Request DefaultFullHttpRequest(decodeResult: success, version: HTTP/1.1, content: EmptyByteBufBE)
GET /session/343760fe1b3b1d209c4a0d88582a27db/element/B5D78317CDC82913058D66A8C952A41F_element_77/text HTTP/1.1
User-Agent: selenium/4.8.0 (java windows)
Cache-Control: no-cache
Content-Type: application/json; charset=utf-8
host: localhost:13653
accept: */*

Response DefaultHttpResponse(decodeResult: success, version: HTTP/1.1)
HTTP/1.1 200 OK
Content-Length: 17
Content-Type: application/json; charset=utf-8
cache-control: no-cache

11:36:24.923 [AsyncHttpClient-1-5] DEBUG org.asynchttpclient.netty.channel.ChannelManager - Adding key: http://localhost:13653 for channel [id: 0xdffd1267, L:/127.0.0.1:61309 - R:localhost/127.0.0.1:13653]
11:36:24.924 [Forwarding findElements on session 343760fe1b3b1d209c4a0d88582a27db to remote] DEBUG org.asynchttpclient.netty.request.NettyRequestSender - Using pooled Channel '[id: 0xdffd1267, L:/127.0.0.1:61309 - R:localhost/127.0.0.1:13653]' for 'POST' to 'http://localhost:13653/session/343760fe1b3b1d209c4a0d88582a27db/elements'
11:36:24.924 [Forwarding findElements on session 343760fe1b3b1d209c4a0d88582a27db to remote] DEBUG org.asynchttpclient.netty.request.NettyRequestSender - Using open Channel [id: 0xdffd1267, L:/127.0.0.1:61309 - R:localhost/127.0.0.1:13653] for POST '/session/343760fe1b3b1d209c4a0d88582a27db/elements'
11:36:24.930 [AsyncHttpClient-1-5] DEBUG org.asynchttpclient.netty.handler.HttpHandler - 

Request DefaultHttpRequest(decodeResult: success, version: HTTP/1.1)
POST /session/343760fe1b3b1d209c4a0d88582a27db/elements HTTP/1.1
User-Agent: selenium/4.8.0 (java windows)
Content-Length: 93
Content-Type: application/json; charset=utf-8
host: localhost:13653
accept: */*

Response DefaultHttpResponse(decodeResult: success, version: HTTP/1.1)
HTTP/1.1 200 OK
Content-Length: 1043
Content-Type: application/json; charset=utf-8
cache-control: no-cache

11:36:24.930 [AsyncHttpClient-1-5] DEBUG org.asynchttpclient.netty.channel.ChannelManager - Adding key: http://localhost:13653 for channel [id: 0xdffd1267, L:/127.0.0.1:61309 - R:localhost/127.0.0.1:13653]
11:36:24.930 [Forwarding findElements on session 343760fe1b3b1d209c4a0d88582a27db to remote] DEBUG org.asynchttpclient.netty.request.NettyRequestSender - Using pooled Channel '[id: 0xdffd1267, L:/127.0.0.1:61309 - R:localhost/127.0.0.1:13653]' for 'POST' to 'http://localhost:13653/session/343760fe1b3b1d209c4a0d88582a27db/elements'
11:36:24.930 [Forwarding findElements on session 343760fe1b3b1d209c4a0d88582a27db to remote] DEBUG org.asynchttpclient.netty.request.NettyRequestSender - Using open Channel [id: 0xdffd1267, L:/127.0.0.1:61309 - R:localhost/127.0.0.1:13653] for POST '/session/343760fe1b3b1d209c4a0d88582a27db/elements'
11:36:24.936 [AsyncHttpClient-1-5] DEBUG org.asynchttpclient.netty.handler.HttpHandler - 

Request DefaultHttpRequest(decodeResult: success, version: HTTP/1.1)
POST /session/343760fe1b3b1d209c4a0d88582a27db/elements HTTP/1.1
User-Agent: selenium/4.8.0 (java windows)
Content-Length: 93
Content-Type: application/json; charset=utf-8
host: localhost:13653
accept: */*

Response DefaultHttpResponse(decodeResult: success, version: HTTP/1.1)
HTTP/1.1 200 OK
Content-Length: 1043
Content-Type: application/json; charset=utf-8
cache-control: no-cache

11:36:24.936 [AsyncHttpClient-1-5] DEBUG org.asynchttpclient.netty.channel.ChannelManager - Adding key: http://localhost:13653 for channel [id: 0xdffd1267, L:/127.0.0.1:61309 - R:localhost/127.0.0.1:13653]
11:36:24.937 [Forwarding getElementText on session 343760fe1b3b1d209c4a0d88582a27db to remote] DEBUG org.asynchttpclient.netty.request.NettyRequestSender - Using pooled Channel '[id: 0xdffd1267, L:/127.0.0.1:61309 - R:localhost/127.0.0.1:13653]' for 'GET' to 'http://localhost:13653/session/343760fe1b3b1d209c4a0d88582a27db/element/B5D78317CDC82913058D66A8C952A41F_element_78/text'
11:36:24.937 [Forwarding getElementText on session 343760fe1b3b1d209c4a0d88582a27db to remote] DEBUG org.asynchttpclient.netty.request.NettyRequestSender - Using open Channel [id: 0xdffd1267, L:/127.0.0.1:61309 - R:localhost/127.0.0.1:13653] for GET '/session/343760fe1b3b1d209c4a0d88582a27db/element/B5D78317CDC82913058D66A8C952A41F_element_78/text'
11:36:24.944 [AsyncHttpClient-1-5] DEBUG org.asynchttpclient.netty.handler.HttpHandler - 

Request DefaultFullHttpRequest(decodeResult: success, version: HTTP/1.1, content: EmptyByteBufBE)
GET /session/343760fe1b3b1d209c4a0d88582a27db/element/B5D78317CDC82913058D66A8C952A41F_element_78/text HTTP/1.1
User-Agent: selenium/4.8.0 (java windows)
Cache-Control: no-cache
Content-Type: application/json; charset=utf-8
host: localhost:13653
accept: */*

Response DefaultHttpResponse(decodeResult: success, version: HTTP/1.1)
HTTP/1.1 200 OK
Content-Length: 31
Content-Type: application/json; charset=utf-8
cache-control: no-cache

11:36:24.944 [AsyncHttpClient-1-5] DEBUG org.asynchttpclient.netty.channel.ChannelManager - Adding key: http://localhost:13653 for channel [id: 0xdffd1267, L:/127.0.0.1:61309 - R:localhost/127.0.0.1:13653]
11:36:24.945 [Forwarding findElements on session 343760fe1b3b1d209c4a0d88582a27db to remote] DEBUG org.asynchttpclient.netty.request.NettyRequestSender - Using pooled Channel '[id: 0xdffd1267, L:/127.0.0.1:61309 - R:localhost/127.0.0.1:13653]' for 'POST' to 'http://localhost:13653/session/343760fe1b3b1d209c4a0d88582a27db/elements'
11:36:24.945 [Forwarding findElements on session 343760fe1b3b1d209c4a0d88582a27db to remote] DEBUG org.asynchttpclient.netty.request.NettyRequestSender - Using open Channel [id: 0xdffd1267, L:/127.0.0.1:61309 - R:localhost/127.0.0.1:13653] for POST '/session/343760fe1b3b1d209c4a0d88582a27db/elements'
11:36:24.950 [AsyncHttpClient-1-5] DEBUG org.asynchttpclient.netty.handler.HttpHandler - 

Request DefaultHttpRequest(decodeResult: success, version: HTTP/1.1)
POST /session/343760fe1b3b1d209c4a0d88582a27db/elements HTTP/1.1
User-Agent: selenium/4.8.0 (java windows)
Content-Length: 93
Content-Type: application/json; charset=utf-8
host: localhost:13653
accept: */*

Response DefaultHttpResponse(decodeResult: success, version: HTTP/1.1)
HTTP/1.1 200 OK
Content-Length: 1043
Content-Type: application/json; charset=utf-8
cache-control: no-cache

11:36:24.950 [AsyncHttpClient-1-5] DEBUG org.asynchttpclient.netty.channel.ChannelManager - Adding key: http://localhost:13653 for channel [id: 0xdffd1267, L:/127.0.0.1:61309 - R:localhost/127.0.0.1:13653]
11:36:24.951 [Forwarding findElements on session 343760fe1b3b1d209c4a0d88582a27db to remote] DEBUG org.asynchttpclient.netty.request.NettyRequestSender - Using pooled Channel '[id: 0xdffd1267, L:/127.0.0.1:61309 - R:localhost/127.0.0.1:13653]' for 'POST' to 'http://localhost:13653/session/343760fe1b3b1d209c4a0d88582a27db/elements'
11:36:24.951 [Forwarding findElements on session 343760fe1b3b1d209c4a0d88582a27db to remote] DEBUG org.asynchttpclient.netty.request.NettyRequestSender - Using open Channel [id: 0xdffd1267, L:/127.0.0.1:61309 - R:localhost/127.0.0.1:13653] for POST '/session/343760fe1b3b1d209c4a0d88582a27db/elements'
11:36:24.957 [AsyncHttpClient-1-5] DEBUG org.asynchttpclient.netty.handler.HttpHandler - 

Request DefaultHttpRequest(decodeResult: success, version: HTTP/1.1)
POST /session/343760fe1b3b1d209c4a0d88582a27db/elements HTTP/1.1
User-Agent: selenium/4.8.0 (java windows)
Content-Length: 93
Content-Type: application/json; charset=utf-8
host: localhost:13653
accept: */*

Response DefaultHttpResponse(decodeResult: success, version: HTTP/1.1)
HTTP/1.1 200 OK
Content-Length: 1043
Content-Type: application/json; charset=utf-8
cache-control: no-cache

11:36:24.957 [AsyncHttpClient-1-5] DEBUG org.asynchttpclient.netty.channel.ChannelManager - Adding key: http://localhost:13653 for channel [id: 0xdffd1267, L:/127.0.0.1:61309 - R:localhost/127.0.0.1:13653]
11:36:24.958 [Forwarding getElementText on session 343760fe1b3b1d209c4a0d88582a27db to remote] DEBUG org.asynchttpclient.netty.request.NettyRequestSender - Using pooled Channel '[id: 0xdffd1267, L:/127.0.0.1:61309 - R:localhost/127.0.0.1:13653]' for 'GET' to 'http://localhost:13653/session/343760fe1b3b1d209c4a0d88582a27db/element/B5D78317CDC82913058D66A8C952A41F_element_79/text'
11:36:24.958 [Forwarding getElementText on session 343760fe1b3b1d209c4a0d88582a27db to remote] DEBUG org.asynchttpclient.netty.request.NettyRequestSender - Using open Channel [id: 0xdffd1267, L:/127.0.0.1:61309 - R:localhost/127.0.0.1:13653] for GET '/session/343760fe1b3b1d209c4a0d88582a27db/element/B5D78317CDC82913058D66A8C952A41F_element_79/text'
11:36:24.966 [AsyncHttpClient-1-5] DEBUG org.asynchttpclient.netty.handler.HttpHandler - 

Request DefaultFullHttpRequest(decodeResult: success, version: HTTP/1.1, content: EmptyByteBufBE)
GET /session/343760fe1b3b1d209c4a0d88582a27db/element/B5D78317CDC82913058D66A8C952A41F_element_79/text HTTP/1.1
User-Agent: selenium/4.8.0 (java windows)
Cache-Control: no-cache
Content-Type: application/json; charset=utf-8
host: localhost:13653
accept: */*

Response DefaultHttpResponse(decodeResult: success, version: HTTP/1.1)
HTTP/1.1 200 OK
Content-Length: 146
Content-Type: application/json; charset=utf-8
cache-control: no-cache

11:36:24.966 [AsyncHttpClient-1-5] DEBUG org.asynchttpclient.netty.channel.ChannelManager - Adding key: http://localhost:13653 for channel [id: 0xdffd1267, L:/127.0.0.1:61309 - R:localhost/127.0.0.1:13653]
11:36:24.967 [Forwarding findElements on session 343760fe1b3b1d209c4a0d88582a27db to remote] DEBUG org.asynchttpclient.netty.request.NettyRequestSender - Using pooled Channel '[id: 0xdffd1267, L:/127.0.0.1:61309 - R:localhost/127.0.0.1:13653]' for 'POST' to 'http://localhost:13653/session/343760fe1b3b1d209c4a0d88582a27db/elements'
11:36:24.967 [Forwarding findElements on session 343760fe1b3b1d209c4a0d88582a27db to remote] DEBUG org.asynchttpclient.netty.request.NettyRequestSender - Using open Channel [id: 0xdffd1267, L:/127.0.0.1:61309 - R:localhost/127.0.0.1:13653] for POST '/session/343760fe1b3b1d209c4a0d88582a27db/elements'
11:36:24.977 [AsyncHttpClient-1-5] DEBUG org.asynchttpclient.netty.handler.HttpHandler - 

Request DefaultHttpRequest(decodeResult: success, version: HTTP/1.1)
POST /session/343760fe1b3b1d209c4a0d88582a27db/elements HTTP/1.1
User-Agent: selenium/4.8.0 (java windows)
Content-Length: 93
Content-Type: application/json; charset=utf-8
host: localhost:13653
accept: */*

Response DefaultHttpResponse(decodeResult: success, version: HTTP/1.1)
HTTP/1.1 200 OK
Content-Length: 1043
Content-Type: application/json; charset=utf-8
cache-control: no-cache

11:36:24.977 [AsyncHttpClient-1-5] DEBUG org.asynchttpclient.netty.channel.ChannelManager - Adding key: http://localhost:13653 for channel [id: 0xdffd1267, L:/127.0.0.1:61309 - R:localhost/127.0.0.1:13653]
11:36:24.978 [Forwarding findElements on session 343760fe1b3b1d209c4a0d88582a27db to remote] DEBUG org.asynchttpclient.netty.request.NettyRequestSender - Using pooled Channel '[id: 0xdffd1267, L:/127.0.0.1:61309 - R:localhost/127.0.0.1:13653]' for 'POST' to 'http://localhost:13653/session/343760fe1b3b1d209c4a0d88582a27db/elements'
11:36:24.978 [Forwarding findElements on session 343760fe1b3b1d209c4a0d88582a27db to remote] DEBUG org.asynchttpclient.netty.request.NettyRequestSender - Using open Channel [id: 0xdffd1267, L:/127.0.0.1:61309 - R:localhost/127.0.0.1:13653] for POST '/session/343760fe1b3b1d209c4a0d88582a27db/elements'
11:36:24.986 [AsyncHttpClient-1-5] DEBUG org.asynchttpclient.netty.handler.HttpHandler - 

Request DefaultHttpRequest(decodeResult: success, version: HTTP/1.1)
POST /session/343760fe1b3b1d209c4a0d88582a27db/elements HTTP/1.1
User-Agent: selenium/4.8.0 (java windows)
Content-Length: 93
Content-Type: application/json; charset=utf-8
host: localhost:13653
accept: */*

Response DefaultHttpResponse(decodeResult: success, version: HTTP/1.1)
HTTP/1.1 200 OK
Content-Length: 1043
Content-Type: application/json; charset=utf-8
cache-control: no-cache

11:36:24.986 [AsyncHttpClient-1-5] DEBUG org.asynchttpclient.netty.channel.ChannelManager - Adding key: http://localhost:13653 for channel [id: 0xdffd1267, L:/127.0.0.1:61309 - R:localhost/127.0.0.1:13653]
11:36:24.987 [Forwarding getElementText on session 343760fe1b3b1d209c4a0d88582a27db to remote] DEBUG org.asynchttpclient.netty.request.NettyRequestSender - Using pooled Channel '[id: 0xdffd1267, L:/127.0.0.1:61309 - R:localhost/127.0.0.1:13653]' for 'GET' to 'http://localhost:13653/session/343760fe1b3b1d209c4a0d88582a27db/element/B5D78317CDC82913058D66A8C952A41F_element_80/text'
11:36:24.987 [Forwarding getElementText on session 343760fe1b3b1d209c4a0d88582a27db to remote] DEBUG org.asynchttpclient.netty.request.NettyRequestSender - Using open Channel [id: 0xdffd1267, L:/127.0.0.1:61309 - R:localhost/127.0.0.1:13653] for GET '/session/343760fe1b3b1d209c4a0d88582a27db/element/B5D78317CDC82913058D66A8C952A41F_element_80/text'
11:36:24.995 [AsyncHttpClient-1-5] DEBUG org.asynchttpclient.netty.handler.HttpHandler - 

Request DefaultFullHttpRequest(decodeResult: success, version: HTTP/1.1, content: EmptyByteBufBE)
GET /session/343760fe1b3b1d209c4a0d88582a27db/element/B5D78317CDC82913058D66A8C952A41F_element_80/text HTTP/1.1
User-Agent: selenium/4.8.0 (java windows)
Cache-Control: no-cache
Content-Type: application/json; charset=utf-8
host: localhost:13653
accept: */*

Response DefaultHttpResponse(decodeResult: success, version: HTTP/1.1)
HTTP/1.1 200 OK
Content-Length: 26
Content-Type: application/json; charset=utf-8
cache-control: no-cache

11:36:24.995 [AsyncHttpClient-1-5] DEBUG org.asynchttpclient.netty.channel.ChannelManager - Adding key: http://localhost:13653 for channel [id: 0xdffd1267, L:/127.0.0.1:61309 - R:localhost/127.0.0.1:13653]
11:36:24.996 [Forwarding findElements on session 343760fe1b3b1d209c4a0d88582a27db to remote] DEBUG org.asynchttpclient.netty.request.NettyRequestSender - Using pooled Channel '[id: 0xdffd1267, L:/127.0.0.1:61309 - R:localhost/127.0.0.1:13653]' for 'POST' to 'http://localhost:13653/session/343760fe1b3b1d209c4a0d88582a27db/elements'
11:36:24.996 [Forwarding findElements on session 343760fe1b3b1d209c4a0d88582a27db to remote] DEBUG org.asynchttpclient.netty.request.NettyRequestSender - Using open Channel [id: 0xdffd1267, L:/127.0.0.1:61309 - R:localhost/127.0.0.1:13653] for POST '/session/343760fe1b3b1d209c4a0d88582a27db/elements'
11:36:25.002 [AsyncHttpClient-1-5] DEBUG org.asynchttpclient.netty.handler.HttpHandler - 

Request DefaultHttpRequest(decodeResult: success, version: HTTP/1.1)
POST /session/343760fe1b3b1d209c4a0d88582a27db/elements HTTP/1.1
User-Agent: selenium/4.8.0 (java windows)
Content-Length: 93
Content-Type: application/json; charset=utf-8
host: localhost:13653
accept: */*

Response DefaultHttpResponse(decodeResult: success, version: HTTP/1.1)
HTTP/1.1 200 OK
Content-Length: 1043
Content-Type: application/json; charset=utf-8
cache-control: no-cache

11:36:25.002 [AsyncHttpClient-1-5] DEBUG org.asynchttpclient.netty.channel.ChannelManager - Adding key: http://localhost:13653 for channel [id: 0xdffd1267, L:/127.0.0.1:61309 - R:localhost/127.0.0.1:13653]
11:36:25.003 [Forwarding findElements on session 343760fe1b3b1d209c4a0d88582a27db to remote] DEBUG org.asynchttpclient.netty.request.NettyRequestSender - Using pooled Channel '[id: 0xdffd1267, L:/127.0.0.1:61309 - R:localhost/127.0.0.1:13653]' for 'POST' to 'http://localhost:13653/session/343760fe1b3b1d209c4a0d88582a27db/elements'
11:36:25.003 [Forwarding findElements on session 343760fe1b3b1d209c4a0d88582a27db to remote] DEBUG org.asynchttpclient.netty.request.NettyRequestSender - Using open Channel [id: 0xdffd1267, L:/127.0.0.1:61309 - R:localhost/127.0.0.1:13653] for POST '/session/343760fe1b3b1d209c4a0d88582a27db/elements'
11:36:25.009 [AsyncHttpClient-1-5] DEBUG org.asynchttpclient.netty.handler.HttpHandler - 

Request DefaultHttpRequest(decodeResult: success, version: HTTP/1.1)
POST /session/343760fe1b3b1d209c4a0d88582a27db/elements HTTP/1.1
User-Agent: selenium/4.8.0 (java windows)
Content-Length: 93
Content-Type: application/json; charset=utf-8
host: localhost:13653
accept: */*

Response DefaultHttpResponse(decodeResult: success, version: HTTP/1.1)
HTTP/1.1 200 OK
Content-Length: 1043
Content-Type: application/json; charset=utf-8
cache-control: no-cache

11:36:25.009 [AsyncHttpClient-1-5] DEBUG org.asynchttpclient.netty.channel.ChannelManager - Adding key: http://localhost:13653 for channel [id: 0xdffd1267, L:/127.0.0.1:61309 - R:localhost/127.0.0.1:13653]
11:36:25.010 [Forwarding getElementText on session 343760fe1b3b1d209c4a0d88582a27db to remote] DEBUG org.asynchttpclient.netty.request.NettyRequestSender - Using pooled Channel '[id: 0xdffd1267, L:/127.0.0.1:61309 - R:localhost/127.0.0.1:13653]' for 'GET' to 'http://localhost:13653/session/343760fe1b3b1d209c4a0d88582a27db/element/B5D78317CDC82913058D66A8C952A41F_element_81/text'
11:36:25.010 [Forwarding getElementText on session 343760fe1b3b1d209c4a0d88582a27db to remote] DEBUG org.asynchttpclient.netty.request.NettyRequestSender - Using open Channel [id: 0xdffd1267, L:/127.0.0.1:61309 - R:localhost/127.0.0.1:13653] for GET '/session/343760fe1b3b1d209c4a0d88582a27db/element/B5D78317CDC82913058D66A8C952A41F_element_81/text'
11:36:25.015 [AsyncHttpClient-1-5] DEBUG org.asynchttpclient.netty.handler.HttpHandler - 

Request DefaultFullHttpRequest(decodeResult: success, version: HTTP/1.1, content: EmptyByteBufBE)
GET /session/343760fe1b3b1d209c4a0d88582a27db/element/B5D78317CDC82913058D66A8C952A41F_element_81/text HTTP/1.1
User-Agent: selenium/4.8.0 (java windows)
Cache-Control: no-cache
Content-Type: application/json; charset=utf-8
host: localhost:13653
accept: */*

Response DefaultHttpResponse(decodeResult: success, version: HTTP/1.1)
HTTP/1.1 200 OK
Content-Length: 18
Content-Type: application/json; charset=utf-8
cache-control: no-cache

11:36:25.015 [AsyncHttpClient-1-5] DEBUG org.asynchttpclient.netty.channel.ChannelManager - Adding key: http://localhost:13653 for channel [id: 0xdffd1267, L:/127.0.0.1:61309 - R:localhost/127.0.0.1:13653]
11:36:25.017 [Forwarding findElements on session 343760fe1b3b1d209c4a0d88582a27db to remote] DEBUG org.asynchttpclient.netty.request.NettyRequestSender - Using pooled Channel '[id: 0xdffd1267, L:/127.0.0.1:61309 - R:localhost/127.0.0.1:13653]' for 'POST' to 'http://localhost:13653/session/343760fe1b3b1d209c4a0d88582a27db/elements'
11:36:25.017 [Forwarding findElements on session 343760fe1b3b1d209c4a0d88582a27db to remote] DEBUG org.asynchttpclient.netty.request.NettyRequestSender - Using open Channel [id: 0xdffd1267, L:/127.0.0.1:61309 - R:localhost/127.0.0.1:13653] for POST '/session/343760fe1b3b1d209c4a0d88582a27db/elements'
11:36:25.026 [AsyncHttpClient-1-5] DEBUG org.asynchttpclient.netty.handler.HttpHandler - 

Request DefaultHttpRequest(decodeResult: success, version: HTTP/1.1)
POST /session/343760fe1b3b1d209c4a0d88582a27db/elements HTTP/1.1
User-Agent: selenium/4.8.0 (java windows)
Content-Length: 93
Content-Type: application/json; charset=utf-8
host: localhost:13653
accept: */*

Response DefaultHttpResponse(decodeResult: success, version: HTTP/1.1)
HTTP/1.1 200 OK
Content-Length: 1043
Content-Type: application/json; charset=utf-8
cache-control: no-cache

11:36:25.026 [AsyncHttpClient-1-5] DEBUG org.asynchttpclient.netty.channel.ChannelManager - Adding key: http://localhost:13653 for channel [id: 0xdffd1267, L:/127.0.0.1:61309 - R:localhost/127.0.0.1:13653]
11:36:25.028 [Forwarding findElements on session 343760fe1b3b1d209c4a0d88582a27db to remote] DEBUG org.asynchttpclient.netty.request.NettyRequestSender - Using pooled Channel '[id: 0xdffd1267, L:/127.0.0.1:61309 - R:localhost/127.0.0.1:13653]' for 'POST' to 'http://localhost:13653/session/343760fe1b3b1d209c4a0d88582a27db/elements'
11:36:25.028 [Forwarding findElements on session 343760fe1b3b1d209c4a0d88582a27db to remote] DEBUG org.asynchttpclient.netty.request.NettyRequestSender - Using open Channel [id: 0xdffd1267, L:/127.0.0.1:61309 - R:localhost/127.0.0.1:13653] for POST '/session/343760fe1b3b1d209c4a0d88582a27db/elements'
11:36:25.038 [AsyncHttpClient-1-5] DEBUG org.asynchttpclient.netty.handler.HttpHandler - 

Request DefaultHttpRequest(decodeResult: success, version: HTTP/1.1)
POST /session/343760fe1b3b1d209c4a0d88582a27db/elements HTTP/1.1
User-Agent: selenium/4.8.0 (java windows)
Content-Length: 93
Content-Type: application/json; charset=utf-8
host: localhost:13653
accept: */*

Response DefaultHttpResponse(decodeResult: success, version: HTTP/1.1)
HTTP/1.1 200 OK
Content-Length: 1043
Content-Type: application/json; charset=utf-8
cache-control: no-cache

11:36:25.038 [AsyncHttpClient-1-5] DEBUG org.asynchttpclient.netty.channel.ChannelManager - Adding key: http://localhost:13653 for channel [id: 0xdffd1267, L:/127.0.0.1:61309 - R:localhost/127.0.0.1:13653]
11:36:25.039 [Forwarding getElementText on session 343760fe1b3b1d209c4a0d88582a27db to remote] DEBUG org.asynchttpclient.netty.request.NettyRequestSender - Using pooled Channel '[id: 0xdffd1267, L:/127.0.0.1:61309 - R:localhost/127.0.0.1:13653]' for 'GET' to 'http://localhost:13653/session/343760fe1b3b1d209c4a0d88582a27db/element/B5D78317CDC82913058D66A8C952A41F_element_82/text'
11:36:25.039 [Forwarding getElementText on session 343760fe1b3b1d209c4a0d88582a27db to remote] DEBUG org.asynchttpclient.netty.request.NettyRequestSender - Using open Channel [id: 0xdffd1267, L:/127.0.0.1:61309 - R:localhost/127.0.0.1:13653] for GET '/session/343760fe1b3b1d209c4a0d88582a27db/element/B5D78317CDC82913058D66A8C952A41F_element_82/text'
11:36:25.046 [AsyncHttpClient-1-5] DEBUG org.asynchttpclient.netty.handler.HttpHandler - 

Request DefaultFullHttpRequest(decodeResult: success, version: HTTP/1.1, content: EmptyByteBufBE)
GET /session/343760fe1b3b1d209c4a0d88582a27db/element/B5D78317CDC82913058D66A8C952A41F_element_82/text HTTP/1.1
User-Agent: selenium/4.8.0 (java windows)
Cache-Control: no-cache
Content-Type: application/json; charset=utf-8
host: localhost:13653
accept: */*

Response DefaultHttpResponse(decodeResult: success, version: HTTP/1.1)
HTTP/1.1 200 OK
Content-Length: 33
Content-Type: application/json; charset=utf-8
cache-control: no-cache

11:36:25.046 [AsyncHttpClient-1-5] DEBUG org.asynchttpclient.netty.channel.ChannelManager - Adding key: http://localhost:13653 for channel [id: 0xdffd1267, L:/127.0.0.1:61309 - R:localhost/127.0.0.1:13653]
11:36:25.047 [Forwarding findElements on session 343760fe1b3b1d209c4a0d88582a27db to remote] DEBUG org.asynchttpclient.netty.request.NettyRequestSender - Using pooled Channel '[id: 0xdffd1267, L:/127.0.0.1:61309 - R:localhost/127.0.0.1:13653]' for 'POST' to 'http://localhost:13653/session/343760fe1b3b1d209c4a0d88582a27db/elements'
11:36:25.047 [Forwarding findElements on session 343760fe1b3b1d209c4a0d88582a27db to remote] DEBUG org.asynchttpclient.netty.request.NettyRequestSender - Using open Channel [id: 0xdffd1267, L:/127.0.0.1:61309 - R:localhost/127.0.0.1:13653] for POST '/session/343760fe1b3b1d209c4a0d88582a27db/elements'
11:36:25.052 [AsyncHttpClient-1-5] DEBUG org.asynchttpclient.netty.handler.HttpHandler - 

Request DefaultHttpRequest(decodeResult: success, version: HTTP/1.1)
POST /session/343760fe1b3b1d209c4a0d88582a27db/elements HTTP/1.1
User-Agent: selenium/4.8.0 (java windows)
Content-Length: 93
Content-Type: application/json; charset=utf-8
host: localhost:13653
accept: */*

Response DefaultHttpResponse(decodeResult: success, version: HTTP/1.1)
HTTP/1.1 200 OK
Content-Length: 1043
Content-Type: application/json; charset=utf-8
cache-control: no-cache

11:36:25.052 [AsyncHttpClient-1-5] DEBUG org.asynchttpclient.netty.channel.ChannelManager - Adding key: http://localhost:13653 for channel [id: 0xdffd1267, L:/127.0.0.1:61309 - R:localhost/127.0.0.1:13653]
11:36:25.053 [Forwarding findElements on session 343760fe1b3b1d209c4a0d88582a27db to remote] DEBUG org.asynchttpclient.netty.request.NettyRequestSender - Using pooled Channel '[id: 0xdffd1267, L:/127.0.0.1:61309 - R:localhost/127.0.0.1:13653]' for 'POST' to 'http://localhost:13653/session/343760fe1b3b1d209c4a0d88582a27db/elements'
11:36:25.053 [Forwarding findElements on session 343760fe1b3b1d209c4a0d88582a27db to remote] DEBUG org.asynchttpclient.netty.request.NettyRequestSender - Using open Channel [id: 0xdffd1267, L:/127.0.0.1:61309 - R:localhost/127.0.0.1:13653] for POST '/session/343760fe1b3b1d209c4a0d88582a27db/elements'
11:36:25.059 [AsyncHttpClient-1-5] DEBUG org.asynchttpclient.netty.handler.HttpHandler - 

Request DefaultHttpRequest(decodeResult: success, version: HTTP/1.1)
POST /session/343760fe1b3b1d209c4a0d88582a27db/elements HTTP/1.1
User-Agent: selenium/4.8.0 (java windows)
Content-Length: 93
Content-Type: application/json; charset=utf-8
host: localhost:13653
accept: */*

Response DefaultHttpResponse(decodeResult: success, version: HTTP/1.1)
HTTP/1.1 200 OK
Content-Length: 1043
Content-Type: application/json; charset=utf-8
cache-control: no-cache

11:36:25.059 [AsyncHttpClient-1-5] DEBUG org.asynchttpclient.netty.channel.ChannelManager - Adding key: http://localhost:13653 for channel [id: 0xdffd1267, L:/127.0.0.1:61309 - R:localhost/127.0.0.1:13653]
11:36:25.060 [Forwarding getElementText on session 343760fe1b3b1d209c4a0d88582a27db to remote] DEBUG org.asynchttpclient.netty.request.NettyRequestSender - Using pooled Channel '[id: 0xdffd1267, L:/127.0.0.1:61309 - R:localhost/127.0.0.1:13653]' for 'GET' to 'http://localhost:13653/session/343760fe1b3b1d209c4a0d88582a27db/element/B5D78317CDC82913058D66A8C952A41F_element_83/text'
11:36:25.060 [Forwarding getElementText on session 343760fe1b3b1d209c4a0d88582a27db to remote] DEBUG org.asynchttpclient.netty.request.NettyRequestSender - Using open Channel [id: 0xdffd1267, L:/127.0.0.1:61309 - R:localhost/127.0.0.1:13653] for GET '/session/343760fe1b3b1d209c4a0d88582a27db/element/B5D78317CDC82913058D66A8C952A41F_element_83/text'
11:36:25.066 [AsyncHttpClient-1-5] DEBUG org.asynchttpclient.netty.handler.HttpHandler - 

Request DefaultFullHttpRequest(decodeResult: success, version: HTTP/1.1, content: EmptyByteBufBE)
GET /session/343760fe1b3b1d209c4a0d88582a27db/element/B5D78317CDC82913058D66A8C952A41F_element_83/text HTTP/1.1
User-Agent: selenium/4.8.0 (java windows)
Cache-Control: no-cache
Content-Type: application/json; charset=utf-8
host: localhost:13653
accept: */*

Response DefaultHttpResponse(decodeResult: success, version: HTTP/1.1)
HTTP/1.1 200 OK
Content-Length: 171
Content-Type: application/json; charset=utf-8
cache-control: no-cache

11:36:25.066 [AsyncHttpClient-1-5] DEBUG org.asynchttpclient.netty.channel.ChannelManager - Adding key: http://localhost:13653 for channel [id: 0xdffd1267, L:/127.0.0.1:61309 - R:localhost/127.0.0.1:13653]
11:36:25.066 [Forwarding findElements on session 343760fe1b3b1d209c4a0d88582a27db to remote] DEBUG org.asynchttpclient.netty.request.NettyRequestSender - Using pooled Channel '[id: 0xdffd1267, L:/127.0.0.1:61309 - R:localhost/127.0.0.1:13653]' for 'POST' to 'http://localhost:13653/session/343760fe1b3b1d209c4a0d88582a27db/elements'
11:36:25.066 [Forwarding findElements on session 343760fe1b3b1d209c4a0d88582a27db to remote] DEBUG org.asynchttpclient.netty.request.NettyRequestSender - Using open Channel [id: 0xdffd1267, L:/127.0.0.1:61309 - R:localhost/127.0.0.1:13653] for POST '/session/343760fe1b3b1d209c4a0d88582a27db/elements'
11:36:25.071 [AsyncHttpClient-1-5] DEBUG org.asynchttpclient.netty.handler.HttpHandler - 

Request DefaultHttpRequest(decodeResult: success, version: HTTP/1.1)
POST /session/343760fe1b3b1d209c4a0d88582a27db/elements HTTP/1.1
User-Agent: selenium/4.8.0 (java windows)
Content-Length: 93
Content-Type: application/json; charset=utf-8
host: localhost:13653
accept: */*

Response DefaultHttpResponse(decodeResult: success, version: HTTP/1.1)
HTTP/1.1 200 OK
Content-Length: 1043
Content-Type: application/json; charset=utf-8
cache-control: no-cache

11:36:25.071 [AsyncHttpClient-1-5] DEBUG org.asynchttpclient.netty.channel.ChannelManager - Adding key: http://localhost:13653 for channel [id: 0xdffd1267, L:/127.0.0.1:61309 - R:localhost/127.0.0.1:13653]
11:36:25.073 [Forwarding findElements on session 343760fe1b3b1d209c4a0d88582a27db to remote] DEBUG org.asynchttpclient.netty.request.NettyRequestSender - Using pooled Channel '[id: 0xdffd1267, L:/127.0.0.1:61309 - R:localhost/127.0.0.1:13653]' for 'POST' to 'http://localhost:13653/session/343760fe1b3b1d209c4a0d88582a27db/elements'
11:36:25.073 [Forwarding findElements on session 343760fe1b3b1d209c4a0d88582a27db to remote] DEBUG org.asynchttpclient.netty.request.NettyRequestSender - Using open Channel [id: 0xdffd1267, L:/127.0.0.1:61309 - R:localhost/127.0.0.1:13653] for POST '/session/343760fe1b3b1d209c4a0d88582a27db/elements'
11:36:25.078 [AsyncHttpClient-1-5] DEBUG org.asynchttpclient.netty.handler.HttpHandler - 

Request DefaultHttpRequest(decodeResult: success, version: HTTP/1.1)
POST /session/343760fe1b3b1d209c4a0d88582a27db/elements HTTP/1.1
User-Agent: selenium/4.8.0 (java windows)
Content-Length: 93
Content-Type: application/json; charset=utf-8
host: localhost:13653
accept: */*

Response DefaultHttpResponse(decodeResult: success, version: HTTP/1.1)
HTTP/1.1 200 OK
Content-Length: 1043
Content-Type: application/json; charset=utf-8
cache-control: no-cache

11:36:25.078 [AsyncHttpClient-1-5] DEBUG org.asynchttpclient.netty.channel.ChannelManager - Adding key: http://localhost:13653 for channel [id: 0xdffd1267, L:/127.0.0.1:61309 - R:localhost/127.0.0.1:13653]
11:36:25.079 [Forwarding getElementText on session 343760fe1b3b1d209c4a0d88582a27db to remote] DEBUG org.asynchttpclient.netty.request.NettyRequestSender - Using pooled Channel '[id: 0xdffd1267, L:/127.0.0.1:61309 - R:localhost/127.0.0.1:13653]' for 'GET' to 'http://localhost:13653/session/343760fe1b3b1d209c4a0d88582a27db/element/B5D78317CDC82913058D66A8C952A41F_element_84/text'
11:36:25.079 [Forwarding getElementText on session 343760fe1b3b1d209c4a0d88582a27db to remote] DEBUG org.asynchttpclient.netty.request.NettyRequestSender - Using open Channel [id: 0xdffd1267, L:/127.0.0.1:61309 - R:localhost/127.0.0.1:13653] for GET '/session/343760fe1b3b1d209c4a0d88582a27db/element/B5D78317CDC82913058D66A8C952A41F_element_84/text'
11:36:25.086 [AsyncHttpClient-1-5] DEBUG org.asynchttpclient.netty.handler.HttpHandler - 

Request DefaultFullHttpRequest(decodeResult: success, version: HTTP/1.1, content: EmptyByteBufBE)
GET /session/343760fe1b3b1d209c4a0d88582a27db/element/B5D78317CDC82913058D66A8C952A41F_element_84/text HTTP/1.1
User-Agent: selenium/4.8.0 (java windows)
Cache-Control: no-cache
Content-Type: application/json; charset=utf-8
host: localhost:13653
accept: */*

Response DefaultHttpResponse(decodeResult: success, version: HTTP/1.1)
HTTP/1.1 200 OK
Content-Length: 25
Content-Type: application/json; charset=utf-8
cache-control: no-cache

11:36:25.086 [AsyncHttpClient-1-5] DEBUG org.asynchttpclient.netty.channel.ChannelManager - Adding key: http://localhost:13653 for channel [id: 0xdffd1267, L:/127.0.0.1:61309 - R:localhost/127.0.0.1:13653]
11:36:25.087 [Forwarding findElements on session 343760fe1b3b1d209c4a0d88582a27db to remote] DEBUG org.asynchttpclient.netty.request.NettyRequestSender - Using pooled Channel '[id: 0xdffd1267, L:/127.0.0.1:61309 - R:localhost/127.0.0.1:13653]' for 'POST' to 'http://localhost:13653/session/343760fe1b3b1d209c4a0d88582a27db/elements'
11:36:25.087 [Forwarding findElements on session 343760fe1b3b1d209c4a0d88582a27db to remote] DEBUG org.asynchttpclient.netty.request.NettyRequestSender - Using open Channel [id: 0xdffd1267, L:/127.0.0.1:61309 - R:localhost/127.0.0.1:13653] for POST '/session/343760fe1b3b1d209c4a0d88582a27db/elements'
11:36:25.094 [AsyncHttpClient-1-5] DEBUG org.asynchttpclient.netty.handler.HttpHandler - 

Request DefaultHttpRequest(decodeResult: success, version: HTTP/1.1)
POST /session/343760fe1b3b1d209c4a0d88582a27db/elements HTTP/1.1
User-Agent: selenium/4.8.0 (java windows)
Content-Length: 93
Content-Type: application/json; charset=utf-8
host: localhost:13653
accept: */*

Response DefaultHttpResponse(decodeResult: success, version: HTTP/1.1)
HTTP/1.1 200 OK
Content-Length: 1043
Content-Type: application/json; charset=utf-8
cache-control: no-cache

11:36:25.094 [AsyncHttpClient-1-5] DEBUG org.asynchttpclient.netty.channel.ChannelManager - Adding key: http://localhost:13653 for channel [id: 0xdffd1267, L:/127.0.0.1:61309 - R:localhost/127.0.0.1:13653]
11:36:25.096 [Forwarding findElements on session 343760fe1b3b1d209c4a0d88582a27db to remote] DEBUG org.asynchttpclient.netty.request.NettyRequestSender - Using pooled Channel '[id: 0xdffd1267, L:/127.0.0.1:61309 - R:localhost/127.0.0.1:13653]' for 'POST' to 'http://localhost:13653/session/343760fe1b3b1d209c4a0d88582a27db/elements'
11:36:25.096 [Forwarding findElements on session 343760fe1b3b1d209c4a0d88582a27db to remote] DEBUG org.asynchttpclient.netty.request.NettyRequestSender - Using open Channel [id: 0xdffd1267, L:/127.0.0.1:61309 - R:localhost/127.0.0.1:13653] for POST '/session/343760fe1b3b1d209c4a0d88582a27db/elements'
11:36:25.104 [AsyncHttpClient-1-5] DEBUG org.asynchttpclient.netty.handler.HttpHandler - 

Request DefaultHttpRequest(decodeResult: success, version: HTTP/1.1)
POST /session/343760fe1b3b1d209c4a0d88582a27db/elements HTTP/1.1
User-Agent: selenium/4.8.0 (java windows)
Content-Length: 93
Content-Type: application/json; charset=utf-8
host: localhost:13653
accept: */*

Response DefaultHttpResponse(decodeResult: success, version: HTTP/1.1)
HTTP/1.1 200 OK
Content-Length: 1043
Content-Type: application/json; charset=utf-8
cache-control: no-cache

11:36:25.104 [AsyncHttpClient-1-5] DEBUG org.asynchttpclient.netty.channel.ChannelManager - Adding key: http://localhost:13653 for channel [id: 0xdffd1267, L:/127.0.0.1:61309 - R:localhost/127.0.0.1:13653]
11:36:25.105 [Forwarding getElementText on session 343760fe1b3b1d209c4a0d88582a27db to remote] DEBUG org.asynchttpclient.netty.request.NettyRequestSender - Using pooled Channel '[id: 0xdffd1267, L:/127.0.0.1:61309 - R:localhost/127.0.0.1:13653]' for 'GET' to 'http://localhost:13653/session/343760fe1b3b1d209c4a0d88582a27db/element/B5D78317CDC82913058D66A8C952A41F_element_85/text'
11:36:25.105 [Forwarding getElementText on session 343760fe1b3b1d209c4a0d88582a27db to remote] DEBUG org.asynchttpclient.netty.request.NettyRequestSender - Using open Channel [id: 0xdffd1267, L:/127.0.0.1:61309 - R:localhost/127.0.0.1:13653] for GET '/session/343760fe1b3b1d209c4a0d88582a27db/element/B5D78317CDC82913058D66A8C952A41F_element_85/text'
11:36:25.113 [AsyncHttpClient-1-5] DEBUG org.asynchttpclient.netty.handler.HttpHandler - 

Request DefaultFullHttpRequest(decodeResult: success, version: HTTP/1.1, content: EmptyByteBufBE)
GET /session/343760fe1b3b1d209c4a0d88582a27db/element/B5D78317CDC82913058D66A8C952A41F_element_85/text HTTP/1.1
User-Agent: selenium/4.8.0 (java windows)
Cache-Control: no-cache
Content-Type: application/json; charset=utf-8
host: localhost:13653
accept: */*

Response DefaultHttpResponse(decodeResult: success, version: HTTP/1.1)
HTTP/1.1 200 OK
Content-Length: 17
Content-Type: application/json; charset=utf-8
cache-control: no-cache

11:36:25.113 [AsyncHttpClient-1-5] DEBUG org.asynchttpclient.netty.channel.ChannelManager - Adding key: http://localhost:13653 for channel [id: 0xdffd1267, L:/127.0.0.1:61309 - R:localhost/127.0.0.1:13653]
11:36:25.114 [Forwarding findElements on session 343760fe1b3b1d209c4a0d88582a27db to remote] DEBUG org.asynchttpclient.netty.request.NettyRequestSender - Using pooled Channel '[id: 0xdffd1267, L:/127.0.0.1:61309 - R:localhost/127.0.0.1:13653]' for 'POST' to 'http://localhost:13653/session/343760fe1b3b1d209c4a0d88582a27db/elements'
11:36:25.114 [Forwarding findElements on session 343760fe1b3b1d209c4a0d88582a27db to remote] DEBUG org.asynchttpclient.netty.request.NettyRequestSender - Using open Channel [id: 0xdffd1267, L:/127.0.0.1:61309 - R:localhost/127.0.0.1:13653] for POST '/session/343760fe1b3b1d209c4a0d88582a27db/elements'
11:36:25.121 [AsyncHttpClient-1-5] DEBUG org.asynchttpclient.netty.handler.HttpHandler - 

Request DefaultHttpRequest(decodeResult: success, version: HTTP/1.1)
POST /session/343760fe1b3b1d209c4a0d88582a27db/elements HTTP/1.1
User-Agent: selenium/4.8.0 (java windows)
Content-Length: 93
Content-Type: application/json; charset=utf-8
host: localhost:13653
accept: */*

Response DefaultHttpResponse(decodeResult: success, version: HTTP/1.1)
HTTP/1.1 200 OK
Content-Length: 1043
Content-Type: application/json; charset=utf-8
cache-control: no-cache

11:36:25.121 [AsyncHttpClient-1-5] DEBUG org.asynchttpclient.netty.channel.ChannelManager - Adding key: http://localhost:13653 for channel [id: 0xdffd1267, L:/127.0.0.1:61309 - R:localhost/127.0.0.1:13653]
11:36:25.122 [main] INFO  com.swaglabs.base.SetUp - product details has been stored in excel sheet
11:36:25.130 [main] WARN  org.apache.poi.POIDocument - DocumentSummaryInformation property set came back as null
11:36:25.130 [main] WARN  org.apache.poi.POIDocument - SummaryInformation property set came back as null
11:36:25.143 [Forwarding getAlertText on session 343760fe1b3b1d209c4a0d88582a27db to remote] DEBUG org.asynchttpclient.netty.request.NettyRequestSender - Using pooled Channel '[id: 0xdffd1267, L:/127.0.0.1:61309 - R:localhost/127.0.0.1:13653]' for 'GET' to 'http://localhost:13653/session/343760fe1b3b1d209c4a0d88582a27db/alert/text'
11:36:25.143 [Forwarding getAlertText on session 343760fe1b3b1d209c4a0d88582a27db to remote] DEBUG org.asynchttpclient.netty.request.NettyRequestSender - Using open Channel [id: 0xdffd1267, L:/127.0.0.1:61309 - R:localhost/127.0.0.1:13653] for GET '/session/343760fe1b3b1d209c4a0d88582a27db/alert/text'
11:36:25.145 [AsyncHttpClient-1-5] DEBUG org.asynchttpclient.netty.handler.HttpHandler - 

Request DefaultFullHttpRequest(decodeResult: success, version: HTTP/1.1, content: EmptyByteBufBE)
GET /session/343760fe1b3b1d209c4a0d88582a27db/alert/text HTTP/1.1
User-Agent: selenium/4.8.0 (java windows)
Cache-Control: no-cache
Content-Type: application/json; charset=utf-8
host: localhost:13653
accept: */*

Response DefaultHttpResponse(decodeResult: success, version: HTTP/1.1)
HTTP/1.1 404 Not Found
Content-Length: 1522
Content-Type: application/json; charset=utf-8
cache-control: no-cache

11:36:25.145 [AsyncHttpClient-1-5] DEBUG org.asynchttpclient.netty.channel.ChannelManager - Adding key: http://localhost:13653 for channel [id: 0xdffd1267, L:/127.0.0.1:61309 - R:localhost/127.0.0.1:13653]
11:36:25.145 [Forwarding getCurrentUrl on session 343760fe1b3b1d209c4a0d88582a27db to remote] DEBUG org.asynchttpclient.netty.request.NettyRequestSender - Using pooled Channel '[id: 0xdffd1267, L:/127.0.0.1:61309 - R:localhost/127.0.0.1:13653]' for 'GET' to 'http://localhost:13653/session/343760fe1b3b1d209c4a0d88582a27db/url'
11:36:25.145 [Forwarding getCurrentUrl on session 343760fe1b3b1d209c4a0d88582a27db to remote] DEBUG org.asynchttpclient.netty.request.NettyRequestSender - Using open Channel [id: 0xdffd1267, L:/127.0.0.1:61309 - R:localhost/127.0.0.1:13653] for GET '/session/343760fe1b3b1d209c4a0d88582a27db/url'
11:36:25.149 [AsyncHttpClient-1-5] DEBUG org.asynchttpclient.netty.handler.HttpHandler - 

Request DefaultFullHttpRequest(decodeResult: success, version: HTTP/1.1, content: EmptyByteBufBE)
GET /session/343760fe1b3b1d209c4a0d88582a27db/url HTTP/1.1
User-Agent: selenium/4.8.0 (java windows)
Cache-Control: no-cache
Content-Type: application/json; charset=utf-8
host: localhost:13653
accept: */*

Response DefaultHttpResponse(decodeResult: success, version: HTTP/1.1)
HTTP/1.1 200 OK
Content-Length: 47
Content-Type: application/json; charset=utf-8
cache-control: no-cache

11:36:25.149 [AsyncHttpClient-1-5] DEBUG org.asynchttpclient.netty.channel.ChannelManager - Adding key: http://localhost:13653 for channel [id: 0xdffd1267, L:/127.0.0.1:61309 - R:localhost/127.0.0.1:13653]
11:36:25.149 [Forwarding screenshot on session 343760fe1b3b1d209c4a0d88582a27db to remote] DEBUG org.asynchttpclient.netty.request.NettyRequestSender - Using pooled Channel '[id: 0xdffd1267, L:/127.0.0.1:61309 - R:localhost/127.0.0.1:13653]' for 'GET' to 'http://localhost:13653/session/343760fe1b3b1d209c4a0d88582a27db/screenshot'
11:36:25.149 [Forwarding screenshot on session 343760fe1b3b1d209c4a0d88582a27db to remote] DEBUG org.asynchttpclient.netty.request.NettyRequestSender - Using open Channel [id: 0xdffd1267, L:/127.0.0.1:61309 - R:localhost/127.0.0.1:13653] for GET '/session/343760fe1b3b1d209c4a0d88582a27db/screenshot'
11:36:25.247 [AsyncHttpClient-1-1] DEBUG org.asynchttpclient.netty.channel.DefaultChannelPool - Entry count for : http://localhost:61317 : 1
11:36:25.270 [AsyncHttpClient-1-5] DEBUG org.asynchttpclient.netty.handler.HttpHandler - 

Request DefaultFullHttpRequest(decodeResult: success, version: HTTP/1.1, content: EmptyByteBufBE)
GET /session/343760fe1b3b1d209c4a0d88582a27db/screenshot HTTP/1.1
User-Agent: selenium/4.8.0 (java windows)
Cache-Control: no-cache
Content-Type: application/json; charset=utf-8
host: localhost:13653
accept: */*

Response DefaultHttpResponse(decodeResult: success, version: HTTP/1.1)
HTTP/1.1 200 OK
Content-Length: 104940
Content-Type: application/json; charset=utf-8
cache-control: no-cache

11:36:25.270 [AsyncHttpClient-1-5] DEBUG org.asynchttpclient.netty.channel.ChannelManager - Adding key: http://localhost:13653 for channel [id: 0xdffd1267, L:/127.0.0.1:61309 - R:localhost/127.0.0.1:13653]
11:36:25.273 [main] DEBUG net.serenitybdd.core.photography.Darkroom - Send negative for processing for target\site\serenity\c16041df238e7abf17d85a5a1d6c2309805e7d6e90a399861ad29585290d8ea4.png
11:36:25.273 [main] DEBUG net.thucydides.core.steps.StepInterceptor - STEP DONE: test11_StoreProductInExcel
11:36:25.276 [Forwarding getPageSource on session 343760fe1b3b1d209c4a0d88582a27db to remote] DEBUG org.asynchttpclient.netty.request.NettyRequestSender - Using pooled Channel '[id: 0xdffd1267, L:/127.0.0.1:61309 - R:localhost/127.0.0.1:13653]' for 'POST' to 'http://localhost:13653/session/343760fe1b3b1d209c4a0d88582a27db/execute/sync'
11:36:25.276 [Forwarding getPageSource on session 343760fe1b3b1d209c4a0d88582a27db to remote] DEBUG org.asynchttpclient.netty.request.NettyRequestSender - Using open Channel [id: 0xdffd1267, L:/127.0.0.1:61309 - R:localhost/127.0.0.1:13653] for POST '/session/343760fe1b3b1d209c4a0d88582a27db/execute/sync'
11:36:25.277 [Darkroom Processing Line] DEBUG net.serenitybdd.core.photography.DarkroomProcessingLine - Processing screenshot image in /var/screenshots/screenshot-4114824680912438118
11:36:25.278 [Darkroom Processing Line] DEBUG net.serenitybdd.core.photography.DarkroomProcessingLine - Saving screenshot to target\site\serenity\c16041df238e7abf17d85a5a1d6c2309805e7d6e90a399861ad29585290d8ea4.png
11:36:25.284 [AsyncHttpClient-1-5] DEBUG org.asynchttpclient.netty.handler.HttpHandler - 

Request DefaultHttpRequest(decodeResult: success, version: HTTP/1.1)
POST /session/343760fe1b3b1d209c4a0d88582a27db/execute/sync HTTP/1.1
User-Agent: selenium/4.8.0 (java windows)
Content-Length: 176
Content-Type: application/json; charset=utf-8
host: localhost:13653
accept: */*

Response DefaultHttpResponse(decodeResult: success, version: HTTP/1.1)
HTTP/1.1 200 OK
Content-Length: 14170
Content-Type: application/json; charset=utf-8
cache-control: no-cache

11:36:25.284 [AsyncHttpClient-1-5] DEBUG org.asynchttpclient.netty.channel.ChannelManager - Adding key: http://localhost:13653 for channel [id: 0xdffd1267, L:/127.0.0.1:61309 - R:localhost/127.0.0.1:13653]
11:36:25.287 [Forwarding getCurrentUrl on session 343760fe1b3b1d209c4a0d88582a27db to remote] DEBUG org.asynchttpclient.netty.request.NettyRequestSender - Using pooled Channel '[id: 0xdffd1267, L:/127.0.0.1:61309 - R:localhost/127.0.0.1:13653]' for 'GET' to 'http://localhost:13653/session/343760fe1b3b1d209c4a0d88582a27db/url'
11:36:25.287 [Forwarding getCurrentUrl on session 343760fe1b3b1d209c4a0d88582a27db to remote] DEBUG org.asynchttpclient.netty.request.NettyRequestSender - Using open Channel [id: 0xdffd1267, L:/127.0.0.1:61309 - R:localhost/127.0.0.1:13653] for GET '/session/343760fe1b3b1d209c4a0d88582a27db/url'
11:36:25.313 [AsyncHttpClient-1-5] DEBUG org.asynchttpclient.netty.handler.HttpHandler - 

Request DefaultFullHttpRequest(decodeResult: success, version: HTTP/1.1, content: EmptyByteBufBE)
GET /session/343760fe1b3b1d209c4a0d88582a27db/url HTTP/1.1
User-Agent: selenium/4.8.0 (java windows)
Cache-Control: no-cache
Content-Type: application/json; charset=utf-8
host: localhost:13653
accept: */*

Response DefaultHttpResponse(decodeResult: success, version: HTTP/1.1)
HTTP/1.1 200 OK
Content-Length: 47
Content-Type: application/json; charset=utf-8
cache-control: no-cache

11:36:25.313 [AsyncHttpClient-1-5] DEBUG org.asynchttpclient.netty.channel.ChannelManager - Adding key: http://localhost:13653 for channel [id: 0xdffd1267, L:/127.0.0.1:61309 - R:localhost/127.0.0.1:13653]
11:36:25.323 [main] DEBUG net.thucydides.core.steps.StepInterceptor - STARTING STEP: Tests.testCases - test12_checkoutAndValidateUserInterfaceHeaderAndFooters
11:36:25.326 [Forwarding findElement on session 343760fe1b3b1d209c4a0d88582a27db to remote] DEBUG org.asynchttpclient.netty.request.NettyRequestSender - Using pooled Channel '[id: 0xdffd1267, L:/127.0.0.1:61309 - R:localhost/127.0.0.1:13653]' for 'POST' to 'http://localhost:13653/session/343760fe1b3b1d209c4a0d88582a27db/element'
11:36:25.326 [Forwarding findElement on session 343760fe1b3b1d209c4a0d88582a27db to remote] DEBUG org.asynchttpclient.netty.request.NettyRequestSender - Using open Channel [id: 0xdffd1267, L:/127.0.0.1:61309 - R:localhost/127.0.0.1:13653] for POST '/session/343760fe1b3b1d209c4a0d88582a27db/element'
11:36:25.334 [AsyncHttpClient-1-5] DEBUG org.asynchttpclient.netty.handler.HttpHandler - 

Request DefaultHttpRequest(decodeResult: success, version: HTTP/1.1)
POST /session/343760fe1b3b1d209c4a0d88582a27db/element HTTP/1.1
User-Agent: selenium/4.8.0 (java windows)
Content-Length: 74
Content-Type: application/json; charset=utf-8
host: localhost:13653
accept: */*

Response DefaultHttpResponse(decodeResult: success, version: HTTP/1.1)
HTTP/1.1 200 OK
Content-Length: 95
Content-Type: application/json; charset=utf-8
cache-control: no-cache

11:36:25.334 [AsyncHttpClient-1-5] DEBUG org.asynchttpclient.netty.channel.ChannelManager - Adding key: http://localhost:13653 for channel [id: 0xdffd1267, L:/127.0.0.1:61309 - R:localhost/127.0.0.1:13653]
11:36:25.336 [Forwarding isElementDisplayed on session 343760fe1b3b1d209c4a0d88582a27db to remote] DEBUG org.asynchttpclient.netty.request.NettyRequestSender - Using pooled Channel '[id: 0xdffd1267, L:/127.0.0.1:61309 - R:localhost/127.0.0.1:13653]' for 'POST' to 'http://localhost:13653/session/343760fe1b3b1d209c4a0d88582a27db/execute/sync'
11:36:25.336 [Forwarding isElementDisplayed on session 343760fe1b3b1d209c4a0d88582a27db to remote] DEBUG org.asynchttpclient.netty.request.NettyRequestSender - Using open Channel [id: 0xdffd1267, L:/127.0.0.1:61309 - R:localhost/127.0.0.1:13653] for POST '/session/343760fe1b3b1d209c4a0d88582a27db/execute/sync'
11:36:25.344 [AsyncHttpClient-1-5] DEBUG org.asynchttpclient.netty.handler.HttpHandler - 

Request DefaultHttpRequest(decodeResult: success, version: HTTP/1.1)
POST /session/343760fe1b3b1d209c4a0d88582a27db/execute/sync HTTP/1.1
User-Agent: selenium/4.8.0 (java windows)
Content-Length: 48814
Content-Type: application/json; charset=utf-8
host: localhost:13653
accept: */*

Response DefaultHttpResponse(decodeResult: success, version: HTTP/1.1)
HTTP/1.1 200 OK
Content-Length: 14
Content-Type: application/json; charset=utf-8
cache-control: no-cache

11:36:25.344 [AsyncHttpClient-1-5] DEBUG org.asynchttpclient.netty.channel.ChannelManager - Adding key: http://localhost:13653 for channel [id: 0xdffd1267, L:/127.0.0.1:61309 - R:localhost/127.0.0.1:13653]
11:36:25.346 [Forwarding getElementTagName on session 343760fe1b3b1d209c4a0d88582a27db to remote] DEBUG org.asynchttpclient.netty.request.NettyRequestSender - Using pooled Channel '[id: 0xdffd1267, L:/127.0.0.1:61309 - R:localhost/127.0.0.1:13653]' for 'GET' to 'http://localhost:13653/session/343760fe1b3b1d209c4a0d88582a27db/element/B5D78317CDC82913058D66A8C952A41F_element_86/name'
11:36:25.346 [Forwarding getElementTagName on session 343760fe1b3b1d209c4a0d88582a27db to remote] DEBUG org.asynchttpclient.netty.request.NettyRequestSender - Using open Channel [id: 0xdffd1267, L:/127.0.0.1:61309 - R:localhost/127.0.0.1:13653] for GET '/session/343760fe1b3b1d209c4a0d88582a27db/element/B5D78317CDC82913058D66A8C952A41F_element_86/name'
11:36:25.350 [AsyncHttpClient-1-5] DEBUG org.asynchttpclient.netty.handler.HttpHandler - 

Request DefaultFullHttpRequest(decodeResult: success, version: HTTP/1.1, content: EmptyByteBufBE)
GET /session/343760fe1b3b1d209c4a0d88582a27db/element/B5D78317CDC82913058D66A8C952A41F_element_86/name HTTP/1.1
User-Agent: selenium/4.8.0 (java windows)
Cache-Control: no-cache
Content-Type: application/json; charset=utf-8
host: localhost:13653
accept: */*

Response DefaultHttpResponse(decodeResult: success, version: HTTP/1.1)
HTTP/1.1 200 OK
Content-Length: 18
Content-Type: application/json; charset=utf-8
cache-control: no-cache

11:36:25.350 [AsyncHttpClient-1-5] DEBUG org.asynchttpclient.netty.channel.ChannelManager - Adding key: http://localhost:13653 for channel [id: 0xdffd1267, L:/127.0.0.1:61309 - R:localhost/127.0.0.1:13653]
11:36:25.351 [Forwarding getElementTagName on session 343760fe1b3b1d209c4a0d88582a27db to remote] DEBUG org.asynchttpclient.netty.request.NettyRequestSender - Using pooled Channel '[id: 0xdffd1267, L:/127.0.0.1:61309 - R:localhost/127.0.0.1:13653]' for 'GET' to 'http://localhost:13653/session/343760fe1b3b1d209c4a0d88582a27db/element/B5D78317CDC82913058D66A8C952A41F_element_86/name'
11:36:25.351 [Forwarding getElementTagName on session 343760fe1b3b1d209c4a0d88582a27db to remote] DEBUG org.asynchttpclient.netty.request.NettyRequestSender - Using open Channel [id: 0xdffd1267, L:/127.0.0.1:61309 - R:localhost/127.0.0.1:13653] for GET '/session/343760fe1b3b1d209c4a0d88582a27db/element/B5D78317CDC82913058D66A8C952A41F_element_86/name'
11:36:25.355 [AsyncHttpClient-1-5] DEBUG org.asynchttpclient.netty.handler.HttpHandler - 

Request DefaultFullHttpRequest(decodeResult: success, version: HTTP/1.1, content: EmptyByteBufBE)
GET /session/343760fe1b3b1d209c4a0d88582a27db/element/B5D78317CDC82913058D66A8C952A41F_element_86/name HTTP/1.1
User-Agent: selenium/4.8.0 (java windows)
Cache-Control: no-cache
Content-Type: application/json; charset=utf-8
host: localhost:13653
accept: */*

Response DefaultHttpResponse(decodeResult: success, version: HTTP/1.1)
HTTP/1.1 200 OK
Content-Length: 18
Content-Type: application/json; charset=utf-8
cache-control: no-cache

11:36:25.355 [AsyncHttpClient-1-5] DEBUG org.asynchttpclient.netty.channel.ChannelManager - Adding key: http://localhost:13653 for channel [id: 0xdffd1267, L:/127.0.0.1:61309 - R:localhost/127.0.0.1:13653]
11:36:25.357 [Forwarding isElementEnabled on session 343760fe1b3b1d209c4a0d88582a27db to remote] DEBUG org.asynchttpclient.netty.request.NettyRequestSender - Using pooled Channel '[id: 0xdffd1267, L:/127.0.0.1:61309 - R:localhost/127.0.0.1:13653]' for 'GET' to 'http://localhost:13653/session/343760fe1b3b1d209c4a0d88582a27db/element/B5D78317CDC82913058D66A8C952A41F_element_86/enabled'
11:36:25.357 [Forwarding isElementEnabled on session 343760fe1b3b1d209c4a0d88582a27db to remote] DEBUG org.asynchttpclient.netty.request.NettyRequestSender - Using open Channel [id: 0xdffd1267, L:/127.0.0.1:61309 - R:localhost/127.0.0.1:13653] for GET '/session/343760fe1b3b1d209c4a0d88582a27db/element/B5D78317CDC82913058D66A8C952A41F_element_86/enabled'
11:36:25.363 [AsyncHttpClient-1-5] DEBUG org.asynchttpclient.netty.handler.HttpHandler - 

Request DefaultFullHttpRequest(decodeResult: success, version: HTTP/1.1, content: EmptyByteBufBE)
GET /session/343760fe1b3b1d209c4a0d88582a27db/element/B5D78317CDC82913058D66A8C952A41F_element_86/enabled HTTP/1.1
User-Agent: selenium/4.8.0 (java windows)
Cache-Control: no-cache
Content-Type: application/json; charset=utf-8
host: localhost:13653
accept: */*

Response DefaultHttpResponse(decodeResult: success, version: HTTP/1.1)
HTTP/1.1 200 OK
Content-Length: 14
Content-Type: application/json; charset=utf-8
cache-control: no-cache

11:36:25.363 [AsyncHttpClient-1-5] DEBUG org.asynchttpclient.netty.channel.ChannelManager - Adding key: http://localhost:13653 for channel [id: 0xdffd1267, L:/127.0.0.1:61309 - R:localhost/127.0.0.1:13653]
11:36:25.363 [Forwarding isElementEnabled on session 343760fe1b3b1d209c4a0d88582a27db to remote] DEBUG org.asynchttpclient.netty.request.NettyRequestSender - Using pooled Channel '[id: 0xdffd1267, L:/127.0.0.1:61309 - R:localhost/127.0.0.1:13653]' for 'GET' to 'http://localhost:13653/session/343760fe1b3b1d209c4a0d88582a27db/element/B5D78317CDC82913058D66A8C952A41F_element_86/enabled'
11:36:25.363 [Forwarding isElementEnabled on session 343760fe1b3b1d209c4a0d88582a27db to remote] DEBUG org.asynchttpclient.netty.request.NettyRequestSender - Using open Channel [id: 0xdffd1267, L:/127.0.0.1:61309 - R:localhost/127.0.0.1:13653] for GET '/session/343760fe1b3b1d209c4a0d88582a27db/element/B5D78317CDC82913058D66A8C952A41F_element_86/enabled'
11:36:25.368 [AsyncHttpClient-1-5] DEBUG org.asynchttpclient.netty.handler.HttpHandler - 

Request DefaultFullHttpRequest(decodeResult: success, version: HTTP/1.1, content: EmptyByteBufBE)
GET /session/343760fe1b3b1d209c4a0d88582a27db/element/B5D78317CDC82913058D66A8C952A41F_element_86/enabled HTTP/1.1
User-Agent: selenium/4.8.0 (java windows)
Cache-Control: no-cache
Content-Type: application/json; charset=utf-8
host: localhost:13653
accept: */*

Response DefaultHttpResponse(decodeResult: success, version: HTTP/1.1)
HTTP/1.1 200 OK
Content-Length: 14
Content-Type: application/json; charset=utf-8
cache-control: no-cache

11:36:25.368 [AsyncHttpClient-1-5] DEBUG org.asynchttpclient.netty.channel.ChannelManager - Adding key: http://localhost:13653 for channel [id: 0xdffd1267, L:/127.0.0.1:61309 - R:localhost/127.0.0.1:13653]
11:36:25.369 [Forwarding findElement on session 343760fe1b3b1d209c4a0d88582a27db to remote] DEBUG org.asynchttpclient.netty.request.NettyRequestSender - Using pooled Channel '[id: 0xdffd1267, L:/127.0.0.1:61309 - R:localhost/127.0.0.1:13653]' for 'POST' to 'http://localhost:13653/session/343760fe1b3b1d209c4a0d88582a27db/element'
11:36:25.369 [Forwarding findElement on session 343760fe1b3b1d209c4a0d88582a27db to remote] DEBUG org.asynchttpclient.netty.request.NettyRequestSender - Using open Channel [id: 0xdffd1267, L:/127.0.0.1:61309 - R:localhost/127.0.0.1:13653] for POST '/session/343760fe1b3b1d209c4a0d88582a27db/element'
11:36:25.382 [AsyncHttpClient-1-5] DEBUG org.asynchttpclient.netty.handler.HttpHandler - 

Request DefaultHttpRequest(decodeResult: success, version: HTTP/1.1)
POST /session/343760fe1b3b1d209c4a0d88582a27db/element HTTP/1.1
User-Agent: selenium/4.8.0 (java windows)
Content-Length: 74
Content-Type: application/json; charset=utf-8
host: localhost:13653
accept: */*

Response DefaultHttpResponse(decodeResult: success, version: HTTP/1.1)
HTTP/1.1 200 OK
Content-Length: 95
Content-Type: application/json; charset=utf-8
cache-control: no-cache

11:36:25.382 [AsyncHttpClient-1-5] DEBUG org.asynchttpclient.netty.channel.ChannelManager - Adding key: http://localhost:13653 for channel [id: 0xdffd1267, L:/127.0.0.1:61309 - R:localhost/127.0.0.1:13653]
11:36:25.385 [Forwarding isElementDisplayed on session 343760fe1b3b1d209c4a0d88582a27db to remote] DEBUG org.asynchttpclient.netty.request.NettyRequestSender - Using pooled Channel '[id: 0xdffd1267, L:/127.0.0.1:61309 - R:localhost/127.0.0.1:13653]' for 'POST' to 'http://localhost:13653/session/343760fe1b3b1d209c4a0d88582a27db/execute/sync'
11:36:25.385 [Forwarding isElementDisplayed on session 343760fe1b3b1d209c4a0d88582a27db to remote] DEBUG org.asynchttpclient.netty.request.NettyRequestSender - Using open Channel [id: 0xdffd1267, L:/127.0.0.1:61309 - R:localhost/127.0.0.1:13653] for POST '/session/343760fe1b3b1d209c4a0d88582a27db/execute/sync'
11:36:25.394 [AsyncHttpClient-1-5] DEBUG org.asynchttpclient.netty.handler.HttpHandler - 

Request DefaultHttpRequest(decodeResult: success, version: HTTP/1.1)
POST /session/343760fe1b3b1d209c4a0d88582a27db/execute/sync HTTP/1.1
User-Agent: selenium/4.8.0 (java windows)
Content-Length: 48814
Content-Type: application/json; charset=utf-8
host: localhost:13653
accept: */*

Response DefaultHttpResponse(decodeResult: success, version: HTTP/1.1)
HTTP/1.1 200 OK
Content-Length: 14
Content-Type: application/json; charset=utf-8
cache-control: no-cache

11:36:25.394 [AsyncHttpClient-1-5] DEBUG org.asynchttpclient.netty.channel.ChannelManager - Adding key: http://localhost:13653 for channel [id: 0xdffd1267, L:/127.0.0.1:61309 - R:localhost/127.0.0.1:13653]
11:36:25.395 [Forwarding clickElement on session 343760fe1b3b1d209c4a0d88582a27db to remote] DEBUG org.asynchttpclient.netty.request.NettyRequestSender - Using pooled Channel '[id: 0xdffd1267, L:/127.0.0.1:61309 - R:localhost/127.0.0.1:13653]' for 'POST' to 'http://localhost:13653/session/343760fe1b3b1d209c4a0d88582a27db/element/B5D78317CDC82913058D66A8C952A41F_element_86/click'
11:36:25.395 [Forwarding clickElement on session 343760fe1b3b1d209c4a0d88582a27db to remote] DEBUG org.asynchttpclient.netty.request.NettyRequestSender - Using open Channel [id: 0xdffd1267, L:/127.0.0.1:61309 - R:localhost/127.0.0.1:13653] for POST '/session/343760fe1b3b1d209c4a0d88582a27db/element/B5D78317CDC82913058D66A8C952A41F_element_86/click'
11:36:25.446 [AsyncHttpClient-1-5] DEBUG org.asynchttpclient.netty.handler.HttpHandler - 

Request DefaultHttpRequest(decodeResult: success, version: HTTP/1.1)
POST /session/343760fe1b3b1d209c4a0d88582a27db/element/B5D78317CDC82913058D66A8C952A41F_element_86/click HTTP/1.1
User-Agent: selenium/4.8.0 (java windows)
Content-Length: 57
Content-Type: application/json; charset=utf-8
host: localhost:13653
accept: */*

Response DefaultHttpResponse(decodeResult: success, version: HTTP/1.1)
HTTP/1.1 200 OK
Content-Length: 14
Content-Type: application/json; charset=utf-8
cache-control: no-cache

11:36:25.447 [AsyncHttpClient-1-5] DEBUG org.asynchttpclient.netty.channel.ChannelManager - Adding key: http://localhost:13653 for channel [id: 0xdffd1267, L:/127.0.0.1:61309 - R:localhost/127.0.0.1:13653]
11:36:25.454 [Forwarding findElement on session 343760fe1b3b1d209c4a0d88582a27db to remote] DEBUG org.asynchttpclient.netty.request.NettyRequestSender - Using pooled Channel '[id: 0xdffd1267, L:/127.0.0.1:61309 - R:localhost/127.0.0.1:13653]' for 'POST' to 'http://localhost:13653/session/343760fe1b3b1d209c4a0d88582a27db/element'
11:36:25.454 [Forwarding findElement on session 343760fe1b3b1d209c4a0d88582a27db to remote] DEBUG org.asynchttpclient.netty.request.NettyRequestSender - Using open Channel [id: 0xdffd1267, L:/127.0.0.1:61309 - R:localhost/127.0.0.1:13653] for POST '/session/343760fe1b3b1d209c4a0d88582a27db/element'
11:36:25.468 [AsyncHttpClient-1-5] DEBUG org.asynchttpclient.netty.handler.HttpHandler - 

Request DefaultHttpRequest(decodeResult: success, version: HTTP/1.1)
POST /session/343760fe1b3b1d209c4a0d88582a27db/element HTTP/1.1
User-Agent: selenium/4.8.0 (java windows)
Content-Length: 71
Content-Type: application/json; charset=utf-8
host: localhost:13653
accept: */*

Response DefaultHttpResponse(decodeResult: success, version: HTTP/1.1)
HTTP/1.1 200 OK
Content-Length: 95
Content-Type: application/json; charset=utf-8
cache-control: no-cache

11:36:25.471 [AsyncHttpClient-1-5] DEBUG org.asynchttpclient.netty.channel.ChannelManager - Adding key: http://localhost:13653 for channel [id: 0xdffd1267, L:/127.0.0.1:61309 - R:localhost/127.0.0.1:13653]
11:36:25.474 [Forwarding isElementDisplayed on session 343760fe1b3b1d209c4a0d88582a27db to remote] DEBUG org.asynchttpclient.netty.request.NettyRequestSender - Using pooled Channel '[id: 0xdffd1267, L:/127.0.0.1:61309 - R:localhost/127.0.0.1:13653]' for 'POST' to 'http://localhost:13653/session/343760fe1b3b1d209c4a0d88582a27db/execute/sync'
11:36:25.474 [Forwarding isElementDisplayed on session 343760fe1b3b1d209c4a0d88582a27db to remote] DEBUG org.asynchttpclient.netty.request.NettyRequestSender - Using open Channel [id: 0xdffd1267, L:/127.0.0.1:61309 - R:localhost/127.0.0.1:13653] for POST '/session/343760fe1b3b1d209c4a0d88582a27db/execute/sync'
11:36:25.484 [AsyncHttpClient-1-5] DEBUG org.asynchttpclient.netty.handler.HttpHandler - 

Request DefaultHttpRequest(decodeResult: success, version: HTTP/1.1)
POST /session/343760fe1b3b1d209c4a0d88582a27db/execute/sync HTTP/1.1
User-Agent: selenium/4.8.0 (java windows)
Content-Length: 48814
Content-Type: application/json; charset=utf-8
host: localhost:13653
accept: */*

Response DefaultHttpResponse(decodeResult: success, version: HTTP/1.1)
HTTP/1.1 200 OK
Content-Length: 14
Content-Type: application/json; charset=utf-8
cache-control: no-cache

11:36:25.484 [AsyncHttpClient-1-5] DEBUG org.asynchttpclient.netty.channel.ChannelManager - Adding key: http://localhost:13653 for channel [id: 0xdffd1267, L:/127.0.0.1:61309 - R:localhost/127.0.0.1:13653]
11:36:25.484 [Forwarding getElementText on session 343760fe1b3b1d209c4a0d88582a27db to remote] DEBUG org.asynchttpclient.netty.request.NettyRequestSender - Using pooled Channel '[id: 0xdffd1267, L:/127.0.0.1:61309 - R:localhost/127.0.0.1:13653]' for 'GET' to 'http://localhost:13653/session/343760fe1b3b1d209c4a0d88582a27db/element/B5D78317CDC82913058D66A8C952A41F_element_87/text'
11:36:25.484 [Forwarding getElementText on session 343760fe1b3b1d209c4a0d88582a27db to remote] DEBUG org.asynchttpclient.netty.request.NettyRequestSender - Using open Channel [id: 0xdffd1267, L:/127.0.0.1:61309 - R:localhost/127.0.0.1:13653] for GET '/session/343760fe1b3b1d209c4a0d88582a27db/element/B5D78317CDC82913058D66A8C952A41F_element_87/text'
11:36:25.497 [AsyncHttpClient-1-5] DEBUG org.asynchttpclient.netty.handler.HttpHandler - 

Request DefaultFullHttpRequest(decodeResult: success, version: HTTP/1.1, content: EmptyByteBufBE)
GET /session/343760fe1b3b1d209c4a0d88582a27db/element/B5D78317CDC82913058D66A8C952A41F_element_87/text HTTP/1.1
User-Agent: selenium/4.8.0 (java windows)
Cache-Control: no-cache
Content-Type: application/json; charset=utf-8
host: localhost:13653
accept: */*

Response DefaultHttpResponse(decodeResult: success, version: HTTP/1.1)
HTTP/1.1 200 OK
Content-Length: 21
Content-Type: application/json; charset=utf-8
cache-control: no-cache

11:36:25.497 [AsyncHttpClient-1-5] DEBUG org.asynchttpclient.netty.channel.ChannelManager - Adding key: http://localhost:13653 for channel [id: 0xdffd1267, L:/127.0.0.1:61309 - R:localhost/127.0.0.1:13653]
11:36:25.497 [main] INFO  com.swaglabs.base.SetUp - header validation passed
11:36:25.503 [Forwarding getAlertText on session 343760fe1b3b1d209c4a0d88582a27db to remote] DEBUG org.asynchttpclient.netty.request.NettyRequestSender - Using pooled Channel '[id: 0xdffd1267, L:/127.0.0.1:61309 - R:localhost/127.0.0.1:13653]' for 'GET' to 'http://localhost:13653/session/343760fe1b3b1d209c4a0d88582a27db/alert/text'
11:36:25.503 [Forwarding getAlertText on session 343760fe1b3b1d209c4a0d88582a27db to remote] DEBUG org.asynchttpclient.netty.request.NettyRequestSender - Using open Channel [id: 0xdffd1267, L:/127.0.0.1:61309 - R:localhost/127.0.0.1:13653] for GET '/session/343760fe1b3b1d209c4a0d88582a27db/alert/text'
11:36:25.504 [AsyncHttpClient-1-5] DEBUG org.asynchttpclient.netty.handler.HttpHandler - 

Request DefaultFullHttpRequest(decodeResult: success, version: HTTP/1.1, content: EmptyByteBufBE)
GET /session/343760fe1b3b1d209c4a0d88582a27db/alert/text HTTP/1.1
User-Agent: selenium/4.8.0 (java windows)
Cache-Control: no-cache
Content-Type: application/json; charset=utf-8
host: localhost:13653
accept: */*

Response DefaultHttpResponse(decodeResult: success, version: HTTP/1.1)
HTTP/1.1 404 Not Found
Content-Length: 1522
Content-Type: application/json; charset=utf-8
cache-control: no-cache

11:36:25.505 [AsyncHttpClient-1-5] DEBUG org.asynchttpclient.netty.channel.ChannelManager - Adding key: http://localhost:13653 for channel [id: 0xdffd1267, L:/127.0.0.1:61309 - R:localhost/127.0.0.1:13653]
11:36:25.505 [Forwarding getCurrentUrl on session 343760fe1b3b1d209c4a0d88582a27db to remote] DEBUG org.asynchttpclient.netty.request.NettyRequestSender - Using pooled Channel '[id: 0xdffd1267, L:/127.0.0.1:61309 - R:localhost/127.0.0.1:13653]' for 'GET' to 'http://localhost:13653/session/343760fe1b3b1d209c4a0d88582a27db/url'
11:36:25.505 [Forwarding getCurrentUrl on session 343760fe1b3b1d209c4a0d88582a27db to remote] DEBUG org.asynchttpclient.netty.request.NettyRequestSender - Using open Channel [id: 0xdffd1267, L:/127.0.0.1:61309 - R:localhost/127.0.0.1:13653] for GET '/session/343760fe1b3b1d209c4a0d88582a27db/url'
11:36:25.508 [AsyncHttpClient-1-5] DEBUG org.asynchttpclient.netty.handler.HttpHandler - 

Request DefaultFullHttpRequest(decodeResult: success, version: HTTP/1.1, content: EmptyByteBufBE)
GET /session/343760fe1b3b1d209c4a0d88582a27db/url HTTP/1.1
User-Agent: selenium/4.8.0 (java windows)
Cache-Control: no-cache
Content-Type: application/json; charset=utf-8
host: localhost:13653
accept: */*

Response DefaultHttpResponse(decodeResult: success, version: HTTP/1.1)
HTTP/1.1 200 OK
Content-Length: 60
Content-Type: application/json; charset=utf-8
cache-control: no-cache

11:36:25.508 [AsyncHttpClient-1-5] DEBUG org.asynchttpclient.netty.channel.ChannelManager - Adding key: http://localhost:13653 for channel [id: 0xdffd1267, L:/127.0.0.1:61309 - R:localhost/127.0.0.1:13653]
11:36:25.508 [Forwarding screenshot on session 343760fe1b3b1d209c4a0d88582a27db to remote] DEBUG org.asynchttpclient.netty.request.NettyRequestSender - Using pooled Channel '[id: 0xdffd1267, L:/127.0.0.1:61309 - R:localhost/127.0.0.1:13653]' for 'GET' to 'http://localhost:13653/session/343760fe1b3b1d209c4a0d88582a27db/screenshot'
11:36:25.508 [Forwarding screenshot on session 343760fe1b3b1d209c4a0d88582a27db to remote] DEBUG org.asynchttpclient.netty.request.NettyRequestSender - Using open Channel [id: 0xdffd1267, L:/127.0.0.1:61309 - R:localhost/127.0.0.1:13653] for GET '/session/343760fe1b3b1d209c4a0d88582a27db/screenshot'
11:36:25.627 [AsyncHttpClient-1-5] DEBUG org.asynchttpclient.netty.handler.HttpHandler - 

Request DefaultFullHttpRequest(decodeResult: success, version: HTTP/1.1, content: EmptyByteBufBE)
GET /session/343760fe1b3b1d209c4a0d88582a27db/screenshot HTTP/1.1
User-Agent: selenium/4.8.0 (java windows)
Cache-Control: no-cache
Content-Type: application/json; charset=utf-8
host: localhost:13653
accept: */*

Response DefaultHttpResponse(decodeResult: success, version: HTTP/1.1)
HTTP/1.1 200 OK
Content-Length: 52680
Content-Type: application/json; charset=utf-8
cache-control: no-cache

11:36:25.627 [AsyncHttpClient-1-5] DEBUG org.asynchttpclient.netty.channel.ChannelManager - Adding key: http://localhost:13653 for channel [id: 0xdffd1267, L:/127.0.0.1:61309 - R:localhost/127.0.0.1:13653]
11:36:25.628 [main] DEBUG net.serenitybdd.core.photography.Darkroom - Send negative for processing for target\site\serenity\0fa05831f0182a460f6736751014b455ea20c43240d21b8c3cfcfedfd67e252e.png
11:36:25.630 [Forwarding getPageSource on session 343760fe1b3b1d209c4a0d88582a27db to remote] DEBUG org.asynchttpclient.netty.request.NettyRequestSender - Using pooled Channel '[id: 0xdffd1267, L:/127.0.0.1:61309 - R:localhost/127.0.0.1:13653]' for 'POST' to 'http://localhost:13653/session/343760fe1b3b1d209c4a0d88582a27db/execute/sync'
11:36:25.630 [Forwarding getPageSource on session 343760fe1b3b1d209c4a0d88582a27db to remote] DEBUG org.asynchttpclient.netty.request.NettyRequestSender - Using open Channel [id: 0xdffd1267, L:/127.0.0.1:61309 - R:localhost/127.0.0.1:13653] for POST '/session/343760fe1b3b1d209c4a0d88582a27db/execute/sync'
11:36:25.636 [Darkroom Processing Line] DEBUG net.serenitybdd.core.photography.DarkroomProcessingLine - Processing screenshot image in /var/screenshots/screenshot-1204566463328152624
11:36:25.637 [Darkroom Processing Line] DEBUG net.serenitybdd.core.photography.DarkroomProcessingLine - Saving screenshot to target\site\serenity\0fa05831f0182a460f6736751014b455ea20c43240d21b8c3cfcfedfd67e252e.png
11:36:25.643 [AsyncHttpClient-1-5] DEBUG org.asynchttpclient.netty.handler.HttpHandler - 

Request DefaultHttpRequest(decodeResult: success, version: HTTP/1.1)
POST /session/343760fe1b3b1d209c4a0d88582a27db/execute/sync HTTP/1.1
User-Agent: selenium/4.8.0 (java windows)
Content-Length: 176
Content-Type: application/json; charset=utf-8
host: localhost:13653
accept: */*

Response DefaultHttpResponse(decodeResult: success, version: HTTP/1.1)
HTTP/1.1 200 OK
Content-Length: 12661
Content-Type: application/json; charset=utf-8
cache-control: no-cache

11:36:25.644 [AsyncHttpClient-1-5] DEBUG org.asynchttpclient.netty.channel.ChannelManager - Adding key: http://localhost:13653 for channel [id: 0xdffd1267, L:/127.0.0.1:61309 - R:localhost/127.0.0.1:13653]
11:36:25.646 [Forwarding getCurrentUrl on session 343760fe1b3b1d209c4a0d88582a27db to remote] DEBUG org.asynchttpclient.netty.request.NettyRequestSender - Using pooled Channel '[id: 0xdffd1267, L:/127.0.0.1:61309 - R:localhost/127.0.0.1:13653]' for 'GET' to 'http://localhost:13653/session/343760fe1b3b1d209c4a0d88582a27db/url'
11:36:25.646 [Forwarding getCurrentUrl on session 343760fe1b3b1d209c4a0d88582a27db to remote] DEBUG org.asynchttpclient.netty.request.NettyRequestSender - Using open Channel [id: 0xdffd1267, L:/127.0.0.1:61309 - R:localhost/127.0.0.1:13653] for GET '/session/343760fe1b3b1d209c4a0d88582a27db/url'
11:36:25.654 [AsyncHttpClient-1-5] DEBUG org.asynchttpclient.netty.handler.HttpHandler - 

Request DefaultFullHttpRequest(decodeResult: success, version: HTTP/1.1, content: EmptyByteBufBE)
GET /session/343760fe1b3b1d209c4a0d88582a27db/url HTTP/1.1
User-Agent: selenium/4.8.0 (java windows)
Cache-Control: no-cache
Content-Type: application/json; charset=utf-8
host: localhost:13653
accept: */*

Response DefaultHttpResponse(decodeResult: success, version: HTTP/1.1)
HTTP/1.1 200 OK
Content-Length: 60
Content-Type: application/json; charset=utf-8
cache-control: no-cache

11:36:25.654 [AsyncHttpClient-1-5] DEBUG org.asynchttpclient.netty.channel.ChannelManager - Adding key: http://localhost:13653 for channel [id: 0xdffd1267, L:/127.0.0.1:61309 - R:localhost/127.0.0.1:13653]
11:36:25.669 [Forwarding findElement on session 343760fe1b3b1d209c4a0d88582a27db to remote] DEBUG org.asynchttpclient.netty.request.NettyRequestSender - Using pooled Channel '[id: 0xdffd1267, L:/127.0.0.1:61309 - R:localhost/127.0.0.1:13653]' for 'POST' to 'http://localhost:13653/session/343760fe1b3b1d209c4a0d88582a27db/element'
11:36:25.669 [Forwarding findElement on session 343760fe1b3b1d209c4a0d88582a27db to remote] DEBUG org.asynchttpclient.netty.request.NettyRequestSender - Using open Channel [id: 0xdffd1267, L:/127.0.0.1:61309 - R:localhost/127.0.0.1:13653] for POST '/session/343760fe1b3b1d209c4a0d88582a27db/element'
11:36:25.681 [AsyncHttpClient-1-5] DEBUG org.asynchttpclient.netty.handler.HttpHandler - 

Request DefaultHttpRequest(decodeResult: success, version: HTTP/1.1)
POST /session/343760fe1b3b1d209c4a0d88582a27db/element HTTP/1.1
User-Agent: selenium/4.8.0 (java windows)
Content-Length: 105
Content-Type: application/json; charset=utf-8
host: localhost:13653
accept: */*

Response DefaultHttpResponse(decodeResult: success, version: HTTP/1.1)
HTTP/1.1 200 OK
Content-Length: 95
Content-Type: application/json; charset=utf-8
cache-control: no-cache

11:36:25.681 [AsyncHttpClient-1-5] DEBUG org.asynchttpclient.netty.channel.ChannelManager - Adding key: http://localhost:13653 for channel [id: 0xdffd1267, L:/127.0.0.1:61309 - R:localhost/127.0.0.1:13653]
11:36:25.683 [Forwarding isElementDisplayed on session 343760fe1b3b1d209c4a0d88582a27db to remote] DEBUG org.asynchttpclient.netty.request.NettyRequestSender - Using pooled Channel '[id: 0xdffd1267, L:/127.0.0.1:61309 - R:localhost/127.0.0.1:13653]' for 'POST' to 'http://localhost:13653/session/343760fe1b3b1d209c4a0d88582a27db/execute/sync'
11:36:25.683 [Forwarding isElementDisplayed on session 343760fe1b3b1d209c4a0d88582a27db to remote] DEBUG org.asynchttpclient.netty.request.NettyRequestSender - Using open Channel [id: 0xdffd1267, L:/127.0.0.1:61309 - R:localhost/127.0.0.1:13653] for POST '/session/343760fe1b3b1d209c4a0d88582a27db/execute/sync'
11:36:25.692 [AsyncHttpClient-1-5] DEBUG org.asynchttpclient.netty.handler.HttpHandler - 

Request DefaultHttpRequest(decodeResult: success, version: HTTP/1.1)
POST /session/343760fe1b3b1d209c4a0d88582a27db/execute/sync HTTP/1.1
User-Agent: selenium/4.8.0 (java windows)
Content-Length: 48814
Content-Type: application/json; charset=utf-8
host: localhost:13653
accept: */*

Response DefaultHttpResponse(decodeResult: success, version: HTTP/1.1)
HTTP/1.1 200 OK
Content-Length: 14
Content-Type: application/json; charset=utf-8
cache-control: no-cache

11:36:25.692 [AsyncHttpClient-1-5] DEBUG org.asynchttpclient.netty.channel.ChannelManager - Adding key: http://localhost:13653 for channel [id: 0xdffd1267, L:/127.0.0.1:61309 - R:localhost/127.0.0.1:13653]
11:36:25.693 [Forwarding getElementText on session 343760fe1b3b1d209c4a0d88582a27db to remote] DEBUG org.asynchttpclient.netty.request.NettyRequestSender - Using pooled Channel '[id: 0xdffd1267, L:/127.0.0.1:61309 - R:localhost/127.0.0.1:13653]' for 'GET' to 'http://localhost:13653/session/343760fe1b3b1d209c4a0d88582a27db/element/B5D78317CDC82913058D66A8C952A41F_element_90/text'
11:36:25.693 [Forwarding getElementText on session 343760fe1b3b1d209c4a0d88582a27db to remote] DEBUG org.asynchttpclient.netty.request.NettyRequestSender - Using open Channel [id: 0xdffd1267, L:/127.0.0.1:61309 - R:localhost/127.0.0.1:13653] for GET '/session/343760fe1b3b1d209c4a0d88582a27db/element/B5D78317CDC82913058D66A8C952A41F_element_90/text'
11:36:25.703 [AsyncHttpClient-1-5] DEBUG org.asynchttpclient.netty.handler.HttpHandler - 

Request DefaultFullHttpRequest(decodeResult: success, version: HTTP/1.1, content: EmptyByteBufBE)
GET /session/343760fe1b3b1d209c4a0d88582a27db/element/B5D78317CDC82913058D66A8C952A41F_element_90/text HTTP/1.1
User-Agent: selenium/4.8.0 (java windows)
Cache-Control: no-cache
Content-Type: application/json; charset=utf-8
host: localhost:13653
accept: */*

Response DefaultHttpResponse(decodeResult: success, version: HTTP/1.1)
HTTP/1.1 200 OK
Content-Length: 38
Content-Type: application/json; charset=utf-8
cache-control: no-cache

11:36:25.703 [AsyncHttpClient-1-5] DEBUG org.asynchttpclient.netty.channel.ChannelManager - Adding key: http://localhost:13653 for channel [id: 0xdffd1267, L:/127.0.0.1:61309 - R:localhost/127.0.0.1:13653]
secondary header vallidation passed
11:36:25.705 [Forwarding findElement on session 343760fe1b3b1d209c4a0d88582a27db to remote] DEBUG org.asynchttpclient.netty.request.NettyRequestSender - Using pooled Channel '[id: 0xdffd1267, L:/127.0.0.1:61309 - R:localhost/127.0.0.1:13653]' for 'POST' to 'http://localhost:13653/session/343760fe1b3b1d209c4a0d88582a27db/element'
11:36:25.705 [Forwarding findElement on session 343760fe1b3b1d209c4a0d88582a27db to remote] DEBUG org.asynchttpclient.netty.request.NettyRequestSender - Using open Channel [id: 0xdffd1267, L:/127.0.0.1:61309 - R:localhost/127.0.0.1:13653] for POST '/session/343760fe1b3b1d209c4a0d88582a27db/element'
11:36:25.714 [AsyncHttpClient-1-5] DEBUG org.asynchttpclient.netty.handler.HttpHandler - 

Request DefaultHttpRequest(decodeResult: success, version: HTTP/1.1)
POST /session/343760fe1b3b1d209c4a0d88582a27db/element HTTP/1.1
User-Agent: selenium/4.8.0 (java windows)
Content-Length: 86
Content-Type: application/json; charset=utf-8
host: localhost:13653
accept: */*

Response DefaultHttpResponse(decodeResult: success, version: HTTP/1.1)
HTTP/1.1 200 OK
Content-Length: 95
Content-Type: application/json; charset=utf-8
cache-control: no-cache

11:36:25.714 [AsyncHttpClient-1-5] DEBUG org.asynchttpclient.netty.channel.ChannelManager - Adding key: http://localhost:13653 for channel [id: 0xdffd1267, L:/127.0.0.1:61309 - R:localhost/127.0.0.1:13653]
11:36:25.717 [Forwarding isElementDisplayed on session 343760fe1b3b1d209c4a0d88582a27db to remote] DEBUG org.asynchttpclient.netty.request.NettyRequestSender - Using pooled Channel '[id: 0xdffd1267, L:/127.0.0.1:61309 - R:localhost/127.0.0.1:13653]' for 'POST' to 'http://localhost:13653/session/343760fe1b3b1d209c4a0d88582a27db/execute/sync'
11:36:25.717 [Forwarding isElementDisplayed on session 343760fe1b3b1d209c4a0d88582a27db to remote] DEBUG org.asynchttpclient.netty.request.NettyRequestSender - Using open Channel [id: 0xdffd1267, L:/127.0.0.1:61309 - R:localhost/127.0.0.1:13653] for POST '/session/343760fe1b3b1d209c4a0d88582a27db/execute/sync'
11:36:25.726 [AsyncHttpClient-1-5] DEBUG org.asynchttpclient.netty.handler.HttpHandler - 

Request DefaultHttpRequest(decodeResult: success, version: HTTP/1.1)
POST /session/343760fe1b3b1d209c4a0d88582a27db/execute/sync HTTP/1.1
User-Agent: selenium/4.8.0 (java windows)
Content-Length: 48814
Content-Type: application/json; charset=utf-8
host: localhost:13653
accept: */*

Response DefaultHttpResponse(decodeResult: success, version: HTTP/1.1)
HTTP/1.1 200 OK
Content-Length: 14
Content-Type: application/json; charset=utf-8
cache-control: no-cache

11:36:25.726 [AsyncHttpClient-1-5] DEBUG org.asynchttpclient.netty.channel.ChannelManager - Adding key: http://localhost:13653 for channel [id: 0xdffd1267, L:/127.0.0.1:61309 - R:localhost/127.0.0.1:13653]
11:36:25.728 [Forwarding isElementDisplayed on session 343760fe1b3b1d209c4a0d88582a27db to remote] DEBUG org.asynchttpclient.netty.request.NettyRequestSender - Using pooled Channel '[id: 0xdffd1267, L:/127.0.0.1:61309 - R:localhost/127.0.0.1:13653]' for 'POST' to 'http://localhost:13653/session/343760fe1b3b1d209c4a0d88582a27db/execute/sync'
11:36:25.728 [Forwarding isElementDisplayed on session 343760fe1b3b1d209c4a0d88582a27db to remote] DEBUG org.asynchttpclient.netty.request.NettyRequestSender - Using open Channel [id: 0xdffd1267, L:/127.0.0.1:61309 - R:localhost/127.0.0.1:13653] for POST '/session/343760fe1b3b1d209c4a0d88582a27db/execute/sync'
11:36:25.735 [AsyncHttpClient-1-5] DEBUG org.asynchttpclient.netty.handler.HttpHandler - 

Request DefaultHttpRequest(decodeResult: success, version: HTTP/1.1)
POST /session/343760fe1b3b1d209c4a0d88582a27db/execute/sync HTTP/1.1
User-Agent: selenium/4.8.0 (java windows)
Content-Length: 48814
Content-Type: application/json; charset=utf-8
host: localhost:13653
accept: */*

Response DefaultHttpResponse(decodeResult: success, version: HTTP/1.1)
HTTP/1.1 200 OK
Content-Length: 14
Content-Type: application/json; charset=utf-8
cache-control: no-cache

11:36:25.736 [AsyncHttpClient-1-5] DEBUG org.asynchttpclient.netty.channel.ChannelManager - Adding key: http://localhost:13653 for channel [id: 0xdffd1267, L:/127.0.0.1:61309 - R:localhost/127.0.0.1:13653]
11:36:25.736 [main] INFO  com.swaglabs.base.SetUp - shopping cart validation passed
11:36:25.740 [Forwarding findElement on session 343760fe1b3b1d209c4a0d88582a27db to remote] DEBUG org.asynchttpclient.netty.request.NettyRequestSender - Using pooled Channel '[id: 0xdffd1267, L:/127.0.0.1:61309 - R:localhost/127.0.0.1:13653]' for 'POST' to 'http://localhost:13653/session/343760fe1b3b1d209c4a0d88582a27db/element'
11:36:25.740 [Forwarding findElement on session 343760fe1b3b1d209c4a0d88582a27db to remote] DEBUG org.asynchttpclient.netty.request.NettyRequestSender - Using open Channel [id: 0xdffd1267, L:/127.0.0.1:61309 - R:localhost/127.0.0.1:13653] for POST '/session/343760fe1b3b1d209c4a0d88582a27db/element'
11:36:25.748 [AsyncHttpClient-1-5] DEBUG org.asynchttpclient.netty.handler.HttpHandler - 

Request DefaultHttpRequest(decodeResult: success, version: HTTP/1.1)
POST /session/343760fe1b3b1d209c4a0d88582a27db/element HTTP/1.1
User-Agent: selenium/4.8.0 (java windows)
Content-Length: 81
Content-Type: application/json; charset=utf-8
host: localhost:13653
accept: */*

Response DefaultHttpResponse(decodeResult: success, version: HTTP/1.1)
HTTP/1.1 200 OK
Content-Length: 95
Content-Type: application/json; charset=utf-8
cache-control: no-cache

11:36:25.748 [AsyncHttpClient-1-5] DEBUG org.asynchttpclient.netty.channel.ChannelManager - Adding key: http://localhost:13653 for channel [id: 0xdffd1267, L:/127.0.0.1:61309 - R:localhost/127.0.0.1:13653]
11:36:25.750 [Forwarding isElementDisplayed on session 343760fe1b3b1d209c4a0d88582a27db to remote] DEBUG org.asynchttpclient.netty.request.NettyRequestSender - Using pooled Channel '[id: 0xdffd1267, L:/127.0.0.1:61309 - R:localhost/127.0.0.1:13653]' for 'POST' to 'http://localhost:13653/session/343760fe1b3b1d209c4a0d88582a27db/execute/sync'
11:36:25.750 [Forwarding isElementDisplayed on session 343760fe1b3b1d209c4a0d88582a27db to remote] DEBUG org.asynchttpclient.netty.request.NettyRequestSender - Using open Channel [id: 0xdffd1267, L:/127.0.0.1:61309 - R:localhost/127.0.0.1:13653] for POST '/session/343760fe1b3b1d209c4a0d88582a27db/execute/sync'
11:36:25.757 [AsyncHttpClient-1-5] DEBUG org.asynchttpclient.netty.handler.HttpHandler - 

Request DefaultHttpRequest(decodeResult: success, version: HTTP/1.1)
POST /session/343760fe1b3b1d209c4a0d88582a27db/execute/sync HTTP/1.1
User-Agent: selenium/4.8.0 (java windows)
Content-Length: 48814
Content-Type: application/json; charset=utf-8
host: localhost:13653
accept: */*

Response DefaultHttpResponse(decodeResult: success, version: HTTP/1.1)
HTTP/1.1 200 OK
Content-Length: 14
Content-Type: application/json; charset=utf-8
cache-control: no-cache

11:36:25.757 [AsyncHttpClient-1-5] DEBUG org.asynchttpclient.netty.channel.ChannelManager - Adding key: http://localhost:13653 for channel [id: 0xdffd1267, L:/127.0.0.1:61309 - R:localhost/127.0.0.1:13653]
11:36:25.757 [Forwarding getElementText on session 343760fe1b3b1d209c4a0d88582a27db to remote] DEBUG org.asynchttpclient.netty.request.NettyRequestSender - Using pooled Channel '[id: 0xdffd1267, L:/127.0.0.1:61309 - R:localhost/127.0.0.1:13653]' for 'GET' to 'http://localhost:13653/session/343760fe1b3b1d209c4a0d88582a27db/element/B5D78317CDC82913058D66A8C952A41F_element_88/text'
11:36:25.757 [Forwarding getElementText on session 343760fe1b3b1d209c4a0d88582a27db to remote] DEBUG org.asynchttpclient.netty.request.NettyRequestSender - Using open Channel [id: 0xdffd1267, L:/127.0.0.1:61309 - R:localhost/127.0.0.1:13653] for GET '/session/343760fe1b3b1d209c4a0d88582a27db/element/B5D78317CDC82913058D66A8C952A41F_element_88/text'
11:36:25.765 [AsyncHttpClient-1-5] DEBUG org.asynchttpclient.netty.handler.HttpHandler - 

Request DefaultFullHttpRequest(decodeResult: success, version: HTTP/1.1, content: EmptyByteBufBE)
GET /session/343760fe1b3b1d209c4a0d88582a27db/element/B5D78317CDC82913058D66A8C952A41F_element_88/text HTTP/1.1
User-Agent: selenium/4.8.0 (java windows)
Cache-Control: no-cache
Content-Type: application/json; charset=utf-8
host: localhost:13653
accept: */*

Response DefaultHttpResponse(decodeResult: success, version: HTTP/1.1)
HTTP/1.1 200 OK
Content-Length: 12
Content-Type: application/json; charset=utf-8
cache-control: no-cache

11:36:25.765 [AsyncHttpClient-1-5] DEBUG org.asynchttpclient.netty.channel.ChannelManager - Adding key: http://localhost:13653 for channel [id: 0xdffd1267, L:/127.0.0.1:61309 - R:localhost/127.0.0.1:13653]
firstname validation failed
11:36:25.767 [Forwarding findElement on session 343760fe1b3b1d209c4a0d88582a27db to remote] DEBUG org.asynchttpclient.netty.request.NettyRequestSender - Using pooled Channel '[id: 0xdffd1267, L:/127.0.0.1:61309 - R:localhost/127.0.0.1:13653]' for 'POST' to 'http://localhost:13653/session/343760fe1b3b1d209c4a0d88582a27db/element'
11:36:25.767 [Forwarding findElement on session 343760fe1b3b1d209c4a0d88582a27db to remote] DEBUG org.asynchttpclient.netty.request.NettyRequestSender - Using open Channel [id: 0xdffd1267, L:/127.0.0.1:61309 - R:localhost/127.0.0.1:13653] for POST '/session/343760fe1b3b1d209c4a0d88582a27db/element'
11:36:25.777 [AsyncHttpClient-1-5] DEBUG org.asynchttpclient.netty.handler.HttpHandler - 

Request DefaultHttpRequest(decodeResult: success, version: HTTP/1.1)
POST /session/343760fe1b3b1d209c4a0d88582a27db/element HTTP/1.1
User-Agent: selenium/4.8.0 (java windows)
Content-Length: 80
Content-Type: application/json; charset=utf-8
host: localhost:13653
accept: */*

Response DefaultHttpResponse(decodeResult: success, version: HTTP/1.1)
HTTP/1.1 200 OK
Content-Length: 95
Content-Type: application/json; charset=utf-8
cache-control: no-cache

11:36:25.777 [AsyncHttpClient-1-5] DEBUG org.asynchttpclient.netty.channel.ChannelManager - Adding key: http://localhost:13653 for channel [id: 0xdffd1267, L:/127.0.0.1:61309 - R:localhost/127.0.0.1:13653]
11:36:25.779 [Forwarding isElementDisplayed on session 343760fe1b3b1d209c4a0d88582a27db to remote] DEBUG org.asynchttpclient.netty.request.NettyRequestSender - Using pooled Channel '[id: 0xdffd1267, L:/127.0.0.1:61309 - R:localhost/127.0.0.1:13653]' for 'POST' to 'http://localhost:13653/session/343760fe1b3b1d209c4a0d88582a27db/execute/sync'
11:36:25.779 [Forwarding isElementDisplayed on session 343760fe1b3b1d209c4a0d88582a27db to remote] DEBUG org.asynchttpclient.netty.request.NettyRequestSender - Using open Channel [id: 0xdffd1267, L:/127.0.0.1:61309 - R:localhost/127.0.0.1:13653] for POST '/session/343760fe1b3b1d209c4a0d88582a27db/execute/sync'
11:36:25.786 [AsyncHttpClient-1-5] DEBUG org.asynchttpclient.netty.handler.HttpHandler - 

Request DefaultHttpRequest(decodeResult: success, version: HTTP/1.1)
POST /session/343760fe1b3b1d209c4a0d88582a27db/execute/sync HTTP/1.1
User-Agent: selenium/4.8.0 (java windows)
Content-Length: 48814
Content-Type: application/json; charset=utf-8
host: localhost:13653
accept: */*

Response DefaultHttpResponse(decodeResult: success, version: HTTP/1.1)
HTTP/1.1 200 OK
Content-Length: 14
Content-Type: application/json; charset=utf-8
cache-control: no-cache

11:36:25.786 [AsyncHttpClient-1-5] DEBUG org.asynchttpclient.netty.channel.ChannelManager - Adding key: http://localhost:13653 for channel [id: 0xdffd1267, L:/127.0.0.1:61309 - R:localhost/127.0.0.1:13653]
11:36:25.786 [Forwarding getElementText on session 343760fe1b3b1d209c4a0d88582a27db to remote] DEBUG org.asynchttpclient.netty.request.NettyRequestSender - Using pooled Channel '[id: 0xdffd1267, L:/127.0.0.1:61309 - R:localhost/127.0.0.1:13653]' for 'GET' to 'http://localhost:13653/session/343760fe1b3b1d209c4a0d88582a27db/element/B5D78317CDC82913058D66A8C952A41F_element_93/text'
11:36:25.786 [Forwarding getElementText on session 343760fe1b3b1d209c4a0d88582a27db to remote] DEBUG org.asynchttpclient.netty.request.NettyRequestSender - Using open Channel [id: 0xdffd1267, L:/127.0.0.1:61309 - R:localhost/127.0.0.1:13653] for GET '/session/343760fe1b3b1d209c4a0d88582a27db/element/B5D78317CDC82913058D66A8C952A41F_element_93/text'
11:36:25.794 [AsyncHttpClient-1-5] DEBUG org.asynchttpclient.netty.handler.HttpHandler - 

Request DefaultFullHttpRequest(decodeResult: success, version: HTTP/1.1, content: EmptyByteBufBE)
GET /session/343760fe1b3b1d209c4a0d88582a27db/element/B5D78317CDC82913058D66A8C952A41F_element_93/text HTTP/1.1
User-Agent: selenium/4.8.0 (java windows)
Cache-Control: no-cache
Content-Type: application/json; charset=utf-8
host: localhost:13653
accept: */*

Response DefaultHttpResponse(decodeResult: success, version: HTTP/1.1)
HTTP/1.1 200 OK
Content-Length: 12
Content-Type: application/json; charset=utf-8
cache-control: no-cache

11:36:25.794 [AsyncHttpClient-1-5] DEBUG org.asynchttpclient.netty.channel.ChannelManager - Adding key: http://localhost:13653 for channel [id: 0xdffd1267, L:/127.0.0.1:61309 - R:localhost/127.0.0.1:13653]
lastname validation failed
11:36:25.795 [Forwarding findElement on session 343760fe1b3b1d209c4a0d88582a27db to remote] DEBUG org.asynchttpclient.netty.request.NettyRequestSender - Using pooled Channel '[id: 0xdffd1267, L:/127.0.0.1:61309 - R:localhost/127.0.0.1:13653]' for 'POST' to 'http://localhost:13653/session/343760fe1b3b1d209c4a0d88582a27db/element'
11:36:25.795 [Forwarding findElement on session 343760fe1b3b1d209c4a0d88582a27db to remote] DEBUG org.asynchttpclient.netty.request.NettyRequestSender - Using open Channel [id: 0xdffd1267, L:/127.0.0.1:61309 - R:localhost/127.0.0.1:13653] for POST '/session/343760fe1b3b1d209c4a0d88582a27db/element'
11:36:25.804 [AsyncHttpClient-1-5] DEBUG org.asynchttpclient.netty.handler.HttpHandler - 

Request DefaultHttpRequest(decodeResult: success, version: HTTP/1.1)
POST /session/343760fe1b3b1d209c4a0d88582a27db/element HTTP/1.1
User-Agent: selenium/4.8.0 (java windows)
Content-Length: 91
Content-Type: application/json; charset=utf-8
host: localhost:13653
accept: */*

Response DefaultHttpResponse(decodeResult: success, version: HTTP/1.1)
HTTP/1.1 200 OK
Content-Length: 95
Content-Type: application/json; charset=utf-8
cache-control: no-cache

11:36:25.804 [AsyncHttpClient-1-5] DEBUG org.asynchttpclient.netty.channel.ChannelManager - Adding key: http://localhost:13653 for channel [id: 0xdffd1267, L:/127.0.0.1:61309 - R:localhost/127.0.0.1:13653]
11:36:25.806 [Forwarding isElementDisplayed on session 343760fe1b3b1d209c4a0d88582a27db to remote] DEBUG org.asynchttpclient.netty.request.NettyRequestSender - Using pooled Channel '[id: 0xdffd1267, L:/127.0.0.1:61309 - R:localhost/127.0.0.1:13653]' for 'POST' to 'http://localhost:13653/session/343760fe1b3b1d209c4a0d88582a27db/execute/sync'
11:36:25.806 [Forwarding isElementDisplayed on session 343760fe1b3b1d209c4a0d88582a27db to remote] DEBUG org.asynchttpclient.netty.request.NettyRequestSender - Using open Channel [id: 0xdffd1267, L:/127.0.0.1:61309 - R:localhost/127.0.0.1:13653] for POST '/session/343760fe1b3b1d209c4a0d88582a27db/execute/sync'
11:36:25.813 [AsyncHttpClient-1-5] DEBUG org.asynchttpclient.netty.handler.HttpHandler - 

Request DefaultHttpRequest(decodeResult: success, version: HTTP/1.1)
POST /session/343760fe1b3b1d209c4a0d88582a27db/execute/sync HTTP/1.1
User-Agent: selenium/4.8.0 (java windows)
Content-Length: 48814
Content-Type: application/json; charset=utf-8
host: localhost:13653
accept: */*

Response DefaultHttpResponse(decodeResult: success, version: HTTP/1.1)
HTTP/1.1 200 OK
Content-Length: 14
Content-Type: application/json; charset=utf-8
cache-control: no-cache

11:36:25.813 [AsyncHttpClient-1-5] DEBUG org.asynchttpclient.netty.channel.ChannelManager - Adding key: http://localhost:13653 for channel [id: 0xdffd1267, L:/127.0.0.1:61309 - R:localhost/127.0.0.1:13653]
11:36:25.815 [Forwarding isElementDisplayed on session 343760fe1b3b1d209c4a0d88582a27db to remote] DEBUG org.asynchttpclient.netty.request.NettyRequestSender - Using pooled Channel '[id: 0xdffd1267, L:/127.0.0.1:61309 - R:localhost/127.0.0.1:13653]' for 'POST' to 'http://localhost:13653/session/343760fe1b3b1d209c4a0d88582a27db/execute/sync'
11:36:25.815 [Forwarding isElementDisplayed on session 343760fe1b3b1d209c4a0d88582a27db to remote] DEBUG org.asynchttpclient.netty.request.NettyRequestSender - Using open Channel [id: 0xdffd1267, L:/127.0.0.1:61309 - R:localhost/127.0.0.1:13653] for POST '/session/343760fe1b3b1d209c4a0d88582a27db/execute/sync'
11:36:25.822 [AsyncHttpClient-1-5] DEBUG org.asynchttpclient.netty.handler.HttpHandler - 

Request DefaultHttpRequest(decodeResult: success, version: HTTP/1.1)
POST /session/343760fe1b3b1d209c4a0d88582a27db/execute/sync HTTP/1.1
User-Agent: selenium/4.8.0 (java windows)
Content-Length: 48814
Content-Type: application/json; charset=utf-8
host: localhost:13653
accept: */*

Response DefaultHttpResponse(decodeResult: success, version: HTTP/1.1)
HTTP/1.1 200 OK
Content-Length: 14
Content-Type: application/json; charset=utf-8
cache-control: no-cache

11:36:25.822 [AsyncHttpClient-1-5] DEBUG org.asynchttpclient.netty.channel.ChannelManager - Adding key: http://localhost:13653 for channel [id: 0xdffd1267, L:/127.0.0.1:61309 - R:localhost/127.0.0.1:13653]
11:36:25.822 [main] INFO  com.swaglabs.base.SetUp - zip button verification passed
11:36:25.826 [Forwarding findElement on session 343760fe1b3b1d209c4a0d88582a27db to remote] DEBUG org.asynchttpclient.netty.request.NettyRequestSender - Using pooled Channel '[id: 0xdffd1267, L:/127.0.0.1:61309 - R:localhost/127.0.0.1:13653]' for 'POST' to 'http://localhost:13653/session/343760fe1b3b1d209c4a0d88582a27db/element'
11:36:25.826 [Forwarding findElement on session 343760fe1b3b1d209c4a0d88582a27db to remote] DEBUG org.asynchttpclient.netty.request.NettyRequestSender - Using open Channel [id: 0xdffd1267, L:/127.0.0.1:61309 - R:localhost/127.0.0.1:13653] for POST '/session/343760fe1b3b1d209c4a0d88582a27db/element'
11:36:25.836 [AsyncHttpClient-1-5] DEBUG org.asynchttpclient.netty.handler.HttpHandler - 

Request DefaultHttpRequest(decodeResult: success, version: HTTP/1.1)
POST /session/343760fe1b3b1d209c4a0d88582a27db/element HTTP/1.1
User-Agent: selenium/4.8.0 (java windows)
Content-Length: 69
Content-Type: application/json; charset=utf-8
host: localhost:13653
accept: */*

Response DefaultHttpResponse(decodeResult: success, version: HTTP/1.1)
HTTP/1.1 200 OK
Content-Length: 95
Content-Type: application/json; charset=utf-8
cache-control: no-cache

11:36:25.836 [AsyncHttpClient-1-5] DEBUG org.asynchttpclient.netty.channel.ChannelManager - Adding key: http://localhost:13653 for channel [id: 0xdffd1267, L:/127.0.0.1:61309 - R:localhost/127.0.0.1:13653]
11:36:25.839 [Forwarding isElementDisplayed on session 343760fe1b3b1d209c4a0d88582a27db to remote] DEBUG org.asynchttpclient.netty.request.NettyRequestSender - Using pooled Channel '[id: 0xdffd1267, L:/127.0.0.1:61309 - R:localhost/127.0.0.1:13653]' for 'POST' to 'http://localhost:13653/session/343760fe1b3b1d209c4a0d88582a27db/execute/sync'
11:36:25.839 [Forwarding isElementDisplayed on session 343760fe1b3b1d209c4a0d88582a27db to remote] DEBUG org.asynchttpclient.netty.request.NettyRequestSender - Using open Channel [id: 0xdffd1267, L:/127.0.0.1:61309 - R:localhost/127.0.0.1:13653] for POST '/session/343760fe1b3b1d209c4a0d88582a27db/execute/sync'
11:36:25.852 [AsyncHttpClient-1-5] DEBUG org.asynchttpclient.netty.handler.HttpHandler - 

Request DefaultHttpRequest(decodeResult: success, version: HTTP/1.1)
POST /session/343760fe1b3b1d209c4a0d88582a27db/execute/sync HTTP/1.1
User-Agent: selenium/4.8.0 (java windows)
Content-Length: 48814
Content-Type: application/json; charset=utf-8
host: localhost:13653
accept: */*

Response DefaultHttpResponse(decodeResult: success, version: HTTP/1.1)
HTTP/1.1 200 OK
Content-Length: 14
Content-Type: application/json; charset=utf-8
cache-control: no-cache

11:36:25.852 [AsyncHttpClient-1-5] DEBUG org.asynchttpclient.netty.channel.ChannelManager - Adding key: http://localhost:13653 for channel [id: 0xdffd1267, L:/127.0.0.1:61309 - R:localhost/127.0.0.1:13653]
11:36:25.854 [Forwarding isElementDisplayed on session 343760fe1b3b1d209c4a0d88582a27db to remote] DEBUG org.asynchttpclient.netty.request.NettyRequestSender - Using pooled Channel '[id: 0xdffd1267, L:/127.0.0.1:61309 - R:localhost/127.0.0.1:13653]' for 'POST' to 'http://localhost:13653/session/343760fe1b3b1d209c4a0d88582a27db/execute/sync'
11:36:25.854 [Forwarding isElementDisplayed on session 343760fe1b3b1d209c4a0d88582a27db to remote] DEBUG org.asynchttpclient.netty.request.NettyRequestSender - Using open Channel [id: 0xdffd1267, L:/127.0.0.1:61309 - R:localhost/127.0.0.1:13653] for POST '/session/343760fe1b3b1d209c4a0d88582a27db/execute/sync'
11:36:25.865 [AsyncHttpClient-1-5] DEBUG org.asynchttpclient.netty.handler.HttpHandler - 

Request DefaultHttpRequest(decodeResult: success, version: HTTP/1.1)
POST /session/343760fe1b3b1d209c4a0d88582a27db/execute/sync HTTP/1.1
User-Agent: selenium/4.8.0 (java windows)
Content-Length: 48814
Content-Type: application/json; charset=utf-8
host: localhost:13653
accept: */*

Response DefaultHttpResponse(decodeResult: success, version: HTTP/1.1)
HTTP/1.1 200 OK
Content-Length: 14
Content-Type: application/json; charset=utf-8
cache-control: no-cache

11:36:25.865 [AsyncHttpClient-1-5] DEBUG org.asynchttpclient.netty.channel.ChannelManager - Adding key: http://localhost:13653 for channel [id: 0xdffd1267, L:/127.0.0.1:61309 - R:localhost/127.0.0.1:13653]
11:36:25.865 [main] INFO  com.swaglabs.base.SetUp - cancel button verification passed
11:36:25.868 [Forwarding findElement on session 343760fe1b3b1d209c4a0d88582a27db to remote] DEBUG org.asynchttpclient.netty.request.NettyRequestSender - Using pooled Channel '[id: 0xdffd1267, L:/127.0.0.1:61309 - R:localhost/127.0.0.1:13653]' for 'POST' to 'http://localhost:13653/session/343760fe1b3b1d209c4a0d88582a27db/element'
11:36:25.868 [Forwarding findElement on session 343760fe1b3b1d209c4a0d88582a27db to remote] DEBUG org.asynchttpclient.netty.request.NettyRequestSender - Using open Channel [id: 0xdffd1267, L:/127.0.0.1:61309 - R:localhost/127.0.0.1:13653] for POST '/session/343760fe1b3b1d209c4a0d88582a27db/element'
11:36:25.878 [AsyncHttpClient-1-5] DEBUG org.asynchttpclient.netty.handler.HttpHandler - 

Request DefaultHttpRequest(decodeResult: success, version: HTTP/1.1)
POST /session/343760fe1b3b1d209c4a0d88582a27db/element HTTP/1.1
User-Agent: selenium/4.8.0 (java windows)
Content-Length: 70
Content-Type: application/json; charset=utf-8
host: localhost:13653
accept: */*

Response DefaultHttpResponse(decodeResult: success, version: HTTP/1.1)
HTTP/1.1 200 OK
Content-Length: 95
Content-Type: application/json; charset=utf-8
cache-control: no-cache

11:36:25.878 [AsyncHttpClient-1-5] DEBUG org.asynchttpclient.netty.channel.ChannelManager - Adding key: http://localhost:13653 for channel [id: 0xdffd1267, L:/127.0.0.1:61309 - R:localhost/127.0.0.1:13653]
11:36:25.880 [Forwarding isElementDisplayed on session 343760fe1b3b1d209c4a0d88582a27db to remote] DEBUG org.asynchttpclient.netty.request.NettyRequestSender - Using pooled Channel '[id: 0xdffd1267, L:/127.0.0.1:61309 - R:localhost/127.0.0.1:13653]' for 'POST' to 'http://localhost:13653/session/343760fe1b3b1d209c4a0d88582a27db/execute/sync'
11:36:25.880 [Forwarding isElementDisplayed on session 343760fe1b3b1d209c4a0d88582a27db to remote] DEBUG org.asynchttpclient.netty.request.NettyRequestSender - Using open Channel [id: 0xdffd1267, L:/127.0.0.1:61309 - R:localhost/127.0.0.1:13653] for POST '/session/343760fe1b3b1d209c4a0d88582a27db/execute/sync'
11:36:25.889 [AsyncHttpClient-1-5] DEBUG org.asynchttpclient.netty.handler.HttpHandler - 

Request DefaultHttpRequest(decodeResult: success, version: HTTP/1.1)
POST /session/343760fe1b3b1d209c4a0d88582a27db/execute/sync HTTP/1.1
User-Agent: selenium/4.8.0 (java windows)
Content-Length: 48814
Content-Type: application/json; charset=utf-8
host: localhost:13653
accept: */*

Response DefaultHttpResponse(decodeResult: success, version: HTTP/1.1)
HTTP/1.1 200 OK
Content-Length: 14
Content-Type: application/json; charset=utf-8
cache-control: no-cache

11:36:25.889 [AsyncHttpClient-1-5] DEBUG org.asynchttpclient.netty.channel.ChannelManager - Adding key: http://localhost:13653 for channel [id: 0xdffd1267, L:/127.0.0.1:61309 - R:localhost/127.0.0.1:13653]
11:36:25.890 [Forwarding isElementDisplayed on session 343760fe1b3b1d209c4a0d88582a27db to remote] DEBUG org.asynchttpclient.netty.request.NettyRequestSender - Using pooled Channel '[id: 0xdffd1267, L:/127.0.0.1:61309 - R:localhost/127.0.0.1:13653]' for 'POST' to 'http://localhost:13653/session/343760fe1b3b1d209c4a0d88582a27db/execute/sync'
11:36:25.891 [Forwarding isElementDisplayed on session 343760fe1b3b1d209c4a0d88582a27db to remote] DEBUG org.asynchttpclient.netty.request.NettyRequestSender - Using open Channel [id: 0xdffd1267, L:/127.0.0.1:61309 - R:localhost/127.0.0.1:13653] for POST '/session/343760fe1b3b1d209c4a0d88582a27db/execute/sync'
11:36:25.900 [AsyncHttpClient-1-5] DEBUG org.asynchttpclient.netty.handler.HttpHandler - 

Request DefaultHttpRequest(decodeResult: success, version: HTTP/1.1)
POST /session/343760fe1b3b1d209c4a0d88582a27db/execute/sync HTTP/1.1
User-Agent: selenium/4.8.0 (java windows)
Content-Length: 48814
Content-Type: application/json; charset=utf-8
host: localhost:13653
accept: */*

Response DefaultHttpResponse(decodeResult: success, version: HTTP/1.1)
HTTP/1.1 200 OK
Content-Length: 14
Content-Type: application/json; charset=utf-8
cache-control: no-cache

11:36:25.900 [AsyncHttpClient-1-5] DEBUG org.asynchttpclient.netty.channel.ChannelManager - Adding key: http://localhost:13653 for channel [id: 0xdffd1267, L:/127.0.0.1:61309 - R:localhost/127.0.0.1:13653]
11:36:25.900 [main] INFO  com.swaglabs.base.SetUp - checkout button verification passed
11:36:25.903 [Forwarding findElement on session 343760fe1b3b1d209c4a0d88582a27db to remote] DEBUG org.asynchttpclient.netty.request.NettyRequestSender - Using pooled Channel '[id: 0xdffd1267, L:/127.0.0.1:61309 - R:localhost/127.0.0.1:13653]' for 'POST' to 'http://localhost:13653/session/343760fe1b3b1d209c4a0d88582a27db/element'
11:36:25.903 [Forwarding findElement on session 343760fe1b3b1d209c4a0d88582a27db to remote] DEBUG org.asynchttpclient.netty.request.NettyRequestSender - Using open Channel [id: 0xdffd1267, L:/127.0.0.1:61309 - R:localhost/127.0.0.1:13653] for POST '/session/343760fe1b3b1d209c4a0d88582a27db/element'
11:36:25.912 [AsyncHttpClient-1-5] DEBUG org.asynchttpclient.netty.handler.HttpHandler - 

Request DefaultHttpRequest(decodeResult: success, version: HTTP/1.1)
POST /session/343760fe1b3b1d209c4a0d88582a27db/element HTTP/1.1
User-Agent: selenium/4.8.0 (java windows)
Content-Length: 74
Content-Type: application/json; charset=utf-8
host: localhost:13653
accept: */*

Response DefaultHttpResponse(decodeResult: success, version: HTTP/1.1)
HTTP/1.1 200 OK
Content-Length: 95
Content-Type: application/json; charset=utf-8
cache-control: no-cache

11:36:25.912 [AsyncHttpClient-1-5] DEBUG org.asynchttpclient.netty.channel.ChannelManager - Adding key: http://localhost:13653 for channel [id: 0xdffd1267, L:/127.0.0.1:61309 - R:localhost/127.0.0.1:13653]
11:36:25.914 [Forwarding isElementDisplayed on session 343760fe1b3b1d209c4a0d88582a27db to remote] DEBUG org.asynchttpclient.netty.request.NettyRequestSender - Using pooled Channel '[id: 0xdffd1267, L:/127.0.0.1:61309 - R:localhost/127.0.0.1:13653]' for 'POST' to 'http://localhost:13653/session/343760fe1b3b1d209c4a0d88582a27db/execute/sync'
11:36:25.914 [Forwarding isElementDisplayed on session 343760fe1b3b1d209c4a0d88582a27db to remote] DEBUG org.asynchttpclient.netty.request.NettyRequestSender - Using open Channel [id: 0xdffd1267, L:/127.0.0.1:61309 - R:localhost/127.0.0.1:13653] for POST '/session/343760fe1b3b1d209c4a0d88582a27db/execute/sync'
11:36:25.924 [AsyncHttpClient-1-5] DEBUG org.asynchttpclient.netty.handler.HttpHandler - 

Request DefaultHttpRequest(decodeResult: success, version: HTTP/1.1)
POST /session/343760fe1b3b1d209c4a0d88582a27db/execute/sync HTTP/1.1
User-Agent: selenium/4.8.0 (java windows)
Content-Length: 48814
Content-Type: application/json; charset=utf-8
host: localhost:13653
accept: */*

Response DefaultHttpResponse(decodeResult: success, version: HTTP/1.1)
HTTP/1.1 200 OK
Content-Length: 14
Content-Type: application/json; charset=utf-8
cache-control: no-cache

11:36:25.924 [AsyncHttpClient-1-5] DEBUG org.asynchttpclient.netty.channel.ChannelManager - Adding key: http://localhost:13653 for channel [id: 0xdffd1267, L:/127.0.0.1:61309 - R:localhost/127.0.0.1:13653]
11:36:25.924 [Forwarding getElementText on session 343760fe1b3b1d209c4a0d88582a27db to remote] DEBUG org.asynchttpclient.netty.request.NettyRequestSender - Using pooled Channel '[id: 0xdffd1267, L:/127.0.0.1:61309 - R:localhost/127.0.0.1:13653]' for 'GET' to 'http://localhost:13653/session/343760fe1b3b1d209c4a0d88582a27db/element/B5D78317CDC82913058D66A8C952A41F_element_99/text'
11:36:25.924 [Forwarding getElementText on session 343760fe1b3b1d209c4a0d88582a27db to remote] DEBUG org.asynchttpclient.netty.request.NettyRequestSender - Using open Channel [id: 0xdffd1267, L:/127.0.0.1:61309 - R:localhost/127.0.0.1:13653] for GET '/session/343760fe1b3b1d209c4a0d88582a27db/element/B5D78317CDC82913058D66A8C952A41F_element_99/text'
11:36:25.933 [AsyncHttpClient-1-5] DEBUG org.asynchttpclient.netty.handler.HttpHandler - 

Request DefaultFullHttpRequest(decodeResult: success, version: HTTP/1.1, content: EmptyByteBufBE)
GET /session/343760fe1b3b1d209c4a0d88582a27db/element/B5D78317CDC82913058D66A8C952A41F_element_99/text HTTP/1.1
User-Agent: selenium/4.8.0 (java windows)
Cache-Control: no-cache
Content-Type: application/json; charset=utf-8
host: localhost:13653
accept: */*

Response DefaultHttpResponse(decodeResult: success, version: HTTP/1.1)
HTTP/1.1 200 OK
Content-Length: 86
Content-Type: application/json; charset=utf-8
cache-control: no-cache

11:36:25.933 [AsyncHttpClient-1-5] DEBUG org.asynchttpclient.netty.channel.ChannelManager - Adding key: http://localhost:13653 for channel [id: 0xdffd1267, L:/127.0.0.1:61309 - R:localhost/127.0.0.1:13653]
11:36:25.933 [main] INFO  com.swaglabs.base.SetUp - footertext validation passed
11:36:25.937 [Forwarding getAlertText on session 343760fe1b3b1d209c4a0d88582a27db to remote] DEBUG org.asynchttpclient.netty.request.NettyRequestSender - Using pooled Channel '[id: 0xdffd1267, L:/127.0.0.1:61309 - R:localhost/127.0.0.1:13653]' for 'GET' to 'http://localhost:13653/session/343760fe1b3b1d209c4a0d88582a27db/alert/text'
11:36:25.937 [Forwarding getAlertText on session 343760fe1b3b1d209c4a0d88582a27db to remote] DEBUG org.asynchttpclient.netty.request.NettyRequestSender - Using open Channel [id: 0xdffd1267, L:/127.0.0.1:61309 - R:localhost/127.0.0.1:13653] for GET '/session/343760fe1b3b1d209c4a0d88582a27db/alert/text'
11:36:25.938 [AsyncHttpClient-1-5] DEBUG org.asynchttpclient.netty.handler.HttpHandler - 

Request DefaultFullHttpRequest(decodeResult: success, version: HTTP/1.1, content: EmptyByteBufBE)
GET /session/343760fe1b3b1d209c4a0d88582a27db/alert/text HTTP/1.1
User-Agent: selenium/4.8.0 (java windows)
Cache-Control: no-cache
Content-Type: application/json; charset=utf-8
host: localhost:13653
accept: */*

Response DefaultHttpResponse(decodeResult: success, version: HTTP/1.1)
HTTP/1.1 404 Not Found
Content-Length: 1522
Content-Type: application/json; charset=utf-8
cache-control: no-cache

11:36:25.938 [AsyncHttpClient-1-5] DEBUG org.asynchttpclient.netty.channel.ChannelManager - Adding key: http://localhost:13653 for channel [id: 0xdffd1267, L:/127.0.0.1:61309 - R:localhost/127.0.0.1:13653]
11:36:25.939 [Forwarding getCurrentUrl on session 343760fe1b3b1d209c4a0d88582a27db to remote] DEBUG org.asynchttpclient.netty.request.NettyRequestSender - Using pooled Channel '[id: 0xdffd1267, L:/127.0.0.1:61309 - R:localhost/127.0.0.1:13653]' for 'GET' to 'http://localhost:13653/session/343760fe1b3b1d209c4a0d88582a27db/url'
11:36:25.939 [Forwarding getCurrentUrl on session 343760fe1b3b1d209c4a0d88582a27db to remote] DEBUG org.asynchttpclient.netty.request.NettyRequestSender - Using open Channel [id: 0xdffd1267, L:/127.0.0.1:61309 - R:localhost/127.0.0.1:13653] for GET '/session/343760fe1b3b1d209c4a0d88582a27db/url'
11:36:25.944 [AsyncHttpClient-1-5] DEBUG org.asynchttpclient.netty.handler.HttpHandler - 

Request DefaultFullHttpRequest(decodeResult: success, version: HTTP/1.1, content: EmptyByteBufBE)
GET /session/343760fe1b3b1d209c4a0d88582a27db/url HTTP/1.1
User-Agent: selenium/4.8.0 (java windows)
Cache-Control: no-cache
Content-Type: application/json; charset=utf-8
host: localhost:13653
accept: */*

Response DefaultHttpResponse(decodeResult: success, version: HTTP/1.1)
HTTP/1.1 200 OK
Content-Length: 60
Content-Type: application/json; charset=utf-8
cache-control: no-cache

11:36:25.944 [AsyncHttpClient-1-5] DEBUG org.asynchttpclient.netty.channel.ChannelManager - Adding key: http://localhost:13653 for channel [id: 0xdffd1267, L:/127.0.0.1:61309 - R:localhost/127.0.0.1:13653]
11:36:25.944 [Forwarding screenshot on session 343760fe1b3b1d209c4a0d88582a27db to remote] DEBUG org.asynchttpclient.netty.request.NettyRequestSender - Using pooled Channel '[id: 0xdffd1267, L:/127.0.0.1:61309 - R:localhost/127.0.0.1:13653]' for 'GET' to 'http://localhost:13653/session/343760fe1b3b1d209c4a0d88582a27db/screenshot'
11:36:25.944 [Forwarding screenshot on session 343760fe1b3b1d209c4a0d88582a27db to remote] DEBUG org.asynchttpclient.netty.request.NettyRequestSender - Using open Channel [id: 0xdffd1267, L:/127.0.0.1:61309 - R:localhost/127.0.0.1:13653] for GET '/session/343760fe1b3b1d209c4a0d88582a27db/screenshot'
11:36:26.076 [AsyncHttpClient-1-5] DEBUG org.asynchttpclient.netty.handler.HttpHandler - 

Request DefaultFullHttpRequest(decodeResult: success, version: HTTP/1.1, content: EmptyByteBufBE)
GET /session/343760fe1b3b1d209c4a0d88582a27db/screenshot HTTP/1.1
User-Agent: selenium/4.8.0 (java windows)
Cache-Control: no-cache
Content-Type: application/json; charset=utf-8
host: localhost:13653
accept: */*

Response DefaultHttpResponse(decodeResult: success, version: HTTP/1.1)
HTTP/1.1 200 OK
Content-Length: 52680
Content-Type: application/json; charset=utf-8
cache-control: no-cache

11:36:26.076 [AsyncHttpClient-1-5] DEBUG org.asynchttpclient.netty.channel.ChannelManager - Adding key: http://localhost:13653 for channel [id: 0xdffd1267, L:/127.0.0.1:61309 - R:localhost/127.0.0.1:13653]
11:36:26.077 [main] DEBUG net.serenitybdd.core.photography.Darkroom - Send negative for processing for target\site\serenity\0fa05831f0182a460f6736751014b455ea20c43240d21b8c3cfcfedfd67e252e.png
11:36:26.077 [main] DEBUG net.thucydides.core.steps.StepInterceptor - STEP DONE: test12_checkoutAndValidateUserInterfaceHeaderAndFooters
]]></system-out>
    <system-err><![CDATA[Aug 31, 2023 11:35:59 AM org.openqa.selenium.remote.http.WebSocket$Listener onError
WARNING: Connection reset
java.net.SocketException: Connection reset
	at java.base/sun.nio.ch.SocketChannelImpl.throwConnectionReset(SocketChannelImpl.java:394)
	at java.base/sun.nio.ch.SocketChannelImpl.read(SocketChannelImpl.java:426)
	at io.netty.buffer.PooledByteBuf.setBytes(PooledByteBuf.java:259)
	at io.netty.buffer.AbstractByteBuf.writeBytes(AbstractByteBuf.java:1132)
	at io.netty.channel.socket.nio.NioSocketChannel.doReadBytes(NioSocketChannel.java:357)
	at io.netty.channel.nio.AbstractNioByteChannel$NioByteUnsafe.read(AbstractNioByteChannel.java:151)
	at io.netty.channel.nio.NioEventLoop.processSelectedKey(NioEventLoop.java:788)
	at io.netty.channel.nio.NioEventLoop.processSelectedKeysOptimized(NioEventLoop.java:724)
	at io.netty.channel.nio.NioEventLoop.processSelectedKeys(NioEventLoop.java:650)
	at io.netty.channel.nio.NioEventLoop.run(NioEventLoop.java:562)
	at io.netty.util.concurrent.SingleThreadEventExecutor$4.run(SingleThreadEventExecutor.java:997)
	at io.netty.util.internal.ThreadExecutorMap$2.run(ThreadExecutorMap.java:74)
	at io.netty.util.concurrent.FastThreadLocalRunnable.run(FastThreadLocalRunnable.java:30)
	at java.base/java.lang.Thread.run(Thread.java:833)

Starting Microsoft Edge WebDriver 115.0.1901.188 (b51b39339c49c4dc7c61b77f8b61420ca0ab7b68) on port 13653
To submit feedback, report a bug, or suggest new features, please visit https://github.com/MicrosoftEdge/EdgeWebDriver

Only local connections are allowed.
Please see https://aka.ms/WebDriverSecurity for suggestions on keeping Microsoft Edge WebDriver safe.

Microsoft Edge WebDriver was started successfully.
[1693461963.478][WARNING]: This version of Microsoft Edge WebDriver has not been tested with Microsoft Edge version 116.
Aug 31, 2023 11:36:05 AM org.openqa.selenium.devtools.CdpVersionFinder findNearestMatch
WARNING: Unable to find CDP implementation matching 116
Aug 31, 2023 11:36:05 AM org.openqa.selenium.chromium.ChromiumDriver lambda$new$3
WARNING: Unable to find version of CDP to use for . You may need to include a dependency on a specific version of the CDP using something similar to `org.seleniumhq.selenium:selenium-devtools-v86:4.8.0` where the version ("v86") matches the version of the chromium-based browser you're using and the version number of the artifact is the same as Selenium's.
com.swaglabs.utilities.HeaderExist: header  text is not visible 
	at com.swaglabs.steps.LoginPageSteps.validateHeadersInloginPage(LoginPageSteps.java:195)
	at com.swaglabs.steps.LoginPageSteps$ByteBuddy$zS5Tw6BW.validateHeadersInloginPage$accessor$iqThXT80(Unknown Source)
	at java.base/jdk.internal.reflect.NativeMethodAccessorImpl.invoke0(Native Method)
	at java.base/jdk.internal.reflect.NativeMethodAccessorImpl.invoke(NativeMethodAccessorImpl.java:77)
	at java.base/jdk.internal.reflect.DelegatingMethodAccessorImpl.invoke(DelegatingMethodAccessorImpl.java:43)
	at java.base/java.lang.reflect.Method.invoke(Method.java:568)
	at net.thucydides.core.steps.BaseMethodRunner.invokeMethod(BaseMethodRunner.java:18)
	at net.thucydides.core.steps.NormalMethodRunner.invokeMethodAndNotifyFailures(NormalMethodRunner.java:18)
	at net.thucydides.core.steps.StepInterceptor.runNormalMethod(StepInterceptor.java:421)
	at net.thucydides.core.steps.StepInterceptor.testStepResult(StepInterceptor.java:193)
	at net.thucydides.core.steps.StepInterceptor.intercept(StepInterceptor.java:86)
	at net.thucydides.core.steps.ProxyConfiguration$InterceptorDispatcher.intercept(ProxyConfiguration.java:51)
	at com.swaglabs.steps.LoginPageSteps$ByteBuddy$zS5Tw6BW.validateHeadersInloginPage(Unknown Source)
	at com.swaglabs.steps.LoginPageSteps.test2_ValidateUserinterfaceHeadersAndFooters(LoginPageSteps.java:325)
	at com.swaglabs.steps.LoginPageSteps$ByteBuddy$zS5Tw6BW.test2_ValidateUserinterfaceHeadersAndFooters$accessor$iqThXT80(Unknown Source)
	at java.base/jdk.internal.reflect.NativeMethodAccessorImpl.invoke0(Native Method)
	at java.base/jdk.internal.reflect.NativeMethodAccessorImpl.invoke(NativeMethodAccessorImpl.java:77)
	at java.base/jdk.internal.reflect.DelegatingMethodAccessorImpl.invoke(DelegatingMethodAccessorImpl.java:43)
	at java.base/java.lang.reflect.Method.invoke(Method.java:568)
	at net.thucydides.core.steps.StepInterceptor.invokeMethod(StepInterceptor.java:518)
	at net.thucydides.core.steps.StepInterceptor.executeTestStepMethod(StepInterceptor.java:498)
	at net.thucydides.core.steps.StepInterceptor.runTestStep(StepInterceptor.java:472)
	at net.thucydides.core.steps.StepInterceptor.runOrSkipMethod(StepInterceptor.java:211)
	at net.thucydides.core.steps.StepInterceptor.testStepResult(StepInterceptor.java:198)
	at net.thucydides.core.steps.StepInterceptor.intercept(StepInterceptor.java:86)
	at net.thucydides.core.steps.ProxyConfiguration$InterceptorDispatcher.intercept(ProxyConfiguration.java:51)
	at com.swaglabs.steps.LoginPageSteps$ByteBuddy$zS5Tw6BW.test2_ValidateUserinterfaceHeadersAndFooters(Unknown Source)
	at com.swaglabs.testcases.Tests.testCases(Tests.java:67)
	at java.base/jdk.internal.reflect.NativeMethodAccessorImpl.invoke0(Native Method)
	at java.base/jdk.internal.reflect.NativeMethodAccessorImpl.invoke(NativeMethodAccessorImpl.java:77)
	at java.base/jdk.internal.reflect.DelegatingMethodAccessorImpl.invoke(DelegatingMethodAccessorImpl.java:43)
	at java.base/java.lang.reflect.Method.invoke(Method.java:568)
	at org.junit.runners.model.FrameworkMethod$1.runReflectiveCall(FrameworkMethod.java:59)
	at org.junit.internal.runners.model.ReflectiveCallable.run(ReflectiveCallable.java:12)
	at org.junit.runners.model.FrameworkMethod.invokeExplosively(FrameworkMethod.java:56)
	at org.junit.internal.runners.statements.InvokeMethod.evaluate(InvokeMethod.java:17)
	at net.serenitybdd.junit.runners.SerenityStatement.evaluate(SerenityStatement.java:33)
	at org.junit.internal.runners.statements.RunBefores.evaluate(RunBefores.java:26)
	at org.junit.runners.ParentRunner$3.evaluate(ParentRunner.java:306)
	at org.junit.runners.BlockJUnit4ClassRunner$1.evaluate(BlockJUnit4ClassRunner.java:100)
	at org.junit.runners.ParentRunner.runLeaf(ParentRunner.java:366)
	at org.junit.runners.BlockJUnit4ClassRunner.runChild(BlockJUnit4ClassRunner.java:103)
	at net.serenitybdd.junit.runners.SerenityRunner.performRunChild(SerenityRunner.java:471)
	at net.serenitybdd.junit.runners.SerenityRunner.runChild(SerenityRunner.java:445)
	at net.serenitybdd.junit.runners.SerenityRunner.runChild(SerenityRunner.java:61)
	at org.junit.runners.ParentRunner$4.run(ParentRunner.java:331)
	at org.junit.runners.ParentRunner$1.schedule(ParentRunner.java:79)
	at org.junit.runners.ParentRunner.runChildren(ParentRunner.java:329)
	at org.junit.runners.ParentRunner.access$100(ParentRunner.java:66)
	at org.junit.runners.ParentRunner$2.evaluate(ParentRunner.java:293)
	at org.junit.runners.ParentRunner.run(ParentRunner.java:413)
	at net.serenitybdd.junit.runners.SerenityRunner.run(SerenityRunner.java:254)
	at org.junit.runners.Suite.runChild(Suite.java:128)
	at org.junit.runners.Suite.runChild(Suite.java:27)
	at org.junit.runners.ParentRunner$4.run(ParentRunner.java:331)
	at org.junit.runners.ParentRunner$1.schedule(ParentRunner.java:79)
	at org.junit.runners.ParentRunner.runChildren(ParentRunner.java:329)
	at org.junit.runners.ParentRunner.access$100(ParentRunner.java:66)
	at org.junit.runners.ParentRunner$2.evaluate(ParentRunner.java:293)
	at org.junit.runners.ParentRunner$3.evaluate(ParentRunner.java:306)
	at org.junit.runners.ParentRunner.run(ParentRunner.java:413)
	at net.serenitybdd.junit.runners.SerenityParameterizedRunner.run(SerenityParameterizedRunner.java:217)
	at org.junit.runner.JUnitCore.run(JUnitCore.java:137)
	at org.junit.runner.JUnitCore.run(JUnitCore.java:115)
	at org.junit.vintage.engine.execution.RunnerExecutor.execute(RunnerExecutor.java:42)
	at org.junit.vintage.engine.VintageTestEngine.executeAllChildren(VintageTestEngine.java:80)
	at org.junit.vintage.engine.VintageTestEngine.execute(VintageTestEngine.java:72)
	at org.junit.platform.launcher.core.EngineExecutionOrchestrator.execute(EngineExecutionOrchestrator.java:107)
	at org.junit.platform.launcher.core.EngineExecutionOrchestrator.execute(EngineExecutionOrchestrator.java:88)
	at org.junit.platform.launcher.core.EngineExecutionOrchestrator.lambda$execute$0(EngineExecutionOrchestrator.java:54)
	at org.junit.platform.launcher.core.EngineExecutionOrchestrator.withInterceptedStreams(EngineExecutionOrchestrator.java:67)
	at org.junit.platform.launcher.core.EngineExecutionOrchestrator.execute(EngineExecutionOrchestrator.java:52)
	at org.junit.platform.launcher.core.DefaultLauncher.execute(DefaultLauncher.java:114)
	at org.junit.platform.launcher.core.DefaultLauncher.execute(DefaultLauncher.java:86)
	at org.junit.platform.launcher.core.DefaultLauncherSession$DelegatingLauncher.execute(DefaultLauncherSession.java:86)
	at org.junit.platform.launcher.core.SessionPerRequestLauncher.execute(SessionPerRequestLauncher.java:53)
	at org.apache.maven.surefire.junitplatform.JUnitPlatformProvider.lambda$execute$1(JUnitPlatformProvider.java:199)
	at java.base/java.util.Iterator.forEachRemaining(Iterator.java:133)
	at org.apache.maven.surefire.junitplatform.JUnitPlatformProvider.execute(JUnitPlatformProvider.java:193)
	at org.apache.maven.surefire.junitplatform.JUnitPlatformProvider.invokeAllTests(JUnitPlatformProvider.java:154)
	at org.apache.maven.surefire.junitplatform.JUnitPlatformProvider.invoke(JUnitPlatformProvider.java:120)
	at org.apache.maven.surefire.booter.ForkedBooter.runSuitesInProcess(ForkedBooter.java:428)
	at org.apache.maven.surefire.booter.ForkedBooter.execute(ForkedBooter.java:162)
	at org.apache.maven.surefire.booter.ForkedBooter.run(ForkedBooter.java:562)
	at org.apache.maven.surefire.booter.ForkedBooter.main(ForkedBooter.java:548)
]]></system-err>
  </testcase>
  <testcase name="testCases" classname="Tests" time="47.91">
    <system-out><![CDATA[11:36:26.078 [main] INFO  - 
  _____   ___   ___   _____     ___     _     ___   ___   ___   ___  
 |_   _| | __| / __| |_   _|   | _ \   /_\   / __| / __| | __| |   \ 
   | |   | _|  \__ \   | |     |  _/  / _ \  \__ \ \__ \ | _|  | |) |
   |_|   |___| |___/   |_|     |_|   /_/ \_\ |___/ |___/ |___| |___/ 

Test cases
----------------------------------------------------------------------
11:36:26.081 [AsyncHttpClient-1-7] DEBUG org.asynchttpclient.netty.handler.WebSocketHandler - Channel Closed: [id: 0xf08baa17, L:/127.0.0.1:61342 ! R:localhost/127.0.0.1:61317] with attribute NettyResponseFuture{currentRetry=0,
	isDone=1,
	isCancelled=0,
	asyncHandler=org.asynchttpclient.ws.WebSocketUpgradeHandler@7af614e,
	nettyRequest=org.asynchttpclient.netty.request.NettyRequest@42adffdf,
	future=java.util.concurrent.CompletableFuture@771e1b4e[Completed normally],
	uri=ws://localhost:61317/devtools/browser/969d0449-41b7-45d2-90ca-056879460fc9,
	keepAlive=true,
	redirectCount=0,
	timeoutsHolder=null,
	inAuth=0,
	touch=1693461965206}
11:36:26.081 [Driver Command Executor] DEBUG org.asynchttpclient.netty.request.NettyRequestSender - Using pooled Channel '[id: 0xdffd1267, L:/127.0.0.1:61309 - R:localhost/127.0.0.1:13653]' for 'DELETE' to 'http://localhost:13653/session/343760fe1b3b1d209c4a0d88582a27db'
11:36:26.081 [Driver Command Executor] DEBUG org.asynchttpclient.netty.request.NettyRequestSender - Using open Channel [id: 0xdffd1267, L:/127.0.0.1:61309 - R:localhost/127.0.0.1:13653] for DELETE '/session/343760fe1b3b1d209c4a0d88582a27db'
11:36:26.081 [AsyncHttpClient-1-7] DEBUG org.asynchttpclient.netty.channel.ChannelManager - Closing Channel [id: 0xf08baa17, L:/127.0.0.1:61342 ! R:localhost/127.0.0.1:61317] 
11:36:26.280 [AsyncHttpClient-1-6] DEBUG org.asynchttpclient.netty.handler.HttpHandler - Unexpected I/O exception on channel [id: 0x800a7b87, L:/127.0.0.1:61341 - R:localhost/127.0.0.1:61317]
java.net.SocketException: Connection reset
	at java.base/sun.nio.ch.SocketChannelImpl.throwConnectionReset(SocketChannelImpl.java:394)
	at java.base/sun.nio.ch.SocketChannelImpl.read(SocketChannelImpl.java:426)
	at io.netty.buffer.PooledByteBuf.setBytes(PooledByteBuf.java:259)
	at io.netty.buffer.AbstractByteBuf.writeBytes(AbstractByteBuf.java:1132)
	at io.netty.channel.socket.nio.NioSocketChannel.doReadBytes(NioSocketChannel.java:357)
	at io.netty.channel.nio.AbstractNioByteChannel$NioByteUnsafe.read(AbstractNioByteChannel.java:151)
	at io.netty.channel.nio.NioEventLoop.processSelectedKey(NioEventLoop.java:788)
	at io.netty.channel.nio.NioEventLoop.processSelectedKeysOptimized(NioEventLoop.java:724)
	at io.netty.channel.nio.NioEventLoop.processSelectedKeys(NioEventLoop.java:650)
	at io.netty.channel.nio.NioEventLoop.run(NioEventLoop.java:562)
	at io.netty.util.concurrent.SingleThreadEventExecutor$4.run(SingleThreadEventExecutor.java:997)
	at io.netty.util.internal.ThreadExecutorMap$2.run(ThreadExecutorMap.java:74)
	at io.netty.util.concurrent.FastThreadLocalRunnable.run(FastThreadLocalRunnable.java:30)
	at java.base/java.lang.Thread.run(Thread.java:833)
11:36:26.280 [AsyncHttpClient-1-6] DEBUG org.asynchttpclient.netty.channel.ChannelManager - Closing Channel [id: 0x800a7b87, L:/127.0.0.1:61341 - R:localhost/127.0.0.1:61317] 
11:36:26.281 [AsyncHttpClient-1-6] DEBUG org.asynchttpclient.netty.handler.HttpHandler - Channel Closed: [id: 0x800a7b87, L:/127.0.0.1:61341 ! R:localhost/127.0.0.1:61317] with attribute DISCARD
11:36:26.339 [AsyncHttpClient-1-1] DEBUG org.asynchttpclient.netty.channel.DefaultChannelPool - Entry count for : http://localhost:61317 : 1
11:36:26.339 [AsyncHttpClient-1-1] DEBUG org.asynchttpclient.netty.channel.DefaultChannelPool - Adding Candidate expired Channel [id: 0x800a7b87, L:/127.0.0.1:61341 ! R:localhost/127.0.0.1:61317] isIdleTimeoutExpired=false isRemotelyClosed=true isTtlExpired=false
11:36:26.339 [AsyncHttpClient-1-1] DEBUG org.asynchttpclient.netty.channel.DefaultChannelPool - Closing Idle Channel [id: 0x800a7b87, L:/127.0.0.1:61341 ! R:localhost/127.0.0.1:61317]
11:36:26.339 [AsyncHttpClient-1-1] DEBUG org.asynchttpclient.netty.channel.DefaultChannelPool - Closed 1 connections out of 1 in 0 ms
11:36:26.409 [AsyncHttpClient-1-5] DEBUG org.asynchttpclient.netty.handler.HttpHandler - 

Request DefaultFullHttpRequest(decodeResult: success, version: HTTP/1.1, content: EmptyByteBufBE)
DELETE /session/343760fe1b3b1d209c4a0d88582a27db HTTP/1.1
User-Agent: selenium/4.8.0 (java windows)
Content-Type: application/json; charset=utf-8
host: localhost:13653
accept: */*

Response DefaultHttpResponse(decodeResult: success, version: HTTP/1.1)
HTTP/1.1 200 OK
Content-Length: 14
Content-Type: application/json; charset=utf-8
cache-control: no-cache

11:36:26.409 [AsyncHttpClient-1-5] DEBUG org.asynchttpclient.netty.channel.ChannelManager - Adding key: http://localhost:13653 for channel [id: 0xdffd1267, L:/127.0.0.1:61309 - R:localhost/127.0.0.1:13653]
11:36:27.435 [AsyncHttpClient-1-5] DEBUG org.asynchttpclient.netty.handler.HttpHandler - Unexpected I/O exception on channel [id: 0xdffd1267, L:/127.0.0.1:61309 - R:localhost/127.0.0.1:13653]
java.net.SocketException: Connection reset
	at java.base/sun.nio.ch.SocketChannelImpl.throwConnectionReset(SocketChannelImpl.java:394)
	at java.base/sun.nio.ch.SocketChannelImpl.read(SocketChannelImpl.java:426)
	at io.netty.buffer.PooledByteBuf.setBytes(PooledByteBuf.java:259)
	at io.netty.buffer.AbstractByteBuf.writeBytes(AbstractByteBuf.java:1132)
	at io.netty.channel.socket.nio.NioSocketChannel.doReadBytes(NioSocketChannel.java:357)
	at io.netty.channel.nio.AbstractNioByteChannel$NioByteUnsafe.read(AbstractNioByteChannel.java:151)
	at io.netty.channel.nio.NioEventLoop.processSelectedKey(NioEventLoop.java:788)
	at io.netty.channel.nio.NioEventLoop.processSelectedKeysOptimized(NioEventLoop.java:724)
	at io.netty.channel.nio.NioEventLoop.processSelectedKeys(NioEventLoop.java:650)
	at io.netty.channel.nio.NioEventLoop.run(NioEventLoop.java:562)
	at io.netty.util.concurrent.SingleThreadEventExecutor$4.run(SingleThreadEventExecutor.java:997)
	at io.netty.util.internal.ThreadExecutorMap$2.run(ThreadExecutorMap.java:74)
	at io.netty.util.concurrent.FastThreadLocalRunnable.run(FastThreadLocalRunnable.java:30)
	at java.base/java.lang.Thread.run(Thread.java:833)
11:36:27.435 [AsyncHttpClient-1-5] DEBUG org.asynchttpclient.netty.channel.ChannelManager - Closing Channel [id: 0xdffd1267, L:/127.0.0.1:61309 - R:localhost/127.0.0.1:13653] 
11:36:27.435 [AsyncHttpClient-1-5] DEBUG org.asynchttpclient.netty.handler.HttpHandler - Channel Closed: [id: 0xdffd1267, L:/127.0.0.1:61309 ! R:localhost/127.0.0.1:13653] with attribute DISCARD
11:36:27.437 [AsyncHttpClient-1-1] DEBUG org.asynchttpclient.netty.channel.DefaultChannelPool - Entry count for : http://localhost:13653 : 1
11:36:27.437 [AsyncHttpClient-1-1] DEBUG org.asynchttpclient.netty.channel.DefaultChannelPool - Adding Candidate expired Channel [id: 0xdffd1267, L:/127.0.0.1:61309 ! R:localhost/127.0.0.1:13653] isIdleTimeoutExpired=false isRemotelyClosed=true isTtlExpired=false
11:36:27.437 [AsyncHttpClient-1-1] DEBUG org.asynchttpclient.netty.channel.DefaultChannelPool - Closing Idle Channel [id: 0xdffd1267, L:/127.0.0.1:61309 ! R:localhost/127.0.0.1:13653]
11:36:27.437 [AsyncHttpClient-1-1] DEBUG org.asynchttpclient.netty.channel.DefaultChannelPool - Closed 1 connections out of 1 in 0 ms
11:36:27.502 [main] DEBUG net.thucydides.core.steps.StepEventBus - Test suite started for class com.swaglabs.testcases.Tests
11:36:27.502 [main] INFO  - Test Suite Started: Tests
11:36:27.503 [main] INFO  - 
  _____   ___   ___   _____     ___   _____     _     ___   _____   ___   ___  
 |_   _| | __| / __| |_   _|   / __| |_   _|   /_\   | _ \ |_   _| | __| |   \ 
   | |   | _|  \__ \   | |     \__ \   | |    / _ \  |   /   | |   | _|  | |) |
   |_|   |___| |___/   |_|     |___/   |_|   /_/ \_\ |_|_\   |_|   |___| |___/ 

testCases[2]
--------------------------------------------------------------------------------
11:36:27.544 [main] DEBUG net.thucydides.core.steps.StepInterceptor - STARTING STEP: SetUp.launchBrowser - launch browser
11:36:28.523 [AsyncHttpClient-1-8] DEBUG org.asynchttpclient.netty.channel.NettyConnectListener - Using new Channel '[id: 0x1681981a, L:/127.0.0.1:61476 - R:localhost/127.0.0.1:6896]' for 'POST' to '/session'
11:36:31.500 [AsyncHttpClient-1-8] DEBUG org.asynchttpclient.netty.handler.HttpHandler - 

Request DefaultHttpRequest(decodeResult: success, version: HTTP/1.1)
POST /session HTTP/1.1
User-Agent: selenium/4.8.0 (java windows)
Content-Length: 517
Content-Type: application/json; charset=utf-8
host: localhost:6896
accept: */*

Response DefaultHttpResponse(decodeResult: success, version: HTTP/1.1)
HTTP/1.1 200 OK
Content-Length: 826
Content-Type: application/json; charset=utf-8
cache-control: no-cache

11:36:31.501 [AsyncHttpClient-1-8] DEBUG org.asynchttpclient.netty.channel.ChannelManager - Adding key: http://localhost:6896 for channel [id: 0x1681981a, L:/127.0.0.1:61476 - R:localhost/127.0.0.1:6896]
11:36:31.535 [AsyncHttpClient-1-9] DEBUG org.asynchttpclient.netty.channel.NettyConnectListener - Using new Channel '[id: 0xb766a250, L:/127.0.0.1:61500 - R:localhost/127.0.0.1:61482]' for 'GET' to '/json/version'
11:36:31.538 [AsyncHttpClient-1-9] DEBUG org.asynchttpclient.netty.handler.HttpHandler - 

Request DefaultFullHttpRequest(decodeResult: success, version: HTTP/1.1, content: EmptyByteBufBE)
GET /json/version HTTP/1.1
User-Agent: selenium/4.8.0 (java windows)
host: localhost:61482
accept: */*

Response DefaultHttpResponse(decodeResult: success, version: HTTP/1.1)
HTTP/1.1 200 OK
Content-Security-Policy: frame-ancestors 'none'
Content-Length: 436
Content-Type: application/json; charset=UTF-8

11:36:31.538 [AsyncHttpClient-1-9] DEBUG org.asynchttpclient.netty.channel.ChannelManager - Adding key: http://localhost:61482 for channel [id: 0xb766a250, L:/127.0.0.1:61500 - R:localhost/127.0.0.1:61482]
11:36:31.561 [AsyncHttpClient-1-10] DEBUG org.asynchttpclient.netty.channel.NettyConnectListener - Using new Channel '[id: 0x406b3ce9, L:/127.0.0.1:61501 - R:localhost/127.0.0.1:61482]' for 'GET' to '/devtools/browser/308e2cea-6d4f-47e1-ab35-a2c0e54c7426'
11:36:31.570 [AsyncHttpClient-1-10] DEBUG org.asynchttpclient.netty.handler.WebSocketHandler - 

Request DefaultFullHttpRequest(decodeResult: success, version: HTTP/1.1, content: EmptyByteBufBE)
GET /devtools/browser/308e2cea-6d4f-47e1-ab35-a2c0e54c7426 HTTP/1.1
upgrade: websocket
connection: upgrade
sec-websocket-key: 7QyGUwQswUOPj2M9KIQUWw==
sec-websocket-version: 13
origin: http://localhost:61482
host: localhost:61482
accept: */*
user-agent: AHC/2.1

Response DefaultHttpResponse(decodeResult: success, version: HTTP/1.1)
HTTP/1.1 101 WebSocket Protocol Handshake
Upgrade: WebSocket
Connection: Upgrade
Sec-WebSocket-Accept: SsYwELnsEHtPQnUIhieSw6Rt0W4=

11:36:31.588 [Forwarding setTimeout on session 7f96e7e36b9f10a8b5acad60a25246de to remote] DEBUG org.asynchttpclient.netty.request.NettyRequestSender - Using pooled Channel '[id: 0x1681981a, L:/127.0.0.1:61476 - R:localhost/127.0.0.1:6896]' for 'POST' to 'http://localhost:6896/session/7f96e7e36b9f10a8b5acad60a25246de/timeouts'
11:36:31.588 [Forwarding setTimeout on session 7f96e7e36b9f10a8b5acad60a25246de to remote] DEBUG org.asynchttpclient.netty.request.NettyRequestSender - Using open Channel [id: 0x1681981a, L:/127.0.0.1:61476 - R:localhost/127.0.0.1:6896] for POST '/session/7f96e7e36b9f10a8b5acad60a25246de/timeouts'
11:36:31.590 [AsyncHttpClient-1-8] DEBUG org.asynchttpclient.netty.handler.HttpHandler - 

Request DefaultHttpRequest(decodeResult: success, version: HTTP/1.1)
POST /session/7f96e7e36b9f10a8b5acad60a25246de/timeouts HTTP/1.1
User-Agent: selenium/4.8.0 (java windows)
Content-Length: 21
Content-Type: application/json; charset=utf-8
host: localhost:6896
accept: */*

Response DefaultHttpResponse(decodeResult: success, version: HTTP/1.1)
HTTP/1.1 200 OK
Content-Length: 14
Content-Type: application/json; charset=utf-8
cache-control: no-cache

11:36:31.590 [AsyncHttpClient-1-8] DEBUG org.asynchttpclient.netty.channel.ChannelManager - Adding key: http://localhost:6896 for channel [id: 0x1681981a, L:/127.0.0.1:61476 - R:localhost/127.0.0.1:6896]
11:36:31.591 [Forwarding maximizeCurrentWindow on session 7f96e7e36b9f10a8b5acad60a25246de to remote] DEBUG org.asynchttpclient.netty.request.NettyRequestSender - Using pooled Channel '[id: 0x1681981a, L:/127.0.0.1:61476 - R:localhost/127.0.0.1:6896]' for 'POST' to 'http://localhost:6896/session/7f96e7e36b9f10a8b5acad60a25246de/window/maximize'
11:36:31.591 [Forwarding maximizeCurrentWindow on session 7f96e7e36b9f10a8b5acad60a25246de to remote] DEBUG org.asynchttpclient.netty.request.NettyRequestSender - Using open Channel [id: 0x1681981a, L:/127.0.0.1:61476 - R:localhost/127.0.0.1:6896] for POST '/session/7f96e7e36b9f10a8b5acad60a25246de/window/maximize'
11:36:31.740 [AsyncHttpClient-1-8] DEBUG org.asynchttpclient.netty.handler.HttpHandler - 

Request DefaultHttpRequest(decodeResult: success, version: HTTP/1.1)
POST /session/7f96e7e36b9f10a8b5acad60a25246de/window/maximize HTTP/1.1
User-Agent: selenium/4.8.0 (java windows)
Content-Length: 3
Content-Type: application/json; charset=utf-8
host: localhost:6896
accept: */*

Response DefaultHttpResponse(decodeResult: success, version: HTTP/1.1)
HTTP/1.1 200 OK
Content-Length: 51
Content-Type: application/json; charset=utf-8
cache-control: no-cache

11:36:31.741 [AsyncHttpClient-1-8] DEBUG org.asynchttpclient.netty.channel.ChannelManager - Adding key: http://localhost:6896 for channel [id: 0x1681981a, L:/127.0.0.1:61476 - R:localhost/127.0.0.1:6896]
11:36:31.742 [Forwarding get on session 7f96e7e36b9f10a8b5acad60a25246de to remote] DEBUG org.asynchttpclient.netty.request.NettyRequestSender - Using pooled Channel '[id: 0x1681981a, L:/127.0.0.1:61476 - R:localhost/127.0.0.1:6896]' for 'POST' to 'http://localhost:6896/session/7f96e7e36b9f10a8b5acad60a25246de/url'
11:36:31.742 [Forwarding get on session 7f96e7e36b9f10a8b5acad60a25246de to remote] DEBUG org.asynchttpclient.netty.request.NettyRequestSender - Using open Channel [id: 0x1681981a, L:/127.0.0.1:61476 - R:localhost/127.0.0.1:6896] for POST '/session/7f96e7e36b9f10a8b5acad60a25246de/url'
11:36:31.835 [AsyncHttpClient-1-1] DEBUG org.asynchttpclient.netty.channel.DefaultChannelPool - Entry count for : http://localhost:61482 : 1
11:36:32.633 [AsyncHttpClient-1-8] DEBUG org.asynchttpclient.netty.handler.HttpHandler - 

Request DefaultHttpRequest(decodeResult: success, version: HTTP/1.1)
POST /session/7f96e7e36b9f10a8b5acad60a25246de/url HTTP/1.1
User-Agent: selenium/4.8.0 (java windows)
Content-Length: 56
Content-Type: application/json; charset=utf-8
host: localhost:6896
accept: */*

Response DefaultHttpResponse(decodeResult: success, version: HTTP/1.1)
HTTP/1.1 200 OK
Content-Length: 14
Content-Type: application/json; charset=utf-8
cache-control: no-cache

11:36:32.633 [AsyncHttpClient-1-8] DEBUG org.asynchttpclient.netty.channel.ChannelManager - Adding key: http://localhost:6896 for channel [id: 0x1681981a, L:/127.0.0.1:61476 - R:localhost/127.0.0.1:6896]
11:36:32.636 [Forwarding setTimeout on session 7f96e7e36b9f10a8b5acad60a25246de to remote] DEBUG org.asynchttpclient.netty.request.NettyRequestSender - Using pooled Channel '[id: 0x1681981a, L:/127.0.0.1:61476 - R:localhost/127.0.0.1:6896]' for 'POST' to 'http://localhost:6896/session/7f96e7e36b9f10a8b5acad60a25246de/timeouts'
11:36:32.636 [Forwarding setTimeout on session 7f96e7e36b9f10a8b5acad60a25246de to remote] DEBUG org.asynchttpclient.netty.request.NettyRequestSender - Using open Channel [id: 0x1681981a, L:/127.0.0.1:61476 - R:localhost/127.0.0.1:6896] for POST '/session/7f96e7e36b9f10a8b5acad60a25246de/timeouts'
11:36:32.637 [AsyncHttpClient-1-8] DEBUG org.asynchttpclient.netty.handler.HttpHandler - 

Request DefaultHttpRequest(decodeResult: success, version: HTTP/1.1)
POST /session/7f96e7e36b9f10a8b5acad60a25246de/timeouts HTTP/1.1
User-Agent: selenium/4.8.0 (java windows)
Content-Length: 21
Content-Type: application/json; charset=utf-8
host: localhost:6896
accept: */*

Response DefaultHttpResponse(decodeResult: success, version: HTTP/1.1)
HTTP/1.1 200 OK
Content-Length: 14
Content-Type: application/json; charset=utf-8
cache-control: no-cache

11:36:32.637 [AsyncHttpClient-1-8] DEBUG org.asynchttpclient.netty.channel.ChannelManager - Adding key: http://localhost:6896 for channel [id: 0x1681981a, L:/127.0.0.1:61476 - R:localhost/127.0.0.1:6896]
11:36:32.639 [Forwarding getCurrentUrl on session 7f96e7e36b9f10a8b5acad60a25246de to remote] DEBUG org.asynchttpclient.netty.request.NettyRequestSender - Using pooled Channel '[id: 0x1681981a, L:/127.0.0.1:61476 - R:localhost/127.0.0.1:6896]' for 'GET' to 'http://localhost:6896/session/7f96e7e36b9f10a8b5acad60a25246de/url'
11:36:32.639 [Forwarding getCurrentUrl on session 7f96e7e36b9f10a8b5acad60a25246de to remote] DEBUG org.asynchttpclient.netty.request.NettyRequestSender - Using open Channel [id: 0x1681981a, L:/127.0.0.1:61476 - R:localhost/127.0.0.1:6896] for GET '/session/7f96e7e36b9f10a8b5acad60a25246de/url'
11:36:32.647 [AsyncHttpClient-1-8] DEBUG org.asynchttpclient.netty.handler.HttpHandler - 

Request DefaultFullHttpRequest(decodeResult: success, version: HTTP/1.1, content: EmptyByteBufBE)
GET /session/7f96e7e36b9f10a8b5acad60a25246de/url HTTP/1.1
User-Agent: selenium/4.8.0 (java windows)
Cache-Control: no-cache
Content-Type: application/json; charset=utf-8
host: localhost:6896
accept: */*

Response DefaultHttpResponse(decodeResult: success, version: HTTP/1.1)
HTTP/1.1 200 OK
Content-Length: 38
Content-Type: application/json; charset=utf-8
cache-control: no-cache

11:36:32.648 [AsyncHttpClient-1-8] DEBUG org.asynchttpclient.netty.channel.ChannelManager - Adding key: http://localhost:6896 for channel [id: 0x1681981a, L:/127.0.0.1:61476 - R:localhost/127.0.0.1:6896]
11:36:32.650 [Forwarding getCurrentUrl on session 7f96e7e36b9f10a8b5acad60a25246de to remote] DEBUG org.asynchttpclient.netty.request.NettyRequestSender - Using pooled Channel '[id: 0x1681981a, L:/127.0.0.1:61476 - R:localhost/127.0.0.1:6896]' for 'GET' to 'http://localhost:6896/session/7f96e7e36b9f10a8b5acad60a25246de/url'
11:36:32.650 [Forwarding getCurrentUrl on session 7f96e7e36b9f10a8b5acad60a25246de to remote] DEBUG org.asynchttpclient.netty.request.NettyRequestSender - Using open Channel [id: 0x1681981a, L:/127.0.0.1:61476 - R:localhost/127.0.0.1:6896] for GET '/session/7f96e7e36b9f10a8b5acad60a25246de/url'
11:36:32.655 [AsyncHttpClient-1-8] DEBUG org.asynchttpclient.netty.handler.HttpHandler - 

Request DefaultFullHttpRequest(decodeResult: success, version: HTTP/1.1, content: EmptyByteBufBE)
GET /session/7f96e7e36b9f10a8b5acad60a25246de/url HTTP/1.1
User-Agent: selenium/4.8.0 (java windows)
Cache-Control: no-cache
Content-Type: application/json; charset=utf-8
host: localhost:6896
accept: */*

Response DefaultHttpResponse(decodeResult: success, version: HTTP/1.1)
HTTP/1.1 200 OK
Content-Length: 38
Content-Type: application/json; charset=utf-8
cache-control: no-cache

11:36:32.656 [AsyncHttpClient-1-8] DEBUG org.asynchttpclient.netty.channel.ChannelManager - Adding key: http://localhost:6896 for channel [id: 0x1681981a, L:/127.0.0.1:61476 - R:localhost/127.0.0.1:6896]
11:36:32.656 [main] INFO  com.swaglabs.base.SetUp - browser launched
11:36:32.661 [main] DEBUG net.serenitybdd.core.photography.Darkroom - Opening darkroom
11:36:32.668 [Darkroom Processing Line] DEBUG net.serenitybdd.core.photography.DarkroomProcessingLine - Darkroom processing line starting up
11:36:32.669 [Forwarding getAlertText on session 7f96e7e36b9f10a8b5acad60a25246de to remote] DEBUG org.asynchttpclient.netty.request.NettyRequestSender - Using pooled Channel '[id: 0x1681981a, L:/127.0.0.1:61476 - R:localhost/127.0.0.1:6896]' for 'GET' to 'http://localhost:6896/session/7f96e7e36b9f10a8b5acad60a25246de/alert/text'
11:36:32.669 [Forwarding getAlertText on session 7f96e7e36b9f10a8b5acad60a25246de to remote] DEBUG org.asynchttpclient.netty.request.NettyRequestSender - Using open Channel [id: 0x1681981a, L:/127.0.0.1:61476 - R:localhost/127.0.0.1:6896] for GET '/session/7f96e7e36b9f10a8b5acad60a25246de/alert/text'
11:36:32.671 [AsyncHttpClient-1-8] DEBUG org.asynchttpclient.netty.handler.HttpHandler - 

Request DefaultFullHttpRequest(decodeResult: success, version: HTTP/1.1, content: EmptyByteBufBE)
GET /session/7f96e7e36b9f10a8b5acad60a25246de/alert/text HTTP/1.1
User-Agent: selenium/4.8.0 (java windows)
Cache-Control: no-cache
Content-Type: application/json; charset=utf-8
host: localhost:6896
accept: */*

Response DefaultHttpResponse(decodeResult: success, version: HTTP/1.1)
HTTP/1.1 404 Not Found
Content-Length: 1522
Content-Type: application/json; charset=utf-8
cache-control: no-cache

11:36:32.672 [AsyncHttpClient-1-8] DEBUG org.asynchttpclient.netty.channel.ChannelManager - Adding key: http://localhost:6896 for channel [id: 0x1681981a, L:/127.0.0.1:61476 - R:localhost/127.0.0.1:6896]
11:36:32.673 [Forwarding getCurrentUrl on session 7f96e7e36b9f10a8b5acad60a25246de to remote] DEBUG org.asynchttpclient.netty.request.NettyRequestSender - Using pooled Channel '[id: 0x1681981a, L:/127.0.0.1:61476 - R:localhost/127.0.0.1:6896]' for 'GET' to 'http://localhost:6896/session/7f96e7e36b9f10a8b5acad60a25246de/url'
11:36:32.673 [Forwarding getCurrentUrl on session 7f96e7e36b9f10a8b5acad60a25246de to remote] DEBUG org.asynchttpclient.netty.request.NettyRequestSender - Using open Channel [id: 0x1681981a, L:/127.0.0.1:61476 - R:localhost/127.0.0.1:6896] for GET '/session/7f96e7e36b9f10a8b5acad60a25246de/url'
11:36:32.680 [AsyncHttpClient-1-8] DEBUG org.asynchttpclient.netty.handler.HttpHandler - 

Request DefaultFullHttpRequest(decodeResult: success, version: HTTP/1.1, content: EmptyByteBufBE)
GET /session/7f96e7e36b9f10a8b5acad60a25246de/url HTTP/1.1
User-Agent: selenium/4.8.0 (java windows)
Cache-Control: no-cache
Content-Type: application/json; charset=utf-8
host: localhost:6896
accept: */*

Response DefaultHttpResponse(decodeResult: success, version: HTTP/1.1)
HTTP/1.1 200 OK
Content-Length: 38
Content-Type: application/json; charset=utf-8
cache-control: no-cache

11:36:32.680 [AsyncHttpClient-1-8] DEBUG org.asynchttpclient.netty.channel.ChannelManager - Adding key: http://localhost:6896 for channel [id: 0x1681981a, L:/127.0.0.1:61476 - R:localhost/127.0.0.1:6896]
11:36:32.682 [Forwarding screenshot on session 7f96e7e36b9f10a8b5acad60a25246de to remote] DEBUG org.asynchttpclient.netty.request.NettyRequestSender - Using pooled Channel '[id: 0x1681981a, L:/127.0.0.1:61476 - R:localhost/127.0.0.1:6896]' for 'GET' to 'http://localhost:6896/session/7f96e7e36b9f10a8b5acad60a25246de/screenshot'
11:36:32.682 [Forwarding screenshot on session 7f96e7e36b9f10a8b5acad60a25246de to remote] DEBUG org.asynchttpclient.netty.request.NettyRequestSender - Using open Channel [id: 0x1681981a, L:/127.0.0.1:61476 - R:localhost/127.0.0.1:6896] for GET '/session/7f96e7e36b9f10a8b5acad60a25246de/screenshot'
11:36:32.861 [AsyncHttpClient-1-8] DEBUG org.asynchttpclient.netty.handler.HttpHandler - 

Request DefaultFullHttpRequest(decodeResult: success, version: HTTP/1.1, content: EmptyByteBufBE)
GET /session/7f96e7e36b9f10a8b5acad60a25246de/screenshot HTTP/1.1
User-Agent: selenium/4.8.0 (java windows)
Cache-Control: no-cache
Content-Type: application/json; charset=utf-8
host: localhost:6896
accept: */*

Response DefaultHttpResponse(decodeResult: success, version: HTTP/1.1)
HTTP/1.1 200 OK
Content-Length: 56888
Content-Type: application/json; charset=utf-8
cache-control: no-cache

11:36:32.862 [AsyncHttpClient-1-8] DEBUG org.asynchttpclient.netty.channel.ChannelManager - Adding key: http://localhost:6896 for channel [id: 0x1681981a, L:/127.0.0.1:61476 - R:localhost/127.0.0.1:6896]
11:36:32.866 [main] DEBUG net.serenitybdd.core.photography.Darkroom - Send negative for processing for target\site\serenity\9e064797e028a3807699613c333f7a315a08d2c82b6ed50ea0e2ad01a26ca09b.png
11:36:32.866 [main] DEBUG net.thucydides.core.steps.StepInterceptor - STEP DONE: launch browser
11:36:32.880 [Forwarding getPageSource on session 7f96e7e36b9f10a8b5acad60a25246de to remote] DEBUG org.asynchttpclient.netty.request.NettyRequestSender - Using pooled Channel '[id: 0x1681981a, L:/127.0.0.1:61476 - R:localhost/127.0.0.1:6896]' for 'POST' to 'http://localhost:6896/session/7f96e7e36b9f10a8b5acad60a25246de/execute/sync'
11:36:32.880 [Forwarding getPageSource on session 7f96e7e36b9f10a8b5acad60a25246de to remote] DEBUG org.asynchttpclient.netty.request.NettyRequestSender - Using open Channel [id: 0x1681981a, L:/127.0.0.1:61476 - R:localhost/127.0.0.1:6896] for POST '/session/7f96e7e36b9f10a8b5acad60a25246de/execute/sync'
11:36:32.889 [AsyncHttpClient-1-8] DEBUG org.asynchttpclient.netty.handler.HttpHandler - 

Request DefaultHttpRequest(decodeResult: success, version: HTTP/1.1)
POST /session/7f96e7e36b9f10a8b5acad60a25246de/execute/sync HTTP/1.1
User-Agent: selenium/4.8.0 (java windows)
Content-Length: 176
Content-Type: application/json; charset=utf-8
host: localhost:6896
accept: */*

Response DefaultHttpResponse(decodeResult: success, version: HTTP/1.1)
HTTP/1.1 200 OK
Content-Length: 4333
Content-Type: application/json; charset=utf-8
cache-control: no-cache

11:36:32.889 [AsyncHttpClient-1-8] DEBUG org.asynchttpclient.netty.channel.ChannelManager - Adding key: http://localhost:6896 for channel [id: 0x1681981a, L:/127.0.0.1:61476 - R:localhost/127.0.0.1:6896]
11:36:32.890 [Forwarding getCurrentUrl on session 7f96e7e36b9f10a8b5acad60a25246de to remote] DEBUG org.asynchttpclient.netty.request.NettyRequestSender - Using pooled Channel '[id: 0x1681981a, L:/127.0.0.1:61476 - R:localhost/127.0.0.1:6896]' for 'GET' to 'http://localhost:6896/session/7f96e7e36b9f10a8b5acad60a25246de/url'
11:36:32.890 [Forwarding getCurrentUrl on session 7f96e7e36b9f10a8b5acad60a25246de to remote] DEBUG org.asynchttpclient.netty.request.NettyRequestSender - Using open Channel [id: 0x1681981a, L:/127.0.0.1:61476 - R:localhost/127.0.0.1:6896] for GET '/session/7f96e7e36b9f10a8b5acad60a25246de/url'
11:36:32.899 [AsyncHttpClient-1-8] DEBUG org.asynchttpclient.netty.handler.HttpHandler - 

Request DefaultFullHttpRequest(decodeResult: success, version: HTTP/1.1, content: EmptyByteBufBE)
GET /session/7f96e7e36b9f10a8b5acad60a25246de/url HTTP/1.1
User-Agent: selenium/4.8.0 (java windows)
Cache-Control: no-cache
Content-Type: application/json; charset=utf-8
host: localhost:6896
accept: */*

Response DefaultHttpResponse(decodeResult: success, version: HTTP/1.1)
HTTP/1.1 200 OK
Content-Length: 38
Content-Type: application/json; charset=utf-8
cache-control: no-cache

11:36:32.899 [AsyncHttpClient-1-8] DEBUG org.asynchttpclient.netty.channel.ChannelManager - Adding key: http://localhost:6896 for channel [id: 0x1681981a, L:/127.0.0.1:61476 - R:localhost/127.0.0.1:6896]
11:36:32.909 [main] DEBUG net.thucydides.core.steps.StepInterceptor - STARTING STEP: Tests.testCases - launch browser
11:36:32.910 [Forwarding get on session 7f96e7e36b9f10a8b5acad60a25246de to remote] DEBUG org.asynchttpclient.netty.request.NettyRequestSender - Using pooled Channel '[id: 0x1681981a, L:/127.0.0.1:61476 - R:localhost/127.0.0.1:6896]' for 'POST' to 'http://localhost:6896/session/7f96e7e36b9f10a8b5acad60a25246de/url'
11:36:32.910 [Forwarding get on session 7f96e7e36b9f10a8b5acad60a25246de to remote] DEBUG org.asynchttpclient.netty.request.NettyRequestSender - Using open Channel [id: 0x1681981a, L:/127.0.0.1:61476 - R:localhost/127.0.0.1:6896] for POST '/session/7f96e7e36b9f10a8b5acad60a25246de/url'
11:36:32.935 [AsyncHttpClient-1-1] DEBUG org.asynchttpclient.netty.channel.DefaultChannelPool - Entry count for : http://localhost:61482 : 1
11:36:33.083 [AsyncHttpClient-1-8] DEBUG org.asynchttpclient.netty.handler.HttpHandler - 

Request DefaultHttpRequest(decodeResult: success, version: HTTP/1.1)
POST /session/7f96e7e36b9f10a8b5acad60a25246de/url HTTP/1.1
User-Agent: selenium/4.8.0 (java windows)
Content-Length: 56
Content-Type: application/json; charset=utf-8
host: localhost:6896
accept: */*

Response DefaultHttpResponse(decodeResult: success, version: HTTP/1.1)
HTTP/1.1 200 OK
Content-Length: 14
Content-Type: application/json; charset=utf-8
cache-control: no-cache

11:36:33.084 [AsyncHttpClient-1-8] DEBUG org.asynchttpclient.netty.channel.ChannelManager - Adding key: http://localhost:6896 for channel [id: 0x1681981a, L:/127.0.0.1:61476 - R:localhost/127.0.0.1:6896]
11:36:33.085 [Forwarding getCurrentUrl on session 7f96e7e36b9f10a8b5acad60a25246de to remote] DEBUG org.asynchttpclient.netty.request.NettyRequestSender - Using pooled Channel '[id: 0x1681981a, L:/127.0.0.1:61476 - R:localhost/127.0.0.1:6896]' for 'GET' to 'http://localhost:6896/session/7f96e7e36b9f10a8b5acad60a25246de/url'
11:36:33.085 [Forwarding getCurrentUrl on session 7f96e7e36b9f10a8b5acad60a25246de to remote] DEBUG org.asynchttpclient.netty.request.NettyRequestSender - Using open Channel [id: 0x1681981a, L:/127.0.0.1:61476 - R:localhost/127.0.0.1:6896] for GET '/session/7f96e7e36b9f10a8b5acad60a25246de/url'
11:36:33.097 [AsyncHttpClient-1-8] DEBUG org.asynchttpclient.netty.handler.HttpHandler - 

Request DefaultFullHttpRequest(decodeResult: success, version: HTTP/1.1, content: EmptyByteBufBE)
GET /session/7f96e7e36b9f10a8b5acad60a25246de/url HTTP/1.1
User-Agent: selenium/4.8.0 (java windows)
Cache-Control: no-cache
Content-Type: application/json; charset=utf-8
host: localhost:6896
accept: */*

Response DefaultHttpResponse(decodeResult: success, version: HTTP/1.1)
HTTP/1.1 200 OK
Content-Length: 38
Content-Type: application/json; charset=utf-8
cache-control: no-cache

11:36:33.098 [AsyncHttpClient-1-8] DEBUG org.asynchttpclient.netty.channel.ChannelManager - Adding key: http://localhost:6896 for channel [id: 0x1681981a, L:/127.0.0.1:61476 - R:localhost/127.0.0.1:6896]
11:36:33.100 [Forwarding getCurrentUrl on session 7f96e7e36b9f10a8b5acad60a25246de to remote] DEBUG org.asynchttpclient.netty.request.NettyRequestSender - Using pooled Channel '[id: 0x1681981a, L:/127.0.0.1:61476 - R:localhost/127.0.0.1:6896]' for 'GET' to 'http://localhost:6896/session/7f96e7e36b9f10a8b5acad60a25246de/url'
11:36:33.100 [Forwarding getCurrentUrl on session 7f96e7e36b9f10a8b5acad60a25246de to remote] DEBUG org.asynchttpclient.netty.request.NettyRequestSender - Using open Channel [id: 0x1681981a, L:/127.0.0.1:61476 - R:localhost/127.0.0.1:6896] for GET '/session/7f96e7e36b9f10a8b5acad60a25246de/url'
11:36:33.106 [AsyncHttpClient-1-8] DEBUG org.asynchttpclient.netty.handler.HttpHandler - 

Request DefaultFullHttpRequest(decodeResult: success, version: HTTP/1.1, content: EmptyByteBufBE)
GET /session/7f96e7e36b9f10a8b5acad60a25246de/url HTTP/1.1
User-Agent: selenium/4.8.0 (java windows)
Cache-Control: no-cache
Content-Type: application/json; charset=utf-8
host: localhost:6896
accept: */*

Response DefaultHttpResponse(decodeResult: success, version: HTTP/1.1)
HTTP/1.1 200 OK
Content-Length: 38
Content-Type: application/json; charset=utf-8
cache-control: no-cache

11:36:33.106 [AsyncHttpClient-1-8] DEBUG org.asynchttpclient.netty.channel.ChannelManager - Adding key: http://localhost:6896 for channel [id: 0x1681981a, L:/127.0.0.1:61476 - R:localhost/127.0.0.1:6896]
11:36:33.107 [main] INFO  com.swaglabs.base.SetUp - browser launched
11:36:33.116 [Forwarding getAlertText on session 7f96e7e36b9f10a8b5acad60a25246de to remote] DEBUG org.asynchttpclient.netty.request.NettyRequestSender - Using pooled Channel '[id: 0x1681981a, L:/127.0.0.1:61476 - R:localhost/127.0.0.1:6896]' for 'GET' to 'http://localhost:6896/session/7f96e7e36b9f10a8b5acad60a25246de/alert/text'
11:36:33.116 [Forwarding getAlertText on session 7f96e7e36b9f10a8b5acad60a25246de to remote] DEBUG org.asynchttpclient.netty.request.NettyRequestSender - Using open Channel [id: 0x1681981a, L:/127.0.0.1:61476 - R:localhost/127.0.0.1:6896] for GET '/session/7f96e7e36b9f10a8b5acad60a25246de/alert/text'
11:36:33.120 [AsyncHttpClient-1-8] DEBUG org.asynchttpclient.netty.handler.HttpHandler - 

Request DefaultFullHttpRequest(decodeResult: success, version: HTTP/1.1, content: EmptyByteBufBE)
GET /session/7f96e7e36b9f10a8b5acad60a25246de/alert/text HTTP/1.1
User-Agent: selenium/4.8.0 (java windows)
Cache-Control: no-cache
Content-Type: application/json; charset=utf-8
host: localhost:6896
accept: */*

Response DefaultHttpResponse(decodeResult: success, version: HTTP/1.1)
HTTP/1.1 404 Not Found
Content-Length: 1522
Content-Type: application/json; charset=utf-8
cache-control: no-cache

11:36:33.120 [AsyncHttpClient-1-8] DEBUG org.asynchttpclient.netty.channel.ChannelManager - Adding key: http://localhost:6896 for channel [id: 0x1681981a, L:/127.0.0.1:61476 - R:localhost/127.0.0.1:6896]
11:36:33.121 [Forwarding getCurrentUrl on session 7f96e7e36b9f10a8b5acad60a25246de to remote] DEBUG org.asynchttpclient.netty.request.NettyRequestSender - Using pooled Channel '[id: 0x1681981a, L:/127.0.0.1:61476 - R:localhost/127.0.0.1:6896]' for 'GET' to 'http://localhost:6896/session/7f96e7e36b9f10a8b5acad60a25246de/url'
11:36:33.121 [Forwarding getCurrentUrl on session 7f96e7e36b9f10a8b5acad60a25246de to remote] DEBUG org.asynchttpclient.netty.request.NettyRequestSender - Using open Channel [id: 0x1681981a, L:/127.0.0.1:61476 - R:localhost/127.0.0.1:6896] for GET '/session/7f96e7e36b9f10a8b5acad60a25246de/url'
11:36:33.127 [AsyncHttpClient-1-8] DEBUG org.asynchttpclient.netty.handler.HttpHandler - 

Request DefaultFullHttpRequest(decodeResult: success, version: HTTP/1.1, content: EmptyByteBufBE)
GET /session/7f96e7e36b9f10a8b5acad60a25246de/url HTTP/1.1
User-Agent: selenium/4.8.0 (java windows)
Cache-Control: no-cache
Content-Type: application/json; charset=utf-8
host: localhost:6896
accept: */*

Response DefaultHttpResponse(decodeResult: success, version: HTTP/1.1)
HTTP/1.1 200 OK
Content-Length: 38
Content-Type: application/json; charset=utf-8
cache-control: no-cache

11:36:33.127 [AsyncHttpClient-1-8] DEBUG org.asynchttpclient.netty.channel.ChannelManager - Adding key: http://localhost:6896 for channel [id: 0x1681981a, L:/127.0.0.1:61476 - R:localhost/127.0.0.1:6896]
11:36:33.128 [Forwarding screenshot on session 7f96e7e36b9f10a8b5acad60a25246de to remote] DEBUG org.asynchttpclient.netty.request.NettyRequestSender - Using pooled Channel '[id: 0x1681981a, L:/127.0.0.1:61476 - R:localhost/127.0.0.1:6896]' for 'GET' to 'http://localhost:6896/session/7f96e7e36b9f10a8b5acad60a25246de/screenshot'
11:36:33.128 [Forwarding screenshot on session 7f96e7e36b9f10a8b5acad60a25246de to remote] DEBUG org.asynchttpclient.netty.request.NettyRequestSender - Using open Channel [id: 0x1681981a, L:/127.0.0.1:61476 - R:localhost/127.0.0.1:6896] for GET '/session/7f96e7e36b9f10a8b5acad60a25246de/screenshot'
11:36:33.319 [AsyncHttpClient-1-8] DEBUG org.asynchttpclient.netty.handler.HttpHandler - 

Request DefaultFullHttpRequest(decodeResult: success, version: HTTP/1.1, content: EmptyByteBufBE)
GET /session/7f96e7e36b9f10a8b5acad60a25246de/screenshot HTTP/1.1
User-Agent: selenium/4.8.0 (java windows)
Cache-Control: no-cache
Content-Type: application/json; charset=utf-8
host: localhost:6896
accept: */*

Response DefaultHttpResponse(decodeResult: success, version: HTTP/1.1)
HTTP/1.1 200 OK
Content-Length: 56888
Content-Type: application/json; charset=utf-8
cache-control: no-cache

11:36:33.320 [AsyncHttpClient-1-8] DEBUG org.asynchttpclient.netty.channel.ChannelManager - Adding key: http://localhost:6896 for channel [id: 0x1681981a, L:/127.0.0.1:61476 - R:localhost/127.0.0.1:6896]
11:36:33.322 [main] DEBUG net.serenitybdd.core.photography.Darkroom - Send negative for processing for target\site\serenity\9e064797e028a3807699613c333f7a315a08d2c82b6ed50ea0e2ad01a26ca09b.png
11:36:33.322 [main] DEBUG net.thucydides.core.steps.StepInterceptor - STEP DONE: launch browser
11:36:33.329 [Forwarding getPageSource on session 7f96e7e36b9f10a8b5acad60a25246de to remote] DEBUG org.asynchttpclient.netty.request.NettyRequestSender - Using pooled Channel '[id: 0x1681981a, L:/127.0.0.1:61476 - R:localhost/127.0.0.1:6896]' for 'POST' to 'http://localhost:6896/session/7f96e7e36b9f10a8b5acad60a25246de/execute/sync'
11:36:33.329 [Forwarding getPageSource on session 7f96e7e36b9f10a8b5acad60a25246de to remote] DEBUG org.asynchttpclient.netty.request.NettyRequestSender - Using open Channel [id: 0x1681981a, L:/127.0.0.1:61476 - R:localhost/127.0.0.1:6896] for POST '/session/7f96e7e36b9f10a8b5acad60a25246de/execute/sync'
11:36:33.343 [AsyncHttpClient-1-8] DEBUG org.asynchttpclient.netty.handler.HttpHandler - 

Request DefaultHttpRequest(decodeResult: success, version: HTTP/1.1)
POST /session/7f96e7e36b9f10a8b5acad60a25246de/execute/sync HTTP/1.1
User-Agent: selenium/4.8.0 (java windows)
Content-Length: 176
Content-Type: application/json; charset=utf-8
host: localhost:6896
accept: */*

Response DefaultHttpResponse(decodeResult: success, version: HTTP/1.1)
HTTP/1.1 200 OK
Content-Length: 4333
Content-Type: application/json; charset=utf-8
cache-control: no-cache

11:36:33.343 [AsyncHttpClient-1-8] DEBUG org.asynchttpclient.netty.channel.ChannelManager - Adding key: http://localhost:6896 for channel [id: 0x1681981a, L:/127.0.0.1:61476 - R:localhost/127.0.0.1:6896]
11:36:33.346 [Forwarding getCurrentUrl on session 7f96e7e36b9f10a8b5acad60a25246de to remote] DEBUG org.asynchttpclient.netty.request.NettyRequestSender - Using pooled Channel '[id: 0x1681981a, L:/127.0.0.1:61476 - R:localhost/127.0.0.1:6896]' for 'GET' to 'http://localhost:6896/session/7f96e7e36b9f10a8b5acad60a25246de/url'
11:36:33.346 [Forwarding getCurrentUrl on session 7f96e7e36b9f10a8b5acad60a25246de to remote] DEBUG org.asynchttpclient.netty.request.NettyRequestSender - Using open Channel [id: 0x1681981a, L:/127.0.0.1:61476 - R:localhost/127.0.0.1:6896] for GET '/session/7f96e7e36b9f10a8b5acad60a25246de/url'
11:36:33.355 [AsyncHttpClient-1-8] DEBUG org.asynchttpclient.netty.handler.HttpHandler - 

Request DefaultFullHttpRequest(decodeResult: success, version: HTTP/1.1, content: EmptyByteBufBE)
GET /session/7f96e7e36b9f10a8b5acad60a25246de/url HTTP/1.1
User-Agent: selenium/4.8.0 (java windows)
Cache-Control: no-cache
Content-Type: application/json; charset=utf-8
host: localhost:6896
accept: */*

Response DefaultHttpResponse(decodeResult: success, version: HTTP/1.1)
HTTP/1.1 200 OK
Content-Length: 38
Content-Type: application/json; charset=utf-8
cache-control: no-cache

11:36:33.355 [AsyncHttpClient-1-8] DEBUG org.asynchttpclient.netty.channel.ChannelManager - Adding key: http://localhost:6896 for channel [id: 0x1681981a, L:/127.0.0.1:61476 - R:localhost/127.0.0.1:6896]
11:36:33.363 [main] DEBUG net.thucydides.core.steps.StepInterceptor - STARTING STEP: Tests.testCases - test2_ValidateUserinterfaceHeadersAndFooters
11:36:33.366 [Forwarding getTitle on session 7f96e7e36b9f10a8b5acad60a25246de to remote] DEBUG org.asynchttpclient.netty.request.NettyRequestSender - Using pooled Channel '[id: 0x1681981a, L:/127.0.0.1:61476 - R:localhost/127.0.0.1:6896]' for 'GET' to 'http://localhost:6896/session/7f96e7e36b9f10a8b5acad60a25246de/title'
11:36:33.366 [Forwarding getTitle on session 7f96e7e36b9f10a8b5acad60a25246de to remote] DEBUG org.asynchttpclient.netty.request.NettyRequestSender - Using open Channel [id: 0x1681981a, L:/127.0.0.1:61476 - R:localhost/127.0.0.1:6896] for GET '/session/7f96e7e36b9f10a8b5acad60a25246de/title'
11:36:33.372 [AsyncHttpClient-1-8] DEBUG org.asynchttpclient.netty.handler.HttpHandler - 

Request DefaultFullHttpRequest(decodeResult: success, version: HTTP/1.1, content: EmptyByteBufBE)
GET /session/7f96e7e36b9f10a8b5acad60a25246de/title HTTP/1.1
User-Agent: selenium/4.8.0 (java windows)
Cache-Control: no-cache
Content-Type: application/json; charset=utf-8
host: localhost:6896
accept: */*

Response DefaultHttpResponse(decodeResult: success, version: HTTP/1.1)
HTTP/1.1 200 OK
Content-Length: 21
Content-Type: application/json; charset=utf-8
cache-control: no-cache

11:36:33.372 [AsyncHttpClient-1-8] DEBUG org.asynchttpclient.netty.channel.ChannelManager - Adding key: http://localhost:6896 for channel [id: 0x1681981a, L:/127.0.0.1:61476 - R:localhost/127.0.0.1:6896]
11:36:33.380 [Forwarding getAlertText on session 7f96e7e36b9f10a8b5acad60a25246de to remote] DEBUG org.asynchttpclient.netty.request.NettyRequestSender - Using pooled Channel '[id: 0x1681981a, L:/127.0.0.1:61476 - R:localhost/127.0.0.1:6896]' for 'GET' to 'http://localhost:6896/session/7f96e7e36b9f10a8b5acad60a25246de/alert/text'
11:36:33.380 [Forwarding getAlertText on session 7f96e7e36b9f10a8b5acad60a25246de to remote] DEBUG org.asynchttpclient.netty.request.NettyRequestSender - Using open Channel [id: 0x1681981a, L:/127.0.0.1:61476 - R:localhost/127.0.0.1:6896] for GET '/session/7f96e7e36b9f10a8b5acad60a25246de/alert/text'
11:36:33.382 [AsyncHttpClient-1-8] DEBUG org.asynchttpclient.netty.handler.HttpHandler - 

Request DefaultFullHttpRequest(decodeResult: success, version: HTTP/1.1, content: EmptyByteBufBE)
GET /session/7f96e7e36b9f10a8b5acad60a25246de/alert/text HTTP/1.1
User-Agent: selenium/4.8.0 (java windows)
Cache-Control: no-cache
Content-Type: application/json; charset=utf-8
host: localhost:6896
accept: */*

Response DefaultHttpResponse(decodeResult: success, version: HTTP/1.1)
HTTP/1.1 404 Not Found
Content-Length: 1522
Content-Type: application/json; charset=utf-8
cache-control: no-cache

11:36:33.382 [AsyncHttpClient-1-8] DEBUG org.asynchttpclient.netty.channel.ChannelManager - Adding key: http://localhost:6896 for channel [id: 0x1681981a, L:/127.0.0.1:61476 - R:localhost/127.0.0.1:6896]
11:36:33.383 [Forwarding getCurrentUrl on session 7f96e7e36b9f10a8b5acad60a25246de to remote] DEBUG org.asynchttpclient.netty.request.NettyRequestSender - Using pooled Channel '[id: 0x1681981a, L:/127.0.0.1:61476 - R:localhost/127.0.0.1:6896]' for 'GET' to 'http://localhost:6896/session/7f96e7e36b9f10a8b5acad60a25246de/url'
11:36:33.383 [Forwarding getCurrentUrl on session 7f96e7e36b9f10a8b5acad60a25246de to remote] DEBUG org.asynchttpclient.netty.request.NettyRequestSender - Using open Channel [id: 0x1681981a, L:/127.0.0.1:61476 - R:localhost/127.0.0.1:6896] for GET '/session/7f96e7e36b9f10a8b5acad60a25246de/url'
11:36:33.387 [AsyncHttpClient-1-8] DEBUG org.asynchttpclient.netty.handler.HttpHandler - 

Request DefaultFullHttpRequest(decodeResult: success, version: HTTP/1.1, content: EmptyByteBufBE)
GET /session/7f96e7e36b9f10a8b5acad60a25246de/url HTTP/1.1
User-Agent: selenium/4.8.0 (java windows)
Cache-Control: no-cache
Content-Type: application/json; charset=utf-8
host: localhost:6896
accept: */*

Response DefaultHttpResponse(decodeResult: success, version: HTTP/1.1)
HTTP/1.1 200 OK
Content-Length: 38
Content-Type: application/json; charset=utf-8
cache-control: no-cache

11:36:33.387 [AsyncHttpClient-1-8] DEBUG org.asynchttpclient.netty.channel.ChannelManager - Adding key: http://localhost:6896 for channel [id: 0x1681981a, L:/127.0.0.1:61476 - R:localhost/127.0.0.1:6896]
11:36:33.388 [Forwarding screenshot on session 7f96e7e36b9f10a8b5acad60a25246de to remote] DEBUG org.asynchttpclient.netty.request.NettyRequestSender - Using pooled Channel '[id: 0x1681981a, L:/127.0.0.1:61476 - R:localhost/127.0.0.1:6896]' for 'GET' to 'http://localhost:6896/session/7f96e7e36b9f10a8b5acad60a25246de/screenshot'
11:36:33.388 [Forwarding screenshot on session 7f96e7e36b9f10a8b5acad60a25246de to remote] DEBUG org.asynchttpclient.netty.request.NettyRequestSender - Using open Channel [id: 0x1681981a, L:/127.0.0.1:61476 - R:localhost/127.0.0.1:6896] for GET '/session/7f96e7e36b9f10a8b5acad60a25246de/screenshot'
11:36:33.527 [AsyncHttpClient-1-8] DEBUG org.asynchttpclient.netty.handler.HttpHandler - 

Request DefaultFullHttpRequest(decodeResult: success, version: HTTP/1.1, content: EmptyByteBufBE)
GET /session/7f96e7e36b9f10a8b5acad60a25246de/screenshot HTTP/1.1
User-Agent: selenium/4.8.0 (java windows)
Cache-Control: no-cache
Content-Type: application/json; charset=utf-8
host: localhost:6896
accept: */*

Response DefaultHttpResponse(decodeResult: success, version: HTTP/1.1)
HTTP/1.1 200 OK
Content-Length: 56888
Content-Type: application/json; charset=utf-8
cache-control: no-cache

11:36:33.527 [AsyncHttpClient-1-8] DEBUG org.asynchttpclient.netty.channel.ChannelManager - Adding key: http://localhost:6896 for channel [id: 0x1681981a, L:/127.0.0.1:61476 - R:localhost/127.0.0.1:6896]
11:36:33.529 [main] DEBUG net.serenitybdd.core.photography.Darkroom - Send negative for processing for target\site\serenity\9e064797e028a3807699613c333f7a315a08d2c82b6ed50ea0e2ad01a26ca09b.png
11:36:33.530 [Forwarding getPageSource on session 7f96e7e36b9f10a8b5acad60a25246de to remote] DEBUG org.asynchttpclient.netty.request.NettyRequestSender - Using pooled Channel '[id: 0x1681981a, L:/127.0.0.1:61476 - R:localhost/127.0.0.1:6896]' for 'POST' to 'http://localhost:6896/session/7f96e7e36b9f10a8b5acad60a25246de/execute/sync'
11:36:33.530 [Forwarding getPageSource on session 7f96e7e36b9f10a8b5acad60a25246de to remote] DEBUG org.asynchttpclient.netty.request.NettyRequestSender - Using open Channel [id: 0x1681981a, L:/127.0.0.1:61476 - R:localhost/127.0.0.1:6896] for POST '/session/7f96e7e36b9f10a8b5acad60a25246de/execute/sync'
11:36:33.535 [AsyncHttpClient-1-8] DEBUG org.asynchttpclient.netty.handler.HttpHandler - 

Request DefaultHttpRequest(decodeResult: success, version: HTTP/1.1)
POST /session/7f96e7e36b9f10a8b5acad60a25246de/execute/sync HTTP/1.1
User-Agent: selenium/4.8.0 (java windows)
Content-Length: 176
Content-Type: application/json; charset=utf-8
host: localhost:6896
accept: */*

Response DefaultHttpResponse(decodeResult: success, version: HTTP/1.1)
HTTP/1.1 200 OK
Content-Length: 4333
Content-Type: application/json; charset=utf-8
cache-control: no-cache

11:36:33.535 [AsyncHttpClient-1-8] DEBUG org.asynchttpclient.netty.channel.ChannelManager - Adding key: http://localhost:6896 for channel [id: 0x1681981a, L:/127.0.0.1:61476 - R:localhost/127.0.0.1:6896]
11:36:33.536 [Forwarding getCurrentUrl on session 7f96e7e36b9f10a8b5acad60a25246de to remote] DEBUG org.asynchttpclient.netty.request.NettyRequestSender - Using pooled Channel '[id: 0x1681981a, L:/127.0.0.1:61476 - R:localhost/127.0.0.1:6896]' for 'GET' to 'http://localhost:6896/session/7f96e7e36b9f10a8b5acad60a25246de/url'
11:36:33.537 [Forwarding getCurrentUrl on session 7f96e7e36b9f10a8b5acad60a25246de to remote] DEBUG org.asynchttpclient.netty.request.NettyRequestSender - Using open Channel [id: 0x1681981a, L:/127.0.0.1:61476 - R:localhost/127.0.0.1:6896] for GET '/session/7f96e7e36b9f10a8b5acad60a25246de/url'
11:36:33.540 [AsyncHttpClient-1-8] DEBUG org.asynchttpclient.netty.handler.HttpHandler - 

Request DefaultFullHttpRequest(decodeResult: success, version: HTTP/1.1, content: EmptyByteBufBE)
GET /session/7f96e7e36b9f10a8b5acad60a25246de/url HTTP/1.1
User-Agent: selenium/4.8.0 (java windows)
Cache-Control: no-cache
Content-Type: application/json; charset=utf-8
host: localhost:6896
accept: */*

Response DefaultHttpResponse(decodeResult: success, version: HTTP/1.1)
HTTP/1.1 200 OK
Content-Length: 38
Content-Type: application/json; charset=utf-8
cache-control: no-cache

11:36:33.540 [AsyncHttpClient-1-8] DEBUG org.asynchttpclient.netty.channel.ChannelManager - Adding key: http://localhost:6896 for channel [id: 0x1681981a, L:/127.0.0.1:61476 - R:localhost/127.0.0.1:6896]
11:36:33.554 [main] INFO  com.swaglabs.base.SetUp - Swag Labs title validation passed
11:36:33.560 [Forwarding findElement on session 7f96e7e36b9f10a8b5acad60a25246de to remote] DEBUG org.asynchttpclient.netty.request.NettyRequestSender - Using pooled Channel '[id: 0x1681981a, L:/127.0.0.1:61476 - R:localhost/127.0.0.1:6896]' for 'POST' to 'http://localhost:6896/session/7f96e7e36b9f10a8b5acad60a25246de/element'
11:36:33.560 [Forwarding findElement on session 7f96e7e36b9f10a8b5acad60a25246de to remote] DEBUG org.asynchttpclient.netty.request.NettyRequestSender - Using open Channel [id: 0x1681981a, L:/127.0.0.1:61476 - R:localhost/127.0.0.1:6896] for POST '/session/7f96e7e36b9f10a8b5acad60a25246de/element'
11:36:33.573 [AsyncHttpClient-1-8] DEBUG org.asynchttpclient.netty.handler.HttpHandler - 

Request DefaultHttpRequest(decodeResult: success, version: HTTP/1.1)
POST /session/7f96e7e36b9f10a8b5acad60a25246de/element HTTP/1.1
User-Agent: selenium/4.8.0 (java windows)
Content-Length: 73
Content-Type: application/json; charset=utf-8
host: localhost:6896
accept: */*

Response DefaultHttpResponse(decodeResult: success, version: HTTP/1.1)
HTTP/1.1 200 OK
Content-Length: 95
Content-Type: application/json; charset=utf-8
cache-control: no-cache

11:36:33.573 [AsyncHttpClient-1-8] DEBUG org.asynchttpclient.netty.channel.ChannelManager - Adding key: http://localhost:6896 for channel [id: 0x1681981a, L:/127.0.0.1:61476 - R:localhost/127.0.0.1:6896]
11:36:33.576 [Forwarding isElementDisplayed on session 7f96e7e36b9f10a8b5acad60a25246de to remote] DEBUG org.asynchttpclient.netty.request.NettyRequestSender - Using pooled Channel '[id: 0x1681981a, L:/127.0.0.1:61476 - R:localhost/127.0.0.1:6896]' for 'POST' to 'http://localhost:6896/session/7f96e7e36b9f10a8b5acad60a25246de/execute/sync'
11:36:33.576 [Forwarding isElementDisplayed on session 7f96e7e36b9f10a8b5acad60a25246de to remote] DEBUG org.asynchttpclient.netty.request.NettyRequestSender - Using open Channel [id: 0x1681981a, L:/127.0.0.1:61476 - R:localhost/127.0.0.1:6896] for POST '/session/7f96e7e36b9f10a8b5acad60a25246de/execute/sync'
11:36:33.589 [AsyncHttpClient-1-8] DEBUG org.asynchttpclient.netty.handler.HttpHandler - 

Request DefaultHttpRequest(decodeResult: success, version: HTTP/1.1)
POST /session/7f96e7e36b9f10a8b5acad60a25246de/execute/sync HTTP/1.1
User-Agent: selenium/4.8.0 (java windows)
Content-Length: 48814
Content-Type: application/json; charset=utf-8
host: localhost:6896
accept: */*

Response DefaultHttpResponse(decodeResult: success, version: HTTP/1.1)
HTTP/1.1 200 OK
Content-Length: 14
Content-Type: application/json; charset=utf-8
cache-control: no-cache

11:36:33.590 [AsyncHttpClient-1-8] DEBUG org.asynchttpclient.netty.channel.ChannelManager - Adding key: http://localhost:6896 for channel [id: 0x1681981a, L:/127.0.0.1:61476 - R:localhost/127.0.0.1:6896]
11:36:33.590 [Forwarding getElementText on session 7f96e7e36b9f10a8b5acad60a25246de to remote] DEBUG org.asynchttpclient.netty.request.NettyRequestSender - Using pooled Channel '[id: 0x1681981a, L:/127.0.0.1:61476 - R:localhost/127.0.0.1:6896]' for 'GET' to 'http://localhost:6896/session/7f96e7e36b9f10a8b5acad60a25246de/element/6FF2D42796E1B5636833727143D40385_element_11/text'
11:36:33.590 [Forwarding getElementText on session 7f96e7e36b9f10a8b5acad60a25246de to remote] DEBUG org.asynchttpclient.netty.request.NettyRequestSender - Using open Channel [id: 0x1681981a, L:/127.0.0.1:61476 - R:localhost/127.0.0.1:6896] for GET '/session/7f96e7e36b9f10a8b5acad60a25246de/element/6FF2D42796E1B5636833727143D40385_element_11/text'
11:36:33.605 [AsyncHttpClient-1-8] DEBUG org.asynchttpclient.netty.handler.HttpHandler - 

Request DefaultFullHttpRequest(decodeResult: success, version: HTTP/1.1, content: EmptyByteBufBE)
GET /session/7f96e7e36b9f10a8b5acad60a25246de/element/6FF2D42796E1B5636833727143D40385_element_11/text HTTP/1.1
User-Agent: selenium/4.8.0 (java windows)
Cache-Control: no-cache
Content-Type: application/json; charset=utf-8
host: localhost:6896
accept: */*

Response DefaultHttpResponse(decodeResult: success, version: HTTP/1.1)
HTTP/1.1 200 OK
Content-Length: 21
Content-Type: application/json; charset=utf-8
cache-control: no-cache

11:36:33.605 [AsyncHttpClient-1-8] DEBUG org.asynchttpclient.netty.channel.ChannelManager - Adding key: http://localhost:6896 for channel [id: 0x1681981a, L:/127.0.0.1:61476 - R:localhost/127.0.0.1:6896]
11:36:33.605 [main] INFO  com.swaglabs.base.SetUp - header validation passed
11:36:33.608 [Forwarding findElement on session 7f96e7e36b9f10a8b5acad60a25246de to remote] DEBUG org.asynchttpclient.netty.request.NettyRequestSender - Using pooled Channel '[id: 0x1681981a, L:/127.0.0.1:61476 - R:localhost/127.0.0.1:6896]' for 'POST' to 'http://localhost:6896/session/7f96e7e36b9f10a8b5acad60a25246de/element'
11:36:33.608 [Forwarding findElement on session 7f96e7e36b9f10a8b5acad60a25246de to remote] DEBUG org.asynchttpclient.netty.request.NettyRequestSender - Using open Channel [id: 0x1681981a, L:/127.0.0.1:61476 - R:localhost/127.0.0.1:6896] for POST '/session/7f96e7e36b9f10a8b5acad60a25246de/element'
11:36:33.618 [AsyncHttpClient-1-8] DEBUG org.asynchttpclient.netty.handler.HttpHandler - 

Request DefaultHttpRequest(decodeResult: success, version: HTTP/1.1)
POST /session/7f96e7e36b9f10a8b5acad60a25246de/element HTTP/1.1
User-Agent: selenium/4.8.0 (java windows)
Content-Length: 73
Content-Type: application/json; charset=utf-8
host: localhost:6896
accept: */*

Response DefaultHttpResponse(decodeResult: success, version: HTTP/1.1)
HTTP/1.1 200 OK
Content-Length: 95
Content-Type: application/json; charset=utf-8
cache-control: no-cache

11:36:33.618 [AsyncHttpClient-1-8] DEBUG org.asynchttpclient.netty.channel.ChannelManager - Adding key: http://localhost:6896 for channel [id: 0x1681981a, L:/127.0.0.1:61476 - R:localhost/127.0.0.1:6896]
11:36:33.620 [Forwarding isElementDisplayed on session 7f96e7e36b9f10a8b5acad60a25246de to remote] DEBUG org.asynchttpclient.netty.request.NettyRequestSender - Using pooled Channel '[id: 0x1681981a, L:/127.0.0.1:61476 - R:localhost/127.0.0.1:6896]' for 'POST' to 'http://localhost:6896/session/7f96e7e36b9f10a8b5acad60a25246de/execute/sync'
11:36:33.620 [Forwarding isElementDisplayed on session 7f96e7e36b9f10a8b5acad60a25246de to remote] DEBUG org.asynchttpclient.netty.request.NettyRequestSender - Using open Channel [id: 0x1681981a, L:/127.0.0.1:61476 - R:localhost/127.0.0.1:6896] for POST '/session/7f96e7e36b9f10a8b5acad60a25246de/execute/sync'
11:36:33.636 [AsyncHttpClient-1-8] DEBUG org.asynchttpclient.netty.handler.HttpHandler - 

Request DefaultHttpRequest(decodeResult: success, version: HTTP/1.1)
POST /session/7f96e7e36b9f10a8b5acad60a25246de/execute/sync HTTP/1.1
User-Agent: selenium/4.8.0 (java windows)
Content-Length: 48814
Content-Type: application/json; charset=utf-8
host: localhost:6896
accept: */*

Response DefaultHttpResponse(decodeResult: success, version: HTTP/1.1)
HTTP/1.1 200 OK
Content-Length: 14
Content-Type: application/json; charset=utf-8
cache-control: no-cache

11:36:33.636 [AsyncHttpClient-1-8] DEBUG org.asynchttpclient.netty.channel.ChannelManager - Adding key: http://localhost:6896 for channel [id: 0x1681981a, L:/127.0.0.1:61476 - R:localhost/127.0.0.1:6896]
11:36:33.636 [Forwarding getElementText on session 7f96e7e36b9f10a8b5acad60a25246de to remote] DEBUG org.asynchttpclient.netty.request.NettyRequestSender - Using pooled Channel '[id: 0x1681981a, L:/127.0.0.1:61476 - R:localhost/127.0.0.1:6896]' for 'GET' to 'http://localhost:6896/session/7f96e7e36b9f10a8b5acad60a25246de/element/6FF2D42796E1B5636833727143D40385_element_11/text'
11:36:33.636 [Forwarding getElementText on session 7f96e7e36b9f10a8b5acad60a25246de to remote] DEBUG org.asynchttpclient.netty.request.NettyRequestSender - Using open Channel [id: 0x1681981a, L:/127.0.0.1:61476 - R:localhost/127.0.0.1:6896] for GET '/session/7f96e7e36b9f10a8b5acad60a25246de/element/6FF2D42796E1B5636833727143D40385_element_11/text'
11:36:33.643 [AsyncHttpClient-1-8] DEBUG org.asynchttpclient.netty.handler.HttpHandler - 

Request DefaultFullHttpRequest(decodeResult: success, version: HTTP/1.1, content: EmptyByteBufBE)
GET /session/7f96e7e36b9f10a8b5acad60a25246de/element/6FF2D42796E1B5636833727143D40385_element_11/text HTTP/1.1
User-Agent: selenium/4.8.0 (java windows)
Cache-Control: no-cache
Content-Type: application/json; charset=utf-8
host: localhost:6896
accept: */*

Response DefaultHttpResponse(decodeResult: success, version: HTTP/1.1)
HTTP/1.1 200 OK
Content-Length: 21
Content-Type: application/json; charset=utf-8
cache-control: no-cache

11:36:33.643 [AsyncHttpClient-1-8] DEBUG org.asynchttpclient.netty.channel.ChannelManager - Adding key: http://localhost:6896 for channel [id: 0x1681981a, L:/127.0.0.1:61476 - R:localhost/127.0.0.1:6896]
11:36:33.649 [Forwarding getAlertText on session 7f96e7e36b9f10a8b5acad60a25246de to remote] DEBUG org.asynchttpclient.netty.request.NettyRequestSender - Using pooled Channel '[id: 0x1681981a, L:/127.0.0.1:61476 - R:localhost/127.0.0.1:6896]' for 'GET' to 'http://localhost:6896/session/7f96e7e36b9f10a8b5acad60a25246de/alert/text'
11:36:33.649 [Forwarding getAlertText on session 7f96e7e36b9f10a8b5acad60a25246de to remote] DEBUG org.asynchttpclient.netty.request.NettyRequestSender - Using open Channel [id: 0x1681981a, L:/127.0.0.1:61476 - R:localhost/127.0.0.1:6896] for GET '/session/7f96e7e36b9f10a8b5acad60a25246de/alert/text'
11:36:33.650 [AsyncHttpClient-1-8] DEBUG org.asynchttpclient.netty.handler.HttpHandler - 

Request DefaultFullHttpRequest(decodeResult: success, version: HTTP/1.1, content: EmptyByteBufBE)
GET /session/7f96e7e36b9f10a8b5acad60a25246de/alert/text HTTP/1.1
User-Agent: selenium/4.8.0 (java windows)
Cache-Control: no-cache
Content-Type: application/json; charset=utf-8
host: localhost:6896
accept: */*

Response DefaultHttpResponse(decodeResult: success, version: HTTP/1.1)
HTTP/1.1 404 Not Found
Content-Length: 1522
Content-Type: application/json; charset=utf-8
cache-control: no-cache

11:36:33.650 [AsyncHttpClient-1-8] DEBUG org.asynchttpclient.netty.channel.ChannelManager - Adding key: http://localhost:6896 for channel [id: 0x1681981a, L:/127.0.0.1:61476 - R:localhost/127.0.0.1:6896]
11:36:33.651 [Forwarding getCurrentUrl on session 7f96e7e36b9f10a8b5acad60a25246de to remote] DEBUG org.asynchttpclient.netty.request.NettyRequestSender - Using pooled Channel '[id: 0x1681981a, L:/127.0.0.1:61476 - R:localhost/127.0.0.1:6896]' for 'GET' to 'http://localhost:6896/session/7f96e7e36b9f10a8b5acad60a25246de/url'
11:36:33.651 [Forwarding getCurrentUrl on session 7f96e7e36b9f10a8b5acad60a25246de to remote] DEBUG org.asynchttpclient.netty.request.NettyRequestSender - Using open Channel [id: 0x1681981a, L:/127.0.0.1:61476 - R:localhost/127.0.0.1:6896] for GET '/session/7f96e7e36b9f10a8b5acad60a25246de/url'
11:36:33.655 [AsyncHttpClient-1-8] DEBUG org.asynchttpclient.netty.handler.HttpHandler - 

Request DefaultFullHttpRequest(decodeResult: success, version: HTTP/1.1, content: EmptyByteBufBE)
GET /session/7f96e7e36b9f10a8b5acad60a25246de/url HTTP/1.1
User-Agent: selenium/4.8.0 (java windows)
Cache-Control: no-cache
Content-Type: application/json; charset=utf-8
host: localhost:6896
accept: */*

Response DefaultHttpResponse(decodeResult: success, version: HTTP/1.1)
HTTP/1.1 200 OK
Content-Length: 38
Content-Type: application/json; charset=utf-8
cache-control: no-cache

11:36:33.655 [AsyncHttpClient-1-8] DEBUG org.asynchttpclient.netty.channel.ChannelManager - Adding key: http://localhost:6896 for channel [id: 0x1681981a, L:/127.0.0.1:61476 - R:localhost/127.0.0.1:6896]
11:36:33.656 [Forwarding screenshot on session 7f96e7e36b9f10a8b5acad60a25246de to remote] DEBUG org.asynchttpclient.netty.request.NettyRequestSender - Using pooled Channel '[id: 0x1681981a, L:/127.0.0.1:61476 - R:localhost/127.0.0.1:6896]' for 'GET' to 'http://localhost:6896/session/7f96e7e36b9f10a8b5acad60a25246de/screenshot'
11:36:33.656 [Forwarding screenshot on session 7f96e7e36b9f10a8b5acad60a25246de to remote] DEBUG org.asynchttpclient.netty.request.NettyRequestSender - Using open Channel [id: 0x1681981a, L:/127.0.0.1:61476 - R:localhost/127.0.0.1:6896] for GET '/session/7f96e7e36b9f10a8b5acad60a25246de/screenshot'
11:36:33.781 [AsyncHttpClient-1-8] DEBUG org.asynchttpclient.netty.handler.HttpHandler - 

Request DefaultFullHttpRequest(decodeResult: success, version: HTTP/1.1, content: EmptyByteBufBE)
GET /session/7f96e7e36b9f10a8b5acad60a25246de/screenshot HTTP/1.1
User-Agent: selenium/4.8.0 (java windows)
Cache-Control: no-cache
Content-Type: application/json; charset=utf-8
host: localhost:6896
accept: */*

Response DefaultHttpResponse(decodeResult: success, version: HTTP/1.1)
HTTP/1.1 200 OK
Content-Length: 56888
Content-Type: application/json; charset=utf-8
cache-control: no-cache

11:36:33.781 [AsyncHttpClient-1-8] DEBUG org.asynchttpclient.netty.channel.ChannelManager - Adding key: http://localhost:6896 for channel [id: 0x1681981a, L:/127.0.0.1:61476 - R:localhost/127.0.0.1:6896]
11:36:33.782 [main] DEBUG net.serenitybdd.core.photography.Darkroom - Send negative for processing for target\site\serenity\9e064797e028a3807699613c333f7a315a08d2c82b6ed50ea0e2ad01a26ca09b.png
11:36:33.783 [Forwarding getPageSource on session 7f96e7e36b9f10a8b5acad60a25246de to remote] DEBUG org.asynchttpclient.netty.request.NettyRequestSender - Using pooled Channel '[id: 0x1681981a, L:/127.0.0.1:61476 - R:localhost/127.0.0.1:6896]' for 'POST' to 'http://localhost:6896/session/7f96e7e36b9f10a8b5acad60a25246de/execute/sync'
11:36:33.783 [Forwarding getPageSource on session 7f96e7e36b9f10a8b5acad60a25246de to remote] DEBUG org.asynchttpclient.netty.request.NettyRequestSender - Using open Channel [id: 0x1681981a, L:/127.0.0.1:61476 - R:localhost/127.0.0.1:6896] for POST '/session/7f96e7e36b9f10a8b5acad60a25246de/execute/sync'
11:36:33.789 [AsyncHttpClient-1-8] DEBUG org.asynchttpclient.netty.handler.HttpHandler - 

Request DefaultHttpRequest(decodeResult: success, version: HTTP/1.1)
POST /session/7f96e7e36b9f10a8b5acad60a25246de/execute/sync HTTP/1.1
User-Agent: selenium/4.8.0 (java windows)
Content-Length: 176
Content-Type: application/json; charset=utf-8
host: localhost:6896
accept: */*

Response DefaultHttpResponse(decodeResult: success, version: HTTP/1.1)
HTTP/1.1 200 OK
Content-Length: 4333
Content-Type: application/json; charset=utf-8
cache-control: no-cache

11:36:33.789 [AsyncHttpClient-1-8] DEBUG org.asynchttpclient.netty.channel.ChannelManager - Adding key: http://localhost:6896 for channel [id: 0x1681981a, L:/127.0.0.1:61476 - R:localhost/127.0.0.1:6896]
11:36:33.790 [Forwarding getCurrentUrl on session 7f96e7e36b9f10a8b5acad60a25246de to remote] DEBUG org.asynchttpclient.netty.request.NettyRequestSender - Using pooled Channel '[id: 0x1681981a, L:/127.0.0.1:61476 - R:localhost/127.0.0.1:6896]' for 'GET' to 'http://localhost:6896/session/7f96e7e36b9f10a8b5acad60a25246de/url'
11:36:33.790 [Forwarding getCurrentUrl on session 7f96e7e36b9f10a8b5acad60a25246de to remote] DEBUG org.asynchttpclient.netty.request.NettyRequestSender - Using open Channel [id: 0x1681981a, L:/127.0.0.1:61476 - R:localhost/127.0.0.1:6896] for GET '/session/7f96e7e36b9f10a8b5acad60a25246de/url'
11:36:33.794 [AsyncHttpClient-1-8] DEBUG org.asynchttpclient.netty.handler.HttpHandler - 

Request DefaultFullHttpRequest(decodeResult: success, version: HTTP/1.1, content: EmptyByteBufBE)
GET /session/7f96e7e36b9f10a8b5acad60a25246de/url HTTP/1.1
User-Agent: selenium/4.8.0 (java windows)
Cache-Control: no-cache
Content-Type: application/json; charset=utf-8
host: localhost:6896
accept: */*

Response DefaultHttpResponse(decodeResult: success, version: HTTP/1.1)
HTTP/1.1 200 OK
Content-Length: 38
Content-Type: application/json; charset=utf-8
cache-control: no-cache

11:36:33.794 [AsyncHttpClient-1-8] DEBUG org.asynchttpclient.netty.channel.ChannelManager - Adding key: http://localhost:6896 for channel [id: 0x1681981a, L:/127.0.0.1:61476 - R:localhost/127.0.0.1:6896]
11:36:33.806 [Forwarding findElement on session 7f96e7e36b9f10a8b5acad60a25246de to remote] DEBUG org.asynchttpclient.netty.request.NettyRequestSender - Using pooled Channel '[id: 0x1681981a, L:/127.0.0.1:61476 - R:localhost/127.0.0.1:6896]' for 'POST' to 'http://localhost:6896/session/7f96e7e36b9f10a8b5acad60a25246de/element'
11:36:33.806 [Forwarding findElement on session 7f96e7e36b9f10a8b5acad60a25246de to remote] DEBUG org.asynchttpclient.netty.request.NettyRequestSender - Using open Channel [id: 0x1681981a, L:/127.0.0.1:61476 - R:localhost/127.0.0.1:6896] for POST '/session/7f96e7e36b9f10a8b5acad60a25246de/element'
11:36:33.816 [AsyncHttpClient-1-8] DEBUG org.asynchttpclient.netty.handler.HttpHandler - 

Request DefaultHttpRequest(decodeResult: success, version: HTTP/1.1)
POST /session/7f96e7e36b9f10a8b5acad60a25246de/element HTTP/1.1
User-Agent: selenium/4.8.0 (java windows)
Content-Length: 73
Content-Type: application/json; charset=utf-8
host: localhost:6896
accept: */*

Response DefaultHttpResponse(decodeResult: success, version: HTTP/1.1)
HTTP/1.1 200 OK
Content-Length: 95
Content-Type: application/json; charset=utf-8
cache-control: no-cache

11:36:33.816 [AsyncHttpClient-1-8] DEBUG org.asynchttpclient.netty.channel.ChannelManager - Adding key: http://localhost:6896 for channel [id: 0x1681981a, L:/127.0.0.1:61476 - R:localhost/127.0.0.1:6896]
11:36:33.818 [Forwarding isElementDisplayed on session 7f96e7e36b9f10a8b5acad60a25246de to remote] DEBUG org.asynchttpclient.netty.request.NettyRequestSender - Using pooled Channel '[id: 0x1681981a, L:/127.0.0.1:61476 - R:localhost/127.0.0.1:6896]' for 'POST' to 'http://localhost:6896/session/7f96e7e36b9f10a8b5acad60a25246de/execute/sync'
11:36:33.818 [Forwarding isElementDisplayed on session 7f96e7e36b9f10a8b5acad60a25246de to remote] DEBUG org.asynchttpclient.netty.request.NettyRequestSender - Using open Channel [id: 0x1681981a, L:/127.0.0.1:61476 - R:localhost/127.0.0.1:6896] for POST '/session/7f96e7e36b9f10a8b5acad60a25246de/execute/sync'
11:36:33.829 [AsyncHttpClient-1-8] DEBUG org.asynchttpclient.netty.handler.HttpHandler - 

Request DefaultHttpRequest(decodeResult: success, version: HTTP/1.1)
POST /session/7f96e7e36b9f10a8b5acad60a25246de/execute/sync HTTP/1.1
User-Agent: selenium/4.8.0 (java windows)
Content-Length: 48814
Content-Type: application/json; charset=utf-8
host: localhost:6896
accept: */*

Response DefaultHttpResponse(decodeResult: success, version: HTTP/1.1)
HTTP/1.1 200 OK
Content-Length: 14
Content-Type: application/json; charset=utf-8
cache-control: no-cache

11:36:33.829 [AsyncHttpClient-1-8] DEBUG org.asynchttpclient.netty.channel.ChannelManager - Adding key: http://localhost:6896 for channel [id: 0x1681981a, L:/127.0.0.1:61476 - R:localhost/127.0.0.1:6896]
11:36:33.829 [Forwarding getElementText on session 7f96e7e36b9f10a8b5acad60a25246de to remote] DEBUG org.asynchttpclient.netty.request.NettyRequestSender - Using pooled Channel '[id: 0x1681981a, L:/127.0.0.1:61476 - R:localhost/127.0.0.1:6896]' for 'GET' to 'http://localhost:6896/session/7f96e7e36b9f10a8b5acad60a25246de/element/6FF2D42796E1B5636833727143D40385_element_11/text'
11:36:33.830 [Forwarding getElementText on session 7f96e7e36b9f10a8b5acad60a25246de to remote] DEBUG org.asynchttpclient.netty.request.NettyRequestSender - Using open Channel [id: 0x1681981a, L:/127.0.0.1:61476 - R:localhost/127.0.0.1:6896] for GET '/session/7f96e7e36b9f10a8b5acad60a25246de/element/6FF2D42796E1B5636833727143D40385_element_11/text'
11:36:33.840 [AsyncHttpClient-1-8] DEBUG org.asynchttpclient.netty.handler.HttpHandler - 

Request DefaultFullHttpRequest(decodeResult: success, version: HTTP/1.1, content: EmptyByteBufBE)
GET /session/7f96e7e36b9f10a8b5acad60a25246de/element/6FF2D42796E1B5636833727143D40385_element_11/text HTTP/1.1
User-Agent: selenium/4.8.0 (java windows)
Cache-Control: no-cache
Content-Type: application/json; charset=utf-8
host: localhost:6896
accept: */*

Response DefaultHttpResponse(decodeResult: success, version: HTTP/1.1)
HTTP/1.1 200 OK
Content-Length: 21
Content-Type: application/json; charset=utf-8
cache-control: no-cache

11:36:33.840 [AsyncHttpClient-1-8] DEBUG org.asynchttpclient.netty.channel.ChannelManager - Adding key: http://localhost:6896 for channel [id: 0x1681981a, L:/127.0.0.1:61476 - R:localhost/127.0.0.1:6896]
11:36:33.843 [Forwarding getAlertText on session 7f96e7e36b9f10a8b5acad60a25246de to remote] DEBUG org.asynchttpclient.netty.request.NettyRequestSender - Using pooled Channel '[id: 0x1681981a, L:/127.0.0.1:61476 - R:localhost/127.0.0.1:6896]' for 'GET' to 'http://localhost:6896/session/7f96e7e36b9f10a8b5acad60a25246de/alert/text'
11:36:33.843 [Forwarding getAlertText on session 7f96e7e36b9f10a8b5acad60a25246de to remote] DEBUG org.asynchttpclient.netty.request.NettyRequestSender - Using open Channel [id: 0x1681981a, L:/127.0.0.1:61476 - R:localhost/127.0.0.1:6896] for GET '/session/7f96e7e36b9f10a8b5acad60a25246de/alert/text'
11:36:33.846 [AsyncHttpClient-1-8] DEBUG org.asynchttpclient.netty.handler.HttpHandler - 

Request DefaultFullHttpRequest(decodeResult: success, version: HTTP/1.1, content: EmptyByteBufBE)
GET /session/7f96e7e36b9f10a8b5acad60a25246de/alert/text HTTP/1.1
User-Agent: selenium/4.8.0 (java windows)
Cache-Control: no-cache
Content-Type: application/json; charset=utf-8
host: localhost:6896
accept: */*

Response DefaultHttpResponse(decodeResult: success, version: HTTP/1.1)
HTTP/1.1 404 Not Found
Content-Length: 1522
Content-Type: application/json; charset=utf-8
cache-control: no-cache

11:36:33.846 [AsyncHttpClient-1-8] DEBUG org.asynchttpclient.netty.channel.ChannelManager - Adding key: http://localhost:6896 for channel [id: 0x1681981a, L:/127.0.0.1:61476 - R:localhost/127.0.0.1:6896]
11:36:33.846 [Forwarding getCurrentUrl on session 7f96e7e36b9f10a8b5acad60a25246de to remote] DEBUG org.asynchttpclient.netty.request.NettyRequestSender - Using pooled Channel '[id: 0x1681981a, L:/127.0.0.1:61476 - R:localhost/127.0.0.1:6896]' for 'GET' to 'http://localhost:6896/session/7f96e7e36b9f10a8b5acad60a25246de/url'
11:36:33.846 [Forwarding getCurrentUrl on session 7f96e7e36b9f10a8b5acad60a25246de to remote] DEBUG org.asynchttpclient.netty.request.NettyRequestSender - Using open Channel [id: 0x1681981a, L:/127.0.0.1:61476 - R:localhost/127.0.0.1:6896] for GET '/session/7f96e7e36b9f10a8b5acad60a25246de/url'
11:36:33.850 [AsyncHttpClient-1-8] DEBUG org.asynchttpclient.netty.handler.HttpHandler - 

Request DefaultFullHttpRequest(decodeResult: success, version: HTTP/1.1, content: EmptyByteBufBE)
GET /session/7f96e7e36b9f10a8b5acad60a25246de/url HTTP/1.1
User-Agent: selenium/4.8.0 (java windows)
Cache-Control: no-cache
Content-Type: application/json; charset=utf-8
host: localhost:6896
accept: */*

Response DefaultHttpResponse(decodeResult: success, version: HTTP/1.1)
HTTP/1.1 200 OK
Content-Length: 38
Content-Type: application/json; charset=utf-8
cache-control: no-cache

11:36:33.851 [AsyncHttpClient-1-8] DEBUG org.asynchttpclient.netty.channel.ChannelManager - Adding key: http://localhost:6896 for channel [id: 0x1681981a, L:/127.0.0.1:61476 - R:localhost/127.0.0.1:6896]
11:36:33.851 [Forwarding screenshot on session 7f96e7e36b9f10a8b5acad60a25246de to remote] DEBUG org.asynchttpclient.netty.request.NettyRequestSender - Using pooled Channel '[id: 0x1681981a, L:/127.0.0.1:61476 - R:localhost/127.0.0.1:6896]' for 'GET' to 'http://localhost:6896/session/7f96e7e36b9f10a8b5acad60a25246de/screenshot'
11:36:33.851 [Forwarding screenshot on session 7f96e7e36b9f10a8b5acad60a25246de to remote] DEBUG org.asynchttpclient.netty.request.NettyRequestSender - Using open Channel [id: 0x1681981a, L:/127.0.0.1:61476 - R:localhost/127.0.0.1:6896] for GET '/session/7f96e7e36b9f10a8b5acad60a25246de/screenshot'
11:36:33.970 [AsyncHttpClient-1-8] DEBUG org.asynchttpclient.netty.handler.HttpHandler - 

Request DefaultFullHttpRequest(decodeResult: success, version: HTTP/1.1, content: EmptyByteBufBE)
GET /session/7f96e7e36b9f10a8b5acad60a25246de/screenshot HTTP/1.1
User-Agent: selenium/4.8.0 (java windows)
Cache-Control: no-cache
Content-Type: application/json; charset=utf-8
host: localhost:6896
accept: */*

Response DefaultHttpResponse(decodeResult: success, version: HTTP/1.1)
HTTP/1.1 200 OK
Content-Length: 56888
Content-Type: application/json; charset=utf-8
cache-control: no-cache

11:36:33.971 [AsyncHttpClient-1-8] DEBUG org.asynchttpclient.netty.channel.ChannelManager - Adding key: http://localhost:6896 for channel [id: 0x1681981a, L:/127.0.0.1:61476 - R:localhost/127.0.0.1:6896]
11:36:33.973 [main] DEBUG net.serenitybdd.core.photography.Darkroom - Send negative for processing for target\site\serenity\9e064797e028a3807699613c333f7a315a08d2c82b6ed50ea0e2ad01a26ca09b.png
11:36:33.977 [Forwarding findElement on session 7f96e7e36b9f10a8b5acad60a25246de to remote] DEBUG org.asynchttpclient.netty.request.NettyRequestSender - Using pooled Channel '[id: 0x1681981a, L:/127.0.0.1:61476 - R:localhost/127.0.0.1:6896]' for 'POST' to 'http://localhost:6896/session/7f96e7e36b9f10a8b5acad60a25246de/element'
11:36:33.977 [Forwarding findElement on session 7f96e7e36b9f10a8b5acad60a25246de to remote] DEBUG org.asynchttpclient.netty.request.NettyRequestSender - Using open Channel [id: 0x1681981a, L:/127.0.0.1:61476 - R:localhost/127.0.0.1:6896] for POST '/session/7f96e7e36b9f10a8b5acad60a25246de/element'
11:36:33.987 [AsyncHttpClient-1-8] DEBUG org.asynchttpclient.netty.handler.HttpHandler - 

Request DefaultHttpRequest(decodeResult: success, version: HTTP/1.1)
POST /session/7f96e7e36b9f10a8b5acad60a25246de/element HTTP/1.1
User-Agent: selenium/4.8.0 (java windows)
Content-Length: 79
Content-Type: application/json; charset=utf-8
host: localhost:6896
accept: */*

Response DefaultHttpResponse(decodeResult: success, version: HTTP/1.1)
HTTP/1.1 200 OK
Content-Length: 95
Content-Type: application/json; charset=utf-8
cache-control: no-cache

11:36:33.988 [AsyncHttpClient-1-8] DEBUG org.asynchttpclient.netty.channel.ChannelManager - Adding key: http://localhost:6896 for channel [id: 0x1681981a, L:/127.0.0.1:61476 - R:localhost/127.0.0.1:6896]
11:36:33.990 [Forwarding isElementDisplayed on session 7f96e7e36b9f10a8b5acad60a25246de to remote] DEBUG org.asynchttpclient.netty.request.NettyRequestSender - Using pooled Channel '[id: 0x1681981a, L:/127.0.0.1:61476 - R:localhost/127.0.0.1:6896]' for 'POST' to 'http://localhost:6896/session/7f96e7e36b9f10a8b5acad60a25246de/execute/sync'
11:36:33.990 [Forwarding isElementDisplayed on session 7f96e7e36b9f10a8b5acad60a25246de to remote] DEBUG org.asynchttpclient.netty.request.NettyRequestSender - Using open Channel [id: 0x1681981a, L:/127.0.0.1:61476 - R:localhost/127.0.0.1:6896] for POST '/session/7f96e7e36b9f10a8b5acad60a25246de/execute/sync'
11:36:33.998 [AsyncHttpClient-1-8] DEBUG org.asynchttpclient.netty.handler.HttpHandler - 

Request DefaultHttpRequest(decodeResult: success, version: HTTP/1.1)
POST /session/7f96e7e36b9f10a8b5acad60a25246de/execute/sync HTTP/1.1
User-Agent: selenium/4.8.0 (java windows)
Content-Length: 48814
Content-Type: application/json; charset=utf-8
host: localhost:6896
accept: */*

Response DefaultHttpResponse(decodeResult: success, version: HTTP/1.1)
HTTP/1.1 200 OK
Content-Length: 14
Content-Type: application/json; charset=utf-8
cache-control: no-cache

11:36:33.998 [AsyncHttpClient-1-8] DEBUG org.asynchttpclient.netty.channel.ChannelManager - Adding key: http://localhost:6896 for channel [id: 0x1681981a, L:/127.0.0.1:61476 - R:localhost/127.0.0.1:6896]
11:36:33.999 [Forwarding getElementText on session 7f96e7e36b9f10a8b5acad60a25246de to remote] DEBUG org.asynchttpclient.netty.request.NettyRequestSender - Using pooled Channel '[id: 0x1681981a, L:/127.0.0.1:61476 - R:localhost/127.0.0.1:6896]' for 'GET' to 'http://localhost:6896/session/7f96e7e36b9f10a8b5acad60a25246de/element/6FF2D42796E1B5636833727143D40385_element_12/text'
11:36:33.999 [Forwarding getElementText on session 7f96e7e36b9f10a8b5acad60a25246de to remote] DEBUG org.asynchttpclient.netty.request.NettyRequestSender - Using open Channel [id: 0x1681981a, L:/127.0.0.1:61476 - R:localhost/127.0.0.1:6896] for GET '/session/7f96e7e36b9f10a8b5acad60a25246de/element/6FF2D42796E1B5636833727143D40385_element_12/text'
11:36:34.007 [AsyncHttpClient-1-8] DEBUG org.asynchttpclient.netty.handler.HttpHandler - 

Request DefaultFullHttpRequest(decodeResult: success, version: HTTP/1.1, content: EmptyByteBufBE)
GET /session/7f96e7e36b9f10a8b5acad60a25246de/element/6FF2D42796E1B5636833727143D40385_element_12/text HTTP/1.1
User-Agent: selenium/4.8.0 (java windows)
Cache-Control: no-cache
Content-Type: application/json; charset=utf-8
host: localhost:6896
accept: */*

Response DefaultHttpResponse(decodeResult: success, version: HTTP/1.1)
HTTP/1.1 200 OK
Content-Length: 12
Content-Type: application/json; charset=utf-8
cache-control: no-cache

11:36:34.007 [AsyncHttpClient-1-8] DEBUG org.asynchttpclient.netty.channel.ChannelManager - Adding key: http://localhost:6896 for channel [id: 0x1681981a, L:/127.0.0.1:61476 - R:localhost/127.0.0.1:6896]
11:36:34.007 [main] INFO  com.swaglabs.base.SetUp - username placeholder not validated failed
11:36:34.017 [Forwarding findElement on session 7f96e7e36b9f10a8b5acad60a25246de to remote] DEBUG org.asynchttpclient.netty.request.NettyRequestSender - Using pooled Channel '[id: 0x1681981a, L:/127.0.0.1:61476 - R:localhost/127.0.0.1:6896]' for 'POST' to 'http://localhost:6896/session/7f96e7e36b9f10a8b5acad60a25246de/element'
11:36:34.017 [Forwarding findElement on session 7f96e7e36b9f10a8b5acad60a25246de to remote] DEBUG org.asynchttpclient.netty.request.NettyRequestSender - Using open Channel [id: 0x1681981a, L:/127.0.0.1:61476 - R:localhost/127.0.0.1:6896] for POST '/session/7f96e7e36b9f10a8b5acad60a25246de/element'
11:36:34.027 [AsyncHttpClient-1-8] DEBUG org.asynchttpclient.netty.handler.HttpHandler - 

Request DefaultHttpRequest(decodeResult: success, version: HTTP/1.1)
POST /session/7f96e7e36b9f10a8b5acad60a25246de/element HTTP/1.1
User-Agent: selenium/4.8.0 (java windows)
Content-Length: 79
Content-Type: application/json; charset=utf-8
host: localhost:6896
accept: */*

Response DefaultHttpResponse(decodeResult: success, version: HTTP/1.1)
HTTP/1.1 200 OK
Content-Length: 94
Content-Type: application/json; charset=utf-8
cache-control: no-cache

11:36:34.027 [AsyncHttpClient-1-8] DEBUG org.asynchttpclient.netty.channel.ChannelManager - Adding key: http://localhost:6896 for channel [id: 0x1681981a, L:/127.0.0.1:61476 - R:localhost/127.0.0.1:6896]
11:36:34.028 [Forwarding isElementDisplayed on session 7f96e7e36b9f10a8b5acad60a25246de to remote] DEBUG org.asynchttpclient.netty.request.NettyRequestSender - Using pooled Channel '[id: 0x1681981a, L:/127.0.0.1:61476 - R:localhost/127.0.0.1:6896]' for 'POST' to 'http://localhost:6896/session/7f96e7e36b9f10a8b5acad60a25246de/execute/sync'
11:36:34.028 [Forwarding isElementDisplayed on session 7f96e7e36b9f10a8b5acad60a25246de to remote] DEBUG org.asynchttpclient.netty.request.NettyRequestSender - Using open Channel [id: 0x1681981a, L:/127.0.0.1:61476 - R:localhost/127.0.0.1:6896] for POST '/session/7f96e7e36b9f10a8b5acad60a25246de/execute/sync'
11:36:34.033 [AsyncHttpClient-1-1] DEBUG org.asynchttpclient.netty.channel.DefaultChannelPool - Entry count for : http://localhost:61482 : 1
11:36:34.037 [AsyncHttpClient-1-8] DEBUG org.asynchttpclient.netty.handler.HttpHandler - 

Request DefaultHttpRequest(decodeResult: success, version: HTTP/1.1)
POST /session/7f96e7e36b9f10a8b5acad60a25246de/execute/sync HTTP/1.1
User-Agent: selenium/4.8.0 (java windows)
Content-Length: 48813
Content-Type: application/json; charset=utf-8
host: localhost:6896
accept: */*

Response DefaultHttpResponse(decodeResult: success, version: HTTP/1.1)
HTTP/1.1 200 OK
Content-Length: 14
Content-Type: application/json; charset=utf-8
cache-control: no-cache

11:36:34.037 [AsyncHttpClient-1-8] DEBUG org.asynchttpclient.netty.channel.ChannelManager - Adding key: http://localhost:6896 for channel [id: 0x1681981a, L:/127.0.0.1:61476 - R:localhost/127.0.0.1:6896]
11:36:34.037 [Forwarding getElementText on session 7f96e7e36b9f10a8b5acad60a25246de to remote] DEBUG org.asynchttpclient.netty.request.NettyRequestSender - Using pooled Channel '[id: 0x1681981a, L:/127.0.0.1:61476 - R:localhost/127.0.0.1:6896]' for 'GET' to 'http://localhost:6896/session/7f96e7e36b9f10a8b5acad60a25246de/element/6FF2D42796E1B5636833727143D40385_element_8/text'
11:36:34.037 [Forwarding getElementText on session 7f96e7e36b9f10a8b5acad60a25246de to remote] DEBUG org.asynchttpclient.netty.request.NettyRequestSender - Using open Channel [id: 0x1681981a, L:/127.0.0.1:61476 - R:localhost/127.0.0.1:6896] for GET '/session/7f96e7e36b9f10a8b5acad60a25246de/element/6FF2D42796E1B5636833727143D40385_element_8/text'
11:36:34.044 [AsyncHttpClient-1-8] DEBUG org.asynchttpclient.netty.handler.HttpHandler - 

Request DefaultFullHttpRequest(decodeResult: success, version: HTTP/1.1, content: EmptyByteBufBE)
GET /session/7f96e7e36b9f10a8b5acad60a25246de/element/6FF2D42796E1B5636833727143D40385_element_8/text HTTP/1.1
User-Agent: selenium/4.8.0 (java windows)
Cache-Control: no-cache
Content-Type: application/json; charset=utf-8
host: localhost:6896
accept: */*

Response DefaultHttpResponse(decodeResult: success, version: HTTP/1.1)
HTTP/1.1 200 OK
Content-Length: 12
Content-Type: application/json; charset=utf-8
cache-control: no-cache

11:36:34.044 [AsyncHttpClient-1-8] DEBUG org.asynchttpclient.netty.channel.ChannelManager - Adding key: http://localhost:6896 for channel [id: 0x1681981a, L:/127.0.0.1:61476 - R:localhost/127.0.0.1:6896]
11:36:34.045 [main] INFO  com.swaglabs.base.SetUp - password placeholder  validattion failed
11:36:34.048 [Forwarding findElement on session 7f96e7e36b9f10a8b5acad60a25246de to remote] DEBUG org.asynchttpclient.netty.request.NettyRequestSender - Using pooled Channel '[id: 0x1681981a, L:/127.0.0.1:61476 - R:localhost/127.0.0.1:6896]' for 'POST' to 'http://localhost:6896/session/7f96e7e36b9f10a8b5acad60a25246de/element'
11:36:34.048 [Forwarding findElement on session 7f96e7e36b9f10a8b5acad60a25246de to remote] DEBUG org.asynchttpclient.netty.request.NettyRequestSender - Using open Channel [id: 0x1681981a, L:/127.0.0.1:61476 - R:localhost/127.0.0.1:6896] for POST '/session/7f96e7e36b9f10a8b5acad60a25246de/element'
11:36:34.059 [AsyncHttpClient-1-8] DEBUG org.asynchttpclient.netty.handler.HttpHandler - 

Request DefaultHttpRequest(decodeResult: success, version: HTTP/1.1)
POST /session/7f96e7e36b9f10a8b5acad60a25246de/element HTTP/1.1
User-Agent: selenium/4.8.0 (java windows)
Content-Length: 59
Content-Type: application/json; charset=utf-8
host: localhost:6896
accept: */*

Response DefaultHttpResponse(decodeResult: success, version: HTTP/1.1)
HTTP/1.1 200 OK
Content-Length: 95
Content-Type: application/json; charset=utf-8
cache-control: no-cache

11:36:34.059 [AsyncHttpClient-1-8] DEBUG org.asynchttpclient.netty.channel.ChannelManager - Adding key: http://localhost:6896 for channel [id: 0x1681981a, L:/127.0.0.1:61476 - R:localhost/127.0.0.1:6896]
11:36:34.060 [Forwarding isElementDisplayed on session 7f96e7e36b9f10a8b5acad60a25246de to remote] DEBUG org.asynchttpclient.netty.request.NettyRequestSender - Using pooled Channel '[id: 0x1681981a, L:/127.0.0.1:61476 - R:localhost/127.0.0.1:6896]' for 'POST' to 'http://localhost:6896/session/7f96e7e36b9f10a8b5acad60a25246de/execute/sync'
11:36:34.060 [Forwarding isElementDisplayed on session 7f96e7e36b9f10a8b5acad60a25246de to remote] DEBUG org.asynchttpclient.netty.request.NettyRequestSender - Using open Channel [id: 0x1681981a, L:/127.0.0.1:61476 - R:localhost/127.0.0.1:6896] for POST '/session/7f96e7e36b9f10a8b5acad60a25246de/execute/sync'
11:36:34.067 [AsyncHttpClient-1-8] DEBUG org.asynchttpclient.netty.handler.HttpHandler - 

Request DefaultHttpRequest(decodeResult: success, version: HTTP/1.1)
POST /session/7f96e7e36b9f10a8b5acad60a25246de/execute/sync HTTP/1.1
User-Agent: selenium/4.8.0 (java windows)
Content-Length: 48814
Content-Type: application/json; charset=utf-8
host: localhost:6896
accept: */*

Response DefaultHttpResponse(decodeResult: success, version: HTTP/1.1)
HTTP/1.1 200 OK
Content-Length: 14
Content-Type: application/json; charset=utf-8
cache-control: no-cache

11:36:34.067 [AsyncHttpClient-1-8] DEBUG org.asynchttpclient.netty.channel.ChannelManager - Adding key: http://localhost:6896 for channel [id: 0x1681981a, L:/127.0.0.1:61476 - R:localhost/127.0.0.1:6896]
11:36:34.069 [Forwarding isElementDisplayed on session 7f96e7e36b9f10a8b5acad60a25246de to remote] DEBUG org.asynchttpclient.netty.request.NettyRequestSender - Using pooled Channel '[id: 0x1681981a, L:/127.0.0.1:61476 - R:localhost/127.0.0.1:6896]' for 'POST' to 'http://localhost:6896/session/7f96e7e36b9f10a8b5acad60a25246de/execute/sync'
11:36:34.069 [Forwarding isElementDisplayed on session 7f96e7e36b9f10a8b5acad60a25246de to remote] DEBUG org.asynchttpclient.netty.request.NettyRequestSender - Using open Channel [id: 0x1681981a, L:/127.0.0.1:61476 - R:localhost/127.0.0.1:6896] for POST '/session/7f96e7e36b9f10a8b5acad60a25246de/execute/sync'
11:36:34.078 [AsyncHttpClient-1-8] DEBUG org.asynchttpclient.netty.handler.HttpHandler - 

Request DefaultHttpRequest(decodeResult: success, version: HTTP/1.1)
POST /session/7f96e7e36b9f10a8b5acad60a25246de/execute/sync HTTP/1.1
User-Agent: selenium/4.8.0 (java windows)
Content-Length: 48814
Content-Type: application/json; charset=utf-8
host: localhost:6896
accept: */*

Response DefaultHttpResponse(decodeResult: success, version: HTTP/1.1)
HTTP/1.1 200 OK
Content-Length: 14
Content-Type: application/json; charset=utf-8
cache-control: no-cache

11:36:34.078 [AsyncHttpClient-1-8] DEBUG org.asynchttpclient.netty.channel.ChannelManager - Adding key: http://localhost:6896 for channel [id: 0x1681981a, L:/127.0.0.1:61476 - R:localhost/127.0.0.1:6896]
11:36:34.081 [Forwarding isElementDisplayed on session 7f96e7e36b9f10a8b5acad60a25246de to remote] DEBUG org.asynchttpclient.netty.request.NettyRequestSender - Using pooled Channel '[id: 0x1681981a, L:/127.0.0.1:61476 - R:localhost/127.0.0.1:6896]' for 'POST' to 'http://localhost:6896/session/7f96e7e36b9f10a8b5acad60a25246de/execute/sync'
11:36:34.081 [Forwarding isElementDisplayed on session 7f96e7e36b9f10a8b5acad60a25246de to remote] DEBUG org.asynchttpclient.netty.request.NettyRequestSender - Using open Channel [id: 0x1681981a, L:/127.0.0.1:61476 - R:localhost/127.0.0.1:6896] for POST '/session/7f96e7e36b9f10a8b5acad60a25246de/execute/sync'
11:36:34.088 [AsyncHttpClient-1-8] DEBUG org.asynchttpclient.netty.handler.HttpHandler - 

Request DefaultHttpRequest(decodeResult: success, version: HTTP/1.1)
POST /session/7f96e7e36b9f10a8b5acad60a25246de/execute/sync HTTP/1.1
User-Agent: selenium/4.8.0 (java windows)
Content-Length: 48814
Content-Type: application/json; charset=utf-8
host: localhost:6896
accept: */*

Response DefaultHttpResponse(decodeResult: success, version: HTTP/1.1)
HTTP/1.1 200 OK
Content-Length: 14
Content-Type: application/json; charset=utf-8
cache-control: no-cache

11:36:34.088 [AsyncHttpClient-1-8] DEBUG org.asynchttpclient.netty.channel.ChannelManager - Adding key: http://localhost:6896 for channel [id: 0x1681981a, L:/127.0.0.1:61476 - R:localhost/127.0.0.1:6896]
11:36:34.088 [main] INFO  com.swaglabs.base.SetUp - loginButton   validation passed
11:36:34.091 [Forwarding findElement on session 7f96e7e36b9f10a8b5acad60a25246de to remote] DEBUG org.asynchttpclient.netty.request.NettyRequestSender - Using pooled Channel '[id: 0x1681981a, L:/127.0.0.1:61476 - R:localhost/127.0.0.1:6896]' for 'POST' to 'http://localhost:6896/session/7f96e7e36b9f10a8b5acad60a25246de/element'
11:36:34.091 [Forwarding findElement on session 7f96e7e36b9f10a8b5acad60a25246de to remote] DEBUG org.asynchttpclient.netty.request.NettyRequestSender - Using open Channel [id: 0x1681981a, L:/127.0.0.1:61476 - R:localhost/127.0.0.1:6896] for POST '/session/7f96e7e36b9f10a8b5acad60a25246de/element'
11:36:34.097 [AsyncHttpClient-1-8] DEBUG org.asynchttpclient.netty.handler.HttpHandler - 

Request DefaultHttpRequest(decodeResult: success, version: HTTP/1.1)
POST /session/7f96e7e36b9f10a8b5acad60a25246de/element HTTP/1.1
User-Agent: selenium/4.8.0 (java windows)
Content-Length: 59
Content-Type: application/json; charset=utf-8
host: localhost:6896
accept: */*

Response DefaultHttpResponse(decodeResult: success, version: HTTP/1.1)
HTTP/1.1 200 OK
Content-Length: 95
Content-Type: application/json; charset=utf-8
cache-control: no-cache

11:36:34.097 [AsyncHttpClient-1-8] DEBUG org.asynchttpclient.netty.channel.ChannelManager - Adding key: http://localhost:6896 for channel [id: 0x1681981a, L:/127.0.0.1:61476 - R:localhost/127.0.0.1:6896]
11:36:34.098 [Forwarding isElementDisplayed on session 7f96e7e36b9f10a8b5acad60a25246de to remote] DEBUG org.asynchttpclient.netty.request.NettyRequestSender - Using pooled Channel '[id: 0x1681981a, L:/127.0.0.1:61476 - R:localhost/127.0.0.1:6896]' for 'POST' to 'http://localhost:6896/session/7f96e7e36b9f10a8b5acad60a25246de/execute/sync'
11:36:34.098 [Forwarding isElementDisplayed on session 7f96e7e36b9f10a8b5acad60a25246de to remote] DEBUG org.asynchttpclient.netty.request.NettyRequestSender - Using open Channel [id: 0x1681981a, L:/127.0.0.1:61476 - R:localhost/127.0.0.1:6896] for POST '/session/7f96e7e36b9f10a8b5acad60a25246de/execute/sync'
11:36:34.105 [AsyncHttpClient-1-8] DEBUG org.asynchttpclient.netty.handler.HttpHandler - 

Request DefaultHttpRequest(decodeResult: success, version: HTTP/1.1)
POST /session/7f96e7e36b9f10a8b5acad60a25246de/execute/sync HTTP/1.1
User-Agent: selenium/4.8.0 (java windows)
Content-Length: 48814
Content-Type: application/json; charset=utf-8
host: localhost:6896
accept: */*

Response DefaultHttpResponse(decodeResult: success, version: HTTP/1.1)
HTTP/1.1 200 OK
Content-Length: 14
Content-Type: application/json; charset=utf-8
cache-control: no-cache

11:36:34.105 [AsyncHttpClient-1-8] DEBUG org.asynchttpclient.netty.channel.ChannelManager - Adding key: http://localhost:6896 for channel [id: 0x1681981a, L:/127.0.0.1:61476 - R:localhost/127.0.0.1:6896]
11:36:34.106 [Forwarding isElementDisplayed on session 7f96e7e36b9f10a8b5acad60a25246de to remote] DEBUG org.asynchttpclient.netty.request.NettyRequestSender - Using pooled Channel '[id: 0x1681981a, L:/127.0.0.1:61476 - R:localhost/127.0.0.1:6896]' for 'POST' to 'http://localhost:6896/session/7f96e7e36b9f10a8b5acad60a25246de/execute/sync'
11:36:34.106 [Forwarding isElementDisplayed on session 7f96e7e36b9f10a8b5acad60a25246de to remote] DEBUG org.asynchttpclient.netty.request.NettyRequestSender - Using open Channel [id: 0x1681981a, L:/127.0.0.1:61476 - R:localhost/127.0.0.1:6896] for POST '/session/7f96e7e36b9f10a8b5acad60a25246de/execute/sync'
11:36:34.114 [AsyncHttpClient-1-8] DEBUG org.asynchttpclient.netty.handler.HttpHandler - 

Request DefaultHttpRequest(decodeResult: success, version: HTTP/1.1)
POST /session/7f96e7e36b9f10a8b5acad60a25246de/execute/sync HTTP/1.1
User-Agent: selenium/4.8.0 (java windows)
Content-Length: 48814
Content-Type: application/json; charset=utf-8
host: localhost:6896
accept: */*

Response DefaultHttpResponse(decodeResult: success, version: HTTP/1.1)
HTTP/1.1 200 OK
Content-Length: 14
Content-Type: application/json; charset=utf-8
cache-control: no-cache

11:36:34.114 [AsyncHttpClient-1-8] DEBUG org.asynchttpclient.netty.channel.ChannelManager - Adding key: http://localhost:6896 for channel [id: 0x1681981a, L:/127.0.0.1:61476 - R:localhost/127.0.0.1:6896]
11:36:34.116 [Forwarding isElementDisplayed on session 7f96e7e36b9f10a8b5acad60a25246de to remote] DEBUG org.asynchttpclient.netty.request.NettyRequestSender - Using pooled Channel '[id: 0x1681981a, L:/127.0.0.1:61476 - R:localhost/127.0.0.1:6896]' for 'POST' to 'http://localhost:6896/session/7f96e7e36b9f10a8b5acad60a25246de/execute/sync'
11:36:34.116 [Forwarding isElementDisplayed on session 7f96e7e36b9f10a8b5acad60a25246de to remote] DEBUG org.asynchttpclient.netty.request.NettyRequestSender - Using open Channel [id: 0x1681981a, L:/127.0.0.1:61476 - R:localhost/127.0.0.1:6896] for POST '/session/7f96e7e36b9f10a8b5acad60a25246de/execute/sync'
11:36:34.121 [AsyncHttpClient-1-8] DEBUG org.asynchttpclient.netty.handler.HttpHandler - 

Request DefaultHttpRequest(decodeResult: success, version: HTTP/1.1)
POST /session/7f96e7e36b9f10a8b5acad60a25246de/execute/sync HTTP/1.1
User-Agent: selenium/4.8.0 (java windows)
Content-Length: 48814
Content-Type: application/json; charset=utf-8
host: localhost:6896
accept: */*

Response DefaultHttpResponse(decodeResult: success, version: HTTP/1.1)
HTTP/1.1 200 OK
Content-Length: 14
Content-Type: application/json; charset=utf-8
cache-control: no-cache

11:36:34.121 [AsyncHttpClient-1-8] DEBUG org.asynchttpclient.netty.channel.ChannelManager - Adding key: http://localhost:6896 for channel [id: 0x1681981a, L:/127.0.0.1:61476 - R:localhost/127.0.0.1:6896]
11:36:34.125 [Forwarding getAlertText on session 7f96e7e36b9f10a8b5acad60a25246de to remote] DEBUG org.asynchttpclient.netty.request.NettyRequestSender - Using pooled Channel '[id: 0x1681981a, L:/127.0.0.1:61476 - R:localhost/127.0.0.1:6896]' for 'GET' to 'http://localhost:6896/session/7f96e7e36b9f10a8b5acad60a25246de/alert/text'
11:36:34.125 [Forwarding getAlertText on session 7f96e7e36b9f10a8b5acad60a25246de to remote] DEBUG org.asynchttpclient.netty.request.NettyRequestSender - Using open Channel [id: 0x1681981a, L:/127.0.0.1:61476 - R:localhost/127.0.0.1:6896] for GET '/session/7f96e7e36b9f10a8b5acad60a25246de/alert/text'
11:36:34.126 [AsyncHttpClient-1-8] DEBUG org.asynchttpclient.netty.handler.HttpHandler - 

Request DefaultFullHttpRequest(decodeResult: success, version: HTTP/1.1, content: EmptyByteBufBE)
GET /session/7f96e7e36b9f10a8b5acad60a25246de/alert/text HTTP/1.1
User-Agent: selenium/4.8.0 (java windows)
Cache-Control: no-cache
Content-Type: application/json; charset=utf-8
host: localhost:6896
accept: */*

Response DefaultHttpResponse(decodeResult: success, version: HTTP/1.1)
HTTP/1.1 404 Not Found
Content-Length: 1522
Content-Type: application/json; charset=utf-8
cache-control: no-cache

11:36:34.126 [AsyncHttpClient-1-8] DEBUG org.asynchttpclient.netty.channel.ChannelManager - Adding key: http://localhost:6896 for channel [id: 0x1681981a, L:/127.0.0.1:61476 - R:localhost/127.0.0.1:6896]
11:36:34.126 [Forwarding getCurrentUrl on session 7f96e7e36b9f10a8b5acad60a25246de to remote] DEBUG org.asynchttpclient.netty.request.NettyRequestSender - Using pooled Channel '[id: 0x1681981a, L:/127.0.0.1:61476 - R:localhost/127.0.0.1:6896]' for 'GET' to 'http://localhost:6896/session/7f96e7e36b9f10a8b5acad60a25246de/url'
11:36:34.126 [Forwarding getCurrentUrl on session 7f96e7e36b9f10a8b5acad60a25246de to remote] DEBUG org.asynchttpclient.netty.request.NettyRequestSender - Using open Channel [id: 0x1681981a, L:/127.0.0.1:61476 - R:localhost/127.0.0.1:6896] for GET '/session/7f96e7e36b9f10a8b5acad60a25246de/url'
11:36:34.130 [AsyncHttpClient-1-8] DEBUG org.asynchttpclient.netty.handler.HttpHandler - 

Request DefaultFullHttpRequest(decodeResult: success, version: HTTP/1.1, content: EmptyByteBufBE)
GET /session/7f96e7e36b9f10a8b5acad60a25246de/url HTTP/1.1
User-Agent: selenium/4.8.0 (java windows)
Cache-Control: no-cache
Content-Type: application/json; charset=utf-8
host: localhost:6896
accept: */*

Response DefaultHttpResponse(decodeResult: success, version: HTTP/1.1)
HTTP/1.1 200 OK
Content-Length: 38
Content-Type: application/json; charset=utf-8
cache-control: no-cache

11:36:34.130 [AsyncHttpClient-1-8] DEBUG org.asynchttpclient.netty.channel.ChannelManager - Adding key: http://localhost:6896 for channel [id: 0x1681981a, L:/127.0.0.1:61476 - R:localhost/127.0.0.1:6896]
11:36:34.130 [Forwarding screenshot on session 7f96e7e36b9f10a8b5acad60a25246de to remote] DEBUG org.asynchttpclient.netty.request.NettyRequestSender - Using pooled Channel '[id: 0x1681981a, L:/127.0.0.1:61476 - R:localhost/127.0.0.1:6896]' for 'GET' to 'http://localhost:6896/session/7f96e7e36b9f10a8b5acad60a25246de/screenshot'
11:36:34.130 [Forwarding screenshot on session 7f96e7e36b9f10a8b5acad60a25246de to remote] DEBUG org.asynchttpclient.netty.request.NettyRequestSender - Using open Channel [id: 0x1681981a, L:/127.0.0.1:61476 - R:localhost/127.0.0.1:6896] for GET '/session/7f96e7e36b9f10a8b5acad60a25246de/screenshot'
11:36:34.254 [AsyncHttpClient-1-8] DEBUG org.asynchttpclient.netty.handler.HttpHandler - 

Request DefaultFullHttpRequest(decodeResult: success, version: HTTP/1.1, content: EmptyByteBufBE)
GET /session/7f96e7e36b9f10a8b5acad60a25246de/screenshot HTTP/1.1
User-Agent: selenium/4.8.0 (java windows)
Cache-Control: no-cache
Content-Type: application/json; charset=utf-8
host: localhost:6896
accept: */*

Response DefaultHttpResponse(decodeResult: success, version: HTTP/1.1)
HTTP/1.1 200 OK
Content-Length: 56888
Content-Type: application/json; charset=utf-8
cache-control: no-cache

11:36:34.254 [AsyncHttpClient-1-8] DEBUG org.asynchttpclient.netty.channel.ChannelManager - Adding key: http://localhost:6896 for channel [id: 0x1681981a, L:/127.0.0.1:61476 - R:localhost/127.0.0.1:6896]
11:36:34.255 [main] DEBUG net.serenitybdd.core.photography.Darkroom - Send negative for processing for target\site\serenity\9e064797e028a3807699613c333f7a315a08d2c82b6ed50ea0e2ad01a26ca09b.png
11:36:34.256 [Forwarding getPageSource on session 7f96e7e36b9f10a8b5acad60a25246de to remote] DEBUG org.asynchttpclient.netty.request.NettyRequestSender - Using pooled Channel '[id: 0x1681981a, L:/127.0.0.1:61476 - R:localhost/127.0.0.1:6896]' for 'POST' to 'http://localhost:6896/session/7f96e7e36b9f10a8b5acad60a25246de/execute/sync'
11:36:34.256 [Forwarding getPageSource on session 7f96e7e36b9f10a8b5acad60a25246de to remote] DEBUG org.asynchttpclient.netty.request.NettyRequestSender - Using open Channel [id: 0x1681981a, L:/127.0.0.1:61476 - R:localhost/127.0.0.1:6896] for POST '/session/7f96e7e36b9f10a8b5acad60a25246de/execute/sync'
11:36:34.261 [AsyncHttpClient-1-8] DEBUG org.asynchttpclient.netty.handler.HttpHandler - 

Request DefaultHttpRequest(decodeResult: success, version: HTTP/1.1)
POST /session/7f96e7e36b9f10a8b5acad60a25246de/execute/sync HTTP/1.1
User-Agent: selenium/4.8.0 (java windows)
Content-Length: 176
Content-Type: application/json; charset=utf-8
host: localhost:6896
accept: */*

Response DefaultHttpResponse(decodeResult: success, version: HTTP/1.1)
HTTP/1.1 200 OK
Content-Length: 4333
Content-Type: application/json; charset=utf-8
cache-control: no-cache

11:36:34.261 [AsyncHttpClient-1-8] DEBUG org.asynchttpclient.netty.channel.ChannelManager - Adding key: http://localhost:6896 for channel [id: 0x1681981a, L:/127.0.0.1:61476 - R:localhost/127.0.0.1:6896]
11:36:34.262 [Forwarding getCurrentUrl on session 7f96e7e36b9f10a8b5acad60a25246de to remote] DEBUG org.asynchttpclient.netty.request.NettyRequestSender - Using pooled Channel '[id: 0x1681981a, L:/127.0.0.1:61476 - R:localhost/127.0.0.1:6896]' for 'GET' to 'http://localhost:6896/session/7f96e7e36b9f10a8b5acad60a25246de/url'
11:36:34.262 [Forwarding getCurrentUrl on session 7f96e7e36b9f10a8b5acad60a25246de to remote] DEBUG org.asynchttpclient.netty.request.NettyRequestSender - Using open Channel [id: 0x1681981a, L:/127.0.0.1:61476 - R:localhost/127.0.0.1:6896] for GET '/session/7f96e7e36b9f10a8b5acad60a25246de/url'
11:36:34.265 [AsyncHttpClient-1-8] DEBUG org.asynchttpclient.netty.handler.HttpHandler - 

Request DefaultFullHttpRequest(decodeResult: success, version: HTTP/1.1, content: EmptyByteBufBE)
GET /session/7f96e7e36b9f10a8b5acad60a25246de/url HTTP/1.1
User-Agent: selenium/4.8.0 (java windows)
Cache-Control: no-cache
Content-Type: application/json; charset=utf-8
host: localhost:6896
accept: */*

Response DefaultHttpResponse(decodeResult: success, version: HTTP/1.1)
HTTP/1.1 200 OK
Content-Length: 38
Content-Type: application/json; charset=utf-8
cache-control: no-cache

11:36:34.265 [AsyncHttpClient-1-8] DEBUG org.asynchttpclient.netty.channel.ChannelManager - Adding key: http://localhost:6896 for channel [id: 0x1681981a, L:/127.0.0.1:61476 - R:localhost/127.0.0.1:6896]
11:36:34.273 [Forwarding findElement on session 7f96e7e36b9f10a8b5acad60a25246de to remote] DEBUG org.asynchttpclient.netty.request.NettyRequestSender - Using pooled Channel '[id: 0x1681981a, L:/127.0.0.1:61476 - R:localhost/127.0.0.1:6896]' for 'POST' to 'http://localhost:6896/session/7f96e7e36b9f10a8b5acad60a25246de/element'
11:36:34.273 [Forwarding findElement on session 7f96e7e36b9f10a8b5acad60a25246de to remote] DEBUG org.asynchttpclient.netty.request.NettyRequestSender - Using open Channel [id: 0x1681981a, L:/127.0.0.1:61476 - R:localhost/127.0.0.1:6896] for POST '/session/7f96e7e36b9f10a8b5acad60a25246de/element'
11:36:34.285 [AsyncHttpClient-1-8] DEBUG org.asynchttpclient.netty.handler.HttpHandler - 

Request DefaultHttpRequest(decodeResult: success, version: HTTP/1.1)
POST /session/7f96e7e36b9f10a8b5acad60a25246de/element HTTP/1.1
User-Agent: selenium/4.8.0 (java windows)
Content-Length: 59
Content-Type: application/json; charset=utf-8
host: localhost:6896
accept: */*

Response DefaultHttpResponse(decodeResult: success, version: HTTP/1.1)
HTTP/1.1 200 OK
Content-Length: 95
Content-Type: application/json; charset=utf-8
cache-control: no-cache

11:36:34.285 [AsyncHttpClient-1-8] DEBUG org.asynchttpclient.netty.channel.ChannelManager - Adding key: http://localhost:6896 for channel [id: 0x1681981a, L:/127.0.0.1:61476 - R:localhost/127.0.0.1:6896]
11:36:34.287 [Forwarding isElementDisplayed on session 7f96e7e36b9f10a8b5acad60a25246de to remote] DEBUG org.asynchttpclient.netty.request.NettyRequestSender - Using pooled Channel '[id: 0x1681981a, L:/127.0.0.1:61476 - R:localhost/127.0.0.1:6896]' for 'POST' to 'http://localhost:6896/session/7f96e7e36b9f10a8b5acad60a25246de/execute/sync'
11:36:34.287 [Forwarding isElementDisplayed on session 7f96e7e36b9f10a8b5acad60a25246de to remote] DEBUG org.asynchttpclient.netty.request.NettyRequestSender - Using open Channel [id: 0x1681981a, L:/127.0.0.1:61476 - R:localhost/127.0.0.1:6896] for POST '/session/7f96e7e36b9f10a8b5acad60a25246de/execute/sync'
11:36:34.298 [AsyncHttpClient-1-8] DEBUG org.asynchttpclient.netty.handler.HttpHandler - 

Request DefaultHttpRequest(decodeResult: success, version: HTTP/1.1)
POST /session/7f96e7e36b9f10a8b5acad60a25246de/execute/sync HTTP/1.1
User-Agent: selenium/4.8.0 (java windows)
Content-Length: 48814
Content-Type: application/json; charset=utf-8
host: localhost:6896
accept: */*

Response DefaultHttpResponse(decodeResult: success, version: HTTP/1.1)
HTTP/1.1 200 OK
Content-Length: 14
Content-Type: application/json; charset=utf-8
cache-control: no-cache

11:36:34.298 [AsyncHttpClient-1-8] DEBUG org.asynchttpclient.netty.channel.ChannelManager - Adding key: http://localhost:6896 for channel [id: 0x1681981a, L:/127.0.0.1:61476 - R:localhost/127.0.0.1:6896]
11:36:34.300 [Forwarding isElementDisplayed on session 7f96e7e36b9f10a8b5acad60a25246de to remote] DEBUG org.asynchttpclient.netty.request.NettyRequestSender - Using pooled Channel '[id: 0x1681981a, L:/127.0.0.1:61476 - R:localhost/127.0.0.1:6896]' for 'POST' to 'http://localhost:6896/session/7f96e7e36b9f10a8b5acad60a25246de/execute/sync'
11:36:34.300 [Forwarding isElementDisplayed on session 7f96e7e36b9f10a8b5acad60a25246de to remote] DEBUG org.asynchttpclient.netty.request.NettyRequestSender - Using open Channel [id: 0x1681981a, L:/127.0.0.1:61476 - R:localhost/127.0.0.1:6896] for POST '/session/7f96e7e36b9f10a8b5acad60a25246de/execute/sync'
11:36:34.306 [AsyncHttpClient-1-8] DEBUG org.asynchttpclient.netty.handler.HttpHandler - 

Request DefaultHttpRequest(decodeResult: success, version: HTTP/1.1)
POST /session/7f96e7e36b9f10a8b5acad60a25246de/execute/sync HTTP/1.1
User-Agent: selenium/4.8.0 (java windows)
Content-Length: 48814
Content-Type: application/json; charset=utf-8
host: localhost:6896
accept: */*

Response DefaultHttpResponse(decodeResult: success, version: HTTP/1.1)
HTTP/1.1 200 OK
Content-Length: 14
Content-Type: application/json; charset=utf-8
cache-control: no-cache

11:36:34.306 [AsyncHttpClient-1-8] DEBUG org.asynchttpclient.netty.channel.ChannelManager - Adding key: http://localhost:6896 for channel [id: 0x1681981a, L:/127.0.0.1:61476 - R:localhost/127.0.0.1:6896]
11:36:34.307 [Forwarding isElementDisplayed on session 7f96e7e36b9f10a8b5acad60a25246de to remote] DEBUG org.asynchttpclient.netty.request.NettyRequestSender - Using pooled Channel '[id: 0x1681981a, L:/127.0.0.1:61476 - R:localhost/127.0.0.1:6896]' for 'POST' to 'http://localhost:6896/session/7f96e7e36b9f10a8b5acad60a25246de/execute/sync'
11:36:34.307 [Forwarding isElementDisplayed on session 7f96e7e36b9f10a8b5acad60a25246de to remote] DEBUG org.asynchttpclient.netty.request.NettyRequestSender - Using open Channel [id: 0x1681981a, L:/127.0.0.1:61476 - R:localhost/127.0.0.1:6896] for POST '/session/7f96e7e36b9f10a8b5acad60a25246de/execute/sync'
11:36:34.317 [AsyncHttpClient-1-8] DEBUG org.asynchttpclient.netty.handler.HttpHandler - 

Request DefaultHttpRequest(decodeResult: success, version: HTTP/1.1)
POST /session/7f96e7e36b9f10a8b5acad60a25246de/execute/sync HTTP/1.1
User-Agent: selenium/4.8.0 (java windows)
Content-Length: 48814
Content-Type: application/json; charset=utf-8
host: localhost:6896
accept: */*

Response DefaultHttpResponse(decodeResult: success, version: HTTP/1.1)
HTTP/1.1 200 OK
Content-Length: 14
Content-Type: application/json; charset=utf-8
cache-control: no-cache

11:36:34.317 [AsyncHttpClient-1-8] DEBUG org.asynchttpclient.netty.channel.ChannelManager - Adding key: http://localhost:6896 for channel [id: 0x1681981a, L:/127.0.0.1:61476 - R:localhost/127.0.0.1:6896]
11:36:34.321 [Forwarding getAlertText on session 7f96e7e36b9f10a8b5acad60a25246de to remote] DEBUG org.asynchttpclient.netty.request.NettyRequestSender - Using pooled Channel '[id: 0x1681981a, L:/127.0.0.1:61476 - R:localhost/127.0.0.1:6896]' for 'GET' to 'http://localhost:6896/session/7f96e7e36b9f10a8b5acad60a25246de/alert/text'
11:36:34.321 [Forwarding getAlertText on session 7f96e7e36b9f10a8b5acad60a25246de to remote] DEBUG org.asynchttpclient.netty.request.NettyRequestSender - Using open Channel [id: 0x1681981a, L:/127.0.0.1:61476 - R:localhost/127.0.0.1:6896] for GET '/session/7f96e7e36b9f10a8b5acad60a25246de/alert/text'
11:36:34.323 [AsyncHttpClient-1-8] DEBUG org.asynchttpclient.netty.handler.HttpHandler - 

Request DefaultFullHttpRequest(decodeResult: success, version: HTTP/1.1, content: EmptyByteBufBE)
GET /session/7f96e7e36b9f10a8b5acad60a25246de/alert/text HTTP/1.1
User-Agent: selenium/4.8.0 (java windows)
Cache-Control: no-cache
Content-Type: application/json; charset=utf-8
host: localhost:6896
accept: */*

Response DefaultHttpResponse(decodeResult: success, version: HTTP/1.1)
HTTP/1.1 404 Not Found
Content-Length: 1522
Content-Type: application/json; charset=utf-8
cache-control: no-cache

11:36:34.323 [AsyncHttpClient-1-8] DEBUG org.asynchttpclient.netty.channel.ChannelManager - Adding key: http://localhost:6896 for channel [id: 0x1681981a, L:/127.0.0.1:61476 - R:localhost/127.0.0.1:6896]
11:36:34.324 [Forwarding getCurrentUrl on session 7f96e7e36b9f10a8b5acad60a25246de to remote] DEBUG org.asynchttpclient.netty.request.NettyRequestSender - Using pooled Channel '[id: 0x1681981a, L:/127.0.0.1:61476 - R:localhost/127.0.0.1:6896]' for 'GET' to 'http://localhost:6896/session/7f96e7e36b9f10a8b5acad60a25246de/url'
11:36:34.324 [Forwarding getCurrentUrl on session 7f96e7e36b9f10a8b5acad60a25246de to remote] DEBUG org.asynchttpclient.netty.request.NettyRequestSender - Using open Channel [id: 0x1681981a, L:/127.0.0.1:61476 - R:localhost/127.0.0.1:6896] for GET '/session/7f96e7e36b9f10a8b5acad60a25246de/url'
11:36:34.327 [AsyncHttpClient-1-8] DEBUG org.asynchttpclient.netty.handler.HttpHandler - 

Request DefaultFullHttpRequest(decodeResult: success, version: HTTP/1.1, content: EmptyByteBufBE)
GET /session/7f96e7e36b9f10a8b5acad60a25246de/url HTTP/1.1
User-Agent: selenium/4.8.0 (java windows)
Cache-Control: no-cache
Content-Type: application/json; charset=utf-8
host: localhost:6896
accept: */*

Response DefaultHttpResponse(decodeResult: success, version: HTTP/1.1)
HTTP/1.1 200 OK
Content-Length: 38
Content-Type: application/json; charset=utf-8
cache-control: no-cache

11:36:34.327 [AsyncHttpClient-1-8] DEBUG org.asynchttpclient.netty.channel.ChannelManager - Adding key: http://localhost:6896 for channel [id: 0x1681981a, L:/127.0.0.1:61476 - R:localhost/127.0.0.1:6896]
11:36:34.328 [Forwarding screenshot on session 7f96e7e36b9f10a8b5acad60a25246de to remote] DEBUG org.asynchttpclient.netty.request.NettyRequestSender - Using pooled Channel '[id: 0x1681981a, L:/127.0.0.1:61476 - R:localhost/127.0.0.1:6896]' for 'GET' to 'http://localhost:6896/session/7f96e7e36b9f10a8b5acad60a25246de/screenshot'
11:36:34.328 [Forwarding screenshot on session 7f96e7e36b9f10a8b5acad60a25246de to remote] DEBUG org.asynchttpclient.netty.request.NettyRequestSender - Using open Channel [id: 0x1681981a, L:/127.0.0.1:61476 - R:localhost/127.0.0.1:6896] for GET '/session/7f96e7e36b9f10a8b5acad60a25246de/screenshot'
11:36:34.458 [AsyncHttpClient-1-8] DEBUG org.asynchttpclient.netty.handler.HttpHandler - 

Request DefaultFullHttpRequest(decodeResult: success, version: HTTP/1.1, content: EmptyByteBufBE)
GET /session/7f96e7e36b9f10a8b5acad60a25246de/screenshot HTTP/1.1
User-Agent: selenium/4.8.0 (java windows)
Cache-Control: no-cache
Content-Type: application/json; charset=utf-8
host: localhost:6896
accept: */*

Response DefaultHttpResponse(decodeResult: success, version: HTTP/1.1)
HTTP/1.1 200 OK
Content-Length: 56888
Content-Type: application/json; charset=utf-8
cache-control: no-cache

11:36:34.458 [AsyncHttpClient-1-8] DEBUG org.asynchttpclient.netty.channel.ChannelManager - Adding key: http://localhost:6896 for channel [id: 0x1681981a, L:/127.0.0.1:61476 - R:localhost/127.0.0.1:6896]
11:36:34.459 [main] DEBUG net.serenitybdd.core.photography.Darkroom - Send negative for processing for target\site\serenity\9e064797e028a3807699613c333f7a315a08d2c82b6ed50ea0e2ad01a26ca09b.png
11:36:34.461 [Forwarding findElement on session 7f96e7e36b9f10a8b5acad60a25246de to remote] DEBUG org.asynchttpclient.netty.request.NettyRequestSender - Using pooled Channel '[id: 0x1681981a, L:/127.0.0.1:61476 - R:localhost/127.0.0.1:6896]' for 'POST' to 'http://localhost:6896/session/7f96e7e36b9f10a8b5acad60a25246de/element'
11:36:34.461 [Forwarding findElement on session 7f96e7e36b9f10a8b5acad60a25246de to remote] DEBUG org.asynchttpclient.netty.request.NettyRequestSender - Using open Channel [id: 0x1681981a, L:/127.0.0.1:61476 - R:localhost/127.0.0.1:6896] for POST '/session/7f96e7e36b9f10a8b5acad60a25246de/element'
11:36:34.472 [AsyncHttpClient-1-8] DEBUG org.asynchttpclient.netty.handler.HttpHandler - 

Request DefaultHttpRequest(decodeResult: success, version: HTTP/1.1)
POST /session/7f96e7e36b9f10a8b5acad60a25246de/element HTTP/1.1
User-Agent: selenium/4.8.0 (java windows)
Content-Length: 77
Content-Type: application/json; charset=utf-8
host: localhost:6896
accept: */*

Response DefaultHttpResponse(decodeResult: success, version: HTTP/1.1)
HTTP/1.1 200 OK
Content-Length: 95
Content-Type: application/json; charset=utf-8
cache-control: no-cache

11:36:34.472 [AsyncHttpClient-1-8] DEBUG org.asynchttpclient.netty.channel.ChannelManager - Adding key: http://localhost:6896 for channel [id: 0x1681981a, L:/127.0.0.1:61476 - R:localhost/127.0.0.1:6896]
11:36:34.474 [Forwarding isElementDisplayed on session 7f96e7e36b9f10a8b5acad60a25246de to remote] DEBUG org.asynchttpclient.netty.request.NettyRequestSender - Using pooled Channel '[id: 0x1681981a, L:/127.0.0.1:61476 - R:localhost/127.0.0.1:6896]' for 'POST' to 'http://localhost:6896/session/7f96e7e36b9f10a8b5acad60a25246de/execute/sync'
11:36:34.474 [Forwarding isElementDisplayed on session 7f96e7e36b9f10a8b5acad60a25246de to remote] DEBUG org.asynchttpclient.netty.request.NettyRequestSender - Using open Channel [id: 0x1681981a, L:/127.0.0.1:61476 - R:localhost/127.0.0.1:6896] for POST '/session/7f96e7e36b9f10a8b5acad60a25246de/execute/sync'
11:36:34.484 [AsyncHttpClient-1-8] DEBUG org.asynchttpclient.netty.handler.HttpHandler - 

Request DefaultHttpRequest(decodeResult: success, version: HTTP/1.1)
POST /session/7f96e7e36b9f10a8b5acad60a25246de/execute/sync HTTP/1.1
User-Agent: selenium/4.8.0 (java windows)
Content-Length: 48814
Content-Type: application/json; charset=utf-8
host: localhost:6896
accept: */*

Response DefaultHttpResponse(decodeResult: success, version: HTTP/1.1)
HTTP/1.1 200 OK
Content-Length: 14
Content-Type: application/json; charset=utf-8
cache-control: no-cache

11:36:34.484 [AsyncHttpClient-1-8] DEBUG org.asynchttpclient.netty.channel.ChannelManager - Adding key: http://localhost:6896 for channel [id: 0x1681981a, L:/127.0.0.1:61476 - R:localhost/127.0.0.1:6896]
11:36:34.484 [Forwarding getElementText on session 7f96e7e36b9f10a8b5acad60a25246de to remote] DEBUG org.asynchttpclient.netty.request.NettyRequestSender - Using pooled Channel '[id: 0x1681981a, L:/127.0.0.1:61476 - R:localhost/127.0.0.1:6896]' for 'GET' to 'http://localhost:6896/session/7f96e7e36b9f10a8b5acad60a25246de/element/6FF2D42796E1B5636833727143D40385_element_17/text'
11:36:34.484 [Forwarding getElementText on session 7f96e7e36b9f10a8b5acad60a25246de to remote] DEBUG org.asynchttpclient.netty.request.NettyRequestSender - Using open Channel [id: 0x1681981a, L:/127.0.0.1:61476 - R:localhost/127.0.0.1:6896] for GET '/session/7f96e7e36b9f10a8b5acad60a25246de/element/6FF2D42796E1B5636833727143D40385_element_17/text'
11:36:34.490 [AsyncHttpClient-1-8] DEBUG org.asynchttpclient.netty.handler.HttpHandler - 

Request DefaultFullHttpRequest(decodeResult: success, version: HTTP/1.1, content: EmptyByteBufBE)
GET /session/7f96e7e36b9f10a8b5acad60a25246de/element/6FF2D42796E1B5636833727143D40385_element_17/text HTTP/1.1
User-Agent: selenium/4.8.0 (java windows)
Cache-Control: no-cache
Content-Type: application/json; charset=utf-8
host: localhost:6896
accept: */*

Response DefaultHttpResponse(decodeResult: success, version: HTTP/1.1)
HTTP/1.1 200 OK
Content-Length: 106
Content-Type: application/json; charset=utf-8
cache-control: no-cache

11:36:34.490 [AsyncHttpClient-1-8] DEBUG org.asynchttpclient.netty.channel.ChannelManager - Adding key: http://localhost:6896 for channel [id: 0x1681981a, L:/127.0.0.1:61476 - R:localhost/127.0.0.1:6896]
11:36:34.490 [main] INFO  com.swaglabs.base.SetUp - Accepted usernames are:validated
11:36:34.490 [main] INFO  com.swaglabs.base.SetUp - standard_uservalidated
11:36:34.490 [main] INFO  com.swaglabs.base.SetUp - locked_out_uservalidated
11:36:34.490 [main] INFO  com.swaglabs.base.SetUp - problem_uservalidated
11:36:34.490 [main] INFO  com.swaglabs.base.SetUp - performance_glitch_uservalidated
11:36:34.492 [Forwarding findElement on session 7f96e7e36b9f10a8b5acad60a25246de to remote] DEBUG org.asynchttpclient.netty.request.NettyRequestSender - Using pooled Channel '[id: 0x1681981a, L:/127.0.0.1:61476 - R:localhost/127.0.0.1:6896]' for 'POST' to 'http://localhost:6896/session/7f96e7e36b9f10a8b5acad60a25246de/element'
11:36:34.492 [Forwarding findElement on session 7f96e7e36b9f10a8b5acad60a25246de to remote] DEBUG org.asynchttpclient.netty.request.NettyRequestSender - Using open Channel [id: 0x1681981a, L:/127.0.0.1:61476 - R:localhost/127.0.0.1:6896] for POST '/session/7f96e7e36b9f10a8b5acad60a25246de/element'
11:36:34.502 [AsyncHttpClient-1-8] DEBUG org.asynchttpclient.netty.handler.HttpHandler - 

Request DefaultHttpRequest(decodeResult: success, version: HTTP/1.1)
POST /session/7f96e7e36b9f10a8b5acad60a25246de/element HTTP/1.1
User-Agent: selenium/4.8.0 (java windows)
Content-Length: 77
Content-Type: application/json; charset=utf-8
host: localhost:6896
accept: */*

Response DefaultHttpResponse(decodeResult: success, version: HTTP/1.1)
HTTP/1.1 200 OK
Content-Length: 95
Content-Type: application/json; charset=utf-8
cache-control: no-cache

11:36:34.502 [AsyncHttpClient-1-8] DEBUG org.asynchttpclient.netty.channel.ChannelManager - Adding key: http://localhost:6896 for channel [id: 0x1681981a, L:/127.0.0.1:61476 - R:localhost/127.0.0.1:6896]
11:36:34.505 [Forwarding isElementDisplayed on session 7f96e7e36b9f10a8b5acad60a25246de to remote] DEBUG org.asynchttpclient.netty.request.NettyRequestSender - Using pooled Channel '[id: 0x1681981a, L:/127.0.0.1:61476 - R:localhost/127.0.0.1:6896]' for 'POST' to 'http://localhost:6896/session/7f96e7e36b9f10a8b5acad60a25246de/execute/sync'
11:36:34.505 [Forwarding isElementDisplayed on session 7f96e7e36b9f10a8b5acad60a25246de to remote] DEBUG org.asynchttpclient.netty.request.NettyRequestSender - Using open Channel [id: 0x1681981a, L:/127.0.0.1:61476 - R:localhost/127.0.0.1:6896] for POST '/session/7f96e7e36b9f10a8b5acad60a25246de/execute/sync'
11:36:34.513 [AsyncHttpClient-1-8] DEBUG org.asynchttpclient.netty.handler.HttpHandler - 

Request DefaultHttpRequest(decodeResult: success, version: HTTP/1.1)
POST /session/7f96e7e36b9f10a8b5acad60a25246de/execute/sync HTTP/1.1
User-Agent: selenium/4.8.0 (java windows)
Content-Length: 48814
Content-Type: application/json; charset=utf-8
host: localhost:6896
accept: */*

Response DefaultHttpResponse(decodeResult: success, version: HTTP/1.1)
HTTP/1.1 200 OK
Content-Length: 14
Content-Type: application/json; charset=utf-8
cache-control: no-cache

11:36:34.513 [AsyncHttpClient-1-8] DEBUG org.asynchttpclient.netty.channel.ChannelManager - Adding key: http://localhost:6896 for channel [id: 0x1681981a, L:/127.0.0.1:61476 - R:localhost/127.0.0.1:6896]
11:36:34.514 [Forwarding getElementText on session 7f96e7e36b9f10a8b5acad60a25246de to remote] DEBUG org.asynchttpclient.netty.request.NettyRequestSender - Using pooled Channel '[id: 0x1681981a, L:/127.0.0.1:61476 - R:localhost/127.0.0.1:6896]' for 'GET' to 'http://localhost:6896/session/7f96e7e36b9f10a8b5acad60a25246de/element/6FF2D42796E1B5636833727143D40385_element_10/text'
11:36:34.514 [Forwarding getElementText on session 7f96e7e36b9f10a8b5acad60a25246de to remote] DEBUG org.asynchttpclient.netty.request.NettyRequestSender - Using open Channel [id: 0x1681981a, L:/127.0.0.1:61476 - R:localhost/127.0.0.1:6896] for GET '/session/7f96e7e36b9f10a8b5acad60a25246de/element/6FF2D42796E1B5636833727143D40385_element_10/text'
11:36:34.522 [AsyncHttpClient-1-8] DEBUG org.asynchttpclient.netty.handler.HttpHandler - 

Request DefaultFullHttpRequest(decodeResult: success, version: HTTP/1.1, content: EmptyByteBufBE)
GET /session/7f96e7e36b9f10a8b5acad60a25246de/element/6FF2D42796E1B5636833727143D40385_element_10/text HTTP/1.1
User-Agent: selenium/4.8.0 (java windows)
Cache-Control: no-cache
Content-Type: application/json; charset=utf-8
host: localhost:6896
accept: */*

Response DefaultHttpResponse(decodeResult: success, version: HTTP/1.1)
HTTP/1.1 200 OK
Content-Length: 49
Content-Type: application/json; charset=utf-8
cache-control: no-cache

11:36:34.522 [AsyncHttpClient-1-8] DEBUG org.asynchttpclient.netty.channel.ChannelManager - Adding key: http://localhost:6896 for channel [id: 0x1681981a, L:/127.0.0.1:61476 - R:localhost/127.0.0.1:6896]
11:36:34.522 [main] INFO  com.swaglabs.base.SetUp - Password for all users:validated
11:36:34.523 [main] INFO  com.swaglabs.base.SetUp - secret_saucevalidated
11:36:34.525 [Forwarding getAlertText on session 7f96e7e36b9f10a8b5acad60a25246de to remote] DEBUG org.asynchttpclient.netty.request.NettyRequestSender - Using pooled Channel '[id: 0x1681981a, L:/127.0.0.1:61476 - R:localhost/127.0.0.1:6896]' for 'GET' to 'http://localhost:6896/session/7f96e7e36b9f10a8b5acad60a25246de/alert/text'
11:36:34.525 [Forwarding getAlertText on session 7f96e7e36b9f10a8b5acad60a25246de to remote] DEBUG org.asynchttpclient.netty.request.NettyRequestSender - Using open Channel [id: 0x1681981a, L:/127.0.0.1:61476 - R:localhost/127.0.0.1:6896] for GET '/session/7f96e7e36b9f10a8b5acad60a25246de/alert/text'
11:36:34.526 [AsyncHttpClient-1-8] DEBUG org.asynchttpclient.netty.handler.HttpHandler - 

Request DefaultFullHttpRequest(decodeResult: success, version: HTTP/1.1, content: EmptyByteBufBE)
GET /session/7f96e7e36b9f10a8b5acad60a25246de/alert/text HTTP/1.1
User-Agent: selenium/4.8.0 (java windows)
Cache-Control: no-cache
Content-Type: application/json; charset=utf-8
host: localhost:6896
accept: */*

Response DefaultHttpResponse(decodeResult: success, version: HTTP/1.1)
HTTP/1.1 404 Not Found
Content-Length: 1522
Content-Type: application/json; charset=utf-8
cache-control: no-cache

11:36:34.526 [AsyncHttpClient-1-8] DEBUG org.asynchttpclient.netty.channel.ChannelManager - Adding key: http://localhost:6896 for channel [id: 0x1681981a, L:/127.0.0.1:61476 - R:localhost/127.0.0.1:6896]
11:36:34.527 [Forwarding getCurrentUrl on session 7f96e7e36b9f10a8b5acad60a25246de to remote] DEBUG org.asynchttpclient.netty.request.NettyRequestSender - Using pooled Channel '[id: 0x1681981a, L:/127.0.0.1:61476 - R:localhost/127.0.0.1:6896]' for 'GET' to 'http://localhost:6896/session/7f96e7e36b9f10a8b5acad60a25246de/url'
11:36:34.527 [Forwarding getCurrentUrl on session 7f96e7e36b9f10a8b5acad60a25246de to remote] DEBUG org.asynchttpclient.netty.request.NettyRequestSender - Using open Channel [id: 0x1681981a, L:/127.0.0.1:61476 - R:localhost/127.0.0.1:6896] for GET '/session/7f96e7e36b9f10a8b5acad60a25246de/url'
11:36:34.530 [AsyncHttpClient-1-8] DEBUG org.asynchttpclient.netty.handler.HttpHandler - 

Request DefaultFullHttpRequest(decodeResult: success, version: HTTP/1.1, content: EmptyByteBufBE)
GET /session/7f96e7e36b9f10a8b5acad60a25246de/url HTTP/1.1
User-Agent: selenium/4.8.0 (java windows)
Cache-Control: no-cache
Content-Type: application/json; charset=utf-8
host: localhost:6896
accept: */*

Response DefaultHttpResponse(decodeResult: success, version: HTTP/1.1)
HTTP/1.1 200 OK
Content-Length: 38
Content-Type: application/json; charset=utf-8
cache-control: no-cache

11:36:34.530 [AsyncHttpClient-1-8] DEBUG org.asynchttpclient.netty.channel.ChannelManager - Adding key: http://localhost:6896 for channel [id: 0x1681981a, L:/127.0.0.1:61476 - R:localhost/127.0.0.1:6896]
11:36:34.530 [Forwarding screenshot on session 7f96e7e36b9f10a8b5acad60a25246de to remote] DEBUG org.asynchttpclient.netty.request.NettyRequestSender - Using pooled Channel '[id: 0x1681981a, L:/127.0.0.1:61476 - R:localhost/127.0.0.1:6896]' for 'GET' to 'http://localhost:6896/session/7f96e7e36b9f10a8b5acad60a25246de/screenshot'
11:36:34.530 [Forwarding screenshot on session 7f96e7e36b9f10a8b5acad60a25246de to remote] DEBUG org.asynchttpclient.netty.request.NettyRequestSender - Using open Channel [id: 0x1681981a, L:/127.0.0.1:61476 - R:localhost/127.0.0.1:6896] for GET '/session/7f96e7e36b9f10a8b5acad60a25246de/screenshot'
11:36:34.648 [AsyncHttpClient-1-8] DEBUG org.asynchttpclient.netty.handler.HttpHandler - 

Request DefaultFullHttpRequest(decodeResult: success, version: HTTP/1.1, content: EmptyByteBufBE)
GET /session/7f96e7e36b9f10a8b5acad60a25246de/screenshot HTTP/1.1
User-Agent: selenium/4.8.0 (java windows)
Cache-Control: no-cache
Content-Type: application/json; charset=utf-8
host: localhost:6896
accept: */*

Response DefaultHttpResponse(decodeResult: success, version: HTTP/1.1)
HTTP/1.1 200 OK
Content-Length: 56888
Content-Type: application/json; charset=utf-8
cache-control: no-cache

11:36:34.648 [AsyncHttpClient-1-8] DEBUG org.asynchttpclient.netty.channel.ChannelManager - Adding key: http://localhost:6896 for channel [id: 0x1681981a, L:/127.0.0.1:61476 - R:localhost/127.0.0.1:6896]
11:36:34.650 [main] DEBUG net.serenitybdd.core.photography.Darkroom - Send negative for processing for target\site\serenity\9e064797e028a3807699613c333f7a315a08d2c82b6ed50ea0e2ad01a26ca09b.png
11:36:34.650 [main] DEBUG net.thucydides.core.steps.StepInterceptor - STEP DONE: test2_ValidateUserinterfaceHeadersAndFooters
11:36:34.657 [Forwarding getPageSource on session 7f96e7e36b9f10a8b5acad60a25246de to remote] DEBUG org.asynchttpclient.netty.request.NettyRequestSender - Using pooled Channel '[id: 0x1681981a, L:/127.0.0.1:61476 - R:localhost/127.0.0.1:6896]' for 'POST' to 'http://localhost:6896/session/7f96e7e36b9f10a8b5acad60a25246de/execute/sync'
11:36:34.657 [Forwarding getPageSource on session 7f96e7e36b9f10a8b5acad60a25246de to remote] DEBUG org.asynchttpclient.netty.request.NettyRequestSender - Using open Channel [id: 0x1681981a, L:/127.0.0.1:61476 - R:localhost/127.0.0.1:6896] for POST '/session/7f96e7e36b9f10a8b5acad60a25246de/execute/sync'
11:36:34.663 [AsyncHttpClient-1-8] DEBUG org.asynchttpclient.netty.handler.HttpHandler - 

Request DefaultHttpRequest(decodeResult: success, version: HTTP/1.1)
POST /session/7f96e7e36b9f10a8b5acad60a25246de/execute/sync HTTP/1.1
User-Agent: selenium/4.8.0 (java windows)
Content-Length: 176
Content-Type: application/json; charset=utf-8
host: localhost:6896
accept: */*

Response DefaultHttpResponse(decodeResult: success, version: HTTP/1.1)
HTTP/1.1 200 OK
Content-Length: 4333
Content-Type: application/json; charset=utf-8
cache-control: no-cache

11:36:34.664 [AsyncHttpClient-1-8] DEBUG org.asynchttpclient.netty.channel.ChannelManager - Adding key: http://localhost:6896 for channel [id: 0x1681981a, L:/127.0.0.1:61476 - R:localhost/127.0.0.1:6896]
11:36:34.664 [Forwarding getCurrentUrl on session 7f96e7e36b9f10a8b5acad60a25246de to remote] DEBUG org.asynchttpclient.netty.request.NettyRequestSender - Using pooled Channel '[id: 0x1681981a, L:/127.0.0.1:61476 - R:localhost/127.0.0.1:6896]' for 'GET' to 'http://localhost:6896/session/7f96e7e36b9f10a8b5acad60a25246de/url'
11:36:34.664 [Forwarding getCurrentUrl on session 7f96e7e36b9f10a8b5acad60a25246de to remote] DEBUG org.asynchttpclient.netty.request.NettyRequestSender - Using open Channel [id: 0x1681981a, L:/127.0.0.1:61476 - R:localhost/127.0.0.1:6896] for GET '/session/7f96e7e36b9f10a8b5acad60a25246de/url'
11:36:34.669 [AsyncHttpClient-1-8] DEBUG org.asynchttpclient.netty.handler.HttpHandler - 

Request DefaultFullHttpRequest(decodeResult: success, version: HTTP/1.1, content: EmptyByteBufBE)
GET /session/7f96e7e36b9f10a8b5acad60a25246de/url HTTP/1.1
User-Agent: selenium/4.8.0 (java windows)
Cache-Control: no-cache
Content-Type: application/json; charset=utf-8
host: localhost:6896
accept: */*

Response DefaultHttpResponse(decodeResult: success, version: HTTP/1.1)
HTTP/1.1 200 OK
Content-Length: 38
Content-Type: application/json; charset=utf-8
cache-control: no-cache

11:36:34.669 [AsyncHttpClient-1-8] DEBUG org.asynchttpclient.netty.channel.ChannelManager - Adding key: http://localhost:6896 for channel [id: 0x1681981a, L:/127.0.0.1:61476 - R:localhost/127.0.0.1:6896]
11:36:34.675 [main] DEBUG net.thucydides.core.steps.StepInterceptor - STARTING STEP: Tests.testCases - login with user {0}
11:36:34.686 [Forwarding getPageSource on session 7f96e7e36b9f10a8b5acad60a25246de to remote] DEBUG org.asynchttpclient.netty.request.NettyRequestSender - Using pooled Channel '[id: 0x1681981a, L:/127.0.0.1:61476 - R:localhost/127.0.0.1:6896]' for 'POST' to 'http://localhost:6896/session/7f96e7e36b9f10a8b5acad60a25246de/execute/sync'
11:36:34.686 [Forwarding getPageSource on session 7f96e7e36b9f10a8b5acad60a25246de to remote] DEBUG org.asynchttpclient.netty.request.NettyRequestSender - Using open Channel [id: 0x1681981a, L:/127.0.0.1:61476 - R:localhost/127.0.0.1:6896] for POST '/session/7f96e7e36b9f10a8b5acad60a25246de/execute/sync'
11:36:34.692 [AsyncHttpClient-1-8] DEBUG org.asynchttpclient.netty.handler.HttpHandler - 

Request DefaultHttpRequest(decodeResult: success, version: HTTP/1.1)
POST /session/7f96e7e36b9f10a8b5acad60a25246de/execute/sync HTTP/1.1
User-Agent: selenium/4.8.0 (java windows)
Content-Length: 176
Content-Type: application/json; charset=utf-8
host: localhost:6896
accept: */*

Response DefaultHttpResponse(decodeResult: success, version: HTTP/1.1)
HTTP/1.1 200 OK
Content-Length: 4333
Content-Type: application/json; charset=utf-8
cache-control: no-cache

11:36:34.692 [AsyncHttpClient-1-8] DEBUG org.asynchttpclient.netty.channel.ChannelManager - Adding key: http://localhost:6896 for channel [id: 0x1681981a, L:/127.0.0.1:61476 - R:localhost/127.0.0.1:6896]
11:36:34.693 [Forwarding getCurrentUrl on session 7f96e7e36b9f10a8b5acad60a25246de to remote] DEBUG org.asynchttpclient.netty.request.NettyRequestSender - Using pooled Channel '[id: 0x1681981a, L:/127.0.0.1:61476 - R:localhost/127.0.0.1:6896]' for 'GET' to 'http://localhost:6896/session/7f96e7e36b9f10a8b5acad60a25246de/url'
11:36:34.693 [Forwarding getCurrentUrl on session 7f96e7e36b9f10a8b5acad60a25246de to remote] DEBUG org.asynchttpclient.netty.request.NettyRequestSender - Using open Channel [id: 0x1681981a, L:/127.0.0.1:61476 - R:localhost/127.0.0.1:6896] for GET '/session/7f96e7e36b9f10a8b5acad60a25246de/url'
11:36:34.695 [AsyncHttpClient-1-8] DEBUG org.asynchttpclient.netty.handler.HttpHandler - 

Request DefaultFullHttpRequest(decodeResult: success, version: HTTP/1.1, content: EmptyByteBufBE)
GET /session/7f96e7e36b9f10a8b5acad60a25246de/url HTTP/1.1
User-Agent: selenium/4.8.0 (java windows)
Cache-Control: no-cache
Content-Type: application/json; charset=utf-8
host: localhost:6896
accept: */*

Response DefaultHttpResponse(decodeResult: success, version: HTTP/1.1)
HTTP/1.1 200 OK
Content-Length: 38
Content-Type: application/json; charset=utf-8
cache-control: no-cache

11:36:34.695 [AsyncHttpClient-1-8] DEBUG org.asynchttpclient.netty.channel.ChannelManager - Adding key: http://localhost:6896 for channel [id: 0x1681981a, L:/127.0.0.1:61476 - R:localhost/127.0.0.1:6896]
11:36:34.701 [main] DEBUG net.thucydides.core.steps.StepInterceptor - STARTING STEP: LoginPageSteps.test3_loginWithAllUser - validate password footers
11:36:34.703 [Forwarding findElement on session 7f96e7e36b9f10a8b5acad60a25246de to remote] DEBUG org.asynchttpclient.netty.request.NettyRequestSender - Using pooled Channel '[id: 0x1681981a, L:/127.0.0.1:61476 - R:localhost/127.0.0.1:6896]' for 'POST' to 'http://localhost:6896/session/7f96e7e36b9f10a8b5acad60a25246de/element'
11:36:34.703 [Forwarding findElement on session 7f96e7e36b9f10a8b5acad60a25246de to remote] DEBUG org.asynchttpclient.netty.request.NettyRequestSender - Using open Channel [id: 0x1681981a, L:/127.0.0.1:61476 - R:localhost/127.0.0.1:6896] for POST '/session/7f96e7e36b9f10a8b5acad60a25246de/element'
11:36:34.713 [AsyncHttpClient-1-8] DEBUG org.asynchttpclient.netty.handler.HttpHandler - 

Request DefaultHttpRequest(decodeResult: success, version: HTTP/1.1)
POST /session/7f96e7e36b9f10a8b5acad60a25246de/element HTTP/1.1
User-Agent: selenium/4.8.0 (java windows)
Content-Length: 56
Content-Type: application/json; charset=utf-8
host: localhost:6896
accept: */*

Response DefaultHttpResponse(decodeResult: success, version: HTTP/1.1)
HTTP/1.1 200 OK
Content-Length: 95
Content-Type: application/json; charset=utf-8
cache-control: no-cache

11:36:34.713 [AsyncHttpClient-1-8] DEBUG org.asynchttpclient.netty.channel.ChannelManager - Adding key: http://localhost:6896 for channel [id: 0x1681981a, L:/127.0.0.1:61476 - R:localhost/127.0.0.1:6896]
11:36:34.715 [Forwarding isElementDisplayed on session 7f96e7e36b9f10a8b5acad60a25246de to remote] DEBUG org.asynchttpclient.netty.request.NettyRequestSender - Using pooled Channel '[id: 0x1681981a, L:/127.0.0.1:61476 - R:localhost/127.0.0.1:6896]' for 'POST' to 'http://localhost:6896/session/7f96e7e36b9f10a8b5acad60a25246de/execute/sync'
11:36:34.715 [Forwarding isElementDisplayed on session 7f96e7e36b9f10a8b5acad60a25246de to remote] DEBUG org.asynchttpclient.netty.request.NettyRequestSender - Using open Channel [id: 0x1681981a, L:/127.0.0.1:61476 - R:localhost/127.0.0.1:6896] for POST '/session/7f96e7e36b9f10a8b5acad60a25246de/execute/sync'
11:36:34.722 [AsyncHttpClient-1-8] DEBUG org.asynchttpclient.netty.handler.HttpHandler - 

Request DefaultHttpRequest(decodeResult: success, version: HTTP/1.1)
POST /session/7f96e7e36b9f10a8b5acad60a25246de/execute/sync HTTP/1.1
User-Agent: selenium/4.8.0 (java windows)
Content-Length: 48814
Content-Type: application/json; charset=utf-8
host: localhost:6896
accept: */*

Response DefaultHttpResponse(decodeResult: success, version: HTTP/1.1)
HTTP/1.1 200 OK
Content-Length: 14
Content-Type: application/json; charset=utf-8
cache-control: no-cache

11:36:34.723 [AsyncHttpClient-1-8] DEBUG org.asynchttpclient.netty.channel.ChannelManager - Adding key: http://localhost:6896 for channel [id: 0x1681981a, L:/127.0.0.1:61476 - R:localhost/127.0.0.1:6896]
11:36:34.723 [Forwarding clearElement on session 7f96e7e36b9f10a8b5acad60a25246de to remote] DEBUG org.asynchttpclient.netty.request.NettyRequestSender - Using pooled Channel '[id: 0x1681981a, L:/127.0.0.1:61476 - R:localhost/127.0.0.1:6896]' for 'POST' to 'http://localhost:6896/session/7f96e7e36b9f10a8b5acad60a25246de/element/6FF2D42796E1B5636833727143D40385_element_12/clear'
11:36:34.723 [Forwarding clearElement on session 7f96e7e36b9f10a8b5acad60a25246de to remote] DEBUG org.asynchttpclient.netty.request.NettyRequestSender - Using open Channel [id: 0x1681981a, L:/127.0.0.1:61476 - R:localhost/127.0.0.1:6896] for POST '/session/7f96e7e36b9f10a8b5acad60a25246de/element/6FF2D42796E1B5636833727143D40385_element_12/clear'
11:36:34.755 [AsyncHttpClient-1-8] DEBUG org.asynchttpclient.netty.handler.HttpHandler - 

Request DefaultHttpRequest(decodeResult: success, version: HTTP/1.1)
POST /session/7f96e7e36b9f10a8b5acad60a25246de/element/6FF2D42796E1B5636833727143D40385_element_12/clear HTTP/1.1
User-Agent: selenium/4.8.0 (java windows)
Content-Length: 57
Content-Type: application/json; charset=utf-8
host: localhost:6896
accept: */*

Response DefaultHttpResponse(decodeResult: success, version: HTTP/1.1)
HTTP/1.1 200 OK
Content-Length: 14
Content-Type: application/json; charset=utf-8
cache-control: no-cache

11:36:34.755 [AsyncHttpClient-1-8] DEBUG org.asynchttpclient.netty.channel.ChannelManager - Adding key: http://localhost:6896 for channel [id: 0x1681981a, L:/127.0.0.1:61476 - R:localhost/127.0.0.1:6896]
11:36:34.757 [Forwarding findElement on session 7f96e7e36b9f10a8b5acad60a25246de to remote] DEBUG org.asynchttpclient.netty.request.NettyRequestSender - Using pooled Channel '[id: 0x1681981a, L:/127.0.0.1:61476 - R:localhost/127.0.0.1:6896]' for 'POST' to 'http://localhost:6896/session/7f96e7e36b9f10a8b5acad60a25246de/element'
11:36:34.757 [Forwarding findElement on session 7f96e7e36b9f10a8b5acad60a25246de to remote] DEBUG org.asynchttpclient.netty.request.NettyRequestSender - Using open Channel [id: 0x1681981a, L:/127.0.0.1:61476 - R:localhost/127.0.0.1:6896] for POST '/session/7f96e7e36b9f10a8b5acad60a25246de/element'
11:36:34.761 [AsyncHttpClient-1-8] DEBUG org.asynchttpclient.netty.handler.HttpHandler - 

Request DefaultHttpRequest(decodeResult: success, version: HTTP/1.1)
POST /session/7f96e7e36b9f10a8b5acad60a25246de/element HTTP/1.1
User-Agent: selenium/4.8.0 (java windows)
Content-Length: 56
Content-Type: application/json; charset=utf-8
host: localhost:6896
accept: */*

Response DefaultHttpResponse(decodeResult: success, version: HTTP/1.1)
HTTP/1.1 200 OK
Content-Length: 95
Content-Type: application/json; charset=utf-8
cache-control: no-cache

11:36:34.761 [AsyncHttpClient-1-8] DEBUG org.asynchttpclient.netty.channel.ChannelManager - Adding key: http://localhost:6896 for channel [id: 0x1681981a, L:/127.0.0.1:61476 - R:localhost/127.0.0.1:6896]
11:36:34.763 [Forwarding isElementDisplayed on session 7f96e7e36b9f10a8b5acad60a25246de to remote] DEBUG org.asynchttpclient.netty.request.NettyRequestSender - Using pooled Channel '[id: 0x1681981a, L:/127.0.0.1:61476 - R:localhost/127.0.0.1:6896]' for 'POST' to 'http://localhost:6896/session/7f96e7e36b9f10a8b5acad60a25246de/execute/sync'
11:36:34.763 [Forwarding isElementDisplayed on session 7f96e7e36b9f10a8b5acad60a25246de to remote] DEBUG org.asynchttpclient.netty.request.NettyRequestSender - Using open Channel [id: 0x1681981a, L:/127.0.0.1:61476 - R:localhost/127.0.0.1:6896] for POST '/session/7f96e7e36b9f10a8b5acad60a25246de/execute/sync'
11:36:34.770 [AsyncHttpClient-1-8] DEBUG org.asynchttpclient.netty.handler.HttpHandler - 

Request DefaultHttpRequest(decodeResult: success, version: HTTP/1.1)
POST /session/7f96e7e36b9f10a8b5acad60a25246de/execute/sync HTTP/1.1
User-Agent: selenium/4.8.0 (java windows)
Content-Length: 48814
Content-Type: application/json; charset=utf-8
host: localhost:6896
accept: */*

Response DefaultHttpResponse(decodeResult: success, version: HTTP/1.1)
HTTP/1.1 200 OK
Content-Length: 14
Content-Type: application/json; charset=utf-8
cache-control: no-cache

11:36:34.770 [AsyncHttpClient-1-8] DEBUG org.asynchttpclient.netty.channel.ChannelManager - Adding key: http://localhost:6896 for channel [id: 0x1681981a, L:/127.0.0.1:61476 - R:localhost/127.0.0.1:6896]
11:36:34.770 [Forwarding sendKeysToElement on session 7f96e7e36b9f10a8b5acad60a25246de to remote] DEBUG org.asynchttpclient.netty.request.NettyRequestSender - Using pooled Channel '[id: 0x1681981a, L:/127.0.0.1:61476 - R:localhost/127.0.0.1:6896]' for 'POST' to 'http://localhost:6896/session/7f96e7e36b9f10a8b5acad60a25246de/element/6FF2D42796E1B5636833727143D40385_element_12/value'
11:36:34.770 [Forwarding sendKeysToElement on session 7f96e7e36b9f10a8b5acad60a25246de to remote] DEBUG org.asynchttpclient.netty.request.NettyRequestSender - Using open Channel [id: 0x1681981a, L:/127.0.0.1:61476 - R:localhost/127.0.0.1:6896] for POST '/session/7f96e7e36b9f10a8b5acad60a25246de/element/6FF2D42796E1B5636833727143D40385_element_12/value'
11:36:34.841 [AsyncHttpClient-1-8] DEBUG org.asynchttpclient.netty.handler.HttpHandler - 

Request DefaultHttpRequest(decodeResult: success, version: HTTP/1.1)
POST /session/7f96e7e36b9f10a8b5acad60a25246de/element/6FF2D42796E1B5636833727143D40385_element_12/value HTTP/1.1
User-Agent: selenium/4.8.0 (java windows)
Content-Length: 318
Content-Type: application/json; charset=utf-8
host: localhost:6896
accept: */*

Response DefaultHttpResponse(decodeResult: success, version: HTTP/1.1)
HTTP/1.1 200 OK
Content-Length: 14
Content-Type: application/json; charset=utf-8
cache-control: no-cache

11:36:34.842 [AsyncHttpClient-1-8] DEBUG org.asynchttpclient.netty.channel.ChannelManager - Adding key: http://localhost:6896 for channel [id: 0x1681981a, L:/127.0.0.1:61476 - R:localhost/127.0.0.1:6896]
11:36:34.842 [main] INFO  com.swaglabs.base.SetUp - username entered a:performance_glitch_user
11:36:34.844 [Forwarding findElement on session 7f96e7e36b9f10a8b5acad60a25246de to remote] DEBUG org.asynchttpclient.netty.request.NettyRequestSender - Using pooled Channel '[id: 0x1681981a, L:/127.0.0.1:61476 - R:localhost/127.0.0.1:6896]' for 'POST' to 'http://localhost:6896/session/7f96e7e36b9f10a8b5acad60a25246de/element'
11:36:34.844 [Forwarding findElement on session 7f96e7e36b9f10a8b5acad60a25246de to remote] DEBUG org.asynchttpclient.netty.request.NettyRequestSender - Using open Channel [id: 0x1681981a, L:/127.0.0.1:61476 - R:localhost/127.0.0.1:6896] for POST '/session/7f96e7e36b9f10a8b5acad60a25246de/element'
11:36:34.853 [AsyncHttpClient-1-8] DEBUG org.asynchttpclient.netty.handler.HttpHandler - 

Request DefaultHttpRequest(decodeResult: success, version: HTTP/1.1)
POST /session/7f96e7e36b9f10a8b5acad60a25246de/element HTTP/1.1
User-Agent: selenium/4.8.0 (java windows)
Content-Length: 53
Content-Type: application/json; charset=utf-8
host: localhost:6896
accept: */*

Response DefaultHttpResponse(decodeResult: success, version: HTTP/1.1)
HTTP/1.1 200 OK
Content-Length: 94
Content-Type: application/json; charset=utf-8
cache-control: no-cache

11:36:34.853 [AsyncHttpClient-1-8] DEBUG org.asynchttpclient.netty.channel.ChannelManager - Adding key: http://localhost:6896 for channel [id: 0x1681981a, L:/127.0.0.1:61476 - R:localhost/127.0.0.1:6896]
11:36:34.855 [Forwarding isElementDisplayed on session 7f96e7e36b9f10a8b5acad60a25246de to remote] DEBUG org.asynchttpclient.netty.request.NettyRequestSender - Using pooled Channel '[id: 0x1681981a, L:/127.0.0.1:61476 - R:localhost/127.0.0.1:6896]' for 'POST' to 'http://localhost:6896/session/7f96e7e36b9f10a8b5acad60a25246de/execute/sync'
11:36:34.855 [Forwarding isElementDisplayed on session 7f96e7e36b9f10a8b5acad60a25246de to remote] DEBUG org.asynchttpclient.netty.request.NettyRequestSender - Using open Channel [id: 0x1681981a, L:/127.0.0.1:61476 - R:localhost/127.0.0.1:6896] for POST '/session/7f96e7e36b9f10a8b5acad60a25246de/execute/sync'
11:36:34.870 [AsyncHttpClient-1-8] DEBUG org.asynchttpclient.netty.handler.HttpHandler - 

Request DefaultHttpRequest(decodeResult: success, version: HTTP/1.1)
POST /session/7f96e7e36b9f10a8b5acad60a25246de/execute/sync HTTP/1.1
User-Agent: selenium/4.8.0 (java windows)
Content-Length: 48813
Content-Type: application/json; charset=utf-8
host: localhost:6896
accept: */*

Response DefaultHttpResponse(decodeResult: success, version: HTTP/1.1)
HTTP/1.1 200 OK
Content-Length: 14
Content-Type: application/json; charset=utf-8
cache-control: no-cache

11:36:34.870 [AsyncHttpClient-1-8] DEBUG org.asynchttpclient.netty.channel.ChannelManager - Adding key: http://localhost:6896 for channel [id: 0x1681981a, L:/127.0.0.1:61476 - R:localhost/127.0.0.1:6896]
11:36:34.870 [Forwarding clearElement on session 7f96e7e36b9f10a8b5acad60a25246de to remote] DEBUG org.asynchttpclient.netty.request.NettyRequestSender - Using pooled Channel '[id: 0x1681981a, L:/127.0.0.1:61476 - R:localhost/127.0.0.1:6896]' for 'POST' to 'http://localhost:6896/session/7f96e7e36b9f10a8b5acad60a25246de/element/6FF2D42796E1B5636833727143D40385_element_8/clear'
11:36:34.870 [Forwarding clearElement on session 7f96e7e36b9f10a8b5acad60a25246de to remote] DEBUG org.asynchttpclient.netty.request.NettyRequestSender - Using open Channel [id: 0x1681981a, L:/127.0.0.1:61476 - R:localhost/127.0.0.1:6896] for POST '/session/7f96e7e36b9f10a8b5acad60a25246de/element/6FF2D42796E1B5636833727143D40385_element_8/clear'
11:36:34.891 [AsyncHttpClient-1-8] DEBUG org.asynchttpclient.netty.handler.HttpHandler - 

Request DefaultHttpRequest(decodeResult: success, version: HTTP/1.1)
POST /session/7f96e7e36b9f10a8b5acad60a25246de/element/6FF2D42796E1B5636833727143D40385_element_8/clear HTTP/1.1
User-Agent: selenium/4.8.0 (java windows)
Content-Length: 56
Content-Type: application/json; charset=utf-8
host: localhost:6896
accept: */*

Response DefaultHttpResponse(decodeResult: success, version: HTTP/1.1)
HTTP/1.1 200 OK
Content-Length: 14
Content-Type: application/json; charset=utf-8
cache-control: no-cache

11:36:34.892 [AsyncHttpClient-1-8] DEBUG org.asynchttpclient.netty.channel.ChannelManager - Adding key: http://localhost:6896 for channel [id: 0x1681981a, L:/127.0.0.1:61476 - R:localhost/127.0.0.1:6896]
11:36:34.893 [Forwarding findElement on session 7f96e7e36b9f10a8b5acad60a25246de to remote] DEBUG org.asynchttpclient.netty.request.NettyRequestSender - Using pooled Channel '[id: 0x1681981a, L:/127.0.0.1:61476 - R:localhost/127.0.0.1:6896]' for 'POST' to 'http://localhost:6896/session/7f96e7e36b9f10a8b5acad60a25246de/element'
11:36:34.893 [Forwarding findElement on session 7f96e7e36b9f10a8b5acad60a25246de to remote] DEBUG org.asynchttpclient.netty.request.NettyRequestSender - Using open Channel [id: 0x1681981a, L:/127.0.0.1:61476 - R:localhost/127.0.0.1:6896] for POST '/session/7f96e7e36b9f10a8b5acad60a25246de/element'
11:36:34.899 [AsyncHttpClient-1-8] DEBUG org.asynchttpclient.netty.handler.HttpHandler - 

Request DefaultHttpRequest(decodeResult: success, version: HTTP/1.1)
POST /session/7f96e7e36b9f10a8b5acad60a25246de/element HTTP/1.1
User-Agent: selenium/4.8.0 (java windows)
Content-Length: 53
Content-Type: application/json; charset=utf-8
host: localhost:6896
accept: */*

Response DefaultHttpResponse(decodeResult: success, version: HTTP/1.1)
HTTP/1.1 200 OK
Content-Length: 94
Content-Type: application/json; charset=utf-8
cache-control: no-cache

11:36:34.899 [AsyncHttpClient-1-8] DEBUG org.asynchttpclient.netty.channel.ChannelManager - Adding key: http://localhost:6896 for channel [id: 0x1681981a, L:/127.0.0.1:61476 - R:localhost/127.0.0.1:6896]
11:36:34.900 [Forwarding isElementDisplayed on session 7f96e7e36b9f10a8b5acad60a25246de to remote] DEBUG org.asynchttpclient.netty.request.NettyRequestSender - Using pooled Channel '[id: 0x1681981a, L:/127.0.0.1:61476 - R:localhost/127.0.0.1:6896]' for 'POST' to 'http://localhost:6896/session/7f96e7e36b9f10a8b5acad60a25246de/execute/sync'
11:36:34.900 [Forwarding isElementDisplayed on session 7f96e7e36b9f10a8b5acad60a25246de to remote] DEBUG org.asynchttpclient.netty.request.NettyRequestSender - Using open Channel [id: 0x1681981a, L:/127.0.0.1:61476 - R:localhost/127.0.0.1:6896] for POST '/session/7f96e7e36b9f10a8b5acad60a25246de/execute/sync'
11:36:34.907 [AsyncHttpClient-1-8] DEBUG org.asynchttpclient.netty.handler.HttpHandler - 

Request DefaultHttpRequest(decodeResult: success, version: HTTP/1.1)
POST /session/7f96e7e36b9f10a8b5acad60a25246de/execute/sync HTTP/1.1
User-Agent: selenium/4.8.0 (java windows)
Content-Length: 48813
Content-Type: application/json; charset=utf-8
host: localhost:6896
accept: */*

Response DefaultHttpResponse(decodeResult: success, version: HTTP/1.1)
HTTP/1.1 200 OK
Content-Length: 14
Content-Type: application/json; charset=utf-8
cache-control: no-cache

11:36:34.907 [AsyncHttpClient-1-8] DEBUG org.asynchttpclient.netty.channel.ChannelManager - Adding key: http://localhost:6896 for channel [id: 0x1681981a, L:/127.0.0.1:61476 - R:localhost/127.0.0.1:6896]
11:36:34.907 [Forwarding sendKeysToElement on session 7f96e7e36b9f10a8b5acad60a25246de to remote] DEBUG org.asynchttpclient.netty.request.NettyRequestSender - Using pooled Channel '[id: 0x1681981a, L:/127.0.0.1:61476 - R:localhost/127.0.0.1:6896]' for 'POST' to 'http://localhost:6896/session/7f96e7e36b9f10a8b5acad60a25246de/element/6FF2D42796E1B5636833727143D40385_element_8/value'
11:36:34.907 [Forwarding sendKeysToElement on session 7f96e7e36b9f10a8b5acad60a25246de to remote] DEBUG org.asynchttpclient.netty.request.NettyRequestSender - Using open Channel [id: 0x1681981a, L:/127.0.0.1:61476 - R:localhost/127.0.0.1:6896] for POST '/session/7f96e7e36b9f10a8b5acad60a25246de/element/6FF2D42796E1B5636833727143D40385_element_8/value'
11:36:34.956 [AsyncHttpClient-1-8] DEBUG org.asynchttpclient.netty.handler.HttpHandler - 

Request DefaultHttpRequest(decodeResult: success, version: HTTP/1.1)
POST /session/7f96e7e36b9f10a8b5acad60a25246de/element/6FF2D42796E1B5636833727143D40385_element_8/value HTTP/1.1
User-Agent: selenium/4.8.0 (java windows)
Content-Length: 207
Content-Type: application/json; charset=utf-8
host: localhost:6896
accept: */*

Response DefaultHttpResponse(decodeResult: success, version: HTTP/1.1)
HTTP/1.1 200 OK
Content-Length: 14
Content-Type: application/json; charset=utf-8
cache-control: no-cache

11:36:34.956 [AsyncHttpClient-1-8] DEBUG org.asynchttpclient.netty.channel.ChannelManager - Adding key: http://localhost:6896 for channel [id: 0x1681981a, L:/127.0.0.1:61476 - R:localhost/127.0.0.1:6896]
11:36:34.957 [main] INFO  com.swaglabs.base.SetUp - password entered a:secret_sauce
11:36:34.960 [Forwarding getAlertText on session 7f96e7e36b9f10a8b5acad60a25246de to remote] DEBUG org.asynchttpclient.netty.request.NettyRequestSender - Using pooled Channel '[id: 0x1681981a, L:/127.0.0.1:61476 - R:localhost/127.0.0.1:6896]' for 'GET' to 'http://localhost:6896/session/7f96e7e36b9f10a8b5acad60a25246de/alert/text'
11:36:34.960 [Forwarding getAlertText on session 7f96e7e36b9f10a8b5acad60a25246de to remote] DEBUG org.asynchttpclient.netty.request.NettyRequestSender - Using open Channel [id: 0x1681981a, L:/127.0.0.1:61476 - R:localhost/127.0.0.1:6896] for GET '/session/7f96e7e36b9f10a8b5acad60a25246de/alert/text'
11:36:34.962 [AsyncHttpClient-1-8] DEBUG org.asynchttpclient.netty.handler.HttpHandler - 

Request DefaultFullHttpRequest(decodeResult: success, version: HTTP/1.1, content: EmptyByteBufBE)
GET /session/7f96e7e36b9f10a8b5acad60a25246de/alert/text HTTP/1.1
User-Agent: selenium/4.8.0 (java windows)
Cache-Control: no-cache
Content-Type: application/json; charset=utf-8
host: localhost:6896
accept: */*

Response DefaultHttpResponse(decodeResult: success, version: HTTP/1.1)
HTTP/1.1 404 Not Found
Content-Length: 1522
Content-Type: application/json; charset=utf-8
cache-control: no-cache

11:36:34.962 [AsyncHttpClient-1-8] DEBUG org.asynchttpclient.netty.channel.ChannelManager - Adding key: http://localhost:6896 for channel [id: 0x1681981a, L:/127.0.0.1:61476 - R:localhost/127.0.0.1:6896]
11:36:34.962 [Forwarding getCurrentUrl on session 7f96e7e36b9f10a8b5acad60a25246de to remote] DEBUG org.asynchttpclient.netty.request.NettyRequestSender - Using pooled Channel '[id: 0x1681981a, L:/127.0.0.1:61476 - R:localhost/127.0.0.1:6896]' for 'GET' to 'http://localhost:6896/session/7f96e7e36b9f10a8b5acad60a25246de/url'
11:36:34.962 [Forwarding getCurrentUrl on session 7f96e7e36b9f10a8b5acad60a25246de to remote] DEBUG org.asynchttpclient.netty.request.NettyRequestSender - Using open Channel [id: 0x1681981a, L:/127.0.0.1:61476 - R:localhost/127.0.0.1:6896] for GET '/session/7f96e7e36b9f10a8b5acad60a25246de/url'
11:36:34.967 [AsyncHttpClient-1-8] DEBUG org.asynchttpclient.netty.handler.HttpHandler - 

Request DefaultFullHttpRequest(decodeResult: success, version: HTTP/1.1, content: EmptyByteBufBE)
GET /session/7f96e7e36b9f10a8b5acad60a25246de/url HTTP/1.1
User-Agent: selenium/4.8.0 (java windows)
Cache-Control: no-cache
Content-Type: application/json; charset=utf-8
host: localhost:6896
accept: */*

Response DefaultHttpResponse(decodeResult: success, version: HTTP/1.1)
HTTP/1.1 200 OK
Content-Length: 38
Content-Type: application/json; charset=utf-8
cache-control: no-cache

11:36:34.967 [AsyncHttpClient-1-8] DEBUG org.asynchttpclient.netty.channel.ChannelManager - Adding key: http://localhost:6896 for channel [id: 0x1681981a, L:/127.0.0.1:61476 - R:localhost/127.0.0.1:6896]
11:36:34.968 [Forwarding screenshot on session 7f96e7e36b9f10a8b5acad60a25246de to remote] DEBUG org.asynchttpclient.netty.request.NettyRequestSender - Using pooled Channel '[id: 0x1681981a, L:/127.0.0.1:61476 - R:localhost/127.0.0.1:6896]' for 'GET' to 'http://localhost:6896/session/7f96e7e36b9f10a8b5acad60a25246de/screenshot'
11:36:34.968 [Forwarding screenshot on session 7f96e7e36b9f10a8b5acad60a25246de to remote] DEBUG org.asynchttpclient.netty.request.NettyRequestSender - Using open Channel [id: 0x1681981a, L:/127.0.0.1:61476 - R:localhost/127.0.0.1:6896] for GET '/session/7f96e7e36b9f10a8b5acad60a25246de/screenshot'
11:36:35.143 [AsyncHttpClient-1-1] DEBUG org.asynchttpclient.netty.channel.DefaultChannelPool - Entry count for : http://localhost:61482 : 1
11:36:35.264 [AsyncHttpClient-1-8] DEBUG org.asynchttpclient.netty.handler.HttpHandler - 

Request DefaultFullHttpRequest(decodeResult: success, version: HTTP/1.1, content: EmptyByteBufBE)
GET /session/7f96e7e36b9f10a8b5acad60a25246de/screenshot HTTP/1.1
User-Agent: selenium/4.8.0 (java windows)
Cache-Control: no-cache
Content-Type: application/json; charset=utf-8
host: localhost:6896
accept: */*

Response DefaultHttpResponse(decodeResult: success, version: HTTP/1.1)
HTTP/1.1 200 OK
Content-Length: 59224
Content-Type: application/json; charset=utf-8
cache-control: no-cache

11:36:35.265 [AsyncHttpClient-1-8] DEBUG org.asynchttpclient.netty.channel.ChannelManager - Adding key: http://localhost:6896 for channel [id: 0x1681981a, L:/127.0.0.1:61476 - R:localhost/127.0.0.1:6896]
11:36:35.268 [main] DEBUG net.serenitybdd.core.photography.Darkroom - Send negative for processing for target\site\serenity\66dfd160f61d418accd72dbfec29614c862ec325700dd6120770818b00988782.png
11:36:35.269 [main] DEBUG net.thucydides.core.steps.StepInterceptor - STEP DONE: validate password footers
11:36:35.269 [main] INFO  com.swaglabs.base.SetUp - username password entered
11:36:35.276 [Forwarding findElement on session 7f96e7e36b9f10a8b5acad60a25246de to remote] DEBUG org.asynchttpclient.netty.request.NettyRequestSender - Using pooled Channel '[id: 0x1681981a, L:/127.0.0.1:61476 - R:localhost/127.0.0.1:6896]' for 'POST' to 'http://localhost:6896/session/7f96e7e36b9f10a8b5acad60a25246de/element'
11:36:35.276 [Forwarding findElement on session 7f96e7e36b9f10a8b5acad60a25246de to remote] DEBUG org.asynchttpclient.netty.request.NettyRequestSender - Using open Channel [id: 0x1681981a, L:/127.0.0.1:61476 - R:localhost/127.0.0.1:6896] for POST '/session/7f96e7e36b9f10a8b5acad60a25246de/element'
11:36:35.309 [Darkroom Processing Line] DEBUG net.serenitybdd.core.photography.DarkroomProcessingLine - Processing screenshot image in /var/screenshots/screenshot-11603393883369838775
11:36:35.309 [Darkroom Processing Line] DEBUG net.serenitybdd.core.photography.DarkroomProcessingLine - Saving screenshot to target\site\serenity\66dfd160f61d418accd72dbfec29614c862ec325700dd6120770818b00988782.png
11:36:35.346 [AsyncHttpClient-1-8] DEBUG org.asynchttpclient.netty.handler.HttpHandler - 

Request DefaultHttpRequest(decodeResult: success, version: HTTP/1.1)
POST /session/7f96e7e36b9f10a8b5acad60a25246de/element HTTP/1.1
User-Agent: selenium/4.8.0 (java windows)
Content-Length: 59
Content-Type: application/json; charset=utf-8
host: localhost:6896
accept: */*

Response DefaultHttpResponse(decodeResult: success, version: HTTP/1.1)
HTTP/1.1 200 OK
Content-Length: 95
Content-Type: application/json; charset=utf-8
cache-control: no-cache

11:36:35.347 [AsyncHttpClient-1-8] DEBUG org.asynchttpclient.netty.channel.ChannelManager - Adding key: http://localhost:6896 for channel [id: 0x1681981a, L:/127.0.0.1:61476 - R:localhost/127.0.0.1:6896]
11:36:35.353 [Forwarding isElementDisplayed on session 7f96e7e36b9f10a8b5acad60a25246de to remote] DEBUG org.asynchttpclient.netty.request.NettyRequestSender - Using pooled Channel '[id: 0x1681981a, L:/127.0.0.1:61476 - R:localhost/127.0.0.1:6896]' for 'POST' to 'http://localhost:6896/session/7f96e7e36b9f10a8b5acad60a25246de/execute/sync'
11:36:35.353 [Forwarding isElementDisplayed on session 7f96e7e36b9f10a8b5acad60a25246de to remote] DEBUG org.asynchttpclient.netty.request.NettyRequestSender - Using open Channel [id: 0x1681981a, L:/127.0.0.1:61476 - R:localhost/127.0.0.1:6896] for POST '/session/7f96e7e36b9f10a8b5acad60a25246de/execute/sync'
11:36:35.403 [AsyncHttpClient-1-8] DEBUG org.asynchttpclient.netty.handler.HttpHandler - 

Request DefaultHttpRequest(decodeResult: success, version: HTTP/1.1)
POST /session/7f96e7e36b9f10a8b5acad60a25246de/execute/sync HTTP/1.1
User-Agent: selenium/4.8.0 (java windows)
Content-Length: 48814
Content-Type: application/json; charset=utf-8
host: localhost:6896
accept: */*

Response DefaultHttpResponse(decodeResult: success, version: HTTP/1.1)
HTTP/1.1 200 OK
Content-Length: 14
Content-Type: application/json; charset=utf-8
cache-control: no-cache

11:36:35.403 [AsyncHttpClient-1-8] DEBUG org.asynchttpclient.netty.channel.ChannelManager - Adding key: http://localhost:6896 for channel [id: 0x1681981a, L:/127.0.0.1:61476 - R:localhost/127.0.0.1:6896]
11:36:35.404 [Forwarding getElementTagName on session 7f96e7e36b9f10a8b5acad60a25246de to remote] DEBUG org.asynchttpclient.netty.request.NettyRequestSender - Using pooled Channel '[id: 0x1681981a, L:/127.0.0.1:61476 - R:localhost/127.0.0.1:6896]' for 'GET' to 'http://localhost:6896/session/7f96e7e36b9f10a8b5acad60a25246de/element/6FF2D42796E1B5636833727143D40385_element_15/name'
11:36:35.405 [Forwarding getElementTagName on session 7f96e7e36b9f10a8b5acad60a25246de to remote] DEBUG org.asynchttpclient.netty.request.NettyRequestSender - Using open Channel [id: 0x1681981a, L:/127.0.0.1:61476 - R:localhost/127.0.0.1:6896] for GET '/session/7f96e7e36b9f10a8b5acad60a25246de/element/6FF2D42796E1B5636833727143D40385_element_15/name'
11:36:35.419 [AsyncHttpClient-1-8] DEBUG org.asynchttpclient.netty.handler.HttpHandler - 

Request DefaultFullHttpRequest(decodeResult: success, version: HTTP/1.1, content: EmptyByteBufBE)
GET /session/7f96e7e36b9f10a8b5acad60a25246de/element/6FF2D42796E1B5636833727143D40385_element_15/name HTTP/1.1
User-Agent: selenium/4.8.0 (java windows)
Cache-Control: no-cache
Content-Type: application/json; charset=utf-8
host: localhost:6896
accept: */*

Response DefaultHttpResponse(decodeResult: success, version: HTTP/1.1)
HTTP/1.1 200 OK
Content-Length: 17
Content-Type: application/json; charset=utf-8
cache-control: no-cache

11:36:35.419 [AsyncHttpClient-1-8] DEBUG org.asynchttpclient.netty.channel.ChannelManager - Adding key: http://localhost:6896 for channel [id: 0x1681981a, L:/127.0.0.1:61476 - R:localhost/127.0.0.1:6896]
11:36:35.419 [Forwarding getElementTagName on session 7f96e7e36b9f10a8b5acad60a25246de to remote] DEBUG org.asynchttpclient.netty.request.NettyRequestSender - Using pooled Channel '[id: 0x1681981a, L:/127.0.0.1:61476 - R:localhost/127.0.0.1:6896]' for 'GET' to 'http://localhost:6896/session/7f96e7e36b9f10a8b5acad60a25246de/element/6FF2D42796E1B5636833727143D40385_element_15/name'
11:36:35.419 [Forwarding getElementTagName on session 7f96e7e36b9f10a8b5acad60a25246de to remote] DEBUG org.asynchttpclient.netty.request.NettyRequestSender - Using open Channel [id: 0x1681981a, L:/127.0.0.1:61476 - R:localhost/127.0.0.1:6896] for GET '/session/7f96e7e36b9f10a8b5acad60a25246de/element/6FF2D42796E1B5636833727143D40385_element_15/name'
11:36:35.426 [AsyncHttpClient-1-8] DEBUG org.asynchttpclient.netty.handler.HttpHandler - 

Request DefaultFullHttpRequest(decodeResult: success, version: HTTP/1.1, content: EmptyByteBufBE)
GET /session/7f96e7e36b9f10a8b5acad60a25246de/element/6FF2D42796E1B5636833727143D40385_element_15/name HTTP/1.1
User-Agent: selenium/4.8.0 (java windows)
Cache-Control: no-cache
Content-Type: application/json; charset=utf-8
host: localhost:6896
accept: */*

Response DefaultHttpResponse(decodeResult: success, version: HTTP/1.1)
HTTP/1.1 200 OK
Content-Length: 17
Content-Type: application/json; charset=utf-8
cache-control: no-cache

11:36:35.427 [AsyncHttpClient-1-8] DEBUG org.asynchttpclient.netty.channel.ChannelManager - Adding key: http://localhost:6896 for channel [id: 0x1681981a, L:/127.0.0.1:61476 - R:localhost/127.0.0.1:6896]
11:36:35.433 [Forwarding isElementEnabled on session 7f96e7e36b9f10a8b5acad60a25246de to remote] DEBUG org.asynchttpclient.netty.request.NettyRequestSender - Using pooled Channel '[id: 0x1681981a, L:/127.0.0.1:61476 - R:localhost/127.0.0.1:6896]' for 'GET' to 'http://localhost:6896/session/7f96e7e36b9f10a8b5acad60a25246de/element/6FF2D42796E1B5636833727143D40385_element_15/enabled'
11:36:35.433 [Forwarding isElementEnabled on session 7f96e7e36b9f10a8b5acad60a25246de to remote] DEBUG org.asynchttpclient.netty.request.NettyRequestSender - Using open Channel [id: 0x1681981a, L:/127.0.0.1:61476 - R:localhost/127.0.0.1:6896] for GET '/session/7f96e7e36b9f10a8b5acad60a25246de/element/6FF2D42796E1B5636833727143D40385_element_15/enabled'
11:36:35.462 [AsyncHttpClient-1-8] DEBUG org.asynchttpclient.netty.handler.HttpHandler - 

Request DefaultFullHttpRequest(decodeResult: success, version: HTTP/1.1, content: EmptyByteBufBE)
GET /session/7f96e7e36b9f10a8b5acad60a25246de/element/6FF2D42796E1B5636833727143D40385_element_15/enabled HTTP/1.1
User-Agent: selenium/4.8.0 (java windows)
Cache-Control: no-cache
Content-Type: application/json; charset=utf-8
host: localhost:6896
accept: */*

Response DefaultHttpResponse(decodeResult: success, version: HTTP/1.1)
HTTP/1.1 200 OK
Content-Length: 14
Content-Type: application/json; charset=utf-8
cache-control: no-cache

11:36:35.463 [AsyncHttpClient-1-8] DEBUG org.asynchttpclient.netty.channel.ChannelManager - Adding key: http://localhost:6896 for channel [id: 0x1681981a, L:/127.0.0.1:61476 - R:localhost/127.0.0.1:6896]
11:36:35.464 [Forwarding isElementEnabled on session 7f96e7e36b9f10a8b5acad60a25246de to remote] DEBUG org.asynchttpclient.netty.request.NettyRequestSender - Using pooled Channel '[id: 0x1681981a, L:/127.0.0.1:61476 - R:localhost/127.0.0.1:6896]' for 'GET' to 'http://localhost:6896/session/7f96e7e36b9f10a8b5acad60a25246de/element/6FF2D42796E1B5636833727143D40385_element_15/enabled'
11:36:35.464 [Forwarding isElementEnabled on session 7f96e7e36b9f10a8b5acad60a25246de to remote] DEBUG org.asynchttpclient.netty.request.NettyRequestSender - Using open Channel [id: 0x1681981a, L:/127.0.0.1:61476 - R:localhost/127.0.0.1:6896] for GET '/session/7f96e7e36b9f10a8b5acad60a25246de/element/6FF2D42796E1B5636833727143D40385_element_15/enabled'
11:36:35.474 [AsyncHttpClient-1-8] DEBUG org.asynchttpclient.netty.handler.HttpHandler - 

Request DefaultFullHttpRequest(decodeResult: success, version: HTTP/1.1, content: EmptyByteBufBE)
GET /session/7f96e7e36b9f10a8b5acad60a25246de/element/6FF2D42796E1B5636833727143D40385_element_15/enabled HTTP/1.1
User-Agent: selenium/4.8.0 (java windows)
Cache-Control: no-cache
Content-Type: application/json; charset=utf-8
host: localhost:6896
accept: */*

Response DefaultHttpResponse(decodeResult: success, version: HTTP/1.1)
HTTP/1.1 200 OK
Content-Length: 14
Content-Type: application/json; charset=utf-8
cache-control: no-cache

11:36:35.474 [AsyncHttpClient-1-8] DEBUG org.asynchttpclient.netty.channel.ChannelManager - Adding key: http://localhost:6896 for channel [id: 0x1681981a, L:/127.0.0.1:61476 - R:localhost/127.0.0.1:6896]
11:36:35.477 [Forwarding findElement on session 7f96e7e36b9f10a8b5acad60a25246de to remote] DEBUG org.asynchttpclient.netty.request.NettyRequestSender - Using pooled Channel '[id: 0x1681981a, L:/127.0.0.1:61476 - R:localhost/127.0.0.1:6896]' for 'POST' to 'http://localhost:6896/session/7f96e7e36b9f10a8b5acad60a25246de/element'
11:36:35.477 [Forwarding findElement on session 7f96e7e36b9f10a8b5acad60a25246de to remote] DEBUG org.asynchttpclient.netty.request.NettyRequestSender - Using open Channel [id: 0x1681981a, L:/127.0.0.1:61476 - R:localhost/127.0.0.1:6896] for POST '/session/7f96e7e36b9f10a8b5acad60a25246de/element'
11:36:35.493 [AsyncHttpClient-1-8] DEBUG org.asynchttpclient.netty.handler.HttpHandler - 

Request DefaultHttpRequest(decodeResult: success, version: HTTP/1.1)
POST /session/7f96e7e36b9f10a8b5acad60a25246de/element HTTP/1.1
User-Agent: selenium/4.8.0 (java windows)
Content-Length: 59
Content-Type: application/json; charset=utf-8
host: localhost:6896
accept: */*

Response DefaultHttpResponse(decodeResult: success, version: HTTP/1.1)
HTTP/1.1 200 OK
Content-Length: 95
Content-Type: application/json; charset=utf-8
cache-control: no-cache

11:36:35.494 [AsyncHttpClient-1-8] DEBUG org.asynchttpclient.netty.channel.ChannelManager - Adding key: http://localhost:6896 for channel [id: 0x1681981a, L:/127.0.0.1:61476 - R:localhost/127.0.0.1:6896]
11:36:35.500 [Forwarding isElementDisplayed on session 7f96e7e36b9f10a8b5acad60a25246de to remote] DEBUG org.asynchttpclient.netty.request.NettyRequestSender - Using pooled Channel '[id: 0x1681981a, L:/127.0.0.1:61476 - R:localhost/127.0.0.1:6896]' for 'POST' to 'http://localhost:6896/session/7f96e7e36b9f10a8b5acad60a25246de/execute/sync'
11:36:35.500 [Forwarding isElementDisplayed on session 7f96e7e36b9f10a8b5acad60a25246de to remote] DEBUG org.asynchttpclient.netty.request.NettyRequestSender - Using open Channel [id: 0x1681981a, L:/127.0.0.1:61476 - R:localhost/127.0.0.1:6896] for POST '/session/7f96e7e36b9f10a8b5acad60a25246de/execute/sync'
11:36:35.515 [AsyncHttpClient-1-8] DEBUG org.asynchttpclient.netty.handler.HttpHandler - 

Request DefaultHttpRequest(decodeResult: success, version: HTTP/1.1)
POST /session/7f96e7e36b9f10a8b5acad60a25246de/execute/sync HTTP/1.1
User-Agent: selenium/4.8.0 (java windows)
Content-Length: 48814
Content-Type: application/json; charset=utf-8
host: localhost:6896
accept: */*

Response DefaultHttpResponse(decodeResult: success, version: HTTP/1.1)
HTTP/1.1 200 OK
Content-Length: 14
Content-Type: application/json; charset=utf-8
cache-control: no-cache

11:36:35.515 [AsyncHttpClient-1-8] DEBUG org.asynchttpclient.netty.channel.ChannelManager - Adding key: http://localhost:6896 for channel [id: 0x1681981a, L:/127.0.0.1:61476 - R:localhost/127.0.0.1:6896]
11:36:35.516 [Forwarding clickElement on session 7f96e7e36b9f10a8b5acad60a25246de to remote] DEBUG org.asynchttpclient.netty.request.NettyRequestSender - Using pooled Channel '[id: 0x1681981a, L:/127.0.0.1:61476 - R:localhost/127.0.0.1:6896]' for 'POST' to 'http://localhost:6896/session/7f96e7e36b9f10a8b5acad60a25246de/element/6FF2D42796E1B5636833727143D40385_element_15/click'
11:36:35.516 [Forwarding clickElement on session 7f96e7e36b9f10a8b5acad60a25246de to remote] DEBUG org.asynchttpclient.netty.request.NettyRequestSender - Using open Channel [id: 0x1681981a, L:/127.0.0.1:61476 - R:localhost/127.0.0.1:6896] for POST '/session/7f96e7e36b9f10a8b5acad60a25246de/element/6FF2D42796E1B5636833727143D40385_element_15/click'
11:36:36.233 [AsyncHttpClient-1-1] DEBUG org.asynchttpclient.netty.channel.DefaultChannelPool - Entry count for : http://localhost:61482 : 1
11:36:37.336 [AsyncHttpClient-1-1] DEBUG org.asynchttpclient.netty.channel.DefaultChannelPool - Entry count for : http://localhost:61482 : 1
11:36:38.438 [AsyncHttpClient-1-1] DEBUG org.asynchttpclient.netty.channel.DefaultChannelPool - Entry count for : http://localhost:61482 : 1
11:36:39.535 [AsyncHttpClient-1-1] DEBUG org.asynchttpclient.netty.channel.DefaultChannelPool - Entry count for : http://localhost:61482 : 1
11:36:40.634 [AsyncHttpClient-1-1] DEBUG org.asynchttpclient.netty.channel.DefaultChannelPool - Entry count for : http://localhost:61482 : 1
11:36:40.747 [AsyncHttpClient-1-8] DEBUG org.asynchttpclient.netty.handler.HttpHandler - 

Request DefaultHttpRequest(decodeResult: success, version: HTTP/1.1)
POST /session/7f96e7e36b9f10a8b5acad60a25246de/element/6FF2D42796E1B5636833727143D40385_element_15/click HTTP/1.1
User-Agent: selenium/4.8.0 (java windows)
Content-Length: 57
Content-Type: application/json; charset=utf-8
host: localhost:6896
accept: */*

Response DefaultHttpResponse(decodeResult: success, version: HTTP/1.1)
HTTP/1.1 200 OK
Content-Length: 14
Content-Type: application/json; charset=utf-8
cache-control: no-cache

11:36:40.747 [AsyncHttpClient-1-8] DEBUG org.asynchttpclient.netty.channel.ChannelManager - Adding key: http://localhost:6896 for channel [id: 0x1681981a, L:/127.0.0.1:61476 - R:localhost/127.0.0.1:6896]
11:36:40.749 [main] INFO  com.swaglabs.base.SetUp - login button clicked
11:36:40.750 [main] INFO  com.swaglabs.base.SetUp - login button clicked
11:36:40.754 [Forwarding getAlertText on session 7f96e7e36b9f10a8b5acad60a25246de to remote] DEBUG org.asynchttpclient.netty.request.NettyRequestSender - Using pooled Channel '[id: 0x1681981a, L:/127.0.0.1:61476 - R:localhost/127.0.0.1:6896]' for 'GET' to 'http://localhost:6896/session/7f96e7e36b9f10a8b5acad60a25246de/alert/text'
11:36:40.754 [Forwarding getAlertText on session 7f96e7e36b9f10a8b5acad60a25246de to remote] DEBUG org.asynchttpclient.netty.request.NettyRequestSender - Using open Channel [id: 0x1681981a, L:/127.0.0.1:61476 - R:localhost/127.0.0.1:6896] for GET '/session/7f96e7e36b9f10a8b5acad60a25246de/alert/text'
11:36:40.830 [AsyncHttpClient-1-8] DEBUG org.asynchttpclient.netty.handler.HttpHandler - 

Request DefaultFullHttpRequest(decodeResult: success, version: HTTP/1.1, content: EmptyByteBufBE)
GET /session/7f96e7e36b9f10a8b5acad60a25246de/alert/text HTTP/1.1
User-Agent: selenium/4.8.0 (java windows)
Cache-Control: no-cache
Content-Type: application/json; charset=utf-8
host: localhost:6896
accept: */*

Response DefaultHttpResponse(decodeResult: success, version: HTTP/1.1)
HTTP/1.1 404 Not Found
Content-Length: 1522
Content-Type: application/json; charset=utf-8
cache-control: no-cache

11:36:40.830 [AsyncHttpClient-1-8] DEBUG org.asynchttpclient.netty.channel.ChannelManager - Adding key: http://localhost:6896 for channel [id: 0x1681981a, L:/127.0.0.1:61476 - R:localhost/127.0.0.1:6896]
11:36:40.832 [Forwarding getCurrentUrl on session 7f96e7e36b9f10a8b5acad60a25246de to remote] DEBUG org.asynchttpclient.netty.request.NettyRequestSender - Using pooled Channel '[id: 0x1681981a, L:/127.0.0.1:61476 - R:localhost/127.0.0.1:6896]' for 'GET' to 'http://localhost:6896/session/7f96e7e36b9f10a8b5acad60a25246de/url'
11:36:40.832 [Forwarding getCurrentUrl on session 7f96e7e36b9f10a8b5acad60a25246de to remote] DEBUG org.asynchttpclient.netty.request.NettyRequestSender - Using open Channel [id: 0x1681981a, L:/127.0.0.1:61476 - R:localhost/127.0.0.1:6896] for GET '/session/7f96e7e36b9f10a8b5acad60a25246de/url'
11:36:40.876 [AsyncHttpClient-1-8] DEBUG org.asynchttpclient.netty.handler.HttpHandler - 

Request DefaultFullHttpRequest(decodeResult: success, version: HTTP/1.1, content: EmptyByteBufBE)
GET /session/7f96e7e36b9f10a8b5acad60a25246de/url HTTP/1.1
User-Agent: selenium/4.8.0 (java windows)
Cache-Control: no-cache
Content-Type: application/json; charset=utf-8
host: localhost:6896
accept: */*

Response DefaultHttpResponse(decodeResult: success, version: HTTP/1.1)
HTTP/1.1 200 OK
Content-Length: 52
Content-Type: application/json; charset=utf-8
cache-control: no-cache

11:36:40.876 [AsyncHttpClient-1-8] DEBUG org.asynchttpclient.netty.channel.ChannelManager - Adding key: http://localhost:6896 for channel [id: 0x1681981a, L:/127.0.0.1:61476 - R:localhost/127.0.0.1:6896]
11:36:40.878 [Forwarding screenshot on session 7f96e7e36b9f10a8b5acad60a25246de to remote] DEBUG org.asynchttpclient.netty.request.NettyRequestSender - Using pooled Channel '[id: 0x1681981a, L:/127.0.0.1:61476 - R:localhost/127.0.0.1:6896]' for 'GET' to 'http://localhost:6896/session/7f96e7e36b9f10a8b5acad60a25246de/screenshot'
11:36:40.878 [Forwarding screenshot on session 7f96e7e36b9f10a8b5acad60a25246de to remote] DEBUG org.asynchttpclient.netty.request.NettyRequestSender - Using open Channel [id: 0x1681981a, L:/127.0.0.1:61476 - R:localhost/127.0.0.1:6896] for GET '/session/7f96e7e36b9f10a8b5acad60a25246de/screenshot'
11:36:41.204 [AsyncHttpClient-1-8] DEBUG org.asynchttpclient.netty.handler.HttpHandler - 

Request DefaultFullHttpRequest(decodeResult: success, version: HTTP/1.1, content: EmptyByteBufBE)
GET /session/7f96e7e36b9f10a8b5acad60a25246de/screenshot HTTP/1.1
User-Agent: selenium/4.8.0 (java windows)
Cache-Control: no-cache
Content-Type: application/json; charset=utf-8
host: localhost:6896
accept: */*

Response DefaultHttpResponse(decodeResult: success, version: HTTP/1.1)
HTTP/1.1 200 OK
Content-Length: 478944
Content-Type: application/json; charset=utf-8
cache-control: no-cache

11:36:41.205 [AsyncHttpClient-1-8] DEBUG org.asynchttpclient.netty.channel.ChannelManager - Adding key: http://localhost:6896 for channel [id: 0x1681981a, L:/127.0.0.1:61476 - R:localhost/127.0.0.1:6896]
11:36:41.216 [main] DEBUG net.serenitybdd.core.photography.Darkroom - Send negative for processing for target\site\serenity\d9ff63befa81cfb3b8ee6581853bc7356cce55d75d99a72016e4bac3b00361ae.png
11:36:41.217 [main] DEBUG net.thucydides.core.steps.StepInterceptor - STEP DONE: login with user {0}
11:36:41.221 [Forwarding getPageSource on session 7f96e7e36b9f10a8b5acad60a25246de to remote] DEBUG org.asynchttpclient.netty.request.NettyRequestSender - Using pooled Channel '[id: 0x1681981a, L:/127.0.0.1:61476 - R:localhost/127.0.0.1:6896]' for 'POST' to 'http://localhost:6896/session/7f96e7e36b9f10a8b5acad60a25246de/execute/sync'
11:36:41.221 [Forwarding getPageSource on session 7f96e7e36b9f10a8b5acad60a25246de to remote] DEBUG org.asynchttpclient.netty.request.NettyRequestSender - Using open Channel [id: 0x1681981a, L:/127.0.0.1:61476 - R:localhost/127.0.0.1:6896] for POST '/session/7f96e7e36b9f10a8b5acad60a25246de/execute/sync'
11:36:41.222 [Darkroom Processing Line] DEBUG net.serenitybdd.core.photography.DarkroomProcessingLine - Processing screenshot image in /var/screenshots/screenshot-11462109767962494406
11:36:41.222 [Darkroom Processing Line] DEBUG net.serenitybdd.core.photography.DarkroomProcessingLine - Saving screenshot to target\site\serenity\d9ff63befa81cfb3b8ee6581853bc7356cce55d75d99a72016e4bac3b00361ae.png
11:36:41.230 [AsyncHttpClient-1-8] DEBUG org.asynchttpclient.netty.handler.HttpHandler - 

Request DefaultHttpRequest(decodeResult: success, version: HTTP/1.1)
POST /session/7f96e7e36b9f10a8b5acad60a25246de/execute/sync HTTP/1.1
User-Agent: selenium/4.8.0 (java windows)
Content-Length: 176
Content-Type: application/json; charset=utf-8
host: localhost:6896
accept: */*

Response DefaultHttpResponse(decodeResult: success, version: HTTP/1.1)
HTTP/1.1 200 OK
Content-Length: 16392
Content-Type: application/json; charset=utf-8
cache-control: no-cache

11:36:41.230 [AsyncHttpClient-1-8] DEBUG org.asynchttpclient.netty.channel.ChannelManager - Adding key: http://localhost:6896 for channel [id: 0x1681981a, L:/127.0.0.1:61476 - R:localhost/127.0.0.1:6896]
11:36:41.231 [Forwarding getCurrentUrl on session 7f96e7e36b9f10a8b5acad60a25246de to remote] DEBUG org.asynchttpclient.netty.request.NettyRequestSender - Using pooled Channel '[id: 0x1681981a, L:/127.0.0.1:61476 - R:localhost/127.0.0.1:6896]' for 'GET' to 'http://localhost:6896/session/7f96e7e36b9f10a8b5acad60a25246de/url'
11:36:41.231 [Forwarding getCurrentUrl on session 7f96e7e36b9f10a8b5acad60a25246de to remote] DEBUG org.asynchttpclient.netty.request.NettyRequestSender - Using open Channel [id: 0x1681981a, L:/127.0.0.1:61476 - R:localhost/127.0.0.1:6896] for GET '/session/7f96e7e36b9f10a8b5acad60a25246de/url'
11:36:41.236 [AsyncHttpClient-1-8] DEBUG org.asynchttpclient.netty.handler.HttpHandler - 

Request DefaultFullHttpRequest(decodeResult: success, version: HTTP/1.1, content: EmptyByteBufBE)
GET /session/7f96e7e36b9f10a8b5acad60a25246de/url HTTP/1.1
User-Agent: selenium/4.8.0 (java windows)
Cache-Control: no-cache
Content-Type: application/json; charset=utf-8
host: localhost:6896
accept: */*

Response DefaultHttpResponse(decodeResult: success, version: HTTP/1.1)
HTTP/1.1 200 OK
Content-Length: 52
Content-Type: application/json; charset=utf-8
cache-control: no-cache

11:36:41.236 [AsyncHttpClient-1-8] DEBUG org.asynchttpclient.netty.channel.ChannelManager - Adding key: http://localhost:6896 for channel [id: 0x1681981a, L:/127.0.0.1:61476 - R:localhost/127.0.0.1:6896]
11:36:41.246 [main] DEBUG net.thucydides.core.steps.StepInterceptor - STARTING STEP: Tests.testCases - test4_validateInventoryPageHeaderAndFooters
11:36:41.249 [Forwarding getTitle on session 7f96e7e36b9f10a8b5acad60a25246de to remote] DEBUG org.asynchttpclient.netty.request.NettyRequestSender - Using pooled Channel '[id: 0x1681981a, L:/127.0.0.1:61476 - R:localhost/127.0.0.1:6896]' for 'GET' to 'http://localhost:6896/session/7f96e7e36b9f10a8b5acad60a25246de/title'
11:36:41.249 [Forwarding getTitle on session 7f96e7e36b9f10a8b5acad60a25246de to remote] DEBUG org.asynchttpclient.netty.request.NettyRequestSender - Using open Channel [id: 0x1681981a, L:/127.0.0.1:61476 - R:localhost/127.0.0.1:6896] for GET '/session/7f96e7e36b9f10a8b5acad60a25246de/title'
11:36:41.253 [AsyncHttpClient-1-8] DEBUG org.asynchttpclient.netty.handler.HttpHandler - 

Request DefaultFullHttpRequest(decodeResult: success, version: HTTP/1.1, content: EmptyByteBufBE)
GET /session/7f96e7e36b9f10a8b5acad60a25246de/title HTTP/1.1
User-Agent: selenium/4.8.0 (java windows)
Cache-Control: no-cache
Content-Type: application/json; charset=utf-8
host: localhost:6896
accept: */*

Response DefaultHttpResponse(decodeResult: success, version: HTTP/1.1)
HTTP/1.1 200 OK
Content-Length: 21
Content-Type: application/json; charset=utf-8
cache-control: no-cache

11:36:41.253 [AsyncHttpClient-1-8] DEBUG org.asynchttpclient.netty.channel.ChannelManager - Adding key: http://localhost:6896 for channel [id: 0x1681981a, L:/127.0.0.1:61476 - R:localhost/127.0.0.1:6896]
11:36:41.253 [main] INFO  com.swaglabs.base.SetUp - Swag Labs title validation passed
11:36:41.260 [Forwarding getPageSource on session 7f96e7e36b9f10a8b5acad60a25246de to remote] DEBUG org.asynchttpclient.netty.request.NettyRequestSender - Using pooled Channel '[id: 0x1681981a, L:/127.0.0.1:61476 - R:localhost/127.0.0.1:6896]' for 'POST' to 'http://localhost:6896/session/7f96e7e36b9f10a8b5acad60a25246de/execute/sync'
11:36:41.260 [Forwarding getPageSource on session 7f96e7e36b9f10a8b5acad60a25246de to remote] DEBUG org.asynchttpclient.netty.request.NettyRequestSender - Using open Channel [id: 0x1681981a, L:/127.0.0.1:61476 - R:localhost/127.0.0.1:6896] for POST '/session/7f96e7e36b9f10a8b5acad60a25246de/execute/sync'
11:36:41.266 [AsyncHttpClient-1-8] DEBUG org.asynchttpclient.netty.handler.HttpHandler - 

Request DefaultHttpRequest(decodeResult: success, version: HTTP/1.1)
POST /session/7f96e7e36b9f10a8b5acad60a25246de/execute/sync HTTP/1.1
User-Agent: selenium/4.8.0 (java windows)
Content-Length: 176
Content-Type: application/json; charset=utf-8
host: localhost:6896
accept: */*

Response DefaultHttpResponse(decodeResult: success, version: HTTP/1.1)
HTTP/1.1 200 OK
Content-Length: 16392
Content-Type: application/json; charset=utf-8
cache-control: no-cache

11:36:41.266 [AsyncHttpClient-1-8] DEBUG org.asynchttpclient.netty.channel.ChannelManager - Adding key: http://localhost:6896 for channel [id: 0x1681981a, L:/127.0.0.1:61476 - R:localhost/127.0.0.1:6896]
11:36:41.271 [Forwarding getCurrentUrl on session 7f96e7e36b9f10a8b5acad60a25246de to remote] DEBUG org.asynchttpclient.netty.request.NettyRequestSender - Using pooled Channel '[id: 0x1681981a, L:/127.0.0.1:61476 - R:localhost/127.0.0.1:6896]' for 'GET' to 'http://localhost:6896/session/7f96e7e36b9f10a8b5acad60a25246de/url'
11:36:41.271 [Forwarding getCurrentUrl on session 7f96e7e36b9f10a8b5acad60a25246de to remote] DEBUG org.asynchttpclient.netty.request.NettyRequestSender - Using open Channel [id: 0x1681981a, L:/127.0.0.1:61476 - R:localhost/127.0.0.1:6896] for GET '/session/7f96e7e36b9f10a8b5acad60a25246de/url'
11:36:41.278 [AsyncHttpClient-1-8] DEBUG org.asynchttpclient.netty.handler.HttpHandler - 

Request DefaultFullHttpRequest(decodeResult: success, version: HTTP/1.1, content: EmptyByteBufBE)
GET /session/7f96e7e36b9f10a8b5acad60a25246de/url HTTP/1.1
User-Agent: selenium/4.8.0 (java windows)
Cache-Control: no-cache
Content-Type: application/json; charset=utf-8
host: localhost:6896
accept: */*

Response DefaultHttpResponse(decodeResult: success, version: HTTP/1.1)
HTTP/1.1 200 OK
Content-Length: 52
Content-Type: application/json; charset=utf-8
cache-control: no-cache

11:36:41.278 [AsyncHttpClient-1-8] DEBUG org.asynchttpclient.netty.channel.ChannelManager - Adding key: http://localhost:6896 for channel [id: 0x1681981a, L:/127.0.0.1:61476 - R:localhost/127.0.0.1:6896]
11:36:41.298 [Forwarding getAlertText on session 7f96e7e36b9f10a8b5acad60a25246de to remote] DEBUG org.asynchttpclient.netty.request.NettyRequestSender - Using pooled Channel '[id: 0x1681981a, L:/127.0.0.1:61476 - R:localhost/127.0.0.1:6896]' for 'GET' to 'http://localhost:6896/session/7f96e7e36b9f10a8b5acad60a25246de/alert/text'
11:36:41.298 [Forwarding getAlertText on session 7f96e7e36b9f10a8b5acad60a25246de to remote] DEBUG org.asynchttpclient.netty.request.NettyRequestSender - Using open Channel [id: 0x1681981a, L:/127.0.0.1:61476 - R:localhost/127.0.0.1:6896] for GET '/session/7f96e7e36b9f10a8b5acad60a25246de/alert/text'
11:36:41.300 [AsyncHttpClient-1-8] DEBUG org.asynchttpclient.netty.handler.HttpHandler - 

Request DefaultFullHttpRequest(decodeResult: success, version: HTTP/1.1, content: EmptyByteBufBE)
GET /session/7f96e7e36b9f10a8b5acad60a25246de/alert/text HTTP/1.1
User-Agent: selenium/4.8.0 (java windows)
Cache-Control: no-cache
Content-Type: application/json; charset=utf-8
host: localhost:6896
accept: */*

Response DefaultHttpResponse(decodeResult: success, version: HTTP/1.1)
HTTP/1.1 404 Not Found
Content-Length: 1522
Content-Type: application/json; charset=utf-8
cache-control: no-cache

11:36:41.300 [AsyncHttpClient-1-8] DEBUG org.asynchttpclient.netty.channel.ChannelManager - Adding key: http://localhost:6896 for channel [id: 0x1681981a, L:/127.0.0.1:61476 - R:localhost/127.0.0.1:6896]
11:36:41.300 [Forwarding getCurrentUrl on session 7f96e7e36b9f10a8b5acad60a25246de to remote] DEBUG org.asynchttpclient.netty.request.NettyRequestSender - Using pooled Channel '[id: 0x1681981a, L:/127.0.0.1:61476 - R:localhost/127.0.0.1:6896]' for 'GET' to 'http://localhost:6896/session/7f96e7e36b9f10a8b5acad60a25246de/url'
11:36:41.300 [Forwarding getCurrentUrl on session 7f96e7e36b9f10a8b5acad60a25246de to remote] DEBUG org.asynchttpclient.netty.request.NettyRequestSender - Using open Channel [id: 0x1681981a, L:/127.0.0.1:61476 - R:localhost/127.0.0.1:6896] for GET '/session/7f96e7e36b9f10a8b5acad60a25246de/url'
11:36:41.304 [AsyncHttpClient-1-8] DEBUG org.asynchttpclient.netty.handler.HttpHandler - 

Request DefaultFullHttpRequest(decodeResult: success, version: HTTP/1.1, content: EmptyByteBufBE)
GET /session/7f96e7e36b9f10a8b5acad60a25246de/url HTTP/1.1
User-Agent: selenium/4.8.0 (java windows)
Cache-Control: no-cache
Content-Type: application/json; charset=utf-8
host: localhost:6896
accept: */*

Response DefaultHttpResponse(decodeResult: success, version: HTTP/1.1)
HTTP/1.1 200 OK
Content-Length: 52
Content-Type: application/json; charset=utf-8
cache-control: no-cache

11:36:41.305 [AsyncHttpClient-1-8] DEBUG org.asynchttpclient.netty.channel.ChannelManager - Adding key: http://localhost:6896 for channel [id: 0x1681981a, L:/127.0.0.1:61476 - R:localhost/127.0.0.1:6896]
11:36:41.305 [Forwarding screenshot on session 7f96e7e36b9f10a8b5acad60a25246de to remote] DEBUG org.asynchttpclient.netty.request.NettyRequestSender - Using pooled Channel '[id: 0x1681981a, L:/127.0.0.1:61476 - R:localhost/127.0.0.1:6896]' for 'GET' to 'http://localhost:6896/session/7f96e7e36b9f10a8b5acad60a25246de/screenshot'
11:36:41.305 [Forwarding screenshot on session 7f96e7e36b9f10a8b5acad60a25246de to remote] DEBUG org.asynchttpclient.netty.request.NettyRequestSender - Using open Channel [id: 0x1681981a, L:/127.0.0.1:61476 - R:localhost/127.0.0.1:6896] for GET '/session/7f96e7e36b9f10a8b5acad60a25246de/screenshot'
11:36:41.494 [AsyncHttpClient-1-8] DEBUG org.asynchttpclient.netty.handler.HttpHandler - 

Request DefaultFullHttpRequest(decodeResult: success, version: HTTP/1.1, content: EmptyByteBufBE)
GET /session/7f96e7e36b9f10a8b5acad60a25246de/screenshot HTTP/1.1
User-Agent: selenium/4.8.0 (java windows)
Cache-Control: no-cache
Content-Type: application/json; charset=utf-8
host: localhost:6896
accept: */*

Response DefaultHttpResponse(decodeResult: success, version: HTTP/1.1)
HTTP/1.1 200 OK
Content-Length: 478944
Content-Type: application/json; charset=utf-8
cache-control: no-cache

11:36:41.495 [AsyncHttpClient-1-8] DEBUG org.asynchttpclient.netty.channel.ChannelManager - Adding key: http://localhost:6896 for channel [id: 0x1681981a, L:/127.0.0.1:61476 - R:localhost/127.0.0.1:6896]
11:36:41.512 [main] DEBUG net.serenitybdd.core.photography.Darkroom - Send negative for processing for target\site\serenity\d9ff63befa81cfb3b8ee6581853bc7356cce55d75d99a72016e4bac3b00361ae.png
11:36:41.518 [Forwarding getPageSource on session 7f96e7e36b9f10a8b5acad60a25246de to remote] DEBUG org.asynchttpclient.netty.request.NettyRequestSender - Using pooled Channel '[id: 0x1681981a, L:/127.0.0.1:61476 - R:localhost/127.0.0.1:6896]' for 'POST' to 'http://localhost:6896/session/7f96e7e36b9f10a8b5acad60a25246de/execute/sync'
11:36:41.518 [Forwarding getPageSource on session 7f96e7e36b9f10a8b5acad60a25246de to remote] DEBUG org.asynchttpclient.netty.request.NettyRequestSender - Using open Channel [id: 0x1681981a, L:/127.0.0.1:61476 - R:localhost/127.0.0.1:6896] for POST '/session/7f96e7e36b9f10a8b5acad60a25246de/execute/sync'
11:36:41.523 [AsyncHttpClient-1-8] DEBUG org.asynchttpclient.netty.handler.HttpHandler - 

Request DefaultHttpRequest(decodeResult: success, version: HTTP/1.1)
POST /session/7f96e7e36b9f10a8b5acad60a25246de/execute/sync HTTP/1.1
User-Agent: selenium/4.8.0 (java windows)
Content-Length: 176
Content-Type: application/json; charset=utf-8
host: localhost:6896
accept: */*

Response DefaultHttpResponse(decodeResult: success, version: HTTP/1.1)
HTTP/1.1 200 OK
Content-Length: 16392
Content-Type: application/json; charset=utf-8
cache-control: no-cache

11:36:41.523 [AsyncHttpClient-1-8] DEBUG org.asynchttpclient.netty.channel.ChannelManager - Adding key: http://localhost:6896 for channel [id: 0x1681981a, L:/127.0.0.1:61476 - R:localhost/127.0.0.1:6896]
11:36:41.524 [Forwarding getCurrentUrl on session 7f96e7e36b9f10a8b5acad60a25246de to remote] DEBUG org.asynchttpclient.netty.request.NettyRequestSender - Using pooled Channel '[id: 0x1681981a, L:/127.0.0.1:61476 - R:localhost/127.0.0.1:6896]' for 'GET' to 'http://localhost:6896/session/7f96e7e36b9f10a8b5acad60a25246de/url'
11:36:41.524 [Forwarding getCurrentUrl on session 7f96e7e36b9f10a8b5acad60a25246de to remote] DEBUG org.asynchttpclient.netty.request.NettyRequestSender - Using open Channel [id: 0x1681981a, L:/127.0.0.1:61476 - R:localhost/127.0.0.1:6896] for GET '/session/7f96e7e36b9f10a8b5acad60a25246de/url'
11:36:41.528 [AsyncHttpClient-1-8] DEBUG org.asynchttpclient.netty.handler.HttpHandler - 

Request DefaultFullHttpRequest(decodeResult: success, version: HTTP/1.1, content: EmptyByteBufBE)
GET /session/7f96e7e36b9f10a8b5acad60a25246de/url HTTP/1.1
User-Agent: selenium/4.8.0 (java windows)
Cache-Control: no-cache
Content-Type: application/json; charset=utf-8
host: localhost:6896
accept: */*

Response DefaultHttpResponse(decodeResult: success, version: HTTP/1.1)
HTTP/1.1 200 OK
Content-Length: 52
Content-Type: application/json; charset=utf-8
cache-control: no-cache

11:36:41.528 [AsyncHttpClient-1-8] DEBUG org.asynchttpclient.netty.channel.ChannelManager - Adding key: http://localhost:6896 for channel [id: 0x1681981a, L:/127.0.0.1:61476 - R:localhost/127.0.0.1:6896]
11:36:41.544 [main] DEBUG net.thucydides.core.steps.StepInterceptor - STARTING STEP: InventoryPageSteps.test4_validateInventoryPageHeaderAndFooters - validate inverntory page headers
11:36:41.549 [Forwarding findElement on session 7f96e7e36b9f10a8b5acad60a25246de to remote] DEBUG org.asynchttpclient.netty.request.NettyRequestSender - Using pooled Channel '[id: 0x1681981a, L:/127.0.0.1:61476 - R:localhost/127.0.0.1:6896]' for 'POST' to 'http://localhost:6896/session/7f96e7e36b9f10a8b5acad60a25246de/element'
11:36:41.549 [Forwarding findElement on session 7f96e7e36b9f10a8b5acad60a25246de to remote] DEBUG org.asynchttpclient.netty.request.NettyRequestSender - Using open Channel [id: 0x1681981a, L:/127.0.0.1:61476 - R:localhost/127.0.0.1:6896] for POST '/session/7f96e7e36b9f10a8b5acad60a25246de/element'
11:36:41.561 [AsyncHttpClient-1-8] DEBUG org.asynchttpclient.netty.handler.HttpHandler - 

Request DefaultHttpRequest(decodeResult: success, version: HTTP/1.1)
POST /session/7f96e7e36b9f10a8b5acad60a25246de/element HTTP/1.1
User-Agent: selenium/4.8.0 (java windows)
Content-Length: 90
Content-Type: application/json; charset=utf-8
host: localhost:6896
accept: */*

Response DefaultHttpResponse(decodeResult: success, version: HTTP/1.1)
HTTP/1.1 200 OK
Content-Length: 95
Content-Type: application/json; charset=utf-8
cache-control: no-cache

11:36:41.561 [AsyncHttpClient-1-8] DEBUG org.asynchttpclient.netty.channel.ChannelManager - Adding key: http://localhost:6896 for channel [id: 0x1681981a, L:/127.0.0.1:61476 - R:localhost/127.0.0.1:6896]
11:36:41.568 [Forwarding isElementDisplayed on session 7f96e7e36b9f10a8b5acad60a25246de to remote] DEBUG org.asynchttpclient.netty.request.NettyRequestSender - Using pooled Channel '[id: 0x1681981a, L:/127.0.0.1:61476 - R:localhost/127.0.0.1:6896]' for 'POST' to 'http://localhost:6896/session/7f96e7e36b9f10a8b5acad60a25246de/execute/sync'
11:36:41.568 [Forwarding isElementDisplayed on session 7f96e7e36b9f10a8b5acad60a25246de to remote] DEBUG org.asynchttpclient.netty.request.NettyRequestSender - Using open Channel [id: 0x1681981a, L:/127.0.0.1:61476 - R:localhost/127.0.0.1:6896] for POST '/session/7f96e7e36b9f10a8b5acad60a25246de/execute/sync'
11:36:41.578 [AsyncHttpClient-1-8] DEBUG org.asynchttpclient.netty.handler.HttpHandler - 

Request DefaultHttpRequest(decodeResult: success, version: HTTP/1.1)
POST /session/7f96e7e36b9f10a8b5acad60a25246de/execute/sync HTTP/1.1
User-Agent: selenium/4.8.0 (java windows)
Content-Length: 48814
Content-Type: application/json; charset=utf-8
host: localhost:6896
accept: */*

Response DefaultHttpResponse(decodeResult: success, version: HTTP/1.1)
HTTP/1.1 200 OK
Content-Length: 14
Content-Type: application/json; charset=utf-8
cache-control: no-cache

11:36:41.578 [AsyncHttpClient-1-8] DEBUG org.asynchttpclient.netty.channel.ChannelManager - Adding key: http://localhost:6896 for channel [id: 0x1681981a, L:/127.0.0.1:61476 - R:localhost/127.0.0.1:6896]
11:36:41.578 [Forwarding getElementText on session 7f96e7e36b9f10a8b5acad60a25246de to remote] DEBUG org.asynchttpclient.netty.request.NettyRequestSender - Using pooled Channel '[id: 0x1681981a, L:/127.0.0.1:61476 - R:localhost/127.0.0.1:6896]' for 'GET' to 'http://localhost:6896/session/7f96e7e36b9f10a8b5acad60a25246de/element/6FF2D42796E1B5636833727143D40385_element_27/text'
11:36:41.578 [Forwarding getElementText on session 7f96e7e36b9f10a8b5acad60a25246de to remote] DEBUG org.asynchttpclient.netty.request.NettyRequestSender - Using open Channel [id: 0x1681981a, L:/127.0.0.1:61476 - R:localhost/127.0.0.1:6896] for GET '/session/7f96e7e36b9f10a8b5acad60a25246de/element/6FF2D42796E1B5636833727143D40385_element_27/text'
11:36:41.584 [AsyncHttpClient-1-8] DEBUG org.asynchttpclient.netty.handler.HttpHandler - 

Request DefaultFullHttpRequest(decodeResult: success, version: HTTP/1.1, content: EmptyByteBufBE)
GET /session/7f96e7e36b9f10a8b5acad60a25246de/element/6FF2D42796E1B5636833727143D40385_element_27/text HTTP/1.1
User-Agent: selenium/4.8.0 (java windows)
Cache-Control: no-cache
Content-Type: application/json; charset=utf-8
host: localhost:6896
accept: */*

Response DefaultHttpResponse(decodeResult: success, version: HTTP/1.1)
HTTP/1.1 200 OK
Content-Length: 21
Content-Type: application/json; charset=utf-8
cache-control: no-cache

11:36:41.584 [AsyncHttpClient-1-8] DEBUG org.asynchttpclient.netty.channel.ChannelManager - Adding key: http://localhost:6896 for channel [id: 0x1681981a, L:/127.0.0.1:61476 - R:localhost/127.0.0.1:6896]
11:36:41.589 [Forwarding getAlertText on session 7f96e7e36b9f10a8b5acad60a25246de to remote] DEBUG org.asynchttpclient.netty.request.NettyRequestSender - Using pooled Channel '[id: 0x1681981a, L:/127.0.0.1:61476 - R:localhost/127.0.0.1:6896]' for 'GET' to 'http://localhost:6896/session/7f96e7e36b9f10a8b5acad60a25246de/alert/text'
11:36:41.589 [Forwarding getAlertText on session 7f96e7e36b9f10a8b5acad60a25246de to remote] DEBUG org.asynchttpclient.netty.request.NettyRequestSender - Using open Channel [id: 0x1681981a, L:/127.0.0.1:61476 - R:localhost/127.0.0.1:6896] for GET '/session/7f96e7e36b9f10a8b5acad60a25246de/alert/text'
11:36:41.590 [AsyncHttpClient-1-8] DEBUG org.asynchttpclient.netty.handler.HttpHandler - 

Request DefaultFullHttpRequest(decodeResult: success, version: HTTP/1.1, content: EmptyByteBufBE)
GET /session/7f96e7e36b9f10a8b5acad60a25246de/alert/text HTTP/1.1
User-Agent: selenium/4.8.0 (java windows)
Cache-Control: no-cache
Content-Type: application/json; charset=utf-8
host: localhost:6896
accept: */*

Response DefaultHttpResponse(decodeResult: success, version: HTTP/1.1)
HTTP/1.1 404 Not Found
Content-Length: 1522
Content-Type: application/json; charset=utf-8
cache-control: no-cache

11:36:41.590 [AsyncHttpClient-1-8] DEBUG org.asynchttpclient.netty.channel.ChannelManager - Adding key: http://localhost:6896 for channel [id: 0x1681981a, L:/127.0.0.1:61476 - R:localhost/127.0.0.1:6896]
11:36:41.591 [Forwarding getCurrentUrl on session 7f96e7e36b9f10a8b5acad60a25246de to remote] DEBUG org.asynchttpclient.netty.request.NettyRequestSender - Using pooled Channel '[id: 0x1681981a, L:/127.0.0.1:61476 - R:localhost/127.0.0.1:6896]' for 'GET' to 'http://localhost:6896/session/7f96e7e36b9f10a8b5acad60a25246de/url'
11:36:41.591 [Forwarding getCurrentUrl on session 7f96e7e36b9f10a8b5acad60a25246de to remote] DEBUG org.asynchttpclient.netty.request.NettyRequestSender - Using open Channel [id: 0x1681981a, L:/127.0.0.1:61476 - R:localhost/127.0.0.1:6896] for GET '/session/7f96e7e36b9f10a8b5acad60a25246de/url'
11:36:41.595 [AsyncHttpClient-1-8] DEBUG org.asynchttpclient.netty.handler.HttpHandler - 

Request DefaultFullHttpRequest(decodeResult: success, version: HTTP/1.1, content: EmptyByteBufBE)
GET /session/7f96e7e36b9f10a8b5acad60a25246de/url HTTP/1.1
User-Agent: selenium/4.8.0 (java windows)
Cache-Control: no-cache
Content-Type: application/json; charset=utf-8
host: localhost:6896
accept: */*

Response DefaultHttpResponse(decodeResult: success, version: HTTP/1.1)
HTTP/1.1 200 OK
Content-Length: 52
Content-Type: application/json; charset=utf-8
cache-control: no-cache

11:36:41.595 [AsyncHttpClient-1-8] DEBUG org.asynchttpclient.netty.channel.ChannelManager - Adding key: http://localhost:6896 for channel [id: 0x1681981a, L:/127.0.0.1:61476 - R:localhost/127.0.0.1:6896]
11:36:41.595 [Forwarding screenshot on session 7f96e7e36b9f10a8b5acad60a25246de to remote] DEBUG org.asynchttpclient.netty.request.NettyRequestSender - Using pooled Channel '[id: 0x1681981a, L:/127.0.0.1:61476 - R:localhost/127.0.0.1:6896]' for 'GET' to 'http://localhost:6896/session/7f96e7e36b9f10a8b5acad60a25246de/screenshot'
11:36:41.595 [Forwarding screenshot on session 7f96e7e36b9f10a8b5acad60a25246de to remote] DEBUG org.asynchttpclient.netty.request.NettyRequestSender - Using open Channel [id: 0x1681981a, L:/127.0.0.1:61476 - R:localhost/127.0.0.1:6896] for GET '/session/7f96e7e36b9f10a8b5acad60a25246de/screenshot'
11:36:41.743 [AsyncHttpClient-1-1] DEBUG org.asynchttpclient.netty.channel.DefaultChannelPool - Entry count for : http://localhost:61482 : 1
11:36:41.789 [AsyncHttpClient-1-8] DEBUG org.asynchttpclient.netty.handler.HttpHandler - 

Request DefaultFullHttpRequest(decodeResult: success, version: HTTP/1.1, content: EmptyByteBufBE)
GET /session/7f96e7e36b9f10a8b5acad60a25246de/screenshot HTTP/1.1
User-Agent: selenium/4.8.0 (java windows)
Cache-Control: no-cache
Content-Type: application/json; charset=utf-8
host: localhost:6896
accept: */*

Response DefaultHttpResponse(decodeResult: success, version: HTTP/1.1)
HTTP/1.1 200 OK
Content-Length: 478944
Content-Type: application/json; charset=utf-8
cache-control: no-cache

11:36:41.790 [AsyncHttpClient-1-8] DEBUG org.asynchttpclient.netty.channel.ChannelManager - Adding key: http://localhost:6896 for channel [id: 0x1681981a, L:/127.0.0.1:61476 - R:localhost/127.0.0.1:6896]
11:36:41.799 [main] DEBUG net.serenitybdd.core.photography.Darkroom - Send negative for processing for target\site\serenity\d9ff63befa81cfb3b8ee6581853bc7356cce55d75d99a72016e4bac3b00361ae.png
11:36:41.800 [Forwarding getPageSource on session 7f96e7e36b9f10a8b5acad60a25246de to remote] DEBUG org.asynchttpclient.netty.request.NettyRequestSender - Using pooled Channel '[id: 0x1681981a, L:/127.0.0.1:61476 - R:localhost/127.0.0.1:6896]' for 'POST' to 'http://localhost:6896/session/7f96e7e36b9f10a8b5acad60a25246de/execute/sync'
11:36:41.800 [Forwarding getPageSource on session 7f96e7e36b9f10a8b5acad60a25246de to remote] DEBUG org.asynchttpclient.netty.request.NettyRequestSender - Using open Channel [id: 0x1681981a, L:/127.0.0.1:61476 - R:localhost/127.0.0.1:6896] for POST '/session/7f96e7e36b9f10a8b5acad60a25246de/execute/sync'
11:36:41.810 [AsyncHttpClient-1-8] DEBUG org.asynchttpclient.netty.handler.HttpHandler - 

Request DefaultHttpRequest(decodeResult: success, version: HTTP/1.1)
POST /session/7f96e7e36b9f10a8b5acad60a25246de/execute/sync HTTP/1.1
User-Agent: selenium/4.8.0 (java windows)
Content-Length: 176
Content-Type: application/json; charset=utf-8
host: localhost:6896
accept: */*

Response DefaultHttpResponse(decodeResult: success, version: HTTP/1.1)
HTTP/1.1 200 OK
Content-Length: 16392
Content-Type: application/json; charset=utf-8
cache-control: no-cache

11:36:41.810 [AsyncHttpClient-1-8] DEBUG org.asynchttpclient.netty.channel.ChannelManager - Adding key: http://localhost:6896 for channel [id: 0x1681981a, L:/127.0.0.1:61476 - R:localhost/127.0.0.1:6896]
11:36:41.813 [Forwarding getCurrentUrl on session 7f96e7e36b9f10a8b5acad60a25246de to remote] DEBUG org.asynchttpclient.netty.request.NettyRequestSender - Using pooled Channel '[id: 0x1681981a, L:/127.0.0.1:61476 - R:localhost/127.0.0.1:6896]' for 'GET' to 'http://localhost:6896/session/7f96e7e36b9f10a8b5acad60a25246de/url'
11:36:41.813 [Forwarding getCurrentUrl on session 7f96e7e36b9f10a8b5acad60a25246de to remote] DEBUG org.asynchttpclient.netty.request.NettyRequestSender - Using open Channel [id: 0x1681981a, L:/127.0.0.1:61476 - R:localhost/127.0.0.1:6896] for GET '/session/7f96e7e36b9f10a8b5acad60a25246de/url'
11:36:41.817 [AsyncHttpClient-1-8] DEBUG org.asynchttpclient.netty.handler.HttpHandler - 

Request DefaultFullHttpRequest(decodeResult: success, version: HTTP/1.1, content: EmptyByteBufBE)
GET /session/7f96e7e36b9f10a8b5acad60a25246de/url HTTP/1.1
User-Agent: selenium/4.8.0 (java windows)
Cache-Control: no-cache
Content-Type: application/json; charset=utf-8
host: localhost:6896
accept: */*

Response DefaultHttpResponse(decodeResult: success, version: HTTP/1.1)
HTTP/1.1 200 OK
Content-Length: 52
Content-Type: application/json; charset=utf-8
cache-control: no-cache

11:36:41.817 [AsyncHttpClient-1-8] DEBUG org.asynchttpclient.netty.channel.ChannelManager - Adding key: http://localhost:6896 for channel [id: 0x1681981a, L:/127.0.0.1:61476 - R:localhost/127.0.0.1:6896]
11:36:41.830 [main] INFO  com.swaglabs.base.SetUp - inverntory page header validated
11:36:41.833 [main] DEBUG net.thucydides.core.steps.StepInterceptor - STEP DONE: validate inverntory page headers
11:36:41.839 [Forwarding getPageSource on session 7f96e7e36b9f10a8b5acad60a25246de to remote] DEBUG org.asynchttpclient.netty.request.NettyRequestSender - Using pooled Channel '[id: 0x1681981a, L:/127.0.0.1:61476 - R:localhost/127.0.0.1:6896]' for 'POST' to 'http://localhost:6896/session/7f96e7e36b9f10a8b5acad60a25246de/execute/sync'
11:36:41.839 [Forwarding getPageSource on session 7f96e7e36b9f10a8b5acad60a25246de to remote] DEBUG org.asynchttpclient.netty.request.NettyRequestSender - Using open Channel [id: 0x1681981a, L:/127.0.0.1:61476 - R:localhost/127.0.0.1:6896] for POST '/session/7f96e7e36b9f10a8b5acad60a25246de/execute/sync'
11:36:41.845 [AsyncHttpClient-1-8] DEBUG org.asynchttpclient.netty.handler.HttpHandler - 

Request DefaultHttpRequest(decodeResult: success, version: HTTP/1.1)
POST /session/7f96e7e36b9f10a8b5acad60a25246de/execute/sync HTTP/1.1
User-Agent: selenium/4.8.0 (java windows)
Content-Length: 176
Content-Type: application/json; charset=utf-8
host: localhost:6896
accept: */*

Response DefaultHttpResponse(decodeResult: success, version: HTTP/1.1)
HTTP/1.1 200 OK
Content-Length: 16392
Content-Type: application/json; charset=utf-8
cache-control: no-cache

11:36:41.845 [AsyncHttpClient-1-8] DEBUG org.asynchttpclient.netty.channel.ChannelManager - Adding key: http://localhost:6896 for channel [id: 0x1681981a, L:/127.0.0.1:61476 - R:localhost/127.0.0.1:6896]
11:36:41.847 [Forwarding getCurrentUrl on session 7f96e7e36b9f10a8b5acad60a25246de to remote] DEBUG org.asynchttpclient.netty.request.NettyRequestSender - Using pooled Channel '[id: 0x1681981a, L:/127.0.0.1:61476 - R:localhost/127.0.0.1:6896]' for 'GET' to 'http://localhost:6896/session/7f96e7e36b9f10a8b5acad60a25246de/url'
11:36:41.847 [Forwarding getCurrentUrl on session 7f96e7e36b9f10a8b5acad60a25246de to remote] DEBUG org.asynchttpclient.netty.request.NettyRequestSender - Using open Channel [id: 0x1681981a, L:/127.0.0.1:61476 - R:localhost/127.0.0.1:6896] for GET '/session/7f96e7e36b9f10a8b5acad60a25246de/url'
11:36:41.854 [AsyncHttpClient-1-8] DEBUG org.asynchttpclient.netty.handler.HttpHandler - 

Request DefaultFullHttpRequest(decodeResult: success, version: HTTP/1.1, content: EmptyByteBufBE)
GET /session/7f96e7e36b9f10a8b5acad60a25246de/url HTTP/1.1
User-Agent: selenium/4.8.0 (java windows)
Cache-Control: no-cache
Content-Type: application/json; charset=utf-8
host: localhost:6896
accept: */*

Response DefaultHttpResponse(decodeResult: success, version: HTTP/1.1)
HTTP/1.1 200 OK
Content-Length: 52
Content-Type: application/json; charset=utf-8
cache-control: no-cache

11:36:41.854 [AsyncHttpClient-1-8] DEBUG org.asynchttpclient.netty.channel.ChannelManager - Adding key: http://localhost:6896 for channel [id: 0x1681981a, L:/127.0.0.1:61476 - R:localhost/127.0.0.1:6896]
11:36:41.866 [main] DEBUG net.thucydides.core.steps.StepInterceptor - STARTING STEP: InventoryPageSteps.test4_validateInventoryPageHeaderAndFooters - validate  secondary headers
11:36:41.870 [Forwarding findElement on session 7f96e7e36b9f10a8b5acad60a25246de to remote] DEBUG org.asynchttpclient.netty.request.NettyRequestSender - Using pooled Channel '[id: 0x1681981a, L:/127.0.0.1:61476 - R:localhost/127.0.0.1:6896]' for 'POST' to 'http://localhost:6896/session/7f96e7e36b9f10a8b5acad60a25246de/element'
11:36:41.870 [Forwarding findElement on session 7f96e7e36b9f10a8b5acad60a25246de to remote] DEBUG org.asynchttpclient.netty.request.NettyRequestSender - Using open Channel [id: 0x1681981a, L:/127.0.0.1:61476 - R:localhost/127.0.0.1:6896] for POST '/session/7f96e7e36b9f10a8b5acad60a25246de/element'
11:36:41.887 [AsyncHttpClient-1-8] DEBUG org.asynchttpclient.netty.handler.HttpHandler - 

Request DefaultHttpRequest(decodeResult: success, version: HTTP/1.1)
POST /session/7f96e7e36b9f10a8b5acad60a25246de/element HTTP/1.1
User-Agent: selenium/4.8.0 (java windows)
Content-Length: 124
Content-Type: application/json; charset=utf-8
host: localhost:6896
accept: */*

Response DefaultHttpResponse(decodeResult: success, version: HTTP/1.1)
HTTP/1.1 200 OK
Content-Length: 95
Content-Type: application/json; charset=utf-8
cache-control: no-cache

11:36:41.887 [AsyncHttpClient-1-8] DEBUG org.asynchttpclient.netty.channel.ChannelManager - Adding key: http://localhost:6896 for channel [id: 0x1681981a, L:/127.0.0.1:61476 - R:localhost/127.0.0.1:6896]
11:36:41.889 [Forwarding isElementDisplayed on session 7f96e7e36b9f10a8b5acad60a25246de to remote] DEBUG org.asynchttpclient.netty.request.NettyRequestSender - Using pooled Channel '[id: 0x1681981a, L:/127.0.0.1:61476 - R:localhost/127.0.0.1:6896]' for 'POST' to 'http://localhost:6896/session/7f96e7e36b9f10a8b5acad60a25246de/execute/sync'
11:36:41.889 [Forwarding isElementDisplayed on session 7f96e7e36b9f10a8b5acad60a25246de to remote] DEBUG org.asynchttpclient.netty.request.NettyRequestSender - Using open Channel [id: 0x1681981a, L:/127.0.0.1:61476 - R:localhost/127.0.0.1:6896] for POST '/session/7f96e7e36b9f10a8b5acad60a25246de/execute/sync'
11:36:41.897 [AsyncHttpClient-1-8] DEBUG org.asynchttpclient.netty.handler.HttpHandler - 

Request DefaultHttpRequest(decodeResult: success, version: HTTP/1.1)
POST /session/7f96e7e36b9f10a8b5acad60a25246de/execute/sync HTTP/1.1
User-Agent: selenium/4.8.0 (java windows)
Content-Length: 48814
Content-Type: application/json; charset=utf-8
host: localhost:6896
accept: */*

Response DefaultHttpResponse(decodeResult: success, version: HTTP/1.1)
HTTP/1.1 200 OK
Content-Length: 14
Content-Type: application/json; charset=utf-8
cache-control: no-cache

11:36:41.897 [AsyncHttpClient-1-8] DEBUG org.asynchttpclient.netty.channel.ChannelManager - Adding key: http://localhost:6896 for channel [id: 0x1681981a, L:/127.0.0.1:61476 - R:localhost/127.0.0.1:6896]
11:36:41.898 [Forwarding getElementText on session 7f96e7e36b9f10a8b5acad60a25246de to remote] DEBUG org.asynchttpclient.netty.request.NettyRequestSender - Using pooled Channel '[id: 0x1681981a, L:/127.0.0.1:61476 - R:localhost/127.0.0.1:6896]' for 'GET' to 'http://localhost:6896/session/7f96e7e36b9f10a8b5acad60a25246de/element/6FF2D42796E1B5636833727143D40385_element_28/text'
11:36:41.898 [Forwarding getElementText on session 7f96e7e36b9f10a8b5acad60a25246de to remote] DEBUG org.asynchttpclient.netty.request.NettyRequestSender - Using open Channel [id: 0x1681981a, L:/127.0.0.1:61476 - R:localhost/127.0.0.1:6896] for GET '/session/7f96e7e36b9f10a8b5acad60a25246de/element/6FF2D42796E1B5636833727143D40385_element_28/text'
11:36:41.907 [AsyncHttpClient-1-8] DEBUG org.asynchttpclient.netty.handler.HttpHandler - 

Request DefaultFullHttpRequest(decodeResult: success, version: HTTP/1.1, content: EmptyByteBufBE)
GET /session/7f96e7e36b9f10a8b5acad60a25246de/element/6FF2D42796E1B5636833727143D40385_element_28/text HTTP/1.1
User-Agent: selenium/4.8.0 (java windows)
Cache-Control: no-cache
Content-Type: application/json; charset=utf-8
host: localhost:6896
accept: */*

Response DefaultHttpResponse(decodeResult: success, version: HTTP/1.1)
HTTP/1.1 200 OK
Content-Length: 20
Content-Type: application/json; charset=utf-8
cache-control: no-cache

11:36:41.907 [AsyncHttpClient-1-8] DEBUG org.asynchttpclient.netty.channel.ChannelManager - Adding key: http://localhost:6896 for channel [id: 0x1681981a, L:/127.0.0.1:61476 - R:localhost/127.0.0.1:6896]
11:36:41.907 [main] INFO  com.swaglabs.base.SetUp - secondary header  validation passed
11:36:41.913 [Forwarding getAlertText on session 7f96e7e36b9f10a8b5acad60a25246de to remote] DEBUG org.asynchttpclient.netty.request.NettyRequestSender - Using pooled Channel '[id: 0x1681981a, L:/127.0.0.1:61476 - R:localhost/127.0.0.1:6896]' for 'GET' to 'http://localhost:6896/session/7f96e7e36b9f10a8b5acad60a25246de/alert/text'
11:36:41.913 [Forwarding getAlertText on session 7f96e7e36b9f10a8b5acad60a25246de to remote] DEBUG org.asynchttpclient.netty.request.NettyRequestSender - Using open Channel [id: 0x1681981a, L:/127.0.0.1:61476 - R:localhost/127.0.0.1:6896] for GET '/session/7f96e7e36b9f10a8b5acad60a25246de/alert/text'
11:36:41.915 [AsyncHttpClient-1-8] DEBUG org.asynchttpclient.netty.handler.HttpHandler - 

Request DefaultFullHttpRequest(decodeResult: success, version: HTTP/1.1, content: EmptyByteBufBE)
GET /session/7f96e7e36b9f10a8b5acad60a25246de/alert/text HTTP/1.1
User-Agent: selenium/4.8.0 (java windows)
Cache-Control: no-cache
Content-Type: application/json; charset=utf-8
host: localhost:6896
accept: */*

Response DefaultHttpResponse(decodeResult: success, version: HTTP/1.1)
HTTP/1.1 404 Not Found
Content-Length: 1522
Content-Type: application/json; charset=utf-8
cache-control: no-cache

11:36:41.915 [AsyncHttpClient-1-8] DEBUG org.asynchttpclient.netty.channel.ChannelManager - Adding key: http://localhost:6896 for channel [id: 0x1681981a, L:/127.0.0.1:61476 - R:localhost/127.0.0.1:6896]
11:36:41.915 [Forwarding getCurrentUrl on session 7f96e7e36b9f10a8b5acad60a25246de to remote] DEBUG org.asynchttpclient.netty.request.NettyRequestSender - Using pooled Channel '[id: 0x1681981a, L:/127.0.0.1:61476 - R:localhost/127.0.0.1:6896]' for 'GET' to 'http://localhost:6896/session/7f96e7e36b9f10a8b5acad60a25246de/url'
11:36:41.915 [Forwarding getCurrentUrl on session 7f96e7e36b9f10a8b5acad60a25246de to remote] DEBUG org.asynchttpclient.netty.request.NettyRequestSender - Using open Channel [id: 0x1681981a, L:/127.0.0.1:61476 - R:localhost/127.0.0.1:6896] for GET '/session/7f96e7e36b9f10a8b5acad60a25246de/url'
11:36:41.918 [AsyncHttpClient-1-8] DEBUG org.asynchttpclient.netty.handler.HttpHandler - 

Request DefaultFullHttpRequest(decodeResult: success, version: HTTP/1.1, content: EmptyByteBufBE)
GET /session/7f96e7e36b9f10a8b5acad60a25246de/url HTTP/1.1
User-Agent: selenium/4.8.0 (java windows)
Cache-Control: no-cache
Content-Type: application/json; charset=utf-8
host: localhost:6896
accept: */*

Response DefaultHttpResponse(decodeResult: success, version: HTTP/1.1)
HTTP/1.1 200 OK
Content-Length: 52
Content-Type: application/json; charset=utf-8
cache-control: no-cache

11:36:41.918 [AsyncHttpClient-1-8] DEBUG org.asynchttpclient.netty.channel.ChannelManager - Adding key: http://localhost:6896 for channel [id: 0x1681981a, L:/127.0.0.1:61476 - R:localhost/127.0.0.1:6896]
11:36:41.918 [Forwarding screenshot on session 7f96e7e36b9f10a8b5acad60a25246de to remote] DEBUG org.asynchttpclient.netty.request.NettyRequestSender - Using pooled Channel '[id: 0x1681981a, L:/127.0.0.1:61476 - R:localhost/127.0.0.1:6896]' for 'GET' to 'http://localhost:6896/session/7f96e7e36b9f10a8b5acad60a25246de/screenshot'
11:36:41.918 [Forwarding screenshot on session 7f96e7e36b9f10a8b5acad60a25246de to remote] DEBUG org.asynchttpclient.netty.request.NettyRequestSender - Using open Channel [id: 0x1681981a, L:/127.0.0.1:61476 - R:localhost/127.0.0.1:6896] for GET '/session/7f96e7e36b9f10a8b5acad60a25246de/screenshot'
11:36:42.091 [AsyncHttpClient-1-8] DEBUG org.asynchttpclient.netty.handler.HttpHandler - 

Request DefaultFullHttpRequest(decodeResult: success, version: HTTP/1.1, content: EmptyByteBufBE)
GET /session/7f96e7e36b9f10a8b5acad60a25246de/screenshot HTTP/1.1
User-Agent: selenium/4.8.0 (java windows)
Cache-Control: no-cache
Content-Type: application/json; charset=utf-8
host: localhost:6896
accept: */*

Response DefaultHttpResponse(decodeResult: success, version: HTTP/1.1)
HTTP/1.1 200 OK
Content-Length: 478944
Content-Type: application/json; charset=utf-8
cache-control: no-cache

11:36:42.092 [AsyncHttpClient-1-8] DEBUG org.asynchttpclient.netty.channel.ChannelManager - Adding key: http://localhost:6896 for channel [id: 0x1681981a, L:/127.0.0.1:61476 - R:localhost/127.0.0.1:6896]
11:36:42.105 [main] DEBUG net.serenitybdd.core.photography.Darkroom - Send negative for processing for target\site\serenity\d9ff63befa81cfb3b8ee6581853bc7356cce55d75d99a72016e4bac3b00361ae.png
11:36:42.105 [main] DEBUG net.thucydides.core.steps.StepInterceptor - STEP DONE: validate  secondary headers
11:36:42.113 [Forwarding getPageSource on session 7f96e7e36b9f10a8b5acad60a25246de to remote] DEBUG org.asynchttpclient.netty.request.NettyRequestSender - Using pooled Channel '[id: 0x1681981a, L:/127.0.0.1:61476 - R:localhost/127.0.0.1:6896]' for 'POST' to 'http://localhost:6896/session/7f96e7e36b9f10a8b5acad60a25246de/execute/sync'
11:36:42.113 [Forwarding getPageSource on session 7f96e7e36b9f10a8b5acad60a25246de to remote] DEBUG org.asynchttpclient.netty.request.NettyRequestSender - Using open Channel [id: 0x1681981a, L:/127.0.0.1:61476 - R:localhost/127.0.0.1:6896] for POST '/session/7f96e7e36b9f10a8b5acad60a25246de/execute/sync'
11:36:42.120 [AsyncHttpClient-1-8] DEBUG org.asynchttpclient.netty.handler.HttpHandler - 

Request DefaultHttpRequest(decodeResult: success, version: HTTP/1.1)
POST /session/7f96e7e36b9f10a8b5acad60a25246de/execute/sync HTTP/1.1
User-Agent: selenium/4.8.0 (java windows)
Content-Length: 176
Content-Type: application/json; charset=utf-8
host: localhost:6896
accept: */*

Response DefaultHttpResponse(decodeResult: success, version: HTTP/1.1)
HTTP/1.1 200 OK
Content-Length: 16392
Content-Type: application/json; charset=utf-8
cache-control: no-cache

11:36:42.120 [AsyncHttpClient-1-8] DEBUG org.asynchttpclient.netty.channel.ChannelManager - Adding key: http://localhost:6896 for channel [id: 0x1681981a, L:/127.0.0.1:61476 - R:localhost/127.0.0.1:6896]
11:36:42.121 [Forwarding getCurrentUrl on session 7f96e7e36b9f10a8b5acad60a25246de to remote] DEBUG org.asynchttpclient.netty.request.NettyRequestSender - Using pooled Channel '[id: 0x1681981a, L:/127.0.0.1:61476 - R:localhost/127.0.0.1:6896]' for 'GET' to 'http://localhost:6896/session/7f96e7e36b9f10a8b5acad60a25246de/url'
11:36:42.121 [Forwarding getCurrentUrl on session 7f96e7e36b9f10a8b5acad60a25246de to remote] DEBUG org.asynchttpclient.netty.request.NettyRequestSender - Using open Channel [id: 0x1681981a, L:/127.0.0.1:61476 - R:localhost/127.0.0.1:6896] for GET '/session/7f96e7e36b9f10a8b5acad60a25246de/url'
11:36:42.126 [AsyncHttpClient-1-8] DEBUG org.asynchttpclient.netty.handler.HttpHandler - 

Request DefaultFullHttpRequest(decodeResult: success, version: HTTP/1.1, content: EmptyByteBufBE)
GET /session/7f96e7e36b9f10a8b5acad60a25246de/url HTTP/1.1
User-Agent: selenium/4.8.0 (java windows)
Cache-Control: no-cache
Content-Type: application/json; charset=utf-8
host: localhost:6896
accept: */*

Response DefaultHttpResponse(decodeResult: success, version: HTTP/1.1)
HTTP/1.1 200 OK
Content-Length: 52
Content-Type: application/json; charset=utf-8
cache-control: no-cache

11:36:42.126 [AsyncHttpClient-1-8] DEBUG org.asynchttpclient.netty.channel.ChannelManager - Adding key: http://localhost:6896 for channel [id: 0x1681981a, L:/127.0.0.1:61476 - R:localhost/127.0.0.1:6896]
11:36:42.137 [main] DEBUG net.thucydides.core.steps.StepInterceptor - STARTING STEP: InventoryPageSteps.test4_validateInventoryPageHeaderAndFooters - validate Filter
11:36:42.137 [Forwarding findElements on session 7f96e7e36b9f10a8b5acad60a25246de to remote] DEBUG org.asynchttpclient.netty.request.NettyRequestSender - Using pooled Channel '[id: 0x1681981a, L:/127.0.0.1:61476 - R:localhost/127.0.0.1:6896]' for 'POST' to 'http://localhost:6896/session/7f96e7e36b9f10a8b5acad60a25246de/elements'
11:36:42.137 [Forwarding findElements on session 7f96e7e36b9f10a8b5acad60a25246de to remote] DEBUG org.asynchttpclient.netty.request.NettyRequestSender - Using open Channel [id: 0x1681981a, L:/127.0.0.1:61476 - R:localhost/127.0.0.1:6896] for POST '/session/7f96e7e36b9f10a8b5acad60a25246de/elements'
11:36:42.148 [AsyncHttpClient-1-8] DEBUG org.asynchttpclient.netty.handler.HttpHandler - 

Request DefaultHttpRequest(decodeResult: success, version: HTTP/1.1)
POST /session/7f96e7e36b9f10a8b5acad60a25246de/elements HTTP/1.1
User-Agent: selenium/4.8.0 (java windows)
Content-Length: 88
Content-Type: application/json; charset=utf-8
host: localhost:6896
accept: */*

Response DefaultHttpResponse(decodeResult: success, version: HTTP/1.1)
HTTP/1.1 200 OK
Content-Length: 97
Content-Type: application/json; charset=utf-8
cache-control: no-cache

11:36:42.148 [AsyncHttpClient-1-8] DEBUG org.asynchttpclient.netty.channel.ChannelManager - Adding key: http://localhost:6896 for channel [id: 0x1681981a, L:/127.0.0.1:61476 - R:localhost/127.0.0.1:6896]
11:36:42.149 [Forwarding findElements on session 7f96e7e36b9f10a8b5acad60a25246de to remote] DEBUG org.asynchttpclient.netty.request.NettyRequestSender - Using pooled Channel '[id: 0x1681981a, L:/127.0.0.1:61476 - R:localhost/127.0.0.1:6896]' for 'POST' to 'http://localhost:6896/session/7f96e7e36b9f10a8b5acad60a25246de/elements'
11:36:42.149 [Forwarding findElements on session 7f96e7e36b9f10a8b5acad60a25246de to remote] DEBUG org.asynchttpclient.netty.request.NettyRequestSender - Using open Channel [id: 0x1681981a, L:/127.0.0.1:61476 - R:localhost/127.0.0.1:6896] for POST '/session/7f96e7e36b9f10a8b5acad60a25246de/elements'
11:36:42.155 [AsyncHttpClient-1-8] DEBUG org.asynchttpclient.netty.handler.HttpHandler - 

Request DefaultHttpRequest(decodeResult: success, version: HTTP/1.1)
POST /session/7f96e7e36b9f10a8b5acad60a25246de/elements HTTP/1.1
User-Agent: selenium/4.8.0 (java windows)
Content-Length: 88
Content-Type: application/json; charset=utf-8
host: localhost:6896
accept: */*

Response DefaultHttpResponse(decodeResult: success, version: HTTP/1.1)
HTTP/1.1 200 OK
Content-Length: 97
Content-Type: application/json; charset=utf-8
cache-control: no-cache

11:36:42.155 [AsyncHttpClient-1-8] DEBUG org.asynchttpclient.netty.channel.ChannelManager - Adding key: http://localhost:6896 for channel [id: 0x1681981a, L:/127.0.0.1:61476 - R:localhost/127.0.0.1:6896]
11:36:42.156 [Forwarding getElementText on session 7f96e7e36b9f10a8b5acad60a25246de to remote] DEBUG org.asynchttpclient.netty.request.NettyRequestSender - Using pooled Channel '[id: 0x1681981a, L:/127.0.0.1:61476 - R:localhost/127.0.0.1:6896]' for 'GET' to 'http://localhost:6896/session/7f96e7e36b9f10a8b5acad60a25246de/element/6FF2D42796E1B5636833727143D40385_element_21/text'
11:36:42.156 [Forwarding getElementText on session 7f96e7e36b9f10a8b5acad60a25246de to remote] DEBUG org.asynchttpclient.netty.request.NettyRequestSender - Using open Channel [id: 0x1681981a, L:/127.0.0.1:61476 - R:localhost/127.0.0.1:6896] for GET '/session/7f96e7e36b9f10a8b5acad60a25246de/element/6FF2D42796E1B5636833727143D40385_element_21/text'
11:36:42.164 [AsyncHttpClient-1-8] DEBUG org.asynchttpclient.netty.handler.HttpHandler - 

Request DefaultFullHttpRequest(decodeResult: success, version: HTTP/1.1, content: EmptyByteBufBE)
GET /session/7f96e7e36b9f10a8b5acad60a25246de/element/6FF2D42796E1B5636833727143D40385_element_21/text HTTP/1.1
User-Agent: selenium/4.8.0 (java windows)
Cache-Control: no-cache
Content-Type: application/json; charset=utf-8
host: localhost:6896
accept: */*

Response DefaultHttpResponse(decodeResult: success, version: HTTP/1.1)
HTTP/1.1 200 OK
Content-Length: 82
Content-Type: application/json; charset=utf-8
cache-control: no-cache

11:36:42.164 [AsyncHttpClient-1-8] DEBUG org.asynchttpclient.netty.channel.ChannelManager - Adding key: http://localhost:6896 for channel [id: 0x1681981a, L:/127.0.0.1:61476 - R:localhost/127.0.0.1:6896]
11:36:42.164 [main] INFO  com.swaglabs.base.SetUp - Name(A to Z)not validated
11:36:42.166 [Forwarding findElements on session 7f96e7e36b9f10a8b5acad60a25246de to remote] DEBUG org.asynchttpclient.netty.request.NettyRequestSender - Using pooled Channel '[id: 0x1681981a, L:/127.0.0.1:61476 - R:localhost/127.0.0.1:6896]' for 'POST' to 'http://localhost:6896/session/7f96e7e36b9f10a8b5acad60a25246de/elements'
11:36:42.166 [Forwarding findElements on session 7f96e7e36b9f10a8b5acad60a25246de to remote] DEBUG org.asynchttpclient.netty.request.NettyRequestSender - Using open Channel [id: 0x1681981a, L:/127.0.0.1:61476 - R:localhost/127.0.0.1:6896] for POST '/session/7f96e7e36b9f10a8b5acad60a25246de/elements'
11:36:42.176 [AsyncHttpClient-1-8] DEBUG org.asynchttpclient.netty.handler.HttpHandler - 

Request DefaultHttpRequest(decodeResult: success, version: HTTP/1.1)
POST /session/7f96e7e36b9f10a8b5acad60a25246de/elements HTTP/1.1
User-Agent: selenium/4.8.0 (java windows)
Content-Length: 88
Content-Type: application/json; charset=utf-8
host: localhost:6896
accept: */*

Response DefaultHttpResponse(decodeResult: success, version: HTTP/1.1)
HTTP/1.1 200 OK
Content-Length: 97
Content-Type: application/json; charset=utf-8
cache-control: no-cache

11:36:42.176 [AsyncHttpClient-1-8] DEBUG org.asynchttpclient.netty.channel.ChannelManager - Adding key: http://localhost:6896 for channel [id: 0x1681981a, L:/127.0.0.1:61476 - R:localhost/127.0.0.1:6896]
11:36:42.186 [Forwarding getAlertText on session 7f96e7e36b9f10a8b5acad60a25246de to remote] DEBUG org.asynchttpclient.netty.request.NettyRequestSender - Using pooled Channel '[id: 0x1681981a, L:/127.0.0.1:61476 - R:localhost/127.0.0.1:6896]' for 'GET' to 'http://localhost:6896/session/7f96e7e36b9f10a8b5acad60a25246de/alert/text'
11:36:42.186 [Forwarding getAlertText on session 7f96e7e36b9f10a8b5acad60a25246de to remote] DEBUG org.asynchttpclient.netty.request.NettyRequestSender - Using open Channel [id: 0x1681981a, L:/127.0.0.1:61476 - R:localhost/127.0.0.1:6896] for GET '/session/7f96e7e36b9f10a8b5acad60a25246de/alert/text'
11:36:42.188 [AsyncHttpClient-1-8] DEBUG org.asynchttpclient.netty.handler.HttpHandler - 

Request DefaultFullHttpRequest(decodeResult: success, version: HTTP/1.1, content: EmptyByteBufBE)
GET /session/7f96e7e36b9f10a8b5acad60a25246de/alert/text HTTP/1.1
User-Agent: selenium/4.8.0 (java windows)
Cache-Control: no-cache
Content-Type: application/json; charset=utf-8
host: localhost:6896
accept: */*

Response DefaultHttpResponse(decodeResult: success, version: HTTP/1.1)
HTTP/1.1 404 Not Found
Content-Length: 1522
Content-Type: application/json; charset=utf-8
cache-control: no-cache

11:36:42.188 [AsyncHttpClient-1-8] DEBUG org.asynchttpclient.netty.channel.ChannelManager - Adding key: http://localhost:6896 for channel [id: 0x1681981a, L:/127.0.0.1:61476 - R:localhost/127.0.0.1:6896]
11:36:42.189 [Forwarding getCurrentUrl on session 7f96e7e36b9f10a8b5acad60a25246de to remote] DEBUG org.asynchttpclient.netty.request.NettyRequestSender - Using pooled Channel '[id: 0x1681981a, L:/127.0.0.1:61476 - R:localhost/127.0.0.1:6896]' for 'GET' to 'http://localhost:6896/session/7f96e7e36b9f10a8b5acad60a25246de/url'
11:36:42.189 [Forwarding getCurrentUrl on session 7f96e7e36b9f10a8b5acad60a25246de to remote] DEBUG org.asynchttpclient.netty.request.NettyRequestSender - Using open Channel [id: 0x1681981a, L:/127.0.0.1:61476 - R:localhost/127.0.0.1:6896] for GET '/session/7f96e7e36b9f10a8b5acad60a25246de/url'
11:36:42.194 [AsyncHttpClient-1-8] DEBUG org.asynchttpclient.netty.handler.HttpHandler - 

Request DefaultFullHttpRequest(decodeResult: success, version: HTTP/1.1, content: EmptyByteBufBE)
GET /session/7f96e7e36b9f10a8b5acad60a25246de/url HTTP/1.1
User-Agent: selenium/4.8.0 (java windows)
Cache-Control: no-cache
Content-Type: application/json; charset=utf-8
host: localhost:6896
accept: */*

Response DefaultHttpResponse(decodeResult: success, version: HTTP/1.1)
HTTP/1.1 200 OK
Content-Length: 52
Content-Type: application/json; charset=utf-8
cache-control: no-cache

11:36:42.194 [AsyncHttpClient-1-8] DEBUG org.asynchttpclient.netty.channel.ChannelManager - Adding key: http://localhost:6896 for channel [id: 0x1681981a, L:/127.0.0.1:61476 - R:localhost/127.0.0.1:6896]
11:36:42.194 [Forwarding screenshot on session 7f96e7e36b9f10a8b5acad60a25246de to remote] DEBUG org.asynchttpclient.netty.request.NettyRequestSender - Using pooled Channel '[id: 0x1681981a, L:/127.0.0.1:61476 - R:localhost/127.0.0.1:6896]' for 'GET' to 'http://localhost:6896/session/7f96e7e36b9f10a8b5acad60a25246de/screenshot'
11:36:42.194 [Forwarding screenshot on session 7f96e7e36b9f10a8b5acad60a25246de to remote] DEBUG org.asynchttpclient.netty.request.NettyRequestSender - Using open Channel [id: 0x1681981a, L:/127.0.0.1:61476 - R:localhost/127.0.0.1:6896] for GET '/session/7f96e7e36b9f10a8b5acad60a25246de/screenshot'
11:36:42.376 [AsyncHttpClient-1-8] DEBUG org.asynchttpclient.netty.handler.HttpHandler - 

Request DefaultFullHttpRequest(decodeResult: success, version: HTTP/1.1, content: EmptyByteBufBE)
GET /session/7f96e7e36b9f10a8b5acad60a25246de/screenshot HTTP/1.1
User-Agent: selenium/4.8.0 (java windows)
Cache-Control: no-cache
Content-Type: application/json; charset=utf-8
host: localhost:6896
accept: */*

Response DefaultHttpResponse(decodeResult: success, version: HTTP/1.1)
HTTP/1.1 200 OK
Content-Length: 478944
Content-Type: application/json; charset=utf-8
cache-control: no-cache

11:36:42.376 [AsyncHttpClient-1-8] DEBUG org.asynchttpclient.netty.channel.ChannelManager - Adding key: http://localhost:6896 for channel [id: 0x1681981a, L:/127.0.0.1:61476 - R:localhost/127.0.0.1:6896]
11:36:42.393 [main] DEBUG net.serenitybdd.core.photography.Darkroom - Send negative for processing for target\site\serenity\d9ff63befa81cfb3b8ee6581853bc7356cce55d75d99a72016e4bac3b00361ae.png
11:36:42.393 [main] DEBUG net.thucydides.core.steps.StepInterceptor - STEP DONE: validate Filter
11:36:42.397 [Forwarding getPageSource on session 7f96e7e36b9f10a8b5acad60a25246de to remote] DEBUG org.asynchttpclient.netty.request.NettyRequestSender - Using pooled Channel '[id: 0x1681981a, L:/127.0.0.1:61476 - R:localhost/127.0.0.1:6896]' for 'POST' to 'http://localhost:6896/session/7f96e7e36b9f10a8b5acad60a25246de/execute/sync'
11:36:42.397 [Forwarding getPageSource on session 7f96e7e36b9f10a8b5acad60a25246de to remote] DEBUG org.asynchttpclient.netty.request.NettyRequestSender - Using open Channel [id: 0x1681981a, L:/127.0.0.1:61476 - R:localhost/127.0.0.1:6896] for POST '/session/7f96e7e36b9f10a8b5acad60a25246de/execute/sync'
11:36:42.404 [AsyncHttpClient-1-8] DEBUG org.asynchttpclient.netty.handler.HttpHandler - 

Request DefaultHttpRequest(decodeResult: success, version: HTTP/1.1)
POST /session/7f96e7e36b9f10a8b5acad60a25246de/execute/sync HTTP/1.1
User-Agent: selenium/4.8.0 (java windows)
Content-Length: 176
Content-Type: application/json; charset=utf-8
host: localhost:6896
accept: */*

Response DefaultHttpResponse(decodeResult: success, version: HTTP/1.1)
HTTP/1.1 200 OK
Content-Length: 16392
Content-Type: application/json; charset=utf-8
cache-control: no-cache

11:36:42.404 [AsyncHttpClient-1-8] DEBUG org.asynchttpclient.netty.channel.ChannelManager - Adding key: http://localhost:6896 for channel [id: 0x1681981a, L:/127.0.0.1:61476 - R:localhost/127.0.0.1:6896]
11:36:42.406 [Forwarding getCurrentUrl on session 7f96e7e36b9f10a8b5acad60a25246de to remote] DEBUG org.asynchttpclient.netty.request.NettyRequestSender - Using pooled Channel '[id: 0x1681981a, L:/127.0.0.1:61476 - R:localhost/127.0.0.1:6896]' for 'GET' to 'http://localhost:6896/session/7f96e7e36b9f10a8b5acad60a25246de/url'
11:36:42.406 [Forwarding getCurrentUrl on session 7f96e7e36b9f10a8b5acad60a25246de to remote] DEBUG org.asynchttpclient.netty.request.NettyRequestSender - Using open Channel [id: 0x1681981a, L:/127.0.0.1:61476 - R:localhost/127.0.0.1:6896] for GET '/session/7f96e7e36b9f10a8b5acad60a25246de/url'
11:36:42.411 [AsyncHttpClient-1-8] DEBUG org.asynchttpclient.netty.handler.HttpHandler - 

Request DefaultFullHttpRequest(decodeResult: success, version: HTTP/1.1, content: EmptyByteBufBE)
GET /session/7f96e7e36b9f10a8b5acad60a25246de/url HTTP/1.1
User-Agent: selenium/4.8.0 (java windows)
Cache-Control: no-cache
Content-Type: application/json; charset=utf-8
host: localhost:6896
accept: */*

Response DefaultHttpResponse(decodeResult: success, version: HTTP/1.1)
HTTP/1.1 200 OK
Content-Length: 52
Content-Type: application/json; charset=utf-8
cache-control: no-cache

11:36:42.411 [AsyncHttpClient-1-8] DEBUG org.asynchttpclient.netty.channel.ChannelManager - Adding key: http://localhost:6896 for channel [id: 0x1681981a, L:/127.0.0.1:61476 - R:localhost/127.0.0.1:6896]
11:36:42.419 [main] DEBUG net.thucydides.core.steps.StepInterceptor - STARTING STEP: InventoryPageSteps.test4_validateInventoryPageHeaderAndFooters - validate AllProductsLabel
11:36:42.421 [Forwarding findElements on session 7f96e7e36b9f10a8b5acad60a25246de to remote] DEBUG org.asynchttpclient.netty.request.NettyRequestSender - Using pooled Channel '[id: 0x1681981a, L:/127.0.0.1:61476 - R:localhost/127.0.0.1:6896]' for 'POST' to 'http://localhost:6896/session/7f96e7e36b9f10a8b5acad60a25246de/elements'
11:36:42.421 [Forwarding findElements on session 7f96e7e36b9f10a8b5acad60a25246de to remote] DEBUG org.asynchttpclient.netty.request.NettyRequestSender - Using open Channel [id: 0x1681981a, L:/127.0.0.1:61476 - R:localhost/127.0.0.1:6896] for POST '/session/7f96e7e36b9f10a8b5acad60a25246de/elements'
11:36:42.434 [AsyncHttpClient-1-8] DEBUG org.asynchttpclient.netty.handler.HttpHandler - 

Request DefaultHttpRequest(decodeResult: success, version: HTTP/1.1)
POST /session/7f96e7e36b9f10a8b5acad60a25246de/elements HTTP/1.1
User-Agent: selenium/4.8.0 (java windows)
Content-Length: 111
Content-Type: application/json; charset=utf-8
host: localhost:6896
accept: */*

Response DefaultHttpResponse(decodeResult: success, version: HTTP/1.1)
HTTP/1.1 200 OK
Content-Length: 527
Content-Type: application/json; charset=utf-8
cache-control: no-cache

11:36:42.434 [AsyncHttpClient-1-8] DEBUG org.asynchttpclient.netty.channel.ChannelManager - Adding key: http://localhost:6896 for channel [id: 0x1681981a, L:/127.0.0.1:61476 - R:localhost/127.0.0.1:6896]
11:36:42.435 [Forwarding findElements on session 7f96e7e36b9f10a8b5acad60a25246de to remote] DEBUG org.asynchttpclient.netty.request.NettyRequestSender - Using pooled Channel '[id: 0x1681981a, L:/127.0.0.1:61476 - R:localhost/127.0.0.1:6896]' for 'POST' to 'http://localhost:6896/session/7f96e7e36b9f10a8b5acad60a25246de/elements'
11:36:42.435 [Forwarding findElements on session 7f96e7e36b9f10a8b5acad60a25246de to remote] DEBUG org.asynchttpclient.netty.request.NettyRequestSender - Using open Channel [id: 0x1681981a, L:/127.0.0.1:61476 - R:localhost/127.0.0.1:6896] for POST '/session/7f96e7e36b9f10a8b5acad60a25246de/elements'
11:36:42.443 [AsyncHttpClient-1-8] DEBUG org.asynchttpclient.netty.handler.HttpHandler - 

Request DefaultHttpRequest(decodeResult: success, version: HTTP/1.1)
POST /session/7f96e7e36b9f10a8b5acad60a25246de/elements HTTP/1.1
User-Agent: selenium/4.8.0 (java windows)
Content-Length: 111
Content-Type: application/json; charset=utf-8
host: localhost:6896
accept: */*

Response DefaultHttpResponse(decodeResult: success, version: HTTP/1.1)
HTTP/1.1 200 OK
Content-Length: 527
Content-Type: application/json; charset=utf-8
cache-control: no-cache

11:36:42.443 [AsyncHttpClient-1-8] DEBUG org.asynchttpclient.netty.channel.ChannelManager - Adding key: http://localhost:6896 for channel [id: 0x1681981a, L:/127.0.0.1:61476 - R:localhost/127.0.0.1:6896]
11:36:42.444 [Forwarding getElementText on session 7f96e7e36b9f10a8b5acad60a25246de to remote] DEBUG org.asynchttpclient.netty.request.NettyRequestSender - Using pooled Channel '[id: 0x1681981a, L:/127.0.0.1:61476 - R:localhost/127.0.0.1:6896]' for 'GET' to 'http://localhost:6896/session/7f96e7e36b9f10a8b5acad60a25246de/element/6FF2D42796E1B5636833727143D40385_element_30/text'
11:36:42.444 [Forwarding getElementText on session 7f96e7e36b9f10a8b5acad60a25246de to remote] DEBUG org.asynchttpclient.netty.request.NettyRequestSender - Using open Channel [id: 0x1681981a, L:/127.0.0.1:61476 - R:localhost/127.0.0.1:6896] for GET '/session/7f96e7e36b9f10a8b5acad60a25246de/element/6FF2D42796E1B5636833727143D40385_element_30/text'
11:36:42.450 [AsyncHttpClient-1-8] DEBUG org.asynchttpclient.netty.handler.HttpHandler - 

Request DefaultFullHttpRequest(decodeResult: success, version: HTTP/1.1, content: EmptyByteBufBE)
GET /session/7f96e7e36b9f10a8b5acad60a25246de/element/6FF2D42796E1B5636833727143D40385_element_30/text HTTP/1.1
User-Agent: selenium/4.8.0 (java windows)
Cache-Control: no-cache
Content-Type: application/json; charset=utf-8
host: localhost:6896
accept: */*

Response DefaultHttpResponse(decodeResult: success, version: HTTP/1.1)
HTTP/1.1 200 OK
Content-Length: 31
Content-Type: application/json; charset=utf-8
cache-control: no-cache

11:36:42.450 [AsyncHttpClient-1-8] DEBUG org.asynchttpclient.netty.channel.ChannelManager - Adding key: http://localhost:6896 for channel [id: 0x1681981a, L:/127.0.0.1:61476 - R:localhost/127.0.0.1:6896]
11:36:42.450 [Forwarding findElements on session 7f96e7e36b9f10a8b5acad60a25246de to remote] DEBUG org.asynchttpclient.netty.request.NettyRequestSender - Using pooled Channel '[id: 0x1681981a, L:/127.0.0.1:61476 - R:localhost/127.0.0.1:6896]' for 'POST' to 'http://localhost:6896/session/7f96e7e36b9f10a8b5acad60a25246de/elements'
11:36:42.450 [Forwarding findElements on session 7f96e7e36b9f10a8b5acad60a25246de to remote] DEBUG org.asynchttpclient.netty.request.NettyRequestSender - Using open Channel [id: 0x1681981a, L:/127.0.0.1:61476 - R:localhost/127.0.0.1:6896] for POST '/session/7f96e7e36b9f10a8b5acad60a25246de/elements'
11:36:42.457 [AsyncHttpClient-1-8] DEBUG org.asynchttpclient.netty.handler.HttpHandler - 

Request DefaultHttpRequest(decodeResult: success, version: HTTP/1.1)
POST /session/7f96e7e36b9f10a8b5acad60a25246de/elements HTTP/1.1
User-Agent: selenium/4.8.0 (java windows)
Content-Length: 111
Content-Type: application/json; charset=utf-8
host: localhost:6896
accept: */*

Response DefaultHttpResponse(decodeResult: success, version: HTTP/1.1)
HTTP/1.1 200 OK
Content-Length: 527
Content-Type: application/json; charset=utf-8
cache-control: no-cache

11:36:42.457 [AsyncHttpClient-1-8] DEBUG org.asynchttpclient.netty.channel.ChannelManager - Adding key: http://localhost:6896 for channel [id: 0x1681981a, L:/127.0.0.1:61476 - R:localhost/127.0.0.1:6896]
11:36:42.459 [Forwarding getElementText on session 7f96e7e36b9f10a8b5acad60a25246de to remote] DEBUG org.asynchttpclient.netty.request.NettyRequestSender - Using pooled Channel '[id: 0x1681981a, L:/127.0.0.1:61476 - R:localhost/127.0.0.1:6896]' for 'GET' to 'http://localhost:6896/session/7f96e7e36b9f10a8b5acad60a25246de/element/6FF2D42796E1B5636833727143D40385_element_30/text'
11:36:42.459 [Forwarding getElementText on session 7f96e7e36b9f10a8b5acad60a25246de to remote] DEBUG org.asynchttpclient.netty.request.NettyRequestSender - Using open Channel [id: 0x1681981a, L:/127.0.0.1:61476 - R:localhost/127.0.0.1:6896] for GET '/session/7f96e7e36b9f10a8b5acad60a25246de/element/6FF2D42796E1B5636833727143D40385_element_30/text'
11:36:42.467 [AsyncHttpClient-1-8] DEBUG org.asynchttpclient.netty.handler.HttpHandler - 

Request DefaultFullHttpRequest(decodeResult: success, version: HTTP/1.1, content: EmptyByteBufBE)
GET /session/7f96e7e36b9f10a8b5acad60a25246de/element/6FF2D42796E1B5636833727143D40385_element_30/text HTTP/1.1
User-Agent: selenium/4.8.0 (java windows)
Cache-Control: no-cache
Content-Type: application/json; charset=utf-8
host: localhost:6896
accept: */*

Response DefaultHttpResponse(decodeResult: success, version: HTTP/1.1)
HTTP/1.1 200 OK
Content-Length: 31
Content-Type: application/json; charset=utf-8
cache-control: no-cache

11:36:42.467 [AsyncHttpClient-1-8] DEBUG org.asynchttpclient.netty.channel.ChannelManager - Adding key: http://localhost:6896 for channel [id: 0x1681981a, L:/127.0.0.1:61476 - R:localhost/127.0.0.1:6896]
11:36:42.471 [Forwarding findElements on session 7f96e7e36b9f10a8b5acad60a25246de to remote] DEBUG org.asynchttpclient.netty.request.NettyRequestSender - Using pooled Channel '[id: 0x1681981a, L:/127.0.0.1:61476 - R:localhost/127.0.0.1:6896]' for 'POST' to 'http://localhost:6896/session/7f96e7e36b9f10a8b5acad60a25246de/elements'
11:36:42.471 [Forwarding findElements on session 7f96e7e36b9f10a8b5acad60a25246de to remote] DEBUG org.asynchttpclient.netty.request.NettyRequestSender - Using open Channel [id: 0x1681981a, L:/127.0.0.1:61476 - R:localhost/127.0.0.1:6896] for POST '/session/7f96e7e36b9f10a8b5acad60a25246de/elements'
11:36:42.479 [AsyncHttpClient-1-8] DEBUG org.asynchttpclient.netty.handler.HttpHandler - 

Request DefaultHttpRequest(decodeResult: success, version: HTTP/1.1)
POST /session/7f96e7e36b9f10a8b5acad60a25246de/elements HTTP/1.1
User-Agent: selenium/4.8.0 (java windows)
Content-Length: 111
Content-Type: application/json; charset=utf-8
host: localhost:6896
accept: */*

Response DefaultHttpResponse(decodeResult: success, version: HTTP/1.1)
HTTP/1.1 200 OK
Content-Length: 527
Content-Type: application/json; charset=utf-8
cache-control: no-cache

11:36:42.479 [AsyncHttpClient-1-8] DEBUG org.asynchttpclient.netty.channel.ChannelManager - Adding key: http://localhost:6896 for channel [id: 0x1681981a, L:/127.0.0.1:61476 - R:localhost/127.0.0.1:6896]
11:36:42.479 [Forwarding getElementTagName on session 7f96e7e36b9f10a8b5acad60a25246de to remote] DEBUG org.asynchttpclient.netty.request.NettyRequestSender - Using pooled Channel '[id: 0x1681981a, L:/127.0.0.1:61476 - R:localhost/127.0.0.1:6896]' for 'GET' to 'http://localhost:6896/session/7f96e7e36b9f10a8b5acad60a25246de/element/6FF2D42796E1B5636833727143D40385_element_30/name'
11:36:42.479 [Forwarding getElementTagName on session 7f96e7e36b9f10a8b5acad60a25246de to remote] DEBUG org.asynchttpclient.netty.request.NettyRequestSender - Using open Channel [id: 0x1681981a, L:/127.0.0.1:61476 - R:localhost/127.0.0.1:6896] for GET '/session/7f96e7e36b9f10a8b5acad60a25246de/element/6FF2D42796E1B5636833727143D40385_element_30/name'
11:36:42.485 [AsyncHttpClient-1-8] DEBUG org.asynchttpclient.netty.handler.HttpHandler - 

Request DefaultFullHttpRequest(decodeResult: success, version: HTTP/1.1, content: EmptyByteBufBE)
GET /session/7f96e7e36b9f10a8b5acad60a25246de/element/6FF2D42796E1B5636833727143D40385_element_30/name HTTP/1.1
User-Agent: selenium/4.8.0 (java windows)
Cache-Control: no-cache
Content-Type: application/json; charset=utf-8
host: localhost:6896
accept: */*

Response DefaultHttpResponse(decodeResult: success, version: HTTP/1.1)
HTTP/1.1 200 OK
Content-Length: 15
Content-Type: application/json; charset=utf-8
cache-control: no-cache

11:36:42.485 [AsyncHttpClient-1-8] DEBUG org.asynchttpclient.netty.channel.ChannelManager - Adding key: http://localhost:6896 for channel [id: 0x1681981a, L:/127.0.0.1:61476 - R:localhost/127.0.0.1:6896]
11:36:42.487 [Forwarding getElementAttribute on session 7f96e7e36b9f10a8b5acad60a25246de to remote] DEBUG org.asynchttpclient.netty.request.NettyRequestSender - Using pooled Channel '[id: 0x1681981a, L:/127.0.0.1:61476 - R:localhost/127.0.0.1:6896]' for 'POST' to 'http://localhost:6896/session/7f96e7e36b9f10a8b5acad60a25246de/execute/sync'
11:36:42.487 [Forwarding getElementAttribute on session 7f96e7e36b9f10a8b5acad60a25246de to remote] DEBUG org.asynchttpclient.netty.request.NettyRequestSender - Using open Channel [id: 0x1681981a, L:/127.0.0.1:61476 - R:localhost/127.0.0.1:6896] for POST '/session/7f96e7e36b9f10a8b5acad60a25246de/execute/sync'
11:36:42.502 [AsyncHttpClient-1-8] DEBUG org.asynchttpclient.netty.handler.HttpHandler - 

Request DefaultHttpRequest(decodeResult: success, version: HTTP/1.1)
POST /session/7f96e7e36b9f10a8b5acad60a25246de/execute/sync HTTP/1.1
User-Agent: selenium/4.8.0 (java windows)
Content-Length: 47372
Content-Type: application/json; charset=utf-8
host: localhost:6896
accept: */*

Response DefaultHttpResponse(decodeResult: success, version: HTTP/1.1)
HTTP/1.1 200 OK
Content-Length: 12
Content-Type: application/json; charset=utf-8
cache-control: no-cache

11:36:42.502 [AsyncHttpClient-1-8] DEBUG org.asynchttpclient.netty.channel.ChannelManager - Adding key: http://localhost:6896 for channel [id: 0x1681981a, L:/127.0.0.1:61476 - R:localhost/127.0.0.1:6896]
11:36:42.505 [Forwarding getElementAttribute on session 7f96e7e36b9f10a8b5acad60a25246de to remote] DEBUG org.asynchttpclient.netty.request.NettyRequestSender - Using pooled Channel '[id: 0x1681981a, L:/127.0.0.1:61476 - R:localhost/127.0.0.1:6896]' for 'POST' to 'http://localhost:6896/session/7f96e7e36b9f10a8b5acad60a25246de/execute/sync'
11:36:42.505 [Forwarding getElementAttribute on session 7f96e7e36b9f10a8b5acad60a25246de to remote] DEBUG org.asynchttpclient.netty.request.NettyRequestSender - Using open Channel [id: 0x1681981a, L:/127.0.0.1:61476 - R:localhost/127.0.0.1:6896] for POST '/session/7f96e7e36b9f10a8b5acad60a25246de/execute/sync'
11:36:42.518 [AsyncHttpClient-1-8] DEBUG org.asynchttpclient.netty.handler.HttpHandler - 

Request DefaultHttpRequest(decodeResult: success, version: HTTP/1.1)
POST /session/7f96e7e36b9f10a8b5acad60a25246de/execute/sync HTTP/1.1
User-Agent: selenium/4.8.0 (java windows)
Content-Length: 47374
Content-Type: application/json; charset=utf-8
host: localhost:6896
accept: */*

Response DefaultHttpResponse(decodeResult: success, version: HTTP/1.1)
HTTP/1.1 200 OK
Content-Length: 14
Content-Type: application/json; charset=utf-8
cache-control: no-cache

11:36:42.518 [AsyncHttpClient-1-8] DEBUG org.asynchttpclient.netty.channel.ChannelManager - Adding key: http://localhost:6896 for channel [id: 0x1681981a, L:/127.0.0.1:61476 - R:localhost/127.0.0.1:6896]
11:36:42.520 [Forwarding getElementAttribute on session 7f96e7e36b9f10a8b5acad60a25246de to remote] DEBUG org.asynchttpclient.netty.request.NettyRequestSender - Using pooled Channel '[id: 0x1681981a, L:/127.0.0.1:61476 - R:localhost/127.0.0.1:6896]' for 'POST' to 'http://localhost:6896/session/7f96e7e36b9f10a8b5acad60a25246de/execute/sync'
11:36:42.520 [Forwarding getElementAttribute on session 7f96e7e36b9f10a8b5acad60a25246de to remote] DEBUG org.asynchttpclient.netty.request.NettyRequestSender - Using open Channel [id: 0x1681981a, L:/127.0.0.1:61476 - R:localhost/127.0.0.1:6896] for POST '/session/7f96e7e36b9f10a8b5acad60a25246de/execute/sync'
11:36:42.531 [AsyncHttpClient-1-8] DEBUG org.asynchttpclient.netty.handler.HttpHandler - 

Request DefaultHttpRequest(decodeResult: success, version: HTTP/1.1)
POST /session/7f96e7e36b9f10a8b5acad60a25246de/execute/sync HTTP/1.1
User-Agent: selenium/4.8.0 (java windows)
Content-Length: 47374
Content-Type: application/json; charset=utf-8
host: localhost:6896
accept: */*

Response DefaultHttpResponse(decodeResult: success, version: HTTP/1.1)
HTTP/1.1 200 OK
Content-Length: 14
Content-Type: application/json; charset=utf-8
cache-control: no-cache

11:36:42.531 [AsyncHttpClient-1-8] DEBUG org.asynchttpclient.netty.channel.ChannelManager - Adding key: http://localhost:6896 for channel [id: 0x1681981a, L:/127.0.0.1:61476 - R:localhost/127.0.0.1:6896]
11:36:42.534 [Forwarding getElementAttribute on session 7f96e7e36b9f10a8b5acad60a25246de to remote] DEBUG org.asynchttpclient.netty.request.NettyRequestSender - Using pooled Channel '[id: 0x1681981a, L:/127.0.0.1:61476 - R:localhost/127.0.0.1:6896]' for 'POST' to 'http://localhost:6896/session/7f96e7e36b9f10a8b5acad60a25246de/execute/sync'
11:36:42.534 [Forwarding getElementAttribute on session 7f96e7e36b9f10a8b5acad60a25246de to remote] DEBUG org.asynchttpclient.netty.request.NettyRequestSender - Using open Channel [id: 0x1681981a, L:/127.0.0.1:61476 - R:localhost/127.0.0.1:6896] for POST '/session/7f96e7e36b9f10a8b5acad60a25246de/execute/sync'
11:36:42.546 [AsyncHttpClient-1-8] DEBUG org.asynchttpclient.netty.handler.HttpHandler - 

Request DefaultHttpRequest(decodeResult: success, version: HTTP/1.1)
POST /session/7f96e7e36b9f10a8b5acad60a25246de/execute/sync HTTP/1.1
User-Agent: selenium/4.8.0 (java windows)
Content-Length: 47374
Content-Type: application/json; charset=utf-8
host: localhost:6896
accept: */*

Response DefaultHttpResponse(decodeResult: success, version: HTTP/1.1)
HTTP/1.1 200 OK
Content-Length: 14
Content-Type: application/json; charset=utf-8
cache-control: no-cache

11:36:42.546 [AsyncHttpClient-1-8] DEBUG org.asynchttpclient.netty.channel.ChannelManager - Adding key: http://localhost:6896 for channel [id: 0x1681981a, L:/127.0.0.1:61476 - R:localhost/127.0.0.1:6896]
11:36:42.548 [Forwarding getElementAttribute on session 7f96e7e36b9f10a8b5acad60a25246de to remote] DEBUG org.asynchttpclient.netty.request.NettyRequestSender - Using pooled Channel '[id: 0x1681981a, L:/127.0.0.1:61476 - R:localhost/127.0.0.1:6896]' for 'POST' to 'http://localhost:6896/session/7f96e7e36b9f10a8b5acad60a25246de/execute/sync'
11:36:42.548 [Forwarding getElementAttribute on session 7f96e7e36b9f10a8b5acad60a25246de to remote] DEBUG org.asynchttpclient.netty.request.NettyRequestSender - Using open Channel [id: 0x1681981a, L:/127.0.0.1:61476 - R:localhost/127.0.0.1:6896] for POST '/session/7f96e7e36b9f10a8b5acad60a25246de/execute/sync'
11:36:42.559 [AsyncHttpClient-1-8] DEBUG org.asynchttpclient.netty.handler.HttpHandler - 

Request DefaultHttpRequest(decodeResult: success, version: HTTP/1.1)
POST /session/7f96e7e36b9f10a8b5acad60a25246de/execute/sync HTTP/1.1
User-Agent: selenium/4.8.0 (java windows)
Content-Length: 47375
Content-Type: application/json; charset=utf-8
host: localhost:6896
accept: */*

Response DefaultHttpResponse(decodeResult: success, version: HTTP/1.1)
HTTP/1.1 200 OK
Content-Length: 14
Content-Type: application/json; charset=utf-8
cache-control: no-cache

11:36:42.559 [AsyncHttpClient-1-8] DEBUG org.asynchttpclient.netty.channel.ChannelManager - Adding key: http://localhost:6896 for channel [id: 0x1681981a, L:/127.0.0.1:61476 - R:localhost/127.0.0.1:6896]
11:36:42.560 [Forwarding getElementAttribute on session 7f96e7e36b9f10a8b5acad60a25246de to remote] DEBUG org.asynchttpclient.netty.request.NettyRequestSender - Using pooled Channel '[id: 0x1681981a, L:/127.0.0.1:61476 - R:localhost/127.0.0.1:6896]' for 'POST' to 'http://localhost:6896/session/7f96e7e36b9f10a8b5acad60a25246de/execute/sync'
11:36:42.560 [Forwarding getElementAttribute on session 7f96e7e36b9f10a8b5acad60a25246de to remote] DEBUG org.asynchttpclient.netty.request.NettyRequestSender - Using open Channel [id: 0x1681981a, L:/127.0.0.1:61476 - R:localhost/127.0.0.1:6896] for POST '/session/7f96e7e36b9f10a8b5acad60a25246de/execute/sync'
11:36:42.570 [AsyncHttpClient-1-8] DEBUG org.asynchttpclient.netty.handler.HttpHandler - 

Request DefaultHttpRequest(decodeResult: success, version: HTTP/1.1)
POST /session/7f96e7e36b9f10a8b5acad60a25246de/execute/sync HTTP/1.1
User-Agent: selenium/4.8.0 (java windows)
Content-Length: 47375
Content-Type: application/json; charset=utf-8
host: localhost:6896
accept: */*

Response DefaultHttpResponse(decodeResult: success, version: HTTP/1.1)
HTTP/1.1 200 OK
Content-Length: 31
Content-Type: application/json; charset=utf-8
cache-control: no-cache

11:36:42.570 [AsyncHttpClient-1-8] DEBUG org.asynchttpclient.netty.channel.ChannelManager - Adding key: http://localhost:6896 for channel [id: 0x1681981a, L:/127.0.0.1:61476 - R:localhost/127.0.0.1:6896]
11:36:42.572 [Forwarding getElementAttribute on session 7f96e7e36b9f10a8b5acad60a25246de to remote] DEBUG org.asynchttpclient.netty.request.NettyRequestSender - Using pooled Channel '[id: 0x1681981a, L:/127.0.0.1:61476 - R:localhost/127.0.0.1:6896]' for 'POST' to 'http://localhost:6896/session/7f96e7e36b9f10a8b5acad60a25246de/execute/sync'
11:36:42.573 [Forwarding getElementAttribute on session 7f96e7e36b9f10a8b5acad60a25246de to remote] DEBUG org.asynchttpclient.netty.request.NettyRequestSender - Using open Channel [id: 0x1681981a, L:/127.0.0.1:61476 - R:localhost/127.0.0.1:6896] for POST '/session/7f96e7e36b9f10a8b5acad60a25246de/execute/sync'
11:36:42.584 [AsyncHttpClient-1-8] DEBUG org.asynchttpclient.netty.handler.HttpHandler - 

Request DefaultHttpRequest(decodeResult: success, version: HTTP/1.1)
POST /session/7f96e7e36b9f10a8b5acad60a25246de/execute/sync HTTP/1.1
User-Agent: selenium/4.8.0 (java windows)
Content-Length: 47375
Content-Type: application/json; charset=utf-8
host: localhost:6896
accept: */*

Response DefaultHttpResponse(decodeResult: success, version: HTTP/1.1)
HTTP/1.1 200 OK
Content-Length: 31
Content-Type: application/json; charset=utf-8
cache-control: no-cache

11:36:42.584 [AsyncHttpClient-1-8] DEBUG org.asynchttpclient.netty.channel.ChannelManager - Adding key: http://localhost:6896 for channel [id: 0x1681981a, L:/127.0.0.1:61476 - R:localhost/127.0.0.1:6896]
11:36:42.584 [main] INFO  com.swaglabs.base.SetUp - <div class='inventory_item_name'> - InventoryPage.productnamesininverntorypagevalidated
11:36:42.585 [Forwarding findElements on session 7f96e7e36b9f10a8b5acad60a25246de to remote] DEBUG org.asynchttpclient.netty.request.NettyRequestSender - Using pooled Channel '[id: 0x1681981a, L:/127.0.0.1:61476 - R:localhost/127.0.0.1:6896]' for 'POST' to 'http://localhost:6896/session/7f96e7e36b9f10a8b5acad60a25246de/elements'
11:36:42.585 [Forwarding findElements on session 7f96e7e36b9f10a8b5acad60a25246de to remote] DEBUG org.asynchttpclient.netty.request.NettyRequestSender - Using open Channel [id: 0x1681981a, L:/127.0.0.1:61476 - R:localhost/127.0.0.1:6896] for POST '/session/7f96e7e36b9f10a8b5acad60a25246de/elements'
11:36:42.595 [AsyncHttpClient-1-8] DEBUG org.asynchttpclient.netty.handler.HttpHandler - 

Request DefaultHttpRequest(decodeResult: success, version: HTTP/1.1)
POST /session/7f96e7e36b9f10a8b5acad60a25246de/elements HTTP/1.1
User-Agent: selenium/4.8.0 (java windows)
Content-Length: 111
Content-Type: application/json; charset=utf-8
host: localhost:6896
accept: */*

Response DefaultHttpResponse(decodeResult: success, version: HTTP/1.1)
HTTP/1.1 200 OK
Content-Length: 527
Content-Type: application/json; charset=utf-8
cache-control: no-cache

11:36:42.595 [AsyncHttpClient-1-8] DEBUG org.asynchttpclient.netty.channel.ChannelManager - Adding key: http://localhost:6896 for channel [id: 0x1681981a, L:/127.0.0.1:61476 - R:localhost/127.0.0.1:6896]
11:36:42.597 [Forwarding findElements on session 7f96e7e36b9f10a8b5acad60a25246de to remote] DEBUG org.asynchttpclient.netty.request.NettyRequestSender - Using pooled Channel '[id: 0x1681981a, L:/127.0.0.1:61476 - R:localhost/127.0.0.1:6896]' for 'POST' to 'http://localhost:6896/session/7f96e7e36b9f10a8b5acad60a25246de/elements'
11:36:42.597 [Forwarding findElements on session 7f96e7e36b9f10a8b5acad60a25246de to remote] DEBUG org.asynchttpclient.netty.request.NettyRequestSender - Using open Channel [id: 0x1681981a, L:/127.0.0.1:61476 - R:localhost/127.0.0.1:6896] for POST '/session/7f96e7e36b9f10a8b5acad60a25246de/elements'
11:36:42.608 [AsyncHttpClient-1-8] DEBUG org.asynchttpclient.netty.handler.HttpHandler - 

Request DefaultHttpRequest(decodeResult: success, version: HTTP/1.1)
POST /session/7f96e7e36b9f10a8b5acad60a25246de/elements HTTP/1.1
User-Agent: selenium/4.8.0 (java windows)
Content-Length: 111
Content-Type: application/json; charset=utf-8
host: localhost:6896
accept: */*

Response DefaultHttpResponse(decodeResult: success, version: HTTP/1.1)
HTTP/1.1 200 OK
Content-Length: 527
Content-Type: application/json; charset=utf-8
cache-control: no-cache

11:36:42.609 [AsyncHttpClient-1-8] DEBUG org.asynchttpclient.netty.channel.ChannelManager - Adding key: http://localhost:6896 for channel [id: 0x1681981a, L:/127.0.0.1:61476 - R:localhost/127.0.0.1:6896]
11:36:42.610 [Forwarding getElementText on session 7f96e7e36b9f10a8b5acad60a25246de to remote] DEBUG org.asynchttpclient.netty.request.NettyRequestSender - Using pooled Channel '[id: 0x1681981a, L:/127.0.0.1:61476 - R:localhost/127.0.0.1:6896]' for 'GET' to 'http://localhost:6896/session/7f96e7e36b9f10a8b5acad60a25246de/element/6FF2D42796E1B5636833727143D40385_element_31/text'
11:36:42.610 [Forwarding getElementText on session 7f96e7e36b9f10a8b5acad60a25246de to remote] DEBUG org.asynchttpclient.netty.request.NettyRequestSender - Using open Channel [id: 0x1681981a, L:/127.0.0.1:61476 - R:localhost/127.0.0.1:6896] for GET '/session/7f96e7e36b9f10a8b5acad60a25246de/element/6FF2D42796E1B5636833727143D40385_element_31/text'
11:36:42.617 [AsyncHttpClient-1-8] DEBUG org.asynchttpclient.netty.handler.HttpHandler - 

Request DefaultFullHttpRequest(decodeResult: success, version: HTTP/1.1, content: EmptyByteBufBE)
GET /session/7f96e7e36b9f10a8b5acad60a25246de/element/6FF2D42796E1B5636833727143D40385_element_31/text HTTP/1.1
User-Agent: selenium/4.8.0 (java windows)
Cache-Control: no-cache
Content-Type: application/json; charset=utf-8
host: localhost:6896
accept: */*

Response DefaultHttpResponse(decodeResult: success, version: HTTP/1.1)
HTTP/1.1 200 OK
Content-Length: 33
Content-Type: application/json; charset=utf-8
cache-control: no-cache

11:36:42.617 [AsyncHttpClient-1-8] DEBUG org.asynchttpclient.netty.channel.ChannelManager - Adding key: http://localhost:6896 for channel [id: 0x1681981a, L:/127.0.0.1:61476 - R:localhost/127.0.0.1:6896]
11:36:42.617 [Forwarding findElements on session 7f96e7e36b9f10a8b5acad60a25246de to remote] DEBUG org.asynchttpclient.netty.request.NettyRequestSender - Using pooled Channel '[id: 0x1681981a, L:/127.0.0.1:61476 - R:localhost/127.0.0.1:6896]' for 'POST' to 'http://localhost:6896/session/7f96e7e36b9f10a8b5acad60a25246de/elements'
11:36:42.617 [Forwarding findElements on session 7f96e7e36b9f10a8b5acad60a25246de to remote] DEBUG org.asynchttpclient.netty.request.NettyRequestSender - Using open Channel [id: 0x1681981a, L:/127.0.0.1:61476 - R:localhost/127.0.0.1:6896] for POST '/session/7f96e7e36b9f10a8b5acad60a25246de/elements'
11:36:42.626 [AsyncHttpClient-1-8] DEBUG org.asynchttpclient.netty.handler.HttpHandler - 

Request DefaultHttpRequest(decodeResult: success, version: HTTP/1.1)
POST /session/7f96e7e36b9f10a8b5acad60a25246de/elements HTTP/1.1
User-Agent: selenium/4.8.0 (java windows)
Content-Length: 111
Content-Type: application/json; charset=utf-8
host: localhost:6896
accept: */*

Response DefaultHttpResponse(decodeResult: success, version: HTTP/1.1)
HTTP/1.1 200 OK
Content-Length: 527
Content-Type: application/json; charset=utf-8
cache-control: no-cache

11:36:42.626 [AsyncHttpClient-1-8] DEBUG org.asynchttpclient.netty.channel.ChannelManager - Adding key: http://localhost:6896 for channel [id: 0x1681981a, L:/127.0.0.1:61476 - R:localhost/127.0.0.1:6896]
11:36:42.627 [Forwarding getElementText on session 7f96e7e36b9f10a8b5acad60a25246de to remote] DEBUG org.asynchttpclient.netty.request.NettyRequestSender - Using pooled Channel '[id: 0x1681981a, L:/127.0.0.1:61476 - R:localhost/127.0.0.1:6896]' for 'GET' to 'http://localhost:6896/session/7f96e7e36b9f10a8b5acad60a25246de/element/6FF2D42796E1B5636833727143D40385_element_31/text'
11:36:42.627 [Forwarding getElementText on session 7f96e7e36b9f10a8b5acad60a25246de to remote] DEBUG org.asynchttpclient.netty.request.NettyRequestSender - Using open Channel [id: 0x1681981a, L:/127.0.0.1:61476 - R:localhost/127.0.0.1:6896] for GET '/session/7f96e7e36b9f10a8b5acad60a25246de/element/6FF2D42796E1B5636833727143D40385_element_31/text'
11:36:42.633 [AsyncHttpClient-1-8] DEBUG org.asynchttpclient.netty.handler.HttpHandler - 

Request DefaultFullHttpRequest(decodeResult: success, version: HTTP/1.1, content: EmptyByteBufBE)
GET /session/7f96e7e36b9f10a8b5acad60a25246de/element/6FF2D42796E1B5636833727143D40385_element_31/text HTTP/1.1
User-Agent: selenium/4.8.0 (java windows)
Cache-Control: no-cache
Content-Type: application/json; charset=utf-8
host: localhost:6896
accept: */*

Response DefaultHttpResponse(decodeResult: success, version: HTTP/1.1)
HTTP/1.1 200 OK
Content-Length: 33
Content-Type: application/json; charset=utf-8
cache-control: no-cache

11:36:42.633 [AsyncHttpClient-1-8] DEBUG org.asynchttpclient.netty.channel.ChannelManager - Adding key: http://localhost:6896 for channel [id: 0x1681981a, L:/127.0.0.1:61476 - R:localhost/127.0.0.1:6896]
11:36:42.634 [Forwarding findElements on session 7f96e7e36b9f10a8b5acad60a25246de to remote] DEBUG org.asynchttpclient.netty.request.NettyRequestSender - Using pooled Channel '[id: 0x1681981a, L:/127.0.0.1:61476 - R:localhost/127.0.0.1:6896]' for 'POST' to 'http://localhost:6896/session/7f96e7e36b9f10a8b5acad60a25246de/elements'
11:36:42.634 [Forwarding findElements on session 7f96e7e36b9f10a8b5acad60a25246de to remote] DEBUG org.asynchttpclient.netty.request.NettyRequestSender - Using open Channel [id: 0x1681981a, L:/127.0.0.1:61476 - R:localhost/127.0.0.1:6896] for POST '/session/7f96e7e36b9f10a8b5acad60a25246de/elements'
11:36:42.640 [AsyncHttpClient-1-8] DEBUG org.asynchttpclient.netty.handler.HttpHandler - 

Request DefaultHttpRequest(decodeResult: success, version: HTTP/1.1)
POST /session/7f96e7e36b9f10a8b5acad60a25246de/elements HTTP/1.1
User-Agent: selenium/4.8.0 (java windows)
Content-Length: 111
Content-Type: application/json; charset=utf-8
host: localhost:6896
accept: */*

Response DefaultHttpResponse(decodeResult: success, version: HTTP/1.1)
HTTP/1.1 200 OK
Content-Length: 527
Content-Type: application/json; charset=utf-8
cache-control: no-cache

11:36:42.640 [AsyncHttpClient-1-8] DEBUG org.asynchttpclient.netty.channel.ChannelManager - Adding key: http://localhost:6896 for channel [id: 0x1681981a, L:/127.0.0.1:61476 - R:localhost/127.0.0.1:6896]
11:36:42.640 [Forwarding getElementTagName on session 7f96e7e36b9f10a8b5acad60a25246de to remote] DEBUG org.asynchttpclient.netty.request.NettyRequestSender - Using pooled Channel '[id: 0x1681981a, L:/127.0.0.1:61476 - R:localhost/127.0.0.1:6896]' for 'GET' to 'http://localhost:6896/session/7f96e7e36b9f10a8b5acad60a25246de/element/6FF2D42796E1B5636833727143D40385_element_31/name'
11:36:42.640 [Forwarding getElementTagName on session 7f96e7e36b9f10a8b5acad60a25246de to remote] DEBUG org.asynchttpclient.netty.request.NettyRequestSender - Using open Channel [id: 0x1681981a, L:/127.0.0.1:61476 - R:localhost/127.0.0.1:6896] for GET '/session/7f96e7e36b9f10a8b5acad60a25246de/element/6FF2D42796E1B5636833727143D40385_element_31/name'
11:36:42.645 [AsyncHttpClient-1-8] DEBUG org.asynchttpclient.netty.handler.HttpHandler - 

Request DefaultFullHttpRequest(decodeResult: success, version: HTTP/1.1, content: EmptyByteBufBE)
GET /session/7f96e7e36b9f10a8b5acad60a25246de/element/6FF2D42796E1B5636833727143D40385_element_31/name HTTP/1.1
User-Agent: selenium/4.8.0 (java windows)
Cache-Control: no-cache
Content-Type: application/json; charset=utf-8
host: localhost:6896
accept: */*

Response DefaultHttpResponse(decodeResult: success, version: HTTP/1.1)
HTTP/1.1 200 OK
Content-Length: 15
Content-Type: application/json; charset=utf-8
cache-control: no-cache

11:36:42.645 [AsyncHttpClient-1-8] DEBUG org.asynchttpclient.netty.channel.ChannelManager - Adding key: http://localhost:6896 for channel [id: 0x1681981a, L:/127.0.0.1:61476 - R:localhost/127.0.0.1:6896]
11:36:42.648 [Forwarding getElementAttribute on session 7f96e7e36b9f10a8b5acad60a25246de to remote] DEBUG org.asynchttpclient.netty.request.NettyRequestSender - Using pooled Channel '[id: 0x1681981a, L:/127.0.0.1:61476 - R:localhost/127.0.0.1:6896]' for 'POST' to 'http://localhost:6896/session/7f96e7e36b9f10a8b5acad60a25246de/execute/sync'
11:36:42.648 [Forwarding getElementAttribute on session 7f96e7e36b9f10a8b5acad60a25246de to remote] DEBUG org.asynchttpclient.netty.request.NettyRequestSender - Using open Channel [id: 0x1681981a, L:/127.0.0.1:61476 - R:localhost/127.0.0.1:6896] for POST '/session/7f96e7e36b9f10a8b5acad60a25246de/execute/sync'
11:36:42.657 [AsyncHttpClient-1-8] DEBUG org.asynchttpclient.netty.handler.HttpHandler - 

Request DefaultHttpRequest(decodeResult: success, version: HTTP/1.1)
POST /session/7f96e7e36b9f10a8b5acad60a25246de/execute/sync HTTP/1.1
User-Agent: selenium/4.8.0 (java windows)
Content-Length: 47372
Content-Type: application/json; charset=utf-8
host: localhost:6896
accept: */*

Response DefaultHttpResponse(decodeResult: success, version: HTTP/1.1)
HTTP/1.1 200 OK
Content-Length: 12
Content-Type: application/json; charset=utf-8
cache-control: no-cache

11:36:42.657 [AsyncHttpClient-1-8] DEBUG org.asynchttpclient.netty.channel.ChannelManager - Adding key: http://localhost:6896 for channel [id: 0x1681981a, L:/127.0.0.1:61476 - R:localhost/127.0.0.1:6896]
11:36:42.658 [Forwarding getElementAttribute on session 7f96e7e36b9f10a8b5acad60a25246de to remote] DEBUG org.asynchttpclient.netty.request.NettyRequestSender - Using pooled Channel '[id: 0x1681981a, L:/127.0.0.1:61476 - R:localhost/127.0.0.1:6896]' for 'POST' to 'http://localhost:6896/session/7f96e7e36b9f10a8b5acad60a25246de/execute/sync'
11:36:42.658 [Forwarding getElementAttribute on session 7f96e7e36b9f10a8b5acad60a25246de to remote] DEBUG org.asynchttpclient.netty.request.NettyRequestSender - Using open Channel [id: 0x1681981a, L:/127.0.0.1:61476 - R:localhost/127.0.0.1:6896] for POST '/session/7f96e7e36b9f10a8b5acad60a25246de/execute/sync'
11:36:42.667 [AsyncHttpClient-1-8] DEBUG org.asynchttpclient.netty.handler.HttpHandler - 

Request DefaultHttpRequest(decodeResult: success, version: HTTP/1.1)
POST /session/7f96e7e36b9f10a8b5acad60a25246de/execute/sync HTTP/1.1
User-Agent: selenium/4.8.0 (java windows)
Content-Length: 47374
Content-Type: application/json; charset=utf-8
host: localhost:6896
accept: */*

Response DefaultHttpResponse(decodeResult: success, version: HTTP/1.1)
HTTP/1.1 200 OK
Content-Length: 14
Content-Type: application/json; charset=utf-8
cache-control: no-cache

11:36:42.667 [AsyncHttpClient-1-8] DEBUG org.asynchttpclient.netty.channel.ChannelManager - Adding key: http://localhost:6896 for channel [id: 0x1681981a, L:/127.0.0.1:61476 - R:localhost/127.0.0.1:6896]
11:36:42.672 [Forwarding getElementAttribute on session 7f96e7e36b9f10a8b5acad60a25246de to remote] DEBUG org.asynchttpclient.netty.request.NettyRequestSender - Using pooled Channel '[id: 0x1681981a, L:/127.0.0.1:61476 - R:localhost/127.0.0.1:6896]' for 'POST' to 'http://localhost:6896/session/7f96e7e36b9f10a8b5acad60a25246de/execute/sync'
11:36:42.672 [Forwarding getElementAttribute on session 7f96e7e36b9f10a8b5acad60a25246de to remote] DEBUG org.asynchttpclient.netty.request.NettyRequestSender - Using open Channel [id: 0x1681981a, L:/127.0.0.1:61476 - R:localhost/127.0.0.1:6896] for POST '/session/7f96e7e36b9f10a8b5acad60a25246de/execute/sync'
11:36:42.685 [AsyncHttpClient-1-8] DEBUG org.asynchttpclient.netty.handler.HttpHandler - 

Request DefaultHttpRequest(decodeResult: success, version: HTTP/1.1)
POST /session/7f96e7e36b9f10a8b5acad60a25246de/execute/sync HTTP/1.1
User-Agent: selenium/4.8.0 (java windows)
Content-Length: 47374
Content-Type: application/json; charset=utf-8
host: localhost:6896
accept: */*

Response DefaultHttpResponse(decodeResult: success, version: HTTP/1.1)
HTTP/1.1 200 OK
Content-Length: 14
Content-Type: application/json; charset=utf-8
cache-control: no-cache

11:36:42.685 [AsyncHttpClient-1-8] DEBUG org.asynchttpclient.netty.channel.ChannelManager - Adding key: http://localhost:6896 for channel [id: 0x1681981a, L:/127.0.0.1:61476 - R:localhost/127.0.0.1:6896]
11:36:42.686 [Forwarding getElementAttribute on session 7f96e7e36b9f10a8b5acad60a25246de to remote] DEBUG org.asynchttpclient.netty.request.NettyRequestSender - Using pooled Channel '[id: 0x1681981a, L:/127.0.0.1:61476 - R:localhost/127.0.0.1:6896]' for 'POST' to 'http://localhost:6896/session/7f96e7e36b9f10a8b5acad60a25246de/execute/sync'
11:36:42.686 [Forwarding getElementAttribute on session 7f96e7e36b9f10a8b5acad60a25246de to remote] DEBUG org.asynchttpclient.netty.request.NettyRequestSender - Using open Channel [id: 0x1681981a, L:/127.0.0.1:61476 - R:localhost/127.0.0.1:6896] for POST '/session/7f96e7e36b9f10a8b5acad60a25246de/execute/sync'
11:36:42.696 [AsyncHttpClient-1-8] DEBUG org.asynchttpclient.netty.handler.HttpHandler - 

Request DefaultHttpRequest(decodeResult: success, version: HTTP/1.1)
POST /session/7f96e7e36b9f10a8b5acad60a25246de/execute/sync HTTP/1.1
User-Agent: selenium/4.8.0 (java windows)
Content-Length: 47374
Content-Type: application/json; charset=utf-8
host: localhost:6896
accept: */*

Response DefaultHttpResponse(decodeResult: success, version: HTTP/1.1)
HTTP/1.1 200 OK
Content-Length: 14
Content-Type: application/json; charset=utf-8
cache-control: no-cache

11:36:42.696 [AsyncHttpClient-1-8] DEBUG org.asynchttpclient.netty.channel.ChannelManager - Adding key: http://localhost:6896 for channel [id: 0x1681981a, L:/127.0.0.1:61476 - R:localhost/127.0.0.1:6896]
11:36:42.698 [Forwarding getElementAttribute on session 7f96e7e36b9f10a8b5acad60a25246de to remote] DEBUG org.asynchttpclient.netty.request.NettyRequestSender - Using pooled Channel '[id: 0x1681981a, L:/127.0.0.1:61476 - R:localhost/127.0.0.1:6896]' for 'POST' to 'http://localhost:6896/session/7f96e7e36b9f10a8b5acad60a25246de/execute/sync'
11:36:42.698 [Forwarding getElementAttribute on session 7f96e7e36b9f10a8b5acad60a25246de to remote] DEBUG org.asynchttpclient.netty.request.NettyRequestSender - Using open Channel [id: 0x1681981a, L:/127.0.0.1:61476 - R:localhost/127.0.0.1:6896] for POST '/session/7f96e7e36b9f10a8b5acad60a25246de/execute/sync'
11:36:42.707 [AsyncHttpClient-1-8] DEBUG org.asynchttpclient.netty.handler.HttpHandler - 

Request DefaultHttpRequest(decodeResult: success, version: HTTP/1.1)
POST /session/7f96e7e36b9f10a8b5acad60a25246de/execute/sync HTTP/1.1
User-Agent: selenium/4.8.0 (java windows)
Content-Length: 47375
Content-Type: application/json; charset=utf-8
host: localhost:6896
accept: */*

Response DefaultHttpResponse(decodeResult: success, version: HTTP/1.1)
HTTP/1.1 200 OK
Content-Length: 14
Content-Type: application/json; charset=utf-8
cache-control: no-cache

11:36:42.707 [AsyncHttpClient-1-8] DEBUG org.asynchttpclient.netty.channel.ChannelManager - Adding key: http://localhost:6896 for channel [id: 0x1681981a, L:/127.0.0.1:61476 - R:localhost/127.0.0.1:6896]
11:36:42.709 [Forwarding getElementAttribute on session 7f96e7e36b9f10a8b5acad60a25246de to remote] DEBUG org.asynchttpclient.netty.request.NettyRequestSender - Using pooled Channel '[id: 0x1681981a, L:/127.0.0.1:61476 - R:localhost/127.0.0.1:6896]' for 'POST' to 'http://localhost:6896/session/7f96e7e36b9f10a8b5acad60a25246de/execute/sync'
11:36:42.709 [Forwarding getElementAttribute on session 7f96e7e36b9f10a8b5acad60a25246de to remote] DEBUG org.asynchttpclient.netty.request.NettyRequestSender - Using open Channel [id: 0x1681981a, L:/127.0.0.1:61476 - R:localhost/127.0.0.1:6896] for POST '/session/7f96e7e36b9f10a8b5acad60a25246de/execute/sync'
11:36:42.719 [AsyncHttpClient-1-8] DEBUG org.asynchttpclient.netty.handler.HttpHandler - 

Request DefaultHttpRequest(decodeResult: success, version: HTTP/1.1)
POST /session/7f96e7e36b9f10a8b5acad60a25246de/execute/sync HTTP/1.1
User-Agent: selenium/4.8.0 (java windows)
Content-Length: 47375
Content-Type: application/json; charset=utf-8
host: localhost:6896
accept: */*

Response DefaultHttpResponse(decodeResult: success, version: HTTP/1.1)
HTTP/1.1 200 OK
Content-Length: 31
Content-Type: application/json; charset=utf-8
cache-control: no-cache

11:36:42.719 [AsyncHttpClient-1-8] DEBUG org.asynchttpclient.netty.channel.ChannelManager - Adding key: http://localhost:6896 for channel [id: 0x1681981a, L:/127.0.0.1:61476 - R:localhost/127.0.0.1:6896]
11:36:42.721 [Forwarding getElementAttribute on session 7f96e7e36b9f10a8b5acad60a25246de to remote] DEBUG org.asynchttpclient.netty.request.NettyRequestSender - Using pooled Channel '[id: 0x1681981a, L:/127.0.0.1:61476 - R:localhost/127.0.0.1:6896]' for 'POST' to 'http://localhost:6896/session/7f96e7e36b9f10a8b5acad60a25246de/execute/sync'
11:36:42.721 [Forwarding getElementAttribute on session 7f96e7e36b9f10a8b5acad60a25246de to remote] DEBUG org.asynchttpclient.netty.request.NettyRequestSender - Using open Channel [id: 0x1681981a, L:/127.0.0.1:61476 - R:localhost/127.0.0.1:6896] for POST '/session/7f96e7e36b9f10a8b5acad60a25246de/execute/sync'
11:36:42.732 [AsyncHttpClient-1-8] DEBUG org.asynchttpclient.netty.handler.HttpHandler - 

Request DefaultHttpRequest(decodeResult: success, version: HTTP/1.1)
POST /session/7f96e7e36b9f10a8b5acad60a25246de/execute/sync HTTP/1.1
User-Agent: selenium/4.8.0 (java windows)
Content-Length: 47375
Content-Type: application/json; charset=utf-8
host: localhost:6896
accept: */*

Response DefaultHttpResponse(decodeResult: success, version: HTTP/1.1)
HTTP/1.1 200 OK
Content-Length: 31
Content-Type: application/json; charset=utf-8
cache-control: no-cache

11:36:42.732 [AsyncHttpClient-1-8] DEBUG org.asynchttpclient.netty.channel.ChannelManager - Adding key: http://localhost:6896 for channel [id: 0x1681981a, L:/127.0.0.1:61476 - R:localhost/127.0.0.1:6896]
11:36:42.732 [main] INFO  com.swaglabs.base.SetUp - <div class='inventory_item_name'> - InventoryPage.productnamesininverntorypagevalidated
11:36:42.734 [Forwarding findElements on session 7f96e7e36b9f10a8b5acad60a25246de to remote] DEBUG org.asynchttpclient.netty.request.NettyRequestSender - Using pooled Channel '[id: 0x1681981a, L:/127.0.0.1:61476 - R:localhost/127.0.0.1:6896]' for 'POST' to 'http://localhost:6896/session/7f96e7e36b9f10a8b5acad60a25246de/elements'
11:36:42.734 [Forwarding findElements on session 7f96e7e36b9f10a8b5acad60a25246de to remote] DEBUG org.asynchttpclient.netty.request.NettyRequestSender - Using open Channel [id: 0x1681981a, L:/127.0.0.1:61476 - R:localhost/127.0.0.1:6896] for POST '/session/7f96e7e36b9f10a8b5acad60a25246de/elements'
11:36:42.746 [AsyncHttpClient-1-8] DEBUG org.asynchttpclient.netty.handler.HttpHandler - 

Request DefaultHttpRequest(decodeResult: success, version: HTTP/1.1)
POST /session/7f96e7e36b9f10a8b5acad60a25246de/elements HTTP/1.1
User-Agent: selenium/4.8.0 (java windows)
Content-Length: 111
Content-Type: application/json; charset=utf-8
host: localhost:6896
accept: */*

Response DefaultHttpResponse(decodeResult: success, version: HTTP/1.1)
HTTP/1.1 200 OK
Content-Length: 527
Content-Type: application/json; charset=utf-8
cache-control: no-cache

11:36:42.746 [AsyncHttpClient-1-8] DEBUG org.asynchttpclient.netty.channel.ChannelManager - Adding key: http://localhost:6896 for channel [id: 0x1681981a, L:/127.0.0.1:61476 - R:localhost/127.0.0.1:6896]
11:36:42.748 [Forwarding findElements on session 7f96e7e36b9f10a8b5acad60a25246de to remote] DEBUG org.asynchttpclient.netty.request.NettyRequestSender - Using pooled Channel '[id: 0x1681981a, L:/127.0.0.1:61476 - R:localhost/127.0.0.1:6896]' for 'POST' to 'http://localhost:6896/session/7f96e7e36b9f10a8b5acad60a25246de/elements'
11:36:42.748 [Forwarding findElements on session 7f96e7e36b9f10a8b5acad60a25246de to remote] DEBUG org.asynchttpclient.netty.request.NettyRequestSender - Using open Channel [id: 0x1681981a, L:/127.0.0.1:61476 - R:localhost/127.0.0.1:6896] for POST '/session/7f96e7e36b9f10a8b5acad60a25246de/elements'
11:36:42.756 [AsyncHttpClient-1-8] DEBUG org.asynchttpclient.netty.handler.HttpHandler - 

Request DefaultHttpRequest(decodeResult: success, version: HTTP/1.1)
POST /session/7f96e7e36b9f10a8b5acad60a25246de/elements HTTP/1.1
User-Agent: selenium/4.8.0 (java windows)
Content-Length: 111
Content-Type: application/json; charset=utf-8
host: localhost:6896
accept: */*

Response DefaultHttpResponse(decodeResult: success, version: HTTP/1.1)
HTTP/1.1 200 OK
Content-Length: 527
Content-Type: application/json; charset=utf-8
cache-control: no-cache

11:36:42.756 [AsyncHttpClient-1-8] DEBUG org.asynchttpclient.netty.channel.ChannelManager - Adding key: http://localhost:6896 for channel [id: 0x1681981a, L:/127.0.0.1:61476 - R:localhost/127.0.0.1:6896]
11:36:42.756 [Forwarding getElementText on session 7f96e7e36b9f10a8b5acad60a25246de to remote] DEBUG org.asynchttpclient.netty.request.NettyRequestSender - Using pooled Channel '[id: 0x1681981a, L:/127.0.0.1:61476 - R:localhost/127.0.0.1:6896]' for 'GET' to 'http://localhost:6896/session/7f96e7e36b9f10a8b5acad60a25246de/element/6FF2D42796E1B5636833727143D40385_element_32/text'
11:36:42.756 [Forwarding getElementText on session 7f96e7e36b9f10a8b5acad60a25246de to remote] DEBUG org.asynchttpclient.netty.request.NettyRequestSender - Using open Channel [id: 0x1681981a, L:/127.0.0.1:61476 - R:localhost/127.0.0.1:6896] for GET '/session/7f96e7e36b9f10a8b5acad60a25246de/element/6FF2D42796E1B5636833727143D40385_element_32/text'
11:36:42.764 [AsyncHttpClient-1-8] DEBUG org.asynchttpclient.netty.handler.HttpHandler - 

Request DefaultFullHttpRequest(decodeResult: success, version: HTTP/1.1, content: EmptyByteBufBE)
GET /session/7f96e7e36b9f10a8b5acad60a25246de/element/6FF2D42796E1B5636833727143D40385_element_32/text HTTP/1.1
User-Agent: selenium/4.8.0 (java windows)
Cache-Control: no-cache
Content-Type: application/json; charset=utf-8
host: localhost:6896
accept: */*

Response DefaultHttpResponse(decodeResult: success, version: HTTP/1.1)
HTTP/1.1 200 OK
Content-Length: 35
Content-Type: application/json; charset=utf-8
cache-control: no-cache

11:36:42.764 [AsyncHttpClient-1-8] DEBUG org.asynchttpclient.netty.channel.ChannelManager - Adding key: http://localhost:6896 for channel [id: 0x1681981a, L:/127.0.0.1:61476 - R:localhost/127.0.0.1:6896]
11:36:42.764 [Forwarding findElements on session 7f96e7e36b9f10a8b5acad60a25246de to remote] DEBUG org.asynchttpclient.netty.request.NettyRequestSender - Using pooled Channel '[id: 0x1681981a, L:/127.0.0.1:61476 - R:localhost/127.0.0.1:6896]' for 'POST' to 'http://localhost:6896/session/7f96e7e36b9f10a8b5acad60a25246de/elements'
11:36:42.764 [Forwarding findElements on session 7f96e7e36b9f10a8b5acad60a25246de to remote] DEBUG org.asynchttpclient.netty.request.NettyRequestSender - Using open Channel [id: 0x1681981a, L:/127.0.0.1:61476 - R:localhost/127.0.0.1:6896] for POST '/session/7f96e7e36b9f10a8b5acad60a25246de/elements'
11:36:42.772 [AsyncHttpClient-1-8] DEBUG org.asynchttpclient.netty.handler.HttpHandler - 

Request DefaultHttpRequest(decodeResult: success, version: HTTP/1.1)
POST /session/7f96e7e36b9f10a8b5acad60a25246de/elements HTTP/1.1
User-Agent: selenium/4.8.0 (java windows)
Content-Length: 111
Content-Type: application/json; charset=utf-8
host: localhost:6896
accept: */*

Response DefaultHttpResponse(decodeResult: success, version: HTTP/1.1)
HTTP/1.1 200 OK
Content-Length: 527
Content-Type: application/json; charset=utf-8
cache-control: no-cache

11:36:42.772 [AsyncHttpClient-1-8] DEBUG org.asynchttpclient.netty.channel.ChannelManager - Adding key: http://localhost:6896 for channel [id: 0x1681981a, L:/127.0.0.1:61476 - R:localhost/127.0.0.1:6896]
11:36:42.774 [Forwarding getElementText on session 7f96e7e36b9f10a8b5acad60a25246de to remote] DEBUG org.asynchttpclient.netty.request.NettyRequestSender - Using pooled Channel '[id: 0x1681981a, L:/127.0.0.1:61476 - R:localhost/127.0.0.1:6896]' for 'GET' to 'http://localhost:6896/session/7f96e7e36b9f10a8b5acad60a25246de/element/6FF2D42796E1B5636833727143D40385_element_32/text'
11:36:42.774 [Forwarding getElementText on session 7f96e7e36b9f10a8b5acad60a25246de to remote] DEBUG org.asynchttpclient.netty.request.NettyRequestSender - Using open Channel [id: 0x1681981a, L:/127.0.0.1:61476 - R:localhost/127.0.0.1:6896] for GET '/session/7f96e7e36b9f10a8b5acad60a25246de/element/6FF2D42796E1B5636833727143D40385_element_32/text'
11:36:42.780 [AsyncHttpClient-1-8] DEBUG org.asynchttpclient.netty.handler.HttpHandler - 

Request DefaultFullHttpRequest(decodeResult: success, version: HTTP/1.1, content: EmptyByteBufBE)
GET /session/7f96e7e36b9f10a8b5acad60a25246de/element/6FF2D42796E1B5636833727143D40385_element_32/text HTTP/1.1
User-Agent: selenium/4.8.0 (java windows)
Cache-Control: no-cache
Content-Type: application/json; charset=utf-8
host: localhost:6896
accept: */*

Response DefaultHttpResponse(decodeResult: success, version: HTTP/1.1)
HTTP/1.1 200 OK
Content-Length: 35
Content-Type: application/json; charset=utf-8
cache-control: no-cache

11:36:42.780 [AsyncHttpClient-1-8] DEBUG org.asynchttpclient.netty.channel.ChannelManager - Adding key: http://localhost:6896 for channel [id: 0x1681981a, L:/127.0.0.1:61476 - R:localhost/127.0.0.1:6896]
11:36:42.780 [Forwarding findElements on session 7f96e7e36b9f10a8b5acad60a25246de to remote] DEBUG org.asynchttpclient.netty.request.NettyRequestSender - Using pooled Channel '[id: 0x1681981a, L:/127.0.0.1:61476 - R:localhost/127.0.0.1:6896]' for 'POST' to 'http://localhost:6896/session/7f96e7e36b9f10a8b5acad60a25246de/elements'
11:36:42.780 [Forwarding findElements on session 7f96e7e36b9f10a8b5acad60a25246de to remote] DEBUG org.asynchttpclient.netty.request.NettyRequestSender - Using open Channel [id: 0x1681981a, L:/127.0.0.1:61476 - R:localhost/127.0.0.1:6896] for POST '/session/7f96e7e36b9f10a8b5acad60a25246de/elements'
11:36:42.786 [AsyncHttpClient-1-8] DEBUG org.asynchttpclient.netty.handler.HttpHandler - 

Request DefaultHttpRequest(decodeResult: success, version: HTTP/1.1)
POST /session/7f96e7e36b9f10a8b5acad60a25246de/elements HTTP/1.1
User-Agent: selenium/4.8.0 (java windows)
Content-Length: 111
Content-Type: application/json; charset=utf-8
host: localhost:6896
accept: */*

Response DefaultHttpResponse(decodeResult: success, version: HTTP/1.1)
HTTP/1.1 200 OK
Content-Length: 527
Content-Type: application/json; charset=utf-8
cache-control: no-cache

11:36:42.786 [AsyncHttpClient-1-8] DEBUG org.asynchttpclient.netty.channel.ChannelManager - Adding key: http://localhost:6896 for channel [id: 0x1681981a, L:/127.0.0.1:61476 - R:localhost/127.0.0.1:6896]
11:36:42.787 [Forwarding getElementTagName on session 7f96e7e36b9f10a8b5acad60a25246de to remote] DEBUG org.asynchttpclient.netty.request.NettyRequestSender - Using pooled Channel '[id: 0x1681981a, L:/127.0.0.1:61476 - R:localhost/127.0.0.1:6896]' for 'GET' to 'http://localhost:6896/session/7f96e7e36b9f10a8b5acad60a25246de/element/6FF2D42796E1B5636833727143D40385_element_32/name'
11:36:42.787 [Forwarding getElementTagName on session 7f96e7e36b9f10a8b5acad60a25246de to remote] DEBUG org.asynchttpclient.netty.request.NettyRequestSender - Using open Channel [id: 0x1681981a, L:/127.0.0.1:61476 - R:localhost/127.0.0.1:6896] for GET '/session/7f96e7e36b9f10a8b5acad60a25246de/element/6FF2D42796E1B5636833727143D40385_element_32/name'
11:36:42.790 [AsyncHttpClient-1-8] DEBUG org.asynchttpclient.netty.handler.HttpHandler - 

Request DefaultFullHttpRequest(decodeResult: success, version: HTTP/1.1, content: EmptyByteBufBE)
GET /session/7f96e7e36b9f10a8b5acad60a25246de/element/6FF2D42796E1B5636833727143D40385_element_32/name HTTP/1.1
User-Agent: selenium/4.8.0 (java windows)
Cache-Control: no-cache
Content-Type: application/json; charset=utf-8
host: localhost:6896
accept: */*

Response DefaultHttpResponse(decodeResult: success, version: HTTP/1.1)
HTTP/1.1 200 OK
Content-Length: 15
Content-Type: application/json; charset=utf-8
cache-control: no-cache

11:36:42.790 [AsyncHttpClient-1-8] DEBUG org.asynchttpclient.netty.channel.ChannelManager - Adding key: http://localhost:6896 for channel [id: 0x1681981a, L:/127.0.0.1:61476 - R:localhost/127.0.0.1:6896]
11:36:42.792 [Forwarding getElementAttribute on session 7f96e7e36b9f10a8b5acad60a25246de to remote] DEBUG org.asynchttpclient.netty.request.NettyRequestSender - Using pooled Channel '[id: 0x1681981a, L:/127.0.0.1:61476 - R:localhost/127.0.0.1:6896]' for 'POST' to 'http://localhost:6896/session/7f96e7e36b9f10a8b5acad60a25246de/execute/sync'
11:36:42.792 [Forwarding getElementAttribute on session 7f96e7e36b9f10a8b5acad60a25246de to remote] DEBUG org.asynchttpclient.netty.request.NettyRequestSender - Using open Channel [id: 0x1681981a, L:/127.0.0.1:61476 - R:localhost/127.0.0.1:6896] for POST '/session/7f96e7e36b9f10a8b5acad60a25246de/execute/sync'
11:36:42.804 [AsyncHttpClient-1-8] DEBUG org.asynchttpclient.netty.handler.HttpHandler - 

Request DefaultHttpRequest(decodeResult: success, version: HTTP/1.1)
POST /session/7f96e7e36b9f10a8b5acad60a25246de/execute/sync HTTP/1.1
User-Agent: selenium/4.8.0 (java windows)
Content-Length: 47372
Content-Type: application/json; charset=utf-8
host: localhost:6896
accept: */*

Response DefaultHttpResponse(decodeResult: success, version: HTTP/1.1)
HTTP/1.1 200 OK
Content-Length: 12
Content-Type: application/json; charset=utf-8
cache-control: no-cache

11:36:42.804 [AsyncHttpClient-1-8] DEBUG org.asynchttpclient.netty.channel.ChannelManager - Adding key: http://localhost:6896 for channel [id: 0x1681981a, L:/127.0.0.1:61476 - R:localhost/127.0.0.1:6896]
11:36:42.809 [Forwarding getElementAttribute on session 7f96e7e36b9f10a8b5acad60a25246de to remote] DEBUG org.asynchttpclient.netty.request.NettyRequestSender - Using pooled Channel '[id: 0x1681981a, L:/127.0.0.1:61476 - R:localhost/127.0.0.1:6896]' for 'POST' to 'http://localhost:6896/session/7f96e7e36b9f10a8b5acad60a25246de/execute/sync'
11:36:42.809 [Forwarding getElementAttribute on session 7f96e7e36b9f10a8b5acad60a25246de to remote] DEBUG org.asynchttpclient.netty.request.NettyRequestSender - Using open Channel [id: 0x1681981a, L:/127.0.0.1:61476 - R:localhost/127.0.0.1:6896] for POST '/session/7f96e7e36b9f10a8b5acad60a25246de/execute/sync'
11:36:42.818 [AsyncHttpClient-1-8] DEBUG org.asynchttpclient.netty.handler.HttpHandler - 

Request DefaultHttpRequest(decodeResult: success, version: HTTP/1.1)
POST /session/7f96e7e36b9f10a8b5acad60a25246de/execute/sync HTTP/1.1
User-Agent: selenium/4.8.0 (java windows)
Content-Length: 47374
Content-Type: application/json; charset=utf-8
host: localhost:6896
accept: */*

Response DefaultHttpResponse(decodeResult: success, version: HTTP/1.1)
HTTP/1.1 200 OK
Content-Length: 14
Content-Type: application/json; charset=utf-8
cache-control: no-cache

11:36:42.818 [AsyncHttpClient-1-8] DEBUG org.asynchttpclient.netty.channel.ChannelManager - Adding key: http://localhost:6896 for channel [id: 0x1681981a, L:/127.0.0.1:61476 - R:localhost/127.0.0.1:6896]
11:36:42.821 [Forwarding getElementAttribute on session 7f96e7e36b9f10a8b5acad60a25246de to remote] DEBUG org.asynchttpclient.netty.request.NettyRequestSender - Using pooled Channel '[id: 0x1681981a, L:/127.0.0.1:61476 - R:localhost/127.0.0.1:6896]' for 'POST' to 'http://localhost:6896/session/7f96e7e36b9f10a8b5acad60a25246de/execute/sync'
11:36:42.821 [Forwarding getElementAttribute on session 7f96e7e36b9f10a8b5acad60a25246de to remote] DEBUG org.asynchttpclient.netty.request.NettyRequestSender - Using open Channel [id: 0x1681981a, L:/127.0.0.1:61476 - R:localhost/127.0.0.1:6896] for POST '/session/7f96e7e36b9f10a8b5acad60a25246de/execute/sync'
11:36:42.830 [AsyncHttpClient-1-8] DEBUG org.asynchttpclient.netty.handler.HttpHandler - 

Request DefaultHttpRequest(decodeResult: success, version: HTTP/1.1)
POST /session/7f96e7e36b9f10a8b5acad60a25246de/execute/sync HTTP/1.1
User-Agent: selenium/4.8.0 (java windows)
Content-Length: 47374
Content-Type: application/json; charset=utf-8
host: localhost:6896
accept: */*

Response DefaultHttpResponse(decodeResult: success, version: HTTP/1.1)
HTTP/1.1 200 OK
Content-Length: 14
Content-Type: application/json; charset=utf-8
cache-control: no-cache

11:36:42.830 [AsyncHttpClient-1-8] DEBUG org.asynchttpclient.netty.channel.ChannelManager - Adding key: http://localhost:6896 for channel [id: 0x1681981a, L:/127.0.0.1:61476 - R:localhost/127.0.0.1:6896]
11:36:42.833 [Forwarding getElementAttribute on session 7f96e7e36b9f10a8b5acad60a25246de to remote] DEBUG org.asynchttpclient.netty.request.NettyRequestSender - Using pooled Channel '[id: 0x1681981a, L:/127.0.0.1:61476 - R:localhost/127.0.0.1:6896]' for 'POST' to 'http://localhost:6896/session/7f96e7e36b9f10a8b5acad60a25246de/execute/sync'
11:36:42.833 [Forwarding getElementAttribute on session 7f96e7e36b9f10a8b5acad60a25246de to remote] DEBUG org.asynchttpclient.netty.request.NettyRequestSender - Using open Channel [id: 0x1681981a, L:/127.0.0.1:61476 - R:localhost/127.0.0.1:6896] for POST '/session/7f96e7e36b9f10a8b5acad60a25246de/execute/sync'
11:36:42.837 [AsyncHttpClient-1-1] DEBUG org.asynchttpclient.netty.channel.DefaultChannelPool - Entry count for : http://localhost:61482 : 1
11:36:42.841 [AsyncHttpClient-1-8] DEBUG org.asynchttpclient.netty.handler.HttpHandler - 

Request DefaultHttpRequest(decodeResult: success, version: HTTP/1.1)
POST /session/7f96e7e36b9f10a8b5acad60a25246de/execute/sync HTTP/1.1
User-Agent: selenium/4.8.0 (java windows)
Content-Length: 47374
Content-Type: application/json; charset=utf-8
host: localhost:6896
accept: */*

Response DefaultHttpResponse(decodeResult: success, version: HTTP/1.1)
HTTP/1.1 200 OK
Content-Length: 14
Content-Type: application/json; charset=utf-8
cache-control: no-cache

11:36:42.841 [AsyncHttpClient-1-8] DEBUG org.asynchttpclient.netty.channel.ChannelManager - Adding key: http://localhost:6896 for channel [id: 0x1681981a, L:/127.0.0.1:61476 - R:localhost/127.0.0.1:6896]
11:36:42.842 [Forwarding getElementAttribute on session 7f96e7e36b9f10a8b5acad60a25246de to remote] DEBUG org.asynchttpclient.netty.request.NettyRequestSender - Using pooled Channel '[id: 0x1681981a, L:/127.0.0.1:61476 - R:localhost/127.0.0.1:6896]' for 'POST' to 'http://localhost:6896/session/7f96e7e36b9f10a8b5acad60a25246de/execute/sync'
11:36:42.842 [Forwarding getElementAttribute on session 7f96e7e36b9f10a8b5acad60a25246de to remote] DEBUG org.asynchttpclient.netty.request.NettyRequestSender - Using open Channel [id: 0x1681981a, L:/127.0.0.1:61476 - R:localhost/127.0.0.1:6896] for POST '/session/7f96e7e36b9f10a8b5acad60a25246de/execute/sync'
11:36:42.850 [AsyncHttpClient-1-8] DEBUG org.asynchttpclient.netty.handler.HttpHandler - 

Request DefaultHttpRequest(decodeResult: success, version: HTTP/1.1)
POST /session/7f96e7e36b9f10a8b5acad60a25246de/execute/sync HTTP/1.1
User-Agent: selenium/4.8.0 (java windows)
Content-Length: 47375
Content-Type: application/json; charset=utf-8
host: localhost:6896
accept: */*

Response DefaultHttpResponse(decodeResult: success, version: HTTP/1.1)
HTTP/1.1 200 OK
Content-Length: 14
Content-Type: application/json; charset=utf-8
cache-control: no-cache

11:36:42.850 [AsyncHttpClient-1-8] DEBUG org.asynchttpclient.netty.channel.ChannelManager - Adding key: http://localhost:6896 for channel [id: 0x1681981a, L:/127.0.0.1:61476 - R:localhost/127.0.0.1:6896]
11:36:42.853 [Forwarding getElementAttribute on session 7f96e7e36b9f10a8b5acad60a25246de to remote] DEBUG org.asynchttpclient.netty.request.NettyRequestSender - Using pooled Channel '[id: 0x1681981a, L:/127.0.0.1:61476 - R:localhost/127.0.0.1:6896]' for 'POST' to 'http://localhost:6896/session/7f96e7e36b9f10a8b5acad60a25246de/execute/sync'
11:36:42.853 [Forwarding getElementAttribute on session 7f96e7e36b9f10a8b5acad60a25246de to remote] DEBUG org.asynchttpclient.netty.request.NettyRequestSender - Using open Channel [id: 0x1681981a, L:/127.0.0.1:61476 - R:localhost/127.0.0.1:6896] for POST '/session/7f96e7e36b9f10a8b5acad60a25246de/execute/sync'
11:36:42.861 [AsyncHttpClient-1-8] DEBUG org.asynchttpclient.netty.handler.HttpHandler - 

Request DefaultHttpRequest(decodeResult: success, version: HTTP/1.1)
POST /session/7f96e7e36b9f10a8b5acad60a25246de/execute/sync HTTP/1.1
User-Agent: selenium/4.8.0 (java windows)
Content-Length: 47375
Content-Type: application/json; charset=utf-8
host: localhost:6896
accept: */*

Response DefaultHttpResponse(decodeResult: success, version: HTTP/1.1)
HTTP/1.1 200 OK
Content-Length: 31
Content-Type: application/json; charset=utf-8
cache-control: no-cache

11:36:42.861 [AsyncHttpClient-1-8] DEBUG org.asynchttpclient.netty.channel.ChannelManager - Adding key: http://localhost:6896 for channel [id: 0x1681981a, L:/127.0.0.1:61476 - R:localhost/127.0.0.1:6896]
11:36:42.863 [Forwarding getElementAttribute on session 7f96e7e36b9f10a8b5acad60a25246de to remote] DEBUG org.asynchttpclient.netty.request.NettyRequestSender - Using pooled Channel '[id: 0x1681981a, L:/127.0.0.1:61476 - R:localhost/127.0.0.1:6896]' for 'POST' to 'http://localhost:6896/session/7f96e7e36b9f10a8b5acad60a25246de/execute/sync'
11:36:42.863 [Forwarding getElementAttribute on session 7f96e7e36b9f10a8b5acad60a25246de to remote] DEBUG org.asynchttpclient.netty.request.NettyRequestSender - Using open Channel [id: 0x1681981a, L:/127.0.0.1:61476 - R:localhost/127.0.0.1:6896] for POST '/session/7f96e7e36b9f10a8b5acad60a25246de/execute/sync'
11:36:42.875 [AsyncHttpClient-1-8] DEBUG org.asynchttpclient.netty.handler.HttpHandler - 

Request DefaultHttpRequest(decodeResult: success, version: HTTP/1.1)
POST /session/7f96e7e36b9f10a8b5acad60a25246de/execute/sync HTTP/1.1
User-Agent: selenium/4.8.0 (java windows)
Content-Length: 47375
Content-Type: application/json; charset=utf-8
host: localhost:6896
accept: */*

Response DefaultHttpResponse(decodeResult: success, version: HTTP/1.1)
HTTP/1.1 200 OK
Content-Length: 31
Content-Type: application/json; charset=utf-8
cache-control: no-cache

11:36:42.875 [AsyncHttpClient-1-8] DEBUG org.asynchttpclient.netty.channel.ChannelManager - Adding key: http://localhost:6896 for channel [id: 0x1681981a, L:/127.0.0.1:61476 - R:localhost/127.0.0.1:6896]
11:36:42.876 [main] INFO  com.swaglabs.base.SetUp - <div class='inventory_item_name'> - InventoryPage.productnamesininverntorypagevalidated
11:36:42.878 [Forwarding findElements on session 7f96e7e36b9f10a8b5acad60a25246de to remote] DEBUG org.asynchttpclient.netty.request.NettyRequestSender - Using pooled Channel '[id: 0x1681981a, L:/127.0.0.1:61476 - R:localhost/127.0.0.1:6896]' for 'POST' to 'http://localhost:6896/session/7f96e7e36b9f10a8b5acad60a25246de/elements'
11:36:42.878 [Forwarding findElements on session 7f96e7e36b9f10a8b5acad60a25246de to remote] DEBUG org.asynchttpclient.netty.request.NettyRequestSender - Using open Channel [id: 0x1681981a, L:/127.0.0.1:61476 - R:localhost/127.0.0.1:6896] for POST '/session/7f96e7e36b9f10a8b5acad60a25246de/elements'
11:36:42.884 [AsyncHttpClient-1-8] DEBUG org.asynchttpclient.netty.handler.HttpHandler - 

Request DefaultHttpRequest(decodeResult: success, version: HTTP/1.1)
POST /session/7f96e7e36b9f10a8b5acad60a25246de/elements HTTP/1.1
User-Agent: selenium/4.8.0 (java windows)
Content-Length: 111
Content-Type: application/json; charset=utf-8
host: localhost:6896
accept: */*

Response DefaultHttpResponse(decodeResult: success, version: HTTP/1.1)
HTTP/1.1 200 OK
Content-Length: 527
Content-Type: application/json; charset=utf-8
cache-control: no-cache

11:36:42.884 [AsyncHttpClient-1-8] DEBUG org.asynchttpclient.netty.channel.ChannelManager - Adding key: http://localhost:6896 for channel [id: 0x1681981a, L:/127.0.0.1:61476 - R:localhost/127.0.0.1:6896]
11:36:42.885 [Forwarding findElements on session 7f96e7e36b9f10a8b5acad60a25246de to remote] DEBUG org.asynchttpclient.netty.request.NettyRequestSender - Using pooled Channel '[id: 0x1681981a, L:/127.0.0.1:61476 - R:localhost/127.0.0.1:6896]' for 'POST' to 'http://localhost:6896/session/7f96e7e36b9f10a8b5acad60a25246de/elements'
11:36:42.885 [Forwarding findElements on session 7f96e7e36b9f10a8b5acad60a25246de to remote] DEBUG org.asynchttpclient.netty.request.NettyRequestSender - Using open Channel [id: 0x1681981a, L:/127.0.0.1:61476 - R:localhost/127.0.0.1:6896] for POST '/session/7f96e7e36b9f10a8b5acad60a25246de/elements'
11:36:42.891 [AsyncHttpClient-1-8] DEBUG org.asynchttpclient.netty.handler.HttpHandler - 

Request DefaultHttpRequest(decodeResult: success, version: HTTP/1.1)
POST /session/7f96e7e36b9f10a8b5acad60a25246de/elements HTTP/1.1
User-Agent: selenium/4.8.0 (java windows)
Content-Length: 111
Content-Type: application/json; charset=utf-8
host: localhost:6896
accept: */*

Response DefaultHttpResponse(decodeResult: success, version: HTTP/1.1)
HTTP/1.1 200 OK
Content-Length: 527
Content-Type: application/json; charset=utf-8
cache-control: no-cache

11:36:42.891 [AsyncHttpClient-1-8] DEBUG org.asynchttpclient.netty.channel.ChannelManager - Adding key: http://localhost:6896 for channel [id: 0x1681981a, L:/127.0.0.1:61476 - R:localhost/127.0.0.1:6896]
11:36:42.892 [Forwarding getElementText on session 7f96e7e36b9f10a8b5acad60a25246de to remote] DEBUG org.asynchttpclient.netty.request.NettyRequestSender - Using pooled Channel '[id: 0x1681981a, L:/127.0.0.1:61476 - R:localhost/127.0.0.1:6896]' for 'GET' to 'http://localhost:6896/session/7f96e7e36b9f10a8b5acad60a25246de/element/6FF2D42796E1B5636833727143D40385_element_33/text'
11:36:42.892 [Forwarding getElementText on session 7f96e7e36b9f10a8b5acad60a25246de to remote] DEBUG org.asynchttpclient.netty.request.NettyRequestSender - Using open Channel [id: 0x1681981a, L:/127.0.0.1:61476 - R:localhost/127.0.0.1:6896] for GET '/session/7f96e7e36b9f10a8b5acad60a25246de/element/6FF2D42796E1B5636833727143D40385_element_33/text'
11:36:42.899 [AsyncHttpClient-1-8] DEBUG org.asynchttpclient.netty.handler.HttpHandler - 

Request DefaultFullHttpRequest(decodeResult: success, version: HTTP/1.1, content: EmptyByteBufBE)
GET /session/7f96e7e36b9f10a8b5acad60a25246de/element/6FF2D42796E1B5636833727143D40385_element_33/text HTTP/1.1
User-Agent: selenium/4.8.0 (java windows)
Cache-Control: no-cache
Content-Type: application/json; charset=utf-8
host: localhost:6896
accept: */*

Response DefaultHttpResponse(decodeResult: success, version: HTTP/1.1)
HTTP/1.1 200 OK
Content-Length: 36
Content-Type: application/json; charset=utf-8
cache-control: no-cache

11:36:42.899 [AsyncHttpClient-1-8] DEBUG org.asynchttpclient.netty.channel.ChannelManager - Adding key: http://localhost:6896 for channel [id: 0x1681981a, L:/127.0.0.1:61476 - R:localhost/127.0.0.1:6896]
11:36:42.900 [Forwarding findElements on session 7f96e7e36b9f10a8b5acad60a25246de to remote] DEBUG org.asynchttpclient.netty.request.NettyRequestSender - Using pooled Channel '[id: 0x1681981a, L:/127.0.0.1:61476 - R:localhost/127.0.0.1:6896]' for 'POST' to 'http://localhost:6896/session/7f96e7e36b9f10a8b5acad60a25246de/elements'
11:36:42.900 [Forwarding findElements on session 7f96e7e36b9f10a8b5acad60a25246de to remote] DEBUG org.asynchttpclient.netty.request.NettyRequestSender - Using open Channel [id: 0x1681981a, L:/127.0.0.1:61476 - R:localhost/127.0.0.1:6896] for POST '/session/7f96e7e36b9f10a8b5acad60a25246de/elements'
11:36:42.908 [AsyncHttpClient-1-8] DEBUG org.asynchttpclient.netty.handler.HttpHandler - 

Request DefaultHttpRequest(decodeResult: success, version: HTTP/1.1)
POST /session/7f96e7e36b9f10a8b5acad60a25246de/elements HTTP/1.1
User-Agent: selenium/4.8.0 (java windows)
Content-Length: 111
Content-Type: application/json; charset=utf-8
host: localhost:6896
accept: */*

Response DefaultHttpResponse(decodeResult: success, version: HTTP/1.1)
HTTP/1.1 200 OK
Content-Length: 527
Content-Type: application/json; charset=utf-8
cache-control: no-cache

11:36:42.908 [AsyncHttpClient-1-8] DEBUG org.asynchttpclient.netty.channel.ChannelManager - Adding key: http://localhost:6896 for channel [id: 0x1681981a, L:/127.0.0.1:61476 - R:localhost/127.0.0.1:6896]
11:36:42.909 [Forwarding getElementText on session 7f96e7e36b9f10a8b5acad60a25246de to remote] DEBUG org.asynchttpclient.netty.request.NettyRequestSender - Using pooled Channel '[id: 0x1681981a, L:/127.0.0.1:61476 - R:localhost/127.0.0.1:6896]' for 'GET' to 'http://localhost:6896/session/7f96e7e36b9f10a8b5acad60a25246de/element/6FF2D42796E1B5636833727143D40385_element_33/text'
11:36:42.909 [Forwarding getElementText on session 7f96e7e36b9f10a8b5acad60a25246de to remote] DEBUG org.asynchttpclient.netty.request.NettyRequestSender - Using open Channel [id: 0x1681981a, L:/127.0.0.1:61476 - R:localhost/127.0.0.1:6896] for GET '/session/7f96e7e36b9f10a8b5acad60a25246de/element/6FF2D42796E1B5636833727143D40385_element_33/text'
11:36:42.918 [AsyncHttpClient-1-8] DEBUG org.asynchttpclient.netty.handler.HttpHandler - 

Request DefaultFullHttpRequest(decodeResult: success, version: HTTP/1.1, content: EmptyByteBufBE)
GET /session/7f96e7e36b9f10a8b5acad60a25246de/element/6FF2D42796E1B5636833727143D40385_element_33/text HTTP/1.1
User-Agent: selenium/4.8.0 (java windows)
Cache-Control: no-cache
Content-Type: application/json; charset=utf-8
host: localhost:6896
accept: */*

Response DefaultHttpResponse(decodeResult: success, version: HTTP/1.1)
HTTP/1.1 200 OK
Content-Length: 36
Content-Type: application/json; charset=utf-8
cache-control: no-cache

11:36:42.918 [AsyncHttpClient-1-8] DEBUG org.asynchttpclient.netty.channel.ChannelManager - Adding key: http://localhost:6896 for channel [id: 0x1681981a, L:/127.0.0.1:61476 - R:localhost/127.0.0.1:6896]
11:36:42.920 [Forwarding findElements on session 7f96e7e36b9f10a8b5acad60a25246de to remote] DEBUG org.asynchttpclient.netty.request.NettyRequestSender - Using pooled Channel '[id: 0x1681981a, L:/127.0.0.1:61476 - R:localhost/127.0.0.1:6896]' for 'POST' to 'http://localhost:6896/session/7f96e7e36b9f10a8b5acad60a25246de/elements'
11:36:42.920 [Forwarding findElements on session 7f96e7e36b9f10a8b5acad60a25246de to remote] DEBUG org.asynchttpclient.netty.request.NettyRequestSender - Using open Channel [id: 0x1681981a, L:/127.0.0.1:61476 - R:localhost/127.0.0.1:6896] for POST '/session/7f96e7e36b9f10a8b5acad60a25246de/elements'
11:36:42.926 [AsyncHttpClient-1-8] DEBUG org.asynchttpclient.netty.handler.HttpHandler - 

Request DefaultHttpRequest(decodeResult: success, version: HTTP/1.1)
POST /session/7f96e7e36b9f10a8b5acad60a25246de/elements HTTP/1.1
User-Agent: selenium/4.8.0 (java windows)
Content-Length: 111
Content-Type: application/json; charset=utf-8
host: localhost:6896
accept: */*

Response DefaultHttpResponse(decodeResult: success, version: HTTP/1.1)
HTTP/1.1 200 OK
Content-Length: 527
Content-Type: application/json; charset=utf-8
cache-control: no-cache

11:36:42.926 [AsyncHttpClient-1-8] DEBUG org.asynchttpclient.netty.channel.ChannelManager - Adding key: http://localhost:6896 for channel [id: 0x1681981a, L:/127.0.0.1:61476 - R:localhost/127.0.0.1:6896]
11:36:42.926 [Forwarding getElementTagName on session 7f96e7e36b9f10a8b5acad60a25246de to remote] DEBUG org.asynchttpclient.netty.request.NettyRequestSender - Using pooled Channel '[id: 0x1681981a, L:/127.0.0.1:61476 - R:localhost/127.0.0.1:6896]' for 'GET' to 'http://localhost:6896/session/7f96e7e36b9f10a8b5acad60a25246de/element/6FF2D42796E1B5636833727143D40385_element_33/name'
11:36:42.926 [Forwarding getElementTagName on session 7f96e7e36b9f10a8b5acad60a25246de to remote] DEBUG org.asynchttpclient.netty.request.NettyRequestSender - Using open Channel [id: 0x1681981a, L:/127.0.0.1:61476 - R:localhost/127.0.0.1:6896] for GET '/session/7f96e7e36b9f10a8b5acad60a25246de/element/6FF2D42796E1B5636833727143D40385_element_33/name'
11:36:42.931 [AsyncHttpClient-1-8] DEBUG org.asynchttpclient.netty.handler.HttpHandler - 

Request DefaultFullHttpRequest(decodeResult: success, version: HTTP/1.1, content: EmptyByteBufBE)
GET /session/7f96e7e36b9f10a8b5acad60a25246de/element/6FF2D42796E1B5636833727143D40385_element_33/name HTTP/1.1
User-Agent: selenium/4.8.0 (java windows)
Cache-Control: no-cache
Content-Type: application/json; charset=utf-8
host: localhost:6896
accept: */*

Response DefaultHttpResponse(decodeResult: success, version: HTTP/1.1)
HTTP/1.1 200 OK
Content-Length: 15
Content-Type: application/json; charset=utf-8
cache-control: no-cache

11:36:42.932 [AsyncHttpClient-1-8] DEBUG org.asynchttpclient.netty.channel.ChannelManager - Adding key: http://localhost:6896 for channel [id: 0x1681981a, L:/127.0.0.1:61476 - R:localhost/127.0.0.1:6896]
11:36:42.936 [Forwarding getElementAttribute on session 7f96e7e36b9f10a8b5acad60a25246de to remote] DEBUG org.asynchttpclient.netty.request.NettyRequestSender - Using pooled Channel '[id: 0x1681981a, L:/127.0.0.1:61476 - R:localhost/127.0.0.1:6896]' for 'POST' to 'http://localhost:6896/session/7f96e7e36b9f10a8b5acad60a25246de/execute/sync'
11:36:42.936 [Forwarding getElementAttribute on session 7f96e7e36b9f10a8b5acad60a25246de to remote] DEBUG org.asynchttpclient.netty.request.NettyRequestSender - Using open Channel [id: 0x1681981a, L:/127.0.0.1:61476 - R:localhost/127.0.0.1:6896] for POST '/session/7f96e7e36b9f10a8b5acad60a25246de/execute/sync'
11:36:42.946 [AsyncHttpClient-1-8] DEBUG org.asynchttpclient.netty.handler.HttpHandler - 

Request DefaultHttpRequest(decodeResult: success, version: HTTP/1.1)
POST /session/7f96e7e36b9f10a8b5acad60a25246de/execute/sync HTTP/1.1
User-Agent: selenium/4.8.0 (java windows)
Content-Length: 47372
Content-Type: application/json; charset=utf-8
host: localhost:6896
accept: */*

Response DefaultHttpResponse(decodeResult: success, version: HTTP/1.1)
HTTP/1.1 200 OK
Content-Length: 12
Content-Type: application/json; charset=utf-8
cache-control: no-cache

11:36:42.946 [AsyncHttpClient-1-8] DEBUG org.asynchttpclient.netty.channel.ChannelManager - Adding key: http://localhost:6896 for channel [id: 0x1681981a, L:/127.0.0.1:61476 - R:localhost/127.0.0.1:6896]
11:36:42.948 [Forwarding getElementAttribute on session 7f96e7e36b9f10a8b5acad60a25246de to remote] DEBUG org.asynchttpclient.netty.request.NettyRequestSender - Using pooled Channel '[id: 0x1681981a, L:/127.0.0.1:61476 - R:localhost/127.0.0.1:6896]' for 'POST' to 'http://localhost:6896/session/7f96e7e36b9f10a8b5acad60a25246de/execute/sync'
11:36:42.948 [Forwarding getElementAttribute on session 7f96e7e36b9f10a8b5acad60a25246de to remote] DEBUG org.asynchttpclient.netty.request.NettyRequestSender - Using open Channel [id: 0x1681981a, L:/127.0.0.1:61476 - R:localhost/127.0.0.1:6896] for POST '/session/7f96e7e36b9f10a8b5acad60a25246de/execute/sync'
11:36:42.957 [AsyncHttpClient-1-8] DEBUG org.asynchttpclient.netty.handler.HttpHandler - 

Request DefaultHttpRequest(decodeResult: success, version: HTTP/1.1)
POST /session/7f96e7e36b9f10a8b5acad60a25246de/execute/sync HTTP/1.1
User-Agent: selenium/4.8.0 (java windows)
Content-Length: 47374
Content-Type: application/json; charset=utf-8
host: localhost:6896
accept: */*

Response DefaultHttpResponse(decodeResult: success, version: HTTP/1.1)
HTTP/1.1 200 OK
Content-Length: 14
Content-Type: application/json; charset=utf-8
cache-control: no-cache

11:36:42.957 [AsyncHttpClient-1-8] DEBUG org.asynchttpclient.netty.channel.ChannelManager - Adding key: http://localhost:6896 for channel [id: 0x1681981a, L:/127.0.0.1:61476 - R:localhost/127.0.0.1:6896]
11:36:42.960 [Forwarding getElementAttribute on session 7f96e7e36b9f10a8b5acad60a25246de to remote] DEBUG org.asynchttpclient.netty.request.NettyRequestSender - Using pooled Channel '[id: 0x1681981a, L:/127.0.0.1:61476 - R:localhost/127.0.0.1:6896]' for 'POST' to 'http://localhost:6896/session/7f96e7e36b9f10a8b5acad60a25246de/execute/sync'
11:36:42.960 [Forwarding getElementAttribute on session 7f96e7e36b9f10a8b5acad60a25246de to remote] DEBUG org.asynchttpclient.netty.request.NettyRequestSender - Using open Channel [id: 0x1681981a, L:/127.0.0.1:61476 - R:localhost/127.0.0.1:6896] for POST '/session/7f96e7e36b9f10a8b5acad60a25246de/execute/sync'
11:36:42.969 [AsyncHttpClient-1-8] DEBUG org.asynchttpclient.netty.handler.HttpHandler - 

Request DefaultHttpRequest(decodeResult: success, version: HTTP/1.1)
POST /session/7f96e7e36b9f10a8b5acad60a25246de/execute/sync HTTP/1.1
User-Agent: selenium/4.8.0 (java windows)
Content-Length: 47374
Content-Type: application/json; charset=utf-8
host: localhost:6896
accept: */*

Response DefaultHttpResponse(decodeResult: success, version: HTTP/1.1)
HTTP/1.1 200 OK
Content-Length: 14
Content-Type: application/json; charset=utf-8
cache-control: no-cache

11:36:42.969 [AsyncHttpClient-1-8] DEBUG org.asynchttpclient.netty.channel.ChannelManager - Adding key: http://localhost:6896 for channel [id: 0x1681981a, L:/127.0.0.1:61476 - R:localhost/127.0.0.1:6896]
11:36:42.972 [Forwarding getElementAttribute on session 7f96e7e36b9f10a8b5acad60a25246de to remote] DEBUG org.asynchttpclient.netty.request.NettyRequestSender - Using pooled Channel '[id: 0x1681981a, L:/127.0.0.1:61476 - R:localhost/127.0.0.1:6896]' for 'POST' to 'http://localhost:6896/session/7f96e7e36b9f10a8b5acad60a25246de/execute/sync'
11:36:42.973 [Forwarding getElementAttribute on session 7f96e7e36b9f10a8b5acad60a25246de to remote] DEBUG org.asynchttpclient.netty.request.NettyRequestSender - Using open Channel [id: 0x1681981a, L:/127.0.0.1:61476 - R:localhost/127.0.0.1:6896] for POST '/session/7f96e7e36b9f10a8b5acad60a25246de/execute/sync'
11:36:42.982 [AsyncHttpClient-1-8] DEBUG org.asynchttpclient.netty.handler.HttpHandler - 

Request DefaultHttpRequest(decodeResult: success, version: HTTP/1.1)
POST /session/7f96e7e36b9f10a8b5acad60a25246de/execute/sync HTTP/1.1
User-Agent: selenium/4.8.0 (java windows)
Content-Length: 47374
Content-Type: application/json; charset=utf-8
host: localhost:6896
accept: */*

Response DefaultHttpResponse(decodeResult: success, version: HTTP/1.1)
HTTP/1.1 200 OK
Content-Length: 14
Content-Type: application/json; charset=utf-8
cache-control: no-cache

11:36:42.982 [AsyncHttpClient-1-8] DEBUG org.asynchttpclient.netty.channel.ChannelManager - Adding key: http://localhost:6896 for channel [id: 0x1681981a, L:/127.0.0.1:61476 - R:localhost/127.0.0.1:6896]
11:36:42.989 [Forwarding getElementAttribute on session 7f96e7e36b9f10a8b5acad60a25246de to remote] DEBUG org.asynchttpclient.netty.request.NettyRequestSender - Using pooled Channel '[id: 0x1681981a, L:/127.0.0.1:61476 - R:localhost/127.0.0.1:6896]' for 'POST' to 'http://localhost:6896/session/7f96e7e36b9f10a8b5acad60a25246de/execute/sync'
11:36:42.989 [Forwarding getElementAttribute on session 7f96e7e36b9f10a8b5acad60a25246de to remote] DEBUG org.asynchttpclient.netty.request.NettyRequestSender - Using open Channel [id: 0x1681981a, L:/127.0.0.1:61476 - R:localhost/127.0.0.1:6896] for POST '/session/7f96e7e36b9f10a8b5acad60a25246de/execute/sync'
11:36:42.997 [AsyncHttpClient-1-8] DEBUG org.asynchttpclient.netty.handler.HttpHandler - 

Request DefaultHttpRequest(decodeResult: success, version: HTTP/1.1)
POST /session/7f96e7e36b9f10a8b5acad60a25246de/execute/sync HTTP/1.1
User-Agent: selenium/4.8.0 (java windows)
Content-Length: 47375
Content-Type: application/json; charset=utf-8
host: localhost:6896
accept: */*

Response DefaultHttpResponse(decodeResult: success, version: HTTP/1.1)
HTTP/1.1 200 OK
Content-Length: 14
Content-Type: application/json; charset=utf-8
cache-control: no-cache

11:36:42.997 [AsyncHttpClient-1-8] DEBUG org.asynchttpclient.netty.channel.ChannelManager - Adding key: http://localhost:6896 for channel [id: 0x1681981a, L:/127.0.0.1:61476 - R:localhost/127.0.0.1:6896]
11:36:43.001 [Forwarding getElementAttribute on session 7f96e7e36b9f10a8b5acad60a25246de to remote] DEBUG org.asynchttpclient.netty.request.NettyRequestSender - Using pooled Channel '[id: 0x1681981a, L:/127.0.0.1:61476 - R:localhost/127.0.0.1:6896]' for 'POST' to 'http://localhost:6896/session/7f96e7e36b9f10a8b5acad60a25246de/execute/sync'
11:36:43.001 [Forwarding getElementAttribute on session 7f96e7e36b9f10a8b5acad60a25246de to remote] DEBUG org.asynchttpclient.netty.request.NettyRequestSender - Using open Channel [id: 0x1681981a, L:/127.0.0.1:61476 - R:localhost/127.0.0.1:6896] for POST '/session/7f96e7e36b9f10a8b5acad60a25246de/execute/sync'
11:36:43.013 [AsyncHttpClient-1-8] DEBUG org.asynchttpclient.netty.handler.HttpHandler - 

Request DefaultHttpRequest(decodeResult: success, version: HTTP/1.1)
POST /session/7f96e7e36b9f10a8b5acad60a25246de/execute/sync HTTP/1.1
User-Agent: selenium/4.8.0 (java windows)
Content-Length: 47375
Content-Type: application/json; charset=utf-8
host: localhost:6896
accept: */*

Response DefaultHttpResponse(decodeResult: success, version: HTTP/1.1)
HTTP/1.1 200 OK
Content-Length: 31
Content-Type: application/json; charset=utf-8
cache-control: no-cache

11:36:43.013 [AsyncHttpClient-1-8] DEBUG org.asynchttpclient.netty.channel.ChannelManager - Adding key: http://localhost:6896 for channel [id: 0x1681981a, L:/127.0.0.1:61476 - R:localhost/127.0.0.1:6896]
11:36:43.017 [Forwarding getElementAttribute on session 7f96e7e36b9f10a8b5acad60a25246de to remote] DEBUG org.asynchttpclient.netty.request.NettyRequestSender - Using pooled Channel '[id: 0x1681981a, L:/127.0.0.1:61476 - R:localhost/127.0.0.1:6896]' for 'POST' to 'http://localhost:6896/session/7f96e7e36b9f10a8b5acad60a25246de/execute/sync'
11:36:43.017 [Forwarding getElementAttribute on session 7f96e7e36b9f10a8b5acad60a25246de to remote] DEBUG org.asynchttpclient.netty.request.NettyRequestSender - Using open Channel [id: 0x1681981a, L:/127.0.0.1:61476 - R:localhost/127.0.0.1:6896] for POST '/session/7f96e7e36b9f10a8b5acad60a25246de/execute/sync'
11:36:43.026 [AsyncHttpClient-1-8] DEBUG org.asynchttpclient.netty.handler.HttpHandler - 

Request DefaultHttpRequest(decodeResult: success, version: HTTP/1.1)
POST /session/7f96e7e36b9f10a8b5acad60a25246de/execute/sync HTTP/1.1
User-Agent: selenium/4.8.0 (java windows)
Content-Length: 47375
Content-Type: application/json; charset=utf-8
host: localhost:6896
accept: */*

Response DefaultHttpResponse(decodeResult: success, version: HTTP/1.1)
HTTP/1.1 200 OK
Content-Length: 31
Content-Type: application/json; charset=utf-8
cache-control: no-cache

11:36:43.026 [AsyncHttpClient-1-8] DEBUG org.asynchttpclient.netty.channel.ChannelManager - Adding key: http://localhost:6896 for channel [id: 0x1681981a, L:/127.0.0.1:61476 - R:localhost/127.0.0.1:6896]
11:36:43.026 [main] INFO  com.swaglabs.base.SetUp - <div class='inventory_item_name'> - InventoryPage.productnamesininverntorypagevalidated
11:36:43.029 [Forwarding findElements on session 7f96e7e36b9f10a8b5acad60a25246de to remote] DEBUG org.asynchttpclient.netty.request.NettyRequestSender - Using pooled Channel '[id: 0x1681981a, L:/127.0.0.1:61476 - R:localhost/127.0.0.1:6896]' for 'POST' to 'http://localhost:6896/session/7f96e7e36b9f10a8b5acad60a25246de/elements'
11:36:43.029 [Forwarding findElements on session 7f96e7e36b9f10a8b5acad60a25246de to remote] DEBUG org.asynchttpclient.netty.request.NettyRequestSender - Using open Channel [id: 0x1681981a, L:/127.0.0.1:61476 - R:localhost/127.0.0.1:6896] for POST '/session/7f96e7e36b9f10a8b5acad60a25246de/elements'
11:36:43.035 [AsyncHttpClient-1-8] DEBUG org.asynchttpclient.netty.handler.HttpHandler - 

Request DefaultHttpRequest(decodeResult: success, version: HTTP/1.1)
POST /session/7f96e7e36b9f10a8b5acad60a25246de/elements HTTP/1.1
User-Agent: selenium/4.8.0 (java windows)
Content-Length: 111
Content-Type: application/json; charset=utf-8
host: localhost:6896
accept: */*

Response DefaultHttpResponse(decodeResult: success, version: HTTP/1.1)
HTTP/1.1 200 OK
Content-Length: 527
Content-Type: application/json; charset=utf-8
cache-control: no-cache

11:36:43.035 [AsyncHttpClient-1-8] DEBUG org.asynchttpclient.netty.channel.ChannelManager - Adding key: http://localhost:6896 for channel [id: 0x1681981a, L:/127.0.0.1:61476 - R:localhost/127.0.0.1:6896]
11:36:43.037 [Forwarding findElements on session 7f96e7e36b9f10a8b5acad60a25246de to remote] DEBUG org.asynchttpclient.netty.request.NettyRequestSender - Using pooled Channel '[id: 0x1681981a, L:/127.0.0.1:61476 - R:localhost/127.0.0.1:6896]' for 'POST' to 'http://localhost:6896/session/7f96e7e36b9f10a8b5acad60a25246de/elements'
11:36:43.037 [Forwarding findElements on session 7f96e7e36b9f10a8b5acad60a25246de to remote] DEBUG org.asynchttpclient.netty.request.NettyRequestSender - Using open Channel [id: 0x1681981a, L:/127.0.0.1:61476 - R:localhost/127.0.0.1:6896] for POST '/session/7f96e7e36b9f10a8b5acad60a25246de/elements'
11:36:43.046 [AsyncHttpClient-1-8] DEBUG org.asynchttpclient.netty.handler.HttpHandler - 

Request DefaultHttpRequest(decodeResult: success, version: HTTP/1.1)
POST /session/7f96e7e36b9f10a8b5acad60a25246de/elements HTTP/1.1
User-Agent: selenium/4.8.0 (java windows)
Content-Length: 111
Content-Type: application/json; charset=utf-8
host: localhost:6896
accept: */*

Response DefaultHttpResponse(decodeResult: success, version: HTTP/1.1)
HTTP/1.1 200 OK
Content-Length: 527
Content-Type: application/json; charset=utf-8
cache-control: no-cache

11:36:43.046 [AsyncHttpClient-1-8] DEBUG org.asynchttpclient.netty.channel.ChannelManager - Adding key: http://localhost:6896 for channel [id: 0x1681981a, L:/127.0.0.1:61476 - R:localhost/127.0.0.1:6896]
11:36:43.048 [Forwarding getElementText on session 7f96e7e36b9f10a8b5acad60a25246de to remote] DEBUG org.asynchttpclient.netty.request.NettyRequestSender - Using pooled Channel '[id: 0x1681981a, L:/127.0.0.1:61476 - R:localhost/127.0.0.1:6896]' for 'GET' to 'http://localhost:6896/session/7f96e7e36b9f10a8b5acad60a25246de/element/6FF2D42796E1B5636833727143D40385_element_34/text'
11:36:43.048 [Forwarding getElementText on session 7f96e7e36b9f10a8b5acad60a25246de to remote] DEBUG org.asynchttpclient.netty.request.NettyRequestSender - Using open Channel [id: 0x1681981a, L:/127.0.0.1:61476 - R:localhost/127.0.0.1:6896] for GET '/session/7f96e7e36b9f10a8b5acad60a25246de/element/6FF2D42796E1B5636833727143D40385_element_34/text'
11:36:43.055 [AsyncHttpClient-1-8] DEBUG org.asynchttpclient.netty.handler.HttpHandler - 

Request DefaultFullHttpRequest(decodeResult: success, version: HTTP/1.1, content: EmptyByteBufBE)
GET /session/7f96e7e36b9f10a8b5acad60a25246de/element/6FF2D42796E1B5636833727143D40385_element_34/text HTTP/1.1
User-Agent: selenium/4.8.0 (java windows)
Cache-Control: no-cache
Content-Type: application/json; charset=utf-8
host: localhost:6896
accept: */*

Response DefaultHttpResponse(decodeResult: success, version: HTTP/1.1)
HTTP/1.1 200 OK
Content-Length: 29
Content-Type: application/json; charset=utf-8
cache-control: no-cache

11:36:43.055 [AsyncHttpClient-1-8] DEBUG org.asynchttpclient.netty.channel.ChannelManager - Adding key: http://localhost:6896 for channel [id: 0x1681981a, L:/127.0.0.1:61476 - R:localhost/127.0.0.1:6896]
11:36:43.056 [Forwarding findElements on session 7f96e7e36b9f10a8b5acad60a25246de to remote] DEBUG org.asynchttpclient.netty.request.NettyRequestSender - Using pooled Channel '[id: 0x1681981a, L:/127.0.0.1:61476 - R:localhost/127.0.0.1:6896]' for 'POST' to 'http://localhost:6896/session/7f96e7e36b9f10a8b5acad60a25246de/elements'
11:36:43.056 [Forwarding findElements on session 7f96e7e36b9f10a8b5acad60a25246de to remote] DEBUG org.asynchttpclient.netty.request.NettyRequestSender - Using open Channel [id: 0x1681981a, L:/127.0.0.1:61476 - R:localhost/127.0.0.1:6896] for POST '/session/7f96e7e36b9f10a8b5acad60a25246de/elements'
11:36:43.065 [AsyncHttpClient-1-8] DEBUG org.asynchttpclient.netty.handler.HttpHandler - 

Request DefaultHttpRequest(decodeResult: success, version: HTTP/1.1)
POST /session/7f96e7e36b9f10a8b5acad60a25246de/elements HTTP/1.1
User-Agent: selenium/4.8.0 (java windows)
Content-Length: 111
Content-Type: application/json; charset=utf-8
host: localhost:6896
accept: */*

Response DefaultHttpResponse(decodeResult: success, version: HTTP/1.1)
HTTP/1.1 200 OK
Content-Length: 527
Content-Type: application/json; charset=utf-8
cache-control: no-cache

11:36:43.065 [AsyncHttpClient-1-8] DEBUG org.asynchttpclient.netty.channel.ChannelManager - Adding key: http://localhost:6896 for channel [id: 0x1681981a, L:/127.0.0.1:61476 - R:localhost/127.0.0.1:6896]
11:36:43.066 [Forwarding getElementText on session 7f96e7e36b9f10a8b5acad60a25246de to remote] DEBUG org.asynchttpclient.netty.request.NettyRequestSender - Using pooled Channel '[id: 0x1681981a, L:/127.0.0.1:61476 - R:localhost/127.0.0.1:6896]' for 'GET' to 'http://localhost:6896/session/7f96e7e36b9f10a8b5acad60a25246de/element/6FF2D42796E1B5636833727143D40385_element_34/text'
11:36:43.066 [Forwarding getElementText on session 7f96e7e36b9f10a8b5acad60a25246de to remote] DEBUG org.asynchttpclient.netty.request.NettyRequestSender - Using open Channel [id: 0x1681981a, L:/127.0.0.1:61476 - R:localhost/127.0.0.1:6896] for GET '/session/7f96e7e36b9f10a8b5acad60a25246de/element/6FF2D42796E1B5636833727143D40385_element_34/text'
11:36:43.076 [AsyncHttpClient-1-8] DEBUG org.asynchttpclient.netty.handler.HttpHandler - 

Request DefaultFullHttpRequest(decodeResult: success, version: HTTP/1.1, content: EmptyByteBufBE)
GET /session/7f96e7e36b9f10a8b5acad60a25246de/element/6FF2D42796E1B5636833727143D40385_element_34/text HTTP/1.1
User-Agent: selenium/4.8.0 (java windows)
Cache-Control: no-cache
Content-Type: application/json; charset=utf-8
host: localhost:6896
accept: */*

Response DefaultHttpResponse(decodeResult: success, version: HTTP/1.1)
HTTP/1.1 200 OK
Content-Length: 29
Content-Type: application/json; charset=utf-8
cache-control: no-cache

11:36:43.076 [AsyncHttpClient-1-8] DEBUG org.asynchttpclient.netty.channel.ChannelManager - Adding key: http://localhost:6896 for channel [id: 0x1681981a, L:/127.0.0.1:61476 - R:localhost/127.0.0.1:6896]
11:36:43.077 [Forwarding findElements on session 7f96e7e36b9f10a8b5acad60a25246de to remote] DEBUG org.asynchttpclient.netty.request.NettyRequestSender - Using pooled Channel '[id: 0x1681981a, L:/127.0.0.1:61476 - R:localhost/127.0.0.1:6896]' for 'POST' to 'http://localhost:6896/session/7f96e7e36b9f10a8b5acad60a25246de/elements'
11:36:43.077 [Forwarding findElements on session 7f96e7e36b9f10a8b5acad60a25246de to remote] DEBUG org.asynchttpclient.netty.request.NettyRequestSender - Using open Channel [id: 0x1681981a, L:/127.0.0.1:61476 - R:localhost/127.0.0.1:6896] for POST '/session/7f96e7e36b9f10a8b5acad60a25246de/elements'
11:36:43.085 [AsyncHttpClient-1-8] DEBUG org.asynchttpclient.netty.handler.HttpHandler - 

Request DefaultHttpRequest(decodeResult: success, version: HTTP/1.1)
POST /session/7f96e7e36b9f10a8b5acad60a25246de/elements HTTP/1.1
User-Agent: selenium/4.8.0 (java windows)
Content-Length: 111
Content-Type: application/json; charset=utf-8
host: localhost:6896
accept: */*

Response DefaultHttpResponse(decodeResult: success, version: HTTP/1.1)
HTTP/1.1 200 OK
Content-Length: 527
Content-Type: application/json; charset=utf-8
cache-control: no-cache

11:36:43.085 [AsyncHttpClient-1-8] DEBUG org.asynchttpclient.netty.channel.ChannelManager - Adding key: http://localhost:6896 for channel [id: 0x1681981a, L:/127.0.0.1:61476 - R:localhost/127.0.0.1:6896]
11:36:43.086 [Forwarding getElementTagName on session 7f96e7e36b9f10a8b5acad60a25246de to remote] DEBUG org.asynchttpclient.netty.request.NettyRequestSender - Using pooled Channel '[id: 0x1681981a, L:/127.0.0.1:61476 - R:localhost/127.0.0.1:6896]' for 'GET' to 'http://localhost:6896/session/7f96e7e36b9f10a8b5acad60a25246de/element/6FF2D42796E1B5636833727143D40385_element_34/name'
11:36:43.086 [Forwarding getElementTagName on session 7f96e7e36b9f10a8b5acad60a25246de to remote] DEBUG org.asynchttpclient.netty.request.NettyRequestSender - Using open Channel [id: 0x1681981a, L:/127.0.0.1:61476 - R:localhost/127.0.0.1:6896] for GET '/session/7f96e7e36b9f10a8b5acad60a25246de/element/6FF2D42796E1B5636833727143D40385_element_34/name'
11:36:43.089 [AsyncHttpClient-1-8] DEBUG org.asynchttpclient.netty.handler.HttpHandler - 

Request DefaultFullHttpRequest(decodeResult: success, version: HTTP/1.1, content: EmptyByteBufBE)
GET /session/7f96e7e36b9f10a8b5acad60a25246de/element/6FF2D42796E1B5636833727143D40385_element_34/name HTTP/1.1
User-Agent: selenium/4.8.0 (java windows)
Cache-Control: no-cache
Content-Type: application/json; charset=utf-8
host: localhost:6896
accept: */*

Response DefaultHttpResponse(decodeResult: success, version: HTTP/1.1)
HTTP/1.1 200 OK
Content-Length: 15
Content-Type: application/json; charset=utf-8
cache-control: no-cache

11:36:43.089 [AsyncHttpClient-1-8] DEBUG org.asynchttpclient.netty.channel.ChannelManager - Adding key: http://localhost:6896 for channel [id: 0x1681981a, L:/127.0.0.1:61476 - R:localhost/127.0.0.1:6896]
11:36:43.093 [Forwarding getElementAttribute on session 7f96e7e36b9f10a8b5acad60a25246de to remote] DEBUG org.asynchttpclient.netty.request.NettyRequestSender - Using pooled Channel '[id: 0x1681981a, L:/127.0.0.1:61476 - R:localhost/127.0.0.1:6896]' for 'POST' to 'http://localhost:6896/session/7f96e7e36b9f10a8b5acad60a25246de/execute/sync'
11:36:43.093 [Forwarding getElementAttribute on session 7f96e7e36b9f10a8b5acad60a25246de to remote] DEBUG org.asynchttpclient.netty.request.NettyRequestSender - Using open Channel [id: 0x1681981a, L:/127.0.0.1:61476 - R:localhost/127.0.0.1:6896] for POST '/session/7f96e7e36b9f10a8b5acad60a25246de/execute/sync'
11:36:43.102 [AsyncHttpClient-1-8] DEBUG org.asynchttpclient.netty.handler.HttpHandler - 

Request DefaultHttpRequest(decodeResult: success, version: HTTP/1.1)
POST /session/7f96e7e36b9f10a8b5acad60a25246de/execute/sync HTTP/1.1
User-Agent: selenium/4.8.0 (java windows)
Content-Length: 47372
Content-Type: application/json; charset=utf-8
host: localhost:6896
accept: */*

Response DefaultHttpResponse(decodeResult: success, version: HTTP/1.1)
HTTP/1.1 200 OK
Content-Length: 12
Content-Type: application/json; charset=utf-8
cache-control: no-cache

11:36:43.102 [AsyncHttpClient-1-8] DEBUG org.asynchttpclient.netty.channel.ChannelManager - Adding key: http://localhost:6896 for channel [id: 0x1681981a, L:/127.0.0.1:61476 - R:localhost/127.0.0.1:6896]
11:36:43.104 [Forwarding getElementAttribute on session 7f96e7e36b9f10a8b5acad60a25246de to remote] DEBUG org.asynchttpclient.netty.request.NettyRequestSender - Using pooled Channel '[id: 0x1681981a, L:/127.0.0.1:61476 - R:localhost/127.0.0.1:6896]' for 'POST' to 'http://localhost:6896/session/7f96e7e36b9f10a8b5acad60a25246de/execute/sync'
11:36:43.104 [Forwarding getElementAttribute on session 7f96e7e36b9f10a8b5acad60a25246de to remote] DEBUG org.asynchttpclient.netty.request.NettyRequestSender - Using open Channel [id: 0x1681981a, L:/127.0.0.1:61476 - R:localhost/127.0.0.1:6896] for POST '/session/7f96e7e36b9f10a8b5acad60a25246de/execute/sync'
11:36:43.113 [AsyncHttpClient-1-8] DEBUG org.asynchttpclient.netty.handler.HttpHandler - 

Request DefaultHttpRequest(decodeResult: success, version: HTTP/1.1)
POST /session/7f96e7e36b9f10a8b5acad60a25246de/execute/sync HTTP/1.1
User-Agent: selenium/4.8.0 (java windows)
Content-Length: 47374
Content-Type: application/json; charset=utf-8
host: localhost:6896
accept: */*

Response DefaultHttpResponse(decodeResult: success, version: HTTP/1.1)
HTTP/1.1 200 OK
Content-Length: 14
Content-Type: application/json; charset=utf-8
cache-control: no-cache

11:36:43.113 [AsyncHttpClient-1-8] DEBUG org.asynchttpclient.netty.channel.ChannelManager - Adding key: http://localhost:6896 for channel [id: 0x1681981a, L:/127.0.0.1:61476 - R:localhost/127.0.0.1:6896]
11:36:43.116 [Forwarding getElementAttribute on session 7f96e7e36b9f10a8b5acad60a25246de to remote] DEBUG org.asynchttpclient.netty.request.NettyRequestSender - Using pooled Channel '[id: 0x1681981a, L:/127.0.0.1:61476 - R:localhost/127.0.0.1:6896]' for 'POST' to 'http://localhost:6896/session/7f96e7e36b9f10a8b5acad60a25246de/execute/sync'
11:36:43.116 [Forwarding getElementAttribute on session 7f96e7e36b9f10a8b5acad60a25246de to remote] DEBUG org.asynchttpclient.netty.request.NettyRequestSender - Using open Channel [id: 0x1681981a, L:/127.0.0.1:61476 - R:localhost/127.0.0.1:6896] for POST '/session/7f96e7e36b9f10a8b5acad60a25246de/execute/sync'
11:36:43.126 [AsyncHttpClient-1-8] DEBUG org.asynchttpclient.netty.handler.HttpHandler - 

Request DefaultHttpRequest(decodeResult: success, version: HTTP/1.1)
POST /session/7f96e7e36b9f10a8b5acad60a25246de/execute/sync HTTP/1.1
User-Agent: selenium/4.8.0 (java windows)
Content-Length: 47374
Content-Type: application/json; charset=utf-8
host: localhost:6896
accept: */*

Response DefaultHttpResponse(decodeResult: success, version: HTTP/1.1)
HTTP/1.1 200 OK
Content-Length: 14
Content-Type: application/json; charset=utf-8
cache-control: no-cache

11:36:43.126 [AsyncHttpClient-1-8] DEBUG org.asynchttpclient.netty.channel.ChannelManager - Adding key: http://localhost:6896 for channel [id: 0x1681981a, L:/127.0.0.1:61476 - R:localhost/127.0.0.1:6896]
11:36:43.129 [Forwarding getElementAttribute on session 7f96e7e36b9f10a8b5acad60a25246de to remote] DEBUG org.asynchttpclient.netty.request.NettyRequestSender - Using pooled Channel '[id: 0x1681981a, L:/127.0.0.1:61476 - R:localhost/127.0.0.1:6896]' for 'POST' to 'http://localhost:6896/session/7f96e7e36b9f10a8b5acad60a25246de/execute/sync'
11:36:43.129 [Forwarding getElementAttribute on session 7f96e7e36b9f10a8b5acad60a25246de to remote] DEBUG org.asynchttpclient.netty.request.NettyRequestSender - Using open Channel [id: 0x1681981a, L:/127.0.0.1:61476 - R:localhost/127.0.0.1:6896] for POST '/session/7f96e7e36b9f10a8b5acad60a25246de/execute/sync'
11:36:43.141 [AsyncHttpClient-1-8] DEBUG org.asynchttpclient.netty.handler.HttpHandler - 

Request DefaultHttpRequest(decodeResult: success, version: HTTP/1.1)
POST /session/7f96e7e36b9f10a8b5acad60a25246de/execute/sync HTTP/1.1
User-Agent: selenium/4.8.0 (java windows)
Content-Length: 47374
Content-Type: application/json; charset=utf-8
host: localhost:6896
accept: */*

Response DefaultHttpResponse(decodeResult: success, version: HTTP/1.1)
HTTP/1.1 200 OK
Content-Length: 14
Content-Type: application/json; charset=utf-8
cache-control: no-cache

11:36:43.141 [AsyncHttpClient-1-8] DEBUG org.asynchttpclient.netty.channel.ChannelManager - Adding key: http://localhost:6896 for channel [id: 0x1681981a, L:/127.0.0.1:61476 - R:localhost/127.0.0.1:6896]
11:36:43.144 [Forwarding getElementAttribute on session 7f96e7e36b9f10a8b5acad60a25246de to remote] DEBUG org.asynchttpclient.netty.request.NettyRequestSender - Using pooled Channel '[id: 0x1681981a, L:/127.0.0.1:61476 - R:localhost/127.0.0.1:6896]' for 'POST' to 'http://localhost:6896/session/7f96e7e36b9f10a8b5acad60a25246de/execute/sync'
11:36:43.144 [Forwarding getElementAttribute on session 7f96e7e36b9f10a8b5acad60a25246de to remote] DEBUG org.asynchttpclient.netty.request.NettyRequestSender - Using open Channel [id: 0x1681981a, L:/127.0.0.1:61476 - R:localhost/127.0.0.1:6896] for POST '/session/7f96e7e36b9f10a8b5acad60a25246de/execute/sync'
11:36:43.157 [AsyncHttpClient-1-8] DEBUG org.asynchttpclient.netty.handler.HttpHandler - 

Request DefaultHttpRequest(decodeResult: success, version: HTTP/1.1)
POST /session/7f96e7e36b9f10a8b5acad60a25246de/execute/sync HTTP/1.1
User-Agent: selenium/4.8.0 (java windows)
Content-Length: 47375
Content-Type: application/json; charset=utf-8
host: localhost:6896
accept: */*

Response DefaultHttpResponse(decodeResult: success, version: HTTP/1.1)
HTTP/1.1 200 OK
Content-Length: 14
Content-Type: application/json; charset=utf-8
cache-control: no-cache

11:36:43.157 [AsyncHttpClient-1-8] DEBUG org.asynchttpclient.netty.channel.ChannelManager - Adding key: http://localhost:6896 for channel [id: 0x1681981a, L:/127.0.0.1:61476 - R:localhost/127.0.0.1:6896]
11:36:43.158 [Forwarding getElementAttribute on session 7f96e7e36b9f10a8b5acad60a25246de to remote] DEBUG org.asynchttpclient.netty.request.NettyRequestSender - Using pooled Channel '[id: 0x1681981a, L:/127.0.0.1:61476 - R:localhost/127.0.0.1:6896]' for 'POST' to 'http://localhost:6896/session/7f96e7e36b9f10a8b5acad60a25246de/execute/sync'
11:36:43.158 [Forwarding getElementAttribute on session 7f96e7e36b9f10a8b5acad60a25246de to remote] DEBUG org.asynchttpclient.netty.request.NettyRequestSender - Using open Channel [id: 0x1681981a, L:/127.0.0.1:61476 - R:localhost/127.0.0.1:6896] for POST '/session/7f96e7e36b9f10a8b5acad60a25246de/execute/sync'
11:36:43.168 [AsyncHttpClient-1-8] DEBUG org.asynchttpclient.netty.handler.HttpHandler - 

Request DefaultHttpRequest(decodeResult: success, version: HTTP/1.1)
POST /session/7f96e7e36b9f10a8b5acad60a25246de/execute/sync HTTP/1.1
User-Agent: selenium/4.8.0 (java windows)
Content-Length: 47375
Content-Type: application/json; charset=utf-8
host: localhost:6896
accept: */*

Response DefaultHttpResponse(decodeResult: success, version: HTTP/1.1)
HTTP/1.1 200 OK
Content-Length: 31
Content-Type: application/json; charset=utf-8
cache-control: no-cache

11:36:43.168 [AsyncHttpClient-1-8] DEBUG org.asynchttpclient.netty.channel.ChannelManager - Adding key: http://localhost:6896 for channel [id: 0x1681981a, L:/127.0.0.1:61476 - R:localhost/127.0.0.1:6896]
11:36:43.170 [Forwarding getElementAttribute on session 7f96e7e36b9f10a8b5acad60a25246de to remote] DEBUG org.asynchttpclient.netty.request.NettyRequestSender - Using pooled Channel '[id: 0x1681981a, L:/127.0.0.1:61476 - R:localhost/127.0.0.1:6896]' for 'POST' to 'http://localhost:6896/session/7f96e7e36b9f10a8b5acad60a25246de/execute/sync'
11:36:43.170 [Forwarding getElementAttribute on session 7f96e7e36b9f10a8b5acad60a25246de to remote] DEBUG org.asynchttpclient.netty.request.NettyRequestSender - Using open Channel [id: 0x1681981a, L:/127.0.0.1:61476 - R:localhost/127.0.0.1:6896] for POST '/session/7f96e7e36b9f10a8b5acad60a25246de/execute/sync'
11:36:43.180 [AsyncHttpClient-1-8] DEBUG org.asynchttpclient.netty.handler.HttpHandler - 

Request DefaultHttpRequest(decodeResult: success, version: HTTP/1.1)
POST /session/7f96e7e36b9f10a8b5acad60a25246de/execute/sync HTTP/1.1
User-Agent: selenium/4.8.0 (java windows)
Content-Length: 47375
Content-Type: application/json; charset=utf-8
host: localhost:6896
accept: */*

Response DefaultHttpResponse(decodeResult: success, version: HTTP/1.1)
HTTP/1.1 200 OK
Content-Length: 31
Content-Type: application/json; charset=utf-8
cache-control: no-cache

11:36:43.180 [AsyncHttpClient-1-8] DEBUG org.asynchttpclient.netty.channel.ChannelManager - Adding key: http://localhost:6896 for channel [id: 0x1681981a, L:/127.0.0.1:61476 - R:localhost/127.0.0.1:6896]
11:36:43.180 [main] INFO  com.swaglabs.base.SetUp - <div class='inventory_item_name'> - InventoryPage.productnamesininverntorypagevalidated
11:36:43.181 [Forwarding findElements on session 7f96e7e36b9f10a8b5acad60a25246de to remote] DEBUG org.asynchttpclient.netty.request.NettyRequestSender - Using pooled Channel '[id: 0x1681981a, L:/127.0.0.1:61476 - R:localhost/127.0.0.1:6896]' for 'POST' to 'http://localhost:6896/session/7f96e7e36b9f10a8b5acad60a25246de/elements'
11:36:43.181 [Forwarding findElements on session 7f96e7e36b9f10a8b5acad60a25246de to remote] DEBUG org.asynchttpclient.netty.request.NettyRequestSender - Using open Channel [id: 0x1681981a, L:/127.0.0.1:61476 - R:localhost/127.0.0.1:6896] for POST '/session/7f96e7e36b9f10a8b5acad60a25246de/elements'
11:36:43.190 [AsyncHttpClient-1-8] DEBUG org.asynchttpclient.netty.handler.HttpHandler - 

Request DefaultHttpRequest(decodeResult: success, version: HTTP/1.1)
POST /session/7f96e7e36b9f10a8b5acad60a25246de/elements HTTP/1.1
User-Agent: selenium/4.8.0 (java windows)
Content-Length: 111
Content-Type: application/json; charset=utf-8
host: localhost:6896
accept: */*

Response DefaultHttpResponse(decodeResult: success, version: HTTP/1.1)
HTTP/1.1 200 OK
Content-Length: 527
Content-Type: application/json; charset=utf-8
cache-control: no-cache

11:36:43.190 [AsyncHttpClient-1-8] DEBUG org.asynchttpclient.netty.channel.ChannelManager - Adding key: http://localhost:6896 for channel [id: 0x1681981a, L:/127.0.0.1:61476 - R:localhost/127.0.0.1:6896]
11:36:43.191 [Forwarding findElements on session 7f96e7e36b9f10a8b5acad60a25246de to remote] DEBUG org.asynchttpclient.netty.request.NettyRequestSender - Using pooled Channel '[id: 0x1681981a, L:/127.0.0.1:61476 - R:localhost/127.0.0.1:6896]' for 'POST' to 'http://localhost:6896/session/7f96e7e36b9f10a8b5acad60a25246de/elements'
11:36:43.191 [Forwarding findElements on session 7f96e7e36b9f10a8b5acad60a25246de to remote] DEBUG org.asynchttpclient.netty.request.NettyRequestSender - Using open Channel [id: 0x1681981a, L:/127.0.0.1:61476 - R:localhost/127.0.0.1:6896] for POST '/session/7f96e7e36b9f10a8b5acad60a25246de/elements'
11:36:43.198 [AsyncHttpClient-1-8] DEBUG org.asynchttpclient.netty.handler.HttpHandler - 

Request DefaultHttpRequest(decodeResult: success, version: HTTP/1.1)
POST /session/7f96e7e36b9f10a8b5acad60a25246de/elements HTTP/1.1
User-Agent: selenium/4.8.0 (java windows)
Content-Length: 111
Content-Type: application/json; charset=utf-8
host: localhost:6896
accept: */*

Response DefaultHttpResponse(decodeResult: success, version: HTTP/1.1)
HTTP/1.1 200 OK
Content-Length: 527
Content-Type: application/json; charset=utf-8
cache-control: no-cache

11:36:43.198 [AsyncHttpClient-1-8] DEBUG org.asynchttpclient.netty.channel.ChannelManager - Adding key: http://localhost:6896 for channel [id: 0x1681981a, L:/127.0.0.1:61476 - R:localhost/127.0.0.1:6896]
11:36:43.198 [Forwarding getElementText on session 7f96e7e36b9f10a8b5acad60a25246de to remote] DEBUG org.asynchttpclient.netty.request.NettyRequestSender - Using pooled Channel '[id: 0x1681981a, L:/127.0.0.1:61476 - R:localhost/127.0.0.1:6896]' for 'GET' to 'http://localhost:6896/session/7f96e7e36b9f10a8b5acad60a25246de/element/6FF2D42796E1B5636833727143D40385_element_35/text'
11:36:43.198 [Forwarding getElementText on session 7f96e7e36b9f10a8b5acad60a25246de to remote] DEBUG org.asynchttpclient.netty.request.NettyRequestSender - Using open Channel [id: 0x1681981a, L:/127.0.0.1:61476 - R:localhost/127.0.0.1:6896] for GET '/session/7f96e7e36b9f10a8b5acad60a25246de/element/6FF2D42796E1B5636833727143D40385_element_35/text'
11:36:43.211 [AsyncHttpClient-1-8] DEBUG org.asynchttpclient.netty.handler.HttpHandler - 

Request DefaultFullHttpRequest(decodeResult: success, version: HTTP/1.1, content: EmptyByteBufBE)
GET /session/7f96e7e36b9f10a8b5acad60a25246de/element/6FF2D42796E1B5636833727143D40385_element_35/text HTTP/1.1
User-Agent: selenium/4.8.0 (java windows)
Cache-Control: no-cache
Content-Type: application/json; charset=utf-8
host: localhost:6896
accept: */*

Response DefaultHttpResponse(decodeResult: success, version: HTTP/1.1)
HTTP/1.1 200 OK
Content-Length: 45
Content-Type: application/json; charset=utf-8
cache-control: no-cache

11:36:43.211 [AsyncHttpClient-1-8] DEBUG org.asynchttpclient.netty.channel.ChannelManager - Adding key: http://localhost:6896 for channel [id: 0x1681981a, L:/127.0.0.1:61476 - R:localhost/127.0.0.1:6896]
11:36:43.213 [Forwarding findElements on session 7f96e7e36b9f10a8b5acad60a25246de to remote] DEBUG org.asynchttpclient.netty.request.NettyRequestSender - Using pooled Channel '[id: 0x1681981a, L:/127.0.0.1:61476 - R:localhost/127.0.0.1:6896]' for 'POST' to 'http://localhost:6896/session/7f96e7e36b9f10a8b5acad60a25246de/elements'
11:36:43.213 [Forwarding findElements on session 7f96e7e36b9f10a8b5acad60a25246de to remote] DEBUG org.asynchttpclient.netty.request.NettyRequestSender - Using open Channel [id: 0x1681981a, L:/127.0.0.1:61476 - R:localhost/127.0.0.1:6896] for POST '/session/7f96e7e36b9f10a8b5acad60a25246de/elements'
11:36:43.221 [AsyncHttpClient-1-8] DEBUG org.asynchttpclient.netty.handler.HttpHandler - 

Request DefaultHttpRequest(decodeResult: success, version: HTTP/1.1)
POST /session/7f96e7e36b9f10a8b5acad60a25246de/elements HTTP/1.1
User-Agent: selenium/4.8.0 (java windows)
Content-Length: 111
Content-Type: application/json; charset=utf-8
host: localhost:6896
accept: */*

Response DefaultHttpResponse(decodeResult: success, version: HTTP/1.1)
HTTP/1.1 200 OK
Content-Length: 527
Content-Type: application/json; charset=utf-8
cache-control: no-cache

11:36:43.221 [AsyncHttpClient-1-8] DEBUG org.asynchttpclient.netty.channel.ChannelManager - Adding key: http://localhost:6896 for channel [id: 0x1681981a, L:/127.0.0.1:61476 - R:localhost/127.0.0.1:6896]
11:36:43.222 [Forwarding getElementText on session 7f96e7e36b9f10a8b5acad60a25246de to remote] DEBUG org.asynchttpclient.netty.request.NettyRequestSender - Using pooled Channel '[id: 0x1681981a, L:/127.0.0.1:61476 - R:localhost/127.0.0.1:6896]' for 'GET' to 'http://localhost:6896/session/7f96e7e36b9f10a8b5acad60a25246de/element/6FF2D42796E1B5636833727143D40385_element_35/text'
11:36:43.222 [Forwarding getElementText on session 7f96e7e36b9f10a8b5acad60a25246de to remote] DEBUG org.asynchttpclient.netty.request.NettyRequestSender - Using open Channel [id: 0x1681981a, L:/127.0.0.1:61476 - R:localhost/127.0.0.1:6896] for GET '/session/7f96e7e36b9f10a8b5acad60a25246de/element/6FF2D42796E1B5636833727143D40385_element_35/text'
11:36:43.232 [AsyncHttpClient-1-8] DEBUG org.asynchttpclient.netty.handler.HttpHandler - 

Request DefaultFullHttpRequest(decodeResult: success, version: HTTP/1.1, content: EmptyByteBufBE)
GET /session/7f96e7e36b9f10a8b5acad60a25246de/element/6FF2D42796E1B5636833727143D40385_element_35/text HTTP/1.1
User-Agent: selenium/4.8.0 (java windows)
Cache-Control: no-cache
Content-Type: application/json; charset=utf-8
host: localhost:6896
accept: */*

Response DefaultHttpResponse(decodeResult: success, version: HTTP/1.1)
HTTP/1.1 200 OK
Content-Length: 45
Content-Type: application/json; charset=utf-8
cache-control: no-cache

11:36:43.232 [AsyncHttpClient-1-8] DEBUG org.asynchttpclient.netty.channel.ChannelManager - Adding key: http://localhost:6896 for channel [id: 0x1681981a, L:/127.0.0.1:61476 - R:localhost/127.0.0.1:6896]
11:36:43.233 [Forwarding findElements on session 7f96e7e36b9f10a8b5acad60a25246de to remote] DEBUG org.asynchttpclient.netty.request.NettyRequestSender - Using pooled Channel '[id: 0x1681981a, L:/127.0.0.1:61476 - R:localhost/127.0.0.1:6896]' for 'POST' to 'http://localhost:6896/session/7f96e7e36b9f10a8b5acad60a25246de/elements'
11:36:43.233 [Forwarding findElements on session 7f96e7e36b9f10a8b5acad60a25246de to remote] DEBUG org.asynchttpclient.netty.request.NettyRequestSender - Using open Channel [id: 0x1681981a, L:/127.0.0.1:61476 - R:localhost/127.0.0.1:6896] for POST '/session/7f96e7e36b9f10a8b5acad60a25246de/elements'
11:36:43.240 [AsyncHttpClient-1-8] DEBUG org.asynchttpclient.netty.handler.HttpHandler - 

Request DefaultHttpRequest(decodeResult: success, version: HTTP/1.1)
POST /session/7f96e7e36b9f10a8b5acad60a25246de/elements HTTP/1.1
User-Agent: selenium/4.8.0 (java windows)
Content-Length: 111
Content-Type: application/json; charset=utf-8
host: localhost:6896
accept: */*

Response DefaultHttpResponse(decodeResult: success, version: HTTP/1.1)
HTTP/1.1 200 OK
Content-Length: 527
Content-Type: application/json; charset=utf-8
cache-control: no-cache

11:36:43.240 [AsyncHttpClient-1-8] DEBUG org.asynchttpclient.netty.channel.ChannelManager - Adding key: http://localhost:6896 for channel [id: 0x1681981a, L:/127.0.0.1:61476 - R:localhost/127.0.0.1:6896]
11:36:43.240 [Forwarding getElementTagName on session 7f96e7e36b9f10a8b5acad60a25246de to remote] DEBUG org.asynchttpclient.netty.request.NettyRequestSender - Using pooled Channel '[id: 0x1681981a, L:/127.0.0.1:61476 - R:localhost/127.0.0.1:6896]' for 'GET' to 'http://localhost:6896/session/7f96e7e36b9f10a8b5acad60a25246de/element/6FF2D42796E1B5636833727143D40385_element_35/name'
11:36:43.240 [Forwarding getElementTagName on session 7f96e7e36b9f10a8b5acad60a25246de to remote] DEBUG org.asynchttpclient.netty.request.NettyRequestSender - Using open Channel [id: 0x1681981a, L:/127.0.0.1:61476 - R:localhost/127.0.0.1:6896] for GET '/session/7f96e7e36b9f10a8b5acad60a25246de/element/6FF2D42796E1B5636833727143D40385_element_35/name'
11:36:43.245 [AsyncHttpClient-1-8] DEBUG org.asynchttpclient.netty.handler.HttpHandler - 

Request DefaultFullHttpRequest(decodeResult: success, version: HTTP/1.1, content: EmptyByteBufBE)
GET /session/7f96e7e36b9f10a8b5acad60a25246de/element/6FF2D42796E1B5636833727143D40385_element_35/name HTTP/1.1
User-Agent: selenium/4.8.0 (java windows)
Cache-Control: no-cache
Content-Type: application/json; charset=utf-8
host: localhost:6896
accept: */*

Response DefaultHttpResponse(decodeResult: success, version: HTTP/1.1)
HTTP/1.1 200 OK
Content-Length: 15
Content-Type: application/json; charset=utf-8
cache-control: no-cache

11:36:43.245 [AsyncHttpClient-1-8] DEBUG org.asynchttpclient.netty.channel.ChannelManager - Adding key: http://localhost:6896 for channel [id: 0x1681981a, L:/127.0.0.1:61476 - R:localhost/127.0.0.1:6896]
11:36:43.247 [Forwarding getElementAttribute on session 7f96e7e36b9f10a8b5acad60a25246de to remote] DEBUG org.asynchttpclient.netty.request.NettyRequestSender - Using pooled Channel '[id: 0x1681981a, L:/127.0.0.1:61476 - R:localhost/127.0.0.1:6896]' for 'POST' to 'http://localhost:6896/session/7f96e7e36b9f10a8b5acad60a25246de/execute/sync'
11:36:43.247 [Forwarding getElementAttribute on session 7f96e7e36b9f10a8b5acad60a25246de to remote] DEBUG org.asynchttpclient.netty.request.NettyRequestSender - Using open Channel [id: 0x1681981a, L:/127.0.0.1:61476 - R:localhost/127.0.0.1:6896] for POST '/session/7f96e7e36b9f10a8b5acad60a25246de/execute/sync'
11:36:43.258 [AsyncHttpClient-1-8] DEBUG org.asynchttpclient.netty.handler.HttpHandler - 

Request DefaultHttpRequest(decodeResult: success, version: HTTP/1.1)
POST /session/7f96e7e36b9f10a8b5acad60a25246de/execute/sync HTTP/1.1
User-Agent: selenium/4.8.0 (java windows)
Content-Length: 47372
Content-Type: application/json; charset=utf-8
host: localhost:6896
accept: */*

Response DefaultHttpResponse(decodeResult: success, version: HTTP/1.1)
HTTP/1.1 200 OK
Content-Length: 12
Content-Type: application/json; charset=utf-8
cache-control: no-cache

11:36:43.258 [AsyncHttpClient-1-8] DEBUG org.asynchttpclient.netty.channel.ChannelManager - Adding key: http://localhost:6896 for channel [id: 0x1681981a, L:/127.0.0.1:61476 - R:localhost/127.0.0.1:6896]
11:36:43.262 [Forwarding getElementAttribute on session 7f96e7e36b9f10a8b5acad60a25246de to remote] DEBUG org.asynchttpclient.netty.request.NettyRequestSender - Using pooled Channel '[id: 0x1681981a, L:/127.0.0.1:61476 - R:localhost/127.0.0.1:6896]' for 'POST' to 'http://localhost:6896/session/7f96e7e36b9f10a8b5acad60a25246de/execute/sync'
11:36:43.262 [Forwarding getElementAttribute on session 7f96e7e36b9f10a8b5acad60a25246de to remote] DEBUG org.asynchttpclient.netty.request.NettyRequestSender - Using open Channel [id: 0x1681981a, L:/127.0.0.1:61476 - R:localhost/127.0.0.1:6896] for POST '/session/7f96e7e36b9f10a8b5acad60a25246de/execute/sync'
11:36:43.274 [AsyncHttpClient-1-8] DEBUG org.asynchttpclient.netty.handler.HttpHandler - 

Request DefaultHttpRequest(decodeResult: success, version: HTTP/1.1)
POST /session/7f96e7e36b9f10a8b5acad60a25246de/execute/sync HTTP/1.1
User-Agent: selenium/4.8.0 (java windows)
Content-Length: 47374
Content-Type: application/json; charset=utf-8
host: localhost:6896
accept: */*

Response DefaultHttpResponse(decodeResult: success, version: HTTP/1.1)
HTTP/1.1 200 OK
Content-Length: 14
Content-Type: application/json; charset=utf-8
cache-control: no-cache

11:36:43.274 [AsyncHttpClient-1-8] DEBUG org.asynchttpclient.netty.channel.ChannelManager - Adding key: http://localhost:6896 for channel [id: 0x1681981a, L:/127.0.0.1:61476 - R:localhost/127.0.0.1:6896]
11:36:43.278 [Forwarding getElementAttribute on session 7f96e7e36b9f10a8b5acad60a25246de to remote] DEBUG org.asynchttpclient.netty.request.NettyRequestSender - Using pooled Channel '[id: 0x1681981a, L:/127.0.0.1:61476 - R:localhost/127.0.0.1:6896]' for 'POST' to 'http://localhost:6896/session/7f96e7e36b9f10a8b5acad60a25246de/execute/sync'
11:36:43.278 [Forwarding getElementAttribute on session 7f96e7e36b9f10a8b5acad60a25246de to remote] DEBUG org.asynchttpclient.netty.request.NettyRequestSender - Using open Channel [id: 0x1681981a, L:/127.0.0.1:61476 - R:localhost/127.0.0.1:6896] for POST '/session/7f96e7e36b9f10a8b5acad60a25246de/execute/sync'
11:36:43.288 [AsyncHttpClient-1-8] DEBUG org.asynchttpclient.netty.handler.HttpHandler - 

Request DefaultHttpRequest(decodeResult: success, version: HTTP/1.1)
POST /session/7f96e7e36b9f10a8b5acad60a25246de/execute/sync HTTP/1.1
User-Agent: selenium/4.8.0 (java windows)
Content-Length: 47374
Content-Type: application/json; charset=utf-8
host: localhost:6896
accept: */*

Response DefaultHttpResponse(decodeResult: success, version: HTTP/1.1)
HTTP/1.1 200 OK
Content-Length: 14
Content-Type: application/json; charset=utf-8
cache-control: no-cache

11:36:43.288 [AsyncHttpClient-1-8] DEBUG org.asynchttpclient.netty.channel.ChannelManager - Adding key: http://localhost:6896 for channel [id: 0x1681981a, L:/127.0.0.1:61476 - R:localhost/127.0.0.1:6896]
11:36:43.289 [Forwarding getElementAttribute on session 7f96e7e36b9f10a8b5acad60a25246de to remote] DEBUG org.asynchttpclient.netty.request.NettyRequestSender - Using pooled Channel '[id: 0x1681981a, L:/127.0.0.1:61476 - R:localhost/127.0.0.1:6896]' for 'POST' to 'http://localhost:6896/session/7f96e7e36b9f10a8b5acad60a25246de/execute/sync'
11:36:43.289 [Forwarding getElementAttribute on session 7f96e7e36b9f10a8b5acad60a25246de to remote] DEBUG org.asynchttpclient.netty.request.NettyRequestSender - Using open Channel [id: 0x1681981a, L:/127.0.0.1:61476 - R:localhost/127.0.0.1:6896] for POST '/session/7f96e7e36b9f10a8b5acad60a25246de/execute/sync'
11:36:43.297 [AsyncHttpClient-1-8] DEBUG org.asynchttpclient.netty.handler.HttpHandler - 

Request DefaultHttpRequest(decodeResult: success, version: HTTP/1.1)
POST /session/7f96e7e36b9f10a8b5acad60a25246de/execute/sync HTTP/1.1
User-Agent: selenium/4.8.0 (java windows)
Content-Length: 47374
Content-Type: application/json; charset=utf-8
host: localhost:6896
accept: */*

Response DefaultHttpResponse(decodeResult: success, version: HTTP/1.1)
HTTP/1.1 200 OK
Content-Length: 14
Content-Type: application/json; charset=utf-8
cache-control: no-cache

11:36:43.297 [AsyncHttpClient-1-8] DEBUG org.asynchttpclient.netty.channel.ChannelManager - Adding key: http://localhost:6896 for channel [id: 0x1681981a, L:/127.0.0.1:61476 - R:localhost/127.0.0.1:6896]
11:36:43.300 [Forwarding getElementAttribute on session 7f96e7e36b9f10a8b5acad60a25246de to remote] DEBUG org.asynchttpclient.netty.request.NettyRequestSender - Using pooled Channel '[id: 0x1681981a, L:/127.0.0.1:61476 - R:localhost/127.0.0.1:6896]' for 'POST' to 'http://localhost:6896/session/7f96e7e36b9f10a8b5acad60a25246de/execute/sync'
11:36:43.300 [Forwarding getElementAttribute on session 7f96e7e36b9f10a8b5acad60a25246de to remote] DEBUG org.asynchttpclient.netty.request.NettyRequestSender - Using open Channel [id: 0x1681981a, L:/127.0.0.1:61476 - R:localhost/127.0.0.1:6896] for POST '/session/7f96e7e36b9f10a8b5acad60a25246de/execute/sync'
11:36:43.308 [AsyncHttpClient-1-8] DEBUG org.asynchttpclient.netty.handler.HttpHandler - 

Request DefaultHttpRequest(decodeResult: success, version: HTTP/1.1)
POST /session/7f96e7e36b9f10a8b5acad60a25246de/execute/sync HTTP/1.1
User-Agent: selenium/4.8.0 (java windows)
Content-Length: 47375
Content-Type: application/json; charset=utf-8
host: localhost:6896
accept: */*

Response DefaultHttpResponse(decodeResult: success, version: HTTP/1.1)
HTTP/1.1 200 OK
Content-Length: 14
Content-Type: application/json; charset=utf-8
cache-control: no-cache

11:36:43.308 [AsyncHttpClient-1-8] DEBUG org.asynchttpclient.netty.channel.ChannelManager - Adding key: http://localhost:6896 for channel [id: 0x1681981a, L:/127.0.0.1:61476 - R:localhost/127.0.0.1:6896]
11:36:43.311 [Forwarding getElementAttribute on session 7f96e7e36b9f10a8b5acad60a25246de to remote] DEBUG org.asynchttpclient.netty.request.NettyRequestSender - Using pooled Channel '[id: 0x1681981a, L:/127.0.0.1:61476 - R:localhost/127.0.0.1:6896]' for 'POST' to 'http://localhost:6896/session/7f96e7e36b9f10a8b5acad60a25246de/execute/sync'
11:36:43.312 [Forwarding getElementAttribute on session 7f96e7e36b9f10a8b5acad60a25246de to remote] DEBUG org.asynchttpclient.netty.request.NettyRequestSender - Using open Channel [id: 0x1681981a, L:/127.0.0.1:61476 - R:localhost/127.0.0.1:6896] for POST '/session/7f96e7e36b9f10a8b5acad60a25246de/execute/sync'
11:36:43.321 [AsyncHttpClient-1-8] DEBUG org.asynchttpclient.netty.handler.HttpHandler - 

Request DefaultHttpRequest(decodeResult: success, version: HTTP/1.1)
POST /session/7f96e7e36b9f10a8b5acad60a25246de/execute/sync HTTP/1.1
User-Agent: selenium/4.8.0 (java windows)
Content-Length: 47375
Content-Type: application/json; charset=utf-8
host: localhost:6896
accept: */*

Response DefaultHttpResponse(decodeResult: success, version: HTTP/1.1)
HTTP/1.1 200 OK
Content-Length: 31
Content-Type: application/json; charset=utf-8
cache-control: no-cache

11:36:43.321 [AsyncHttpClient-1-8] DEBUG org.asynchttpclient.netty.channel.ChannelManager - Adding key: http://localhost:6896 for channel [id: 0x1681981a, L:/127.0.0.1:61476 - R:localhost/127.0.0.1:6896]
11:36:43.324 [Forwarding getElementAttribute on session 7f96e7e36b9f10a8b5acad60a25246de to remote] DEBUG org.asynchttpclient.netty.request.NettyRequestSender - Using pooled Channel '[id: 0x1681981a, L:/127.0.0.1:61476 - R:localhost/127.0.0.1:6896]' for 'POST' to 'http://localhost:6896/session/7f96e7e36b9f10a8b5acad60a25246de/execute/sync'
11:36:43.324 [Forwarding getElementAttribute on session 7f96e7e36b9f10a8b5acad60a25246de to remote] DEBUG org.asynchttpclient.netty.request.NettyRequestSender - Using open Channel [id: 0x1681981a, L:/127.0.0.1:61476 - R:localhost/127.0.0.1:6896] for POST '/session/7f96e7e36b9f10a8b5acad60a25246de/execute/sync'
11:36:43.333 [AsyncHttpClient-1-8] DEBUG org.asynchttpclient.netty.handler.HttpHandler - 

Request DefaultHttpRequest(decodeResult: success, version: HTTP/1.1)
POST /session/7f96e7e36b9f10a8b5acad60a25246de/execute/sync HTTP/1.1
User-Agent: selenium/4.8.0 (java windows)
Content-Length: 47375
Content-Type: application/json; charset=utf-8
host: localhost:6896
accept: */*

Response DefaultHttpResponse(decodeResult: success, version: HTTP/1.1)
HTTP/1.1 200 OK
Content-Length: 31
Content-Type: application/json; charset=utf-8
cache-control: no-cache

11:36:43.333 [AsyncHttpClient-1-8] DEBUG org.asynchttpclient.netty.channel.ChannelManager - Adding key: http://localhost:6896 for channel [id: 0x1681981a, L:/127.0.0.1:61476 - R:localhost/127.0.0.1:6896]
11:36:43.333 [main] INFO  com.swaglabs.base.SetUp - <div class='inventory_item_name'> - InventoryPage.productnamesininverntorypagevalidated
11:36:43.340 [Forwarding getAlertText on session 7f96e7e36b9f10a8b5acad60a25246de to remote] DEBUG org.asynchttpclient.netty.request.NettyRequestSender - Using pooled Channel '[id: 0x1681981a, L:/127.0.0.1:61476 - R:localhost/127.0.0.1:6896]' for 'GET' to 'http://localhost:6896/session/7f96e7e36b9f10a8b5acad60a25246de/alert/text'
11:36:43.340 [Forwarding getAlertText on session 7f96e7e36b9f10a8b5acad60a25246de to remote] DEBUG org.asynchttpclient.netty.request.NettyRequestSender - Using open Channel [id: 0x1681981a, L:/127.0.0.1:61476 - R:localhost/127.0.0.1:6896] for GET '/session/7f96e7e36b9f10a8b5acad60a25246de/alert/text'
11:36:43.342 [AsyncHttpClient-1-8] DEBUG org.asynchttpclient.netty.handler.HttpHandler - 

Request DefaultFullHttpRequest(decodeResult: success, version: HTTP/1.1, content: EmptyByteBufBE)
GET /session/7f96e7e36b9f10a8b5acad60a25246de/alert/text HTTP/1.1
User-Agent: selenium/4.8.0 (java windows)
Cache-Control: no-cache
Content-Type: application/json; charset=utf-8
host: localhost:6896
accept: */*

Response DefaultHttpResponse(decodeResult: success, version: HTTP/1.1)
HTTP/1.1 404 Not Found
Content-Length: 1522
Content-Type: application/json; charset=utf-8
cache-control: no-cache

11:36:43.342 [AsyncHttpClient-1-8] DEBUG org.asynchttpclient.netty.channel.ChannelManager - Adding key: http://localhost:6896 for channel [id: 0x1681981a, L:/127.0.0.1:61476 - R:localhost/127.0.0.1:6896]
11:36:43.343 [Forwarding getCurrentUrl on session 7f96e7e36b9f10a8b5acad60a25246de to remote] DEBUG org.asynchttpclient.netty.request.NettyRequestSender - Using pooled Channel '[id: 0x1681981a, L:/127.0.0.1:61476 - R:localhost/127.0.0.1:6896]' for 'GET' to 'http://localhost:6896/session/7f96e7e36b9f10a8b5acad60a25246de/url'
11:36:43.343 [Forwarding getCurrentUrl on session 7f96e7e36b9f10a8b5acad60a25246de to remote] DEBUG org.asynchttpclient.netty.request.NettyRequestSender - Using open Channel [id: 0x1681981a, L:/127.0.0.1:61476 - R:localhost/127.0.0.1:6896] for GET '/session/7f96e7e36b9f10a8b5acad60a25246de/url'
11:36:43.349 [AsyncHttpClient-1-8] DEBUG org.asynchttpclient.netty.handler.HttpHandler - 

Request DefaultFullHttpRequest(decodeResult: success, version: HTTP/1.1, content: EmptyByteBufBE)
GET /session/7f96e7e36b9f10a8b5acad60a25246de/url HTTP/1.1
User-Agent: selenium/4.8.0 (java windows)
Cache-Control: no-cache
Content-Type: application/json; charset=utf-8
host: localhost:6896
accept: */*

Response DefaultHttpResponse(decodeResult: success, version: HTTP/1.1)
HTTP/1.1 200 OK
Content-Length: 52
Content-Type: application/json; charset=utf-8
cache-control: no-cache

11:36:43.349 [AsyncHttpClient-1-8] DEBUG org.asynchttpclient.netty.channel.ChannelManager - Adding key: http://localhost:6896 for channel [id: 0x1681981a, L:/127.0.0.1:61476 - R:localhost/127.0.0.1:6896]
11:36:43.349 [Forwarding screenshot on session 7f96e7e36b9f10a8b5acad60a25246de to remote] DEBUG org.asynchttpclient.netty.request.NettyRequestSender - Using pooled Channel '[id: 0x1681981a, L:/127.0.0.1:61476 - R:localhost/127.0.0.1:6896]' for 'GET' to 'http://localhost:6896/session/7f96e7e36b9f10a8b5acad60a25246de/screenshot'
11:36:43.349 [Forwarding screenshot on session 7f96e7e36b9f10a8b5acad60a25246de to remote] DEBUG org.asynchttpclient.netty.request.NettyRequestSender - Using open Channel [id: 0x1681981a, L:/127.0.0.1:61476 - R:localhost/127.0.0.1:6896] for GET '/session/7f96e7e36b9f10a8b5acad60a25246de/screenshot'
11:36:43.543 [AsyncHttpClient-1-8] DEBUG org.asynchttpclient.netty.handler.HttpHandler - 

Request DefaultFullHttpRequest(decodeResult: success, version: HTTP/1.1, content: EmptyByteBufBE)
GET /session/7f96e7e36b9f10a8b5acad60a25246de/screenshot HTTP/1.1
User-Agent: selenium/4.8.0 (java windows)
Cache-Control: no-cache
Content-Type: application/json; charset=utf-8
host: localhost:6896
accept: */*

Response DefaultHttpResponse(decodeResult: success, version: HTTP/1.1)
HTTP/1.1 200 OK
Content-Length: 478944
Content-Type: application/json; charset=utf-8
cache-control: no-cache

11:36:43.544 [AsyncHttpClient-1-8] DEBUG org.asynchttpclient.netty.channel.ChannelManager - Adding key: http://localhost:6896 for channel [id: 0x1681981a, L:/127.0.0.1:61476 - R:localhost/127.0.0.1:6896]
11:36:43.560 [main] DEBUG net.serenitybdd.core.photography.Darkroom - Send negative for processing for target\site\serenity\d9ff63befa81cfb3b8ee6581853bc7356cce55d75d99a72016e4bac3b00361ae.png
11:36:43.560 [main] DEBUG net.thucydides.core.steps.StepInterceptor - STEP DONE: validate AllProductsLabel
11:36:43.573 [Forwarding getPageSource on session 7f96e7e36b9f10a8b5acad60a25246de to remote] DEBUG org.asynchttpclient.netty.request.NettyRequestSender - Using pooled Channel '[id: 0x1681981a, L:/127.0.0.1:61476 - R:localhost/127.0.0.1:6896]' for 'POST' to 'http://localhost:6896/session/7f96e7e36b9f10a8b5acad60a25246de/execute/sync'
11:36:43.573 [Forwarding getPageSource on session 7f96e7e36b9f10a8b5acad60a25246de to remote] DEBUG org.asynchttpclient.netty.request.NettyRequestSender - Using open Channel [id: 0x1681981a, L:/127.0.0.1:61476 - R:localhost/127.0.0.1:6896] for POST '/session/7f96e7e36b9f10a8b5acad60a25246de/execute/sync'
11:36:43.578 [AsyncHttpClient-1-8] DEBUG org.asynchttpclient.netty.handler.HttpHandler - 

Request DefaultHttpRequest(decodeResult: success, version: HTTP/1.1)
POST /session/7f96e7e36b9f10a8b5acad60a25246de/execute/sync HTTP/1.1
User-Agent: selenium/4.8.0 (java windows)
Content-Length: 176
Content-Type: application/json; charset=utf-8
host: localhost:6896
accept: */*

Response DefaultHttpResponse(decodeResult: success, version: HTTP/1.1)
HTTP/1.1 200 OK
Content-Length: 16392
Content-Type: application/json; charset=utf-8
cache-control: no-cache

11:36:43.578 [AsyncHttpClient-1-8] DEBUG org.asynchttpclient.netty.channel.ChannelManager - Adding key: http://localhost:6896 for channel [id: 0x1681981a, L:/127.0.0.1:61476 - R:localhost/127.0.0.1:6896]
11:36:43.582 [Forwarding getCurrentUrl on session 7f96e7e36b9f10a8b5acad60a25246de to remote] DEBUG org.asynchttpclient.netty.request.NettyRequestSender - Using pooled Channel '[id: 0x1681981a, L:/127.0.0.1:61476 - R:localhost/127.0.0.1:6896]' for 'GET' to 'http://localhost:6896/session/7f96e7e36b9f10a8b5acad60a25246de/url'
11:36:43.582 [Forwarding getCurrentUrl on session 7f96e7e36b9f10a8b5acad60a25246de to remote] DEBUG org.asynchttpclient.netty.request.NettyRequestSender - Using open Channel [id: 0x1681981a, L:/127.0.0.1:61476 - R:localhost/127.0.0.1:6896] for GET '/session/7f96e7e36b9f10a8b5acad60a25246de/url'
11:36:43.585 [AsyncHttpClient-1-8] DEBUG org.asynchttpclient.netty.handler.HttpHandler - 

Request DefaultFullHttpRequest(decodeResult: success, version: HTTP/1.1, content: EmptyByteBufBE)
GET /session/7f96e7e36b9f10a8b5acad60a25246de/url HTTP/1.1
User-Agent: selenium/4.8.0 (java windows)
Cache-Control: no-cache
Content-Type: application/json; charset=utf-8
host: localhost:6896
accept: */*

Response DefaultHttpResponse(decodeResult: success, version: HTTP/1.1)
HTTP/1.1 200 OK
Content-Length: 52
Content-Type: application/json; charset=utf-8
cache-control: no-cache

11:36:43.585 [AsyncHttpClient-1-8] DEBUG org.asynchttpclient.netty.channel.ChannelManager - Adding key: http://localhost:6896 for channel [id: 0x1681981a, L:/127.0.0.1:61476 - R:localhost/127.0.0.1:6896]
11:36:43.598 [main] DEBUG net.thucydides.core.steps.StepInterceptor - STARTING STEP: InventoryPageSteps.test4_validateInventoryPageHeaderAndFooters - validate product prices
11:36:43.599 [Forwarding findElements on session 7f96e7e36b9f10a8b5acad60a25246de to remote] DEBUG org.asynchttpclient.netty.request.NettyRequestSender - Using pooled Channel '[id: 0x1681981a, L:/127.0.0.1:61476 - R:localhost/127.0.0.1:6896]' for 'POST' to 'http://localhost:6896/session/7f96e7e36b9f10a8b5acad60a25246de/elements'
11:36:43.599 [Forwarding findElements on session 7f96e7e36b9f10a8b5acad60a25246de to remote] DEBUG org.asynchttpclient.netty.request.NettyRequestSender - Using open Channel [id: 0x1681981a, L:/127.0.0.1:61476 - R:localhost/127.0.0.1:6896] for POST '/session/7f96e7e36b9f10a8b5acad60a25246de/elements'
11:36:43.612 [AsyncHttpClient-1-8] DEBUG org.asynchttpclient.netty.handler.HttpHandler - 

Request DefaultHttpRequest(decodeResult: success, version: HTTP/1.1)
POST /session/7f96e7e36b9f10a8b5acad60a25246de/elements HTTP/1.1
User-Agent: selenium/4.8.0 (java windows)
Content-Length: 83
Content-Type: application/json; charset=utf-8
host: localhost:6896
accept: */*

Response DefaultHttpResponse(decodeResult: success, version: HTTP/1.1)
HTTP/1.1 200 OK
Content-Length: 527
Content-Type: application/json; charset=utf-8
cache-control: no-cache

11:36:43.612 [AsyncHttpClient-1-8] DEBUG org.asynchttpclient.netty.channel.ChannelManager - Adding key: http://localhost:6896 for channel [id: 0x1681981a, L:/127.0.0.1:61476 - R:localhost/127.0.0.1:6896]
11:36:43.613 [Forwarding findElements on session 7f96e7e36b9f10a8b5acad60a25246de to remote] DEBUG org.asynchttpclient.netty.request.NettyRequestSender - Using pooled Channel '[id: 0x1681981a, L:/127.0.0.1:61476 - R:localhost/127.0.0.1:6896]' for 'POST' to 'http://localhost:6896/session/7f96e7e36b9f10a8b5acad60a25246de/elements'
11:36:43.613 [Forwarding findElements on session 7f96e7e36b9f10a8b5acad60a25246de to remote] DEBUG org.asynchttpclient.netty.request.NettyRequestSender - Using open Channel [id: 0x1681981a, L:/127.0.0.1:61476 - R:localhost/127.0.0.1:6896] for POST '/session/7f96e7e36b9f10a8b5acad60a25246de/elements'
11:36:43.619 [AsyncHttpClient-1-8] DEBUG org.asynchttpclient.netty.handler.HttpHandler - 

Request DefaultHttpRequest(decodeResult: success, version: HTTP/1.1)
POST /session/7f96e7e36b9f10a8b5acad60a25246de/elements HTTP/1.1
User-Agent: selenium/4.8.0 (java windows)
Content-Length: 83
Content-Type: application/json; charset=utf-8
host: localhost:6896
accept: */*

Response DefaultHttpResponse(decodeResult: success, version: HTTP/1.1)
HTTP/1.1 200 OK
Content-Length: 527
Content-Type: application/json; charset=utf-8
cache-control: no-cache

11:36:43.619 [AsyncHttpClient-1-8] DEBUG org.asynchttpclient.netty.channel.ChannelManager - Adding key: http://localhost:6896 for channel [id: 0x1681981a, L:/127.0.0.1:61476 - R:localhost/127.0.0.1:6896]
11:36:43.620 [Forwarding getElementText on session 7f96e7e36b9f10a8b5acad60a25246de to remote] DEBUG org.asynchttpclient.netty.request.NettyRequestSender - Using pooled Channel '[id: 0x1681981a, L:/127.0.0.1:61476 - R:localhost/127.0.0.1:6896]' for 'GET' to 'http://localhost:6896/session/7f96e7e36b9f10a8b5acad60a25246de/element/6FF2D42796E1B5636833727143D40385_element_36/text'
11:36:43.620 [Forwarding getElementText on session 7f96e7e36b9f10a8b5acad60a25246de to remote] DEBUG org.asynchttpclient.netty.request.NettyRequestSender - Using open Channel [id: 0x1681981a, L:/127.0.0.1:61476 - R:localhost/127.0.0.1:6896] for GET '/session/7f96e7e36b9f10a8b5acad60a25246de/element/6FF2D42796E1B5636833727143D40385_element_36/text'
11:36:43.627 [AsyncHttpClient-1-8] DEBUG org.asynchttpclient.netty.handler.HttpHandler - 

Request DefaultFullHttpRequest(decodeResult: success, version: HTTP/1.1, content: EmptyByteBufBE)
GET /session/7f96e7e36b9f10a8b5acad60a25246de/element/6FF2D42796E1B5636833727143D40385_element_36/text HTTP/1.1
User-Agent: selenium/4.8.0 (java windows)
Cache-Control: no-cache
Content-Type: application/json; charset=utf-8
host: localhost:6896
accept: */*

Response DefaultHttpResponse(decodeResult: success, version: HTTP/1.1)
HTTP/1.1 200 OK
Content-Length: 18
Content-Type: application/json; charset=utf-8
cache-control: no-cache

11:36:43.627 [AsyncHttpClient-1-8] DEBUG org.asynchttpclient.netty.channel.ChannelManager - Adding key: http://localhost:6896 for channel [id: 0x1681981a, L:/127.0.0.1:61476 - R:localhost/127.0.0.1:6896]
11:36:43.628 [main] INFO  com.swaglabs.base.SetUp - $29.99 validated Passed
11:36:43.628 [Forwarding findElements on session 7f96e7e36b9f10a8b5acad60a25246de to remote] DEBUG org.asynchttpclient.netty.request.NettyRequestSender - Using pooled Channel '[id: 0x1681981a, L:/127.0.0.1:61476 - R:localhost/127.0.0.1:6896]' for 'POST' to 'http://localhost:6896/session/7f96e7e36b9f10a8b5acad60a25246de/elements'
11:36:43.628 [Forwarding findElements on session 7f96e7e36b9f10a8b5acad60a25246de to remote] DEBUG org.asynchttpclient.netty.request.NettyRequestSender - Using open Channel [id: 0x1681981a, L:/127.0.0.1:61476 - R:localhost/127.0.0.1:6896] for POST '/session/7f96e7e36b9f10a8b5acad60a25246de/elements'
11:36:43.636 [AsyncHttpClient-1-8] DEBUG org.asynchttpclient.netty.handler.HttpHandler - 

Request DefaultHttpRequest(decodeResult: success, version: HTTP/1.1)
POST /session/7f96e7e36b9f10a8b5acad60a25246de/elements HTTP/1.1
User-Agent: selenium/4.8.0 (java windows)
Content-Length: 83
Content-Type: application/json; charset=utf-8
host: localhost:6896
accept: */*

Response DefaultHttpResponse(decodeResult: success, version: HTTP/1.1)
HTTP/1.1 200 OK
Content-Length: 527
Content-Type: application/json; charset=utf-8
cache-control: no-cache

11:36:43.636 [AsyncHttpClient-1-8] DEBUG org.asynchttpclient.netty.channel.ChannelManager - Adding key: http://localhost:6896 for channel [id: 0x1681981a, L:/127.0.0.1:61476 - R:localhost/127.0.0.1:6896]
11:36:43.636 [Forwarding getElementText on session 7f96e7e36b9f10a8b5acad60a25246de to remote] DEBUG org.asynchttpclient.netty.request.NettyRequestSender - Using pooled Channel '[id: 0x1681981a, L:/127.0.0.1:61476 - R:localhost/127.0.0.1:6896]' for 'GET' to 'http://localhost:6896/session/7f96e7e36b9f10a8b5acad60a25246de/element/6FF2D42796E1B5636833727143D40385_element_36/text'
11:36:43.636 [Forwarding getElementText on session 7f96e7e36b9f10a8b5acad60a25246de to remote] DEBUG org.asynchttpclient.netty.request.NettyRequestSender - Using open Channel [id: 0x1681981a, L:/127.0.0.1:61476 - R:localhost/127.0.0.1:6896] for GET '/session/7f96e7e36b9f10a8b5acad60a25246de/element/6FF2D42796E1B5636833727143D40385_element_36/text'
11:36:43.645 [AsyncHttpClient-1-8] DEBUG org.asynchttpclient.netty.handler.HttpHandler - 

Request DefaultFullHttpRequest(decodeResult: success, version: HTTP/1.1, content: EmptyByteBufBE)
GET /session/7f96e7e36b9f10a8b5acad60a25246de/element/6FF2D42796E1B5636833727143D40385_element_36/text HTTP/1.1
User-Agent: selenium/4.8.0 (java windows)
Cache-Control: no-cache
Content-Type: application/json; charset=utf-8
host: localhost:6896
accept: */*

Response DefaultHttpResponse(decodeResult: success, version: HTTP/1.1)
HTTP/1.1 200 OK
Content-Length: 18
Content-Type: application/json; charset=utf-8
cache-control: no-cache

11:36:43.645 [AsyncHttpClient-1-8] DEBUG org.asynchttpclient.netty.channel.ChannelManager - Adding key: http://localhost:6896 for channel [id: 0x1681981a, L:/127.0.0.1:61476 - R:localhost/127.0.0.1:6896]
11:36:43.646 [Forwarding findElements on session 7f96e7e36b9f10a8b5acad60a25246de to remote] DEBUG org.asynchttpclient.netty.request.NettyRequestSender - Using pooled Channel '[id: 0x1681981a, L:/127.0.0.1:61476 - R:localhost/127.0.0.1:6896]' for 'POST' to 'http://localhost:6896/session/7f96e7e36b9f10a8b5acad60a25246de/elements'
11:36:43.646 [Forwarding findElements on session 7f96e7e36b9f10a8b5acad60a25246de to remote] DEBUG org.asynchttpclient.netty.request.NettyRequestSender - Using open Channel [id: 0x1681981a, L:/127.0.0.1:61476 - R:localhost/127.0.0.1:6896] for POST '/session/7f96e7e36b9f10a8b5acad60a25246de/elements'
11:36:43.652 [AsyncHttpClient-1-8] DEBUG org.asynchttpclient.netty.handler.HttpHandler - 

Request DefaultHttpRequest(decodeResult: success, version: HTTP/1.1)
POST /session/7f96e7e36b9f10a8b5acad60a25246de/elements HTTP/1.1
User-Agent: selenium/4.8.0 (java windows)
Content-Length: 83
Content-Type: application/json; charset=utf-8
host: localhost:6896
accept: */*

Response DefaultHttpResponse(decodeResult: success, version: HTTP/1.1)
HTTP/1.1 200 OK
Content-Length: 527
Content-Type: application/json; charset=utf-8
cache-control: no-cache

11:36:43.652 [AsyncHttpClient-1-8] DEBUG org.asynchttpclient.netty.channel.ChannelManager - Adding key: http://localhost:6896 for channel [id: 0x1681981a, L:/127.0.0.1:61476 - R:localhost/127.0.0.1:6896]
11:36:43.653 [Forwarding findElements on session 7f96e7e36b9f10a8b5acad60a25246de to remote] DEBUG org.asynchttpclient.netty.request.NettyRequestSender - Using pooled Channel '[id: 0x1681981a, L:/127.0.0.1:61476 - R:localhost/127.0.0.1:6896]' for 'POST' to 'http://localhost:6896/session/7f96e7e36b9f10a8b5acad60a25246de/elements'
11:36:43.653 [Forwarding findElements on session 7f96e7e36b9f10a8b5acad60a25246de to remote] DEBUG org.asynchttpclient.netty.request.NettyRequestSender - Using open Channel [id: 0x1681981a, L:/127.0.0.1:61476 - R:localhost/127.0.0.1:6896] for POST '/session/7f96e7e36b9f10a8b5acad60a25246de/elements'
11:36:43.663 [AsyncHttpClient-1-8] DEBUG org.asynchttpclient.netty.handler.HttpHandler - 

Request DefaultHttpRequest(decodeResult: success, version: HTTP/1.1)
POST /session/7f96e7e36b9f10a8b5acad60a25246de/elements HTTP/1.1
User-Agent: selenium/4.8.0 (java windows)
Content-Length: 83
Content-Type: application/json; charset=utf-8
host: localhost:6896
accept: */*

Response DefaultHttpResponse(decodeResult: success, version: HTTP/1.1)
HTTP/1.1 200 OK
Content-Length: 527
Content-Type: application/json; charset=utf-8
cache-control: no-cache

11:36:43.663 [AsyncHttpClient-1-8] DEBUG org.asynchttpclient.netty.channel.ChannelManager - Adding key: http://localhost:6896 for channel [id: 0x1681981a, L:/127.0.0.1:61476 - R:localhost/127.0.0.1:6896]
11:36:43.665 [Forwarding getElementText on session 7f96e7e36b9f10a8b5acad60a25246de to remote] DEBUG org.asynchttpclient.netty.request.NettyRequestSender - Using pooled Channel '[id: 0x1681981a, L:/127.0.0.1:61476 - R:localhost/127.0.0.1:6896]' for 'GET' to 'http://localhost:6896/session/7f96e7e36b9f10a8b5acad60a25246de/element/6FF2D42796E1B5636833727143D40385_element_37/text'
11:36:43.665 [Forwarding getElementText on session 7f96e7e36b9f10a8b5acad60a25246de to remote] DEBUG org.asynchttpclient.netty.request.NettyRequestSender - Using open Channel [id: 0x1681981a, L:/127.0.0.1:61476 - R:localhost/127.0.0.1:6896] for GET '/session/7f96e7e36b9f10a8b5acad60a25246de/element/6FF2D42796E1B5636833727143D40385_element_37/text'
11:36:43.677 [AsyncHttpClient-1-8] DEBUG org.asynchttpclient.netty.handler.HttpHandler - 

Request DefaultFullHttpRequest(decodeResult: success, version: HTTP/1.1, content: EmptyByteBufBE)
GET /session/7f96e7e36b9f10a8b5acad60a25246de/element/6FF2D42796E1B5636833727143D40385_element_37/text HTTP/1.1
User-Agent: selenium/4.8.0 (java windows)
Cache-Control: no-cache
Content-Type: application/json; charset=utf-8
host: localhost:6896
accept: */*

Response DefaultHttpResponse(decodeResult: success, version: HTTP/1.1)
HTTP/1.1 200 OK
Content-Length: 17
Content-Type: application/json; charset=utf-8
cache-control: no-cache

11:36:43.677 [AsyncHttpClient-1-8] DEBUG org.asynchttpclient.netty.channel.ChannelManager - Adding key: http://localhost:6896 for channel [id: 0x1681981a, L:/127.0.0.1:61476 - R:localhost/127.0.0.1:6896]
11:36:43.677 [main] INFO  com.swaglabs.base.SetUp - $9.99 validated Passed
11:36:43.678 [Forwarding findElements on session 7f96e7e36b9f10a8b5acad60a25246de to remote] DEBUG org.asynchttpclient.netty.request.NettyRequestSender - Using pooled Channel '[id: 0x1681981a, L:/127.0.0.1:61476 - R:localhost/127.0.0.1:6896]' for 'POST' to 'http://localhost:6896/session/7f96e7e36b9f10a8b5acad60a25246de/elements'
11:36:43.678 [Forwarding findElements on session 7f96e7e36b9f10a8b5acad60a25246de to remote] DEBUG org.asynchttpclient.netty.request.NettyRequestSender - Using open Channel [id: 0x1681981a, L:/127.0.0.1:61476 - R:localhost/127.0.0.1:6896] for POST '/session/7f96e7e36b9f10a8b5acad60a25246de/elements'
11:36:43.685 [AsyncHttpClient-1-8] DEBUG org.asynchttpclient.netty.handler.HttpHandler - 

Request DefaultHttpRequest(decodeResult: success, version: HTTP/1.1)
POST /session/7f96e7e36b9f10a8b5acad60a25246de/elements HTTP/1.1
User-Agent: selenium/4.8.0 (java windows)
Content-Length: 83
Content-Type: application/json; charset=utf-8
host: localhost:6896
accept: */*

Response DefaultHttpResponse(decodeResult: success, version: HTTP/1.1)
HTTP/1.1 200 OK
Content-Length: 527
Content-Type: application/json; charset=utf-8
cache-control: no-cache

11:36:43.685 [AsyncHttpClient-1-8] DEBUG org.asynchttpclient.netty.channel.ChannelManager - Adding key: http://localhost:6896 for channel [id: 0x1681981a, L:/127.0.0.1:61476 - R:localhost/127.0.0.1:6896]
11:36:43.686 [Forwarding getElementText on session 7f96e7e36b9f10a8b5acad60a25246de to remote] DEBUG org.asynchttpclient.netty.request.NettyRequestSender - Using pooled Channel '[id: 0x1681981a, L:/127.0.0.1:61476 - R:localhost/127.0.0.1:6896]' for 'GET' to 'http://localhost:6896/session/7f96e7e36b9f10a8b5acad60a25246de/element/6FF2D42796E1B5636833727143D40385_element_37/text'
11:36:43.686 [Forwarding getElementText on session 7f96e7e36b9f10a8b5acad60a25246de to remote] DEBUG org.asynchttpclient.netty.request.NettyRequestSender - Using open Channel [id: 0x1681981a, L:/127.0.0.1:61476 - R:localhost/127.0.0.1:6896] for GET '/session/7f96e7e36b9f10a8b5acad60a25246de/element/6FF2D42796E1B5636833727143D40385_element_37/text'
11:36:43.693 [AsyncHttpClient-1-8] DEBUG org.asynchttpclient.netty.handler.HttpHandler - 

Request DefaultFullHttpRequest(decodeResult: success, version: HTTP/1.1, content: EmptyByteBufBE)
GET /session/7f96e7e36b9f10a8b5acad60a25246de/element/6FF2D42796E1B5636833727143D40385_element_37/text HTTP/1.1
User-Agent: selenium/4.8.0 (java windows)
Cache-Control: no-cache
Content-Type: application/json; charset=utf-8
host: localhost:6896
accept: */*

Response DefaultHttpResponse(decodeResult: success, version: HTTP/1.1)
HTTP/1.1 200 OK
Content-Length: 17
Content-Type: application/json; charset=utf-8
cache-control: no-cache

11:36:43.693 [AsyncHttpClient-1-8] DEBUG org.asynchttpclient.netty.channel.ChannelManager - Adding key: http://localhost:6896 for channel [id: 0x1681981a, L:/127.0.0.1:61476 - R:localhost/127.0.0.1:6896]
11:36:43.694 [Forwarding findElements on session 7f96e7e36b9f10a8b5acad60a25246de to remote] DEBUG org.asynchttpclient.netty.request.NettyRequestSender - Using pooled Channel '[id: 0x1681981a, L:/127.0.0.1:61476 - R:localhost/127.0.0.1:6896]' for 'POST' to 'http://localhost:6896/session/7f96e7e36b9f10a8b5acad60a25246de/elements'
11:36:43.694 [Forwarding findElements on session 7f96e7e36b9f10a8b5acad60a25246de to remote] DEBUG org.asynchttpclient.netty.request.NettyRequestSender - Using open Channel [id: 0x1681981a, L:/127.0.0.1:61476 - R:localhost/127.0.0.1:6896] for POST '/session/7f96e7e36b9f10a8b5acad60a25246de/elements'
11:36:43.704 [AsyncHttpClient-1-8] DEBUG org.asynchttpclient.netty.handler.HttpHandler - 

Request DefaultHttpRequest(decodeResult: success, version: HTTP/1.1)
POST /session/7f96e7e36b9f10a8b5acad60a25246de/elements HTTP/1.1
User-Agent: selenium/4.8.0 (java windows)
Content-Length: 83
Content-Type: application/json; charset=utf-8
host: localhost:6896
accept: */*

Response DefaultHttpResponse(decodeResult: success, version: HTTP/1.1)
HTTP/1.1 200 OK
Content-Length: 527
Content-Type: application/json; charset=utf-8
cache-control: no-cache

11:36:43.704 [AsyncHttpClient-1-8] DEBUG org.asynchttpclient.netty.channel.ChannelManager - Adding key: http://localhost:6896 for channel [id: 0x1681981a, L:/127.0.0.1:61476 - R:localhost/127.0.0.1:6896]
11:36:43.705 [Forwarding findElements on session 7f96e7e36b9f10a8b5acad60a25246de to remote] DEBUG org.asynchttpclient.netty.request.NettyRequestSender - Using pooled Channel '[id: 0x1681981a, L:/127.0.0.1:61476 - R:localhost/127.0.0.1:6896]' for 'POST' to 'http://localhost:6896/session/7f96e7e36b9f10a8b5acad60a25246de/elements'
11:36:43.705 [Forwarding findElements on session 7f96e7e36b9f10a8b5acad60a25246de to remote] DEBUG org.asynchttpclient.netty.request.NettyRequestSender - Using open Channel [id: 0x1681981a, L:/127.0.0.1:61476 - R:localhost/127.0.0.1:6896] for POST '/session/7f96e7e36b9f10a8b5acad60a25246de/elements'
11:36:43.715 [AsyncHttpClient-1-8] DEBUG org.asynchttpclient.netty.handler.HttpHandler - 

Request DefaultHttpRequest(decodeResult: success, version: HTTP/1.1)
POST /session/7f96e7e36b9f10a8b5acad60a25246de/elements HTTP/1.1
User-Agent: selenium/4.8.0 (java windows)
Content-Length: 83
Content-Type: application/json; charset=utf-8
host: localhost:6896
accept: */*

Response DefaultHttpResponse(decodeResult: success, version: HTTP/1.1)
HTTP/1.1 200 OK
Content-Length: 527
Content-Type: application/json; charset=utf-8
cache-control: no-cache

11:36:43.715 [AsyncHttpClient-1-8] DEBUG org.asynchttpclient.netty.channel.ChannelManager - Adding key: http://localhost:6896 for channel [id: 0x1681981a, L:/127.0.0.1:61476 - R:localhost/127.0.0.1:6896]
11:36:43.716 [Forwarding getElementText on session 7f96e7e36b9f10a8b5acad60a25246de to remote] DEBUG org.asynchttpclient.netty.request.NettyRequestSender - Using pooled Channel '[id: 0x1681981a, L:/127.0.0.1:61476 - R:localhost/127.0.0.1:6896]' for 'GET' to 'http://localhost:6896/session/7f96e7e36b9f10a8b5acad60a25246de/element/6FF2D42796E1B5636833727143D40385_element_38/text'
11:36:43.716 [Forwarding getElementText on session 7f96e7e36b9f10a8b5acad60a25246de to remote] DEBUG org.asynchttpclient.netty.request.NettyRequestSender - Using open Channel [id: 0x1681981a, L:/127.0.0.1:61476 - R:localhost/127.0.0.1:6896] for GET '/session/7f96e7e36b9f10a8b5acad60a25246de/element/6FF2D42796E1B5636833727143D40385_element_38/text'
11:36:43.723 [AsyncHttpClient-1-8] DEBUG org.asynchttpclient.netty.handler.HttpHandler - 

Request DefaultFullHttpRequest(decodeResult: success, version: HTTP/1.1, content: EmptyByteBufBE)
GET /session/7f96e7e36b9f10a8b5acad60a25246de/element/6FF2D42796E1B5636833727143D40385_element_38/text HTTP/1.1
User-Agent: selenium/4.8.0 (java windows)
Cache-Control: no-cache
Content-Type: application/json; charset=utf-8
host: localhost:6896
accept: */*

Response DefaultHttpResponse(decodeResult: success, version: HTTP/1.1)
HTTP/1.1 200 OK
Content-Length: 18
Content-Type: application/json; charset=utf-8
cache-control: no-cache

11:36:43.723 [AsyncHttpClient-1-8] DEBUG org.asynchttpclient.netty.channel.ChannelManager - Adding key: http://localhost:6896 for channel [id: 0x1681981a, L:/127.0.0.1:61476 - R:localhost/127.0.0.1:6896]
11:36:43.723 [main] INFO  com.swaglabs.base.SetUp - $15.99 validated Passed
11:36:43.724 [Forwarding findElements on session 7f96e7e36b9f10a8b5acad60a25246de to remote] DEBUG org.asynchttpclient.netty.request.NettyRequestSender - Using pooled Channel '[id: 0x1681981a, L:/127.0.0.1:61476 - R:localhost/127.0.0.1:6896]' for 'POST' to 'http://localhost:6896/session/7f96e7e36b9f10a8b5acad60a25246de/elements'
11:36:43.724 [Forwarding findElements on session 7f96e7e36b9f10a8b5acad60a25246de to remote] DEBUG org.asynchttpclient.netty.request.NettyRequestSender - Using open Channel [id: 0x1681981a, L:/127.0.0.1:61476 - R:localhost/127.0.0.1:6896] for POST '/session/7f96e7e36b9f10a8b5acad60a25246de/elements'
11:36:43.732 [AsyncHttpClient-1-8] DEBUG org.asynchttpclient.netty.handler.HttpHandler - 

Request DefaultHttpRequest(decodeResult: success, version: HTTP/1.1)
POST /session/7f96e7e36b9f10a8b5acad60a25246de/elements HTTP/1.1
User-Agent: selenium/4.8.0 (java windows)
Content-Length: 83
Content-Type: application/json; charset=utf-8
host: localhost:6896
accept: */*

Response DefaultHttpResponse(decodeResult: success, version: HTTP/1.1)
HTTP/1.1 200 OK
Content-Length: 527
Content-Type: application/json; charset=utf-8
cache-control: no-cache

11:36:43.733 [AsyncHttpClient-1-8] DEBUG org.asynchttpclient.netty.channel.ChannelManager - Adding key: http://localhost:6896 for channel [id: 0x1681981a, L:/127.0.0.1:61476 - R:localhost/127.0.0.1:6896]
11:36:43.735 [Forwarding getElementText on session 7f96e7e36b9f10a8b5acad60a25246de to remote] DEBUG org.asynchttpclient.netty.request.NettyRequestSender - Using pooled Channel '[id: 0x1681981a, L:/127.0.0.1:61476 - R:localhost/127.0.0.1:6896]' for 'GET' to 'http://localhost:6896/session/7f96e7e36b9f10a8b5acad60a25246de/element/6FF2D42796E1B5636833727143D40385_element_38/text'
11:36:43.735 [Forwarding getElementText on session 7f96e7e36b9f10a8b5acad60a25246de to remote] DEBUG org.asynchttpclient.netty.request.NettyRequestSender - Using open Channel [id: 0x1681981a, L:/127.0.0.1:61476 - R:localhost/127.0.0.1:6896] for GET '/session/7f96e7e36b9f10a8b5acad60a25246de/element/6FF2D42796E1B5636833727143D40385_element_38/text'
11:36:43.745 [AsyncHttpClient-1-8] DEBUG org.asynchttpclient.netty.handler.HttpHandler - 

Request DefaultFullHttpRequest(decodeResult: success, version: HTTP/1.1, content: EmptyByteBufBE)
GET /session/7f96e7e36b9f10a8b5acad60a25246de/element/6FF2D42796E1B5636833727143D40385_element_38/text HTTP/1.1
User-Agent: selenium/4.8.0 (java windows)
Cache-Control: no-cache
Content-Type: application/json; charset=utf-8
host: localhost:6896
accept: */*

Response DefaultHttpResponse(decodeResult: success, version: HTTP/1.1)
HTTP/1.1 200 OK
Content-Length: 18
Content-Type: application/json; charset=utf-8
cache-control: no-cache

11:36:43.745 [AsyncHttpClient-1-8] DEBUG org.asynchttpclient.netty.channel.ChannelManager - Adding key: http://localhost:6896 for channel [id: 0x1681981a, L:/127.0.0.1:61476 - R:localhost/127.0.0.1:6896]
11:36:43.746 [Forwarding findElements on session 7f96e7e36b9f10a8b5acad60a25246de to remote] DEBUG org.asynchttpclient.netty.request.NettyRequestSender - Using pooled Channel '[id: 0x1681981a, L:/127.0.0.1:61476 - R:localhost/127.0.0.1:6896]' for 'POST' to 'http://localhost:6896/session/7f96e7e36b9f10a8b5acad60a25246de/elements'
11:36:43.746 [Forwarding findElements on session 7f96e7e36b9f10a8b5acad60a25246de to remote] DEBUG org.asynchttpclient.netty.request.NettyRequestSender - Using open Channel [id: 0x1681981a, L:/127.0.0.1:61476 - R:localhost/127.0.0.1:6896] for POST '/session/7f96e7e36b9f10a8b5acad60a25246de/elements'
11:36:43.753 [AsyncHttpClient-1-8] DEBUG org.asynchttpclient.netty.handler.HttpHandler - 

Request DefaultHttpRequest(decodeResult: success, version: HTTP/1.1)
POST /session/7f96e7e36b9f10a8b5acad60a25246de/elements HTTP/1.1
User-Agent: selenium/4.8.0 (java windows)
Content-Length: 83
Content-Type: application/json; charset=utf-8
host: localhost:6896
accept: */*

Response DefaultHttpResponse(decodeResult: success, version: HTTP/1.1)
HTTP/1.1 200 OK
Content-Length: 527
Content-Type: application/json; charset=utf-8
cache-control: no-cache

11:36:43.753 [AsyncHttpClient-1-8] DEBUG org.asynchttpclient.netty.channel.ChannelManager - Adding key: http://localhost:6896 for channel [id: 0x1681981a, L:/127.0.0.1:61476 - R:localhost/127.0.0.1:6896]
11:36:43.753 [Forwarding findElements on session 7f96e7e36b9f10a8b5acad60a25246de to remote] DEBUG org.asynchttpclient.netty.request.NettyRequestSender - Using pooled Channel '[id: 0x1681981a, L:/127.0.0.1:61476 - R:localhost/127.0.0.1:6896]' for 'POST' to 'http://localhost:6896/session/7f96e7e36b9f10a8b5acad60a25246de/elements'
11:36:43.753 [Forwarding findElements on session 7f96e7e36b9f10a8b5acad60a25246de to remote] DEBUG org.asynchttpclient.netty.request.NettyRequestSender - Using open Channel [id: 0x1681981a, L:/127.0.0.1:61476 - R:localhost/127.0.0.1:6896] for POST '/session/7f96e7e36b9f10a8b5acad60a25246de/elements'
11:36:43.762 [AsyncHttpClient-1-8] DEBUG org.asynchttpclient.netty.handler.HttpHandler - 

Request DefaultHttpRequest(decodeResult: success, version: HTTP/1.1)
POST /session/7f96e7e36b9f10a8b5acad60a25246de/elements HTTP/1.1
User-Agent: selenium/4.8.0 (java windows)
Content-Length: 83
Content-Type: application/json; charset=utf-8
host: localhost:6896
accept: */*

Response DefaultHttpResponse(decodeResult: success, version: HTTP/1.1)
HTTP/1.1 200 OK
Content-Length: 527
Content-Type: application/json; charset=utf-8
cache-control: no-cache

11:36:43.762 [AsyncHttpClient-1-8] DEBUG org.asynchttpclient.netty.channel.ChannelManager - Adding key: http://localhost:6896 for channel [id: 0x1681981a, L:/127.0.0.1:61476 - R:localhost/127.0.0.1:6896]
11:36:43.763 [Forwarding getElementText on session 7f96e7e36b9f10a8b5acad60a25246de to remote] DEBUG org.asynchttpclient.netty.request.NettyRequestSender - Using pooled Channel '[id: 0x1681981a, L:/127.0.0.1:61476 - R:localhost/127.0.0.1:6896]' for 'GET' to 'http://localhost:6896/session/7f96e7e36b9f10a8b5acad60a25246de/element/6FF2D42796E1B5636833727143D40385_element_39/text'
11:36:43.763 [Forwarding getElementText on session 7f96e7e36b9f10a8b5acad60a25246de to remote] DEBUG org.asynchttpclient.netty.request.NettyRequestSender - Using open Channel [id: 0x1681981a, L:/127.0.0.1:61476 - R:localhost/127.0.0.1:6896] for GET '/session/7f96e7e36b9f10a8b5acad60a25246de/element/6FF2D42796E1B5636833727143D40385_element_39/text'
11:36:43.773 [AsyncHttpClient-1-8] DEBUG org.asynchttpclient.netty.handler.HttpHandler - 

Request DefaultFullHttpRequest(decodeResult: success, version: HTTP/1.1, content: EmptyByteBufBE)
GET /session/7f96e7e36b9f10a8b5acad60a25246de/element/6FF2D42796E1B5636833727143D40385_element_39/text HTTP/1.1
User-Agent: selenium/4.8.0 (java windows)
Cache-Control: no-cache
Content-Type: application/json; charset=utf-8
host: localhost:6896
accept: */*

Response DefaultHttpResponse(decodeResult: success, version: HTTP/1.1)
HTTP/1.1 200 OK
Content-Length: 18
Content-Type: application/json; charset=utf-8
cache-control: no-cache

11:36:43.773 [AsyncHttpClient-1-8] DEBUG org.asynchttpclient.netty.channel.ChannelManager - Adding key: http://localhost:6896 for channel [id: 0x1681981a, L:/127.0.0.1:61476 - R:localhost/127.0.0.1:6896]
11:36:43.773 [main] INFO  com.swaglabs.base.SetUp - $49.99 validated Passed
11:36:43.775 [Forwarding findElements on session 7f96e7e36b9f10a8b5acad60a25246de to remote] DEBUG org.asynchttpclient.netty.request.NettyRequestSender - Using pooled Channel '[id: 0x1681981a, L:/127.0.0.1:61476 - R:localhost/127.0.0.1:6896]' for 'POST' to 'http://localhost:6896/session/7f96e7e36b9f10a8b5acad60a25246de/elements'
11:36:43.775 [Forwarding findElements on session 7f96e7e36b9f10a8b5acad60a25246de to remote] DEBUG org.asynchttpclient.netty.request.NettyRequestSender - Using open Channel [id: 0x1681981a, L:/127.0.0.1:61476 - R:localhost/127.0.0.1:6896] for POST '/session/7f96e7e36b9f10a8b5acad60a25246de/elements'
11:36:43.783 [AsyncHttpClient-1-8] DEBUG org.asynchttpclient.netty.handler.HttpHandler - 

Request DefaultHttpRequest(decodeResult: success, version: HTTP/1.1)
POST /session/7f96e7e36b9f10a8b5acad60a25246de/elements HTTP/1.1
User-Agent: selenium/4.8.0 (java windows)
Content-Length: 83
Content-Type: application/json; charset=utf-8
host: localhost:6896
accept: */*

Response DefaultHttpResponse(decodeResult: success, version: HTTP/1.1)
HTTP/1.1 200 OK
Content-Length: 527
Content-Type: application/json; charset=utf-8
cache-control: no-cache

11:36:43.783 [AsyncHttpClient-1-8] DEBUG org.asynchttpclient.netty.channel.ChannelManager - Adding key: http://localhost:6896 for channel [id: 0x1681981a, L:/127.0.0.1:61476 - R:localhost/127.0.0.1:6896]
11:36:43.785 [Forwarding getElementText on session 7f96e7e36b9f10a8b5acad60a25246de to remote] DEBUG org.asynchttpclient.netty.request.NettyRequestSender - Using pooled Channel '[id: 0x1681981a, L:/127.0.0.1:61476 - R:localhost/127.0.0.1:6896]' for 'GET' to 'http://localhost:6896/session/7f96e7e36b9f10a8b5acad60a25246de/element/6FF2D42796E1B5636833727143D40385_element_39/text'
11:36:43.785 [Forwarding getElementText on session 7f96e7e36b9f10a8b5acad60a25246de to remote] DEBUG org.asynchttpclient.netty.request.NettyRequestSender - Using open Channel [id: 0x1681981a, L:/127.0.0.1:61476 - R:localhost/127.0.0.1:6896] for GET '/session/7f96e7e36b9f10a8b5acad60a25246de/element/6FF2D42796E1B5636833727143D40385_element_39/text'
11:36:43.793 [AsyncHttpClient-1-8] DEBUG org.asynchttpclient.netty.handler.HttpHandler - 

Request DefaultFullHttpRequest(decodeResult: success, version: HTTP/1.1, content: EmptyByteBufBE)
GET /session/7f96e7e36b9f10a8b5acad60a25246de/element/6FF2D42796E1B5636833727143D40385_element_39/text HTTP/1.1
User-Agent: selenium/4.8.0 (java windows)
Cache-Control: no-cache
Content-Type: application/json; charset=utf-8
host: localhost:6896
accept: */*

Response DefaultHttpResponse(decodeResult: success, version: HTTP/1.1)
HTTP/1.1 200 OK
Content-Length: 18
Content-Type: application/json; charset=utf-8
cache-control: no-cache

11:36:43.793 [AsyncHttpClient-1-8] DEBUG org.asynchttpclient.netty.channel.ChannelManager - Adding key: http://localhost:6896 for channel [id: 0x1681981a, L:/127.0.0.1:61476 - R:localhost/127.0.0.1:6896]
11:36:43.795 [Forwarding findElements on session 7f96e7e36b9f10a8b5acad60a25246de to remote] DEBUG org.asynchttpclient.netty.request.NettyRequestSender - Using pooled Channel '[id: 0x1681981a, L:/127.0.0.1:61476 - R:localhost/127.0.0.1:6896]' for 'POST' to 'http://localhost:6896/session/7f96e7e36b9f10a8b5acad60a25246de/elements'
11:36:43.795 [Forwarding findElements on session 7f96e7e36b9f10a8b5acad60a25246de to remote] DEBUG org.asynchttpclient.netty.request.NettyRequestSender - Using open Channel [id: 0x1681981a, L:/127.0.0.1:61476 - R:localhost/127.0.0.1:6896] for POST '/session/7f96e7e36b9f10a8b5acad60a25246de/elements'
11:36:43.804 [AsyncHttpClient-1-8] DEBUG org.asynchttpclient.netty.handler.HttpHandler - 

Request DefaultHttpRequest(decodeResult: success, version: HTTP/1.1)
POST /session/7f96e7e36b9f10a8b5acad60a25246de/elements HTTP/1.1
User-Agent: selenium/4.8.0 (java windows)
Content-Length: 83
Content-Type: application/json; charset=utf-8
host: localhost:6896
accept: */*

Response DefaultHttpResponse(decodeResult: success, version: HTTP/1.1)
HTTP/1.1 200 OK
Content-Length: 527
Content-Type: application/json; charset=utf-8
cache-control: no-cache

11:36:43.804 [AsyncHttpClient-1-8] DEBUG org.asynchttpclient.netty.channel.ChannelManager - Adding key: http://localhost:6896 for channel [id: 0x1681981a, L:/127.0.0.1:61476 - R:localhost/127.0.0.1:6896]
11:36:43.805 [Forwarding findElements on session 7f96e7e36b9f10a8b5acad60a25246de to remote] DEBUG org.asynchttpclient.netty.request.NettyRequestSender - Using pooled Channel '[id: 0x1681981a, L:/127.0.0.1:61476 - R:localhost/127.0.0.1:6896]' for 'POST' to 'http://localhost:6896/session/7f96e7e36b9f10a8b5acad60a25246de/elements'
11:36:43.805 [Forwarding findElements on session 7f96e7e36b9f10a8b5acad60a25246de to remote] DEBUG org.asynchttpclient.netty.request.NettyRequestSender - Using open Channel [id: 0x1681981a, L:/127.0.0.1:61476 - R:localhost/127.0.0.1:6896] for POST '/session/7f96e7e36b9f10a8b5acad60a25246de/elements'
11:36:43.813 [AsyncHttpClient-1-8] DEBUG org.asynchttpclient.netty.handler.HttpHandler - 

Request DefaultHttpRequest(decodeResult: success, version: HTTP/1.1)
POST /session/7f96e7e36b9f10a8b5acad60a25246de/elements HTTP/1.1
User-Agent: selenium/4.8.0 (java windows)
Content-Length: 83
Content-Type: application/json; charset=utf-8
host: localhost:6896
accept: */*

Response DefaultHttpResponse(decodeResult: success, version: HTTP/1.1)
HTTP/1.1 200 OK
Content-Length: 527
Content-Type: application/json; charset=utf-8
cache-control: no-cache

11:36:43.813 [AsyncHttpClient-1-8] DEBUG org.asynchttpclient.netty.channel.ChannelManager - Adding key: http://localhost:6896 for channel [id: 0x1681981a, L:/127.0.0.1:61476 - R:localhost/127.0.0.1:6896]
11:36:43.814 [Forwarding getElementText on session 7f96e7e36b9f10a8b5acad60a25246de to remote] DEBUG org.asynchttpclient.netty.request.NettyRequestSender - Using pooled Channel '[id: 0x1681981a, L:/127.0.0.1:61476 - R:localhost/127.0.0.1:6896]' for 'GET' to 'http://localhost:6896/session/7f96e7e36b9f10a8b5acad60a25246de/element/6FF2D42796E1B5636833727143D40385_element_40/text'
11:36:43.814 [Forwarding getElementText on session 7f96e7e36b9f10a8b5acad60a25246de to remote] DEBUG org.asynchttpclient.netty.request.NettyRequestSender - Using open Channel [id: 0x1681981a, L:/127.0.0.1:61476 - R:localhost/127.0.0.1:6896] for GET '/session/7f96e7e36b9f10a8b5acad60a25246de/element/6FF2D42796E1B5636833727143D40385_element_40/text'
11:36:43.820 [AsyncHttpClient-1-8] DEBUG org.asynchttpclient.netty.handler.HttpHandler - 

Request DefaultFullHttpRequest(decodeResult: success, version: HTTP/1.1, content: EmptyByteBufBE)
GET /session/7f96e7e36b9f10a8b5acad60a25246de/element/6FF2D42796E1B5636833727143D40385_element_40/text HTTP/1.1
User-Agent: selenium/4.8.0 (java windows)
Cache-Control: no-cache
Content-Type: application/json; charset=utf-8
host: localhost:6896
accept: */*

Response DefaultHttpResponse(decodeResult: success, version: HTTP/1.1)
HTTP/1.1 200 OK
Content-Length: 17
Content-Type: application/json; charset=utf-8
cache-control: no-cache

11:36:43.820 [AsyncHttpClient-1-8] DEBUG org.asynchttpclient.netty.channel.ChannelManager - Adding key: http://localhost:6896 for channel [id: 0x1681981a, L:/127.0.0.1:61476 - R:localhost/127.0.0.1:6896]
11:36:43.820 [main] INFO  com.swaglabs.base.SetUp - $7.99 validated Passed
11:36:43.821 [Forwarding findElements on session 7f96e7e36b9f10a8b5acad60a25246de to remote] DEBUG org.asynchttpclient.netty.request.NettyRequestSender - Using pooled Channel '[id: 0x1681981a, L:/127.0.0.1:61476 - R:localhost/127.0.0.1:6896]' for 'POST' to 'http://localhost:6896/session/7f96e7e36b9f10a8b5acad60a25246de/elements'
11:36:43.821 [Forwarding findElements on session 7f96e7e36b9f10a8b5acad60a25246de to remote] DEBUG org.asynchttpclient.netty.request.NettyRequestSender - Using open Channel [id: 0x1681981a, L:/127.0.0.1:61476 - R:localhost/127.0.0.1:6896] for POST '/session/7f96e7e36b9f10a8b5acad60a25246de/elements'
11:36:43.829 [AsyncHttpClient-1-8] DEBUG org.asynchttpclient.netty.handler.HttpHandler - 

Request DefaultHttpRequest(decodeResult: success, version: HTTP/1.1)
POST /session/7f96e7e36b9f10a8b5acad60a25246de/elements HTTP/1.1
User-Agent: selenium/4.8.0 (java windows)
Content-Length: 83
Content-Type: application/json; charset=utf-8
host: localhost:6896
accept: */*

Response DefaultHttpResponse(decodeResult: success, version: HTTP/1.1)
HTTP/1.1 200 OK
Content-Length: 527
Content-Type: application/json; charset=utf-8
cache-control: no-cache

11:36:43.829 [AsyncHttpClient-1-8] DEBUG org.asynchttpclient.netty.channel.ChannelManager - Adding key: http://localhost:6896 for channel [id: 0x1681981a, L:/127.0.0.1:61476 - R:localhost/127.0.0.1:6896]
11:36:43.830 [Forwarding getElementText on session 7f96e7e36b9f10a8b5acad60a25246de to remote] DEBUG org.asynchttpclient.netty.request.NettyRequestSender - Using pooled Channel '[id: 0x1681981a, L:/127.0.0.1:61476 - R:localhost/127.0.0.1:6896]' for 'GET' to 'http://localhost:6896/session/7f96e7e36b9f10a8b5acad60a25246de/element/6FF2D42796E1B5636833727143D40385_element_40/text'
11:36:43.831 [Forwarding getElementText on session 7f96e7e36b9f10a8b5acad60a25246de to remote] DEBUG org.asynchttpclient.netty.request.NettyRequestSender - Using open Channel [id: 0x1681981a, L:/127.0.0.1:61476 - R:localhost/127.0.0.1:6896] for GET '/session/7f96e7e36b9f10a8b5acad60a25246de/element/6FF2D42796E1B5636833727143D40385_element_40/text'
11:36:43.838 [AsyncHttpClient-1-8] DEBUG org.asynchttpclient.netty.handler.HttpHandler - 

Request DefaultFullHttpRequest(decodeResult: success, version: HTTP/1.1, content: EmptyByteBufBE)
GET /session/7f96e7e36b9f10a8b5acad60a25246de/element/6FF2D42796E1B5636833727143D40385_element_40/text HTTP/1.1
User-Agent: selenium/4.8.0 (java windows)
Cache-Control: no-cache
Content-Type: application/json; charset=utf-8
host: localhost:6896
accept: */*

Response DefaultHttpResponse(decodeResult: success, version: HTTP/1.1)
HTTP/1.1 200 OK
Content-Length: 17
Content-Type: application/json; charset=utf-8
cache-control: no-cache

11:36:43.838 [AsyncHttpClient-1-8] DEBUG org.asynchttpclient.netty.channel.ChannelManager - Adding key: http://localhost:6896 for channel [id: 0x1681981a, L:/127.0.0.1:61476 - R:localhost/127.0.0.1:6896]
11:36:43.841 [Forwarding findElements on session 7f96e7e36b9f10a8b5acad60a25246de to remote] DEBUG org.asynchttpclient.netty.request.NettyRequestSender - Using pooled Channel '[id: 0x1681981a, L:/127.0.0.1:61476 - R:localhost/127.0.0.1:6896]' for 'POST' to 'http://localhost:6896/session/7f96e7e36b9f10a8b5acad60a25246de/elements'
11:36:43.841 [Forwarding findElements on session 7f96e7e36b9f10a8b5acad60a25246de to remote] DEBUG org.asynchttpclient.netty.request.NettyRequestSender - Using open Channel [id: 0x1681981a, L:/127.0.0.1:61476 - R:localhost/127.0.0.1:6896] for POST '/session/7f96e7e36b9f10a8b5acad60a25246de/elements'
11:36:43.849 [AsyncHttpClient-1-8] DEBUG org.asynchttpclient.netty.handler.HttpHandler - 

Request DefaultHttpRequest(decodeResult: success, version: HTTP/1.1)
POST /session/7f96e7e36b9f10a8b5acad60a25246de/elements HTTP/1.1
User-Agent: selenium/4.8.0 (java windows)
Content-Length: 83
Content-Type: application/json; charset=utf-8
host: localhost:6896
accept: */*

Response DefaultHttpResponse(decodeResult: success, version: HTTP/1.1)
HTTP/1.1 200 OK
Content-Length: 527
Content-Type: application/json; charset=utf-8
cache-control: no-cache

11:36:43.850 [AsyncHttpClient-1-8] DEBUG org.asynchttpclient.netty.channel.ChannelManager - Adding key: http://localhost:6896 for channel [id: 0x1681981a, L:/127.0.0.1:61476 - R:localhost/127.0.0.1:6896]
11:36:43.850 [Forwarding findElements on session 7f96e7e36b9f10a8b5acad60a25246de to remote] DEBUG org.asynchttpclient.netty.request.NettyRequestSender - Using pooled Channel '[id: 0x1681981a, L:/127.0.0.1:61476 - R:localhost/127.0.0.1:6896]' for 'POST' to 'http://localhost:6896/session/7f96e7e36b9f10a8b5acad60a25246de/elements'
11:36:43.850 [Forwarding findElements on session 7f96e7e36b9f10a8b5acad60a25246de to remote] DEBUG org.asynchttpclient.netty.request.NettyRequestSender - Using open Channel [id: 0x1681981a, L:/127.0.0.1:61476 - R:localhost/127.0.0.1:6896] for POST '/session/7f96e7e36b9f10a8b5acad60a25246de/elements'
11:36:43.857 [AsyncHttpClient-1-8] DEBUG org.asynchttpclient.netty.handler.HttpHandler - 

Request DefaultHttpRequest(decodeResult: success, version: HTTP/1.1)
POST /session/7f96e7e36b9f10a8b5acad60a25246de/elements HTTP/1.1
User-Agent: selenium/4.8.0 (java windows)
Content-Length: 83
Content-Type: application/json; charset=utf-8
host: localhost:6896
accept: */*

Response DefaultHttpResponse(decodeResult: success, version: HTTP/1.1)
HTTP/1.1 200 OK
Content-Length: 527
Content-Type: application/json; charset=utf-8
cache-control: no-cache

11:36:43.857 [AsyncHttpClient-1-8] DEBUG org.asynchttpclient.netty.channel.ChannelManager - Adding key: http://localhost:6896 for channel [id: 0x1681981a, L:/127.0.0.1:61476 - R:localhost/127.0.0.1:6896]
11:36:43.858 [Forwarding getElementText on session 7f96e7e36b9f10a8b5acad60a25246de to remote] DEBUG org.asynchttpclient.netty.request.NettyRequestSender - Using pooled Channel '[id: 0x1681981a, L:/127.0.0.1:61476 - R:localhost/127.0.0.1:6896]' for 'GET' to 'http://localhost:6896/session/7f96e7e36b9f10a8b5acad60a25246de/element/6FF2D42796E1B5636833727143D40385_element_41/text'
11:36:43.858 [Forwarding getElementText on session 7f96e7e36b9f10a8b5acad60a25246de to remote] DEBUG org.asynchttpclient.netty.request.NettyRequestSender - Using open Channel [id: 0x1681981a, L:/127.0.0.1:61476 - R:localhost/127.0.0.1:6896] for GET '/session/7f96e7e36b9f10a8b5acad60a25246de/element/6FF2D42796E1B5636833727143D40385_element_41/text'
11:36:43.867 [AsyncHttpClient-1-8] DEBUG org.asynchttpclient.netty.handler.HttpHandler - 

Request DefaultFullHttpRequest(decodeResult: success, version: HTTP/1.1, content: EmptyByteBufBE)
GET /session/7f96e7e36b9f10a8b5acad60a25246de/element/6FF2D42796E1B5636833727143D40385_element_41/text HTTP/1.1
User-Agent: selenium/4.8.0 (java windows)
Cache-Control: no-cache
Content-Type: application/json; charset=utf-8
host: localhost:6896
accept: */*

Response DefaultHttpResponse(decodeResult: success, version: HTTP/1.1)
HTTP/1.1 200 OK
Content-Length: 18
Content-Type: application/json; charset=utf-8
cache-control: no-cache

11:36:43.867 [AsyncHttpClient-1-8] DEBUG org.asynchttpclient.netty.channel.ChannelManager - Adding key: http://localhost:6896 for channel [id: 0x1681981a, L:/127.0.0.1:61476 - R:localhost/127.0.0.1:6896]
11:36:43.867 [main] INFO  com.swaglabs.base.SetUp - $15.99 validated Passed
11:36:43.868 [Forwarding findElements on session 7f96e7e36b9f10a8b5acad60a25246de to remote] DEBUG org.asynchttpclient.netty.request.NettyRequestSender - Using pooled Channel '[id: 0x1681981a, L:/127.0.0.1:61476 - R:localhost/127.0.0.1:6896]' for 'POST' to 'http://localhost:6896/session/7f96e7e36b9f10a8b5acad60a25246de/elements'
11:36:43.868 [Forwarding findElements on session 7f96e7e36b9f10a8b5acad60a25246de to remote] DEBUG org.asynchttpclient.netty.request.NettyRequestSender - Using open Channel [id: 0x1681981a, L:/127.0.0.1:61476 - R:localhost/127.0.0.1:6896] for POST '/session/7f96e7e36b9f10a8b5acad60a25246de/elements'
11:36:43.879 [AsyncHttpClient-1-8] DEBUG org.asynchttpclient.netty.handler.HttpHandler - 

Request DefaultHttpRequest(decodeResult: success, version: HTTP/1.1)
POST /session/7f96e7e36b9f10a8b5acad60a25246de/elements HTTP/1.1
User-Agent: selenium/4.8.0 (java windows)
Content-Length: 83
Content-Type: application/json; charset=utf-8
host: localhost:6896
accept: */*

Response DefaultHttpResponse(decodeResult: success, version: HTTP/1.1)
HTTP/1.1 200 OK
Content-Length: 527
Content-Type: application/json; charset=utf-8
cache-control: no-cache

11:36:43.879 [AsyncHttpClient-1-8] DEBUG org.asynchttpclient.netty.channel.ChannelManager - Adding key: http://localhost:6896 for channel [id: 0x1681981a, L:/127.0.0.1:61476 - R:localhost/127.0.0.1:6896]
11:36:43.881 [Forwarding getElementText on session 7f96e7e36b9f10a8b5acad60a25246de to remote] DEBUG org.asynchttpclient.netty.request.NettyRequestSender - Using pooled Channel '[id: 0x1681981a, L:/127.0.0.1:61476 - R:localhost/127.0.0.1:6896]' for 'GET' to 'http://localhost:6896/session/7f96e7e36b9f10a8b5acad60a25246de/element/6FF2D42796E1B5636833727143D40385_element_41/text'
11:36:43.881 [Forwarding getElementText on session 7f96e7e36b9f10a8b5acad60a25246de to remote] DEBUG org.asynchttpclient.netty.request.NettyRequestSender - Using open Channel [id: 0x1681981a, L:/127.0.0.1:61476 - R:localhost/127.0.0.1:6896] for GET '/session/7f96e7e36b9f10a8b5acad60a25246de/element/6FF2D42796E1B5636833727143D40385_element_41/text'
11:36:43.889 [AsyncHttpClient-1-8] DEBUG org.asynchttpclient.netty.handler.HttpHandler - 

Request DefaultFullHttpRequest(decodeResult: success, version: HTTP/1.1, content: EmptyByteBufBE)
GET /session/7f96e7e36b9f10a8b5acad60a25246de/element/6FF2D42796E1B5636833727143D40385_element_41/text HTTP/1.1
User-Agent: selenium/4.8.0 (java windows)
Cache-Control: no-cache
Content-Type: application/json; charset=utf-8
host: localhost:6896
accept: */*

Response DefaultHttpResponse(decodeResult: success, version: HTTP/1.1)
HTTP/1.1 200 OK
Content-Length: 18
Content-Type: application/json; charset=utf-8
cache-control: no-cache

11:36:43.890 [AsyncHttpClient-1-8] DEBUG org.asynchttpclient.netty.channel.ChannelManager - Adding key: http://localhost:6896 for channel [id: 0x1681981a, L:/127.0.0.1:61476 - R:localhost/127.0.0.1:6896]
11:36:43.891 [Forwarding findElements on session 7f96e7e36b9f10a8b5acad60a25246de to remote] DEBUG org.asynchttpclient.netty.request.NettyRequestSender - Using pooled Channel '[id: 0x1681981a, L:/127.0.0.1:61476 - R:localhost/127.0.0.1:6896]' for 'POST' to 'http://localhost:6896/session/7f96e7e36b9f10a8b5acad60a25246de/elements'
11:36:43.891 [Forwarding findElements on session 7f96e7e36b9f10a8b5acad60a25246de to remote] DEBUG org.asynchttpclient.netty.request.NettyRequestSender - Using open Channel [id: 0x1681981a, L:/127.0.0.1:61476 - R:localhost/127.0.0.1:6896] for POST '/session/7f96e7e36b9f10a8b5acad60a25246de/elements'
11:36:43.899 [AsyncHttpClient-1-8] DEBUG org.asynchttpclient.netty.handler.HttpHandler - 

Request DefaultHttpRequest(decodeResult: success, version: HTTP/1.1)
POST /session/7f96e7e36b9f10a8b5acad60a25246de/elements HTTP/1.1
User-Agent: selenium/4.8.0 (java windows)
Content-Length: 83
Content-Type: application/json; charset=utf-8
host: localhost:6896
accept: */*

Response DefaultHttpResponse(decodeResult: success, version: HTTP/1.1)
HTTP/1.1 200 OK
Content-Length: 527
Content-Type: application/json; charset=utf-8
cache-control: no-cache

11:36:43.899 [AsyncHttpClient-1-8] DEBUG org.asynchttpclient.netty.channel.ChannelManager - Adding key: http://localhost:6896 for channel [id: 0x1681981a, L:/127.0.0.1:61476 - R:localhost/127.0.0.1:6896]
11:36:43.907 [Forwarding getAlertText on session 7f96e7e36b9f10a8b5acad60a25246de to remote] DEBUG org.asynchttpclient.netty.request.NettyRequestSender - Using pooled Channel '[id: 0x1681981a, L:/127.0.0.1:61476 - R:localhost/127.0.0.1:6896]' for 'GET' to 'http://localhost:6896/session/7f96e7e36b9f10a8b5acad60a25246de/alert/text'
11:36:43.907 [Forwarding getAlertText on session 7f96e7e36b9f10a8b5acad60a25246de to remote] DEBUG org.asynchttpclient.netty.request.NettyRequestSender - Using open Channel [id: 0x1681981a, L:/127.0.0.1:61476 - R:localhost/127.0.0.1:6896] for GET '/session/7f96e7e36b9f10a8b5acad60a25246de/alert/text'
11:36:43.911 [AsyncHttpClient-1-8] DEBUG org.asynchttpclient.netty.handler.HttpHandler - 

Request DefaultFullHttpRequest(decodeResult: success, version: HTTP/1.1, content: EmptyByteBufBE)
GET /session/7f96e7e36b9f10a8b5acad60a25246de/alert/text HTTP/1.1
User-Agent: selenium/4.8.0 (java windows)
Cache-Control: no-cache
Content-Type: application/json; charset=utf-8
host: localhost:6896
accept: */*

Response DefaultHttpResponse(decodeResult: success, version: HTTP/1.1)
HTTP/1.1 404 Not Found
Content-Length: 1522
Content-Type: application/json; charset=utf-8
cache-control: no-cache

11:36:43.911 [AsyncHttpClient-1-8] DEBUG org.asynchttpclient.netty.channel.ChannelManager - Adding key: http://localhost:6896 for channel [id: 0x1681981a, L:/127.0.0.1:61476 - R:localhost/127.0.0.1:6896]
11:36:43.912 [Forwarding getCurrentUrl on session 7f96e7e36b9f10a8b5acad60a25246de to remote] DEBUG org.asynchttpclient.netty.request.NettyRequestSender - Using pooled Channel '[id: 0x1681981a, L:/127.0.0.1:61476 - R:localhost/127.0.0.1:6896]' for 'GET' to 'http://localhost:6896/session/7f96e7e36b9f10a8b5acad60a25246de/url'
11:36:43.912 [Forwarding getCurrentUrl on session 7f96e7e36b9f10a8b5acad60a25246de to remote] DEBUG org.asynchttpclient.netty.request.NettyRequestSender - Using open Channel [id: 0x1681981a, L:/127.0.0.1:61476 - R:localhost/127.0.0.1:6896] for GET '/session/7f96e7e36b9f10a8b5acad60a25246de/url'
11:36:43.917 [AsyncHttpClient-1-8] DEBUG org.asynchttpclient.netty.handler.HttpHandler - 

Request DefaultFullHttpRequest(decodeResult: success, version: HTTP/1.1, content: EmptyByteBufBE)
GET /session/7f96e7e36b9f10a8b5acad60a25246de/url HTTP/1.1
User-Agent: selenium/4.8.0 (java windows)
Cache-Control: no-cache
Content-Type: application/json; charset=utf-8
host: localhost:6896
accept: */*

Response DefaultHttpResponse(decodeResult: success, version: HTTP/1.1)
HTTP/1.1 200 OK
Content-Length: 52
Content-Type: application/json; charset=utf-8
cache-control: no-cache

11:36:43.917 [AsyncHttpClient-1-8] DEBUG org.asynchttpclient.netty.channel.ChannelManager - Adding key: http://localhost:6896 for channel [id: 0x1681981a, L:/127.0.0.1:61476 - R:localhost/127.0.0.1:6896]
11:36:43.917 [Forwarding screenshot on session 7f96e7e36b9f10a8b5acad60a25246de to remote] DEBUG org.asynchttpclient.netty.request.NettyRequestSender - Using pooled Channel '[id: 0x1681981a, L:/127.0.0.1:61476 - R:localhost/127.0.0.1:6896]' for 'GET' to 'http://localhost:6896/session/7f96e7e36b9f10a8b5acad60a25246de/screenshot'
11:36:43.917 [Forwarding screenshot on session 7f96e7e36b9f10a8b5acad60a25246de to remote] DEBUG org.asynchttpclient.netty.request.NettyRequestSender - Using open Channel [id: 0x1681981a, L:/127.0.0.1:61476 - R:localhost/127.0.0.1:6896] for GET '/session/7f96e7e36b9f10a8b5acad60a25246de/screenshot'
11:36:43.934 [AsyncHttpClient-1-1] DEBUG org.asynchttpclient.netty.channel.DefaultChannelPool - Entry count for : http://localhost:61482 : 1
11:36:44.106 [AsyncHttpClient-1-8] DEBUG org.asynchttpclient.netty.handler.HttpHandler - 

Request DefaultFullHttpRequest(decodeResult: success, version: HTTP/1.1, content: EmptyByteBufBE)
GET /session/7f96e7e36b9f10a8b5acad60a25246de/screenshot HTTP/1.1
User-Agent: selenium/4.8.0 (java windows)
Cache-Control: no-cache
Content-Type: application/json; charset=utf-8
host: localhost:6896
accept: */*

Response DefaultHttpResponse(decodeResult: success, version: HTTP/1.1)
HTTP/1.1 200 OK
Content-Length: 478944
Content-Type: application/json; charset=utf-8
cache-control: no-cache

11:36:44.107 [AsyncHttpClient-1-8] DEBUG org.asynchttpclient.netty.channel.ChannelManager - Adding key: http://localhost:6896 for channel [id: 0x1681981a, L:/127.0.0.1:61476 - R:localhost/127.0.0.1:6896]
11:36:44.120 [main] DEBUG net.serenitybdd.core.photography.Darkroom - Send negative for processing for target\site\serenity\d9ff63befa81cfb3b8ee6581853bc7356cce55d75d99a72016e4bac3b00361ae.png
11:36:44.120 [main] DEBUG net.thucydides.core.steps.StepInterceptor - STEP DONE: validate product prices
11:36:44.126 [Forwarding getPageSource on session 7f96e7e36b9f10a8b5acad60a25246de to remote] DEBUG org.asynchttpclient.netty.request.NettyRequestSender - Using pooled Channel '[id: 0x1681981a, L:/127.0.0.1:61476 - R:localhost/127.0.0.1:6896]' for 'POST' to 'http://localhost:6896/session/7f96e7e36b9f10a8b5acad60a25246de/execute/sync'
11:36:44.126 [Forwarding getPageSource on session 7f96e7e36b9f10a8b5acad60a25246de to remote] DEBUG org.asynchttpclient.netty.request.NettyRequestSender - Using open Channel [id: 0x1681981a, L:/127.0.0.1:61476 - R:localhost/127.0.0.1:6896] for POST '/session/7f96e7e36b9f10a8b5acad60a25246de/execute/sync'
11:36:44.133 [AsyncHttpClient-1-8] DEBUG org.asynchttpclient.netty.handler.HttpHandler - 

Request DefaultHttpRequest(decodeResult: success, version: HTTP/1.1)
POST /session/7f96e7e36b9f10a8b5acad60a25246de/execute/sync HTTP/1.1
User-Agent: selenium/4.8.0 (java windows)
Content-Length: 176
Content-Type: application/json; charset=utf-8
host: localhost:6896
accept: */*

Response DefaultHttpResponse(decodeResult: success, version: HTTP/1.1)
HTTP/1.1 200 OK
Content-Length: 16392
Content-Type: application/json; charset=utf-8
cache-control: no-cache

11:36:44.133 [AsyncHttpClient-1-8] DEBUG org.asynchttpclient.netty.channel.ChannelManager - Adding key: http://localhost:6896 for channel [id: 0x1681981a, L:/127.0.0.1:61476 - R:localhost/127.0.0.1:6896]
11:36:44.135 [Forwarding getCurrentUrl on session 7f96e7e36b9f10a8b5acad60a25246de to remote] DEBUG org.asynchttpclient.netty.request.NettyRequestSender - Using pooled Channel '[id: 0x1681981a, L:/127.0.0.1:61476 - R:localhost/127.0.0.1:6896]' for 'GET' to 'http://localhost:6896/session/7f96e7e36b9f10a8b5acad60a25246de/url'
11:36:44.135 [Forwarding getCurrentUrl on session 7f96e7e36b9f10a8b5acad60a25246de to remote] DEBUG org.asynchttpclient.netty.request.NettyRequestSender - Using open Channel [id: 0x1681981a, L:/127.0.0.1:61476 - R:localhost/127.0.0.1:6896] for GET '/session/7f96e7e36b9f10a8b5acad60a25246de/url'
11:36:44.143 [AsyncHttpClient-1-8] DEBUG org.asynchttpclient.netty.handler.HttpHandler - 

Request DefaultFullHttpRequest(decodeResult: success, version: HTTP/1.1, content: EmptyByteBufBE)
GET /session/7f96e7e36b9f10a8b5acad60a25246de/url HTTP/1.1
User-Agent: selenium/4.8.0 (java windows)
Cache-Control: no-cache
Content-Type: application/json; charset=utf-8
host: localhost:6896
accept: */*

Response DefaultHttpResponse(decodeResult: success, version: HTTP/1.1)
HTTP/1.1 200 OK
Content-Length: 52
Content-Type: application/json; charset=utf-8
cache-control: no-cache

11:36:44.143 [AsyncHttpClient-1-8] DEBUG org.asynchttpclient.netty.channel.ChannelManager - Adding key: http://localhost:6896 for channel [id: 0x1681981a, L:/127.0.0.1:61476 - R:localhost/127.0.0.1:6896]
11:36:44.150 [main] DEBUG net.thucydides.core.steps.StepInterceptor - STARTING STEP: InventoryPageSteps.test4_validateInventoryPageHeaderAndFooters - validate footer
11:36:44.154 [Forwarding findElement on session 7f96e7e36b9f10a8b5acad60a25246de to remote] DEBUG org.asynchttpclient.netty.request.NettyRequestSender - Using pooled Channel '[id: 0x1681981a, L:/127.0.0.1:61476 - R:localhost/127.0.0.1:6896]' for 'POST' to 'http://localhost:6896/session/7f96e7e36b9f10a8b5acad60a25246de/element'
11:36:44.154 [Forwarding findElement on session 7f96e7e36b9f10a8b5acad60a25246de to remote] DEBUG org.asynchttpclient.netty.request.NettyRequestSender - Using open Channel [id: 0x1681981a, L:/127.0.0.1:61476 - R:localhost/127.0.0.1:6896] for POST '/session/7f96e7e36b9f10a8b5acad60a25246de/element'
11:36:44.166 [AsyncHttpClient-1-8] DEBUG org.asynchttpclient.netty.handler.HttpHandler - 

Request DefaultHttpRequest(decodeResult: success, version: HTTP/1.1)
POST /session/7f96e7e36b9f10a8b5acad60a25246de/element HTTP/1.1
User-Agent: selenium/4.8.0 (java windows)
Content-Length: 74
Content-Type: application/json; charset=utf-8
host: localhost:6896
accept: */*

Response DefaultHttpResponse(decodeResult: success, version: HTTP/1.1)
HTTP/1.1 200 OK
Content-Length: 95
Content-Type: application/json; charset=utf-8
cache-control: no-cache

11:36:44.166 [AsyncHttpClient-1-8] DEBUG org.asynchttpclient.netty.channel.ChannelManager - Adding key: http://localhost:6896 for channel [id: 0x1681981a, L:/127.0.0.1:61476 - R:localhost/127.0.0.1:6896]
11:36:44.170 [Forwarding isElementDisplayed on session 7f96e7e36b9f10a8b5acad60a25246de to remote] DEBUG org.asynchttpclient.netty.request.NettyRequestSender - Using pooled Channel '[id: 0x1681981a, L:/127.0.0.1:61476 - R:localhost/127.0.0.1:6896]' for 'POST' to 'http://localhost:6896/session/7f96e7e36b9f10a8b5acad60a25246de/execute/sync'
11:36:44.170 [Forwarding isElementDisplayed on session 7f96e7e36b9f10a8b5acad60a25246de to remote] DEBUG org.asynchttpclient.netty.request.NettyRequestSender - Using open Channel [id: 0x1681981a, L:/127.0.0.1:61476 - R:localhost/127.0.0.1:6896] for POST '/session/7f96e7e36b9f10a8b5acad60a25246de/execute/sync'
11:36:44.177 [AsyncHttpClient-1-8] DEBUG org.asynchttpclient.netty.handler.HttpHandler - 

Request DefaultHttpRequest(decodeResult: success, version: HTTP/1.1)
POST /session/7f96e7e36b9f10a8b5acad60a25246de/execute/sync HTTP/1.1
User-Agent: selenium/4.8.0 (java windows)
Content-Length: 48814
Content-Type: application/json; charset=utf-8
host: localhost:6896
accept: */*

Response DefaultHttpResponse(decodeResult: success, version: HTTP/1.1)
HTTP/1.1 200 OK
Content-Length: 14
Content-Type: application/json; charset=utf-8
cache-control: no-cache

11:36:44.177 [AsyncHttpClient-1-8] DEBUG org.asynchttpclient.netty.channel.ChannelManager - Adding key: http://localhost:6896 for channel [id: 0x1681981a, L:/127.0.0.1:61476 - R:localhost/127.0.0.1:6896]
11:36:44.178 [Forwarding getElementText on session 7f96e7e36b9f10a8b5acad60a25246de to remote] DEBUG org.asynchttpclient.netty.request.NettyRequestSender - Using pooled Channel '[id: 0x1681981a, L:/127.0.0.1:61476 - R:localhost/127.0.0.1:6896]' for 'GET' to 'http://localhost:6896/session/7f96e7e36b9f10a8b5acad60a25246de/element/6FF2D42796E1B5636833727143D40385_element_42/text'
11:36:44.178 [Forwarding getElementText on session 7f96e7e36b9f10a8b5acad60a25246de to remote] DEBUG org.asynchttpclient.netty.request.NettyRequestSender - Using open Channel [id: 0x1681981a, L:/127.0.0.1:61476 - R:localhost/127.0.0.1:6896] for GET '/session/7f96e7e36b9f10a8b5acad60a25246de/element/6FF2D42796E1B5636833727143D40385_element_42/text'
11:36:44.187 [AsyncHttpClient-1-8] DEBUG org.asynchttpclient.netty.handler.HttpHandler - 

Request DefaultFullHttpRequest(decodeResult: success, version: HTTP/1.1, content: EmptyByteBufBE)
GET /session/7f96e7e36b9f10a8b5acad60a25246de/element/6FF2D42796E1B5636833727143D40385_element_42/text HTTP/1.1
User-Agent: selenium/4.8.0 (java windows)
Cache-Control: no-cache
Content-Type: application/json; charset=utf-8
host: localhost:6896
accept: */*

Response DefaultHttpResponse(decodeResult: success, version: HTTP/1.1)
HTTP/1.1 200 OK
Content-Length: 86
Content-Type: application/json; charset=utf-8
cache-control: no-cache

11:36:44.187 [AsyncHttpClient-1-8] DEBUG org.asynchttpclient.netty.channel.ChannelManager - Adding key: http://localhost:6896 for channel [id: 0x1681981a, L:/127.0.0.1:61476 - R:localhost/127.0.0.1:6896]
11:36:44.190 [Forwarding findElement on session 7f96e7e36b9f10a8b5acad60a25246de to remote] DEBUG org.asynchttpclient.netty.request.NettyRequestSender - Using pooled Channel '[id: 0x1681981a, L:/127.0.0.1:61476 - R:localhost/127.0.0.1:6896]' for 'POST' to 'http://localhost:6896/session/7f96e7e36b9f10a8b5acad60a25246de/element'
11:36:44.190 [Forwarding findElement on session 7f96e7e36b9f10a8b5acad60a25246de to remote] DEBUG org.asynchttpclient.netty.request.NettyRequestSender - Using open Channel [id: 0x1681981a, L:/127.0.0.1:61476 - R:localhost/127.0.0.1:6896] for POST '/session/7f96e7e36b9f10a8b5acad60a25246de/element'
11:36:44.198 [AsyncHttpClient-1-8] DEBUG org.asynchttpclient.netty.handler.HttpHandler - 

Request DefaultHttpRequest(decodeResult: success, version: HTTP/1.1)
POST /session/7f96e7e36b9f10a8b5acad60a25246de/element HTTP/1.1
User-Agent: selenium/4.8.0 (java windows)
Content-Length: 74
Content-Type: application/json; charset=utf-8
host: localhost:6896
accept: */*

Response DefaultHttpResponse(decodeResult: success, version: HTTP/1.1)
HTTP/1.1 200 OK
Content-Length: 95
Content-Type: application/json; charset=utf-8
cache-control: no-cache

11:36:44.198 [AsyncHttpClient-1-8] DEBUG org.asynchttpclient.netty.channel.ChannelManager - Adding key: http://localhost:6896 for channel [id: 0x1681981a, L:/127.0.0.1:61476 - R:localhost/127.0.0.1:6896]
11:36:44.199 [Forwarding isElementDisplayed on session 7f96e7e36b9f10a8b5acad60a25246de to remote] DEBUG org.asynchttpclient.netty.request.NettyRequestSender - Using pooled Channel '[id: 0x1681981a, L:/127.0.0.1:61476 - R:localhost/127.0.0.1:6896]' for 'POST' to 'http://localhost:6896/session/7f96e7e36b9f10a8b5acad60a25246de/execute/sync'
11:36:44.199 [Forwarding isElementDisplayed on session 7f96e7e36b9f10a8b5acad60a25246de to remote] DEBUG org.asynchttpclient.netty.request.NettyRequestSender - Using open Channel [id: 0x1681981a, L:/127.0.0.1:61476 - R:localhost/127.0.0.1:6896] for POST '/session/7f96e7e36b9f10a8b5acad60a25246de/execute/sync'
11:36:44.213 [AsyncHttpClient-1-8] DEBUG org.asynchttpclient.netty.handler.HttpHandler - 

Request DefaultHttpRequest(decodeResult: success, version: HTTP/1.1)
POST /session/7f96e7e36b9f10a8b5acad60a25246de/execute/sync HTTP/1.1
User-Agent: selenium/4.8.0 (java windows)
Content-Length: 48814
Content-Type: application/json; charset=utf-8
host: localhost:6896
accept: */*

Response DefaultHttpResponse(decodeResult: success, version: HTTP/1.1)
HTTP/1.1 200 OK
Content-Length: 14
Content-Type: application/json; charset=utf-8
cache-control: no-cache

11:36:44.213 [AsyncHttpClient-1-8] DEBUG org.asynchttpclient.netty.channel.ChannelManager - Adding key: http://localhost:6896 for channel [id: 0x1681981a, L:/127.0.0.1:61476 - R:localhost/127.0.0.1:6896]
11:36:44.214 [Forwarding getElementText on session 7f96e7e36b9f10a8b5acad60a25246de to remote] DEBUG org.asynchttpclient.netty.request.NettyRequestSender - Using pooled Channel '[id: 0x1681981a, L:/127.0.0.1:61476 - R:localhost/127.0.0.1:6896]' for 'GET' to 'http://localhost:6896/session/7f96e7e36b9f10a8b5acad60a25246de/element/6FF2D42796E1B5636833727143D40385_element_42/text'
11:36:44.214 [Forwarding getElementText on session 7f96e7e36b9f10a8b5acad60a25246de to remote] DEBUG org.asynchttpclient.netty.request.NettyRequestSender - Using open Channel [id: 0x1681981a, L:/127.0.0.1:61476 - R:localhost/127.0.0.1:6896] for GET '/session/7f96e7e36b9f10a8b5acad60a25246de/element/6FF2D42796E1B5636833727143D40385_element_42/text'
11:36:44.221 [AsyncHttpClient-1-8] DEBUG org.asynchttpclient.netty.handler.HttpHandler - 

Request DefaultFullHttpRequest(decodeResult: success, version: HTTP/1.1, content: EmptyByteBufBE)
GET /session/7f96e7e36b9f10a8b5acad60a25246de/element/6FF2D42796E1B5636833727143D40385_element_42/text HTTP/1.1
User-Agent: selenium/4.8.0 (java windows)
Cache-Control: no-cache
Content-Type: application/json; charset=utf-8
host: localhost:6896
accept: */*

Response DefaultHttpResponse(decodeResult: success, version: HTTP/1.1)
HTTP/1.1 200 OK
Content-Length: 86
Content-Type: application/json; charset=utf-8
cache-control: no-cache

11:36:44.221 [AsyncHttpClient-1-8] DEBUG org.asynchttpclient.netty.channel.ChannelManager - Adding key: http://localhost:6896 for channel [id: 0x1681981a, L:/127.0.0.1:61476 - R:localhost/127.0.0.1:6896]
© 2023 Sauce Labs. All Rights Reserved. Terms of Service | Privacy Policy
© 2023 Sauce Labs. All Rights Reserved. Terms of Service | Privacy Policy
11:36:44.221 [main] INFO  com.swaglabs.base.SetUp - footer validation is pass
11:36:44.227 [Forwarding getAlertText on session 7f96e7e36b9f10a8b5acad60a25246de to remote] DEBUG org.asynchttpclient.netty.request.NettyRequestSender - Using pooled Channel '[id: 0x1681981a, L:/127.0.0.1:61476 - R:localhost/127.0.0.1:6896]' for 'GET' to 'http://localhost:6896/session/7f96e7e36b9f10a8b5acad60a25246de/alert/text'
11:36:44.227 [Forwarding getAlertText on session 7f96e7e36b9f10a8b5acad60a25246de to remote] DEBUG org.asynchttpclient.netty.request.NettyRequestSender - Using open Channel [id: 0x1681981a, L:/127.0.0.1:61476 - R:localhost/127.0.0.1:6896] for GET '/session/7f96e7e36b9f10a8b5acad60a25246de/alert/text'
11:36:44.229 [AsyncHttpClient-1-8] DEBUG org.asynchttpclient.netty.handler.HttpHandler - 

Request DefaultFullHttpRequest(decodeResult: success, version: HTTP/1.1, content: EmptyByteBufBE)
GET /session/7f96e7e36b9f10a8b5acad60a25246de/alert/text HTTP/1.1
User-Agent: selenium/4.8.0 (java windows)
Cache-Control: no-cache
Content-Type: application/json; charset=utf-8
host: localhost:6896
accept: */*

Response DefaultHttpResponse(decodeResult: success, version: HTTP/1.1)
HTTP/1.1 404 Not Found
Content-Length: 1522
Content-Type: application/json; charset=utf-8
cache-control: no-cache

11:36:44.229 [AsyncHttpClient-1-8] DEBUG org.asynchttpclient.netty.channel.ChannelManager - Adding key: http://localhost:6896 for channel [id: 0x1681981a, L:/127.0.0.1:61476 - R:localhost/127.0.0.1:6896]
11:36:44.230 [Forwarding getCurrentUrl on session 7f96e7e36b9f10a8b5acad60a25246de to remote] DEBUG org.asynchttpclient.netty.request.NettyRequestSender - Using pooled Channel '[id: 0x1681981a, L:/127.0.0.1:61476 - R:localhost/127.0.0.1:6896]' for 'GET' to 'http://localhost:6896/session/7f96e7e36b9f10a8b5acad60a25246de/url'
11:36:44.230 [Forwarding getCurrentUrl on session 7f96e7e36b9f10a8b5acad60a25246de to remote] DEBUG org.asynchttpclient.netty.request.NettyRequestSender - Using open Channel [id: 0x1681981a, L:/127.0.0.1:61476 - R:localhost/127.0.0.1:6896] for GET '/session/7f96e7e36b9f10a8b5acad60a25246de/url'
11:36:44.233 [AsyncHttpClient-1-8] DEBUG org.asynchttpclient.netty.handler.HttpHandler - 

Request DefaultFullHttpRequest(decodeResult: success, version: HTTP/1.1, content: EmptyByteBufBE)
GET /session/7f96e7e36b9f10a8b5acad60a25246de/url HTTP/1.1
User-Agent: selenium/4.8.0 (java windows)
Cache-Control: no-cache
Content-Type: application/json; charset=utf-8
host: localhost:6896
accept: */*

Response DefaultHttpResponse(decodeResult: success, version: HTTP/1.1)
HTTP/1.1 200 OK
Content-Length: 52
Content-Type: application/json; charset=utf-8
cache-control: no-cache

11:36:44.233 [AsyncHttpClient-1-8] DEBUG org.asynchttpclient.netty.channel.ChannelManager - Adding key: http://localhost:6896 for channel [id: 0x1681981a, L:/127.0.0.1:61476 - R:localhost/127.0.0.1:6896]
11:36:44.233 [Forwarding screenshot on session 7f96e7e36b9f10a8b5acad60a25246de to remote] DEBUG org.asynchttpclient.netty.request.NettyRequestSender - Using pooled Channel '[id: 0x1681981a, L:/127.0.0.1:61476 - R:localhost/127.0.0.1:6896]' for 'GET' to 'http://localhost:6896/session/7f96e7e36b9f10a8b5acad60a25246de/screenshot'
11:36:44.233 [Forwarding screenshot on session 7f96e7e36b9f10a8b5acad60a25246de to remote] DEBUG org.asynchttpclient.netty.request.NettyRequestSender - Using open Channel [id: 0x1681981a, L:/127.0.0.1:61476 - R:localhost/127.0.0.1:6896] for GET '/session/7f96e7e36b9f10a8b5acad60a25246de/screenshot'
11:36:44.426 [AsyncHttpClient-1-8] DEBUG org.asynchttpclient.netty.handler.HttpHandler - 

Request DefaultFullHttpRequest(decodeResult: success, version: HTTP/1.1, content: EmptyByteBufBE)
GET /session/7f96e7e36b9f10a8b5acad60a25246de/screenshot HTTP/1.1
User-Agent: selenium/4.8.0 (java windows)
Cache-Control: no-cache
Content-Type: application/json; charset=utf-8
host: localhost:6896
accept: */*

Response DefaultHttpResponse(decodeResult: success, version: HTTP/1.1)
HTTP/1.1 200 OK
Content-Length: 478944
Content-Type: application/json; charset=utf-8
cache-control: no-cache

11:36:44.427 [AsyncHttpClient-1-8] DEBUG org.asynchttpclient.netty.channel.ChannelManager - Adding key: http://localhost:6896 for channel [id: 0x1681981a, L:/127.0.0.1:61476 - R:localhost/127.0.0.1:6896]
11:36:44.435 [main] DEBUG net.serenitybdd.core.photography.Darkroom - Send negative for processing for target\site\serenity\d9ff63befa81cfb3b8ee6581853bc7356cce55d75d99a72016e4bac3b00361ae.png
11:36:44.435 [main] DEBUG net.thucydides.core.steps.StepInterceptor - STEP DONE: validate footer
11:36:44.437 [Forwarding findElements on session 7f96e7e36b9f10a8b5acad60a25246de to remote] DEBUG org.asynchttpclient.netty.request.NettyRequestSender - Using pooled Channel '[id: 0x1681981a, L:/127.0.0.1:61476 - R:localhost/127.0.0.1:6896]' for 'POST' to 'http://localhost:6896/session/7f96e7e36b9f10a8b5acad60a25246de/elements'
11:36:44.437 [Forwarding findElements on session 7f96e7e36b9f10a8b5acad60a25246de to remote] DEBUG org.asynchttpclient.netty.request.NettyRequestSender - Using open Channel [id: 0x1681981a, L:/127.0.0.1:61476 - R:localhost/127.0.0.1:6896] for POST '/session/7f96e7e36b9f10a8b5acad60a25246de/elements'
11:36:44.451 [AsyncHttpClient-1-8] DEBUG org.asynchttpclient.netty.handler.HttpHandler - 

Request DefaultHttpRequest(decodeResult: success, version: HTTP/1.1)
POST /session/7f96e7e36b9f10a8b5acad60a25246de/elements HTTP/1.1
User-Agent: selenium/4.8.0 (java windows)
Content-Length: 82
Content-Type: application/json; charset=utf-8
host: localhost:6896
accept: */*

Response DefaultHttpResponse(decodeResult: success, version: HTTP/1.1)
HTTP/1.1 200 OK
Content-Length: 269
Content-Type: application/json; charset=utf-8
cache-control: no-cache

11:36:44.452 [AsyncHttpClient-1-8] DEBUG org.asynchttpclient.netty.channel.ChannelManager - Adding key: http://localhost:6896 for channel [id: 0x1681981a, L:/127.0.0.1:61476 - R:localhost/127.0.0.1:6896]
11:36:44.452 [Forwarding findElements on session 7f96e7e36b9f10a8b5acad60a25246de to remote] DEBUG org.asynchttpclient.netty.request.NettyRequestSender - Using pooled Channel '[id: 0x1681981a, L:/127.0.0.1:61476 - R:localhost/127.0.0.1:6896]' for 'POST' to 'http://localhost:6896/session/7f96e7e36b9f10a8b5acad60a25246de/elements'
11:36:44.453 [Forwarding findElements on session 7f96e7e36b9f10a8b5acad60a25246de to remote] DEBUG org.asynchttpclient.netty.request.NettyRequestSender - Using open Channel [id: 0x1681981a, L:/127.0.0.1:61476 - R:localhost/127.0.0.1:6896] for POST '/session/7f96e7e36b9f10a8b5acad60a25246de/elements'
11:36:44.464 [AsyncHttpClient-1-8] DEBUG org.asynchttpclient.netty.handler.HttpHandler - 

Request DefaultHttpRequest(decodeResult: success, version: HTTP/1.1)
POST /session/7f96e7e36b9f10a8b5acad60a25246de/elements HTTP/1.1
User-Agent: selenium/4.8.0 (java windows)
Content-Length: 82
Content-Type: application/json; charset=utf-8
host: localhost:6896
accept: */*

Response DefaultHttpResponse(decodeResult: success, version: HTTP/1.1)
HTTP/1.1 200 OK
Content-Length: 269
Content-Type: application/json; charset=utf-8
cache-control: no-cache

11:36:44.464 [AsyncHttpClient-1-8] DEBUG org.asynchttpclient.netty.channel.ChannelManager - Adding key: http://localhost:6896 for channel [id: 0x1681981a, L:/127.0.0.1:61476 - R:localhost/127.0.0.1:6896]
11:36:44.466 [Forwarding getElementTagName on session 7f96e7e36b9f10a8b5acad60a25246de to remote] DEBUG org.asynchttpclient.netty.request.NettyRequestSender - Using pooled Channel '[id: 0x1681981a, L:/127.0.0.1:61476 - R:localhost/127.0.0.1:6896]' for 'GET' to 'http://localhost:6896/session/7f96e7e36b9f10a8b5acad60a25246de/element/6FF2D42796E1B5636833727143D40385_element_44/name'
11:36:44.466 [Forwarding getElementTagName on session 7f96e7e36b9f10a8b5acad60a25246de to remote] DEBUG org.asynchttpclient.netty.request.NettyRequestSender - Using open Channel [id: 0x1681981a, L:/127.0.0.1:61476 - R:localhost/127.0.0.1:6896] for GET '/session/7f96e7e36b9f10a8b5acad60a25246de/element/6FF2D42796E1B5636833727143D40385_element_44/name'
11:36:44.468 [AsyncHttpClient-1-8] DEBUG org.asynchttpclient.netty.handler.HttpHandler - 

Request DefaultFullHttpRequest(decodeResult: success, version: HTTP/1.1, content: EmptyByteBufBE)
GET /session/7f96e7e36b9f10a8b5acad60a25246de/element/6FF2D42796E1B5636833727143D40385_element_44/name HTTP/1.1
User-Agent: selenium/4.8.0 (java windows)
Cache-Control: no-cache
Content-Type: application/json; charset=utf-8
host: localhost:6896
accept: */*

Response DefaultHttpResponse(decodeResult: success, version: HTTP/1.1)
HTTP/1.1 200 OK
Content-Length: 14
Content-Type: application/json; charset=utf-8
cache-control: no-cache

11:36:44.469 [AsyncHttpClient-1-8] DEBUG org.asynchttpclient.netty.channel.ChannelManager - Adding key: http://localhost:6896 for channel [id: 0x1681981a, L:/127.0.0.1:61476 - R:localhost/127.0.0.1:6896]
11:36:44.470 [Forwarding getElementTagName on session 7f96e7e36b9f10a8b5acad60a25246de to remote] DEBUG org.asynchttpclient.netty.request.NettyRequestSender - Using pooled Channel '[id: 0x1681981a, L:/127.0.0.1:61476 - R:localhost/127.0.0.1:6896]' for 'GET' to 'http://localhost:6896/session/7f96e7e36b9f10a8b5acad60a25246de/element/6FF2D42796E1B5636833727143D40385_element_44/name'
11:36:44.470 [Forwarding getElementTagName on session 7f96e7e36b9f10a8b5acad60a25246de to remote] DEBUG org.asynchttpclient.netty.request.NettyRequestSender - Using open Channel [id: 0x1681981a, L:/127.0.0.1:61476 - R:localhost/127.0.0.1:6896] for GET '/session/7f96e7e36b9f10a8b5acad60a25246de/element/6FF2D42796E1B5636833727143D40385_element_44/name'
11:36:44.477 [AsyncHttpClient-1-8] DEBUG org.asynchttpclient.netty.handler.HttpHandler - 

Request DefaultFullHttpRequest(decodeResult: success, version: HTTP/1.1, content: EmptyByteBufBE)
GET /session/7f96e7e36b9f10a8b5acad60a25246de/element/6FF2D42796E1B5636833727143D40385_element_44/name HTTP/1.1
User-Agent: selenium/4.8.0 (java windows)
Cache-Control: no-cache
Content-Type: application/json; charset=utf-8
host: localhost:6896
accept: */*

Response DefaultHttpResponse(decodeResult: success, version: HTTP/1.1)
HTTP/1.1 200 OK
Content-Length: 14
Content-Type: application/json; charset=utf-8
cache-control: no-cache

11:36:44.477 [AsyncHttpClient-1-8] DEBUG org.asynchttpclient.netty.channel.ChannelManager - Adding key: http://localhost:6896 for channel [id: 0x1681981a, L:/127.0.0.1:61476 - R:localhost/127.0.0.1:6896]
11:36:44.478 [Forwarding clickElement on session 7f96e7e36b9f10a8b5acad60a25246de to remote] DEBUG org.asynchttpclient.netty.request.NettyRequestSender - Using pooled Channel '[id: 0x1681981a, L:/127.0.0.1:61476 - R:localhost/127.0.0.1:6896]' for 'POST' to 'http://localhost:6896/session/7f96e7e36b9f10a8b5acad60a25246de/element/6FF2D42796E1B5636833727143D40385_element_44/click'
11:36:44.478 [Forwarding clickElement on session 7f96e7e36b9f10a8b5acad60a25246de to remote] DEBUG org.asynchttpclient.netty.request.NettyRequestSender - Using open Channel [id: 0x1681981a, L:/127.0.0.1:61476 - R:localhost/127.0.0.1:6896] for POST '/session/7f96e7e36b9f10a8b5acad60a25246de/element/6FF2D42796E1B5636833727143D40385_element_44/click'
11:36:44.623 [AsyncHttpClient-1-8] DEBUG org.asynchttpclient.netty.handler.HttpHandler - 

Request DefaultHttpRequest(decodeResult: success, version: HTTP/1.1)
POST /session/7f96e7e36b9f10a8b5acad60a25246de/element/6FF2D42796E1B5636833727143D40385_element_44/click HTTP/1.1
User-Agent: selenium/4.8.0 (java windows)
Content-Length: 57
Content-Type: application/json; charset=utf-8
host: localhost:6896
accept: */*

Response DefaultHttpResponse(decodeResult: success, version: HTTP/1.1)
HTTP/1.1 200 OK
Content-Length: 14
Content-Type: application/json; charset=utf-8
cache-control: no-cache

11:36:44.623 [AsyncHttpClient-1-8] DEBUG org.asynchttpclient.netty.channel.ChannelManager - Adding key: http://localhost:6896 for channel [id: 0x1681981a, L:/127.0.0.1:61476 - R:localhost/127.0.0.1:6896]
11:36:44.626 [Forwarding getCurrentWindowHandle on session 7f96e7e36b9f10a8b5acad60a25246de to remote] DEBUG org.asynchttpclient.netty.request.NettyRequestSender - Using pooled Channel '[id: 0x1681981a, L:/127.0.0.1:61476 - R:localhost/127.0.0.1:6896]' for 'GET' to 'http://localhost:6896/session/7f96e7e36b9f10a8b5acad60a25246de/window'
11:36:44.626 [Forwarding getCurrentWindowHandle on session 7f96e7e36b9f10a8b5acad60a25246de to remote] DEBUG org.asynchttpclient.netty.request.NettyRequestSender - Using open Channel [id: 0x1681981a, L:/127.0.0.1:61476 - R:localhost/127.0.0.1:6896] for GET '/session/7f96e7e36b9f10a8b5acad60a25246de/window'
11:36:44.628 [AsyncHttpClient-1-8] DEBUG org.asynchttpclient.netty.handler.HttpHandler - 

Request DefaultFullHttpRequest(decodeResult: success, version: HTTP/1.1, content: EmptyByteBufBE)
GET /session/7f96e7e36b9f10a8b5acad60a25246de/window HTTP/1.1
User-Agent: selenium/4.8.0 (java windows)
Cache-Control: no-cache
Content-Type: application/json; charset=utf-8
host: localhost:6896
accept: */*

Response DefaultHttpResponse(decodeResult: success, version: HTTP/1.1)
HTTP/1.1 200 OK
Content-Length: 44
Content-Type: application/json; charset=utf-8
cache-control: no-cache

11:36:44.628 [AsyncHttpClient-1-8] DEBUG org.asynchttpclient.netty.channel.ChannelManager - Adding key: http://localhost:6896 for channel [id: 0x1681981a, L:/127.0.0.1:61476 - R:localhost/127.0.0.1:6896]
11:36:44.630 [Forwarding getWindowHandles on session 7f96e7e36b9f10a8b5acad60a25246de to remote] DEBUG org.asynchttpclient.netty.request.NettyRequestSender - Using pooled Channel '[id: 0x1681981a, L:/127.0.0.1:61476 - R:localhost/127.0.0.1:6896]' for 'GET' to 'http://localhost:6896/session/7f96e7e36b9f10a8b5acad60a25246de/window/handles'
11:36:44.630 [Forwarding getWindowHandles on session 7f96e7e36b9f10a8b5acad60a25246de to remote] DEBUG org.asynchttpclient.netty.request.NettyRequestSender - Using open Channel [id: 0x1681981a, L:/127.0.0.1:61476 - R:localhost/127.0.0.1:6896] for GET '/session/7f96e7e36b9f10a8b5acad60a25246de/window/handles'
11:36:44.652 [AsyncHttpClient-1-8] DEBUG org.asynchttpclient.netty.handler.HttpHandler - 

Request DefaultFullHttpRequest(decodeResult: success, version: HTTP/1.1, content: EmptyByteBufBE)
GET /session/7f96e7e36b9f10a8b5acad60a25246de/window/handles HTTP/1.1
User-Agent: selenium/4.8.0 (java windows)
Cache-Control: no-cache
Content-Type: application/json; charset=utf-8
host: localhost:6896
accept: */*

Response DefaultHttpResponse(decodeResult: success, version: HTTP/1.1)
HTTP/1.1 200 OK
Content-Length: 81
Content-Type: application/json; charset=utf-8
cache-control: no-cache

11:36:44.652 [AsyncHttpClient-1-8] DEBUG org.asynchttpclient.netty.channel.ChannelManager - Adding key: http://localhost:6896 for channel [id: 0x1681981a, L:/127.0.0.1:61476 - R:localhost/127.0.0.1:6896]
11:36:44.655 [Forwarding switchToWindow on session 7f96e7e36b9f10a8b5acad60a25246de to remote] DEBUG org.asynchttpclient.netty.request.NettyRequestSender - Using pooled Channel '[id: 0x1681981a, L:/127.0.0.1:61476 - R:localhost/127.0.0.1:6896]' for 'POST' to 'http://localhost:6896/session/7f96e7e36b9f10a8b5acad60a25246de/window'
11:36:44.655 [Forwarding switchToWindow on session 7f96e7e36b9f10a8b5acad60a25246de to remote] DEBUG org.asynchttpclient.netty.request.NettyRequestSender - Using open Channel [id: 0x1681981a, L:/127.0.0.1:61476 - R:localhost/127.0.0.1:6896] for POST '/session/7f96e7e36b9f10a8b5acad60a25246de/window'
11:36:44.659 [AsyncHttpClient-1-8] DEBUG org.asynchttpclient.netty.handler.HttpHandler - 

Request DefaultHttpRequest(decodeResult: success, version: HTTP/1.1)
POST /session/7f96e7e36b9f10a8b5acad60a25246de/window HTTP/1.1
User-Agent: selenium/4.8.0 (java windows)
Content-Length: 50
Content-Type: application/json; charset=utf-8
host: localhost:6896
accept: */*

Response DefaultHttpResponse(decodeResult: success, version: HTTP/1.1)
HTTP/1.1 200 OK
Content-Length: 14
Content-Type: application/json; charset=utf-8
cache-control: no-cache

11:36:44.659 [AsyncHttpClient-1-8] DEBUG org.asynchttpclient.netty.channel.ChannelManager - Adding key: http://localhost:6896 for channel [id: 0x1681981a, L:/127.0.0.1:61476 - R:localhost/127.0.0.1:6896]
11:36:44.660 [Forwarding getTitle on session 7f96e7e36b9f10a8b5acad60a25246de to remote] DEBUG org.asynchttpclient.netty.request.NettyRequestSender - Using pooled Channel '[id: 0x1681981a, L:/127.0.0.1:61476 - R:localhost/127.0.0.1:6896]' for 'GET' to 'http://localhost:6896/session/7f96e7e36b9f10a8b5acad60a25246de/title'
11:36:44.660 [Forwarding getTitle on session 7f96e7e36b9f10a8b5acad60a25246de to remote] DEBUG org.asynchttpclient.netty.request.NettyRequestSender - Using open Channel [id: 0x1681981a, L:/127.0.0.1:61476 - R:localhost/127.0.0.1:6896] for GET '/session/7f96e7e36b9f10a8b5acad60a25246de/title'
11:36:45.042 [AsyncHttpClient-1-1] DEBUG org.asynchttpclient.netty.channel.DefaultChannelPool - Entry count for : http://localhost:61482 : 1
11:36:45.408 [AsyncHttpClient-1-8] DEBUG org.asynchttpclient.netty.handler.HttpHandler - 

Request DefaultFullHttpRequest(decodeResult: success, version: HTTP/1.1, content: EmptyByteBufBE)
GET /session/7f96e7e36b9f10a8b5acad60a25246de/title HTTP/1.1
User-Agent: selenium/4.8.0 (java windows)
Cache-Control: no-cache
Content-Type: application/json; charset=utf-8
host: localhost:6896
accept: */*

Response DefaultHttpResponse(decodeResult: success, version: HTTP/1.1)
HTTP/1.1 200 OK
Content-Length: 28
Content-Type: application/json; charset=utf-8
cache-control: no-cache

11:36:45.408 [AsyncHttpClient-1-8] DEBUG org.asynchttpclient.netty.channel.ChannelManager - Adding key: http://localhost:6896 for channel [id: 0x1681981a, L:/127.0.0.1:61476 - R:localhost/127.0.0.1:6896]
www.facebook.com
11:36:45.408 [main] INFO  com.swaglabs.base.SetUp - title validation failed
11:36:45.408 [Forwarding getWindowHandles on session 7f96e7e36b9f10a8b5acad60a25246de to remote] DEBUG org.asynchttpclient.netty.request.NettyRequestSender - Using pooled Channel '[id: 0x1681981a, L:/127.0.0.1:61476 - R:localhost/127.0.0.1:6896]' for 'GET' to 'http://localhost:6896/session/7f96e7e36b9f10a8b5acad60a25246de/window/handles'
11:36:45.408 [Forwarding getWindowHandles on session 7f96e7e36b9f10a8b5acad60a25246de to remote] DEBUG org.asynchttpclient.netty.request.NettyRequestSender - Using open Channel [id: 0x1681981a, L:/127.0.0.1:61476 - R:localhost/127.0.0.1:6896] for GET '/session/7f96e7e36b9f10a8b5acad60a25246de/window/handles'
11:36:45.410 [AsyncHttpClient-1-8] DEBUG org.asynchttpclient.netty.handler.HttpHandler - 

Request DefaultFullHttpRequest(decodeResult: success, version: HTTP/1.1, content: EmptyByteBufBE)
GET /session/7f96e7e36b9f10a8b5acad60a25246de/window/handles HTTP/1.1
User-Agent: selenium/4.8.0 (java windows)
Cache-Control: no-cache
Content-Type: application/json; charset=utf-8
host: localhost:6896
accept: */*

Response DefaultHttpResponse(decodeResult: success, version: HTTP/1.1)
HTTP/1.1 200 OK
Content-Length: 81
Content-Type: application/json; charset=utf-8
cache-control: no-cache

11:36:45.410 [AsyncHttpClient-1-8] DEBUG org.asynchttpclient.netty.channel.ChannelManager - Adding key: http://localhost:6896 for channel [id: 0x1681981a, L:/127.0.0.1:61476 - R:localhost/127.0.0.1:6896]
11:36:45.411 [Forwarding getWindowHandles on session 7f96e7e36b9f10a8b5acad60a25246de to remote] DEBUG org.asynchttpclient.netty.request.NettyRequestSender - Using pooled Channel '[id: 0x1681981a, L:/127.0.0.1:61476 - R:localhost/127.0.0.1:6896]' for 'GET' to 'http://localhost:6896/session/7f96e7e36b9f10a8b5acad60a25246de/window/handles'
11:36:45.411 [Forwarding getWindowHandles on session 7f96e7e36b9f10a8b5acad60a25246de to remote] DEBUG org.asynchttpclient.netty.request.NettyRequestSender - Using open Channel [id: 0x1681981a, L:/127.0.0.1:61476 - R:localhost/127.0.0.1:6896] for GET '/session/7f96e7e36b9f10a8b5acad60a25246de/window/handles'
11:36:45.412 [AsyncHttpClient-1-8] DEBUG org.asynchttpclient.netty.handler.HttpHandler - 

Request DefaultFullHttpRequest(decodeResult: success, version: HTTP/1.1, content: EmptyByteBufBE)
GET /session/7f96e7e36b9f10a8b5acad60a25246de/window/handles HTTP/1.1
User-Agent: selenium/4.8.0 (java windows)
Cache-Control: no-cache
Content-Type: application/json; charset=utf-8
host: localhost:6896
accept: */*

Response DefaultHttpResponse(decodeResult: success, version: HTTP/1.1)
HTTP/1.1 200 OK
Content-Length: 81
Content-Type: application/json; charset=utf-8
cache-control: no-cache

11:36:45.412 [AsyncHttpClient-1-8] DEBUG org.asynchttpclient.netty.channel.ChannelManager - Adding key: http://localhost:6896 for channel [id: 0x1681981a, L:/127.0.0.1:61476 - R:localhost/127.0.0.1:6896]
11:36:45.412 [Forwarding close on session 7f96e7e36b9f10a8b5acad60a25246de to remote] DEBUG org.asynchttpclient.netty.request.NettyRequestSender - Using pooled Channel '[id: 0x1681981a, L:/127.0.0.1:61476 - R:localhost/127.0.0.1:6896]' for 'DELETE' to 'http://localhost:6896/session/7f96e7e36b9f10a8b5acad60a25246de/window'
11:36:45.412 [Forwarding close on session 7f96e7e36b9f10a8b5acad60a25246de to remote] DEBUG org.asynchttpclient.netty.request.NettyRequestSender - Using open Channel [id: 0x1681981a, L:/127.0.0.1:61476 - R:localhost/127.0.0.1:6896] for DELETE '/session/7f96e7e36b9f10a8b5acad60a25246de/window'
11:36:45.482 [AsyncHttpClient-1-8] DEBUG org.asynchttpclient.netty.handler.HttpHandler - 

Request DefaultFullHttpRequest(decodeResult: success, version: HTTP/1.1, content: EmptyByteBufBE)
DELETE /session/7f96e7e36b9f10a8b5acad60a25246de/window HTTP/1.1
User-Agent: selenium/4.8.0 (java windows)
Content-Type: application/json; charset=utf-8
host: localhost:6896
accept: */*

Response DefaultHttpResponse(decodeResult: success, version: HTTP/1.1)
HTTP/1.1 200 OK
Content-Length: 46
Content-Type: application/json; charset=utf-8
cache-control: no-cache

11:36:45.482 [AsyncHttpClient-1-8] DEBUG org.asynchttpclient.netty.channel.ChannelManager - Adding key: http://localhost:6896 for channel [id: 0x1681981a, L:/127.0.0.1:61476 - R:localhost/127.0.0.1:6896]
11:36:45.485 [Forwarding switchToWindow on session 7f96e7e36b9f10a8b5acad60a25246de to remote] DEBUG org.asynchttpclient.netty.request.NettyRequestSender - Using pooled Channel '[id: 0x1681981a, L:/127.0.0.1:61476 - R:localhost/127.0.0.1:6896]' for 'POST' to 'http://localhost:6896/session/7f96e7e36b9f10a8b5acad60a25246de/window'
11:36:45.485 [Forwarding switchToWindow on session 7f96e7e36b9f10a8b5acad60a25246de to remote] DEBUG org.asynchttpclient.netty.request.NettyRequestSender - Using open Channel [id: 0x1681981a, L:/127.0.0.1:61476 - R:localhost/127.0.0.1:6896] for POST '/session/7f96e7e36b9f10a8b5acad60a25246de/window'
11:36:45.498 [AsyncHttpClient-1-8] DEBUG org.asynchttpclient.netty.handler.HttpHandler - 

Request DefaultHttpRequest(decodeResult: success, version: HTTP/1.1)
POST /session/7f96e7e36b9f10a8b5acad60a25246de/window HTTP/1.1
User-Agent: selenium/4.8.0 (java windows)
Content-Length: 50
Content-Type: application/json; charset=utf-8
host: localhost:6896
accept: */*

Response DefaultHttpResponse(decodeResult: success, version: HTTP/1.1)
HTTP/1.1 200 OK
Content-Length: 14
Content-Type: application/json; charset=utf-8
cache-control: no-cache

11:36:45.498 [AsyncHttpClient-1-8] DEBUG org.asynchttpclient.netty.channel.ChannelManager - Adding key: http://localhost:6896 for channel [id: 0x1681981a, L:/127.0.0.1:61476 - R:localhost/127.0.0.1:6896]
11:36:45.502 [Forwarding findElements on session 7f96e7e36b9f10a8b5acad60a25246de to remote] DEBUG org.asynchttpclient.netty.request.NettyRequestSender - Using pooled Channel '[id: 0x1681981a, L:/127.0.0.1:61476 - R:localhost/127.0.0.1:6896]' for 'POST' to 'http://localhost:6896/session/7f96e7e36b9f10a8b5acad60a25246de/elements'
11:36:45.502 [Forwarding findElements on session 7f96e7e36b9f10a8b5acad60a25246de to remote] DEBUG org.asynchttpclient.netty.request.NettyRequestSender - Using open Channel [id: 0x1681981a, L:/127.0.0.1:61476 - R:localhost/127.0.0.1:6896] for POST '/session/7f96e7e36b9f10a8b5acad60a25246de/elements'
11:36:45.567 [AsyncHttpClient-1-8] DEBUG org.asynchttpclient.netty.handler.HttpHandler - 

Request DefaultHttpRequest(decodeResult: success, version: HTTP/1.1)
POST /session/7f96e7e36b9f10a8b5acad60a25246de/elements HTTP/1.1
User-Agent: selenium/4.8.0 (java windows)
Content-Length: 82
Content-Type: application/json; charset=utf-8
host: localhost:6896
accept: */*

Response DefaultHttpResponse(decodeResult: success, version: HTTP/1.1)
HTTP/1.1 200 OK
Content-Length: 269
Content-Type: application/json; charset=utf-8
cache-control: no-cache

11:36:45.567 [AsyncHttpClient-1-8] DEBUG org.asynchttpclient.netty.channel.ChannelManager - Adding key: http://localhost:6896 for channel [id: 0x1681981a, L:/127.0.0.1:61476 - R:localhost/127.0.0.1:6896]
11:36:45.571 [Forwarding getAlertText on session 7f96e7e36b9f10a8b5acad60a25246de to remote] DEBUG org.asynchttpclient.netty.request.NettyRequestSender - Using pooled Channel '[id: 0x1681981a, L:/127.0.0.1:61476 - R:localhost/127.0.0.1:6896]' for 'GET' to 'http://localhost:6896/session/7f96e7e36b9f10a8b5acad60a25246de/alert/text'
11:36:45.571 [Forwarding getAlertText on session 7f96e7e36b9f10a8b5acad60a25246de to remote] DEBUG org.asynchttpclient.netty.request.NettyRequestSender - Using open Channel [id: 0x1681981a, L:/127.0.0.1:61476 - R:localhost/127.0.0.1:6896] for GET '/session/7f96e7e36b9f10a8b5acad60a25246de/alert/text'
11:36:45.572 [AsyncHttpClient-1-8] DEBUG org.asynchttpclient.netty.handler.HttpHandler - 

Request DefaultFullHttpRequest(decodeResult: success, version: HTTP/1.1, content: EmptyByteBufBE)
GET /session/7f96e7e36b9f10a8b5acad60a25246de/alert/text HTTP/1.1
User-Agent: selenium/4.8.0 (java windows)
Cache-Control: no-cache
Content-Type: application/json; charset=utf-8
host: localhost:6896
accept: */*

Response DefaultHttpResponse(decodeResult: success, version: HTTP/1.1)
HTTP/1.1 404 Not Found
Content-Length: 1522
Content-Type: application/json; charset=utf-8
cache-control: no-cache

11:36:45.572 [AsyncHttpClient-1-8] DEBUG org.asynchttpclient.netty.channel.ChannelManager - Adding key: http://localhost:6896 for channel [id: 0x1681981a, L:/127.0.0.1:61476 - R:localhost/127.0.0.1:6896]
11:36:45.573 [Forwarding getCurrentUrl on session 7f96e7e36b9f10a8b5acad60a25246de to remote] DEBUG org.asynchttpclient.netty.request.NettyRequestSender - Using pooled Channel '[id: 0x1681981a, L:/127.0.0.1:61476 - R:localhost/127.0.0.1:6896]' for 'GET' to 'http://localhost:6896/session/7f96e7e36b9f10a8b5acad60a25246de/url'
11:36:45.573 [Forwarding getCurrentUrl on session 7f96e7e36b9f10a8b5acad60a25246de to remote] DEBUG org.asynchttpclient.netty.request.NettyRequestSender - Using open Channel [id: 0x1681981a, L:/127.0.0.1:61476 - R:localhost/127.0.0.1:6896] for GET '/session/7f96e7e36b9f10a8b5acad60a25246de/url'
11:36:45.579 [AsyncHttpClient-1-8] DEBUG org.asynchttpclient.netty.handler.HttpHandler - 

Request DefaultFullHttpRequest(decodeResult: success, version: HTTP/1.1, content: EmptyByteBufBE)
GET /session/7f96e7e36b9f10a8b5acad60a25246de/url HTTP/1.1
User-Agent: selenium/4.8.0 (java windows)
Cache-Control: no-cache
Content-Type: application/json; charset=utf-8
host: localhost:6896
accept: */*

Response DefaultHttpResponse(decodeResult: success, version: HTTP/1.1)
HTTP/1.1 200 OK
Content-Length: 52
Content-Type: application/json; charset=utf-8
cache-control: no-cache

11:36:45.579 [AsyncHttpClient-1-8] DEBUG org.asynchttpclient.netty.channel.ChannelManager - Adding key: http://localhost:6896 for channel [id: 0x1681981a, L:/127.0.0.1:61476 - R:localhost/127.0.0.1:6896]
11:36:45.580 [Forwarding screenshot on session 7f96e7e36b9f10a8b5acad60a25246de to remote] DEBUG org.asynchttpclient.netty.request.NettyRequestSender - Using pooled Channel '[id: 0x1681981a, L:/127.0.0.1:61476 - R:localhost/127.0.0.1:6896]' for 'GET' to 'http://localhost:6896/session/7f96e7e36b9f10a8b5acad60a25246de/screenshot'
11:36:45.580 [Forwarding screenshot on session 7f96e7e36b9f10a8b5acad60a25246de to remote] DEBUG org.asynchttpclient.netty.request.NettyRequestSender - Using open Channel [id: 0x1681981a, L:/127.0.0.1:61476 - R:localhost/127.0.0.1:6896] for GET '/session/7f96e7e36b9f10a8b5acad60a25246de/screenshot'
11:36:45.807 [AsyncHttpClient-1-8] DEBUG org.asynchttpclient.netty.handler.HttpHandler - 

Request DefaultFullHttpRequest(decodeResult: success, version: HTTP/1.1, content: EmptyByteBufBE)
GET /session/7f96e7e36b9f10a8b5acad60a25246de/screenshot HTTP/1.1
User-Agent: selenium/4.8.0 (java windows)
Cache-Control: no-cache
Content-Type: application/json; charset=utf-8
host: localhost:6896
accept: */*

Response DefaultHttpResponse(decodeResult: success, version: HTTP/1.1)
HTTP/1.1 200 OK
Content-Length: 491996
Content-Type: application/json; charset=utf-8
cache-control: no-cache

11:36:45.808 [AsyncHttpClient-1-8] DEBUG org.asynchttpclient.netty.channel.ChannelManager - Adding key: http://localhost:6896 for channel [id: 0x1681981a, L:/127.0.0.1:61476 - R:localhost/127.0.0.1:6896]
11:36:45.828 [main] DEBUG net.serenitybdd.core.photography.Darkroom - Send negative for processing for target\site\serenity\e2e1658dbf17dd38235036bcb4b11b28bea25c4c700cca4494c6df15b5599941.png
11:36:45.828 [main] DEBUG net.thucydides.core.steps.StepInterceptor - STEP DONE: test4_validateInventoryPageHeaderAndFooters
11:36:45.835 [Darkroom Processing Line] DEBUG net.serenitybdd.core.photography.DarkroomProcessingLine - Processing screenshot image in /var/screenshots/screenshot-13821037893456763306
11:36:45.835 [Darkroom Processing Line] DEBUG net.serenitybdd.core.photography.DarkroomProcessingLine - Saving screenshot to target\site\serenity\e2e1658dbf17dd38235036bcb4b11b28bea25c4c700cca4494c6df15b5599941.png
11:36:45.837 [Forwarding getPageSource on session 7f96e7e36b9f10a8b5acad60a25246de to remote] DEBUG org.asynchttpclient.netty.request.NettyRequestSender - Using pooled Channel '[id: 0x1681981a, L:/127.0.0.1:61476 - R:localhost/127.0.0.1:6896]' for 'POST' to 'http://localhost:6896/session/7f96e7e36b9f10a8b5acad60a25246de/execute/sync'
11:36:45.837 [Forwarding getPageSource on session 7f96e7e36b9f10a8b5acad60a25246de to remote] DEBUG org.asynchttpclient.netty.request.NettyRequestSender - Using open Channel [id: 0x1681981a, L:/127.0.0.1:61476 - R:localhost/127.0.0.1:6896] for POST '/session/7f96e7e36b9f10a8b5acad60a25246de/execute/sync'
11:36:45.843 [AsyncHttpClient-1-8] DEBUG org.asynchttpclient.netty.handler.HttpHandler - 

Request DefaultHttpRequest(decodeResult: success, version: HTTP/1.1)
POST /session/7f96e7e36b9f10a8b5acad60a25246de/execute/sync HTTP/1.1
User-Agent: selenium/4.8.0 (java windows)
Content-Length: 176
Content-Type: application/json; charset=utf-8
host: localhost:6896
accept: */*

Response DefaultHttpResponse(decodeResult: success, version: HTTP/1.1)
HTTP/1.1 200 OK
Content-Length: 16392
Content-Type: application/json; charset=utf-8
cache-control: no-cache

11:36:45.843 [AsyncHttpClient-1-8] DEBUG org.asynchttpclient.netty.channel.ChannelManager - Adding key: http://localhost:6896 for channel [id: 0x1681981a, L:/127.0.0.1:61476 - R:localhost/127.0.0.1:6896]
11:36:45.845 [Forwarding getCurrentUrl on session 7f96e7e36b9f10a8b5acad60a25246de to remote] DEBUG org.asynchttpclient.netty.request.NettyRequestSender - Using pooled Channel '[id: 0x1681981a, L:/127.0.0.1:61476 - R:localhost/127.0.0.1:6896]' for 'GET' to 'http://localhost:6896/session/7f96e7e36b9f10a8b5acad60a25246de/url'
11:36:45.845 [Forwarding getCurrentUrl on session 7f96e7e36b9f10a8b5acad60a25246de to remote] DEBUG org.asynchttpclient.netty.request.NettyRequestSender - Using open Channel [id: 0x1681981a, L:/127.0.0.1:61476 - R:localhost/127.0.0.1:6896] for GET '/session/7f96e7e36b9f10a8b5acad60a25246de/url'
11:36:45.848 [AsyncHttpClient-1-8] DEBUG org.asynchttpclient.netty.handler.HttpHandler - 

Request DefaultFullHttpRequest(decodeResult: success, version: HTTP/1.1, content: EmptyByteBufBE)
GET /session/7f96e7e36b9f10a8b5acad60a25246de/url HTTP/1.1
User-Agent: selenium/4.8.0 (java windows)
Cache-Control: no-cache
Content-Type: application/json; charset=utf-8
host: localhost:6896
accept: */*

Response DefaultHttpResponse(decodeResult: success, version: HTTP/1.1)
HTTP/1.1 200 OK
Content-Length: 52
Content-Type: application/json; charset=utf-8
cache-control: no-cache

11:36:45.848 [AsyncHttpClient-1-8] DEBUG org.asynchttpclient.netty.channel.ChannelManager - Adding key: http://localhost:6896 for channel [id: 0x1681981a, L:/127.0.0.1:61476 - R:localhost/127.0.0.1:6896]
11:36:45.856 [main] DEBUG net.thucydides.core.steps.StepInterceptor - STARTING STEP: Tests.testCases - test5_validateSortinLogicInFilter
11:36:45.872 [Forwarding getPageSource on session 7f96e7e36b9f10a8b5acad60a25246de to remote] DEBUG org.asynchttpclient.netty.request.NettyRequestSender - Using pooled Channel '[id: 0x1681981a, L:/127.0.0.1:61476 - R:localhost/127.0.0.1:6896]' for 'POST' to 'http://localhost:6896/session/7f96e7e36b9f10a8b5acad60a25246de/execute/sync'
11:36:45.872 [Forwarding getPageSource on session 7f96e7e36b9f10a8b5acad60a25246de to remote] DEBUG org.asynchttpclient.netty.request.NettyRequestSender - Using open Channel [id: 0x1681981a, L:/127.0.0.1:61476 - R:localhost/127.0.0.1:6896] for POST '/session/7f96e7e36b9f10a8b5acad60a25246de/execute/sync'
11:36:45.880 [AsyncHttpClient-1-8] DEBUG org.asynchttpclient.netty.handler.HttpHandler - 

Request DefaultHttpRequest(decodeResult: success, version: HTTP/1.1)
POST /session/7f96e7e36b9f10a8b5acad60a25246de/execute/sync HTTP/1.1
User-Agent: selenium/4.8.0 (java windows)
Content-Length: 176
Content-Type: application/json; charset=utf-8
host: localhost:6896
accept: */*

Response DefaultHttpResponse(decodeResult: success, version: HTTP/1.1)
HTTP/1.1 200 OK
Content-Length: 16392
Content-Type: application/json; charset=utf-8
cache-control: no-cache

11:36:45.880 [AsyncHttpClient-1-8] DEBUG org.asynchttpclient.netty.channel.ChannelManager - Adding key: http://localhost:6896 for channel [id: 0x1681981a, L:/127.0.0.1:61476 - R:localhost/127.0.0.1:6896]
11:36:45.885 [Forwarding getCurrentUrl on session 7f96e7e36b9f10a8b5acad60a25246de to remote] DEBUG org.asynchttpclient.netty.request.NettyRequestSender - Using pooled Channel '[id: 0x1681981a, L:/127.0.0.1:61476 - R:localhost/127.0.0.1:6896]' for 'GET' to 'http://localhost:6896/session/7f96e7e36b9f10a8b5acad60a25246de/url'
11:36:45.885 [Forwarding getCurrentUrl on session 7f96e7e36b9f10a8b5acad60a25246de to remote] DEBUG org.asynchttpclient.netty.request.NettyRequestSender - Using open Channel [id: 0x1681981a, L:/127.0.0.1:61476 - R:localhost/127.0.0.1:6896] for GET '/session/7f96e7e36b9f10a8b5acad60a25246de/url'
11:36:45.890 [AsyncHttpClient-1-8] DEBUG org.asynchttpclient.netty.handler.HttpHandler - 

Request DefaultFullHttpRequest(decodeResult: success, version: HTTP/1.1, content: EmptyByteBufBE)
GET /session/7f96e7e36b9f10a8b5acad60a25246de/url HTTP/1.1
User-Agent: selenium/4.8.0 (java windows)
Cache-Control: no-cache
Content-Type: application/json; charset=utf-8
host: localhost:6896
accept: */*

Response DefaultHttpResponse(decodeResult: success, version: HTTP/1.1)
HTTP/1.1 200 OK
Content-Length: 52
Content-Type: application/json; charset=utf-8
cache-control: no-cache

11:36:45.890 [AsyncHttpClient-1-8] DEBUG org.asynchttpclient.netty.channel.ChannelManager - Adding key: http://localhost:6896 for channel [id: 0x1681981a, L:/127.0.0.1:61476 - R:localhost/127.0.0.1:6896]
11:36:45.904 [main] DEBUG net.thucydides.core.steps.StepInterceptor - STARTING STEP: InventoryPageSteps.test5_validateSortinLogicInFilter - validate filter product A to Z
11:36:45.905 [Forwarding findElements on session 7f96e7e36b9f10a8b5acad60a25246de to remote] DEBUG org.asynchttpclient.netty.request.NettyRequestSender - Using pooled Channel '[id: 0x1681981a, L:/127.0.0.1:61476 - R:localhost/127.0.0.1:6896]' for 'POST' to 'http://localhost:6896/session/7f96e7e36b9f10a8b5acad60a25246de/elements'
11:36:45.905 [Forwarding findElements on session 7f96e7e36b9f10a8b5acad60a25246de to remote] DEBUG org.asynchttpclient.netty.request.NettyRequestSender - Using open Channel [id: 0x1681981a, L:/127.0.0.1:61476 - R:localhost/127.0.0.1:6896] for POST '/session/7f96e7e36b9f10a8b5acad60a25246de/elements'
11:36:45.916 [AsyncHttpClient-1-8] DEBUG org.asynchttpclient.netty.handler.HttpHandler - 

Request DefaultHttpRequest(decodeResult: success, version: HTTP/1.1)
POST /session/7f96e7e36b9f10a8b5acad60a25246de/elements HTTP/1.1
User-Agent: selenium/4.8.0 (java windows)
Content-Length: 111
Content-Type: application/json; charset=utf-8
host: localhost:6896
accept: */*

Response DefaultHttpResponse(decodeResult: success, version: HTTP/1.1)
HTTP/1.1 200 OK
Content-Length: 527
Content-Type: application/json; charset=utf-8
cache-control: no-cache

11:36:45.916 [AsyncHttpClient-1-8] DEBUG org.asynchttpclient.netty.channel.ChannelManager - Adding key: http://localhost:6896 for channel [id: 0x1681981a, L:/127.0.0.1:61476 - R:localhost/127.0.0.1:6896]
11:36:45.918 [Forwarding getElementText on session 7f96e7e36b9f10a8b5acad60a25246de to remote] DEBUG org.asynchttpclient.netty.request.NettyRequestSender - Using pooled Channel '[id: 0x1681981a, L:/127.0.0.1:61476 - R:localhost/127.0.0.1:6896]' for 'GET' to 'http://localhost:6896/session/7f96e7e36b9f10a8b5acad60a25246de/element/6FF2D42796E1B5636833727143D40385_element_30/text'
11:36:45.918 [Forwarding getElementText on session 7f96e7e36b9f10a8b5acad60a25246de to remote] DEBUG org.asynchttpclient.netty.request.NettyRequestSender - Using open Channel [id: 0x1681981a, L:/127.0.0.1:61476 - R:localhost/127.0.0.1:6896] for GET '/session/7f96e7e36b9f10a8b5acad60a25246de/element/6FF2D42796E1B5636833727143D40385_element_30/text'
11:36:45.926 [AsyncHttpClient-1-8] DEBUG org.asynchttpclient.netty.handler.HttpHandler - 

Request DefaultFullHttpRequest(decodeResult: success, version: HTTP/1.1, content: EmptyByteBufBE)
GET /session/7f96e7e36b9f10a8b5acad60a25246de/element/6FF2D42796E1B5636833727143D40385_element_30/text HTTP/1.1
User-Agent: selenium/4.8.0 (java windows)
Cache-Control: no-cache
Content-Type: application/json; charset=utf-8
host: localhost:6896
accept: */*

Response DefaultHttpResponse(decodeResult: success, version: HTTP/1.1)
HTTP/1.1 200 OK
Content-Length: 31
Content-Type: application/json; charset=utf-8
cache-control: no-cache

11:36:45.926 [AsyncHttpClient-1-8] DEBUG org.asynchttpclient.netty.channel.ChannelManager - Adding key: http://localhost:6896 for channel [id: 0x1681981a, L:/127.0.0.1:61476 - R:localhost/127.0.0.1:6896]
11:36:45.927 [Forwarding getElementText on session 7f96e7e36b9f10a8b5acad60a25246de to remote] DEBUG org.asynchttpclient.netty.request.NettyRequestSender - Using pooled Channel '[id: 0x1681981a, L:/127.0.0.1:61476 - R:localhost/127.0.0.1:6896]' for 'GET' to 'http://localhost:6896/session/7f96e7e36b9f10a8b5acad60a25246de/element/6FF2D42796E1B5636833727143D40385_element_31/text'
11:36:45.927 [Forwarding getElementText on session 7f96e7e36b9f10a8b5acad60a25246de to remote] DEBUG org.asynchttpclient.netty.request.NettyRequestSender - Using open Channel [id: 0x1681981a, L:/127.0.0.1:61476 - R:localhost/127.0.0.1:6896] for GET '/session/7f96e7e36b9f10a8b5acad60a25246de/element/6FF2D42796E1B5636833727143D40385_element_31/text'
11:36:45.940 [AsyncHttpClient-1-8] DEBUG org.asynchttpclient.netty.handler.HttpHandler - 

Request DefaultFullHttpRequest(decodeResult: success, version: HTTP/1.1, content: EmptyByteBufBE)
GET /session/7f96e7e36b9f10a8b5acad60a25246de/element/6FF2D42796E1B5636833727143D40385_element_31/text HTTP/1.1
User-Agent: selenium/4.8.0 (java windows)
Cache-Control: no-cache
Content-Type: application/json; charset=utf-8
host: localhost:6896
accept: */*

Response DefaultHttpResponse(decodeResult: success, version: HTTP/1.1)
HTTP/1.1 200 OK
Content-Length: 33
Content-Type: application/json; charset=utf-8
cache-control: no-cache

11:36:45.941 [AsyncHttpClient-1-8] DEBUG org.asynchttpclient.netty.channel.ChannelManager - Adding key: http://localhost:6896 for channel [id: 0x1681981a, L:/127.0.0.1:61476 - R:localhost/127.0.0.1:6896]
11:36:45.944 [Forwarding getElementText on session 7f96e7e36b9f10a8b5acad60a25246de to remote] DEBUG org.asynchttpclient.netty.request.NettyRequestSender - Using pooled Channel '[id: 0x1681981a, L:/127.0.0.1:61476 - R:localhost/127.0.0.1:6896]' for 'GET' to 'http://localhost:6896/session/7f96e7e36b9f10a8b5acad60a25246de/element/6FF2D42796E1B5636833727143D40385_element_32/text'
11:36:45.944 [Forwarding getElementText on session 7f96e7e36b9f10a8b5acad60a25246de to remote] DEBUG org.asynchttpclient.netty.request.NettyRequestSender - Using open Channel [id: 0x1681981a, L:/127.0.0.1:61476 - R:localhost/127.0.0.1:6896] for GET '/session/7f96e7e36b9f10a8b5acad60a25246de/element/6FF2D42796E1B5636833727143D40385_element_32/text'
11:36:45.956 [AsyncHttpClient-1-8] DEBUG org.asynchttpclient.netty.handler.HttpHandler - 

Request DefaultFullHttpRequest(decodeResult: success, version: HTTP/1.1, content: EmptyByteBufBE)
GET /session/7f96e7e36b9f10a8b5acad60a25246de/element/6FF2D42796E1B5636833727143D40385_element_32/text HTTP/1.1
User-Agent: selenium/4.8.0 (java windows)
Cache-Control: no-cache
Content-Type: application/json; charset=utf-8
host: localhost:6896
accept: */*

Response DefaultHttpResponse(decodeResult: success, version: HTTP/1.1)
HTTP/1.1 200 OK
Content-Length: 35
Content-Type: application/json; charset=utf-8
cache-control: no-cache

11:36:45.956 [AsyncHttpClient-1-8] DEBUG org.asynchttpclient.netty.channel.ChannelManager - Adding key: http://localhost:6896 for channel [id: 0x1681981a, L:/127.0.0.1:61476 - R:localhost/127.0.0.1:6896]
11:36:45.957 [Forwarding getElementText on session 7f96e7e36b9f10a8b5acad60a25246de to remote] DEBUG org.asynchttpclient.netty.request.NettyRequestSender - Using pooled Channel '[id: 0x1681981a, L:/127.0.0.1:61476 - R:localhost/127.0.0.1:6896]' for 'GET' to 'http://localhost:6896/session/7f96e7e36b9f10a8b5acad60a25246de/element/6FF2D42796E1B5636833727143D40385_element_33/text'
11:36:45.957 [Forwarding getElementText on session 7f96e7e36b9f10a8b5acad60a25246de to remote] DEBUG org.asynchttpclient.netty.request.NettyRequestSender - Using open Channel [id: 0x1681981a, L:/127.0.0.1:61476 - R:localhost/127.0.0.1:6896] for GET '/session/7f96e7e36b9f10a8b5acad60a25246de/element/6FF2D42796E1B5636833727143D40385_element_33/text'
11:36:45.966 [AsyncHttpClient-1-8] DEBUG org.asynchttpclient.netty.handler.HttpHandler - 

Request DefaultFullHttpRequest(decodeResult: success, version: HTTP/1.1, content: EmptyByteBufBE)
GET /session/7f96e7e36b9f10a8b5acad60a25246de/element/6FF2D42796E1B5636833727143D40385_element_33/text HTTP/1.1
User-Agent: selenium/4.8.0 (java windows)
Cache-Control: no-cache
Content-Type: application/json; charset=utf-8
host: localhost:6896
accept: */*

Response DefaultHttpResponse(decodeResult: success, version: HTTP/1.1)
HTTP/1.1 200 OK
Content-Length: 36
Content-Type: application/json; charset=utf-8
cache-control: no-cache

11:36:45.966 [AsyncHttpClient-1-8] DEBUG org.asynchttpclient.netty.channel.ChannelManager - Adding key: http://localhost:6896 for channel [id: 0x1681981a, L:/127.0.0.1:61476 - R:localhost/127.0.0.1:6896]
11:36:45.968 [Forwarding getElementText on session 7f96e7e36b9f10a8b5acad60a25246de to remote] DEBUG org.asynchttpclient.netty.request.NettyRequestSender - Using pooled Channel '[id: 0x1681981a, L:/127.0.0.1:61476 - R:localhost/127.0.0.1:6896]' for 'GET' to 'http://localhost:6896/session/7f96e7e36b9f10a8b5acad60a25246de/element/6FF2D42796E1B5636833727143D40385_element_34/text'
11:36:45.969 [Forwarding getElementText on session 7f96e7e36b9f10a8b5acad60a25246de to remote] DEBUG org.asynchttpclient.netty.request.NettyRequestSender - Using open Channel [id: 0x1681981a, L:/127.0.0.1:61476 - R:localhost/127.0.0.1:6896] for GET '/session/7f96e7e36b9f10a8b5acad60a25246de/element/6FF2D42796E1B5636833727143D40385_element_34/text'
11:36:45.977 [AsyncHttpClient-1-8] DEBUG org.asynchttpclient.netty.handler.HttpHandler - 

Request DefaultFullHttpRequest(decodeResult: success, version: HTTP/1.1, content: EmptyByteBufBE)
GET /session/7f96e7e36b9f10a8b5acad60a25246de/element/6FF2D42796E1B5636833727143D40385_element_34/text HTTP/1.1
User-Agent: selenium/4.8.0 (java windows)
Cache-Control: no-cache
Content-Type: application/json; charset=utf-8
host: localhost:6896
accept: */*

Response DefaultHttpResponse(decodeResult: success, version: HTTP/1.1)
HTTP/1.1 200 OK
Content-Length: 29
Content-Type: application/json; charset=utf-8
cache-control: no-cache

11:36:45.977 [AsyncHttpClient-1-8] DEBUG org.asynchttpclient.netty.channel.ChannelManager - Adding key: http://localhost:6896 for channel [id: 0x1681981a, L:/127.0.0.1:61476 - R:localhost/127.0.0.1:6896]
11:36:45.978 [Forwarding getElementText on session 7f96e7e36b9f10a8b5acad60a25246de to remote] DEBUG org.asynchttpclient.netty.request.NettyRequestSender - Using pooled Channel '[id: 0x1681981a, L:/127.0.0.1:61476 - R:localhost/127.0.0.1:6896]' for 'GET' to 'http://localhost:6896/session/7f96e7e36b9f10a8b5acad60a25246de/element/6FF2D42796E1B5636833727143D40385_element_35/text'
11:36:45.978 [Forwarding getElementText on session 7f96e7e36b9f10a8b5acad60a25246de to remote] DEBUG org.asynchttpclient.netty.request.NettyRequestSender - Using open Channel [id: 0x1681981a, L:/127.0.0.1:61476 - R:localhost/127.0.0.1:6896] for GET '/session/7f96e7e36b9f10a8b5acad60a25246de/element/6FF2D42796E1B5636833727143D40385_element_35/text'
11:36:45.986 [AsyncHttpClient-1-8] DEBUG org.asynchttpclient.netty.handler.HttpHandler - 

Request DefaultFullHttpRequest(decodeResult: success, version: HTTP/1.1, content: EmptyByteBufBE)
GET /session/7f96e7e36b9f10a8b5acad60a25246de/element/6FF2D42796E1B5636833727143D40385_element_35/text HTTP/1.1
User-Agent: selenium/4.8.0 (java windows)
Cache-Control: no-cache
Content-Type: application/json; charset=utf-8
host: localhost:6896
accept: */*

Response DefaultHttpResponse(decodeResult: success, version: HTTP/1.1)
HTTP/1.1 200 OK
Content-Length: 45
Content-Type: application/json; charset=utf-8
cache-control: no-cache

11:36:45.986 [AsyncHttpClient-1-8] DEBUG org.asynchttpclient.netty.channel.ChannelManager - Adding key: http://localhost:6896 for channel [id: 0x1681981a, L:/127.0.0.1:61476 - R:localhost/127.0.0.1:6896]
11:36:45.988 [Forwarding findElements on session 7f96e7e36b9f10a8b5acad60a25246de to remote] DEBUG org.asynchttpclient.netty.request.NettyRequestSender - Using pooled Channel '[id: 0x1681981a, L:/127.0.0.1:61476 - R:localhost/127.0.0.1:6896]' for 'POST' to 'http://localhost:6896/session/7f96e7e36b9f10a8b5acad60a25246de/elements'
11:36:45.988 [Forwarding findElements on session 7f96e7e36b9f10a8b5acad60a25246de to remote] DEBUG org.asynchttpclient.netty.request.NettyRequestSender - Using open Channel [id: 0x1681981a, L:/127.0.0.1:61476 - R:localhost/127.0.0.1:6896] for POST '/session/7f96e7e36b9f10a8b5acad60a25246de/elements'
11:36:45.998 [AsyncHttpClient-1-8] DEBUG org.asynchttpclient.netty.handler.HttpHandler - 

Request DefaultHttpRequest(decodeResult: success, version: HTTP/1.1)
POST /session/7f96e7e36b9f10a8b5acad60a25246de/elements HTTP/1.1
User-Agent: selenium/4.8.0 (java windows)
Content-Length: 111
Content-Type: application/json; charset=utf-8
host: localhost:6896
accept: */*

Response DefaultHttpResponse(decodeResult: success, version: HTTP/1.1)
HTTP/1.1 200 OK
Content-Length: 527
Content-Type: application/json; charset=utf-8
cache-control: no-cache

11:36:45.998 [AsyncHttpClient-1-8] DEBUG org.asynchttpclient.netty.channel.ChannelManager - Adding key: http://localhost:6896 for channel [id: 0x1681981a, L:/127.0.0.1:61476 - R:localhost/127.0.0.1:6896]
11:36:45.999 [Forwarding findElements on session 7f96e7e36b9f10a8b5acad60a25246de to remote] DEBUG org.asynchttpclient.netty.request.NettyRequestSender - Using pooled Channel '[id: 0x1681981a, L:/127.0.0.1:61476 - R:localhost/127.0.0.1:6896]' for 'POST' to 'http://localhost:6896/session/7f96e7e36b9f10a8b5acad60a25246de/elements'
11:36:46.000 [Forwarding findElements on session 7f96e7e36b9f10a8b5acad60a25246de to remote] DEBUG org.asynchttpclient.netty.request.NettyRequestSender - Using open Channel [id: 0x1681981a, L:/127.0.0.1:61476 - R:localhost/127.0.0.1:6896] for POST '/session/7f96e7e36b9f10a8b5acad60a25246de/elements'
11:36:46.008 [AsyncHttpClient-1-8] DEBUG org.asynchttpclient.netty.handler.HttpHandler - 

Request DefaultHttpRequest(decodeResult: success, version: HTTP/1.1)
POST /session/7f96e7e36b9f10a8b5acad60a25246de/elements HTTP/1.1
User-Agent: selenium/4.8.0 (java windows)
Content-Length: 111
Content-Type: application/json; charset=utf-8
host: localhost:6896
accept: */*

Response DefaultHttpResponse(decodeResult: success, version: HTTP/1.1)
HTTP/1.1 200 OK
Content-Length: 527
Content-Type: application/json; charset=utf-8
cache-control: no-cache

11:36:46.008 [AsyncHttpClient-1-8] DEBUG org.asynchttpclient.netty.channel.ChannelManager - Adding key: http://localhost:6896 for channel [id: 0x1681981a, L:/127.0.0.1:61476 - R:localhost/127.0.0.1:6896]
11:36:46.010 [Forwarding getElementText on session 7f96e7e36b9f10a8b5acad60a25246de to remote] DEBUG org.asynchttpclient.netty.request.NettyRequestSender - Using pooled Channel '[id: 0x1681981a, L:/127.0.0.1:61476 - R:localhost/127.0.0.1:6896]' for 'GET' to 'http://localhost:6896/session/7f96e7e36b9f10a8b5acad60a25246de/element/6FF2D42796E1B5636833727143D40385_element_30/text'
11:36:46.011 [Forwarding getElementText on session 7f96e7e36b9f10a8b5acad60a25246de to remote] DEBUG org.asynchttpclient.netty.request.NettyRequestSender - Using open Channel [id: 0x1681981a, L:/127.0.0.1:61476 - R:localhost/127.0.0.1:6896] for GET '/session/7f96e7e36b9f10a8b5acad60a25246de/element/6FF2D42796E1B5636833727143D40385_element_30/text'
11:36:46.019 [AsyncHttpClient-1-8] DEBUG org.asynchttpclient.netty.handler.HttpHandler - 

Request DefaultFullHttpRequest(decodeResult: success, version: HTTP/1.1, content: EmptyByteBufBE)
GET /session/7f96e7e36b9f10a8b5acad60a25246de/element/6FF2D42796E1B5636833727143D40385_element_30/text HTTP/1.1
User-Agent: selenium/4.8.0 (java windows)
Cache-Control: no-cache
Content-Type: application/json; charset=utf-8
host: localhost:6896
accept: */*

Response DefaultHttpResponse(decodeResult: success, version: HTTP/1.1)
HTTP/1.1 200 OK
Content-Length: 31
Content-Type: application/json; charset=utf-8
cache-control: no-cache

11:36:46.019 [AsyncHttpClient-1-8] DEBUG org.asynchttpclient.netty.channel.ChannelManager - Adding key: http://localhost:6896 for channel [id: 0x1681981a, L:/127.0.0.1:61476 - R:localhost/127.0.0.1:6896]
11:36:46.020 [Forwarding findElements on session 7f96e7e36b9f10a8b5acad60a25246de to remote] DEBUG org.asynchttpclient.netty.request.NettyRequestSender - Using pooled Channel '[id: 0x1681981a, L:/127.0.0.1:61476 - R:localhost/127.0.0.1:6896]' for 'POST' to 'http://localhost:6896/session/7f96e7e36b9f10a8b5acad60a25246de/elements'
11:36:46.020 [Forwarding findElements on session 7f96e7e36b9f10a8b5acad60a25246de to remote] DEBUG org.asynchttpclient.netty.request.NettyRequestSender - Using open Channel [id: 0x1681981a, L:/127.0.0.1:61476 - R:localhost/127.0.0.1:6896] for POST '/session/7f96e7e36b9f10a8b5acad60a25246de/elements'
11:36:46.030 [AsyncHttpClient-1-8] DEBUG org.asynchttpclient.netty.handler.HttpHandler - 

Request DefaultHttpRequest(decodeResult: success, version: HTTP/1.1)
POST /session/7f96e7e36b9f10a8b5acad60a25246de/elements HTTP/1.1
User-Agent: selenium/4.8.0 (java windows)
Content-Length: 111
Content-Type: application/json; charset=utf-8
host: localhost:6896
accept: */*

Response DefaultHttpResponse(decodeResult: success, version: HTTP/1.1)
HTTP/1.1 200 OK
Content-Length: 527
Content-Type: application/json; charset=utf-8
cache-control: no-cache

11:36:46.030 [AsyncHttpClient-1-8] DEBUG org.asynchttpclient.netty.channel.ChannelManager - Adding key: http://localhost:6896 for channel [id: 0x1681981a, L:/127.0.0.1:61476 - R:localhost/127.0.0.1:6896]
11:36:46.031 [Forwarding getElementText on session 7f96e7e36b9f10a8b5acad60a25246de to remote] DEBUG org.asynchttpclient.netty.request.NettyRequestSender - Using pooled Channel '[id: 0x1681981a, L:/127.0.0.1:61476 - R:localhost/127.0.0.1:6896]' for 'GET' to 'http://localhost:6896/session/7f96e7e36b9f10a8b5acad60a25246de/element/6FF2D42796E1B5636833727143D40385_element_30/text'
11:36:46.031 [Forwarding getElementText on session 7f96e7e36b9f10a8b5acad60a25246de to remote] DEBUG org.asynchttpclient.netty.request.NettyRequestSender - Using open Channel [id: 0x1681981a, L:/127.0.0.1:61476 - R:localhost/127.0.0.1:6896] for GET '/session/7f96e7e36b9f10a8b5acad60a25246de/element/6FF2D42796E1B5636833727143D40385_element_30/text'
11:36:46.039 [AsyncHttpClient-1-8] DEBUG org.asynchttpclient.netty.handler.HttpHandler - 

Request DefaultFullHttpRequest(decodeResult: success, version: HTTP/1.1, content: EmptyByteBufBE)
GET /session/7f96e7e36b9f10a8b5acad60a25246de/element/6FF2D42796E1B5636833727143D40385_element_30/text HTTP/1.1
User-Agent: selenium/4.8.0 (java windows)
Cache-Control: no-cache
Content-Type: application/json; charset=utf-8
host: localhost:6896
accept: */*

Response DefaultHttpResponse(decodeResult: success, version: HTTP/1.1)
HTTP/1.1 200 OK
Content-Length: 31
Content-Type: application/json; charset=utf-8
cache-control: no-cache

11:36:46.039 [AsyncHttpClient-1-8] DEBUG org.asynchttpclient.netty.channel.ChannelManager - Adding key: http://localhost:6896 for channel [id: 0x1681981a, L:/127.0.0.1:61476 - R:localhost/127.0.0.1:6896]
11:36:46.039 [main] INFO  com.swaglabs.base.SetUp - Sauce Labs Backpack validated Passed
11:36:46.041 [Forwarding findElements on session 7f96e7e36b9f10a8b5acad60a25246de to remote] DEBUG org.asynchttpclient.netty.request.NettyRequestSender - Using pooled Channel '[id: 0x1681981a, L:/127.0.0.1:61476 - R:localhost/127.0.0.1:6896]' for 'POST' to 'http://localhost:6896/session/7f96e7e36b9f10a8b5acad60a25246de/elements'
11:36:46.041 [Forwarding findElements on session 7f96e7e36b9f10a8b5acad60a25246de to remote] DEBUG org.asynchttpclient.netty.request.NettyRequestSender - Using open Channel [id: 0x1681981a, L:/127.0.0.1:61476 - R:localhost/127.0.0.1:6896] for POST '/session/7f96e7e36b9f10a8b5acad60a25246de/elements'
11:36:46.049 [AsyncHttpClient-1-8] DEBUG org.asynchttpclient.netty.handler.HttpHandler - 

Request DefaultHttpRequest(decodeResult: success, version: HTTP/1.1)
POST /session/7f96e7e36b9f10a8b5acad60a25246de/elements HTTP/1.1
User-Agent: selenium/4.8.0 (java windows)
Content-Length: 111
Content-Type: application/json; charset=utf-8
host: localhost:6896
accept: */*

Response DefaultHttpResponse(decodeResult: success, version: HTTP/1.1)
HTTP/1.1 200 OK
Content-Length: 527
Content-Type: application/json; charset=utf-8
cache-control: no-cache

11:36:46.049 [AsyncHttpClient-1-8] DEBUG org.asynchttpclient.netty.channel.ChannelManager - Adding key: http://localhost:6896 for channel [id: 0x1681981a, L:/127.0.0.1:61476 - R:localhost/127.0.0.1:6896]
11:36:46.050 [Forwarding getElementText on session 7f96e7e36b9f10a8b5acad60a25246de to remote] DEBUG org.asynchttpclient.netty.request.NettyRequestSender - Using pooled Channel '[id: 0x1681981a, L:/127.0.0.1:61476 - R:localhost/127.0.0.1:6896]' for 'GET' to 'http://localhost:6896/session/7f96e7e36b9f10a8b5acad60a25246de/element/6FF2D42796E1B5636833727143D40385_element_30/text'
11:36:46.050 [Forwarding getElementText on session 7f96e7e36b9f10a8b5acad60a25246de to remote] DEBUG org.asynchttpclient.netty.request.NettyRequestSender - Using open Channel [id: 0x1681981a, L:/127.0.0.1:61476 - R:localhost/127.0.0.1:6896] for GET '/session/7f96e7e36b9f10a8b5acad60a25246de/element/6FF2D42796E1B5636833727143D40385_element_30/text'
11:36:46.058 [AsyncHttpClient-1-8] DEBUG org.asynchttpclient.netty.handler.HttpHandler - 

Request DefaultFullHttpRequest(decodeResult: success, version: HTTP/1.1, content: EmptyByteBufBE)
GET /session/7f96e7e36b9f10a8b5acad60a25246de/element/6FF2D42796E1B5636833727143D40385_element_30/text HTTP/1.1
User-Agent: selenium/4.8.0 (java windows)
Cache-Control: no-cache
Content-Type: application/json; charset=utf-8
host: localhost:6896
accept: */*

Response DefaultHttpResponse(decodeResult: success, version: HTTP/1.1)
HTTP/1.1 200 OK
Content-Length: 31
Content-Type: application/json; charset=utf-8
cache-control: no-cache

11:36:46.058 [AsyncHttpClient-1-8] DEBUG org.asynchttpclient.netty.channel.ChannelManager - Adding key: http://localhost:6896 for channel [id: 0x1681981a, L:/127.0.0.1:61476 - R:localhost/127.0.0.1:6896]
11:36:46.060 [Forwarding findElements on session 7f96e7e36b9f10a8b5acad60a25246de to remote] DEBUG org.asynchttpclient.netty.request.NettyRequestSender - Using pooled Channel '[id: 0x1681981a, L:/127.0.0.1:61476 - R:localhost/127.0.0.1:6896]' for 'POST' to 'http://localhost:6896/session/7f96e7e36b9f10a8b5acad60a25246de/elements'
11:36:46.060 [Forwarding findElements on session 7f96e7e36b9f10a8b5acad60a25246de to remote] DEBUG org.asynchttpclient.netty.request.NettyRequestSender - Using open Channel [id: 0x1681981a, L:/127.0.0.1:61476 - R:localhost/127.0.0.1:6896] for POST '/session/7f96e7e36b9f10a8b5acad60a25246de/elements'
11:36:46.067 [AsyncHttpClient-1-8] DEBUG org.asynchttpclient.netty.handler.HttpHandler - 

Request DefaultHttpRequest(decodeResult: success, version: HTTP/1.1)
POST /session/7f96e7e36b9f10a8b5acad60a25246de/elements HTTP/1.1
User-Agent: selenium/4.8.0 (java windows)
Content-Length: 111
Content-Type: application/json; charset=utf-8
host: localhost:6896
accept: */*

Response DefaultHttpResponse(decodeResult: success, version: HTTP/1.1)
HTTP/1.1 200 OK
Content-Length: 527
Content-Type: application/json; charset=utf-8
cache-control: no-cache

11:36:46.067 [AsyncHttpClient-1-8] DEBUG org.asynchttpclient.netty.channel.ChannelManager - Adding key: http://localhost:6896 for channel [id: 0x1681981a, L:/127.0.0.1:61476 - R:localhost/127.0.0.1:6896]
11:36:46.069 [Forwarding findElements on session 7f96e7e36b9f10a8b5acad60a25246de to remote] DEBUG org.asynchttpclient.netty.request.NettyRequestSender - Using pooled Channel '[id: 0x1681981a, L:/127.0.0.1:61476 - R:localhost/127.0.0.1:6896]' for 'POST' to 'http://localhost:6896/session/7f96e7e36b9f10a8b5acad60a25246de/elements'
11:36:46.069 [Forwarding findElements on session 7f96e7e36b9f10a8b5acad60a25246de to remote] DEBUG org.asynchttpclient.netty.request.NettyRequestSender - Using open Channel [id: 0x1681981a, L:/127.0.0.1:61476 - R:localhost/127.0.0.1:6896] for POST '/session/7f96e7e36b9f10a8b5acad60a25246de/elements'
11:36:46.081 [AsyncHttpClient-1-8] DEBUG org.asynchttpclient.netty.handler.HttpHandler - 

Request DefaultHttpRequest(decodeResult: success, version: HTTP/1.1)
POST /session/7f96e7e36b9f10a8b5acad60a25246de/elements HTTP/1.1
User-Agent: selenium/4.8.0 (java windows)
Content-Length: 111
Content-Type: application/json; charset=utf-8
host: localhost:6896
accept: */*

Response DefaultHttpResponse(decodeResult: success, version: HTTP/1.1)
HTTP/1.1 200 OK
Content-Length: 527
Content-Type: application/json; charset=utf-8
cache-control: no-cache

11:36:46.081 [AsyncHttpClient-1-8] DEBUG org.asynchttpclient.netty.channel.ChannelManager - Adding key: http://localhost:6896 for channel [id: 0x1681981a, L:/127.0.0.1:61476 - R:localhost/127.0.0.1:6896]
11:36:46.083 [Forwarding getElementText on session 7f96e7e36b9f10a8b5acad60a25246de to remote] DEBUG org.asynchttpclient.netty.request.NettyRequestSender - Using pooled Channel '[id: 0x1681981a, L:/127.0.0.1:61476 - R:localhost/127.0.0.1:6896]' for 'GET' to 'http://localhost:6896/session/7f96e7e36b9f10a8b5acad60a25246de/element/6FF2D42796E1B5636833727143D40385_element_31/text'
11:36:46.083 [Forwarding getElementText on session 7f96e7e36b9f10a8b5acad60a25246de to remote] DEBUG org.asynchttpclient.netty.request.NettyRequestSender - Using open Channel [id: 0x1681981a, L:/127.0.0.1:61476 - R:localhost/127.0.0.1:6896] for GET '/session/7f96e7e36b9f10a8b5acad60a25246de/element/6FF2D42796E1B5636833727143D40385_element_31/text'
11:36:46.092 [AsyncHttpClient-1-8] DEBUG org.asynchttpclient.netty.handler.HttpHandler - 

Request DefaultFullHttpRequest(decodeResult: success, version: HTTP/1.1, content: EmptyByteBufBE)
GET /session/7f96e7e36b9f10a8b5acad60a25246de/element/6FF2D42796E1B5636833727143D40385_element_31/text HTTP/1.1
User-Agent: selenium/4.8.0 (java windows)
Cache-Control: no-cache
Content-Type: application/json; charset=utf-8
host: localhost:6896
accept: */*

Response DefaultHttpResponse(decodeResult: success, version: HTTP/1.1)
HTTP/1.1 200 OK
Content-Length: 33
Content-Type: application/json; charset=utf-8
cache-control: no-cache

11:36:46.092 [AsyncHttpClient-1-8] DEBUG org.asynchttpclient.netty.channel.ChannelManager - Adding key: http://localhost:6896 for channel [id: 0x1681981a, L:/127.0.0.1:61476 - R:localhost/127.0.0.1:6896]
11:36:46.094 [Forwarding findElements on session 7f96e7e36b9f10a8b5acad60a25246de to remote] DEBUG org.asynchttpclient.netty.request.NettyRequestSender - Using pooled Channel '[id: 0x1681981a, L:/127.0.0.1:61476 - R:localhost/127.0.0.1:6896]' for 'POST' to 'http://localhost:6896/session/7f96e7e36b9f10a8b5acad60a25246de/elements'
11:36:46.094 [Forwarding findElements on session 7f96e7e36b9f10a8b5acad60a25246de to remote] DEBUG org.asynchttpclient.netty.request.NettyRequestSender - Using open Channel [id: 0x1681981a, L:/127.0.0.1:61476 - R:localhost/127.0.0.1:6896] for POST '/session/7f96e7e36b9f10a8b5acad60a25246de/elements'
11:36:46.101 [AsyncHttpClient-1-8] DEBUG org.asynchttpclient.netty.handler.HttpHandler - 

Request DefaultHttpRequest(decodeResult: success, version: HTTP/1.1)
POST /session/7f96e7e36b9f10a8b5acad60a25246de/elements HTTP/1.1
User-Agent: selenium/4.8.0 (java windows)
Content-Length: 111
Content-Type: application/json; charset=utf-8
host: localhost:6896
accept: */*

Response DefaultHttpResponse(decodeResult: success, version: HTTP/1.1)
HTTP/1.1 200 OK
Content-Length: 527
Content-Type: application/json; charset=utf-8
cache-control: no-cache

11:36:46.101 [AsyncHttpClient-1-8] DEBUG org.asynchttpclient.netty.channel.ChannelManager - Adding key: http://localhost:6896 for channel [id: 0x1681981a, L:/127.0.0.1:61476 - R:localhost/127.0.0.1:6896]
11:36:46.102 [Forwarding getElementText on session 7f96e7e36b9f10a8b5acad60a25246de to remote] DEBUG org.asynchttpclient.netty.request.NettyRequestSender - Using pooled Channel '[id: 0x1681981a, L:/127.0.0.1:61476 - R:localhost/127.0.0.1:6896]' for 'GET' to 'http://localhost:6896/session/7f96e7e36b9f10a8b5acad60a25246de/element/6FF2D42796E1B5636833727143D40385_element_31/text'
11:36:46.102 [Forwarding getElementText on session 7f96e7e36b9f10a8b5acad60a25246de to remote] DEBUG org.asynchttpclient.netty.request.NettyRequestSender - Using open Channel [id: 0x1681981a, L:/127.0.0.1:61476 - R:localhost/127.0.0.1:6896] for GET '/session/7f96e7e36b9f10a8b5acad60a25246de/element/6FF2D42796E1B5636833727143D40385_element_31/text'
11:36:46.109 [AsyncHttpClient-1-8] DEBUG org.asynchttpclient.netty.handler.HttpHandler - 

Request DefaultFullHttpRequest(decodeResult: success, version: HTTP/1.1, content: EmptyByteBufBE)
GET /session/7f96e7e36b9f10a8b5acad60a25246de/element/6FF2D42796E1B5636833727143D40385_element_31/text HTTP/1.1
User-Agent: selenium/4.8.0 (java windows)
Cache-Control: no-cache
Content-Type: application/json; charset=utf-8
host: localhost:6896
accept: */*

Response DefaultHttpResponse(decodeResult: success, version: HTTP/1.1)
HTTP/1.1 200 OK
Content-Length: 33
Content-Type: application/json; charset=utf-8
cache-control: no-cache

11:36:46.109 [AsyncHttpClient-1-8] DEBUG org.asynchttpclient.netty.channel.ChannelManager - Adding key: http://localhost:6896 for channel [id: 0x1681981a, L:/127.0.0.1:61476 - R:localhost/127.0.0.1:6896]
11:36:46.110 [main] INFO  com.swaglabs.base.SetUp - Sauce Labs Bike Light validated Passed
11:36:46.112 [Forwarding findElements on session 7f96e7e36b9f10a8b5acad60a25246de to remote] DEBUG org.asynchttpclient.netty.request.NettyRequestSender - Using pooled Channel '[id: 0x1681981a, L:/127.0.0.1:61476 - R:localhost/127.0.0.1:6896]' for 'POST' to 'http://localhost:6896/session/7f96e7e36b9f10a8b5acad60a25246de/elements'
11:36:46.112 [Forwarding findElements on session 7f96e7e36b9f10a8b5acad60a25246de to remote] DEBUG org.asynchttpclient.netty.request.NettyRequestSender - Using open Channel [id: 0x1681981a, L:/127.0.0.1:61476 - R:localhost/127.0.0.1:6896] for POST '/session/7f96e7e36b9f10a8b5acad60a25246de/elements'
11:36:46.122 [AsyncHttpClient-1-8] DEBUG org.asynchttpclient.netty.handler.HttpHandler - 

Request DefaultHttpRequest(decodeResult: success, version: HTTP/1.1)
POST /session/7f96e7e36b9f10a8b5acad60a25246de/elements HTTP/1.1
User-Agent: selenium/4.8.0 (java windows)
Content-Length: 111
Content-Type: application/json; charset=utf-8
host: localhost:6896
accept: */*

Response DefaultHttpResponse(decodeResult: success, version: HTTP/1.1)
HTTP/1.1 200 OK
Content-Length: 527
Content-Type: application/json; charset=utf-8
cache-control: no-cache

11:36:46.122 [AsyncHttpClient-1-8] DEBUG org.asynchttpclient.netty.channel.ChannelManager - Adding key: http://localhost:6896 for channel [id: 0x1681981a, L:/127.0.0.1:61476 - R:localhost/127.0.0.1:6896]
11:36:46.123 [Forwarding getElementText on session 7f96e7e36b9f10a8b5acad60a25246de to remote] DEBUG org.asynchttpclient.netty.request.NettyRequestSender - Using pooled Channel '[id: 0x1681981a, L:/127.0.0.1:61476 - R:localhost/127.0.0.1:6896]' for 'GET' to 'http://localhost:6896/session/7f96e7e36b9f10a8b5acad60a25246de/element/6FF2D42796E1B5636833727143D40385_element_31/text'
11:36:46.123 [Forwarding getElementText on session 7f96e7e36b9f10a8b5acad60a25246de to remote] DEBUG org.asynchttpclient.netty.request.NettyRequestSender - Using open Channel [id: 0x1681981a, L:/127.0.0.1:61476 - R:localhost/127.0.0.1:6896] for GET '/session/7f96e7e36b9f10a8b5acad60a25246de/element/6FF2D42796E1B5636833727143D40385_element_31/text'
11:36:46.131 [AsyncHttpClient-1-8] DEBUG org.asynchttpclient.netty.handler.HttpHandler - 

Request DefaultFullHttpRequest(decodeResult: success, version: HTTP/1.1, content: EmptyByteBufBE)
GET /session/7f96e7e36b9f10a8b5acad60a25246de/element/6FF2D42796E1B5636833727143D40385_element_31/text HTTP/1.1
User-Agent: selenium/4.8.0 (java windows)
Cache-Control: no-cache
Content-Type: application/json; charset=utf-8
host: localhost:6896
accept: */*

Response DefaultHttpResponse(decodeResult: success, version: HTTP/1.1)
HTTP/1.1 200 OK
Content-Length: 33
Content-Type: application/json; charset=utf-8
cache-control: no-cache

11:36:46.131 [AsyncHttpClient-1-8] DEBUG org.asynchttpclient.netty.channel.ChannelManager - Adding key: http://localhost:6896 for channel [id: 0x1681981a, L:/127.0.0.1:61476 - R:localhost/127.0.0.1:6896]
11:36:46.133 [AsyncHttpClient-1-1] DEBUG org.asynchttpclient.netty.channel.DefaultChannelPool - Entry count for : http://localhost:6896 : 1
11:36:46.133 [AsyncHttpClient-1-1] DEBUG org.asynchttpclient.netty.channel.DefaultChannelPool - Entry count for : http://localhost:61482 : 1
11:36:46.133 [Forwarding findElements on session 7f96e7e36b9f10a8b5acad60a25246de to remote] DEBUG org.asynchttpclient.netty.request.NettyRequestSender - Using pooled Channel '[id: 0x1681981a, L:/127.0.0.1:61476 - R:localhost/127.0.0.1:6896]' for 'POST' to 'http://localhost:6896/session/7f96e7e36b9f10a8b5acad60a25246de/elements'
11:36:46.133 [Forwarding findElements on session 7f96e7e36b9f10a8b5acad60a25246de to remote] DEBUG org.asynchttpclient.netty.request.NettyRequestSender - Using open Channel [id: 0x1681981a, L:/127.0.0.1:61476 - R:localhost/127.0.0.1:6896] for POST '/session/7f96e7e36b9f10a8b5acad60a25246de/elements'
11:36:46.140 [AsyncHttpClient-1-8] DEBUG org.asynchttpclient.netty.handler.HttpHandler - 

Request DefaultHttpRequest(decodeResult: success, version: HTTP/1.1)
POST /session/7f96e7e36b9f10a8b5acad60a25246de/elements HTTP/1.1
User-Agent: selenium/4.8.0 (java windows)
Content-Length: 111
Content-Type: application/json; charset=utf-8
host: localhost:6896
accept: */*

Response DefaultHttpResponse(decodeResult: success, version: HTTP/1.1)
HTTP/1.1 200 OK
Content-Length: 527
Content-Type: application/json; charset=utf-8
cache-control: no-cache

11:36:46.140 [AsyncHttpClient-1-8] DEBUG org.asynchttpclient.netty.channel.ChannelManager - Adding key: http://localhost:6896 for channel [id: 0x1681981a, L:/127.0.0.1:61476 - R:localhost/127.0.0.1:6896]
11:36:46.143 [Forwarding findElements on session 7f96e7e36b9f10a8b5acad60a25246de to remote] DEBUG org.asynchttpclient.netty.request.NettyRequestSender - Using pooled Channel '[id: 0x1681981a, L:/127.0.0.1:61476 - R:localhost/127.0.0.1:6896]' for 'POST' to 'http://localhost:6896/session/7f96e7e36b9f10a8b5acad60a25246de/elements'
11:36:46.143 [Forwarding findElements on session 7f96e7e36b9f10a8b5acad60a25246de to remote] DEBUG org.asynchttpclient.netty.request.NettyRequestSender - Using open Channel [id: 0x1681981a, L:/127.0.0.1:61476 - R:localhost/127.0.0.1:6896] for POST '/session/7f96e7e36b9f10a8b5acad60a25246de/elements'
11:36:46.150 [AsyncHttpClient-1-8] DEBUG org.asynchttpclient.netty.handler.HttpHandler - 

Request DefaultHttpRequest(decodeResult: success, version: HTTP/1.1)
POST /session/7f96e7e36b9f10a8b5acad60a25246de/elements HTTP/1.1
User-Agent: selenium/4.8.0 (java windows)
Content-Length: 111
Content-Type: application/json; charset=utf-8
host: localhost:6896
accept: */*

Response DefaultHttpResponse(decodeResult: success, version: HTTP/1.1)
HTTP/1.1 200 OK
Content-Length: 527
Content-Type: application/json; charset=utf-8
cache-control: no-cache

11:36:46.150 [AsyncHttpClient-1-8] DEBUG org.asynchttpclient.netty.channel.ChannelManager - Adding key: http://localhost:6896 for channel [id: 0x1681981a, L:/127.0.0.1:61476 - R:localhost/127.0.0.1:6896]
11:36:46.151 [Forwarding getElementText on session 7f96e7e36b9f10a8b5acad60a25246de to remote] DEBUG org.asynchttpclient.netty.request.NettyRequestSender - Using pooled Channel '[id: 0x1681981a, L:/127.0.0.1:61476 - R:localhost/127.0.0.1:6896]' for 'GET' to 'http://localhost:6896/session/7f96e7e36b9f10a8b5acad60a25246de/element/6FF2D42796E1B5636833727143D40385_element_32/text'
11:36:46.151 [Forwarding getElementText on session 7f96e7e36b9f10a8b5acad60a25246de to remote] DEBUG org.asynchttpclient.netty.request.NettyRequestSender - Using open Channel [id: 0x1681981a, L:/127.0.0.1:61476 - R:localhost/127.0.0.1:6896] for GET '/session/7f96e7e36b9f10a8b5acad60a25246de/element/6FF2D42796E1B5636833727143D40385_element_32/text'
11:36:46.162 [AsyncHttpClient-1-8] DEBUG org.asynchttpclient.netty.handler.HttpHandler - 

Request DefaultFullHttpRequest(decodeResult: success, version: HTTP/1.1, content: EmptyByteBufBE)
GET /session/7f96e7e36b9f10a8b5acad60a25246de/element/6FF2D42796E1B5636833727143D40385_element_32/text HTTP/1.1
User-Agent: selenium/4.8.0 (java windows)
Cache-Control: no-cache
Content-Type: application/json; charset=utf-8
host: localhost:6896
accept: */*

Response DefaultHttpResponse(decodeResult: success, version: HTTP/1.1)
HTTP/1.1 200 OK
Content-Length: 35
Content-Type: application/json; charset=utf-8
cache-control: no-cache

11:36:46.162 [AsyncHttpClient-1-8] DEBUG org.asynchttpclient.netty.channel.ChannelManager - Adding key: http://localhost:6896 for channel [id: 0x1681981a, L:/127.0.0.1:61476 - R:localhost/127.0.0.1:6896]
11:36:46.163 [Forwarding findElements on session 7f96e7e36b9f10a8b5acad60a25246de to remote] DEBUG org.asynchttpclient.netty.request.NettyRequestSender - Using pooled Channel '[id: 0x1681981a, L:/127.0.0.1:61476 - R:localhost/127.0.0.1:6896]' for 'POST' to 'http://localhost:6896/session/7f96e7e36b9f10a8b5acad60a25246de/elements'
11:36:46.163 [Forwarding findElements on session 7f96e7e36b9f10a8b5acad60a25246de to remote] DEBUG org.asynchttpclient.netty.request.NettyRequestSender - Using open Channel [id: 0x1681981a, L:/127.0.0.1:61476 - R:localhost/127.0.0.1:6896] for POST '/session/7f96e7e36b9f10a8b5acad60a25246de/elements'
11:36:46.171 [AsyncHttpClient-1-8] DEBUG org.asynchttpclient.netty.handler.HttpHandler - 

Request DefaultHttpRequest(decodeResult: success, version: HTTP/1.1)
POST /session/7f96e7e36b9f10a8b5acad60a25246de/elements HTTP/1.1
User-Agent: selenium/4.8.0 (java windows)
Content-Length: 111
Content-Type: application/json; charset=utf-8
host: localhost:6896
accept: */*

Response DefaultHttpResponse(decodeResult: success, version: HTTP/1.1)
HTTP/1.1 200 OK
Content-Length: 527
Content-Type: application/json; charset=utf-8
cache-control: no-cache

11:36:46.171 [AsyncHttpClient-1-8] DEBUG org.asynchttpclient.netty.channel.ChannelManager - Adding key: http://localhost:6896 for channel [id: 0x1681981a, L:/127.0.0.1:61476 - R:localhost/127.0.0.1:6896]
11:36:46.173 [Forwarding getElementText on session 7f96e7e36b9f10a8b5acad60a25246de to remote] DEBUG org.asynchttpclient.netty.request.NettyRequestSender - Using pooled Channel '[id: 0x1681981a, L:/127.0.0.1:61476 - R:localhost/127.0.0.1:6896]' for 'GET' to 'http://localhost:6896/session/7f96e7e36b9f10a8b5acad60a25246de/element/6FF2D42796E1B5636833727143D40385_element_32/text'
11:36:46.173 [Forwarding getElementText on session 7f96e7e36b9f10a8b5acad60a25246de to remote] DEBUG org.asynchttpclient.netty.request.NettyRequestSender - Using open Channel [id: 0x1681981a, L:/127.0.0.1:61476 - R:localhost/127.0.0.1:6896] for GET '/session/7f96e7e36b9f10a8b5acad60a25246de/element/6FF2D42796E1B5636833727143D40385_element_32/text'
11:36:46.180 [AsyncHttpClient-1-8] DEBUG org.asynchttpclient.netty.handler.HttpHandler - 

Request DefaultFullHttpRequest(decodeResult: success, version: HTTP/1.1, content: EmptyByteBufBE)
GET /session/7f96e7e36b9f10a8b5acad60a25246de/element/6FF2D42796E1B5636833727143D40385_element_32/text HTTP/1.1
User-Agent: selenium/4.8.0 (java windows)
Cache-Control: no-cache
Content-Type: application/json; charset=utf-8
host: localhost:6896
accept: */*

Response DefaultHttpResponse(decodeResult: success, version: HTTP/1.1)
HTTP/1.1 200 OK
Content-Length: 35
Content-Type: application/json; charset=utf-8
cache-control: no-cache

11:36:46.180 [AsyncHttpClient-1-8] DEBUG org.asynchttpclient.netty.channel.ChannelManager - Adding key: http://localhost:6896 for channel [id: 0x1681981a, L:/127.0.0.1:61476 - R:localhost/127.0.0.1:6896]
11:36:46.180 [main] INFO  com.swaglabs.base.SetUp - Sauce Labs Bolt T-Shirt validated Passed
11:36:46.182 [Forwarding findElements on session 7f96e7e36b9f10a8b5acad60a25246de to remote] DEBUG org.asynchttpclient.netty.request.NettyRequestSender - Using pooled Channel '[id: 0x1681981a, L:/127.0.0.1:61476 - R:localhost/127.0.0.1:6896]' for 'POST' to 'http://localhost:6896/session/7f96e7e36b9f10a8b5acad60a25246de/elements'
11:36:46.182 [Forwarding findElements on session 7f96e7e36b9f10a8b5acad60a25246de to remote] DEBUG org.asynchttpclient.netty.request.NettyRequestSender - Using open Channel [id: 0x1681981a, L:/127.0.0.1:61476 - R:localhost/127.0.0.1:6896] for POST '/session/7f96e7e36b9f10a8b5acad60a25246de/elements'
11:36:46.193 [AsyncHttpClient-1-8] DEBUG org.asynchttpclient.netty.handler.HttpHandler - 

Request DefaultHttpRequest(decodeResult: success, version: HTTP/1.1)
POST /session/7f96e7e36b9f10a8b5acad60a25246de/elements HTTP/1.1
User-Agent: selenium/4.8.0 (java windows)
Content-Length: 111
Content-Type: application/json; charset=utf-8
host: localhost:6896
accept: */*

Response DefaultHttpResponse(decodeResult: success, version: HTTP/1.1)
HTTP/1.1 200 OK
Content-Length: 527
Content-Type: application/json; charset=utf-8
cache-control: no-cache

11:36:46.193 [AsyncHttpClient-1-8] DEBUG org.asynchttpclient.netty.channel.ChannelManager - Adding key: http://localhost:6896 for channel [id: 0x1681981a, L:/127.0.0.1:61476 - R:localhost/127.0.0.1:6896]
11:36:46.196 [Forwarding getElementText on session 7f96e7e36b9f10a8b5acad60a25246de to remote] DEBUG org.asynchttpclient.netty.request.NettyRequestSender - Using pooled Channel '[id: 0x1681981a, L:/127.0.0.1:61476 - R:localhost/127.0.0.1:6896]' for 'GET' to 'http://localhost:6896/session/7f96e7e36b9f10a8b5acad60a25246de/element/6FF2D42796E1B5636833727143D40385_element_32/text'
11:36:46.196 [Forwarding getElementText on session 7f96e7e36b9f10a8b5acad60a25246de to remote] DEBUG org.asynchttpclient.netty.request.NettyRequestSender - Using open Channel [id: 0x1681981a, L:/127.0.0.1:61476 - R:localhost/127.0.0.1:6896] for GET '/session/7f96e7e36b9f10a8b5acad60a25246de/element/6FF2D42796E1B5636833727143D40385_element_32/text'
11:36:46.207 [AsyncHttpClient-1-8] DEBUG org.asynchttpclient.netty.handler.HttpHandler - 

Request DefaultFullHttpRequest(decodeResult: success, version: HTTP/1.1, content: EmptyByteBufBE)
GET /session/7f96e7e36b9f10a8b5acad60a25246de/element/6FF2D42796E1B5636833727143D40385_element_32/text HTTP/1.1
User-Agent: selenium/4.8.0 (java windows)
Cache-Control: no-cache
Content-Type: application/json; charset=utf-8
host: localhost:6896
accept: */*

Response DefaultHttpResponse(decodeResult: success, version: HTTP/1.1)
HTTP/1.1 200 OK
Content-Length: 35
Content-Type: application/json; charset=utf-8
cache-control: no-cache

11:36:46.207 [AsyncHttpClient-1-8] DEBUG org.asynchttpclient.netty.channel.ChannelManager - Adding key: http://localhost:6896 for channel [id: 0x1681981a, L:/127.0.0.1:61476 - R:localhost/127.0.0.1:6896]
11:36:46.208 [Forwarding findElements on session 7f96e7e36b9f10a8b5acad60a25246de to remote] DEBUG org.asynchttpclient.netty.request.NettyRequestSender - Using pooled Channel '[id: 0x1681981a, L:/127.0.0.1:61476 - R:localhost/127.0.0.1:6896]' for 'POST' to 'http://localhost:6896/session/7f96e7e36b9f10a8b5acad60a25246de/elements'
11:36:46.208 [Forwarding findElements on session 7f96e7e36b9f10a8b5acad60a25246de to remote] DEBUG org.asynchttpclient.netty.request.NettyRequestSender - Using open Channel [id: 0x1681981a, L:/127.0.0.1:61476 - R:localhost/127.0.0.1:6896] for POST '/session/7f96e7e36b9f10a8b5acad60a25246de/elements'
11:36:46.216 [AsyncHttpClient-1-8] DEBUG org.asynchttpclient.netty.handler.HttpHandler - 

Request DefaultHttpRequest(decodeResult: success, version: HTTP/1.1)
POST /session/7f96e7e36b9f10a8b5acad60a25246de/elements HTTP/1.1
User-Agent: selenium/4.8.0 (java windows)
Content-Length: 111
Content-Type: application/json; charset=utf-8
host: localhost:6896
accept: */*

Response DefaultHttpResponse(decodeResult: success, version: HTTP/1.1)
HTTP/1.1 200 OK
Content-Length: 527
Content-Type: application/json; charset=utf-8
cache-control: no-cache

11:36:46.216 [AsyncHttpClient-1-8] DEBUG org.asynchttpclient.netty.channel.ChannelManager - Adding key: http://localhost:6896 for channel [id: 0x1681981a, L:/127.0.0.1:61476 - R:localhost/127.0.0.1:6896]
11:36:46.218 [Forwarding findElements on session 7f96e7e36b9f10a8b5acad60a25246de to remote] DEBUG org.asynchttpclient.netty.request.NettyRequestSender - Using pooled Channel '[id: 0x1681981a, L:/127.0.0.1:61476 - R:localhost/127.0.0.1:6896]' for 'POST' to 'http://localhost:6896/session/7f96e7e36b9f10a8b5acad60a25246de/elements'
11:36:46.218 [Forwarding findElements on session 7f96e7e36b9f10a8b5acad60a25246de to remote] DEBUG org.asynchttpclient.netty.request.NettyRequestSender - Using open Channel [id: 0x1681981a, L:/127.0.0.1:61476 - R:localhost/127.0.0.1:6896] for POST '/session/7f96e7e36b9f10a8b5acad60a25246de/elements'
11:36:46.226 [AsyncHttpClient-1-8] DEBUG org.asynchttpclient.netty.handler.HttpHandler - 

Request DefaultHttpRequest(decodeResult: success, version: HTTP/1.1)
POST /session/7f96e7e36b9f10a8b5acad60a25246de/elements HTTP/1.1
User-Agent: selenium/4.8.0 (java windows)
Content-Length: 111
Content-Type: application/json; charset=utf-8
host: localhost:6896
accept: */*

Response DefaultHttpResponse(decodeResult: success, version: HTTP/1.1)
HTTP/1.1 200 OK
Content-Length: 527
Content-Type: application/json; charset=utf-8
cache-control: no-cache

11:36:46.226 [AsyncHttpClient-1-8] DEBUG org.asynchttpclient.netty.channel.ChannelManager - Adding key: http://localhost:6896 for channel [id: 0x1681981a, L:/127.0.0.1:61476 - R:localhost/127.0.0.1:6896]
11:36:46.227 [Forwarding getElementText on session 7f96e7e36b9f10a8b5acad60a25246de to remote] DEBUG org.asynchttpclient.netty.request.NettyRequestSender - Using pooled Channel '[id: 0x1681981a, L:/127.0.0.1:61476 - R:localhost/127.0.0.1:6896]' for 'GET' to 'http://localhost:6896/session/7f96e7e36b9f10a8b5acad60a25246de/element/6FF2D42796E1B5636833727143D40385_element_33/text'
11:36:46.227 [Forwarding getElementText on session 7f96e7e36b9f10a8b5acad60a25246de to remote] DEBUG org.asynchttpclient.netty.request.NettyRequestSender - Using open Channel [id: 0x1681981a, L:/127.0.0.1:61476 - R:localhost/127.0.0.1:6896] for GET '/session/7f96e7e36b9f10a8b5acad60a25246de/element/6FF2D42796E1B5636833727143D40385_element_33/text'
11:36:46.235 [AsyncHttpClient-1-8] DEBUG org.asynchttpclient.netty.handler.HttpHandler - 

Request DefaultFullHttpRequest(decodeResult: success, version: HTTP/1.1, content: EmptyByteBufBE)
GET /session/7f96e7e36b9f10a8b5acad60a25246de/element/6FF2D42796E1B5636833727143D40385_element_33/text HTTP/1.1
User-Agent: selenium/4.8.0 (java windows)
Cache-Control: no-cache
Content-Type: application/json; charset=utf-8
host: localhost:6896
accept: */*

Response DefaultHttpResponse(decodeResult: success, version: HTTP/1.1)
HTTP/1.1 200 OK
Content-Length: 36
Content-Type: application/json; charset=utf-8
cache-control: no-cache

11:36:46.235 [AsyncHttpClient-1-8] DEBUG org.asynchttpclient.netty.channel.ChannelManager - Adding key: http://localhost:6896 for channel [id: 0x1681981a, L:/127.0.0.1:61476 - R:localhost/127.0.0.1:6896]
11:36:46.236 [Forwarding findElements on session 7f96e7e36b9f10a8b5acad60a25246de to remote] DEBUG org.asynchttpclient.netty.request.NettyRequestSender - Using pooled Channel '[id: 0x1681981a, L:/127.0.0.1:61476 - R:localhost/127.0.0.1:6896]' for 'POST' to 'http://localhost:6896/session/7f96e7e36b9f10a8b5acad60a25246de/elements'
11:36:46.236 [Forwarding findElements on session 7f96e7e36b9f10a8b5acad60a25246de to remote] DEBUG org.asynchttpclient.netty.request.NettyRequestSender - Using open Channel [id: 0x1681981a, L:/127.0.0.1:61476 - R:localhost/127.0.0.1:6896] for POST '/session/7f96e7e36b9f10a8b5acad60a25246de/elements'
11:36:46.242 [AsyncHttpClient-1-8] DEBUG org.asynchttpclient.netty.handler.HttpHandler - 

Request DefaultHttpRequest(decodeResult: success, version: HTTP/1.1)
POST /session/7f96e7e36b9f10a8b5acad60a25246de/elements HTTP/1.1
User-Agent: selenium/4.8.0 (java windows)
Content-Length: 111
Content-Type: application/json; charset=utf-8
host: localhost:6896
accept: */*

Response DefaultHttpResponse(decodeResult: success, version: HTTP/1.1)
HTTP/1.1 200 OK
Content-Length: 527
Content-Type: application/json; charset=utf-8
cache-control: no-cache

11:36:46.242 [AsyncHttpClient-1-8] DEBUG org.asynchttpclient.netty.channel.ChannelManager - Adding key: http://localhost:6896 for channel [id: 0x1681981a, L:/127.0.0.1:61476 - R:localhost/127.0.0.1:6896]
11:36:46.243 [Forwarding getElementText on session 7f96e7e36b9f10a8b5acad60a25246de to remote] DEBUG org.asynchttpclient.netty.request.NettyRequestSender - Using pooled Channel '[id: 0x1681981a, L:/127.0.0.1:61476 - R:localhost/127.0.0.1:6896]' for 'GET' to 'http://localhost:6896/session/7f96e7e36b9f10a8b5acad60a25246de/element/6FF2D42796E1B5636833727143D40385_element_33/text'
11:36:46.243 [Forwarding getElementText on session 7f96e7e36b9f10a8b5acad60a25246de to remote] DEBUG org.asynchttpclient.netty.request.NettyRequestSender - Using open Channel [id: 0x1681981a, L:/127.0.0.1:61476 - R:localhost/127.0.0.1:6896] for GET '/session/7f96e7e36b9f10a8b5acad60a25246de/element/6FF2D42796E1B5636833727143D40385_element_33/text'
11:36:46.250 [AsyncHttpClient-1-8] DEBUG org.asynchttpclient.netty.handler.HttpHandler - 

Request DefaultFullHttpRequest(decodeResult: success, version: HTTP/1.1, content: EmptyByteBufBE)
GET /session/7f96e7e36b9f10a8b5acad60a25246de/element/6FF2D42796E1B5636833727143D40385_element_33/text HTTP/1.1
User-Agent: selenium/4.8.0 (java windows)
Cache-Control: no-cache
Content-Type: application/json; charset=utf-8
host: localhost:6896
accept: */*

Response DefaultHttpResponse(decodeResult: success, version: HTTP/1.1)
HTTP/1.1 200 OK
Content-Length: 36
Content-Type: application/json; charset=utf-8
cache-control: no-cache

11:36:46.250 [AsyncHttpClient-1-8] DEBUG org.asynchttpclient.netty.channel.ChannelManager - Adding key: http://localhost:6896 for channel [id: 0x1681981a, L:/127.0.0.1:61476 - R:localhost/127.0.0.1:6896]
11:36:46.250 [main] INFO  com.swaglabs.base.SetUp - Sauce Labs Fleece Jacket validated Passed
11:36:46.251 [Forwarding findElements on session 7f96e7e36b9f10a8b5acad60a25246de to remote] DEBUG org.asynchttpclient.netty.request.NettyRequestSender - Using pooled Channel '[id: 0x1681981a, L:/127.0.0.1:61476 - R:localhost/127.0.0.1:6896]' for 'POST' to 'http://localhost:6896/session/7f96e7e36b9f10a8b5acad60a25246de/elements'
11:36:46.251 [Forwarding findElements on session 7f96e7e36b9f10a8b5acad60a25246de to remote] DEBUG org.asynchttpclient.netty.request.NettyRequestSender - Using open Channel [id: 0x1681981a, L:/127.0.0.1:61476 - R:localhost/127.0.0.1:6896] for POST '/session/7f96e7e36b9f10a8b5acad60a25246de/elements'
11:36:46.258 [AsyncHttpClient-1-8] DEBUG org.asynchttpclient.netty.handler.HttpHandler - 

Request DefaultHttpRequest(decodeResult: success, version: HTTP/1.1)
POST /session/7f96e7e36b9f10a8b5acad60a25246de/elements HTTP/1.1
User-Agent: selenium/4.8.0 (java windows)
Content-Length: 111
Content-Type: application/json; charset=utf-8
host: localhost:6896
accept: */*

Response DefaultHttpResponse(decodeResult: success, version: HTTP/1.1)
HTTP/1.1 200 OK
Content-Length: 527
Content-Type: application/json; charset=utf-8
cache-control: no-cache

11:36:46.258 [AsyncHttpClient-1-8] DEBUG org.asynchttpclient.netty.channel.ChannelManager - Adding key: http://localhost:6896 for channel [id: 0x1681981a, L:/127.0.0.1:61476 - R:localhost/127.0.0.1:6896]
11:36:46.258 [Forwarding getElementText on session 7f96e7e36b9f10a8b5acad60a25246de to remote] DEBUG org.asynchttpclient.netty.request.NettyRequestSender - Using pooled Channel '[id: 0x1681981a, L:/127.0.0.1:61476 - R:localhost/127.0.0.1:6896]' for 'GET' to 'http://localhost:6896/session/7f96e7e36b9f10a8b5acad60a25246de/element/6FF2D42796E1B5636833727143D40385_element_33/text'
11:36:46.258 [Forwarding getElementText on session 7f96e7e36b9f10a8b5acad60a25246de to remote] DEBUG org.asynchttpclient.netty.request.NettyRequestSender - Using open Channel [id: 0x1681981a, L:/127.0.0.1:61476 - R:localhost/127.0.0.1:6896] for GET '/session/7f96e7e36b9f10a8b5acad60a25246de/element/6FF2D42796E1B5636833727143D40385_element_33/text'
11:36:46.267 [AsyncHttpClient-1-8] DEBUG org.asynchttpclient.netty.handler.HttpHandler - 

Request DefaultFullHttpRequest(decodeResult: success, version: HTTP/1.1, content: EmptyByteBufBE)
GET /session/7f96e7e36b9f10a8b5acad60a25246de/element/6FF2D42796E1B5636833727143D40385_element_33/text HTTP/1.1
User-Agent: selenium/4.8.0 (java windows)
Cache-Control: no-cache
Content-Type: application/json; charset=utf-8
host: localhost:6896
accept: */*

Response DefaultHttpResponse(decodeResult: success, version: HTTP/1.1)
HTTP/1.1 200 OK
Content-Length: 36
Content-Type: application/json; charset=utf-8
cache-control: no-cache

11:36:46.267 [AsyncHttpClient-1-8] DEBUG org.asynchttpclient.netty.channel.ChannelManager - Adding key: http://localhost:6896 for channel [id: 0x1681981a, L:/127.0.0.1:61476 - R:localhost/127.0.0.1:6896]
11:36:46.268 [Forwarding findElements on session 7f96e7e36b9f10a8b5acad60a25246de to remote] DEBUG org.asynchttpclient.netty.request.NettyRequestSender - Using pooled Channel '[id: 0x1681981a, L:/127.0.0.1:61476 - R:localhost/127.0.0.1:6896]' for 'POST' to 'http://localhost:6896/session/7f96e7e36b9f10a8b5acad60a25246de/elements'
11:36:46.268 [Forwarding findElements on session 7f96e7e36b9f10a8b5acad60a25246de to remote] DEBUG org.asynchttpclient.netty.request.NettyRequestSender - Using open Channel [id: 0x1681981a, L:/127.0.0.1:61476 - R:localhost/127.0.0.1:6896] for POST '/session/7f96e7e36b9f10a8b5acad60a25246de/elements'
11:36:46.278 [AsyncHttpClient-1-8] DEBUG org.asynchttpclient.netty.handler.HttpHandler - 

Request DefaultHttpRequest(decodeResult: success, version: HTTP/1.1)
POST /session/7f96e7e36b9f10a8b5acad60a25246de/elements HTTP/1.1
User-Agent: selenium/4.8.0 (java windows)
Content-Length: 111
Content-Type: application/json; charset=utf-8
host: localhost:6896
accept: */*

Response DefaultHttpResponse(decodeResult: success, version: HTTP/1.1)
HTTP/1.1 200 OK
Content-Length: 527
Content-Type: application/json; charset=utf-8
cache-control: no-cache

11:36:46.278 [AsyncHttpClient-1-8] DEBUG org.asynchttpclient.netty.channel.ChannelManager - Adding key: http://localhost:6896 for channel [id: 0x1681981a, L:/127.0.0.1:61476 - R:localhost/127.0.0.1:6896]
11:36:46.279 [Forwarding findElements on session 7f96e7e36b9f10a8b5acad60a25246de to remote] DEBUG org.asynchttpclient.netty.request.NettyRequestSender - Using pooled Channel '[id: 0x1681981a, L:/127.0.0.1:61476 - R:localhost/127.0.0.1:6896]' for 'POST' to 'http://localhost:6896/session/7f96e7e36b9f10a8b5acad60a25246de/elements'
11:36:46.279 [Forwarding findElements on session 7f96e7e36b9f10a8b5acad60a25246de to remote] DEBUG org.asynchttpclient.netty.request.NettyRequestSender - Using open Channel [id: 0x1681981a, L:/127.0.0.1:61476 - R:localhost/127.0.0.1:6896] for POST '/session/7f96e7e36b9f10a8b5acad60a25246de/elements'
11:36:46.290 [AsyncHttpClient-1-8] DEBUG org.asynchttpclient.netty.handler.HttpHandler - 

Request DefaultHttpRequest(decodeResult: success, version: HTTP/1.1)
POST /session/7f96e7e36b9f10a8b5acad60a25246de/elements HTTP/1.1
User-Agent: selenium/4.8.0 (java windows)
Content-Length: 111
Content-Type: application/json; charset=utf-8
host: localhost:6896
accept: */*

Response DefaultHttpResponse(decodeResult: success, version: HTTP/1.1)
HTTP/1.1 200 OK
Content-Length: 527
Content-Type: application/json; charset=utf-8
cache-control: no-cache

11:36:46.290 [AsyncHttpClient-1-8] DEBUG org.asynchttpclient.netty.channel.ChannelManager - Adding key: http://localhost:6896 for channel [id: 0x1681981a, L:/127.0.0.1:61476 - R:localhost/127.0.0.1:6896]
11:36:46.290 [Forwarding getElementText on session 7f96e7e36b9f10a8b5acad60a25246de to remote] DEBUG org.asynchttpclient.netty.request.NettyRequestSender - Using pooled Channel '[id: 0x1681981a, L:/127.0.0.1:61476 - R:localhost/127.0.0.1:6896]' for 'GET' to 'http://localhost:6896/session/7f96e7e36b9f10a8b5acad60a25246de/element/6FF2D42796E1B5636833727143D40385_element_34/text'
11:36:46.290 [Forwarding getElementText on session 7f96e7e36b9f10a8b5acad60a25246de to remote] DEBUG org.asynchttpclient.netty.request.NettyRequestSender - Using open Channel [id: 0x1681981a, L:/127.0.0.1:61476 - R:localhost/127.0.0.1:6896] for GET '/session/7f96e7e36b9f10a8b5acad60a25246de/element/6FF2D42796E1B5636833727143D40385_element_34/text'
11:36:46.298 [AsyncHttpClient-1-8] DEBUG org.asynchttpclient.netty.handler.HttpHandler - 

Request DefaultFullHttpRequest(decodeResult: success, version: HTTP/1.1, content: EmptyByteBufBE)
GET /session/7f96e7e36b9f10a8b5acad60a25246de/element/6FF2D42796E1B5636833727143D40385_element_34/text HTTP/1.1
User-Agent: selenium/4.8.0 (java windows)
Cache-Control: no-cache
Content-Type: application/json; charset=utf-8
host: localhost:6896
accept: */*

Response DefaultHttpResponse(decodeResult: success, version: HTTP/1.1)
HTTP/1.1 200 OK
Content-Length: 29
Content-Type: application/json; charset=utf-8
cache-control: no-cache

11:36:46.298 [AsyncHttpClient-1-8] DEBUG org.asynchttpclient.netty.channel.ChannelManager - Adding key: http://localhost:6896 for channel [id: 0x1681981a, L:/127.0.0.1:61476 - R:localhost/127.0.0.1:6896]
11:36:46.298 [Forwarding findElements on session 7f96e7e36b9f10a8b5acad60a25246de to remote] DEBUG org.asynchttpclient.netty.request.NettyRequestSender - Using pooled Channel '[id: 0x1681981a, L:/127.0.0.1:61476 - R:localhost/127.0.0.1:6896]' for 'POST' to 'http://localhost:6896/session/7f96e7e36b9f10a8b5acad60a25246de/elements'
11:36:46.298 [Forwarding findElements on session 7f96e7e36b9f10a8b5acad60a25246de to remote] DEBUG org.asynchttpclient.netty.request.NettyRequestSender - Using open Channel [id: 0x1681981a, L:/127.0.0.1:61476 - R:localhost/127.0.0.1:6896] for POST '/session/7f96e7e36b9f10a8b5acad60a25246de/elements'
11:36:46.305 [AsyncHttpClient-1-8] DEBUG org.asynchttpclient.netty.handler.HttpHandler - 

Request DefaultHttpRequest(decodeResult: success, version: HTTP/1.1)
POST /session/7f96e7e36b9f10a8b5acad60a25246de/elements HTTP/1.1
User-Agent: selenium/4.8.0 (java windows)
Content-Length: 111
Content-Type: application/json; charset=utf-8
host: localhost:6896
accept: */*

Response DefaultHttpResponse(decodeResult: success, version: HTTP/1.1)
HTTP/1.1 200 OK
Content-Length: 527
Content-Type: application/json; charset=utf-8
cache-control: no-cache

11:36:46.305 [AsyncHttpClient-1-8] DEBUG org.asynchttpclient.netty.channel.ChannelManager - Adding key: http://localhost:6896 for channel [id: 0x1681981a, L:/127.0.0.1:61476 - R:localhost/127.0.0.1:6896]
11:36:46.306 [Forwarding getElementText on session 7f96e7e36b9f10a8b5acad60a25246de to remote] DEBUG org.asynchttpclient.netty.request.NettyRequestSender - Using pooled Channel '[id: 0x1681981a, L:/127.0.0.1:61476 - R:localhost/127.0.0.1:6896]' for 'GET' to 'http://localhost:6896/session/7f96e7e36b9f10a8b5acad60a25246de/element/6FF2D42796E1B5636833727143D40385_element_34/text'
11:36:46.306 [Forwarding getElementText on session 7f96e7e36b9f10a8b5acad60a25246de to remote] DEBUG org.asynchttpclient.netty.request.NettyRequestSender - Using open Channel [id: 0x1681981a, L:/127.0.0.1:61476 - R:localhost/127.0.0.1:6896] for GET '/session/7f96e7e36b9f10a8b5acad60a25246de/element/6FF2D42796E1B5636833727143D40385_element_34/text'
11:36:46.313 [AsyncHttpClient-1-8] DEBUG org.asynchttpclient.netty.handler.HttpHandler - 

Request DefaultFullHttpRequest(decodeResult: success, version: HTTP/1.1, content: EmptyByteBufBE)
GET /session/7f96e7e36b9f10a8b5acad60a25246de/element/6FF2D42796E1B5636833727143D40385_element_34/text HTTP/1.1
User-Agent: selenium/4.8.0 (java windows)
Cache-Control: no-cache
Content-Type: application/json; charset=utf-8
host: localhost:6896
accept: */*

Response DefaultHttpResponse(decodeResult: success, version: HTTP/1.1)
HTTP/1.1 200 OK
Content-Length: 29
Content-Type: application/json; charset=utf-8
cache-control: no-cache

11:36:46.313 [AsyncHttpClient-1-8] DEBUG org.asynchttpclient.netty.channel.ChannelManager - Adding key: http://localhost:6896 for channel [id: 0x1681981a, L:/127.0.0.1:61476 - R:localhost/127.0.0.1:6896]
11:36:46.313 [main] INFO  com.swaglabs.base.SetUp - Sauce Labs Onesie validated Passed
11:36:46.314 [Forwarding findElements on session 7f96e7e36b9f10a8b5acad60a25246de to remote] DEBUG org.asynchttpclient.netty.request.NettyRequestSender - Using pooled Channel '[id: 0x1681981a, L:/127.0.0.1:61476 - R:localhost/127.0.0.1:6896]' for 'POST' to 'http://localhost:6896/session/7f96e7e36b9f10a8b5acad60a25246de/elements'
11:36:46.314 [Forwarding findElements on session 7f96e7e36b9f10a8b5acad60a25246de to remote] DEBUG org.asynchttpclient.netty.request.NettyRequestSender - Using open Channel [id: 0x1681981a, L:/127.0.0.1:61476 - R:localhost/127.0.0.1:6896] for POST '/session/7f96e7e36b9f10a8b5acad60a25246de/elements'
11:36:46.323 [AsyncHttpClient-1-8] DEBUG org.asynchttpclient.netty.handler.HttpHandler - 

Request DefaultHttpRequest(decodeResult: success, version: HTTP/1.1)
POST /session/7f96e7e36b9f10a8b5acad60a25246de/elements HTTP/1.1
User-Agent: selenium/4.8.0 (java windows)
Content-Length: 111
Content-Type: application/json; charset=utf-8
host: localhost:6896
accept: */*

Response DefaultHttpResponse(decodeResult: success, version: HTTP/1.1)
HTTP/1.1 200 OK
Content-Length: 527
Content-Type: application/json; charset=utf-8
cache-control: no-cache

11:36:46.323 [AsyncHttpClient-1-8] DEBUG org.asynchttpclient.netty.channel.ChannelManager - Adding key: http://localhost:6896 for channel [id: 0x1681981a, L:/127.0.0.1:61476 - R:localhost/127.0.0.1:6896]
11:36:46.325 [Forwarding getElementText on session 7f96e7e36b9f10a8b5acad60a25246de to remote] DEBUG org.asynchttpclient.netty.request.NettyRequestSender - Using pooled Channel '[id: 0x1681981a, L:/127.0.0.1:61476 - R:localhost/127.0.0.1:6896]' for 'GET' to 'http://localhost:6896/session/7f96e7e36b9f10a8b5acad60a25246de/element/6FF2D42796E1B5636833727143D40385_element_34/text'
11:36:46.325 [Forwarding getElementText on session 7f96e7e36b9f10a8b5acad60a25246de to remote] DEBUG org.asynchttpclient.netty.request.NettyRequestSender - Using open Channel [id: 0x1681981a, L:/127.0.0.1:61476 - R:localhost/127.0.0.1:6896] for GET '/session/7f96e7e36b9f10a8b5acad60a25246de/element/6FF2D42796E1B5636833727143D40385_element_34/text'
11:36:46.333 [AsyncHttpClient-1-8] DEBUG org.asynchttpclient.netty.handler.HttpHandler - 

Request DefaultFullHttpRequest(decodeResult: success, version: HTTP/1.1, content: EmptyByteBufBE)
GET /session/7f96e7e36b9f10a8b5acad60a25246de/element/6FF2D42796E1B5636833727143D40385_element_34/text HTTP/1.1
User-Agent: selenium/4.8.0 (java windows)
Cache-Control: no-cache
Content-Type: application/json; charset=utf-8
host: localhost:6896
accept: */*

Response DefaultHttpResponse(decodeResult: success, version: HTTP/1.1)
HTTP/1.1 200 OK
Content-Length: 29
Content-Type: application/json; charset=utf-8
cache-control: no-cache

11:36:46.333 [AsyncHttpClient-1-8] DEBUG org.asynchttpclient.netty.channel.ChannelManager - Adding key: http://localhost:6896 for channel [id: 0x1681981a, L:/127.0.0.1:61476 - R:localhost/127.0.0.1:6896]
11:36:46.334 [Forwarding findElements on session 7f96e7e36b9f10a8b5acad60a25246de to remote] DEBUG org.asynchttpclient.netty.request.NettyRequestSender - Using pooled Channel '[id: 0x1681981a, L:/127.0.0.1:61476 - R:localhost/127.0.0.1:6896]' for 'POST' to 'http://localhost:6896/session/7f96e7e36b9f10a8b5acad60a25246de/elements'
11:36:46.335 [Forwarding findElements on session 7f96e7e36b9f10a8b5acad60a25246de to remote] DEBUG org.asynchttpclient.netty.request.NettyRequestSender - Using open Channel [id: 0x1681981a, L:/127.0.0.1:61476 - R:localhost/127.0.0.1:6896] for POST '/session/7f96e7e36b9f10a8b5acad60a25246de/elements'
11:36:46.344 [AsyncHttpClient-1-8] DEBUG org.asynchttpclient.netty.handler.HttpHandler - 

Request DefaultHttpRequest(decodeResult: success, version: HTTP/1.1)
POST /session/7f96e7e36b9f10a8b5acad60a25246de/elements HTTP/1.1
User-Agent: selenium/4.8.0 (java windows)
Content-Length: 111
Content-Type: application/json; charset=utf-8
host: localhost:6896
accept: */*

Response DefaultHttpResponse(decodeResult: success, version: HTTP/1.1)
HTTP/1.1 200 OK
Content-Length: 527
Content-Type: application/json; charset=utf-8
cache-control: no-cache

11:36:46.344 [AsyncHttpClient-1-8] DEBUG org.asynchttpclient.netty.channel.ChannelManager - Adding key: http://localhost:6896 for channel [id: 0x1681981a, L:/127.0.0.1:61476 - R:localhost/127.0.0.1:6896]
11:36:46.344 [Forwarding findElements on session 7f96e7e36b9f10a8b5acad60a25246de to remote] DEBUG org.asynchttpclient.netty.request.NettyRequestSender - Using pooled Channel '[id: 0x1681981a, L:/127.0.0.1:61476 - R:localhost/127.0.0.1:6896]' for 'POST' to 'http://localhost:6896/session/7f96e7e36b9f10a8b5acad60a25246de/elements'
11:36:46.344 [Forwarding findElements on session 7f96e7e36b9f10a8b5acad60a25246de to remote] DEBUG org.asynchttpclient.netty.request.NettyRequestSender - Using open Channel [id: 0x1681981a, L:/127.0.0.1:61476 - R:localhost/127.0.0.1:6896] for POST '/session/7f96e7e36b9f10a8b5acad60a25246de/elements'
11:36:46.351 [AsyncHttpClient-1-8] DEBUG org.asynchttpclient.netty.handler.HttpHandler - 

Request DefaultHttpRequest(decodeResult: success, version: HTTP/1.1)
POST /session/7f96e7e36b9f10a8b5acad60a25246de/elements HTTP/1.1
User-Agent: selenium/4.8.0 (java windows)
Content-Length: 111
Content-Type: application/json; charset=utf-8
host: localhost:6896
accept: */*

Response DefaultHttpResponse(decodeResult: success, version: HTTP/1.1)
HTTP/1.1 200 OK
Content-Length: 527
Content-Type: application/json; charset=utf-8
cache-control: no-cache

11:36:46.351 [AsyncHttpClient-1-8] DEBUG org.asynchttpclient.netty.channel.ChannelManager - Adding key: http://localhost:6896 for channel [id: 0x1681981a, L:/127.0.0.1:61476 - R:localhost/127.0.0.1:6896]
11:36:46.353 [Forwarding getElementText on session 7f96e7e36b9f10a8b5acad60a25246de to remote] DEBUG org.asynchttpclient.netty.request.NettyRequestSender - Using pooled Channel '[id: 0x1681981a, L:/127.0.0.1:61476 - R:localhost/127.0.0.1:6896]' for 'GET' to 'http://localhost:6896/session/7f96e7e36b9f10a8b5acad60a25246de/element/6FF2D42796E1B5636833727143D40385_element_35/text'
11:36:46.353 [Forwarding getElementText on session 7f96e7e36b9f10a8b5acad60a25246de to remote] DEBUG org.asynchttpclient.netty.request.NettyRequestSender - Using open Channel [id: 0x1681981a, L:/127.0.0.1:61476 - R:localhost/127.0.0.1:6896] for GET '/session/7f96e7e36b9f10a8b5acad60a25246de/element/6FF2D42796E1B5636833727143D40385_element_35/text'
11:36:46.362 [AsyncHttpClient-1-8] DEBUG org.asynchttpclient.netty.handler.HttpHandler - 

Request DefaultFullHttpRequest(decodeResult: success, version: HTTP/1.1, content: EmptyByteBufBE)
GET /session/7f96e7e36b9f10a8b5acad60a25246de/element/6FF2D42796E1B5636833727143D40385_element_35/text HTTP/1.1
User-Agent: selenium/4.8.0 (java windows)
Cache-Control: no-cache
Content-Type: application/json; charset=utf-8
host: localhost:6896
accept: */*

Response DefaultHttpResponse(decodeResult: success, version: HTTP/1.1)
HTTP/1.1 200 OK
Content-Length: 45
Content-Type: application/json; charset=utf-8
cache-control: no-cache

11:36:46.362 [AsyncHttpClient-1-8] DEBUG org.asynchttpclient.netty.channel.ChannelManager - Adding key: http://localhost:6896 for channel [id: 0x1681981a, L:/127.0.0.1:61476 - R:localhost/127.0.0.1:6896]
11:36:46.363 [Forwarding findElements on session 7f96e7e36b9f10a8b5acad60a25246de to remote] DEBUG org.asynchttpclient.netty.request.NettyRequestSender - Using pooled Channel '[id: 0x1681981a, L:/127.0.0.1:61476 - R:localhost/127.0.0.1:6896]' for 'POST' to 'http://localhost:6896/session/7f96e7e36b9f10a8b5acad60a25246de/elements'
11:36:46.363 [Forwarding findElements on session 7f96e7e36b9f10a8b5acad60a25246de to remote] DEBUG org.asynchttpclient.netty.request.NettyRequestSender - Using open Channel [id: 0x1681981a, L:/127.0.0.1:61476 - R:localhost/127.0.0.1:6896] for POST '/session/7f96e7e36b9f10a8b5acad60a25246de/elements'
11:36:46.372 [AsyncHttpClient-1-8] DEBUG org.asynchttpclient.netty.handler.HttpHandler - 

Request DefaultHttpRequest(decodeResult: success, version: HTTP/1.1)
POST /session/7f96e7e36b9f10a8b5acad60a25246de/elements HTTP/1.1
User-Agent: selenium/4.8.0 (java windows)
Content-Length: 111
Content-Type: application/json; charset=utf-8
host: localhost:6896
accept: */*

Response DefaultHttpResponse(decodeResult: success, version: HTTP/1.1)
HTTP/1.1 200 OK
Content-Length: 527
Content-Type: application/json; charset=utf-8
cache-control: no-cache

11:36:46.372 [AsyncHttpClient-1-8] DEBUG org.asynchttpclient.netty.channel.ChannelManager - Adding key: http://localhost:6896 for channel [id: 0x1681981a, L:/127.0.0.1:61476 - R:localhost/127.0.0.1:6896]
11:36:46.373 [Forwarding getElementText on session 7f96e7e36b9f10a8b5acad60a25246de to remote] DEBUG org.asynchttpclient.netty.request.NettyRequestSender - Using pooled Channel '[id: 0x1681981a, L:/127.0.0.1:61476 - R:localhost/127.0.0.1:6896]' for 'GET' to 'http://localhost:6896/session/7f96e7e36b9f10a8b5acad60a25246de/element/6FF2D42796E1B5636833727143D40385_element_35/text'
11:36:46.373 [Forwarding getElementText on session 7f96e7e36b9f10a8b5acad60a25246de to remote] DEBUG org.asynchttpclient.netty.request.NettyRequestSender - Using open Channel [id: 0x1681981a, L:/127.0.0.1:61476 - R:localhost/127.0.0.1:6896] for GET '/session/7f96e7e36b9f10a8b5acad60a25246de/element/6FF2D42796E1B5636833727143D40385_element_35/text'
11:36:46.382 [AsyncHttpClient-1-8] DEBUG org.asynchttpclient.netty.handler.HttpHandler - 

Request DefaultFullHttpRequest(decodeResult: success, version: HTTP/1.1, content: EmptyByteBufBE)
GET /session/7f96e7e36b9f10a8b5acad60a25246de/element/6FF2D42796E1B5636833727143D40385_element_35/text HTTP/1.1
User-Agent: selenium/4.8.0 (java windows)
Cache-Control: no-cache
Content-Type: application/json; charset=utf-8
host: localhost:6896
accept: */*

Response DefaultHttpResponse(decodeResult: success, version: HTTP/1.1)
HTTP/1.1 200 OK
Content-Length: 45
Content-Type: application/json; charset=utf-8
cache-control: no-cache

11:36:46.382 [AsyncHttpClient-1-8] DEBUG org.asynchttpclient.netty.channel.ChannelManager - Adding key: http://localhost:6896 for channel [id: 0x1681981a, L:/127.0.0.1:61476 - R:localhost/127.0.0.1:6896]
11:36:46.382 [main] INFO  com.swaglabs.base.SetUp - Test.allTheThings() T-Shirt (Red) validated Passed
11:36:46.383 [Forwarding findElements on session 7f96e7e36b9f10a8b5acad60a25246de to remote] DEBUG org.asynchttpclient.netty.request.NettyRequestSender - Using pooled Channel '[id: 0x1681981a, L:/127.0.0.1:61476 - R:localhost/127.0.0.1:6896]' for 'POST' to 'http://localhost:6896/session/7f96e7e36b9f10a8b5acad60a25246de/elements'
11:36:46.383 [Forwarding findElements on session 7f96e7e36b9f10a8b5acad60a25246de to remote] DEBUG org.asynchttpclient.netty.request.NettyRequestSender - Using open Channel [id: 0x1681981a, L:/127.0.0.1:61476 - R:localhost/127.0.0.1:6896] for POST '/session/7f96e7e36b9f10a8b5acad60a25246de/elements'
11:36:46.392 [AsyncHttpClient-1-8] DEBUG org.asynchttpclient.netty.handler.HttpHandler - 

Request DefaultHttpRequest(decodeResult: success, version: HTTP/1.1)
POST /session/7f96e7e36b9f10a8b5acad60a25246de/elements HTTP/1.1
User-Agent: selenium/4.8.0 (java windows)
Content-Length: 111
Content-Type: application/json; charset=utf-8
host: localhost:6896
accept: */*

Response DefaultHttpResponse(decodeResult: success, version: HTTP/1.1)
HTTP/1.1 200 OK
Content-Length: 527
Content-Type: application/json; charset=utf-8
cache-control: no-cache

11:36:46.392 [AsyncHttpClient-1-8] DEBUG org.asynchttpclient.netty.channel.ChannelManager - Adding key: http://localhost:6896 for channel [id: 0x1681981a, L:/127.0.0.1:61476 - R:localhost/127.0.0.1:6896]
11:36:46.393 [Forwarding getElementText on session 7f96e7e36b9f10a8b5acad60a25246de to remote] DEBUG org.asynchttpclient.netty.request.NettyRequestSender - Using pooled Channel '[id: 0x1681981a, L:/127.0.0.1:61476 - R:localhost/127.0.0.1:6896]' for 'GET' to 'http://localhost:6896/session/7f96e7e36b9f10a8b5acad60a25246de/element/6FF2D42796E1B5636833727143D40385_element_35/text'
11:36:46.393 [Forwarding getElementText on session 7f96e7e36b9f10a8b5acad60a25246de to remote] DEBUG org.asynchttpclient.netty.request.NettyRequestSender - Using open Channel [id: 0x1681981a, L:/127.0.0.1:61476 - R:localhost/127.0.0.1:6896] for GET '/session/7f96e7e36b9f10a8b5acad60a25246de/element/6FF2D42796E1B5636833727143D40385_element_35/text'
11:36:46.401 [AsyncHttpClient-1-8] DEBUG org.asynchttpclient.netty.handler.HttpHandler - 

Request DefaultFullHttpRequest(decodeResult: success, version: HTTP/1.1, content: EmptyByteBufBE)
GET /session/7f96e7e36b9f10a8b5acad60a25246de/element/6FF2D42796E1B5636833727143D40385_element_35/text HTTP/1.1
User-Agent: selenium/4.8.0 (java windows)
Cache-Control: no-cache
Content-Type: application/json; charset=utf-8
host: localhost:6896
accept: */*

Response DefaultHttpResponse(decodeResult: success, version: HTTP/1.1)
HTTP/1.1 200 OK
Content-Length: 45
Content-Type: application/json; charset=utf-8
cache-control: no-cache

11:36:46.402 [AsyncHttpClient-1-8] DEBUG org.asynchttpclient.netty.channel.ChannelManager - Adding key: http://localhost:6896 for channel [id: 0x1681981a, L:/127.0.0.1:61476 - R:localhost/127.0.0.1:6896]
11:36:46.409 [Forwarding getAlertText on session 7f96e7e36b9f10a8b5acad60a25246de to remote] DEBUG org.asynchttpclient.netty.request.NettyRequestSender - Using pooled Channel '[id: 0x1681981a, L:/127.0.0.1:61476 - R:localhost/127.0.0.1:6896]' for 'GET' to 'http://localhost:6896/session/7f96e7e36b9f10a8b5acad60a25246de/alert/text'
11:36:46.409 [Forwarding getAlertText on session 7f96e7e36b9f10a8b5acad60a25246de to remote] DEBUG org.asynchttpclient.netty.request.NettyRequestSender - Using open Channel [id: 0x1681981a, L:/127.0.0.1:61476 - R:localhost/127.0.0.1:6896] for GET '/session/7f96e7e36b9f10a8b5acad60a25246de/alert/text'
11:36:46.411 [AsyncHttpClient-1-8] DEBUG org.asynchttpclient.netty.handler.HttpHandler - 

Request DefaultFullHttpRequest(decodeResult: success, version: HTTP/1.1, content: EmptyByteBufBE)
GET /session/7f96e7e36b9f10a8b5acad60a25246de/alert/text HTTP/1.1
User-Agent: selenium/4.8.0 (java windows)
Cache-Control: no-cache
Content-Type: application/json; charset=utf-8
host: localhost:6896
accept: */*

Response DefaultHttpResponse(decodeResult: success, version: HTTP/1.1)
HTTP/1.1 404 Not Found
Content-Length: 1522
Content-Type: application/json; charset=utf-8
cache-control: no-cache

11:36:46.411 [AsyncHttpClient-1-8] DEBUG org.asynchttpclient.netty.channel.ChannelManager - Adding key: http://localhost:6896 for channel [id: 0x1681981a, L:/127.0.0.1:61476 - R:localhost/127.0.0.1:6896]
11:36:46.412 [Forwarding getCurrentUrl on session 7f96e7e36b9f10a8b5acad60a25246de to remote] DEBUG org.asynchttpclient.netty.request.NettyRequestSender - Using pooled Channel '[id: 0x1681981a, L:/127.0.0.1:61476 - R:localhost/127.0.0.1:6896]' for 'GET' to 'http://localhost:6896/session/7f96e7e36b9f10a8b5acad60a25246de/url'
11:36:46.412 [Forwarding getCurrentUrl on session 7f96e7e36b9f10a8b5acad60a25246de to remote] DEBUG org.asynchttpclient.netty.request.NettyRequestSender - Using open Channel [id: 0x1681981a, L:/127.0.0.1:61476 - R:localhost/127.0.0.1:6896] for GET '/session/7f96e7e36b9f10a8b5acad60a25246de/url'
11:36:46.416 [AsyncHttpClient-1-8] DEBUG org.asynchttpclient.netty.handler.HttpHandler - 

Request DefaultFullHttpRequest(decodeResult: success, version: HTTP/1.1, content: EmptyByteBufBE)
GET /session/7f96e7e36b9f10a8b5acad60a25246de/url HTTP/1.1
User-Agent: selenium/4.8.0 (java windows)
Cache-Control: no-cache
Content-Type: application/json; charset=utf-8
host: localhost:6896
accept: */*

Response DefaultHttpResponse(decodeResult: success, version: HTTP/1.1)
HTTP/1.1 200 OK
Content-Length: 52
Content-Type: application/json; charset=utf-8
cache-control: no-cache

11:36:46.416 [AsyncHttpClient-1-8] DEBUG org.asynchttpclient.netty.channel.ChannelManager - Adding key: http://localhost:6896 for channel [id: 0x1681981a, L:/127.0.0.1:61476 - R:localhost/127.0.0.1:6896]
11:36:46.417 [Forwarding screenshot on session 7f96e7e36b9f10a8b5acad60a25246de to remote] DEBUG org.asynchttpclient.netty.request.NettyRequestSender - Using pooled Channel '[id: 0x1681981a, L:/127.0.0.1:61476 - R:localhost/127.0.0.1:6896]' for 'GET' to 'http://localhost:6896/session/7f96e7e36b9f10a8b5acad60a25246de/screenshot'
11:36:46.417 [Forwarding screenshot on session 7f96e7e36b9f10a8b5acad60a25246de to remote] DEBUG org.asynchttpclient.netty.request.NettyRequestSender - Using open Channel [id: 0x1681981a, L:/127.0.0.1:61476 - R:localhost/127.0.0.1:6896] for GET '/session/7f96e7e36b9f10a8b5acad60a25246de/screenshot'
11:36:46.599 [AsyncHttpClient-1-8] DEBUG org.asynchttpclient.netty.handler.HttpHandler - 

Request DefaultFullHttpRequest(decodeResult: success, version: HTTP/1.1, content: EmptyByteBufBE)
GET /session/7f96e7e36b9f10a8b5acad60a25246de/screenshot HTTP/1.1
User-Agent: selenium/4.8.0 (java windows)
Cache-Control: no-cache
Content-Type: application/json; charset=utf-8
host: localhost:6896
accept: */*

Response DefaultHttpResponse(decodeResult: success, version: HTTP/1.1)
HTTP/1.1 200 OK
Content-Length: 491996
Content-Type: application/json; charset=utf-8
cache-control: no-cache

11:36:46.599 [AsyncHttpClient-1-8] DEBUG org.asynchttpclient.netty.channel.ChannelManager - Adding key: http://localhost:6896 for channel [id: 0x1681981a, L:/127.0.0.1:61476 - R:localhost/127.0.0.1:6896]
11:36:46.614 [main] DEBUG net.serenitybdd.core.photography.Darkroom - Send negative for processing for target\site\serenity\e2e1658dbf17dd38235036bcb4b11b28bea25c4c700cca4494c6df15b5599941.png
11:36:46.614 [main] DEBUG net.thucydides.core.steps.StepInterceptor - STEP DONE: validate filter product A to Z
11:36:46.622 [Forwarding getPageSource on session 7f96e7e36b9f10a8b5acad60a25246de to remote] DEBUG org.asynchttpclient.netty.request.NettyRequestSender - Using pooled Channel '[id: 0x1681981a, L:/127.0.0.1:61476 - R:localhost/127.0.0.1:6896]' for 'POST' to 'http://localhost:6896/session/7f96e7e36b9f10a8b5acad60a25246de/execute/sync'
11:36:46.622 [Forwarding getPageSource on session 7f96e7e36b9f10a8b5acad60a25246de to remote] DEBUG org.asynchttpclient.netty.request.NettyRequestSender - Using open Channel [id: 0x1681981a, L:/127.0.0.1:61476 - R:localhost/127.0.0.1:6896] for POST '/session/7f96e7e36b9f10a8b5acad60a25246de/execute/sync'
11:36:46.630 [AsyncHttpClient-1-8] DEBUG org.asynchttpclient.netty.handler.HttpHandler - 

Request DefaultHttpRequest(decodeResult: success, version: HTTP/1.1)
POST /session/7f96e7e36b9f10a8b5acad60a25246de/execute/sync HTTP/1.1
User-Agent: selenium/4.8.0 (java windows)
Content-Length: 176
Content-Type: application/json; charset=utf-8
host: localhost:6896
accept: */*

Response DefaultHttpResponse(decodeResult: success, version: HTTP/1.1)
HTTP/1.1 200 OK
Content-Length: 16392
Content-Type: application/json; charset=utf-8
cache-control: no-cache

11:36:46.630 [AsyncHttpClient-1-8] DEBUG org.asynchttpclient.netty.channel.ChannelManager - Adding key: http://localhost:6896 for channel [id: 0x1681981a, L:/127.0.0.1:61476 - R:localhost/127.0.0.1:6896]
11:36:46.632 [Forwarding getCurrentUrl on session 7f96e7e36b9f10a8b5acad60a25246de to remote] DEBUG org.asynchttpclient.netty.request.NettyRequestSender - Using pooled Channel '[id: 0x1681981a, L:/127.0.0.1:61476 - R:localhost/127.0.0.1:6896]' for 'GET' to 'http://localhost:6896/session/7f96e7e36b9f10a8b5acad60a25246de/url'
11:36:46.632 [Forwarding getCurrentUrl on session 7f96e7e36b9f10a8b5acad60a25246de to remote] DEBUG org.asynchttpclient.netty.request.NettyRequestSender - Using open Channel [id: 0x1681981a, L:/127.0.0.1:61476 - R:localhost/127.0.0.1:6896] for GET '/session/7f96e7e36b9f10a8b5acad60a25246de/url'
11:36:46.638 [AsyncHttpClient-1-8] DEBUG org.asynchttpclient.netty.handler.HttpHandler - 

Request DefaultFullHttpRequest(decodeResult: success, version: HTTP/1.1, content: EmptyByteBufBE)
GET /session/7f96e7e36b9f10a8b5acad60a25246de/url HTTP/1.1
User-Agent: selenium/4.8.0 (java windows)
Cache-Control: no-cache
Content-Type: application/json; charset=utf-8
host: localhost:6896
accept: */*

Response DefaultHttpResponse(decodeResult: success, version: HTTP/1.1)
HTTP/1.1 200 OK
Content-Length: 52
Content-Type: application/json; charset=utf-8
cache-control: no-cache

11:36:46.638 [AsyncHttpClient-1-8] DEBUG org.asynchttpclient.netty.channel.ChannelManager - Adding key: http://localhost:6896 for channel [id: 0x1681981a, L:/127.0.0.1:61476 - R:localhost/127.0.0.1:6896]
11:36:46.646 [main] DEBUG net.thucydides.core.steps.StepInterceptor - STARTING STEP: InventoryPageSteps.test5_validateSortinLogicInFilter - choose filter option Z to A
11:36:46.650 [Forwarding findElement on session 7f96e7e36b9f10a8b5acad60a25246de to remote] DEBUG org.asynchttpclient.netty.request.NettyRequestSender - Using pooled Channel '[id: 0x1681981a, L:/127.0.0.1:61476 - R:localhost/127.0.0.1:6896]' for 'POST' to 'http://localhost:6896/session/7f96e7e36b9f10a8b5acad60a25246de/element'
11:36:46.650 [Forwarding findElement on session 7f96e7e36b9f10a8b5acad60a25246de to remote] DEBUG org.asynchttpclient.netty.request.NettyRequestSender - Using open Channel [id: 0x1681981a, L:/127.0.0.1:61476 - R:localhost/127.0.0.1:6896] for POST '/session/7f96e7e36b9f10a8b5acad60a25246de/element'
11:36:46.662 [AsyncHttpClient-1-8] DEBUG org.asynchttpclient.netty.handler.HttpHandler - 

Request DefaultHttpRequest(decodeResult: success, version: HTTP/1.1)
POST /session/7f96e7e36b9f10a8b5acad60a25246de/element HTTP/1.1
User-Agent: selenium/4.8.0 (java windows)
Content-Length: 88
Content-Type: application/json; charset=utf-8
host: localhost:6896
accept: */*

Response DefaultHttpResponse(decodeResult: success, version: HTTP/1.1)
HTTP/1.1 200 OK
Content-Length: 95
Content-Type: application/json; charset=utf-8
cache-control: no-cache

11:36:46.662 [AsyncHttpClient-1-8] DEBUG org.asynchttpclient.netty.channel.ChannelManager - Adding key: http://localhost:6896 for channel [id: 0x1681981a, L:/127.0.0.1:61476 - R:localhost/127.0.0.1:6896]
11:36:46.665 [Forwarding isElementDisplayed on session 7f96e7e36b9f10a8b5acad60a25246de to remote] DEBUG org.asynchttpclient.netty.request.NettyRequestSender - Using pooled Channel '[id: 0x1681981a, L:/127.0.0.1:61476 - R:localhost/127.0.0.1:6896]' for 'POST' to 'http://localhost:6896/session/7f96e7e36b9f10a8b5acad60a25246de/execute/sync'
11:36:46.665 [Forwarding isElementDisplayed on session 7f96e7e36b9f10a8b5acad60a25246de to remote] DEBUG org.asynchttpclient.netty.request.NettyRequestSender - Using open Channel [id: 0x1681981a, L:/127.0.0.1:61476 - R:localhost/127.0.0.1:6896] for POST '/session/7f96e7e36b9f10a8b5acad60a25246de/execute/sync'
11:36:46.675 [AsyncHttpClient-1-8] DEBUG org.asynchttpclient.netty.handler.HttpHandler - 

Request DefaultHttpRequest(decodeResult: success, version: HTTP/1.1)
POST /session/7f96e7e36b9f10a8b5acad60a25246de/execute/sync HTTP/1.1
User-Agent: selenium/4.8.0 (java windows)
Content-Length: 48814
Content-Type: application/json; charset=utf-8
host: localhost:6896
accept: */*

Response DefaultHttpResponse(decodeResult: success, version: HTTP/1.1)
HTTP/1.1 200 OK
Content-Length: 14
Content-Type: application/json; charset=utf-8
cache-control: no-cache

11:36:46.675 [AsyncHttpClient-1-8] DEBUG org.asynchttpclient.netty.channel.ChannelManager - Adding key: http://localhost:6896 for channel [id: 0x1681981a, L:/127.0.0.1:61476 - R:localhost/127.0.0.1:6896]
11:36:46.675 [Forwarding getElementTagName on session 7f96e7e36b9f10a8b5acad60a25246de to remote] DEBUG org.asynchttpclient.netty.request.NettyRequestSender - Using pooled Channel '[id: 0x1681981a, L:/127.0.0.1:61476 - R:localhost/127.0.0.1:6896]' for 'GET' to 'http://localhost:6896/session/7f96e7e36b9f10a8b5acad60a25246de/element/6FF2D42796E1B5636833727143D40385_element_21/name'
11:36:46.675 [Forwarding getElementTagName on session 7f96e7e36b9f10a8b5acad60a25246de to remote] DEBUG org.asynchttpclient.netty.request.NettyRequestSender - Using open Channel [id: 0x1681981a, L:/127.0.0.1:61476 - R:localhost/127.0.0.1:6896] for GET '/session/7f96e7e36b9f10a8b5acad60a25246de/element/6FF2D42796E1B5636833727143D40385_element_21/name'
11:36:46.682 [AsyncHttpClient-1-8] DEBUG org.asynchttpclient.netty.handler.HttpHandler - 

Request DefaultFullHttpRequest(decodeResult: success, version: HTTP/1.1, content: EmptyByteBufBE)
GET /session/7f96e7e36b9f10a8b5acad60a25246de/element/6FF2D42796E1B5636833727143D40385_element_21/name HTTP/1.1
User-Agent: selenium/4.8.0 (java windows)
Cache-Control: no-cache
Content-Type: application/json; charset=utf-8
host: localhost:6896
accept: */*

Response DefaultHttpResponse(decodeResult: success, version: HTTP/1.1)
HTTP/1.1 200 OK
Content-Length: 18
Content-Type: application/json; charset=utf-8
cache-control: no-cache

11:36:46.682 [AsyncHttpClient-1-8] DEBUG org.asynchttpclient.netty.channel.ChannelManager - Adding key: http://localhost:6896 for channel [id: 0x1681981a, L:/127.0.0.1:61476 - R:localhost/127.0.0.1:6896]
11:36:46.683 [Forwarding getElementDomAttribute on session 7f96e7e36b9f10a8b5acad60a25246de to remote] DEBUG org.asynchttpclient.netty.request.NettyRequestSender - Using pooled Channel '[id: 0x1681981a, L:/127.0.0.1:61476 - R:localhost/127.0.0.1:6896]' for 'GET' to 'http://localhost:6896/session/7f96e7e36b9f10a8b5acad60a25246de/element/6FF2D42796E1B5636833727143D40385_element_21/attribute/multiple'
11:36:46.683 [Forwarding getElementDomAttribute on session 7f96e7e36b9f10a8b5acad60a25246de to remote] DEBUG org.asynchttpclient.netty.request.NettyRequestSender - Using open Channel [id: 0x1681981a, L:/127.0.0.1:61476 - R:localhost/127.0.0.1:6896] for GET '/session/7f96e7e36b9f10a8b5acad60a25246de/element/6FF2D42796E1B5636833727143D40385_element_21/attribute/multiple'
11:36:46.689 [AsyncHttpClient-1-8] DEBUG org.asynchttpclient.netty.handler.HttpHandler - 

Request DefaultFullHttpRequest(decodeResult: success, version: HTTP/1.1, content: EmptyByteBufBE)
GET /session/7f96e7e36b9f10a8b5acad60a25246de/element/6FF2D42796E1B5636833727143D40385_element_21/attribute/multiple HTTP/1.1
User-Agent: selenium/4.8.0 (java windows)
Cache-Control: no-cache
Content-Type: application/json; charset=utf-8
host: localhost:6896
accept: */*

Response DefaultHttpResponse(decodeResult: success, version: HTTP/1.1)
HTTP/1.1 200 OK
Content-Length: 14
Content-Type: application/json; charset=utf-8
cache-control: no-cache

11:36:46.689 [AsyncHttpClient-1-8] DEBUG org.asynchttpclient.netty.channel.ChannelManager - Adding key: http://localhost:6896 for channel [id: 0x1681981a, L:/127.0.0.1:61476 - R:localhost/127.0.0.1:6896]
11:36:46.689 [Forwarding isElementEnabled on session 7f96e7e36b9f10a8b5acad60a25246de to remote] DEBUG org.asynchttpclient.netty.request.NettyRequestSender - Using pooled Channel '[id: 0x1681981a, L:/127.0.0.1:61476 - R:localhost/127.0.0.1:6896]' for 'GET' to 'http://localhost:6896/session/7f96e7e36b9f10a8b5acad60a25246de/element/6FF2D42796E1B5636833727143D40385_element_21/enabled'
11:36:46.689 [Forwarding isElementEnabled on session 7f96e7e36b9f10a8b5acad60a25246de to remote] DEBUG org.asynchttpclient.netty.request.NettyRequestSender - Using open Channel [id: 0x1681981a, L:/127.0.0.1:61476 - R:localhost/127.0.0.1:6896] for GET '/session/7f96e7e36b9f10a8b5acad60a25246de/element/6FF2D42796E1B5636833727143D40385_element_21/enabled'
11:36:46.699 [AsyncHttpClient-1-8] DEBUG org.asynchttpclient.netty.handler.HttpHandler - 

Request DefaultFullHttpRequest(decodeResult: success, version: HTTP/1.1, content: EmptyByteBufBE)
GET /session/7f96e7e36b9f10a8b5acad60a25246de/element/6FF2D42796E1B5636833727143D40385_element_21/enabled HTTP/1.1
User-Agent: selenium/4.8.0 (java windows)
Cache-Control: no-cache
Content-Type: application/json; charset=utf-8
host: localhost:6896
accept: */*

Response DefaultHttpResponse(decodeResult: success, version: HTTP/1.1)
HTTP/1.1 200 OK
Content-Length: 14
Content-Type: application/json; charset=utf-8
cache-control: no-cache

11:36:46.699 [AsyncHttpClient-1-8] DEBUG org.asynchttpclient.netty.channel.ChannelManager - Adding key: http://localhost:6896 for channel [id: 0x1681981a, L:/127.0.0.1:61476 - R:localhost/127.0.0.1:6896]
11:36:46.701 [Forwarding findChildElements on session 7f96e7e36b9f10a8b5acad60a25246de to remote] DEBUG org.asynchttpclient.netty.request.NettyRequestSender - Using pooled Channel '[id: 0x1681981a, L:/127.0.0.1:61476 - R:localhost/127.0.0.1:6896]' for 'POST' to 'http://localhost:6896/session/7f96e7e36b9f10a8b5acad60a25246de/element/6FF2D42796E1B5636833727143D40385_element_21/elements'
11:36:46.701 [Forwarding findChildElements on session 7f96e7e36b9f10a8b5acad60a25246de to remote] DEBUG org.asynchttpclient.netty.request.NettyRequestSender - Using open Channel [id: 0x1681981a, L:/127.0.0.1:61476 - R:localhost/127.0.0.1:6896] for POST '/session/7f96e7e36b9f10a8b5acad60a25246de/element/6FF2D42796E1B5636833727143D40385_element_21/elements'
11:36:46.715 [AsyncHttpClient-1-8] DEBUG org.asynchttpclient.netty.handler.HttpHandler - 

Request DefaultHttpRequest(decodeResult: success, version: HTTP/1.1)
POST /session/7f96e7e36b9f10a8b5acad60a25246de/element/6FF2D42796E1B5636833727143D40385_element_21/elements HTTP/1.1
User-Agent: selenium/4.8.0 (java windows)
Content-Length: 101
Content-Type: application/json; charset=utf-8
host: localhost:6896
accept: */*

Response DefaultHttpResponse(decodeResult: success, version: HTTP/1.1)
HTTP/1.1 200 OK
Content-Length: 355
Content-Type: application/json; charset=utf-8
cache-control: no-cache

11:36:46.715 [AsyncHttpClient-1-8] DEBUG org.asynchttpclient.netty.channel.ChannelManager - Adding key: http://localhost:6896 for channel [id: 0x1681981a, L:/127.0.0.1:61476 - R:localhost/127.0.0.1:6896]
11:36:46.716 [Forwarding getElementAttribute on session 7f96e7e36b9f10a8b5acad60a25246de to remote] DEBUG org.asynchttpclient.netty.request.NettyRequestSender - Using pooled Channel '[id: 0x1681981a, L:/127.0.0.1:61476 - R:localhost/127.0.0.1:6896]' for 'POST' to 'http://localhost:6896/session/7f96e7e36b9f10a8b5acad60a25246de/execute/sync'
11:36:46.716 [Forwarding getElementAttribute on session 7f96e7e36b9f10a8b5acad60a25246de to remote] DEBUG org.asynchttpclient.netty.request.NettyRequestSender - Using open Channel [id: 0x1681981a, L:/127.0.0.1:61476 - R:localhost/127.0.0.1:6896] for POST '/session/7f96e7e36b9f10a8b5acad60a25246de/execute/sync'
11:36:46.730 [AsyncHttpClient-1-8] DEBUG org.asynchttpclient.netty.handler.HttpHandler - 

Request DefaultHttpRequest(decodeResult: success, version: HTTP/1.1)
POST /session/7f96e7e36b9f10a8b5acad60a25246de/execute/sync HTTP/1.1
User-Agent: selenium/4.8.0 (java windows)
Content-Length: 47375
Content-Type: application/json; charset=utf-8
host: localhost:6896
accept: */*

Response DefaultHttpResponse(decodeResult: success, version: HTTP/1.1)
HTTP/1.1 200 OK
Content-Length: 13
Content-Type: application/json; charset=utf-8
cache-control: no-cache

11:36:46.730 [AsyncHttpClient-1-8] DEBUG org.asynchttpclient.netty.channel.ChannelManager - Adding key: http://localhost:6896 for channel [id: 0x1681981a, L:/127.0.0.1:61476 - R:localhost/127.0.0.1:6896]
11:36:46.732 [Forwarding getElementAttribute on session 7f96e7e36b9f10a8b5acad60a25246de to remote] DEBUG org.asynchttpclient.netty.request.NettyRequestSender - Using pooled Channel '[id: 0x1681981a, L:/127.0.0.1:61476 - R:localhost/127.0.0.1:6896]' for 'POST' to 'http://localhost:6896/session/7f96e7e36b9f10a8b5acad60a25246de/execute/sync'
11:36:46.732 [Forwarding getElementAttribute on session 7f96e7e36b9f10a8b5acad60a25246de to remote] DEBUG org.asynchttpclient.netty.request.NettyRequestSender - Using open Channel [id: 0x1681981a, L:/127.0.0.1:61476 - R:localhost/127.0.0.1:6896] for POST '/session/7f96e7e36b9f10a8b5acad60a25246de/execute/sync'
11:36:46.746 [AsyncHttpClient-1-8] DEBUG org.asynchttpclient.netty.handler.HttpHandler - 

Request DefaultHttpRequest(decodeResult: success, version: HTTP/1.1)
POST /session/7f96e7e36b9f10a8b5acad60a25246de/execute/sync HTTP/1.1
User-Agent: selenium/4.8.0 (java windows)
Content-Length: 47375
Content-Type: application/json; charset=utf-8
host: localhost:6896
accept: */*

Response DefaultHttpResponse(decodeResult: success, version: HTTP/1.1)
HTTP/1.1 200 OK
Content-Length: 13
Content-Type: application/json; charset=utf-8
cache-control: no-cache

11:36:46.746 [AsyncHttpClient-1-8] DEBUG org.asynchttpclient.netty.channel.ChannelManager - Adding key: http://localhost:6896 for channel [id: 0x1681981a, L:/127.0.0.1:61476 - R:localhost/127.0.0.1:6896]
11:36:46.747 [Forwarding isElementEnabled on session 7f96e7e36b9f10a8b5acad60a25246de to remote] DEBUG org.asynchttpclient.netty.request.NettyRequestSender - Using pooled Channel '[id: 0x1681981a, L:/127.0.0.1:61476 - R:localhost/127.0.0.1:6896]' for 'GET' to 'http://localhost:6896/session/7f96e7e36b9f10a8b5acad60a25246de/element/6FF2D42796E1B5636833727143D40385_element_49/enabled'
11:36:46.747 [Forwarding isElementEnabled on session 7f96e7e36b9f10a8b5acad60a25246de to remote] DEBUG org.asynchttpclient.netty.request.NettyRequestSender - Using open Channel [id: 0x1681981a, L:/127.0.0.1:61476 - R:localhost/127.0.0.1:6896] for GET '/session/7f96e7e36b9f10a8b5acad60a25246de/element/6FF2D42796E1B5636833727143D40385_element_49/enabled'
11:36:46.754 [AsyncHttpClient-1-8] DEBUG org.asynchttpclient.netty.handler.HttpHandler - 

Request DefaultFullHttpRequest(decodeResult: success, version: HTTP/1.1, content: EmptyByteBufBE)
GET /session/7f96e7e36b9f10a8b5acad60a25246de/element/6FF2D42796E1B5636833727143D40385_element_49/enabled HTTP/1.1
User-Agent: selenium/4.8.0 (java windows)
Cache-Control: no-cache
Content-Type: application/json; charset=utf-8
host: localhost:6896
accept: */*

Response DefaultHttpResponse(decodeResult: success, version: HTTP/1.1)
HTTP/1.1 200 OK
Content-Length: 14
Content-Type: application/json; charset=utf-8
cache-control: no-cache

11:36:46.754 [AsyncHttpClient-1-8] DEBUG org.asynchttpclient.netty.channel.ChannelManager - Adding key: http://localhost:6896 for channel [id: 0x1681981a, L:/127.0.0.1:61476 - R:localhost/127.0.0.1:6896]
11:36:46.755 [Forwarding isElementSelected on session 7f96e7e36b9f10a8b5acad60a25246de to remote] DEBUG org.asynchttpclient.netty.request.NettyRequestSender - Using pooled Channel '[id: 0x1681981a, L:/127.0.0.1:61476 - R:localhost/127.0.0.1:6896]' for 'GET' to 'http://localhost:6896/session/7f96e7e36b9f10a8b5acad60a25246de/element/6FF2D42796E1B5636833727143D40385_element_49/selected'
11:36:46.755 [Forwarding isElementSelected on session 7f96e7e36b9f10a8b5acad60a25246de to remote] DEBUG org.asynchttpclient.netty.request.NettyRequestSender - Using open Channel [id: 0x1681981a, L:/127.0.0.1:61476 - R:localhost/127.0.0.1:6896] for GET '/session/7f96e7e36b9f10a8b5acad60a25246de/element/6FF2D42796E1B5636833727143D40385_element_49/selected'
11:36:46.765 [AsyncHttpClient-1-8] DEBUG org.asynchttpclient.netty.handler.HttpHandler - 

Request DefaultFullHttpRequest(decodeResult: success, version: HTTP/1.1, content: EmptyByteBufBE)
GET /session/7f96e7e36b9f10a8b5acad60a25246de/element/6FF2D42796E1B5636833727143D40385_element_49/selected HTTP/1.1
User-Agent: selenium/4.8.0 (java windows)
Cache-Control: no-cache
Content-Type: application/json; charset=utf-8
host: localhost:6896
accept: */*

Response DefaultHttpResponse(decodeResult: success, version: HTTP/1.1)
HTTP/1.1 200 OK
Content-Length: 15
Content-Type: application/json; charset=utf-8
cache-control: no-cache

11:36:46.765 [AsyncHttpClient-1-8] DEBUG org.asynchttpclient.netty.channel.ChannelManager - Adding key: http://localhost:6896 for channel [id: 0x1681981a, L:/127.0.0.1:61476 - R:localhost/127.0.0.1:6896]
11:36:46.765 [Forwarding clickElement on session 7f96e7e36b9f10a8b5acad60a25246de to remote] DEBUG org.asynchttpclient.netty.request.NettyRequestSender - Using pooled Channel '[id: 0x1681981a, L:/127.0.0.1:61476 - R:localhost/127.0.0.1:6896]' for 'POST' to 'http://localhost:6896/session/7f96e7e36b9f10a8b5acad60a25246de/element/6FF2D42796E1B5636833727143D40385_element_49/click'
11:36:46.765 [Forwarding clickElement on session 7f96e7e36b9f10a8b5acad60a25246de to remote] DEBUG org.asynchttpclient.netty.request.NettyRequestSender - Using open Channel [id: 0x1681981a, L:/127.0.0.1:61476 - R:localhost/127.0.0.1:6896] for POST '/session/7f96e7e36b9f10a8b5acad60a25246de/element/6FF2D42796E1B5636833727143D40385_element_49/click'
11:36:47.233 [AsyncHttpClient-1-1] DEBUG org.asynchttpclient.netty.channel.DefaultChannelPool - Entry count for : http://localhost:61482 : 1
11:36:48.344 [AsyncHttpClient-1-1] DEBUG org.asynchttpclient.netty.channel.DefaultChannelPool - Entry count for : http://localhost:61482 : 1
11:36:49.446 [AsyncHttpClient-1-1] DEBUG org.asynchttpclient.netty.channel.DefaultChannelPool - Entry count for : http://localhost:61482 : 1
11:36:50.548 [AsyncHttpClient-1-1] DEBUG org.asynchttpclient.netty.channel.DefaultChannelPool - Entry count for : http://localhost:61482 : 1
11:36:51.634 [AsyncHttpClient-1-1] DEBUG org.asynchttpclient.netty.channel.DefaultChannelPool - Entry count for : http://localhost:61482 : 1
11:36:51.801 [AsyncHttpClient-1-8] DEBUG org.asynchttpclient.netty.handler.HttpHandler - 

Request DefaultHttpRequest(decodeResult: success, version: HTTP/1.1)
POST /session/7f96e7e36b9f10a8b5acad60a25246de/element/6FF2D42796E1B5636833727143D40385_element_49/click HTTP/1.1
User-Agent: selenium/4.8.0 (java windows)
Content-Length: 57
Content-Type: application/json; charset=utf-8
host: localhost:6896
accept: */*

Response DefaultHttpResponse(decodeResult: success, version: HTTP/1.1)
HTTP/1.1 200 OK
Content-Length: 14
Content-Type: application/json; charset=utf-8
cache-control: no-cache

11:36:51.801 [AsyncHttpClient-1-8] DEBUG org.asynchttpclient.netty.channel.ChannelManager - Adding key: http://localhost:6896 for channel [id: 0x1681981a, L:/127.0.0.1:61476 - R:localhost/127.0.0.1:6896]
11:36:51.810 [Forwarding getAlertText on session 7f96e7e36b9f10a8b5acad60a25246de to remote] DEBUG org.asynchttpclient.netty.request.NettyRequestSender - Using pooled Channel '[id: 0x1681981a, L:/127.0.0.1:61476 - R:localhost/127.0.0.1:6896]' for 'GET' to 'http://localhost:6896/session/7f96e7e36b9f10a8b5acad60a25246de/alert/text'
11:36:51.810 [Forwarding getAlertText on session 7f96e7e36b9f10a8b5acad60a25246de to remote] DEBUG org.asynchttpclient.netty.request.NettyRequestSender - Using open Channel [id: 0x1681981a, L:/127.0.0.1:61476 - R:localhost/127.0.0.1:6896] for GET '/session/7f96e7e36b9f10a8b5acad60a25246de/alert/text'
11:36:51.813 [AsyncHttpClient-1-8] DEBUG org.asynchttpclient.netty.handler.HttpHandler - 

Request DefaultFullHttpRequest(decodeResult: success, version: HTTP/1.1, content: EmptyByteBufBE)
GET /session/7f96e7e36b9f10a8b5acad60a25246de/alert/text HTTP/1.1
User-Agent: selenium/4.8.0 (java windows)
Cache-Control: no-cache
Content-Type: application/json; charset=utf-8
host: localhost:6896
accept: */*

Response DefaultHttpResponse(decodeResult: success, version: HTTP/1.1)
HTTP/1.1 404 Not Found
Content-Length: 1522
Content-Type: application/json; charset=utf-8
cache-control: no-cache

11:36:51.813 [AsyncHttpClient-1-8] DEBUG org.asynchttpclient.netty.channel.ChannelManager - Adding key: http://localhost:6896 for channel [id: 0x1681981a, L:/127.0.0.1:61476 - R:localhost/127.0.0.1:6896]
11:36:51.814 [Forwarding getCurrentUrl on session 7f96e7e36b9f10a8b5acad60a25246de to remote] DEBUG org.asynchttpclient.netty.request.NettyRequestSender - Using pooled Channel '[id: 0x1681981a, L:/127.0.0.1:61476 - R:localhost/127.0.0.1:6896]' for 'GET' to 'http://localhost:6896/session/7f96e7e36b9f10a8b5acad60a25246de/url'
11:36:51.814 [Forwarding getCurrentUrl on session 7f96e7e36b9f10a8b5acad60a25246de to remote] DEBUG org.asynchttpclient.netty.request.NettyRequestSender - Using open Channel [id: 0x1681981a, L:/127.0.0.1:61476 - R:localhost/127.0.0.1:6896] for GET '/session/7f96e7e36b9f10a8b5acad60a25246de/url'
11:36:51.818 [AsyncHttpClient-1-8] DEBUG org.asynchttpclient.netty.handler.HttpHandler - 

Request DefaultFullHttpRequest(decodeResult: success, version: HTTP/1.1, content: EmptyByteBufBE)
GET /session/7f96e7e36b9f10a8b5acad60a25246de/url HTTP/1.1
User-Agent: selenium/4.8.0 (java windows)
Cache-Control: no-cache
Content-Type: application/json; charset=utf-8
host: localhost:6896
accept: */*

Response DefaultHttpResponse(decodeResult: success, version: HTTP/1.1)
HTTP/1.1 200 OK
Content-Length: 52
Content-Type: application/json; charset=utf-8
cache-control: no-cache

11:36:51.818 [AsyncHttpClient-1-8] DEBUG org.asynchttpclient.netty.channel.ChannelManager - Adding key: http://localhost:6896 for channel [id: 0x1681981a, L:/127.0.0.1:61476 - R:localhost/127.0.0.1:6896]
11:36:51.818 [Forwarding screenshot on session 7f96e7e36b9f10a8b5acad60a25246de to remote] DEBUG org.asynchttpclient.netty.request.NettyRequestSender - Using pooled Channel '[id: 0x1681981a, L:/127.0.0.1:61476 - R:localhost/127.0.0.1:6896]' for 'GET' to 'http://localhost:6896/session/7f96e7e36b9f10a8b5acad60a25246de/screenshot'
11:36:51.818 [Forwarding screenshot on session 7f96e7e36b9f10a8b5acad60a25246de to remote] DEBUG org.asynchttpclient.netty.request.NettyRequestSender - Using open Channel [id: 0x1681981a, L:/127.0.0.1:61476 - R:localhost/127.0.0.1:6896] for GET '/session/7f96e7e36b9f10a8b5acad60a25246de/screenshot'
11:36:52.014 [AsyncHttpClient-1-8] DEBUG org.asynchttpclient.netty.handler.HttpHandler - 

Request DefaultFullHttpRequest(decodeResult: success, version: HTTP/1.1, content: EmptyByteBufBE)
GET /session/7f96e7e36b9f10a8b5acad60a25246de/screenshot HTTP/1.1
User-Agent: selenium/4.8.0 (java windows)
Cache-Control: no-cache
Content-Type: application/json; charset=utf-8
host: localhost:6896
accept: */*

Response DefaultHttpResponse(decodeResult: success, version: HTTP/1.1)
HTTP/1.1 200 OK
Content-Length: 486720
Content-Type: application/json; charset=utf-8
cache-control: no-cache

11:36:52.014 [AsyncHttpClient-1-8] DEBUG org.asynchttpclient.netty.channel.ChannelManager - Adding key: http://localhost:6896 for channel [id: 0x1681981a, L:/127.0.0.1:61476 - R:localhost/127.0.0.1:6896]
11:36:52.023 [main] DEBUG net.serenitybdd.core.photography.Darkroom - Send negative for processing for target\site\serenity\d68e977e81f6ce6e7fce98929bb00804bf3048a5bc1fd6bac5b4fcfde3757c83.png
11:36:52.023 [main] DEBUG net.thucydides.core.steps.StepInterceptor - STEP DONE: choose filter option Z to A
11:36:52.029 [Darkroom Processing Line] DEBUG net.serenitybdd.core.photography.DarkroomProcessingLine - Processing screenshot image in /var/screenshots/screenshot-17096556518026406838
11:36:52.029 [Darkroom Processing Line] DEBUG net.serenitybdd.core.photography.DarkroomProcessingLine - Saving screenshot to target\site\serenity\d68e977e81f6ce6e7fce98929bb00804bf3048a5bc1fd6bac5b4fcfde3757c83.png
11:36:52.030 [Forwarding getPageSource on session 7f96e7e36b9f10a8b5acad60a25246de to remote] DEBUG org.asynchttpclient.netty.request.NettyRequestSender - Using pooled Channel '[id: 0x1681981a, L:/127.0.0.1:61476 - R:localhost/127.0.0.1:6896]' for 'POST' to 'http://localhost:6896/session/7f96e7e36b9f10a8b5acad60a25246de/execute/sync'
11:36:52.030 [Forwarding getPageSource on session 7f96e7e36b9f10a8b5acad60a25246de to remote] DEBUG org.asynchttpclient.netty.request.NettyRequestSender - Using open Channel [id: 0x1681981a, L:/127.0.0.1:61476 - R:localhost/127.0.0.1:6896] for POST '/session/7f96e7e36b9f10a8b5acad60a25246de/execute/sync'
11:36:52.037 [AsyncHttpClient-1-8] DEBUG org.asynchttpclient.netty.handler.HttpHandler - 

Request DefaultHttpRequest(decodeResult: success, version: HTTP/1.1)
POST /session/7f96e7e36b9f10a8b5acad60a25246de/execute/sync HTTP/1.1
User-Agent: selenium/4.8.0 (java windows)
Content-Length: 176
Content-Type: application/json; charset=utf-8
host: localhost:6896
accept: */*

Response DefaultHttpResponse(decodeResult: success, version: HTTP/1.1)
HTTP/1.1 200 OK
Content-Length: 16392
Content-Type: application/json; charset=utf-8
cache-control: no-cache

11:36:52.037 [AsyncHttpClient-1-8] DEBUG org.asynchttpclient.netty.channel.ChannelManager - Adding key: http://localhost:6896 for channel [id: 0x1681981a, L:/127.0.0.1:61476 - R:localhost/127.0.0.1:6896]
11:36:52.040 [Forwarding getCurrentUrl on session 7f96e7e36b9f10a8b5acad60a25246de to remote] DEBUG org.asynchttpclient.netty.request.NettyRequestSender - Using pooled Channel '[id: 0x1681981a, L:/127.0.0.1:61476 - R:localhost/127.0.0.1:6896]' for 'GET' to 'http://localhost:6896/session/7f96e7e36b9f10a8b5acad60a25246de/url'
11:36:52.040 [Forwarding getCurrentUrl on session 7f96e7e36b9f10a8b5acad60a25246de to remote] DEBUG org.asynchttpclient.netty.request.NettyRequestSender - Using open Channel [id: 0x1681981a, L:/127.0.0.1:61476 - R:localhost/127.0.0.1:6896] for GET '/session/7f96e7e36b9f10a8b5acad60a25246de/url'
11:36:52.047 [AsyncHttpClient-1-8] DEBUG org.asynchttpclient.netty.handler.HttpHandler - 

Request DefaultFullHttpRequest(decodeResult: success, version: HTTP/1.1, content: EmptyByteBufBE)
GET /session/7f96e7e36b9f10a8b5acad60a25246de/url HTTP/1.1
User-Agent: selenium/4.8.0 (java windows)
Cache-Control: no-cache
Content-Type: application/json; charset=utf-8
host: localhost:6896
accept: */*

Response DefaultHttpResponse(decodeResult: success, version: HTTP/1.1)
HTTP/1.1 200 OK
Content-Length: 52
Content-Type: application/json; charset=utf-8
cache-control: no-cache

11:36:52.047 [AsyncHttpClient-1-8] DEBUG org.asynchttpclient.netty.channel.ChannelManager - Adding key: http://localhost:6896 for channel [id: 0x1681981a, L:/127.0.0.1:61476 - R:localhost/127.0.0.1:6896]
11:36:52.058 [main] DEBUG net.thucydides.core.steps.StepInterceptor - STARTING STEP: InventoryPageSteps.test5_validateSortinLogicInFilter - validate FilterProductZToA
11:36:52.059 [Forwarding findElements on session 7f96e7e36b9f10a8b5acad60a25246de to remote] DEBUG org.asynchttpclient.netty.request.NettyRequestSender - Using pooled Channel '[id: 0x1681981a, L:/127.0.0.1:61476 - R:localhost/127.0.0.1:6896]' for 'POST' to 'http://localhost:6896/session/7f96e7e36b9f10a8b5acad60a25246de/elements'
11:36:52.059 [Forwarding findElements on session 7f96e7e36b9f10a8b5acad60a25246de to remote] DEBUG org.asynchttpclient.netty.request.NettyRequestSender - Using open Channel [id: 0x1681981a, L:/127.0.0.1:61476 - R:localhost/127.0.0.1:6896] for POST '/session/7f96e7e36b9f10a8b5acad60a25246de/elements'
11:36:52.069 [AsyncHttpClient-1-8] DEBUG org.asynchttpclient.netty.handler.HttpHandler - 

Request DefaultHttpRequest(decodeResult: success, version: HTTP/1.1)
POST /session/7f96e7e36b9f10a8b5acad60a25246de/elements HTTP/1.1
User-Agent: selenium/4.8.0 (java windows)
Content-Length: 111
Content-Type: application/json; charset=utf-8
host: localhost:6896
accept: */*

Response DefaultHttpResponse(decodeResult: success, version: HTTP/1.1)
HTTP/1.1 200 OK
Content-Length: 527
Content-Type: application/json; charset=utf-8
cache-control: no-cache

11:36:52.069 [AsyncHttpClient-1-8] DEBUG org.asynchttpclient.netty.channel.ChannelManager - Adding key: http://localhost:6896 for channel [id: 0x1681981a, L:/127.0.0.1:61476 - R:localhost/127.0.0.1:6896]
11:36:52.070 [Forwarding findElements on session 7f96e7e36b9f10a8b5acad60a25246de to remote] DEBUG org.asynchttpclient.netty.request.NettyRequestSender - Using pooled Channel '[id: 0x1681981a, L:/127.0.0.1:61476 - R:localhost/127.0.0.1:6896]' for 'POST' to 'http://localhost:6896/session/7f96e7e36b9f10a8b5acad60a25246de/elements'
11:36:52.070 [Forwarding findElements on session 7f96e7e36b9f10a8b5acad60a25246de to remote] DEBUG org.asynchttpclient.netty.request.NettyRequestSender - Using open Channel [id: 0x1681981a, L:/127.0.0.1:61476 - R:localhost/127.0.0.1:6896] for POST '/session/7f96e7e36b9f10a8b5acad60a25246de/elements'
11:36:52.077 [AsyncHttpClient-1-8] DEBUG org.asynchttpclient.netty.handler.HttpHandler - 

Request DefaultHttpRequest(decodeResult: success, version: HTTP/1.1)
POST /session/7f96e7e36b9f10a8b5acad60a25246de/elements HTTP/1.1
User-Agent: selenium/4.8.0 (java windows)
Content-Length: 111
Content-Type: application/json; charset=utf-8
host: localhost:6896
accept: */*

Response DefaultHttpResponse(decodeResult: success, version: HTTP/1.1)
HTTP/1.1 200 OK
Content-Length: 527
Content-Type: application/json; charset=utf-8
cache-control: no-cache

11:36:52.077 [AsyncHttpClient-1-8] DEBUG org.asynchttpclient.netty.channel.ChannelManager - Adding key: http://localhost:6896 for channel [id: 0x1681981a, L:/127.0.0.1:61476 - R:localhost/127.0.0.1:6896]
11:36:52.078 [Forwarding getElementText on session 7f96e7e36b9f10a8b5acad60a25246de to remote] DEBUG org.asynchttpclient.netty.request.NettyRequestSender - Using pooled Channel '[id: 0x1681981a, L:/127.0.0.1:61476 - R:localhost/127.0.0.1:6896]' for 'GET' to 'http://localhost:6896/session/7f96e7e36b9f10a8b5acad60a25246de/element/6FF2D42796E1B5636833727143D40385_element_35/text'
11:36:52.078 [Forwarding getElementText on session 7f96e7e36b9f10a8b5acad60a25246de to remote] DEBUG org.asynchttpclient.netty.request.NettyRequestSender - Using open Channel [id: 0x1681981a, L:/127.0.0.1:61476 - R:localhost/127.0.0.1:6896] for GET '/session/7f96e7e36b9f10a8b5acad60a25246de/element/6FF2D42796E1B5636833727143D40385_element_35/text'
11:36:52.085 [AsyncHttpClient-1-8] DEBUG org.asynchttpclient.netty.handler.HttpHandler - 

Request DefaultFullHttpRequest(decodeResult: success, version: HTTP/1.1, content: EmptyByteBufBE)
GET /session/7f96e7e36b9f10a8b5acad60a25246de/element/6FF2D42796E1B5636833727143D40385_element_35/text HTTP/1.1
User-Agent: selenium/4.8.0 (java windows)
Cache-Control: no-cache
Content-Type: application/json; charset=utf-8
host: localhost:6896
accept: */*

Response DefaultHttpResponse(decodeResult: success, version: HTTP/1.1)
HTTP/1.1 200 OK
Content-Length: 45
Content-Type: application/json; charset=utf-8
cache-control: no-cache

11:36:52.085 [AsyncHttpClient-1-8] DEBUG org.asynchttpclient.netty.channel.ChannelManager - Adding key: http://localhost:6896 for channel [id: 0x1681981a, L:/127.0.0.1:61476 - R:localhost/127.0.0.1:6896]
11:36:52.086 [Forwarding findElements on session 7f96e7e36b9f10a8b5acad60a25246de to remote] DEBUG org.asynchttpclient.netty.request.NettyRequestSender - Using pooled Channel '[id: 0x1681981a, L:/127.0.0.1:61476 - R:localhost/127.0.0.1:6896]' for 'POST' to 'http://localhost:6896/session/7f96e7e36b9f10a8b5acad60a25246de/elements'
11:36:52.086 [Forwarding findElements on session 7f96e7e36b9f10a8b5acad60a25246de to remote] DEBUG org.asynchttpclient.netty.request.NettyRequestSender - Using open Channel [id: 0x1681981a, L:/127.0.0.1:61476 - R:localhost/127.0.0.1:6896] for POST '/session/7f96e7e36b9f10a8b5acad60a25246de/elements'
11:36:52.091 [AsyncHttpClient-1-8] DEBUG org.asynchttpclient.netty.handler.HttpHandler - 

Request DefaultHttpRequest(decodeResult: success, version: HTTP/1.1)
POST /session/7f96e7e36b9f10a8b5acad60a25246de/elements HTTP/1.1
User-Agent: selenium/4.8.0 (java windows)
Content-Length: 111
Content-Type: application/json; charset=utf-8
host: localhost:6896
accept: */*

Response DefaultHttpResponse(decodeResult: success, version: HTTP/1.1)
HTTP/1.1 200 OK
Content-Length: 527
Content-Type: application/json; charset=utf-8
cache-control: no-cache

11:36:52.091 [AsyncHttpClient-1-8] DEBUG org.asynchttpclient.netty.channel.ChannelManager - Adding key: http://localhost:6896 for channel [id: 0x1681981a, L:/127.0.0.1:61476 - R:localhost/127.0.0.1:6896]
11:36:52.092 [Forwarding getElementText on session 7f96e7e36b9f10a8b5acad60a25246de to remote] DEBUG org.asynchttpclient.netty.request.NettyRequestSender - Using pooled Channel '[id: 0x1681981a, L:/127.0.0.1:61476 - R:localhost/127.0.0.1:6896]' for 'GET' to 'http://localhost:6896/session/7f96e7e36b9f10a8b5acad60a25246de/element/6FF2D42796E1B5636833727143D40385_element_35/text'
11:36:52.092 [Forwarding getElementText on session 7f96e7e36b9f10a8b5acad60a25246de to remote] DEBUG org.asynchttpclient.netty.request.NettyRequestSender - Using open Channel [id: 0x1681981a, L:/127.0.0.1:61476 - R:localhost/127.0.0.1:6896] for GET '/session/7f96e7e36b9f10a8b5acad60a25246de/element/6FF2D42796E1B5636833727143D40385_element_35/text'
11:36:52.099 [AsyncHttpClient-1-8] DEBUG org.asynchttpclient.netty.handler.HttpHandler - 

Request DefaultFullHttpRequest(decodeResult: success, version: HTTP/1.1, content: EmptyByteBufBE)
GET /session/7f96e7e36b9f10a8b5acad60a25246de/element/6FF2D42796E1B5636833727143D40385_element_35/text HTTP/1.1
User-Agent: selenium/4.8.0 (java windows)
Cache-Control: no-cache
Content-Type: application/json; charset=utf-8
host: localhost:6896
accept: */*

Response DefaultHttpResponse(decodeResult: success, version: HTTP/1.1)
HTTP/1.1 200 OK
Content-Length: 45
Content-Type: application/json; charset=utf-8
cache-control: no-cache

11:36:52.099 [AsyncHttpClient-1-8] DEBUG org.asynchttpclient.netty.channel.ChannelManager - Adding key: http://localhost:6896 for channel [id: 0x1681981a, L:/127.0.0.1:61476 - R:localhost/127.0.0.1:6896]
11:36:52.099 [main] INFO  com.swaglabs.base.SetUp - Test.allTheThings() T-Shirt (Red) validated Passed
11:36:52.100 [Forwarding findElements on session 7f96e7e36b9f10a8b5acad60a25246de to remote] DEBUG org.asynchttpclient.netty.request.NettyRequestSender - Using pooled Channel '[id: 0x1681981a, L:/127.0.0.1:61476 - R:localhost/127.0.0.1:6896]' for 'POST' to 'http://localhost:6896/session/7f96e7e36b9f10a8b5acad60a25246de/elements'
11:36:52.100 [Forwarding findElements on session 7f96e7e36b9f10a8b5acad60a25246de to remote] DEBUG org.asynchttpclient.netty.request.NettyRequestSender - Using open Channel [id: 0x1681981a, L:/127.0.0.1:61476 - R:localhost/127.0.0.1:6896] for POST '/session/7f96e7e36b9f10a8b5acad60a25246de/elements'
11:36:52.110 [AsyncHttpClient-1-8] DEBUG org.asynchttpclient.netty.handler.HttpHandler - 

Request DefaultHttpRequest(decodeResult: success, version: HTTP/1.1)
POST /session/7f96e7e36b9f10a8b5acad60a25246de/elements HTTP/1.1
User-Agent: selenium/4.8.0 (java windows)
Content-Length: 111
Content-Type: application/json; charset=utf-8
host: localhost:6896
accept: */*

Response DefaultHttpResponse(decodeResult: success, version: HTTP/1.1)
HTTP/1.1 200 OK
Content-Length: 527
Content-Type: application/json; charset=utf-8
cache-control: no-cache

11:36:52.110 [AsyncHttpClient-1-8] DEBUG org.asynchttpclient.netty.channel.ChannelManager - Adding key: http://localhost:6896 for channel [id: 0x1681981a, L:/127.0.0.1:61476 - R:localhost/127.0.0.1:6896]
11:36:52.112 [Forwarding findElements on session 7f96e7e36b9f10a8b5acad60a25246de to remote] DEBUG org.asynchttpclient.netty.request.NettyRequestSender - Using pooled Channel '[id: 0x1681981a, L:/127.0.0.1:61476 - R:localhost/127.0.0.1:6896]' for 'POST' to 'http://localhost:6896/session/7f96e7e36b9f10a8b5acad60a25246de/elements'
11:36:52.112 [Forwarding findElements on session 7f96e7e36b9f10a8b5acad60a25246de to remote] DEBUG org.asynchttpclient.netty.request.NettyRequestSender - Using open Channel [id: 0x1681981a, L:/127.0.0.1:61476 - R:localhost/127.0.0.1:6896] for POST '/session/7f96e7e36b9f10a8b5acad60a25246de/elements'
11:36:52.119 [AsyncHttpClient-1-8] DEBUG org.asynchttpclient.netty.handler.HttpHandler - 

Request DefaultHttpRequest(decodeResult: success, version: HTTP/1.1)
POST /session/7f96e7e36b9f10a8b5acad60a25246de/elements HTTP/1.1
User-Agent: selenium/4.8.0 (java windows)
Content-Length: 111
Content-Type: application/json; charset=utf-8
host: localhost:6896
accept: */*

Response DefaultHttpResponse(decodeResult: success, version: HTTP/1.1)
HTTP/1.1 200 OK
Content-Length: 527
Content-Type: application/json; charset=utf-8
cache-control: no-cache

11:36:52.119 [AsyncHttpClient-1-8] DEBUG org.asynchttpclient.netty.channel.ChannelManager - Adding key: http://localhost:6896 for channel [id: 0x1681981a, L:/127.0.0.1:61476 - R:localhost/127.0.0.1:6896]
11:36:52.120 [Forwarding getElementText on session 7f96e7e36b9f10a8b5acad60a25246de to remote] DEBUG org.asynchttpclient.netty.request.NettyRequestSender - Using pooled Channel '[id: 0x1681981a, L:/127.0.0.1:61476 - R:localhost/127.0.0.1:6896]' for 'GET' to 'http://localhost:6896/session/7f96e7e36b9f10a8b5acad60a25246de/element/6FF2D42796E1B5636833727143D40385_element_34/text'
11:36:52.120 [Forwarding getElementText on session 7f96e7e36b9f10a8b5acad60a25246de to remote] DEBUG org.asynchttpclient.netty.request.NettyRequestSender - Using open Channel [id: 0x1681981a, L:/127.0.0.1:61476 - R:localhost/127.0.0.1:6896] for GET '/session/7f96e7e36b9f10a8b5acad60a25246de/element/6FF2D42796E1B5636833727143D40385_element_34/text'
11:36:52.127 [AsyncHttpClient-1-8] DEBUG org.asynchttpclient.netty.handler.HttpHandler - 

Request DefaultFullHttpRequest(decodeResult: success, version: HTTP/1.1, content: EmptyByteBufBE)
GET /session/7f96e7e36b9f10a8b5acad60a25246de/element/6FF2D42796E1B5636833727143D40385_element_34/text HTTP/1.1
User-Agent: selenium/4.8.0 (java windows)
Cache-Control: no-cache
Content-Type: application/json; charset=utf-8
host: localhost:6896
accept: */*

Response DefaultHttpResponse(decodeResult: success, version: HTTP/1.1)
HTTP/1.1 200 OK
Content-Length: 29
Content-Type: application/json; charset=utf-8
cache-control: no-cache

11:36:52.127 [AsyncHttpClient-1-8] DEBUG org.asynchttpclient.netty.channel.ChannelManager - Adding key: http://localhost:6896 for channel [id: 0x1681981a, L:/127.0.0.1:61476 - R:localhost/127.0.0.1:6896]
11:36:52.128 [Forwarding findElements on session 7f96e7e36b9f10a8b5acad60a25246de to remote] DEBUG org.asynchttpclient.netty.request.NettyRequestSender - Using pooled Channel '[id: 0x1681981a, L:/127.0.0.1:61476 - R:localhost/127.0.0.1:6896]' for 'POST' to 'http://localhost:6896/session/7f96e7e36b9f10a8b5acad60a25246de/elements'
11:36:52.128 [Forwarding findElements on session 7f96e7e36b9f10a8b5acad60a25246de to remote] DEBUG org.asynchttpclient.netty.request.NettyRequestSender - Using open Channel [id: 0x1681981a, L:/127.0.0.1:61476 - R:localhost/127.0.0.1:6896] for POST '/session/7f96e7e36b9f10a8b5acad60a25246de/elements'
11:36:52.137 [AsyncHttpClient-1-8] DEBUG org.asynchttpclient.netty.handler.HttpHandler - 

Request DefaultHttpRequest(decodeResult: success, version: HTTP/1.1)
POST /session/7f96e7e36b9f10a8b5acad60a25246de/elements HTTP/1.1
User-Agent: selenium/4.8.0 (java windows)
Content-Length: 111
Content-Type: application/json; charset=utf-8
host: localhost:6896
accept: */*

Response DefaultHttpResponse(decodeResult: success, version: HTTP/1.1)
HTTP/1.1 200 OK
Content-Length: 527
Content-Type: application/json; charset=utf-8
cache-control: no-cache

11:36:52.137 [AsyncHttpClient-1-8] DEBUG org.asynchttpclient.netty.channel.ChannelManager - Adding key: http://localhost:6896 for channel [id: 0x1681981a, L:/127.0.0.1:61476 - R:localhost/127.0.0.1:6896]
11:36:52.140 [Forwarding getElementText on session 7f96e7e36b9f10a8b5acad60a25246de to remote] DEBUG org.asynchttpclient.netty.request.NettyRequestSender - Using pooled Channel '[id: 0x1681981a, L:/127.0.0.1:61476 - R:localhost/127.0.0.1:6896]' for 'GET' to 'http://localhost:6896/session/7f96e7e36b9f10a8b5acad60a25246de/element/6FF2D42796E1B5636833727143D40385_element_34/text'
11:36:52.140 [Forwarding getElementText on session 7f96e7e36b9f10a8b5acad60a25246de to remote] DEBUG org.asynchttpclient.netty.request.NettyRequestSender - Using open Channel [id: 0x1681981a, L:/127.0.0.1:61476 - R:localhost/127.0.0.1:6896] for GET '/session/7f96e7e36b9f10a8b5acad60a25246de/element/6FF2D42796E1B5636833727143D40385_element_34/text'
11:36:52.146 [AsyncHttpClient-1-8] DEBUG org.asynchttpclient.netty.handler.HttpHandler - 

Request DefaultFullHttpRequest(decodeResult: success, version: HTTP/1.1, content: EmptyByteBufBE)
GET /session/7f96e7e36b9f10a8b5acad60a25246de/element/6FF2D42796E1B5636833727143D40385_element_34/text HTTP/1.1
User-Agent: selenium/4.8.0 (java windows)
Cache-Control: no-cache
Content-Type: application/json; charset=utf-8
host: localhost:6896
accept: */*

Response DefaultHttpResponse(decodeResult: success, version: HTTP/1.1)
HTTP/1.1 200 OK
Content-Length: 29
Content-Type: application/json; charset=utf-8
cache-control: no-cache

11:36:52.146 [AsyncHttpClient-1-8] DEBUG org.asynchttpclient.netty.channel.ChannelManager - Adding key: http://localhost:6896 for channel [id: 0x1681981a, L:/127.0.0.1:61476 - R:localhost/127.0.0.1:6896]
11:36:52.146 [main] INFO  com.swaglabs.base.SetUp - Sauce Labs Onesie validated Passed
11:36:52.147 [Forwarding findElements on session 7f96e7e36b9f10a8b5acad60a25246de to remote] DEBUG org.asynchttpclient.netty.request.NettyRequestSender - Using pooled Channel '[id: 0x1681981a, L:/127.0.0.1:61476 - R:localhost/127.0.0.1:6896]' for 'POST' to 'http://localhost:6896/session/7f96e7e36b9f10a8b5acad60a25246de/elements'
11:36:52.147 [Forwarding findElements on session 7f96e7e36b9f10a8b5acad60a25246de to remote] DEBUG org.asynchttpclient.netty.request.NettyRequestSender - Using open Channel [id: 0x1681981a, L:/127.0.0.1:61476 - R:localhost/127.0.0.1:6896] for POST '/session/7f96e7e36b9f10a8b5acad60a25246de/elements'
11:36:52.154 [AsyncHttpClient-1-8] DEBUG org.asynchttpclient.netty.handler.HttpHandler - 

Request DefaultHttpRequest(decodeResult: success, version: HTTP/1.1)
POST /session/7f96e7e36b9f10a8b5acad60a25246de/elements HTTP/1.1
User-Agent: selenium/4.8.0 (java windows)
Content-Length: 111
Content-Type: application/json; charset=utf-8
host: localhost:6896
accept: */*

Response DefaultHttpResponse(decodeResult: success, version: HTTP/1.1)
HTTP/1.1 200 OK
Content-Length: 527
Content-Type: application/json; charset=utf-8
cache-control: no-cache

11:36:52.154 [AsyncHttpClient-1-8] DEBUG org.asynchttpclient.netty.channel.ChannelManager - Adding key: http://localhost:6896 for channel [id: 0x1681981a, L:/127.0.0.1:61476 - R:localhost/127.0.0.1:6896]
11:36:52.155 [Forwarding findElements on session 7f96e7e36b9f10a8b5acad60a25246de to remote] DEBUG org.asynchttpclient.netty.request.NettyRequestSender - Using pooled Channel '[id: 0x1681981a, L:/127.0.0.1:61476 - R:localhost/127.0.0.1:6896]' for 'POST' to 'http://localhost:6896/session/7f96e7e36b9f10a8b5acad60a25246de/elements'
11:36:52.155 [Forwarding findElements on session 7f96e7e36b9f10a8b5acad60a25246de to remote] DEBUG org.asynchttpclient.netty.request.NettyRequestSender - Using open Channel [id: 0x1681981a, L:/127.0.0.1:61476 - R:localhost/127.0.0.1:6896] for POST '/session/7f96e7e36b9f10a8b5acad60a25246de/elements'
11:36:52.160 [AsyncHttpClient-1-8] DEBUG org.asynchttpclient.netty.handler.HttpHandler - 

Request DefaultHttpRequest(decodeResult: success, version: HTTP/1.1)
POST /session/7f96e7e36b9f10a8b5acad60a25246de/elements HTTP/1.1
User-Agent: selenium/4.8.0 (java windows)
Content-Length: 111
Content-Type: application/json; charset=utf-8
host: localhost:6896
accept: */*

Response DefaultHttpResponse(decodeResult: success, version: HTTP/1.1)
HTTP/1.1 200 OK
Content-Length: 527
Content-Type: application/json; charset=utf-8
cache-control: no-cache

11:36:52.160 [AsyncHttpClient-1-8] DEBUG org.asynchttpclient.netty.channel.ChannelManager - Adding key: http://localhost:6896 for channel [id: 0x1681981a, L:/127.0.0.1:61476 - R:localhost/127.0.0.1:6896]
11:36:52.161 [Forwarding getElementText on session 7f96e7e36b9f10a8b5acad60a25246de to remote] DEBUG org.asynchttpclient.netty.request.NettyRequestSender - Using pooled Channel '[id: 0x1681981a, L:/127.0.0.1:61476 - R:localhost/127.0.0.1:6896]' for 'GET' to 'http://localhost:6896/session/7f96e7e36b9f10a8b5acad60a25246de/element/6FF2D42796E1B5636833727143D40385_element_33/text'
11:36:52.161 [Forwarding getElementText on session 7f96e7e36b9f10a8b5acad60a25246de to remote] DEBUG org.asynchttpclient.netty.request.NettyRequestSender - Using open Channel [id: 0x1681981a, L:/127.0.0.1:61476 - R:localhost/127.0.0.1:6896] for GET '/session/7f96e7e36b9f10a8b5acad60a25246de/element/6FF2D42796E1B5636833727143D40385_element_33/text'
11:36:52.168 [AsyncHttpClient-1-8] DEBUG org.asynchttpclient.netty.handler.HttpHandler - 

Request DefaultFullHttpRequest(decodeResult: success, version: HTTP/1.1, content: EmptyByteBufBE)
GET /session/7f96e7e36b9f10a8b5acad60a25246de/element/6FF2D42796E1B5636833727143D40385_element_33/text HTTP/1.1
User-Agent: selenium/4.8.0 (java windows)
Cache-Control: no-cache
Content-Type: application/json; charset=utf-8
host: localhost:6896
accept: */*

Response DefaultHttpResponse(decodeResult: success, version: HTTP/1.1)
HTTP/1.1 200 OK
Content-Length: 36
Content-Type: application/json; charset=utf-8
cache-control: no-cache

11:36:52.168 [AsyncHttpClient-1-8] DEBUG org.asynchttpclient.netty.channel.ChannelManager - Adding key: http://localhost:6896 for channel [id: 0x1681981a, L:/127.0.0.1:61476 - R:localhost/127.0.0.1:6896]
11:36:52.169 [Forwarding findElements on session 7f96e7e36b9f10a8b5acad60a25246de to remote] DEBUG org.asynchttpclient.netty.request.NettyRequestSender - Using pooled Channel '[id: 0x1681981a, L:/127.0.0.1:61476 - R:localhost/127.0.0.1:6896]' for 'POST' to 'http://localhost:6896/session/7f96e7e36b9f10a8b5acad60a25246de/elements'
11:36:52.169 [Forwarding findElements on session 7f96e7e36b9f10a8b5acad60a25246de to remote] DEBUG org.asynchttpclient.netty.request.NettyRequestSender - Using open Channel [id: 0x1681981a, L:/127.0.0.1:61476 - R:localhost/127.0.0.1:6896] for POST '/session/7f96e7e36b9f10a8b5acad60a25246de/elements'
11:36:52.177 [AsyncHttpClient-1-8] DEBUG org.asynchttpclient.netty.handler.HttpHandler - 

Request DefaultHttpRequest(decodeResult: success, version: HTTP/1.1)
POST /session/7f96e7e36b9f10a8b5acad60a25246de/elements HTTP/1.1
User-Agent: selenium/4.8.0 (java windows)
Content-Length: 111
Content-Type: application/json; charset=utf-8
host: localhost:6896
accept: */*

Response DefaultHttpResponse(decodeResult: success, version: HTTP/1.1)
HTTP/1.1 200 OK
Content-Length: 527
Content-Type: application/json; charset=utf-8
cache-control: no-cache

11:36:52.177 [AsyncHttpClient-1-8] DEBUG org.asynchttpclient.netty.channel.ChannelManager - Adding key: http://localhost:6896 for channel [id: 0x1681981a, L:/127.0.0.1:61476 - R:localhost/127.0.0.1:6896]
11:36:52.179 [Forwarding getElementText on session 7f96e7e36b9f10a8b5acad60a25246de to remote] DEBUG org.asynchttpclient.netty.request.NettyRequestSender - Using pooled Channel '[id: 0x1681981a, L:/127.0.0.1:61476 - R:localhost/127.0.0.1:6896]' for 'GET' to 'http://localhost:6896/session/7f96e7e36b9f10a8b5acad60a25246de/element/6FF2D42796E1B5636833727143D40385_element_33/text'
11:36:52.179 [Forwarding getElementText on session 7f96e7e36b9f10a8b5acad60a25246de to remote] DEBUG org.asynchttpclient.netty.request.NettyRequestSender - Using open Channel [id: 0x1681981a, L:/127.0.0.1:61476 - R:localhost/127.0.0.1:6896] for GET '/session/7f96e7e36b9f10a8b5acad60a25246de/element/6FF2D42796E1B5636833727143D40385_element_33/text'
11:36:52.185 [AsyncHttpClient-1-8] DEBUG org.asynchttpclient.netty.handler.HttpHandler - 

Request DefaultFullHttpRequest(decodeResult: success, version: HTTP/1.1, content: EmptyByteBufBE)
GET /session/7f96e7e36b9f10a8b5acad60a25246de/element/6FF2D42796E1B5636833727143D40385_element_33/text HTTP/1.1
User-Agent: selenium/4.8.0 (java windows)
Cache-Control: no-cache
Content-Type: application/json; charset=utf-8
host: localhost:6896
accept: */*

Response DefaultHttpResponse(decodeResult: success, version: HTTP/1.1)
HTTP/1.1 200 OK
Content-Length: 36
Content-Type: application/json; charset=utf-8
cache-control: no-cache

11:36:52.185 [AsyncHttpClient-1-8] DEBUG org.asynchttpclient.netty.channel.ChannelManager - Adding key: http://localhost:6896 for channel [id: 0x1681981a, L:/127.0.0.1:61476 - R:localhost/127.0.0.1:6896]
11:36:52.186 [main] INFO  com.swaglabs.base.SetUp - Sauce Labs Fleece Jacket validated Passed
11:36:52.188 [Forwarding findElements on session 7f96e7e36b9f10a8b5acad60a25246de to remote] DEBUG org.asynchttpclient.netty.request.NettyRequestSender - Using pooled Channel '[id: 0x1681981a, L:/127.0.0.1:61476 - R:localhost/127.0.0.1:6896]' for 'POST' to 'http://localhost:6896/session/7f96e7e36b9f10a8b5acad60a25246de/elements'
11:36:52.188 [Forwarding findElements on session 7f96e7e36b9f10a8b5acad60a25246de to remote] DEBUG org.asynchttpclient.netty.request.NettyRequestSender - Using open Channel [id: 0x1681981a, L:/127.0.0.1:61476 - R:localhost/127.0.0.1:6896] for POST '/session/7f96e7e36b9f10a8b5acad60a25246de/elements'
11:36:52.196 [AsyncHttpClient-1-8] DEBUG org.asynchttpclient.netty.handler.HttpHandler - 

Request DefaultHttpRequest(decodeResult: success, version: HTTP/1.1)
POST /session/7f96e7e36b9f10a8b5acad60a25246de/elements HTTP/1.1
User-Agent: selenium/4.8.0 (java windows)
Content-Length: 111
Content-Type: application/json; charset=utf-8
host: localhost:6896
accept: */*

Response DefaultHttpResponse(decodeResult: success, version: HTTP/1.1)
HTTP/1.1 200 OK
Content-Length: 527
Content-Type: application/json; charset=utf-8
cache-control: no-cache

11:36:52.196 [AsyncHttpClient-1-8] DEBUG org.asynchttpclient.netty.channel.ChannelManager - Adding key: http://localhost:6896 for channel [id: 0x1681981a, L:/127.0.0.1:61476 - R:localhost/127.0.0.1:6896]
11:36:52.198 [Forwarding findElements on session 7f96e7e36b9f10a8b5acad60a25246de to remote] DEBUG org.asynchttpclient.netty.request.NettyRequestSender - Using pooled Channel '[id: 0x1681981a, L:/127.0.0.1:61476 - R:localhost/127.0.0.1:6896]' for 'POST' to 'http://localhost:6896/session/7f96e7e36b9f10a8b5acad60a25246de/elements'
11:36:52.198 [Forwarding findElements on session 7f96e7e36b9f10a8b5acad60a25246de to remote] DEBUG org.asynchttpclient.netty.request.NettyRequestSender - Using open Channel [id: 0x1681981a, L:/127.0.0.1:61476 - R:localhost/127.0.0.1:6896] for POST '/session/7f96e7e36b9f10a8b5acad60a25246de/elements'
11:36:52.204 [AsyncHttpClient-1-8] DEBUG org.asynchttpclient.netty.handler.HttpHandler - 

Request DefaultHttpRequest(decodeResult: success, version: HTTP/1.1)
POST /session/7f96e7e36b9f10a8b5acad60a25246de/elements HTTP/1.1
User-Agent: selenium/4.8.0 (java windows)
Content-Length: 111
Content-Type: application/json; charset=utf-8
host: localhost:6896
accept: */*

Response DefaultHttpResponse(decodeResult: success, version: HTTP/1.1)
HTTP/1.1 200 OK
Content-Length: 527
Content-Type: application/json; charset=utf-8
cache-control: no-cache

11:36:52.204 [AsyncHttpClient-1-8] DEBUG org.asynchttpclient.netty.channel.ChannelManager - Adding key: http://localhost:6896 for channel [id: 0x1681981a, L:/127.0.0.1:61476 - R:localhost/127.0.0.1:6896]
11:36:52.205 [Forwarding getElementText on session 7f96e7e36b9f10a8b5acad60a25246de to remote] DEBUG org.asynchttpclient.netty.request.NettyRequestSender - Using pooled Channel '[id: 0x1681981a, L:/127.0.0.1:61476 - R:localhost/127.0.0.1:6896]' for 'GET' to 'http://localhost:6896/session/7f96e7e36b9f10a8b5acad60a25246de/element/6FF2D42796E1B5636833727143D40385_element_32/text'
11:36:52.205 [Forwarding getElementText on session 7f96e7e36b9f10a8b5acad60a25246de to remote] DEBUG org.asynchttpclient.netty.request.NettyRequestSender - Using open Channel [id: 0x1681981a, L:/127.0.0.1:61476 - R:localhost/127.0.0.1:6896] for GET '/session/7f96e7e36b9f10a8b5acad60a25246de/element/6FF2D42796E1B5636833727143D40385_element_32/text'
11:36:52.213 [AsyncHttpClient-1-8] DEBUG org.asynchttpclient.netty.handler.HttpHandler - 

Request DefaultFullHttpRequest(decodeResult: success, version: HTTP/1.1, content: EmptyByteBufBE)
GET /session/7f96e7e36b9f10a8b5acad60a25246de/element/6FF2D42796E1B5636833727143D40385_element_32/text HTTP/1.1
User-Agent: selenium/4.8.0 (java windows)
Cache-Control: no-cache
Content-Type: application/json; charset=utf-8
host: localhost:6896
accept: */*

Response DefaultHttpResponse(decodeResult: success, version: HTTP/1.1)
HTTP/1.1 200 OK
Content-Length: 35
Content-Type: application/json; charset=utf-8
cache-control: no-cache

11:36:52.213 [AsyncHttpClient-1-8] DEBUG org.asynchttpclient.netty.channel.ChannelManager - Adding key: http://localhost:6896 for channel [id: 0x1681981a, L:/127.0.0.1:61476 - R:localhost/127.0.0.1:6896]
11:36:52.214 [Forwarding findElements on session 7f96e7e36b9f10a8b5acad60a25246de to remote] DEBUG org.asynchttpclient.netty.request.NettyRequestSender - Using pooled Channel '[id: 0x1681981a, L:/127.0.0.1:61476 - R:localhost/127.0.0.1:6896]' for 'POST' to 'http://localhost:6896/session/7f96e7e36b9f10a8b5acad60a25246de/elements'
11:36:52.214 [Forwarding findElements on session 7f96e7e36b9f10a8b5acad60a25246de to remote] DEBUG org.asynchttpclient.netty.request.NettyRequestSender - Using open Channel [id: 0x1681981a, L:/127.0.0.1:61476 - R:localhost/127.0.0.1:6896] for POST '/session/7f96e7e36b9f10a8b5acad60a25246de/elements'
11:36:52.220 [AsyncHttpClient-1-8] DEBUG org.asynchttpclient.netty.handler.HttpHandler - 

Request DefaultHttpRequest(decodeResult: success, version: HTTP/1.1)
POST /session/7f96e7e36b9f10a8b5acad60a25246de/elements HTTP/1.1
User-Agent: selenium/4.8.0 (java windows)
Content-Length: 111
Content-Type: application/json; charset=utf-8
host: localhost:6896
accept: */*

Response DefaultHttpResponse(decodeResult: success, version: HTTP/1.1)
HTTP/1.1 200 OK
Content-Length: 527
Content-Type: application/json; charset=utf-8
cache-control: no-cache

11:36:52.220 [AsyncHttpClient-1-8] DEBUG org.asynchttpclient.netty.channel.ChannelManager - Adding key: http://localhost:6896 for channel [id: 0x1681981a, L:/127.0.0.1:61476 - R:localhost/127.0.0.1:6896]
11:36:52.221 [Forwarding getElementText on session 7f96e7e36b9f10a8b5acad60a25246de to remote] DEBUG org.asynchttpclient.netty.request.NettyRequestSender - Using pooled Channel '[id: 0x1681981a, L:/127.0.0.1:61476 - R:localhost/127.0.0.1:6896]' for 'GET' to 'http://localhost:6896/session/7f96e7e36b9f10a8b5acad60a25246de/element/6FF2D42796E1B5636833727143D40385_element_32/text'
11:36:52.221 [Forwarding getElementText on session 7f96e7e36b9f10a8b5acad60a25246de to remote] DEBUG org.asynchttpclient.netty.request.NettyRequestSender - Using open Channel [id: 0x1681981a, L:/127.0.0.1:61476 - R:localhost/127.0.0.1:6896] for GET '/session/7f96e7e36b9f10a8b5acad60a25246de/element/6FF2D42796E1B5636833727143D40385_element_32/text'
11:36:52.228 [AsyncHttpClient-1-8] DEBUG org.asynchttpclient.netty.handler.HttpHandler - 

Request DefaultFullHttpRequest(decodeResult: success, version: HTTP/1.1, content: EmptyByteBufBE)
GET /session/7f96e7e36b9f10a8b5acad60a25246de/element/6FF2D42796E1B5636833727143D40385_element_32/text HTTP/1.1
User-Agent: selenium/4.8.0 (java windows)
Cache-Control: no-cache
Content-Type: application/json; charset=utf-8
host: localhost:6896
accept: */*

Response DefaultHttpResponse(decodeResult: success, version: HTTP/1.1)
HTTP/1.1 200 OK
Content-Length: 35
Content-Type: application/json; charset=utf-8
cache-control: no-cache

11:36:52.228 [AsyncHttpClient-1-8] DEBUG org.asynchttpclient.netty.channel.ChannelManager - Adding key: http://localhost:6896 for channel [id: 0x1681981a, L:/127.0.0.1:61476 - R:localhost/127.0.0.1:6896]
11:36:52.228 [main] INFO  com.swaglabs.base.SetUp - Sauce Labs Bolt T-Shirt validated Passed
11:36:52.229 [Forwarding findElements on session 7f96e7e36b9f10a8b5acad60a25246de to remote] DEBUG org.asynchttpclient.netty.request.NettyRequestSender - Using pooled Channel '[id: 0x1681981a, L:/127.0.0.1:61476 - R:localhost/127.0.0.1:6896]' for 'POST' to 'http://localhost:6896/session/7f96e7e36b9f10a8b5acad60a25246de/elements'
11:36:52.229 [Forwarding findElements on session 7f96e7e36b9f10a8b5acad60a25246de to remote] DEBUG org.asynchttpclient.netty.request.NettyRequestSender - Using open Channel [id: 0x1681981a, L:/127.0.0.1:61476 - R:localhost/127.0.0.1:6896] for POST '/session/7f96e7e36b9f10a8b5acad60a25246de/elements'
11:36:52.239 [AsyncHttpClient-1-8] DEBUG org.asynchttpclient.netty.handler.HttpHandler - 

Request DefaultHttpRequest(decodeResult: success, version: HTTP/1.1)
POST /session/7f96e7e36b9f10a8b5acad60a25246de/elements HTTP/1.1
User-Agent: selenium/4.8.0 (java windows)
Content-Length: 111
Content-Type: application/json; charset=utf-8
host: localhost:6896
accept: */*

Response DefaultHttpResponse(decodeResult: success, version: HTTP/1.1)
HTTP/1.1 200 OK
Content-Length: 527
Content-Type: application/json; charset=utf-8
cache-control: no-cache

11:36:52.239 [AsyncHttpClient-1-8] DEBUG org.asynchttpclient.netty.channel.ChannelManager - Adding key: http://localhost:6896 for channel [id: 0x1681981a, L:/127.0.0.1:61476 - R:localhost/127.0.0.1:6896]
11:36:52.242 [Forwarding findElements on session 7f96e7e36b9f10a8b5acad60a25246de to remote] DEBUG org.asynchttpclient.netty.request.NettyRequestSender - Using pooled Channel '[id: 0x1681981a, L:/127.0.0.1:61476 - R:localhost/127.0.0.1:6896]' for 'POST' to 'http://localhost:6896/session/7f96e7e36b9f10a8b5acad60a25246de/elements'
11:36:52.242 [Forwarding findElements on session 7f96e7e36b9f10a8b5acad60a25246de to remote] DEBUG org.asynchttpclient.netty.request.NettyRequestSender - Using open Channel [id: 0x1681981a, L:/127.0.0.1:61476 - R:localhost/127.0.0.1:6896] for POST '/session/7f96e7e36b9f10a8b5acad60a25246de/elements'
11:36:52.252 [AsyncHttpClient-1-8] DEBUG org.asynchttpclient.netty.handler.HttpHandler - 

Request DefaultHttpRequest(decodeResult: success, version: HTTP/1.1)
POST /session/7f96e7e36b9f10a8b5acad60a25246de/elements HTTP/1.1
User-Agent: selenium/4.8.0 (java windows)
Content-Length: 111
Content-Type: application/json; charset=utf-8
host: localhost:6896
accept: */*

Response DefaultHttpResponse(decodeResult: success, version: HTTP/1.1)
HTTP/1.1 200 OK
Content-Length: 527
Content-Type: application/json; charset=utf-8
cache-control: no-cache

11:36:52.252 [AsyncHttpClient-1-8] DEBUG org.asynchttpclient.netty.channel.ChannelManager - Adding key: http://localhost:6896 for channel [id: 0x1681981a, L:/127.0.0.1:61476 - R:localhost/127.0.0.1:6896]
11:36:52.253 [Forwarding getElementText on session 7f96e7e36b9f10a8b5acad60a25246de to remote] DEBUG org.asynchttpclient.netty.request.NettyRequestSender - Using pooled Channel '[id: 0x1681981a, L:/127.0.0.1:61476 - R:localhost/127.0.0.1:6896]' for 'GET' to 'http://localhost:6896/session/7f96e7e36b9f10a8b5acad60a25246de/element/6FF2D42796E1B5636833727143D40385_element_31/text'
11:36:52.253 [Forwarding getElementText on session 7f96e7e36b9f10a8b5acad60a25246de to remote] DEBUG org.asynchttpclient.netty.request.NettyRequestSender - Using open Channel [id: 0x1681981a, L:/127.0.0.1:61476 - R:localhost/127.0.0.1:6896] for GET '/session/7f96e7e36b9f10a8b5acad60a25246de/element/6FF2D42796E1B5636833727143D40385_element_31/text'
11:36:52.263 [AsyncHttpClient-1-8] DEBUG org.asynchttpclient.netty.handler.HttpHandler - 

Request DefaultFullHttpRequest(decodeResult: success, version: HTTP/1.1, content: EmptyByteBufBE)
GET /session/7f96e7e36b9f10a8b5acad60a25246de/element/6FF2D42796E1B5636833727143D40385_element_31/text HTTP/1.1
User-Agent: selenium/4.8.0 (java windows)
Cache-Control: no-cache
Content-Type: application/json; charset=utf-8
host: localhost:6896
accept: */*

Response DefaultHttpResponse(decodeResult: success, version: HTTP/1.1)
HTTP/1.1 200 OK
Content-Length: 33
Content-Type: application/json; charset=utf-8
cache-control: no-cache

11:36:52.263 [AsyncHttpClient-1-8] DEBUG org.asynchttpclient.netty.channel.ChannelManager - Adding key: http://localhost:6896 for channel [id: 0x1681981a, L:/127.0.0.1:61476 - R:localhost/127.0.0.1:6896]
11:36:52.265 [Forwarding findElements on session 7f96e7e36b9f10a8b5acad60a25246de to remote] DEBUG org.asynchttpclient.netty.request.NettyRequestSender - Using pooled Channel '[id: 0x1681981a, L:/127.0.0.1:61476 - R:localhost/127.0.0.1:6896]' for 'POST' to 'http://localhost:6896/session/7f96e7e36b9f10a8b5acad60a25246de/elements'
11:36:52.265 [Forwarding findElements on session 7f96e7e36b9f10a8b5acad60a25246de to remote] DEBUG org.asynchttpclient.netty.request.NettyRequestSender - Using open Channel [id: 0x1681981a, L:/127.0.0.1:61476 - R:localhost/127.0.0.1:6896] for POST '/session/7f96e7e36b9f10a8b5acad60a25246de/elements'
11:36:52.275 [AsyncHttpClient-1-8] DEBUG org.asynchttpclient.netty.handler.HttpHandler - 

Request DefaultHttpRequest(decodeResult: success, version: HTTP/1.1)
POST /session/7f96e7e36b9f10a8b5acad60a25246de/elements HTTP/1.1
User-Agent: selenium/4.8.0 (java windows)
Content-Length: 111
Content-Type: application/json; charset=utf-8
host: localhost:6896
accept: */*

Response DefaultHttpResponse(decodeResult: success, version: HTTP/1.1)
HTTP/1.1 200 OK
Content-Length: 527
Content-Type: application/json; charset=utf-8
cache-control: no-cache

11:36:52.275 [AsyncHttpClient-1-8] DEBUG org.asynchttpclient.netty.channel.ChannelManager - Adding key: http://localhost:6896 for channel [id: 0x1681981a, L:/127.0.0.1:61476 - R:localhost/127.0.0.1:6896]
11:36:52.276 [Forwarding getElementText on session 7f96e7e36b9f10a8b5acad60a25246de to remote] DEBUG org.asynchttpclient.netty.request.NettyRequestSender - Using pooled Channel '[id: 0x1681981a, L:/127.0.0.1:61476 - R:localhost/127.0.0.1:6896]' for 'GET' to 'http://localhost:6896/session/7f96e7e36b9f10a8b5acad60a25246de/element/6FF2D42796E1B5636833727143D40385_element_31/text'
11:36:52.276 [Forwarding getElementText on session 7f96e7e36b9f10a8b5acad60a25246de to remote] DEBUG org.asynchttpclient.netty.request.NettyRequestSender - Using open Channel [id: 0x1681981a, L:/127.0.0.1:61476 - R:localhost/127.0.0.1:6896] for GET '/session/7f96e7e36b9f10a8b5acad60a25246de/element/6FF2D42796E1B5636833727143D40385_element_31/text'
11:36:52.283 [AsyncHttpClient-1-8] DEBUG org.asynchttpclient.netty.handler.HttpHandler - 

Request DefaultFullHttpRequest(decodeResult: success, version: HTTP/1.1, content: EmptyByteBufBE)
GET /session/7f96e7e36b9f10a8b5acad60a25246de/element/6FF2D42796E1B5636833727143D40385_element_31/text HTTP/1.1
User-Agent: selenium/4.8.0 (java windows)
Cache-Control: no-cache
Content-Type: application/json; charset=utf-8
host: localhost:6896
accept: */*

Response DefaultHttpResponse(decodeResult: success, version: HTTP/1.1)
HTTP/1.1 200 OK
Content-Length: 33
Content-Type: application/json; charset=utf-8
cache-control: no-cache

11:36:52.283 [AsyncHttpClient-1-8] DEBUG org.asynchttpclient.netty.channel.ChannelManager - Adding key: http://localhost:6896 for channel [id: 0x1681981a, L:/127.0.0.1:61476 - R:localhost/127.0.0.1:6896]
11:36:52.283 [main] INFO  com.swaglabs.base.SetUp - Sauce Labs Bike Light validated Passed
11:36:52.284 [Forwarding findElements on session 7f96e7e36b9f10a8b5acad60a25246de to remote] DEBUG org.asynchttpclient.netty.request.NettyRequestSender - Using pooled Channel '[id: 0x1681981a, L:/127.0.0.1:61476 - R:localhost/127.0.0.1:6896]' for 'POST' to 'http://localhost:6896/session/7f96e7e36b9f10a8b5acad60a25246de/elements'
11:36:52.284 [Forwarding findElements on session 7f96e7e36b9f10a8b5acad60a25246de to remote] DEBUG org.asynchttpclient.netty.request.NettyRequestSender - Using open Channel [id: 0x1681981a, L:/127.0.0.1:61476 - R:localhost/127.0.0.1:6896] for POST '/session/7f96e7e36b9f10a8b5acad60a25246de/elements'
11:36:52.290 [AsyncHttpClient-1-8] DEBUG org.asynchttpclient.netty.handler.HttpHandler - 

Request DefaultHttpRequest(decodeResult: success, version: HTTP/1.1)
POST /session/7f96e7e36b9f10a8b5acad60a25246de/elements HTTP/1.1
User-Agent: selenium/4.8.0 (java windows)
Content-Length: 111
Content-Type: application/json; charset=utf-8
host: localhost:6896
accept: */*

Response DefaultHttpResponse(decodeResult: success, version: HTTP/1.1)
HTTP/1.1 200 OK
Content-Length: 527
Content-Type: application/json; charset=utf-8
cache-control: no-cache

11:36:52.291 [AsyncHttpClient-1-8] DEBUG org.asynchttpclient.netty.channel.ChannelManager - Adding key: http://localhost:6896 for channel [id: 0x1681981a, L:/127.0.0.1:61476 - R:localhost/127.0.0.1:6896]
11:36:52.291 [Forwarding findElements on session 7f96e7e36b9f10a8b5acad60a25246de to remote] DEBUG org.asynchttpclient.netty.request.NettyRequestSender - Using pooled Channel '[id: 0x1681981a, L:/127.0.0.1:61476 - R:localhost/127.0.0.1:6896]' for 'POST' to 'http://localhost:6896/session/7f96e7e36b9f10a8b5acad60a25246de/elements'
11:36:52.291 [Forwarding findElements on session 7f96e7e36b9f10a8b5acad60a25246de to remote] DEBUG org.asynchttpclient.netty.request.NettyRequestSender - Using open Channel [id: 0x1681981a, L:/127.0.0.1:61476 - R:localhost/127.0.0.1:6896] for POST '/session/7f96e7e36b9f10a8b5acad60a25246de/elements'
11:36:52.299 [AsyncHttpClient-1-8] DEBUG org.asynchttpclient.netty.handler.HttpHandler - 

Request DefaultHttpRequest(decodeResult: success, version: HTTP/1.1)
POST /session/7f96e7e36b9f10a8b5acad60a25246de/elements HTTP/1.1
User-Agent: selenium/4.8.0 (java windows)
Content-Length: 111
Content-Type: application/json; charset=utf-8
host: localhost:6896
accept: */*

Response DefaultHttpResponse(decodeResult: success, version: HTTP/1.1)
HTTP/1.1 200 OK
Content-Length: 527
Content-Type: application/json; charset=utf-8
cache-control: no-cache

11:36:52.299 [AsyncHttpClient-1-8] DEBUG org.asynchttpclient.netty.channel.ChannelManager - Adding key: http://localhost:6896 for channel [id: 0x1681981a, L:/127.0.0.1:61476 - R:localhost/127.0.0.1:6896]
11:36:52.301 [Forwarding getElementText on session 7f96e7e36b9f10a8b5acad60a25246de to remote] DEBUG org.asynchttpclient.netty.request.NettyRequestSender - Using pooled Channel '[id: 0x1681981a, L:/127.0.0.1:61476 - R:localhost/127.0.0.1:6896]' for 'GET' to 'http://localhost:6896/session/7f96e7e36b9f10a8b5acad60a25246de/element/6FF2D42796E1B5636833727143D40385_element_30/text'
11:36:52.301 [Forwarding getElementText on session 7f96e7e36b9f10a8b5acad60a25246de to remote] DEBUG org.asynchttpclient.netty.request.NettyRequestSender - Using open Channel [id: 0x1681981a, L:/127.0.0.1:61476 - R:localhost/127.0.0.1:6896] for GET '/session/7f96e7e36b9f10a8b5acad60a25246de/element/6FF2D42796E1B5636833727143D40385_element_30/text'
11:36:52.310 [AsyncHttpClient-1-8] DEBUG org.asynchttpclient.netty.handler.HttpHandler - 

Request DefaultFullHttpRequest(decodeResult: success, version: HTTP/1.1, content: EmptyByteBufBE)
GET /session/7f96e7e36b9f10a8b5acad60a25246de/element/6FF2D42796E1B5636833727143D40385_element_30/text HTTP/1.1
User-Agent: selenium/4.8.0 (java windows)
Cache-Control: no-cache
Content-Type: application/json; charset=utf-8
host: localhost:6896
accept: */*

Response DefaultHttpResponse(decodeResult: success, version: HTTP/1.1)
HTTP/1.1 200 OK
Content-Length: 31
Content-Type: application/json; charset=utf-8
cache-control: no-cache

11:36:52.310 [AsyncHttpClient-1-8] DEBUG org.asynchttpclient.netty.channel.ChannelManager - Adding key: http://localhost:6896 for channel [id: 0x1681981a, L:/127.0.0.1:61476 - R:localhost/127.0.0.1:6896]
11:36:52.311 [Forwarding findElements on session 7f96e7e36b9f10a8b5acad60a25246de to remote] DEBUG org.asynchttpclient.netty.request.NettyRequestSender - Using pooled Channel '[id: 0x1681981a, L:/127.0.0.1:61476 - R:localhost/127.0.0.1:6896]' for 'POST' to 'http://localhost:6896/session/7f96e7e36b9f10a8b5acad60a25246de/elements'
11:36:52.311 [Forwarding findElements on session 7f96e7e36b9f10a8b5acad60a25246de to remote] DEBUG org.asynchttpclient.netty.request.NettyRequestSender - Using open Channel [id: 0x1681981a, L:/127.0.0.1:61476 - R:localhost/127.0.0.1:6896] for POST '/session/7f96e7e36b9f10a8b5acad60a25246de/elements'
11:36:52.321 [AsyncHttpClient-1-8] DEBUG org.asynchttpclient.netty.handler.HttpHandler - 

Request DefaultHttpRequest(decodeResult: success, version: HTTP/1.1)
POST /session/7f96e7e36b9f10a8b5acad60a25246de/elements HTTP/1.1
User-Agent: selenium/4.8.0 (java windows)
Content-Length: 111
Content-Type: application/json; charset=utf-8
host: localhost:6896
accept: */*

Response DefaultHttpResponse(decodeResult: success, version: HTTP/1.1)
HTTP/1.1 200 OK
Content-Length: 527
Content-Type: application/json; charset=utf-8
cache-control: no-cache

11:36:52.321 [AsyncHttpClient-1-8] DEBUG org.asynchttpclient.netty.channel.ChannelManager - Adding key: http://localhost:6896 for channel [id: 0x1681981a, L:/127.0.0.1:61476 - R:localhost/127.0.0.1:6896]
11:36:52.322 [Forwarding getElementText on session 7f96e7e36b9f10a8b5acad60a25246de to remote] DEBUG org.asynchttpclient.netty.request.NettyRequestSender - Using pooled Channel '[id: 0x1681981a, L:/127.0.0.1:61476 - R:localhost/127.0.0.1:6896]' for 'GET' to 'http://localhost:6896/session/7f96e7e36b9f10a8b5acad60a25246de/element/6FF2D42796E1B5636833727143D40385_element_30/text'
11:36:52.322 [Forwarding getElementText on session 7f96e7e36b9f10a8b5acad60a25246de to remote] DEBUG org.asynchttpclient.netty.request.NettyRequestSender - Using open Channel [id: 0x1681981a, L:/127.0.0.1:61476 - R:localhost/127.0.0.1:6896] for GET '/session/7f96e7e36b9f10a8b5acad60a25246de/element/6FF2D42796E1B5636833727143D40385_element_30/text'
11:36:52.329 [AsyncHttpClient-1-8] DEBUG org.asynchttpclient.netty.handler.HttpHandler - 

Request DefaultFullHttpRequest(decodeResult: success, version: HTTP/1.1, content: EmptyByteBufBE)
GET /session/7f96e7e36b9f10a8b5acad60a25246de/element/6FF2D42796E1B5636833727143D40385_element_30/text HTTP/1.1
User-Agent: selenium/4.8.0 (java windows)
Cache-Control: no-cache
Content-Type: application/json; charset=utf-8
host: localhost:6896
accept: */*

Response DefaultHttpResponse(decodeResult: success, version: HTTP/1.1)
HTTP/1.1 200 OK
Content-Length: 31
Content-Type: application/json; charset=utf-8
cache-control: no-cache

11:36:52.329 [AsyncHttpClient-1-8] DEBUG org.asynchttpclient.netty.channel.ChannelManager - Adding key: http://localhost:6896 for channel [id: 0x1681981a, L:/127.0.0.1:61476 - R:localhost/127.0.0.1:6896]
11:36:52.329 [main] INFO  com.swaglabs.base.SetUp - Sauce Labs Backpack validated Passed
11:36:52.330 [Forwarding findElements on session 7f96e7e36b9f10a8b5acad60a25246de to remote] DEBUG org.asynchttpclient.netty.request.NettyRequestSender - Using pooled Channel '[id: 0x1681981a, L:/127.0.0.1:61476 - R:localhost/127.0.0.1:6896]' for 'POST' to 'http://localhost:6896/session/7f96e7e36b9f10a8b5acad60a25246de/elements'
11:36:52.330 [Forwarding findElements on session 7f96e7e36b9f10a8b5acad60a25246de to remote] DEBUG org.asynchttpclient.netty.request.NettyRequestSender - Using open Channel [id: 0x1681981a, L:/127.0.0.1:61476 - R:localhost/127.0.0.1:6896] for POST '/session/7f96e7e36b9f10a8b5acad60a25246de/elements'
11:36:52.339 [AsyncHttpClient-1-8] DEBUG org.asynchttpclient.netty.handler.HttpHandler - 

Request DefaultHttpRequest(decodeResult: success, version: HTTP/1.1)
POST /session/7f96e7e36b9f10a8b5acad60a25246de/elements HTTP/1.1
User-Agent: selenium/4.8.0 (java windows)
Content-Length: 111
Content-Type: application/json; charset=utf-8
host: localhost:6896
accept: */*

Response DefaultHttpResponse(decodeResult: success, version: HTTP/1.1)
HTTP/1.1 200 OK
Content-Length: 527
Content-Type: application/json; charset=utf-8
cache-control: no-cache

11:36:52.339 [AsyncHttpClient-1-8] DEBUG org.asynchttpclient.netty.channel.ChannelManager - Adding key: http://localhost:6896 for channel [id: 0x1681981a, L:/127.0.0.1:61476 - R:localhost/127.0.0.1:6896]
11:36:52.343 [Forwarding getAlertText on session 7f96e7e36b9f10a8b5acad60a25246de to remote] DEBUG org.asynchttpclient.netty.request.NettyRequestSender - Using pooled Channel '[id: 0x1681981a, L:/127.0.0.1:61476 - R:localhost/127.0.0.1:6896]' for 'GET' to 'http://localhost:6896/session/7f96e7e36b9f10a8b5acad60a25246de/alert/text'
11:36:52.343 [Forwarding getAlertText on session 7f96e7e36b9f10a8b5acad60a25246de to remote] DEBUG org.asynchttpclient.netty.request.NettyRequestSender - Using open Channel [id: 0x1681981a, L:/127.0.0.1:61476 - R:localhost/127.0.0.1:6896] for GET '/session/7f96e7e36b9f10a8b5acad60a25246de/alert/text'
11:36:52.345 [AsyncHttpClient-1-8] DEBUG org.asynchttpclient.netty.handler.HttpHandler - 

Request DefaultFullHttpRequest(decodeResult: success, version: HTTP/1.1, content: EmptyByteBufBE)
GET /session/7f96e7e36b9f10a8b5acad60a25246de/alert/text HTTP/1.1
User-Agent: selenium/4.8.0 (java windows)
Cache-Control: no-cache
Content-Type: application/json; charset=utf-8
host: localhost:6896
accept: */*

Response DefaultHttpResponse(decodeResult: success, version: HTTP/1.1)
HTTP/1.1 404 Not Found
Content-Length: 1522
Content-Type: application/json; charset=utf-8
cache-control: no-cache

11:36:52.345 [AsyncHttpClient-1-8] DEBUG org.asynchttpclient.netty.channel.ChannelManager - Adding key: http://localhost:6896 for channel [id: 0x1681981a, L:/127.0.0.1:61476 - R:localhost/127.0.0.1:6896]
11:36:52.346 [Forwarding getCurrentUrl on session 7f96e7e36b9f10a8b5acad60a25246de to remote] DEBUG org.asynchttpclient.netty.request.NettyRequestSender - Using pooled Channel '[id: 0x1681981a, L:/127.0.0.1:61476 - R:localhost/127.0.0.1:6896]' for 'GET' to 'http://localhost:6896/session/7f96e7e36b9f10a8b5acad60a25246de/url'
11:36:52.346 [Forwarding getCurrentUrl on session 7f96e7e36b9f10a8b5acad60a25246de to remote] DEBUG org.asynchttpclient.netty.request.NettyRequestSender - Using open Channel [id: 0x1681981a, L:/127.0.0.1:61476 - R:localhost/127.0.0.1:6896] for GET '/session/7f96e7e36b9f10a8b5acad60a25246de/url'
11:36:52.350 [AsyncHttpClient-1-8] DEBUG org.asynchttpclient.netty.handler.HttpHandler - 

Request DefaultFullHttpRequest(decodeResult: success, version: HTTP/1.1, content: EmptyByteBufBE)
GET /session/7f96e7e36b9f10a8b5acad60a25246de/url HTTP/1.1
User-Agent: selenium/4.8.0 (java windows)
Cache-Control: no-cache
Content-Type: application/json; charset=utf-8
host: localhost:6896
accept: */*

Response DefaultHttpResponse(decodeResult: success, version: HTTP/1.1)
HTTP/1.1 200 OK
Content-Length: 52
Content-Type: application/json; charset=utf-8
cache-control: no-cache

11:36:52.350 [AsyncHttpClient-1-8] DEBUG org.asynchttpclient.netty.channel.ChannelManager - Adding key: http://localhost:6896 for channel [id: 0x1681981a, L:/127.0.0.1:61476 - R:localhost/127.0.0.1:6896]
11:36:52.350 [Forwarding screenshot on session 7f96e7e36b9f10a8b5acad60a25246de to remote] DEBUG org.asynchttpclient.netty.request.NettyRequestSender - Using pooled Channel '[id: 0x1681981a, L:/127.0.0.1:61476 - R:localhost/127.0.0.1:6896]' for 'GET' to 'http://localhost:6896/session/7f96e7e36b9f10a8b5acad60a25246de/screenshot'
11:36:52.350 [Forwarding screenshot on session 7f96e7e36b9f10a8b5acad60a25246de to remote] DEBUG org.asynchttpclient.netty.request.NettyRequestSender - Using open Channel [id: 0x1681981a, L:/127.0.0.1:61476 - R:localhost/127.0.0.1:6896] for GET '/session/7f96e7e36b9f10a8b5acad60a25246de/screenshot'
11:36:52.539 [AsyncHttpClient-1-8] DEBUG org.asynchttpclient.netty.handler.HttpHandler - 

Request DefaultFullHttpRequest(decodeResult: success, version: HTTP/1.1, content: EmptyByteBufBE)
GET /session/7f96e7e36b9f10a8b5acad60a25246de/screenshot HTTP/1.1
User-Agent: selenium/4.8.0 (java windows)
Cache-Control: no-cache
Content-Type: application/json; charset=utf-8
host: localhost:6896
accept: */*

Response DefaultHttpResponse(decodeResult: success, version: HTTP/1.1)
HTTP/1.1 200 OK
Content-Length: 486720
Content-Type: application/json; charset=utf-8
cache-control: no-cache

11:36:52.540 [AsyncHttpClient-1-8] DEBUG org.asynchttpclient.netty.channel.ChannelManager - Adding key: http://localhost:6896 for channel [id: 0x1681981a, L:/127.0.0.1:61476 - R:localhost/127.0.0.1:6896]
11:36:52.560 [main] DEBUG net.serenitybdd.core.photography.Darkroom - Send negative for processing for target\site\serenity\d68e977e81f6ce6e7fce98929bb00804bf3048a5bc1fd6bac5b4fcfde3757c83.png
11:36:52.560 [main] DEBUG net.thucydides.core.steps.StepInterceptor - STEP DONE: validate FilterProductZToA
11:36:52.568 [Forwarding getPageSource on session 7f96e7e36b9f10a8b5acad60a25246de to remote] DEBUG org.asynchttpclient.netty.request.NettyRequestSender - Using pooled Channel '[id: 0x1681981a, L:/127.0.0.1:61476 - R:localhost/127.0.0.1:6896]' for 'POST' to 'http://localhost:6896/session/7f96e7e36b9f10a8b5acad60a25246de/execute/sync'
11:36:52.568 [Forwarding getPageSource on session 7f96e7e36b9f10a8b5acad60a25246de to remote] DEBUG org.asynchttpclient.netty.request.NettyRequestSender - Using open Channel [id: 0x1681981a, L:/127.0.0.1:61476 - R:localhost/127.0.0.1:6896] for POST '/session/7f96e7e36b9f10a8b5acad60a25246de/execute/sync'
11:36:52.577 [AsyncHttpClient-1-8] DEBUG org.asynchttpclient.netty.handler.HttpHandler - 

Request DefaultHttpRequest(decodeResult: success, version: HTTP/1.1)
POST /session/7f96e7e36b9f10a8b5acad60a25246de/execute/sync HTTP/1.1
User-Agent: selenium/4.8.0 (java windows)
Content-Length: 176
Content-Type: application/json; charset=utf-8
host: localhost:6896
accept: */*

Response DefaultHttpResponse(decodeResult: success, version: HTTP/1.1)
HTTP/1.1 200 OK
Content-Length: 16392
Content-Type: application/json; charset=utf-8
cache-control: no-cache

11:36:52.577 [AsyncHttpClient-1-8] DEBUG org.asynchttpclient.netty.channel.ChannelManager - Adding key: http://localhost:6896 for channel [id: 0x1681981a, L:/127.0.0.1:61476 - R:localhost/127.0.0.1:6896]
11:36:52.582 [Forwarding getCurrentUrl on session 7f96e7e36b9f10a8b5acad60a25246de to remote] DEBUG org.asynchttpclient.netty.request.NettyRequestSender - Using pooled Channel '[id: 0x1681981a, L:/127.0.0.1:61476 - R:localhost/127.0.0.1:6896]' for 'GET' to 'http://localhost:6896/session/7f96e7e36b9f10a8b5acad60a25246de/url'
11:36:52.582 [Forwarding getCurrentUrl on session 7f96e7e36b9f10a8b5acad60a25246de to remote] DEBUG org.asynchttpclient.netty.request.NettyRequestSender - Using open Channel [id: 0x1681981a, L:/127.0.0.1:61476 - R:localhost/127.0.0.1:6896] for GET '/session/7f96e7e36b9f10a8b5acad60a25246de/url'
11:36:52.586 [AsyncHttpClient-1-8] DEBUG org.asynchttpclient.netty.handler.HttpHandler - 

Request DefaultFullHttpRequest(decodeResult: success, version: HTTP/1.1, content: EmptyByteBufBE)
GET /session/7f96e7e36b9f10a8b5acad60a25246de/url HTTP/1.1
User-Agent: selenium/4.8.0 (java windows)
Cache-Control: no-cache
Content-Type: application/json; charset=utf-8
host: localhost:6896
accept: */*

Response DefaultHttpResponse(decodeResult: success, version: HTTP/1.1)
HTTP/1.1 200 OK
Content-Length: 52
Content-Type: application/json; charset=utf-8
cache-control: no-cache

11:36:52.587 [AsyncHttpClient-1-8] DEBUG org.asynchttpclient.netty.channel.ChannelManager - Adding key: http://localhost:6896 for channel [id: 0x1681981a, L:/127.0.0.1:61476 - R:localhost/127.0.0.1:6896]
11:36:52.595 [main] DEBUG net.thucydides.core.steps.StepInterceptor - STARTING STEP: InventoryPageSteps.test5_validateSortinLogicInFilter - chooseFilterLowToHigh
11:36:52.597 [Forwarding findElement on session 7f96e7e36b9f10a8b5acad60a25246de to remote] DEBUG org.asynchttpclient.netty.request.NettyRequestSender - Using pooled Channel '[id: 0x1681981a, L:/127.0.0.1:61476 - R:localhost/127.0.0.1:6896]' for 'POST' to 'http://localhost:6896/session/7f96e7e36b9f10a8b5acad60a25246de/element'
11:36:52.597 [Forwarding findElement on session 7f96e7e36b9f10a8b5acad60a25246de to remote] DEBUG org.asynchttpclient.netty.request.NettyRequestSender - Using open Channel [id: 0x1681981a, L:/127.0.0.1:61476 - R:localhost/127.0.0.1:6896] for POST '/session/7f96e7e36b9f10a8b5acad60a25246de/element'
11:36:52.603 [AsyncHttpClient-1-8] DEBUG org.asynchttpclient.netty.handler.HttpHandler - 

Request DefaultHttpRequest(decodeResult: success, version: HTTP/1.1)
POST /session/7f96e7e36b9f10a8b5acad60a25246de/element HTTP/1.1
User-Agent: selenium/4.8.0 (java windows)
Content-Length: 88
Content-Type: application/json; charset=utf-8
host: localhost:6896
accept: */*

Response DefaultHttpResponse(decodeResult: success, version: HTTP/1.1)
HTTP/1.1 200 OK
Content-Length: 95
Content-Type: application/json; charset=utf-8
cache-control: no-cache

11:36:52.603 [AsyncHttpClient-1-8] DEBUG org.asynchttpclient.netty.channel.ChannelManager - Adding key: http://localhost:6896 for channel [id: 0x1681981a, L:/127.0.0.1:61476 - R:localhost/127.0.0.1:6896]
11:36:52.605 [Forwarding isElementDisplayed on session 7f96e7e36b9f10a8b5acad60a25246de to remote] DEBUG org.asynchttpclient.netty.request.NettyRequestSender - Using pooled Channel '[id: 0x1681981a, L:/127.0.0.1:61476 - R:localhost/127.0.0.1:6896]' for 'POST' to 'http://localhost:6896/session/7f96e7e36b9f10a8b5acad60a25246de/execute/sync'
11:36:52.605 [Forwarding isElementDisplayed on session 7f96e7e36b9f10a8b5acad60a25246de to remote] DEBUG org.asynchttpclient.netty.request.NettyRequestSender - Using open Channel [id: 0x1681981a, L:/127.0.0.1:61476 - R:localhost/127.0.0.1:6896] for POST '/session/7f96e7e36b9f10a8b5acad60a25246de/execute/sync'
11:36:52.616 [AsyncHttpClient-1-8] DEBUG org.asynchttpclient.netty.handler.HttpHandler - 

Request DefaultHttpRequest(decodeResult: success, version: HTTP/1.1)
POST /session/7f96e7e36b9f10a8b5acad60a25246de/execute/sync HTTP/1.1
User-Agent: selenium/4.8.0 (java windows)
Content-Length: 48814
Content-Type: application/json; charset=utf-8
host: localhost:6896
accept: */*

Response DefaultHttpResponse(decodeResult: success, version: HTTP/1.1)
HTTP/1.1 200 OK
Content-Length: 14
Content-Type: application/json; charset=utf-8
cache-control: no-cache

11:36:52.616 [AsyncHttpClient-1-8] DEBUG org.asynchttpclient.netty.channel.ChannelManager - Adding key: http://localhost:6896 for channel [id: 0x1681981a, L:/127.0.0.1:61476 - R:localhost/127.0.0.1:6896]
11:36:52.616 [Forwarding getElementTagName on session 7f96e7e36b9f10a8b5acad60a25246de to remote] DEBUG org.asynchttpclient.netty.request.NettyRequestSender - Using pooled Channel '[id: 0x1681981a, L:/127.0.0.1:61476 - R:localhost/127.0.0.1:6896]' for 'GET' to 'http://localhost:6896/session/7f96e7e36b9f10a8b5acad60a25246de/element/6FF2D42796E1B5636833727143D40385_element_56/name'
11:36:52.616 [Forwarding getElementTagName on session 7f96e7e36b9f10a8b5acad60a25246de to remote] DEBUG org.asynchttpclient.netty.request.NettyRequestSender - Using open Channel [id: 0x1681981a, L:/127.0.0.1:61476 - R:localhost/127.0.0.1:6896] for GET '/session/7f96e7e36b9f10a8b5acad60a25246de/element/6FF2D42796E1B5636833727143D40385_element_56/name'
11:36:52.621 [AsyncHttpClient-1-8] DEBUG org.asynchttpclient.netty.handler.HttpHandler - 

Request DefaultFullHttpRequest(decodeResult: success, version: HTTP/1.1, content: EmptyByteBufBE)
GET /session/7f96e7e36b9f10a8b5acad60a25246de/element/6FF2D42796E1B5636833727143D40385_element_56/name HTTP/1.1
User-Agent: selenium/4.8.0 (java windows)
Cache-Control: no-cache
Content-Type: application/json; charset=utf-8
host: localhost:6896
accept: */*

Response DefaultHttpResponse(decodeResult: success, version: HTTP/1.1)
HTTP/1.1 200 OK
Content-Length: 18
Content-Type: application/json; charset=utf-8
cache-control: no-cache

11:36:52.621 [AsyncHttpClient-1-8] DEBUG org.asynchttpclient.netty.channel.ChannelManager - Adding key: http://localhost:6896 for channel [id: 0x1681981a, L:/127.0.0.1:61476 - R:localhost/127.0.0.1:6896]
11:36:52.621 [Forwarding getElementDomAttribute on session 7f96e7e36b9f10a8b5acad60a25246de to remote] DEBUG org.asynchttpclient.netty.request.NettyRequestSender - Using pooled Channel '[id: 0x1681981a, L:/127.0.0.1:61476 - R:localhost/127.0.0.1:6896]' for 'GET' to 'http://localhost:6896/session/7f96e7e36b9f10a8b5acad60a25246de/element/6FF2D42796E1B5636833727143D40385_element_56/attribute/multiple'
11:36:52.621 [Forwarding getElementDomAttribute on session 7f96e7e36b9f10a8b5acad60a25246de to remote] DEBUG org.asynchttpclient.netty.request.NettyRequestSender - Using open Channel [id: 0x1681981a, L:/127.0.0.1:61476 - R:localhost/127.0.0.1:6896] for GET '/session/7f96e7e36b9f10a8b5acad60a25246de/element/6FF2D42796E1B5636833727143D40385_element_56/attribute/multiple'
11:36:52.626 [AsyncHttpClient-1-8] DEBUG org.asynchttpclient.netty.handler.HttpHandler - 

Request DefaultFullHttpRequest(decodeResult: success, version: HTTP/1.1, content: EmptyByteBufBE)
GET /session/7f96e7e36b9f10a8b5acad60a25246de/element/6FF2D42796E1B5636833727143D40385_element_56/attribute/multiple HTTP/1.1
User-Agent: selenium/4.8.0 (java windows)
Cache-Control: no-cache
Content-Type: application/json; charset=utf-8
host: localhost:6896
accept: */*

Response DefaultHttpResponse(decodeResult: success, version: HTTP/1.1)
HTTP/1.1 200 OK
Content-Length: 14
Content-Type: application/json; charset=utf-8
cache-control: no-cache

11:36:52.626 [AsyncHttpClient-1-8] DEBUG org.asynchttpclient.netty.channel.ChannelManager - Adding key: http://localhost:6896 for channel [id: 0x1681981a, L:/127.0.0.1:61476 - R:localhost/127.0.0.1:6896]
11:36:52.626 [Forwarding isElementEnabled on session 7f96e7e36b9f10a8b5acad60a25246de to remote] DEBUG org.asynchttpclient.netty.request.NettyRequestSender - Using pooled Channel '[id: 0x1681981a, L:/127.0.0.1:61476 - R:localhost/127.0.0.1:6896]' for 'GET' to 'http://localhost:6896/session/7f96e7e36b9f10a8b5acad60a25246de/element/6FF2D42796E1B5636833727143D40385_element_56/enabled'
11:36:52.626 [Forwarding isElementEnabled on session 7f96e7e36b9f10a8b5acad60a25246de to remote] DEBUG org.asynchttpclient.netty.request.NettyRequestSender - Using open Channel [id: 0x1681981a, L:/127.0.0.1:61476 - R:localhost/127.0.0.1:6896] for GET '/session/7f96e7e36b9f10a8b5acad60a25246de/element/6FF2D42796E1B5636833727143D40385_element_56/enabled'
11:36:52.630 [AsyncHttpClient-1-8] DEBUG org.asynchttpclient.netty.handler.HttpHandler - 

Request DefaultFullHttpRequest(decodeResult: success, version: HTTP/1.1, content: EmptyByteBufBE)
GET /session/7f96e7e36b9f10a8b5acad60a25246de/element/6FF2D42796E1B5636833727143D40385_element_56/enabled HTTP/1.1
User-Agent: selenium/4.8.0 (java windows)
Cache-Control: no-cache
Content-Type: application/json; charset=utf-8
host: localhost:6896
accept: */*

Response DefaultHttpResponse(decodeResult: success, version: HTTP/1.1)
HTTP/1.1 200 OK
Content-Length: 14
Content-Type: application/json; charset=utf-8
cache-control: no-cache

11:36:52.630 [AsyncHttpClient-1-8] DEBUG org.asynchttpclient.netty.channel.ChannelManager - Adding key: http://localhost:6896 for channel [id: 0x1681981a, L:/127.0.0.1:61476 - R:localhost/127.0.0.1:6896]
11:36:52.631 [Forwarding findChildElements on session 7f96e7e36b9f10a8b5acad60a25246de to remote] DEBUG org.asynchttpclient.netty.request.NettyRequestSender - Using pooled Channel '[id: 0x1681981a, L:/127.0.0.1:61476 - R:localhost/127.0.0.1:6896]' for 'POST' to 'http://localhost:6896/session/7f96e7e36b9f10a8b5acad60a25246de/element/6FF2D42796E1B5636833727143D40385_element_56/elements'
11:36:52.631 [Forwarding findChildElements on session 7f96e7e36b9f10a8b5acad60a25246de to remote] DEBUG org.asynchttpclient.netty.request.NettyRequestSender - Using open Channel [id: 0x1681981a, L:/127.0.0.1:61476 - R:localhost/127.0.0.1:6896] for POST '/session/7f96e7e36b9f10a8b5acad60a25246de/element/6FF2D42796E1B5636833727143D40385_element_56/elements'
11:36:52.638 [AsyncHttpClient-1-8] DEBUG org.asynchttpclient.netty.handler.HttpHandler - 

Request DefaultHttpRequest(decodeResult: success, version: HTTP/1.1)
POST /session/7f96e7e36b9f10a8b5acad60a25246de/element/6FF2D42796E1B5636833727143D40385_element_56/elements HTTP/1.1
User-Agent: selenium/4.8.0 (java windows)
Content-Length: 101
Content-Type: application/json; charset=utf-8
host: localhost:6896
accept: */*

Response DefaultHttpResponse(decodeResult: success, version: HTTP/1.1)
HTTP/1.1 200 OK
Content-Length: 355
Content-Type: application/json; charset=utf-8
cache-control: no-cache

11:36:52.638 [AsyncHttpClient-1-8] DEBUG org.asynchttpclient.netty.channel.ChannelManager - Adding key: http://localhost:6896 for channel [id: 0x1681981a, L:/127.0.0.1:61476 - R:localhost/127.0.0.1:6896]
11:36:52.642 [Forwarding getElementAttribute on session 7f96e7e36b9f10a8b5acad60a25246de to remote] DEBUG org.asynchttpclient.netty.request.NettyRequestSender - Using pooled Channel '[id: 0x1681981a, L:/127.0.0.1:61476 - R:localhost/127.0.0.1:6896]' for 'POST' to 'http://localhost:6896/session/7f96e7e36b9f10a8b5acad60a25246de/execute/sync'
11:36:52.642 [Forwarding getElementAttribute on session 7f96e7e36b9f10a8b5acad60a25246de to remote] DEBUG org.asynchttpclient.netty.request.NettyRequestSender - Using open Channel [id: 0x1681981a, L:/127.0.0.1:61476 - R:localhost/127.0.0.1:6896] for POST '/session/7f96e7e36b9f10a8b5acad60a25246de/execute/sync'
11:36:52.650 [AsyncHttpClient-1-8] DEBUG org.asynchttpclient.netty.handler.HttpHandler - 

Request DefaultHttpRequest(decodeResult: success, version: HTTP/1.1)
POST /session/7f96e7e36b9f10a8b5acad60a25246de/execute/sync HTTP/1.1
User-Agent: selenium/4.8.0 (java windows)
Content-Length: 47375
Content-Type: application/json; charset=utf-8
host: localhost:6896
accept: */*

Response DefaultHttpResponse(decodeResult: success, version: HTTP/1.1)
HTTP/1.1 200 OK
Content-Length: 13
Content-Type: application/json; charset=utf-8
cache-control: no-cache

11:36:52.650 [AsyncHttpClient-1-8] DEBUG org.asynchttpclient.netty.channel.ChannelManager - Adding key: http://localhost:6896 for channel [id: 0x1681981a, L:/127.0.0.1:61476 - R:localhost/127.0.0.1:6896]
11:36:52.651 [Forwarding getElementAttribute on session 7f96e7e36b9f10a8b5acad60a25246de to remote] DEBUG org.asynchttpclient.netty.request.NettyRequestSender - Using pooled Channel '[id: 0x1681981a, L:/127.0.0.1:61476 - R:localhost/127.0.0.1:6896]' for 'POST' to 'http://localhost:6896/session/7f96e7e36b9f10a8b5acad60a25246de/execute/sync'
11:36:52.651 [Forwarding getElementAttribute on session 7f96e7e36b9f10a8b5acad60a25246de to remote] DEBUG org.asynchttpclient.netty.request.NettyRequestSender - Using open Channel [id: 0x1681981a, L:/127.0.0.1:61476 - R:localhost/127.0.0.1:6896] for POST '/session/7f96e7e36b9f10a8b5acad60a25246de/execute/sync'
11:36:52.658 [AsyncHttpClient-1-8] DEBUG org.asynchttpclient.netty.handler.HttpHandler - 

Request DefaultHttpRequest(decodeResult: success, version: HTTP/1.1)
POST /session/7f96e7e36b9f10a8b5acad60a25246de/execute/sync HTTP/1.1
User-Agent: selenium/4.8.0 (java windows)
Content-Length: 47375
Content-Type: application/json; charset=utf-8
host: localhost:6896
accept: */*

Response DefaultHttpResponse(decodeResult: success, version: HTTP/1.1)
HTTP/1.1 200 OK
Content-Length: 13
Content-Type: application/json; charset=utf-8
cache-control: no-cache

11:36:52.659 [AsyncHttpClient-1-8] DEBUG org.asynchttpclient.netty.channel.ChannelManager - Adding key: http://localhost:6896 for channel [id: 0x1681981a, L:/127.0.0.1:61476 - R:localhost/127.0.0.1:6896]
11:36:52.660 [Forwarding getElementAttribute on session 7f96e7e36b9f10a8b5acad60a25246de to remote] DEBUG org.asynchttpclient.netty.request.NettyRequestSender - Using pooled Channel '[id: 0x1681981a, L:/127.0.0.1:61476 - R:localhost/127.0.0.1:6896]' for 'POST' to 'http://localhost:6896/session/7f96e7e36b9f10a8b5acad60a25246de/execute/sync'
11:36:52.660 [Forwarding getElementAttribute on session 7f96e7e36b9f10a8b5acad60a25246de to remote] DEBUG org.asynchttpclient.netty.request.NettyRequestSender - Using open Channel [id: 0x1681981a, L:/127.0.0.1:61476 - R:localhost/127.0.0.1:6896] for POST '/session/7f96e7e36b9f10a8b5acad60a25246de/execute/sync'
11:36:52.669 [AsyncHttpClient-1-8] DEBUG org.asynchttpclient.netty.handler.HttpHandler - 

Request DefaultHttpRequest(decodeResult: success, version: HTTP/1.1)
POST /session/7f96e7e36b9f10a8b5acad60a25246de/execute/sync HTTP/1.1
User-Agent: selenium/4.8.0 (java windows)
Content-Length: 47375
Content-Type: application/json; charset=utf-8
host: localhost:6896
accept: */*

Response DefaultHttpResponse(decodeResult: success, version: HTTP/1.1)
HTTP/1.1 200 OK
Content-Length: 13
Content-Type: application/json; charset=utf-8
cache-control: no-cache

11:36:52.669 [AsyncHttpClient-1-8] DEBUG org.asynchttpclient.netty.channel.ChannelManager - Adding key: http://localhost:6896 for channel [id: 0x1681981a, L:/127.0.0.1:61476 - R:localhost/127.0.0.1:6896]
11:36:52.670 [Forwarding isElementEnabled on session 7f96e7e36b9f10a8b5acad60a25246de to remote] DEBUG org.asynchttpclient.netty.request.NettyRequestSender - Using pooled Channel '[id: 0x1681981a, L:/127.0.0.1:61476 - R:localhost/127.0.0.1:6896]' for 'GET' to 'http://localhost:6896/session/7f96e7e36b9f10a8b5acad60a25246de/element/6FF2D42796E1B5636833727143D40385_element_62/enabled'
11:36:52.670 [Forwarding isElementEnabled on session 7f96e7e36b9f10a8b5acad60a25246de to remote] DEBUG org.asynchttpclient.netty.request.NettyRequestSender - Using open Channel [id: 0x1681981a, L:/127.0.0.1:61476 - R:localhost/127.0.0.1:6896] for GET '/session/7f96e7e36b9f10a8b5acad60a25246de/element/6FF2D42796E1B5636833727143D40385_element_62/enabled'
11:36:52.677 [AsyncHttpClient-1-8] DEBUG org.asynchttpclient.netty.handler.HttpHandler - 

Request DefaultFullHttpRequest(decodeResult: success, version: HTTP/1.1, content: EmptyByteBufBE)
GET /session/7f96e7e36b9f10a8b5acad60a25246de/element/6FF2D42796E1B5636833727143D40385_element_62/enabled HTTP/1.1
User-Agent: selenium/4.8.0 (java windows)
Cache-Control: no-cache
Content-Type: application/json; charset=utf-8
host: localhost:6896
accept: */*

Response DefaultHttpResponse(decodeResult: success, version: HTTP/1.1)
HTTP/1.1 200 OK
Content-Length: 14
Content-Type: application/json; charset=utf-8
cache-control: no-cache

11:36:52.677 [AsyncHttpClient-1-8] DEBUG org.asynchttpclient.netty.channel.ChannelManager - Adding key: http://localhost:6896 for channel [id: 0x1681981a, L:/127.0.0.1:61476 - R:localhost/127.0.0.1:6896]
11:36:52.677 [Forwarding isElementSelected on session 7f96e7e36b9f10a8b5acad60a25246de to remote] DEBUG org.asynchttpclient.netty.request.NettyRequestSender - Using pooled Channel '[id: 0x1681981a, L:/127.0.0.1:61476 - R:localhost/127.0.0.1:6896]' for 'GET' to 'http://localhost:6896/session/7f96e7e36b9f10a8b5acad60a25246de/element/6FF2D42796E1B5636833727143D40385_element_62/selected'
11:36:52.677 [Forwarding isElementSelected on session 7f96e7e36b9f10a8b5acad60a25246de to remote] DEBUG org.asynchttpclient.netty.request.NettyRequestSender - Using open Channel [id: 0x1681981a, L:/127.0.0.1:61476 - R:localhost/127.0.0.1:6896] for GET '/session/7f96e7e36b9f10a8b5acad60a25246de/element/6FF2D42796E1B5636833727143D40385_element_62/selected'
11:36:52.685 [AsyncHttpClient-1-8] DEBUG org.asynchttpclient.netty.handler.HttpHandler - 

Request DefaultFullHttpRequest(decodeResult: success, version: HTTP/1.1, content: EmptyByteBufBE)
GET /session/7f96e7e36b9f10a8b5acad60a25246de/element/6FF2D42796E1B5636833727143D40385_element_62/selected HTTP/1.1
User-Agent: selenium/4.8.0 (java windows)
Cache-Control: no-cache
Content-Type: application/json; charset=utf-8
host: localhost:6896
accept: */*

Response DefaultHttpResponse(decodeResult: success, version: HTTP/1.1)
HTTP/1.1 200 OK
Content-Length: 15
Content-Type: application/json; charset=utf-8
cache-control: no-cache

11:36:52.685 [AsyncHttpClient-1-8] DEBUG org.asynchttpclient.netty.channel.ChannelManager - Adding key: http://localhost:6896 for channel [id: 0x1681981a, L:/127.0.0.1:61476 - R:localhost/127.0.0.1:6896]
11:36:52.686 [Forwarding clickElement on session 7f96e7e36b9f10a8b5acad60a25246de to remote] DEBUG org.asynchttpclient.netty.request.NettyRequestSender - Using pooled Channel '[id: 0x1681981a, L:/127.0.0.1:61476 - R:localhost/127.0.0.1:6896]' for 'POST' to 'http://localhost:6896/session/7f96e7e36b9f10a8b5acad60a25246de/element/6FF2D42796E1B5636833727143D40385_element_62/click'
11:36:52.686 [Forwarding clickElement on session 7f96e7e36b9f10a8b5acad60a25246de to remote] DEBUG org.asynchttpclient.netty.request.NettyRequestSender - Using open Channel [id: 0x1681981a, L:/127.0.0.1:61476 - R:localhost/127.0.0.1:6896] for POST '/session/7f96e7e36b9f10a8b5acad60a25246de/element/6FF2D42796E1B5636833727143D40385_element_62/click'
11:36:52.745 [AsyncHttpClient-1-1] DEBUG org.asynchttpclient.netty.channel.DefaultChannelPool - Entry count for : http://localhost:61482 : 1
11:36:53.832 [AsyncHttpClient-1-1] DEBUG org.asynchttpclient.netty.channel.DefaultChannelPool - Entry count for : http://localhost:61482 : 1
11:36:54.944 [AsyncHttpClient-1-1] DEBUG org.asynchttpclient.netty.channel.DefaultChannelPool - Entry count for : http://localhost:61482 : 1
11:36:56.047 [AsyncHttpClient-1-1] DEBUG org.asynchttpclient.netty.channel.DefaultChannelPool - Entry count for : http://localhost:61482 : 1
11:36:57.134 [AsyncHttpClient-1-1] DEBUG org.asynchttpclient.netty.channel.DefaultChannelPool - Entry count for : http://localhost:61482 : 1
11:36:57.714 [AsyncHttpClient-1-8] DEBUG org.asynchttpclient.netty.handler.HttpHandler - 

Request DefaultHttpRequest(decodeResult: success, version: HTTP/1.1)
POST /session/7f96e7e36b9f10a8b5acad60a25246de/element/6FF2D42796E1B5636833727143D40385_element_62/click HTTP/1.1
User-Agent: selenium/4.8.0 (java windows)
Content-Length: 57
Content-Type: application/json; charset=utf-8
host: localhost:6896
accept: */*

Response DefaultHttpResponse(decodeResult: success, version: HTTP/1.1)
HTTP/1.1 200 OK
Content-Length: 14
Content-Type: application/json; charset=utf-8
cache-control: no-cache

11:36:57.714 [AsyncHttpClient-1-8] DEBUG org.asynchttpclient.netty.channel.ChannelManager - Adding key: http://localhost:6896 for channel [id: 0x1681981a, L:/127.0.0.1:61476 - R:localhost/127.0.0.1:6896]
11:36:57.716 [main] INFO  com.swaglabs.base.SetUp - filter low to high selected
11:36:57.720 [Forwarding getAlertText on session 7f96e7e36b9f10a8b5acad60a25246de to remote] DEBUG org.asynchttpclient.netty.request.NettyRequestSender - Using pooled Channel '[id: 0x1681981a, L:/127.0.0.1:61476 - R:localhost/127.0.0.1:6896]' for 'GET' to 'http://localhost:6896/session/7f96e7e36b9f10a8b5acad60a25246de/alert/text'
11:36:57.720 [Forwarding getAlertText on session 7f96e7e36b9f10a8b5acad60a25246de to remote] DEBUG org.asynchttpclient.netty.request.NettyRequestSender - Using open Channel [id: 0x1681981a, L:/127.0.0.1:61476 - R:localhost/127.0.0.1:6896] for GET '/session/7f96e7e36b9f10a8b5acad60a25246de/alert/text'
11:36:57.723 [AsyncHttpClient-1-8] DEBUG org.asynchttpclient.netty.handler.HttpHandler - 

Request DefaultFullHttpRequest(decodeResult: success, version: HTTP/1.1, content: EmptyByteBufBE)
GET /session/7f96e7e36b9f10a8b5acad60a25246de/alert/text HTTP/1.1
User-Agent: selenium/4.8.0 (java windows)
Cache-Control: no-cache
Content-Type: application/json; charset=utf-8
host: localhost:6896
accept: */*

Response DefaultHttpResponse(decodeResult: success, version: HTTP/1.1)
HTTP/1.1 404 Not Found
Content-Length: 1522
Content-Type: application/json; charset=utf-8
cache-control: no-cache

11:36:57.724 [AsyncHttpClient-1-8] DEBUG org.asynchttpclient.netty.channel.ChannelManager - Adding key: http://localhost:6896 for channel [id: 0x1681981a, L:/127.0.0.1:61476 - R:localhost/127.0.0.1:6896]
11:36:57.727 [Forwarding getCurrentUrl on session 7f96e7e36b9f10a8b5acad60a25246de to remote] DEBUG org.asynchttpclient.netty.request.NettyRequestSender - Using pooled Channel '[id: 0x1681981a, L:/127.0.0.1:61476 - R:localhost/127.0.0.1:6896]' for 'GET' to 'http://localhost:6896/session/7f96e7e36b9f10a8b5acad60a25246de/url'
11:36:57.727 [Forwarding getCurrentUrl on session 7f96e7e36b9f10a8b5acad60a25246de to remote] DEBUG org.asynchttpclient.netty.request.NettyRequestSender - Using open Channel [id: 0x1681981a, L:/127.0.0.1:61476 - R:localhost/127.0.0.1:6896] for GET '/session/7f96e7e36b9f10a8b5acad60a25246de/url'
11:36:57.733 [AsyncHttpClient-1-8] DEBUG org.asynchttpclient.netty.handler.HttpHandler - 

Request DefaultFullHttpRequest(decodeResult: success, version: HTTP/1.1, content: EmptyByteBufBE)
GET /session/7f96e7e36b9f10a8b5acad60a25246de/url HTTP/1.1
User-Agent: selenium/4.8.0 (java windows)
Cache-Control: no-cache
Content-Type: application/json; charset=utf-8
host: localhost:6896
accept: */*

Response DefaultHttpResponse(decodeResult: success, version: HTTP/1.1)
HTTP/1.1 200 OK
Content-Length: 52
Content-Type: application/json; charset=utf-8
cache-control: no-cache

11:36:57.733 [AsyncHttpClient-1-8] DEBUG org.asynchttpclient.netty.channel.ChannelManager - Adding key: http://localhost:6896 for channel [id: 0x1681981a, L:/127.0.0.1:61476 - R:localhost/127.0.0.1:6896]
11:36:57.733 [Forwarding screenshot on session 7f96e7e36b9f10a8b5acad60a25246de to remote] DEBUG org.asynchttpclient.netty.request.NettyRequestSender - Using pooled Channel '[id: 0x1681981a, L:/127.0.0.1:61476 - R:localhost/127.0.0.1:6896]' for 'GET' to 'http://localhost:6896/session/7f96e7e36b9f10a8b5acad60a25246de/screenshot'
11:36:57.733 [Forwarding screenshot on session 7f96e7e36b9f10a8b5acad60a25246de to remote] DEBUG org.asynchttpclient.netty.request.NettyRequestSender - Using open Channel [id: 0x1681981a, L:/127.0.0.1:61476 - R:localhost/127.0.0.1:6896] for GET '/session/7f96e7e36b9f10a8b5acad60a25246de/screenshot'
11:36:57.899 [AsyncHttpClient-1-8] DEBUG org.asynchttpclient.netty.handler.HttpHandler - 

Request DefaultFullHttpRequest(decodeResult: success, version: HTTP/1.1, content: EmptyByteBufBE)
GET /session/7f96e7e36b9f10a8b5acad60a25246de/screenshot HTTP/1.1
User-Agent: selenium/4.8.0 (java windows)
Cache-Control: no-cache
Content-Type: application/json; charset=utf-8
host: localhost:6896
accept: */*

Response DefaultHttpResponse(decodeResult: success, version: HTTP/1.1)
HTTP/1.1 200 OK
Content-Length: 468244
Content-Type: application/json; charset=utf-8
cache-control: no-cache

11:36:57.899 [AsyncHttpClient-1-8] DEBUG org.asynchttpclient.netty.channel.ChannelManager - Adding key: http://localhost:6896 for channel [id: 0x1681981a, L:/127.0.0.1:61476 - R:localhost/127.0.0.1:6896]
11:36:57.907 [main] DEBUG net.serenitybdd.core.photography.Darkroom - Send negative for processing for target\site\serenity\c49000b45b33987fa5fcdeb621f111e8ac5286e3002dcb555cb3d50fe03af657.png
11:36:57.908 [main] DEBUG net.thucydides.core.steps.StepInterceptor - STEP DONE: chooseFilterLowToHigh
11:36:57.914 [Darkroom Processing Line] DEBUG net.serenitybdd.core.photography.DarkroomProcessingLine - Processing screenshot image in /var/screenshots/screenshot-4858563483848101833
11:36:57.914 [Darkroom Processing Line] DEBUG net.serenitybdd.core.photography.DarkroomProcessingLine - Saving screenshot to target\site\serenity\c49000b45b33987fa5fcdeb621f111e8ac5286e3002dcb555cb3d50fe03af657.png
11:36:57.914 [Forwarding getPageSource on session 7f96e7e36b9f10a8b5acad60a25246de to remote] DEBUG org.asynchttpclient.netty.request.NettyRequestSender - Using pooled Channel '[id: 0x1681981a, L:/127.0.0.1:61476 - R:localhost/127.0.0.1:6896]' for 'POST' to 'http://localhost:6896/session/7f96e7e36b9f10a8b5acad60a25246de/execute/sync'
11:36:57.914 [Forwarding getPageSource on session 7f96e7e36b9f10a8b5acad60a25246de to remote] DEBUG org.asynchttpclient.netty.request.NettyRequestSender - Using open Channel [id: 0x1681981a, L:/127.0.0.1:61476 - R:localhost/127.0.0.1:6896] for POST '/session/7f96e7e36b9f10a8b5acad60a25246de/execute/sync'
11:36:57.921 [AsyncHttpClient-1-8] DEBUG org.asynchttpclient.netty.handler.HttpHandler - 

Request DefaultHttpRequest(decodeResult: success, version: HTTP/1.1)
POST /session/7f96e7e36b9f10a8b5acad60a25246de/execute/sync HTTP/1.1
User-Agent: selenium/4.8.0 (java windows)
Content-Length: 176
Content-Type: application/json; charset=utf-8
host: localhost:6896
accept: */*

Response DefaultHttpResponse(decodeResult: success, version: HTTP/1.1)
HTTP/1.1 200 OK
Content-Length: 16398
Content-Type: application/json; charset=utf-8
cache-control: no-cache

11:36:57.921 [AsyncHttpClient-1-8] DEBUG org.asynchttpclient.netty.channel.ChannelManager - Adding key: http://localhost:6896 for channel [id: 0x1681981a, L:/127.0.0.1:61476 - R:localhost/127.0.0.1:6896]
11:36:57.922 [Forwarding getCurrentUrl on session 7f96e7e36b9f10a8b5acad60a25246de to remote] DEBUG org.asynchttpclient.netty.request.NettyRequestSender - Using pooled Channel '[id: 0x1681981a, L:/127.0.0.1:61476 - R:localhost/127.0.0.1:6896]' for 'GET' to 'http://localhost:6896/session/7f96e7e36b9f10a8b5acad60a25246de/url'
11:36:57.922 [Forwarding getCurrentUrl on session 7f96e7e36b9f10a8b5acad60a25246de to remote] DEBUG org.asynchttpclient.netty.request.NettyRequestSender - Using open Channel [id: 0x1681981a, L:/127.0.0.1:61476 - R:localhost/127.0.0.1:6896] for GET '/session/7f96e7e36b9f10a8b5acad60a25246de/url'
11:36:57.927 [AsyncHttpClient-1-8] DEBUG org.asynchttpclient.netty.handler.HttpHandler - 

Request DefaultFullHttpRequest(decodeResult: success, version: HTTP/1.1, content: EmptyByteBufBE)
GET /session/7f96e7e36b9f10a8b5acad60a25246de/url HTTP/1.1
User-Agent: selenium/4.8.0 (java windows)
Cache-Control: no-cache
Content-Type: application/json; charset=utf-8
host: localhost:6896
accept: */*

Response DefaultHttpResponse(decodeResult: success, version: HTTP/1.1)
HTTP/1.1 200 OK
Content-Length: 52
Content-Type: application/json; charset=utf-8
cache-control: no-cache

11:36:57.927 [AsyncHttpClient-1-8] DEBUG org.asynchttpclient.netty.channel.ChannelManager - Adding key: http://localhost:6896 for channel [id: 0x1681981a, L:/127.0.0.1:61476 - R:localhost/127.0.0.1:6896]
11:36:57.935 [main] DEBUG net.thucydides.core.steps.StepInterceptor - STARTING STEP: InventoryPageSteps.test5_validateSortinLogicInFilter - validate ProductsPricesLowToHigh
11:36:57.935 [Forwarding findElements on session 7f96e7e36b9f10a8b5acad60a25246de to remote] DEBUG org.asynchttpclient.netty.request.NettyRequestSender - Using pooled Channel '[id: 0x1681981a, L:/127.0.0.1:61476 - R:localhost/127.0.0.1:6896]' for 'POST' to 'http://localhost:6896/session/7f96e7e36b9f10a8b5acad60a25246de/elements'
11:36:57.935 [Forwarding findElements on session 7f96e7e36b9f10a8b5acad60a25246de to remote] DEBUG org.asynchttpclient.netty.request.NettyRequestSender - Using open Channel [id: 0x1681981a, L:/127.0.0.1:61476 - R:localhost/127.0.0.1:6896] for POST '/session/7f96e7e36b9f10a8b5acad60a25246de/elements'
11:36:57.941 [AsyncHttpClient-1-8] DEBUG org.asynchttpclient.netty.handler.HttpHandler - 

Request DefaultHttpRequest(decodeResult: success, version: HTTP/1.1)
POST /session/7f96e7e36b9f10a8b5acad60a25246de/elements HTTP/1.1
User-Agent: selenium/4.8.0 (java windows)
Content-Length: 83
Content-Type: application/json; charset=utf-8
host: localhost:6896
accept: */*

Response DefaultHttpResponse(decodeResult: success, version: HTTP/1.1)
HTTP/1.1 200 OK
Content-Length: 527
Content-Type: application/json; charset=utf-8
cache-control: no-cache

11:36:57.941 [AsyncHttpClient-1-8] DEBUG org.asynchttpclient.netty.channel.ChannelManager - Adding key: http://localhost:6896 for channel [id: 0x1681981a, L:/127.0.0.1:61476 - R:localhost/127.0.0.1:6896]
11:36:57.943 [Forwarding findElements on session 7f96e7e36b9f10a8b5acad60a25246de to remote] DEBUG org.asynchttpclient.netty.request.NettyRequestSender - Using pooled Channel '[id: 0x1681981a, L:/127.0.0.1:61476 - R:localhost/127.0.0.1:6896]' for 'POST' to 'http://localhost:6896/session/7f96e7e36b9f10a8b5acad60a25246de/elements'
11:36:57.943 [Forwarding findElements on session 7f96e7e36b9f10a8b5acad60a25246de to remote] DEBUG org.asynchttpclient.netty.request.NettyRequestSender - Using open Channel [id: 0x1681981a, L:/127.0.0.1:61476 - R:localhost/127.0.0.1:6896] for POST '/session/7f96e7e36b9f10a8b5acad60a25246de/elements'
11:36:57.949 [AsyncHttpClient-1-8] DEBUG org.asynchttpclient.netty.handler.HttpHandler - 

Request DefaultHttpRequest(decodeResult: success, version: HTTP/1.1)
POST /session/7f96e7e36b9f10a8b5acad60a25246de/elements HTTP/1.1
User-Agent: selenium/4.8.0 (java windows)
Content-Length: 83
Content-Type: application/json; charset=utf-8
host: localhost:6896
accept: */*

Response DefaultHttpResponse(decodeResult: success, version: HTTP/1.1)
HTTP/1.1 200 OK
Content-Length: 527
Content-Type: application/json; charset=utf-8
cache-control: no-cache

11:36:57.949 [AsyncHttpClient-1-8] DEBUG org.asynchttpclient.netty.channel.ChannelManager - Adding key: http://localhost:6896 for channel [id: 0x1681981a, L:/127.0.0.1:61476 - R:localhost/127.0.0.1:6896]
11:36:57.950 [Forwarding findElements on session 7f96e7e36b9f10a8b5acad60a25246de to remote] DEBUG org.asynchttpclient.netty.request.NettyRequestSender - Using pooled Channel '[id: 0x1681981a, L:/127.0.0.1:61476 - R:localhost/127.0.0.1:6896]' for 'POST' to 'http://localhost:6896/session/7f96e7e36b9f10a8b5acad60a25246de/elements'
11:36:57.950 [Forwarding findElements on session 7f96e7e36b9f10a8b5acad60a25246de to remote] DEBUG org.asynchttpclient.netty.request.NettyRequestSender - Using open Channel [id: 0x1681981a, L:/127.0.0.1:61476 - R:localhost/127.0.0.1:6896] for POST '/session/7f96e7e36b9f10a8b5acad60a25246de/elements'
11:36:57.957 [AsyncHttpClient-1-8] DEBUG org.asynchttpclient.netty.handler.HttpHandler - 

Request DefaultHttpRequest(decodeResult: success, version: HTTP/1.1)
POST /session/7f96e7e36b9f10a8b5acad60a25246de/elements HTTP/1.1
User-Agent: selenium/4.8.0 (java windows)
Content-Length: 83
Content-Type: application/json; charset=utf-8
host: localhost:6896
accept: */*

Response DefaultHttpResponse(decodeResult: success, version: HTTP/1.1)
HTTP/1.1 200 OK
Content-Length: 527
Content-Type: application/json; charset=utf-8
cache-control: no-cache

11:36:57.958 [AsyncHttpClient-1-8] DEBUG org.asynchttpclient.netty.channel.ChannelManager - Adding key: http://localhost:6896 for channel [id: 0x1681981a, L:/127.0.0.1:61476 - R:localhost/127.0.0.1:6896]
11:36:57.959 [Forwarding getElementText on session 7f96e7e36b9f10a8b5acad60a25246de to remote] DEBUG org.asynchttpclient.netty.request.NettyRequestSender - Using pooled Channel '[id: 0x1681981a, L:/127.0.0.1:61476 - R:localhost/127.0.0.1:6896]' for 'GET' to 'http://localhost:6896/session/7f96e7e36b9f10a8b5acad60a25246de/element/6FF2D42796E1B5636833727143D40385_element_40/text'
11:36:57.959 [Forwarding getElementText on session 7f96e7e36b9f10a8b5acad60a25246de to remote] DEBUG org.asynchttpclient.netty.request.NettyRequestSender - Using open Channel [id: 0x1681981a, L:/127.0.0.1:61476 - R:localhost/127.0.0.1:6896] for GET '/session/7f96e7e36b9f10a8b5acad60a25246de/element/6FF2D42796E1B5636833727143D40385_element_40/text'
11:36:57.967 [AsyncHttpClient-1-8] DEBUG org.asynchttpclient.netty.handler.HttpHandler - 

Request DefaultFullHttpRequest(decodeResult: success, version: HTTP/1.1, content: EmptyByteBufBE)
GET /session/7f96e7e36b9f10a8b5acad60a25246de/element/6FF2D42796E1B5636833727143D40385_element_40/text HTTP/1.1
User-Agent: selenium/4.8.0 (java windows)
Cache-Control: no-cache
Content-Type: application/json; charset=utf-8
host: localhost:6896
accept: */*

Response DefaultHttpResponse(decodeResult: success, version: HTTP/1.1)
HTTP/1.1 200 OK
Content-Length: 17
Content-Type: application/json; charset=utf-8
cache-control: no-cache

11:36:57.967 [AsyncHttpClient-1-8] DEBUG org.asynchttpclient.netty.channel.ChannelManager - Adding key: http://localhost:6896 for channel [id: 0x1681981a, L:/127.0.0.1:61476 - R:localhost/127.0.0.1:6896]
11:36:57.968 [Forwarding findElements on session 7f96e7e36b9f10a8b5acad60a25246de to remote] DEBUG org.asynchttpclient.netty.request.NettyRequestSender - Using pooled Channel '[id: 0x1681981a, L:/127.0.0.1:61476 - R:localhost/127.0.0.1:6896]' for 'POST' to 'http://localhost:6896/session/7f96e7e36b9f10a8b5acad60a25246de/elements'
11:36:57.968 [Forwarding findElements on session 7f96e7e36b9f10a8b5acad60a25246de to remote] DEBUG org.asynchttpclient.netty.request.NettyRequestSender - Using open Channel [id: 0x1681981a, L:/127.0.0.1:61476 - R:localhost/127.0.0.1:6896] for POST '/session/7f96e7e36b9f10a8b5acad60a25246de/elements'
11:36:57.974 [AsyncHttpClient-1-8] DEBUG org.asynchttpclient.netty.handler.HttpHandler - 

Request DefaultHttpRequest(decodeResult: success, version: HTTP/1.1)
POST /session/7f96e7e36b9f10a8b5acad60a25246de/elements HTTP/1.1
User-Agent: selenium/4.8.0 (java windows)
Content-Length: 83
Content-Type: application/json; charset=utf-8
host: localhost:6896
accept: */*

Response DefaultHttpResponse(decodeResult: success, version: HTTP/1.1)
HTTP/1.1 200 OK
Content-Length: 527
Content-Type: application/json; charset=utf-8
cache-control: no-cache

11:36:57.974 [AsyncHttpClient-1-8] DEBUG org.asynchttpclient.netty.channel.ChannelManager - Adding key: http://localhost:6896 for channel [id: 0x1681981a, L:/127.0.0.1:61476 - R:localhost/127.0.0.1:6896]
11:36:57.976 [Forwarding getElementText on session 7f96e7e36b9f10a8b5acad60a25246de to remote] DEBUG org.asynchttpclient.netty.request.NettyRequestSender - Using pooled Channel '[id: 0x1681981a, L:/127.0.0.1:61476 - R:localhost/127.0.0.1:6896]' for 'GET' to 'http://localhost:6896/session/7f96e7e36b9f10a8b5acad60a25246de/element/6FF2D42796E1B5636833727143D40385_element_40/text'
11:36:57.976 [Forwarding getElementText on session 7f96e7e36b9f10a8b5acad60a25246de to remote] DEBUG org.asynchttpclient.netty.request.NettyRequestSender - Using open Channel [id: 0x1681981a, L:/127.0.0.1:61476 - R:localhost/127.0.0.1:6896] for GET '/session/7f96e7e36b9f10a8b5acad60a25246de/element/6FF2D42796E1B5636833727143D40385_element_40/text'
11:36:57.983 [AsyncHttpClient-1-8] DEBUG org.asynchttpclient.netty.handler.HttpHandler - 

Request DefaultFullHttpRequest(decodeResult: success, version: HTTP/1.1, content: EmptyByteBufBE)
GET /session/7f96e7e36b9f10a8b5acad60a25246de/element/6FF2D42796E1B5636833727143D40385_element_40/text HTTP/1.1
User-Agent: selenium/4.8.0 (java windows)
Cache-Control: no-cache
Content-Type: application/json; charset=utf-8
host: localhost:6896
accept: */*

Response DefaultHttpResponse(decodeResult: success, version: HTTP/1.1)
HTTP/1.1 200 OK
Content-Length: 17
Content-Type: application/json; charset=utf-8
cache-control: no-cache

11:36:57.983 [AsyncHttpClient-1-8] DEBUG org.asynchttpclient.netty.channel.ChannelManager - Adding key: http://localhost:6896 for channel [id: 0x1681981a, L:/127.0.0.1:61476 - R:localhost/127.0.0.1:6896]
11:36:57.984 [Forwarding findElements on session 7f96e7e36b9f10a8b5acad60a25246de to remote] DEBUG org.asynchttpclient.netty.request.NettyRequestSender - Using pooled Channel '[id: 0x1681981a, L:/127.0.0.1:61476 - R:localhost/127.0.0.1:6896]' for 'POST' to 'http://localhost:6896/session/7f96e7e36b9f10a8b5acad60a25246de/elements'
11:36:57.984 [Forwarding findElements on session 7f96e7e36b9f10a8b5acad60a25246de to remote] DEBUG org.asynchttpclient.netty.request.NettyRequestSender - Using open Channel [id: 0x1681981a, L:/127.0.0.1:61476 - R:localhost/127.0.0.1:6896] for POST '/session/7f96e7e36b9f10a8b5acad60a25246de/elements'
11:36:57.991 [AsyncHttpClient-1-8] DEBUG org.asynchttpclient.netty.handler.HttpHandler - 

Request DefaultHttpRequest(decodeResult: success, version: HTTP/1.1)
POST /session/7f96e7e36b9f10a8b5acad60a25246de/elements HTTP/1.1
User-Agent: selenium/4.8.0 (java windows)
Content-Length: 83
Content-Type: application/json; charset=utf-8
host: localhost:6896
accept: */*

Response DefaultHttpResponse(decodeResult: success, version: HTTP/1.1)
HTTP/1.1 200 OK
Content-Length: 527
Content-Type: application/json; charset=utf-8
cache-control: no-cache

11:36:57.991 [AsyncHttpClient-1-8] DEBUG org.asynchttpclient.netty.channel.ChannelManager - Adding key: http://localhost:6896 for channel [id: 0x1681981a, L:/127.0.0.1:61476 - R:localhost/127.0.0.1:6896]
11:36:57.992 [Forwarding getElementTagName on session 7f96e7e36b9f10a8b5acad60a25246de to remote] DEBUG org.asynchttpclient.netty.request.NettyRequestSender - Using pooled Channel '[id: 0x1681981a, L:/127.0.0.1:61476 - R:localhost/127.0.0.1:6896]' for 'GET' to 'http://localhost:6896/session/7f96e7e36b9f10a8b5acad60a25246de/element/6FF2D42796E1B5636833727143D40385_element_40/name'
11:36:57.992 [Forwarding getElementTagName on session 7f96e7e36b9f10a8b5acad60a25246de to remote] DEBUG org.asynchttpclient.netty.request.NettyRequestSender - Using open Channel [id: 0x1681981a, L:/127.0.0.1:61476 - R:localhost/127.0.0.1:6896] for GET '/session/7f96e7e36b9f10a8b5acad60a25246de/element/6FF2D42796E1B5636833727143D40385_element_40/name'
11:36:57.996 [AsyncHttpClient-1-8] DEBUG org.asynchttpclient.netty.handler.HttpHandler - 

Request DefaultFullHttpRequest(decodeResult: success, version: HTTP/1.1, content: EmptyByteBufBE)
GET /session/7f96e7e36b9f10a8b5acad60a25246de/element/6FF2D42796E1B5636833727143D40385_element_40/name HTTP/1.1
User-Agent: selenium/4.8.0 (java windows)
Cache-Control: no-cache
Content-Type: application/json; charset=utf-8
host: localhost:6896
accept: */*

Response DefaultHttpResponse(decodeResult: success, version: HTTP/1.1)
HTTP/1.1 200 OK
Content-Length: 15
Content-Type: application/json; charset=utf-8
cache-control: no-cache

11:36:57.996 [AsyncHttpClient-1-8] DEBUG org.asynchttpclient.netty.channel.ChannelManager - Adding key: http://localhost:6896 for channel [id: 0x1681981a, L:/127.0.0.1:61476 - R:localhost/127.0.0.1:6896]
11:36:57.997 [Forwarding getElementAttribute on session 7f96e7e36b9f10a8b5acad60a25246de to remote] DEBUG org.asynchttpclient.netty.request.NettyRequestSender - Using pooled Channel '[id: 0x1681981a, L:/127.0.0.1:61476 - R:localhost/127.0.0.1:6896]' for 'POST' to 'http://localhost:6896/session/7f96e7e36b9f10a8b5acad60a25246de/execute/sync'
11:36:57.997 [Forwarding getElementAttribute on session 7f96e7e36b9f10a8b5acad60a25246de to remote] DEBUG org.asynchttpclient.netty.request.NettyRequestSender - Using open Channel [id: 0x1681981a, L:/127.0.0.1:61476 - R:localhost/127.0.0.1:6896] for POST '/session/7f96e7e36b9f10a8b5acad60a25246de/execute/sync'
11:36:58.004 [AsyncHttpClient-1-8] DEBUG org.asynchttpclient.netty.handler.HttpHandler - 

Request DefaultHttpRequest(decodeResult: success, version: HTTP/1.1)
POST /session/7f96e7e36b9f10a8b5acad60a25246de/execute/sync HTTP/1.1
User-Agent: selenium/4.8.0 (java windows)
Content-Length: 47372
Content-Type: application/json; charset=utf-8
host: localhost:6896
accept: */*

Response DefaultHttpResponse(decodeResult: success, version: HTTP/1.1)
HTTP/1.1 200 OK
Content-Length: 12
Content-Type: application/json; charset=utf-8
cache-control: no-cache

11:36:58.004 [AsyncHttpClient-1-8] DEBUG org.asynchttpclient.netty.channel.ChannelManager - Adding key: http://localhost:6896 for channel [id: 0x1681981a, L:/127.0.0.1:61476 - R:localhost/127.0.0.1:6896]
11:36:58.006 [Forwarding getElementAttribute on session 7f96e7e36b9f10a8b5acad60a25246de to remote] DEBUG org.asynchttpclient.netty.request.NettyRequestSender - Using pooled Channel '[id: 0x1681981a, L:/127.0.0.1:61476 - R:localhost/127.0.0.1:6896]' for 'POST' to 'http://localhost:6896/session/7f96e7e36b9f10a8b5acad60a25246de/execute/sync'
11:36:58.006 [Forwarding getElementAttribute on session 7f96e7e36b9f10a8b5acad60a25246de to remote] DEBUG org.asynchttpclient.netty.request.NettyRequestSender - Using open Channel [id: 0x1681981a, L:/127.0.0.1:61476 - R:localhost/127.0.0.1:6896] for POST '/session/7f96e7e36b9f10a8b5acad60a25246de/execute/sync'
11:36:58.011 [AsyncHttpClient-1-8] DEBUG org.asynchttpclient.netty.handler.HttpHandler - 

Request DefaultHttpRequest(decodeResult: success, version: HTTP/1.1)
POST /session/7f96e7e36b9f10a8b5acad60a25246de/execute/sync HTTP/1.1
User-Agent: selenium/4.8.0 (java windows)
Content-Length: 47374
Content-Type: application/json; charset=utf-8
host: localhost:6896
accept: */*

Response DefaultHttpResponse(decodeResult: success, version: HTTP/1.1)
HTTP/1.1 200 OK
Content-Length: 14
Content-Type: application/json; charset=utf-8
cache-control: no-cache

11:36:58.012 [AsyncHttpClient-1-8] DEBUG org.asynchttpclient.netty.channel.ChannelManager - Adding key: http://localhost:6896 for channel [id: 0x1681981a, L:/127.0.0.1:61476 - R:localhost/127.0.0.1:6896]
11:36:58.013 [Forwarding getElementAttribute on session 7f96e7e36b9f10a8b5acad60a25246de to remote] DEBUG org.asynchttpclient.netty.request.NettyRequestSender - Using pooled Channel '[id: 0x1681981a, L:/127.0.0.1:61476 - R:localhost/127.0.0.1:6896]' for 'POST' to 'http://localhost:6896/session/7f96e7e36b9f10a8b5acad60a25246de/execute/sync'
11:36:58.013 [Forwarding getElementAttribute on session 7f96e7e36b9f10a8b5acad60a25246de to remote] DEBUG org.asynchttpclient.netty.request.NettyRequestSender - Using open Channel [id: 0x1681981a, L:/127.0.0.1:61476 - R:localhost/127.0.0.1:6896] for POST '/session/7f96e7e36b9f10a8b5acad60a25246de/execute/sync'
11:36:58.021 [AsyncHttpClient-1-8] DEBUG org.asynchttpclient.netty.handler.HttpHandler - 

Request DefaultHttpRequest(decodeResult: success, version: HTTP/1.1)
POST /session/7f96e7e36b9f10a8b5acad60a25246de/execute/sync HTTP/1.1
User-Agent: selenium/4.8.0 (java windows)
Content-Length: 47374
Content-Type: application/json; charset=utf-8
host: localhost:6896
accept: */*

Response DefaultHttpResponse(decodeResult: success, version: HTTP/1.1)
HTTP/1.1 200 OK
Content-Length: 14
Content-Type: application/json; charset=utf-8
cache-control: no-cache

11:36:58.021 [AsyncHttpClient-1-8] DEBUG org.asynchttpclient.netty.channel.ChannelManager - Adding key: http://localhost:6896 for channel [id: 0x1681981a, L:/127.0.0.1:61476 - R:localhost/127.0.0.1:6896]
11:36:58.023 [Forwarding getElementAttribute on session 7f96e7e36b9f10a8b5acad60a25246de to remote] DEBUG org.asynchttpclient.netty.request.NettyRequestSender - Using pooled Channel '[id: 0x1681981a, L:/127.0.0.1:61476 - R:localhost/127.0.0.1:6896]' for 'POST' to 'http://localhost:6896/session/7f96e7e36b9f10a8b5acad60a25246de/execute/sync'
11:36:58.023 [Forwarding getElementAttribute on session 7f96e7e36b9f10a8b5acad60a25246de to remote] DEBUG org.asynchttpclient.netty.request.NettyRequestSender - Using open Channel [id: 0x1681981a, L:/127.0.0.1:61476 - R:localhost/127.0.0.1:6896] for POST '/session/7f96e7e36b9f10a8b5acad60a25246de/execute/sync'
11:36:58.029 [AsyncHttpClient-1-8] DEBUG org.asynchttpclient.netty.handler.HttpHandler - 

Request DefaultHttpRequest(decodeResult: success, version: HTTP/1.1)
POST /session/7f96e7e36b9f10a8b5acad60a25246de/execute/sync HTTP/1.1
User-Agent: selenium/4.8.0 (java windows)
Content-Length: 47374
Content-Type: application/json; charset=utf-8
host: localhost:6896
accept: */*

Response DefaultHttpResponse(decodeResult: success, version: HTTP/1.1)
HTTP/1.1 200 OK
Content-Length: 14
Content-Type: application/json; charset=utf-8
cache-control: no-cache

11:36:58.029 [AsyncHttpClient-1-8] DEBUG org.asynchttpclient.netty.channel.ChannelManager - Adding key: http://localhost:6896 for channel [id: 0x1681981a, L:/127.0.0.1:61476 - R:localhost/127.0.0.1:6896]
11:36:58.030 [Forwarding getElementAttribute on session 7f96e7e36b9f10a8b5acad60a25246de to remote] DEBUG org.asynchttpclient.netty.request.NettyRequestSender - Using pooled Channel '[id: 0x1681981a, L:/127.0.0.1:61476 - R:localhost/127.0.0.1:6896]' for 'POST' to 'http://localhost:6896/session/7f96e7e36b9f10a8b5acad60a25246de/execute/sync'
11:36:58.030 [Forwarding getElementAttribute on session 7f96e7e36b9f10a8b5acad60a25246de to remote] DEBUG org.asynchttpclient.netty.request.NettyRequestSender - Using open Channel [id: 0x1681981a, L:/127.0.0.1:61476 - R:localhost/127.0.0.1:6896] for POST '/session/7f96e7e36b9f10a8b5acad60a25246de/execute/sync'
11:36:58.037 [AsyncHttpClient-1-8] DEBUG org.asynchttpclient.netty.handler.HttpHandler - 

Request DefaultHttpRequest(decodeResult: success, version: HTTP/1.1)
POST /session/7f96e7e36b9f10a8b5acad60a25246de/execute/sync HTTP/1.1
User-Agent: selenium/4.8.0 (java windows)
Content-Length: 47375
Content-Type: application/json; charset=utf-8
host: localhost:6896
accept: */*

Response DefaultHttpResponse(decodeResult: success, version: HTTP/1.1)
HTTP/1.1 200 OK
Content-Length: 14
Content-Type: application/json; charset=utf-8
cache-control: no-cache

11:36:58.037 [AsyncHttpClient-1-8] DEBUG org.asynchttpclient.netty.channel.ChannelManager - Adding key: http://localhost:6896 for channel [id: 0x1681981a, L:/127.0.0.1:61476 - R:localhost/127.0.0.1:6896]
11:36:58.040 [Forwarding getElementAttribute on session 7f96e7e36b9f10a8b5acad60a25246de to remote] DEBUG org.asynchttpclient.netty.request.NettyRequestSender - Using pooled Channel '[id: 0x1681981a, L:/127.0.0.1:61476 - R:localhost/127.0.0.1:6896]' for 'POST' to 'http://localhost:6896/session/7f96e7e36b9f10a8b5acad60a25246de/execute/sync'
11:36:58.040 [Forwarding getElementAttribute on session 7f96e7e36b9f10a8b5acad60a25246de to remote] DEBUG org.asynchttpclient.netty.request.NettyRequestSender - Using open Channel [id: 0x1681981a, L:/127.0.0.1:61476 - R:localhost/127.0.0.1:6896] for POST '/session/7f96e7e36b9f10a8b5acad60a25246de/execute/sync'
11:36:58.049 [AsyncHttpClient-1-8] DEBUG org.asynchttpclient.netty.handler.HttpHandler - 

Request DefaultHttpRequest(decodeResult: success, version: HTTP/1.1)
POST /session/7f96e7e36b9f10a8b5acad60a25246de/execute/sync HTTP/1.1
User-Agent: selenium/4.8.0 (java windows)
Content-Length: 47375
Content-Type: application/json; charset=utf-8
host: localhost:6896
accept: */*

Response DefaultHttpResponse(decodeResult: success, version: HTTP/1.1)
HTTP/1.1 200 OK
Content-Length: 32
Content-Type: application/json; charset=utf-8
cache-control: no-cache

11:36:58.049 [AsyncHttpClient-1-8] DEBUG org.asynchttpclient.netty.channel.ChannelManager - Adding key: http://localhost:6896 for channel [id: 0x1681981a, L:/127.0.0.1:61476 - R:localhost/127.0.0.1:6896]
11:36:58.050 [Forwarding getElementAttribute on session 7f96e7e36b9f10a8b5acad60a25246de to remote] DEBUG org.asynchttpclient.netty.request.NettyRequestSender - Using pooled Channel '[id: 0x1681981a, L:/127.0.0.1:61476 - R:localhost/127.0.0.1:6896]' for 'POST' to 'http://localhost:6896/session/7f96e7e36b9f10a8b5acad60a25246de/execute/sync'
11:36:58.050 [Forwarding getElementAttribute on session 7f96e7e36b9f10a8b5acad60a25246de to remote] DEBUG org.asynchttpclient.netty.request.NettyRequestSender - Using open Channel [id: 0x1681981a, L:/127.0.0.1:61476 - R:localhost/127.0.0.1:6896] for POST '/session/7f96e7e36b9f10a8b5acad60a25246de/execute/sync'
11:36:58.058 [AsyncHttpClient-1-8] DEBUG org.asynchttpclient.netty.handler.HttpHandler - 

Request DefaultHttpRequest(decodeResult: success, version: HTTP/1.1)
POST /session/7f96e7e36b9f10a8b5acad60a25246de/execute/sync HTTP/1.1
User-Agent: selenium/4.8.0 (java windows)
Content-Length: 47375
Content-Type: application/json; charset=utf-8
host: localhost:6896
accept: */*

Response DefaultHttpResponse(decodeResult: success, version: HTTP/1.1)
HTTP/1.1 200 OK
Content-Length: 32
Content-Type: application/json; charset=utf-8
cache-control: no-cache

11:36:58.058 [AsyncHttpClient-1-8] DEBUG org.asynchttpclient.netty.channel.ChannelManager - Adding key: http://localhost:6896 for channel [id: 0x1681981a, L:/127.0.0.1:61476 - R:localhost/127.0.0.1:6896]
<div class='inventory_item_price'> - InventoryPage.productpricesprice validation passed
11:36:58.059 [Forwarding findElements on session 7f96e7e36b9f10a8b5acad60a25246de to remote] DEBUG org.asynchttpclient.netty.request.NettyRequestSender - Using pooled Channel '[id: 0x1681981a, L:/127.0.0.1:61476 - R:localhost/127.0.0.1:6896]' for 'POST' to 'http://localhost:6896/session/7f96e7e36b9f10a8b5acad60a25246de/elements'
11:36:58.059 [Forwarding findElements on session 7f96e7e36b9f10a8b5acad60a25246de to remote] DEBUG org.asynchttpclient.netty.request.NettyRequestSender - Using open Channel [id: 0x1681981a, L:/127.0.0.1:61476 - R:localhost/127.0.0.1:6896] for POST '/session/7f96e7e36b9f10a8b5acad60a25246de/elements'
11:36:58.065 [AsyncHttpClient-1-8] DEBUG org.asynchttpclient.netty.handler.HttpHandler - 

Request DefaultHttpRequest(decodeResult: success, version: HTTP/1.1)
POST /session/7f96e7e36b9f10a8b5acad60a25246de/elements HTTP/1.1
User-Agent: selenium/4.8.0 (java windows)
Content-Length: 83
Content-Type: application/json; charset=utf-8
host: localhost:6896
accept: */*

Response DefaultHttpResponse(decodeResult: success, version: HTTP/1.1)
HTTP/1.1 200 OK
Content-Length: 527
Content-Type: application/json; charset=utf-8
cache-control: no-cache

11:36:58.065 [AsyncHttpClient-1-8] DEBUG org.asynchttpclient.netty.channel.ChannelManager - Adding key: http://localhost:6896 for channel [id: 0x1681981a, L:/127.0.0.1:61476 - R:localhost/127.0.0.1:6896]
11:36:58.065 [Forwarding findElements on session 7f96e7e36b9f10a8b5acad60a25246de to remote] DEBUG org.asynchttpclient.netty.request.NettyRequestSender - Using pooled Channel '[id: 0x1681981a, L:/127.0.0.1:61476 - R:localhost/127.0.0.1:6896]' for 'POST' to 'http://localhost:6896/session/7f96e7e36b9f10a8b5acad60a25246de/elements'
11:36:58.065 [Forwarding findElements on session 7f96e7e36b9f10a8b5acad60a25246de to remote] DEBUG org.asynchttpclient.netty.request.NettyRequestSender - Using open Channel [id: 0x1681981a, L:/127.0.0.1:61476 - R:localhost/127.0.0.1:6896] for POST '/session/7f96e7e36b9f10a8b5acad60a25246de/elements'
11:36:58.073 [AsyncHttpClient-1-8] DEBUG org.asynchttpclient.netty.handler.HttpHandler - 

Request DefaultHttpRequest(decodeResult: success, version: HTTP/1.1)
POST /session/7f96e7e36b9f10a8b5acad60a25246de/elements HTTP/1.1
User-Agent: selenium/4.8.0 (java windows)
Content-Length: 83
Content-Type: application/json; charset=utf-8
host: localhost:6896
accept: */*

Response DefaultHttpResponse(decodeResult: success, version: HTTP/1.1)
HTTP/1.1 200 OK
Content-Length: 527
Content-Type: application/json; charset=utf-8
cache-control: no-cache

11:36:58.073 [AsyncHttpClient-1-8] DEBUG org.asynchttpclient.netty.channel.ChannelManager - Adding key: http://localhost:6896 for channel [id: 0x1681981a, L:/127.0.0.1:61476 - R:localhost/127.0.0.1:6896]
11:36:58.074 [Forwarding findElements on session 7f96e7e36b9f10a8b5acad60a25246de to remote] DEBUG org.asynchttpclient.netty.request.NettyRequestSender - Using pooled Channel '[id: 0x1681981a, L:/127.0.0.1:61476 - R:localhost/127.0.0.1:6896]' for 'POST' to 'http://localhost:6896/session/7f96e7e36b9f10a8b5acad60a25246de/elements'
11:36:58.074 [Forwarding findElements on session 7f96e7e36b9f10a8b5acad60a25246de to remote] DEBUG org.asynchttpclient.netty.request.NettyRequestSender - Using open Channel [id: 0x1681981a, L:/127.0.0.1:61476 - R:localhost/127.0.0.1:6896] for POST '/session/7f96e7e36b9f10a8b5acad60a25246de/elements'
11:36:58.080 [AsyncHttpClient-1-8] DEBUG org.asynchttpclient.netty.handler.HttpHandler - 

Request DefaultHttpRequest(decodeResult: success, version: HTTP/1.1)
POST /session/7f96e7e36b9f10a8b5acad60a25246de/elements HTTP/1.1
User-Agent: selenium/4.8.0 (java windows)
Content-Length: 83
Content-Type: application/json; charset=utf-8
host: localhost:6896
accept: */*

Response DefaultHttpResponse(decodeResult: success, version: HTTP/1.1)
HTTP/1.1 200 OK
Content-Length: 527
Content-Type: application/json; charset=utf-8
cache-control: no-cache

11:36:58.080 [AsyncHttpClient-1-8] DEBUG org.asynchttpclient.netty.channel.ChannelManager - Adding key: http://localhost:6896 for channel [id: 0x1681981a, L:/127.0.0.1:61476 - R:localhost/127.0.0.1:6896]
11:36:58.080 [Forwarding getElementText on session 7f96e7e36b9f10a8b5acad60a25246de to remote] DEBUG org.asynchttpclient.netty.request.NettyRequestSender - Using pooled Channel '[id: 0x1681981a, L:/127.0.0.1:61476 - R:localhost/127.0.0.1:6896]' for 'GET' to 'http://localhost:6896/session/7f96e7e36b9f10a8b5acad60a25246de/element/6FF2D42796E1B5636833727143D40385_element_37/text'
11:36:58.080 [Forwarding getElementText on session 7f96e7e36b9f10a8b5acad60a25246de to remote] DEBUG org.asynchttpclient.netty.request.NettyRequestSender - Using open Channel [id: 0x1681981a, L:/127.0.0.1:61476 - R:localhost/127.0.0.1:6896] for GET '/session/7f96e7e36b9f10a8b5acad60a25246de/element/6FF2D42796E1B5636833727143D40385_element_37/text'
11:36:58.088 [AsyncHttpClient-1-8] DEBUG org.asynchttpclient.netty.handler.HttpHandler - 

Request DefaultFullHttpRequest(decodeResult: success, version: HTTP/1.1, content: EmptyByteBufBE)
GET /session/7f96e7e36b9f10a8b5acad60a25246de/element/6FF2D42796E1B5636833727143D40385_element_37/text HTTP/1.1
User-Agent: selenium/4.8.0 (java windows)
Cache-Control: no-cache
Content-Type: application/json; charset=utf-8
host: localhost:6896
accept: */*

Response DefaultHttpResponse(decodeResult: success, version: HTTP/1.1)
HTTP/1.1 200 OK
Content-Length: 17
Content-Type: application/json; charset=utf-8
cache-control: no-cache

11:36:58.088 [AsyncHttpClient-1-8] DEBUG org.asynchttpclient.netty.channel.ChannelManager - Adding key: http://localhost:6896 for channel [id: 0x1681981a, L:/127.0.0.1:61476 - R:localhost/127.0.0.1:6896]
11:36:58.089 [Forwarding findElements on session 7f96e7e36b9f10a8b5acad60a25246de to remote] DEBUG org.asynchttpclient.netty.request.NettyRequestSender - Using pooled Channel '[id: 0x1681981a, L:/127.0.0.1:61476 - R:localhost/127.0.0.1:6896]' for 'POST' to 'http://localhost:6896/session/7f96e7e36b9f10a8b5acad60a25246de/elements'
11:36:58.090 [Forwarding findElements on session 7f96e7e36b9f10a8b5acad60a25246de to remote] DEBUG org.asynchttpclient.netty.request.NettyRequestSender - Using open Channel [id: 0x1681981a, L:/127.0.0.1:61476 - R:localhost/127.0.0.1:6896] for POST '/session/7f96e7e36b9f10a8b5acad60a25246de/elements'
11:36:58.097 [AsyncHttpClient-1-8] DEBUG org.asynchttpclient.netty.handler.HttpHandler - 

Request DefaultHttpRequest(decodeResult: success, version: HTTP/1.1)
POST /session/7f96e7e36b9f10a8b5acad60a25246de/elements HTTP/1.1
User-Agent: selenium/4.8.0 (java windows)
Content-Length: 83
Content-Type: application/json; charset=utf-8
host: localhost:6896
accept: */*

Response DefaultHttpResponse(decodeResult: success, version: HTTP/1.1)
HTTP/1.1 200 OK
Content-Length: 527
Content-Type: application/json; charset=utf-8
cache-control: no-cache

11:36:58.097 [AsyncHttpClient-1-8] DEBUG org.asynchttpclient.netty.channel.ChannelManager - Adding key: http://localhost:6896 for channel [id: 0x1681981a, L:/127.0.0.1:61476 - R:localhost/127.0.0.1:6896]
11:36:58.099 [Forwarding getElementText on session 7f96e7e36b9f10a8b5acad60a25246de to remote] DEBUG org.asynchttpclient.netty.request.NettyRequestSender - Using pooled Channel '[id: 0x1681981a, L:/127.0.0.1:61476 - R:localhost/127.0.0.1:6896]' for 'GET' to 'http://localhost:6896/session/7f96e7e36b9f10a8b5acad60a25246de/element/6FF2D42796E1B5636833727143D40385_element_37/text'
11:36:58.099 [Forwarding getElementText on session 7f96e7e36b9f10a8b5acad60a25246de to remote] DEBUG org.asynchttpclient.netty.request.NettyRequestSender - Using open Channel [id: 0x1681981a, L:/127.0.0.1:61476 - R:localhost/127.0.0.1:6896] for GET '/session/7f96e7e36b9f10a8b5acad60a25246de/element/6FF2D42796E1B5636833727143D40385_element_37/text'
11:36:58.109 [AsyncHttpClient-1-8] DEBUG org.asynchttpclient.netty.handler.HttpHandler - 

Request DefaultFullHttpRequest(decodeResult: success, version: HTTP/1.1, content: EmptyByteBufBE)
GET /session/7f96e7e36b9f10a8b5acad60a25246de/element/6FF2D42796E1B5636833727143D40385_element_37/text HTTP/1.1
User-Agent: selenium/4.8.0 (java windows)
Cache-Control: no-cache
Content-Type: application/json; charset=utf-8
host: localhost:6896
accept: */*

Response DefaultHttpResponse(decodeResult: success, version: HTTP/1.1)
HTTP/1.1 200 OK
Content-Length: 17
Content-Type: application/json; charset=utf-8
cache-control: no-cache

11:36:58.109 [AsyncHttpClient-1-8] DEBUG org.asynchttpclient.netty.channel.ChannelManager - Adding key: http://localhost:6896 for channel [id: 0x1681981a, L:/127.0.0.1:61476 - R:localhost/127.0.0.1:6896]
11:36:58.109 [Forwarding findElements on session 7f96e7e36b9f10a8b5acad60a25246de to remote] DEBUG org.asynchttpclient.netty.request.NettyRequestSender - Using pooled Channel '[id: 0x1681981a, L:/127.0.0.1:61476 - R:localhost/127.0.0.1:6896]' for 'POST' to 'http://localhost:6896/session/7f96e7e36b9f10a8b5acad60a25246de/elements'
11:36:58.109 [Forwarding findElements on session 7f96e7e36b9f10a8b5acad60a25246de to remote] DEBUG org.asynchttpclient.netty.request.NettyRequestSender - Using open Channel [id: 0x1681981a, L:/127.0.0.1:61476 - R:localhost/127.0.0.1:6896] for POST '/session/7f96e7e36b9f10a8b5acad60a25246de/elements'
11:36:58.117 [AsyncHttpClient-1-8] DEBUG org.asynchttpclient.netty.handler.HttpHandler - 

Request DefaultHttpRequest(decodeResult: success, version: HTTP/1.1)
POST /session/7f96e7e36b9f10a8b5acad60a25246de/elements HTTP/1.1
User-Agent: selenium/4.8.0 (java windows)
Content-Length: 83
Content-Type: application/json; charset=utf-8
host: localhost:6896
accept: */*

Response DefaultHttpResponse(decodeResult: success, version: HTTP/1.1)
HTTP/1.1 200 OK
Content-Length: 527
Content-Type: application/json; charset=utf-8
cache-control: no-cache

11:36:58.117 [AsyncHttpClient-1-8] DEBUG org.asynchttpclient.netty.channel.ChannelManager - Adding key: http://localhost:6896 for channel [id: 0x1681981a, L:/127.0.0.1:61476 - R:localhost/127.0.0.1:6896]
11:36:58.117 [Forwarding getElementTagName on session 7f96e7e36b9f10a8b5acad60a25246de to remote] DEBUG org.asynchttpclient.netty.request.NettyRequestSender - Using pooled Channel '[id: 0x1681981a, L:/127.0.0.1:61476 - R:localhost/127.0.0.1:6896]' for 'GET' to 'http://localhost:6896/session/7f96e7e36b9f10a8b5acad60a25246de/element/6FF2D42796E1B5636833727143D40385_element_37/name'
11:36:58.117 [Forwarding getElementTagName on session 7f96e7e36b9f10a8b5acad60a25246de to remote] DEBUG org.asynchttpclient.netty.request.NettyRequestSender - Using open Channel [id: 0x1681981a, L:/127.0.0.1:61476 - R:localhost/127.0.0.1:6896] for GET '/session/7f96e7e36b9f10a8b5acad60a25246de/element/6FF2D42796E1B5636833727143D40385_element_37/name'
11:36:58.123 [AsyncHttpClient-1-8] DEBUG org.asynchttpclient.netty.handler.HttpHandler - 

Request DefaultFullHttpRequest(decodeResult: success, version: HTTP/1.1, content: EmptyByteBufBE)
GET /session/7f96e7e36b9f10a8b5acad60a25246de/element/6FF2D42796E1B5636833727143D40385_element_37/name HTTP/1.1
User-Agent: selenium/4.8.0 (java windows)
Cache-Control: no-cache
Content-Type: application/json; charset=utf-8
host: localhost:6896
accept: */*

Response DefaultHttpResponse(decodeResult: success, version: HTTP/1.1)
HTTP/1.1 200 OK
Content-Length: 15
Content-Type: application/json; charset=utf-8
cache-control: no-cache

11:36:58.123 [AsyncHttpClient-1-8] DEBUG org.asynchttpclient.netty.channel.ChannelManager - Adding key: http://localhost:6896 for channel [id: 0x1681981a, L:/127.0.0.1:61476 - R:localhost/127.0.0.1:6896]
11:36:58.124 [Forwarding getElementAttribute on session 7f96e7e36b9f10a8b5acad60a25246de to remote] DEBUG org.asynchttpclient.netty.request.NettyRequestSender - Using pooled Channel '[id: 0x1681981a, L:/127.0.0.1:61476 - R:localhost/127.0.0.1:6896]' for 'POST' to 'http://localhost:6896/session/7f96e7e36b9f10a8b5acad60a25246de/execute/sync'
11:36:58.124 [Forwarding getElementAttribute on session 7f96e7e36b9f10a8b5acad60a25246de to remote] DEBUG org.asynchttpclient.netty.request.NettyRequestSender - Using open Channel [id: 0x1681981a, L:/127.0.0.1:61476 - R:localhost/127.0.0.1:6896] for POST '/session/7f96e7e36b9f10a8b5acad60a25246de/execute/sync'
11:36:58.132 [AsyncHttpClient-1-8] DEBUG org.asynchttpclient.netty.handler.HttpHandler - 

Request DefaultHttpRequest(decodeResult: success, version: HTTP/1.1)
POST /session/7f96e7e36b9f10a8b5acad60a25246de/execute/sync HTTP/1.1
User-Agent: selenium/4.8.0 (java windows)
Content-Length: 47372
Content-Type: application/json; charset=utf-8
host: localhost:6896
accept: */*

Response DefaultHttpResponse(decodeResult: success, version: HTTP/1.1)
HTTP/1.1 200 OK
Content-Length: 12
Content-Type: application/json; charset=utf-8
cache-control: no-cache

11:36:58.132 [AsyncHttpClient-1-8] DEBUG org.asynchttpclient.netty.channel.ChannelManager - Adding key: http://localhost:6896 for channel [id: 0x1681981a, L:/127.0.0.1:61476 - R:localhost/127.0.0.1:6896]
11:36:58.135 [Forwarding getElementAttribute on session 7f96e7e36b9f10a8b5acad60a25246de to remote] DEBUG org.asynchttpclient.netty.request.NettyRequestSender - Using pooled Channel '[id: 0x1681981a, L:/127.0.0.1:61476 - R:localhost/127.0.0.1:6896]' for 'POST' to 'http://localhost:6896/session/7f96e7e36b9f10a8b5acad60a25246de/execute/sync'
11:36:58.135 [Forwarding getElementAttribute on session 7f96e7e36b9f10a8b5acad60a25246de to remote] DEBUG org.asynchttpclient.netty.request.NettyRequestSender - Using open Channel [id: 0x1681981a, L:/127.0.0.1:61476 - R:localhost/127.0.0.1:6896] for POST '/session/7f96e7e36b9f10a8b5acad60a25246de/execute/sync'
11:36:58.145 [AsyncHttpClient-1-8] DEBUG org.asynchttpclient.netty.handler.HttpHandler - 

Request DefaultHttpRequest(decodeResult: success, version: HTTP/1.1)
POST /session/7f96e7e36b9f10a8b5acad60a25246de/execute/sync HTTP/1.1
User-Agent: selenium/4.8.0 (java windows)
Content-Length: 47374
Content-Type: application/json; charset=utf-8
host: localhost:6896
accept: */*

Response DefaultHttpResponse(decodeResult: success, version: HTTP/1.1)
HTTP/1.1 200 OK
Content-Length: 14
Content-Type: application/json; charset=utf-8
cache-control: no-cache

11:36:58.145 [AsyncHttpClient-1-8] DEBUG org.asynchttpclient.netty.channel.ChannelManager - Adding key: http://localhost:6896 for channel [id: 0x1681981a, L:/127.0.0.1:61476 - R:localhost/127.0.0.1:6896]
11:36:58.146 [Forwarding getElementAttribute on session 7f96e7e36b9f10a8b5acad60a25246de to remote] DEBUG org.asynchttpclient.netty.request.NettyRequestSender - Using pooled Channel '[id: 0x1681981a, L:/127.0.0.1:61476 - R:localhost/127.0.0.1:6896]' for 'POST' to 'http://localhost:6896/session/7f96e7e36b9f10a8b5acad60a25246de/execute/sync'
11:36:58.146 [Forwarding getElementAttribute on session 7f96e7e36b9f10a8b5acad60a25246de to remote] DEBUG org.asynchttpclient.netty.request.NettyRequestSender - Using open Channel [id: 0x1681981a, L:/127.0.0.1:61476 - R:localhost/127.0.0.1:6896] for POST '/session/7f96e7e36b9f10a8b5acad60a25246de/execute/sync'
11:36:58.155 [AsyncHttpClient-1-8] DEBUG org.asynchttpclient.netty.handler.HttpHandler - 

Request DefaultHttpRequest(decodeResult: success, version: HTTP/1.1)
POST /session/7f96e7e36b9f10a8b5acad60a25246de/execute/sync HTTP/1.1
User-Agent: selenium/4.8.0 (java windows)
Content-Length: 47374
Content-Type: application/json; charset=utf-8
host: localhost:6896
accept: */*

Response DefaultHttpResponse(decodeResult: success, version: HTTP/1.1)
HTTP/1.1 200 OK
Content-Length: 14
Content-Type: application/json; charset=utf-8
cache-control: no-cache

11:36:58.155 [AsyncHttpClient-1-8] DEBUG org.asynchttpclient.netty.channel.ChannelManager - Adding key: http://localhost:6896 for channel [id: 0x1681981a, L:/127.0.0.1:61476 - R:localhost/127.0.0.1:6896]
11:36:58.157 [Forwarding getElementAttribute on session 7f96e7e36b9f10a8b5acad60a25246de to remote] DEBUG org.asynchttpclient.netty.request.NettyRequestSender - Using pooled Channel '[id: 0x1681981a, L:/127.0.0.1:61476 - R:localhost/127.0.0.1:6896]' for 'POST' to 'http://localhost:6896/session/7f96e7e36b9f10a8b5acad60a25246de/execute/sync'
11:36:58.157 [Forwarding getElementAttribute on session 7f96e7e36b9f10a8b5acad60a25246de to remote] DEBUG org.asynchttpclient.netty.request.NettyRequestSender - Using open Channel [id: 0x1681981a, L:/127.0.0.1:61476 - R:localhost/127.0.0.1:6896] for POST '/session/7f96e7e36b9f10a8b5acad60a25246de/execute/sync'
11:36:58.166 [AsyncHttpClient-1-8] DEBUG org.asynchttpclient.netty.handler.HttpHandler - 

Request DefaultHttpRequest(decodeResult: success, version: HTTP/1.1)
POST /session/7f96e7e36b9f10a8b5acad60a25246de/execute/sync HTTP/1.1
User-Agent: selenium/4.8.0 (java windows)
Content-Length: 47374
Content-Type: application/json; charset=utf-8
host: localhost:6896
accept: */*

Response DefaultHttpResponse(decodeResult: success, version: HTTP/1.1)
HTTP/1.1 200 OK
Content-Length: 14
Content-Type: application/json; charset=utf-8
cache-control: no-cache

11:36:58.166 [AsyncHttpClient-1-8] DEBUG org.asynchttpclient.netty.channel.ChannelManager - Adding key: http://localhost:6896 for channel [id: 0x1681981a, L:/127.0.0.1:61476 - R:localhost/127.0.0.1:6896]
11:36:58.169 [Forwarding getElementAttribute on session 7f96e7e36b9f10a8b5acad60a25246de to remote] DEBUG org.asynchttpclient.netty.request.NettyRequestSender - Using pooled Channel '[id: 0x1681981a, L:/127.0.0.1:61476 - R:localhost/127.0.0.1:6896]' for 'POST' to 'http://localhost:6896/session/7f96e7e36b9f10a8b5acad60a25246de/execute/sync'
11:36:58.169 [Forwarding getElementAttribute on session 7f96e7e36b9f10a8b5acad60a25246de to remote] DEBUG org.asynchttpclient.netty.request.NettyRequestSender - Using open Channel [id: 0x1681981a, L:/127.0.0.1:61476 - R:localhost/127.0.0.1:6896] for POST '/session/7f96e7e36b9f10a8b5acad60a25246de/execute/sync'
11:36:58.178 [AsyncHttpClient-1-8] DEBUG org.asynchttpclient.netty.handler.HttpHandler - 

Request DefaultHttpRequest(decodeResult: success, version: HTTP/1.1)
POST /session/7f96e7e36b9f10a8b5acad60a25246de/execute/sync HTTP/1.1
User-Agent: selenium/4.8.0 (java windows)
Content-Length: 47375
Content-Type: application/json; charset=utf-8
host: localhost:6896
accept: */*

Response DefaultHttpResponse(decodeResult: success, version: HTTP/1.1)
HTTP/1.1 200 OK
Content-Length: 14
Content-Type: application/json; charset=utf-8
cache-control: no-cache

11:36:58.178 [AsyncHttpClient-1-8] DEBUG org.asynchttpclient.netty.channel.ChannelManager - Adding key: http://localhost:6896 for channel [id: 0x1681981a, L:/127.0.0.1:61476 - R:localhost/127.0.0.1:6896]
11:36:58.180 [Forwarding getElementAttribute on session 7f96e7e36b9f10a8b5acad60a25246de to remote] DEBUG org.asynchttpclient.netty.request.NettyRequestSender - Using pooled Channel '[id: 0x1681981a, L:/127.0.0.1:61476 - R:localhost/127.0.0.1:6896]' for 'POST' to 'http://localhost:6896/session/7f96e7e36b9f10a8b5acad60a25246de/execute/sync'
11:36:58.180 [Forwarding getElementAttribute on session 7f96e7e36b9f10a8b5acad60a25246de to remote] DEBUG org.asynchttpclient.netty.request.NettyRequestSender - Using open Channel [id: 0x1681981a, L:/127.0.0.1:61476 - R:localhost/127.0.0.1:6896] for POST '/session/7f96e7e36b9f10a8b5acad60a25246de/execute/sync'
11:36:58.188 [AsyncHttpClient-1-8] DEBUG org.asynchttpclient.netty.handler.HttpHandler - 

Request DefaultHttpRequest(decodeResult: success, version: HTTP/1.1)
POST /session/7f96e7e36b9f10a8b5acad60a25246de/execute/sync HTTP/1.1
User-Agent: selenium/4.8.0 (java windows)
Content-Length: 47375
Content-Type: application/json; charset=utf-8
host: localhost:6896
accept: */*

Response DefaultHttpResponse(decodeResult: success, version: HTTP/1.1)
HTTP/1.1 200 OK
Content-Length: 32
Content-Type: application/json; charset=utf-8
cache-control: no-cache

11:36:58.188 [AsyncHttpClient-1-8] DEBUG org.asynchttpclient.netty.channel.ChannelManager - Adding key: http://localhost:6896 for channel [id: 0x1681981a, L:/127.0.0.1:61476 - R:localhost/127.0.0.1:6896]
11:36:58.190 [Forwarding getElementAttribute on session 7f96e7e36b9f10a8b5acad60a25246de to remote] DEBUG org.asynchttpclient.netty.request.NettyRequestSender - Using pooled Channel '[id: 0x1681981a, L:/127.0.0.1:61476 - R:localhost/127.0.0.1:6896]' for 'POST' to 'http://localhost:6896/session/7f96e7e36b9f10a8b5acad60a25246de/execute/sync'
11:36:58.190 [Forwarding getElementAttribute on session 7f96e7e36b9f10a8b5acad60a25246de to remote] DEBUG org.asynchttpclient.netty.request.NettyRequestSender - Using open Channel [id: 0x1681981a, L:/127.0.0.1:61476 - R:localhost/127.0.0.1:6896] for POST '/session/7f96e7e36b9f10a8b5acad60a25246de/execute/sync'
11:36:58.199 [AsyncHttpClient-1-8] DEBUG org.asynchttpclient.netty.handler.HttpHandler - 

Request DefaultHttpRequest(decodeResult: success, version: HTTP/1.1)
POST /session/7f96e7e36b9f10a8b5acad60a25246de/execute/sync HTTP/1.1
User-Agent: selenium/4.8.0 (java windows)
Content-Length: 47375
Content-Type: application/json; charset=utf-8
host: localhost:6896
accept: */*

Response DefaultHttpResponse(decodeResult: success, version: HTTP/1.1)
HTTP/1.1 200 OK
Content-Length: 32
Content-Type: application/json; charset=utf-8
cache-control: no-cache

11:36:58.199 [AsyncHttpClient-1-8] DEBUG org.asynchttpclient.netty.channel.ChannelManager - Adding key: http://localhost:6896 for channel [id: 0x1681981a, L:/127.0.0.1:61476 - R:localhost/127.0.0.1:6896]
<div class='inventory_item_price'> - InventoryPage.productpricesprice validation passed
11:36:58.199 [Forwarding findElements on session 7f96e7e36b9f10a8b5acad60a25246de to remote] DEBUG org.asynchttpclient.netty.request.NettyRequestSender - Using pooled Channel '[id: 0x1681981a, L:/127.0.0.1:61476 - R:localhost/127.0.0.1:6896]' for 'POST' to 'http://localhost:6896/session/7f96e7e36b9f10a8b5acad60a25246de/elements'
11:36:58.199 [Forwarding findElements on session 7f96e7e36b9f10a8b5acad60a25246de to remote] DEBUG org.asynchttpclient.netty.request.NettyRequestSender - Using open Channel [id: 0x1681981a, L:/127.0.0.1:61476 - R:localhost/127.0.0.1:6896] for POST '/session/7f96e7e36b9f10a8b5acad60a25246de/elements'
11:36:58.206 [AsyncHttpClient-1-8] DEBUG org.asynchttpclient.netty.handler.HttpHandler - 

Request DefaultHttpRequest(decodeResult: success, version: HTTP/1.1)
POST /session/7f96e7e36b9f10a8b5acad60a25246de/elements HTTP/1.1
User-Agent: selenium/4.8.0 (java windows)
Content-Length: 83
Content-Type: application/json; charset=utf-8
host: localhost:6896
accept: */*

Response DefaultHttpResponse(decodeResult: success, version: HTTP/1.1)
HTTP/1.1 200 OK
Content-Length: 527
Content-Type: application/json; charset=utf-8
cache-control: no-cache

11:36:58.206 [AsyncHttpClient-1-8] DEBUG org.asynchttpclient.netty.channel.ChannelManager - Adding key: http://localhost:6896 for channel [id: 0x1681981a, L:/127.0.0.1:61476 - R:localhost/127.0.0.1:6896]
11:36:58.207 [Forwarding findElements on session 7f96e7e36b9f10a8b5acad60a25246de to remote] DEBUG org.asynchttpclient.netty.request.NettyRequestSender - Using pooled Channel '[id: 0x1681981a, L:/127.0.0.1:61476 - R:localhost/127.0.0.1:6896]' for 'POST' to 'http://localhost:6896/session/7f96e7e36b9f10a8b5acad60a25246de/elements'
11:36:58.207 [Forwarding findElements on session 7f96e7e36b9f10a8b5acad60a25246de to remote] DEBUG org.asynchttpclient.netty.request.NettyRequestSender - Using open Channel [id: 0x1681981a, L:/127.0.0.1:61476 - R:localhost/127.0.0.1:6896] for POST '/session/7f96e7e36b9f10a8b5acad60a25246de/elements'
11:36:58.214 [AsyncHttpClient-1-8] DEBUG org.asynchttpclient.netty.handler.HttpHandler - 

Request DefaultHttpRequest(decodeResult: success, version: HTTP/1.1)
POST /session/7f96e7e36b9f10a8b5acad60a25246de/elements HTTP/1.1
User-Agent: selenium/4.8.0 (java windows)
Content-Length: 83
Content-Type: application/json; charset=utf-8
host: localhost:6896
accept: */*

Response DefaultHttpResponse(decodeResult: success, version: HTTP/1.1)
HTTP/1.1 200 OK
Content-Length: 527
Content-Type: application/json; charset=utf-8
cache-control: no-cache

11:36:58.214 [AsyncHttpClient-1-8] DEBUG org.asynchttpclient.netty.channel.ChannelManager - Adding key: http://localhost:6896 for channel [id: 0x1681981a, L:/127.0.0.1:61476 - R:localhost/127.0.0.1:6896]
11:36:58.215 [Forwarding findElements on session 7f96e7e36b9f10a8b5acad60a25246de to remote] DEBUG org.asynchttpclient.netty.request.NettyRequestSender - Using pooled Channel '[id: 0x1681981a, L:/127.0.0.1:61476 - R:localhost/127.0.0.1:6896]' for 'POST' to 'http://localhost:6896/session/7f96e7e36b9f10a8b5acad60a25246de/elements'
11:36:58.215 [Forwarding findElements on session 7f96e7e36b9f10a8b5acad60a25246de to remote] DEBUG org.asynchttpclient.netty.request.NettyRequestSender - Using open Channel [id: 0x1681981a, L:/127.0.0.1:61476 - R:localhost/127.0.0.1:6896] for POST '/session/7f96e7e36b9f10a8b5acad60a25246de/elements'
11:36:58.222 [AsyncHttpClient-1-8] DEBUG org.asynchttpclient.netty.handler.HttpHandler - 

Request DefaultHttpRequest(decodeResult: success, version: HTTP/1.1)
POST /session/7f96e7e36b9f10a8b5acad60a25246de/elements HTTP/1.1
User-Agent: selenium/4.8.0 (java windows)
Content-Length: 83
Content-Type: application/json; charset=utf-8
host: localhost:6896
accept: */*

Response DefaultHttpResponse(decodeResult: success, version: HTTP/1.1)
HTTP/1.1 200 OK
Content-Length: 527
Content-Type: application/json; charset=utf-8
cache-control: no-cache

11:36:58.222 [AsyncHttpClient-1-8] DEBUG org.asynchttpclient.netty.channel.ChannelManager - Adding key: http://localhost:6896 for channel [id: 0x1681981a, L:/127.0.0.1:61476 - R:localhost/127.0.0.1:6896]
11:36:58.223 [Forwarding getElementText on session 7f96e7e36b9f10a8b5acad60a25246de to remote] DEBUG org.asynchttpclient.netty.request.NettyRequestSender - Using pooled Channel '[id: 0x1681981a, L:/127.0.0.1:61476 - R:localhost/127.0.0.1:6896]' for 'GET' to 'http://localhost:6896/session/7f96e7e36b9f10a8b5acad60a25246de/element/6FF2D42796E1B5636833727143D40385_element_38/text'
11:36:58.224 [Forwarding getElementText on session 7f96e7e36b9f10a8b5acad60a25246de to remote] DEBUG org.asynchttpclient.netty.request.NettyRequestSender - Using open Channel [id: 0x1681981a, L:/127.0.0.1:61476 - R:localhost/127.0.0.1:6896] for GET '/session/7f96e7e36b9f10a8b5acad60a25246de/element/6FF2D42796E1B5636833727143D40385_element_38/text'
11:36:58.231 [AsyncHttpClient-1-8] DEBUG org.asynchttpclient.netty.handler.HttpHandler - 

Request DefaultFullHttpRequest(decodeResult: success, version: HTTP/1.1, content: EmptyByteBufBE)
GET /session/7f96e7e36b9f10a8b5acad60a25246de/element/6FF2D42796E1B5636833727143D40385_element_38/text HTTP/1.1
User-Agent: selenium/4.8.0 (java windows)
Cache-Control: no-cache
Content-Type: application/json; charset=utf-8
host: localhost:6896
accept: */*

Response DefaultHttpResponse(decodeResult: success, version: HTTP/1.1)
HTTP/1.1 200 OK
Content-Length: 18
Content-Type: application/json; charset=utf-8
cache-control: no-cache

11:36:58.231 [AsyncHttpClient-1-8] DEBUG org.asynchttpclient.netty.channel.ChannelManager - Adding key: http://localhost:6896 for channel [id: 0x1681981a, L:/127.0.0.1:61476 - R:localhost/127.0.0.1:6896]
11:36:58.232 [Forwarding findElements on session 7f96e7e36b9f10a8b5acad60a25246de to remote] DEBUG org.asynchttpclient.netty.request.NettyRequestSender - Using pooled Channel '[id: 0x1681981a, L:/127.0.0.1:61476 - R:localhost/127.0.0.1:6896]' for 'POST' to 'http://localhost:6896/session/7f96e7e36b9f10a8b5acad60a25246de/elements'
11:36:58.232 [Forwarding findElements on session 7f96e7e36b9f10a8b5acad60a25246de to remote] DEBUG org.asynchttpclient.netty.request.NettyRequestSender - Using open Channel [id: 0x1681981a, L:/127.0.0.1:61476 - R:localhost/127.0.0.1:6896] for POST '/session/7f96e7e36b9f10a8b5acad60a25246de/elements'
11:36:58.239 [AsyncHttpClient-1-8] DEBUG org.asynchttpclient.netty.handler.HttpHandler - 

Request DefaultHttpRequest(decodeResult: success, version: HTTP/1.1)
POST /session/7f96e7e36b9f10a8b5acad60a25246de/elements HTTP/1.1
User-Agent: selenium/4.8.0 (java windows)
Content-Length: 83
Content-Type: application/json; charset=utf-8
host: localhost:6896
accept: */*

Response DefaultHttpResponse(decodeResult: success, version: HTTP/1.1)
HTTP/1.1 200 OK
Content-Length: 527
Content-Type: application/json; charset=utf-8
cache-control: no-cache

11:36:58.239 [AsyncHttpClient-1-8] DEBUG org.asynchttpclient.netty.channel.ChannelManager - Adding key: http://localhost:6896 for channel [id: 0x1681981a, L:/127.0.0.1:61476 - R:localhost/127.0.0.1:6896]
11:36:58.242 [Forwarding getElementText on session 7f96e7e36b9f10a8b5acad60a25246de to remote] DEBUG org.asynchttpclient.netty.request.NettyRequestSender - Using pooled Channel '[id: 0x1681981a, L:/127.0.0.1:61476 - R:localhost/127.0.0.1:6896]' for 'GET' to 'http://localhost:6896/session/7f96e7e36b9f10a8b5acad60a25246de/element/6FF2D42796E1B5636833727143D40385_element_38/text'
11:36:58.242 [Forwarding getElementText on session 7f96e7e36b9f10a8b5acad60a25246de to remote] DEBUG org.asynchttpclient.netty.request.NettyRequestSender - Using open Channel [id: 0x1681981a, L:/127.0.0.1:61476 - R:localhost/127.0.0.1:6896] for GET '/session/7f96e7e36b9f10a8b5acad60a25246de/element/6FF2D42796E1B5636833727143D40385_element_38/text'
11:36:58.247 [AsyncHttpClient-1-1] DEBUG org.asynchttpclient.netty.channel.DefaultChannelPool - Entry count for : http://localhost:61482 : 1
11:36:58.249 [AsyncHttpClient-1-8] DEBUG org.asynchttpclient.netty.handler.HttpHandler - 

Request DefaultFullHttpRequest(decodeResult: success, version: HTTP/1.1, content: EmptyByteBufBE)
GET /session/7f96e7e36b9f10a8b5acad60a25246de/element/6FF2D42796E1B5636833727143D40385_element_38/text HTTP/1.1
User-Agent: selenium/4.8.0 (java windows)
Cache-Control: no-cache
Content-Type: application/json; charset=utf-8
host: localhost:6896
accept: */*

Response DefaultHttpResponse(decodeResult: success, version: HTTP/1.1)
HTTP/1.1 200 OK
Content-Length: 18
Content-Type: application/json; charset=utf-8
cache-control: no-cache

11:36:58.249 [AsyncHttpClient-1-8] DEBUG org.asynchttpclient.netty.channel.ChannelManager - Adding key: http://localhost:6896 for channel [id: 0x1681981a, L:/127.0.0.1:61476 - R:localhost/127.0.0.1:6896]
11:36:58.250 [Forwarding findElements on session 7f96e7e36b9f10a8b5acad60a25246de to remote] DEBUG org.asynchttpclient.netty.request.NettyRequestSender - Using pooled Channel '[id: 0x1681981a, L:/127.0.0.1:61476 - R:localhost/127.0.0.1:6896]' for 'POST' to 'http://localhost:6896/session/7f96e7e36b9f10a8b5acad60a25246de/elements'
11:36:58.250 [Forwarding findElements on session 7f96e7e36b9f10a8b5acad60a25246de to remote] DEBUG org.asynchttpclient.netty.request.NettyRequestSender - Using open Channel [id: 0x1681981a, L:/127.0.0.1:61476 - R:localhost/127.0.0.1:6896] for POST '/session/7f96e7e36b9f10a8b5acad60a25246de/elements'
11:36:58.257 [AsyncHttpClient-1-8] DEBUG org.asynchttpclient.netty.handler.HttpHandler - 

Request DefaultHttpRequest(decodeResult: success, version: HTTP/1.1)
POST /session/7f96e7e36b9f10a8b5acad60a25246de/elements HTTP/1.1
User-Agent: selenium/4.8.0 (java windows)
Content-Length: 83
Content-Type: application/json; charset=utf-8
host: localhost:6896
accept: */*

Response DefaultHttpResponse(decodeResult: success, version: HTTP/1.1)
HTTP/1.1 200 OK
Content-Length: 527
Content-Type: application/json; charset=utf-8
cache-control: no-cache

11:36:58.257 [AsyncHttpClient-1-8] DEBUG org.asynchttpclient.netty.channel.ChannelManager - Adding key: http://localhost:6896 for channel [id: 0x1681981a, L:/127.0.0.1:61476 - R:localhost/127.0.0.1:6896]
11:36:58.257 [Forwarding getElementTagName on session 7f96e7e36b9f10a8b5acad60a25246de to remote] DEBUG org.asynchttpclient.netty.request.NettyRequestSender - Using pooled Channel '[id: 0x1681981a, L:/127.0.0.1:61476 - R:localhost/127.0.0.1:6896]' for 'GET' to 'http://localhost:6896/session/7f96e7e36b9f10a8b5acad60a25246de/element/6FF2D42796E1B5636833727143D40385_element_38/name'
11:36:58.257 [Forwarding getElementTagName on session 7f96e7e36b9f10a8b5acad60a25246de to remote] DEBUG org.asynchttpclient.netty.request.NettyRequestSender - Using open Channel [id: 0x1681981a, L:/127.0.0.1:61476 - R:localhost/127.0.0.1:6896] for GET '/session/7f96e7e36b9f10a8b5acad60a25246de/element/6FF2D42796E1B5636833727143D40385_element_38/name'
11:36:58.261 [AsyncHttpClient-1-8] DEBUG org.asynchttpclient.netty.handler.HttpHandler - 

Request DefaultFullHttpRequest(decodeResult: success, version: HTTP/1.1, content: EmptyByteBufBE)
GET /session/7f96e7e36b9f10a8b5acad60a25246de/element/6FF2D42796E1B5636833727143D40385_element_38/name HTTP/1.1
User-Agent: selenium/4.8.0 (java windows)
Cache-Control: no-cache
Content-Type: application/json; charset=utf-8
host: localhost:6896
accept: */*

Response DefaultHttpResponse(decodeResult: success, version: HTTP/1.1)
HTTP/1.1 200 OK
Content-Length: 15
Content-Type: application/json; charset=utf-8
cache-control: no-cache

11:36:58.261 [AsyncHttpClient-1-8] DEBUG org.asynchttpclient.netty.channel.ChannelManager - Adding key: http://localhost:6896 for channel [id: 0x1681981a, L:/127.0.0.1:61476 - R:localhost/127.0.0.1:6896]
11:36:58.264 [Forwarding getElementAttribute on session 7f96e7e36b9f10a8b5acad60a25246de to remote] DEBUG org.asynchttpclient.netty.request.NettyRequestSender - Using pooled Channel '[id: 0x1681981a, L:/127.0.0.1:61476 - R:localhost/127.0.0.1:6896]' for 'POST' to 'http://localhost:6896/session/7f96e7e36b9f10a8b5acad60a25246de/execute/sync'
11:36:58.264 [Forwarding getElementAttribute on session 7f96e7e36b9f10a8b5acad60a25246de to remote] DEBUG org.asynchttpclient.netty.request.NettyRequestSender - Using open Channel [id: 0x1681981a, L:/127.0.0.1:61476 - R:localhost/127.0.0.1:6896] for POST '/session/7f96e7e36b9f10a8b5acad60a25246de/execute/sync'
11:36:58.272 [AsyncHttpClient-1-8] DEBUG org.asynchttpclient.netty.handler.HttpHandler - 

Request DefaultHttpRequest(decodeResult: success, version: HTTP/1.1)
POST /session/7f96e7e36b9f10a8b5acad60a25246de/execute/sync HTTP/1.1
User-Agent: selenium/4.8.0 (java windows)
Content-Length: 47372
Content-Type: application/json; charset=utf-8
host: localhost:6896
accept: */*

Response DefaultHttpResponse(decodeResult: success, version: HTTP/1.1)
HTTP/1.1 200 OK
Content-Length: 12
Content-Type: application/json; charset=utf-8
cache-control: no-cache

11:36:58.272 [AsyncHttpClient-1-8] DEBUG org.asynchttpclient.netty.channel.ChannelManager - Adding key: http://localhost:6896 for channel [id: 0x1681981a, L:/127.0.0.1:61476 - R:localhost/127.0.0.1:6896]
11:36:58.274 [Forwarding getElementAttribute on session 7f96e7e36b9f10a8b5acad60a25246de to remote] DEBUG org.asynchttpclient.netty.request.NettyRequestSender - Using pooled Channel '[id: 0x1681981a, L:/127.0.0.1:61476 - R:localhost/127.0.0.1:6896]' for 'POST' to 'http://localhost:6896/session/7f96e7e36b9f10a8b5acad60a25246de/execute/sync'
11:36:58.274 [Forwarding getElementAttribute on session 7f96e7e36b9f10a8b5acad60a25246de to remote] DEBUG org.asynchttpclient.netty.request.NettyRequestSender - Using open Channel [id: 0x1681981a, L:/127.0.0.1:61476 - R:localhost/127.0.0.1:6896] for POST '/session/7f96e7e36b9f10a8b5acad60a25246de/execute/sync'
11:36:58.284 [AsyncHttpClient-1-8] DEBUG org.asynchttpclient.netty.handler.HttpHandler - 

Request DefaultHttpRequest(decodeResult: success, version: HTTP/1.1)
POST /session/7f96e7e36b9f10a8b5acad60a25246de/execute/sync HTTP/1.1
User-Agent: selenium/4.8.0 (java windows)
Content-Length: 47374
Content-Type: application/json; charset=utf-8
host: localhost:6896
accept: */*

Response DefaultHttpResponse(decodeResult: success, version: HTTP/1.1)
HTTP/1.1 200 OK
Content-Length: 14
Content-Type: application/json; charset=utf-8
cache-control: no-cache

11:36:58.284 [AsyncHttpClient-1-8] DEBUG org.asynchttpclient.netty.channel.ChannelManager - Adding key: http://localhost:6896 for channel [id: 0x1681981a, L:/127.0.0.1:61476 - R:localhost/127.0.0.1:6896]
11:36:58.285 [Forwarding getElementAttribute on session 7f96e7e36b9f10a8b5acad60a25246de to remote] DEBUG org.asynchttpclient.netty.request.NettyRequestSender - Using pooled Channel '[id: 0x1681981a, L:/127.0.0.1:61476 - R:localhost/127.0.0.1:6896]' for 'POST' to 'http://localhost:6896/session/7f96e7e36b9f10a8b5acad60a25246de/execute/sync'
11:36:58.285 [Forwarding getElementAttribute on session 7f96e7e36b9f10a8b5acad60a25246de to remote] DEBUG org.asynchttpclient.netty.request.NettyRequestSender - Using open Channel [id: 0x1681981a, L:/127.0.0.1:61476 - R:localhost/127.0.0.1:6896] for POST '/session/7f96e7e36b9f10a8b5acad60a25246de/execute/sync'
11:36:58.294 [AsyncHttpClient-1-8] DEBUG org.asynchttpclient.netty.handler.HttpHandler - 

Request DefaultHttpRequest(decodeResult: success, version: HTTP/1.1)
POST /session/7f96e7e36b9f10a8b5acad60a25246de/execute/sync HTTP/1.1
User-Agent: selenium/4.8.0 (java windows)
Content-Length: 47374
Content-Type: application/json; charset=utf-8
host: localhost:6896
accept: */*

Response DefaultHttpResponse(decodeResult: success, version: HTTP/1.1)
HTTP/1.1 200 OK
Content-Length: 14
Content-Type: application/json; charset=utf-8
cache-control: no-cache

11:36:58.294 [AsyncHttpClient-1-8] DEBUG org.asynchttpclient.netty.channel.ChannelManager - Adding key: http://localhost:6896 for channel [id: 0x1681981a, L:/127.0.0.1:61476 - R:localhost/127.0.0.1:6896]
11:36:58.296 [Forwarding getElementAttribute on session 7f96e7e36b9f10a8b5acad60a25246de to remote] DEBUG org.asynchttpclient.netty.request.NettyRequestSender - Using pooled Channel '[id: 0x1681981a, L:/127.0.0.1:61476 - R:localhost/127.0.0.1:6896]' for 'POST' to 'http://localhost:6896/session/7f96e7e36b9f10a8b5acad60a25246de/execute/sync'
11:36:58.296 [Forwarding getElementAttribute on session 7f96e7e36b9f10a8b5acad60a25246de to remote] DEBUG org.asynchttpclient.netty.request.NettyRequestSender - Using open Channel [id: 0x1681981a, L:/127.0.0.1:61476 - R:localhost/127.0.0.1:6896] for POST '/session/7f96e7e36b9f10a8b5acad60a25246de/execute/sync'
11:36:58.303 [AsyncHttpClient-1-8] DEBUG org.asynchttpclient.netty.handler.HttpHandler - 

Request DefaultHttpRequest(decodeResult: success, version: HTTP/1.1)
POST /session/7f96e7e36b9f10a8b5acad60a25246de/execute/sync HTTP/1.1
User-Agent: selenium/4.8.0 (java windows)
Content-Length: 47374
Content-Type: application/json; charset=utf-8
host: localhost:6896
accept: */*

Response DefaultHttpResponse(decodeResult: success, version: HTTP/1.1)
HTTP/1.1 200 OK
Content-Length: 14
Content-Type: application/json; charset=utf-8
cache-control: no-cache

11:36:58.303 [AsyncHttpClient-1-8] DEBUG org.asynchttpclient.netty.channel.ChannelManager - Adding key: http://localhost:6896 for channel [id: 0x1681981a, L:/127.0.0.1:61476 - R:localhost/127.0.0.1:6896]
11:36:58.304 [Forwarding getElementAttribute on session 7f96e7e36b9f10a8b5acad60a25246de to remote] DEBUG org.asynchttpclient.netty.request.NettyRequestSender - Using pooled Channel '[id: 0x1681981a, L:/127.0.0.1:61476 - R:localhost/127.0.0.1:6896]' for 'POST' to 'http://localhost:6896/session/7f96e7e36b9f10a8b5acad60a25246de/execute/sync'
11:36:58.304 [Forwarding getElementAttribute on session 7f96e7e36b9f10a8b5acad60a25246de to remote] DEBUG org.asynchttpclient.netty.request.NettyRequestSender - Using open Channel [id: 0x1681981a, L:/127.0.0.1:61476 - R:localhost/127.0.0.1:6896] for POST '/session/7f96e7e36b9f10a8b5acad60a25246de/execute/sync'
11:36:58.314 [AsyncHttpClient-1-8] DEBUG org.asynchttpclient.netty.handler.HttpHandler - 

Request DefaultHttpRequest(decodeResult: success, version: HTTP/1.1)
POST /session/7f96e7e36b9f10a8b5acad60a25246de/execute/sync HTTP/1.1
User-Agent: selenium/4.8.0 (java windows)
Content-Length: 47375
Content-Type: application/json; charset=utf-8
host: localhost:6896
accept: */*

Response DefaultHttpResponse(decodeResult: success, version: HTTP/1.1)
HTTP/1.1 200 OK
Content-Length: 14
Content-Type: application/json; charset=utf-8
cache-control: no-cache

11:36:58.314 [AsyncHttpClient-1-8] DEBUG org.asynchttpclient.netty.channel.ChannelManager - Adding key: http://localhost:6896 for channel [id: 0x1681981a, L:/127.0.0.1:61476 - R:localhost/127.0.0.1:6896]
11:36:58.316 [Forwarding getElementAttribute on session 7f96e7e36b9f10a8b5acad60a25246de to remote] DEBUG org.asynchttpclient.netty.request.NettyRequestSender - Using pooled Channel '[id: 0x1681981a, L:/127.0.0.1:61476 - R:localhost/127.0.0.1:6896]' for 'POST' to 'http://localhost:6896/session/7f96e7e36b9f10a8b5acad60a25246de/execute/sync'
11:36:58.316 [Forwarding getElementAttribute on session 7f96e7e36b9f10a8b5acad60a25246de to remote] DEBUG org.asynchttpclient.netty.request.NettyRequestSender - Using open Channel [id: 0x1681981a, L:/127.0.0.1:61476 - R:localhost/127.0.0.1:6896] for POST '/session/7f96e7e36b9f10a8b5acad60a25246de/execute/sync'
11:36:58.324 [AsyncHttpClient-1-8] DEBUG org.asynchttpclient.netty.handler.HttpHandler - 

Request DefaultHttpRequest(decodeResult: success, version: HTTP/1.1)
POST /session/7f96e7e36b9f10a8b5acad60a25246de/execute/sync HTTP/1.1
User-Agent: selenium/4.8.0 (java windows)
Content-Length: 47375
Content-Type: application/json; charset=utf-8
host: localhost:6896
accept: */*

Response DefaultHttpResponse(decodeResult: success, version: HTTP/1.1)
HTTP/1.1 200 OK
Content-Length: 32
Content-Type: application/json; charset=utf-8
cache-control: no-cache

11:36:58.324 [AsyncHttpClient-1-8] DEBUG org.asynchttpclient.netty.channel.ChannelManager - Adding key: http://localhost:6896 for channel [id: 0x1681981a, L:/127.0.0.1:61476 - R:localhost/127.0.0.1:6896]
11:36:58.326 [Forwarding getElementAttribute on session 7f96e7e36b9f10a8b5acad60a25246de to remote] DEBUG org.asynchttpclient.netty.request.NettyRequestSender - Using pooled Channel '[id: 0x1681981a, L:/127.0.0.1:61476 - R:localhost/127.0.0.1:6896]' for 'POST' to 'http://localhost:6896/session/7f96e7e36b9f10a8b5acad60a25246de/execute/sync'
11:36:58.326 [Forwarding getElementAttribute on session 7f96e7e36b9f10a8b5acad60a25246de to remote] DEBUG org.asynchttpclient.netty.request.NettyRequestSender - Using open Channel [id: 0x1681981a, L:/127.0.0.1:61476 - R:localhost/127.0.0.1:6896] for POST '/session/7f96e7e36b9f10a8b5acad60a25246de/execute/sync'
11:36:58.334 [AsyncHttpClient-1-8] DEBUG org.asynchttpclient.netty.handler.HttpHandler - 

Request DefaultHttpRequest(decodeResult: success, version: HTTP/1.1)
POST /session/7f96e7e36b9f10a8b5acad60a25246de/execute/sync HTTP/1.1
User-Agent: selenium/4.8.0 (java windows)
Content-Length: 47375
Content-Type: application/json; charset=utf-8
host: localhost:6896
accept: */*

Response DefaultHttpResponse(decodeResult: success, version: HTTP/1.1)
HTTP/1.1 200 OK
Content-Length: 32
Content-Type: application/json; charset=utf-8
cache-control: no-cache

11:36:58.334 [AsyncHttpClient-1-8] DEBUG org.asynchttpclient.netty.channel.ChannelManager - Adding key: http://localhost:6896 for channel [id: 0x1681981a, L:/127.0.0.1:61476 - R:localhost/127.0.0.1:6896]
<div class='inventory_item_price'> - InventoryPage.productpricesprice validation passed
11:36:58.335 [Forwarding findElements on session 7f96e7e36b9f10a8b5acad60a25246de to remote] DEBUG org.asynchttpclient.netty.request.NettyRequestSender - Using pooled Channel '[id: 0x1681981a, L:/127.0.0.1:61476 - R:localhost/127.0.0.1:6896]' for 'POST' to 'http://localhost:6896/session/7f96e7e36b9f10a8b5acad60a25246de/elements'
11:36:58.335 [Forwarding findElements on session 7f96e7e36b9f10a8b5acad60a25246de to remote] DEBUG org.asynchttpclient.netty.request.NettyRequestSender - Using open Channel [id: 0x1681981a, L:/127.0.0.1:61476 - R:localhost/127.0.0.1:6896] for POST '/session/7f96e7e36b9f10a8b5acad60a25246de/elements'
11:36:58.341 [AsyncHttpClient-1-8] DEBUG org.asynchttpclient.netty.handler.HttpHandler - 

Request DefaultHttpRequest(decodeResult: success, version: HTTP/1.1)
POST /session/7f96e7e36b9f10a8b5acad60a25246de/elements HTTP/1.1
User-Agent: selenium/4.8.0 (java windows)
Content-Length: 83
Content-Type: application/json; charset=utf-8
host: localhost:6896
accept: */*

Response DefaultHttpResponse(decodeResult: success, version: HTTP/1.1)
HTTP/1.1 200 OK
Content-Length: 527
Content-Type: application/json; charset=utf-8
cache-control: no-cache

11:36:58.341 [AsyncHttpClient-1-8] DEBUG org.asynchttpclient.netty.channel.ChannelManager - Adding key: http://localhost:6896 for channel [id: 0x1681981a, L:/127.0.0.1:61476 - R:localhost/127.0.0.1:6896]
11:36:58.342 [Forwarding findElements on session 7f96e7e36b9f10a8b5acad60a25246de to remote] DEBUG org.asynchttpclient.netty.request.NettyRequestSender - Using pooled Channel '[id: 0x1681981a, L:/127.0.0.1:61476 - R:localhost/127.0.0.1:6896]' for 'POST' to 'http://localhost:6896/session/7f96e7e36b9f10a8b5acad60a25246de/elements'
11:36:58.342 [Forwarding findElements on session 7f96e7e36b9f10a8b5acad60a25246de to remote] DEBUG org.asynchttpclient.netty.request.NettyRequestSender - Using open Channel [id: 0x1681981a, L:/127.0.0.1:61476 - R:localhost/127.0.0.1:6896] for POST '/session/7f96e7e36b9f10a8b5acad60a25246de/elements'
11:36:58.349 [AsyncHttpClient-1-8] DEBUG org.asynchttpclient.netty.handler.HttpHandler - 

Request DefaultHttpRequest(decodeResult: success, version: HTTP/1.1)
POST /session/7f96e7e36b9f10a8b5acad60a25246de/elements HTTP/1.1
User-Agent: selenium/4.8.0 (java windows)
Content-Length: 83
Content-Type: application/json; charset=utf-8
host: localhost:6896
accept: */*

Response DefaultHttpResponse(decodeResult: success, version: HTTP/1.1)
HTTP/1.1 200 OK
Content-Length: 527
Content-Type: application/json; charset=utf-8
cache-control: no-cache

11:36:58.349 [AsyncHttpClient-1-8] DEBUG org.asynchttpclient.netty.channel.ChannelManager - Adding key: http://localhost:6896 for channel [id: 0x1681981a, L:/127.0.0.1:61476 - R:localhost/127.0.0.1:6896]
11:36:58.350 [Forwarding findElements on session 7f96e7e36b9f10a8b5acad60a25246de to remote] DEBUG org.asynchttpclient.netty.request.NettyRequestSender - Using pooled Channel '[id: 0x1681981a, L:/127.0.0.1:61476 - R:localhost/127.0.0.1:6896]' for 'POST' to 'http://localhost:6896/session/7f96e7e36b9f10a8b5acad60a25246de/elements'
11:36:58.350 [Forwarding findElements on session 7f96e7e36b9f10a8b5acad60a25246de to remote] DEBUG org.asynchttpclient.netty.request.NettyRequestSender - Using open Channel [id: 0x1681981a, L:/127.0.0.1:61476 - R:localhost/127.0.0.1:6896] for POST '/session/7f96e7e36b9f10a8b5acad60a25246de/elements'
11:36:58.360 [AsyncHttpClient-1-8] DEBUG org.asynchttpclient.netty.handler.HttpHandler - 

Request DefaultHttpRequest(decodeResult: success, version: HTTP/1.1)
POST /session/7f96e7e36b9f10a8b5acad60a25246de/elements HTTP/1.1
User-Agent: selenium/4.8.0 (java windows)
Content-Length: 83
Content-Type: application/json; charset=utf-8
host: localhost:6896
accept: */*

Response DefaultHttpResponse(decodeResult: success, version: HTTP/1.1)
HTTP/1.1 200 OK
Content-Length: 527
Content-Type: application/json; charset=utf-8
cache-control: no-cache

11:36:58.361 [AsyncHttpClient-1-8] DEBUG org.asynchttpclient.netty.channel.ChannelManager - Adding key: http://localhost:6896 for channel [id: 0x1681981a, L:/127.0.0.1:61476 - R:localhost/127.0.0.1:6896]
11:36:58.361 [Forwarding getElementText on session 7f96e7e36b9f10a8b5acad60a25246de to remote] DEBUG org.asynchttpclient.netty.request.NettyRequestSender - Using pooled Channel '[id: 0x1681981a, L:/127.0.0.1:61476 - R:localhost/127.0.0.1:6896]' for 'GET' to 'http://localhost:6896/session/7f96e7e36b9f10a8b5acad60a25246de/element/6FF2D42796E1B5636833727143D40385_element_41/text'
11:36:58.361 [Forwarding getElementText on session 7f96e7e36b9f10a8b5acad60a25246de to remote] DEBUG org.asynchttpclient.netty.request.NettyRequestSender - Using open Channel [id: 0x1681981a, L:/127.0.0.1:61476 - R:localhost/127.0.0.1:6896] for GET '/session/7f96e7e36b9f10a8b5acad60a25246de/element/6FF2D42796E1B5636833727143D40385_element_41/text'
11:36:58.368 [AsyncHttpClient-1-8] DEBUG org.asynchttpclient.netty.handler.HttpHandler - 

Request DefaultFullHttpRequest(decodeResult: success, version: HTTP/1.1, content: EmptyByteBufBE)
GET /session/7f96e7e36b9f10a8b5acad60a25246de/element/6FF2D42796E1B5636833727143D40385_element_41/text HTTP/1.1
User-Agent: selenium/4.8.0 (java windows)
Cache-Control: no-cache
Content-Type: application/json; charset=utf-8
host: localhost:6896
accept: */*

Response DefaultHttpResponse(decodeResult: success, version: HTTP/1.1)
HTTP/1.1 200 OK
Content-Length: 18
Content-Type: application/json; charset=utf-8
cache-control: no-cache

11:36:58.368 [AsyncHttpClient-1-8] DEBUG org.asynchttpclient.netty.channel.ChannelManager - Adding key: http://localhost:6896 for channel [id: 0x1681981a, L:/127.0.0.1:61476 - R:localhost/127.0.0.1:6896]
11:36:58.370 [Forwarding findElements on session 7f96e7e36b9f10a8b5acad60a25246de to remote] DEBUG org.asynchttpclient.netty.request.NettyRequestSender - Using pooled Channel '[id: 0x1681981a, L:/127.0.0.1:61476 - R:localhost/127.0.0.1:6896]' for 'POST' to 'http://localhost:6896/session/7f96e7e36b9f10a8b5acad60a25246de/elements'
11:36:58.370 [Forwarding findElements on session 7f96e7e36b9f10a8b5acad60a25246de to remote] DEBUG org.asynchttpclient.netty.request.NettyRequestSender - Using open Channel [id: 0x1681981a, L:/127.0.0.1:61476 - R:localhost/127.0.0.1:6896] for POST '/session/7f96e7e36b9f10a8b5acad60a25246de/elements'
11:36:58.382 [AsyncHttpClient-1-8] DEBUG org.asynchttpclient.netty.handler.HttpHandler - 

Request DefaultHttpRequest(decodeResult: success, version: HTTP/1.1)
POST /session/7f96e7e36b9f10a8b5acad60a25246de/elements HTTP/1.1
User-Agent: selenium/4.8.0 (java windows)
Content-Length: 83
Content-Type: application/json; charset=utf-8
host: localhost:6896
accept: */*

Response DefaultHttpResponse(decodeResult: success, version: HTTP/1.1)
HTTP/1.1 200 OK
Content-Length: 527
Content-Type: application/json; charset=utf-8
cache-control: no-cache

11:36:58.382 [AsyncHttpClient-1-8] DEBUG org.asynchttpclient.netty.channel.ChannelManager - Adding key: http://localhost:6896 for channel [id: 0x1681981a, L:/127.0.0.1:61476 - R:localhost/127.0.0.1:6896]
11:36:58.382 [Forwarding getElementText on session 7f96e7e36b9f10a8b5acad60a25246de to remote] DEBUG org.asynchttpclient.netty.request.NettyRequestSender - Using pooled Channel '[id: 0x1681981a, L:/127.0.0.1:61476 - R:localhost/127.0.0.1:6896]' for 'GET' to 'http://localhost:6896/session/7f96e7e36b9f10a8b5acad60a25246de/element/6FF2D42796E1B5636833727143D40385_element_41/text'
11:36:58.382 [Forwarding getElementText on session 7f96e7e36b9f10a8b5acad60a25246de to remote] DEBUG org.asynchttpclient.netty.request.NettyRequestSender - Using open Channel [id: 0x1681981a, L:/127.0.0.1:61476 - R:localhost/127.0.0.1:6896] for GET '/session/7f96e7e36b9f10a8b5acad60a25246de/element/6FF2D42796E1B5636833727143D40385_element_41/text'
11:36:58.392 [AsyncHttpClient-1-8] DEBUG org.asynchttpclient.netty.handler.HttpHandler - 

Request DefaultFullHttpRequest(decodeResult: success, version: HTTP/1.1, content: EmptyByteBufBE)
GET /session/7f96e7e36b9f10a8b5acad60a25246de/element/6FF2D42796E1B5636833727143D40385_element_41/text HTTP/1.1
User-Agent: selenium/4.8.0 (java windows)
Cache-Control: no-cache
Content-Type: application/json; charset=utf-8
host: localhost:6896
accept: */*

Response DefaultHttpResponse(decodeResult: success, version: HTTP/1.1)
HTTP/1.1 200 OK
Content-Length: 18
Content-Type: application/json; charset=utf-8
cache-control: no-cache

11:36:58.392 [AsyncHttpClient-1-8] DEBUG org.asynchttpclient.netty.channel.ChannelManager - Adding key: http://localhost:6896 for channel [id: 0x1681981a, L:/127.0.0.1:61476 - R:localhost/127.0.0.1:6896]
11:36:58.393 [Forwarding findElements on session 7f96e7e36b9f10a8b5acad60a25246de to remote] DEBUG org.asynchttpclient.netty.request.NettyRequestSender - Using pooled Channel '[id: 0x1681981a, L:/127.0.0.1:61476 - R:localhost/127.0.0.1:6896]' for 'POST' to 'http://localhost:6896/session/7f96e7e36b9f10a8b5acad60a25246de/elements'
11:36:58.394 [Forwarding findElements on session 7f96e7e36b9f10a8b5acad60a25246de to remote] DEBUG org.asynchttpclient.netty.request.NettyRequestSender - Using open Channel [id: 0x1681981a, L:/127.0.0.1:61476 - R:localhost/127.0.0.1:6896] for POST '/session/7f96e7e36b9f10a8b5acad60a25246de/elements'
11:36:58.399 [AsyncHttpClient-1-8] DEBUG org.asynchttpclient.netty.handler.HttpHandler - 

Request DefaultHttpRequest(decodeResult: success, version: HTTP/1.1)
POST /session/7f96e7e36b9f10a8b5acad60a25246de/elements HTTP/1.1
User-Agent: selenium/4.8.0 (java windows)
Content-Length: 83
Content-Type: application/json; charset=utf-8
host: localhost:6896
accept: */*

Response DefaultHttpResponse(decodeResult: success, version: HTTP/1.1)
HTTP/1.1 200 OK
Content-Length: 527
Content-Type: application/json; charset=utf-8
cache-control: no-cache

11:36:58.399 [AsyncHttpClient-1-8] DEBUG org.asynchttpclient.netty.channel.ChannelManager - Adding key: http://localhost:6896 for channel [id: 0x1681981a, L:/127.0.0.1:61476 - R:localhost/127.0.0.1:6896]
11:36:58.400 [Forwarding getElementTagName on session 7f96e7e36b9f10a8b5acad60a25246de to remote] DEBUG org.asynchttpclient.netty.request.NettyRequestSender - Using pooled Channel '[id: 0x1681981a, L:/127.0.0.1:61476 - R:localhost/127.0.0.1:6896]' for 'GET' to 'http://localhost:6896/session/7f96e7e36b9f10a8b5acad60a25246de/element/6FF2D42796E1B5636833727143D40385_element_41/name'
11:36:58.400 [Forwarding getElementTagName on session 7f96e7e36b9f10a8b5acad60a25246de to remote] DEBUG org.asynchttpclient.netty.request.NettyRequestSender - Using open Channel [id: 0x1681981a, L:/127.0.0.1:61476 - R:localhost/127.0.0.1:6896] for GET '/session/7f96e7e36b9f10a8b5acad60a25246de/element/6FF2D42796E1B5636833727143D40385_element_41/name'
11:36:58.404 [AsyncHttpClient-1-8] DEBUG org.asynchttpclient.netty.handler.HttpHandler - 

Request DefaultFullHttpRequest(decodeResult: success, version: HTTP/1.1, content: EmptyByteBufBE)
GET /session/7f96e7e36b9f10a8b5acad60a25246de/element/6FF2D42796E1B5636833727143D40385_element_41/name HTTP/1.1
User-Agent: selenium/4.8.0 (java windows)
Cache-Control: no-cache
Content-Type: application/json; charset=utf-8
host: localhost:6896
accept: */*

Response DefaultHttpResponse(decodeResult: success, version: HTTP/1.1)
HTTP/1.1 200 OK
Content-Length: 15
Content-Type: application/json; charset=utf-8
cache-control: no-cache

11:36:58.404 [AsyncHttpClient-1-8] DEBUG org.asynchttpclient.netty.channel.ChannelManager - Adding key: http://localhost:6896 for channel [id: 0x1681981a, L:/127.0.0.1:61476 - R:localhost/127.0.0.1:6896]
11:36:58.406 [Forwarding getElementAttribute on session 7f96e7e36b9f10a8b5acad60a25246de to remote] DEBUG org.asynchttpclient.netty.request.NettyRequestSender - Using pooled Channel '[id: 0x1681981a, L:/127.0.0.1:61476 - R:localhost/127.0.0.1:6896]' for 'POST' to 'http://localhost:6896/session/7f96e7e36b9f10a8b5acad60a25246de/execute/sync'
11:36:58.406 [Forwarding getElementAttribute on session 7f96e7e36b9f10a8b5acad60a25246de to remote] DEBUG org.asynchttpclient.netty.request.NettyRequestSender - Using open Channel [id: 0x1681981a, L:/127.0.0.1:61476 - R:localhost/127.0.0.1:6896] for POST '/session/7f96e7e36b9f10a8b5acad60a25246de/execute/sync'
11:36:58.416 [AsyncHttpClient-1-8] DEBUG org.asynchttpclient.netty.handler.HttpHandler - 

Request DefaultHttpRequest(decodeResult: success, version: HTTP/1.1)
POST /session/7f96e7e36b9f10a8b5acad60a25246de/execute/sync HTTP/1.1
User-Agent: selenium/4.8.0 (java windows)
Content-Length: 47372
Content-Type: application/json; charset=utf-8
host: localhost:6896
accept: */*

Response DefaultHttpResponse(decodeResult: success, version: HTTP/1.1)
HTTP/1.1 200 OK
Content-Length: 12
Content-Type: application/json; charset=utf-8
cache-control: no-cache

11:36:58.416 [AsyncHttpClient-1-8] DEBUG org.asynchttpclient.netty.channel.ChannelManager - Adding key: http://localhost:6896 for channel [id: 0x1681981a, L:/127.0.0.1:61476 - R:localhost/127.0.0.1:6896]
11:36:58.418 [Forwarding getElementAttribute on session 7f96e7e36b9f10a8b5acad60a25246de to remote] DEBUG org.asynchttpclient.netty.request.NettyRequestSender - Using pooled Channel '[id: 0x1681981a, L:/127.0.0.1:61476 - R:localhost/127.0.0.1:6896]' for 'POST' to 'http://localhost:6896/session/7f96e7e36b9f10a8b5acad60a25246de/execute/sync'
11:36:58.418 [Forwarding getElementAttribute on session 7f96e7e36b9f10a8b5acad60a25246de to remote] DEBUG org.asynchttpclient.netty.request.NettyRequestSender - Using open Channel [id: 0x1681981a, L:/127.0.0.1:61476 - R:localhost/127.0.0.1:6896] for POST '/session/7f96e7e36b9f10a8b5acad60a25246de/execute/sync'
11:36:58.426 [AsyncHttpClient-1-8] DEBUG org.asynchttpclient.netty.handler.HttpHandler - 

Request DefaultHttpRequest(decodeResult: success, version: HTTP/1.1)
POST /session/7f96e7e36b9f10a8b5acad60a25246de/execute/sync HTTP/1.1
User-Agent: selenium/4.8.0 (java windows)
Content-Length: 47374
Content-Type: application/json; charset=utf-8
host: localhost:6896
accept: */*

Response DefaultHttpResponse(decodeResult: success, version: HTTP/1.1)
HTTP/1.1 200 OK
Content-Length: 14
Content-Type: application/json; charset=utf-8
cache-control: no-cache

11:36:58.426 [AsyncHttpClient-1-8] DEBUG org.asynchttpclient.netty.channel.ChannelManager - Adding key: http://localhost:6896 for channel [id: 0x1681981a, L:/127.0.0.1:61476 - R:localhost/127.0.0.1:6896]
11:36:58.427 [Forwarding getElementAttribute on session 7f96e7e36b9f10a8b5acad60a25246de to remote] DEBUG org.asynchttpclient.netty.request.NettyRequestSender - Using pooled Channel '[id: 0x1681981a, L:/127.0.0.1:61476 - R:localhost/127.0.0.1:6896]' for 'POST' to 'http://localhost:6896/session/7f96e7e36b9f10a8b5acad60a25246de/execute/sync'
11:36:58.427 [Forwarding getElementAttribute on session 7f96e7e36b9f10a8b5acad60a25246de to remote] DEBUG org.asynchttpclient.netty.request.NettyRequestSender - Using open Channel [id: 0x1681981a, L:/127.0.0.1:61476 - R:localhost/127.0.0.1:6896] for POST '/session/7f96e7e36b9f10a8b5acad60a25246de/execute/sync'
11:36:58.436 [AsyncHttpClient-1-8] DEBUG org.asynchttpclient.netty.handler.HttpHandler - 

Request DefaultHttpRequest(decodeResult: success, version: HTTP/1.1)
POST /session/7f96e7e36b9f10a8b5acad60a25246de/execute/sync HTTP/1.1
User-Agent: selenium/4.8.0 (java windows)
Content-Length: 47374
Content-Type: application/json; charset=utf-8
host: localhost:6896
accept: */*

Response DefaultHttpResponse(decodeResult: success, version: HTTP/1.1)
HTTP/1.1 200 OK
Content-Length: 14
Content-Type: application/json; charset=utf-8
cache-control: no-cache

11:36:58.436 [AsyncHttpClient-1-8] DEBUG org.asynchttpclient.netty.channel.ChannelManager - Adding key: http://localhost:6896 for channel [id: 0x1681981a, L:/127.0.0.1:61476 - R:localhost/127.0.0.1:6896]
11:36:58.439 [Forwarding getElementAttribute on session 7f96e7e36b9f10a8b5acad60a25246de to remote] DEBUG org.asynchttpclient.netty.request.NettyRequestSender - Using pooled Channel '[id: 0x1681981a, L:/127.0.0.1:61476 - R:localhost/127.0.0.1:6896]' for 'POST' to 'http://localhost:6896/session/7f96e7e36b9f10a8b5acad60a25246de/execute/sync'
11:36:58.439 [Forwarding getElementAttribute on session 7f96e7e36b9f10a8b5acad60a25246de to remote] DEBUG org.asynchttpclient.netty.request.NettyRequestSender - Using open Channel [id: 0x1681981a, L:/127.0.0.1:61476 - R:localhost/127.0.0.1:6896] for POST '/session/7f96e7e36b9f10a8b5acad60a25246de/execute/sync'
11:36:58.449 [AsyncHttpClient-1-8] DEBUG org.asynchttpclient.netty.handler.HttpHandler - 

Request DefaultHttpRequest(decodeResult: success, version: HTTP/1.1)
POST /session/7f96e7e36b9f10a8b5acad60a25246de/execute/sync HTTP/1.1
User-Agent: selenium/4.8.0 (java windows)
Content-Length: 47374
Content-Type: application/json; charset=utf-8
host: localhost:6896
accept: */*

Response DefaultHttpResponse(decodeResult: success, version: HTTP/1.1)
HTTP/1.1 200 OK
Content-Length: 14
Content-Type: application/json; charset=utf-8
cache-control: no-cache

11:36:58.449 [AsyncHttpClient-1-8] DEBUG org.asynchttpclient.netty.channel.ChannelManager - Adding key: http://localhost:6896 for channel [id: 0x1681981a, L:/127.0.0.1:61476 - R:localhost/127.0.0.1:6896]
11:36:58.452 [Forwarding getElementAttribute on session 7f96e7e36b9f10a8b5acad60a25246de to remote] DEBUG org.asynchttpclient.netty.request.NettyRequestSender - Using pooled Channel '[id: 0x1681981a, L:/127.0.0.1:61476 - R:localhost/127.0.0.1:6896]' for 'POST' to 'http://localhost:6896/session/7f96e7e36b9f10a8b5acad60a25246de/execute/sync'
11:36:58.452 [Forwarding getElementAttribute on session 7f96e7e36b9f10a8b5acad60a25246de to remote] DEBUG org.asynchttpclient.netty.request.NettyRequestSender - Using open Channel [id: 0x1681981a, L:/127.0.0.1:61476 - R:localhost/127.0.0.1:6896] for POST '/session/7f96e7e36b9f10a8b5acad60a25246de/execute/sync'
11:36:58.461 [AsyncHttpClient-1-8] DEBUG org.asynchttpclient.netty.handler.HttpHandler - 

Request DefaultHttpRequest(decodeResult: success, version: HTTP/1.1)
POST /session/7f96e7e36b9f10a8b5acad60a25246de/execute/sync HTTP/1.1
User-Agent: selenium/4.8.0 (java windows)
Content-Length: 47375
Content-Type: application/json; charset=utf-8
host: localhost:6896
accept: */*

Response DefaultHttpResponse(decodeResult: success, version: HTTP/1.1)
HTTP/1.1 200 OK
Content-Length: 14
Content-Type: application/json; charset=utf-8
cache-control: no-cache

11:36:58.461 [AsyncHttpClient-1-8] DEBUG org.asynchttpclient.netty.channel.ChannelManager - Adding key: http://localhost:6896 for channel [id: 0x1681981a, L:/127.0.0.1:61476 - R:localhost/127.0.0.1:6896]
11:36:58.463 [Forwarding getElementAttribute on session 7f96e7e36b9f10a8b5acad60a25246de to remote] DEBUG org.asynchttpclient.netty.request.NettyRequestSender - Using pooled Channel '[id: 0x1681981a, L:/127.0.0.1:61476 - R:localhost/127.0.0.1:6896]' for 'POST' to 'http://localhost:6896/session/7f96e7e36b9f10a8b5acad60a25246de/execute/sync'
11:36:58.463 [Forwarding getElementAttribute on session 7f96e7e36b9f10a8b5acad60a25246de to remote] DEBUG org.asynchttpclient.netty.request.NettyRequestSender - Using open Channel [id: 0x1681981a, L:/127.0.0.1:61476 - R:localhost/127.0.0.1:6896] for POST '/session/7f96e7e36b9f10a8b5acad60a25246de/execute/sync'
11:36:58.471 [AsyncHttpClient-1-8] DEBUG org.asynchttpclient.netty.handler.HttpHandler - 

Request DefaultHttpRequest(decodeResult: success, version: HTTP/1.1)
POST /session/7f96e7e36b9f10a8b5acad60a25246de/execute/sync HTTP/1.1
User-Agent: selenium/4.8.0 (java windows)
Content-Length: 47375
Content-Type: application/json; charset=utf-8
host: localhost:6896
accept: */*

Response DefaultHttpResponse(decodeResult: success, version: HTTP/1.1)
HTTP/1.1 200 OK
Content-Length: 32
Content-Type: application/json; charset=utf-8
cache-control: no-cache

11:36:58.471 [AsyncHttpClient-1-8] DEBUG org.asynchttpclient.netty.channel.ChannelManager - Adding key: http://localhost:6896 for channel [id: 0x1681981a, L:/127.0.0.1:61476 - R:localhost/127.0.0.1:6896]
11:36:58.474 [Forwarding getElementAttribute on session 7f96e7e36b9f10a8b5acad60a25246de to remote] DEBUG org.asynchttpclient.netty.request.NettyRequestSender - Using pooled Channel '[id: 0x1681981a, L:/127.0.0.1:61476 - R:localhost/127.0.0.1:6896]' for 'POST' to 'http://localhost:6896/session/7f96e7e36b9f10a8b5acad60a25246de/execute/sync'
11:36:58.474 [Forwarding getElementAttribute on session 7f96e7e36b9f10a8b5acad60a25246de to remote] DEBUG org.asynchttpclient.netty.request.NettyRequestSender - Using open Channel [id: 0x1681981a, L:/127.0.0.1:61476 - R:localhost/127.0.0.1:6896] for POST '/session/7f96e7e36b9f10a8b5acad60a25246de/execute/sync'
11:36:58.485 [AsyncHttpClient-1-8] DEBUG org.asynchttpclient.netty.handler.HttpHandler - 

Request DefaultHttpRequest(decodeResult: success, version: HTTP/1.1)
POST /session/7f96e7e36b9f10a8b5acad60a25246de/execute/sync HTTP/1.1
User-Agent: selenium/4.8.0 (java windows)
Content-Length: 47375
Content-Type: application/json; charset=utf-8
host: localhost:6896
accept: */*

Response DefaultHttpResponse(decodeResult: success, version: HTTP/1.1)
HTTP/1.1 200 OK
Content-Length: 32
Content-Type: application/json; charset=utf-8
cache-control: no-cache

11:36:58.485 [AsyncHttpClient-1-8] DEBUG org.asynchttpclient.netty.channel.ChannelManager - Adding key: http://localhost:6896 for channel [id: 0x1681981a, L:/127.0.0.1:61476 - R:localhost/127.0.0.1:6896]
<div class='inventory_item_price'> - InventoryPage.productpricesprice validation passed
11:36:58.485 [Forwarding findElements on session 7f96e7e36b9f10a8b5acad60a25246de to remote] DEBUG org.asynchttpclient.netty.request.NettyRequestSender - Using pooled Channel '[id: 0x1681981a, L:/127.0.0.1:61476 - R:localhost/127.0.0.1:6896]' for 'POST' to 'http://localhost:6896/session/7f96e7e36b9f10a8b5acad60a25246de/elements'
11:36:58.485 [Forwarding findElements on session 7f96e7e36b9f10a8b5acad60a25246de to remote] DEBUG org.asynchttpclient.netty.request.NettyRequestSender - Using open Channel [id: 0x1681981a, L:/127.0.0.1:61476 - R:localhost/127.0.0.1:6896] for POST '/session/7f96e7e36b9f10a8b5acad60a25246de/elements'
11:36:58.491 [AsyncHttpClient-1-8] DEBUG org.asynchttpclient.netty.handler.HttpHandler - 

Request DefaultHttpRequest(decodeResult: success, version: HTTP/1.1)
POST /session/7f96e7e36b9f10a8b5acad60a25246de/elements HTTP/1.1
User-Agent: selenium/4.8.0 (java windows)
Content-Length: 83
Content-Type: application/json; charset=utf-8
host: localhost:6896
accept: */*

Response DefaultHttpResponse(decodeResult: success, version: HTTP/1.1)
HTTP/1.1 200 OK
Content-Length: 527
Content-Type: application/json; charset=utf-8
cache-control: no-cache

11:36:58.491 [AsyncHttpClient-1-8] DEBUG org.asynchttpclient.netty.channel.ChannelManager - Adding key: http://localhost:6896 for channel [id: 0x1681981a, L:/127.0.0.1:61476 - R:localhost/127.0.0.1:6896]
11:36:58.493 [Forwarding findElements on session 7f96e7e36b9f10a8b5acad60a25246de to remote] DEBUG org.asynchttpclient.netty.request.NettyRequestSender - Using pooled Channel '[id: 0x1681981a, L:/127.0.0.1:61476 - R:localhost/127.0.0.1:6896]' for 'POST' to 'http://localhost:6896/session/7f96e7e36b9f10a8b5acad60a25246de/elements'
11:36:58.493 [Forwarding findElements on session 7f96e7e36b9f10a8b5acad60a25246de to remote] DEBUG org.asynchttpclient.netty.request.NettyRequestSender - Using open Channel [id: 0x1681981a, L:/127.0.0.1:61476 - R:localhost/127.0.0.1:6896] for POST '/session/7f96e7e36b9f10a8b5acad60a25246de/elements'
11:36:58.502 [AsyncHttpClient-1-8] DEBUG org.asynchttpclient.netty.handler.HttpHandler - 

Request DefaultHttpRequest(decodeResult: success, version: HTTP/1.1)
POST /session/7f96e7e36b9f10a8b5acad60a25246de/elements HTTP/1.1
User-Agent: selenium/4.8.0 (java windows)
Content-Length: 83
Content-Type: application/json; charset=utf-8
host: localhost:6896
accept: */*

Response DefaultHttpResponse(decodeResult: success, version: HTTP/1.1)
HTTP/1.1 200 OK
Content-Length: 527
Content-Type: application/json; charset=utf-8
cache-control: no-cache

11:36:58.502 [AsyncHttpClient-1-8] DEBUG org.asynchttpclient.netty.channel.ChannelManager - Adding key: http://localhost:6896 for channel [id: 0x1681981a, L:/127.0.0.1:61476 - R:localhost/127.0.0.1:6896]
11:36:58.503 [Forwarding findElements on session 7f96e7e36b9f10a8b5acad60a25246de to remote] DEBUG org.asynchttpclient.netty.request.NettyRequestSender - Using pooled Channel '[id: 0x1681981a, L:/127.0.0.1:61476 - R:localhost/127.0.0.1:6896]' for 'POST' to 'http://localhost:6896/session/7f96e7e36b9f10a8b5acad60a25246de/elements'
11:36:58.503 [Forwarding findElements on session 7f96e7e36b9f10a8b5acad60a25246de to remote] DEBUG org.asynchttpclient.netty.request.NettyRequestSender - Using open Channel [id: 0x1681981a, L:/127.0.0.1:61476 - R:localhost/127.0.0.1:6896] for POST '/session/7f96e7e36b9f10a8b5acad60a25246de/elements'
11:36:58.513 [AsyncHttpClient-1-8] DEBUG org.asynchttpclient.netty.handler.HttpHandler - 

Request DefaultHttpRequest(decodeResult: success, version: HTTP/1.1)
POST /session/7f96e7e36b9f10a8b5acad60a25246de/elements HTTP/1.1
User-Agent: selenium/4.8.0 (java windows)
Content-Length: 83
Content-Type: application/json; charset=utf-8
host: localhost:6896
accept: */*

Response DefaultHttpResponse(decodeResult: success, version: HTTP/1.1)
HTTP/1.1 200 OK
Content-Length: 527
Content-Type: application/json; charset=utf-8
cache-control: no-cache

11:36:58.513 [AsyncHttpClient-1-8] DEBUG org.asynchttpclient.netty.channel.ChannelManager - Adding key: http://localhost:6896 for channel [id: 0x1681981a, L:/127.0.0.1:61476 - R:localhost/127.0.0.1:6896]
11:36:58.514 [Forwarding getElementText on session 7f96e7e36b9f10a8b5acad60a25246de to remote] DEBUG org.asynchttpclient.netty.request.NettyRequestSender - Using pooled Channel '[id: 0x1681981a, L:/127.0.0.1:61476 - R:localhost/127.0.0.1:6896]' for 'GET' to 'http://localhost:6896/session/7f96e7e36b9f10a8b5acad60a25246de/element/6FF2D42796E1B5636833727143D40385_element_36/text'
11:36:58.514 [Forwarding getElementText on session 7f96e7e36b9f10a8b5acad60a25246de to remote] DEBUG org.asynchttpclient.netty.request.NettyRequestSender - Using open Channel [id: 0x1681981a, L:/127.0.0.1:61476 - R:localhost/127.0.0.1:6896] for GET '/session/7f96e7e36b9f10a8b5acad60a25246de/element/6FF2D42796E1B5636833727143D40385_element_36/text'
11:36:58.521 [AsyncHttpClient-1-8] DEBUG org.asynchttpclient.netty.handler.HttpHandler - 

Request DefaultFullHttpRequest(decodeResult: success, version: HTTP/1.1, content: EmptyByteBufBE)
GET /session/7f96e7e36b9f10a8b5acad60a25246de/element/6FF2D42796E1B5636833727143D40385_element_36/text HTTP/1.1
User-Agent: selenium/4.8.0 (java windows)
Cache-Control: no-cache
Content-Type: application/json; charset=utf-8
host: localhost:6896
accept: */*

Response DefaultHttpResponse(decodeResult: success, version: HTTP/1.1)
HTTP/1.1 200 OK
Content-Length: 18
Content-Type: application/json; charset=utf-8
cache-control: no-cache

11:36:58.521 [AsyncHttpClient-1-8] DEBUG org.asynchttpclient.netty.channel.ChannelManager - Adding key: http://localhost:6896 for channel [id: 0x1681981a, L:/127.0.0.1:61476 - R:localhost/127.0.0.1:6896]
11:36:58.522 [Forwarding findElements on session 7f96e7e36b9f10a8b5acad60a25246de to remote] DEBUG org.asynchttpclient.netty.request.NettyRequestSender - Using pooled Channel '[id: 0x1681981a, L:/127.0.0.1:61476 - R:localhost/127.0.0.1:6896]' for 'POST' to 'http://localhost:6896/session/7f96e7e36b9f10a8b5acad60a25246de/elements'
11:36:58.522 [Forwarding findElements on session 7f96e7e36b9f10a8b5acad60a25246de to remote] DEBUG org.asynchttpclient.netty.request.NettyRequestSender - Using open Channel [id: 0x1681981a, L:/127.0.0.1:61476 - R:localhost/127.0.0.1:6896] for POST '/session/7f96e7e36b9f10a8b5acad60a25246de/elements'
11:36:58.528 [AsyncHttpClient-1-8] DEBUG org.asynchttpclient.netty.handler.HttpHandler - 

Request DefaultHttpRequest(decodeResult: success, version: HTTP/1.1)
POST /session/7f96e7e36b9f10a8b5acad60a25246de/elements HTTP/1.1
User-Agent: selenium/4.8.0 (java windows)
Content-Length: 83
Content-Type: application/json; charset=utf-8
host: localhost:6896
accept: */*

Response DefaultHttpResponse(decodeResult: success, version: HTTP/1.1)
HTTP/1.1 200 OK
Content-Length: 527
Content-Type: application/json; charset=utf-8
cache-control: no-cache

11:36:58.528 [AsyncHttpClient-1-8] DEBUG org.asynchttpclient.netty.channel.ChannelManager - Adding key: http://localhost:6896 for channel [id: 0x1681981a, L:/127.0.0.1:61476 - R:localhost/127.0.0.1:6896]
11:36:58.529 [Forwarding getElementText on session 7f96e7e36b9f10a8b5acad60a25246de to remote] DEBUG org.asynchttpclient.netty.request.NettyRequestSender - Using pooled Channel '[id: 0x1681981a, L:/127.0.0.1:61476 - R:localhost/127.0.0.1:6896]' for 'GET' to 'http://localhost:6896/session/7f96e7e36b9f10a8b5acad60a25246de/element/6FF2D42796E1B5636833727143D40385_element_36/text'
11:36:58.529 [Forwarding getElementText on session 7f96e7e36b9f10a8b5acad60a25246de to remote] DEBUG org.asynchttpclient.netty.request.NettyRequestSender - Using open Channel [id: 0x1681981a, L:/127.0.0.1:61476 - R:localhost/127.0.0.1:6896] for GET '/session/7f96e7e36b9f10a8b5acad60a25246de/element/6FF2D42796E1B5636833727143D40385_element_36/text'
11:36:58.537 [AsyncHttpClient-1-8] DEBUG org.asynchttpclient.netty.handler.HttpHandler - 

Request DefaultFullHttpRequest(decodeResult: success, version: HTTP/1.1, content: EmptyByteBufBE)
GET /session/7f96e7e36b9f10a8b5acad60a25246de/element/6FF2D42796E1B5636833727143D40385_element_36/text HTTP/1.1
User-Agent: selenium/4.8.0 (java windows)
Cache-Control: no-cache
Content-Type: application/json; charset=utf-8
host: localhost:6896
accept: */*

Response DefaultHttpResponse(decodeResult: success, version: HTTP/1.1)
HTTP/1.1 200 OK
Content-Length: 18
Content-Type: application/json; charset=utf-8
cache-control: no-cache

11:36:58.537 [AsyncHttpClient-1-8] DEBUG org.asynchttpclient.netty.channel.ChannelManager - Adding key: http://localhost:6896 for channel [id: 0x1681981a, L:/127.0.0.1:61476 - R:localhost/127.0.0.1:6896]
11:36:58.538 [Forwarding findElements on session 7f96e7e36b9f10a8b5acad60a25246de to remote] DEBUG org.asynchttpclient.netty.request.NettyRequestSender - Using pooled Channel '[id: 0x1681981a, L:/127.0.0.1:61476 - R:localhost/127.0.0.1:6896]' for 'POST' to 'http://localhost:6896/session/7f96e7e36b9f10a8b5acad60a25246de/elements'
11:36:58.538 [Forwarding findElements on session 7f96e7e36b9f10a8b5acad60a25246de to remote] DEBUG org.asynchttpclient.netty.request.NettyRequestSender - Using open Channel [id: 0x1681981a, L:/127.0.0.1:61476 - R:localhost/127.0.0.1:6896] for POST '/session/7f96e7e36b9f10a8b5acad60a25246de/elements'
11:36:58.545 [AsyncHttpClient-1-8] DEBUG org.asynchttpclient.netty.handler.HttpHandler - 

Request DefaultHttpRequest(decodeResult: success, version: HTTP/1.1)
POST /session/7f96e7e36b9f10a8b5acad60a25246de/elements HTTP/1.1
User-Agent: selenium/4.8.0 (java windows)
Content-Length: 83
Content-Type: application/json; charset=utf-8
host: localhost:6896
accept: */*

Response DefaultHttpResponse(decodeResult: success, version: HTTP/1.1)
HTTP/1.1 200 OK
Content-Length: 527
Content-Type: application/json; charset=utf-8
cache-control: no-cache

11:36:58.545 [AsyncHttpClient-1-8] DEBUG org.asynchttpclient.netty.channel.ChannelManager - Adding key: http://localhost:6896 for channel [id: 0x1681981a, L:/127.0.0.1:61476 - R:localhost/127.0.0.1:6896]
11:36:58.545 [Forwarding getElementTagName on session 7f96e7e36b9f10a8b5acad60a25246de to remote] DEBUG org.asynchttpclient.netty.request.NettyRequestSender - Using pooled Channel '[id: 0x1681981a, L:/127.0.0.1:61476 - R:localhost/127.0.0.1:6896]' for 'GET' to 'http://localhost:6896/session/7f96e7e36b9f10a8b5acad60a25246de/element/6FF2D42796E1B5636833727143D40385_element_36/name'
11:36:58.545 [Forwarding getElementTagName on session 7f96e7e36b9f10a8b5acad60a25246de to remote] DEBUG org.asynchttpclient.netty.request.NettyRequestSender - Using open Channel [id: 0x1681981a, L:/127.0.0.1:61476 - R:localhost/127.0.0.1:6896] for GET '/session/7f96e7e36b9f10a8b5acad60a25246de/element/6FF2D42796E1B5636833727143D40385_element_36/name'
11:36:58.550 [AsyncHttpClient-1-8] DEBUG org.asynchttpclient.netty.handler.HttpHandler - 

Request DefaultFullHttpRequest(decodeResult: success, version: HTTP/1.1, content: EmptyByteBufBE)
GET /session/7f96e7e36b9f10a8b5acad60a25246de/element/6FF2D42796E1B5636833727143D40385_element_36/name HTTP/1.1
User-Agent: selenium/4.8.0 (java windows)
Cache-Control: no-cache
Content-Type: application/json; charset=utf-8
host: localhost:6896
accept: */*

Response DefaultHttpResponse(decodeResult: success, version: HTTP/1.1)
HTTP/1.1 200 OK
Content-Length: 15
Content-Type: application/json; charset=utf-8
cache-control: no-cache

11:36:58.550 [AsyncHttpClient-1-8] DEBUG org.asynchttpclient.netty.channel.ChannelManager - Adding key: http://localhost:6896 for channel [id: 0x1681981a, L:/127.0.0.1:61476 - R:localhost/127.0.0.1:6896]
11:36:58.555 [Forwarding getElementAttribute on session 7f96e7e36b9f10a8b5acad60a25246de to remote] DEBUG org.asynchttpclient.netty.request.NettyRequestSender - Using pooled Channel '[id: 0x1681981a, L:/127.0.0.1:61476 - R:localhost/127.0.0.1:6896]' for 'POST' to 'http://localhost:6896/session/7f96e7e36b9f10a8b5acad60a25246de/execute/sync'
11:36:58.555 [Forwarding getElementAttribute on session 7f96e7e36b9f10a8b5acad60a25246de to remote] DEBUG org.asynchttpclient.netty.request.NettyRequestSender - Using open Channel [id: 0x1681981a, L:/127.0.0.1:61476 - R:localhost/127.0.0.1:6896] for POST '/session/7f96e7e36b9f10a8b5acad60a25246de/execute/sync'
11:36:58.564 [AsyncHttpClient-1-8] DEBUG org.asynchttpclient.netty.handler.HttpHandler - 

Request DefaultHttpRequest(decodeResult: success, version: HTTP/1.1)
POST /session/7f96e7e36b9f10a8b5acad60a25246de/execute/sync HTTP/1.1
User-Agent: selenium/4.8.0 (java windows)
Content-Length: 47372
Content-Type: application/json; charset=utf-8
host: localhost:6896
accept: */*

Response DefaultHttpResponse(decodeResult: success, version: HTTP/1.1)
HTTP/1.1 200 OK
Content-Length: 12
Content-Type: application/json; charset=utf-8
cache-control: no-cache

11:36:58.564 [AsyncHttpClient-1-8] DEBUG org.asynchttpclient.netty.channel.ChannelManager - Adding key: http://localhost:6896 for channel [id: 0x1681981a, L:/127.0.0.1:61476 - R:localhost/127.0.0.1:6896]
11:36:58.568 [Forwarding getElementAttribute on session 7f96e7e36b9f10a8b5acad60a25246de to remote] DEBUG org.asynchttpclient.netty.request.NettyRequestSender - Using pooled Channel '[id: 0x1681981a, L:/127.0.0.1:61476 - R:localhost/127.0.0.1:6896]' for 'POST' to 'http://localhost:6896/session/7f96e7e36b9f10a8b5acad60a25246de/execute/sync'
11:36:58.568 [Forwarding getElementAttribute on session 7f96e7e36b9f10a8b5acad60a25246de to remote] DEBUG org.asynchttpclient.netty.request.NettyRequestSender - Using open Channel [id: 0x1681981a, L:/127.0.0.1:61476 - R:localhost/127.0.0.1:6896] for POST '/session/7f96e7e36b9f10a8b5acad60a25246de/execute/sync'
11:36:58.580 [AsyncHttpClient-1-8] DEBUG org.asynchttpclient.netty.handler.HttpHandler - 

Request DefaultHttpRequest(decodeResult: success, version: HTTP/1.1)
POST /session/7f96e7e36b9f10a8b5acad60a25246de/execute/sync HTTP/1.1
User-Agent: selenium/4.8.0 (java windows)
Content-Length: 47374
Content-Type: application/json; charset=utf-8
host: localhost:6896
accept: */*

Response DefaultHttpResponse(decodeResult: success, version: HTTP/1.1)
HTTP/1.1 200 OK
Content-Length: 14
Content-Type: application/json; charset=utf-8
cache-control: no-cache

11:36:58.580 [AsyncHttpClient-1-8] DEBUG org.asynchttpclient.netty.channel.ChannelManager - Adding key: http://localhost:6896 for channel [id: 0x1681981a, L:/127.0.0.1:61476 - R:localhost/127.0.0.1:6896]
11:36:58.582 [Forwarding getElementAttribute on session 7f96e7e36b9f10a8b5acad60a25246de to remote] DEBUG org.asynchttpclient.netty.request.NettyRequestSender - Using pooled Channel '[id: 0x1681981a, L:/127.0.0.1:61476 - R:localhost/127.0.0.1:6896]' for 'POST' to 'http://localhost:6896/session/7f96e7e36b9f10a8b5acad60a25246de/execute/sync'
11:36:58.582 [Forwarding getElementAttribute on session 7f96e7e36b9f10a8b5acad60a25246de to remote] DEBUG org.asynchttpclient.netty.request.NettyRequestSender - Using open Channel [id: 0x1681981a, L:/127.0.0.1:61476 - R:localhost/127.0.0.1:6896] for POST '/session/7f96e7e36b9f10a8b5acad60a25246de/execute/sync'
11:36:58.590 [AsyncHttpClient-1-8] DEBUG org.asynchttpclient.netty.handler.HttpHandler - 

Request DefaultHttpRequest(decodeResult: success, version: HTTP/1.1)
POST /session/7f96e7e36b9f10a8b5acad60a25246de/execute/sync HTTP/1.1
User-Agent: selenium/4.8.0 (java windows)
Content-Length: 47374
Content-Type: application/json; charset=utf-8
host: localhost:6896
accept: */*

Response DefaultHttpResponse(decodeResult: success, version: HTTP/1.1)
HTTP/1.1 200 OK
Content-Length: 14
Content-Type: application/json; charset=utf-8
cache-control: no-cache

11:36:58.590 [AsyncHttpClient-1-8] DEBUG org.asynchttpclient.netty.channel.ChannelManager - Adding key: http://localhost:6896 for channel [id: 0x1681981a, L:/127.0.0.1:61476 - R:localhost/127.0.0.1:6896]
11:36:58.591 [Forwarding getElementAttribute on session 7f96e7e36b9f10a8b5acad60a25246de to remote] DEBUG org.asynchttpclient.netty.request.NettyRequestSender - Using pooled Channel '[id: 0x1681981a, L:/127.0.0.1:61476 - R:localhost/127.0.0.1:6896]' for 'POST' to 'http://localhost:6896/session/7f96e7e36b9f10a8b5acad60a25246de/execute/sync'
11:36:58.591 [Forwarding getElementAttribute on session 7f96e7e36b9f10a8b5acad60a25246de to remote] DEBUG org.asynchttpclient.netty.request.NettyRequestSender - Using open Channel [id: 0x1681981a, L:/127.0.0.1:61476 - R:localhost/127.0.0.1:6896] for POST '/session/7f96e7e36b9f10a8b5acad60a25246de/execute/sync'
11:36:58.600 [AsyncHttpClient-1-8] DEBUG org.asynchttpclient.netty.handler.HttpHandler - 

Request DefaultHttpRequest(decodeResult: success, version: HTTP/1.1)
POST /session/7f96e7e36b9f10a8b5acad60a25246de/execute/sync HTTP/1.1
User-Agent: selenium/4.8.0 (java windows)
Content-Length: 47374
Content-Type: application/json; charset=utf-8
host: localhost:6896
accept: */*

Response DefaultHttpResponse(decodeResult: success, version: HTTP/1.1)
HTTP/1.1 200 OK
Content-Length: 14
Content-Type: application/json; charset=utf-8
cache-control: no-cache

11:36:58.600 [AsyncHttpClient-1-8] DEBUG org.asynchttpclient.netty.channel.ChannelManager - Adding key: http://localhost:6896 for channel [id: 0x1681981a, L:/127.0.0.1:61476 - R:localhost/127.0.0.1:6896]
11:36:58.602 [Forwarding getElementAttribute on session 7f96e7e36b9f10a8b5acad60a25246de to remote] DEBUG org.asynchttpclient.netty.request.NettyRequestSender - Using pooled Channel '[id: 0x1681981a, L:/127.0.0.1:61476 - R:localhost/127.0.0.1:6896]' for 'POST' to 'http://localhost:6896/session/7f96e7e36b9f10a8b5acad60a25246de/execute/sync'
11:36:58.602 [Forwarding getElementAttribute on session 7f96e7e36b9f10a8b5acad60a25246de to remote] DEBUG org.asynchttpclient.netty.request.NettyRequestSender - Using open Channel [id: 0x1681981a, L:/127.0.0.1:61476 - R:localhost/127.0.0.1:6896] for POST '/session/7f96e7e36b9f10a8b5acad60a25246de/execute/sync'
11:36:58.610 [AsyncHttpClient-1-8] DEBUG org.asynchttpclient.netty.handler.HttpHandler - 

Request DefaultHttpRequest(decodeResult: success, version: HTTP/1.1)
POST /session/7f96e7e36b9f10a8b5acad60a25246de/execute/sync HTTP/1.1
User-Agent: selenium/4.8.0 (java windows)
Content-Length: 47375
Content-Type: application/json; charset=utf-8
host: localhost:6896
accept: */*

Response DefaultHttpResponse(decodeResult: success, version: HTTP/1.1)
HTTP/1.1 200 OK
Content-Length: 14
Content-Type: application/json; charset=utf-8
cache-control: no-cache

11:36:58.610 [AsyncHttpClient-1-8] DEBUG org.asynchttpclient.netty.channel.ChannelManager - Adding key: http://localhost:6896 for channel [id: 0x1681981a, L:/127.0.0.1:61476 - R:localhost/127.0.0.1:6896]
11:36:58.612 [Forwarding getElementAttribute on session 7f96e7e36b9f10a8b5acad60a25246de to remote] DEBUG org.asynchttpclient.netty.request.NettyRequestSender - Using pooled Channel '[id: 0x1681981a, L:/127.0.0.1:61476 - R:localhost/127.0.0.1:6896]' for 'POST' to 'http://localhost:6896/session/7f96e7e36b9f10a8b5acad60a25246de/execute/sync'
11:36:58.612 [Forwarding getElementAttribute on session 7f96e7e36b9f10a8b5acad60a25246de to remote] DEBUG org.asynchttpclient.netty.request.NettyRequestSender - Using open Channel [id: 0x1681981a, L:/127.0.0.1:61476 - R:localhost/127.0.0.1:6896] for POST '/session/7f96e7e36b9f10a8b5acad60a25246de/execute/sync'
11:36:58.622 [AsyncHttpClient-1-8] DEBUG org.asynchttpclient.netty.handler.HttpHandler - 

Request DefaultHttpRequest(decodeResult: success, version: HTTP/1.1)
POST /session/7f96e7e36b9f10a8b5acad60a25246de/execute/sync HTTP/1.1
User-Agent: selenium/4.8.0 (java windows)
Content-Length: 47375
Content-Type: application/json; charset=utf-8
host: localhost:6896
accept: */*

Response DefaultHttpResponse(decodeResult: success, version: HTTP/1.1)
HTTP/1.1 200 OK
Content-Length: 32
Content-Type: application/json; charset=utf-8
cache-control: no-cache

11:36:58.622 [AsyncHttpClient-1-8] DEBUG org.asynchttpclient.netty.channel.ChannelManager - Adding key: http://localhost:6896 for channel [id: 0x1681981a, L:/127.0.0.1:61476 - R:localhost/127.0.0.1:6896]
11:36:58.625 [Forwarding getElementAttribute on session 7f96e7e36b9f10a8b5acad60a25246de to remote] DEBUG org.asynchttpclient.netty.request.NettyRequestSender - Using pooled Channel '[id: 0x1681981a, L:/127.0.0.1:61476 - R:localhost/127.0.0.1:6896]' for 'POST' to 'http://localhost:6896/session/7f96e7e36b9f10a8b5acad60a25246de/execute/sync'
11:36:58.625 [Forwarding getElementAttribute on session 7f96e7e36b9f10a8b5acad60a25246de to remote] DEBUG org.asynchttpclient.netty.request.NettyRequestSender - Using open Channel [id: 0x1681981a, L:/127.0.0.1:61476 - R:localhost/127.0.0.1:6896] for POST '/session/7f96e7e36b9f10a8b5acad60a25246de/execute/sync'
11:36:58.634 [AsyncHttpClient-1-8] DEBUG org.asynchttpclient.netty.handler.HttpHandler - 

Request DefaultHttpRequest(decodeResult: success, version: HTTP/1.1)
POST /session/7f96e7e36b9f10a8b5acad60a25246de/execute/sync HTTP/1.1
User-Agent: selenium/4.8.0 (java windows)
Content-Length: 47375
Content-Type: application/json; charset=utf-8
host: localhost:6896
accept: */*

Response DefaultHttpResponse(decodeResult: success, version: HTTP/1.1)
HTTP/1.1 200 OK
Content-Length: 32
Content-Type: application/json; charset=utf-8
cache-control: no-cache

11:36:58.634 [AsyncHttpClient-1-8] DEBUG org.asynchttpclient.netty.channel.ChannelManager - Adding key: http://localhost:6896 for channel [id: 0x1681981a, L:/127.0.0.1:61476 - R:localhost/127.0.0.1:6896]
<div class='inventory_item_price'> - InventoryPage.productpricesprice validation passed
11:36:58.635 [Forwarding findElements on session 7f96e7e36b9f10a8b5acad60a25246de to remote] DEBUG org.asynchttpclient.netty.request.NettyRequestSender - Using pooled Channel '[id: 0x1681981a, L:/127.0.0.1:61476 - R:localhost/127.0.0.1:6896]' for 'POST' to 'http://localhost:6896/session/7f96e7e36b9f10a8b5acad60a25246de/elements'
11:36:58.635 [Forwarding findElements on session 7f96e7e36b9f10a8b5acad60a25246de to remote] DEBUG org.asynchttpclient.netty.request.NettyRequestSender - Using open Channel [id: 0x1681981a, L:/127.0.0.1:61476 - R:localhost/127.0.0.1:6896] for POST '/session/7f96e7e36b9f10a8b5acad60a25246de/elements'
11:36:58.645 [AsyncHttpClient-1-8] DEBUG org.asynchttpclient.netty.handler.HttpHandler - 

Request DefaultHttpRequest(decodeResult: success, version: HTTP/1.1)
POST /session/7f96e7e36b9f10a8b5acad60a25246de/elements HTTP/1.1
User-Agent: selenium/4.8.0 (java windows)
Content-Length: 83
Content-Type: application/json; charset=utf-8
host: localhost:6896
accept: */*

Response DefaultHttpResponse(decodeResult: success, version: HTTP/1.1)
HTTP/1.1 200 OK
Content-Length: 527
Content-Type: application/json; charset=utf-8
cache-control: no-cache

11:36:58.645 [AsyncHttpClient-1-8] DEBUG org.asynchttpclient.netty.channel.ChannelManager - Adding key: http://localhost:6896 for channel [id: 0x1681981a, L:/127.0.0.1:61476 - R:localhost/127.0.0.1:6896]
11:36:58.646 [Forwarding findElements on session 7f96e7e36b9f10a8b5acad60a25246de to remote] DEBUG org.asynchttpclient.netty.request.NettyRequestSender - Using pooled Channel '[id: 0x1681981a, L:/127.0.0.1:61476 - R:localhost/127.0.0.1:6896]' for 'POST' to 'http://localhost:6896/session/7f96e7e36b9f10a8b5acad60a25246de/elements'
11:36:58.646 [Forwarding findElements on session 7f96e7e36b9f10a8b5acad60a25246de to remote] DEBUG org.asynchttpclient.netty.request.NettyRequestSender - Using open Channel [id: 0x1681981a, L:/127.0.0.1:61476 - R:localhost/127.0.0.1:6896] for POST '/session/7f96e7e36b9f10a8b5acad60a25246de/elements'
11:36:58.653 [AsyncHttpClient-1-8] DEBUG org.asynchttpclient.netty.handler.HttpHandler - 

Request DefaultHttpRequest(decodeResult: success, version: HTTP/1.1)
POST /session/7f96e7e36b9f10a8b5acad60a25246de/elements HTTP/1.1
User-Agent: selenium/4.8.0 (java windows)
Content-Length: 83
Content-Type: application/json; charset=utf-8
host: localhost:6896
accept: */*

Response DefaultHttpResponse(decodeResult: success, version: HTTP/1.1)
HTTP/1.1 200 OK
Content-Length: 527
Content-Type: application/json; charset=utf-8
cache-control: no-cache

11:36:58.653 [AsyncHttpClient-1-8] DEBUG org.asynchttpclient.netty.channel.ChannelManager - Adding key: http://localhost:6896 for channel [id: 0x1681981a, L:/127.0.0.1:61476 - R:localhost/127.0.0.1:6896]
11:36:58.654 [Forwarding findElements on session 7f96e7e36b9f10a8b5acad60a25246de to remote] DEBUG org.asynchttpclient.netty.request.NettyRequestSender - Using pooled Channel '[id: 0x1681981a, L:/127.0.0.1:61476 - R:localhost/127.0.0.1:6896]' for 'POST' to 'http://localhost:6896/session/7f96e7e36b9f10a8b5acad60a25246de/elements'
11:36:58.654 [Forwarding findElements on session 7f96e7e36b9f10a8b5acad60a25246de to remote] DEBUG org.asynchttpclient.netty.request.NettyRequestSender - Using open Channel [id: 0x1681981a, L:/127.0.0.1:61476 - R:localhost/127.0.0.1:6896] for POST '/session/7f96e7e36b9f10a8b5acad60a25246de/elements'
11:36:58.662 [AsyncHttpClient-1-8] DEBUG org.asynchttpclient.netty.handler.HttpHandler - 

Request DefaultHttpRequest(decodeResult: success, version: HTTP/1.1)
POST /session/7f96e7e36b9f10a8b5acad60a25246de/elements HTTP/1.1
User-Agent: selenium/4.8.0 (java windows)
Content-Length: 83
Content-Type: application/json; charset=utf-8
host: localhost:6896
accept: */*

Response DefaultHttpResponse(decodeResult: success, version: HTTP/1.1)
HTTP/1.1 200 OK
Content-Length: 527
Content-Type: application/json; charset=utf-8
cache-control: no-cache

11:36:58.662 [AsyncHttpClient-1-8] DEBUG org.asynchttpclient.netty.channel.ChannelManager - Adding key: http://localhost:6896 for channel [id: 0x1681981a, L:/127.0.0.1:61476 - R:localhost/127.0.0.1:6896]
11:36:58.665 [Forwarding getElementText on session 7f96e7e36b9f10a8b5acad60a25246de to remote] DEBUG org.asynchttpclient.netty.request.NettyRequestSender - Using pooled Channel '[id: 0x1681981a, L:/127.0.0.1:61476 - R:localhost/127.0.0.1:6896]' for 'GET' to 'http://localhost:6896/session/7f96e7e36b9f10a8b5acad60a25246de/element/6FF2D42796E1B5636833727143D40385_element_39/text'
11:36:58.665 [Forwarding getElementText on session 7f96e7e36b9f10a8b5acad60a25246de to remote] DEBUG org.asynchttpclient.netty.request.NettyRequestSender - Using open Channel [id: 0x1681981a, L:/127.0.0.1:61476 - R:localhost/127.0.0.1:6896] for GET '/session/7f96e7e36b9f10a8b5acad60a25246de/element/6FF2D42796E1B5636833727143D40385_element_39/text'
11:36:58.672 [AsyncHttpClient-1-8] DEBUG org.asynchttpclient.netty.handler.HttpHandler - 

Request DefaultFullHttpRequest(decodeResult: success, version: HTTP/1.1, content: EmptyByteBufBE)
GET /session/7f96e7e36b9f10a8b5acad60a25246de/element/6FF2D42796E1B5636833727143D40385_element_39/text HTTP/1.1
User-Agent: selenium/4.8.0 (java windows)
Cache-Control: no-cache
Content-Type: application/json; charset=utf-8
host: localhost:6896
accept: */*

Response DefaultHttpResponse(decodeResult: success, version: HTTP/1.1)
HTTP/1.1 200 OK
Content-Length: 18
Content-Type: application/json; charset=utf-8
cache-control: no-cache

11:36:58.672 [AsyncHttpClient-1-8] DEBUG org.asynchttpclient.netty.channel.ChannelManager - Adding key: http://localhost:6896 for channel [id: 0x1681981a, L:/127.0.0.1:61476 - R:localhost/127.0.0.1:6896]
11:36:58.673 [Forwarding findElements on session 7f96e7e36b9f10a8b5acad60a25246de to remote] DEBUG org.asynchttpclient.netty.request.NettyRequestSender - Using pooled Channel '[id: 0x1681981a, L:/127.0.0.1:61476 - R:localhost/127.0.0.1:6896]' for 'POST' to 'http://localhost:6896/session/7f96e7e36b9f10a8b5acad60a25246de/elements'
11:36:58.673 [Forwarding findElements on session 7f96e7e36b9f10a8b5acad60a25246de to remote] DEBUG org.asynchttpclient.netty.request.NettyRequestSender - Using open Channel [id: 0x1681981a, L:/127.0.0.1:61476 - R:localhost/127.0.0.1:6896] for POST '/session/7f96e7e36b9f10a8b5acad60a25246de/elements'
11:36:58.680 [AsyncHttpClient-1-8] DEBUG org.asynchttpclient.netty.handler.HttpHandler - 

Request DefaultHttpRequest(decodeResult: success, version: HTTP/1.1)
POST /session/7f96e7e36b9f10a8b5acad60a25246de/elements HTTP/1.1
User-Agent: selenium/4.8.0 (java windows)
Content-Length: 83
Content-Type: application/json; charset=utf-8
host: localhost:6896
accept: */*

Response DefaultHttpResponse(decodeResult: success, version: HTTP/1.1)
HTTP/1.1 200 OK
Content-Length: 527
Content-Type: application/json; charset=utf-8
cache-control: no-cache

11:36:58.680 [AsyncHttpClient-1-8] DEBUG org.asynchttpclient.netty.channel.ChannelManager - Adding key: http://localhost:6896 for channel [id: 0x1681981a, L:/127.0.0.1:61476 - R:localhost/127.0.0.1:6896]
11:36:58.682 [Forwarding getElementText on session 7f96e7e36b9f10a8b5acad60a25246de to remote] DEBUG org.asynchttpclient.netty.request.NettyRequestSender - Using pooled Channel '[id: 0x1681981a, L:/127.0.0.1:61476 - R:localhost/127.0.0.1:6896]' for 'GET' to 'http://localhost:6896/session/7f96e7e36b9f10a8b5acad60a25246de/element/6FF2D42796E1B5636833727143D40385_element_39/text'
11:36:58.682 [Forwarding getElementText on session 7f96e7e36b9f10a8b5acad60a25246de to remote] DEBUG org.asynchttpclient.netty.request.NettyRequestSender - Using open Channel [id: 0x1681981a, L:/127.0.0.1:61476 - R:localhost/127.0.0.1:6896] for GET '/session/7f96e7e36b9f10a8b5acad60a25246de/element/6FF2D42796E1B5636833727143D40385_element_39/text'
11:36:58.694 [AsyncHttpClient-1-8] DEBUG org.asynchttpclient.netty.handler.HttpHandler - 

Request DefaultFullHttpRequest(decodeResult: success, version: HTTP/1.1, content: EmptyByteBufBE)
GET /session/7f96e7e36b9f10a8b5acad60a25246de/element/6FF2D42796E1B5636833727143D40385_element_39/text HTTP/1.1
User-Agent: selenium/4.8.0 (java windows)
Cache-Control: no-cache
Content-Type: application/json; charset=utf-8
host: localhost:6896
accept: */*

Response DefaultHttpResponse(decodeResult: success, version: HTTP/1.1)
HTTP/1.1 200 OK
Content-Length: 18
Content-Type: application/json; charset=utf-8
cache-control: no-cache

11:36:58.694 [AsyncHttpClient-1-8] DEBUG org.asynchttpclient.netty.channel.ChannelManager - Adding key: http://localhost:6896 for channel [id: 0x1681981a, L:/127.0.0.1:61476 - R:localhost/127.0.0.1:6896]
11:36:58.696 [Forwarding findElements on session 7f96e7e36b9f10a8b5acad60a25246de to remote] DEBUG org.asynchttpclient.netty.request.NettyRequestSender - Using pooled Channel '[id: 0x1681981a, L:/127.0.0.1:61476 - R:localhost/127.0.0.1:6896]' for 'POST' to 'http://localhost:6896/session/7f96e7e36b9f10a8b5acad60a25246de/elements'
11:36:58.696 [Forwarding findElements on session 7f96e7e36b9f10a8b5acad60a25246de to remote] DEBUG org.asynchttpclient.netty.request.NettyRequestSender - Using open Channel [id: 0x1681981a, L:/127.0.0.1:61476 - R:localhost/127.0.0.1:6896] for POST '/session/7f96e7e36b9f10a8b5acad60a25246de/elements'
11:36:58.704 [AsyncHttpClient-1-8] DEBUG org.asynchttpclient.netty.handler.HttpHandler - 

Request DefaultHttpRequest(decodeResult: success, version: HTTP/1.1)
POST /session/7f96e7e36b9f10a8b5acad60a25246de/elements HTTP/1.1
User-Agent: selenium/4.8.0 (java windows)
Content-Length: 83
Content-Type: application/json; charset=utf-8
host: localhost:6896
accept: */*

Response DefaultHttpResponse(decodeResult: success, version: HTTP/1.1)
HTTP/1.1 200 OK
Content-Length: 527
Content-Type: application/json; charset=utf-8
cache-control: no-cache

11:36:58.704 [AsyncHttpClient-1-8] DEBUG org.asynchttpclient.netty.channel.ChannelManager - Adding key: http://localhost:6896 for channel [id: 0x1681981a, L:/127.0.0.1:61476 - R:localhost/127.0.0.1:6896]
11:36:58.705 [Forwarding getElementTagName on session 7f96e7e36b9f10a8b5acad60a25246de to remote] DEBUG org.asynchttpclient.netty.request.NettyRequestSender - Using pooled Channel '[id: 0x1681981a, L:/127.0.0.1:61476 - R:localhost/127.0.0.1:6896]' for 'GET' to 'http://localhost:6896/session/7f96e7e36b9f10a8b5acad60a25246de/element/6FF2D42796E1B5636833727143D40385_element_39/name'
11:36:58.705 [Forwarding getElementTagName on session 7f96e7e36b9f10a8b5acad60a25246de to remote] DEBUG org.asynchttpclient.netty.request.NettyRequestSender - Using open Channel [id: 0x1681981a, L:/127.0.0.1:61476 - R:localhost/127.0.0.1:6896] for GET '/session/7f96e7e36b9f10a8b5acad60a25246de/element/6FF2D42796E1B5636833727143D40385_element_39/name'
11:36:58.712 [AsyncHttpClient-1-8] DEBUG org.asynchttpclient.netty.handler.HttpHandler - 

Request DefaultFullHttpRequest(decodeResult: success, version: HTTP/1.1, content: EmptyByteBufBE)
GET /session/7f96e7e36b9f10a8b5acad60a25246de/element/6FF2D42796E1B5636833727143D40385_element_39/name HTTP/1.1
User-Agent: selenium/4.8.0 (java windows)
Cache-Control: no-cache
Content-Type: application/json; charset=utf-8
host: localhost:6896
accept: */*

Response DefaultHttpResponse(decodeResult: success, version: HTTP/1.1)
HTTP/1.1 200 OK
Content-Length: 15
Content-Type: application/json; charset=utf-8
cache-control: no-cache

11:36:58.712 [AsyncHttpClient-1-8] DEBUG org.asynchttpclient.netty.channel.ChannelManager - Adding key: http://localhost:6896 for channel [id: 0x1681981a, L:/127.0.0.1:61476 - R:localhost/127.0.0.1:6896]
11:36:58.715 [Forwarding getElementAttribute on session 7f96e7e36b9f10a8b5acad60a25246de to remote] DEBUG org.asynchttpclient.netty.request.NettyRequestSender - Using pooled Channel '[id: 0x1681981a, L:/127.0.0.1:61476 - R:localhost/127.0.0.1:6896]' for 'POST' to 'http://localhost:6896/session/7f96e7e36b9f10a8b5acad60a25246de/execute/sync'
11:36:58.715 [Forwarding getElementAttribute on session 7f96e7e36b9f10a8b5acad60a25246de to remote] DEBUG org.asynchttpclient.netty.request.NettyRequestSender - Using open Channel [id: 0x1681981a, L:/127.0.0.1:61476 - R:localhost/127.0.0.1:6896] for POST '/session/7f96e7e36b9f10a8b5acad60a25246de/execute/sync'
11:36:58.724 [AsyncHttpClient-1-8] DEBUG org.asynchttpclient.netty.handler.HttpHandler - 

Request DefaultHttpRequest(decodeResult: success, version: HTTP/1.1)
POST /session/7f96e7e36b9f10a8b5acad60a25246de/execute/sync HTTP/1.1
User-Agent: selenium/4.8.0 (java windows)
Content-Length: 47372
Content-Type: application/json; charset=utf-8
host: localhost:6896
accept: */*

Response DefaultHttpResponse(decodeResult: success, version: HTTP/1.1)
HTTP/1.1 200 OK
Content-Length: 12
Content-Type: application/json; charset=utf-8
cache-control: no-cache

11:36:58.724 [AsyncHttpClient-1-8] DEBUG org.asynchttpclient.netty.channel.ChannelManager - Adding key: http://localhost:6896 for channel [id: 0x1681981a, L:/127.0.0.1:61476 - R:localhost/127.0.0.1:6896]
11:36:58.726 [Forwarding getElementAttribute on session 7f96e7e36b9f10a8b5acad60a25246de to remote] DEBUG org.asynchttpclient.netty.request.NettyRequestSender - Using pooled Channel '[id: 0x1681981a, L:/127.0.0.1:61476 - R:localhost/127.0.0.1:6896]' for 'POST' to 'http://localhost:6896/session/7f96e7e36b9f10a8b5acad60a25246de/execute/sync'
11:36:58.726 [Forwarding getElementAttribute on session 7f96e7e36b9f10a8b5acad60a25246de to remote] DEBUG org.asynchttpclient.netty.request.NettyRequestSender - Using open Channel [id: 0x1681981a, L:/127.0.0.1:61476 - R:localhost/127.0.0.1:6896] for POST '/session/7f96e7e36b9f10a8b5acad60a25246de/execute/sync'
11:36:58.737 [AsyncHttpClient-1-8] DEBUG org.asynchttpclient.netty.handler.HttpHandler - 

Request DefaultHttpRequest(decodeResult: success, version: HTTP/1.1)
POST /session/7f96e7e36b9f10a8b5acad60a25246de/execute/sync HTTP/1.1
User-Agent: selenium/4.8.0 (java windows)
Content-Length: 47374
Content-Type: application/json; charset=utf-8
host: localhost:6896
accept: */*

Response DefaultHttpResponse(decodeResult: success, version: HTTP/1.1)
HTTP/1.1 200 OK
Content-Length: 14
Content-Type: application/json; charset=utf-8
cache-control: no-cache

11:36:58.737 [AsyncHttpClient-1-8] DEBUG org.asynchttpclient.netty.channel.ChannelManager - Adding key: http://localhost:6896 for channel [id: 0x1681981a, L:/127.0.0.1:61476 - R:localhost/127.0.0.1:6896]
11:36:58.740 [Forwarding getElementAttribute on session 7f96e7e36b9f10a8b5acad60a25246de to remote] DEBUG org.asynchttpclient.netty.request.NettyRequestSender - Using pooled Channel '[id: 0x1681981a, L:/127.0.0.1:61476 - R:localhost/127.0.0.1:6896]' for 'POST' to 'http://localhost:6896/session/7f96e7e36b9f10a8b5acad60a25246de/execute/sync'
11:36:58.740 [Forwarding getElementAttribute on session 7f96e7e36b9f10a8b5acad60a25246de to remote] DEBUG org.asynchttpclient.netty.request.NettyRequestSender - Using open Channel [id: 0x1681981a, L:/127.0.0.1:61476 - R:localhost/127.0.0.1:6896] for POST '/session/7f96e7e36b9f10a8b5acad60a25246de/execute/sync'
11:36:58.749 [AsyncHttpClient-1-8] DEBUG org.asynchttpclient.netty.handler.HttpHandler - 

Request DefaultHttpRequest(decodeResult: success, version: HTTP/1.1)
POST /session/7f96e7e36b9f10a8b5acad60a25246de/execute/sync HTTP/1.1
User-Agent: selenium/4.8.0 (java windows)
Content-Length: 47374
Content-Type: application/json; charset=utf-8
host: localhost:6896
accept: */*

Response DefaultHttpResponse(decodeResult: success, version: HTTP/1.1)
HTTP/1.1 200 OK
Content-Length: 14
Content-Type: application/json; charset=utf-8
cache-control: no-cache

11:36:58.749 [AsyncHttpClient-1-8] DEBUG org.asynchttpclient.netty.channel.ChannelManager - Adding key: http://localhost:6896 for channel [id: 0x1681981a, L:/127.0.0.1:61476 - R:localhost/127.0.0.1:6896]
11:36:58.750 [Forwarding getElementAttribute on session 7f96e7e36b9f10a8b5acad60a25246de to remote] DEBUG org.asynchttpclient.netty.request.NettyRequestSender - Using pooled Channel '[id: 0x1681981a, L:/127.0.0.1:61476 - R:localhost/127.0.0.1:6896]' for 'POST' to 'http://localhost:6896/session/7f96e7e36b9f10a8b5acad60a25246de/execute/sync'
11:36:58.751 [Forwarding getElementAttribute on session 7f96e7e36b9f10a8b5acad60a25246de to remote] DEBUG org.asynchttpclient.netty.request.NettyRequestSender - Using open Channel [id: 0x1681981a, L:/127.0.0.1:61476 - R:localhost/127.0.0.1:6896] for POST '/session/7f96e7e36b9f10a8b5acad60a25246de/execute/sync'
11:36:58.763 [AsyncHttpClient-1-8] DEBUG org.asynchttpclient.netty.handler.HttpHandler - 

Request DefaultHttpRequest(decodeResult: success, version: HTTP/1.1)
POST /session/7f96e7e36b9f10a8b5acad60a25246de/execute/sync HTTP/1.1
User-Agent: selenium/4.8.0 (java windows)
Content-Length: 47374
Content-Type: application/json; charset=utf-8
host: localhost:6896
accept: */*

Response DefaultHttpResponse(decodeResult: success, version: HTTP/1.1)
HTTP/1.1 200 OK
Content-Length: 14
Content-Type: application/json; charset=utf-8
cache-control: no-cache

11:36:58.763 [AsyncHttpClient-1-8] DEBUG org.asynchttpclient.netty.channel.ChannelManager - Adding key: http://localhost:6896 for channel [id: 0x1681981a, L:/127.0.0.1:61476 - R:localhost/127.0.0.1:6896]
11:36:58.764 [Forwarding getElementAttribute on session 7f96e7e36b9f10a8b5acad60a25246de to remote] DEBUG org.asynchttpclient.netty.request.NettyRequestSender - Using pooled Channel '[id: 0x1681981a, L:/127.0.0.1:61476 - R:localhost/127.0.0.1:6896]' for 'POST' to 'http://localhost:6896/session/7f96e7e36b9f10a8b5acad60a25246de/execute/sync'
11:36:58.764 [Forwarding getElementAttribute on session 7f96e7e36b9f10a8b5acad60a25246de to remote] DEBUG org.asynchttpclient.netty.request.NettyRequestSender - Using open Channel [id: 0x1681981a, L:/127.0.0.1:61476 - R:localhost/127.0.0.1:6896] for POST '/session/7f96e7e36b9f10a8b5acad60a25246de/execute/sync'
11:36:58.772 [AsyncHttpClient-1-8] DEBUG org.asynchttpclient.netty.handler.HttpHandler - 

Request DefaultHttpRequest(decodeResult: success, version: HTTP/1.1)
POST /session/7f96e7e36b9f10a8b5acad60a25246de/execute/sync HTTP/1.1
User-Agent: selenium/4.8.0 (java windows)
Content-Length: 47375
Content-Type: application/json; charset=utf-8
host: localhost:6896
accept: */*

Response DefaultHttpResponse(decodeResult: success, version: HTTP/1.1)
HTTP/1.1 200 OK
Content-Length: 14
Content-Type: application/json; charset=utf-8
cache-control: no-cache

11:36:58.772 [AsyncHttpClient-1-8] DEBUG org.asynchttpclient.netty.channel.ChannelManager - Adding key: http://localhost:6896 for channel [id: 0x1681981a, L:/127.0.0.1:61476 - R:localhost/127.0.0.1:6896]
11:36:58.776 [Forwarding getElementAttribute on session 7f96e7e36b9f10a8b5acad60a25246de to remote] DEBUG org.asynchttpclient.netty.request.NettyRequestSender - Using pooled Channel '[id: 0x1681981a, L:/127.0.0.1:61476 - R:localhost/127.0.0.1:6896]' for 'POST' to 'http://localhost:6896/session/7f96e7e36b9f10a8b5acad60a25246de/execute/sync'
11:36:58.776 [Forwarding getElementAttribute on session 7f96e7e36b9f10a8b5acad60a25246de to remote] DEBUG org.asynchttpclient.netty.request.NettyRequestSender - Using open Channel [id: 0x1681981a, L:/127.0.0.1:61476 - R:localhost/127.0.0.1:6896] for POST '/session/7f96e7e36b9f10a8b5acad60a25246de/execute/sync'
11:36:58.786 [AsyncHttpClient-1-8] DEBUG org.asynchttpclient.netty.handler.HttpHandler - 

Request DefaultHttpRequest(decodeResult: success, version: HTTP/1.1)
POST /session/7f96e7e36b9f10a8b5acad60a25246de/execute/sync HTTP/1.1
User-Agent: selenium/4.8.0 (java windows)
Content-Length: 47375
Content-Type: application/json; charset=utf-8
host: localhost:6896
accept: */*

Response DefaultHttpResponse(decodeResult: success, version: HTTP/1.1)
HTTP/1.1 200 OK
Content-Length: 32
Content-Type: application/json; charset=utf-8
cache-control: no-cache

11:36:58.786 [AsyncHttpClient-1-8] DEBUG org.asynchttpclient.netty.channel.ChannelManager - Adding key: http://localhost:6896 for channel [id: 0x1681981a, L:/127.0.0.1:61476 - R:localhost/127.0.0.1:6896]
11:36:58.788 [Forwarding getElementAttribute on session 7f96e7e36b9f10a8b5acad60a25246de to remote] DEBUG org.asynchttpclient.netty.request.NettyRequestSender - Using pooled Channel '[id: 0x1681981a, L:/127.0.0.1:61476 - R:localhost/127.0.0.1:6896]' for 'POST' to 'http://localhost:6896/session/7f96e7e36b9f10a8b5acad60a25246de/execute/sync'
11:36:58.788 [Forwarding getElementAttribute on session 7f96e7e36b9f10a8b5acad60a25246de to remote] DEBUG org.asynchttpclient.netty.request.NettyRequestSender - Using open Channel [id: 0x1681981a, L:/127.0.0.1:61476 - R:localhost/127.0.0.1:6896] for POST '/session/7f96e7e36b9f10a8b5acad60a25246de/execute/sync'
11:36:58.797 [AsyncHttpClient-1-8] DEBUG org.asynchttpclient.netty.handler.HttpHandler - 

Request DefaultHttpRequest(decodeResult: success, version: HTTP/1.1)
POST /session/7f96e7e36b9f10a8b5acad60a25246de/execute/sync HTTP/1.1
User-Agent: selenium/4.8.0 (java windows)
Content-Length: 47375
Content-Type: application/json; charset=utf-8
host: localhost:6896
accept: */*

Response DefaultHttpResponse(decodeResult: success, version: HTTP/1.1)
HTTP/1.1 200 OK
Content-Length: 32
Content-Type: application/json; charset=utf-8
cache-control: no-cache

11:36:58.797 [AsyncHttpClient-1-8] DEBUG org.asynchttpclient.netty.channel.ChannelManager - Adding key: http://localhost:6896 for channel [id: 0x1681981a, L:/127.0.0.1:61476 - R:localhost/127.0.0.1:6896]
<div class='inventory_item_price'> - InventoryPage.productpricesprice validation passed
11:36:58.799 [Forwarding findElements on session 7f96e7e36b9f10a8b5acad60a25246de to remote] DEBUG org.asynchttpclient.netty.request.NettyRequestSender - Using pooled Channel '[id: 0x1681981a, L:/127.0.0.1:61476 - R:localhost/127.0.0.1:6896]' for 'POST' to 'http://localhost:6896/session/7f96e7e36b9f10a8b5acad60a25246de/elements'
11:36:58.799 [Forwarding findElements on session 7f96e7e36b9f10a8b5acad60a25246de to remote] DEBUG org.asynchttpclient.netty.request.NettyRequestSender - Using open Channel [id: 0x1681981a, L:/127.0.0.1:61476 - R:localhost/127.0.0.1:6896] for POST '/session/7f96e7e36b9f10a8b5acad60a25246de/elements'
11:36:58.807 [AsyncHttpClient-1-8] DEBUG org.asynchttpclient.netty.handler.HttpHandler - 

Request DefaultHttpRequest(decodeResult: success, version: HTTP/1.1)
POST /session/7f96e7e36b9f10a8b5acad60a25246de/elements HTTP/1.1
User-Agent: selenium/4.8.0 (java windows)
Content-Length: 83
Content-Type: application/json; charset=utf-8
host: localhost:6896
accept: */*

Response DefaultHttpResponse(decodeResult: success, version: HTTP/1.1)
HTTP/1.1 200 OK
Content-Length: 527
Content-Type: application/json; charset=utf-8
cache-control: no-cache

11:36:58.807 [AsyncHttpClient-1-8] DEBUG org.asynchttpclient.netty.channel.ChannelManager - Adding key: http://localhost:6896 for channel [id: 0x1681981a, L:/127.0.0.1:61476 - R:localhost/127.0.0.1:6896]
11:36:58.813 [Forwarding getAlertText on session 7f96e7e36b9f10a8b5acad60a25246de to remote] DEBUG org.asynchttpclient.netty.request.NettyRequestSender - Using pooled Channel '[id: 0x1681981a, L:/127.0.0.1:61476 - R:localhost/127.0.0.1:6896]' for 'GET' to 'http://localhost:6896/session/7f96e7e36b9f10a8b5acad60a25246de/alert/text'
11:36:58.813 [Forwarding getAlertText on session 7f96e7e36b9f10a8b5acad60a25246de to remote] DEBUG org.asynchttpclient.netty.request.NettyRequestSender - Using open Channel [id: 0x1681981a, L:/127.0.0.1:61476 - R:localhost/127.0.0.1:6896] for GET '/session/7f96e7e36b9f10a8b5acad60a25246de/alert/text'
11:36:58.814 [AsyncHttpClient-1-8] DEBUG org.asynchttpclient.netty.handler.HttpHandler - 

Request DefaultFullHttpRequest(decodeResult: success, version: HTTP/1.1, content: EmptyByteBufBE)
GET /session/7f96e7e36b9f10a8b5acad60a25246de/alert/text HTTP/1.1
User-Agent: selenium/4.8.0 (java windows)
Cache-Control: no-cache
Content-Type: application/json; charset=utf-8
host: localhost:6896
accept: */*

Response DefaultHttpResponse(decodeResult: success, version: HTTP/1.1)
HTTP/1.1 404 Not Found
Content-Length: 1522
Content-Type: application/json; charset=utf-8
cache-control: no-cache

11:36:58.815 [AsyncHttpClient-1-8] DEBUG org.asynchttpclient.netty.channel.ChannelManager - Adding key: http://localhost:6896 for channel [id: 0x1681981a, L:/127.0.0.1:61476 - R:localhost/127.0.0.1:6896]
11:36:58.815 [Forwarding getCurrentUrl on session 7f96e7e36b9f10a8b5acad60a25246de to remote] DEBUG org.asynchttpclient.netty.request.NettyRequestSender - Using pooled Channel '[id: 0x1681981a, L:/127.0.0.1:61476 - R:localhost/127.0.0.1:6896]' for 'GET' to 'http://localhost:6896/session/7f96e7e36b9f10a8b5acad60a25246de/url'
11:36:58.815 [Forwarding getCurrentUrl on session 7f96e7e36b9f10a8b5acad60a25246de to remote] DEBUG org.asynchttpclient.netty.request.NettyRequestSender - Using open Channel [id: 0x1681981a, L:/127.0.0.1:61476 - R:localhost/127.0.0.1:6896] for GET '/session/7f96e7e36b9f10a8b5acad60a25246de/url'
11:36:58.819 [AsyncHttpClient-1-8] DEBUG org.asynchttpclient.netty.handler.HttpHandler - 

Request DefaultFullHttpRequest(decodeResult: success, version: HTTP/1.1, content: EmptyByteBufBE)
GET /session/7f96e7e36b9f10a8b5acad60a25246de/url HTTP/1.1
User-Agent: selenium/4.8.0 (java windows)
Cache-Control: no-cache
Content-Type: application/json; charset=utf-8
host: localhost:6896
accept: */*

Response DefaultHttpResponse(decodeResult: success, version: HTTP/1.1)
HTTP/1.1 200 OK
Content-Length: 52
Content-Type: application/json; charset=utf-8
cache-control: no-cache

11:36:58.819 [AsyncHttpClient-1-8] DEBUG org.asynchttpclient.netty.channel.ChannelManager - Adding key: http://localhost:6896 for channel [id: 0x1681981a, L:/127.0.0.1:61476 - R:localhost/127.0.0.1:6896]
11:36:58.819 [Forwarding screenshot on session 7f96e7e36b9f10a8b5acad60a25246de to remote] DEBUG org.asynchttpclient.netty.request.NettyRequestSender - Using pooled Channel '[id: 0x1681981a, L:/127.0.0.1:61476 - R:localhost/127.0.0.1:6896]' for 'GET' to 'http://localhost:6896/session/7f96e7e36b9f10a8b5acad60a25246de/screenshot'
11:36:58.819 [Forwarding screenshot on session 7f96e7e36b9f10a8b5acad60a25246de to remote] DEBUG org.asynchttpclient.netty.request.NettyRequestSender - Using open Channel [id: 0x1681981a, L:/127.0.0.1:61476 - R:localhost/127.0.0.1:6896] for GET '/session/7f96e7e36b9f10a8b5acad60a25246de/screenshot'
11:36:58.995 [AsyncHttpClient-1-8] DEBUG org.asynchttpclient.netty.handler.HttpHandler - 

Request DefaultFullHttpRequest(decodeResult: success, version: HTTP/1.1, content: EmptyByteBufBE)
GET /session/7f96e7e36b9f10a8b5acad60a25246de/screenshot HTTP/1.1
User-Agent: selenium/4.8.0 (java windows)
Cache-Control: no-cache
Content-Type: application/json; charset=utf-8
host: localhost:6896
accept: */*

Response DefaultHttpResponse(decodeResult: success, version: HTTP/1.1)
HTTP/1.1 200 OK
Content-Length: 468244
Content-Type: application/json; charset=utf-8
cache-control: no-cache

11:36:58.995 [AsyncHttpClient-1-8] DEBUG org.asynchttpclient.netty.channel.ChannelManager - Adding key: http://localhost:6896 for channel [id: 0x1681981a, L:/127.0.0.1:61476 - R:localhost/127.0.0.1:6896]
11:36:59.010 [main] DEBUG net.serenitybdd.core.photography.Darkroom - Send negative for processing for target\site\serenity\c49000b45b33987fa5fcdeb621f111e8ac5286e3002dcb555cb3d50fe03af657.png
11:36:59.010 [main] DEBUG net.thucydides.core.steps.StepInterceptor - STEP DONE: validate ProductsPricesLowToHigh
11:36:59.021 [Forwarding getPageSource on session 7f96e7e36b9f10a8b5acad60a25246de to remote] DEBUG org.asynchttpclient.netty.request.NettyRequestSender - Using pooled Channel '[id: 0x1681981a, L:/127.0.0.1:61476 - R:localhost/127.0.0.1:6896]' for 'POST' to 'http://localhost:6896/session/7f96e7e36b9f10a8b5acad60a25246de/execute/sync'
11:36:59.021 [Forwarding getPageSource on session 7f96e7e36b9f10a8b5acad60a25246de to remote] DEBUG org.asynchttpclient.netty.request.NettyRequestSender - Using open Channel [id: 0x1681981a, L:/127.0.0.1:61476 - R:localhost/127.0.0.1:6896] for POST '/session/7f96e7e36b9f10a8b5acad60a25246de/execute/sync'
11:36:59.026 [AsyncHttpClient-1-8] DEBUG org.asynchttpclient.netty.handler.HttpHandler - 

Request DefaultHttpRequest(decodeResult: success, version: HTTP/1.1)
POST /session/7f96e7e36b9f10a8b5acad60a25246de/execute/sync HTTP/1.1
User-Agent: selenium/4.8.0 (java windows)
Content-Length: 176
Content-Type: application/json; charset=utf-8
host: localhost:6896
accept: */*

Response DefaultHttpResponse(decodeResult: success, version: HTTP/1.1)
HTTP/1.1 200 OK
Content-Length: 16398
Content-Type: application/json; charset=utf-8
cache-control: no-cache

11:36:59.026 [AsyncHttpClient-1-8] DEBUG org.asynchttpclient.netty.channel.ChannelManager - Adding key: http://localhost:6896 for channel [id: 0x1681981a, L:/127.0.0.1:61476 - R:localhost/127.0.0.1:6896]
11:36:59.027 [Forwarding getCurrentUrl on session 7f96e7e36b9f10a8b5acad60a25246de to remote] DEBUG org.asynchttpclient.netty.request.NettyRequestSender - Using pooled Channel '[id: 0x1681981a, L:/127.0.0.1:61476 - R:localhost/127.0.0.1:6896]' for 'GET' to 'http://localhost:6896/session/7f96e7e36b9f10a8b5acad60a25246de/url'
11:36:59.027 [Forwarding getCurrentUrl on session 7f96e7e36b9f10a8b5acad60a25246de to remote] DEBUG org.asynchttpclient.netty.request.NettyRequestSender - Using open Channel [id: 0x1681981a, L:/127.0.0.1:61476 - R:localhost/127.0.0.1:6896] for GET '/session/7f96e7e36b9f10a8b5acad60a25246de/url'
11:36:59.031 [AsyncHttpClient-1-8] DEBUG org.asynchttpclient.netty.handler.HttpHandler - 

Request DefaultFullHttpRequest(decodeResult: success, version: HTTP/1.1, content: EmptyByteBufBE)
GET /session/7f96e7e36b9f10a8b5acad60a25246de/url HTTP/1.1
User-Agent: selenium/4.8.0 (java windows)
Cache-Control: no-cache
Content-Type: application/json; charset=utf-8
host: localhost:6896
accept: */*

Response DefaultHttpResponse(decodeResult: success, version: HTTP/1.1)
HTTP/1.1 200 OK
Content-Length: 52
Content-Type: application/json; charset=utf-8
cache-control: no-cache

11:36:59.031 [AsyncHttpClient-1-8] DEBUG org.asynchttpclient.netty.channel.ChannelManager - Adding key: http://localhost:6896 for channel [id: 0x1681981a, L:/127.0.0.1:61476 - R:localhost/127.0.0.1:6896]
11:36:59.043 [main] DEBUG net.thucydides.core.steps.StepInterceptor - STARTING STEP: InventoryPageSteps.test5_validateSortinLogicInFilter - chooseFilterLowToHigh
11:36:59.047 [Forwarding findElement on session 7f96e7e36b9f10a8b5acad60a25246de to remote] DEBUG org.asynchttpclient.netty.request.NettyRequestSender - Using pooled Channel '[id: 0x1681981a, L:/127.0.0.1:61476 - R:localhost/127.0.0.1:6896]' for 'POST' to 'http://localhost:6896/session/7f96e7e36b9f10a8b5acad60a25246de/element'
11:36:59.047 [Forwarding findElement on session 7f96e7e36b9f10a8b5acad60a25246de to remote] DEBUG org.asynchttpclient.netty.request.NettyRequestSender - Using open Channel [id: 0x1681981a, L:/127.0.0.1:61476 - R:localhost/127.0.0.1:6896] for POST '/session/7f96e7e36b9f10a8b5acad60a25246de/element'
11:36:59.055 [AsyncHttpClient-1-8] DEBUG org.asynchttpclient.netty.handler.HttpHandler - 

Request DefaultHttpRequest(decodeResult: success, version: HTTP/1.1)
POST /session/7f96e7e36b9f10a8b5acad60a25246de/element HTTP/1.1
User-Agent: selenium/4.8.0 (java windows)
Content-Length: 88
Content-Type: application/json; charset=utf-8
host: localhost:6896
accept: */*

Response DefaultHttpResponse(decodeResult: success, version: HTTP/1.1)
HTTP/1.1 200 OK
Content-Length: 95
Content-Type: application/json; charset=utf-8
cache-control: no-cache

11:36:59.055 [AsyncHttpClient-1-8] DEBUG org.asynchttpclient.netty.channel.ChannelManager - Adding key: http://localhost:6896 for channel [id: 0x1681981a, L:/127.0.0.1:61476 - R:localhost/127.0.0.1:6896]
11:36:59.056 [Forwarding isElementDisplayed on session 7f96e7e36b9f10a8b5acad60a25246de to remote] DEBUG org.asynchttpclient.netty.request.NettyRequestSender - Using pooled Channel '[id: 0x1681981a, L:/127.0.0.1:61476 - R:localhost/127.0.0.1:6896]' for 'POST' to 'http://localhost:6896/session/7f96e7e36b9f10a8b5acad60a25246de/execute/sync'
11:36:59.056 [Forwarding isElementDisplayed on session 7f96e7e36b9f10a8b5acad60a25246de to remote] DEBUG org.asynchttpclient.netty.request.NettyRequestSender - Using open Channel [id: 0x1681981a, L:/127.0.0.1:61476 - R:localhost/127.0.0.1:6896] for POST '/session/7f96e7e36b9f10a8b5acad60a25246de/execute/sync'
11:36:59.065 [AsyncHttpClient-1-8] DEBUG org.asynchttpclient.netty.handler.HttpHandler - 

Request DefaultHttpRequest(decodeResult: success, version: HTTP/1.1)
POST /session/7f96e7e36b9f10a8b5acad60a25246de/execute/sync HTTP/1.1
User-Agent: selenium/4.8.0 (java windows)
Content-Length: 48814
Content-Type: application/json; charset=utf-8
host: localhost:6896
accept: */*

Response DefaultHttpResponse(decodeResult: success, version: HTTP/1.1)
HTTP/1.1 200 OK
Content-Length: 14
Content-Type: application/json; charset=utf-8
cache-control: no-cache

11:36:59.065 [AsyncHttpClient-1-8] DEBUG org.asynchttpclient.netty.channel.ChannelManager - Adding key: http://localhost:6896 for channel [id: 0x1681981a, L:/127.0.0.1:61476 - R:localhost/127.0.0.1:6896]
11:36:59.065 [Forwarding getElementTagName on session 7f96e7e36b9f10a8b5acad60a25246de to remote] DEBUG org.asynchttpclient.netty.request.NettyRequestSender - Using pooled Channel '[id: 0x1681981a, L:/127.0.0.1:61476 - R:localhost/127.0.0.1:6896]' for 'GET' to 'http://localhost:6896/session/7f96e7e36b9f10a8b5acad60a25246de/element/6FF2D42796E1B5636833727143D40385_element_68/name'
11:36:59.065 [Forwarding getElementTagName on session 7f96e7e36b9f10a8b5acad60a25246de to remote] DEBUG org.asynchttpclient.netty.request.NettyRequestSender - Using open Channel [id: 0x1681981a, L:/127.0.0.1:61476 - R:localhost/127.0.0.1:6896] for GET '/session/7f96e7e36b9f10a8b5acad60a25246de/element/6FF2D42796E1B5636833727143D40385_element_68/name'
11:36:59.069 [AsyncHttpClient-1-8] DEBUG org.asynchttpclient.netty.handler.HttpHandler - 

Request DefaultFullHttpRequest(decodeResult: success, version: HTTP/1.1, content: EmptyByteBufBE)
GET /session/7f96e7e36b9f10a8b5acad60a25246de/element/6FF2D42796E1B5636833727143D40385_element_68/name HTTP/1.1
User-Agent: selenium/4.8.0 (java windows)
Cache-Control: no-cache
Content-Type: application/json; charset=utf-8
host: localhost:6896
accept: */*

Response DefaultHttpResponse(decodeResult: success, version: HTTP/1.1)
HTTP/1.1 200 OK
Content-Length: 18
Content-Type: application/json; charset=utf-8
cache-control: no-cache

11:36:59.069 [AsyncHttpClient-1-8] DEBUG org.asynchttpclient.netty.channel.ChannelManager - Adding key: http://localhost:6896 for channel [id: 0x1681981a, L:/127.0.0.1:61476 - R:localhost/127.0.0.1:6896]
11:36:59.069 [Forwarding getElementDomAttribute on session 7f96e7e36b9f10a8b5acad60a25246de to remote] DEBUG org.asynchttpclient.netty.request.NettyRequestSender - Using pooled Channel '[id: 0x1681981a, L:/127.0.0.1:61476 - R:localhost/127.0.0.1:6896]' for 'GET' to 'http://localhost:6896/session/7f96e7e36b9f10a8b5acad60a25246de/element/6FF2D42796E1B5636833727143D40385_element_68/attribute/multiple'
11:36:59.069 [Forwarding getElementDomAttribute on session 7f96e7e36b9f10a8b5acad60a25246de to remote] DEBUG org.asynchttpclient.netty.request.NettyRequestSender - Using open Channel [id: 0x1681981a, L:/127.0.0.1:61476 - R:localhost/127.0.0.1:6896] for GET '/session/7f96e7e36b9f10a8b5acad60a25246de/element/6FF2D42796E1B5636833727143D40385_element_68/attribute/multiple'
11:36:59.072 [AsyncHttpClient-1-8] DEBUG org.asynchttpclient.netty.handler.HttpHandler - 

Request DefaultFullHttpRequest(decodeResult: success, version: HTTP/1.1, content: EmptyByteBufBE)
GET /session/7f96e7e36b9f10a8b5acad60a25246de/element/6FF2D42796E1B5636833727143D40385_element_68/attribute/multiple HTTP/1.1
User-Agent: selenium/4.8.0 (java windows)
Cache-Control: no-cache
Content-Type: application/json; charset=utf-8
host: localhost:6896
accept: */*

Response DefaultHttpResponse(decodeResult: success, version: HTTP/1.1)
HTTP/1.1 200 OK
Content-Length: 14
Content-Type: application/json; charset=utf-8
cache-control: no-cache

11:36:59.072 [AsyncHttpClient-1-8] DEBUG org.asynchttpclient.netty.channel.ChannelManager - Adding key: http://localhost:6896 for channel [id: 0x1681981a, L:/127.0.0.1:61476 - R:localhost/127.0.0.1:6896]
11:36:59.072 [Forwarding isElementEnabled on session 7f96e7e36b9f10a8b5acad60a25246de to remote] DEBUG org.asynchttpclient.netty.request.NettyRequestSender - Using pooled Channel '[id: 0x1681981a, L:/127.0.0.1:61476 - R:localhost/127.0.0.1:6896]' for 'GET' to 'http://localhost:6896/session/7f96e7e36b9f10a8b5acad60a25246de/element/6FF2D42796E1B5636833727143D40385_element_68/enabled'
11:36:59.072 [Forwarding isElementEnabled on session 7f96e7e36b9f10a8b5acad60a25246de to remote] DEBUG org.asynchttpclient.netty.request.NettyRequestSender - Using open Channel [id: 0x1681981a, L:/127.0.0.1:61476 - R:localhost/127.0.0.1:6896] for GET '/session/7f96e7e36b9f10a8b5acad60a25246de/element/6FF2D42796E1B5636833727143D40385_element_68/enabled'
11:36:59.077 [AsyncHttpClient-1-8] DEBUG org.asynchttpclient.netty.handler.HttpHandler - 

Request DefaultFullHttpRequest(decodeResult: success, version: HTTP/1.1, content: EmptyByteBufBE)
GET /session/7f96e7e36b9f10a8b5acad60a25246de/element/6FF2D42796E1B5636833727143D40385_element_68/enabled HTTP/1.1
User-Agent: selenium/4.8.0 (java windows)
Cache-Control: no-cache
Content-Type: application/json; charset=utf-8
host: localhost:6896
accept: */*

Response DefaultHttpResponse(decodeResult: success, version: HTTP/1.1)
HTTP/1.1 200 OK
Content-Length: 14
Content-Type: application/json; charset=utf-8
cache-control: no-cache

11:36:59.077 [AsyncHttpClient-1-8] DEBUG org.asynchttpclient.netty.channel.ChannelManager - Adding key: http://localhost:6896 for channel [id: 0x1681981a, L:/127.0.0.1:61476 - R:localhost/127.0.0.1:6896]
11:36:59.078 [Forwarding findChildElements on session 7f96e7e36b9f10a8b5acad60a25246de to remote] DEBUG org.asynchttpclient.netty.request.NettyRequestSender - Using pooled Channel '[id: 0x1681981a, L:/127.0.0.1:61476 - R:localhost/127.0.0.1:6896]' for 'POST' to 'http://localhost:6896/session/7f96e7e36b9f10a8b5acad60a25246de/element/6FF2D42796E1B5636833727143D40385_element_68/elements'
11:36:59.078 [Forwarding findChildElements on session 7f96e7e36b9f10a8b5acad60a25246de to remote] DEBUG org.asynchttpclient.netty.request.NettyRequestSender - Using open Channel [id: 0x1681981a, L:/127.0.0.1:61476 - R:localhost/127.0.0.1:6896] for POST '/session/7f96e7e36b9f10a8b5acad60a25246de/element/6FF2D42796E1B5636833727143D40385_element_68/elements'
11:36:59.083 [AsyncHttpClient-1-8] DEBUG org.asynchttpclient.netty.handler.HttpHandler - 

Request DefaultHttpRequest(decodeResult: success, version: HTTP/1.1)
POST /session/7f96e7e36b9f10a8b5acad60a25246de/element/6FF2D42796E1B5636833727143D40385_element_68/elements HTTP/1.1
User-Agent: selenium/4.8.0 (java windows)
Content-Length: 101
Content-Type: application/json; charset=utf-8
host: localhost:6896
accept: */*

Response DefaultHttpResponse(decodeResult: success, version: HTTP/1.1)
HTTP/1.1 200 OK
Content-Length: 355
Content-Type: application/json; charset=utf-8
cache-control: no-cache

11:36:59.083 [AsyncHttpClient-1-8] DEBUG org.asynchttpclient.netty.channel.ChannelManager - Adding key: http://localhost:6896 for channel [id: 0x1681981a, L:/127.0.0.1:61476 - R:localhost/127.0.0.1:6896]
11:36:59.085 [Forwarding getElementAttribute on session 7f96e7e36b9f10a8b5acad60a25246de to remote] DEBUG org.asynchttpclient.netty.request.NettyRequestSender - Using pooled Channel '[id: 0x1681981a, L:/127.0.0.1:61476 - R:localhost/127.0.0.1:6896]' for 'POST' to 'http://localhost:6896/session/7f96e7e36b9f10a8b5acad60a25246de/execute/sync'
11:36:59.085 [Forwarding getElementAttribute on session 7f96e7e36b9f10a8b5acad60a25246de to remote] DEBUG org.asynchttpclient.netty.request.NettyRequestSender - Using open Channel [id: 0x1681981a, L:/127.0.0.1:61476 - R:localhost/127.0.0.1:6896] for POST '/session/7f96e7e36b9f10a8b5acad60a25246de/execute/sync'
11:36:59.093 [AsyncHttpClient-1-8] DEBUG org.asynchttpclient.netty.handler.HttpHandler - 

Request DefaultHttpRequest(decodeResult: success, version: HTTP/1.1)
POST /session/7f96e7e36b9f10a8b5acad60a25246de/execute/sync HTTP/1.1
User-Agent: selenium/4.8.0 (java windows)
Content-Length: 47375
Content-Type: application/json; charset=utf-8
host: localhost:6896
accept: */*

Response DefaultHttpResponse(decodeResult: success, version: HTTP/1.1)
HTTP/1.1 200 OK
Content-Length: 13
Content-Type: application/json; charset=utf-8
cache-control: no-cache

11:36:59.093 [AsyncHttpClient-1-8] DEBUG org.asynchttpclient.netty.channel.ChannelManager - Adding key: http://localhost:6896 for channel [id: 0x1681981a, L:/127.0.0.1:61476 - R:localhost/127.0.0.1:6896]
11:36:59.096 [Forwarding getElementAttribute on session 7f96e7e36b9f10a8b5acad60a25246de to remote] DEBUG org.asynchttpclient.netty.request.NettyRequestSender - Using pooled Channel '[id: 0x1681981a, L:/127.0.0.1:61476 - R:localhost/127.0.0.1:6896]' for 'POST' to 'http://localhost:6896/session/7f96e7e36b9f10a8b5acad60a25246de/execute/sync'
11:36:59.096 [Forwarding getElementAttribute on session 7f96e7e36b9f10a8b5acad60a25246de to remote] DEBUG org.asynchttpclient.netty.request.NettyRequestSender - Using open Channel [id: 0x1681981a, L:/127.0.0.1:61476 - R:localhost/127.0.0.1:6896] for POST '/session/7f96e7e36b9f10a8b5acad60a25246de/execute/sync'
11:36:59.110 [AsyncHttpClient-1-8] DEBUG org.asynchttpclient.netty.handler.HttpHandler - 

Request DefaultHttpRequest(decodeResult: success, version: HTTP/1.1)
POST /session/7f96e7e36b9f10a8b5acad60a25246de/execute/sync HTTP/1.1
User-Agent: selenium/4.8.0 (java windows)
Content-Length: 47375
Content-Type: application/json; charset=utf-8
host: localhost:6896
accept: */*

Response DefaultHttpResponse(decodeResult: success, version: HTTP/1.1)
HTTP/1.1 200 OK
Content-Length: 13
Content-Type: application/json; charset=utf-8
cache-control: no-cache

11:36:59.110 [AsyncHttpClient-1-8] DEBUG org.asynchttpclient.netty.channel.ChannelManager - Adding key: http://localhost:6896 for channel [id: 0x1681981a, L:/127.0.0.1:61476 - R:localhost/127.0.0.1:6896]
11:36:59.112 [Forwarding getElementAttribute on session 7f96e7e36b9f10a8b5acad60a25246de to remote] DEBUG org.asynchttpclient.netty.request.NettyRequestSender - Using pooled Channel '[id: 0x1681981a, L:/127.0.0.1:61476 - R:localhost/127.0.0.1:6896]' for 'POST' to 'http://localhost:6896/session/7f96e7e36b9f10a8b5acad60a25246de/execute/sync'
11:36:59.112 [Forwarding getElementAttribute on session 7f96e7e36b9f10a8b5acad60a25246de to remote] DEBUG org.asynchttpclient.netty.request.NettyRequestSender - Using open Channel [id: 0x1681981a, L:/127.0.0.1:61476 - R:localhost/127.0.0.1:6896] for POST '/session/7f96e7e36b9f10a8b5acad60a25246de/execute/sync'
11:36:59.120 [AsyncHttpClient-1-8] DEBUG org.asynchttpclient.netty.handler.HttpHandler - 

Request DefaultHttpRequest(decodeResult: success, version: HTTP/1.1)
POST /session/7f96e7e36b9f10a8b5acad60a25246de/execute/sync HTTP/1.1
User-Agent: selenium/4.8.0 (java windows)
Content-Length: 47375
Content-Type: application/json; charset=utf-8
host: localhost:6896
accept: */*

Response DefaultHttpResponse(decodeResult: success, version: HTTP/1.1)
HTTP/1.1 200 OK
Content-Length: 13
Content-Type: application/json; charset=utf-8
cache-control: no-cache

11:36:59.121 [AsyncHttpClient-1-8] DEBUG org.asynchttpclient.netty.channel.ChannelManager - Adding key: http://localhost:6896 for channel [id: 0x1681981a, L:/127.0.0.1:61476 - R:localhost/127.0.0.1:6896]
11:36:59.122 [Forwarding getElementAttribute on session 7f96e7e36b9f10a8b5acad60a25246de to remote] DEBUG org.asynchttpclient.netty.request.NettyRequestSender - Using pooled Channel '[id: 0x1681981a, L:/127.0.0.1:61476 - R:localhost/127.0.0.1:6896]' for 'POST' to 'http://localhost:6896/session/7f96e7e36b9f10a8b5acad60a25246de/execute/sync'
11:36:59.122 [Forwarding getElementAttribute on session 7f96e7e36b9f10a8b5acad60a25246de to remote] DEBUG org.asynchttpclient.netty.request.NettyRequestSender - Using open Channel [id: 0x1681981a, L:/127.0.0.1:61476 - R:localhost/127.0.0.1:6896] for POST '/session/7f96e7e36b9f10a8b5acad60a25246de/execute/sync'
11:36:59.129 [AsyncHttpClient-1-8] DEBUG org.asynchttpclient.netty.handler.HttpHandler - 

Request DefaultHttpRequest(decodeResult: success, version: HTTP/1.1)
POST /session/7f96e7e36b9f10a8b5acad60a25246de/execute/sync HTTP/1.1
User-Agent: selenium/4.8.0 (java windows)
Content-Length: 47375
Content-Type: application/json; charset=utf-8
host: localhost:6896
accept: */*

Response DefaultHttpResponse(decodeResult: success, version: HTTP/1.1)
HTTP/1.1 200 OK
Content-Length: 13
Content-Type: application/json; charset=utf-8
cache-control: no-cache

11:36:59.129 [AsyncHttpClient-1-8] DEBUG org.asynchttpclient.netty.channel.ChannelManager - Adding key: http://localhost:6896 for channel [id: 0x1681981a, L:/127.0.0.1:61476 - R:localhost/127.0.0.1:6896]
11:36:59.129 [Forwarding isElementEnabled on session 7f96e7e36b9f10a8b5acad60a25246de to remote] DEBUG org.asynchttpclient.netty.request.NettyRequestSender - Using pooled Channel '[id: 0x1681981a, L:/127.0.0.1:61476 - R:localhost/127.0.0.1:6896]' for 'GET' to 'http://localhost:6896/session/7f96e7e36b9f10a8b5acad60a25246de/element/6FF2D42796E1B5636833727143D40385_element_76/enabled'
11:36:59.129 [Forwarding isElementEnabled on session 7f96e7e36b9f10a8b5acad60a25246de to remote] DEBUG org.asynchttpclient.netty.request.NettyRequestSender - Using open Channel [id: 0x1681981a, L:/127.0.0.1:61476 - R:localhost/127.0.0.1:6896] for GET '/session/7f96e7e36b9f10a8b5acad60a25246de/element/6FF2D42796E1B5636833727143D40385_element_76/enabled'
11:36:59.135 [AsyncHttpClient-1-8] DEBUG org.asynchttpclient.netty.handler.HttpHandler - 

Request DefaultFullHttpRequest(decodeResult: success, version: HTTP/1.1, content: EmptyByteBufBE)
GET /session/7f96e7e36b9f10a8b5acad60a25246de/element/6FF2D42796E1B5636833727143D40385_element_76/enabled HTTP/1.1
User-Agent: selenium/4.8.0 (java windows)
Cache-Control: no-cache
Content-Type: application/json; charset=utf-8
host: localhost:6896
accept: */*

Response DefaultHttpResponse(decodeResult: success, version: HTTP/1.1)
HTTP/1.1 200 OK
Content-Length: 14
Content-Type: application/json; charset=utf-8
cache-control: no-cache

11:36:59.135 [AsyncHttpClient-1-8] DEBUG org.asynchttpclient.netty.channel.ChannelManager - Adding key: http://localhost:6896 for channel [id: 0x1681981a, L:/127.0.0.1:61476 - R:localhost/127.0.0.1:6896]
11:36:59.135 [Forwarding isElementSelected on session 7f96e7e36b9f10a8b5acad60a25246de to remote] DEBUG org.asynchttpclient.netty.request.NettyRequestSender - Using pooled Channel '[id: 0x1681981a, L:/127.0.0.1:61476 - R:localhost/127.0.0.1:6896]' for 'GET' to 'http://localhost:6896/session/7f96e7e36b9f10a8b5acad60a25246de/element/6FF2D42796E1B5636833727143D40385_element_76/selected'
11:36:59.135 [Forwarding isElementSelected on session 7f96e7e36b9f10a8b5acad60a25246de to remote] DEBUG org.asynchttpclient.netty.request.NettyRequestSender - Using open Channel [id: 0x1681981a, L:/127.0.0.1:61476 - R:localhost/127.0.0.1:6896] for GET '/session/7f96e7e36b9f10a8b5acad60a25246de/element/6FF2D42796E1B5636833727143D40385_element_76/selected'
11:36:59.140 [AsyncHttpClient-1-8] DEBUG org.asynchttpclient.netty.handler.HttpHandler - 

Request DefaultFullHttpRequest(decodeResult: success, version: HTTP/1.1, content: EmptyByteBufBE)
GET /session/7f96e7e36b9f10a8b5acad60a25246de/element/6FF2D42796E1B5636833727143D40385_element_76/selected HTTP/1.1
User-Agent: selenium/4.8.0 (java windows)
Cache-Control: no-cache
Content-Type: application/json; charset=utf-8
host: localhost:6896
accept: */*

Response DefaultHttpResponse(decodeResult: success, version: HTTP/1.1)
HTTP/1.1 200 OK
Content-Length: 15
Content-Type: application/json; charset=utf-8
cache-control: no-cache

11:36:59.140 [AsyncHttpClient-1-8] DEBUG org.asynchttpclient.netty.channel.ChannelManager - Adding key: http://localhost:6896 for channel [id: 0x1681981a, L:/127.0.0.1:61476 - R:localhost/127.0.0.1:6896]
11:36:59.140 [Forwarding clickElement on session 7f96e7e36b9f10a8b5acad60a25246de to remote] DEBUG org.asynchttpclient.netty.request.NettyRequestSender - Using pooled Channel '[id: 0x1681981a, L:/127.0.0.1:61476 - R:localhost/127.0.0.1:6896]' for 'POST' to 'http://localhost:6896/session/7f96e7e36b9f10a8b5acad60a25246de/element/6FF2D42796E1B5636833727143D40385_element_76/click'
11:36:59.140 [Forwarding clickElement on session 7f96e7e36b9f10a8b5acad60a25246de to remote] DEBUG org.asynchttpclient.netty.request.NettyRequestSender - Using open Channel [id: 0x1681981a, L:/127.0.0.1:61476 - R:localhost/127.0.0.1:6896] for POST '/session/7f96e7e36b9f10a8b5acad60a25246de/element/6FF2D42796E1B5636833727143D40385_element_76/click'
11:36:59.345 [AsyncHttpClient-1-1] DEBUG org.asynchttpclient.netty.channel.DefaultChannelPool - Entry count for : http://localhost:61482 : 1
11:37:00.442 [AsyncHttpClient-1-1] DEBUG org.asynchttpclient.netty.channel.DefaultChannelPool - Entry count for : http://localhost:61482 : 1
11:37:01.540 [AsyncHttpClient-1-1] DEBUG org.asynchttpclient.netty.channel.DefaultChannelPool - Entry count for : http://localhost:61482 : 1
11:37:02.637 [AsyncHttpClient-1-1] DEBUG org.asynchttpclient.netty.channel.DefaultChannelPool - Entry count for : http://localhost:61482 : 1
11:37:03.736 [AsyncHttpClient-1-1] DEBUG org.asynchttpclient.netty.channel.DefaultChannelPool - Entry count for : http://localhost:61482 : 1
11:37:04.161 [AsyncHttpClient-1-8] DEBUG org.asynchttpclient.netty.handler.HttpHandler - 

Request DefaultHttpRequest(decodeResult: success, version: HTTP/1.1)
POST /session/7f96e7e36b9f10a8b5acad60a25246de/element/6FF2D42796E1B5636833727143D40385_element_76/click HTTP/1.1
User-Agent: selenium/4.8.0 (java windows)
Content-Length: 57
Content-Type: application/json; charset=utf-8
host: localhost:6896
accept: */*

Response DefaultHttpResponse(decodeResult: success, version: HTTP/1.1)
HTTP/1.1 200 OK
Content-Length: 14
Content-Type: application/json; charset=utf-8
cache-control: no-cache

11:37:04.161 [AsyncHttpClient-1-8] DEBUG org.asynchttpclient.netty.channel.ChannelManager - Adding key: http://localhost:6896 for channel [id: 0x1681981a, L:/127.0.0.1:61476 - R:localhost/127.0.0.1:6896]
11:37:04.163 [main] INFO  com.swaglabs.base.SetUp - filter low to high
11:37:04.170 [Forwarding getAlertText on session 7f96e7e36b9f10a8b5acad60a25246de to remote] DEBUG org.asynchttpclient.netty.request.NettyRequestSender - Using pooled Channel '[id: 0x1681981a, L:/127.0.0.1:61476 - R:localhost/127.0.0.1:6896]' for 'GET' to 'http://localhost:6896/session/7f96e7e36b9f10a8b5acad60a25246de/alert/text'
11:37:04.170 [Forwarding getAlertText on session 7f96e7e36b9f10a8b5acad60a25246de to remote] DEBUG org.asynchttpclient.netty.request.NettyRequestSender - Using open Channel [id: 0x1681981a, L:/127.0.0.1:61476 - R:localhost/127.0.0.1:6896] for GET '/session/7f96e7e36b9f10a8b5acad60a25246de/alert/text'
11:37:04.174 [AsyncHttpClient-1-8] DEBUG org.asynchttpclient.netty.handler.HttpHandler - 

Request DefaultFullHttpRequest(decodeResult: success, version: HTTP/1.1, content: EmptyByteBufBE)
GET /session/7f96e7e36b9f10a8b5acad60a25246de/alert/text HTTP/1.1
User-Agent: selenium/4.8.0 (java windows)
Cache-Control: no-cache
Content-Type: application/json; charset=utf-8
host: localhost:6896
accept: */*

Response DefaultHttpResponse(decodeResult: success, version: HTTP/1.1)
HTTP/1.1 404 Not Found
Content-Length: 1522
Content-Type: application/json; charset=utf-8
cache-control: no-cache

11:37:04.174 [AsyncHttpClient-1-8] DEBUG org.asynchttpclient.netty.channel.ChannelManager - Adding key: http://localhost:6896 for channel [id: 0x1681981a, L:/127.0.0.1:61476 - R:localhost/127.0.0.1:6896]
11:37:04.175 [Forwarding getCurrentUrl on session 7f96e7e36b9f10a8b5acad60a25246de to remote] DEBUG org.asynchttpclient.netty.request.NettyRequestSender - Using pooled Channel '[id: 0x1681981a, L:/127.0.0.1:61476 - R:localhost/127.0.0.1:6896]' for 'GET' to 'http://localhost:6896/session/7f96e7e36b9f10a8b5acad60a25246de/url'
11:37:04.175 [Forwarding getCurrentUrl on session 7f96e7e36b9f10a8b5acad60a25246de to remote] DEBUG org.asynchttpclient.netty.request.NettyRequestSender - Using open Channel [id: 0x1681981a, L:/127.0.0.1:61476 - R:localhost/127.0.0.1:6896] for GET '/session/7f96e7e36b9f10a8b5acad60a25246de/url'
11:37:04.183 [AsyncHttpClient-1-8] DEBUG org.asynchttpclient.netty.handler.HttpHandler - 

Request DefaultFullHttpRequest(decodeResult: success, version: HTTP/1.1, content: EmptyByteBufBE)
GET /session/7f96e7e36b9f10a8b5acad60a25246de/url HTTP/1.1
User-Agent: selenium/4.8.0 (java windows)
Cache-Control: no-cache
Content-Type: application/json; charset=utf-8
host: localhost:6896
accept: */*

Response DefaultHttpResponse(decodeResult: success, version: HTTP/1.1)
HTTP/1.1 200 OK
Content-Length: 52
Content-Type: application/json; charset=utf-8
cache-control: no-cache

11:37:04.183 [AsyncHttpClient-1-8] DEBUG org.asynchttpclient.netty.channel.ChannelManager - Adding key: http://localhost:6896 for channel [id: 0x1681981a, L:/127.0.0.1:61476 - R:localhost/127.0.0.1:6896]
11:37:04.183 [Forwarding screenshot on session 7f96e7e36b9f10a8b5acad60a25246de to remote] DEBUG org.asynchttpclient.netty.request.NettyRequestSender - Using pooled Channel '[id: 0x1681981a, L:/127.0.0.1:61476 - R:localhost/127.0.0.1:6896]' for 'GET' to 'http://localhost:6896/session/7f96e7e36b9f10a8b5acad60a25246de/screenshot'
11:37:04.183 [Forwarding screenshot on session 7f96e7e36b9f10a8b5acad60a25246de to remote] DEBUG org.asynchttpclient.netty.request.NettyRequestSender - Using open Channel [id: 0x1681981a, L:/127.0.0.1:61476 - R:localhost/127.0.0.1:6896] for GET '/session/7f96e7e36b9f10a8b5acad60a25246de/screenshot'
11:37:04.357 [AsyncHttpClient-1-8] DEBUG org.asynchttpclient.netty.handler.HttpHandler - 

Request DefaultFullHttpRequest(decodeResult: success, version: HTTP/1.1, content: EmptyByteBufBE)
GET /session/7f96e7e36b9f10a8b5acad60a25246de/screenshot HTTP/1.1
User-Agent: selenium/4.8.0 (java windows)
Cache-Control: no-cache
Content-Type: application/json; charset=utf-8
host: localhost:6896
accept: */*

Response DefaultHttpResponse(decodeResult: success, version: HTTP/1.1)
HTTP/1.1 200 OK
Content-Length: 500520
Content-Type: application/json; charset=utf-8
cache-control: no-cache

11:37:04.357 [AsyncHttpClient-1-8] DEBUG org.asynchttpclient.netty.channel.ChannelManager - Adding key: http://localhost:6896 for channel [id: 0x1681981a, L:/127.0.0.1:61476 - R:localhost/127.0.0.1:6896]
11:37:04.370 [main] DEBUG net.serenitybdd.core.photography.Darkroom - Send negative for processing for target\site\serenity\5e35871e6d541a83e154bd0e8ba1dc3c1700ddc1b9ab752902ef46ae8d633512.png
11:37:04.370 [main] DEBUG net.thucydides.core.steps.StepInterceptor - STEP DONE: chooseFilterLowToHigh
11:37:04.377 [Forwarding getPageSource on session 7f96e7e36b9f10a8b5acad60a25246de to remote] DEBUG org.asynchttpclient.netty.request.NettyRequestSender - Using pooled Channel '[id: 0x1681981a, L:/127.0.0.1:61476 - R:localhost/127.0.0.1:6896]' for 'POST' to 'http://localhost:6896/session/7f96e7e36b9f10a8b5acad60a25246de/execute/sync'
11:37:04.377 [Forwarding getPageSource on session 7f96e7e36b9f10a8b5acad60a25246de to remote] DEBUG org.asynchttpclient.netty.request.NettyRequestSender - Using open Channel [id: 0x1681981a, L:/127.0.0.1:61476 - R:localhost/127.0.0.1:6896] for POST '/session/7f96e7e36b9f10a8b5acad60a25246de/execute/sync'
11:37:04.378 [Darkroom Processing Line] DEBUG net.serenitybdd.core.photography.DarkroomProcessingLine - Processing screenshot image in /var/screenshots/screenshot-3995991192755478200
11:37:04.378 [Darkroom Processing Line] DEBUG net.serenitybdd.core.photography.DarkroomProcessingLine - Saving screenshot to target\site\serenity\5e35871e6d541a83e154bd0e8ba1dc3c1700ddc1b9ab752902ef46ae8d633512.png
11:37:04.384 [AsyncHttpClient-1-8] DEBUG org.asynchttpclient.netty.handler.HttpHandler - 

Request DefaultHttpRequest(decodeResult: success, version: HTTP/1.1)
POST /session/7f96e7e36b9f10a8b5acad60a25246de/execute/sync HTTP/1.1
User-Agent: selenium/4.8.0 (java windows)
Content-Length: 176
Content-Type: application/json; charset=utf-8
host: localhost:6896
accept: */*

Response DefaultHttpResponse(decodeResult: success, version: HTTP/1.1)
HTTP/1.1 200 OK
Content-Length: 16398
Content-Type: application/json; charset=utf-8
cache-control: no-cache

11:37:04.384 [AsyncHttpClient-1-8] DEBUG org.asynchttpclient.netty.channel.ChannelManager - Adding key: http://localhost:6896 for channel [id: 0x1681981a, L:/127.0.0.1:61476 - R:localhost/127.0.0.1:6896]
11:37:04.385 [Forwarding getCurrentUrl on session 7f96e7e36b9f10a8b5acad60a25246de to remote] DEBUG org.asynchttpclient.netty.request.NettyRequestSender - Using pooled Channel '[id: 0x1681981a, L:/127.0.0.1:61476 - R:localhost/127.0.0.1:6896]' for 'GET' to 'http://localhost:6896/session/7f96e7e36b9f10a8b5acad60a25246de/url'
11:37:04.385 [Forwarding getCurrentUrl on session 7f96e7e36b9f10a8b5acad60a25246de to remote] DEBUG org.asynchttpclient.netty.request.NettyRequestSender - Using open Channel [id: 0x1681981a, L:/127.0.0.1:61476 - R:localhost/127.0.0.1:6896] for GET '/session/7f96e7e36b9f10a8b5acad60a25246de/url'
11:37:04.388 [AsyncHttpClient-1-8] DEBUG org.asynchttpclient.netty.handler.HttpHandler - 

Request DefaultFullHttpRequest(decodeResult: success, version: HTTP/1.1, content: EmptyByteBufBE)
GET /session/7f96e7e36b9f10a8b5acad60a25246de/url HTTP/1.1
User-Agent: selenium/4.8.0 (java windows)
Cache-Control: no-cache
Content-Type: application/json; charset=utf-8
host: localhost:6896
accept: */*

Response DefaultHttpResponse(decodeResult: success, version: HTTP/1.1)
HTTP/1.1 200 OK
Content-Length: 52
Content-Type: application/json; charset=utf-8
cache-control: no-cache

11:37:04.388 [AsyncHttpClient-1-8] DEBUG org.asynchttpclient.netty.channel.ChannelManager - Adding key: http://localhost:6896 for channel [id: 0x1681981a, L:/127.0.0.1:61476 - R:localhost/127.0.0.1:6896]
11:37:04.396 [main] DEBUG net.thucydides.core.steps.StepInterceptor - STARTING STEP: InventoryPageSteps.test5_validateSortinLogicInFilter - validateProductsPricesHighToLow
11:37:04.398 [Forwarding findElements on session 7f96e7e36b9f10a8b5acad60a25246de to remote] DEBUG org.asynchttpclient.netty.request.NettyRequestSender - Using pooled Channel '[id: 0x1681981a, L:/127.0.0.1:61476 - R:localhost/127.0.0.1:6896]' for 'POST' to 'http://localhost:6896/session/7f96e7e36b9f10a8b5acad60a25246de/elements'
11:37:04.398 [Forwarding findElements on session 7f96e7e36b9f10a8b5acad60a25246de to remote] DEBUG org.asynchttpclient.netty.request.NettyRequestSender - Using open Channel [id: 0x1681981a, L:/127.0.0.1:61476 - R:localhost/127.0.0.1:6896] for POST '/session/7f96e7e36b9f10a8b5acad60a25246de/elements'
11:37:04.406 [AsyncHttpClient-1-8] DEBUG org.asynchttpclient.netty.handler.HttpHandler - 

Request DefaultHttpRequest(decodeResult: success, version: HTTP/1.1)
POST /session/7f96e7e36b9f10a8b5acad60a25246de/elements HTTP/1.1
User-Agent: selenium/4.8.0 (java windows)
Content-Length: 83
Content-Type: application/json; charset=utf-8
host: localhost:6896
accept: */*

Response DefaultHttpResponse(decodeResult: success, version: HTTP/1.1)
HTTP/1.1 200 OK
Content-Length: 527
Content-Type: application/json; charset=utf-8
cache-control: no-cache

11:37:04.406 [AsyncHttpClient-1-8] DEBUG org.asynchttpclient.netty.channel.ChannelManager - Adding key: http://localhost:6896 for channel [id: 0x1681981a, L:/127.0.0.1:61476 - R:localhost/127.0.0.1:6896]
11:37:04.408 [Forwarding findElements on session 7f96e7e36b9f10a8b5acad60a25246de to remote] DEBUG org.asynchttpclient.netty.request.NettyRequestSender - Using pooled Channel '[id: 0x1681981a, L:/127.0.0.1:61476 - R:localhost/127.0.0.1:6896]' for 'POST' to 'http://localhost:6896/session/7f96e7e36b9f10a8b5acad60a25246de/elements'
11:37:04.408 [Forwarding findElements on session 7f96e7e36b9f10a8b5acad60a25246de to remote] DEBUG org.asynchttpclient.netty.request.NettyRequestSender - Using open Channel [id: 0x1681981a, L:/127.0.0.1:61476 - R:localhost/127.0.0.1:6896] for POST '/session/7f96e7e36b9f10a8b5acad60a25246de/elements'
11:37:04.413 [AsyncHttpClient-1-8] DEBUG org.asynchttpclient.netty.handler.HttpHandler - 

Request DefaultHttpRequest(decodeResult: success, version: HTTP/1.1)
POST /session/7f96e7e36b9f10a8b5acad60a25246de/elements HTTP/1.1
User-Agent: selenium/4.8.0 (java windows)
Content-Length: 83
Content-Type: application/json; charset=utf-8
host: localhost:6896
accept: */*

Response DefaultHttpResponse(decodeResult: success, version: HTTP/1.1)
HTTP/1.1 200 OK
Content-Length: 527
Content-Type: application/json; charset=utf-8
cache-control: no-cache

11:37:04.413 [AsyncHttpClient-1-8] DEBUG org.asynchttpclient.netty.channel.ChannelManager - Adding key: http://localhost:6896 for channel [id: 0x1681981a, L:/127.0.0.1:61476 - R:localhost/127.0.0.1:6896]
11:37:04.414 [Forwarding getElementText on session 7f96e7e36b9f10a8b5acad60a25246de to remote] DEBUG org.asynchttpclient.netty.request.NettyRequestSender - Using pooled Channel '[id: 0x1681981a, L:/127.0.0.1:61476 - R:localhost/127.0.0.1:6896]' for 'GET' to 'http://localhost:6896/session/7f96e7e36b9f10a8b5acad60a25246de/element/6FF2D42796E1B5636833727143D40385_element_39/text'
11:37:04.414 [Forwarding getElementText on session 7f96e7e36b9f10a8b5acad60a25246de to remote] DEBUG org.asynchttpclient.netty.request.NettyRequestSender - Using open Channel [id: 0x1681981a, L:/127.0.0.1:61476 - R:localhost/127.0.0.1:6896] for GET '/session/7f96e7e36b9f10a8b5acad60a25246de/element/6FF2D42796E1B5636833727143D40385_element_39/text'
11:37:04.421 [AsyncHttpClient-1-8] DEBUG org.asynchttpclient.netty.handler.HttpHandler - 

Request DefaultFullHttpRequest(decodeResult: success, version: HTTP/1.1, content: EmptyByteBufBE)
GET /session/7f96e7e36b9f10a8b5acad60a25246de/element/6FF2D42796E1B5636833727143D40385_element_39/text HTTP/1.1
User-Agent: selenium/4.8.0 (java windows)
Cache-Control: no-cache
Content-Type: application/json; charset=utf-8
host: localhost:6896
accept: */*

Response DefaultHttpResponse(decodeResult: success, version: HTTP/1.1)
HTTP/1.1 200 OK
Content-Length: 18
Content-Type: application/json; charset=utf-8
cache-control: no-cache

11:37:04.421 [AsyncHttpClient-1-8] DEBUG org.asynchttpclient.netty.channel.ChannelManager - Adding key: http://localhost:6896 for channel [id: 0x1681981a, L:/127.0.0.1:61476 - R:localhost/127.0.0.1:6896]
11:37:04.422 [Forwarding findElements on session 7f96e7e36b9f10a8b5acad60a25246de to remote] DEBUG org.asynchttpclient.netty.request.NettyRequestSender - Using pooled Channel '[id: 0x1681981a, L:/127.0.0.1:61476 - R:localhost/127.0.0.1:6896]' for 'POST' to 'http://localhost:6896/session/7f96e7e36b9f10a8b5acad60a25246de/elements'
11:37:04.422 [Forwarding findElements on session 7f96e7e36b9f10a8b5acad60a25246de to remote] DEBUG org.asynchttpclient.netty.request.NettyRequestSender - Using open Channel [id: 0x1681981a, L:/127.0.0.1:61476 - R:localhost/127.0.0.1:6896] for POST '/session/7f96e7e36b9f10a8b5acad60a25246de/elements'
11:37:04.428 [AsyncHttpClient-1-8] DEBUG org.asynchttpclient.netty.handler.HttpHandler - 

Request DefaultHttpRequest(decodeResult: success, version: HTTP/1.1)
POST /session/7f96e7e36b9f10a8b5acad60a25246de/elements HTTP/1.1
User-Agent: selenium/4.8.0 (java windows)
Content-Length: 83
Content-Type: application/json; charset=utf-8
host: localhost:6896
accept: */*

Response DefaultHttpResponse(decodeResult: success, version: HTTP/1.1)
HTTP/1.1 200 OK
Content-Length: 527
Content-Type: application/json; charset=utf-8
cache-control: no-cache

11:37:04.429 [AsyncHttpClient-1-8] DEBUG org.asynchttpclient.netty.channel.ChannelManager - Adding key: http://localhost:6896 for channel [id: 0x1681981a, L:/127.0.0.1:61476 - R:localhost/127.0.0.1:6896]
11:37:04.429 [Forwarding getElementText on session 7f96e7e36b9f10a8b5acad60a25246de to remote] DEBUG org.asynchttpclient.netty.request.NettyRequestSender - Using pooled Channel '[id: 0x1681981a, L:/127.0.0.1:61476 - R:localhost/127.0.0.1:6896]' for 'GET' to 'http://localhost:6896/session/7f96e7e36b9f10a8b5acad60a25246de/element/6FF2D42796E1B5636833727143D40385_element_39/text'
11:37:04.429 [Forwarding getElementText on session 7f96e7e36b9f10a8b5acad60a25246de to remote] DEBUG org.asynchttpclient.netty.request.NettyRequestSender - Using open Channel [id: 0x1681981a, L:/127.0.0.1:61476 - R:localhost/127.0.0.1:6896] for GET '/session/7f96e7e36b9f10a8b5acad60a25246de/element/6FF2D42796E1B5636833727143D40385_element_39/text'
11:37:04.441 [AsyncHttpClient-1-8] DEBUG org.asynchttpclient.netty.handler.HttpHandler - 

Request DefaultFullHttpRequest(decodeResult: success, version: HTTP/1.1, content: EmptyByteBufBE)
GET /session/7f96e7e36b9f10a8b5acad60a25246de/element/6FF2D42796E1B5636833727143D40385_element_39/text HTTP/1.1
User-Agent: selenium/4.8.0 (java windows)
Cache-Control: no-cache
Content-Type: application/json; charset=utf-8
host: localhost:6896
accept: */*

Response DefaultHttpResponse(decodeResult: success, version: HTTP/1.1)
HTTP/1.1 200 OK
Content-Length: 18
Content-Type: application/json; charset=utf-8
cache-control: no-cache

11:37:04.441 [AsyncHttpClient-1-8] DEBUG org.asynchttpclient.netty.channel.ChannelManager - Adding key: http://localhost:6896 for channel [id: 0x1681981a, L:/127.0.0.1:61476 - R:localhost/127.0.0.1:6896]
11:37:04.442 [Forwarding findElements on session 7f96e7e36b9f10a8b5acad60a25246de to remote] DEBUG org.asynchttpclient.netty.request.NettyRequestSender - Using pooled Channel '[id: 0x1681981a, L:/127.0.0.1:61476 - R:localhost/127.0.0.1:6896]' for 'POST' to 'http://localhost:6896/session/7f96e7e36b9f10a8b5acad60a25246de/elements'
11:37:04.442 [Forwarding findElements on session 7f96e7e36b9f10a8b5acad60a25246de to remote] DEBUG org.asynchttpclient.netty.request.NettyRequestSender - Using open Channel [id: 0x1681981a, L:/127.0.0.1:61476 - R:localhost/127.0.0.1:6896] for POST '/session/7f96e7e36b9f10a8b5acad60a25246de/elements'
11:37:04.449 [AsyncHttpClient-1-8] DEBUG org.asynchttpclient.netty.handler.HttpHandler - 

Request DefaultHttpRequest(decodeResult: success, version: HTTP/1.1)
POST /session/7f96e7e36b9f10a8b5acad60a25246de/elements HTTP/1.1
User-Agent: selenium/4.8.0 (java windows)
Content-Length: 83
Content-Type: application/json; charset=utf-8
host: localhost:6896
accept: */*

Response DefaultHttpResponse(decodeResult: success, version: HTTP/1.1)
HTTP/1.1 200 OK
Content-Length: 527
Content-Type: application/json; charset=utf-8
cache-control: no-cache

11:37:04.449 [AsyncHttpClient-1-8] DEBUG org.asynchttpclient.netty.channel.ChannelManager - Adding key: http://localhost:6896 for channel [id: 0x1681981a, L:/127.0.0.1:61476 - R:localhost/127.0.0.1:6896]
11:37:04.450 [Forwarding getElementTagName on session 7f96e7e36b9f10a8b5acad60a25246de to remote] DEBUG org.asynchttpclient.netty.request.NettyRequestSender - Using pooled Channel '[id: 0x1681981a, L:/127.0.0.1:61476 - R:localhost/127.0.0.1:6896]' for 'GET' to 'http://localhost:6896/session/7f96e7e36b9f10a8b5acad60a25246de/element/6FF2D42796E1B5636833727143D40385_element_39/name'
11:37:04.450 [Forwarding getElementTagName on session 7f96e7e36b9f10a8b5acad60a25246de to remote] DEBUG org.asynchttpclient.netty.request.NettyRequestSender - Using open Channel [id: 0x1681981a, L:/127.0.0.1:61476 - R:localhost/127.0.0.1:6896] for GET '/session/7f96e7e36b9f10a8b5acad60a25246de/element/6FF2D42796E1B5636833727143D40385_element_39/name'
11:37:04.453 [AsyncHttpClient-1-8] DEBUG org.asynchttpclient.netty.handler.HttpHandler - 

Request DefaultFullHttpRequest(decodeResult: success, version: HTTP/1.1, content: EmptyByteBufBE)
GET /session/7f96e7e36b9f10a8b5acad60a25246de/element/6FF2D42796E1B5636833727143D40385_element_39/name HTTP/1.1
User-Agent: selenium/4.8.0 (java windows)
Cache-Control: no-cache
Content-Type: application/json; charset=utf-8
host: localhost:6896
accept: */*

Response DefaultHttpResponse(decodeResult: success, version: HTTP/1.1)
HTTP/1.1 200 OK
Content-Length: 15
Content-Type: application/json; charset=utf-8
cache-control: no-cache

11:37:04.453 [AsyncHttpClient-1-8] DEBUG org.asynchttpclient.netty.channel.ChannelManager - Adding key: http://localhost:6896 for channel [id: 0x1681981a, L:/127.0.0.1:61476 - R:localhost/127.0.0.1:6896]
11:37:04.455 [Forwarding getElementAttribute on session 7f96e7e36b9f10a8b5acad60a25246de to remote] DEBUG org.asynchttpclient.netty.request.NettyRequestSender - Using pooled Channel '[id: 0x1681981a, L:/127.0.0.1:61476 - R:localhost/127.0.0.1:6896]' for 'POST' to 'http://localhost:6896/session/7f96e7e36b9f10a8b5acad60a25246de/execute/sync'
11:37:04.455 [Forwarding getElementAttribute on session 7f96e7e36b9f10a8b5acad60a25246de to remote] DEBUG org.asynchttpclient.netty.request.NettyRequestSender - Using open Channel [id: 0x1681981a, L:/127.0.0.1:61476 - R:localhost/127.0.0.1:6896] for POST '/session/7f96e7e36b9f10a8b5acad60a25246de/execute/sync'
11:37:04.462 [AsyncHttpClient-1-8] DEBUG org.asynchttpclient.netty.handler.HttpHandler - 

Request DefaultHttpRequest(decodeResult: success, version: HTTP/1.1)
POST /session/7f96e7e36b9f10a8b5acad60a25246de/execute/sync HTTP/1.1
User-Agent: selenium/4.8.0 (java windows)
Content-Length: 47372
Content-Type: application/json; charset=utf-8
host: localhost:6896
accept: */*

Response DefaultHttpResponse(decodeResult: success, version: HTTP/1.1)
HTTP/1.1 200 OK
Content-Length: 12
Content-Type: application/json; charset=utf-8
cache-control: no-cache

11:37:04.462 [AsyncHttpClient-1-8] DEBUG org.asynchttpclient.netty.channel.ChannelManager - Adding key: http://localhost:6896 for channel [id: 0x1681981a, L:/127.0.0.1:61476 - R:localhost/127.0.0.1:6896]
11:37:04.465 [Forwarding getElementAttribute on session 7f96e7e36b9f10a8b5acad60a25246de to remote] DEBUG org.asynchttpclient.netty.request.NettyRequestSender - Using pooled Channel '[id: 0x1681981a, L:/127.0.0.1:61476 - R:localhost/127.0.0.1:6896]' for 'POST' to 'http://localhost:6896/session/7f96e7e36b9f10a8b5acad60a25246de/execute/sync'
11:37:04.465 [Forwarding getElementAttribute on session 7f96e7e36b9f10a8b5acad60a25246de to remote] DEBUG org.asynchttpclient.netty.request.NettyRequestSender - Using open Channel [id: 0x1681981a, L:/127.0.0.1:61476 - R:localhost/127.0.0.1:6896] for POST '/session/7f96e7e36b9f10a8b5acad60a25246de/execute/sync'
11:37:04.472 [AsyncHttpClient-1-8] DEBUG org.asynchttpclient.netty.handler.HttpHandler - 

Request DefaultHttpRequest(decodeResult: success, version: HTTP/1.1)
POST /session/7f96e7e36b9f10a8b5acad60a25246de/execute/sync HTTP/1.1
User-Agent: selenium/4.8.0 (java windows)
Content-Length: 47374
Content-Type: application/json; charset=utf-8
host: localhost:6896
accept: */*

Response DefaultHttpResponse(decodeResult: success, version: HTTP/1.1)
HTTP/1.1 200 OK
Content-Length: 14
Content-Type: application/json; charset=utf-8
cache-control: no-cache

11:37:04.472 [AsyncHttpClient-1-8] DEBUG org.asynchttpclient.netty.channel.ChannelManager - Adding key: http://localhost:6896 for channel [id: 0x1681981a, L:/127.0.0.1:61476 - R:localhost/127.0.0.1:6896]
11:37:04.474 [Forwarding getElementAttribute on session 7f96e7e36b9f10a8b5acad60a25246de to remote] DEBUG org.asynchttpclient.netty.request.NettyRequestSender - Using pooled Channel '[id: 0x1681981a, L:/127.0.0.1:61476 - R:localhost/127.0.0.1:6896]' for 'POST' to 'http://localhost:6896/session/7f96e7e36b9f10a8b5acad60a25246de/execute/sync'
11:37:04.474 [Forwarding getElementAttribute on session 7f96e7e36b9f10a8b5acad60a25246de to remote] DEBUG org.asynchttpclient.netty.request.NettyRequestSender - Using open Channel [id: 0x1681981a, L:/127.0.0.1:61476 - R:localhost/127.0.0.1:6896] for POST '/session/7f96e7e36b9f10a8b5acad60a25246de/execute/sync'
11:37:04.481 [AsyncHttpClient-1-8] DEBUG org.asynchttpclient.netty.handler.HttpHandler - 

Request DefaultHttpRequest(decodeResult: success, version: HTTP/1.1)
POST /session/7f96e7e36b9f10a8b5acad60a25246de/execute/sync HTTP/1.1
User-Agent: selenium/4.8.0 (java windows)
Content-Length: 47374
Content-Type: application/json; charset=utf-8
host: localhost:6896
accept: */*

Response DefaultHttpResponse(decodeResult: success, version: HTTP/1.1)
HTTP/1.1 200 OK
Content-Length: 14
Content-Type: application/json; charset=utf-8
cache-control: no-cache

11:37:04.481 [AsyncHttpClient-1-8] DEBUG org.asynchttpclient.netty.channel.ChannelManager - Adding key: http://localhost:6896 for channel [id: 0x1681981a, L:/127.0.0.1:61476 - R:localhost/127.0.0.1:6896]
11:37:04.483 [Forwarding getElementAttribute on session 7f96e7e36b9f10a8b5acad60a25246de to remote] DEBUG org.asynchttpclient.netty.request.NettyRequestSender - Using pooled Channel '[id: 0x1681981a, L:/127.0.0.1:61476 - R:localhost/127.0.0.1:6896]' for 'POST' to 'http://localhost:6896/session/7f96e7e36b9f10a8b5acad60a25246de/execute/sync'
11:37:04.483 [Forwarding getElementAttribute on session 7f96e7e36b9f10a8b5acad60a25246de to remote] DEBUG org.asynchttpclient.netty.request.NettyRequestSender - Using open Channel [id: 0x1681981a, L:/127.0.0.1:61476 - R:localhost/127.0.0.1:6896] for POST '/session/7f96e7e36b9f10a8b5acad60a25246de/execute/sync'
11:37:04.488 [AsyncHttpClient-1-8] DEBUG org.asynchttpclient.netty.handler.HttpHandler - 

Request DefaultHttpRequest(decodeResult: success, version: HTTP/1.1)
POST /session/7f96e7e36b9f10a8b5acad60a25246de/execute/sync HTTP/1.1
User-Agent: selenium/4.8.0 (java windows)
Content-Length: 47374
Content-Type: application/json; charset=utf-8
host: localhost:6896
accept: */*

Response DefaultHttpResponse(decodeResult: success, version: HTTP/1.1)
HTTP/1.1 200 OK
Content-Length: 14
Content-Type: application/json; charset=utf-8
cache-control: no-cache

11:37:04.488 [AsyncHttpClient-1-8] DEBUG org.asynchttpclient.netty.channel.ChannelManager - Adding key: http://localhost:6896 for channel [id: 0x1681981a, L:/127.0.0.1:61476 - R:localhost/127.0.0.1:6896]
11:37:04.489 [Forwarding getElementAttribute on session 7f96e7e36b9f10a8b5acad60a25246de to remote] DEBUG org.asynchttpclient.netty.request.NettyRequestSender - Using pooled Channel '[id: 0x1681981a, L:/127.0.0.1:61476 - R:localhost/127.0.0.1:6896]' for 'POST' to 'http://localhost:6896/session/7f96e7e36b9f10a8b5acad60a25246de/execute/sync'
11:37:04.489 [Forwarding getElementAttribute on session 7f96e7e36b9f10a8b5acad60a25246de to remote] DEBUG org.asynchttpclient.netty.request.NettyRequestSender - Using open Channel [id: 0x1681981a, L:/127.0.0.1:61476 - R:localhost/127.0.0.1:6896] for POST '/session/7f96e7e36b9f10a8b5acad60a25246de/execute/sync'
11:37:04.497 [AsyncHttpClient-1-8] DEBUG org.asynchttpclient.netty.handler.HttpHandler - 

Request DefaultHttpRequest(decodeResult: success, version: HTTP/1.1)
POST /session/7f96e7e36b9f10a8b5acad60a25246de/execute/sync HTTP/1.1
User-Agent: selenium/4.8.0 (java windows)
Content-Length: 47375
Content-Type: application/json; charset=utf-8
host: localhost:6896
accept: */*

Response DefaultHttpResponse(decodeResult: success, version: HTTP/1.1)
HTTP/1.1 200 OK
Content-Length: 14
Content-Type: application/json; charset=utf-8
cache-control: no-cache

11:37:04.497 [AsyncHttpClient-1-8] DEBUG org.asynchttpclient.netty.channel.ChannelManager - Adding key: http://localhost:6896 for channel [id: 0x1681981a, L:/127.0.0.1:61476 - R:localhost/127.0.0.1:6896]
11:37:04.498 [Forwarding getElementAttribute on session 7f96e7e36b9f10a8b5acad60a25246de to remote] DEBUG org.asynchttpclient.netty.request.NettyRequestSender - Using pooled Channel '[id: 0x1681981a, L:/127.0.0.1:61476 - R:localhost/127.0.0.1:6896]' for 'POST' to 'http://localhost:6896/session/7f96e7e36b9f10a8b5acad60a25246de/execute/sync'
11:37:04.498 [Forwarding getElementAttribute on session 7f96e7e36b9f10a8b5acad60a25246de to remote] DEBUG org.asynchttpclient.netty.request.NettyRequestSender - Using open Channel [id: 0x1681981a, L:/127.0.0.1:61476 - R:localhost/127.0.0.1:6896] for POST '/session/7f96e7e36b9f10a8b5acad60a25246de/execute/sync'
11:37:04.508 [AsyncHttpClient-1-8] DEBUG org.asynchttpclient.netty.handler.HttpHandler - 

Request DefaultHttpRequest(decodeResult: success, version: HTTP/1.1)
POST /session/7f96e7e36b9f10a8b5acad60a25246de/execute/sync HTTP/1.1
User-Agent: selenium/4.8.0 (java windows)
Content-Length: 47375
Content-Type: application/json; charset=utf-8
host: localhost:6896
accept: */*

Response DefaultHttpResponse(decodeResult: success, version: HTTP/1.1)
HTTP/1.1 200 OK
Content-Length: 32
Content-Type: application/json; charset=utf-8
cache-control: no-cache

11:37:04.509 [AsyncHttpClient-1-8] DEBUG org.asynchttpclient.netty.channel.ChannelManager - Adding key: http://localhost:6896 for channel [id: 0x1681981a, L:/127.0.0.1:61476 - R:localhost/127.0.0.1:6896]
11:37:04.510 [Forwarding getElementAttribute on session 7f96e7e36b9f10a8b5acad60a25246de to remote] DEBUG org.asynchttpclient.netty.request.NettyRequestSender - Using pooled Channel '[id: 0x1681981a, L:/127.0.0.1:61476 - R:localhost/127.0.0.1:6896]' for 'POST' to 'http://localhost:6896/session/7f96e7e36b9f10a8b5acad60a25246de/execute/sync'
11:37:04.510 [Forwarding getElementAttribute on session 7f96e7e36b9f10a8b5acad60a25246de to remote] DEBUG org.asynchttpclient.netty.request.NettyRequestSender - Using open Channel [id: 0x1681981a, L:/127.0.0.1:61476 - R:localhost/127.0.0.1:6896] for POST '/session/7f96e7e36b9f10a8b5acad60a25246de/execute/sync'
11:37:04.518 [AsyncHttpClient-1-8] DEBUG org.asynchttpclient.netty.handler.HttpHandler - 

Request DefaultHttpRequest(decodeResult: success, version: HTTP/1.1)
POST /session/7f96e7e36b9f10a8b5acad60a25246de/execute/sync HTTP/1.1
User-Agent: selenium/4.8.0 (java windows)
Content-Length: 47375
Content-Type: application/json; charset=utf-8
host: localhost:6896
accept: */*

Response DefaultHttpResponse(decodeResult: success, version: HTTP/1.1)
HTTP/1.1 200 OK
Content-Length: 32
Content-Type: application/json; charset=utf-8
cache-control: no-cache

11:37:04.518 [AsyncHttpClient-1-8] DEBUG org.asynchttpclient.netty.channel.ChannelManager - Adding key: http://localhost:6896 for channel [id: 0x1681981a, L:/127.0.0.1:61476 - R:localhost/127.0.0.1:6896]
11:37:04.518 [main] INFO  com.swaglabs.base.SetUp - <div class='inventory_item_price'> - InventoryPage.productpricesprice validation passed
11:37:04.518 [Forwarding findElements on session 7f96e7e36b9f10a8b5acad60a25246de to remote] DEBUG org.asynchttpclient.netty.request.NettyRequestSender - Using pooled Channel '[id: 0x1681981a, L:/127.0.0.1:61476 - R:localhost/127.0.0.1:6896]' for 'POST' to 'http://localhost:6896/session/7f96e7e36b9f10a8b5acad60a25246de/elements'
11:37:04.518 [Forwarding findElements on session 7f96e7e36b9f10a8b5acad60a25246de to remote] DEBUG org.asynchttpclient.netty.request.NettyRequestSender - Using open Channel [id: 0x1681981a, L:/127.0.0.1:61476 - R:localhost/127.0.0.1:6896] for POST '/session/7f96e7e36b9f10a8b5acad60a25246de/elements'
11:37:04.523 [AsyncHttpClient-1-8] DEBUG org.asynchttpclient.netty.handler.HttpHandler - 

Request DefaultHttpRequest(decodeResult: success, version: HTTP/1.1)
POST /session/7f96e7e36b9f10a8b5acad60a25246de/elements HTTP/1.1
User-Agent: selenium/4.8.0 (java windows)
Content-Length: 83
Content-Type: application/json; charset=utf-8
host: localhost:6896
accept: */*

Response DefaultHttpResponse(decodeResult: success, version: HTTP/1.1)
HTTP/1.1 200 OK
Content-Length: 527
Content-Type: application/json; charset=utf-8
cache-control: no-cache

11:37:04.523 [AsyncHttpClient-1-8] DEBUG org.asynchttpclient.netty.channel.ChannelManager - Adding key: http://localhost:6896 for channel [id: 0x1681981a, L:/127.0.0.1:61476 - R:localhost/127.0.0.1:6896]
11:37:04.524 [Forwarding findElements on session 7f96e7e36b9f10a8b5acad60a25246de to remote] DEBUG org.asynchttpclient.netty.request.NettyRequestSender - Using pooled Channel '[id: 0x1681981a, L:/127.0.0.1:61476 - R:localhost/127.0.0.1:6896]' for 'POST' to 'http://localhost:6896/session/7f96e7e36b9f10a8b5acad60a25246de/elements'
11:37:04.524 [Forwarding findElements on session 7f96e7e36b9f10a8b5acad60a25246de to remote] DEBUG org.asynchttpclient.netty.request.NettyRequestSender - Using open Channel [id: 0x1681981a, L:/127.0.0.1:61476 - R:localhost/127.0.0.1:6896] for POST '/session/7f96e7e36b9f10a8b5acad60a25246de/elements'
11:37:04.531 [AsyncHttpClient-1-8] DEBUG org.asynchttpclient.netty.handler.HttpHandler - 

Request DefaultHttpRequest(decodeResult: success, version: HTTP/1.1)
POST /session/7f96e7e36b9f10a8b5acad60a25246de/elements HTTP/1.1
User-Agent: selenium/4.8.0 (java windows)
Content-Length: 83
Content-Type: application/json; charset=utf-8
host: localhost:6896
accept: */*

Response DefaultHttpResponse(decodeResult: success, version: HTTP/1.1)
HTTP/1.1 200 OK
Content-Length: 527
Content-Type: application/json; charset=utf-8
cache-control: no-cache

11:37:04.531 [AsyncHttpClient-1-8] DEBUG org.asynchttpclient.netty.channel.ChannelManager - Adding key: http://localhost:6896 for channel [id: 0x1681981a, L:/127.0.0.1:61476 - R:localhost/127.0.0.1:6896]
11:37:04.532 [Forwarding getElementText on session 7f96e7e36b9f10a8b5acad60a25246de to remote] DEBUG org.asynchttpclient.netty.request.NettyRequestSender - Using pooled Channel '[id: 0x1681981a, L:/127.0.0.1:61476 - R:localhost/127.0.0.1:6896]' for 'GET' to 'http://localhost:6896/session/7f96e7e36b9f10a8b5acad60a25246de/element/6FF2D42796E1B5636833727143D40385_element_36/text'
11:37:04.532 [Forwarding getElementText on session 7f96e7e36b9f10a8b5acad60a25246de to remote] DEBUG org.asynchttpclient.netty.request.NettyRequestSender - Using open Channel [id: 0x1681981a, L:/127.0.0.1:61476 - R:localhost/127.0.0.1:6896] for GET '/session/7f96e7e36b9f10a8b5acad60a25246de/element/6FF2D42796E1B5636833727143D40385_element_36/text'
11:37:04.539 [AsyncHttpClient-1-8] DEBUG org.asynchttpclient.netty.handler.HttpHandler - 

Request DefaultFullHttpRequest(decodeResult: success, version: HTTP/1.1, content: EmptyByteBufBE)
GET /session/7f96e7e36b9f10a8b5acad60a25246de/element/6FF2D42796E1B5636833727143D40385_element_36/text HTTP/1.1
User-Agent: selenium/4.8.0 (java windows)
Cache-Control: no-cache
Content-Type: application/json; charset=utf-8
host: localhost:6896
accept: */*

Response DefaultHttpResponse(decodeResult: success, version: HTTP/1.1)
HTTP/1.1 200 OK
Content-Length: 18
Content-Type: application/json; charset=utf-8
cache-control: no-cache

11:37:04.539 [AsyncHttpClient-1-8] DEBUG org.asynchttpclient.netty.channel.ChannelManager - Adding key: http://localhost:6896 for channel [id: 0x1681981a, L:/127.0.0.1:61476 - R:localhost/127.0.0.1:6896]
11:37:04.540 [Forwarding findElements on session 7f96e7e36b9f10a8b5acad60a25246de to remote] DEBUG org.asynchttpclient.netty.request.NettyRequestSender - Using pooled Channel '[id: 0x1681981a, L:/127.0.0.1:61476 - R:localhost/127.0.0.1:6896]' for 'POST' to 'http://localhost:6896/session/7f96e7e36b9f10a8b5acad60a25246de/elements'
11:37:04.540 [Forwarding findElements on session 7f96e7e36b9f10a8b5acad60a25246de to remote] DEBUG org.asynchttpclient.netty.request.NettyRequestSender - Using open Channel [id: 0x1681981a, L:/127.0.0.1:61476 - R:localhost/127.0.0.1:6896] for POST '/session/7f96e7e36b9f10a8b5acad60a25246de/elements'
11:37:04.547 [AsyncHttpClient-1-8] DEBUG org.asynchttpclient.netty.handler.HttpHandler - 

Request DefaultHttpRequest(decodeResult: success, version: HTTP/1.1)
POST /session/7f96e7e36b9f10a8b5acad60a25246de/elements HTTP/1.1
User-Agent: selenium/4.8.0 (java windows)
Content-Length: 83
Content-Type: application/json; charset=utf-8
host: localhost:6896
accept: */*

Response DefaultHttpResponse(decodeResult: success, version: HTTP/1.1)
HTTP/1.1 200 OK
Content-Length: 527
Content-Type: application/json; charset=utf-8
cache-control: no-cache

11:37:04.547 [AsyncHttpClient-1-8] DEBUG org.asynchttpclient.netty.channel.ChannelManager - Adding key: http://localhost:6896 for channel [id: 0x1681981a, L:/127.0.0.1:61476 - R:localhost/127.0.0.1:6896]
11:37:04.548 [Forwarding getElementText on session 7f96e7e36b9f10a8b5acad60a25246de to remote] DEBUG org.asynchttpclient.netty.request.NettyRequestSender - Using pooled Channel '[id: 0x1681981a, L:/127.0.0.1:61476 - R:localhost/127.0.0.1:6896]' for 'GET' to 'http://localhost:6896/session/7f96e7e36b9f10a8b5acad60a25246de/element/6FF2D42796E1B5636833727143D40385_element_36/text'
11:37:04.548 [Forwarding getElementText on session 7f96e7e36b9f10a8b5acad60a25246de to remote] DEBUG org.asynchttpclient.netty.request.NettyRequestSender - Using open Channel [id: 0x1681981a, L:/127.0.0.1:61476 - R:localhost/127.0.0.1:6896] for GET '/session/7f96e7e36b9f10a8b5acad60a25246de/element/6FF2D42796E1B5636833727143D40385_element_36/text'
11:37:04.555 [AsyncHttpClient-1-8] DEBUG org.asynchttpclient.netty.handler.HttpHandler - 

Request DefaultFullHttpRequest(decodeResult: success, version: HTTP/1.1, content: EmptyByteBufBE)
GET /session/7f96e7e36b9f10a8b5acad60a25246de/element/6FF2D42796E1B5636833727143D40385_element_36/text HTTP/1.1
User-Agent: selenium/4.8.0 (java windows)
Cache-Control: no-cache
Content-Type: application/json; charset=utf-8
host: localhost:6896
accept: */*

Response DefaultHttpResponse(decodeResult: success, version: HTTP/1.1)
HTTP/1.1 200 OK
Content-Length: 18
Content-Type: application/json; charset=utf-8
cache-control: no-cache

11:37:04.555 [AsyncHttpClient-1-8] DEBUG org.asynchttpclient.netty.channel.ChannelManager - Adding key: http://localhost:6896 for channel [id: 0x1681981a, L:/127.0.0.1:61476 - R:localhost/127.0.0.1:6896]
11:37:04.556 [Forwarding findElements on session 7f96e7e36b9f10a8b5acad60a25246de to remote] DEBUG org.asynchttpclient.netty.request.NettyRequestSender - Using pooled Channel '[id: 0x1681981a, L:/127.0.0.1:61476 - R:localhost/127.0.0.1:6896]' for 'POST' to 'http://localhost:6896/session/7f96e7e36b9f10a8b5acad60a25246de/elements'
11:37:04.556 [Forwarding findElements on session 7f96e7e36b9f10a8b5acad60a25246de to remote] DEBUG org.asynchttpclient.netty.request.NettyRequestSender - Using open Channel [id: 0x1681981a, L:/127.0.0.1:61476 - R:localhost/127.0.0.1:6896] for POST '/session/7f96e7e36b9f10a8b5acad60a25246de/elements'
11:37:04.562 [AsyncHttpClient-1-8] DEBUG org.asynchttpclient.netty.handler.HttpHandler - 

Request DefaultHttpRequest(decodeResult: success, version: HTTP/1.1)
POST /session/7f96e7e36b9f10a8b5acad60a25246de/elements HTTP/1.1
User-Agent: selenium/4.8.0 (java windows)
Content-Length: 83
Content-Type: application/json; charset=utf-8
host: localhost:6896
accept: */*

Response DefaultHttpResponse(decodeResult: success, version: HTTP/1.1)
HTTP/1.1 200 OK
Content-Length: 527
Content-Type: application/json; charset=utf-8
cache-control: no-cache

11:37:04.562 [AsyncHttpClient-1-8] DEBUG org.asynchttpclient.netty.channel.ChannelManager - Adding key: http://localhost:6896 for channel [id: 0x1681981a, L:/127.0.0.1:61476 - R:localhost/127.0.0.1:6896]
11:37:04.562 [Forwarding getElementTagName on session 7f96e7e36b9f10a8b5acad60a25246de to remote] DEBUG org.asynchttpclient.netty.request.NettyRequestSender - Using pooled Channel '[id: 0x1681981a, L:/127.0.0.1:61476 - R:localhost/127.0.0.1:6896]' for 'GET' to 'http://localhost:6896/session/7f96e7e36b9f10a8b5acad60a25246de/element/6FF2D42796E1B5636833727143D40385_element_36/name'
11:37:04.562 [Forwarding getElementTagName on session 7f96e7e36b9f10a8b5acad60a25246de to remote] DEBUG org.asynchttpclient.netty.request.NettyRequestSender - Using open Channel [id: 0x1681981a, L:/127.0.0.1:61476 - R:localhost/127.0.0.1:6896] for GET '/session/7f96e7e36b9f10a8b5acad60a25246de/element/6FF2D42796E1B5636833727143D40385_element_36/name'
11:37:04.565 [AsyncHttpClient-1-8] DEBUG org.asynchttpclient.netty.handler.HttpHandler - 

Request DefaultFullHttpRequest(decodeResult: success, version: HTTP/1.1, content: EmptyByteBufBE)
GET /session/7f96e7e36b9f10a8b5acad60a25246de/element/6FF2D42796E1B5636833727143D40385_element_36/name HTTP/1.1
User-Agent: selenium/4.8.0 (java windows)
Cache-Control: no-cache
Content-Type: application/json; charset=utf-8
host: localhost:6896
accept: */*

Response DefaultHttpResponse(decodeResult: success, version: HTTP/1.1)
HTTP/1.1 200 OK
Content-Length: 15
Content-Type: application/json; charset=utf-8
cache-control: no-cache

11:37:04.565 [AsyncHttpClient-1-8] DEBUG org.asynchttpclient.netty.channel.ChannelManager - Adding key: http://localhost:6896 for channel [id: 0x1681981a, L:/127.0.0.1:61476 - R:localhost/127.0.0.1:6896]
11:37:04.566 [Forwarding getElementAttribute on session 7f96e7e36b9f10a8b5acad60a25246de to remote] DEBUG org.asynchttpclient.netty.request.NettyRequestSender - Using pooled Channel '[id: 0x1681981a, L:/127.0.0.1:61476 - R:localhost/127.0.0.1:6896]' for 'POST' to 'http://localhost:6896/session/7f96e7e36b9f10a8b5acad60a25246de/execute/sync'
11:37:04.566 [Forwarding getElementAttribute on session 7f96e7e36b9f10a8b5acad60a25246de to remote] DEBUG org.asynchttpclient.netty.request.NettyRequestSender - Using open Channel [id: 0x1681981a, L:/127.0.0.1:61476 - R:localhost/127.0.0.1:6896] for POST '/session/7f96e7e36b9f10a8b5acad60a25246de/execute/sync'
11:37:04.577 [AsyncHttpClient-1-8] DEBUG org.asynchttpclient.netty.handler.HttpHandler - 

Request DefaultHttpRequest(decodeResult: success, version: HTTP/1.1)
POST /session/7f96e7e36b9f10a8b5acad60a25246de/execute/sync HTTP/1.1
User-Agent: selenium/4.8.0 (java windows)
Content-Length: 47372
Content-Type: application/json; charset=utf-8
host: localhost:6896
accept: */*

Response DefaultHttpResponse(decodeResult: success, version: HTTP/1.1)
HTTP/1.1 200 OK
Content-Length: 12
Content-Type: application/json; charset=utf-8
cache-control: no-cache

11:37:04.577 [AsyncHttpClient-1-8] DEBUG org.asynchttpclient.netty.channel.ChannelManager - Adding key: http://localhost:6896 for channel [id: 0x1681981a, L:/127.0.0.1:61476 - R:localhost/127.0.0.1:6896]
11:37:04.580 [Forwarding getElementAttribute on session 7f96e7e36b9f10a8b5acad60a25246de to remote] DEBUG org.asynchttpclient.netty.request.NettyRequestSender - Using pooled Channel '[id: 0x1681981a, L:/127.0.0.1:61476 - R:localhost/127.0.0.1:6896]' for 'POST' to 'http://localhost:6896/session/7f96e7e36b9f10a8b5acad60a25246de/execute/sync'
11:37:04.580 [Forwarding getElementAttribute on session 7f96e7e36b9f10a8b5acad60a25246de to remote] DEBUG org.asynchttpclient.netty.request.NettyRequestSender - Using open Channel [id: 0x1681981a, L:/127.0.0.1:61476 - R:localhost/127.0.0.1:6896] for POST '/session/7f96e7e36b9f10a8b5acad60a25246de/execute/sync'
11:37:04.590 [AsyncHttpClient-1-8] DEBUG org.asynchttpclient.netty.handler.HttpHandler - 

Request DefaultHttpRequest(decodeResult: success, version: HTTP/1.1)
POST /session/7f96e7e36b9f10a8b5acad60a25246de/execute/sync HTTP/1.1
User-Agent: selenium/4.8.0 (java windows)
Content-Length: 47374
Content-Type: application/json; charset=utf-8
host: localhost:6896
accept: */*

Response DefaultHttpResponse(decodeResult: success, version: HTTP/1.1)
HTTP/1.1 200 OK
Content-Length: 14
Content-Type: application/json; charset=utf-8
cache-control: no-cache

11:37:04.590 [AsyncHttpClient-1-8] DEBUG org.asynchttpclient.netty.channel.ChannelManager - Adding key: http://localhost:6896 for channel [id: 0x1681981a, L:/127.0.0.1:61476 - R:localhost/127.0.0.1:6896]
11:37:04.592 [Forwarding getElementAttribute on session 7f96e7e36b9f10a8b5acad60a25246de to remote] DEBUG org.asynchttpclient.netty.request.NettyRequestSender - Using pooled Channel '[id: 0x1681981a, L:/127.0.0.1:61476 - R:localhost/127.0.0.1:6896]' for 'POST' to 'http://localhost:6896/session/7f96e7e36b9f10a8b5acad60a25246de/execute/sync'
11:37:04.592 [Forwarding getElementAttribute on session 7f96e7e36b9f10a8b5acad60a25246de to remote] DEBUG org.asynchttpclient.netty.request.NettyRequestSender - Using open Channel [id: 0x1681981a, L:/127.0.0.1:61476 - R:localhost/127.0.0.1:6896] for POST '/session/7f96e7e36b9f10a8b5acad60a25246de/execute/sync'
11:37:04.599 [AsyncHttpClient-1-8] DEBUG org.asynchttpclient.netty.handler.HttpHandler - 

Request DefaultHttpRequest(decodeResult: success, version: HTTP/1.1)
POST /session/7f96e7e36b9f10a8b5acad60a25246de/execute/sync HTTP/1.1
User-Agent: selenium/4.8.0 (java windows)
Content-Length: 47374
Content-Type: application/json; charset=utf-8
host: localhost:6896
accept: */*

Response DefaultHttpResponse(decodeResult: success, version: HTTP/1.1)
HTTP/1.1 200 OK
Content-Length: 14
Content-Type: application/json; charset=utf-8
cache-control: no-cache

11:37:04.599 [AsyncHttpClient-1-8] DEBUG org.asynchttpclient.netty.channel.ChannelManager - Adding key: http://localhost:6896 for channel [id: 0x1681981a, L:/127.0.0.1:61476 - R:localhost/127.0.0.1:6896]
11:37:04.602 [Forwarding getElementAttribute on session 7f96e7e36b9f10a8b5acad60a25246de to remote] DEBUG org.asynchttpclient.netty.request.NettyRequestSender - Using pooled Channel '[id: 0x1681981a, L:/127.0.0.1:61476 - R:localhost/127.0.0.1:6896]' for 'POST' to 'http://localhost:6896/session/7f96e7e36b9f10a8b5acad60a25246de/execute/sync'
11:37:04.602 [Forwarding getElementAttribute on session 7f96e7e36b9f10a8b5acad60a25246de to remote] DEBUG org.asynchttpclient.netty.request.NettyRequestSender - Using open Channel [id: 0x1681981a, L:/127.0.0.1:61476 - R:localhost/127.0.0.1:6896] for POST '/session/7f96e7e36b9f10a8b5acad60a25246de/execute/sync'
11:37:04.610 [AsyncHttpClient-1-8] DEBUG org.asynchttpclient.netty.handler.HttpHandler - 

Request DefaultHttpRequest(decodeResult: success, version: HTTP/1.1)
POST /session/7f96e7e36b9f10a8b5acad60a25246de/execute/sync HTTP/1.1
User-Agent: selenium/4.8.0 (java windows)
Content-Length: 47374
Content-Type: application/json; charset=utf-8
host: localhost:6896
accept: */*

Response DefaultHttpResponse(decodeResult: success, version: HTTP/1.1)
HTTP/1.1 200 OK
Content-Length: 14
Content-Type: application/json; charset=utf-8
cache-control: no-cache

11:37:04.610 [AsyncHttpClient-1-8] DEBUG org.asynchttpclient.netty.channel.ChannelManager - Adding key: http://localhost:6896 for channel [id: 0x1681981a, L:/127.0.0.1:61476 - R:localhost/127.0.0.1:6896]
11:37:04.612 [Forwarding getElementAttribute on session 7f96e7e36b9f10a8b5acad60a25246de to remote] DEBUG org.asynchttpclient.netty.request.NettyRequestSender - Using pooled Channel '[id: 0x1681981a, L:/127.0.0.1:61476 - R:localhost/127.0.0.1:6896]' for 'POST' to 'http://localhost:6896/session/7f96e7e36b9f10a8b5acad60a25246de/execute/sync'
11:37:04.612 [Forwarding getElementAttribute on session 7f96e7e36b9f10a8b5acad60a25246de to remote] DEBUG org.asynchttpclient.netty.request.NettyRequestSender - Using open Channel [id: 0x1681981a, L:/127.0.0.1:61476 - R:localhost/127.0.0.1:6896] for POST '/session/7f96e7e36b9f10a8b5acad60a25246de/execute/sync'
11:37:04.623 [AsyncHttpClient-1-8] DEBUG org.asynchttpclient.netty.handler.HttpHandler - 

Request DefaultHttpRequest(decodeResult: success, version: HTTP/1.1)
POST /session/7f96e7e36b9f10a8b5acad60a25246de/execute/sync HTTP/1.1
User-Agent: selenium/4.8.0 (java windows)
Content-Length: 47375
Content-Type: application/json; charset=utf-8
host: localhost:6896
accept: */*

Response DefaultHttpResponse(decodeResult: success, version: HTTP/1.1)
HTTP/1.1 200 OK
Content-Length: 14
Content-Type: application/json; charset=utf-8
cache-control: no-cache

11:37:04.623 [AsyncHttpClient-1-8] DEBUG org.asynchttpclient.netty.channel.ChannelManager - Adding key: http://localhost:6896 for channel [id: 0x1681981a, L:/127.0.0.1:61476 - R:localhost/127.0.0.1:6896]
11:37:04.626 [Forwarding getElementAttribute on session 7f96e7e36b9f10a8b5acad60a25246de to remote] DEBUG org.asynchttpclient.netty.request.NettyRequestSender - Using pooled Channel '[id: 0x1681981a, L:/127.0.0.1:61476 - R:localhost/127.0.0.1:6896]' for 'POST' to 'http://localhost:6896/session/7f96e7e36b9f10a8b5acad60a25246de/execute/sync'
11:37:04.626 [Forwarding getElementAttribute on session 7f96e7e36b9f10a8b5acad60a25246de to remote] DEBUG org.asynchttpclient.netty.request.NettyRequestSender - Using open Channel [id: 0x1681981a, L:/127.0.0.1:61476 - R:localhost/127.0.0.1:6896] for POST '/session/7f96e7e36b9f10a8b5acad60a25246de/execute/sync'
11:37:04.634 [AsyncHttpClient-1-8] DEBUG org.asynchttpclient.netty.handler.HttpHandler - 

Request DefaultHttpRequest(decodeResult: success, version: HTTP/1.1)
POST /session/7f96e7e36b9f10a8b5acad60a25246de/execute/sync HTTP/1.1
User-Agent: selenium/4.8.0 (java windows)
Content-Length: 47375
Content-Type: application/json; charset=utf-8
host: localhost:6896
accept: */*

Response DefaultHttpResponse(decodeResult: success, version: HTTP/1.1)
HTTP/1.1 200 OK
Content-Length: 32
Content-Type: application/json; charset=utf-8
cache-control: no-cache

11:37:04.634 [AsyncHttpClient-1-8] DEBUG org.asynchttpclient.netty.channel.ChannelManager - Adding key: http://localhost:6896 for channel [id: 0x1681981a, L:/127.0.0.1:61476 - R:localhost/127.0.0.1:6896]
11:37:04.636 [Forwarding getElementAttribute on session 7f96e7e36b9f10a8b5acad60a25246de to remote] DEBUG org.asynchttpclient.netty.request.NettyRequestSender - Using pooled Channel '[id: 0x1681981a, L:/127.0.0.1:61476 - R:localhost/127.0.0.1:6896]' for 'POST' to 'http://localhost:6896/session/7f96e7e36b9f10a8b5acad60a25246de/execute/sync'
11:37:04.636 [Forwarding getElementAttribute on session 7f96e7e36b9f10a8b5acad60a25246de to remote] DEBUG org.asynchttpclient.netty.request.NettyRequestSender - Using open Channel [id: 0x1681981a, L:/127.0.0.1:61476 - R:localhost/127.0.0.1:6896] for POST '/session/7f96e7e36b9f10a8b5acad60a25246de/execute/sync'
11:37:04.648 [AsyncHttpClient-1-8] DEBUG org.asynchttpclient.netty.handler.HttpHandler - 

Request DefaultHttpRequest(decodeResult: success, version: HTTP/1.1)
POST /session/7f96e7e36b9f10a8b5acad60a25246de/execute/sync HTTP/1.1
User-Agent: selenium/4.8.0 (java windows)
Content-Length: 47375
Content-Type: application/json; charset=utf-8
host: localhost:6896
accept: */*

Response DefaultHttpResponse(decodeResult: success, version: HTTP/1.1)
HTTP/1.1 200 OK
Content-Length: 32
Content-Type: application/json; charset=utf-8
cache-control: no-cache

11:37:04.648 [AsyncHttpClient-1-8] DEBUG org.asynchttpclient.netty.channel.ChannelManager - Adding key: http://localhost:6896 for channel [id: 0x1681981a, L:/127.0.0.1:61476 - R:localhost/127.0.0.1:6896]
11:37:04.648 [main] INFO  com.swaglabs.base.SetUp - <div class='inventory_item_price'> - InventoryPage.productpricesprice validation passed
11:37:04.649 [Forwarding findElements on session 7f96e7e36b9f10a8b5acad60a25246de to remote] DEBUG org.asynchttpclient.netty.request.NettyRequestSender - Using pooled Channel '[id: 0x1681981a, L:/127.0.0.1:61476 - R:localhost/127.0.0.1:6896]' for 'POST' to 'http://localhost:6896/session/7f96e7e36b9f10a8b5acad60a25246de/elements'
11:37:04.649 [Forwarding findElements on session 7f96e7e36b9f10a8b5acad60a25246de to remote] DEBUG org.asynchttpclient.netty.request.NettyRequestSender - Using open Channel [id: 0x1681981a, L:/127.0.0.1:61476 - R:localhost/127.0.0.1:6896] for POST '/session/7f96e7e36b9f10a8b5acad60a25246de/elements'
11:37:04.657 [AsyncHttpClient-1-8] DEBUG org.asynchttpclient.netty.handler.HttpHandler - 

Request DefaultHttpRequest(decodeResult: success, version: HTTP/1.1)
POST /session/7f96e7e36b9f10a8b5acad60a25246de/elements HTTP/1.1
User-Agent: selenium/4.8.0 (java windows)
Content-Length: 83
Content-Type: application/json; charset=utf-8
host: localhost:6896
accept: */*

Response DefaultHttpResponse(decodeResult: success, version: HTTP/1.1)
HTTP/1.1 200 OK
Content-Length: 527
Content-Type: application/json; charset=utf-8
cache-control: no-cache

11:37:04.657 [AsyncHttpClient-1-8] DEBUG org.asynchttpclient.netty.channel.ChannelManager - Adding key: http://localhost:6896 for channel [id: 0x1681981a, L:/127.0.0.1:61476 - R:localhost/127.0.0.1:6896]
11:37:04.658 [Forwarding findElements on session 7f96e7e36b9f10a8b5acad60a25246de to remote] DEBUG org.asynchttpclient.netty.request.NettyRequestSender - Using pooled Channel '[id: 0x1681981a, L:/127.0.0.1:61476 - R:localhost/127.0.0.1:6896]' for 'POST' to 'http://localhost:6896/session/7f96e7e36b9f10a8b5acad60a25246de/elements'
11:37:04.658 [Forwarding findElements on session 7f96e7e36b9f10a8b5acad60a25246de to remote] DEBUG org.asynchttpclient.netty.request.NettyRequestSender - Using open Channel [id: 0x1681981a, L:/127.0.0.1:61476 - R:localhost/127.0.0.1:6896] for POST '/session/7f96e7e36b9f10a8b5acad60a25246de/elements'
11:37:04.664 [AsyncHttpClient-1-8] DEBUG org.asynchttpclient.netty.handler.HttpHandler - 

Request DefaultHttpRequest(decodeResult: success, version: HTTP/1.1)
POST /session/7f96e7e36b9f10a8b5acad60a25246de/elements HTTP/1.1
User-Agent: selenium/4.8.0 (java windows)
Content-Length: 83
Content-Type: application/json; charset=utf-8
host: localhost:6896
accept: */*

Response DefaultHttpResponse(decodeResult: success, version: HTTP/1.1)
HTTP/1.1 200 OK
Content-Length: 527
Content-Type: application/json; charset=utf-8
cache-control: no-cache

11:37:04.664 [AsyncHttpClient-1-8] DEBUG org.asynchttpclient.netty.channel.ChannelManager - Adding key: http://localhost:6896 for channel [id: 0x1681981a, L:/127.0.0.1:61476 - R:localhost/127.0.0.1:6896]
11:37:04.665 [Forwarding getElementText on session 7f96e7e36b9f10a8b5acad60a25246de to remote] DEBUG org.asynchttpclient.netty.request.NettyRequestSender - Using pooled Channel '[id: 0x1681981a, L:/127.0.0.1:61476 - R:localhost/127.0.0.1:6896]' for 'GET' to 'http://localhost:6896/session/7f96e7e36b9f10a8b5acad60a25246de/element/6FF2D42796E1B5636833727143D40385_element_38/text'
11:37:04.665 [Forwarding getElementText on session 7f96e7e36b9f10a8b5acad60a25246de to remote] DEBUG org.asynchttpclient.netty.request.NettyRequestSender - Using open Channel [id: 0x1681981a, L:/127.0.0.1:61476 - R:localhost/127.0.0.1:6896] for GET '/session/7f96e7e36b9f10a8b5acad60a25246de/element/6FF2D42796E1B5636833727143D40385_element_38/text'
11:37:04.673 [AsyncHttpClient-1-8] DEBUG org.asynchttpclient.netty.handler.HttpHandler - 

Request DefaultFullHttpRequest(decodeResult: success, version: HTTP/1.1, content: EmptyByteBufBE)
GET /session/7f96e7e36b9f10a8b5acad60a25246de/element/6FF2D42796E1B5636833727143D40385_element_38/text HTTP/1.1
User-Agent: selenium/4.8.0 (java windows)
Cache-Control: no-cache
Content-Type: application/json; charset=utf-8
host: localhost:6896
accept: */*

Response DefaultHttpResponse(decodeResult: success, version: HTTP/1.1)
HTTP/1.1 200 OK
Content-Length: 18
Content-Type: application/json; charset=utf-8
cache-control: no-cache

11:37:04.673 [AsyncHttpClient-1-8] DEBUG org.asynchttpclient.netty.channel.ChannelManager - Adding key: http://localhost:6896 for channel [id: 0x1681981a, L:/127.0.0.1:61476 - R:localhost/127.0.0.1:6896]
11:37:04.674 [Forwarding findElements on session 7f96e7e36b9f10a8b5acad60a25246de to remote] DEBUG org.asynchttpclient.netty.request.NettyRequestSender - Using pooled Channel '[id: 0x1681981a, L:/127.0.0.1:61476 - R:localhost/127.0.0.1:6896]' for 'POST' to 'http://localhost:6896/session/7f96e7e36b9f10a8b5acad60a25246de/elements'
11:37:04.674 [Forwarding findElements on session 7f96e7e36b9f10a8b5acad60a25246de to remote] DEBUG org.asynchttpclient.netty.request.NettyRequestSender - Using open Channel [id: 0x1681981a, L:/127.0.0.1:61476 - R:localhost/127.0.0.1:6896] for POST '/session/7f96e7e36b9f10a8b5acad60a25246de/elements'
11:37:04.680 [AsyncHttpClient-1-8] DEBUG org.asynchttpclient.netty.handler.HttpHandler - 

Request DefaultHttpRequest(decodeResult: success, version: HTTP/1.1)
POST /session/7f96e7e36b9f10a8b5acad60a25246de/elements HTTP/1.1
User-Agent: selenium/4.8.0 (java windows)
Content-Length: 83
Content-Type: application/json; charset=utf-8
host: localhost:6896
accept: */*

Response DefaultHttpResponse(decodeResult: success, version: HTTP/1.1)
HTTP/1.1 200 OK
Content-Length: 527
Content-Type: application/json; charset=utf-8
cache-control: no-cache

11:37:04.680 [AsyncHttpClient-1-8] DEBUG org.asynchttpclient.netty.channel.ChannelManager - Adding key: http://localhost:6896 for channel [id: 0x1681981a, L:/127.0.0.1:61476 - R:localhost/127.0.0.1:6896]
11:37:04.681 [Forwarding getElementTagName on session 7f96e7e36b9f10a8b5acad60a25246de to remote] DEBUG org.asynchttpclient.netty.request.NettyRequestSender - Using pooled Channel '[id: 0x1681981a, L:/127.0.0.1:61476 - R:localhost/127.0.0.1:6896]' for 'GET' to 'http://localhost:6896/session/7f96e7e36b9f10a8b5acad60a25246de/element/6FF2D42796E1B5636833727143D40385_element_38/name'
11:37:04.681 [Forwarding getElementTagName on session 7f96e7e36b9f10a8b5acad60a25246de to remote] DEBUG org.asynchttpclient.netty.request.NettyRequestSender - Using open Channel [id: 0x1681981a, L:/127.0.0.1:61476 - R:localhost/127.0.0.1:6896] for GET '/session/7f96e7e36b9f10a8b5acad60a25246de/element/6FF2D42796E1B5636833727143D40385_element_38/name'
11:37:04.686 [AsyncHttpClient-1-8] DEBUG org.asynchttpclient.netty.handler.HttpHandler - 

Request DefaultFullHttpRequest(decodeResult: success, version: HTTP/1.1, content: EmptyByteBufBE)
GET /session/7f96e7e36b9f10a8b5acad60a25246de/element/6FF2D42796E1B5636833727143D40385_element_38/name HTTP/1.1
User-Agent: selenium/4.8.0 (java windows)
Cache-Control: no-cache
Content-Type: application/json; charset=utf-8
host: localhost:6896
accept: */*

Response DefaultHttpResponse(decodeResult: success, version: HTTP/1.1)
HTTP/1.1 200 OK
Content-Length: 15
Content-Type: application/json; charset=utf-8
cache-control: no-cache

11:37:04.686 [AsyncHttpClient-1-8] DEBUG org.asynchttpclient.netty.channel.ChannelManager - Adding key: http://localhost:6896 for channel [id: 0x1681981a, L:/127.0.0.1:61476 - R:localhost/127.0.0.1:6896]
11:37:04.687 [Forwarding getElementAttribute on session 7f96e7e36b9f10a8b5acad60a25246de to remote] DEBUG org.asynchttpclient.netty.request.NettyRequestSender - Using pooled Channel '[id: 0x1681981a, L:/127.0.0.1:61476 - R:localhost/127.0.0.1:6896]' for 'POST' to 'http://localhost:6896/session/7f96e7e36b9f10a8b5acad60a25246de/execute/sync'
11:37:04.687 [Forwarding getElementAttribute on session 7f96e7e36b9f10a8b5acad60a25246de to remote] DEBUG org.asynchttpclient.netty.request.NettyRequestSender - Using open Channel [id: 0x1681981a, L:/127.0.0.1:61476 - R:localhost/127.0.0.1:6896] for POST '/session/7f96e7e36b9f10a8b5acad60a25246de/execute/sync'
11:37:04.694 [AsyncHttpClient-1-8] DEBUG org.asynchttpclient.netty.handler.HttpHandler - 

Request DefaultHttpRequest(decodeResult: success, version: HTTP/1.1)
POST /session/7f96e7e36b9f10a8b5acad60a25246de/execute/sync HTTP/1.1
User-Agent: selenium/4.8.0 (java windows)
Content-Length: 47372
Content-Type: application/json; charset=utf-8
host: localhost:6896
accept: */*

Response DefaultHttpResponse(decodeResult: success, version: HTTP/1.1)
HTTP/1.1 200 OK
Content-Length: 12
Content-Type: application/json; charset=utf-8
cache-control: no-cache

11:37:04.694 [AsyncHttpClient-1-8] DEBUG org.asynchttpclient.netty.channel.ChannelManager - Adding key: http://localhost:6896 for channel [id: 0x1681981a, L:/127.0.0.1:61476 - R:localhost/127.0.0.1:6896]
11:37:04.695 [Forwarding getElementAttribute on session 7f96e7e36b9f10a8b5acad60a25246de to remote] DEBUG org.asynchttpclient.netty.request.NettyRequestSender - Using pooled Channel '[id: 0x1681981a, L:/127.0.0.1:61476 - R:localhost/127.0.0.1:6896]' for 'POST' to 'http://localhost:6896/session/7f96e7e36b9f10a8b5acad60a25246de/execute/sync'
11:37:04.695 [Forwarding getElementAttribute on session 7f96e7e36b9f10a8b5acad60a25246de to remote] DEBUG org.asynchttpclient.netty.request.NettyRequestSender - Using open Channel [id: 0x1681981a, L:/127.0.0.1:61476 - R:localhost/127.0.0.1:6896] for POST '/session/7f96e7e36b9f10a8b5acad60a25246de/execute/sync'
11:37:04.707 [AsyncHttpClient-1-8] DEBUG org.asynchttpclient.netty.handler.HttpHandler - 

Request DefaultHttpRequest(decodeResult: success, version: HTTP/1.1)
POST /session/7f96e7e36b9f10a8b5acad60a25246de/execute/sync HTTP/1.1
User-Agent: selenium/4.8.0 (java windows)
Content-Length: 47374
Content-Type: application/json; charset=utf-8
host: localhost:6896
accept: */*

Response DefaultHttpResponse(decodeResult: success, version: HTTP/1.1)
HTTP/1.1 200 OK
Content-Length: 14
Content-Type: application/json; charset=utf-8
cache-control: no-cache

11:37:04.707 [AsyncHttpClient-1-8] DEBUG org.asynchttpclient.netty.channel.ChannelManager - Adding key: http://localhost:6896 for channel [id: 0x1681981a, L:/127.0.0.1:61476 - R:localhost/127.0.0.1:6896]
11:37:04.709 [Forwarding getElementAttribute on session 7f96e7e36b9f10a8b5acad60a25246de to remote] DEBUG org.asynchttpclient.netty.request.NettyRequestSender - Using pooled Channel '[id: 0x1681981a, L:/127.0.0.1:61476 - R:localhost/127.0.0.1:6896]' for 'POST' to 'http://localhost:6896/session/7f96e7e36b9f10a8b5acad60a25246de/execute/sync'
11:37:04.709 [Forwarding getElementAttribute on session 7f96e7e36b9f10a8b5acad60a25246de to remote] DEBUG org.asynchttpclient.netty.request.NettyRequestSender - Using open Channel [id: 0x1681981a, L:/127.0.0.1:61476 - R:localhost/127.0.0.1:6896] for POST '/session/7f96e7e36b9f10a8b5acad60a25246de/execute/sync'
11:37:04.718 [AsyncHttpClient-1-8] DEBUG org.asynchttpclient.netty.handler.HttpHandler - 

Request DefaultHttpRequest(decodeResult: success, version: HTTP/1.1)
POST /session/7f96e7e36b9f10a8b5acad60a25246de/execute/sync HTTP/1.1
User-Agent: selenium/4.8.0 (java windows)
Content-Length: 47374
Content-Type: application/json; charset=utf-8
host: localhost:6896
accept: */*

Response DefaultHttpResponse(decodeResult: success, version: HTTP/1.1)
HTTP/1.1 200 OK
Content-Length: 14
Content-Type: application/json; charset=utf-8
cache-control: no-cache

11:37:04.718 [AsyncHttpClient-1-8] DEBUG org.asynchttpclient.netty.channel.ChannelManager - Adding key: http://localhost:6896 for channel [id: 0x1681981a, L:/127.0.0.1:61476 - R:localhost/127.0.0.1:6896]
11:37:04.721 [Forwarding getElementAttribute on session 7f96e7e36b9f10a8b5acad60a25246de to remote] DEBUG org.asynchttpclient.netty.request.NettyRequestSender - Using pooled Channel '[id: 0x1681981a, L:/127.0.0.1:61476 - R:localhost/127.0.0.1:6896]' for 'POST' to 'http://localhost:6896/session/7f96e7e36b9f10a8b5acad60a25246de/execute/sync'
11:37:04.721 [Forwarding getElementAttribute on session 7f96e7e36b9f10a8b5acad60a25246de to remote] DEBUG org.asynchttpclient.netty.request.NettyRequestSender - Using open Channel [id: 0x1681981a, L:/127.0.0.1:61476 - R:localhost/127.0.0.1:6896] for POST '/session/7f96e7e36b9f10a8b5acad60a25246de/execute/sync'
11:37:04.731 [AsyncHttpClient-1-8] DEBUG org.asynchttpclient.netty.handler.HttpHandler - 

Request DefaultHttpRequest(decodeResult: success, version: HTTP/1.1)
POST /session/7f96e7e36b9f10a8b5acad60a25246de/execute/sync HTTP/1.1
User-Agent: selenium/4.8.0 (java windows)
Content-Length: 47374
Content-Type: application/json; charset=utf-8
host: localhost:6896
accept: */*

Response DefaultHttpResponse(decodeResult: success, version: HTTP/1.1)
HTTP/1.1 200 OK
Content-Length: 14
Content-Type: application/json; charset=utf-8
cache-control: no-cache

11:37:04.731 [AsyncHttpClient-1-8] DEBUG org.asynchttpclient.netty.channel.ChannelManager - Adding key: http://localhost:6896 for channel [id: 0x1681981a, L:/127.0.0.1:61476 - R:localhost/127.0.0.1:6896]
11:37:04.734 [Forwarding getElementAttribute on session 7f96e7e36b9f10a8b5acad60a25246de to remote] DEBUG org.asynchttpclient.netty.request.NettyRequestSender - Using pooled Channel '[id: 0x1681981a, L:/127.0.0.1:61476 - R:localhost/127.0.0.1:6896]' for 'POST' to 'http://localhost:6896/session/7f96e7e36b9f10a8b5acad60a25246de/execute/sync'
11:37:04.734 [Forwarding getElementAttribute on session 7f96e7e36b9f10a8b5acad60a25246de to remote] DEBUG org.asynchttpclient.netty.request.NettyRequestSender - Using open Channel [id: 0x1681981a, L:/127.0.0.1:61476 - R:localhost/127.0.0.1:6896] for POST '/session/7f96e7e36b9f10a8b5acad60a25246de/execute/sync'
11:37:04.742 [AsyncHttpClient-1-8] DEBUG org.asynchttpclient.netty.handler.HttpHandler - 

Request DefaultHttpRequest(decodeResult: success, version: HTTP/1.1)
POST /session/7f96e7e36b9f10a8b5acad60a25246de/execute/sync HTTP/1.1
User-Agent: selenium/4.8.0 (java windows)
Content-Length: 47375
Content-Type: application/json; charset=utf-8
host: localhost:6896
accept: */*

Response DefaultHttpResponse(decodeResult: success, version: HTTP/1.1)
HTTP/1.1 200 OK
Content-Length: 14
Content-Type: application/json; charset=utf-8
cache-control: no-cache

11:37:04.742 [AsyncHttpClient-1-8] DEBUG org.asynchttpclient.netty.channel.ChannelManager - Adding key: http://localhost:6896 for channel [id: 0x1681981a, L:/127.0.0.1:61476 - R:localhost/127.0.0.1:6896]
11:37:04.744 [Forwarding getElementAttribute on session 7f96e7e36b9f10a8b5acad60a25246de to remote] DEBUG org.asynchttpclient.netty.request.NettyRequestSender - Using pooled Channel '[id: 0x1681981a, L:/127.0.0.1:61476 - R:localhost/127.0.0.1:6896]' for 'POST' to 'http://localhost:6896/session/7f96e7e36b9f10a8b5acad60a25246de/execute/sync'
11:37:04.744 [Forwarding getElementAttribute on session 7f96e7e36b9f10a8b5acad60a25246de to remote] DEBUG org.asynchttpclient.netty.request.NettyRequestSender - Using open Channel [id: 0x1681981a, L:/127.0.0.1:61476 - R:localhost/127.0.0.1:6896] for POST '/session/7f96e7e36b9f10a8b5acad60a25246de/execute/sync'
11:37:04.753 [AsyncHttpClient-1-8] DEBUG org.asynchttpclient.netty.handler.HttpHandler - 

Request DefaultHttpRequest(decodeResult: success, version: HTTP/1.1)
POST /session/7f96e7e36b9f10a8b5acad60a25246de/execute/sync HTTP/1.1
User-Agent: selenium/4.8.0 (java windows)
Content-Length: 47375
Content-Type: application/json; charset=utf-8
host: localhost:6896
accept: */*

Response DefaultHttpResponse(decodeResult: success, version: HTTP/1.1)
HTTP/1.1 200 OK
Content-Length: 32
Content-Type: application/json; charset=utf-8
cache-control: no-cache

11:37:04.753 [AsyncHttpClient-1-8] DEBUG org.asynchttpclient.netty.channel.ChannelManager - Adding key: http://localhost:6896 for channel [id: 0x1681981a, L:/127.0.0.1:61476 - R:localhost/127.0.0.1:6896]
11:37:04.755 [Forwarding getElementAttribute on session 7f96e7e36b9f10a8b5acad60a25246de to remote] DEBUG org.asynchttpclient.netty.request.NettyRequestSender - Using pooled Channel '[id: 0x1681981a, L:/127.0.0.1:61476 - R:localhost/127.0.0.1:6896]' for 'POST' to 'http://localhost:6896/session/7f96e7e36b9f10a8b5acad60a25246de/execute/sync'
11:37:04.755 [Forwarding getElementAttribute on session 7f96e7e36b9f10a8b5acad60a25246de to remote] DEBUG org.asynchttpclient.netty.request.NettyRequestSender - Using open Channel [id: 0x1681981a, L:/127.0.0.1:61476 - R:localhost/127.0.0.1:6896] for POST '/session/7f96e7e36b9f10a8b5acad60a25246de/execute/sync'
11:37:04.762 [AsyncHttpClient-1-8] DEBUG org.asynchttpclient.netty.handler.HttpHandler - 

Request DefaultHttpRequest(decodeResult: success, version: HTTP/1.1)
POST /session/7f96e7e36b9f10a8b5acad60a25246de/execute/sync HTTP/1.1
User-Agent: selenium/4.8.0 (java windows)
Content-Length: 47375
Content-Type: application/json; charset=utf-8
host: localhost:6896
accept: */*

Response DefaultHttpResponse(decodeResult: success, version: HTTP/1.1)
HTTP/1.1 200 OK
Content-Length: 32
Content-Type: application/json; charset=utf-8
cache-control: no-cache

11:37:04.762 [AsyncHttpClient-1-8] DEBUG org.asynchttpclient.netty.channel.ChannelManager - Adding key: http://localhost:6896 for channel [id: 0x1681981a, L:/127.0.0.1:61476 - R:localhost/127.0.0.1:6896]
11:37:04.762 [main] INFO  com.swaglabs.base.SetUp - <div class='inventory_item_price'> - InventoryPage.productpricesprice validation failed
11:37:04.764 [Forwarding findElements on session 7f96e7e36b9f10a8b5acad60a25246de to remote] DEBUG org.asynchttpclient.netty.request.NettyRequestSender - Using pooled Channel '[id: 0x1681981a, L:/127.0.0.1:61476 - R:localhost/127.0.0.1:6896]' for 'POST' to 'http://localhost:6896/session/7f96e7e36b9f10a8b5acad60a25246de/elements'
11:37:04.764 [Forwarding findElements on session 7f96e7e36b9f10a8b5acad60a25246de to remote] DEBUG org.asynchttpclient.netty.request.NettyRequestSender - Using open Channel [id: 0x1681981a, L:/127.0.0.1:61476 - R:localhost/127.0.0.1:6896] for POST '/session/7f96e7e36b9f10a8b5acad60a25246de/elements'
11:37:04.772 [AsyncHttpClient-1-8] DEBUG org.asynchttpclient.netty.handler.HttpHandler - 

Request DefaultHttpRequest(decodeResult: success, version: HTTP/1.1)
POST /session/7f96e7e36b9f10a8b5acad60a25246de/elements HTTP/1.1
User-Agent: selenium/4.8.0 (java windows)
Content-Length: 83
Content-Type: application/json; charset=utf-8
host: localhost:6896
accept: */*

Response DefaultHttpResponse(decodeResult: success, version: HTTP/1.1)
HTTP/1.1 200 OK
Content-Length: 527
Content-Type: application/json; charset=utf-8
cache-control: no-cache

11:37:04.772 [AsyncHttpClient-1-8] DEBUG org.asynchttpclient.netty.channel.ChannelManager - Adding key: http://localhost:6896 for channel [id: 0x1681981a, L:/127.0.0.1:61476 - R:localhost/127.0.0.1:6896]
11:37:04.774 [Forwarding findElements on session 7f96e7e36b9f10a8b5acad60a25246de to remote] DEBUG org.asynchttpclient.netty.request.NettyRequestSender - Using pooled Channel '[id: 0x1681981a, L:/127.0.0.1:61476 - R:localhost/127.0.0.1:6896]' for 'POST' to 'http://localhost:6896/session/7f96e7e36b9f10a8b5acad60a25246de/elements'
11:37:04.774 [Forwarding findElements on session 7f96e7e36b9f10a8b5acad60a25246de to remote] DEBUG org.asynchttpclient.netty.request.NettyRequestSender - Using open Channel [id: 0x1681981a, L:/127.0.0.1:61476 - R:localhost/127.0.0.1:6896] for POST '/session/7f96e7e36b9f10a8b5acad60a25246de/elements'
11:37:04.781 [AsyncHttpClient-1-8] DEBUG org.asynchttpclient.netty.handler.HttpHandler - 

Request DefaultHttpRequest(decodeResult: success, version: HTTP/1.1)
POST /session/7f96e7e36b9f10a8b5acad60a25246de/elements HTTP/1.1
User-Agent: selenium/4.8.0 (java windows)
Content-Length: 83
Content-Type: application/json; charset=utf-8
host: localhost:6896
accept: */*

Response DefaultHttpResponse(decodeResult: success, version: HTTP/1.1)
HTTP/1.1 200 OK
Content-Length: 527
Content-Type: application/json; charset=utf-8
cache-control: no-cache

11:37:04.781 [AsyncHttpClient-1-8] DEBUG org.asynchttpclient.netty.channel.ChannelManager - Adding key: http://localhost:6896 for channel [id: 0x1681981a, L:/127.0.0.1:61476 - R:localhost/127.0.0.1:6896]
11:37:04.782 [Forwarding getElementText on session 7f96e7e36b9f10a8b5acad60a25246de to remote] DEBUG org.asynchttpclient.netty.request.NettyRequestSender - Using pooled Channel '[id: 0x1681981a, L:/127.0.0.1:61476 - R:localhost/127.0.0.1:6896]' for 'GET' to 'http://localhost:6896/session/7f96e7e36b9f10a8b5acad60a25246de/element/6FF2D42796E1B5636833727143D40385_element_41/text'
11:37:04.782 [Forwarding getElementText on session 7f96e7e36b9f10a8b5acad60a25246de to remote] DEBUG org.asynchttpclient.netty.request.NettyRequestSender - Using open Channel [id: 0x1681981a, L:/127.0.0.1:61476 - R:localhost/127.0.0.1:6896] for GET '/session/7f96e7e36b9f10a8b5acad60a25246de/element/6FF2D42796E1B5636833727143D40385_element_41/text'
11:37:04.791 [AsyncHttpClient-1-8] DEBUG org.asynchttpclient.netty.handler.HttpHandler - 

Request DefaultFullHttpRequest(decodeResult: success, version: HTTP/1.1, content: EmptyByteBufBE)
GET /session/7f96e7e36b9f10a8b5acad60a25246de/element/6FF2D42796E1B5636833727143D40385_element_41/text HTTP/1.1
User-Agent: selenium/4.8.0 (java windows)
Cache-Control: no-cache
Content-Type: application/json; charset=utf-8
host: localhost:6896
accept: */*

Response DefaultHttpResponse(decodeResult: success, version: HTTP/1.1)
HTTP/1.1 200 OK
Content-Length: 18
Content-Type: application/json; charset=utf-8
cache-control: no-cache

11:37:04.791 [AsyncHttpClient-1-8] DEBUG org.asynchttpclient.netty.channel.ChannelManager - Adding key: http://localhost:6896 for channel [id: 0x1681981a, L:/127.0.0.1:61476 - R:localhost/127.0.0.1:6896]
11:37:04.792 [Forwarding findElements on session 7f96e7e36b9f10a8b5acad60a25246de to remote] DEBUG org.asynchttpclient.netty.request.NettyRequestSender - Using pooled Channel '[id: 0x1681981a, L:/127.0.0.1:61476 - R:localhost/127.0.0.1:6896]' for 'POST' to 'http://localhost:6896/session/7f96e7e36b9f10a8b5acad60a25246de/elements'
11:37:04.792 [Forwarding findElements on session 7f96e7e36b9f10a8b5acad60a25246de to remote] DEBUG org.asynchttpclient.netty.request.NettyRequestSender - Using open Channel [id: 0x1681981a, L:/127.0.0.1:61476 - R:localhost/127.0.0.1:6896] for POST '/session/7f96e7e36b9f10a8b5acad60a25246de/elements'
11:37:04.798 [AsyncHttpClient-1-8] DEBUG org.asynchttpclient.netty.handler.HttpHandler - 

Request DefaultHttpRequest(decodeResult: success, version: HTTP/1.1)
POST /session/7f96e7e36b9f10a8b5acad60a25246de/elements HTTP/1.1
User-Agent: selenium/4.8.0 (java windows)
Content-Length: 83
Content-Type: application/json; charset=utf-8
host: localhost:6896
accept: */*

Response DefaultHttpResponse(decodeResult: success, version: HTTP/1.1)
HTTP/1.1 200 OK
Content-Length: 527
Content-Type: application/json; charset=utf-8
cache-control: no-cache

11:37:04.798 [AsyncHttpClient-1-8] DEBUG org.asynchttpclient.netty.channel.ChannelManager - Adding key: http://localhost:6896 for channel [id: 0x1681981a, L:/127.0.0.1:61476 - R:localhost/127.0.0.1:6896]
11:37:04.799 [Forwarding getElementText on session 7f96e7e36b9f10a8b5acad60a25246de to remote] DEBUG org.asynchttpclient.netty.request.NettyRequestSender - Using pooled Channel '[id: 0x1681981a, L:/127.0.0.1:61476 - R:localhost/127.0.0.1:6896]' for 'GET' to 'http://localhost:6896/session/7f96e7e36b9f10a8b5acad60a25246de/element/6FF2D42796E1B5636833727143D40385_element_41/text'
11:37:04.799 [Forwarding getElementText on session 7f96e7e36b9f10a8b5acad60a25246de to remote] DEBUG org.asynchttpclient.netty.request.NettyRequestSender - Using open Channel [id: 0x1681981a, L:/127.0.0.1:61476 - R:localhost/127.0.0.1:6896] for GET '/session/7f96e7e36b9f10a8b5acad60a25246de/element/6FF2D42796E1B5636833727143D40385_element_41/text'
11:37:04.806 [AsyncHttpClient-1-8] DEBUG org.asynchttpclient.netty.handler.HttpHandler - 

Request DefaultFullHttpRequest(decodeResult: success, version: HTTP/1.1, content: EmptyByteBufBE)
GET /session/7f96e7e36b9f10a8b5acad60a25246de/element/6FF2D42796E1B5636833727143D40385_element_41/text HTTP/1.1
User-Agent: selenium/4.8.0 (java windows)
Cache-Control: no-cache
Content-Type: application/json; charset=utf-8
host: localhost:6896
accept: */*

Response DefaultHttpResponse(decodeResult: success, version: HTTP/1.1)
HTTP/1.1 200 OK
Content-Length: 18
Content-Type: application/json; charset=utf-8
cache-control: no-cache

11:37:04.806 [AsyncHttpClient-1-8] DEBUG org.asynchttpclient.netty.channel.ChannelManager - Adding key: http://localhost:6896 for channel [id: 0x1681981a, L:/127.0.0.1:61476 - R:localhost/127.0.0.1:6896]
11:37:04.806 [Forwarding findElements on session 7f96e7e36b9f10a8b5acad60a25246de to remote] DEBUG org.asynchttpclient.netty.request.NettyRequestSender - Using pooled Channel '[id: 0x1681981a, L:/127.0.0.1:61476 - R:localhost/127.0.0.1:6896]' for 'POST' to 'http://localhost:6896/session/7f96e7e36b9f10a8b5acad60a25246de/elements'
11:37:04.806 [Forwarding findElements on session 7f96e7e36b9f10a8b5acad60a25246de to remote] DEBUG org.asynchttpclient.netty.request.NettyRequestSender - Using open Channel [id: 0x1681981a, L:/127.0.0.1:61476 - R:localhost/127.0.0.1:6896] for POST '/session/7f96e7e36b9f10a8b5acad60a25246de/elements'
11:37:04.814 [AsyncHttpClient-1-8] DEBUG org.asynchttpclient.netty.handler.HttpHandler - 

Request DefaultHttpRequest(decodeResult: success, version: HTTP/1.1)
POST /session/7f96e7e36b9f10a8b5acad60a25246de/elements HTTP/1.1
User-Agent: selenium/4.8.0 (java windows)
Content-Length: 83
Content-Type: application/json; charset=utf-8
host: localhost:6896
accept: */*

Response DefaultHttpResponse(decodeResult: success, version: HTTP/1.1)
HTTP/1.1 200 OK
Content-Length: 527
Content-Type: application/json; charset=utf-8
cache-control: no-cache

11:37:04.814 [AsyncHttpClient-1-8] DEBUG org.asynchttpclient.netty.channel.ChannelManager - Adding key: http://localhost:6896 for channel [id: 0x1681981a, L:/127.0.0.1:61476 - R:localhost/127.0.0.1:6896]
11:37:04.815 [Forwarding getElementTagName on session 7f96e7e36b9f10a8b5acad60a25246de to remote] DEBUG org.asynchttpclient.netty.request.NettyRequestSender - Using pooled Channel '[id: 0x1681981a, L:/127.0.0.1:61476 - R:localhost/127.0.0.1:6896]' for 'GET' to 'http://localhost:6896/session/7f96e7e36b9f10a8b5acad60a25246de/element/6FF2D42796E1B5636833727143D40385_element_41/name'
11:37:04.815 [Forwarding getElementTagName on session 7f96e7e36b9f10a8b5acad60a25246de to remote] DEBUG org.asynchttpclient.netty.request.NettyRequestSender - Using open Channel [id: 0x1681981a, L:/127.0.0.1:61476 - R:localhost/127.0.0.1:6896] for GET '/session/7f96e7e36b9f10a8b5acad60a25246de/element/6FF2D42796E1B5636833727143D40385_element_41/name'
11:37:04.818 [AsyncHttpClient-1-8] DEBUG org.asynchttpclient.netty.handler.HttpHandler - 

Request DefaultFullHttpRequest(decodeResult: success, version: HTTP/1.1, content: EmptyByteBufBE)
GET /session/7f96e7e36b9f10a8b5acad60a25246de/element/6FF2D42796E1B5636833727143D40385_element_41/name HTTP/1.1
User-Agent: selenium/4.8.0 (java windows)
Cache-Control: no-cache
Content-Type: application/json; charset=utf-8
host: localhost:6896
accept: */*

Response DefaultHttpResponse(decodeResult: success, version: HTTP/1.1)
HTTP/1.1 200 OK
Content-Length: 15
Content-Type: application/json; charset=utf-8
cache-control: no-cache

11:37:04.818 [AsyncHttpClient-1-8] DEBUG org.asynchttpclient.netty.channel.ChannelManager - Adding key: http://localhost:6896 for channel [id: 0x1681981a, L:/127.0.0.1:61476 - R:localhost/127.0.0.1:6896]
11:37:04.819 [Forwarding getElementAttribute on session 7f96e7e36b9f10a8b5acad60a25246de to remote] DEBUG org.asynchttpclient.netty.request.NettyRequestSender - Using pooled Channel '[id: 0x1681981a, L:/127.0.0.1:61476 - R:localhost/127.0.0.1:6896]' for 'POST' to 'http://localhost:6896/session/7f96e7e36b9f10a8b5acad60a25246de/execute/sync'
11:37:04.819 [Forwarding getElementAttribute on session 7f96e7e36b9f10a8b5acad60a25246de to remote] DEBUG org.asynchttpclient.netty.request.NettyRequestSender - Using open Channel [id: 0x1681981a, L:/127.0.0.1:61476 - R:localhost/127.0.0.1:6896] for POST '/session/7f96e7e36b9f10a8b5acad60a25246de/execute/sync'
11:37:04.827 [AsyncHttpClient-1-8] DEBUG org.asynchttpclient.netty.handler.HttpHandler - 

Request DefaultHttpRequest(decodeResult: success, version: HTTP/1.1)
POST /session/7f96e7e36b9f10a8b5acad60a25246de/execute/sync HTTP/1.1
User-Agent: selenium/4.8.0 (java windows)
Content-Length: 47372
Content-Type: application/json; charset=utf-8
host: localhost:6896
accept: */*

Response DefaultHttpResponse(decodeResult: success, version: HTTP/1.1)
HTTP/1.1 200 OK
Content-Length: 12
Content-Type: application/json; charset=utf-8
cache-control: no-cache

11:37:04.827 [AsyncHttpClient-1-8] DEBUG org.asynchttpclient.netty.channel.ChannelManager - Adding key: http://localhost:6896 for channel [id: 0x1681981a, L:/127.0.0.1:61476 - R:localhost/127.0.0.1:6896]
11:37:04.828 [Forwarding getElementAttribute on session 7f96e7e36b9f10a8b5acad60a25246de to remote] DEBUG org.asynchttpclient.netty.request.NettyRequestSender - Using pooled Channel '[id: 0x1681981a, L:/127.0.0.1:61476 - R:localhost/127.0.0.1:6896]' for 'POST' to 'http://localhost:6896/session/7f96e7e36b9f10a8b5acad60a25246de/execute/sync'
11:37:04.828 [Forwarding getElementAttribute on session 7f96e7e36b9f10a8b5acad60a25246de to remote] DEBUG org.asynchttpclient.netty.request.NettyRequestSender - Using open Channel [id: 0x1681981a, L:/127.0.0.1:61476 - R:localhost/127.0.0.1:6896] for POST '/session/7f96e7e36b9f10a8b5acad60a25246de/execute/sync'
11:37:04.835 [AsyncHttpClient-1-1] DEBUG org.asynchttpclient.netty.channel.DefaultChannelPool - Entry count for : http://localhost:61482 : 1
11:37:04.837 [AsyncHttpClient-1-8] DEBUG org.asynchttpclient.netty.handler.HttpHandler - 

Request DefaultHttpRequest(decodeResult: success, version: HTTP/1.1)
POST /session/7f96e7e36b9f10a8b5acad60a25246de/execute/sync HTTP/1.1
User-Agent: selenium/4.8.0 (java windows)
Content-Length: 47374
Content-Type: application/json; charset=utf-8
host: localhost:6896
accept: */*

Response DefaultHttpResponse(decodeResult: success, version: HTTP/1.1)
HTTP/1.1 200 OK
Content-Length: 14
Content-Type: application/json; charset=utf-8
cache-control: no-cache

11:37:04.837 [AsyncHttpClient-1-8] DEBUG org.asynchttpclient.netty.channel.ChannelManager - Adding key: http://localhost:6896 for channel [id: 0x1681981a, L:/127.0.0.1:61476 - R:localhost/127.0.0.1:6896]
11:37:04.841 [Forwarding getElementAttribute on session 7f96e7e36b9f10a8b5acad60a25246de to remote] DEBUG org.asynchttpclient.netty.request.NettyRequestSender - Using pooled Channel '[id: 0x1681981a, L:/127.0.0.1:61476 - R:localhost/127.0.0.1:6896]' for 'POST' to 'http://localhost:6896/session/7f96e7e36b9f10a8b5acad60a25246de/execute/sync'
11:37:04.841 [Forwarding getElementAttribute on session 7f96e7e36b9f10a8b5acad60a25246de to remote] DEBUG org.asynchttpclient.netty.request.NettyRequestSender - Using open Channel [id: 0x1681981a, L:/127.0.0.1:61476 - R:localhost/127.0.0.1:6896] for POST '/session/7f96e7e36b9f10a8b5acad60a25246de/execute/sync'
11:37:04.849 [AsyncHttpClient-1-8] DEBUG org.asynchttpclient.netty.handler.HttpHandler - 

Request DefaultHttpRequest(decodeResult: success, version: HTTP/1.1)
POST /session/7f96e7e36b9f10a8b5acad60a25246de/execute/sync HTTP/1.1
User-Agent: selenium/4.8.0 (java windows)
Content-Length: 47374
Content-Type: application/json; charset=utf-8
host: localhost:6896
accept: */*

Response DefaultHttpResponse(decodeResult: success, version: HTTP/1.1)
HTTP/1.1 200 OK
Content-Length: 14
Content-Type: application/json; charset=utf-8
cache-control: no-cache

11:37:04.849 [AsyncHttpClient-1-8] DEBUG org.asynchttpclient.netty.channel.ChannelManager - Adding key: http://localhost:6896 for channel [id: 0x1681981a, L:/127.0.0.1:61476 - R:localhost/127.0.0.1:6896]
11:37:04.850 [Forwarding getElementAttribute on session 7f96e7e36b9f10a8b5acad60a25246de to remote] DEBUG org.asynchttpclient.netty.request.NettyRequestSender - Using pooled Channel '[id: 0x1681981a, L:/127.0.0.1:61476 - R:localhost/127.0.0.1:6896]' for 'POST' to 'http://localhost:6896/session/7f96e7e36b9f10a8b5acad60a25246de/execute/sync'
11:37:04.851 [Forwarding getElementAttribute on session 7f96e7e36b9f10a8b5acad60a25246de to remote] DEBUG org.asynchttpclient.netty.request.NettyRequestSender - Using open Channel [id: 0x1681981a, L:/127.0.0.1:61476 - R:localhost/127.0.0.1:6896] for POST '/session/7f96e7e36b9f10a8b5acad60a25246de/execute/sync'
11:37:04.859 [AsyncHttpClient-1-8] DEBUG org.asynchttpclient.netty.handler.HttpHandler - 

Request DefaultHttpRequest(decodeResult: success, version: HTTP/1.1)
POST /session/7f96e7e36b9f10a8b5acad60a25246de/execute/sync HTTP/1.1
User-Agent: selenium/4.8.0 (java windows)
Content-Length: 47374
Content-Type: application/json; charset=utf-8
host: localhost:6896
accept: */*

Response DefaultHttpResponse(decodeResult: success, version: HTTP/1.1)
HTTP/1.1 200 OK
Content-Length: 14
Content-Type: application/json; charset=utf-8
cache-control: no-cache

11:37:04.859 [AsyncHttpClient-1-8] DEBUG org.asynchttpclient.netty.channel.ChannelManager - Adding key: http://localhost:6896 for channel [id: 0x1681981a, L:/127.0.0.1:61476 - R:localhost/127.0.0.1:6896]
11:37:04.862 [Forwarding getElementAttribute on session 7f96e7e36b9f10a8b5acad60a25246de to remote] DEBUG org.asynchttpclient.netty.request.NettyRequestSender - Using pooled Channel '[id: 0x1681981a, L:/127.0.0.1:61476 - R:localhost/127.0.0.1:6896]' for 'POST' to 'http://localhost:6896/session/7f96e7e36b9f10a8b5acad60a25246de/execute/sync'
11:37:04.862 [Forwarding getElementAttribute on session 7f96e7e36b9f10a8b5acad60a25246de to remote] DEBUG org.asynchttpclient.netty.request.NettyRequestSender - Using open Channel [id: 0x1681981a, L:/127.0.0.1:61476 - R:localhost/127.0.0.1:6896] for POST '/session/7f96e7e36b9f10a8b5acad60a25246de/execute/sync'
11:37:04.872 [AsyncHttpClient-1-8] DEBUG org.asynchttpclient.netty.handler.HttpHandler - 

Request DefaultHttpRequest(decodeResult: success, version: HTTP/1.1)
POST /session/7f96e7e36b9f10a8b5acad60a25246de/execute/sync HTTP/1.1
User-Agent: selenium/4.8.0 (java windows)
Content-Length: 47375
Content-Type: application/json; charset=utf-8
host: localhost:6896
accept: */*

Response DefaultHttpResponse(decodeResult: success, version: HTTP/1.1)
HTTP/1.1 200 OK
Content-Length: 14
Content-Type: application/json; charset=utf-8
cache-control: no-cache

11:37:04.872 [AsyncHttpClient-1-8] DEBUG org.asynchttpclient.netty.channel.ChannelManager - Adding key: http://localhost:6896 for channel [id: 0x1681981a, L:/127.0.0.1:61476 - R:localhost/127.0.0.1:6896]
11:37:04.875 [Forwarding getElementAttribute on session 7f96e7e36b9f10a8b5acad60a25246de to remote] DEBUG org.asynchttpclient.netty.request.NettyRequestSender - Using pooled Channel '[id: 0x1681981a, L:/127.0.0.1:61476 - R:localhost/127.0.0.1:6896]' for 'POST' to 'http://localhost:6896/session/7f96e7e36b9f10a8b5acad60a25246de/execute/sync'
11:37:04.876 [Forwarding getElementAttribute on session 7f96e7e36b9f10a8b5acad60a25246de to remote] DEBUG org.asynchttpclient.netty.request.NettyRequestSender - Using open Channel [id: 0x1681981a, L:/127.0.0.1:61476 - R:localhost/127.0.0.1:6896] for POST '/session/7f96e7e36b9f10a8b5acad60a25246de/execute/sync'
11:37:04.884 [AsyncHttpClient-1-8] DEBUG org.asynchttpclient.netty.handler.HttpHandler - 

Request DefaultHttpRequest(decodeResult: success, version: HTTP/1.1)
POST /session/7f96e7e36b9f10a8b5acad60a25246de/execute/sync HTTP/1.1
User-Agent: selenium/4.8.0 (java windows)
Content-Length: 47375
Content-Type: application/json; charset=utf-8
host: localhost:6896
accept: */*

Response DefaultHttpResponse(decodeResult: success, version: HTTP/1.1)
HTTP/1.1 200 OK
Content-Length: 32
Content-Type: application/json; charset=utf-8
cache-control: no-cache

11:37:04.884 [AsyncHttpClient-1-8] DEBUG org.asynchttpclient.netty.channel.ChannelManager - Adding key: http://localhost:6896 for channel [id: 0x1681981a, L:/127.0.0.1:61476 - R:localhost/127.0.0.1:6896]
11:37:04.886 [Forwarding getElementAttribute on session 7f96e7e36b9f10a8b5acad60a25246de to remote] DEBUG org.asynchttpclient.netty.request.NettyRequestSender - Using pooled Channel '[id: 0x1681981a, L:/127.0.0.1:61476 - R:localhost/127.0.0.1:6896]' for 'POST' to 'http://localhost:6896/session/7f96e7e36b9f10a8b5acad60a25246de/execute/sync'
11:37:04.886 [Forwarding getElementAttribute on session 7f96e7e36b9f10a8b5acad60a25246de to remote] DEBUG org.asynchttpclient.netty.request.NettyRequestSender - Using open Channel [id: 0x1681981a, L:/127.0.0.1:61476 - R:localhost/127.0.0.1:6896] for POST '/session/7f96e7e36b9f10a8b5acad60a25246de/execute/sync'
11:37:04.895 [AsyncHttpClient-1-8] DEBUG org.asynchttpclient.netty.handler.HttpHandler - 

Request DefaultHttpRequest(decodeResult: success, version: HTTP/1.1)
POST /session/7f96e7e36b9f10a8b5acad60a25246de/execute/sync HTTP/1.1
User-Agent: selenium/4.8.0 (java windows)
Content-Length: 47375
Content-Type: application/json; charset=utf-8
host: localhost:6896
accept: */*

Response DefaultHttpResponse(decodeResult: success, version: HTTP/1.1)
HTTP/1.1 200 OK
Content-Length: 32
Content-Type: application/json; charset=utf-8
cache-control: no-cache

11:37:04.895 [AsyncHttpClient-1-8] DEBUG org.asynchttpclient.netty.channel.ChannelManager - Adding key: http://localhost:6896 for channel [id: 0x1681981a, L:/127.0.0.1:61476 - R:localhost/127.0.0.1:6896]
11:37:04.896 [main] INFO  com.swaglabs.base.SetUp - <div class='inventory_item_price'> - InventoryPage.productpricesprice validation passed
11:37:04.897 [Forwarding findElements on session 7f96e7e36b9f10a8b5acad60a25246de to remote] DEBUG org.asynchttpclient.netty.request.NettyRequestSender - Using pooled Channel '[id: 0x1681981a, L:/127.0.0.1:61476 - R:localhost/127.0.0.1:6896]' for 'POST' to 'http://localhost:6896/session/7f96e7e36b9f10a8b5acad60a25246de/elements'
11:37:04.897 [Forwarding findElements on session 7f96e7e36b9f10a8b5acad60a25246de to remote] DEBUG org.asynchttpclient.netty.request.NettyRequestSender - Using open Channel [id: 0x1681981a, L:/127.0.0.1:61476 - R:localhost/127.0.0.1:6896] for POST '/session/7f96e7e36b9f10a8b5acad60a25246de/elements'
11:37:04.907 [AsyncHttpClient-1-8] DEBUG org.asynchttpclient.netty.handler.HttpHandler - 

Request DefaultHttpRequest(decodeResult: success, version: HTTP/1.1)
POST /session/7f96e7e36b9f10a8b5acad60a25246de/elements HTTP/1.1
User-Agent: selenium/4.8.0 (java windows)
Content-Length: 83
Content-Type: application/json; charset=utf-8
host: localhost:6896
accept: */*

Response DefaultHttpResponse(decodeResult: success, version: HTTP/1.1)
HTTP/1.1 200 OK
Content-Length: 527
Content-Type: application/json; charset=utf-8
cache-control: no-cache

11:37:04.907 [AsyncHttpClient-1-8] DEBUG org.asynchttpclient.netty.channel.ChannelManager - Adding key: http://localhost:6896 for channel [id: 0x1681981a, L:/127.0.0.1:61476 - R:localhost/127.0.0.1:6896]
11:37:04.908 [Forwarding findElements on session 7f96e7e36b9f10a8b5acad60a25246de to remote] DEBUG org.asynchttpclient.netty.request.NettyRequestSender - Using pooled Channel '[id: 0x1681981a, L:/127.0.0.1:61476 - R:localhost/127.0.0.1:6896]' for 'POST' to 'http://localhost:6896/session/7f96e7e36b9f10a8b5acad60a25246de/elements'
11:37:04.908 [Forwarding findElements on session 7f96e7e36b9f10a8b5acad60a25246de to remote] DEBUG org.asynchttpclient.netty.request.NettyRequestSender - Using open Channel [id: 0x1681981a, L:/127.0.0.1:61476 - R:localhost/127.0.0.1:6896] for POST '/session/7f96e7e36b9f10a8b5acad60a25246de/elements'
11:37:04.916 [AsyncHttpClient-1-8] DEBUG org.asynchttpclient.netty.handler.HttpHandler - 

Request DefaultHttpRequest(decodeResult: success, version: HTTP/1.1)
POST /session/7f96e7e36b9f10a8b5acad60a25246de/elements HTTP/1.1
User-Agent: selenium/4.8.0 (java windows)
Content-Length: 83
Content-Type: application/json; charset=utf-8
host: localhost:6896
accept: */*

Response DefaultHttpResponse(decodeResult: success, version: HTTP/1.1)
HTTP/1.1 200 OK
Content-Length: 527
Content-Type: application/json; charset=utf-8
cache-control: no-cache

11:37:04.916 [AsyncHttpClient-1-8] DEBUG org.asynchttpclient.netty.channel.ChannelManager - Adding key: http://localhost:6896 for channel [id: 0x1681981a, L:/127.0.0.1:61476 - R:localhost/127.0.0.1:6896]
11:37:04.917 [Forwarding getElementText on session 7f96e7e36b9f10a8b5acad60a25246de to remote] DEBUG org.asynchttpclient.netty.request.NettyRequestSender - Using pooled Channel '[id: 0x1681981a, L:/127.0.0.1:61476 - R:localhost/127.0.0.1:6896]' for 'GET' to 'http://localhost:6896/session/7f96e7e36b9f10a8b5acad60a25246de/element/6FF2D42796E1B5636833727143D40385_element_37/text'
11:37:04.917 [Forwarding getElementText on session 7f96e7e36b9f10a8b5acad60a25246de to remote] DEBUG org.asynchttpclient.netty.request.NettyRequestSender - Using open Channel [id: 0x1681981a, L:/127.0.0.1:61476 - R:localhost/127.0.0.1:6896] for GET '/session/7f96e7e36b9f10a8b5acad60a25246de/element/6FF2D42796E1B5636833727143D40385_element_37/text'
11:37:04.926 [AsyncHttpClient-1-8] DEBUG org.asynchttpclient.netty.handler.HttpHandler - 

Request DefaultFullHttpRequest(decodeResult: success, version: HTTP/1.1, content: EmptyByteBufBE)
GET /session/7f96e7e36b9f10a8b5acad60a25246de/element/6FF2D42796E1B5636833727143D40385_element_37/text HTTP/1.1
User-Agent: selenium/4.8.0 (java windows)
Cache-Control: no-cache
Content-Type: application/json; charset=utf-8
host: localhost:6896
accept: */*

Response DefaultHttpResponse(decodeResult: success, version: HTTP/1.1)
HTTP/1.1 200 OK
Content-Length: 17
Content-Type: application/json; charset=utf-8
cache-control: no-cache

11:37:04.926 [AsyncHttpClient-1-8] DEBUG org.asynchttpclient.netty.channel.ChannelManager - Adding key: http://localhost:6896 for channel [id: 0x1681981a, L:/127.0.0.1:61476 - R:localhost/127.0.0.1:6896]
11:37:04.930 [Forwarding findElements on session 7f96e7e36b9f10a8b5acad60a25246de to remote] DEBUG org.asynchttpclient.netty.request.NettyRequestSender - Using pooled Channel '[id: 0x1681981a, L:/127.0.0.1:61476 - R:localhost/127.0.0.1:6896]' for 'POST' to 'http://localhost:6896/session/7f96e7e36b9f10a8b5acad60a25246de/elements'
11:37:04.930 [Forwarding findElements on session 7f96e7e36b9f10a8b5acad60a25246de to remote] DEBUG org.asynchttpclient.netty.request.NettyRequestSender - Using open Channel [id: 0x1681981a, L:/127.0.0.1:61476 - R:localhost/127.0.0.1:6896] for POST '/session/7f96e7e36b9f10a8b5acad60a25246de/elements'
11:37:04.936 [AsyncHttpClient-1-8] DEBUG org.asynchttpclient.netty.handler.HttpHandler - 

Request DefaultHttpRequest(decodeResult: success, version: HTTP/1.1)
POST /session/7f96e7e36b9f10a8b5acad60a25246de/elements HTTP/1.1
User-Agent: selenium/4.8.0 (java windows)
Content-Length: 83
Content-Type: application/json; charset=utf-8
host: localhost:6896
accept: */*

Response DefaultHttpResponse(decodeResult: success, version: HTTP/1.1)
HTTP/1.1 200 OK
Content-Length: 527
Content-Type: application/json; charset=utf-8
cache-control: no-cache

11:37:04.936 [AsyncHttpClient-1-8] DEBUG org.asynchttpclient.netty.channel.ChannelManager - Adding key: http://localhost:6896 for channel [id: 0x1681981a, L:/127.0.0.1:61476 - R:localhost/127.0.0.1:6896]
11:37:04.937 [Forwarding getElementText on session 7f96e7e36b9f10a8b5acad60a25246de to remote] DEBUG org.asynchttpclient.netty.request.NettyRequestSender - Using pooled Channel '[id: 0x1681981a, L:/127.0.0.1:61476 - R:localhost/127.0.0.1:6896]' for 'GET' to 'http://localhost:6896/session/7f96e7e36b9f10a8b5acad60a25246de/element/6FF2D42796E1B5636833727143D40385_element_37/text'
11:37:04.937 [Forwarding getElementText on session 7f96e7e36b9f10a8b5acad60a25246de to remote] DEBUG org.asynchttpclient.netty.request.NettyRequestSender - Using open Channel [id: 0x1681981a, L:/127.0.0.1:61476 - R:localhost/127.0.0.1:6896] for GET '/session/7f96e7e36b9f10a8b5acad60a25246de/element/6FF2D42796E1B5636833727143D40385_element_37/text'
11:37:04.946 [AsyncHttpClient-1-8] DEBUG org.asynchttpclient.netty.handler.HttpHandler - 

Request DefaultFullHttpRequest(decodeResult: success, version: HTTP/1.1, content: EmptyByteBufBE)
GET /session/7f96e7e36b9f10a8b5acad60a25246de/element/6FF2D42796E1B5636833727143D40385_element_37/text HTTP/1.1
User-Agent: selenium/4.8.0 (java windows)
Cache-Control: no-cache
Content-Type: application/json; charset=utf-8
host: localhost:6896
accept: */*

Response DefaultHttpResponse(decodeResult: success, version: HTTP/1.1)
HTTP/1.1 200 OK
Content-Length: 17
Content-Type: application/json; charset=utf-8
cache-control: no-cache

11:37:04.946 [AsyncHttpClient-1-8] DEBUG org.asynchttpclient.netty.channel.ChannelManager - Adding key: http://localhost:6896 for channel [id: 0x1681981a, L:/127.0.0.1:61476 - R:localhost/127.0.0.1:6896]
11:37:04.946 [Forwarding findElements on session 7f96e7e36b9f10a8b5acad60a25246de to remote] DEBUG org.asynchttpclient.netty.request.NettyRequestSender - Using pooled Channel '[id: 0x1681981a, L:/127.0.0.1:61476 - R:localhost/127.0.0.1:6896]' for 'POST' to 'http://localhost:6896/session/7f96e7e36b9f10a8b5acad60a25246de/elements'
11:37:04.946 [Forwarding findElements on session 7f96e7e36b9f10a8b5acad60a25246de to remote] DEBUG org.asynchttpclient.netty.request.NettyRequestSender - Using open Channel [id: 0x1681981a, L:/127.0.0.1:61476 - R:localhost/127.0.0.1:6896] for POST '/session/7f96e7e36b9f10a8b5acad60a25246de/elements'
11:37:04.951 [AsyncHttpClient-1-8] DEBUG org.asynchttpclient.netty.handler.HttpHandler - 

Request DefaultHttpRequest(decodeResult: success, version: HTTP/1.1)
POST /session/7f96e7e36b9f10a8b5acad60a25246de/elements HTTP/1.1
User-Agent: selenium/4.8.0 (java windows)
Content-Length: 83
Content-Type: application/json; charset=utf-8
host: localhost:6896
accept: */*

Response DefaultHttpResponse(decodeResult: success, version: HTTP/1.1)
HTTP/1.1 200 OK
Content-Length: 527
Content-Type: application/json; charset=utf-8
cache-control: no-cache

11:37:04.951 [AsyncHttpClient-1-8] DEBUG org.asynchttpclient.netty.channel.ChannelManager - Adding key: http://localhost:6896 for channel [id: 0x1681981a, L:/127.0.0.1:61476 - R:localhost/127.0.0.1:6896]
11:37:04.951 [Forwarding getElementTagName on session 7f96e7e36b9f10a8b5acad60a25246de to remote] DEBUG org.asynchttpclient.netty.request.NettyRequestSender - Using pooled Channel '[id: 0x1681981a, L:/127.0.0.1:61476 - R:localhost/127.0.0.1:6896]' for 'GET' to 'http://localhost:6896/session/7f96e7e36b9f10a8b5acad60a25246de/element/6FF2D42796E1B5636833727143D40385_element_37/name'
11:37:04.951 [Forwarding getElementTagName on session 7f96e7e36b9f10a8b5acad60a25246de to remote] DEBUG org.asynchttpclient.netty.request.NettyRequestSender - Using open Channel [id: 0x1681981a, L:/127.0.0.1:61476 - R:localhost/127.0.0.1:6896] for GET '/session/7f96e7e36b9f10a8b5acad60a25246de/element/6FF2D42796E1B5636833727143D40385_element_37/name'
11:37:04.956 [AsyncHttpClient-1-8] DEBUG org.asynchttpclient.netty.handler.HttpHandler - 

Request DefaultFullHttpRequest(decodeResult: success, version: HTTP/1.1, content: EmptyByteBufBE)
GET /session/7f96e7e36b9f10a8b5acad60a25246de/element/6FF2D42796E1B5636833727143D40385_element_37/name HTTP/1.1
User-Agent: selenium/4.8.0 (java windows)
Cache-Control: no-cache
Content-Type: application/json; charset=utf-8
host: localhost:6896
accept: */*

Response DefaultHttpResponse(decodeResult: success, version: HTTP/1.1)
HTTP/1.1 200 OK
Content-Length: 15
Content-Type: application/json; charset=utf-8
cache-control: no-cache

11:37:04.956 [AsyncHttpClient-1-8] DEBUG org.asynchttpclient.netty.channel.ChannelManager - Adding key: http://localhost:6896 for channel [id: 0x1681981a, L:/127.0.0.1:61476 - R:localhost/127.0.0.1:6896]
11:37:04.958 [Forwarding getElementAttribute on session 7f96e7e36b9f10a8b5acad60a25246de to remote] DEBUG org.asynchttpclient.netty.request.NettyRequestSender - Using pooled Channel '[id: 0x1681981a, L:/127.0.0.1:61476 - R:localhost/127.0.0.1:6896]' for 'POST' to 'http://localhost:6896/session/7f96e7e36b9f10a8b5acad60a25246de/execute/sync'
11:37:04.958 [Forwarding getElementAttribute on session 7f96e7e36b9f10a8b5acad60a25246de to remote] DEBUG org.asynchttpclient.netty.request.NettyRequestSender - Using open Channel [id: 0x1681981a, L:/127.0.0.1:61476 - R:localhost/127.0.0.1:6896] for POST '/session/7f96e7e36b9f10a8b5acad60a25246de/execute/sync'
11:37:04.966 [AsyncHttpClient-1-8] DEBUG org.asynchttpclient.netty.handler.HttpHandler - 

Request DefaultHttpRequest(decodeResult: success, version: HTTP/1.1)
POST /session/7f96e7e36b9f10a8b5acad60a25246de/execute/sync HTTP/1.1
User-Agent: selenium/4.8.0 (java windows)
Content-Length: 47372
Content-Type: application/json; charset=utf-8
host: localhost:6896
accept: */*

Response DefaultHttpResponse(decodeResult: success, version: HTTP/1.1)
HTTP/1.1 200 OK
Content-Length: 12
Content-Type: application/json; charset=utf-8
cache-control: no-cache

11:37:04.966 [AsyncHttpClient-1-8] DEBUG org.asynchttpclient.netty.channel.ChannelManager - Adding key: http://localhost:6896 for channel [id: 0x1681981a, L:/127.0.0.1:61476 - R:localhost/127.0.0.1:6896]
11:37:04.969 [Forwarding getElementAttribute on session 7f96e7e36b9f10a8b5acad60a25246de to remote] DEBUG org.asynchttpclient.netty.request.NettyRequestSender - Using pooled Channel '[id: 0x1681981a, L:/127.0.0.1:61476 - R:localhost/127.0.0.1:6896]' for 'POST' to 'http://localhost:6896/session/7f96e7e36b9f10a8b5acad60a25246de/execute/sync'
11:37:04.969 [Forwarding getElementAttribute on session 7f96e7e36b9f10a8b5acad60a25246de to remote] DEBUG org.asynchttpclient.netty.request.NettyRequestSender - Using open Channel [id: 0x1681981a, L:/127.0.0.1:61476 - R:localhost/127.0.0.1:6896] for POST '/session/7f96e7e36b9f10a8b5acad60a25246de/execute/sync'
11:37:04.979 [AsyncHttpClient-1-8] DEBUG org.asynchttpclient.netty.handler.HttpHandler - 

Request DefaultHttpRequest(decodeResult: success, version: HTTP/1.1)
POST /session/7f96e7e36b9f10a8b5acad60a25246de/execute/sync HTTP/1.1
User-Agent: selenium/4.8.0 (java windows)
Content-Length: 47374
Content-Type: application/json; charset=utf-8
host: localhost:6896
accept: */*

Response DefaultHttpResponse(decodeResult: success, version: HTTP/1.1)
HTTP/1.1 200 OK
Content-Length: 14
Content-Type: application/json; charset=utf-8
cache-control: no-cache

11:37:04.979 [AsyncHttpClient-1-8] DEBUG org.asynchttpclient.netty.channel.ChannelManager - Adding key: http://localhost:6896 for channel [id: 0x1681981a, L:/127.0.0.1:61476 - R:localhost/127.0.0.1:6896]
11:37:04.982 [Forwarding getElementAttribute on session 7f96e7e36b9f10a8b5acad60a25246de to remote] DEBUG org.asynchttpclient.netty.request.NettyRequestSender - Using pooled Channel '[id: 0x1681981a, L:/127.0.0.1:61476 - R:localhost/127.0.0.1:6896]' for 'POST' to 'http://localhost:6896/session/7f96e7e36b9f10a8b5acad60a25246de/execute/sync'
11:37:04.982 [Forwarding getElementAttribute on session 7f96e7e36b9f10a8b5acad60a25246de to remote] DEBUG org.asynchttpclient.netty.request.NettyRequestSender - Using open Channel [id: 0x1681981a, L:/127.0.0.1:61476 - R:localhost/127.0.0.1:6896] for POST '/session/7f96e7e36b9f10a8b5acad60a25246de/execute/sync'
11:37:04.990 [AsyncHttpClient-1-8] DEBUG org.asynchttpclient.netty.handler.HttpHandler - 

Request DefaultHttpRequest(decodeResult: success, version: HTTP/1.1)
POST /session/7f96e7e36b9f10a8b5acad60a25246de/execute/sync HTTP/1.1
User-Agent: selenium/4.8.0 (java windows)
Content-Length: 47374
Content-Type: application/json; charset=utf-8
host: localhost:6896
accept: */*

Response DefaultHttpResponse(decodeResult: success, version: HTTP/1.1)
HTTP/1.1 200 OK
Content-Length: 14
Content-Type: application/json; charset=utf-8
cache-control: no-cache

11:37:04.990 [AsyncHttpClient-1-8] DEBUG org.asynchttpclient.netty.channel.ChannelManager - Adding key: http://localhost:6896 for channel [id: 0x1681981a, L:/127.0.0.1:61476 - R:localhost/127.0.0.1:6896]
11:37:04.993 [Forwarding getElementAttribute on session 7f96e7e36b9f10a8b5acad60a25246de to remote] DEBUG org.asynchttpclient.netty.request.NettyRequestSender - Using pooled Channel '[id: 0x1681981a, L:/127.0.0.1:61476 - R:localhost/127.0.0.1:6896]' for 'POST' to 'http://localhost:6896/session/7f96e7e36b9f10a8b5acad60a25246de/execute/sync'
11:37:04.993 [Forwarding getElementAttribute on session 7f96e7e36b9f10a8b5acad60a25246de to remote] DEBUG org.asynchttpclient.netty.request.NettyRequestSender - Using open Channel [id: 0x1681981a, L:/127.0.0.1:61476 - R:localhost/127.0.0.1:6896] for POST '/session/7f96e7e36b9f10a8b5acad60a25246de/execute/sync'
11:37:05.001 [AsyncHttpClient-1-8] DEBUG org.asynchttpclient.netty.handler.HttpHandler - 

Request DefaultHttpRequest(decodeResult: success, version: HTTP/1.1)
POST /session/7f96e7e36b9f10a8b5acad60a25246de/execute/sync HTTP/1.1
User-Agent: selenium/4.8.0 (java windows)
Content-Length: 47374
Content-Type: application/json; charset=utf-8
host: localhost:6896
accept: */*

Response DefaultHttpResponse(decodeResult: success, version: HTTP/1.1)
HTTP/1.1 200 OK
Content-Length: 14
Content-Type: application/json; charset=utf-8
cache-control: no-cache

11:37:05.001 [AsyncHttpClient-1-8] DEBUG org.asynchttpclient.netty.channel.ChannelManager - Adding key: http://localhost:6896 for channel [id: 0x1681981a, L:/127.0.0.1:61476 - R:localhost/127.0.0.1:6896]
11:37:05.003 [Forwarding getElementAttribute on session 7f96e7e36b9f10a8b5acad60a25246de to remote] DEBUG org.asynchttpclient.netty.request.NettyRequestSender - Using pooled Channel '[id: 0x1681981a, L:/127.0.0.1:61476 - R:localhost/127.0.0.1:6896]' for 'POST' to 'http://localhost:6896/session/7f96e7e36b9f10a8b5acad60a25246de/execute/sync'
11:37:05.003 [Forwarding getElementAttribute on session 7f96e7e36b9f10a8b5acad60a25246de to remote] DEBUG org.asynchttpclient.netty.request.NettyRequestSender - Using open Channel [id: 0x1681981a, L:/127.0.0.1:61476 - R:localhost/127.0.0.1:6896] for POST '/session/7f96e7e36b9f10a8b5acad60a25246de/execute/sync'
11:37:05.010 [AsyncHttpClient-1-8] DEBUG org.asynchttpclient.netty.handler.HttpHandler - 

Request DefaultHttpRequest(decodeResult: success, version: HTTP/1.1)
POST /session/7f96e7e36b9f10a8b5acad60a25246de/execute/sync HTTP/1.1
User-Agent: selenium/4.8.0 (java windows)
Content-Length: 47375
Content-Type: application/json; charset=utf-8
host: localhost:6896
accept: */*

Response DefaultHttpResponse(decodeResult: success, version: HTTP/1.1)
HTTP/1.1 200 OK
Content-Length: 14
Content-Type: application/json; charset=utf-8
cache-control: no-cache

11:37:05.010 [AsyncHttpClient-1-8] DEBUG org.asynchttpclient.netty.channel.ChannelManager - Adding key: http://localhost:6896 for channel [id: 0x1681981a, L:/127.0.0.1:61476 - R:localhost/127.0.0.1:6896]
11:37:05.013 [Forwarding getElementAttribute on session 7f96e7e36b9f10a8b5acad60a25246de to remote] DEBUG org.asynchttpclient.netty.request.NettyRequestSender - Using pooled Channel '[id: 0x1681981a, L:/127.0.0.1:61476 - R:localhost/127.0.0.1:6896]' for 'POST' to 'http://localhost:6896/session/7f96e7e36b9f10a8b5acad60a25246de/execute/sync'
11:37:05.013 [Forwarding getElementAttribute on session 7f96e7e36b9f10a8b5acad60a25246de to remote] DEBUG org.asynchttpclient.netty.request.NettyRequestSender - Using open Channel [id: 0x1681981a, L:/127.0.0.1:61476 - R:localhost/127.0.0.1:6896] for POST '/session/7f96e7e36b9f10a8b5acad60a25246de/execute/sync'
11:37:05.020 [AsyncHttpClient-1-8] DEBUG org.asynchttpclient.netty.handler.HttpHandler - 

Request DefaultHttpRequest(decodeResult: success, version: HTTP/1.1)
POST /session/7f96e7e36b9f10a8b5acad60a25246de/execute/sync HTTP/1.1
User-Agent: selenium/4.8.0 (java windows)
Content-Length: 47375
Content-Type: application/json; charset=utf-8
host: localhost:6896
accept: */*

Response DefaultHttpResponse(decodeResult: success, version: HTTP/1.1)
HTTP/1.1 200 OK
Content-Length: 32
Content-Type: application/json; charset=utf-8
cache-control: no-cache

11:37:05.020 [AsyncHttpClient-1-8] DEBUG org.asynchttpclient.netty.channel.ChannelManager - Adding key: http://localhost:6896 for channel [id: 0x1681981a, L:/127.0.0.1:61476 - R:localhost/127.0.0.1:6896]
11:37:05.022 [Forwarding getElementAttribute on session 7f96e7e36b9f10a8b5acad60a25246de to remote] DEBUG org.asynchttpclient.netty.request.NettyRequestSender - Using pooled Channel '[id: 0x1681981a, L:/127.0.0.1:61476 - R:localhost/127.0.0.1:6896]' for 'POST' to 'http://localhost:6896/session/7f96e7e36b9f10a8b5acad60a25246de/execute/sync'
11:37:05.022 [Forwarding getElementAttribute on session 7f96e7e36b9f10a8b5acad60a25246de to remote] DEBUG org.asynchttpclient.netty.request.NettyRequestSender - Using open Channel [id: 0x1681981a, L:/127.0.0.1:61476 - R:localhost/127.0.0.1:6896] for POST '/session/7f96e7e36b9f10a8b5acad60a25246de/execute/sync'
11:37:05.029 [AsyncHttpClient-1-8] DEBUG org.asynchttpclient.netty.handler.HttpHandler - 

Request DefaultHttpRequest(decodeResult: success, version: HTTP/1.1)
POST /session/7f96e7e36b9f10a8b5acad60a25246de/execute/sync HTTP/1.1
User-Agent: selenium/4.8.0 (java windows)
Content-Length: 47375
Content-Type: application/json; charset=utf-8
host: localhost:6896
accept: */*

Response DefaultHttpResponse(decodeResult: success, version: HTTP/1.1)
HTTP/1.1 200 OK
Content-Length: 32
Content-Type: application/json; charset=utf-8
cache-control: no-cache

11:37:05.029 [AsyncHttpClient-1-8] DEBUG org.asynchttpclient.netty.channel.ChannelManager - Adding key: http://localhost:6896 for channel [id: 0x1681981a, L:/127.0.0.1:61476 - R:localhost/127.0.0.1:6896]
11:37:05.030 [main] INFO  com.swaglabs.base.SetUp - <div class='inventory_item_price'> - InventoryPage.productpricesprice validation passed
11:37:05.030 [Forwarding findElements on session 7f96e7e36b9f10a8b5acad60a25246de to remote] DEBUG org.asynchttpclient.netty.request.NettyRequestSender - Using pooled Channel '[id: 0x1681981a, L:/127.0.0.1:61476 - R:localhost/127.0.0.1:6896]' for 'POST' to 'http://localhost:6896/session/7f96e7e36b9f10a8b5acad60a25246de/elements'
11:37:05.030 [Forwarding findElements on session 7f96e7e36b9f10a8b5acad60a25246de to remote] DEBUG org.asynchttpclient.netty.request.NettyRequestSender - Using open Channel [id: 0x1681981a, L:/127.0.0.1:61476 - R:localhost/127.0.0.1:6896] for POST '/session/7f96e7e36b9f10a8b5acad60a25246de/elements'
11:37:05.040 [AsyncHttpClient-1-8] DEBUG org.asynchttpclient.netty.handler.HttpHandler - 

Request DefaultHttpRequest(decodeResult: success, version: HTTP/1.1)
POST /session/7f96e7e36b9f10a8b5acad60a25246de/elements HTTP/1.1
User-Agent: selenium/4.8.0 (java windows)
Content-Length: 83
Content-Type: application/json; charset=utf-8
host: localhost:6896
accept: */*

Response DefaultHttpResponse(decodeResult: success, version: HTTP/1.1)
HTTP/1.1 200 OK
Content-Length: 527
Content-Type: application/json; charset=utf-8
cache-control: no-cache

11:37:05.040 [AsyncHttpClient-1-8] DEBUG org.asynchttpclient.netty.channel.ChannelManager - Adding key: http://localhost:6896 for channel [id: 0x1681981a, L:/127.0.0.1:61476 - R:localhost/127.0.0.1:6896]
11:37:05.042 [Forwarding findElements on session 7f96e7e36b9f10a8b5acad60a25246de to remote] DEBUG org.asynchttpclient.netty.request.NettyRequestSender - Using pooled Channel '[id: 0x1681981a, L:/127.0.0.1:61476 - R:localhost/127.0.0.1:6896]' for 'POST' to 'http://localhost:6896/session/7f96e7e36b9f10a8b5acad60a25246de/elements'
11:37:05.042 [Forwarding findElements on session 7f96e7e36b9f10a8b5acad60a25246de to remote] DEBUG org.asynchttpclient.netty.request.NettyRequestSender - Using open Channel [id: 0x1681981a, L:/127.0.0.1:61476 - R:localhost/127.0.0.1:6896] for POST '/session/7f96e7e36b9f10a8b5acad60a25246de/elements'
11:37:05.049 [AsyncHttpClient-1-8] DEBUG org.asynchttpclient.netty.handler.HttpHandler - 

Request DefaultHttpRequest(decodeResult: success, version: HTTP/1.1)
POST /session/7f96e7e36b9f10a8b5acad60a25246de/elements HTTP/1.1
User-Agent: selenium/4.8.0 (java windows)
Content-Length: 83
Content-Type: application/json; charset=utf-8
host: localhost:6896
accept: */*

Response DefaultHttpResponse(decodeResult: success, version: HTTP/1.1)
HTTP/1.1 200 OK
Content-Length: 527
Content-Type: application/json; charset=utf-8
cache-control: no-cache

11:37:05.049 [AsyncHttpClient-1-8] DEBUG org.asynchttpclient.netty.channel.ChannelManager - Adding key: http://localhost:6896 for channel [id: 0x1681981a, L:/127.0.0.1:61476 - R:localhost/127.0.0.1:6896]
11:37:05.049 [Forwarding getElementText on session 7f96e7e36b9f10a8b5acad60a25246de to remote] DEBUG org.asynchttpclient.netty.request.NettyRequestSender - Using pooled Channel '[id: 0x1681981a, L:/127.0.0.1:61476 - R:localhost/127.0.0.1:6896]' for 'GET' to 'http://localhost:6896/session/7f96e7e36b9f10a8b5acad60a25246de/element/6FF2D42796E1B5636833727143D40385_element_40/text'
11:37:05.049 [Forwarding getElementText on session 7f96e7e36b9f10a8b5acad60a25246de to remote] DEBUG org.asynchttpclient.netty.request.NettyRequestSender - Using open Channel [id: 0x1681981a, L:/127.0.0.1:61476 - R:localhost/127.0.0.1:6896] for GET '/session/7f96e7e36b9f10a8b5acad60a25246de/element/6FF2D42796E1B5636833727143D40385_element_40/text'
11:37:05.057 [AsyncHttpClient-1-8] DEBUG org.asynchttpclient.netty.handler.HttpHandler - 

Request DefaultFullHttpRequest(decodeResult: success, version: HTTP/1.1, content: EmptyByteBufBE)
GET /session/7f96e7e36b9f10a8b5acad60a25246de/element/6FF2D42796E1B5636833727143D40385_element_40/text HTTP/1.1
User-Agent: selenium/4.8.0 (java windows)
Cache-Control: no-cache
Content-Type: application/json; charset=utf-8
host: localhost:6896
accept: */*

Response DefaultHttpResponse(decodeResult: success, version: HTTP/1.1)
HTTP/1.1 200 OK
Content-Length: 17
Content-Type: application/json; charset=utf-8
cache-control: no-cache

11:37:05.057 [AsyncHttpClient-1-8] DEBUG org.asynchttpclient.netty.channel.ChannelManager - Adding key: http://localhost:6896 for channel [id: 0x1681981a, L:/127.0.0.1:61476 - R:localhost/127.0.0.1:6896]
11:37:05.059 [Forwarding findElements on session 7f96e7e36b9f10a8b5acad60a25246de to remote] DEBUG org.asynchttpclient.netty.request.NettyRequestSender - Using pooled Channel '[id: 0x1681981a, L:/127.0.0.1:61476 - R:localhost/127.0.0.1:6896]' for 'POST' to 'http://localhost:6896/session/7f96e7e36b9f10a8b5acad60a25246de/elements'
11:37:05.059 [Forwarding findElements on session 7f96e7e36b9f10a8b5acad60a25246de to remote] DEBUG org.asynchttpclient.netty.request.NettyRequestSender - Using open Channel [id: 0x1681981a, L:/127.0.0.1:61476 - R:localhost/127.0.0.1:6896] for POST '/session/7f96e7e36b9f10a8b5acad60a25246de/elements'
11:37:05.067 [AsyncHttpClient-1-8] DEBUG org.asynchttpclient.netty.handler.HttpHandler - 

Request DefaultHttpRequest(decodeResult: success, version: HTTP/1.1)
POST /session/7f96e7e36b9f10a8b5acad60a25246de/elements HTTP/1.1
User-Agent: selenium/4.8.0 (java windows)
Content-Length: 83
Content-Type: application/json; charset=utf-8
host: localhost:6896
accept: */*

Response DefaultHttpResponse(decodeResult: success, version: HTTP/1.1)
HTTP/1.1 200 OK
Content-Length: 527
Content-Type: application/json; charset=utf-8
cache-control: no-cache

11:37:05.067 [AsyncHttpClient-1-8] DEBUG org.asynchttpclient.netty.channel.ChannelManager - Adding key: http://localhost:6896 for channel [id: 0x1681981a, L:/127.0.0.1:61476 - R:localhost/127.0.0.1:6896]
11:37:05.067 [Forwarding getElementText on session 7f96e7e36b9f10a8b5acad60a25246de to remote] DEBUG org.asynchttpclient.netty.request.NettyRequestSender - Using pooled Channel '[id: 0x1681981a, L:/127.0.0.1:61476 - R:localhost/127.0.0.1:6896]' for 'GET' to 'http://localhost:6896/session/7f96e7e36b9f10a8b5acad60a25246de/element/6FF2D42796E1B5636833727143D40385_element_40/text'
11:37:05.067 [Forwarding getElementText on session 7f96e7e36b9f10a8b5acad60a25246de to remote] DEBUG org.asynchttpclient.netty.request.NettyRequestSender - Using open Channel [id: 0x1681981a, L:/127.0.0.1:61476 - R:localhost/127.0.0.1:6896] for GET '/session/7f96e7e36b9f10a8b5acad60a25246de/element/6FF2D42796E1B5636833727143D40385_element_40/text'
11:37:05.075 [AsyncHttpClient-1-8] DEBUG org.asynchttpclient.netty.handler.HttpHandler - 

Request DefaultFullHttpRequest(decodeResult: success, version: HTTP/1.1, content: EmptyByteBufBE)
GET /session/7f96e7e36b9f10a8b5acad60a25246de/element/6FF2D42796E1B5636833727143D40385_element_40/text HTTP/1.1
User-Agent: selenium/4.8.0 (java windows)
Cache-Control: no-cache
Content-Type: application/json; charset=utf-8
host: localhost:6896
accept: */*

Response DefaultHttpResponse(decodeResult: success, version: HTTP/1.1)
HTTP/1.1 200 OK
Content-Length: 17
Content-Type: application/json; charset=utf-8
cache-control: no-cache

11:37:05.075 [AsyncHttpClient-1-8] DEBUG org.asynchttpclient.netty.channel.ChannelManager - Adding key: http://localhost:6896 for channel [id: 0x1681981a, L:/127.0.0.1:61476 - R:localhost/127.0.0.1:6896]
11:37:05.076 [Forwarding findElements on session 7f96e7e36b9f10a8b5acad60a25246de to remote] DEBUG org.asynchttpclient.netty.request.NettyRequestSender - Using pooled Channel '[id: 0x1681981a, L:/127.0.0.1:61476 - R:localhost/127.0.0.1:6896]' for 'POST' to 'http://localhost:6896/session/7f96e7e36b9f10a8b5acad60a25246de/elements'
11:37:05.076 [Forwarding findElements on session 7f96e7e36b9f10a8b5acad60a25246de to remote] DEBUG org.asynchttpclient.netty.request.NettyRequestSender - Using open Channel [id: 0x1681981a, L:/127.0.0.1:61476 - R:localhost/127.0.0.1:6896] for POST '/session/7f96e7e36b9f10a8b5acad60a25246de/elements'
11:37:05.085 [AsyncHttpClient-1-8] DEBUG org.asynchttpclient.netty.handler.HttpHandler - 

Request DefaultHttpRequest(decodeResult: success, version: HTTP/1.1)
POST /session/7f96e7e36b9f10a8b5acad60a25246de/elements HTTP/1.1
User-Agent: selenium/4.8.0 (java windows)
Content-Length: 83
Content-Type: application/json; charset=utf-8
host: localhost:6896
accept: */*

Response DefaultHttpResponse(decodeResult: success, version: HTTP/1.1)
HTTP/1.1 200 OK
Content-Length: 527
Content-Type: application/json; charset=utf-8
cache-control: no-cache

11:37:05.085 [AsyncHttpClient-1-8] DEBUG org.asynchttpclient.netty.channel.ChannelManager - Adding key: http://localhost:6896 for channel [id: 0x1681981a, L:/127.0.0.1:61476 - R:localhost/127.0.0.1:6896]
11:37:05.085 [Forwarding getElementTagName on session 7f96e7e36b9f10a8b5acad60a25246de to remote] DEBUG org.asynchttpclient.netty.request.NettyRequestSender - Using pooled Channel '[id: 0x1681981a, L:/127.0.0.1:61476 - R:localhost/127.0.0.1:6896]' for 'GET' to 'http://localhost:6896/session/7f96e7e36b9f10a8b5acad60a25246de/element/6FF2D42796E1B5636833727143D40385_element_40/name'
11:37:05.085 [Forwarding getElementTagName on session 7f96e7e36b9f10a8b5acad60a25246de to remote] DEBUG org.asynchttpclient.netty.request.NettyRequestSender - Using open Channel [id: 0x1681981a, L:/127.0.0.1:61476 - R:localhost/127.0.0.1:6896] for GET '/session/7f96e7e36b9f10a8b5acad60a25246de/element/6FF2D42796E1B5636833727143D40385_element_40/name'
11:37:05.090 [AsyncHttpClient-1-8] DEBUG org.asynchttpclient.netty.handler.HttpHandler - 

Request DefaultFullHttpRequest(decodeResult: success, version: HTTP/1.1, content: EmptyByteBufBE)
GET /session/7f96e7e36b9f10a8b5acad60a25246de/element/6FF2D42796E1B5636833727143D40385_element_40/name HTTP/1.1
User-Agent: selenium/4.8.0 (java windows)
Cache-Control: no-cache
Content-Type: application/json; charset=utf-8
host: localhost:6896
accept: */*

Response DefaultHttpResponse(decodeResult: success, version: HTTP/1.1)
HTTP/1.1 200 OK
Content-Length: 15
Content-Type: application/json; charset=utf-8
cache-control: no-cache

11:37:05.090 [AsyncHttpClient-1-8] DEBUG org.asynchttpclient.netty.channel.ChannelManager - Adding key: http://localhost:6896 for channel [id: 0x1681981a, L:/127.0.0.1:61476 - R:localhost/127.0.0.1:6896]
11:37:05.091 [Forwarding getElementAttribute on session 7f96e7e36b9f10a8b5acad60a25246de to remote] DEBUG org.asynchttpclient.netty.request.NettyRequestSender - Using pooled Channel '[id: 0x1681981a, L:/127.0.0.1:61476 - R:localhost/127.0.0.1:6896]' for 'POST' to 'http://localhost:6896/session/7f96e7e36b9f10a8b5acad60a25246de/execute/sync'
11:37:05.091 [Forwarding getElementAttribute on session 7f96e7e36b9f10a8b5acad60a25246de to remote] DEBUG org.asynchttpclient.netty.request.NettyRequestSender - Using open Channel [id: 0x1681981a, L:/127.0.0.1:61476 - R:localhost/127.0.0.1:6896] for POST '/session/7f96e7e36b9f10a8b5acad60a25246de/execute/sync'
11:37:05.103 [AsyncHttpClient-1-8] DEBUG org.asynchttpclient.netty.handler.HttpHandler - 

Request DefaultHttpRequest(decodeResult: success, version: HTTP/1.1)
POST /session/7f96e7e36b9f10a8b5acad60a25246de/execute/sync HTTP/1.1
User-Agent: selenium/4.8.0 (java windows)
Content-Length: 47372
Content-Type: application/json; charset=utf-8
host: localhost:6896
accept: */*

Response DefaultHttpResponse(decodeResult: success, version: HTTP/1.1)
HTTP/1.1 200 OK
Content-Length: 12
Content-Type: application/json; charset=utf-8
cache-control: no-cache

11:37:05.103 [AsyncHttpClient-1-8] DEBUG org.asynchttpclient.netty.channel.ChannelManager - Adding key: http://localhost:6896 for channel [id: 0x1681981a, L:/127.0.0.1:61476 - R:localhost/127.0.0.1:6896]
11:37:05.107 [Forwarding getElementAttribute on session 7f96e7e36b9f10a8b5acad60a25246de to remote] DEBUG org.asynchttpclient.netty.request.NettyRequestSender - Using pooled Channel '[id: 0x1681981a, L:/127.0.0.1:61476 - R:localhost/127.0.0.1:6896]' for 'POST' to 'http://localhost:6896/session/7f96e7e36b9f10a8b5acad60a25246de/execute/sync'
11:37:05.107 [Forwarding getElementAttribute on session 7f96e7e36b9f10a8b5acad60a25246de to remote] DEBUG org.asynchttpclient.netty.request.NettyRequestSender - Using open Channel [id: 0x1681981a, L:/127.0.0.1:61476 - R:localhost/127.0.0.1:6896] for POST '/session/7f96e7e36b9f10a8b5acad60a25246de/execute/sync'
11:37:05.117 [AsyncHttpClient-1-8] DEBUG org.asynchttpclient.netty.handler.HttpHandler - 

Request DefaultHttpRequest(decodeResult: success, version: HTTP/1.1)
POST /session/7f96e7e36b9f10a8b5acad60a25246de/execute/sync HTTP/1.1
User-Agent: selenium/4.8.0 (java windows)
Content-Length: 47374
Content-Type: application/json; charset=utf-8
host: localhost:6896
accept: */*

Response DefaultHttpResponse(decodeResult: success, version: HTTP/1.1)
HTTP/1.1 200 OK
Content-Length: 14
Content-Type: application/json; charset=utf-8
cache-control: no-cache

11:37:05.117 [AsyncHttpClient-1-8] DEBUG org.asynchttpclient.netty.channel.ChannelManager - Adding key: http://localhost:6896 for channel [id: 0x1681981a, L:/127.0.0.1:61476 - R:localhost/127.0.0.1:6896]
11:37:05.119 [Forwarding getElementAttribute on session 7f96e7e36b9f10a8b5acad60a25246de to remote] DEBUG org.asynchttpclient.netty.request.NettyRequestSender - Using pooled Channel '[id: 0x1681981a, L:/127.0.0.1:61476 - R:localhost/127.0.0.1:6896]' for 'POST' to 'http://localhost:6896/session/7f96e7e36b9f10a8b5acad60a25246de/execute/sync'
11:37:05.119 [Forwarding getElementAttribute on session 7f96e7e36b9f10a8b5acad60a25246de to remote] DEBUG org.asynchttpclient.netty.request.NettyRequestSender - Using open Channel [id: 0x1681981a, L:/127.0.0.1:61476 - R:localhost/127.0.0.1:6896] for POST '/session/7f96e7e36b9f10a8b5acad60a25246de/execute/sync'
11:37:05.128 [AsyncHttpClient-1-8] DEBUG org.asynchttpclient.netty.handler.HttpHandler - 

Request DefaultHttpRequest(decodeResult: success, version: HTTP/1.1)
POST /session/7f96e7e36b9f10a8b5acad60a25246de/execute/sync HTTP/1.1
User-Agent: selenium/4.8.0 (java windows)
Content-Length: 47374
Content-Type: application/json; charset=utf-8
host: localhost:6896
accept: */*

Response DefaultHttpResponse(decodeResult: success, version: HTTP/1.1)
HTTP/1.1 200 OK
Content-Length: 14
Content-Type: application/json; charset=utf-8
cache-control: no-cache

11:37:05.128 [AsyncHttpClient-1-8] DEBUG org.asynchttpclient.netty.channel.ChannelManager - Adding key: http://localhost:6896 for channel [id: 0x1681981a, L:/127.0.0.1:61476 - R:localhost/127.0.0.1:6896]
11:37:05.131 [Forwarding getElementAttribute on session 7f96e7e36b9f10a8b5acad60a25246de to remote] DEBUG org.asynchttpclient.netty.request.NettyRequestSender - Using pooled Channel '[id: 0x1681981a, L:/127.0.0.1:61476 - R:localhost/127.0.0.1:6896]' for 'POST' to 'http://localhost:6896/session/7f96e7e36b9f10a8b5acad60a25246de/execute/sync'
11:37:05.131 [Forwarding getElementAttribute on session 7f96e7e36b9f10a8b5acad60a25246de to remote] DEBUG org.asynchttpclient.netty.request.NettyRequestSender - Using open Channel [id: 0x1681981a, L:/127.0.0.1:61476 - R:localhost/127.0.0.1:6896] for POST '/session/7f96e7e36b9f10a8b5acad60a25246de/execute/sync'
11:37:05.140 [AsyncHttpClient-1-8] DEBUG org.asynchttpclient.netty.handler.HttpHandler - 

Request DefaultHttpRequest(decodeResult: success, version: HTTP/1.1)
POST /session/7f96e7e36b9f10a8b5acad60a25246de/execute/sync HTTP/1.1
User-Agent: selenium/4.8.0 (java windows)
Content-Length: 47374
Content-Type: application/json; charset=utf-8
host: localhost:6896
accept: */*

Response DefaultHttpResponse(decodeResult: success, version: HTTP/1.1)
HTTP/1.1 200 OK
Content-Length: 14
Content-Type: application/json; charset=utf-8
cache-control: no-cache

11:37:05.140 [AsyncHttpClient-1-8] DEBUG org.asynchttpclient.netty.channel.ChannelManager - Adding key: http://localhost:6896 for channel [id: 0x1681981a, L:/127.0.0.1:61476 - R:localhost/127.0.0.1:6896]
11:37:05.142 [Forwarding getElementAttribute on session 7f96e7e36b9f10a8b5acad60a25246de to remote] DEBUG org.asynchttpclient.netty.request.NettyRequestSender - Using pooled Channel '[id: 0x1681981a, L:/127.0.0.1:61476 - R:localhost/127.0.0.1:6896]' for 'POST' to 'http://localhost:6896/session/7f96e7e36b9f10a8b5acad60a25246de/execute/sync'
11:37:05.143 [Forwarding getElementAttribute on session 7f96e7e36b9f10a8b5acad60a25246de to remote] DEBUG org.asynchttpclient.netty.request.NettyRequestSender - Using open Channel [id: 0x1681981a, L:/127.0.0.1:61476 - R:localhost/127.0.0.1:6896] for POST '/session/7f96e7e36b9f10a8b5acad60a25246de/execute/sync'
11:37:05.150 [AsyncHttpClient-1-8] DEBUG org.asynchttpclient.netty.handler.HttpHandler - 

Request DefaultHttpRequest(decodeResult: success, version: HTTP/1.1)
POST /session/7f96e7e36b9f10a8b5acad60a25246de/execute/sync HTTP/1.1
User-Agent: selenium/4.8.0 (java windows)
Content-Length: 47375
Content-Type: application/json; charset=utf-8
host: localhost:6896
accept: */*

Response DefaultHttpResponse(decodeResult: success, version: HTTP/1.1)
HTTP/1.1 200 OK
Content-Length: 14
Content-Type: application/json; charset=utf-8
cache-control: no-cache

11:37:05.150 [AsyncHttpClient-1-8] DEBUG org.asynchttpclient.netty.channel.ChannelManager - Adding key: http://localhost:6896 for channel [id: 0x1681981a, L:/127.0.0.1:61476 - R:localhost/127.0.0.1:6896]
11:37:05.151 [Forwarding getElementAttribute on session 7f96e7e36b9f10a8b5acad60a25246de to remote] DEBUG org.asynchttpclient.netty.request.NettyRequestSender - Using pooled Channel '[id: 0x1681981a, L:/127.0.0.1:61476 - R:localhost/127.0.0.1:6896]' for 'POST' to 'http://localhost:6896/session/7f96e7e36b9f10a8b5acad60a25246de/execute/sync'
11:37:05.151 [Forwarding getElementAttribute on session 7f96e7e36b9f10a8b5acad60a25246de to remote] DEBUG org.asynchttpclient.netty.request.NettyRequestSender - Using open Channel [id: 0x1681981a, L:/127.0.0.1:61476 - R:localhost/127.0.0.1:6896] for POST '/session/7f96e7e36b9f10a8b5acad60a25246de/execute/sync'
11:37:05.159 [AsyncHttpClient-1-8] DEBUG org.asynchttpclient.netty.handler.HttpHandler - 

Request DefaultHttpRequest(decodeResult: success, version: HTTP/1.1)
POST /session/7f96e7e36b9f10a8b5acad60a25246de/execute/sync HTTP/1.1
User-Agent: selenium/4.8.0 (java windows)
Content-Length: 47375
Content-Type: application/json; charset=utf-8
host: localhost:6896
accept: */*

Response DefaultHttpResponse(decodeResult: success, version: HTTP/1.1)
HTTP/1.1 200 OK
Content-Length: 32
Content-Type: application/json; charset=utf-8
cache-control: no-cache

11:37:05.159 [AsyncHttpClient-1-8] DEBUG org.asynchttpclient.netty.channel.ChannelManager - Adding key: http://localhost:6896 for channel [id: 0x1681981a, L:/127.0.0.1:61476 - R:localhost/127.0.0.1:6896]
11:37:05.161 [Forwarding getElementAttribute on session 7f96e7e36b9f10a8b5acad60a25246de to remote] DEBUG org.asynchttpclient.netty.request.NettyRequestSender - Using pooled Channel '[id: 0x1681981a, L:/127.0.0.1:61476 - R:localhost/127.0.0.1:6896]' for 'POST' to 'http://localhost:6896/session/7f96e7e36b9f10a8b5acad60a25246de/execute/sync'
11:37:05.161 [Forwarding getElementAttribute on session 7f96e7e36b9f10a8b5acad60a25246de to remote] DEBUG org.asynchttpclient.netty.request.NettyRequestSender - Using open Channel [id: 0x1681981a, L:/127.0.0.1:61476 - R:localhost/127.0.0.1:6896] for POST '/session/7f96e7e36b9f10a8b5acad60a25246de/execute/sync'
11:37:05.170 [AsyncHttpClient-1-8] DEBUG org.asynchttpclient.netty.handler.HttpHandler - 

Request DefaultHttpRequest(decodeResult: success, version: HTTP/1.1)
POST /session/7f96e7e36b9f10a8b5acad60a25246de/execute/sync HTTP/1.1
User-Agent: selenium/4.8.0 (java windows)
Content-Length: 47375
Content-Type: application/json; charset=utf-8
host: localhost:6896
accept: */*

Response DefaultHttpResponse(decodeResult: success, version: HTTP/1.1)
HTTP/1.1 200 OK
Content-Length: 32
Content-Type: application/json; charset=utf-8
cache-control: no-cache

11:37:05.170 [AsyncHttpClient-1-8] DEBUG org.asynchttpclient.netty.channel.ChannelManager - Adding key: http://localhost:6896 for channel [id: 0x1681981a, L:/127.0.0.1:61476 - R:localhost/127.0.0.1:6896]
11:37:05.171 [main] INFO  com.swaglabs.base.SetUp - <div class='inventory_item_price'> - InventoryPage.productpricesprice validation passed
11:37:05.173 [Forwarding findElements on session 7f96e7e36b9f10a8b5acad60a25246de to remote] DEBUG org.asynchttpclient.netty.request.NettyRequestSender - Using pooled Channel '[id: 0x1681981a, L:/127.0.0.1:61476 - R:localhost/127.0.0.1:6896]' for 'POST' to 'http://localhost:6896/session/7f96e7e36b9f10a8b5acad60a25246de/elements'
11:37:05.173 [Forwarding findElements on session 7f96e7e36b9f10a8b5acad60a25246de to remote] DEBUG org.asynchttpclient.netty.request.NettyRequestSender - Using open Channel [id: 0x1681981a, L:/127.0.0.1:61476 - R:localhost/127.0.0.1:6896] for POST '/session/7f96e7e36b9f10a8b5acad60a25246de/elements'
11:37:05.182 [AsyncHttpClient-1-8] DEBUG org.asynchttpclient.netty.handler.HttpHandler - 

Request DefaultHttpRequest(decodeResult: success, version: HTTP/1.1)
POST /session/7f96e7e36b9f10a8b5acad60a25246de/elements HTTP/1.1
User-Agent: selenium/4.8.0 (java windows)
Content-Length: 83
Content-Type: application/json; charset=utf-8
host: localhost:6896
accept: */*

Response DefaultHttpResponse(decodeResult: success, version: HTTP/1.1)
HTTP/1.1 200 OK
Content-Length: 527
Content-Type: application/json; charset=utf-8
cache-control: no-cache

11:37:05.182 [AsyncHttpClient-1-8] DEBUG org.asynchttpclient.netty.channel.ChannelManager - Adding key: http://localhost:6896 for channel [id: 0x1681981a, L:/127.0.0.1:61476 - R:localhost/127.0.0.1:6896]
11:37:05.185 [Forwarding getAlertText on session 7f96e7e36b9f10a8b5acad60a25246de to remote] DEBUG org.asynchttpclient.netty.request.NettyRequestSender - Using pooled Channel '[id: 0x1681981a, L:/127.0.0.1:61476 - R:localhost/127.0.0.1:6896]' for 'GET' to 'http://localhost:6896/session/7f96e7e36b9f10a8b5acad60a25246de/alert/text'
11:37:05.185 [Forwarding getAlertText on session 7f96e7e36b9f10a8b5acad60a25246de to remote] DEBUG org.asynchttpclient.netty.request.NettyRequestSender - Using open Channel [id: 0x1681981a, L:/127.0.0.1:61476 - R:localhost/127.0.0.1:6896] for GET '/session/7f96e7e36b9f10a8b5acad60a25246de/alert/text'
11:37:05.187 [AsyncHttpClient-1-8] DEBUG org.asynchttpclient.netty.handler.HttpHandler - 

Request DefaultFullHttpRequest(decodeResult: success, version: HTTP/1.1, content: EmptyByteBufBE)
GET /session/7f96e7e36b9f10a8b5acad60a25246de/alert/text HTTP/1.1
User-Agent: selenium/4.8.0 (java windows)
Cache-Control: no-cache
Content-Type: application/json; charset=utf-8
host: localhost:6896
accept: */*

Response DefaultHttpResponse(decodeResult: success, version: HTTP/1.1)
HTTP/1.1 404 Not Found
Content-Length: 1522
Content-Type: application/json; charset=utf-8
cache-control: no-cache

11:37:05.187 [AsyncHttpClient-1-8] DEBUG org.asynchttpclient.netty.channel.ChannelManager - Adding key: http://localhost:6896 for channel [id: 0x1681981a, L:/127.0.0.1:61476 - R:localhost/127.0.0.1:6896]
11:37:05.187 [Forwarding getCurrentUrl on session 7f96e7e36b9f10a8b5acad60a25246de to remote] DEBUG org.asynchttpclient.netty.request.NettyRequestSender - Using pooled Channel '[id: 0x1681981a, L:/127.0.0.1:61476 - R:localhost/127.0.0.1:6896]' for 'GET' to 'http://localhost:6896/session/7f96e7e36b9f10a8b5acad60a25246de/url'
11:37:05.187 [Forwarding getCurrentUrl on session 7f96e7e36b9f10a8b5acad60a25246de to remote] DEBUG org.asynchttpclient.netty.request.NettyRequestSender - Using open Channel [id: 0x1681981a, L:/127.0.0.1:61476 - R:localhost/127.0.0.1:6896] for GET '/session/7f96e7e36b9f10a8b5acad60a25246de/url'
11:37:05.191 [AsyncHttpClient-1-8] DEBUG org.asynchttpclient.netty.handler.HttpHandler - 

Request DefaultFullHttpRequest(decodeResult: success, version: HTTP/1.1, content: EmptyByteBufBE)
GET /session/7f96e7e36b9f10a8b5acad60a25246de/url HTTP/1.1
User-Agent: selenium/4.8.0 (java windows)
Cache-Control: no-cache
Content-Type: application/json; charset=utf-8
host: localhost:6896
accept: */*

Response DefaultHttpResponse(decodeResult: success, version: HTTP/1.1)
HTTP/1.1 200 OK
Content-Length: 52
Content-Type: application/json; charset=utf-8
cache-control: no-cache

11:37:05.191 [AsyncHttpClient-1-8] DEBUG org.asynchttpclient.netty.channel.ChannelManager - Adding key: http://localhost:6896 for channel [id: 0x1681981a, L:/127.0.0.1:61476 - R:localhost/127.0.0.1:6896]
11:37:05.192 [Forwarding screenshot on session 7f96e7e36b9f10a8b5acad60a25246de to remote] DEBUG org.asynchttpclient.netty.request.NettyRequestSender - Using pooled Channel '[id: 0x1681981a, L:/127.0.0.1:61476 - R:localhost/127.0.0.1:6896]' for 'GET' to 'http://localhost:6896/session/7f96e7e36b9f10a8b5acad60a25246de/screenshot'
11:37:05.192 [Forwarding screenshot on session 7f96e7e36b9f10a8b5acad60a25246de to remote] DEBUG org.asynchttpclient.netty.request.NettyRequestSender - Using open Channel [id: 0x1681981a, L:/127.0.0.1:61476 - R:localhost/127.0.0.1:6896] for GET '/session/7f96e7e36b9f10a8b5acad60a25246de/screenshot'
11:37:05.399 [AsyncHttpClient-1-8] DEBUG org.asynchttpclient.netty.handler.HttpHandler - 

Request DefaultFullHttpRequest(decodeResult: success, version: HTTP/1.1, content: EmptyByteBufBE)
GET /session/7f96e7e36b9f10a8b5acad60a25246de/screenshot HTTP/1.1
User-Agent: selenium/4.8.0 (java windows)
Cache-Control: no-cache
Content-Type: application/json; charset=utf-8
host: localhost:6896
accept: */*

Response DefaultHttpResponse(decodeResult: success, version: HTTP/1.1)
HTTP/1.1 200 OK
Content-Length: 500520
Content-Type: application/json; charset=utf-8
cache-control: no-cache

11:37:05.399 [AsyncHttpClient-1-8] DEBUG org.asynchttpclient.netty.channel.ChannelManager - Adding key: http://localhost:6896 for channel [id: 0x1681981a, L:/127.0.0.1:61476 - R:localhost/127.0.0.1:6896]
11:37:05.411 [main] DEBUG net.serenitybdd.core.photography.Darkroom - Send negative for processing for target\site\serenity\5e35871e6d541a83e154bd0e8ba1dc3c1700ddc1b9ab752902ef46ae8d633512.png
11:37:05.411 [main] DEBUG net.thucydides.core.steps.StepInterceptor - STEP DONE: validateProductsPricesHighToLow
11:37:05.415 [main] DEBUG net.thucydides.core.steps.StepInterceptor - STEP DONE: test5_validateSortinLogicInFilter
11:37:05.421 [Forwarding getPageSource on session 7f96e7e36b9f10a8b5acad60a25246de to remote] DEBUG org.asynchttpclient.netty.request.NettyRequestSender - Using pooled Channel '[id: 0x1681981a, L:/127.0.0.1:61476 - R:localhost/127.0.0.1:6896]' for 'POST' to 'http://localhost:6896/session/7f96e7e36b9f10a8b5acad60a25246de/execute/sync'
11:37:05.421 [Forwarding getPageSource on session 7f96e7e36b9f10a8b5acad60a25246de to remote] DEBUG org.asynchttpclient.netty.request.NettyRequestSender - Using open Channel [id: 0x1681981a, L:/127.0.0.1:61476 - R:localhost/127.0.0.1:6896] for POST '/session/7f96e7e36b9f10a8b5acad60a25246de/execute/sync'
11:37:05.428 [AsyncHttpClient-1-8] DEBUG org.asynchttpclient.netty.handler.HttpHandler - 

Request DefaultHttpRequest(decodeResult: success, version: HTTP/1.1)
POST /session/7f96e7e36b9f10a8b5acad60a25246de/execute/sync HTTP/1.1
User-Agent: selenium/4.8.0 (java windows)
Content-Length: 176
Content-Type: application/json; charset=utf-8
host: localhost:6896
accept: */*

Response DefaultHttpResponse(decodeResult: success, version: HTTP/1.1)
HTTP/1.1 200 OK
Content-Length: 16398
Content-Type: application/json; charset=utf-8
cache-control: no-cache

11:37:05.428 [AsyncHttpClient-1-8] DEBUG org.asynchttpclient.netty.channel.ChannelManager - Adding key: http://localhost:6896 for channel [id: 0x1681981a, L:/127.0.0.1:61476 - R:localhost/127.0.0.1:6896]
11:37:05.431 [Forwarding getCurrentUrl on session 7f96e7e36b9f10a8b5acad60a25246de to remote] DEBUG org.asynchttpclient.netty.request.NettyRequestSender - Using pooled Channel '[id: 0x1681981a, L:/127.0.0.1:61476 - R:localhost/127.0.0.1:6896]' for 'GET' to 'http://localhost:6896/session/7f96e7e36b9f10a8b5acad60a25246de/url'
11:37:05.431 [Forwarding getCurrentUrl on session 7f96e7e36b9f10a8b5acad60a25246de to remote] DEBUG org.asynchttpclient.netty.request.NettyRequestSender - Using open Channel [id: 0x1681981a, L:/127.0.0.1:61476 - R:localhost/127.0.0.1:6896] for GET '/session/7f96e7e36b9f10a8b5acad60a25246de/url'
11:37:05.440 [AsyncHttpClient-1-8] DEBUG org.asynchttpclient.netty.handler.HttpHandler - 

Request DefaultFullHttpRequest(decodeResult: success, version: HTTP/1.1, content: EmptyByteBufBE)
GET /session/7f96e7e36b9f10a8b5acad60a25246de/url HTTP/1.1
User-Agent: selenium/4.8.0 (java windows)
Cache-Control: no-cache
Content-Type: application/json; charset=utf-8
host: localhost:6896
accept: */*

Response DefaultHttpResponse(decodeResult: success, version: HTTP/1.1)
HTTP/1.1 200 OK
Content-Length: 52
Content-Type: application/json; charset=utf-8
cache-control: no-cache

11:37:05.440 [AsyncHttpClient-1-8] DEBUG org.asynchttpclient.netty.channel.ChannelManager - Adding key: http://localhost:6896 for channel [id: 0x1681981a, L:/127.0.0.1:61476 - R:localhost/127.0.0.1:6896]
11:37:05.452 [main] DEBUG net.thucydides.core.steps.StepInterceptor - STARTING STEP: Tests.testCases - test6_addProductToTheCart
11:37:05.454 [Forwarding findElement on session 7f96e7e36b9f10a8b5acad60a25246de to remote] DEBUG org.asynchttpclient.netty.request.NettyRequestSender - Using pooled Channel '[id: 0x1681981a, L:/127.0.0.1:61476 - R:localhost/127.0.0.1:6896]' for 'POST' to 'http://localhost:6896/session/7f96e7e36b9f10a8b5acad60a25246de/element'
11:37:05.454 [Forwarding findElement on session 7f96e7e36b9f10a8b5acad60a25246de to remote] DEBUG org.asynchttpclient.netty.request.NettyRequestSender - Using open Channel [id: 0x1681981a, L:/127.0.0.1:61476 - R:localhost/127.0.0.1:6896] for POST '/session/7f96e7e36b9f10a8b5acad60a25246de/element'
11:37:05.472 [AsyncHttpClient-1-8] DEBUG org.asynchttpclient.netty.handler.HttpHandler - 

Request DefaultHttpRequest(decodeResult: success, version: HTTP/1.1)
POST /session/7f96e7e36b9f10a8b5acad60a25246de/element HTTP/1.1
User-Agent: selenium/4.8.0 (java windows)
Content-Length: 92
Content-Type: application/json; charset=utf-8
host: localhost:6896
accept: */*

Response DefaultHttpResponse(decodeResult: success, version: HTTP/1.1)
HTTP/1.1 200 OK
Content-Length: 95
Content-Type: application/json; charset=utf-8
cache-control: no-cache

11:37:05.472 [AsyncHttpClient-1-8] DEBUG org.asynchttpclient.netty.channel.ChannelManager - Adding key: http://localhost:6896 for channel [id: 0x1681981a, L:/127.0.0.1:61476 - R:localhost/127.0.0.1:6896]
11:37:05.475 [Forwarding isElementDisplayed on session 7f96e7e36b9f10a8b5acad60a25246de to remote] DEBUG org.asynchttpclient.netty.request.NettyRequestSender - Using pooled Channel '[id: 0x1681981a, L:/127.0.0.1:61476 - R:localhost/127.0.0.1:6896]' for 'POST' to 'http://localhost:6896/session/7f96e7e36b9f10a8b5acad60a25246de/execute/sync'
11:37:05.475 [Forwarding isElementDisplayed on session 7f96e7e36b9f10a8b5acad60a25246de to remote] DEBUG org.asynchttpclient.netty.request.NettyRequestSender - Using open Channel [id: 0x1681981a, L:/127.0.0.1:61476 - R:localhost/127.0.0.1:6896] for POST '/session/7f96e7e36b9f10a8b5acad60a25246de/execute/sync'
11:37:05.491 [AsyncHttpClient-1-8] DEBUG org.asynchttpclient.netty.handler.HttpHandler - 

Request DefaultHttpRequest(decodeResult: success, version: HTTP/1.1)
POST /session/7f96e7e36b9f10a8b5acad60a25246de/execute/sync HTTP/1.1
User-Agent: selenium/4.8.0 (java windows)
Content-Length: 48814
Content-Type: application/json; charset=utf-8
host: localhost:6896
accept: */*

Response DefaultHttpResponse(decodeResult: success, version: HTTP/1.1)
HTTP/1.1 200 OK
Content-Length: 14
Content-Type: application/json; charset=utf-8
cache-control: no-cache

11:37:05.491 [AsyncHttpClient-1-8] DEBUG org.asynchttpclient.netty.channel.ChannelManager - Adding key: http://localhost:6896 for channel [id: 0x1681981a, L:/127.0.0.1:61476 - R:localhost/127.0.0.1:6896]
11:37:05.496 [Forwarding isElementDisplayed on session 7f96e7e36b9f10a8b5acad60a25246de to remote] DEBUG org.asynchttpclient.netty.request.NettyRequestSender - Using pooled Channel '[id: 0x1681981a, L:/127.0.0.1:61476 - R:localhost/127.0.0.1:6896]' for 'POST' to 'http://localhost:6896/session/7f96e7e36b9f10a8b5acad60a25246de/execute/sync'
11:37:05.496 [Forwarding isElementDisplayed on session 7f96e7e36b9f10a8b5acad60a25246de to remote] DEBUG org.asynchttpclient.netty.request.NettyRequestSender - Using open Channel [id: 0x1681981a, L:/127.0.0.1:61476 - R:localhost/127.0.0.1:6896] for POST '/session/7f96e7e36b9f10a8b5acad60a25246de/execute/sync'
11:37:05.508 [AsyncHttpClient-1-8] DEBUG org.asynchttpclient.netty.handler.HttpHandler - 

Request DefaultHttpRequest(decodeResult: success, version: HTTP/1.1)
POST /session/7f96e7e36b9f10a8b5acad60a25246de/execute/sync HTTP/1.1
User-Agent: selenium/4.8.0 (java windows)
Content-Length: 48814
Content-Type: application/json; charset=utf-8
host: localhost:6896
accept: */*

Response DefaultHttpResponse(decodeResult: success, version: HTTP/1.1)
HTTP/1.1 200 OK
Content-Length: 14
Content-Type: application/json; charset=utf-8
cache-control: no-cache

11:37:05.508 [AsyncHttpClient-1-8] DEBUG org.asynchttpclient.netty.channel.ChannelManager - Adding key: http://localhost:6896 for channel [id: 0x1681981a, L:/127.0.0.1:61476 - R:localhost/127.0.0.1:6896]
11:37:05.508 [Forwarding isElementEnabled on session 7f96e7e36b9f10a8b5acad60a25246de to remote] DEBUG org.asynchttpclient.netty.request.NettyRequestSender - Using pooled Channel '[id: 0x1681981a, L:/127.0.0.1:61476 - R:localhost/127.0.0.1:6896]' for 'GET' to 'http://localhost:6896/session/7f96e7e36b9f10a8b5acad60a25246de/element/6FF2D42796E1B5636833727143D40385_element_80/enabled'
11:37:05.508 [Forwarding isElementEnabled on session 7f96e7e36b9f10a8b5acad60a25246de to remote] DEBUG org.asynchttpclient.netty.request.NettyRequestSender - Using open Channel [id: 0x1681981a, L:/127.0.0.1:61476 - R:localhost/127.0.0.1:6896] for GET '/session/7f96e7e36b9f10a8b5acad60a25246de/element/6FF2D42796E1B5636833727143D40385_element_80/enabled'
11:37:05.518 [AsyncHttpClient-1-8] DEBUG org.asynchttpclient.netty.handler.HttpHandler - 

Request DefaultFullHttpRequest(decodeResult: success, version: HTTP/1.1, content: EmptyByteBufBE)
GET /session/7f96e7e36b9f10a8b5acad60a25246de/element/6FF2D42796E1B5636833727143D40385_element_80/enabled HTTP/1.1
User-Agent: selenium/4.8.0 (java windows)
Cache-Control: no-cache
Content-Type: application/json; charset=utf-8
host: localhost:6896
accept: */*

Response DefaultHttpResponse(decodeResult: success, version: HTTP/1.1)
HTTP/1.1 200 OK
Content-Length: 14
Content-Type: application/json; charset=utf-8
cache-control: no-cache

11:37:05.518 [AsyncHttpClient-1-8] DEBUG org.asynchttpclient.netty.channel.ChannelManager - Adding key: http://localhost:6896 for channel [id: 0x1681981a, L:/127.0.0.1:61476 - R:localhost/127.0.0.1:6896]
11:37:05.519 [Forwarding getElementTagName on session 7f96e7e36b9f10a8b5acad60a25246de to remote] DEBUG org.asynchttpclient.netty.request.NettyRequestSender - Using pooled Channel '[id: 0x1681981a, L:/127.0.0.1:61476 - R:localhost/127.0.0.1:6896]' for 'GET' to 'http://localhost:6896/session/7f96e7e36b9f10a8b5acad60a25246de/element/6FF2D42796E1B5636833727143D40385_element_80/name'
11:37:05.520 [Forwarding getElementTagName on session 7f96e7e36b9f10a8b5acad60a25246de to remote] DEBUG org.asynchttpclient.netty.request.NettyRequestSender - Using open Channel [id: 0x1681981a, L:/127.0.0.1:61476 - R:localhost/127.0.0.1:6896] for GET '/session/7f96e7e36b9f10a8b5acad60a25246de/element/6FF2D42796E1B5636833727143D40385_element_80/name'
11:37:05.524 [AsyncHttpClient-1-8] DEBUG org.asynchttpclient.netty.handler.HttpHandler - 

Request DefaultFullHttpRequest(decodeResult: success, version: HTTP/1.1, content: EmptyByteBufBE)
GET /session/7f96e7e36b9f10a8b5acad60a25246de/element/6FF2D42796E1B5636833727143D40385_element_80/name HTTP/1.1
User-Agent: selenium/4.8.0 (java windows)
Cache-Control: no-cache
Content-Type: application/json; charset=utf-8
host: localhost:6896
accept: */*

Response DefaultHttpResponse(decodeResult: success, version: HTTP/1.1)
HTTP/1.1 200 OK
Content-Length: 18
Content-Type: application/json; charset=utf-8
cache-control: no-cache

11:37:05.525 [AsyncHttpClient-1-8] DEBUG org.asynchttpclient.netty.channel.ChannelManager - Adding key: http://localhost:6896 for channel [id: 0x1681981a, L:/127.0.0.1:61476 - R:localhost/127.0.0.1:6896]
11:37:05.525 [Forwarding getElementTagName on session 7f96e7e36b9f10a8b5acad60a25246de to remote] DEBUG org.asynchttpclient.netty.request.NettyRequestSender - Using pooled Channel '[id: 0x1681981a, L:/127.0.0.1:61476 - R:localhost/127.0.0.1:6896]' for 'GET' to 'http://localhost:6896/session/7f96e7e36b9f10a8b5acad60a25246de/element/6FF2D42796E1B5636833727143D40385_element_80/name'
11:37:05.525 [Forwarding getElementTagName on session 7f96e7e36b9f10a8b5acad60a25246de to remote] DEBUG org.asynchttpclient.netty.request.NettyRequestSender - Using open Channel [id: 0x1681981a, L:/127.0.0.1:61476 - R:localhost/127.0.0.1:6896] for GET '/session/7f96e7e36b9f10a8b5acad60a25246de/element/6FF2D42796E1B5636833727143D40385_element_80/name'
11:37:05.529 [AsyncHttpClient-1-8] DEBUG org.asynchttpclient.netty.handler.HttpHandler - 

Request DefaultFullHttpRequest(decodeResult: success, version: HTTP/1.1, content: EmptyByteBufBE)
GET /session/7f96e7e36b9f10a8b5acad60a25246de/element/6FF2D42796E1B5636833727143D40385_element_80/name HTTP/1.1
User-Agent: selenium/4.8.0 (java windows)
Cache-Control: no-cache
Content-Type: application/json; charset=utf-8
host: localhost:6896
accept: */*

Response DefaultHttpResponse(decodeResult: success, version: HTTP/1.1)
HTTP/1.1 200 OK
Content-Length: 18
Content-Type: application/json; charset=utf-8
cache-control: no-cache

11:37:05.529 [AsyncHttpClient-1-8] DEBUG org.asynchttpclient.netty.channel.ChannelManager - Adding key: http://localhost:6896 for channel [id: 0x1681981a, L:/127.0.0.1:61476 - R:localhost/127.0.0.1:6896]
11:37:05.529 [Forwarding isElementEnabled on session 7f96e7e36b9f10a8b5acad60a25246de to remote] DEBUG org.asynchttpclient.netty.request.NettyRequestSender - Using pooled Channel '[id: 0x1681981a, L:/127.0.0.1:61476 - R:localhost/127.0.0.1:6896]' for 'GET' to 'http://localhost:6896/session/7f96e7e36b9f10a8b5acad60a25246de/element/6FF2D42796E1B5636833727143D40385_element_80/enabled'
11:37:05.529 [Forwarding isElementEnabled on session 7f96e7e36b9f10a8b5acad60a25246de to remote] DEBUG org.asynchttpclient.netty.request.NettyRequestSender - Using open Channel [id: 0x1681981a, L:/127.0.0.1:61476 - R:localhost/127.0.0.1:6896] for GET '/session/7f96e7e36b9f10a8b5acad60a25246de/element/6FF2D42796E1B5636833727143D40385_element_80/enabled'
11:37:05.536 [AsyncHttpClient-1-8] DEBUG org.asynchttpclient.netty.handler.HttpHandler - 

Request DefaultFullHttpRequest(decodeResult: success, version: HTTP/1.1, content: EmptyByteBufBE)
GET /session/7f96e7e36b9f10a8b5acad60a25246de/element/6FF2D42796E1B5636833727143D40385_element_80/enabled HTTP/1.1
User-Agent: selenium/4.8.0 (java windows)
Cache-Control: no-cache
Content-Type: application/json; charset=utf-8
host: localhost:6896
accept: */*

Response DefaultHttpResponse(decodeResult: success, version: HTTP/1.1)
HTTP/1.1 200 OK
Content-Length: 14
Content-Type: application/json; charset=utf-8
cache-control: no-cache

11:37:05.536 [AsyncHttpClient-1-8] DEBUG org.asynchttpclient.netty.channel.ChannelManager - Adding key: http://localhost:6896 for channel [id: 0x1681981a, L:/127.0.0.1:61476 - R:localhost/127.0.0.1:6896]
11:37:05.537 [Forwarding isElementEnabled on session 7f96e7e36b9f10a8b5acad60a25246de to remote] DEBUG org.asynchttpclient.netty.request.NettyRequestSender - Using pooled Channel '[id: 0x1681981a, L:/127.0.0.1:61476 - R:localhost/127.0.0.1:6896]' for 'GET' to 'http://localhost:6896/session/7f96e7e36b9f10a8b5acad60a25246de/element/6FF2D42796E1B5636833727143D40385_element_80/enabled'
11:37:05.537 [Forwarding isElementEnabled on session 7f96e7e36b9f10a8b5acad60a25246de to remote] DEBUG org.asynchttpclient.netty.request.NettyRequestSender - Using open Channel [id: 0x1681981a, L:/127.0.0.1:61476 - R:localhost/127.0.0.1:6896] for GET '/session/7f96e7e36b9f10a8b5acad60a25246de/element/6FF2D42796E1B5636833727143D40385_element_80/enabled'
11:37:05.543 [AsyncHttpClient-1-8] DEBUG org.asynchttpclient.netty.handler.HttpHandler - 

Request DefaultFullHttpRequest(decodeResult: success, version: HTTP/1.1, content: EmptyByteBufBE)
GET /session/7f96e7e36b9f10a8b5acad60a25246de/element/6FF2D42796E1B5636833727143D40385_element_80/enabled HTTP/1.1
User-Agent: selenium/4.8.0 (java windows)
Cache-Control: no-cache
Content-Type: application/json; charset=utf-8
host: localhost:6896
accept: */*

Response DefaultHttpResponse(decodeResult: success, version: HTTP/1.1)
HTTP/1.1 200 OK
Content-Length: 14
Content-Type: application/json; charset=utf-8
cache-control: no-cache

11:37:05.543 [AsyncHttpClient-1-8] DEBUG org.asynchttpclient.netty.channel.ChannelManager - Adding key: http://localhost:6896 for channel [id: 0x1681981a, L:/127.0.0.1:61476 - R:localhost/127.0.0.1:6896]
11:37:05.543 [Forwarding clickElement on session 7f96e7e36b9f10a8b5acad60a25246de to remote] DEBUG org.asynchttpclient.netty.request.NettyRequestSender - Using pooled Channel '[id: 0x1681981a, L:/127.0.0.1:61476 - R:localhost/127.0.0.1:6896]' for 'POST' to 'http://localhost:6896/session/7f96e7e36b9f10a8b5acad60a25246de/element/6FF2D42796E1B5636833727143D40385_element_80/click'
11:37:05.543 [Forwarding clickElement on session 7f96e7e36b9f10a8b5acad60a25246de to remote] DEBUG org.asynchttpclient.netty.request.NettyRequestSender - Using open Channel [id: 0x1681981a, L:/127.0.0.1:61476 - R:localhost/127.0.0.1:6896] for POST '/session/7f96e7e36b9f10a8b5acad60a25246de/element/6FF2D42796E1B5636833727143D40385_element_80/click'
11:37:05.591 [AsyncHttpClient-1-8] DEBUG org.asynchttpclient.netty.handler.HttpHandler - 

Request DefaultHttpRequest(decodeResult: success, version: HTTP/1.1)
POST /session/7f96e7e36b9f10a8b5acad60a25246de/element/6FF2D42796E1B5636833727143D40385_element_80/click HTTP/1.1
User-Agent: selenium/4.8.0 (java windows)
Content-Length: 57
Content-Type: application/json; charset=utf-8
host: localhost:6896
accept: */*

Response DefaultHttpResponse(decodeResult: success, version: HTTP/1.1)
HTTP/1.1 200 OK
Content-Length: 14
Content-Type: application/json; charset=utf-8
cache-control: no-cache

11:37:05.592 [AsyncHttpClient-1-8] DEBUG org.asynchttpclient.netty.channel.ChannelManager - Adding key: http://localhost:6896 for channel [id: 0x1681981a, L:/127.0.0.1:61476 - R:localhost/127.0.0.1:6896]
11:37:05.596 [main] INFO  com.swaglabs.base.SetUp - product added to the cart
11:37:05.599 [Forwarding findElement on session 7f96e7e36b9f10a8b5acad60a25246de to remote] DEBUG org.asynchttpclient.netty.request.NettyRequestSender - Using pooled Channel '[id: 0x1681981a, L:/127.0.0.1:61476 - R:localhost/127.0.0.1:6896]' for 'POST' to 'http://localhost:6896/session/7f96e7e36b9f10a8b5acad60a25246de/element'
11:37:05.599 [Forwarding findElement on session 7f96e7e36b9f10a8b5acad60a25246de to remote] DEBUG org.asynchttpclient.netty.request.NettyRequestSender - Using open Channel [id: 0x1681981a, L:/127.0.0.1:61476 - R:localhost/127.0.0.1:6896] for POST '/session/7f96e7e36b9f10a8b5acad60a25246de/element'
11:37:05.617 [AsyncHttpClient-1-8] DEBUG org.asynchttpclient.netty.handler.HttpHandler - 

Request DefaultHttpRequest(decodeResult: success, version: HTTP/1.1)
POST /session/7f96e7e36b9f10a8b5acad60a25246de/element HTTP/1.1
User-Agent: selenium/4.8.0 (java windows)
Content-Length: 83
Content-Type: application/json; charset=utf-8
host: localhost:6896
accept: */*

Response DefaultHttpResponse(decodeResult: success, version: HTTP/1.1)
HTTP/1.1 200 OK
Content-Length: 95
Content-Type: application/json; charset=utf-8
cache-control: no-cache

11:37:05.618 [AsyncHttpClient-1-8] DEBUG org.asynchttpclient.netty.channel.ChannelManager - Adding key: http://localhost:6896 for channel [id: 0x1681981a, L:/127.0.0.1:61476 - R:localhost/127.0.0.1:6896]
11:37:05.623 [Forwarding isElementDisplayed on session 7f96e7e36b9f10a8b5acad60a25246de to remote] DEBUG org.asynchttpclient.netty.request.NettyRequestSender - Using pooled Channel '[id: 0x1681981a, L:/127.0.0.1:61476 - R:localhost/127.0.0.1:6896]' for 'POST' to 'http://localhost:6896/session/7f96e7e36b9f10a8b5acad60a25246de/execute/sync'
11:37:05.623 [Forwarding isElementDisplayed on session 7f96e7e36b9f10a8b5acad60a25246de to remote] DEBUG org.asynchttpclient.netty.request.NettyRequestSender - Using open Channel [id: 0x1681981a, L:/127.0.0.1:61476 - R:localhost/127.0.0.1:6896] for POST '/session/7f96e7e36b9f10a8b5acad60a25246de/execute/sync'
11:37:05.637 [AsyncHttpClient-1-8] DEBUG org.asynchttpclient.netty.handler.HttpHandler - 

Request DefaultHttpRequest(decodeResult: success, version: HTTP/1.1)
POST /session/7f96e7e36b9f10a8b5acad60a25246de/execute/sync HTTP/1.1
User-Agent: selenium/4.8.0 (java windows)
Content-Length: 48814
Content-Type: application/json; charset=utf-8
host: localhost:6896
accept: */*

Response DefaultHttpResponse(decodeResult: success, version: HTTP/1.1)
HTTP/1.1 200 OK
Content-Length: 14
Content-Type: application/json; charset=utf-8
cache-control: no-cache

11:37:05.637 [AsyncHttpClient-1-8] DEBUG org.asynchttpclient.netty.channel.ChannelManager - Adding key: http://localhost:6896 for channel [id: 0x1681981a, L:/127.0.0.1:61476 - R:localhost/127.0.0.1:6896]
11:37:05.637 [Forwarding getElementText on session 7f96e7e36b9f10a8b5acad60a25246de to remote] DEBUG org.asynchttpclient.netty.request.NettyRequestSender - Using pooled Channel '[id: 0x1681981a, L:/127.0.0.1:61476 - R:localhost/127.0.0.1:6896]' for 'GET' to 'http://localhost:6896/session/7f96e7e36b9f10a8b5acad60a25246de/element/6FF2D42796E1B5636833727143D40385_element_81/text'
11:37:05.637 [Forwarding getElementText on session 7f96e7e36b9f10a8b5acad60a25246de to remote] DEBUG org.asynchttpclient.netty.request.NettyRequestSender - Using open Channel [id: 0x1681981a, L:/127.0.0.1:61476 - R:localhost/127.0.0.1:6896] for GET '/session/7f96e7e36b9f10a8b5acad60a25246de/element/6FF2D42796E1B5636833727143D40385_element_81/text'
11:37:05.644 [AsyncHttpClient-1-8] DEBUG org.asynchttpclient.netty.handler.HttpHandler - 

Request DefaultFullHttpRequest(decodeResult: success, version: HTTP/1.1, content: EmptyByteBufBE)
GET /session/7f96e7e36b9f10a8b5acad60a25246de/element/6FF2D42796E1B5636833727143D40385_element_81/text HTTP/1.1
User-Agent: selenium/4.8.0 (java windows)
Cache-Control: no-cache
Content-Type: application/json; charset=utf-8
host: localhost:6896
accept: */*

Response DefaultHttpResponse(decodeResult: success, version: HTTP/1.1)
HTTP/1.1 200 OK
Content-Length: 13
Content-Type: application/json; charset=utf-8
cache-control: no-cache

11:37:05.644 [AsyncHttpClient-1-8] DEBUG org.asynchttpclient.netty.channel.ChannelManager - Adding key: http://localhost:6896 for channel [id: 0x1681981a, L:/127.0.0.1:61476 - R:localhost/127.0.0.1:6896]
11:37:05.647 [Forwarding getAlertText on session 7f96e7e36b9f10a8b5acad60a25246de to remote] DEBUG org.asynchttpclient.netty.request.NettyRequestSender - Using pooled Channel '[id: 0x1681981a, L:/127.0.0.1:61476 - R:localhost/127.0.0.1:6896]' for 'GET' to 'http://localhost:6896/session/7f96e7e36b9f10a8b5acad60a25246de/alert/text'
11:37:05.647 [Forwarding getAlertText on session 7f96e7e36b9f10a8b5acad60a25246de to remote] DEBUG org.asynchttpclient.netty.request.NettyRequestSender - Using open Channel [id: 0x1681981a, L:/127.0.0.1:61476 - R:localhost/127.0.0.1:6896] for GET '/session/7f96e7e36b9f10a8b5acad60a25246de/alert/text'
11:37:05.649 [AsyncHttpClient-1-8] DEBUG org.asynchttpclient.netty.handler.HttpHandler - 

Request DefaultFullHttpRequest(decodeResult: success, version: HTTP/1.1, content: EmptyByteBufBE)
GET /session/7f96e7e36b9f10a8b5acad60a25246de/alert/text HTTP/1.1
User-Agent: selenium/4.8.0 (java windows)
Cache-Control: no-cache
Content-Type: application/json; charset=utf-8
host: localhost:6896
accept: */*

Response DefaultHttpResponse(decodeResult: success, version: HTTP/1.1)
HTTP/1.1 404 Not Found
Content-Length: 1522
Content-Type: application/json; charset=utf-8
cache-control: no-cache

11:37:05.649 [AsyncHttpClient-1-8] DEBUG org.asynchttpclient.netty.channel.ChannelManager - Adding key: http://localhost:6896 for channel [id: 0x1681981a, L:/127.0.0.1:61476 - R:localhost/127.0.0.1:6896]
11:37:05.650 [Forwarding getCurrentUrl on session 7f96e7e36b9f10a8b5acad60a25246de to remote] DEBUG org.asynchttpclient.netty.request.NettyRequestSender - Using pooled Channel '[id: 0x1681981a, L:/127.0.0.1:61476 - R:localhost/127.0.0.1:6896]' for 'GET' to 'http://localhost:6896/session/7f96e7e36b9f10a8b5acad60a25246de/url'
11:37:05.650 [Forwarding getCurrentUrl on session 7f96e7e36b9f10a8b5acad60a25246de to remote] DEBUG org.asynchttpclient.netty.request.NettyRequestSender - Using open Channel [id: 0x1681981a, L:/127.0.0.1:61476 - R:localhost/127.0.0.1:6896] for GET '/session/7f96e7e36b9f10a8b5acad60a25246de/url'
11:37:05.655 [AsyncHttpClient-1-8] DEBUG org.asynchttpclient.netty.handler.HttpHandler - 

Request DefaultFullHttpRequest(decodeResult: success, version: HTTP/1.1, content: EmptyByteBufBE)
GET /session/7f96e7e36b9f10a8b5acad60a25246de/url HTTP/1.1
User-Agent: selenium/4.8.0 (java windows)
Cache-Control: no-cache
Content-Type: application/json; charset=utf-8
host: localhost:6896
accept: */*

Response DefaultHttpResponse(decodeResult: success, version: HTTP/1.1)
HTTP/1.1 200 OK
Content-Length: 52
Content-Type: application/json; charset=utf-8
cache-control: no-cache

11:37:05.655 [AsyncHttpClient-1-8] DEBUG org.asynchttpclient.netty.channel.ChannelManager - Adding key: http://localhost:6896 for channel [id: 0x1681981a, L:/127.0.0.1:61476 - R:localhost/127.0.0.1:6896]
11:37:05.656 [Forwarding screenshot on session 7f96e7e36b9f10a8b5acad60a25246de to remote] DEBUG org.asynchttpclient.netty.request.NettyRequestSender - Using pooled Channel '[id: 0x1681981a, L:/127.0.0.1:61476 - R:localhost/127.0.0.1:6896]' for 'GET' to 'http://localhost:6896/session/7f96e7e36b9f10a8b5acad60a25246de/screenshot'
11:37:05.656 [Forwarding screenshot on session 7f96e7e36b9f10a8b5acad60a25246de to remote] DEBUG org.asynchttpclient.netty.request.NettyRequestSender - Using open Channel [id: 0x1681981a, L:/127.0.0.1:61476 - R:localhost/127.0.0.1:6896] for GET '/session/7f96e7e36b9f10a8b5acad60a25246de/screenshot'
11:37:05.863 [AsyncHttpClient-1-8] DEBUG org.asynchttpclient.netty.handler.HttpHandler - 

Request DefaultFullHttpRequest(decodeResult: success, version: HTTP/1.1, content: EmptyByteBufBE)
GET /session/7f96e7e36b9f10a8b5acad60a25246de/screenshot HTTP/1.1
User-Agent: selenium/4.8.0 (java windows)
Cache-Control: no-cache
Content-Type: application/json; charset=utf-8
host: localhost:6896
accept: */*

Response DefaultHttpResponse(decodeResult: success, version: HTTP/1.1)
HTTP/1.1 200 OK
Content-Length: 576240
Content-Type: application/json; charset=utf-8
cache-control: no-cache

11:37:05.864 [AsyncHttpClient-1-8] DEBUG org.asynchttpclient.netty.channel.ChannelManager - Adding key: http://localhost:6896 for channel [id: 0x1681981a, L:/127.0.0.1:61476 - R:localhost/127.0.0.1:6896]
11:37:05.878 [main] DEBUG net.serenitybdd.core.photography.Darkroom - Send negative for processing for target\site\serenity\94ddfa291790b0d63b2573ad7c63fc1c9e6b94ff1ca616dfde29483370215607.png
11:37:05.878 [main] DEBUG net.thucydides.core.steps.StepInterceptor - STEP DONE: test6_addProductToTheCart
11:37:05.883 [Forwarding getPageSource on session 7f96e7e36b9f10a8b5acad60a25246de to remote] DEBUG org.asynchttpclient.netty.request.NettyRequestSender - Using pooled Channel '[id: 0x1681981a, L:/127.0.0.1:61476 - R:localhost/127.0.0.1:6896]' for 'POST' to 'http://localhost:6896/session/7f96e7e36b9f10a8b5acad60a25246de/execute/sync'
11:37:05.883 [Forwarding getPageSource on session 7f96e7e36b9f10a8b5acad60a25246de to remote] DEBUG org.asynchttpclient.netty.request.NettyRequestSender - Using open Channel [id: 0x1681981a, L:/127.0.0.1:61476 - R:localhost/127.0.0.1:6896] for POST '/session/7f96e7e36b9f10a8b5acad60a25246de/execute/sync'
11:37:05.883 [Darkroom Processing Line] DEBUG net.serenitybdd.core.photography.DarkroomProcessingLine - Processing screenshot image in /var/screenshots/screenshot-6774487103813759386
11:37:05.883 [Darkroom Processing Line] DEBUG net.serenitybdd.core.photography.DarkroomProcessingLine - Saving screenshot to target\site\serenity\94ddfa291790b0d63b2573ad7c63fc1c9e6b94ff1ca616dfde29483370215607.png
11:37:05.890 [AsyncHttpClient-1-8] DEBUG org.asynchttpclient.netty.handler.HttpHandler - 

Request DefaultHttpRequest(decodeResult: success, version: HTTP/1.1)
POST /session/7f96e7e36b9f10a8b5acad60a25246de/execute/sync HTTP/1.1
User-Agent: selenium/4.8.0 (java windows)
Content-Length: 176
Content-Type: application/json; charset=utf-8
host: localhost:6896
accept: */*

Response DefaultHttpResponse(decodeResult: success, version: HTTP/1.1)
HTTP/1.1 200 OK
Content-Length: 16434
Content-Type: application/json; charset=utf-8
cache-control: no-cache

11:37:05.890 [AsyncHttpClient-1-8] DEBUG org.asynchttpclient.netty.channel.ChannelManager - Adding key: http://localhost:6896 for channel [id: 0x1681981a, L:/127.0.0.1:61476 - R:localhost/127.0.0.1:6896]
11:37:05.892 [Forwarding getCurrentUrl on session 7f96e7e36b9f10a8b5acad60a25246de to remote] DEBUG org.asynchttpclient.netty.request.NettyRequestSender - Using pooled Channel '[id: 0x1681981a, L:/127.0.0.1:61476 - R:localhost/127.0.0.1:6896]' for 'GET' to 'http://localhost:6896/session/7f96e7e36b9f10a8b5acad60a25246de/url'
11:37:05.892 [Forwarding getCurrentUrl on session 7f96e7e36b9f10a8b5acad60a25246de to remote] DEBUG org.asynchttpclient.netty.request.NettyRequestSender - Using open Channel [id: 0x1681981a, L:/127.0.0.1:61476 - R:localhost/127.0.0.1:6896] for GET '/session/7f96e7e36b9f10a8b5acad60a25246de/url'
11:37:05.899 [AsyncHttpClient-1-8] DEBUG org.asynchttpclient.netty.handler.HttpHandler - 

Request DefaultFullHttpRequest(decodeResult: success, version: HTTP/1.1, content: EmptyByteBufBE)
GET /session/7f96e7e36b9f10a8b5acad60a25246de/url HTTP/1.1
User-Agent: selenium/4.8.0 (java windows)
Cache-Control: no-cache
Content-Type: application/json; charset=utf-8
host: localhost:6896
accept: */*

Response DefaultHttpResponse(decodeResult: success, version: HTTP/1.1)
HTTP/1.1 200 OK
Content-Length: 52
Content-Type: application/json; charset=utf-8
cache-control: no-cache

11:37:05.899 [AsyncHttpClient-1-8] DEBUG org.asynchttpclient.netty.channel.ChannelManager - Adding key: http://localhost:6896 for channel [id: 0x1681981a, L:/127.0.0.1:61476 - R:localhost/127.0.0.1:6896]
11:37:05.909 [main] DEBUG net.thucydides.core.steps.StepInterceptor - STARTING STEP: Tests.testCases - test7_validateOneIsShowingNearShoppingCart
11:37:05.911 [Forwarding findElement on session 7f96e7e36b9f10a8b5acad60a25246de to remote] DEBUG org.asynchttpclient.netty.request.NettyRequestSender - Using pooled Channel '[id: 0x1681981a, L:/127.0.0.1:61476 - R:localhost/127.0.0.1:6896]' for 'POST' to 'http://localhost:6896/session/7f96e7e36b9f10a8b5acad60a25246de/element'
11:37:05.911 [Forwarding findElement on session 7f96e7e36b9f10a8b5acad60a25246de to remote] DEBUG org.asynchttpclient.netty.request.NettyRequestSender - Using open Channel [id: 0x1681981a, L:/127.0.0.1:61476 - R:localhost/127.0.0.1:6896] for POST '/session/7f96e7e36b9f10a8b5acad60a25246de/element'
11:37:05.922 [AsyncHttpClient-1-8] DEBUG org.asynchttpclient.netty.handler.HttpHandler - 

Request DefaultHttpRequest(decodeResult: success, version: HTTP/1.1)
POST /session/7f96e7e36b9f10a8b5acad60a25246de/element HTTP/1.1
User-Agent: selenium/4.8.0 (java windows)
Content-Length: 83
Content-Type: application/json; charset=utf-8
host: localhost:6896
accept: */*

Response DefaultHttpResponse(decodeResult: success, version: HTTP/1.1)
HTTP/1.1 200 OK
Content-Length: 95
Content-Type: application/json; charset=utf-8
cache-control: no-cache

11:37:05.922 [AsyncHttpClient-1-8] DEBUG org.asynchttpclient.netty.channel.ChannelManager - Adding key: http://localhost:6896 for channel [id: 0x1681981a, L:/127.0.0.1:61476 - R:localhost/127.0.0.1:6896]
11:37:05.924 [Forwarding isElementDisplayed on session 7f96e7e36b9f10a8b5acad60a25246de to remote] DEBUG org.asynchttpclient.netty.request.NettyRequestSender - Using pooled Channel '[id: 0x1681981a, L:/127.0.0.1:61476 - R:localhost/127.0.0.1:6896]' for 'POST' to 'http://localhost:6896/session/7f96e7e36b9f10a8b5acad60a25246de/execute/sync'
11:37:05.924 [Forwarding isElementDisplayed on session 7f96e7e36b9f10a8b5acad60a25246de to remote] DEBUG org.asynchttpclient.netty.request.NettyRequestSender - Using open Channel [id: 0x1681981a, L:/127.0.0.1:61476 - R:localhost/127.0.0.1:6896] for POST '/session/7f96e7e36b9f10a8b5acad60a25246de/execute/sync'
11:37:05.934 [AsyncHttpClient-1-8] DEBUG org.asynchttpclient.netty.handler.HttpHandler - 

Request DefaultHttpRequest(decodeResult: success, version: HTTP/1.1)
POST /session/7f96e7e36b9f10a8b5acad60a25246de/execute/sync HTTP/1.1
User-Agent: selenium/4.8.0 (java windows)
Content-Length: 48814
Content-Type: application/json; charset=utf-8
host: localhost:6896
accept: */*

Response DefaultHttpResponse(decodeResult: success, version: HTTP/1.1)
HTTP/1.1 200 OK
Content-Length: 14
Content-Type: application/json; charset=utf-8
cache-control: no-cache

11:37:05.934 [AsyncHttpClient-1-8] DEBUG org.asynchttpclient.netty.channel.ChannelManager - Adding key: http://localhost:6896 for channel [id: 0x1681981a, L:/127.0.0.1:61476 - R:localhost/127.0.0.1:6896]
11:37:05.935 [Forwarding getElementText on session 7f96e7e36b9f10a8b5acad60a25246de to remote] DEBUG org.asynchttpclient.netty.request.NettyRequestSender - Using pooled Channel '[id: 0x1681981a, L:/127.0.0.1:61476 - R:localhost/127.0.0.1:6896]' for 'GET' to 'http://localhost:6896/session/7f96e7e36b9f10a8b5acad60a25246de/element/6FF2D42796E1B5636833727143D40385_element_81/text'
11:37:05.935 [Forwarding getElementText on session 7f96e7e36b9f10a8b5acad60a25246de to remote] DEBUG org.asynchttpclient.netty.request.NettyRequestSender - Using open Channel [id: 0x1681981a, L:/127.0.0.1:61476 - R:localhost/127.0.0.1:6896] for GET '/session/7f96e7e36b9f10a8b5acad60a25246de/element/6FF2D42796E1B5636833727143D40385_element_81/text'
11:37:05.942 [AsyncHttpClient-1-1] DEBUG org.asynchttpclient.netty.channel.DefaultChannelPool - Entry count for : http://localhost:61482 : 1
11:37:05.944 [AsyncHttpClient-1-8] DEBUG org.asynchttpclient.netty.handler.HttpHandler - 

Request DefaultFullHttpRequest(decodeResult: success, version: HTTP/1.1, content: EmptyByteBufBE)
GET /session/7f96e7e36b9f10a8b5acad60a25246de/element/6FF2D42796E1B5636833727143D40385_element_81/text HTTP/1.1
User-Agent: selenium/4.8.0 (java windows)
Cache-Control: no-cache
Content-Type: application/json; charset=utf-8
host: localhost:6896
accept: */*

Response DefaultHttpResponse(decodeResult: success, version: HTTP/1.1)
HTTP/1.1 200 OK
Content-Length: 13
Content-Type: application/json; charset=utf-8
cache-control: no-cache

11:37:05.944 [AsyncHttpClient-1-8] DEBUG org.asynchttpclient.netty.channel.ChannelManager - Adding key: http://localhost:6896 for channel [id: 0x1681981a, L:/127.0.0.1:61476 - R:localhost/127.0.0.1:6896]
11:37:05.945 [Forwarding executeScript on session 7f96e7e36b9f10a8b5acad60a25246de to remote] DEBUG org.asynchttpclient.netty.request.NettyRequestSender - Using pooled Channel '[id: 0x1681981a, L:/127.0.0.1:61476 - R:localhost/127.0.0.1:6896]' for 'POST' to 'http://localhost:6896/session/7f96e7e36b9f10a8b5acad60a25246de/execute/sync'
11:37:05.945 [Forwarding executeScript on session 7f96e7e36b9f10a8b5acad60a25246de to remote] DEBUG org.asynchttpclient.netty.request.NettyRequestSender - Using open Channel [id: 0x1681981a, L:/127.0.0.1:61476 - R:localhost/127.0.0.1:6896] for POST '/session/7f96e7e36b9f10a8b5acad60a25246de/execute/sync'
11:37:05.954 [AsyncHttpClient-1-8] DEBUG org.asynchttpclient.netty.handler.HttpHandler - 

Request DefaultHttpRequest(decodeResult: success, version: HTTP/1.1)
POST /session/7f96e7e36b9f10a8b5acad60a25246de/execute/sync HTTP/1.1
User-Agent: selenium/4.8.0 (java windows)
Content-Length: 60
Content-Type: application/json; charset=utf-8
host: localhost:6896
accept: */*

Response DefaultHttpResponse(decodeResult: success, version: HTTP/1.1)
HTTP/1.1 200 OK
Content-Length: 14
Content-Type: application/json; charset=utf-8
cache-control: no-cache

11:37:05.954 [AsyncHttpClient-1-8] DEBUG org.asynchttpclient.netty.channel.ChannelManager - Adding key: http://localhost:6896 for channel [id: 0x1681981a, L:/127.0.0.1:61476 - R:localhost/127.0.0.1:6896]
actualcount1
11:37:05.960 [Forwarding findElement on session 7f96e7e36b9f10a8b5acad60a25246de to remote] DEBUG org.asynchttpclient.netty.request.NettyRequestSender - Using pooled Channel '[id: 0x1681981a, L:/127.0.0.1:61476 - R:localhost/127.0.0.1:6896]' for 'POST' to 'http://localhost:6896/session/7f96e7e36b9f10a8b5acad60a25246de/element'
11:37:05.960 [Forwarding findElement on session 7f96e7e36b9f10a8b5acad60a25246de to remote] DEBUG org.asynchttpclient.netty.request.NettyRequestSender - Using open Channel [id: 0x1681981a, L:/127.0.0.1:61476 - R:localhost/127.0.0.1:6896] for POST '/session/7f96e7e36b9f10a8b5acad60a25246de/element'
11:37:05.971 [AsyncHttpClient-1-8] DEBUG org.asynchttpclient.netty.handler.HttpHandler - 

Request DefaultHttpRequest(decodeResult: success, version: HTTP/1.1)
POST /session/7f96e7e36b9f10a8b5acad60a25246de/element HTTP/1.1
User-Agent: selenium/4.8.0 (java windows)
Content-Length: 83
Content-Type: application/json; charset=utf-8
host: localhost:6896
accept: */*

Response DefaultHttpResponse(decodeResult: success, version: HTTP/1.1)
HTTP/1.1 200 OK
Content-Length: 95
Content-Type: application/json; charset=utf-8
cache-control: no-cache

11:37:05.971 [AsyncHttpClient-1-8] DEBUG org.asynchttpclient.netty.channel.ChannelManager - Adding key: http://localhost:6896 for channel [id: 0x1681981a, L:/127.0.0.1:61476 - R:localhost/127.0.0.1:6896]
11:37:05.975 [Forwarding isElementDisplayed on session 7f96e7e36b9f10a8b5acad60a25246de to remote] DEBUG org.asynchttpclient.netty.request.NettyRequestSender - Using pooled Channel '[id: 0x1681981a, L:/127.0.0.1:61476 - R:localhost/127.0.0.1:6896]' for 'POST' to 'http://localhost:6896/session/7f96e7e36b9f10a8b5acad60a25246de/execute/sync'
11:37:05.975 [Forwarding isElementDisplayed on session 7f96e7e36b9f10a8b5acad60a25246de to remote] DEBUG org.asynchttpclient.netty.request.NettyRequestSender - Using open Channel [id: 0x1681981a, L:/127.0.0.1:61476 - R:localhost/127.0.0.1:6896] for POST '/session/7f96e7e36b9f10a8b5acad60a25246de/execute/sync'
11:37:05.987 [AsyncHttpClient-1-8] DEBUG org.asynchttpclient.netty.handler.HttpHandler - 

Request DefaultHttpRequest(decodeResult: success, version: HTTP/1.1)
POST /session/7f96e7e36b9f10a8b5acad60a25246de/execute/sync HTTP/1.1
User-Agent: selenium/4.8.0 (java windows)
Content-Length: 48814
Content-Type: application/json; charset=utf-8
host: localhost:6896
accept: */*

Response DefaultHttpResponse(decodeResult: success, version: HTTP/1.1)
HTTP/1.1 200 OK
Content-Length: 14
Content-Type: application/json; charset=utf-8
cache-control: no-cache

11:37:05.987 [AsyncHttpClient-1-8] DEBUG org.asynchttpclient.netty.channel.ChannelManager - Adding key: http://localhost:6896 for channel [id: 0x1681981a, L:/127.0.0.1:61476 - R:localhost/127.0.0.1:6896]
11:37:05.987 [Forwarding getElementText on session 7f96e7e36b9f10a8b5acad60a25246de to remote] DEBUG org.asynchttpclient.netty.request.NettyRequestSender - Using pooled Channel '[id: 0x1681981a, L:/127.0.0.1:61476 - R:localhost/127.0.0.1:6896]' for 'GET' to 'http://localhost:6896/session/7f96e7e36b9f10a8b5acad60a25246de/element/6FF2D42796E1B5636833727143D40385_element_81/text'
11:37:05.987 [Forwarding getElementText on session 7f96e7e36b9f10a8b5acad60a25246de to remote] DEBUG org.asynchttpclient.netty.request.NettyRequestSender - Using open Channel [id: 0x1681981a, L:/127.0.0.1:61476 - R:localhost/127.0.0.1:6896] for GET '/session/7f96e7e36b9f10a8b5acad60a25246de/element/6FF2D42796E1B5636833727143D40385_element_81/text'
11:37:05.997 [AsyncHttpClient-1-8] DEBUG org.asynchttpclient.netty.handler.HttpHandler - 

Request DefaultFullHttpRequest(decodeResult: success, version: HTTP/1.1, content: EmptyByteBufBE)
GET /session/7f96e7e36b9f10a8b5acad60a25246de/element/6FF2D42796E1B5636833727143D40385_element_81/text HTTP/1.1
User-Agent: selenium/4.8.0 (java windows)
Cache-Control: no-cache
Content-Type: application/json; charset=utf-8
host: localhost:6896
accept: */*

Response DefaultHttpResponse(decodeResult: success, version: HTTP/1.1)
HTTP/1.1 200 OK
Content-Length: 13
Content-Type: application/json; charset=utf-8
cache-control: no-cache

11:37:05.997 [AsyncHttpClient-1-8] DEBUG org.asynchttpclient.netty.channel.ChannelManager - Adding key: http://localhost:6896 for channel [id: 0x1681981a, L:/127.0.0.1:61476 - R:localhost/127.0.0.1:6896]
11:37:05.997 [main] INFO  com.swaglabs.base.SetUp - validated product count as 1 in shopping cart
11:37:06.001 [Forwarding getAlertText on session 7f96e7e36b9f10a8b5acad60a25246de to remote] DEBUG org.asynchttpclient.netty.request.NettyRequestSender - Using pooled Channel '[id: 0x1681981a, L:/127.0.0.1:61476 - R:localhost/127.0.0.1:6896]' for 'GET' to 'http://localhost:6896/session/7f96e7e36b9f10a8b5acad60a25246de/alert/text'
11:37:06.001 [Forwarding getAlertText on session 7f96e7e36b9f10a8b5acad60a25246de to remote] DEBUG org.asynchttpclient.netty.request.NettyRequestSender - Using open Channel [id: 0x1681981a, L:/127.0.0.1:61476 - R:localhost/127.0.0.1:6896] for GET '/session/7f96e7e36b9f10a8b5acad60a25246de/alert/text'
11:37:06.003 [AsyncHttpClient-1-8] DEBUG org.asynchttpclient.netty.handler.HttpHandler - 

Request DefaultFullHttpRequest(decodeResult: success, version: HTTP/1.1, content: EmptyByteBufBE)
GET /session/7f96e7e36b9f10a8b5acad60a25246de/alert/text HTTP/1.1
User-Agent: selenium/4.8.0 (java windows)
Cache-Control: no-cache
Content-Type: application/json; charset=utf-8
host: localhost:6896
accept: */*

Response DefaultHttpResponse(decodeResult: success, version: HTTP/1.1)
HTTP/1.1 404 Not Found
Content-Length: 1522
Content-Type: application/json; charset=utf-8
cache-control: no-cache

11:37:06.003 [AsyncHttpClient-1-8] DEBUG org.asynchttpclient.netty.channel.ChannelManager - Adding key: http://localhost:6896 for channel [id: 0x1681981a, L:/127.0.0.1:61476 - R:localhost/127.0.0.1:6896]
11:37:06.004 [Forwarding getCurrentUrl on session 7f96e7e36b9f10a8b5acad60a25246de to remote] DEBUG org.asynchttpclient.netty.request.NettyRequestSender - Using pooled Channel '[id: 0x1681981a, L:/127.0.0.1:61476 - R:localhost/127.0.0.1:6896]' for 'GET' to 'http://localhost:6896/session/7f96e7e36b9f10a8b5acad60a25246de/url'
11:37:06.004 [Forwarding getCurrentUrl on session 7f96e7e36b9f10a8b5acad60a25246de to remote] DEBUG org.asynchttpclient.netty.request.NettyRequestSender - Using open Channel [id: 0x1681981a, L:/127.0.0.1:61476 - R:localhost/127.0.0.1:6896] for GET '/session/7f96e7e36b9f10a8b5acad60a25246de/url'
11:37:06.008 [AsyncHttpClient-1-8] DEBUG org.asynchttpclient.netty.handler.HttpHandler - 

Request DefaultFullHttpRequest(decodeResult: success, version: HTTP/1.1, content: EmptyByteBufBE)
GET /session/7f96e7e36b9f10a8b5acad60a25246de/url HTTP/1.1
User-Agent: selenium/4.8.0 (java windows)
Cache-Control: no-cache
Content-Type: application/json; charset=utf-8
host: localhost:6896
accept: */*

Response DefaultHttpResponse(decodeResult: success, version: HTTP/1.1)
HTTP/1.1 200 OK
Content-Length: 52
Content-Type: application/json; charset=utf-8
cache-control: no-cache

11:37:06.008 [AsyncHttpClient-1-8] DEBUG org.asynchttpclient.netty.channel.ChannelManager - Adding key: http://localhost:6896 for channel [id: 0x1681981a, L:/127.0.0.1:61476 - R:localhost/127.0.0.1:6896]
11:37:06.009 [Forwarding screenshot on session 7f96e7e36b9f10a8b5acad60a25246de to remote] DEBUG org.asynchttpclient.netty.request.NettyRequestSender - Using pooled Channel '[id: 0x1681981a, L:/127.0.0.1:61476 - R:localhost/127.0.0.1:6896]' for 'GET' to 'http://localhost:6896/session/7f96e7e36b9f10a8b5acad60a25246de/screenshot'
11:37:06.009 [Forwarding screenshot on session 7f96e7e36b9f10a8b5acad60a25246de to remote] DEBUG org.asynchttpclient.netty.request.NettyRequestSender - Using open Channel [id: 0x1681981a, L:/127.0.0.1:61476 - R:localhost/127.0.0.1:6896] for GET '/session/7f96e7e36b9f10a8b5acad60a25246de/screenshot'
11:37:06.210 [AsyncHttpClient-1-8] DEBUG org.asynchttpclient.netty.handler.HttpHandler - 

Request DefaultFullHttpRequest(decodeResult: success, version: HTTP/1.1, content: EmptyByteBufBE)
GET /session/7f96e7e36b9f10a8b5acad60a25246de/screenshot HTTP/1.1
User-Agent: selenium/4.8.0 (java windows)
Cache-Control: no-cache
Content-Type: application/json; charset=utf-8
host: localhost:6896
accept: */*

Response DefaultHttpResponse(decodeResult: success, version: HTTP/1.1)
HTTP/1.1 200 OK
Content-Length: 511324
Content-Type: application/json; charset=utf-8
cache-control: no-cache

11:37:06.210 [AsyncHttpClient-1-8] DEBUG org.asynchttpclient.netty.channel.ChannelManager - Adding key: http://localhost:6896 for channel [id: 0x1681981a, L:/127.0.0.1:61476 - R:localhost/127.0.0.1:6896]
11:37:06.225 [main] DEBUG net.serenitybdd.core.photography.Darkroom - Send negative for processing for target\site\serenity\5865658128262a4a7319fc7f9d1f4de8ff0528927e81dcf8002122b887fcb5c5.png
11:37:06.225 [main] DEBUG net.thucydides.core.steps.StepInterceptor - STEP DONE: test7_validateOneIsShowingNearShoppingCart
11:37:06.229 [Forwarding getPageSource on session 7f96e7e36b9f10a8b5acad60a25246de to remote] DEBUG org.asynchttpclient.netty.request.NettyRequestSender - Using pooled Channel '[id: 0x1681981a, L:/127.0.0.1:61476 - R:localhost/127.0.0.1:6896]' for 'POST' to 'http://localhost:6896/session/7f96e7e36b9f10a8b5acad60a25246de/execute/sync'
11:37:06.229 [Forwarding getPageSource on session 7f96e7e36b9f10a8b5acad60a25246de to remote] DEBUG org.asynchttpclient.netty.request.NettyRequestSender - Using open Channel [id: 0x1681981a, L:/127.0.0.1:61476 - R:localhost/127.0.0.1:6896] for POST '/session/7f96e7e36b9f10a8b5acad60a25246de/execute/sync'
11:37:06.230 [Darkroom Processing Line] DEBUG net.serenitybdd.core.photography.DarkroomProcessingLine - Processing screenshot image in /var/screenshots/screenshot-3938683585959623022
11:37:06.230 [Darkroom Processing Line] DEBUG net.serenitybdd.core.photography.DarkroomProcessingLine - Saving screenshot to target\site\serenity\5865658128262a4a7319fc7f9d1f4de8ff0528927e81dcf8002122b887fcb5c5.png
11:37:06.236 [AsyncHttpClient-1-8] DEBUG org.asynchttpclient.netty.handler.HttpHandler - 

Request DefaultHttpRequest(decodeResult: success, version: HTTP/1.1)
POST /session/7f96e7e36b9f10a8b5acad60a25246de/execute/sync HTTP/1.1
User-Agent: selenium/4.8.0 (java windows)
Content-Length: 176
Content-Type: application/json; charset=utf-8
host: localhost:6896
accept: */*

Response DefaultHttpResponse(decodeResult: success, version: HTTP/1.1)
HTTP/1.1 200 OK
Content-Length: 16434
Content-Type: application/json; charset=utf-8
cache-control: no-cache

11:37:06.236 [AsyncHttpClient-1-8] DEBUG org.asynchttpclient.netty.channel.ChannelManager - Adding key: http://localhost:6896 for channel [id: 0x1681981a, L:/127.0.0.1:61476 - R:localhost/127.0.0.1:6896]
11:37:06.240 [Forwarding getCurrentUrl on session 7f96e7e36b9f10a8b5acad60a25246de to remote] DEBUG org.asynchttpclient.netty.request.NettyRequestSender - Using pooled Channel '[id: 0x1681981a, L:/127.0.0.1:61476 - R:localhost/127.0.0.1:6896]' for 'GET' to 'http://localhost:6896/session/7f96e7e36b9f10a8b5acad60a25246de/url'
11:37:06.240 [Forwarding getCurrentUrl on session 7f96e7e36b9f10a8b5acad60a25246de to remote] DEBUG org.asynchttpclient.netty.request.NettyRequestSender - Using open Channel [id: 0x1681981a, L:/127.0.0.1:61476 - R:localhost/127.0.0.1:6896] for GET '/session/7f96e7e36b9f10a8b5acad60a25246de/url'
11:37:06.247 [AsyncHttpClient-1-8] DEBUG org.asynchttpclient.netty.handler.HttpHandler - 

Request DefaultFullHttpRequest(decodeResult: success, version: HTTP/1.1, content: EmptyByteBufBE)
GET /session/7f96e7e36b9f10a8b5acad60a25246de/url HTTP/1.1
User-Agent: selenium/4.8.0 (java windows)
Cache-Control: no-cache
Content-Type: application/json; charset=utf-8
host: localhost:6896
accept: */*

Response DefaultHttpResponse(decodeResult: success, version: HTTP/1.1)
HTTP/1.1 200 OK
Content-Length: 52
Content-Type: application/json; charset=utf-8
cache-control: no-cache

11:37:06.247 [AsyncHttpClient-1-8] DEBUG org.asynchttpclient.netty.channel.ChannelManager - Adding key: http://localhost:6896 for channel [id: 0x1681981a, L:/127.0.0.1:61476 - R:localhost/127.0.0.1:6896]
11:37:06.256 [main] DEBUG net.thucydides.core.steps.StepInterceptor - STARTING STEP: Tests.testCases - test8_validateUserInterfaceFootersAndHeaders
11:37:06.260 [Forwarding findElement on session 7f96e7e36b9f10a8b5acad60a25246de to remote] DEBUG org.asynchttpclient.netty.request.NettyRequestSender - Using pooled Channel '[id: 0x1681981a, L:/127.0.0.1:61476 - R:localhost/127.0.0.1:6896]' for 'POST' to 'http://localhost:6896/session/7f96e7e36b9f10a8b5acad60a25246de/element'
11:37:06.260 [Forwarding findElement on session 7f96e7e36b9f10a8b5acad60a25246de to remote] DEBUG org.asynchttpclient.netty.request.NettyRequestSender - Using open Channel [id: 0x1681981a, L:/127.0.0.1:61476 - R:localhost/127.0.0.1:6896] for POST '/session/7f96e7e36b9f10a8b5acad60a25246de/element'
11:37:06.271 [AsyncHttpClient-1-8] DEBUG org.asynchttpclient.netty.handler.HttpHandler - 

Request DefaultHttpRequest(decodeResult: success, version: HTTP/1.1)
POST /session/7f96e7e36b9f10a8b5acad60a25246de/element HTTP/1.1
User-Agent: selenium/4.8.0 (java windows)
Content-Length: 83
Content-Type: application/json; charset=utf-8
host: localhost:6896
accept: */*

Response DefaultHttpResponse(decodeResult: success, version: HTTP/1.1)
HTTP/1.1 200 OK
Content-Length: 95
Content-Type: application/json; charset=utf-8
cache-control: no-cache

11:37:06.271 [AsyncHttpClient-1-8] DEBUG org.asynchttpclient.netty.channel.ChannelManager - Adding key: http://localhost:6896 for channel [id: 0x1681981a, L:/127.0.0.1:61476 - R:localhost/127.0.0.1:6896]
11:37:06.275 [Forwarding isElementDisplayed on session 7f96e7e36b9f10a8b5acad60a25246de to remote] DEBUG org.asynchttpclient.netty.request.NettyRequestSender - Using pooled Channel '[id: 0x1681981a, L:/127.0.0.1:61476 - R:localhost/127.0.0.1:6896]' for 'POST' to 'http://localhost:6896/session/7f96e7e36b9f10a8b5acad60a25246de/execute/sync'
11:37:06.275 [Forwarding isElementDisplayed on session 7f96e7e36b9f10a8b5acad60a25246de to remote] DEBUG org.asynchttpclient.netty.request.NettyRequestSender - Using open Channel [id: 0x1681981a, L:/127.0.0.1:61476 - R:localhost/127.0.0.1:6896] for POST '/session/7f96e7e36b9f10a8b5acad60a25246de/execute/sync'
11:37:06.285 [AsyncHttpClient-1-8] DEBUG org.asynchttpclient.netty.handler.HttpHandler - 

Request DefaultHttpRequest(decodeResult: success, version: HTTP/1.1)
POST /session/7f96e7e36b9f10a8b5acad60a25246de/execute/sync HTTP/1.1
User-Agent: selenium/4.8.0 (java windows)
Content-Length: 48814
Content-Type: application/json; charset=utf-8
host: localhost:6896
accept: */*

Response DefaultHttpResponse(decodeResult: success, version: HTTP/1.1)
HTTP/1.1 200 OK
Content-Length: 14
Content-Type: application/json; charset=utf-8
cache-control: no-cache

11:37:06.285 [AsyncHttpClient-1-8] DEBUG org.asynchttpclient.netty.channel.ChannelManager - Adding key: http://localhost:6896 for channel [id: 0x1681981a, L:/127.0.0.1:61476 - R:localhost/127.0.0.1:6896]
11:37:06.286 [Forwarding getElementTagName on session 7f96e7e36b9f10a8b5acad60a25246de to remote] DEBUG org.asynchttpclient.netty.request.NettyRequestSender - Using pooled Channel '[id: 0x1681981a, L:/127.0.0.1:61476 - R:localhost/127.0.0.1:6896]' for 'GET' to 'http://localhost:6896/session/7f96e7e36b9f10a8b5acad60a25246de/element/6FF2D42796E1B5636833727143D40385_element_82/name'
11:37:06.286 [Forwarding getElementTagName on session 7f96e7e36b9f10a8b5acad60a25246de to remote] DEBUG org.asynchttpclient.netty.request.NettyRequestSender - Using open Channel [id: 0x1681981a, L:/127.0.0.1:61476 - R:localhost/127.0.0.1:6896] for GET '/session/7f96e7e36b9f10a8b5acad60a25246de/element/6FF2D42796E1B5636833727143D40385_element_82/name'
11:37:06.290 [AsyncHttpClient-1-8] DEBUG org.asynchttpclient.netty.handler.HttpHandler - 

Request DefaultFullHttpRequest(decodeResult: success, version: HTTP/1.1, content: EmptyByteBufBE)
GET /session/7f96e7e36b9f10a8b5acad60a25246de/element/6FF2D42796E1B5636833727143D40385_element_82/name HTTP/1.1
User-Agent: selenium/4.8.0 (java windows)
Cache-Control: no-cache
Content-Type: application/json; charset=utf-8
host: localhost:6896
accept: */*

Response DefaultHttpResponse(decodeResult: success, version: HTTP/1.1)
HTTP/1.1 200 OK
Content-Length: 15
Content-Type: application/json; charset=utf-8
cache-control: no-cache

11:37:06.290 [AsyncHttpClient-1-8] DEBUG org.asynchttpclient.netty.channel.ChannelManager - Adding key: http://localhost:6896 for channel [id: 0x1681981a, L:/127.0.0.1:61476 - R:localhost/127.0.0.1:6896]
11:37:06.291 [Forwarding getElementTagName on session 7f96e7e36b9f10a8b5acad60a25246de to remote] DEBUG org.asynchttpclient.netty.request.NettyRequestSender - Using pooled Channel '[id: 0x1681981a, L:/127.0.0.1:61476 - R:localhost/127.0.0.1:6896]' for 'GET' to 'http://localhost:6896/session/7f96e7e36b9f10a8b5acad60a25246de/element/6FF2D42796E1B5636833727143D40385_element_82/name'
11:37:06.291 [Forwarding getElementTagName on session 7f96e7e36b9f10a8b5acad60a25246de to remote] DEBUG org.asynchttpclient.netty.request.NettyRequestSender - Using open Channel [id: 0x1681981a, L:/127.0.0.1:61476 - R:localhost/127.0.0.1:6896] for GET '/session/7f96e7e36b9f10a8b5acad60a25246de/element/6FF2D42796E1B5636833727143D40385_element_82/name'
11:37:06.296 [AsyncHttpClient-1-8] DEBUG org.asynchttpclient.netty.handler.HttpHandler - 

Request DefaultFullHttpRequest(decodeResult: success, version: HTTP/1.1, content: EmptyByteBufBE)
GET /session/7f96e7e36b9f10a8b5acad60a25246de/element/6FF2D42796E1B5636833727143D40385_element_82/name HTTP/1.1
User-Agent: selenium/4.8.0 (java windows)
Cache-Control: no-cache
Content-Type: application/json; charset=utf-8
host: localhost:6896
accept: */*

Response DefaultHttpResponse(decodeResult: success, version: HTTP/1.1)
HTTP/1.1 200 OK
Content-Length: 15
Content-Type: application/json; charset=utf-8
cache-control: no-cache

11:37:06.296 [AsyncHttpClient-1-8] DEBUG org.asynchttpclient.netty.channel.ChannelManager - Adding key: http://localhost:6896 for channel [id: 0x1681981a, L:/127.0.0.1:61476 - R:localhost/127.0.0.1:6896]
11:37:06.297 [Forwarding findElement on session 7f96e7e36b9f10a8b5acad60a25246de to remote] DEBUG org.asynchttpclient.netty.request.NettyRequestSender - Using pooled Channel '[id: 0x1681981a, L:/127.0.0.1:61476 - R:localhost/127.0.0.1:6896]' for 'POST' to 'http://localhost:6896/session/7f96e7e36b9f10a8b5acad60a25246de/element'
11:37:06.297 [Forwarding findElement on session 7f96e7e36b9f10a8b5acad60a25246de to remote] DEBUG org.asynchttpclient.netty.request.NettyRequestSender - Using open Channel [id: 0x1681981a, L:/127.0.0.1:61476 - R:localhost/127.0.0.1:6896] for POST '/session/7f96e7e36b9f10a8b5acad60a25246de/element'
11:37:06.308 [AsyncHttpClient-1-8] DEBUG org.asynchttpclient.netty.handler.HttpHandler - 

Request DefaultHttpRequest(decodeResult: success, version: HTTP/1.1)
POST /session/7f96e7e36b9f10a8b5acad60a25246de/element HTTP/1.1
User-Agent: selenium/4.8.0 (java windows)
Content-Length: 83
Content-Type: application/json; charset=utf-8
host: localhost:6896
accept: */*

Response DefaultHttpResponse(decodeResult: success, version: HTTP/1.1)
HTTP/1.1 200 OK
Content-Length: 95
Content-Type: application/json; charset=utf-8
cache-control: no-cache

11:37:06.308 [AsyncHttpClient-1-8] DEBUG org.asynchttpclient.netty.channel.ChannelManager - Adding key: http://localhost:6896 for channel [id: 0x1681981a, L:/127.0.0.1:61476 - R:localhost/127.0.0.1:6896]
11:37:06.310 [Forwarding isElementDisplayed on session 7f96e7e36b9f10a8b5acad60a25246de to remote] DEBUG org.asynchttpclient.netty.request.NettyRequestSender - Using pooled Channel '[id: 0x1681981a, L:/127.0.0.1:61476 - R:localhost/127.0.0.1:6896]' for 'POST' to 'http://localhost:6896/session/7f96e7e36b9f10a8b5acad60a25246de/execute/sync'
11:37:06.310 [Forwarding isElementDisplayed on session 7f96e7e36b9f10a8b5acad60a25246de to remote] DEBUG org.asynchttpclient.netty.request.NettyRequestSender - Using open Channel [id: 0x1681981a, L:/127.0.0.1:61476 - R:localhost/127.0.0.1:6896] for POST '/session/7f96e7e36b9f10a8b5acad60a25246de/execute/sync'
11:37:06.322 [AsyncHttpClient-1-8] DEBUG org.asynchttpclient.netty.handler.HttpHandler - 

Request DefaultHttpRequest(decodeResult: success, version: HTTP/1.1)
POST /session/7f96e7e36b9f10a8b5acad60a25246de/execute/sync HTTP/1.1
User-Agent: selenium/4.8.0 (java windows)
Content-Length: 48814
Content-Type: application/json; charset=utf-8
host: localhost:6896
accept: */*

Response DefaultHttpResponse(decodeResult: success, version: HTTP/1.1)
HTTP/1.1 200 OK
Content-Length: 14
Content-Type: application/json; charset=utf-8
cache-control: no-cache

11:37:06.322 [AsyncHttpClient-1-8] DEBUG org.asynchttpclient.netty.channel.ChannelManager - Adding key: http://localhost:6896 for channel [id: 0x1681981a, L:/127.0.0.1:61476 - R:localhost/127.0.0.1:6896]
11:37:06.322 [Forwarding clickElement on session 7f96e7e36b9f10a8b5acad60a25246de to remote] DEBUG org.asynchttpclient.netty.request.NettyRequestSender - Using pooled Channel '[id: 0x1681981a, L:/127.0.0.1:61476 - R:localhost/127.0.0.1:6896]' for 'POST' to 'http://localhost:6896/session/7f96e7e36b9f10a8b5acad60a25246de/element/6FF2D42796E1B5636833727143D40385_element_82/click'
11:37:06.322 [Forwarding clickElement on session 7f96e7e36b9f10a8b5acad60a25246de to remote] DEBUG org.asynchttpclient.netty.request.NettyRequestSender - Using open Channel [id: 0x1681981a, L:/127.0.0.1:61476 - R:localhost/127.0.0.1:6896] for POST '/session/7f96e7e36b9f10a8b5acad60a25246de/element/6FF2D42796E1B5636833727143D40385_element_82/click'
11:37:06.379 [AsyncHttpClient-1-8] DEBUG org.asynchttpclient.netty.handler.HttpHandler - 

Request DefaultHttpRequest(decodeResult: success, version: HTTP/1.1)
POST /session/7f96e7e36b9f10a8b5acad60a25246de/element/6FF2D42796E1B5636833727143D40385_element_82/click HTTP/1.1
User-Agent: selenium/4.8.0 (java windows)
Content-Length: 57
Content-Type: application/json; charset=utf-8
host: localhost:6896
accept: */*

Response DefaultHttpResponse(decodeResult: success, version: HTTP/1.1)
HTTP/1.1 200 OK
Content-Length: 14
Content-Type: application/json; charset=utf-8
cache-control: no-cache

11:37:06.379 [AsyncHttpClient-1-8] DEBUG org.asynchttpclient.netty.channel.ChannelManager - Adding key: http://localhost:6896 for channel [id: 0x1681981a, L:/127.0.0.1:61476 - R:localhost/127.0.0.1:6896]
11:37:06.386 [Forwarding getAlertText on session 7f96e7e36b9f10a8b5acad60a25246de to remote] DEBUG org.asynchttpclient.netty.request.NettyRequestSender - Using pooled Channel '[id: 0x1681981a, L:/127.0.0.1:61476 - R:localhost/127.0.0.1:6896]' for 'GET' to 'http://localhost:6896/session/7f96e7e36b9f10a8b5acad60a25246de/alert/text'
11:37:06.386 [Forwarding getAlertText on session 7f96e7e36b9f10a8b5acad60a25246de to remote] DEBUG org.asynchttpclient.netty.request.NettyRequestSender - Using open Channel [id: 0x1681981a, L:/127.0.0.1:61476 - R:localhost/127.0.0.1:6896] for GET '/session/7f96e7e36b9f10a8b5acad60a25246de/alert/text'
11:37:06.401 [AsyncHttpClient-1-8] DEBUG org.asynchttpclient.netty.handler.HttpHandler - 

Request DefaultFullHttpRequest(decodeResult: success, version: HTTP/1.1, content: EmptyByteBufBE)
GET /session/7f96e7e36b9f10a8b5acad60a25246de/alert/text HTTP/1.1
User-Agent: selenium/4.8.0 (java windows)
Cache-Control: no-cache
Content-Type: application/json; charset=utf-8
host: localhost:6896
accept: */*

Response DefaultHttpResponse(decodeResult: success, version: HTTP/1.1)
HTTP/1.1 404 Not Found
Content-Length: 1522
Content-Type: application/json; charset=utf-8
cache-control: no-cache

11:37:06.401 [AsyncHttpClient-1-8] DEBUG org.asynchttpclient.netty.channel.ChannelManager - Adding key: http://localhost:6896 for channel [id: 0x1681981a, L:/127.0.0.1:61476 - R:localhost/127.0.0.1:6896]
11:37:06.402 [Forwarding getCurrentUrl on session 7f96e7e36b9f10a8b5acad60a25246de to remote] DEBUG org.asynchttpclient.netty.request.NettyRequestSender - Using pooled Channel '[id: 0x1681981a, L:/127.0.0.1:61476 - R:localhost/127.0.0.1:6896]' for 'GET' to 'http://localhost:6896/session/7f96e7e36b9f10a8b5acad60a25246de/url'
11:37:06.402 [Forwarding getCurrentUrl on session 7f96e7e36b9f10a8b5acad60a25246de to remote] DEBUG org.asynchttpclient.netty.request.NettyRequestSender - Using open Channel [id: 0x1681981a, L:/127.0.0.1:61476 - R:localhost/127.0.0.1:6896] for GET '/session/7f96e7e36b9f10a8b5acad60a25246de/url'
11:37:06.411 [AsyncHttpClient-1-8] DEBUG org.asynchttpclient.netty.handler.HttpHandler - 

Request DefaultFullHttpRequest(decodeResult: success, version: HTTP/1.1, content: EmptyByteBufBE)
GET /session/7f96e7e36b9f10a8b5acad60a25246de/url HTTP/1.1
User-Agent: selenium/4.8.0 (java windows)
Cache-Control: no-cache
Content-Type: application/json; charset=utf-8
host: localhost:6896
accept: */*

Response DefaultHttpResponse(decodeResult: success, version: HTTP/1.1)
HTTP/1.1 200 OK
Content-Length: 47
Content-Type: application/json; charset=utf-8
cache-control: no-cache

11:37:06.411 [AsyncHttpClient-1-8] DEBUG org.asynchttpclient.netty.channel.ChannelManager - Adding key: http://localhost:6896 for channel [id: 0x1681981a, L:/127.0.0.1:61476 - R:localhost/127.0.0.1:6896]
11:37:06.411 [Forwarding screenshot on session 7f96e7e36b9f10a8b5acad60a25246de to remote] DEBUG org.asynchttpclient.netty.request.NettyRequestSender - Using pooled Channel '[id: 0x1681981a, L:/127.0.0.1:61476 - R:localhost/127.0.0.1:6896]' for 'GET' to 'http://localhost:6896/session/7f96e7e36b9f10a8b5acad60a25246de/screenshot'
11:37:06.411 [Forwarding screenshot on session 7f96e7e36b9f10a8b5acad60a25246de to remote] DEBUG org.asynchttpclient.netty.request.NettyRequestSender - Using open Channel [id: 0x1681981a, L:/127.0.0.1:61476 - R:localhost/127.0.0.1:6896] for GET '/session/7f96e7e36b9f10a8b5acad60a25246de/screenshot'
11:37:06.548 [AsyncHttpClient-1-8] DEBUG org.asynchttpclient.netty.handler.HttpHandler - 

Request DefaultFullHttpRequest(decodeResult: success, version: HTTP/1.1, content: EmptyByteBufBE)
GET /session/7f96e7e36b9f10a8b5acad60a25246de/screenshot HTTP/1.1
User-Agent: selenium/4.8.0 (java windows)
Cache-Control: no-cache
Content-Type: application/json; charset=utf-8
host: localhost:6896
accept: */*

Response DefaultHttpResponse(decodeResult: success, version: HTTP/1.1)
HTTP/1.1 200 OK
Content-Length: 79820
Content-Type: application/json; charset=utf-8
cache-control: no-cache

11:37:06.548 [AsyncHttpClient-1-8] DEBUG org.asynchttpclient.netty.channel.ChannelManager - Adding key: http://localhost:6896 for channel [id: 0x1681981a, L:/127.0.0.1:61476 - R:localhost/127.0.0.1:6896]
11:37:06.552 [main] DEBUG net.serenitybdd.core.photography.Darkroom - Send negative for processing for target\site\serenity\f22411eeb1ecd530ce17e3755060e8c246f74a49fea548866068a0837f48c931.png
11:37:06.553 [Forwarding getPageSource on session 7f96e7e36b9f10a8b5acad60a25246de to remote] DEBUG org.asynchttpclient.netty.request.NettyRequestSender - Using pooled Channel '[id: 0x1681981a, L:/127.0.0.1:61476 - R:localhost/127.0.0.1:6896]' for 'POST' to 'http://localhost:6896/session/7f96e7e36b9f10a8b5acad60a25246de/execute/sync'
11:37:06.553 [Forwarding getPageSource on session 7f96e7e36b9f10a8b5acad60a25246de to remote] DEBUG org.asynchttpclient.netty.request.NettyRequestSender - Using open Channel [id: 0x1681981a, L:/127.0.0.1:61476 - R:localhost/127.0.0.1:6896] for POST '/session/7f96e7e36b9f10a8b5acad60a25246de/execute/sync'
11:37:06.564 [AsyncHttpClient-1-8] DEBUG org.asynchttpclient.netty.handler.HttpHandler - 

Request DefaultHttpRequest(decodeResult: success, version: HTTP/1.1)
POST /session/7f96e7e36b9f10a8b5acad60a25246de/execute/sync HTTP/1.1
User-Agent: selenium/4.8.0 (java windows)
Content-Length: 176
Content-Type: application/json; charset=utf-8
host: localhost:6896
accept: */*

Response DefaultHttpResponse(decodeResult: success, version: HTTP/1.1)
HTTP/1.1 200 OK
Content-Length: 12651
Content-Type: application/json; charset=utf-8
cache-control: no-cache

11:37:06.564 [AsyncHttpClient-1-8] DEBUG org.asynchttpclient.netty.channel.ChannelManager - Adding key: http://localhost:6896 for channel [id: 0x1681981a, L:/127.0.0.1:61476 - R:localhost/127.0.0.1:6896]
11:37:06.565 [Forwarding getCurrentUrl on session 7f96e7e36b9f10a8b5acad60a25246de to remote] DEBUG org.asynchttpclient.netty.request.NettyRequestSender - Using pooled Channel '[id: 0x1681981a, L:/127.0.0.1:61476 - R:localhost/127.0.0.1:6896]' for 'GET' to 'http://localhost:6896/session/7f96e7e36b9f10a8b5acad60a25246de/url'
11:37:06.565 [Forwarding getCurrentUrl on session 7f96e7e36b9f10a8b5acad60a25246de to remote] DEBUG org.asynchttpclient.netty.request.NettyRequestSender - Using open Channel [id: 0x1681981a, L:/127.0.0.1:61476 - R:localhost/127.0.0.1:6896] for GET '/session/7f96e7e36b9f10a8b5acad60a25246de/url'
11:37:06.569 [AsyncHttpClient-1-8] DEBUG org.asynchttpclient.netty.handler.HttpHandler - 

Request DefaultFullHttpRequest(decodeResult: success, version: HTTP/1.1, content: EmptyByteBufBE)
GET /session/7f96e7e36b9f10a8b5acad60a25246de/url HTTP/1.1
User-Agent: selenium/4.8.0 (java windows)
Cache-Control: no-cache
Content-Type: application/json; charset=utf-8
host: localhost:6896
accept: */*

Response DefaultHttpResponse(decodeResult: success, version: HTTP/1.1)
HTTP/1.1 200 OK
Content-Length: 47
Content-Type: application/json; charset=utf-8
cache-control: no-cache

11:37:06.570 [AsyncHttpClient-1-8] DEBUG org.asynchttpclient.netty.channel.ChannelManager - Adding key: http://localhost:6896 for channel [id: 0x1681981a, L:/127.0.0.1:61476 - R:localhost/127.0.0.1:6896]
11:37:06.580 [main] DEBUG net.thucydides.core.steps.StepInterceptor - STARTING STEP: CartPageSteps.test8_validateUserInterfaceFootersAndHeadersInInventoryPage - validate headers
11:37:06.584 [Forwarding findElement on session 7f96e7e36b9f10a8b5acad60a25246de to remote] DEBUG org.asynchttpclient.netty.request.NettyRequestSender - Using pooled Channel '[id: 0x1681981a, L:/127.0.0.1:61476 - R:localhost/127.0.0.1:6896]' for 'POST' to 'http://localhost:6896/session/7f96e7e36b9f10a8b5acad60a25246de/element'
11:37:06.584 [Forwarding findElement on session 7f96e7e36b9f10a8b5acad60a25246de to remote] DEBUG org.asynchttpclient.netty.request.NettyRequestSender - Using open Channel [id: 0x1681981a, L:/127.0.0.1:61476 - R:localhost/127.0.0.1:6896] for POST '/session/7f96e7e36b9f10a8b5acad60a25246de/element'
11:37:06.593 [AsyncHttpClient-1-8] DEBUG org.asynchttpclient.netty.handler.HttpHandler - 

Request DefaultHttpRequest(decodeResult: success, version: HTTP/1.1)
POST /session/7f96e7e36b9f10a8b5acad60a25246de/element HTTP/1.1
User-Agent: selenium/4.8.0 (java windows)
Content-Length: 90
Content-Type: application/json; charset=utf-8
host: localhost:6896
accept: */*

Response DefaultHttpResponse(decodeResult: success, version: HTTP/1.1)
HTTP/1.1 200 OK
Content-Length: 95
Content-Type: application/json; charset=utf-8
cache-control: no-cache

11:37:06.593 [AsyncHttpClient-1-8] DEBUG org.asynchttpclient.netty.channel.ChannelManager - Adding key: http://localhost:6896 for channel [id: 0x1681981a, L:/127.0.0.1:61476 - R:localhost/127.0.0.1:6896]
11:37:06.595 [Forwarding isElementDisplayed on session 7f96e7e36b9f10a8b5acad60a25246de to remote] DEBUG org.asynchttpclient.netty.request.NettyRequestSender - Using pooled Channel '[id: 0x1681981a, L:/127.0.0.1:61476 - R:localhost/127.0.0.1:6896]' for 'POST' to 'http://localhost:6896/session/7f96e7e36b9f10a8b5acad60a25246de/execute/sync'
11:37:06.595 [Forwarding isElementDisplayed on session 7f96e7e36b9f10a8b5acad60a25246de to remote] DEBUG org.asynchttpclient.netty.request.NettyRequestSender - Using open Channel [id: 0x1681981a, L:/127.0.0.1:61476 - R:localhost/127.0.0.1:6896] for POST '/session/7f96e7e36b9f10a8b5acad60a25246de/execute/sync'
11:37:06.602 [AsyncHttpClient-1-8] DEBUG org.asynchttpclient.netty.handler.HttpHandler - 

Request DefaultHttpRequest(decodeResult: success, version: HTTP/1.1)
POST /session/7f96e7e36b9f10a8b5acad60a25246de/execute/sync HTTP/1.1
User-Agent: selenium/4.8.0 (java windows)
Content-Length: 48814
Content-Type: application/json; charset=utf-8
host: localhost:6896
accept: */*

Response DefaultHttpResponse(decodeResult: success, version: HTTP/1.1)
HTTP/1.1 200 OK
Content-Length: 14
Content-Type: application/json; charset=utf-8
cache-control: no-cache

11:37:06.602 [AsyncHttpClient-1-8] DEBUG org.asynchttpclient.netty.channel.ChannelManager - Adding key: http://localhost:6896 for channel [id: 0x1681981a, L:/127.0.0.1:61476 - R:localhost/127.0.0.1:6896]
11:37:06.603 [Forwarding getElementText on session 7f96e7e36b9f10a8b5acad60a25246de to remote] DEBUG org.asynchttpclient.netty.request.NettyRequestSender - Using pooled Channel '[id: 0x1681981a, L:/127.0.0.1:61476 - R:localhost/127.0.0.1:6896]' for 'GET' to 'http://localhost:6896/session/7f96e7e36b9f10a8b5acad60a25246de/element/6FF2D42796E1B5636833727143D40385_element_83/text'
11:37:06.603 [Forwarding getElementText on session 7f96e7e36b9f10a8b5acad60a25246de to remote] DEBUG org.asynchttpclient.netty.request.NettyRequestSender - Using open Channel [id: 0x1681981a, L:/127.0.0.1:61476 - R:localhost/127.0.0.1:6896] for GET '/session/7f96e7e36b9f10a8b5acad60a25246de/element/6FF2D42796E1B5636833727143D40385_element_83/text'
11:37:06.608 [AsyncHttpClient-1-8] DEBUG org.asynchttpclient.netty.handler.HttpHandler - 

Request DefaultFullHttpRequest(decodeResult: success, version: HTTP/1.1, content: EmptyByteBufBE)
GET /session/7f96e7e36b9f10a8b5acad60a25246de/element/6FF2D42796E1B5636833727143D40385_element_83/text HTTP/1.1
User-Agent: selenium/4.8.0 (java windows)
Cache-Control: no-cache
Content-Type: application/json; charset=utf-8
host: localhost:6896
accept: */*

Response DefaultHttpResponse(decodeResult: success, version: HTTP/1.1)
HTTP/1.1 200 OK
Content-Length: 21
Content-Type: application/json; charset=utf-8
cache-control: no-cache

11:37:06.608 [AsyncHttpClient-1-8] DEBUG org.asynchttpclient.netty.channel.ChannelManager - Adding key: http://localhost:6896 for channel [id: 0x1681981a, L:/127.0.0.1:61476 - R:localhost/127.0.0.1:6896]
11:37:06.610 [Forwarding findElement on session 7f96e7e36b9f10a8b5acad60a25246de to remote] DEBUG org.asynchttpclient.netty.request.NettyRequestSender - Using pooled Channel '[id: 0x1681981a, L:/127.0.0.1:61476 - R:localhost/127.0.0.1:6896]' for 'POST' to 'http://localhost:6896/session/7f96e7e36b9f10a8b5acad60a25246de/element'
11:37:06.610 [Forwarding findElement on session 7f96e7e36b9f10a8b5acad60a25246de to remote] DEBUG org.asynchttpclient.netty.request.NettyRequestSender - Using open Channel [id: 0x1681981a, L:/127.0.0.1:61476 - R:localhost/127.0.0.1:6896] for POST '/session/7f96e7e36b9f10a8b5acad60a25246de/element'
11:37:06.616 [AsyncHttpClient-1-8] DEBUG org.asynchttpclient.netty.handler.HttpHandler - 

Request DefaultHttpRequest(decodeResult: success, version: HTTP/1.1)
POST /session/7f96e7e36b9f10a8b5acad60a25246de/element HTTP/1.1
User-Agent: selenium/4.8.0 (java windows)
Content-Length: 90
Content-Type: application/json; charset=utf-8
host: localhost:6896
accept: */*

Response DefaultHttpResponse(decodeResult: success, version: HTTP/1.1)
HTTP/1.1 200 OK
Content-Length: 95
Content-Type: application/json; charset=utf-8
cache-control: no-cache

11:37:06.617 [AsyncHttpClient-1-8] DEBUG org.asynchttpclient.netty.channel.ChannelManager - Adding key: http://localhost:6896 for channel [id: 0x1681981a, L:/127.0.0.1:61476 - R:localhost/127.0.0.1:6896]
11:37:06.620 [Forwarding isElementDisplayed on session 7f96e7e36b9f10a8b5acad60a25246de to remote] DEBUG org.asynchttpclient.netty.request.NettyRequestSender - Using pooled Channel '[id: 0x1681981a, L:/127.0.0.1:61476 - R:localhost/127.0.0.1:6896]' for 'POST' to 'http://localhost:6896/session/7f96e7e36b9f10a8b5acad60a25246de/execute/sync'
11:37:06.621 [Forwarding isElementDisplayed on session 7f96e7e36b9f10a8b5acad60a25246de to remote] DEBUG org.asynchttpclient.netty.request.NettyRequestSender - Using open Channel [id: 0x1681981a, L:/127.0.0.1:61476 - R:localhost/127.0.0.1:6896] for POST '/session/7f96e7e36b9f10a8b5acad60a25246de/execute/sync'
11:37:06.630 [AsyncHttpClient-1-8] DEBUG org.asynchttpclient.netty.handler.HttpHandler - 

Request DefaultHttpRequest(decodeResult: success, version: HTTP/1.1)
POST /session/7f96e7e36b9f10a8b5acad60a25246de/execute/sync HTTP/1.1
User-Agent: selenium/4.8.0 (java windows)
Content-Length: 48814
Content-Type: application/json; charset=utf-8
host: localhost:6896
accept: */*

Response DefaultHttpResponse(decodeResult: success, version: HTTP/1.1)
HTTP/1.1 200 OK
Content-Length: 14
Content-Type: application/json; charset=utf-8
cache-control: no-cache

11:37:06.630 [AsyncHttpClient-1-8] DEBUG org.asynchttpclient.netty.channel.ChannelManager - Adding key: http://localhost:6896 for channel [id: 0x1681981a, L:/127.0.0.1:61476 - R:localhost/127.0.0.1:6896]
11:37:06.630 [Forwarding getElementText on session 7f96e7e36b9f10a8b5acad60a25246de to remote] DEBUG org.asynchttpclient.netty.request.NettyRequestSender - Using pooled Channel '[id: 0x1681981a, L:/127.0.0.1:61476 - R:localhost/127.0.0.1:6896]' for 'GET' to 'http://localhost:6896/session/7f96e7e36b9f10a8b5acad60a25246de/element/6FF2D42796E1B5636833727143D40385_element_83/text'
11:37:06.630 [Forwarding getElementText on session 7f96e7e36b9f10a8b5acad60a25246de to remote] DEBUG org.asynchttpclient.netty.request.NettyRequestSender - Using open Channel [id: 0x1681981a, L:/127.0.0.1:61476 - R:localhost/127.0.0.1:6896] for GET '/session/7f96e7e36b9f10a8b5acad60a25246de/element/6FF2D42796E1B5636833727143D40385_element_83/text'
11:37:06.638 [AsyncHttpClient-1-8] DEBUG org.asynchttpclient.netty.handler.HttpHandler - 

Request DefaultFullHttpRequest(decodeResult: success, version: HTTP/1.1, content: EmptyByteBufBE)
GET /session/7f96e7e36b9f10a8b5acad60a25246de/element/6FF2D42796E1B5636833727143D40385_element_83/text HTTP/1.1
User-Agent: selenium/4.8.0 (java windows)
Cache-Control: no-cache
Content-Type: application/json; charset=utf-8
host: localhost:6896
accept: */*

Response DefaultHttpResponse(decodeResult: success, version: HTTP/1.1)
HTTP/1.1 200 OK
Content-Length: 21
Content-Type: application/json; charset=utf-8
cache-control: no-cache

11:37:06.638 [AsyncHttpClient-1-8] DEBUG org.asynchttpclient.netty.channel.ChannelManager - Adding key: http://localhost:6896 for channel [id: 0x1681981a, L:/127.0.0.1:61476 - R:localhost/127.0.0.1:6896]
header validation passed
11:37:06.642 [Forwarding getAlertText on session 7f96e7e36b9f10a8b5acad60a25246de to remote] DEBUG org.asynchttpclient.netty.request.NettyRequestSender - Using pooled Channel '[id: 0x1681981a, L:/127.0.0.1:61476 - R:localhost/127.0.0.1:6896]' for 'GET' to 'http://localhost:6896/session/7f96e7e36b9f10a8b5acad60a25246de/alert/text'
11:37:06.642 [Forwarding getAlertText on session 7f96e7e36b9f10a8b5acad60a25246de to remote] DEBUG org.asynchttpclient.netty.request.NettyRequestSender - Using open Channel [id: 0x1681981a, L:/127.0.0.1:61476 - R:localhost/127.0.0.1:6896] for GET '/session/7f96e7e36b9f10a8b5acad60a25246de/alert/text'
11:37:06.644 [AsyncHttpClient-1-8] DEBUG org.asynchttpclient.netty.handler.HttpHandler - 

Request DefaultFullHttpRequest(decodeResult: success, version: HTTP/1.1, content: EmptyByteBufBE)
GET /session/7f96e7e36b9f10a8b5acad60a25246de/alert/text HTTP/1.1
User-Agent: selenium/4.8.0 (java windows)
Cache-Control: no-cache
Content-Type: application/json; charset=utf-8
host: localhost:6896
accept: */*

Response DefaultHttpResponse(decodeResult: success, version: HTTP/1.1)
HTTP/1.1 404 Not Found
Content-Length: 1522
Content-Type: application/json; charset=utf-8
cache-control: no-cache

11:37:06.646 [AsyncHttpClient-1-8] DEBUG org.asynchttpclient.netty.channel.ChannelManager - Adding key: http://localhost:6896 for channel [id: 0x1681981a, L:/127.0.0.1:61476 - R:localhost/127.0.0.1:6896]
11:37:06.647 [Forwarding getCurrentUrl on session 7f96e7e36b9f10a8b5acad60a25246de to remote] DEBUG org.asynchttpclient.netty.request.NettyRequestSender - Using pooled Channel '[id: 0x1681981a, L:/127.0.0.1:61476 - R:localhost/127.0.0.1:6896]' for 'GET' to 'http://localhost:6896/session/7f96e7e36b9f10a8b5acad60a25246de/url'
11:37:06.647 [Forwarding getCurrentUrl on session 7f96e7e36b9f10a8b5acad60a25246de to remote] DEBUG org.asynchttpclient.netty.request.NettyRequestSender - Using open Channel [id: 0x1681981a, L:/127.0.0.1:61476 - R:localhost/127.0.0.1:6896] for GET '/session/7f96e7e36b9f10a8b5acad60a25246de/url'
11:37:06.652 [AsyncHttpClient-1-8] DEBUG org.asynchttpclient.netty.handler.HttpHandler - 

Request DefaultFullHttpRequest(decodeResult: success, version: HTTP/1.1, content: EmptyByteBufBE)
GET /session/7f96e7e36b9f10a8b5acad60a25246de/url HTTP/1.1
User-Agent: selenium/4.8.0 (java windows)
Cache-Control: no-cache
Content-Type: application/json; charset=utf-8
host: localhost:6896
accept: */*

Response DefaultHttpResponse(decodeResult: success, version: HTTP/1.1)
HTTP/1.1 200 OK
Content-Length: 47
Content-Type: application/json; charset=utf-8
cache-control: no-cache

11:37:06.652 [AsyncHttpClient-1-8] DEBUG org.asynchttpclient.netty.channel.ChannelManager - Adding key: http://localhost:6896 for channel [id: 0x1681981a, L:/127.0.0.1:61476 - R:localhost/127.0.0.1:6896]
11:37:06.652 [Forwarding screenshot on session 7f96e7e36b9f10a8b5acad60a25246de to remote] DEBUG org.asynchttpclient.netty.request.NettyRequestSender - Using pooled Channel '[id: 0x1681981a, L:/127.0.0.1:61476 - R:localhost/127.0.0.1:6896]' for 'GET' to 'http://localhost:6896/session/7f96e7e36b9f10a8b5acad60a25246de/screenshot'
11:37:06.652 [Forwarding screenshot on session 7f96e7e36b9f10a8b5acad60a25246de to remote] DEBUG org.asynchttpclient.netty.request.NettyRequestSender - Using open Channel [id: 0x1681981a, L:/127.0.0.1:61476 - R:localhost/127.0.0.1:6896] for GET '/session/7f96e7e36b9f10a8b5acad60a25246de/screenshot'
11:37:06.768 [AsyncHttpClient-1-8] DEBUG org.asynchttpclient.netty.handler.HttpHandler - 

Request DefaultFullHttpRequest(decodeResult: success, version: HTTP/1.1, content: EmptyByteBufBE)
GET /session/7f96e7e36b9f10a8b5acad60a25246de/screenshot HTTP/1.1
User-Agent: selenium/4.8.0 (java windows)
Cache-Control: no-cache
Content-Type: application/json; charset=utf-8
host: localhost:6896
accept: */*

Response DefaultHttpResponse(decodeResult: success, version: HTTP/1.1)
HTTP/1.1 200 OK
Content-Length: 79820
Content-Type: application/json; charset=utf-8
cache-control: no-cache

11:37:06.768 [AsyncHttpClient-1-8] DEBUG org.asynchttpclient.netty.channel.ChannelManager - Adding key: http://localhost:6896 for channel [id: 0x1681981a, L:/127.0.0.1:61476 - R:localhost/127.0.0.1:6896]
11:37:06.770 [main] DEBUG net.serenitybdd.core.photography.Darkroom - Send negative for processing for target\site\serenity\f22411eeb1ecd530ce17e3755060e8c246f74a49fea548866068a0837f48c931.png
11:37:06.770 [main] DEBUG net.thucydides.core.steps.StepInterceptor - STEP DONE: validate headers
11:37:06.775 [Forwarding getPageSource on session 7f96e7e36b9f10a8b5acad60a25246de to remote] DEBUG org.asynchttpclient.netty.request.NettyRequestSender - Using pooled Channel '[id: 0x1681981a, L:/127.0.0.1:61476 - R:localhost/127.0.0.1:6896]' for 'POST' to 'http://localhost:6896/session/7f96e7e36b9f10a8b5acad60a25246de/execute/sync'
11:37:06.775 [Forwarding getPageSource on session 7f96e7e36b9f10a8b5acad60a25246de to remote] DEBUG org.asynchttpclient.netty.request.NettyRequestSender - Using open Channel [id: 0x1681981a, L:/127.0.0.1:61476 - R:localhost/127.0.0.1:6896] for POST '/session/7f96e7e36b9f10a8b5acad60a25246de/execute/sync'
11:37:06.784 [AsyncHttpClient-1-8] DEBUG org.asynchttpclient.netty.handler.HttpHandler - 

Request DefaultHttpRequest(decodeResult: success, version: HTTP/1.1)
POST /session/7f96e7e36b9f10a8b5acad60a25246de/execute/sync HTTP/1.1
User-Agent: selenium/4.8.0 (java windows)
Content-Length: 176
Content-Type: application/json; charset=utf-8
host: localhost:6896
accept: */*

Response DefaultHttpResponse(decodeResult: success, version: HTTP/1.1)
HTTP/1.1 200 OK
Content-Length: 12651
Content-Type: application/json; charset=utf-8
cache-control: no-cache

11:37:06.784 [AsyncHttpClient-1-8] DEBUG org.asynchttpclient.netty.channel.ChannelManager - Adding key: http://localhost:6896 for channel [id: 0x1681981a, L:/127.0.0.1:61476 - R:localhost/127.0.0.1:6896]
11:37:06.785 [Forwarding getCurrentUrl on session 7f96e7e36b9f10a8b5acad60a25246de to remote] DEBUG org.asynchttpclient.netty.request.NettyRequestSender - Using pooled Channel '[id: 0x1681981a, L:/127.0.0.1:61476 - R:localhost/127.0.0.1:6896]' for 'GET' to 'http://localhost:6896/session/7f96e7e36b9f10a8b5acad60a25246de/url'
11:37:06.785 [Forwarding getCurrentUrl on session 7f96e7e36b9f10a8b5acad60a25246de to remote] DEBUG org.asynchttpclient.netty.request.NettyRequestSender - Using open Channel [id: 0x1681981a, L:/127.0.0.1:61476 - R:localhost/127.0.0.1:6896] for GET '/session/7f96e7e36b9f10a8b5acad60a25246de/url'
11:37:06.788 [AsyncHttpClient-1-8] DEBUG org.asynchttpclient.netty.handler.HttpHandler - 

Request DefaultFullHttpRequest(decodeResult: success, version: HTTP/1.1, content: EmptyByteBufBE)
GET /session/7f96e7e36b9f10a8b5acad60a25246de/url HTTP/1.1
User-Agent: selenium/4.8.0 (java windows)
Cache-Control: no-cache
Content-Type: application/json; charset=utf-8
host: localhost:6896
accept: */*

Response DefaultHttpResponse(decodeResult: success, version: HTTP/1.1)
HTTP/1.1 200 OK
Content-Length: 47
Content-Type: application/json; charset=utf-8
cache-control: no-cache

11:37:06.788 [AsyncHttpClient-1-8] DEBUG org.asynchttpclient.netty.channel.ChannelManager - Adding key: http://localhost:6896 for channel [id: 0x1681981a, L:/127.0.0.1:61476 - R:localhost/127.0.0.1:6896]
11:37:06.797 [main] DEBUG net.thucydides.core.steps.StepInterceptor - STARTING STEP: CartPageSteps.test8_validateUserInterfaceFootersAndHeadersInInventoryPage - validate footers
11:37:06.802 [Forwarding findElement on session 7f96e7e36b9f10a8b5acad60a25246de to remote] DEBUG org.asynchttpclient.netty.request.NettyRequestSender - Using pooled Channel '[id: 0x1681981a, L:/127.0.0.1:61476 - R:localhost/127.0.0.1:6896]' for 'POST' to 'http://localhost:6896/session/7f96e7e36b9f10a8b5acad60a25246de/element'
11:37:06.802 [Forwarding findElement on session 7f96e7e36b9f10a8b5acad60a25246de to remote] DEBUG org.asynchttpclient.netty.request.NettyRequestSender - Using open Channel [id: 0x1681981a, L:/127.0.0.1:61476 - R:localhost/127.0.0.1:6896] for POST '/session/7f96e7e36b9f10a8b5acad60a25246de/element'
11:37:06.810 [AsyncHttpClient-1-8] DEBUG org.asynchttpclient.netty.handler.HttpHandler - 

Request DefaultHttpRequest(decodeResult: success, version: HTTP/1.1)
POST /session/7f96e7e36b9f10a8b5acad60a25246de/element HTTP/1.1
User-Agent: selenium/4.8.0 (java windows)
Content-Length: 74
Content-Type: application/json; charset=utf-8
host: localhost:6896
accept: */*

Response DefaultHttpResponse(decodeResult: success, version: HTTP/1.1)
HTTP/1.1 200 OK
Content-Length: 95
Content-Type: application/json; charset=utf-8
cache-control: no-cache

11:37:06.811 [AsyncHttpClient-1-8] DEBUG org.asynchttpclient.netty.channel.ChannelManager - Adding key: http://localhost:6896 for channel [id: 0x1681981a, L:/127.0.0.1:61476 - R:localhost/127.0.0.1:6896]
11:37:06.812 [Forwarding isElementDisplayed on session 7f96e7e36b9f10a8b5acad60a25246de to remote] DEBUG org.asynchttpclient.netty.request.NettyRequestSender - Using pooled Channel '[id: 0x1681981a, L:/127.0.0.1:61476 - R:localhost/127.0.0.1:6896]' for 'POST' to 'http://localhost:6896/session/7f96e7e36b9f10a8b5acad60a25246de/execute/sync'
11:37:06.812 [Forwarding isElementDisplayed on session 7f96e7e36b9f10a8b5acad60a25246de to remote] DEBUG org.asynchttpclient.netty.request.NettyRequestSender - Using open Channel [id: 0x1681981a, L:/127.0.0.1:61476 - R:localhost/127.0.0.1:6896] for POST '/session/7f96e7e36b9f10a8b5acad60a25246de/execute/sync'
11:37:06.821 [AsyncHttpClient-1-8] DEBUG org.asynchttpclient.netty.handler.HttpHandler - 

Request DefaultHttpRequest(decodeResult: success, version: HTTP/1.1)
POST /session/7f96e7e36b9f10a8b5acad60a25246de/execute/sync HTTP/1.1
User-Agent: selenium/4.8.0 (java windows)
Content-Length: 48814
Content-Type: application/json; charset=utf-8
host: localhost:6896
accept: */*

Response DefaultHttpResponse(decodeResult: success, version: HTTP/1.1)
HTTP/1.1 200 OK
Content-Length: 14
Content-Type: application/json; charset=utf-8
cache-control: no-cache

11:37:06.821 [AsyncHttpClient-1-8] DEBUG org.asynchttpclient.netty.channel.ChannelManager - Adding key: http://localhost:6896 for channel [id: 0x1681981a, L:/127.0.0.1:61476 - R:localhost/127.0.0.1:6896]
11:37:06.821 [Forwarding getElementText on session 7f96e7e36b9f10a8b5acad60a25246de to remote] DEBUG org.asynchttpclient.netty.request.NettyRequestSender - Using pooled Channel '[id: 0x1681981a, L:/127.0.0.1:61476 - R:localhost/127.0.0.1:6896]' for 'GET' to 'http://localhost:6896/session/7f96e7e36b9f10a8b5acad60a25246de/element/6FF2D42796E1B5636833727143D40385_element_84/text'
11:37:06.821 [Forwarding getElementText on session 7f96e7e36b9f10a8b5acad60a25246de to remote] DEBUG org.asynchttpclient.netty.request.NettyRequestSender - Using open Channel [id: 0x1681981a, L:/127.0.0.1:61476 - R:localhost/127.0.0.1:6896] for GET '/session/7f96e7e36b9f10a8b5acad60a25246de/element/6FF2D42796E1B5636833727143D40385_element_84/text'
11:37:06.830 [AsyncHttpClient-1-8] DEBUG org.asynchttpclient.netty.handler.HttpHandler - 

Request DefaultFullHttpRequest(decodeResult: success, version: HTTP/1.1, content: EmptyByteBufBE)
GET /session/7f96e7e36b9f10a8b5acad60a25246de/element/6FF2D42796E1B5636833727143D40385_element_84/text HTTP/1.1
User-Agent: selenium/4.8.0 (java windows)
Cache-Control: no-cache
Content-Type: application/json; charset=utf-8
host: localhost:6896
accept: */*

Response DefaultHttpResponse(decodeResult: success, version: HTTP/1.1)
HTTP/1.1 200 OK
Content-Length: 86
Content-Type: application/json; charset=utf-8
cache-control: no-cache

11:37:06.830 [AsyncHttpClient-1-8] DEBUG org.asynchttpclient.netty.channel.ChannelManager - Adding key: http://localhost:6896 for channel [id: 0x1681981a, L:/127.0.0.1:61476 - R:localhost/127.0.0.1:6896]
footer validation passed
11:37:06.835 [Forwarding getAlertText on session 7f96e7e36b9f10a8b5acad60a25246de to remote] DEBUG org.asynchttpclient.netty.request.NettyRequestSender - Using pooled Channel '[id: 0x1681981a, L:/127.0.0.1:61476 - R:localhost/127.0.0.1:6896]' for 'GET' to 'http://localhost:6896/session/7f96e7e36b9f10a8b5acad60a25246de/alert/text'
11:37:06.835 [Forwarding getAlertText on session 7f96e7e36b9f10a8b5acad60a25246de to remote] DEBUG org.asynchttpclient.netty.request.NettyRequestSender - Using open Channel [id: 0x1681981a, L:/127.0.0.1:61476 - R:localhost/127.0.0.1:6896] for GET '/session/7f96e7e36b9f10a8b5acad60a25246de/alert/text'
11:37:06.836 [AsyncHttpClient-1-8] DEBUG org.asynchttpclient.netty.handler.HttpHandler - 

Request DefaultFullHttpRequest(decodeResult: success, version: HTTP/1.1, content: EmptyByteBufBE)
GET /session/7f96e7e36b9f10a8b5acad60a25246de/alert/text HTTP/1.1
User-Agent: selenium/4.8.0 (java windows)
Cache-Control: no-cache
Content-Type: application/json; charset=utf-8
host: localhost:6896
accept: */*

Response DefaultHttpResponse(decodeResult: success, version: HTTP/1.1)
HTTP/1.1 404 Not Found
Content-Length: 1522
Content-Type: application/json; charset=utf-8
cache-control: no-cache

11:37:06.836 [AsyncHttpClient-1-8] DEBUG org.asynchttpclient.netty.channel.ChannelManager - Adding key: http://localhost:6896 for channel [id: 0x1681981a, L:/127.0.0.1:61476 - R:localhost/127.0.0.1:6896]
11:37:06.837 [Forwarding getCurrentUrl on session 7f96e7e36b9f10a8b5acad60a25246de to remote] DEBUG org.asynchttpclient.netty.request.NettyRequestSender - Using pooled Channel '[id: 0x1681981a, L:/127.0.0.1:61476 - R:localhost/127.0.0.1:6896]' for 'GET' to 'http://localhost:6896/session/7f96e7e36b9f10a8b5acad60a25246de/url'
11:37:06.837 [Forwarding getCurrentUrl on session 7f96e7e36b9f10a8b5acad60a25246de to remote] DEBUG org.asynchttpclient.netty.request.NettyRequestSender - Using open Channel [id: 0x1681981a, L:/127.0.0.1:61476 - R:localhost/127.0.0.1:6896] for GET '/session/7f96e7e36b9f10a8b5acad60a25246de/url'
11:37:06.845 [AsyncHttpClient-1-8] DEBUG org.asynchttpclient.netty.handler.HttpHandler - 

Request DefaultFullHttpRequest(decodeResult: success, version: HTTP/1.1, content: EmptyByteBufBE)
GET /session/7f96e7e36b9f10a8b5acad60a25246de/url HTTP/1.1
User-Agent: selenium/4.8.0 (java windows)
Cache-Control: no-cache
Content-Type: application/json; charset=utf-8
host: localhost:6896
accept: */*

Response DefaultHttpResponse(decodeResult: success, version: HTTP/1.1)
HTTP/1.1 200 OK
Content-Length: 47
Content-Type: application/json; charset=utf-8
cache-control: no-cache

11:37:06.845 [AsyncHttpClient-1-8] DEBUG org.asynchttpclient.netty.channel.ChannelManager - Adding key: http://localhost:6896 for channel [id: 0x1681981a, L:/127.0.0.1:61476 - R:localhost/127.0.0.1:6896]
11:37:06.846 [Forwarding screenshot on session 7f96e7e36b9f10a8b5acad60a25246de to remote] DEBUG org.asynchttpclient.netty.request.NettyRequestSender - Using pooled Channel '[id: 0x1681981a, L:/127.0.0.1:61476 - R:localhost/127.0.0.1:6896]' for 'GET' to 'http://localhost:6896/session/7f96e7e36b9f10a8b5acad60a25246de/screenshot'
11:37:06.846 [Forwarding screenshot on session 7f96e7e36b9f10a8b5acad60a25246de to remote] DEBUG org.asynchttpclient.netty.request.NettyRequestSender - Using open Channel [id: 0x1681981a, L:/127.0.0.1:61476 - R:localhost/127.0.0.1:6896] for GET '/session/7f96e7e36b9f10a8b5acad60a25246de/screenshot'
11:37:06.975 [AsyncHttpClient-1-8] DEBUG org.asynchttpclient.netty.handler.HttpHandler - 

Request DefaultFullHttpRequest(decodeResult: success, version: HTTP/1.1, content: EmptyByteBufBE)
GET /session/7f96e7e36b9f10a8b5acad60a25246de/screenshot HTTP/1.1
User-Agent: selenium/4.8.0 (java windows)
Cache-Control: no-cache
Content-Type: application/json; charset=utf-8
host: localhost:6896
accept: */*

Response DefaultHttpResponse(decodeResult: success, version: HTTP/1.1)
HTTP/1.1 200 OK
Content-Length: 79820
Content-Type: application/json; charset=utf-8
cache-control: no-cache

11:37:06.975 [AsyncHttpClient-1-8] DEBUG org.asynchttpclient.netty.channel.ChannelManager - Adding key: http://localhost:6896 for channel [id: 0x1681981a, L:/127.0.0.1:61476 - R:localhost/127.0.0.1:6896]
11:37:06.977 [main] DEBUG net.serenitybdd.core.photography.Darkroom - Send negative for processing for target\site\serenity\f22411eeb1ecd530ce17e3755060e8c246f74a49fea548866068a0837f48c931.png
11:37:06.977 [main] DEBUG net.thucydides.core.steps.StepInterceptor - STEP DONE: validate footers
11:37:06.982 [Forwarding getPageSource on session 7f96e7e36b9f10a8b5acad60a25246de to remote] DEBUG org.asynchttpclient.netty.request.NettyRequestSender - Using pooled Channel '[id: 0x1681981a, L:/127.0.0.1:61476 - R:localhost/127.0.0.1:6896]' for 'POST' to 'http://localhost:6896/session/7f96e7e36b9f10a8b5acad60a25246de/execute/sync'
11:37:06.982 [Forwarding getPageSource on session 7f96e7e36b9f10a8b5acad60a25246de to remote] DEBUG org.asynchttpclient.netty.request.NettyRequestSender - Using open Channel [id: 0x1681981a, L:/127.0.0.1:61476 - R:localhost/127.0.0.1:6896] for POST '/session/7f96e7e36b9f10a8b5acad60a25246de/execute/sync'
11:37:06.986 [AsyncHttpClient-1-8] DEBUG org.asynchttpclient.netty.handler.HttpHandler - 

Request DefaultHttpRequest(decodeResult: success, version: HTTP/1.1)
POST /session/7f96e7e36b9f10a8b5acad60a25246de/execute/sync HTTP/1.1
User-Agent: selenium/4.8.0 (java windows)
Content-Length: 176
Content-Type: application/json; charset=utf-8
host: localhost:6896
accept: */*

Response DefaultHttpResponse(decodeResult: success, version: HTTP/1.1)
HTTP/1.1 200 OK
Content-Length: 12651
Content-Type: application/json; charset=utf-8
cache-control: no-cache

11:37:06.986 [AsyncHttpClient-1-8] DEBUG org.asynchttpclient.netty.channel.ChannelManager - Adding key: http://localhost:6896 for channel [id: 0x1681981a, L:/127.0.0.1:61476 - R:localhost/127.0.0.1:6896]
11:37:06.988 [Forwarding getCurrentUrl on session 7f96e7e36b9f10a8b5acad60a25246de to remote] DEBUG org.asynchttpclient.netty.request.NettyRequestSender - Using pooled Channel '[id: 0x1681981a, L:/127.0.0.1:61476 - R:localhost/127.0.0.1:6896]' for 'GET' to 'http://localhost:6896/session/7f96e7e36b9f10a8b5acad60a25246de/url'
11:37:06.988 [Forwarding getCurrentUrl on session 7f96e7e36b9f10a8b5acad60a25246de to remote] DEBUG org.asynchttpclient.netty.request.NettyRequestSender - Using open Channel [id: 0x1681981a, L:/127.0.0.1:61476 - R:localhost/127.0.0.1:6896] for GET '/session/7f96e7e36b9f10a8b5acad60a25246de/url'
11:37:06.993 [AsyncHttpClient-1-8] DEBUG org.asynchttpclient.netty.handler.HttpHandler - 

Request DefaultFullHttpRequest(decodeResult: success, version: HTTP/1.1, content: EmptyByteBufBE)
GET /session/7f96e7e36b9f10a8b5acad60a25246de/url HTTP/1.1
User-Agent: selenium/4.8.0 (java windows)
Cache-Control: no-cache
Content-Type: application/json; charset=utf-8
host: localhost:6896
accept: */*

Response DefaultHttpResponse(decodeResult: success, version: HTTP/1.1)
HTTP/1.1 200 OK
Content-Length: 47
Content-Type: application/json; charset=utf-8
cache-control: no-cache

11:37:06.993 [AsyncHttpClient-1-8] DEBUG org.asynchttpclient.netty.channel.ChannelManager - Adding key: http://localhost:6896 for channel [id: 0x1681981a, L:/127.0.0.1:61476 - R:localhost/127.0.0.1:6896]
11:37:06.999 [main] DEBUG net.thucydides.core.steps.StepInterceptor - STARTING STEP: CartPageSteps.test8_validateUserInterfaceFootersAndHeadersInInventoryPage - verify continue shopping button is exist
11:37:07.000 [Forwarding findElement on session 7f96e7e36b9f10a8b5acad60a25246de to remote] DEBUG org.asynchttpclient.netty.request.NettyRequestSender - Using pooled Channel '[id: 0x1681981a, L:/127.0.0.1:61476 - R:localhost/127.0.0.1:6896]' for 'POST' to 'http://localhost:6896/session/7f96e7e36b9f10a8b5acad60a25246de/element'
11:37:07.000 [Forwarding findElement on session 7f96e7e36b9f10a8b5acad60a25246de to remote] DEBUG org.asynchttpclient.netty.request.NettyRequestSender - Using open Channel [id: 0x1681981a, L:/127.0.0.1:61476 - R:localhost/127.0.0.1:6896] for POST '/session/7f96e7e36b9f10a8b5acad60a25246de/element'
11:37:07.010 [AsyncHttpClient-1-8] DEBUG org.asynchttpclient.netty.handler.HttpHandler - 

Request DefaultHttpRequest(decodeResult: success, version: HTTP/1.1)
POST /session/7f96e7e36b9f10a8b5acad60a25246de/element HTTP/1.1
User-Agent: selenium/4.8.0 (java windows)
Content-Length: 64
Content-Type: application/json; charset=utf-8
host: localhost:6896
accept: */*

Response DefaultHttpResponse(decodeResult: success, version: HTTP/1.1)
HTTP/1.1 200 OK
Content-Length: 95
Content-Type: application/json; charset=utf-8
cache-control: no-cache

11:37:07.010 [AsyncHttpClient-1-8] DEBUG org.asynchttpclient.netty.channel.ChannelManager - Adding key: http://localhost:6896 for channel [id: 0x1681981a, L:/127.0.0.1:61476 - R:localhost/127.0.0.1:6896]
11:37:07.011 [Forwarding isElementDisplayed on session 7f96e7e36b9f10a8b5acad60a25246de to remote] DEBUG org.asynchttpclient.netty.request.NettyRequestSender - Using pooled Channel '[id: 0x1681981a, L:/127.0.0.1:61476 - R:localhost/127.0.0.1:6896]' for 'POST' to 'http://localhost:6896/session/7f96e7e36b9f10a8b5acad60a25246de/execute/sync'
11:37:07.011 [Forwarding isElementDisplayed on session 7f96e7e36b9f10a8b5acad60a25246de to remote] DEBUG org.asynchttpclient.netty.request.NettyRequestSender - Using open Channel [id: 0x1681981a, L:/127.0.0.1:61476 - R:localhost/127.0.0.1:6896] for POST '/session/7f96e7e36b9f10a8b5acad60a25246de/execute/sync'
11:37:07.024 [AsyncHttpClient-1-8] DEBUG org.asynchttpclient.netty.handler.HttpHandler - 

Request DefaultHttpRequest(decodeResult: success, version: HTTP/1.1)
POST /session/7f96e7e36b9f10a8b5acad60a25246de/execute/sync HTTP/1.1
User-Agent: selenium/4.8.0 (java windows)
Content-Length: 48814
Content-Type: application/json; charset=utf-8
host: localhost:6896
accept: */*

Response DefaultHttpResponse(decodeResult: success, version: HTTP/1.1)
HTTP/1.1 200 OK
Content-Length: 14
Content-Type: application/json; charset=utf-8
cache-control: no-cache

11:37:07.024 [AsyncHttpClient-1-8] DEBUG org.asynchttpclient.netty.channel.ChannelManager - Adding key: http://localhost:6896 for channel [id: 0x1681981a, L:/127.0.0.1:61476 - R:localhost/127.0.0.1:6896]
11:37:07.025 [Forwarding isElementDisplayed on session 7f96e7e36b9f10a8b5acad60a25246de to remote] DEBUG org.asynchttpclient.netty.request.NettyRequestSender - Using pooled Channel '[id: 0x1681981a, L:/127.0.0.1:61476 - R:localhost/127.0.0.1:6896]' for 'POST' to 'http://localhost:6896/session/7f96e7e36b9f10a8b5acad60a25246de/execute/sync'
11:37:07.025 [Forwarding isElementDisplayed on session 7f96e7e36b9f10a8b5acad60a25246de to remote] DEBUG org.asynchttpclient.netty.request.NettyRequestSender - Using open Channel [id: 0x1681981a, L:/127.0.0.1:61476 - R:localhost/127.0.0.1:6896] for POST '/session/7f96e7e36b9f10a8b5acad60a25246de/execute/sync'
11:37:07.033 [AsyncHttpClient-1-8] DEBUG org.asynchttpclient.netty.handler.HttpHandler - 

Request DefaultHttpRequest(decodeResult: success, version: HTTP/1.1)
POST /session/7f96e7e36b9f10a8b5acad60a25246de/execute/sync HTTP/1.1
User-Agent: selenium/4.8.0 (java windows)
Content-Length: 48814
Content-Type: application/json; charset=utf-8
host: localhost:6896
accept: */*

Response DefaultHttpResponse(decodeResult: success, version: HTTP/1.1)
HTTP/1.1 200 OK
Content-Length: 14
Content-Type: application/json; charset=utf-8
cache-control: no-cache

11:37:07.033 [AsyncHttpClient-1-8] DEBUG org.asynchttpclient.netty.channel.ChannelManager - Adding key: http://localhost:6896 for channel [id: 0x1681981a, L:/127.0.0.1:61476 - R:localhost/127.0.0.1:6896]
11:37:07.035 [Forwarding findElement on session 7f96e7e36b9f10a8b5acad60a25246de to remote] DEBUG org.asynchttpclient.netty.request.NettyRequestSender - Using pooled Channel '[id: 0x1681981a, L:/127.0.0.1:61476 - R:localhost/127.0.0.1:6896]' for 'POST' to 'http://localhost:6896/session/7f96e7e36b9f10a8b5acad60a25246de/element'
11:37:07.035 [Forwarding findElement on session 7f96e7e36b9f10a8b5acad60a25246de to remote] DEBUG org.asynchttpclient.netty.request.NettyRequestSender - Using open Channel [id: 0x1681981a, L:/127.0.0.1:61476 - R:localhost/127.0.0.1:6896] for POST '/session/7f96e7e36b9f10a8b5acad60a25246de/element'
11:37:07.036 [AsyncHttpClient-1-1] DEBUG org.asynchttpclient.netty.channel.DefaultChannelPool - Entry count for : http://localhost:61482 : 1
11:37:07.045 [AsyncHttpClient-1-8] DEBUG org.asynchttpclient.netty.handler.HttpHandler - 

Request DefaultHttpRequest(decodeResult: success, version: HTTP/1.1)
POST /session/7f96e7e36b9f10a8b5acad60a25246de/element HTTP/1.1
User-Agent: selenium/4.8.0 (java windows)
Content-Length: 64
Content-Type: application/json; charset=utf-8
host: localhost:6896
accept: */*

Response DefaultHttpResponse(decodeResult: success, version: HTTP/1.1)
HTTP/1.1 200 OK
Content-Length: 95
Content-Type: application/json; charset=utf-8
cache-control: no-cache

11:37:07.045 [AsyncHttpClient-1-8] DEBUG org.asynchttpclient.netty.channel.ChannelManager - Adding key: http://localhost:6896 for channel [id: 0x1681981a, L:/127.0.0.1:61476 - R:localhost/127.0.0.1:6896]
11:37:07.047 [Forwarding isElementDisplayed on session 7f96e7e36b9f10a8b5acad60a25246de to remote] DEBUG org.asynchttpclient.netty.request.NettyRequestSender - Using pooled Channel '[id: 0x1681981a, L:/127.0.0.1:61476 - R:localhost/127.0.0.1:6896]' for 'POST' to 'http://localhost:6896/session/7f96e7e36b9f10a8b5acad60a25246de/execute/sync'
11:37:07.047 [Forwarding isElementDisplayed on session 7f96e7e36b9f10a8b5acad60a25246de to remote] DEBUG org.asynchttpclient.netty.request.NettyRequestSender - Using open Channel [id: 0x1681981a, L:/127.0.0.1:61476 - R:localhost/127.0.0.1:6896] for POST '/session/7f96e7e36b9f10a8b5acad60a25246de/execute/sync'
11:37:07.054 [AsyncHttpClient-1-8] DEBUG org.asynchttpclient.netty.handler.HttpHandler - 

Request DefaultHttpRequest(decodeResult: success, version: HTTP/1.1)
POST /session/7f96e7e36b9f10a8b5acad60a25246de/execute/sync HTTP/1.1
User-Agent: selenium/4.8.0 (java windows)
Content-Length: 48814
Content-Type: application/json; charset=utf-8
host: localhost:6896
accept: */*

Response DefaultHttpResponse(decodeResult: success, version: HTTP/1.1)
HTTP/1.1 200 OK
Content-Length: 14
Content-Type: application/json; charset=utf-8
cache-control: no-cache

11:37:07.054 [AsyncHttpClient-1-8] DEBUG org.asynchttpclient.netty.channel.ChannelManager - Adding key: http://localhost:6896 for channel [id: 0x1681981a, L:/127.0.0.1:61476 - R:localhost/127.0.0.1:6896]
11:37:07.056 [Forwarding isElementDisplayed on session 7f96e7e36b9f10a8b5acad60a25246de to remote] DEBUG org.asynchttpclient.netty.request.NettyRequestSender - Using pooled Channel '[id: 0x1681981a, L:/127.0.0.1:61476 - R:localhost/127.0.0.1:6896]' for 'POST' to 'http://localhost:6896/session/7f96e7e36b9f10a8b5acad60a25246de/execute/sync'
11:37:07.056 [Forwarding isElementDisplayed on session 7f96e7e36b9f10a8b5acad60a25246de to remote] DEBUG org.asynchttpclient.netty.request.NettyRequestSender - Using open Channel [id: 0x1681981a, L:/127.0.0.1:61476 - R:localhost/127.0.0.1:6896] for POST '/session/7f96e7e36b9f10a8b5acad60a25246de/execute/sync'
11:37:07.062 [AsyncHttpClient-1-8] DEBUG org.asynchttpclient.netty.handler.HttpHandler - 

Request DefaultHttpRequest(decodeResult: success, version: HTTP/1.1)
POST /session/7f96e7e36b9f10a8b5acad60a25246de/execute/sync HTTP/1.1
User-Agent: selenium/4.8.0 (java windows)
Content-Length: 48814
Content-Type: application/json; charset=utf-8
host: localhost:6896
accept: */*

Response DefaultHttpResponse(decodeResult: success, version: HTTP/1.1)
HTTP/1.1 200 OK
Content-Length: 14
Content-Type: application/json; charset=utf-8
cache-control: no-cache

11:37:07.062 [AsyncHttpClient-1-8] DEBUG org.asynchttpclient.netty.channel.ChannelManager - Adding key: http://localhost:6896 for channel [id: 0x1681981a, L:/127.0.0.1:61476 - R:localhost/127.0.0.1:6896]
11:37:07.065 [Forwarding getAlertText on session 7f96e7e36b9f10a8b5acad60a25246de to remote] DEBUG org.asynchttpclient.netty.request.NettyRequestSender - Using pooled Channel '[id: 0x1681981a, L:/127.0.0.1:61476 - R:localhost/127.0.0.1:6896]' for 'GET' to 'http://localhost:6896/session/7f96e7e36b9f10a8b5acad60a25246de/alert/text'
11:37:07.065 [Forwarding getAlertText on session 7f96e7e36b9f10a8b5acad60a25246de to remote] DEBUG org.asynchttpclient.netty.request.NettyRequestSender - Using open Channel [id: 0x1681981a, L:/127.0.0.1:61476 - R:localhost/127.0.0.1:6896] for GET '/session/7f96e7e36b9f10a8b5acad60a25246de/alert/text'
11:37:07.066 [AsyncHttpClient-1-8] DEBUG org.asynchttpclient.netty.handler.HttpHandler - 

Request DefaultFullHttpRequest(decodeResult: success, version: HTTP/1.1, content: EmptyByteBufBE)
GET /session/7f96e7e36b9f10a8b5acad60a25246de/alert/text HTTP/1.1
User-Agent: selenium/4.8.0 (java windows)
Cache-Control: no-cache
Content-Type: application/json; charset=utf-8
host: localhost:6896
accept: */*

Response DefaultHttpResponse(decodeResult: success, version: HTTP/1.1)
HTTP/1.1 404 Not Found
Content-Length: 1522
Content-Type: application/json; charset=utf-8
cache-control: no-cache

11:37:07.066 [AsyncHttpClient-1-8] DEBUG org.asynchttpclient.netty.channel.ChannelManager - Adding key: http://localhost:6896 for channel [id: 0x1681981a, L:/127.0.0.1:61476 - R:localhost/127.0.0.1:6896]
11:37:07.068 [Forwarding getCurrentUrl on session 7f96e7e36b9f10a8b5acad60a25246de to remote] DEBUG org.asynchttpclient.netty.request.NettyRequestSender - Using pooled Channel '[id: 0x1681981a, L:/127.0.0.1:61476 - R:localhost/127.0.0.1:6896]' for 'GET' to 'http://localhost:6896/session/7f96e7e36b9f10a8b5acad60a25246de/url'
11:37:07.068 [Forwarding getCurrentUrl on session 7f96e7e36b9f10a8b5acad60a25246de to remote] DEBUG org.asynchttpclient.netty.request.NettyRequestSender - Using open Channel [id: 0x1681981a, L:/127.0.0.1:61476 - R:localhost/127.0.0.1:6896] for GET '/session/7f96e7e36b9f10a8b5acad60a25246de/url'
11:37:07.070 [AsyncHttpClient-1-8] DEBUG org.asynchttpclient.netty.handler.HttpHandler - 

Request DefaultFullHttpRequest(decodeResult: success, version: HTTP/1.1, content: EmptyByteBufBE)
GET /session/7f96e7e36b9f10a8b5acad60a25246de/url HTTP/1.1
User-Agent: selenium/4.8.0 (java windows)
Cache-Control: no-cache
Content-Type: application/json; charset=utf-8
host: localhost:6896
accept: */*

Response DefaultHttpResponse(decodeResult: success, version: HTTP/1.1)
HTTP/1.1 200 OK
Content-Length: 47
Content-Type: application/json; charset=utf-8
cache-control: no-cache

11:37:07.070 [AsyncHttpClient-1-8] DEBUG org.asynchttpclient.netty.channel.ChannelManager - Adding key: http://localhost:6896 for channel [id: 0x1681981a, L:/127.0.0.1:61476 - R:localhost/127.0.0.1:6896]
11:37:07.071 [Forwarding screenshot on session 7f96e7e36b9f10a8b5acad60a25246de to remote] DEBUG org.asynchttpclient.netty.request.NettyRequestSender - Using pooled Channel '[id: 0x1681981a, L:/127.0.0.1:61476 - R:localhost/127.0.0.1:6896]' for 'GET' to 'http://localhost:6896/session/7f96e7e36b9f10a8b5acad60a25246de/screenshot'
11:37:07.071 [Forwarding screenshot on session 7f96e7e36b9f10a8b5acad60a25246de to remote] DEBUG org.asynchttpclient.netty.request.NettyRequestSender - Using open Channel [id: 0x1681981a, L:/127.0.0.1:61476 - R:localhost/127.0.0.1:6896] for GET '/session/7f96e7e36b9f10a8b5acad60a25246de/screenshot'
11:37:07.197 [AsyncHttpClient-1-8] DEBUG org.asynchttpclient.netty.handler.HttpHandler - 

Request DefaultFullHttpRequest(decodeResult: success, version: HTTP/1.1, content: EmptyByteBufBE)
GET /session/7f96e7e36b9f10a8b5acad60a25246de/screenshot HTTP/1.1
User-Agent: selenium/4.8.0 (java windows)
Cache-Control: no-cache
Content-Type: application/json; charset=utf-8
host: localhost:6896
accept: */*

Response DefaultHttpResponse(decodeResult: success, version: HTTP/1.1)
HTTP/1.1 200 OK
Content-Length: 79820
Content-Type: application/json; charset=utf-8
cache-control: no-cache

11:37:07.197 [AsyncHttpClient-1-8] DEBUG org.asynchttpclient.netty.channel.ChannelManager - Adding key: http://localhost:6896 for channel [id: 0x1681981a, L:/127.0.0.1:61476 - R:localhost/127.0.0.1:6896]
11:37:07.198 [main] DEBUG net.serenitybdd.core.photography.Darkroom - Send negative for processing for target\site\serenity\f22411eeb1ecd530ce17e3755060e8c246f74a49fea548866068a0837f48c931.png
11:37:07.198 [main] DEBUG net.thucydides.core.steps.StepInterceptor - STEP DONE: verify continue shopping button is exist
11:37:07.202 [Forwarding getPageSource on session 7f96e7e36b9f10a8b5acad60a25246de to remote] DEBUG org.asynchttpclient.netty.request.NettyRequestSender - Using pooled Channel '[id: 0x1681981a, L:/127.0.0.1:61476 - R:localhost/127.0.0.1:6896]' for 'POST' to 'http://localhost:6896/session/7f96e7e36b9f10a8b5acad60a25246de/execute/sync'
11:37:07.202 [Forwarding getPageSource on session 7f96e7e36b9f10a8b5acad60a25246de to remote] DEBUG org.asynchttpclient.netty.request.NettyRequestSender - Using open Channel [id: 0x1681981a, L:/127.0.0.1:61476 - R:localhost/127.0.0.1:6896] for POST '/session/7f96e7e36b9f10a8b5acad60a25246de/execute/sync'
11:37:07.211 [AsyncHttpClient-1-8] DEBUG org.asynchttpclient.netty.handler.HttpHandler - 

Request DefaultHttpRequest(decodeResult: success, version: HTTP/1.1)
POST /session/7f96e7e36b9f10a8b5acad60a25246de/execute/sync HTTP/1.1
User-Agent: selenium/4.8.0 (java windows)
Content-Length: 176
Content-Type: application/json; charset=utf-8
host: localhost:6896
accept: */*

Response DefaultHttpResponse(decodeResult: success, version: HTTP/1.1)
HTTP/1.1 200 OK
Content-Length: 12651
Content-Type: application/json; charset=utf-8
cache-control: no-cache

11:37:07.211 [AsyncHttpClient-1-8] DEBUG org.asynchttpclient.netty.channel.ChannelManager - Adding key: http://localhost:6896 for channel [id: 0x1681981a, L:/127.0.0.1:61476 - R:localhost/127.0.0.1:6896]
11:37:07.212 [Forwarding getCurrentUrl on session 7f96e7e36b9f10a8b5acad60a25246de to remote] DEBUG org.asynchttpclient.netty.request.NettyRequestSender - Using pooled Channel '[id: 0x1681981a, L:/127.0.0.1:61476 - R:localhost/127.0.0.1:6896]' for 'GET' to 'http://localhost:6896/session/7f96e7e36b9f10a8b5acad60a25246de/url'
11:37:07.212 [Forwarding getCurrentUrl on session 7f96e7e36b9f10a8b5acad60a25246de to remote] DEBUG org.asynchttpclient.netty.request.NettyRequestSender - Using open Channel [id: 0x1681981a, L:/127.0.0.1:61476 - R:localhost/127.0.0.1:6896] for GET '/session/7f96e7e36b9f10a8b5acad60a25246de/url'
11:37:07.217 [AsyncHttpClient-1-8] DEBUG org.asynchttpclient.netty.handler.HttpHandler - 

Request DefaultFullHttpRequest(decodeResult: success, version: HTTP/1.1, content: EmptyByteBufBE)
GET /session/7f96e7e36b9f10a8b5acad60a25246de/url HTTP/1.1
User-Agent: selenium/4.8.0 (java windows)
Cache-Control: no-cache
Content-Type: application/json; charset=utf-8
host: localhost:6896
accept: */*

Response DefaultHttpResponse(decodeResult: success, version: HTTP/1.1)
HTTP/1.1 200 OK
Content-Length: 47
Content-Type: application/json; charset=utf-8
cache-control: no-cache

11:37:07.217 [AsyncHttpClient-1-8] DEBUG org.asynchttpclient.netty.channel.ChannelManager - Adding key: http://localhost:6896 for channel [id: 0x1681981a, L:/127.0.0.1:61476 - R:localhost/127.0.0.1:6896]
11:37:07.224 [main] DEBUG net.thucydides.core.steps.StepInterceptor - STARTING STEP: CartPageSteps.test8_validateUserInterfaceFootersAndHeadersInInventoryPage - verify continue checkout button is exist
11:37:07.226 [Forwarding findElement on session 7f96e7e36b9f10a8b5acad60a25246de to remote] DEBUG org.asynchttpclient.netty.request.NettyRequestSender - Using pooled Channel '[id: 0x1681981a, L:/127.0.0.1:61476 - R:localhost/127.0.0.1:6896]' for 'POST' to 'http://localhost:6896/session/7f96e7e36b9f10a8b5acad60a25246de/element'
11:37:07.226 [Forwarding findElement on session 7f96e7e36b9f10a8b5acad60a25246de to remote] DEBUG org.asynchttpclient.netty.request.NettyRequestSender - Using open Channel [id: 0x1681981a, L:/127.0.0.1:61476 - R:localhost/127.0.0.1:6896] for POST '/session/7f96e7e36b9f10a8b5acad60a25246de/element'
11:37:07.239 [AsyncHttpClient-1-8] DEBUG org.asynchttpclient.netty.handler.HttpHandler - 

Request DefaultHttpRequest(decodeResult: success, version: HTTP/1.1)
POST /session/7f96e7e36b9f10a8b5acad60a25246de/element HTTP/1.1
User-Agent: selenium/4.8.0 (java windows)
Content-Length: 74
Content-Type: application/json; charset=utf-8
host: localhost:6896
accept: */*

Response DefaultHttpResponse(decodeResult: success, version: HTTP/1.1)
HTTP/1.1 200 OK
Content-Length: 95
Content-Type: application/json; charset=utf-8
cache-control: no-cache

11:37:07.239 [AsyncHttpClient-1-8] DEBUG org.asynchttpclient.netty.channel.ChannelManager - Adding key: http://localhost:6896 for channel [id: 0x1681981a, L:/127.0.0.1:61476 - R:localhost/127.0.0.1:6896]
11:37:07.243 [Forwarding isElementDisplayed on session 7f96e7e36b9f10a8b5acad60a25246de to remote] DEBUG org.asynchttpclient.netty.request.NettyRequestSender - Using pooled Channel '[id: 0x1681981a, L:/127.0.0.1:61476 - R:localhost/127.0.0.1:6896]' for 'POST' to 'http://localhost:6896/session/7f96e7e36b9f10a8b5acad60a25246de/execute/sync'
11:37:07.243 [Forwarding isElementDisplayed on session 7f96e7e36b9f10a8b5acad60a25246de to remote] DEBUG org.asynchttpclient.netty.request.NettyRequestSender - Using open Channel [id: 0x1681981a, L:/127.0.0.1:61476 - R:localhost/127.0.0.1:6896] for POST '/session/7f96e7e36b9f10a8b5acad60a25246de/execute/sync'
11:37:07.255 [AsyncHttpClient-1-8] DEBUG org.asynchttpclient.netty.handler.HttpHandler - 

Request DefaultHttpRequest(decodeResult: success, version: HTTP/1.1)
POST /session/7f96e7e36b9f10a8b5acad60a25246de/execute/sync HTTP/1.1
User-Agent: selenium/4.8.0 (java windows)
Content-Length: 48814
Content-Type: application/json; charset=utf-8
host: localhost:6896
accept: */*

Response DefaultHttpResponse(decodeResult: success, version: HTTP/1.1)
HTTP/1.1 200 OK
Content-Length: 14
Content-Type: application/json; charset=utf-8
cache-control: no-cache

11:37:07.255 [AsyncHttpClient-1-8] DEBUG org.asynchttpclient.netty.channel.ChannelManager - Adding key: http://localhost:6896 for channel [id: 0x1681981a, L:/127.0.0.1:61476 - R:localhost/127.0.0.1:6896]
11:37:07.258 [Forwarding isElementDisplayed on session 7f96e7e36b9f10a8b5acad60a25246de to remote] DEBUG org.asynchttpclient.netty.request.NettyRequestSender - Using pooled Channel '[id: 0x1681981a, L:/127.0.0.1:61476 - R:localhost/127.0.0.1:6896]' for 'POST' to 'http://localhost:6896/session/7f96e7e36b9f10a8b5acad60a25246de/execute/sync'
11:37:07.258 [Forwarding isElementDisplayed on session 7f96e7e36b9f10a8b5acad60a25246de to remote] DEBUG org.asynchttpclient.netty.request.NettyRequestSender - Using open Channel [id: 0x1681981a, L:/127.0.0.1:61476 - R:localhost/127.0.0.1:6896] for POST '/session/7f96e7e36b9f10a8b5acad60a25246de/execute/sync'
11:37:07.268 [AsyncHttpClient-1-8] DEBUG org.asynchttpclient.netty.handler.HttpHandler - 

Request DefaultHttpRequest(decodeResult: success, version: HTTP/1.1)
POST /session/7f96e7e36b9f10a8b5acad60a25246de/execute/sync HTTP/1.1
User-Agent: selenium/4.8.0 (java windows)
Content-Length: 48814
Content-Type: application/json; charset=utf-8
host: localhost:6896
accept: */*

Response DefaultHttpResponse(decodeResult: success, version: HTTP/1.1)
HTTP/1.1 200 OK
Content-Length: 14
Content-Type: application/json; charset=utf-8
cache-control: no-cache

11:37:07.268 [AsyncHttpClient-1-8] DEBUG org.asynchttpclient.netty.channel.ChannelManager - Adding key: http://localhost:6896 for channel [id: 0x1681981a, L:/127.0.0.1:61476 - R:localhost/127.0.0.1:6896]
11:37:07.271 [Forwarding findElement on session 7f96e7e36b9f10a8b5acad60a25246de to remote] DEBUG org.asynchttpclient.netty.request.NettyRequestSender - Using pooled Channel '[id: 0x1681981a, L:/127.0.0.1:61476 - R:localhost/127.0.0.1:6896]' for 'POST' to 'http://localhost:6896/session/7f96e7e36b9f10a8b5acad60a25246de/element'
11:37:07.271 [Forwarding findElement on session 7f96e7e36b9f10a8b5acad60a25246de to remote] DEBUG org.asynchttpclient.netty.request.NettyRequestSender - Using open Channel [id: 0x1681981a, L:/127.0.0.1:61476 - R:localhost/127.0.0.1:6896] for POST '/session/7f96e7e36b9f10a8b5acad60a25246de/element'
11:37:07.281 [AsyncHttpClient-1-8] DEBUG org.asynchttpclient.netty.handler.HttpHandler - 

Request DefaultHttpRequest(decodeResult: success, version: HTTP/1.1)
POST /session/7f96e7e36b9f10a8b5acad60a25246de/element HTTP/1.1
User-Agent: selenium/4.8.0 (java windows)
Content-Length: 74
Content-Type: application/json; charset=utf-8
host: localhost:6896
accept: */*

Response DefaultHttpResponse(decodeResult: success, version: HTTP/1.1)
HTTP/1.1 200 OK
Content-Length: 95
Content-Type: application/json; charset=utf-8
cache-control: no-cache

11:37:07.281 [AsyncHttpClient-1-8] DEBUG org.asynchttpclient.netty.channel.ChannelManager - Adding key: http://localhost:6896 for channel [id: 0x1681981a, L:/127.0.0.1:61476 - R:localhost/127.0.0.1:6896]
11:37:07.283 [Forwarding isElementDisplayed on session 7f96e7e36b9f10a8b5acad60a25246de to remote] DEBUG org.asynchttpclient.netty.request.NettyRequestSender - Using pooled Channel '[id: 0x1681981a, L:/127.0.0.1:61476 - R:localhost/127.0.0.1:6896]' for 'POST' to 'http://localhost:6896/session/7f96e7e36b9f10a8b5acad60a25246de/execute/sync'
11:37:07.283 [Forwarding isElementDisplayed on session 7f96e7e36b9f10a8b5acad60a25246de to remote] DEBUG org.asynchttpclient.netty.request.NettyRequestSender - Using open Channel [id: 0x1681981a, L:/127.0.0.1:61476 - R:localhost/127.0.0.1:6896] for POST '/session/7f96e7e36b9f10a8b5acad60a25246de/execute/sync'
11:37:07.294 [AsyncHttpClient-1-8] DEBUG org.asynchttpclient.netty.handler.HttpHandler - 

Request DefaultHttpRequest(decodeResult: success, version: HTTP/1.1)
POST /session/7f96e7e36b9f10a8b5acad60a25246de/execute/sync HTTP/1.1
User-Agent: selenium/4.8.0 (java windows)
Content-Length: 48814
Content-Type: application/json; charset=utf-8
host: localhost:6896
accept: */*

Response DefaultHttpResponse(decodeResult: success, version: HTTP/1.1)
HTTP/1.1 200 OK
Content-Length: 14
Content-Type: application/json; charset=utf-8
cache-control: no-cache

11:37:07.294 [AsyncHttpClient-1-8] DEBUG org.asynchttpclient.netty.channel.ChannelManager - Adding key: http://localhost:6896 for channel [id: 0x1681981a, L:/127.0.0.1:61476 - R:localhost/127.0.0.1:6896]
11:37:07.296 [Forwarding isElementDisplayed on session 7f96e7e36b9f10a8b5acad60a25246de to remote] DEBUG org.asynchttpclient.netty.request.NettyRequestSender - Using pooled Channel '[id: 0x1681981a, L:/127.0.0.1:61476 - R:localhost/127.0.0.1:6896]' for 'POST' to 'http://localhost:6896/session/7f96e7e36b9f10a8b5acad60a25246de/execute/sync'
11:37:07.296 [Forwarding isElementDisplayed on session 7f96e7e36b9f10a8b5acad60a25246de to remote] DEBUG org.asynchttpclient.netty.request.NettyRequestSender - Using open Channel [id: 0x1681981a, L:/127.0.0.1:61476 - R:localhost/127.0.0.1:6896] for POST '/session/7f96e7e36b9f10a8b5acad60a25246de/execute/sync'
11:37:07.308 [AsyncHttpClient-1-8] DEBUG org.asynchttpclient.netty.handler.HttpHandler - 

Request DefaultHttpRequest(decodeResult: success, version: HTTP/1.1)
POST /session/7f96e7e36b9f10a8b5acad60a25246de/execute/sync HTTP/1.1
User-Agent: selenium/4.8.0 (java windows)
Content-Length: 48814
Content-Type: application/json; charset=utf-8
host: localhost:6896
accept: */*

Response DefaultHttpResponse(decodeResult: success, version: HTTP/1.1)
HTTP/1.1 200 OK
Content-Length: 14
Content-Type: application/json; charset=utf-8
cache-control: no-cache

11:37:07.308 [AsyncHttpClient-1-8] DEBUG org.asynchttpclient.netty.channel.ChannelManager - Adding key: http://localhost:6896 for channel [id: 0x1681981a, L:/127.0.0.1:61476 - R:localhost/127.0.0.1:6896]
11:37:07.312 [Forwarding getAlertText on session 7f96e7e36b9f10a8b5acad60a25246de to remote] DEBUG org.asynchttpclient.netty.request.NettyRequestSender - Using pooled Channel '[id: 0x1681981a, L:/127.0.0.1:61476 - R:localhost/127.0.0.1:6896]' for 'GET' to 'http://localhost:6896/session/7f96e7e36b9f10a8b5acad60a25246de/alert/text'
11:37:07.312 [Forwarding getAlertText on session 7f96e7e36b9f10a8b5acad60a25246de to remote] DEBUG org.asynchttpclient.netty.request.NettyRequestSender - Using open Channel [id: 0x1681981a, L:/127.0.0.1:61476 - R:localhost/127.0.0.1:6896] for GET '/session/7f96e7e36b9f10a8b5acad60a25246de/alert/text'
11:37:07.315 [AsyncHttpClient-1-8] DEBUG org.asynchttpclient.netty.handler.HttpHandler - 

Request DefaultFullHttpRequest(decodeResult: success, version: HTTP/1.1, content: EmptyByteBufBE)
GET /session/7f96e7e36b9f10a8b5acad60a25246de/alert/text HTTP/1.1
User-Agent: selenium/4.8.0 (java windows)
Cache-Control: no-cache
Content-Type: application/json; charset=utf-8
host: localhost:6896
accept: */*

Response DefaultHttpResponse(decodeResult: success, version: HTTP/1.1)
HTTP/1.1 404 Not Found
Content-Length: 1522
Content-Type: application/json; charset=utf-8
cache-control: no-cache

11:37:07.315 [AsyncHttpClient-1-8] DEBUG org.asynchttpclient.netty.channel.ChannelManager - Adding key: http://localhost:6896 for channel [id: 0x1681981a, L:/127.0.0.1:61476 - R:localhost/127.0.0.1:6896]
11:37:07.315 [Forwarding getCurrentUrl on session 7f96e7e36b9f10a8b5acad60a25246de to remote] DEBUG org.asynchttpclient.netty.request.NettyRequestSender - Using pooled Channel '[id: 0x1681981a, L:/127.0.0.1:61476 - R:localhost/127.0.0.1:6896]' for 'GET' to 'http://localhost:6896/session/7f96e7e36b9f10a8b5acad60a25246de/url'
11:37:07.315 [Forwarding getCurrentUrl on session 7f96e7e36b9f10a8b5acad60a25246de to remote] DEBUG org.asynchttpclient.netty.request.NettyRequestSender - Using open Channel [id: 0x1681981a, L:/127.0.0.1:61476 - R:localhost/127.0.0.1:6896] for GET '/session/7f96e7e36b9f10a8b5acad60a25246de/url'
11:37:07.318 [AsyncHttpClient-1-8] DEBUG org.asynchttpclient.netty.handler.HttpHandler - 

Request DefaultFullHttpRequest(decodeResult: success, version: HTTP/1.1, content: EmptyByteBufBE)
GET /session/7f96e7e36b9f10a8b5acad60a25246de/url HTTP/1.1
User-Agent: selenium/4.8.0 (java windows)
Cache-Control: no-cache
Content-Type: application/json; charset=utf-8
host: localhost:6896
accept: */*

Response DefaultHttpResponse(decodeResult: success, version: HTTP/1.1)
HTTP/1.1 200 OK
Content-Length: 47
Content-Type: application/json; charset=utf-8
cache-control: no-cache

11:37:07.318 [AsyncHttpClient-1-8] DEBUG org.asynchttpclient.netty.channel.ChannelManager - Adding key: http://localhost:6896 for channel [id: 0x1681981a, L:/127.0.0.1:61476 - R:localhost/127.0.0.1:6896]
11:37:07.319 [Forwarding screenshot on session 7f96e7e36b9f10a8b5acad60a25246de to remote] DEBUG org.asynchttpclient.netty.request.NettyRequestSender - Using pooled Channel '[id: 0x1681981a, L:/127.0.0.1:61476 - R:localhost/127.0.0.1:6896]' for 'GET' to 'http://localhost:6896/session/7f96e7e36b9f10a8b5acad60a25246de/screenshot'
11:37:07.319 [Forwarding screenshot on session 7f96e7e36b9f10a8b5acad60a25246de to remote] DEBUG org.asynchttpclient.netty.request.NettyRequestSender - Using open Channel [id: 0x1681981a, L:/127.0.0.1:61476 - R:localhost/127.0.0.1:6896] for GET '/session/7f96e7e36b9f10a8b5acad60a25246de/screenshot'
11:37:07.438 [AsyncHttpClient-1-8] DEBUG org.asynchttpclient.netty.handler.HttpHandler - 

Request DefaultFullHttpRequest(decodeResult: success, version: HTTP/1.1, content: EmptyByteBufBE)
GET /session/7f96e7e36b9f10a8b5acad60a25246de/screenshot HTTP/1.1
User-Agent: selenium/4.8.0 (java windows)
Cache-Control: no-cache
Content-Type: application/json; charset=utf-8
host: localhost:6896
accept: */*

Response DefaultHttpResponse(decodeResult: success, version: HTTP/1.1)
HTTP/1.1 200 OK
Content-Length: 79820
Content-Type: application/json; charset=utf-8
cache-control: no-cache

11:37:07.439 [AsyncHttpClient-1-8] DEBUG org.asynchttpclient.netty.channel.ChannelManager - Adding key: http://localhost:6896 for channel [id: 0x1681981a, L:/127.0.0.1:61476 - R:localhost/127.0.0.1:6896]
11:37:07.442 [main] DEBUG net.serenitybdd.core.photography.Darkroom - Send negative for processing for target\site\serenity\f22411eeb1ecd530ce17e3755060e8c246f74a49fea548866068a0837f48c931.png
11:37:07.442 [main] DEBUG net.thucydides.core.steps.StepInterceptor - STEP DONE: verify continue checkout button is exist
11:37:07.449 [Forwarding getPageSource on session 7f96e7e36b9f10a8b5acad60a25246de to remote] DEBUG org.asynchttpclient.netty.request.NettyRequestSender - Using pooled Channel '[id: 0x1681981a, L:/127.0.0.1:61476 - R:localhost/127.0.0.1:6896]' for 'POST' to 'http://localhost:6896/session/7f96e7e36b9f10a8b5acad60a25246de/execute/sync'
11:37:07.449 [Forwarding getPageSource on session 7f96e7e36b9f10a8b5acad60a25246de to remote] DEBUG org.asynchttpclient.netty.request.NettyRequestSender - Using open Channel [id: 0x1681981a, L:/127.0.0.1:61476 - R:localhost/127.0.0.1:6896] for POST '/session/7f96e7e36b9f10a8b5acad60a25246de/execute/sync'
11:37:07.455 [AsyncHttpClient-1-8] DEBUG org.asynchttpclient.netty.handler.HttpHandler - 

Request DefaultHttpRequest(decodeResult: success, version: HTTP/1.1)
POST /session/7f96e7e36b9f10a8b5acad60a25246de/execute/sync HTTP/1.1
User-Agent: selenium/4.8.0 (java windows)
Content-Length: 176
Content-Type: application/json; charset=utf-8
host: localhost:6896
accept: */*

Response DefaultHttpResponse(decodeResult: success, version: HTTP/1.1)
HTTP/1.1 200 OK
Content-Length: 12651
Content-Type: application/json; charset=utf-8
cache-control: no-cache

11:37:07.455 [AsyncHttpClient-1-8] DEBUG org.asynchttpclient.netty.channel.ChannelManager - Adding key: http://localhost:6896 for channel [id: 0x1681981a, L:/127.0.0.1:61476 - R:localhost/127.0.0.1:6896]
11:37:07.456 [Forwarding getCurrentUrl on session 7f96e7e36b9f10a8b5acad60a25246de to remote] DEBUG org.asynchttpclient.netty.request.NettyRequestSender - Using pooled Channel '[id: 0x1681981a, L:/127.0.0.1:61476 - R:localhost/127.0.0.1:6896]' for 'GET' to 'http://localhost:6896/session/7f96e7e36b9f10a8b5acad60a25246de/url'
11:37:07.456 [Forwarding getCurrentUrl on session 7f96e7e36b9f10a8b5acad60a25246de to remote] DEBUG org.asynchttpclient.netty.request.NettyRequestSender - Using open Channel [id: 0x1681981a, L:/127.0.0.1:61476 - R:localhost/127.0.0.1:6896] for GET '/session/7f96e7e36b9f10a8b5acad60a25246de/url'
11:37:07.461 [AsyncHttpClient-1-8] DEBUG org.asynchttpclient.netty.handler.HttpHandler - 

Request DefaultFullHttpRequest(decodeResult: success, version: HTTP/1.1, content: EmptyByteBufBE)
GET /session/7f96e7e36b9f10a8b5acad60a25246de/url HTTP/1.1
User-Agent: selenium/4.8.0 (java windows)
Cache-Control: no-cache
Content-Type: application/json; charset=utf-8
host: localhost:6896
accept: */*

Response DefaultHttpResponse(decodeResult: success, version: HTTP/1.1)
HTTP/1.1 200 OK
Content-Length: 47
Content-Type: application/json; charset=utf-8
cache-control: no-cache

11:37:07.461 [AsyncHttpClient-1-8] DEBUG org.asynchttpclient.netty.channel.ChannelManager - Adding key: http://localhost:6896 for channel [id: 0x1681981a, L:/127.0.0.1:61476 - R:localhost/127.0.0.1:6896]
11:37:07.469 [main] DEBUG net.thucydides.core.steps.StepInterceptor - STARTING STEP: CartPageSteps.test8_validateUserInterfaceFootersAndHeadersInInventoryPage - verify quantity  is exist
11:37:07.471 [Forwarding findElement on session 7f96e7e36b9f10a8b5acad60a25246de to remote] DEBUG org.asynchttpclient.netty.request.NettyRequestSender - Using pooled Channel '[id: 0x1681981a, L:/127.0.0.1:61476 - R:localhost/127.0.0.1:6896]' for 'POST' to 'http://localhost:6896/session/7f96e7e36b9f10a8b5acad60a25246de/element'
11:37:07.471 [Forwarding findElement on session 7f96e7e36b9f10a8b5acad60a25246de to remote] DEBUG org.asynchttpclient.netty.request.NettyRequestSender - Using open Channel [id: 0x1681981a, L:/127.0.0.1:61476 - R:localhost/127.0.0.1:6896] for POST '/session/7f96e7e36b9f10a8b5acad60a25246de/element'
11:37:07.482 [AsyncHttpClient-1-8] DEBUG org.asynchttpclient.netty.handler.HttpHandler - 

Request DefaultHttpRequest(decodeResult: success, version: HTTP/1.1)
POST /session/7f96e7e36b9f10a8b5acad60a25246de/element HTTP/1.1
User-Agent: selenium/4.8.0 (java windows)
Content-Length: 82
Content-Type: application/json; charset=utf-8
host: localhost:6896
accept: */*

Response DefaultHttpResponse(decodeResult: success, version: HTTP/1.1)
HTTP/1.1 200 OK
Content-Length: 95
Content-Type: application/json; charset=utf-8
cache-control: no-cache

11:37:07.482 [AsyncHttpClient-1-8] DEBUG org.asynchttpclient.netty.channel.ChannelManager - Adding key: http://localhost:6896 for channel [id: 0x1681981a, L:/127.0.0.1:61476 - R:localhost/127.0.0.1:6896]
11:37:07.483 [Forwarding isElementDisplayed on session 7f96e7e36b9f10a8b5acad60a25246de to remote] DEBUG org.asynchttpclient.netty.request.NettyRequestSender - Using pooled Channel '[id: 0x1681981a, L:/127.0.0.1:61476 - R:localhost/127.0.0.1:6896]' for 'POST' to 'http://localhost:6896/session/7f96e7e36b9f10a8b5acad60a25246de/execute/sync'
11:37:07.483 [Forwarding isElementDisplayed on session 7f96e7e36b9f10a8b5acad60a25246de to remote] DEBUG org.asynchttpclient.netty.request.NettyRequestSender - Using open Channel [id: 0x1681981a, L:/127.0.0.1:61476 - R:localhost/127.0.0.1:6896] for POST '/session/7f96e7e36b9f10a8b5acad60a25246de/execute/sync'
11:37:07.494 [AsyncHttpClient-1-8] DEBUG org.asynchttpclient.netty.handler.HttpHandler - 

Request DefaultHttpRequest(decodeResult: success, version: HTTP/1.1)
POST /session/7f96e7e36b9f10a8b5acad60a25246de/execute/sync HTTP/1.1
User-Agent: selenium/4.8.0 (java windows)
Content-Length: 48814
Content-Type: application/json; charset=utf-8
host: localhost:6896
accept: */*

Response DefaultHttpResponse(decodeResult: success, version: HTTP/1.1)
HTTP/1.1 200 OK
Content-Length: 14
Content-Type: application/json; charset=utf-8
cache-control: no-cache

11:37:07.494 [AsyncHttpClient-1-8] DEBUG org.asynchttpclient.netty.channel.ChannelManager - Adding key: http://localhost:6896 for channel [id: 0x1681981a, L:/127.0.0.1:61476 - R:localhost/127.0.0.1:6896]
11:37:07.495 [Forwarding isElementDisplayed on session 7f96e7e36b9f10a8b5acad60a25246de to remote] DEBUG org.asynchttpclient.netty.request.NettyRequestSender - Using pooled Channel '[id: 0x1681981a, L:/127.0.0.1:61476 - R:localhost/127.0.0.1:6896]' for 'POST' to 'http://localhost:6896/session/7f96e7e36b9f10a8b5acad60a25246de/execute/sync'
11:37:07.496 [Forwarding isElementDisplayed on session 7f96e7e36b9f10a8b5acad60a25246de to remote] DEBUG org.asynchttpclient.netty.request.NettyRequestSender - Using open Channel [id: 0x1681981a, L:/127.0.0.1:61476 - R:localhost/127.0.0.1:6896] for POST '/session/7f96e7e36b9f10a8b5acad60a25246de/execute/sync'
11:37:07.507 [AsyncHttpClient-1-8] DEBUG org.asynchttpclient.netty.handler.HttpHandler - 

Request DefaultHttpRequest(decodeResult: success, version: HTTP/1.1)
POST /session/7f96e7e36b9f10a8b5acad60a25246de/execute/sync HTTP/1.1
User-Agent: selenium/4.8.0 (java windows)
Content-Length: 48814
Content-Type: application/json; charset=utf-8
host: localhost:6896
accept: */*

Response DefaultHttpResponse(decodeResult: success, version: HTTP/1.1)
HTTP/1.1 200 OK
Content-Length: 14
Content-Type: application/json; charset=utf-8
cache-control: no-cache

11:37:07.508 [AsyncHttpClient-1-8] DEBUG org.asynchttpclient.netty.channel.ChannelManager - Adding key: http://localhost:6896 for channel [id: 0x1681981a, L:/127.0.0.1:61476 - R:localhost/127.0.0.1:6896]
11:37:07.510 [Forwarding findElement on session 7f96e7e36b9f10a8b5acad60a25246de to remote] DEBUG org.asynchttpclient.netty.request.NettyRequestSender - Using pooled Channel '[id: 0x1681981a, L:/127.0.0.1:61476 - R:localhost/127.0.0.1:6896]' for 'POST' to 'http://localhost:6896/session/7f96e7e36b9f10a8b5acad60a25246de/element'
11:37:07.510 [Forwarding findElement on session 7f96e7e36b9f10a8b5acad60a25246de to remote] DEBUG org.asynchttpclient.netty.request.NettyRequestSender - Using open Channel [id: 0x1681981a, L:/127.0.0.1:61476 - R:localhost/127.0.0.1:6896] for POST '/session/7f96e7e36b9f10a8b5acad60a25246de/element'
11:37:07.518 [AsyncHttpClient-1-8] DEBUG org.asynchttpclient.netty.handler.HttpHandler - 

Request DefaultHttpRequest(decodeResult: success, version: HTTP/1.1)
POST /session/7f96e7e36b9f10a8b5acad60a25246de/element HTTP/1.1
User-Agent: selenium/4.8.0 (java windows)
Content-Length: 82
Content-Type: application/json; charset=utf-8
host: localhost:6896
accept: */*

Response DefaultHttpResponse(decodeResult: success, version: HTTP/1.1)
HTTP/1.1 200 OK
Content-Length: 95
Content-Type: application/json; charset=utf-8
cache-control: no-cache

11:37:07.518 [AsyncHttpClient-1-8] DEBUG org.asynchttpclient.netty.channel.ChannelManager - Adding key: http://localhost:6896 for channel [id: 0x1681981a, L:/127.0.0.1:61476 - R:localhost/127.0.0.1:6896]
11:37:07.520 [Forwarding isElementDisplayed on session 7f96e7e36b9f10a8b5acad60a25246de to remote] DEBUG org.asynchttpclient.netty.request.NettyRequestSender - Using pooled Channel '[id: 0x1681981a, L:/127.0.0.1:61476 - R:localhost/127.0.0.1:6896]' for 'POST' to 'http://localhost:6896/session/7f96e7e36b9f10a8b5acad60a25246de/execute/sync'
11:37:07.520 [Forwarding isElementDisplayed on session 7f96e7e36b9f10a8b5acad60a25246de to remote] DEBUG org.asynchttpclient.netty.request.NettyRequestSender - Using open Channel [id: 0x1681981a, L:/127.0.0.1:61476 - R:localhost/127.0.0.1:6896] for POST '/session/7f96e7e36b9f10a8b5acad60a25246de/execute/sync'
11:37:07.529 [AsyncHttpClient-1-8] DEBUG org.asynchttpclient.netty.handler.HttpHandler - 

Request DefaultHttpRequest(decodeResult: success, version: HTTP/1.1)
POST /session/7f96e7e36b9f10a8b5acad60a25246de/execute/sync HTTP/1.1
User-Agent: selenium/4.8.0 (java windows)
Content-Length: 48814
Content-Type: application/json; charset=utf-8
host: localhost:6896
accept: */*

Response DefaultHttpResponse(decodeResult: success, version: HTTP/1.1)
HTTP/1.1 200 OK
Content-Length: 14
Content-Type: application/json; charset=utf-8
cache-control: no-cache

11:37:07.529 [AsyncHttpClient-1-8] DEBUG org.asynchttpclient.netty.channel.ChannelManager - Adding key: http://localhost:6896 for channel [id: 0x1681981a, L:/127.0.0.1:61476 - R:localhost/127.0.0.1:6896]
11:37:07.532 [Forwarding isElementDisplayed on session 7f96e7e36b9f10a8b5acad60a25246de to remote] DEBUG org.asynchttpclient.netty.request.NettyRequestSender - Using pooled Channel '[id: 0x1681981a, L:/127.0.0.1:61476 - R:localhost/127.0.0.1:6896]' for 'POST' to 'http://localhost:6896/session/7f96e7e36b9f10a8b5acad60a25246de/execute/sync'
11:37:07.532 [Forwarding isElementDisplayed on session 7f96e7e36b9f10a8b5acad60a25246de to remote] DEBUG org.asynchttpclient.netty.request.NettyRequestSender - Using open Channel [id: 0x1681981a, L:/127.0.0.1:61476 - R:localhost/127.0.0.1:6896] for POST '/session/7f96e7e36b9f10a8b5acad60a25246de/execute/sync'
11:37:07.541 [AsyncHttpClient-1-8] DEBUG org.asynchttpclient.netty.handler.HttpHandler - 

Request DefaultHttpRequest(decodeResult: success, version: HTTP/1.1)
POST /session/7f96e7e36b9f10a8b5acad60a25246de/execute/sync HTTP/1.1
User-Agent: selenium/4.8.0 (java windows)
Content-Length: 48814
Content-Type: application/json; charset=utf-8
host: localhost:6896
accept: */*

Response DefaultHttpResponse(decodeResult: success, version: HTTP/1.1)
HTTP/1.1 200 OK
Content-Length: 14
Content-Type: application/json; charset=utf-8
cache-control: no-cache

11:37:07.541 [AsyncHttpClient-1-8] DEBUG org.asynchttpclient.netty.channel.ChannelManager - Adding key: http://localhost:6896 for channel [id: 0x1681981a, L:/127.0.0.1:61476 - R:localhost/127.0.0.1:6896]
11:37:07.543 [Forwarding getAlertText on session 7f96e7e36b9f10a8b5acad60a25246de to remote] DEBUG org.asynchttpclient.netty.request.NettyRequestSender - Using pooled Channel '[id: 0x1681981a, L:/127.0.0.1:61476 - R:localhost/127.0.0.1:6896]' for 'GET' to 'http://localhost:6896/session/7f96e7e36b9f10a8b5acad60a25246de/alert/text'
11:37:07.543 [Forwarding getAlertText on session 7f96e7e36b9f10a8b5acad60a25246de to remote] DEBUG org.asynchttpclient.netty.request.NettyRequestSender - Using open Channel [id: 0x1681981a, L:/127.0.0.1:61476 - R:localhost/127.0.0.1:6896] for GET '/session/7f96e7e36b9f10a8b5acad60a25246de/alert/text'
11:37:07.545 [AsyncHttpClient-1-8] DEBUG org.asynchttpclient.netty.handler.HttpHandler - 

Request DefaultFullHttpRequest(decodeResult: success, version: HTTP/1.1, content: EmptyByteBufBE)
GET /session/7f96e7e36b9f10a8b5acad60a25246de/alert/text HTTP/1.1
User-Agent: selenium/4.8.0 (java windows)
Cache-Control: no-cache
Content-Type: application/json; charset=utf-8
host: localhost:6896
accept: */*

Response DefaultHttpResponse(decodeResult: success, version: HTTP/1.1)
HTTP/1.1 404 Not Found
Content-Length: 1522
Content-Type: application/json; charset=utf-8
cache-control: no-cache

11:37:07.545 [AsyncHttpClient-1-8] DEBUG org.asynchttpclient.netty.channel.ChannelManager - Adding key: http://localhost:6896 for channel [id: 0x1681981a, L:/127.0.0.1:61476 - R:localhost/127.0.0.1:6896]
11:37:07.545 [Forwarding getCurrentUrl on session 7f96e7e36b9f10a8b5acad60a25246de to remote] DEBUG org.asynchttpclient.netty.request.NettyRequestSender - Using pooled Channel '[id: 0x1681981a, L:/127.0.0.1:61476 - R:localhost/127.0.0.1:6896]' for 'GET' to 'http://localhost:6896/session/7f96e7e36b9f10a8b5acad60a25246de/url'
11:37:07.545 [Forwarding getCurrentUrl on session 7f96e7e36b9f10a8b5acad60a25246de to remote] DEBUG org.asynchttpclient.netty.request.NettyRequestSender - Using open Channel [id: 0x1681981a, L:/127.0.0.1:61476 - R:localhost/127.0.0.1:6896] for GET '/session/7f96e7e36b9f10a8b5acad60a25246de/url'
11:37:07.551 [AsyncHttpClient-1-8] DEBUG org.asynchttpclient.netty.handler.HttpHandler - 

Request DefaultFullHttpRequest(decodeResult: success, version: HTTP/1.1, content: EmptyByteBufBE)
GET /session/7f96e7e36b9f10a8b5acad60a25246de/url HTTP/1.1
User-Agent: selenium/4.8.0 (java windows)
Cache-Control: no-cache
Content-Type: application/json; charset=utf-8
host: localhost:6896
accept: */*

Response DefaultHttpResponse(decodeResult: success, version: HTTP/1.1)
HTTP/1.1 200 OK
Content-Length: 47
Content-Type: application/json; charset=utf-8
cache-control: no-cache

11:37:07.551 [AsyncHttpClient-1-8] DEBUG org.asynchttpclient.netty.channel.ChannelManager - Adding key: http://localhost:6896 for channel [id: 0x1681981a, L:/127.0.0.1:61476 - R:localhost/127.0.0.1:6896]
11:37:07.552 [Forwarding screenshot on session 7f96e7e36b9f10a8b5acad60a25246de to remote] DEBUG org.asynchttpclient.netty.request.NettyRequestSender - Using pooled Channel '[id: 0x1681981a, L:/127.0.0.1:61476 - R:localhost/127.0.0.1:6896]' for 'GET' to 'http://localhost:6896/session/7f96e7e36b9f10a8b5acad60a25246de/screenshot'
11:37:07.552 [Forwarding screenshot on session 7f96e7e36b9f10a8b5acad60a25246de to remote] DEBUG org.asynchttpclient.netty.request.NettyRequestSender - Using open Channel [id: 0x1681981a, L:/127.0.0.1:61476 - R:localhost/127.0.0.1:6896] for GET '/session/7f96e7e36b9f10a8b5acad60a25246de/screenshot'
11:37:07.679 [AsyncHttpClient-1-8] DEBUG org.asynchttpclient.netty.handler.HttpHandler - 

Request DefaultFullHttpRequest(decodeResult: success, version: HTTP/1.1, content: EmptyByteBufBE)
GET /session/7f96e7e36b9f10a8b5acad60a25246de/screenshot HTTP/1.1
User-Agent: selenium/4.8.0 (java windows)
Cache-Control: no-cache
Content-Type: application/json; charset=utf-8
host: localhost:6896
accept: */*

Response DefaultHttpResponse(decodeResult: success, version: HTTP/1.1)
HTTP/1.1 200 OK
Content-Length: 79820
Content-Type: application/json; charset=utf-8
cache-control: no-cache

11:37:07.679 [AsyncHttpClient-1-8] DEBUG org.asynchttpclient.netty.channel.ChannelManager - Adding key: http://localhost:6896 for channel [id: 0x1681981a, L:/127.0.0.1:61476 - R:localhost/127.0.0.1:6896]
11:37:07.681 [main] DEBUG net.serenitybdd.core.photography.Darkroom - Send negative for processing for target\site\serenity\f22411eeb1ecd530ce17e3755060e8c246f74a49fea548866068a0837f48c931.png
11:37:07.682 [main] DEBUG net.thucydides.core.steps.StepInterceptor - STEP DONE: verify quantity  is exist
11:37:07.688 [Forwarding getPageSource on session 7f96e7e36b9f10a8b5acad60a25246de to remote] DEBUG org.asynchttpclient.netty.request.NettyRequestSender - Using pooled Channel '[id: 0x1681981a, L:/127.0.0.1:61476 - R:localhost/127.0.0.1:6896]' for 'POST' to 'http://localhost:6896/session/7f96e7e36b9f10a8b5acad60a25246de/execute/sync'
11:37:07.688 [Forwarding getPageSource on session 7f96e7e36b9f10a8b5acad60a25246de to remote] DEBUG org.asynchttpclient.netty.request.NettyRequestSender - Using open Channel [id: 0x1681981a, L:/127.0.0.1:61476 - R:localhost/127.0.0.1:6896] for POST '/session/7f96e7e36b9f10a8b5acad60a25246de/execute/sync'
11:37:07.694 [AsyncHttpClient-1-8] DEBUG org.asynchttpclient.netty.handler.HttpHandler - 

Request DefaultHttpRequest(decodeResult: success, version: HTTP/1.1)
POST /session/7f96e7e36b9f10a8b5acad60a25246de/execute/sync HTTP/1.1
User-Agent: selenium/4.8.0 (java windows)
Content-Length: 176
Content-Type: application/json; charset=utf-8
host: localhost:6896
accept: */*

Response DefaultHttpResponse(decodeResult: success, version: HTTP/1.1)
HTTP/1.1 200 OK
Content-Length: 12651
Content-Type: application/json; charset=utf-8
cache-control: no-cache

11:37:07.694 [AsyncHttpClient-1-8] DEBUG org.asynchttpclient.netty.channel.ChannelManager - Adding key: http://localhost:6896 for channel [id: 0x1681981a, L:/127.0.0.1:61476 - R:localhost/127.0.0.1:6896]
11:37:07.696 [Forwarding getCurrentUrl on session 7f96e7e36b9f10a8b5acad60a25246de to remote] DEBUG org.asynchttpclient.netty.request.NettyRequestSender - Using pooled Channel '[id: 0x1681981a, L:/127.0.0.1:61476 - R:localhost/127.0.0.1:6896]' for 'GET' to 'http://localhost:6896/session/7f96e7e36b9f10a8b5acad60a25246de/url'
11:37:07.696 [Forwarding getCurrentUrl on session 7f96e7e36b9f10a8b5acad60a25246de to remote] DEBUG org.asynchttpclient.netty.request.NettyRequestSender - Using open Channel [id: 0x1681981a, L:/127.0.0.1:61476 - R:localhost/127.0.0.1:6896] for GET '/session/7f96e7e36b9f10a8b5acad60a25246de/url'
11:37:07.703 [AsyncHttpClient-1-8] DEBUG org.asynchttpclient.netty.handler.HttpHandler - 

Request DefaultFullHttpRequest(decodeResult: success, version: HTTP/1.1, content: EmptyByteBufBE)
GET /session/7f96e7e36b9f10a8b5acad60a25246de/url HTTP/1.1
User-Agent: selenium/4.8.0 (java windows)
Cache-Control: no-cache
Content-Type: application/json; charset=utf-8
host: localhost:6896
accept: */*

Response DefaultHttpResponse(decodeResult: success, version: HTTP/1.1)
HTTP/1.1 200 OK
Content-Length: 47
Content-Type: application/json; charset=utf-8
cache-control: no-cache

11:37:07.703 [AsyncHttpClient-1-8] DEBUG org.asynchttpclient.netty.channel.ChannelManager - Adding key: http://localhost:6896 for channel [id: 0x1681981a, L:/127.0.0.1:61476 - R:localhost/127.0.0.1:6896]
11:37:07.717 [main] DEBUG net.thucydides.core.steps.StepInterceptor - STARTING STEP: CartPageSteps.test8_validateUserInterfaceFootersAndHeadersInInventoryPage - verify description  is exist
11:37:07.719 [Forwarding findElement on session 7f96e7e36b9f10a8b5acad60a25246de to remote] DEBUG org.asynchttpclient.netty.request.NettyRequestSender - Using pooled Channel '[id: 0x1681981a, L:/127.0.0.1:61476 - R:localhost/127.0.0.1:6896]' for 'POST' to 'http://localhost:6896/session/7f96e7e36b9f10a8b5acad60a25246de/element'
11:37:07.719 [Forwarding findElement on session 7f96e7e36b9f10a8b5acad60a25246de to remote] DEBUG org.asynchttpclient.netty.request.NettyRequestSender - Using open Channel [id: 0x1681981a, L:/127.0.0.1:61476 - R:localhost/127.0.0.1:6896] for POST '/session/7f96e7e36b9f10a8b5acad60a25246de/element'
11:37:07.731 [AsyncHttpClient-1-8] DEBUG org.asynchttpclient.netty.handler.HttpHandler - 

Request DefaultHttpRequest(decodeResult: success, version: HTTP/1.1)
POST /session/7f96e7e36b9f10a8b5acad60a25246de/element HTTP/1.1
User-Agent: selenium/4.8.0 (java windows)
Content-Length: 78
Content-Type: application/json; charset=utf-8
host: localhost:6896
accept: */*

Response DefaultHttpResponse(decodeResult: success, version: HTTP/1.1)
HTTP/1.1 200 OK
Content-Length: 95
Content-Type: application/json; charset=utf-8
cache-control: no-cache

11:37:07.731 [AsyncHttpClient-1-8] DEBUG org.asynchttpclient.netty.channel.ChannelManager - Adding key: http://localhost:6896 for channel [id: 0x1681981a, L:/127.0.0.1:61476 - R:localhost/127.0.0.1:6896]
11:37:07.734 [Forwarding isElementDisplayed on session 7f96e7e36b9f10a8b5acad60a25246de to remote] DEBUG org.asynchttpclient.netty.request.NettyRequestSender - Using pooled Channel '[id: 0x1681981a, L:/127.0.0.1:61476 - R:localhost/127.0.0.1:6896]' for 'POST' to 'http://localhost:6896/session/7f96e7e36b9f10a8b5acad60a25246de/execute/sync'
11:37:07.734 [Forwarding isElementDisplayed on session 7f96e7e36b9f10a8b5acad60a25246de to remote] DEBUG org.asynchttpclient.netty.request.NettyRequestSender - Using open Channel [id: 0x1681981a, L:/127.0.0.1:61476 - R:localhost/127.0.0.1:6896] for POST '/session/7f96e7e36b9f10a8b5acad60a25246de/execute/sync'
11:37:07.745 [AsyncHttpClient-1-8] DEBUG org.asynchttpclient.netty.handler.HttpHandler - 

Request DefaultHttpRequest(decodeResult: success, version: HTTP/1.1)
POST /session/7f96e7e36b9f10a8b5acad60a25246de/execute/sync HTTP/1.1
User-Agent: selenium/4.8.0 (java windows)
Content-Length: 48814
Content-Type: application/json; charset=utf-8
host: localhost:6896
accept: */*

Response DefaultHttpResponse(decodeResult: success, version: HTTP/1.1)
HTTP/1.1 200 OK
Content-Length: 14
Content-Type: application/json; charset=utf-8
cache-control: no-cache

11:37:07.745 [AsyncHttpClient-1-8] DEBUG org.asynchttpclient.netty.channel.ChannelManager - Adding key: http://localhost:6896 for channel [id: 0x1681981a, L:/127.0.0.1:61476 - R:localhost/127.0.0.1:6896]
11:37:07.748 [Forwarding isElementDisplayed on session 7f96e7e36b9f10a8b5acad60a25246de to remote] DEBUG org.asynchttpclient.netty.request.NettyRequestSender - Using pooled Channel '[id: 0x1681981a, L:/127.0.0.1:61476 - R:localhost/127.0.0.1:6896]' for 'POST' to 'http://localhost:6896/session/7f96e7e36b9f10a8b5acad60a25246de/execute/sync'
11:37:07.748 [Forwarding isElementDisplayed on session 7f96e7e36b9f10a8b5acad60a25246de to remote] DEBUG org.asynchttpclient.netty.request.NettyRequestSender - Using open Channel [id: 0x1681981a, L:/127.0.0.1:61476 - R:localhost/127.0.0.1:6896] for POST '/session/7f96e7e36b9f10a8b5acad60a25246de/execute/sync'
11:37:07.756 [AsyncHttpClient-1-8] DEBUG org.asynchttpclient.netty.handler.HttpHandler - 

Request DefaultHttpRequest(decodeResult: success, version: HTTP/1.1)
POST /session/7f96e7e36b9f10a8b5acad60a25246de/execute/sync HTTP/1.1
User-Agent: selenium/4.8.0 (java windows)
Content-Length: 48814
Content-Type: application/json; charset=utf-8
host: localhost:6896
accept: */*

Response DefaultHttpResponse(decodeResult: success, version: HTTP/1.1)
HTTP/1.1 200 OK
Content-Length: 14
Content-Type: application/json; charset=utf-8
cache-control: no-cache

11:37:07.756 [AsyncHttpClient-1-8] DEBUG org.asynchttpclient.netty.channel.ChannelManager - Adding key: http://localhost:6896 for channel [id: 0x1681981a, L:/127.0.0.1:61476 - R:localhost/127.0.0.1:6896]
11:37:07.759 [Forwarding findElement on session 7f96e7e36b9f10a8b5acad60a25246de to remote] DEBUG org.asynchttpclient.netty.request.NettyRequestSender - Using pooled Channel '[id: 0x1681981a, L:/127.0.0.1:61476 - R:localhost/127.0.0.1:6896]' for 'POST' to 'http://localhost:6896/session/7f96e7e36b9f10a8b5acad60a25246de/element'
11:37:07.759 [Forwarding findElement on session 7f96e7e36b9f10a8b5acad60a25246de to remote] DEBUG org.asynchttpclient.netty.request.NettyRequestSender - Using open Channel [id: 0x1681981a, L:/127.0.0.1:61476 - R:localhost/127.0.0.1:6896] for POST '/session/7f96e7e36b9f10a8b5acad60a25246de/element'
11:37:07.769 [AsyncHttpClient-1-8] DEBUG org.asynchttpclient.netty.handler.HttpHandler - 

Request DefaultHttpRequest(decodeResult: success, version: HTTP/1.1)
POST /session/7f96e7e36b9f10a8b5acad60a25246de/element HTTP/1.1
User-Agent: selenium/4.8.0 (java windows)
Content-Length: 78
Content-Type: application/json; charset=utf-8
host: localhost:6896
accept: */*

Response DefaultHttpResponse(decodeResult: success, version: HTTP/1.1)
HTTP/1.1 200 OK
Content-Length: 95
Content-Type: application/json; charset=utf-8
cache-control: no-cache

11:37:07.769 [AsyncHttpClient-1-8] DEBUG org.asynchttpclient.netty.channel.ChannelManager - Adding key: http://localhost:6896 for channel [id: 0x1681981a, L:/127.0.0.1:61476 - R:localhost/127.0.0.1:6896]
11:37:07.770 [Forwarding isElementDisplayed on session 7f96e7e36b9f10a8b5acad60a25246de to remote] DEBUG org.asynchttpclient.netty.request.NettyRequestSender - Using pooled Channel '[id: 0x1681981a, L:/127.0.0.1:61476 - R:localhost/127.0.0.1:6896]' for 'POST' to 'http://localhost:6896/session/7f96e7e36b9f10a8b5acad60a25246de/execute/sync'
11:37:07.770 [Forwarding isElementDisplayed on session 7f96e7e36b9f10a8b5acad60a25246de to remote] DEBUG org.asynchttpclient.netty.request.NettyRequestSender - Using open Channel [id: 0x1681981a, L:/127.0.0.1:61476 - R:localhost/127.0.0.1:6896] for POST '/session/7f96e7e36b9f10a8b5acad60a25246de/execute/sync'
11:37:07.781 [AsyncHttpClient-1-8] DEBUG org.asynchttpclient.netty.handler.HttpHandler - 

Request DefaultHttpRequest(decodeResult: success, version: HTTP/1.1)
POST /session/7f96e7e36b9f10a8b5acad60a25246de/execute/sync HTTP/1.1
User-Agent: selenium/4.8.0 (java windows)
Content-Length: 48814
Content-Type: application/json; charset=utf-8
host: localhost:6896
accept: */*

Response DefaultHttpResponse(decodeResult: success, version: HTTP/1.1)
HTTP/1.1 200 OK
Content-Length: 14
Content-Type: application/json; charset=utf-8
cache-control: no-cache

11:37:07.781 [AsyncHttpClient-1-8] DEBUG org.asynchttpclient.netty.channel.ChannelManager - Adding key: http://localhost:6896 for channel [id: 0x1681981a, L:/127.0.0.1:61476 - R:localhost/127.0.0.1:6896]
11:37:07.783 [Forwarding isElementDisplayed on session 7f96e7e36b9f10a8b5acad60a25246de to remote] DEBUG org.asynchttpclient.netty.request.NettyRequestSender - Using pooled Channel '[id: 0x1681981a, L:/127.0.0.1:61476 - R:localhost/127.0.0.1:6896]' for 'POST' to 'http://localhost:6896/session/7f96e7e36b9f10a8b5acad60a25246de/execute/sync'
11:37:07.783 [Forwarding isElementDisplayed on session 7f96e7e36b9f10a8b5acad60a25246de to remote] DEBUG org.asynchttpclient.netty.request.NettyRequestSender - Using open Channel [id: 0x1681981a, L:/127.0.0.1:61476 - R:localhost/127.0.0.1:6896] for POST '/session/7f96e7e36b9f10a8b5acad60a25246de/execute/sync'
11:37:07.790 [AsyncHttpClient-1-8] DEBUG org.asynchttpclient.netty.handler.HttpHandler - 

Request DefaultHttpRequest(decodeResult: success, version: HTTP/1.1)
POST /session/7f96e7e36b9f10a8b5acad60a25246de/execute/sync HTTP/1.1
User-Agent: selenium/4.8.0 (java windows)
Content-Length: 48814
Content-Type: application/json; charset=utf-8
host: localhost:6896
accept: */*

Response DefaultHttpResponse(decodeResult: success, version: HTTP/1.1)
HTTP/1.1 200 OK
Content-Length: 14
Content-Type: application/json; charset=utf-8
cache-control: no-cache

11:37:07.790 [AsyncHttpClient-1-8] DEBUG org.asynchttpclient.netty.channel.ChannelManager - Adding key: http://localhost:6896 for channel [id: 0x1681981a, L:/127.0.0.1:61476 - R:localhost/127.0.0.1:6896]
11:37:07.795 [Forwarding getAlertText on session 7f96e7e36b9f10a8b5acad60a25246de to remote] DEBUG org.asynchttpclient.netty.request.NettyRequestSender - Using pooled Channel '[id: 0x1681981a, L:/127.0.0.1:61476 - R:localhost/127.0.0.1:6896]' for 'GET' to 'http://localhost:6896/session/7f96e7e36b9f10a8b5acad60a25246de/alert/text'
11:37:07.795 [Forwarding getAlertText on session 7f96e7e36b9f10a8b5acad60a25246de to remote] DEBUG org.asynchttpclient.netty.request.NettyRequestSender - Using open Channel [id: 0x1681981a, L:/127.0.0.1:61476 - R:localhost/127.0.0.1:6896] for GET '/session/7f96e7e36b9f10a8b5acad60a25246de/alert/text'
11:37:07.796 [AsyncHttpClient-1-8] DEBUG org.asynchttpclient.netty.handler.HttpHandler - 

Request DefaultFullHttpRequest(decodeResult: success, version: HTTP/1.1, content: EmptyByteBufBE)
GET /session/7f96e7e36b9f10a8b5acad60a25246de/alert/text HTTP/1.1
User-Agent: selenium/4.8.0 (java windows)
Cache-Control: no-cache
Content-Type: application/json; charset=utf-8
host: localhost:6896
accept: */*

Response DefaultHttpResponse(decodeResult: success, version: HTTP/1.1)
HTTP/1.1 404 Not Found
Content-Length: 1522
Content-Type: application/json; charset=utf-8
cache-control: no-cache

11:37:07.796 [AsyncHttpClient-1-8] DEBUG org.asynchttpclient.netty.channel.ChannelManager - Adding key: http://localhost:6896 for channel [id: 0x1681981a, L:/127.0.0.1:61476 - R:localhost/127.0.0.1:6896]
11:37:07.797 [Forwarding getCurrentUrl on session 7f96e7e36b9f10a8b5acad60a25246de to remote] DEBUG org.asynchttpclient.netty.request.NettyRequestSender - Using pooled Channel '[id: 0x1681981a, L:/127.0.0.1:61476 - R:localhost/127.0.0.1:6896]' for 'GET' to 'http://localhost:6896/session/7f96e7e36b9f10a8b5acad60a25246de/url'
11:37:07.797 [Forwarding getCurrentUrl on session 7f96e7e36b9f10a8b5acad60a25246de to remote] DEBUG org.asynchttpclient.netty.request.NettyRequestSender - Using open Channel [id: 0x1681981a, L:/127.0.0.1:61476 - R:localhost/127.0.0.1:6896] for GET '/session/7f96e7e36b9f10a8b5acad60a25246de/url'
11:37:07.802 [AsyncHttpClient-1-8] DEBUG org.asynchttpclient.netty.handler.HttpHandler - 

Request DefaultFullHttpRequest(decodeResult: success, version: HTTP/1.1, content: EmptyByteBufBE)
GET /session/7f96e7e36b9f10a8b5acad60a25246de/url HTTP/1.1
User-Agent: selenium/4.8.0 (java windows)
Cache-Control: no-cache
Content-Type: application/json; charset=utf-8
host: localhost:6896
accept: */*

Response DefaultHttpResponse(decodeResult: success, version: HTTP/1.1)
HTTP/1.1 200 OK
Content-Length: 47
Content-Type: application/json; charset=utf-8
cache-control: no-cache

11:37:07.802 [AsyncHttpClient-1-8] DEBUG org.asynchttpclient.netty.channel.ChannelManager - Adding key: http://localhost:6896 for channel [id: 0x1681981a, L:/127.0.0.1:61476 - R:localhost/127.0.0.1:6896]
11:37:07.803 [Forwarding screenshot on session 7f96e7e36b9f10a8b5acad60a25246de to remote] DEBUG org.asynchttpclient.netty.request.NettyRequestSender - Using pooled Channel '[id: 0x1681981a, L:/127.0.0.1:61476 - R:localhost/127.0.0.1:6896]' for 'GET' to 'http://localhost:6896/session/7f96e7e36b9f10a8b5acad60a25246de/screenshot'
11:37:07.803 [Forwarding screenshot on session 7f96e7e36b9f10a8b5acad60a25246de to remote] DEBUG org.asynchttpclient.netty.request.NettyRequestSender - Using open Channel [id: 0x1681981a, L:/127.0.0.1:61476 - R:localhost/127.0.0.1:6896] for GET '/session/7f96e7e36b9f10a8b5acad60a25246de/screenshot'
11:37:07.926 [AsyncHttpClient-1-8] DEBUG org.asynchttpclient.netty.handler.HttpHandler - 

Request DefaultFullHttpRequest(decodeResult: success, version: HTTP/1.1, content: EmptyByteBufBE)
GET /session/7f96e7e36b9f10a8b5acad60a25246de/screenshot HTTP/1.1
User-Agent: selenium/4.8.0 (java windows)
Cache-Control: no-cache
Content-Type: application/json; charset=utf-8
host: localhost:6896
accept: */*

Response DefaultHttpResponse(decodeResult: success, version: HTTP/1.1)
HTTP/1.1 200 OK
Content-Length: 79820
Content-Type: application/json; charset=utf-8
cache-control: no-cache

11:37:07.926 [AsyncHttpClient-1-8] DEBUG org.asynchttpclient.netty.channel.ChannelManager - Adding key: http://localhost:6896 for channel [id: 0x1681981a, L:/127.0.0.1:61476 - R:localhost/127.0.0.1:6896]
11:37:07.931 [main] DEBUG net.serenitybdd.core.photography.Darkroom - Send negative for processing for target\site\serenity\f22411eeb1ecd530ce17e3755060e8c246f74a49fea548866068a0837f48c931.png
11:37:07.931 [main] DEBUG net.thucydides.core.steps.StepInterceptor - STEP DONE: verify description  is exist
11:37:07.939 [Forwarding getPageSource on session 7f96e7e36b9f10a8b5acad60a25246de to remote] DEBUG org.asynchttpclient.netty.request.NettyRequestSender - Using pooled Channel '[id: 0x1681981a, L:/127.0.0.1:61476 - R:localhost/127.0.0.1:6896]' for 'POST' to 'http://localhost:6896/session/7f96e7e36b9f10a8b5acad60a25246de/execute/sync'
11:37:07.939 [Forwarding getPageSource on session 7f96e7e36b9f10a8b5acad60a25246de to remote] DEBUG org.asynchttpclient.netty.request.NettyRequestSender - Using open Channel [id: 0x1681981a, L:/127.0.0.1:61476 - R:localhost/127.0.0.1:6896] for POST '/session/7f96e7e36b9f10a8b5acad60a25246de/execute/sync'
11:37:07.945 [AsyncHttpClient-1-8] DEBUG org.asynchttpclient.netty.handler.HttpHandler - 

Request DefaultHttpRequest(decodeResult: success, version: HTTP/1.1)
POST /session/7f96e7e36b9f10a8b5acad60a25246de/execute/sync HTTP/1.1
User-Agent: selenium/4.8.0 (java windows)
Content-Length: 176
Content-Type: application/json; charset=utf-8
host: localhost:6896
accept: */*

Response DefaultHttpResponse(decodeResult: success, version: HTTP/1.1)
HTTP/1.1 200 OK
Content-Length: 12651
Content-Type: application/json; charset=utf-8
cache-control: no-cache

11:37:07.945 [AsyncHttpClient-1-8] DEBUG org.asynchttpclient.netty.channel.ChannelManager - Adding key: http://localhost:6896 for channel [id: 0x1681981a, L:/127.0.0.1:61476 - R:localhost/127.0.0.1:6896]
11:37:07.945 [Forwarding getCurrentUrl on session 7f96e7e36b9f10a8b5acad60a25246de to remote] DEBUG org.asynchttpclient.netty.request.NettyRequestSender - Using pooled Channel '[id: 0x1681981a, L:/127.0.0.1:61476 - R:localhost/127.0.0.1:6896]' for 'GET' to 'http://localhost:6896/session/7f96e7e36b9f10a8b5acad60a25246de/url'
11:37:07.945 [Forwarding getCurrentUrl on session 7f96e7e36b9f10a8b5acad60a25246de to remote] DEBUG org.asynchttpclient.netty.request.NettyRequestSender - Using open Channel [id: 0x1681981a, L:/127.0.0.1:61476 - R:localhost/127.0.0.1:6896] for GET '/session/7f96e7e36b9f10a8b5acad60a25246de/url'
11:37:07.948 [AsyncHttpClient-1-8] DEBUG org.asynchttpclient.netty.handler.HttpHandler - 

Request DefaultFullHttpRequest(decodeResult: success, version: HTTP/1.1, content: EmptyByteBufBE)
GET /session/7f96e7e36b9f10a8b5acad60a25246de/url HTTP/1.1
User-Agent: selenium/4.8.0 (java windows)
Cache-Control: no-cache
Content-Type: application/json; charset=utf-8
host: localhost:6896
accept: */*

Response DefaultHttpResponse(decodeResult: success, version: HTTP/1.1)
HTTP/1.1 200 OK
Content-Length: 47
Content-Type: application/json; charset=utf-8
cache-control: no-cache

11:37:07.948 [AsyncHttpClient-1-8] DEBUG org.asynchttpclient.netty.channel.ChannelManager - Adding key: http://localhost:6896 for channel [id: 0x1681981a, L:/127.0.0.1:61476 - R:localhost/127.0.0.1:6896]
11:37:07.955 [main] DEBUG net.thucydides.core.steps.StepInterceptor - STARTING STEP: CartPageSteps.test8_validateUserInterfaceFootersAndHeadersInInventoryPage - click continues shopping button
11:37:07.958 [Forwarding findElement on session 7f96e7e36b9f10a8b5acad60a25246de to remote] DEBUG org.asynchttpclient.netty.request.NettyRequestSender - Using pooled Channel '[id: 0x1681981a, L:/127.0.0.1:61476 - R:localhost/127.0.0.1:6896]' for 'POST' to 'http://localhost:6896/session/7f96e7e36b9f10a8b5acad60a25246de/element'
11:37:07.958 [Forwarding findElement on session 7f96e7e36b9f10a8b5acad60a25246de to remote] DEBUG org.asynchttpclient.netty.request.NettyRequestSender - Using open Channel [id: 0x1681981a, L:/127.0.0.1:61476 - R:localhost/127.0.0.1:6896] for POST '/session/7f96e7e36b9f10a8b5acad60a25246de/element'
11:37:07.964 [AsyncHttpClient-1-8] DEBUG org.asynchttpclient.netty.handler.HttpHandler - 

Request DefaultHttpRequest(decodeResult: success, version: HTTP/1.1)
POST /session/7f96e7e36b9f10a8b5acad60a25246de/element HTTP/1.1
User-Agent: selenium/4.8.0 (java windows)
Content-Length: 64
Content-Type: application/json; charset=utf-8
host: localhost:6896
accept: */*

Response DefaultHttpResponse(decodeResult: success, version: HTTP/1.1)
HTTP/1.1 200 OK
Content-Length: 95
Content-Type: application/json; charset=utf-8
cache-control: no-cache

11:37:07.964 [AsyncHttpClient-1-8] DEBUG org.asynchttpclient.netty.channel.ChannelManager - Adding key: http://localhost:6896 for channel [id: 0x1681981a, L:/127.0.0.1:61476 - R:localhost/127.0.0.1:6896]
11:37:07.968 [Forwarding isElementDisplayed on session 7f96e7e36b9f10a8b5acad60a25246de to remote] DEBUG org.asynchttpclient.netty.request.NettyRequestSender - Using pooled Channel '[id: 0x1681981a, L:/127.0.0.1:61476 - R:localhost/127.0.0.1:6896]' for 'POST' to 'http://localhost:6896/session/7f96e7e36b9f10a8b5acad60a25246de/execute/sync'
11:37:07.968 [Forwarding isElementDisplayed on session 7f96e7e36b9f10a8b5acad60a25246de to remote] DEBUG org.asynchttpclient.netty.request.NettyRequestSender - Using open Channel [id: 0x1681981a, L:/127.0.0.1:61476 - R:localhost/127.0.0.1:6896] for POST '/session/7f96e7e36b9f10a8b5acad60a25246de/execute/sync'
11:37:07.982 [AsyncHttpClient-1-8] DEBUG org.asynchttpclient.netty.handler.HttpHandler - 

Request DefaultHttpRequest(decodeResult: success, version: HTTP/1.1)
POST /session/7f96e7e36b9f10a8b5acad60a25246de/execute/sync HTTP/1.1
User-Agent: selenium/4.8.0 (java windows)
Content-Length: 48814
Content-Type: application/json; charset=utf-8
host: localhost:6896
accept: */*

Response DefaultHttpResponse(decodeResult: success, version: HTTP/1.1)
HTTP/1.1 200 OK
Content-Length: 14
Content-Type: application/json; charset=utf-8
cache-control: no-cache

11:37:07.982 [AsyncHttpClient-1-8] DEBUG org.asynchttpclient.netty.channel.ChannelManager - Adding key: http://localhost:6896 for channel [id: 0x1681981a, L:/127.0.0.1:61476 - R:localhost/127.0.0.1:6896]
11:37:07.984 [Forwarding getElementTagName on session 7f96e7e36b9f10a8b5acad60a25246de to remote] DEBUG org.asynchttpclient.netty.request.NettyRequestSender - Using pooled Channel '[id: 0x1681981a, L:/127.0.0.1:61476 - R:localhost/127.0.0.1:6896]' for 'GET' to 'http://localhost:6896/session/7f96e7e36b9f10a8b5acad60a25246de/element/6FF2D42796E1B5636833727143D40385_element_85/name'
11:37:07.984 [Forwarding getElementTagName on session 7f96e7e36b9f10a8b5acad60a25246de to remote] DEBUG org.asynchttpclient.netty.request.NettyRequestSender - Using open Channel [id: 0x1681981a, L:/127.0.0.1:61476 - R:localhost/127.0.0.1:6896] for GET '/session/7f96e7e36b9f10a8b5acad60a25246de/element/6FF2D42796E1B5636833727143D40385_element_85/name'
11:37:07.987 [AsyncHttpClient-1-8] DEBUG org.asynchttpclient.netty.handler.HttpHandler - 

Request DefaultFullHttpRequest(decodeResult: success, version: HTTP/1.1, content: EmptyByteBufBE)
GET /session/7f96e7e36b9f10a8b5acad60a25246de/element/6FF2D42796E1B5636833727143D40385_element_85/name HTTP/1.1
User-Agent: selenium/4.8.0 (java windows)
Cache-Control: no-cache
Content-Type: application/json; charset=utf-8
host: localhost:6896
accept: */*

Response DefaultHttpResponse(decodeResult: success, version: HTTP/1.1)
HTTP/1.1 200 OK
Content-Length: 18
Content-Type: application/json; charset=utf-8
cache-control: no-cache

11:37:07.987 [AsyncHttpClient-1-8] DEBUG org.asynchttpclient.netty.channel.ChannelManager - Adding key: http://localhost:6896 for channel [id: 0x1681981a, L:/127.0.0.1:61476 - R:localhost/127.0.0.1:6896]
11:37:07.988 [Forwarding getElementTagName on session 7f96e7e36b9f10a8b5acad60a25246de to remote] DEBUG org.asynchttpclient.netty.request.NettyRequestSender - Using pooled Channel '[id: 0x1681981a, L:/127.0.0.1:61476 - R:localhost/127.0.0.1:6896]' for 'GET' to 'http://localhost:6896/session/7f96e7e36b9f10a8b5acad60a25246de/element/6FF2D42796E1B5636833727143D40385_element_85/name'
11:37:07.988 [Forwarding getElementTagName on session 7f96e7e36b9f10a8b5acad60a25246de to remote] DEBUG org.asynchttpclient.netty.request.NettyRequestSender - Using open Channel [id: 0x1681981a, L:/127.0.0.1:61476 - R:localhost/127.0.0.1:6896] for GET '/session/7f96e7e36b9f10a8b5acad60a25246de/element/6FF2D42796E1B5636833727143D40385_element_85/name'
11:37:07.991 [AsyncHttpClient-1-8] DEBUG org.asynchttpclient.netty.handler.HttpHandler - 

Request DefaultFullHttpRequest(decodeResult: success, version: HTTP/1.1, content: EmptyByteBufBE)
GET /session/7f96e7e36b9f10a8b5acad60a25246de/element/6FF2D42796E1B5636833727143D40385_element_85/name HTTP/1.1
User-Agent: selenium/4.8.0 (java windows)
Cache-Control: no-cache
Content-Type: application/json; charset=utf-8
host: localhost:6896
accept: */*

Response DefaultHttpResponse(decodeResult: success, version: HTTP/1.1)
HTTP/1.1 200 OK
Content-Length: 18
Content-Type: application/json; charset=utf-8
cache-control: no-cache

11:37:07.991 [AsyncHttpClient-1-8] DEBUG org.asynchttpclient.netty.channel.ChannelManager - Adding key: http://localhost:6896 for channel [id: 0x1681981a, L:/127.0.0.1:61476 - R:localhost/127.0.0.1:6896]
11:37:07.992 [Forwarding isElementEnabled on session 7f96e7e36b9f10a8b5acad60a25246de to remote] DEBUG org.asynchttpclient.netty.request.NettyRequestSender - Using pooled Channel '[id: 0x1681981a, L:/127.0.0.1:61476 - R:localhost/127.0.0.1:6896]' for 'GET' to 'http://localhost:6896/session/7f96e7e36b9f10a8b5acad60a25246de/element/6FF2D42796E1B5636833727143D40385_element_85/enabled'
11:37:07.992 [Forwarding isElementEnabled on session 7f96e7e36b9f10a8b5acad60a25246de to remote] DEBUG org.asynchttpclient.netty.request.NettyRequestSender - Using open Channel [id: 0x1681981a, L:/127.0.0.1:61476 - R:localhost/127.0.0.1:6896] for GET '/session/7f96e7e36b9f10a8b5acad60a25246de/element/6FF2D42796E1B5636833727143D40385_element_85/enabled'
11:37:07.998 [AsyncHttpClient-1-8] DEBUG org.asynchttpclient.netty.handler.HttpHandler - 

Request DefaultFullHttpRequest(decodeResult: success, version: HTTP/1.1, content: EmptyByteBufBE)
GET /session/7f96e7e36b9f10a8b5acad60a25246de/element/6FF2D42796E1B5636833727143D40385_element_85/enabled HTTP/1.1
User-Agent: selenium/4.8.0 (java windows)
Cache-Control: no-cache
Content-Type: application/json; charset=utf-8
host: localhost:6896
accept: */*

Response DefaultHttpResponse(decodeResult: success, version: HTTP/1.1)
HTTP/1.1 200 OK
Content-Length: 14
Content-Type: application/json; charset=utf-8
cache-control: no-cache

11:37:07.998 [AsyncHttpClient-1-8] DEBUG org.asynchttpclient.netty.channel.ChannelManager - Adding key: http://localhost:6896 for channel [id: 0x1681981a, L:/127.0.0.1:61476 - R:localhost/127.0.0.1:6896]
11:37:07.998 [Forwarding isElementEnabled on session 7f96e7e36b9f10a8b5acad60a25246de to remote] DEBUG org.asynchttpclient.netty.request.NettyRequestSender - Using pooled Channel '[id: 0x1681981a, L:/127.0.0.1:61476 - R:localhost/127.0.0.1:6896]' for 'GET' to 'http://localhost:6896/session/7f96e7e36b9f10a8b5acad60a25246de/element/6FF2D42796E1B5636833727143D40385_element_85/enabled'
11:37:07.998 [Forwarding isElementEnabled on session 7f96e7e36b9f10a8b5acad60a25246de to remote] DEBUG org.asynchttpclient.netty.request.NettyRequestSender - Using open Channel [id: 0x1681981a, L:/127.0.0.1:61476 - R:localhost/127.0.0.1:6896] for GET '/session/7f96e7e36b9f10a8b5acad60a25246de/element/6FF2D42796E1B5636833727143D40385_element_85/enabled'
11:37:08.002 [AsyncHttpClient-1-8] DEBUG org.asynchttpclient.netty.handler.HttpHandler - 

Request DefaultFullHttpRequest(decodeResult: success, version: HTTP/1.1, content: EmptyByteBufBE)
GET /session/7f96e7e36b9f10a8b5acad60a25246de/element/6FF2D42796E1B5636833727143D40385_element_85/enabled HTTP/1.1
User-Agent: selenium/4.8.0 (java windows)
Cache-Control: no-cache
Content-Type: application/json; charset=utf-8
host: localhost:6896
accept: */*

Response DefaultHttpResponse(decodeResult: success, version: HTTP/1.1)
HTTP/1.1 200 OK
Content-Length: 14
Content-Type: application/json; charset=utf-8
cache-control: no-cache

11:37:08.002 [AsyncHttpClient-1-8] DEBUG org.asynchttpclient.netty.channel.ChannelManager - Adding key: http://localhost:6896 for channel [id: 0x1681981a, L:/127.0.0.1:61476 - R:localhost/127.0.0.1:6896]
11:37:08.004 [Forwarding findElement on session 7f96e7e36b9f10a8b5acad60a25246de to remote] DEBUG org.asynchttpclient.netty.request.NettyRequestSender - Using pooled Channel '[id: 0x1681981a, L:/127.0.0.1:61476 - R:localhost/127.0.0.1:6896]' for 'POST' to 'http://localhost:6896/session/7f96e7e36b9f10a8b5acad60a25246de/element'
11:37:08.004 [Forwarding findElement on session 7f96e7e36b9f10a8b5acad60a25246de to remote] DEBUG org.asynchttpclient.netty.request.NettyRequestSender - Using open Channel [id: 0x1681981a, L:/127.0.0.1:61476 - R:localhost/127.0.0.1:6896] for POST '/session/7f96e7e36b9f10a8b5acad60a25246de/element'
11:37:08.009 [AsyncHttpClient-1-8] DEBUG org.asynchttpclient.netty.handler.HttpHandler - 

Request DefaultHttpRequest(decodeResult: success, version: HTTP/1.1)
POST /session/7f96e7e36b9f10a8b5acad60a25246de/element HTTP/1.1
User-Agent: selenium/4.8.0 (java windows)
Content-Length: 64
Content-Type: application/json; charset=utf-8
host: localhost:6896
accept: */*

Response DefaultHttpResponse(decodeResult: success, version: HTTP/1.1)
HTTP/1.1 200 OK
Content-Length: 95
Content-Type: application/json; charset=utf-8
cache-control: no-cache

11:37:08.009 [AsyncHttpClient-1-8] DEBUG org.asynchttpclient.netty.channel.ChannelManager - Adding key: http://localhost:6896 for channel [id: 0x1681981a, L:/127.0.0.1:61476 - R:localhost/127.0.0.1:6896]
11:37:08.010 [Forwarding isElementDisplayed on session 7f96e7e36b9f10a8b5acad60a25246de to remote] DEBUG org.asynchttpclient.netty.request.NettyRequestSender - Using pooled Channel '[id: 0x1681981a, L:/127.0.0.1:61476 - R:localhost/127.0.0.1:6896]' for 'POST' to 'http://localhost:6896/session/7f96e7e36b9f10a8b5acad60a25246de/execute/sync'
11:37:08.010 [Forwarding isElementDisplayed on session 7f96e7e36b9f10a8b5acad60a25246de to remote] DEBUG org.asynchttpclient.netty.request.NettyRequestSender - Using open Channel [id: 0x1681981a, L:/127.0.0.1:61476 - R:localhost/127.0.0.1:6896] for POST '/session/7f96e7e36b9f10a8b5acad60a25246de/execute/sync'
11:37:08.017 [AsyncHttpClient-1-8] DEBUG org.asynchttpclient.netty.handler.HttpHandler - 

Request DefaultHttpRequest(decodeResult: success, version: HTTP/1.1)
POST /session/7f96e7e36b9f10a8b5acad60a25246de/execute/sync HTTP/1.1
User-Agent: selenium/4.8.0 (java windows)
Content-Length: 48814
Content-Type: application/json; charset=utf-8
host: localhost:6896
accept: */*

Response DefaultHttpResponse(decodeResult: success, version: HTTP/1.1)
HTTP/1.1 200 OK
Content-Length: 14
Content-Type: application/json; charset=utf-8
cache-control: no-cache

11:37:08.017 [AsyncHttpClient-1-8] DEBUG org.asynchttpclient.netty.channel.ChannelManager - Adding key: http://localhost:6896 for channel [id: 0x1681981a, L:/127.0.0.1:61476 - R:localhost/127.0.0.1:6896]
11:37:08.017 [Forwarding clickElement on session 7f96e7e36b9f10a8b5acad60a25246de to remote] DEBUG org.asynchttpclient.netty.request.NettyRequestSender - Using pooled Channel '[id: 0x1681981a, L:/127.0.0.1:61476 - R:localhost/127.0.0.1:6896]' for 'POST' to 'http://localhost:6896/session/7f96e7e36b9f10a8b5acad60a25246de/element/6FF2D42796E1B5636833727143D40385_element_85/click'
11:37:08.017 [Forwarding clickElement on session 7f96e7e36b9f10a8b5acad60a25246de to remote] DEBUG org.asynchttpclient.netty.request.NettyRequestSender - Using open Channel [id: 0x1681981a, L:/127.0.0.1:61476 - R:localhost/127.0.0.1:6896] for POST '/session/7f96e7e36b9f10a8b5acad60a25246de/element/6FF2D42796E1B5636833727143D40385_element_85/click'
11:37:08.133 [AsyncHttpClient-1-1] DEBUG org.asynchttpclient.netty.channel.DefaultChannelPool - Entry count for : http://localhost:61482 : 1
11:37:09.235 [AsyncHttpClient-1-1] DEBUG org.asynchttpclient.netty.channel.DefaultChannelPool - Entry count for : http://localhost:61482 : 1
11:37:10.333 [AsyncHttpClient-1-1] DEBUG org.asynchttpclient.netty.channel.DefaultChannelPool - Entry count for : http://localhost:61482 : 1
11:37:11.434 [AsyncHttpClient-1-1] DEBUG org.asynchttpclient.netty.channel.DefaultChannelPool - Entry count for : http://localhost:61482 : 1
11:37:12.535 [AsyncHttpClient-1-1] DEBUG org.asynchttpclient.netty.channel.DefaultChannelPool - Entry count for : http://localhost:61482 : 1
11:37:13.088 [AsyncHttpClient-1-8] DEBUG org.asynchttpclient.netty.handler.HttpHandler - 

Request DefaultHttpRequest(decodeResult: success, version: HTTP/1.1)
POST /session/7f96e7e36b9f10a8b5acad60a25246de/element/6FF2D42796E1B5636833727143D40385_element_85/click HTTP/1.1
User-Agent: selenium/4.8.0 (java windows)
Content-Length: 57
Content-Type: application/json; charset=utf-8
host: localhost:6896
accept: */*

Response DefaultHttpResponse(decodeResult: success, version: HTTP/1.1)
HTTP/1.1 200 OK
Content-Length: 14
Content-Type: application/json; charset=utf-8
cache-control: no-cache

11:37:13.088 [AsyncHttpClient-1-8] DEBUG org.asynchttpclient.netty.channel.ChannelManager - Adding key: http://localhost:6896 for channel [id: 0x1681981a, L:/127.0.0.1:61476 - R:localhost/127.0.0.1:6896]
11:37:13.095 [Forwarding getAlertText on session 7f96e7e36b9f10a8b5acad60a25246de to remote] DEBUG org.asynchttpclient.netty.request.NettyRequestSender - Using pooled Channel '[id: 0x1681981a, L:/127.0.0.1:61476 - R:localhost/127.0.0.1:6896]' for 'GET' to 'http://localhost:6896/session/7f96e7e36b9f10a8b5acad60a25246de/alert/text'
11:37:13.095 [Forwarding getAlertText on session 7f96e7e36b9f10a8b5acad60a25246de to remote] DEBUG org.asynchttpclient.netty.request.NettyRequestSender - Using open Channel [id: 0x1681981a, L:/127.0.0.1:61476 - R:localhost/127.0.0.1:6896] for GET '/session/7f96e7e36b9f10a8b5acad60a25246de/alert/text'
11:37:13.097 [AsyncHttpClient-1-8] DEBUG org.asynchttpclient.netty.handler.HttpHandler - 

Request DefaultFullHttpRequest(decodeResult: success, version: HTTP/1.1, content: EmptyByteBufBE)
GET /session/7f96e7e36b9f10a8b5acad60a25246de/alert/text HTTP/1.1
User-Agent: selenium/4.8.0 (java windows)
Cache-Control: no-cache
Content-Type: application/json; charset=utf-8
host: localhost:6896
accept: */*

Response DefaultHttpResponse(decodeResult: success, version: HTTP/1.1)
HTTP/1.1 404 Not Found
Content-Length: 1522
Content-Type: application/json; charset=utf-8
cache-control: no-cache

11:37:13.097 [AsyncHttpClient-1-8] DEBUG org.asynchttpclient.netty.channel.ChannelManager - Adding key: http://localhost:6896 for channel [id: 0x1681981a, L:/127.0.0.1:61476 - R:localhost/127.0.0.1:6896]
11:37:13.097 [Forwarding getCurrentUrl on session 7f96e7e36b9f10a8b5acad60a25246de to remote] DEBUG org.asynchttpclient.netty.request.NettyRequestSender - Using pooled Channel '[id: 0x1681981a, L:/127.0.0.1:61476 - R:localhost/127.0.0.1:6896]' for 'GET' to 'http://localhost:6896/session/7f96e7e36b9f10a8b5acad60a25246de/url'
11:37:13.097 [Forwarding getCurrentUrl on session 7f96e7e36b9f10a8b5acad60a25246de to remote] DEBUG org.asynchttpclient.netty.request.NettyRequestSender - Using open Channel [id: 0x1681981a, L:/127.0.0.1:61476 - R:localhost/127.0.0.1:6896] for GET '/session/7f96e7e36b9f10a8b5acad60a25246de/url'
11:37:13.123 [AsyncHttpClient-1-8] DEBUG org.asynchttpclient.netty.handler.HttpHandler - 

Request DefaultFullHttpRequest(decodeResult: success, version: HTTP/1.1, content: EmptyByteBufBE)
GET /session/7f96e7e36b9f10a8b5acad60a25246de/url HTTP/1.1
User-Agent: selenium/4.8.0 (java windows)
Cache-Control: no-cache
Content-Type: application/json; charset=utf-8
host: localhost:6896
accept: */*

Response DefaultHttpResponse(decodeResult: success, version: HTTP/1.1)
HTTP/1.1 200 OK
Content-Length: 52
Content-Type: application/json; charset=utf-8
cache-control: no-cache

11:37:13.123 [AsyncHttpClient-1-8] DEBUG org.asynchttpclient.netty.channel.ChannelManager - Adding key: http://localhost:6896 for channel [id: 0x1681981a, L:/127.0.0.1:61476 - R:localhost/127.0.0.1:6896]
11:37:13.123 [Forwarding screenshot on session 7f96e7e36b9f10a8b5acad60a25246de to remote] DEBUG org.asynchttpclient.netty.request.NettyRequestSender - Using pooled Channel '[id: 0x1681981a, L:/127.0.0.1:61476 - R:localhost/127.0.0.1:6896]' for 'GET' to 'http://localhost:6896/session/7f96e7e36b9f10a8b5acad60a25246de/screenshot'
11:37:13.123 [Forwarding screenshot on session 7f96e7e36b9f10a8b5acad60a25246de to remote] DEBUG org.asynchttpclient.netty.request.NettyRequestSender - Using open Channel [id: 0x1681981a, L:/127.0.0.1:61476 - R:localhost/127.0.0.1:6896] for GET '/session/7f96e7e36b9f10a8b5acad60a25246de/screenshot'
11:37:13.301 [AsyncHttpClient-1-8] DEBUG org.asynchttpclient.netty.handler.HttpHandler - 

Request DefaultFullHttpRequest(decodeResult: success, version: HTTP/1.1, content: EmptyByteBufBE)
GET /session/7f96e7e36b9f10a8b5acad60a25246de/screenshot HTTP/1.1
User-Agent: selenium/4.8.0 (java windows)
Cache-Control: no-cache
Content-Type: application/json; charset=utf-8
host: localhost:6896
accept: */*

Response DefaultHttpResponse(decodeResult: success, version: HTTP/1.1)
HTTP/1.1 200 OK
Content-Length: 494824
Content-Type: application/json; charset=utf-8
cache-control: no-cache

11:37:13.302 [AsyncHttpClient-1-8] DEBUG org.asynchttpclient.netty.channel.ChannelManager - Adding key: http://localhost:6896 for channel [id: 0x1681981a, L:/127.0.0.1:61476 - R:localhost/127.0.0.1:6896]
11:37:13.311 [main] DEBUG net.serenitybdd.core.photography.Darkroom - Send negative for processing for target\site\serenity\8f105dcd5e4ed0a1a4c853abb5ea1012d0d219ce4848c848dafd43cc02d8ae51.png
11:37:13.311 [main] DEBUG net.thucydides.core.steps.StepInterceptor - STEP DONE: click continues shopping button
11:37:13.316 [main] DEBUG net.thucydides.core.steps.StepInterceptor - STEP DONE: test8_validateUserInterfaceFootersAndHeaders
11:37:13.319 [Darkroom Processing Line] DEBUG net.serenitybdd.core.photography.DarkroomProcessingLine - Processing screenshot image in /var/screenshots/screenshot-3683086910016282541
11:37:13.319 [Darkroom Processing Line] DEBUG net.serenitybdd.core.photography.DarkroomProcessingLine - Saving screenshot to target\site\serenity\8f105dcd5e4ed0a1a4c853abb5ea1012d0d219ce4848c848dafd43cc02d8ae51.png
11:37:13.322 [Forwarding getPageSource on session 7f96e7e36b9f10a8b5acad60a25246de to remote] DEBUG org.asynchttpclient.netty.request.NettyRequestSender - Using pooled Channel '[id: 0x1681981a, L:/127.0.0.1:61476 - R:localhost/127.0.0.1:6896]' for 'POST' to 'http://localhost:6896/session/7f96e7e36b9f10a8b5acad60a25246de/execute/sync'
11:37:13.322 [Forwarding getPageSource on session 7f96e7e36b9f10a8b5acad60a25246de to remote] DEBUG org.asynchttpclient.netty.request.NettyRequestSender - Using open Channel [id: 0x1681981a, L:/127.0.0.1:61476 - R:localhost/127.0.0.1:6896] for POST '/session/7f96e7e36b9f10a8b5acad60a25246de/execute/sync'
11:37:13.328 [AsyncHttpClient-1-8] DEBUG org.asynchttpclient.netty.handler.HttpHandler - 

Request DefaultHttpRequest(decodeResult: success, version: HTTP/1.1)
POST /session/7f96e7e36b9f10a8b5acad60a25246de/execute/sync HTTP/1.1
User-Agent: selenium/4.8.0 (java windows)
Content-Length: 176
Content-Type: application/json; charset=utf-8
host: localhost:6896
accept: */*

Response DefaultHttpResponse(decodeResult: success, version: HTTP/1.1)
HTTP/1.1 200 OK
Content-Length: 16428
Content-Type: application/json; charset=utf-8
cache-control: no-cache

11:37:13.328 [AsyncHttpClient-1-8] DEBUG org.asynchttpclient.netty.channel.ChannelManager - Adding key: http://localhost:6896 for channel [id: 0x1681981a, L:/127.0.0.1:61476 - R:localhost/127.0.0.1:6896]
11:37:13.329 [Forwarding getCurrentUrl on session 7f96e7e36b9f10a8b5acad60a25246de to remote] DEBUG org.asynchttpclient.netty.request.NettyRequestSender - Using pooled Channel '[id: 0x1681981a, L:/127.0.0.1:61476 - R:localhost/127.0.0.1:6896]' for 'GET' to 'http://localhost:6896/session/7f96e7e36b9f10a8b5acad60a25246de/url'
11:37:13.329 [Forwarding getCurrentUrl on session 7f96e7e36b9f10a8b5acad60a25246de to remote] DEBUG org.asynchttpclient.netty.request.NettyRequestSender - Using open Channel [id: 0x1681981a, L:/127.0.0.1:61476 - R:localhost/127.0.0.1:6896] for GET '/session/7f96e7e36b9f10a8b5acad60a25246de/url'
11:37:13.334 [AsyncHttpClient-1-8] DEBUG org.asynchttpclient.netty.handler.HttpHandler - 

Request DefaultFullHttpRequest(decodeResult: success, version: HTTP/1.1, content: EmptyByteBufBE)
GET /session/7f96e7e36b9f10a8b5acad60a25246de/url HTTP/1.1
User-Agent: selenium/4.8.0 (java windows)
Cache-Control: no-cache
Content-Type: application/json; charset=utf-8
host: localhost:6896
accept: */*

Response DefaultHttpResponse(decodeResult: success, version: HTTP/1.1)
HTTP/1.1 200 OK
Content-Length: 52
Content-Type: application/json; charset=utf-8
cache-control: no-cache

11:37:13.334 [AsyncHttpClient-1-8] DEBUG org.asynchttpclient.netty.channel.ChannelManager - Adding key: http://localhost:6896 for channel [id: 0x1681981a, L:/127.0.0.1:61476 - R:localhost/127.0.0.1:6896]
11:37:13.340 [main] DEBUG net.thucydides.core.steps.StepInterceptor - STARTING STEP: Tests.testCases - test9_addToMoreProductAndValidateTotalProductCountIs
11:37:13.343 [Forwarding findElement on session 7f96e7e36b9f10a8b5acad60a25246de to remote] DEBUG org.asynchttpclient.netty.request.NettyRequestSender - Using pooled Channel '[id: 0x1681981a, L:/127.0.0.1:61476 - R:localhost/127.0.0.1:6896]' for 'POST' to 'http://localhost:6896/session/7f96e7e36b9f10a8b5acad60a25246de/element'
11:37:13.343 [Forwarding findElement on session 7f96e7e36b9f10a8b5acad60a25246de to remote] DEBUG org.asynchttpclient.netty.request.NettyRequestSender - Using open Channel [id: 0x1681981a, L:/127.0.0.1:61476 - R:localhost/127.0.0.1:6896] for POST '/session/7f96e7e36b9f10a8b5acad60a25246de/element'
11:37:13.354 [AsyncHttpClient-1-8] DEBUG org.asynchttpclient.netty.handler.HttpHandler - 

Request DefaultHttpRequest(decodeResult: success, version: HTTP/1.1)
POST /session/7f96e7e36b9f10a8b5acad60a25246de/element HTTP/1.1
User-Agent: selenium/4.8.0 (java windows)
Content-Length: 86
Content-Type: application/json; charset=utf-8
host: localhost:6896
accept: */*

Response DefaultHttpResponse(decodeResult: success, version: HTTP/1.1)
HTTP/1.1 200 OK
Content-Length: 95
Content-Type: application/json; charset=utf-8
cache-control: no-cache

11:37:13.354 [AsyncHttpClient-1-8] DEBUG org.asynchttpclient.netty.channel.ChannelManager - Adding key: http://localhost:6896 for channel [id: 0x1681981a, L:/127.0.0.1:61476 - R:localhost/127.0.0.1:6896]
11:37:13.362 [Forwarding isElementDisplayed on session 7f96e7e36b9f10a8b5acad60a25246de to remote] DEBUG org.asynchttpclient.netty.request.NettyRequestSender - Using pooled Channel '[id: 0x1681981a, L:/127.0.0.1:61476 - R:localhost/127.0.0.1:6896]' for 'POST' to 'http://localhost:6896/session/7f96e7e36b9f10a8b5acad60a25246de/execute/sync'
11:37:13.362 [Forwarding isElementDisplayed on session 7f96e7e36b9f10a8b5acad60a25246de to remote] DEBUG org.asynchttpclient.netty.request.NettyRequestSender - Using open Channel [id: 0x1681981a, L:/127.0.0.1:61476 - R:localhost/127.0.0.1:6896] for POST '/session/7f96e7e36b9f10a8b5acad60a25246de/execute/sync'
11:37:13.372 [AsyncHttpClient-1-8] DEBUG org.asynchttpclient.netty.handler.HttpHandler - 

Request DefaultHttpRequest(decodeResult: success, version: HTTP/1.1)
POST /session/7f96e7e36b9f10a8b5acad60a25246de/execute/sync HTTP/1.1
User-Agent: selenium/4.8.0 (java windows)
Content-Length: 48814
Content-Type: application/json; charset=utf-8
host: localhost:6896
accept: */*

Response DefaultHttpResponse(decodeResult: success, version: HTTP/1.1)
HTTP/1.1 200 OK
Content-Length: 14
Content-Type: application/json; charset=utf-8
cache-control: no-cache

11:37:13.372 [AsyncHttpClient-1-8] DEBUG org.asynchttpclient.netty.channel.ChannelManager - Adding key: http://localhost:6896 for channel [id: 0x1681981a, L:/127.0.0.1:61476 - R:localhost/127.0.0.1:6896]
11:37:13.372 [Forwarding getElementTagName on session 7f96e7e36b9f10a8b5acad60a25246de to remote] DEBUG org.asynchttpclient.netty.request.NettyRequestSender - Using pooled Channel '[id: 0x1681981a, L:/127.0.0.1:61476 - R:localhost/127.0.0.1:6896]' for 'GET' to 'http://localhost:6896/session/7f96e7e36b9f10a8b5acad60a25246de/element/6FF2D42796E1B5636833727143D40385_element_93/name'
11:37:13.372 [Forwarding getElementTagName on session 7f96e7e36b9f10a8b5acad60a25246de to remote] DEBUG org.asynchttpclient.netty.request.NettyRequestSender - Using open Channel [id: 0x1681981a, L:/127.0.0.1:61476 - R:localhost/127.0.0.1:6896] for GET '/session/7f96e7e36b9f10a8b5acad60a25246de/element/6FF2D42796E1B5636833727143D40385_element_93/name'
11:37:13.377 [AsyncHttpClient-1-8] DEBUG org.asynchttpclient.netty.handler.HttpHandler - 

Request DefaultFullHttpRequest(decodeResult: success, version: HTTP/1.1, content: EmptyByteBufBE)
GET /session/7f96e7e36b9f10a8b5acad60a25246de/element/6FF2D42796E1B5636833727143D40385_element_93/name HTTP/1.1
User-Agent: selenium/4.8.0 (java windows)
Cache-Control: no-cache
Content-Type: application/json; charset=utf-8
host: localhost:6896
accept: */*

Response DefaultHttpResponse(decodeResult: success, version: HTTP/1.1)
HTTP/1.1 200 OK
Content-Length: 18
Content-Type: application/json; charset=utf-8
cache-control: no-cache

11:37:13.377 [AsyncHttpClient-1-8] DEBUG org.asynchttpclient.netty.channel.ChannelManager - Adding key: http://localhost:6896 for channel [id: 0x1681981a, L:/127.0.0.1:61476 - R:localhost/127.0.0.1:6896]
11:37:13.377 [Forwarding getElementTagName on session 7f96e7e36b9f10a8b5acad60a25246de to remote] DEBUG org.asynchttpclient.netty.request.NettyRequestSender - Using pooled Channel '[id: 0x1681981a, L:/127.0.0.1:61476 - R:localhost/127.0.0.1:6896]' for 'GET' to 'http://localhost:6896/session/7f96e7e36b9f10a8b5acad60a25246de/element/6FF2D42796E1B5636833727143D40385_element_93/name'
11:37:13.377 [Forwarding getElementTagName on session 7f96e7e36b9f10a8b5acad60a25246de to remote] DEBUG org.asynchttpclient.netty.request.NettyRequestSender - Using open Channel [id: 0x1681981a, L:/127.0.0.1:61476 - R:localhost/127.0.0.1:6896] for GET '/session/7f96e7e36b9f10a8b5acad60a25246de/element/6FF2D42796E1B5636833727143D40385_element_93/name'
11:37:13.380 [AsyncHttpClient-1-8] DEBUG org.asynchttpclient.netty.handler.HttpHandler - 

Request DefaultFullHttpRequest(decodeResult: success, version: HTTP/1.1, content: EmptyByteBufBE)
GET /session/7f96e7e36b9f10a8b5acad60a25246de/element/6FF2D42796E1B5636833727143D40385_element_93/name HTTP/1.1
User-Agent: selenium/4.8.0 (java windows)
Cache-Control: no-cache
Content-Type: application/json; charset=utf-8
host: localhost:6896
accept: */*

Response DefaultHttpResponse(decodeResult: success, version: HTTP/1.1)
HTTP/1.1 200 OK
Content-Length: 18
Content-Type: application/json; charset=utf-8
cache-control: no-cache

11:37:13.380 [AsyncHttpClient-1-8] DEBUG org.asynchttpclient.netty.channel.ChannelManager - Adding key: http://localhost:6896 for channel [id: 0x1681981a, L:/127.0.0.1:61476 - R:localhost/127.0.0.1:6896]
11:37:13.381 [Forwarding isElementEnabled on session 7f96e7e36b9f10a8b5acad60a25246de to remote] DEBUG org.asynchttpclient.netty.request.NettyRequestSender - Using pooled Channel '[id: 0x1681981a, L:/127.0.0.1:61476 - R:localhost/127.0.0.1:6896]' for 'GET' to 'http://localhost:6896/session/7f96e7e36b9f10a8b5acad60a25246de/element/6FF2D42796E1B5636833727143D40385_element_93/enabled'
11:37:13.381 [Forwarding isElementEnabled on session 7f96e7e36b9f10a8b5acad60a25246de to remote] DEBUG org.asynchttpclient.netty.request.NettyRequestSender - Using open Channel [id: 0x1681981a, L:/127.0.0.1:61476 - R:localhost/127.0.0.1:6896] for GET '/session/7f96e7e36b9f10a8b5acad60a25246de/element/6FF2D42796E1B5636833727143D40385_element_93/enabled'
11:37:13.387 [AsyncHttpClient-1-8] DEBUG org.asynchttpclient.netty.handler.HttpHandler - 

Request DefaultFullHttpRequest(decodeResult: success, version: HTTP/1.1, content: EmptyByteBufBE)
GET /session/7f96e7e36b9f10a8b5acad60a25246de/element/6FF2D42796E1B5636833727143D40385_element_93/enabled HTTP/1.1
User-Agent: selenium/4.8.0 (java windows)
Cache-Control: no-cache
Content-Type: application/json; charset=utf-8
host: localhost:6896
accept: */*

Response DefaultHttpResponse(decodeResult: success, version: HTTP/1.1)
HTTP/1.1 200 OK
Content-Length: 14
Content-Type: application/json; charset=utf-8
cache-control: no-cache

11:37:13.387 [AsyncHttpClient-1-8] DEBUG org.asynchttpclient.netty.channel.ChannelManager - Adding key: http://localhost:6896 for channel [id: 0x1681981a, L:/127.0.0.1:61476 - R:localhost/127.0.0.1:6896]
11:37:13.388 [Forwarding isElementEnabled on session 7f96e7e36b9f10a8b5acad60a25246de to remote] DEBUG org.asynchttpclient.netty.request.NettyRequestSender - Using pooled Channel '[id: 0x1681981a, L:/127.0.0.1:61476 - R:localhost/127.0.0.1:6896]' for 'GET' to 'http://localhost:6896/session/7f96e7e36b9f10a8b5acad60a25246de/element/6FF2D42796E1B5636833727143D40385_element_93/enabled'
11:37:13.388 [Forwarding isElementEnabled on session 7f96e7e36b9f10a8b5acad60a25246de to remote] DEBUG org.asynchttpclient.netty.request.NettyRequestSender - Using open Channel [id: 0x1681981a, L:/127.0.0.1:61476 - R:localhost/127.0.0.1:6896] for GET '/session/7f96e7e36b9f10a8b5acad60a25246de/element/6FF2D42796E1B5636833727143D40385_element_93/enabled'
11:37:13.391 [AsyncHttpClient-1-8] DEBUG org.asynchttpclient.netty.handler.HttpHandler - 

Request DefaultFullHttpRequest(decodeResult: success, version: HTTP/1.1, content: EmptyByteBufBE)
GET /session/7f96e7e36b9f10a8b5acad60a25246de/element/6FF2D42796E1B5636833727143D40385_element_93/enabled HTTP/1.1
User-Agent: selenium/4.8.0 (java windows)
Cache-Control: no-cache
Content-Type: application/json; charset=utf-8
host: localhost:6896
accept: */*

Response DefaultHttpResponse(decodeResult: success, version: HTTP/1.1)
HTTP/1.1 200 OK
Content-Length: 14
Content-Type: application/json; charset=utf-8
cache-control: no-cache

11:37:13.391 [AsyncHttpClient-1-8] DEBUG org.asynchttpclient.netty.channel.ChannelManager - Adding key: http://localhost:6896 for channel [id: 0x1681981a, L:/127.0.0.1:61476 - R:localhost/127.0.0.1:6896]
11:37:13.392 [Forwarding getElementTagName on session 7f96e7e36b9f10a8b5acad60a25246de to remote] DEBUG org.asynchttpclient.netty.request.NettyRequestSender - Using pooled Channel '[id: 0x1681981a, L:/127.0.0.1:61476 - R:localhost/127.0.0.1:6896]' for 'GET' to 'http://localhost:6896/session/7f96e7e36b9f10a8b5acad60a25246de/element/6FF2D42796E1B5636833727143D40385_element_93/name'
11:37:13.392 [Forwarding getElementTagName on session 7f96e7e36b9f10a8b5acad60a25246de to remote] DEBUG org.asynchttpclient.netty.request.NettyRequestSender - Using open Channel [id: 0x1681981a, L:/127.0.0.1:61476 - R:localhost/127.0.0.1:6896] for GET '/session/7f96e7e36b9f10a8b5acad60a25246de/element/6FF2D42796E1B5636833727143D40385_element_93/name'
11:37:13.395 [AsyncHttpClient-1-8] DEBUG org.asynchttpclient.netty.handler.HttpHandler - 

Request DefaultFullHttpRequest(decodeResult: success, version: HTTP/1.1, content: EmptyByteBufBE)
GET /session/7f96e7e36b9f10a8b5acad60a25246de/element/6FF2D42796E1B5636833727143D40385_element_93/name HTTP/1.1
User-Agent: selenium/4.8.0 (java windows)
Cache-Control: no-cache
Content-Type: application/json; charset=utf-8
host: localhost:6896
accept: */*

Response DefaultHttpResponse(decodeResult: success, version: HTTP/1.1)
HTTP/1.1 200 OK
Content-Length: 18
Content-Type: application/json; charset=utf-8
cache-control: no-cache

11:37:13.395 [AsyncHttpClient-1-8] DEBUG org.asynchttpclient.netty.channel.ChannelManager - Adding key: http://localhost:6896 for channel [id: 0x1681981a, L:/127.0.0.1:61476 - R:localhost/127.0.0.1:6896]
11:37:13.396 [Forwarding getElementTagName on session 7f96e7e36b9f10a8b5acad60a25246de to remote] DEBUG org.asynchttpclient.netty.request.NettyRequestSender - Using pooled Channel '[id: 0x1681981a, L:/127.0.0.1:61476 - R:localhost/127.0.0.1:6896]' for 'GET' to 'http://localhost:6896/session/7f96e7e36b9f10a8b5acad60a25246de/element/6FF2D42796E1B5636833727143D40385_element_93/name'
11:37:13.396 [Forwarding getElementTagName on session 7f96e7e36b9f10a8b5acad60a25246de to remote] DEBUG org.asynchttpclient.netty.request.NettyRequestSender - Using open Channel [id: 0x1681981a, L:/127.0.0.1:61476 - R:localhost/127.0.0.1:6896] for GET '/session/7f96e7e36b9f10a8b5acad60a25246de/element/6FF2D42796E1B5636833727143D40385_element_93/name'
11:37:13.400 [AsyncHttpClient-1-8] DEBUG org.asynchttpclient.netty.handler.HttpHandler - 

Request DefaultFullHttpRequest(decodeResult: success, version: HTTP/1.1, content: EmptyByteBufBE)
GET /session/7f96e7e36b9f10a8b5acad60a25246de/element/6FF2D42796E1B5636833727143D40385_element_93/name HTTP/1.1
User-Agent: selenium/4.8.0 (java windows)
Cache-Control: no-cache
Content-Type: application/json; charset=utf-8
host: localhost:6896
accept: */*

Response DefaultHttpResponse(decodeResult: success, version: HTTP/1.1)
HTTP/1.1 200 OK
Content-Length: 18
Content-Type: application/json; charset=utf-8
cache-control: no-cache

11:37:13.400 [AsyncHttpClient-1-8] DEBUG org.asynchttpclient.netty.channel.ChannelManager - Adding key: http://localhost:6896 for channel [id: 0x1681981a, L:/127.0.0.1:61476 - R:localhost/127.0.0.1:6896]
11:37:13.400 [Forwarding isElementEnabled on session 7f96e7e36b9f10a8b5acad60a25246de to remote] DEBUG org.asynchttpclient.netty.request.NettyRequestSender - Using pooled Channel '[id: 0x1681981a, L:/127.0.0.1:61476 - R:localhost/127.0.0.1:6896]' for 'GET' to 'http://localhost:6896/session/7f96e7e36b9f10a8b5acad60a25246de/element/6FF2D42796E1B5636833727143D40385_element_93/enabled'
11:37:13.400 [Forwarding isElementEnabled on session 7f96e7e36b9f10a8b5acad60a25246de to remote] DEBUG org.asynchttpclient.netty.request.NettyRequestSender - Using open Channel [id: 0x1681981a, L:/127.0.0.1:61476 - R:localhost/127.0.0.1:6896] for GET '/session/7f96e7e36b9f10a8b5acad60a25246de/element/6FF2D42796E1B5636833727143D40385_element_93/enabled'
11:37:13.404 [AsyncHttpClient-1-8] DEBUG org.asynchttpclient.netty.handler.HttpHandler - 

Request DefaultFullHttpRequest(decodeResult: success, version: HTTP/1.1, content: EmptyByteBufBE)
GET /session/7f96e7e36b9f10a8b5acad60a25246de/element/6FF2D42796E1B5636833727143D40385_element_93/enabled HTTP/1.1
User-Agent: selenium/4.8.0 (java windows)
Cache-Control: no-cache
Content-Type: application/json; charset=utf-8
host: localhost:6896
accept: */*

Response DefaultHttpResponse(decodeResult: success, version: HTTP/1.1)
HTTP/1.1 200 OK
Content-Length: 14
Content-Type: application/json; charset=utf-8
cache-control: no-cache

11:37:13.404 [AsyncHttpClient-1-8] DEBUG org.asynchttpclient.netty.channel.ChannelManager - Adding key: http://localhost:6896 for channel [id: 0x1681981a, L:/127.0.0.1:61476 - R:localhost/127.0.0.1:6896]
11:37:13.405 [Forwarding isElementEnabled on session 7f96e7e36b9f10a8b5acad60a25246de to remote] DEBUG org.asynchttpclient.netty.request.NettyRequestSender - Using pooled Channel '[id: 0x1681981a, L:/127.0.0.1:61476 - R:localhost/127.0.0.1:6896]' for 'GET' to 'http://localhost:6896/session/7f96e7e36b9f10a8b5acad60a25246de/element/6FF2D42796E1B5636833727143D40385_element_93/enabled'
11:37:13.405 [Forwarding isElementEnabled on session 7f96e7e36b9f10a8b5acad60a25246de to remote] DEBUG org.asynchttpclient.netty.request.NettyRequestSender - Using open Channel [id: 0x1681981a, L:/127.0.0.1:61476 - R:localhost/127.0.0.1:6896] for GET '/session/7f96e7e36b9f10a8b5acad60a25246de/element/6FF2D42796E1B5636833727143D40385_element_93/enabled'
11:37:13.408 [AsyncHttpClient-1-8] DEBUG org.asynchttpclient.netty.handler.HttpHandler - 

Request DefaultFullHttpRequest(decodeResult: success, version: HTTP/1.1, content: EmptyByteBufBE)
GET /session/7f96e7e36b9f10a8b5acad60a25246de/element/6FF2D42796E1B5636833727143D40385_element_93/enabled HTTP/1.1
User-Agent: selenium/4.8.0 (java windows)
Cache-Control: no-cache
Content-Type: application/json; charset=utf-8
host: localhost:6896
accept: */*

Response DefaultHttpResponse(decodeResult: success, version: HTTP/1.1)
HTTP/1.1 200 OK
Content-Length: 14
Content-Type: application/json; charset=utf-8
cache-control: no-cache

11:37:13.408 [AsyncHttpClient-1-8] DEBUG org.asynchttpclient.netty.channel.ChannelManager - Adding key: http://localhost:6896 for channel [id: 0x1681981a, L:/127.0.0.1:61476 - R:localhost/127.0.0.1:6896]
11:37:13.409 [Forwarding clickElement on session 7f96e7e36b9f10a8b5acad60a25246de to remote] DEBUG org.asynchttpclient.netty.request.NettyRequestSender - Using pooled Channel '[id: 0x1681981a, L:/127.0.0.1:61476 - R:localhost/127.0.0.1:6896]' for 'POST' to 'http://localhost:6896/session/7f96e7e36b9f10a8b5acad60a25246de/element/6FF2D42796E1B5636833727143D40385_element_93/click'
11:37:13.409 [Forwarding clickElement on session 7f96e7e36b9f10a8b5acad60a25246de to remote] DEBUG org.asynchttpclient.netty.request.NettyRequestSender - Using open Channel [id: 0x1681981a, L:/127.0.0.1:61476 - R:localhost/127.0.0.1:6896] for POST '/session/7f96e7e36b9f10a8b5acad60a25246de/element/6FF2D42796E1B5636833727143D40385_element_93/click'
11:37:13.432 [AsyncHttpClient-1-8] DEBUG org.asynchttpclient.netty.handler.HttpHandler - 

Request DefaultHttpRequest(decodeResult: success, version: HTTP/1.1)
POST /session/7f96e7e36b9f10a8b5acad60a25246de/element/6FF2D42796E1B5636833727143D40385_element_93/click HTTP/1.1
User-Agent: selenium/4.8.0 (java windows)
Content-Length: 57
Content-Type: application/json; charset=utf-8
host: localhost:6896
accept: */*

Response DefaultHttpResponse(decodeResult: success, version: HTTP/1.1)
HTTP/1.1 200 OK
Content-Length: 14
Content-Type: application/json; charset=utf-8
cache-control: no-cache

11:37:13.432 [AsyncHttpClient-1-8] DEBUG org.asynchttpclient.netty.channel.ChannelManager - Adding key: http://localhost:6896 for channel [id: 0x1681981a, L:/127.0.0.1:61476 - R:localhost/127.0.0.1:6896]
11:37:13.433 [main] INFO  com.swaglabs.base.SetUp - second product has been added
11:37:13.436 [Forwarding findElement on session 7f96e7e36b9f10a8b5acad60a25246de to remote] DEBUG org.asynchttpclient.netty.request.NettyRequestSender - Using pooled Channel '[id: 0x1681981a, L:/127.0.0.1:61476 - R:localhost/127.0.0.1:6896]' for 'POST' to 'http://localhost:6896/session/7f96e7e36b9f10a8b5acad60a25246de/element'
11:37:13.436 [Forwarding findElement on session 7f96e7e36b9f10a8b5acad60a25246de to remote] DEBUG org.asynchttpclient.netty.request.NettyRequestSender - Using open Channel [id: 0x1681981a, L:/127.0.0.1:61476 - R:localhost/127.0.0.1:6896] for POST '/session/7f96e7e36b9f10a8b5acad60a25246de/element'
11:37:13.450 [AsyncHttpClient-1-8] DEBUG org.asynchttpclient.netty.handler.HttpHandler - 

Request DefaultHttpRequest(decodeResult: success, version: HTTP/1.1)
POST /session/7f96e7e36b9f10a8b5acad60a25246de/element HTTP/1.1
User-Agent: selenium/4.8.0 (java windows)
Content-Length: 96
Content-Type: application/json; charset=utf-8
host: localhost:6896
accept: */*

Response DefaultHttpResponse(decodeResult: success, version: HTTP/1.1)
HTTP/1.1 200 OK
Content-Length: 95
Content-Type: application/json; charset=utf-8
cache-control: no-cache

11:37:13.450 [AsyncHttpClient-1-8] DEBUG org.asynchttpclient.netty.channel.ChannelManager - Adding key: http://localhost:6896 for channel [id: 0x1681981a, L:/127.0.0.1:61476 - R:localhost/127.0.0.1:6896]
11:37:13.453 [Forwarding isElementDisplayed on session 7f96e7e36b9f10a8b5acad60a25246de to remote] DEBUG org.asynchttpclient.netty.request.NettyRequestSender - Using pooled Channel '[id: 0x1681981a, L:/127.0.0.1:61476 - R:localhost/127.0.0.1:6896]' for 'POST' to 'http://localhost:6896/session/7f96e7e36b9f10a8b5acad60a25246de/execute/sync'
11:37:13.453 [Forwarding isElementDisplayed on session 7f96e7e36b9f10a8b5acad60a25246de to remote] DEBUG org.asynchttpclient.netty.request.NettyRequestSender - Using open Channel [id: 0x1681981a, L:/127.0.0.1:61476 - R:localhost/127.0.0.1:6896] for POST '/session/7f96e7e36b9f10a8b5acad60a25246de/execute/sync'
11:37:13.462 [AsyncHttpClient-1-8] DEBUG org.asynchttpclient.netty.handler.HttpHandler - 

Request DefaultHttpRequest(decodeResult: success, version: HTTP/1.1)
POST /session/7f96e7e36b9f10a8b5acad60a25246de/execute/sync HTTP/1.1
User-Agent: selenium/4.8.0 (java windows)
Content-Length: 48814
Content-Type: application/json; charset=utf-8
host: localhost:6896
accept: */*

Response DefaultHttpResponse(decodeResult: success, version: HTTP/1.1)
HTTP/1.1 200 OK
Content-Length: 14
Content-Type: application/json; charset=utf-8
cache-control: no-cache

11:37:13.462 [AsyncHttpClient-1-8] DEBUG org.asynchttpclient.netty.channel.ChannelManager - Adding key: http://localhost:6896 for channel [id: 0x1681981a, L:/127.0.0.1:61476 - R:localhost/127.0.0.1:6896]
11:37:13.462 [Forwarding getElementTagName on session 7f96e7e36b9f10a8b5acad60a25246de to remote] DEBUG org.asynchttpclient.netty.request.NettyRequestSender - Using pooled Channel '[id: 0x1681981a, L:/127.0.0.1:61476 - R:localhost/127.0.0.1:6896]' for 'GET' to 'http://localhost:6896/session/7f96e7e36b9f10a8b5acad60a25246de/element/6FF2D42796E1B5636833727143D40385_element_94/name'
11:37:13.462 [Forwarding getElementTagName on session 7f96e7e36b9f10a8b5acad60a25246de to remote] DEBUG org.asynchttpclient.netty.request.NettyRequestSender - Using open Channel [id: 0x1681981a, L:/127.0.0.1:61476 - R:localhost/127.0.0.1:6896] for GET '/session/7f96e7e36b9f10a8b5acad60a25246de/element/6FF2D42796E1B5636833727143D40385_element_94/name'
11:37:13.466 [AsyncHttpClient-1-8] DEBUG org.asynchttpclient.netty.handler.HttpHandler - 

Request DefaultFullHttpRequest(decodeResult: success, version: HTTP/1.1, content: EmptyByteBufBE)
GET /session/7f96e7e36b9f10a8b5acad60a25246de/element/6FF2D42796E1B5636833727143D40385_element_94/name HTTP/1.1
User-Agent: selenium/4.8.0 (java windows)
Cache-Control: no-cache
Content-Type: application/json; charset=utf-8
host: localhost:6896
accept: */*

Response DefaultHttpResponse(decodeResult: success, version: HTTP/1.1)
HTTP/1.1 200 OK
Content-Length: 18
Content-Type: application/json; charset=utf-8
cache-control: no-cache

11:37:13.466 [AsyncHttpClient-1-8] DEBUG org.asynchttpclient.netty.channel.ChannelManager - Adding key: http://localhost:6896 for channel [id: 0x1681981a, L:/127.0.0.1:61476 - R:localhost/127.0.0.1:6896]
11:37:13.466 [Forwarding getElementTagName on session 7f96e7e36b9f10a8b5acad60a25246de to remote] DEBUG org.asynchttpclient.netty.request.NettyRequestSender - Using pooled Channel '[id: 0x1681981a, L:/127.0.0.1:61476 - R:localhost/127.0.0.1:6896]' for 'GET' to 'http://localhost:6896/session/7f96e7e36b9f10a8b5acad60a25246de/element/6FF2D42796E1B5636833727143D40385_element_94/name'
11:37:13.466 [Forwarding getElementTagName on session 7f96e7e36b9f10a8b5acad60a25246de to remote] DEBUG org.asynchttpclient.netty.request.NettyRequestSender - Using open Channel [id: 0x1681981a, L:/127.0.0.1:61476 - R:localhost/127.0.0.1:6896] for GET '/session/7f96e7e36b9f10a8b5acad60a25246de/element/6FF2D42796E1B5636833727143D40385_element_94/name'
11:37:13.469 [AsyncHttpClient-1-8] DEBUG org.asynchttpclient.netty.handler.HttpHandler - 

Request DefaultFullHttpRequest(decodeResult: success, version: HTTP/1.1, content: EmptyByteBufBE)
GET /session/7f96e7e36b9f10a8b5acad60a25246de/element/6FF2D42796E1B5636833727143D40385_element_94/name HTTP/1.1
User-Agent: selenium/4.8.0 (java windows)
Cache-Control: no-cache
Content-Type: application/json; charset=utf-8
host: localhost:6896
accept: */*

Response DefaultHttpResponse(decodeResult: success, version: HTTP/1.1)
HTTP/1.1 200 OK
Content-Length: 18
Content-Type: application/json; charset=utf-8
cache-control: no-cache

11:37:13.469 [AsyncHttpClient-1-8] DEBUG org.asynchttpclient.netty.channel.ChannelManager - Adding key: http://localhost:6896 for channel [id: 0x1681981a, L:/127.0.0.1:61476 - R:localhost/127.0.0.1:6896]
11:37:13.470 [Forwarding isElementEnabled on session 7f96e7e36b9f10a8b5acad60a25246de to remote] DEBUG org.asynchttpclient.netty.request.NettyRequestSender - Using pooled Channel '[id: 0x1681981a, L:/127.0.0.1:61476 - R:localhost/127.0.0.1:6896]' for 'GET' to 'http://localhost:6896/session/7f96e7e36b9f10a8b5acad60a25246de/element/6FF2D42796E1B5636833727143D40385_element_94/enabled'
11:37:13.470 [Forwarding isElementEnabled on session 7f96e7e36b9f10a8b5acad60a25246de to remote] DEBUG org.asynchttpclient.netty.request.NettyRequestSender - Using open Channel [id: 0x1681981a, L:/127.0.0.1:61476 - R:localhost/127.0.0.1:6896] for GET '/session/7f96e7e36b9f10a8b5acad60a25246de/element/6FF2D42796E1B5636833727143D40385_element_94/enabled'
11:37:13.476 [AsyncHttpClient-1-8] DEBUG org.asynchttpclient.netty.handler.HttpHandler - 

Request DefaultFullHttpRequest(decodeResult: success, version: HTTP/1.1, content: EmptyByteBufBE)
GET /session/7f96e7e36b9f10a8b5acad60a25246de/element/6FF2D42796E1B5636833727143D40385_element_94/enabled HTTP/1.1
User-Agent: selenium/4.8.0 (java windows)
Cache-Control: no-cache
Content-Type: application/json; charset=utf-8
host: localhost:6896
accept: */*

Response DefaultHttpResponse(decodeResult: success, version: HTTP/1.1)
HTTP/1.1 200 OK
Content-Length: 14
Content-Type: application/json; charset=utf-8
cache-control: no-cache

11:37:13.477 [AsyncHttpClient-1-8] DEBUG org.asynchttpclient.netty.channel.ChannelManager - Adding key: http://localhost:6896 for channel [id: 0x1681981a, L:/127.0.0.1:61476 - R:localhost/127.0.0.1:6896]
11:37:13.478 [Forwarding isElementEnabled on session 7f96e7e36b9f10a8b5acad60a25246de to remote] DEBUG org.asynchttpclient.netty.request.NettyRequestSender - Using pooled Channel '[id: 0x1681981a, L:/127.0.0.1:61476 - R:localhost/127.0.0.1:6896]' for 'GET' to 'http://localhost:6896/session/7f96e7e36b9f10a8b5acad60a25246de/element/6FF2D42796E1B5636833727143D40385_element_94/enabled'
11:37:13.478 [Forwarding isElementEnabled on session 7f96e7e36b9f10a8b5acad60a25246de to remote] DEBUG org.asynchttpclient.netty.request.NettyRequestSender - Using open Channel [id: 0x1681981a, L:/127.0.0.1:61476 - R:localhost/127.0.0.1:6896] for GET '/session/7f96e7e36b9f10a8b5acad60a25246de/element/6FF2D42796E1B5636833727143D40385_element_94/enabled'
11:37:13.483 [AsyncHttpClient-1-8] DEBUG org.asynchttpclient.netty.handler.HttpHandler - 

Request DefaultFullHttpRequest(decodeResult: success, version: HTTP/1.1, content: EmptyByteBufBE)
GET /session/7f96e7e36b9f10a8b5acad60a25246de/element/6FF2D42796E1B5636833727143D40385_element_94/enabled HTTP/1.1
User-Agent: selenium/4.8.0 (java windows)
Cache-Control: no-cache
Content-Type: application/json; charset=utf-8
host: localhost:6896
accept: */*

Response DefaultHttpResponse(decodeResult: success, version: HTTP/1.1)
HTTP/1.1 200 OK
Content-Length: 14
Content-Type: application/json; charset=utf-8
cache-control: no-cache

11:37:13.483 [AsyncHttpClient-1-8] DEBUG org.asynchttpclient.netty.channel.ChannelManager - Adding key: http://localhost:6896 for channel [id: 0x1681981a, L:/127.0.0.1:61476 - R:localhost/127.0.0.1:6896]
11:37:13.483 [Forwarding getElementTagName on session 7f96e7e36b9f10a8b5acad60a25246de to remote] DEBUG org.asynchttpclient.netty.request.NettyRequestSender - Using pooled Channel '[id: 0x1681981a, L:/127.0.0.1:61476 - R:localhost/127.0.0.1:6896]' for 'GET' to 'http://localhost:6896/session/7f96e7e36b9f10a8b5acad60a25246de/element/6FF2D42796E1B5636833727143D40385_element_94/name'
11:37:13.483 [Forwarding getElementTagName on session 7f96e7e36b9f10a8b5acad60a25246de to remote] DEBUG org.asynchttpclient.netty.request.NettyRequestSender - Using open Channel [id: 0x1681981a, L:/127.0.0.1:61476 - R:localhost/127.0.0.1:6896] for GET '/session/7f96e7e36b9f10a8b5acad60a25246de/element/6FF2D42796E1B5636833727143D40385_element_94/name'
11:37:13.489 [AsyncHttpClient-1-8] DEBUG org.asynchttpclient.netty.handler.HttpHandler - 

Request DefaultFullHttpRequest(decodeResult: success, version: HTTP/1.1, content: EmptyByteBufBE)
GET /session/7f96e7e36b9f10a8b5acad60a25246de/element/6FF2D42796E1B5636833727143D40385_element_94/name HTTP/1.1
User-Agent: selenium/4.8.0 (java windows)
Cache-Control: no-cache
Content-Type: application/json; charset=utf-8
host: localhost:6896
accept: */*

Response DefaultHttpResponse(decodeResult: success, version: HTTP/1.1)
HTTP/1.1 200 OK
Content-Length: 18
Content-Type: application/json; charset=utf-8
cache-control: no-cache

11:37:13.489 [AsyncHttpClient-1-8] DEBUG org.asynchttpclient.netty.channel.ChannelManager - Adding key: http://localhost:6896 for channel [id: 0x1681981a, L:/127.0.0.1:61476 - R:localhost/127.0.0.1:6896]
11:37:13.491 [Forwarding getElementTagName on session 7f96e7e36b9f10a8b5acad60a25246de to remote] DEBUG org.asynchttpclient.netty.request.NettyRequestSender - Using pooled Channel '[id: 0x1681981a, L:/127.0.0.1:61476 - R:localhost/127.0.0.1:6896]' for 'GET' to 'http://localhost:6896/session/7f96e7e36b9f10a8b5acad60a25246de/element/6FF2D42796E1B5636833727143D40385_element_94/name'
11:37:13.491 [Forwarding getElementTagName on session 7f96e7e36b9f10a8b5acad60a25246de to remote] DEBUG org.asynchttpclient.netty.request.NettyRequestSender - Using open Channel [id: 0x1681981a, L:/127.0.0.1:61476 - R:localhost/127.0.0.1:6896] for GET '/session/7f96e7e36b9f10a8b5acad60a25246de/element/6FF2D42796E1B5636833727143D40385_element_94/name'
11:37:13.494 [AsyncHttpClient-1-8] DEBUG org.asynchttpclient.netty.handler.HttpHandler - 

Request DefaultFullHttpRequest(decodeResult: success, version: HTTP/1.1, content: EmptyByteBufBE)
GET /session/7f96e7e36b9f10a8b5acad60a25246de/element/6FF2D42796E1B5636833727143D40385_element_94/name HTTP/1.1
User-Agent: selenium/4.8.0 (java windows)
Cache-Control: no-cache
Content-Type: application/json; charset=utf-8
host: localhost:6896
accept: */*

Response DefaultHttpResponse(decodeResult: success, version: HTTP/1.1)
HTTP/1.1 200 OK
Content-Length: 18
Content-Type: application/json; charset=utf-8
cache-control: no-cache

11:37:13.494 [AsyncHttpClient-1-8] DEBUG org.asynchttpclient.netty.channel.ChannelManager - Adding key: http://localhost:6896 for channel [id: 0x1681981a, L:/127.0.0.1:61476 - R:localhost/127.0.0.1:6896]
11:37:13.495 [Forwarding isElementEnabled on session 7f96e7e36b9f10a8b5acad60a25246de to remote] DEBUG org.asynchttpclient.netty.request.NettyRequestSender - Using pooled Channel '[id: 0x1681981a, L:/127.0.0.1:61476 - R:localhost/127.0.0.1:6896]' for 'GET' to 'http://localhost:6896/session/7f96e7e36b9f10a8b5acad60a25246de/element/6FF2D42796E1B5636833727143D40385_element_94/enabled'
11:37:13.495 [Forwarding isElementEnabled on session 7f96e7e36b9f10a8b5acad60a25246de to remote] DEBUG org.asynchttpclient.netty.request.NettyRequestSender - Using open Channel [id: 0x1681981a, L:/127.0.0.1:61476 - R:localhost/127.0.0.1:6896] for GET '/session/7f96e7e36b9f10a8b5acad60a25246de/element/6FF2D42796E1B5636833727143D40385_element_94/enabled'
11:37:13.502 [AsyncHttpClient-1-8] DEBUG org.asynchttpclient.netty.handler.HttpHandler - 

Request DefaultFullHttpRequest(decodeResult: success, version: HTTP/1.1, content: EmptyByteBufBE)
GET /session/7f96e7e36b9f10a8b5acad60a25246de/element/6FF2D42796E1B5636833727143D40385_element_94/enabled HTTP/1.1
User-Agent: selenium/4.8.0 (java windows)
Cache-Control: no-cache
Content-Type: application/json; charset=utf-8
host: localhost:6896
accept: */*

Response DefaultHttpResponse(decodeResult: success, version: HTTP/1.1)
HTTP/1.1 200 OK
Content-Length: 14
Content-Type: application/json; charset=utf-8
cache-control: no-cache

11:37:13.502 [AsyncHttpClient-1-8] DEBUG org.asynchttpclient.netty.channel.ChannelManager - Adding key: http://localhost:6896 for channel [id: 0x1681981a, L:/127.0.0.1:61476 - R:localhost/127.0.0.1:6896]
11:37:13.502 [Forwarding isElementEnabled on session 7f96e7e36b9f10a8b5acad60a25246de to remote] DEBUG org.asynchttpclient.netty.request.NettyRequestSender - Using pooled Channel '[id: 0x1681981a, L:/127.0.0.1:61476 - R:localhost/127.0.0.1:6896]' for 'GET' to 'http://localhost:6896/session/7f96e7e36b9f10a8b5acad60a25246de/element/6FF2D42796E1B5636833727143D40385_element_94/enabled'
11:37:13.502 [Forwarding isElementEnabled on session 7f96e7e36b9f10a8b5acad60a25246de to remote] DEBUG org.asynchttpclient.netty.request.NettyRequestSender - Using open Channel [id: 0x1681981a, L:/127.0.0.1:61476 - R:localhost/127.0.0.1:6896] for GET '/session/7f96e7e36b9f10a8b5acad60a25246de/element/6FF2D42796E1B5636833727143D40385_element_94/enabled'
11:37:13.507 [AsyncHttpClient-1-8] DEBUG org.asynchttpclient.netty.handler.HttpHandler - 

Request DefaultFullHttpRequest(decodeResult: success, version: HTTP/1.1, content: EmptyByteBufBE)
GET /session/7f96e7e36b9f10a8b5acad60a25246de/element/6FF2D42796E1B5636833727143D40385_element_94/enabled HTTP/1.1
User-Agent: selenium/4.8.0 (java windows)
Cache-Control: no-cache
Content-Type: application/json; charset=utf-8
host: localhost:6896
accept: */*

Response DefaultHttpResponse(decodeResult: success, version: HTTP/1.1)
HTTP/1.1 200 OK
Content-Length: 14
Content-Type: application/json; charset=utf-8
cache-control: no-cache

11:37:13.507 [AsyncHttpClient-1-8] DEBUG org.asynchttpclient.netty.channel.ChannelManager - Adding key: http://localhost:6896 for channel [id: 0x1681981a, L:/127.0.0.1:61476 - R:localhost/127.0.0.1:6896]
11:37:13.507 [Forwarding clickElement on session 7f96e7e36b9f10a8b5acad60a25246de to remote] DEBUG org.asynchttpclient.netty.request.NettyRequestSender - Using pooled Channel '[id: 0x1681981a, L:/127.0.0.1:61476 - R:localhost/127.0.0.1:6896]' for 'POST' to 'http://localhost:6896/session/7f96e7e36b9f10a8b5acad60a25246de/element/6FF2D42796E1B5636833727143D40385_element_94/click'
11:37:13.507 [Forwarding clickElement on session 7f96e7e36b9f10a8b5acad60a25246de to remote] DEBUG org.asynchttpclient.netty.request.NettyRequestSender - Using open Channel [id: 0x1681981a, L:/127.0.0.1:61476 - R:localhost/127.0.0.1:6896] for POST '/session/7f96e7e36b9f10a8b5acad60a25246de/element/6FF2D42796E1B5636833727143D40385_element_94/click'
11:37:13.529 [AsyncHttpClient-1-8] DEBUG org.asynchttpclient.netty.handler.HttpHandler - 

Request DefaultHttpRequest(decodeResult: success, version: HTTP/1.1)
POST /session/7f96e7e36b9f10a8b5acad60a25246de/element/6FF2D42796E1B5636833727143D40385_element_94/click HTTP/1.1
User-Agent: selenium/4.8.0 (java windows)
Content-Length: 57
Content-Type: application/json; charset=utf-8
host: localhost:6896
accept: */*

Response DefaultHttpResponse(decodeResult: success, version: HTTP/1.1)
HTTP/1.1 200 OK
Content-Length: 14
Content-Type: application/json; charset=utf-8
cache-control: no-cache

11:37:13.529 [AsyncHttpClient-1-8] DEBUG org.asynchttpclient.netty.channel.ChannelManager - Adding key: http://localhost:6896 for channel [id: 0x1681981a, L:/127.0.0.1:61476 - R:localhost/127.0.0.1:6896]
11:37:13.531 [main] INFO  com.swaglabs.base.SetUp - third product has been added
11:37:13.533 [Forwarding findElement on session 7f96e7e36b9f10a8b5acad60a25246de to remote] DEBUG org.asynchttpclient.netty.request.NettyRequestSender - Using pooled Channel '[id: 0x1681981a, L:/127.0.0.1:61476 - R:localhost/127.0.0.1:6896]' for 'POST' to 'http://localhost:6896/session/7f96e7e36b9f10a8b5acad60a25246de/element'
11:37:13.533 [Forwarding findElement on session 7f96e7e36b9f10a8b5acad60a25246de to remote] DEBUG org.asynchttpclient.netty.request.NettyRequestSender - Using open Channel [id: 0x1681981a, L:/127.0.0.1:61476 - R:localhost/127.0.0.1:6896] for POST '/session/7f96e7e36b9f10a8b5acad60a25246de/element'
11:37:13.541 [AsyncHttpClient-1-8] DEBUG org.asynchttpclient.netty.handler.HttpHandler - 

Request DefaultHttpRequest(decodeResult: success, version: HTTP/1.1)
POST /session/7f96e7e36b9f10a8b5acad60a25246de/element HTTP/1.1
User-Agent: selenium/4.8.0 (java windows)
Content-Length: 83
Content-Type: application/json; charset=utf-8
host: localhost:6896
accept: */*

Response DefaultHttpResponse(decodeResult: success, version: HTTP/1.1)
HTTP/1.1 200 OK
Content-Length: 95
Content-Type: application/json; charset=utf-8
cache-control: no-cache

11:37:13.541 [AsyncHttpClient-1-8] DEBUG org.asynchttpclient.netty.channel.ChannelManager - Adding key: http://localhost:6896 for channel [id: 0x1681981a, L:/127.0.0.1:61476 - R:localhost/127.0.0.1:6896]
11:37:13.544 [Forwarding isElementDisplayed on session 7f96e7e36b9f10a8b5acad60a25246de to remote] DEBUG org.asynchttpclient.netty.request.NettyRequestSender - Using pooled Channel '[id: 0x1681981a, L:/127.0.0.1:61476 - R:localhost/127.0.0.1:6896]' for 'POST' to 'http://localhost:6896/session/7f96e7e36b9f10a8b5acad60a25246de/execute/sync'
11:37:13.544 [Forwarding isElementDisplayed on session 7f96e7e36b9f10a8b5acad60a25246de to remote] DEBUG org.asynchttpclient.netty.request.NettyRequestSender - Using open Channel [id: 0x1681981a, L:/127.0.0.1:61476 - R:localhost/127.0.0.1:6896] for POST '/session/7f96e7e36b9f10a8b5acad60a25246de/execute/sync'
11:37:13.551 [AsyncHttpClient-1-8] DEBUG org.asynchttpclient.netty.handler.HttpHandler - 

Request DefaultHttpRequest(decodeResult: success, version: HTTP/1.1)
POST /session/7f96e7e36b9f10a8b5acad60a25246de/execute/sync HTTP/1.1
User-Agent: selenium/4.8.0 (java windows)
Content-Length: 48814
Content-Type: application/json; charset=utf-8
host: localhost:6896
accept: */*

Response DefaultHttpResponse(decodeResult: success, version: HTTP/1.1)
HTTP/1.1 200 OK
Content-Length: 14
Content-Type: application/json; charset=utf-8
cache-control: no-cache

11:37:13.551 [AsyncHttpClient-1-8] DEBUG org.asynchttpclient.netty.channel.ChannelManager - Adding key: http://localhost:6896 for channel [id: 0x1681981a, L:/127.0.0.1:61476 - R:localhost/127.0.0.1:6896]
11:37:13.551 [Forwarding getElementText on session 7f96e7e36b9f10a8b5acad60a25246de to remote] DEBUG org.asynchttpclient.netty.request.NettyRequestSender - Using pooled Channel '[id: 0x1681981a, L:/127.0.0.1:61476 - R:localhost/127.0.0.1:6896]' for 'GET' to 'http://localhost:6896/session/7f96e7e36b9f10a8b5acad60a25246de/element/6FF2D42796E1B5636833727143D40385_element_95/text'
11:37:13.551 [Forwarding getElementText on session 7f96e7e36b9f10a8b5acad60a25246de to remote] DEBUG org.asynchttpclient.netty.request.NettyRequestSender - Using open Channel [id: 0x1681981a, L:/127.0.0.1:61476 - R:localhost/127.0.0.1:6896] for GET '/session/7f96e7e36b9f10a8b5acad60a25246de/element/6FF2D42796E1B5636833727143D40385_element_95/text'
11:37:13.562 [AsyncHttpClient-1-8] DEBUG org.asynchttpclient.netty.handler.HttpHandler - 

Request DefaultFullHttpRequest(decodeResult: success, version: HTTP/1.1, content: EmptyByteBufBE)
GET /session/7f96e7e36b9f10a8b5acad60a25246de/element/6FF2D42796E1B5636833727143D40385_element_95/text HTTP/1.1
User-Agent: selenium/4.8.0 (java windows)
Cache-Control: no-cache
Content-Type: application/json; charset=utf-8
host: localhost:6896
accept: */*

Response DefaultHttpResponse(decodeResult: success, version: HTTP/1.1)
HTTP/1.1 200 OK
Content-Length: 13
Content-Type: application/json; charset=utf-8
cache-control: no-cache

11:37:13.562 [AsyncHttpClient-1-8] DEBUG org.asynchttpclient.netty.channel.ChannelManager - Adding key: http://localhost:6896 for channel [id: 0x1681981a, L:/127.0.0.1:61476 - R:localhost/127.0.0.1:6896]
11:37:13.562 [main] INFO  com.swaglabs.base.SetUp - added two more products and verified
11:37:13.564 [Forwarding getAlertText on session 7f96e7e36b9f10a8b5acad60a25246de to remote] DEBUG org.asynchttpclient.netty.request.NettyRequestSender - Using pooled Channel '[id: 0x1681981a, L:/127.0.0.1:61476 - R:localhost/127.0.0.1:6896]' for 'GET' to 'http://localhost:6896/session/7f96e7e36b9f10a8b5acad60a25246de/alert/text'
11:37:13.564 [Forwarding getAlertText on session 7f96e7e36b9f10a8b5acad60a25246de to remote] DEBUG org.asynchttpclient.netty.request.NettyRequestSender - Using open Channel [id: 0x1681981a, L:/127.0.0.1:61476 - R:localhost/127.0.0.1:6896] for GET '/session/7f96e7e36b9f10a8b5acad60a25246de/alert/text'
11:37:13.568 [AsyncHttpClient-1-8] DEBUG org.asynchttpclient.netty.handler.HttpHandler - 

Request DefaultFullHttpRequest(decodeResult: success, version: HTTP/1.1, content: EmptyByteBufBE)
GET /session/7f96e7e36b9f10a8b5acad60a25246de/alert/text HTTP/1.1
User-Agent: selenium/4.8.0 (java windows)
Cache-Control: no-cache
Content-Type: application/json; charset=utf-8
host: localhost:6896
accept: */*

Response DefaultHttpResponse(decodeResult: success, version: HTTP/1.1)
HTTP/1.1 404 Not Found
Content-Length: 1522
Content-Type: application/json; charset=utf-8
cache-control: no-cache

11:37:13.568 [AsyncHttpClient-1-8] DEBUG org.asynchttpclient.netty.channel.ChannelManager - Adding key: http://localhost:6896 for channel [id: 0x1681981a, L:/127.0.0.1:61476 - R:localhost/127.0.0.1:6896]
11:37:13.568 [Forwarding getCurrentUrl on session 7f96e7e36b9f10a8b5acad60a25246de to remote] DEBUG org.asynchttpclient.netty.request.NettyRequestSender - Using pooled Channel '[id: 0x1681981a, L:/127.0.0.1:61476 - R:localhost/127.0.0.1:6896]' for 'GET' to 'http://localhost:6896/session/7f96e7e36b9f10a8b5acad60a25246de/url'
11:37:13.568 [Forwarding getCurrentUrl on session 7f96e7e36b9f10a8b5acad60a25246de to remote] DEBUG org.asynchttpclient.netty.request.NettyRequestSender - Using open Channel [id: 0x1681981a, L:/127.0.0.1:61476 - R:localhost/127.0.0.1:6896] for GET '/session/7f96e7e36b9f10a8b5acad60a25246de/url'
11:37:13.574 [AsyncHttpClient-1-8] DEBUG org.asynchttpclient.netty.handler.HttpHandler - 

Request DefaultFullHttpRequest(decodeResult: success, version: HTTP/1.1, content: EmptyByteBufBE)
GET /session/7f96e7e36b9f10a8b5acad60a25246de/url HTTP/1.1
User-Agent: selenium/4.8.0 (java windows)
Cache-Control: no-cache
Content-Type: application/json; charset=utf-8
host: localhost:6896
accept: */*

Response DefaultHttpResponse(decodeResult: success, version: HTTP/1.1)
HTTP/1.1 200 OK
Content-Length: 52
Content-Type: application/json; charset=utf-8
cache-control: no-cache

11:37:13.574 [AsyncHttpClient-1-8] DEBUG org.asynchttpclient.netty.channel.ChannelManager - Adding key: http://localhost:6896 for channel [id: 0x1681981a, L:/127.0.0.1:61476 - R:localhost/127.0.0.1:6896]
11:37:13.574 [Forwarding screenshot on session 7f96e7e36b9f10a8b5acad60a25246de to remote] DEBUG org.asynchttpclient.netty.request.NettyRequestSender - Using pooled Channel '[id: 0x1681981a, L:/127.0.0.1:61476 - R:localhost/127.0.0.1:6896]' for 'GET' to 'http://localhost:6896/session/7f96e7e36b9f10a8b5acad60a25246de/screenshot'
11:37:13.574 [Forwarding screenshot on session 7f96e7e36b9f10a8b5acad60a25246de to remote] DEBUG org.asynchttpclient.netty.request.NettyRequestSender - Using open Channel [id: 0x1681981a, L:/127.0.0.1:61476 - R:localhost/127.0.0.1:6896] for GET '/session/7f96e7e36b9f10a8b5acad60a25246de/screenshot'
11:37:13.645 [AsyncHttpClient-1-1] DEBUG org.asynchttpclient.netty.channel.DefaultChannelPool - Entry count for : http://localhost:61482 : 1
11:37:13.752 [AsyncHttpClient-1-8] DEBUG org.asynchttpclient.netty.handler.HttpHandler - 

Request DefaultFullHttpRequest(decodeResult: success, version: HTTP/1.1, content: EmptyByteBufBE)
GET /session/7f96e7e36b9f10a8b5acad60a25246de/screenshot HTTP/1.1
User-Agent: selenium/4.8.0 (java windows)
Cache-Control: no-cache
Content-Type: application/json; charset=utf-8
host: localhost:6896
accept: */*

Response DefaultHttpResponse(decodeResult: success, version: HTTP/1.1)
HTTP/1.1 200 OK
Content-Length: 493944
Content-Type: application/json; charset=utf-8
cache-control: no-cache

11:37:13.754 [AsyncHttpClient-1-8] DEBUG org.asynchttpclient.netty.channel.ChannelManager - Adding key: http://localhost:6896 for channel [id: 0x1681981a, L:/127.0.0.1:61476 - R:localhost/127.0.0.1:6896]
11:37:13.763 [main] DEBUG net.serenitybdd.core.photography.Darkroom - Send negative for processing for target\site\serenity\d59fc8e3004d0c942ca5f413f7a0ed5219d50ae33ae902ddf0a312aee22c7b30.png
11:37:13.763 [main] DEBUG net.thucydides.core.steps.StepInterceptor - STEP DONE: test9_addToMoreProductAndValidateTotalProductCountIs
11:37:13.766 [Darkroom Processing Line] DEBUG net.serenitybdd.core.photography.DarkroomProcessingLine - Processing screenshot image in /var/screenshots/screenshot-9892292329935003836
11:37:13.766 [Darkroom Processing Line] DEBUG net.serenitybdd.core.photography.DarkroomProcessingLine - Saving screenshot to target\site\serenity\d59fc8e3004d0c942ca5f413f7a0ed5219d50ae33ae902ddf0a312aee22c7b30.png
11:37:13.766 [Forwarding getPageSource on session 7f96e7e36b9f10a8b5acad60a25246de to remote] DEBUG org.asynchttpclient.netty.request.NettyRequestSender - Using pooled Channel '[id: 0x1681981a, L:/127.0.0.1:61476 - R:localhost/127.0.0.1:6896]' for 'POST' to 'http://localhost:6896/session/7f96e7e36b9f10a8b5acad60a25246de/execute/sync'
11:37:13.766 [Forwarding getPageSource on session 7f96e7e36b9f10a8b5acad60a25246de to remote] DEBUG org.asynchttpclient.netty.request.NettyRequestSender - Using open Channel [id: 0x1681981a, L:/127.0.0.1:61476 - R:localhost/127.0.0.1:6896] for POST '/session/7f96e7e36b9f10a8b5acad60a25246de/execute/sync'
11:37:13.775 [AsyncHttpClient-1-8] DEBUG org.asynchttpclient.netty.handler.HttpHandler - 

Request DefaultHttpRequest(decodeResult: success, version: HTTP/1.1)
POST /session/7f96e7e36b9f10a8b5acad60a25246de/execute/sync HTTP/1.1
User-Agent: selenium/4.8.0 (java windows)
Content-Length: 176
Content-Type: application/json; charset=utf-8
host: localhost:6896
accept: */*

Response DefaultHttpResponse(decodeResult: success, version: HTTP/1.1)
HTTP/1.1 200 OK
Content-Length: 16392
Content-Type: application/json; charset=utf-8
cache-control: no-cache

11:37:13.775 [AsyncHttpClient-1-8] DEBUG org.asynchttpclient.netty.channel.ChannelManager - Adding key: http://localhost:6896 for channel [id: 0x1681981a, L:/127.0.0.1:61476 - R:localhost/127.0.0.1:6896]
11:37:13.778 [Forwarding getCurrentUrl on session 7f96e7e36b9f10a8b5acad60a25246de to remote] DEBUG org.asynchttpclient.netty.request.NettyRequestSender - Using pooled Channel '[id: 0x1681981a, L:/127.0.0.1:61476 - R:localhost/127.0.0.1:6896]' for 'GET' to 'http://localhost:6896/session/7f96e7e36b9f10a8b5acad60a25246de/url'
11:37:13.778 [Forwarding getCurrentUrl on session 7f96e7e36b9f10a8b5acad60a25246de to remote] DEBUG org.asynchttpclient.netty.request.NettyRequestSender - Using open Channel [id: 0x1681981a, L:/127.0.0.1:61476 - R:localhost/127.0.0.1:6896] for GET '/session/7f96e7e36b9f10a8b5acad60a25246de/url'
11:37:13.783 [AsyncHttpClient-1-8] DEBUG org.asynchttpclient.netty.handler.HttpHandler - 

Request DefaultFullHttpRequest(decodeResult: success, version: HTTP/1.1, content: EmptyByteBufBE)
GET /session/7f96e7e36b9f10a8b5acad60a25246de/url HTTP/1.1
User-Agent: selenium/4.8.0 (java windows)
Cache-Control: no-cache
Content-Type: application/json; charset=utf-8
host: localhost:6896
accept: */*

Response DefaultHttpResponse(decodeResult: success, version: HTTP/1.1)
HTTP/1.1 200 OK
Content-Length: 52
Content-Type: application/json; charset=utf-8
cache-control: no-cache

11:37:13.783 [AsyncHttpClient-1-8] DEBUG org.asynchttpclient.netty.channel.ChannelManager - Adding key: http://localhost:6896 for channel [id: 0x1681981a, L:/127.0.0.1:61476 - R:localhost/127.0.0.1:6896]
11:37:13.793 [main] DEBUG net.thucydides.core.steps.StepInterceptor - STARTING STEP: Tests.testCases - test10_tryToRemoveOneProductFromTheCart
11:37:13.797 [Forwarding getPageSource on session 7f96e7e36b9f10a8b5acad60a25246de to remote] DEBUG org.asynchttpclient.netty.request.NettyRequestSender - Using pooled Channel '[id: 0x1681981a, L:/127.0.0.1:61476 - R:localhost/127.0.0.1:6896]' for 'POST' to 'http://localhost:6896/session/7f96e7e36b9f10a8b5acad60a25246de/execute/sync'
11:37:13.797 [Forwarding getPageSource on session 7f96e7e36b9f10a8b5acad60a25246de to remote] DEBUG org.asynchttpclient.netty.request.NettyRequestSender - Using open Channel [id: 0x1681981a, L:/127.0.0.1:61476 - R:localhost/127.0.0.1:6896] for POST '/session/7f96e7e36b9f10a8b5acad60a25246de/execute/sync'
11:37:13.802 [AsyncHttpClient-1-8] DEBUG org.asynchttpclient.netty.handler.HttpHandler - 

Request DefaultHttpRequest(decodeResult: success, version: HTTP/1.1)
POST /session/7f96e7e36b9f10a8b5acad60a25246de/execute/sync HTTP/1.1
User-Agent: selenium/4.8.0 (java windows)
Content-Length: 176
Content-Type: application/json; charset=utf-8
host: localhost:6896
accept: */*

Response DefaultHttpResponse(decodeResult: success, version: HTTP/1.1)
HTTP/1.1 200 OK
Content-Length: 16392
Content-Type: application/json; charset=utf-8
cache-control: no-cache

11:37:13.802 [AsyncHttpClient-1-8] DEBUG org.asynchttpclient.netty.channel.ChannelManager - Adding key: http://localhost:6896 for channel [id: 0x1681981a, L:/127.0.0.1:61476 - R:localhost/127.0.0.1:6896]
11:37:13.803 [Forwarding getCurrentUrl on session 7f96e7e36b9f10a8b5acad60a25246de to remote] DEBUG org.asynchttpclient.netty.request.NettyRequestSender - Using pooled Channel '[id: 0x1681981a, L:/127.0.0.1:61476 - R:localhost/127.0.0.1:6896]' for 'GET' to 'http://localhost:6896/session/7f96e7e36b9f10a8b5acad60a25246de/url'
11:37:13.803 [Forwarding getCurrentUrl on session 7f96e7e36b9f10a8b5acad60a25246de to remote] DEBUG org.asynchttpclient.netty.request.NettyRequestSender - Using open Channel [id: 0x1681981a, L:/127.0.0.1:61476 - R:localhost/127.0.0.1:6896] for GET '/session/7f96e7e36b9f10a8b5acad60a25246de/url'
11:37:13.807 [AsyncHttpClient-1-8] DEBUG org.asynchttpclient.netty.handler.HttpHandler - 

Request DefaultFullHttpRequest(decodeResult: success, version: HTTP/1.1, content: EmptyByteBufBE)
GET /session/7f96e7e36b9f10a8b5acad60a25246de/url HTTP/1.1
User-Agent: selenium/4.8.0 (java windows)
Cache-Control: no-cache
Content-Type: application/json; charset=utf-8
host: localhost:6896
accept: */*

Response DefaultHttpResponse(decodeResult: success, version: HTTP/1.1)
HTTP/1.1 200 OK
Content-Length: 52
Content-Type: application/json; charset=utf-8
cache-control: no-cache

11:37:13.807 [AsyncHttpClient-1-8] DEBUG org.asynchttpclient.netty.channel.ChannelManager - Adding key: http://localhost:6896 for channel [id: 0x1681981a, L:/127.0.0.1:61476 - R:localhost/127.0.0.1:6896]
11:37:13.815 [main] DEBUG net.thucydides.core.steps.StepInterceptor - STARTING STEP: CartPageSteps.test10_tryToRemoveOneProductFromTheCart - remove product from the cart
11:37:13.817 [Forwarding findElement on session 7f96e7e36b9f10a8b5acad60a25246de to remote] DEBUG org.asynchttpclient.netty.request.NettyRequestSender - Using pooled Channel '[id: 0x1681981a, L:/127.0.0.1:61476 - R:localhost/127.0.0.1:6896]' for 'POST' to 'http://localhost:6896/session/7f96e7e36b9f10a8b5acad60a25246de/element'
11:37:13.817 [Forwarding findElement on session 7f96e7e36b9f10a8b5acad60a25246de to remote] DEBUG org.asynchttpclient.netty.request.NettyRequestSender - Using open Channel [id: 0x1681981a, L:/127.0.0.1:61476 - R:localhost/127.0.0.1:6896] for POST '/session/7f96e7e36b9f10a8b5acad60a25246de/element'
11:37:13.829 [AsyncHttpClient-1-8] DEBUG org.asynchttpclient.netty.handler.HttpHandler - 

Request DefaultHttpRequest(decodeResult: success, version: HTTP/1.1)
POST /session/7f96e7e36b9f10a8b5acad60a25246de/element HTTP/1.1
User-Agent: selenium/4.8.0 (java windows)
Content-Length: 77
Content-Type: application/json; charset=utf-8
host: localhost:6896
accept: */*

Response DefaultHttpResponse(decodeResult: success, version: HTTP/1.1)
HTTP/1.1 200 OK
Content-Length: 95
Content-Type: application/json; charset=utf-8
cache-control: no-cache

11:37:13.829 [AsyncHttpClient-1-8] DEBUG org.asynchttpclient.netty.channel.ChannelManager - Adding key: http://localhost:6896 for channel [id: 0x1681981a, L:/127.0.0.1:61476 - R:localhost/127.0.0.1:6896]
11:37:13.832 [Forwarding isElementDisplayed on session 7f96e7e36b9f10a8b5acad60a25246de to remote] DEBUG org.asynchttpclient.netty.request.NettyRequestSender - Using pooled Channel '[id: 0x1681981a, L:/127.0.0.1:61476 - R:localhost/127.0.0.1:6896]' for 'POST' to 'http://localhost:6896/session/7f96e7e36b9f10a8b5acad60a25246de/execute/sync'
11:37:13.832 [Forwarding isElementDisplayed on session 7f96e7e36b9f10a8b5acad60a25246de to remote] DEBUG org.asynchttpclient.netty.request.NettyRequestSender - Using open Channel [id: 0x1681981a, L:/127.0.0.1:61476 - R:localhost/127.0.0.1:6896] for POST '/session/7f96e7e36b9f10a8b5acad60a25246de/execute/sync'
11:37:13.842 [AsyncHttpClient-1-8] DEBUG org.asynchttpclient.netty.handler.HttpHandler - 

Request DefaultHttpRequest(decodeResult: success, version: HTTP/1.1)
POST /session/7f96e7e36b9f10a8b5acad60a25246de/execute/sync HTTP/1.1
User-Agent: selenium/4.8.0 (java windows)
Content-Length: 48814
Content-Type: application/json; charset=utf-8
host: localhost:6896
accept: */*

Response DefaultHttpResponse(decodeResult: success, version: HTTP/1.1)
HTTP/1.1 200 OK
Content-Length: 14
Content-Type: application/json; charset=utf-8
cache-control: no-cache

11:37:13.842 [AsyncHttpClient-1-8] DEBUG org.asynchttpclient.netty.channel.ChannelManager - Adding key: http://localhost:6896 for channel [id: 0x1681981a, L:/127.0.0.1:61476 - R:localhost/127.0.0.1:6896]
11:37:13.843 [Forwarding getElementTagName on session 7f96e7e36b9f10a8b5acad60a25246de to remote] DEBUG org.asynchttpclient.netty.request.NettyRequestSender - Using pooled Channel '[id: 0x1681981a, L:/127.0.0.1:61476 - R:localhost/127.0.0.1:6896]' for 'GET' to 'http://localhost:6896/session/7f96e7e36b9f10a8b5acad60a25246de/element/6FF2D42796E1B5636833727143D40385_element_96/name'
11:37:13.843 [Forwarding getElementTagName on session 7f96e7e36b9f10a8b5acad60a25246de to remote] DEBUG org.asynchttpclient.netty.request.NettyRequestSender - Using open Channel [id: 0x1681981a, L:/127.0.0.1:61476 - R:localhost/127.0.0.1:6896] for GET '/session/7f96e7e36b9f10a8b5acad60a25246de/element/6FF2D42796E1B5636833727143D40385_element_96/name'
11:37:13.846 [AsyncHttpClient-1-8] DEBUG org.asynchttpclient.netty.handler.HttpHandler - 

Request DefaultFullHttpRequest(decodeResult: success, version: HTTP/1.1, content: EmptyByteBufBE)
GET /session/7f96e7e36b9f10a8b5acad60a25246de/element/6FF2D42796E1B5636833727143D40385_element_96/name HTTP/1.1
User-Agent: selenium/4.8.0 (java windows)
Cache-Control: no-cache
Content-Type: application/json; charset=utf-8
host: localhost:6896
accept: */*

Response DefaultHttpResponse(decodeResult: success, version: HTTP/1.1)
HTTP/1.1 200 OK
Content-Length: 18
Content-Type: application/json; charset=utf-8
cache-control: no-cache

11:37:13.846 [AsyncHttpClient-1-8] DEBUG org.asynchttpclient.netty.channel.ChannelManager - Adding key: http://localhost:6896 for channel [id: 0x1681981a, L:/127.0.0.1:61476 - R:localhost/127.0.0.1:6896]
11:37:13.848 [Forwarding getElementTagName on session 7f96e7e36b9f10a8b5acad60a25246de to remote] DEBUG org.asynchttpclient.netty.request.NettyRequestSender - Using pooled Channel '[id: 0x1681981a, L:/127.0.0.1:61476 - R:localhost/127.0.0.1:6896]' for 'GET' to 'http://localhost:6896/session/7f96e7e36b9f10a8b5acad60a25246de/element/6FF2D42796E1B5636833727143D40385_element_96/name'
11:37:13.848 [Forwarding getElementTagName on session 7f96e7e36b9f10a8b5acad60a25246de to remote] DEBUG org.asynchttpclient.netty.request.NettyRequestSender - Using open Channel [id: 0x1681981a, L:/127.0.0.1:61476 - R:localhost/127.0.0.1:6896] for GET '/session/7f96e7e36b9f10a8b5acad60a25246de/element/6FF2D42796E1B5636833727143D40385_element_96/name'
11:37:13.851 [AsyncHttpClient-1-8] DEBUG org.asynchttpclient.netty.handler.HttpHandler - 

Request DefaultFullHttpRequest(decodeResult: success, version: HTTP/1.1, content: EmptyByteBufBE)
GET /session/7f96e7e36b9f10a8b5acad60a25246de/element/6FF2D42796E1B5636833727143D40385_element_96/name HTTP/1.1
User-Agent: selenium/4.8.0 (java windows)
Cache-Control: no-cache
Content-Type: application/json; charset=utf-8
host: localhost:6896
accept: */*

Response DefaultHttpResponse(decodeResult: success, version: HTTP/1.1)
HTTP/1.1 200 OK
Content-Length: 18
Content-Type: application/json; charset=utf-8
cache-control: no-cache

11:37:13.851 [AsyncHttpClient-1-8] DEBUG org.asynchttpclient.netty.channel.ChannelManager - Adding key: http://localhost:6896 for channel [id: 0x1681981a, L:/127.0.0.1:61476 - R:localhost/127.0.0.1:6896]
11:37:13.853 [Forwarding isElementEnabled on session 7f96e7e36b9f10a8b5acad60a25246de to remote] DEBUG org.asynchttpclient.netty.request.NettyRequestSender - Using pooled Channel '[id: 0x1681981a, L:/127.0.0.1:61476 - R:localhost/127.0.0.1:6896]' for 'GET' to 'http://localhost:6896/session/7f96e7e36b9f10a8b5acad60a25246de/element/6FF2D42796E1B5636833727143D40385_element_96/enabled'
11:37:13.853 [Forwarding isElementEnabled on session 7f96e7e36b9f10a8b5acad60a25246de to remote] DEBUG org.asynchttpclient.netty.request.NettyRequestSender - Using open Channel [id: 0x1681981a, L:/127.0.0.1:61476 - R:localhost/127.0.0.1:6896] for GET '/session/7f96e7e36b9f10a8b5acad60a25246de/element/6FF2D42796E1B5636833727143D40385_element_96/enabled'
11:37:13.858 [AsyncHttpClient-1-8] DEBUG org.asynchttpclient.netty.handler.HttpHandler - 

Request DefaultFullHttpRequest(decodeResult: success, version: HTTP/1.1, content: EmptyByteBufBE)
GET /session/7f96e7e36b9f10a8b5acad60a25246de/element/6FF2D42796E1B5636833727143D40385_element_96/enabled HTTP/1.1
User-Agent: selenium/4.8.0 (java windows)
Cache-Control: no-cache
Content-Type: application/json; charset=utf-8
host: localhost:6896
accept: */*

Response DefaultHttpResponse(decodeResult: success, version: HTTP/1.1)
HTTP/1.1 200 OK
Content-Length: 14
Content-Type: application/json; charset=utf-8
cache-control: no-cache

11:37:13.858 [AsyncHttpClient-1-8] DEBUG org.asynchttpclient.netty.channel.ChannelManager - Adding key: http://localhost:6896 for channel [id: 0x1681981a, L:/127.0.0.1:61476 - R:localhost/127.0.0.1:6896]
11:37:13.859 [Forwarding isElementEnabled on session 7f96e7e36b9f10a8b5acad60a25246de to remote] DEBUG org.asynchttpclient.netty.request.NettyRequestSender - Using pooled Channel '[id: 0x1681981a, L:/127.0.0.1:61476 - R:localhost/127.0.0.1:6896]' for 'GET' to 'http://localhost:6896/session/7f96e7e36b9f10a8b5acad60a25246de/element/6FF2D42796E1B5636833727143D40385_element_96/enabled'
11:37:13.859 [Forwarding isElementEnabled on session 7f96e7e36b9f10a8b5acad60a25246de to remote] DEBUG org.asynchttpclient.netty.request.NettyRequestSender - Using open Channel [id: 0x1681981a, L:/127.0.0.1:61476 - R:localhost/127.0.0.1:6896] for GET '/session/7f96e7e36b9f10a8b5acad60a25246de/element/6FF2D42796E1B5636833727143D40385_element_96/enabled'
11:37:13.864 [AsyncHttpClient-1-8] DEBUG org.asynchttpclient.netty.handler.HttpHandler - 

Request DefaultFullHttpRequest(decodeResult: success, version: HTTP/1.1, content: EmptyByteBufBE)
GET /session/7f96e7e36b9f10a8b5acad60a25246de/element/6FF2D42796E1B5636833727143D40385_element_96/enabled HTTP/1.1
User-Agent: selenium/4.8.0 (java windows)
Cache-Control: no-cache
Content-Type: application/json; charset=utf-8
host: localhost:6896
accept: */*

Response DefaultHttpResponse(decodeResult: success, version: HTTP/1.1)
HTTP/1.1 200 OK
Content-Length: 14
Content-Type: application/json; charset=utf-8
cache-control: no-cache

11:37:13.864 [AsyncHttpClient-1-8] DEBUG org.asynchttpclient.netty.channel.ChannelManager - Adding key: http://localhost:6896 for channel [id: 0x1681981a, L:/127.0.0.1:61476 - R:localhost/127.0.0.1:6896]
11:37:13.865 [Forwarding findElement on session 7f96e7e36b9f10a8b5acad60a25246de to remote] DEBUG org.asynchttpclient.netty.request.NettyRequestSender - Using pooled Channel '[id: 0x1681981a, L:/127.0.0.1:61476 - R:localhost/127.0.0.1:6896]' for 'POST' to 'http://localhost:6896/session/7f96e7e36b9f10a8b5acad60a25246de/element'
11:37:13.865 [Forwarding findElement on session 7f96e7e36b9f10a8b5acad60a25246de to remote] DEBUG org.asynchttpclient.netty.request.NettyRequestSender - Using open Channel [id: 0x1681981a, L:/127.0.0.1:61476 - R:localhost/127.0.0.1:6896] for POST '/session/7f96e7e36b9f10a8b5acad60a25246de/element'
11:37:13.870 [AsyncHttpClient-1-8] DEBUG org.asynchttpclient.netty.handler.HttpHandler - 

Request DefaultHttpRequest(decodeResult: success, version: HTTP/1.1)
POST /session/7f96e7e36b9f10a8b5acad60a25246de/element HTTP/1.1
User-Agent: selenium/4.8.0 (java windows)
Content-Length: 77
Content-Type: application/json; charset=utf-8
host: localhost:6896
accept: */*

Response DefaultHttpResponse(decodeResult: success, version: HTTP/1.1)
HTTP/1.1 200 OK
Content-Length: 95
Content-Type: application/json; charset=utf-8
cache-control: no-cache

11:37:13.870 [AsyncHttpClient-1-8] DEBUG org.asynchttpclient.netty.channel.ChannelManager - Adding key: http://localhost:6896 for channel [id: 0x1681981a, L:/127.0.0.1:61476 - R:localhost/127.0.0.1:6896]
11:37:13.872 [Forwarding isElementDisplayed on session 7f96e7e36b9f10a8b5acad60a25246de to remote] DEBUG org.asynchttpclient.netty.request.NettyRequestSender - Using pooled Channel '[id: 0x1681981a, L:/127.0.0.1:61476 - R:localhost/127.0.0.1:6896]' for 'POST' to 'http://localhost:6896/session/7f96e7e36b9f10a8b5acad60a25246de/execute/sync'
11:37:13.872 [Forwarding isElementDisplayed on session 7f96e7e36b9f10a8b5acad60a25246de to remote] DEBUG org.asynchttpclient.netty.request.NettyRequestSender - Using open Channel [id: 0x1681981a, L:/127.0.0.1:61476 - R:localhost/127.0.0.1:6896] for POST '/session/7f96e7e36b9f10a8b5acad60a25246de/execute/sync'
11:37:13.879 [AsyncHttpClient-1-8] DEBUG org.asynchttpclient.netty.handler.HttpHandler - 

Request DefaultHttpRequest(decodeResult: success, version: HTTP/1.1)
POST /session/7f96e7e36b9f10a8b5acad60a25246de/execute/sync HTTP/1.1
User-Agent: selenium/4.8.0 (java windows)
Content-Length: 48814
Content-Type: application/json; charset=utf-8
host: localhost:6896
accept: */*

Response DefaultHttpResponse(decodeResult: success, version: HTTP/1.1)
HTTP/1.1 200 OK
Content-Length: 14
Content-Type: application/json; charset=utf-8
cache-control: no-cache

11:37:13.879 [AsyncHttpClient-1-8] DEBUG org.asynchttpclient.netty.channel.ChannelManager - Adding key: http://localhost:6896 for channel [id: 0x1681981a, L:/127.0.0.1:61476 - R:localhost/127.0.0.1:6896]
11:37:13.879 [Forwarding clickElement on session 7f96e7e36b9f10a8b5acad60a25246de to remote] DEBUG org.asynchttpclient.netty.request.NettyRequestSender - Using pooled Channel '[id: 0x1681981a, L:/127.0.0.1:61476 - R:localhost/127.0.0.1:6896]' for 'POST' to 'http://localhost:6896/session/7f96e7e36b9f10a8b5acad60a25246de/element/6FF2D42796E1B5636833727143D40385_element_96/click'
11:37:13.879 [Forwarding clickElement on session 7f96e7e36b9f10a8b5acad60a25246de to remote] DEBUG org.asynchttpclient.netty.request.NettyRequestSender - Using open Channel [id: 0x1681981a, L:/127.0.0.1:61476 - R:localhost/127.0.0.1:6896] for POST '/session/7f96e7e36b9f10a8b5acad60a25246de/element/6FF2D42796E1B5636833727143D40385_element_96/click'
11:37:13.905 [AsyncHttpClient-1-8] DEBUG org.asynchttpclient.netty.handler.HttpHandler - 

Request DefaultHttpRequest(decodeResult: success, version: HTTP/1.1)
POST /session/7f96e7e36b9f10a8b5acad60a25246de/element/6FF2D42796E1B5636833727143D40385_element_96/click HTTP/1.1
User-Agent: selenium/4.8.0 (java windows)
Content-Length: 57
Content-Type: application/json; charset=utf-8
host: localhost:6896
accept: */*

Response DefaultHttpResponse(decodeResult: success, version: HTTP/1.1)
HTTP/1.1 200 OK
Content-Length: 14
Content-Type: application/json; charset=utf-8
cache-control: no-cache

11:37:13.905 [AsyncHttpClient-1-8] DEBUG org.asynchttpclient.netty.channel.ChannelManager - Adding key: http://localhost:6896 for channel [id: 0x1681981a, L:/127.0.0.1:61476 - R:localhost/127.0.0.1:6896]
11:37:13.913 [Forwarding getAlertText on session 7f96e7e36b9f10a8b5acad60a25246de to remote] DEBUG org.asynchttpclient.netty.request.NettyRequestSender - Using pooled Channel '[id: 0x1681981a, L:/127.0.0.1:61476 - R:localhost/127.0.0.1:6896]' for 'GET' to 'http://localhost:6896/session/7f96e7e36b9f10a8b5acad60a25246de/alert/text'
11:37:13.913 [Forwarding getAlertText on session 7f96e7e36b9f10a8b5acad60a25246de to remote] DEBUG org.asynchttpclient.netty.request.NettyRequestSender - Using open Channel [id: 0x1681981a, L:/127.0.0.1:61476 - R:localhost/127.0.0.1:6896] for GET '/session/7f96e7e36b9f10a8b5acad60a25246de/alert/text'
11:37:13.916 [AsyncHttpClient-1-8] DEBUG org.asynchttpclient.netty.handler.HttpHandler - 

Request DefaultFullHttpRequest(decodeResult: success, version: HTTP/1.1, content: EmptyByteBufBE)
GET /session/7f96e7e36b9f10a8b5acad60a25246de/alert/text HTTP/1.1
User-Agent: selenium/4.8.0 (java windows)
Cache-Control: no-cache
Content-Type: application/json; charset=utf-8
host: localhost:6896
accept: */*

Response DefaultHttpResponse(decodeResult: success, version: HTTP/1.1)
HTTP/1.1 404 Not Found
Content-Length: 1522
Content-Type: application/json; charset=utf-8
cache-control: no-cache

11:37:13.916 [AsyncHttpClient-1-8] DEBUG org.asynchttpclient.netty.channel.ChannelManager - Adding key: http://localhost:6896 for channel [id: 0x1681981a, L:/127.0.0.1:61476 - R:localhost/127.0.0.1:6896]
11:37:13.917 [Forwarding getCurrentUrl on session 7f96e7e36b9f10a8b5acad60a25246de to remote] DEBUG org.asynchttpclient.netty.request.NettyRequestSender - Using pooled Channel '[id: 0x1681981a, L:/127.0.0.1:61476 - R:localhost/127.0.0.1:6896]' for 'GET' to 'http://localhost:6896/session/7f96e7e36b9f10a8b5acad60a25246de/url'
11:37:13.917 [Forwarding getCurrentUrl on session 7f96e7e36b9f10a8b5acad60a25246de to remote] DEBUG org.asynchttpclient.netty.request.NettyRequestSender - Using open Channel [id: 0x1681981a, L:/127.0.0.1:61476 - R:localhost/127.0.0.1:6896] for GET '/session/7f96e7e36b9f10a8b5acad60a25246de/url'
11:37:13.919 [AsyncHttpClient-1-8] DEBUG org.asynchttpclient.netty.handler.HttpHandler - 

Request DefaultFullHttpRequest(decodeResult: success, version: HTTP/1.1, content: EmptyByteBufBE)
GET /session/7f96e7e36b9f10a8b5acad60a25246de/url HTTP/1.1
User-Agent: selenium/4.8.0 (java windows)
Cache-Control: no-cache
Content-Type: application/json; charset=utf-8
host: localhost:6896
accept: */*

Response DefaultHttpResponse(decodeResult: success, version: HTTP/1.1)
HTTP/1.1 200 OK
Content-Length: 52
Content-Type: application/json; charset=utf-8
cache-control: no-cache

11:37:13.919 [AsyncHttpClient-1-8] DEBUG org.asynchttpclient.netty.channel.ChannelManager - Adding key: http://localhost:6896 for channel [id: 0x1681981a, L:/127.0.0.1:61476 - R:localhost/127.0.0.1:6896]
11:37:13.920 [Forwarding screenshot on session 7f96e7e36b9f10a8b5acad60a25246de to remote] DEBUG org.asynchttpclient.netty.request.NettyRequestSender - Using pooled Channel '[id: 0x1681981a, L:/127.0.0.1:61476 - R:localhost/127.0.0.1:6896]' for 'GET' to 'http://localhost:6896/session/7f96e7e36b9f10a8b5acad60a25246de/screenshot'
11:37:13.920 [Forwarding screenshot on session 7f96e7e36b9f10a8b5acad60a25246de to remote] DEBUG org.asynchttpclient.netty.request.NettyRequestSender - Using open Channel [id: 0x1681981a, L:/127.0.0.1:61476 - R:localhost/127.0.0.1:6896] for GET '/session/7f96e7e36b9f10a8b5acad60a25246de/screenshot'
11:37:14.083 [AsyncHttpClient-1-8] DEBUG org.asynchttpclient.netty.handler.HttpHandler - 

Request DefaultFullHttpRequest(decodeResult: success, version: HTTP/1.1, content: EmptyByteBufBE)
GET /session/7f96e7e36b9f10a8b5acad60a25246de/screenshot HTTP/1.1
User-Agent: selenium/4.8.0 (java windows)
Cache-Control: no-cache
Content-Type: application/json; charset=utf-8
host: localhost:6896
accept: */*

Response DefaultHttpResponse(decodeResult: success, version: HTTP/1.1)
HTTP/1.1 200 OK
Content-Length: 495372
Content-Type: application/json; charset=utf-8
cache-control: no-cache

11:37:14.083 [AsyncHttpClient-1-8] DEBUG org.asynchttpclient.netty.channel.ChannelManager - Adding key: http://localhost:6896 for channel [id: 0x1681981a, L:/127.0.0.1:61476 - R:localhost/127.0.0.1:6896]
11:37:14.094 [main] DEBUG net.serenitybdd.core.photography.Darkroom - Send negative for processing for target\site\serenity\7d7c17f5ce81b4f32ff831159d6bb3f359391dd03091883758eb77d89f1b34d9.png
11:37:14.095 [main] DEBUG net.thucydides.core.steps.StepInterceptor - STEP DONE: remove product from the cart
11:37:14.095 [main] INFO  com.swaglabs.base.SetUp - one product removed from the cart
11:37:14.098 [main] DEBUG net.thucydides.core.steps.StepInterceptor - STEP DONE: test10_tryToRemoveOneProductFromTheCart
11:37:14.100 [Darkroom Processing Line] DEBUG net.serenitybdd.core.photography.DarkroomProcessingLine - Processing screenshot image in /var/screenshots/screenshot-4780099195500429699
11:37:14.100 [Darkroom Processing Line] DEBUG net.serenitybdd.core.photography.DarkroomProcessingLine - Saving screenshot to target\site\serenity\7d7c17f5ce81b4f32ff831159d6bb3f359391dd03091883758eb77d89f1b34d9.png
11:37:14.106 [Forwarding getPageSource on session 7f96e7e36b9f10a8b5acad60a25246de to remote] DEBUG org.asynchttpclient.netty.request.NettyRequestSender - Using pooled Channel '[id: 0x1681981a, L:/127.0.0.1:61476 - R:localhost/127.0.0.1:6896]' for 'POST' to 'http://localhost:6896/session/7f96e7e36b9f10a8b5acad60a25246de/execute/sync'
11:37:14.106 [Forwarding getPageSource on session 7f96e7e36b9f10a8b5acad60a25246de to remote] DEBUG org.asynchttpclient.netty.request.NettyRequestSender - Using open Channel [id: 0x1681981a, L:/127.0.0.1:61476 - R:localhost/127.0.0.1:6896] for POST '/session/7f96e7e36b9f10a8b5acad60a25246de/execute/sync'
11:37:14.119 [AsyncHttpClient-1-8] DEBUG org.asynchttpclient.netty.handler.HttpHandler - 

Request DefaultHttpRequest(decodeResult: success, version: HTTP/1.1)
POST /session/7f96e7e36b9f10a8b5acad60a25246de/execute/sync HTTP/1.1
User-Agent: selenium/4.8.0 (java windows)
Content-Length: 176
Content-Type: application/json; charset=utf-8
host: localhost:6896
accept: */*

Response DefaultHttpResponse(decodeResult: success, version: HTTP/1.1)
HTTP/1.1 200 OK
Content-Length: 16410
Content-Type: application/json; charset=utf-8
cache-control: no-cache

11:37:14.119 [AsyncHttpClient-1-8] DEBUG org.asynchttpclient.netty.channel.ChannelManager - Adding key: http://localhost:6896 for channel [id: 0x1681981a, L:/127.0.0.1:61476 - R:localhost/127.0.0.1:6896]
11:37:14.121 [Forwarding getCurrentUrl on session 7f96e7e36b9f10a8b5acad60a25246de to remote] DEBUG org.asynchttpclient.netty.request.NettyRequestSender - Using pooled Channel '[id: 0x1681981a, L:/127.0.0.1:61476 - R:localhost/127.0.0.1:6896]' for 'GET' to 'http://localhost:6896/session/7f96e7e36b9f10a8b5acad60a25246de/url'
11:37:14.121 [Forwarding getCurrentUrl on session 7f96e7e36b9f10a8b5acad60a25246de to remote] DEBUG org.asynchttpclient.netty.request.NettyRequestSender - Using open Channel [id: 0x1681981a, L:/127.0.0.1:61476 - R:localhost/127.0.0.1:6896] for GET '/session/7f96e7e36b9f10a8b5acad60a25246de/url'
11:37:14.127 [AsyncHttpClient-1-8] DEBUG org.asynchttpclient.netty.handler.HttpHandler - 

Request DefaultFullHttpRequest(decodeResult: success, version: HTTP/1.1, content: EmptyByteBufBE)
GET /session/7f96e7e36b9f10a8b5acad60a25246de/url HTTP/1.1
User-Agent: selenium/4.8.0 (java windows)
Cache-Control: no-cache
Content-Type: application/json; charset=utf-8
host: localhost:6896
accept: */*

Response DefaultHttpResponse(decodeResult: success, version: HTTP/1.1)
HTTP/1.1 200 OK
Content-Length: 52
Content-Type: application/json; charset=utf-8
cache-control: no-cache

11:37:14.127 [AsyncHttpClient-1-8] DEBUG org.asynchttpclient.netty.channel.ChannelManager - Adding key: http://localhost:6896 for channel [id: 0x1681981a, L:/127.0.0.1:61476 - R:localhost/127.0.0.1:6896]
11:37:14.135 [main] DEBUG net.thucydides.core.steps.StepInterceptor - STARTING STEP: Tests.testCases - test11_StoreProductInExcel
11:37:14.137 [Forwarding findElement on session 7f96e7e36b9f10a8b5acad60a25246de to remote] DEBUG org.asynchttpclient.netty.request.NettyRequestSender - Using pooled Channel '[id: 0x1681981a, L:/127.0.0.1:61476 - R:localhost/127.0.0.1:6896]' for 'POST' to 'http://localhost:6896/session/7f96e7e36b9f10a8b5acad60a25246de/element'
11:37:14.137 [Forwarding findElement on session 7f96e7e36b9f10a8b5acad60a25246de to remote] DEBUG org.asynchttpclient.netty.request.NettyRequestSender - Using open Channel [id: 0x1681981a, L:/127.0.0.1:61476 - R:localhost/127.0.0.1:6896] for POST '/session/7f96e7e36b9f10a8b5acad60a25246de/element'
11:37:14.150 [AsyncHttpClient-1-8] DEBUG org.asynchttpclient.netty.handler.HttpHandler - 

Request DefaultHttpRequest(decodeResult: success, version: HTTP/1.1)
POST /session/7f96e7e36b9f10a8b5acad60a25246de/element HTTP/1.1
User-Agent: selenium/4.8.0 (java windows)
Content-Length: 79
Content-Type: application/json; charset=utf-8
host: localhost:6896
accept: */*

Response DefaultHttpResponse(decodeResult: success, version: HTTP/1.1)
HTTP/1.1 200 OK
Content-Length: 95
Content-Type: application/json; charset=utf-8
cache-control: no-cache

11:37:14.150 [AsyncHttpClient-1-8] DEBUG org.asynchttpclient.netty.channel.ChannelManager - Adding key: http://localhost:6896 for channel [id: 0x1681981a, L:/127.0.0.1:61476 - R:localhost/127.0.0.1:6896]
11:37:14.151 [Forwarding isElementDisplayed on session 7f96e7e36b9f10a8b5acad60a25246de to remote] DEBUG org.asynchttpclient.netty.request.NettyRequestSender - Using pooled Channel '[id: 0x1681981a, L:/127.0.0.1:61476 - R:localhost/127.0.0.1:6896]' for 'POST' to 'http://localhost:6896/session/7f96e7e36b9f10a8b5acad60a25246de/execute/sync'
11:37:14.151 [Forwarding isElementDisplayed on session 7f96e7e36b9f10a8b5acad60a25246de to remote] DEBUG org.asynchttpclient.netty.request.NettyRequestSender - Using open Channel [id: 0x1681981a, L:/127.0.0.1:61476 - R:localhost/127.0.0.1:6896] for POST '/session/7f96e7e36b9f10a8b5acad60a25246de/execute/sync'
11:37:14.160 [AsyncHttpClient-1-8] DEBUG org.asynchttpclient.netty.handler.HttpHandler - 

Request DefaultHttpRequest(decodeResult: success, version: HTTP/1.1)
POST /session/7f96e7e36b9f10a8b5acad60a25246de/execute/sync HTTP/1.1
User-Agent: selenium/4.8.0 (java windows)
Content-Length: 48814
Content-Type: application/json; charset=utf-8
host: localhost:6896
accept: */*

Response DefaultHttpResponse(decodeResult: success, version: HTTP/1.1)
HTTP/1.1 200 OK
Content-Length: 14
Content-Type: application/json; charset=utf-8
cache-control: no-cache

11:37:14.160 [AsyncHttpClient-1-8] DEBUG org.asynchttpclient.netty.channel.ChannelManager - Adding key: http://localhost:6896 for channel [id: 0x1681981a, L:/127.0.0.1:61476 - R:localhost/127.0.0.1:6896]
11:37:14.160 [Forwarding getElementTagName on session 7f96e7e36b9f10a8b5acad60a25246de to remote] DEBUG org.asynchttpclient.netty.request.NettyRequestSender - Using pooled Channel '[id: 0x1681981a, L:/127.0.0.1:61476 - R:localhost/127.0.0.1:6896]' for 'GET' to 'http://localhost:6896/session/7f96e7e36b9f10a8b5acad60a25246de/element/6FF2D42796E1B5636833727143D40385_element_97/name'
11:37:14.160 [Forwarding getElementTagName on session 7f96e7e36b9f10a8b5acad60a25246de to remote] DEBUG org.asynchttpclient.netty.request.NettyRequestSender - Using open Channel [id: 0x1681981a, L:/127.0.0.1:61476 - R:localhost/127.0.0.1:6896] for GET '/session/7f96e7e36b9f10a8b5acad60a25246de/element/6FF2D42796E1B5636833727143D40385_element_97/name'
11:37:14.163 [AsyncHttpClient-1-8] DEBUG org.asynchttpclient.netty.handler.HttpHandler - 

Request DefaultFullHttpRequest(decodeResult: success, version: HTTP/1.1, content: EmptyByteBufBE)
GET /session/7f96e7e36b9f10a8b5acad60a25246de/element/6FF2D42796E1B5636833727143D40385_element_97/name HTTP/1.1
User-Agent: selenium/4.8.0 (java windows)
Cache-Control: no-cache
Content-Type: application/json; charset=utf-8
host: localhost:6896
accept: */*

Response DefaultHttpResponse(decodeResult: success, version: HTTP/1.1)
HTTP/1.1 200 OK
Content-Length: 13
Content-Type: application/json; charset=utf-8
cache-control: no-cache

11:37:14.164 [AsyncHttpClient-1-8] DEBUG org.asynchttpclient.netty.channel.ChannelManager - Adding key: http://localhost:6896 for channel [id: 0x1681981a, L:/127.0.0.1:61476 - R:localhost/127.0.0.1:6896]
11:37:14.164 [Forwarding getElementTagName on session 7f96e7e36b9f10a8b5acad60a25246de to remote] DEBUG org.asynchttpclient.netty.request.NettyRequestSender - Using pooled Channel '[id: 0x1681981a, L:/127.0.0.1:61476 - R:localhost/127.0.0.1:6896]' for 'GET' to 'http://localhost:6896/session/7f96e7e36b9f10a8b5acad60a25246de/element/6FF2D42796E1B5636833727143D40385_element_97/name'
11:37:14.164 [Forwarding getElementTagName on session 7f96e7e36b9f10a8b5acad60a25246de to remote] DEBUG org.asynchttpclient.netty.request.NettyRequestSender - Using open Channel [id: 0x1681981a, L:/127.0.0.1:61476 - R:localhost/127.0.0.1:6896] for GET '/session/7f96e7e36b9f10a8b5acad60a25246de/element/6FF2D42796E1B5636833727143D40385_element_97/name'
11:37:14.167 [AsyncHttpClient-1-8] DEBUG org.asynchttpclient.netty.handler.HttpHandler - 

Request DefaultFullHttpRequest(decodeResult: success, version: HTTP/1.1, content: EmptyByteBufBE)
GET /session/7f96e7e36b9f10a8b5acad60a25246de/element/6FF2D42796E1B5636833727143D40385_element_97/name HTTP/1.1
User-Agent: selenium/4.8.0 (java windows)
Cache-Control: no-cache
Content-Type: application/json; charset=utf-8
host: localhost:6896
accept: */*

Response DefaultHttpResponse(decodeResult: success, version: HTTP/1.1)
HTTP/1.1 200 OK
Content-Length: 13
Content-Type: application/json; charset=utf-8
cache-control: no-cache

11:37:14.167 [AsyncHttpClient-1-8] DEBUG org.asynchttpclient.netty.channel.ChannelManager - Adding key: http://localhost:6896 for channel [id: 0x1681981a, L:/127.0.0.1:61476 - R:localhost/127.0.0.1:6896]
11:37:14.168 [Forwarding findElement on session 7f96e7e36b9f10a8b5acad60a25246de to remote] DEBUG org.asynchttpclient.netty.request.NettyRequestSender - Using pooled Channel '[id: 0x1681981a, L:/127.0.0.1:61476 - R:localhost/127.0.0.1:6896]' for 'POST' to 'http://localhost:6896/session/7f96e7e36b9f10a8b5acad60a25246de/element'
11:37:14.168 [Forwarding findElement on session 7f96e7e36b9f10a8b5acad60a25246de to remote] DEBUG org.asynchttpclient.netty.request.NettyRequestSender - Using open Channel [id: 0x1681981a, L:/127.0.0.1:61476 - R:localhost/127.0.0.1:6896] for POST '/session/7f96e7e36b9f10a8b5acad60a25246de/element'
11:37:14.174 [AsyncHttpClient-1-8] DEBUG org.asynchttpclient.netty.handler.HttpHandler - 

Request DefaultHttpRequest(decodeResult: success, version: HTTP/1.1)
POST /session/7f96e7e36b9f10a8b5acad60a25246de/element HTTP/1.1
User-Agent: selenium/4.8.0 (java windows)
Content-Length: 79
Content-Type: application/json; charset=utf-8
host: localhost:6896
accept: */*

Response DefaultHttpResponse(decodeResult: success, version: HTTP/1.1)
HTTP/1.1 200 OK
Content-Length: 95
Content-Type: application/json; charset=utf-8
cache-control: no-cache

11:37:14.174 [AsyncHttpClient-1-8] DEBUG org.asynchttpclient.netty.channel.ChannelManager - Adding key: http://localhost:6896 for channel [id: 0x1681981a, L:/127.0.0.1:61476 - R:localhost/127.0.0.1:6896]
11:37:14.176 [Forwarding isElementDisplayed on session 7f96e7e36b9f10a8b5acad60a25246de to remote] DEBUG org.asynchttpclient.netty.request.NettyRequestSender - Using pooled Channel '[id: 0x1681981a, L:/127.0.0.1:61476 - R:localhost/127.0.0.1:6896]' for 'POST' to 'http://localhost:6896/session/7f96e7e36b9f10a8b5acad60a25246de/execute/sync'
11:37:14.176 [Forwarding isElementDisplayed on session 7f96e7e36b9f10a8b5acad60a25246de to remote] DEBUG org.asynchttpclient.netty.request.NettyRequestSender - Using open Channel [id: 0x1681981a, L:/127.0.0.1:61476 - R:localhost/127.0.0.1:6896] for POST '/session/7f96e7e36b9f10a8b5acad60a25246de/execute/sync'
11:37:14.185 [AsyncHttpClient-1-8] DEBUG org.asynchttpclient.netty.handler.HttpHandler - 

Request DefaultHttpRequest(decodeResult: success, version: HTTP/1.1)
POST /session/7f96e7e36b9f10a8b5acad60a25246de/execute/sync HTTP/1.1
User-Agent: selenium/4.8.0 (java windows)
Content-Length: 48814
Content-Type: application/json; charset=utf-8
host: localhost:6896
accept: */*

Response DefaultHttpResponse(decodeResult: success, version: HTTP/1.1)
HTTP/1.1 200 OK
Content-Length: 14
Content-Type: application/json; charset=utf-8
cache-control: no-cache

11:37:14.185 [AsyncHttpClient-1-8] DEBUG org.asynchttpclient.netty.channel.ChannelManager - Adding key: http://localhost:6896 for channel [id: 0x1681981a, L:/127.0.0.1:61476 - R:localhost/127.0.0.1:6896]
11:37:14.185 [Forwarding clickElement on session 7f96e7e36b9f10a8b5acad60a25246de to remote] DEBUG org.asynchttpclient.netty.request.NettyRequestSender - Using pooled Channel '[id: 0x1681981a, L:/127.0.0.1:61476 - R:localhost/127.0.0.1:6896]' for 'POST' to 'http://localhost:6896/session/7f96e7e36b9f10a8b5acad60a25246de/element/6FF2D42796E1B5636833727143D40385_element_97/click'
11:37:14.185 [Forwarding clickElement on session 7f96e7e36b9f10a8b5acad60a25246de to remote] DEBUG org.asynchttpclient.netty.request.NettyRequestSender - Using open Channel [id: 0x1681981a, L:/127.0.0.1:61476 - R:localhost/127.0.0.1:6896] for POST '/session/7f96e7e36b9f10a8b5acad60a25246de/element/6FF2D42796E1B5636833727143D40385_element_97/click'
11:37:14.223 [AsyncHttpClient-1-8] DEBUG org.asynchttpclient.netty.handler.HttpHandler - 

Request DefaultHttpRequest(decodeResult: success, version: HTTP/1.1)
POST /session/7f96e7e36b9f10a8b5acad60a25246de/element/6FF2D42796E1B5636833727143D40385_element_97/click HTTP/1.1
User-Agent: selenium/4.8.0 (java windows)
Content-Length: 57
Content-Type: application/json; charset=utf-8
host: localhost:6896
accept: */*

Response DefaultHttpResponse(decodeResult: success, version: HTTP/1.1)
HTTP/1.1 200 OK
Content-Length: 14
Content-Type: application/json; charset=utf-8
cache-control: no-cache

11:37:14.223 [AsyncHttpClient-1-8] DEBUG org.asynchttpclient.netty.channel.ChannelManager - Adding key: http://localhost:6896 for channel [id: 0x1681981a, L:/127.0.0.1:61476 - R:localhost/127.0.0.1:6896]
printingproductdescription
11:37:14.229 [Forwarding findElements on session 7f96e7e36b9f10a8b5acad60a25246de to remote] DEBUG org.asynchttpclient.netty.request.NettyRequestSender - Using pooled Channel '[id: 0x1681981a, L:/127.0.0.1:61476 - R:localhost/127.0.0.1:6896]' for 'POST' to 'http://localhost:6896/session/7f96e7e36b9f10a8b5acad60a25246de/elements'
11:37:14.229 [Forwarding findElements on session 7f96e7e36b9f10a8b5acad60a25246de to remote] DEBUG org.asynchttpclient.netty.request.NettyRequestSender - Using open Channel [id: 0x1681981a, L:/127.0.0.1:61476 - R:localhost/127.0.0.1:6896] for POST '/session/7f96e7e36b9f10a8b5acad60a25246de/elements'
11:37:14.252 [AsyncHttpClient-1-8] DEBUG org.asynchttpclient.netty.handler.HttpHandler - 

Request DefaultHttpRequest(decodeResult: success, version: HTTP/1.1)
POST /session/7f96e7e36b9f10a8b5acad60a25246de/elements HTTP/1.1
User-Agent: selenium/4.8.0 (java windows)
Content-Length: 93
Content-Type: application/json; charset=utf-8
host: localhost:6896
accept: */*

Response DefaultHttpResponse(decodeResult: success, version: HTTP/1.1)
HTTP/1.1 200 OK
Content-Length: 705
Content-Type: application/json; charset=utf-8
cache-control: no-cache

11:37:14.252 [AsyncHttpClient-1-8] DEBUG org.asynchttpclient.netty.channel.ChannelManager - Adding key: http://localhost:6896 for channel [id: 0x1681981a, L:/127.0.0.1:61476 - R:localhost/127.0.0.1:6896]
11:37:14.253 [Forwarding getElementText on session 7f96e7e36b9f10a8b5acad60a25246de to remote] DEBUG org.asynchttpclient.netty.request.NettyRequestSender - Using pooled Channel '[id: 0x1681981a, L:/127.0.0.1:61476 - R:localhost/127.0.0.1:6896]' for 'GET' to 'http://localhost:6896/session/7f96e7e36b9f10a8b5acad60a25246de/element/6FF2D42796E1B5636833727143D40385_element_100/text'
11:37:14.253 [Forwarding getElementText on session 7f96e7e36b9f10a8b5acad60a25246de to remote] DEBUG org.asynchttpclient.netty.request.NettyRequestSender - Using open Channel [id: 0x1681981a, L:/127.0.0.1:61476 - R:localhost/127.0.0.1:6896] for GET '/session/7f96e7e36b9f10a8b5acad60a25246de/element/6FF2D42796E1B5636833727143D40385_element_100/text'
11:37:14.263 [AsyncHttpClient-1-8] DEBUG org.asynchttpclient.netty.handler.HttpHandler - 

Request DefaultFullHttpRequest(decodeResult: success, version: HTTP/1.1, content: EmptyByteBufBE)
GET /session/7f96e7e36b9f10a8b5acad60a25246de/element/6FF2D42796E1B5636833727143D40385_element_100/text HTTP/1.1
User-Agent: selenium/4.8.0 (java windows)
Cache-Control: no-cache
Content-Type: application/json; charset=utf-8
host: localhost:6896
accept: */*

Response DefaultHttpResponse(decodeResult: success, version: HTTP/1.1)
HTTP/1.1 200 OK
Content-Length: 29
Content-Type: application/json; charset=utf-8
cache-control: no-cache

11:37:14.263 [AsyncHttpClient-1-8] DEBUG org.asynchttpclient.netty.channel.ChannelManager - Adding key: http://localhost:6896 for channel [id: 0x1681981a, L:/127.0.0.1:61476 - R:localhost/127.0.0.1:6896]
firstproductnameSauce Labs Onesie
11:37:14.264 [Forwarding findElements on session 7f96e7e36b9f10a8b5acad60a25246de to remote] DEBUG org.asynchttpclient.netty.request.NettyRequestSender - Using pooled Channel '[id: 0x1681981a, L:/127.0.0.1:61476 - R:localhost/127.0.0.1:6896]' for 'POST' to 'http://localhost:6896/session/7f96e7e36b9f10a8b5acad60a25246de/elements'
11:37:14.264 [Forwarding findElements on session 7f96e7e36b9f10a8b5acad60a25246de to remote] DEBUG org.asynchttpclient.netty.request.NettyRequestSender - Using open Channel [id: 0x1681981a, L:/127.0.0.1:61476 - R:localhost/127.0.0.1:6896] for POST '/session/7f96e7e36b9f10a8b5acad60a25246de/elements'
11:37:14.272 [AsyncHttpClient-1-8] DEBUG org.asynchttpclient.netty.handler.HttpHandler - 

Request DefaultHttpRequest(decodeResult: success, version: HTTP/1.1)
POST /session/7f96e7e36b9f10a8b5acad60a25246de/elements HTTP/1.1
User-Agent: selenium/4.8.0 (java windows)
Content-Length: 93
Content-Type: application/json; charset=utf-8
host: localhost:6896
accept: */*

Response DefaultHttpResponse(decodeResult: success, version: HTTP/1.1)
HTTP/1.1 200 OK
Content-Length: 705
Content-Type: application/json; charset=utf-8
cache-control: no-cache

11:37:14.273 [AsyncHttpClient-1-8] DEBUG org.asynchttpclient.netty.channel.ChannelManager - Adding key: http://localhost:6896 for channel [id: 0x1681981a, L:/127.0.0.1:61476 - R:localhost/127.0.0.1:6896]
11:37:14.274 [Forwarding getElementText on session 7f96e7e36b9f10a8b5acad60a25246de to remote] DEBUG org.asynchttpclient.netty.request.NettyRequestSender - Using pooled Channel '[id: 0x1681981a, L:/127.0.0.1:61476 - R:localhost/127.0.0.1:6896]' for 'GET' to 'http://localhost:6896/session/7f96e7e36b9f10a8b5acad60a25246de/element/6FF2D42796E1B5636833727143D40385_element_101/text'
11:37:14.274 [Forwarding getElementText on session 7f96e7e36b9f10a8b5acad60a25246de to remote] DEBUG org.asynchttpclient.netty.request.NettyRequestSender - Using open Channel [id: 0x1681981a, L:/127.0.0.1:61476 - R:localhost/127.0.0.1:6896] for GET '/session/7f96e7e36b9f10a8b5acad60a25246de/element/6FF2D42796E1B5636833727143D40385_element_101/text'
11:37:14.285 [AsyncHttpClient-1-8] DEBUG org.asynchttpclient.netty.handler.HttpHandler - 

Request DefaultFullHttpRequest(decodeResult: success, version: HTTP/1.1, content: EmptyByteBufBE)
GET /session/7f96e7e36b9f10a8b5acad60a25246de/element/6FF2D42796E1B5636833727143D40385_element_101/text HTTP/1.1
User-Agent: selenium/4.8.0 (java windows)
Cache-Control: no-cache
Content-Type: application/json; charset=utf-8
host: localhost:6896
accept: */*

Response DefaultHttpResponse(decodeResult: success, version: HTTP/1.1)
HTTP/1.1 200 OK
Content-Length: 171
Content-Type: application/json; charset=utf-8
cache-control: no-cache

11:37:14.285 [AsyncHttpClient-1-8] DEBUG org.asynchttpclient.netty.channel.ChannelManager - Adding key: http://localhost:6896 for channel [id: 0x1681981a, L:/127.0.0.1:61476 - R:localhost/127.0.0.1:6896]
firstproductnameRib snap infant onesie for the junior automation engineer in development. Reinforced 3-snap bottom closure, two-needle hemmed sleeved and bottom won't unravel.
11:37:14.286 [Forwarding findElements on session 7f96e7e36b9f10a8b5acad60a25246de to remote] DEBUG org.asynchttpclient.netty.request.NettyRequestSender - Using pooled Channel '[id: 0x1681981a, L:/127.0.0.1:61476 - R:localhost/127.0.0.1:6896]' for 'POST' to 'http://localhost:6896/session/7f96e7e36b9f10a8b5acad60a25246de/elements'
11:37:14.286 [Forwarding findElements on session 7f96e7e36b9f10a8b5acad60a25246de to remote] DEBUG org.asynchttpclient.netty.request.NettyRequestSender - Using open Channel [id: 0x1681981a, L:/127.0.0.1:61476 - R:localhost/127.0.0.1:6896] for POST '/session/7f96e7e36b9f10a8b5acad60a25246de/elements'
11:37:14.294 [AsyncHttpClient-1-8] DEBUG org.asynchttpclient.netty.handler.HttpHandler - 

Request DefaultHttpRequest(decodeResult: success, version: HTTP/1.1)
POST /session/7f96e7e36b9f10a8b5acad60a25246de/elements HTTP/1.1
User-Agent: selenium/4.8.0 (java windows)
Content-Length: 93
Content-Type: application/json; charset=utf-8
host: localhost:6896
accept: */*

Response DefaultHttpResponse(decodeResult: success, version: HTTP/1.1)
HTTP/1.1 200 OK
Content-Length: 705
Content-Type: application/json; charset=utf-8
cache-control: no-cache

11:37:14.295 [AsyncHttpClient-1-8] DEBUG org.asynchttpclient.netty.channel.ChannelManager - Adding key: http://localhost:6896 for channel [id: 0x1681981a, L:/127.0.0.1:61476 - R:localhost/127.0.0.1:6896]
11:37:14.296 [Forwarding findElements on session 7f96e7e36b9f10a8b5acad60a25246de to remote] DEBUG org.asynchttpclient.netty.request.NettyRequestSender - Using pooled Channel '[id: 0x1681981a, L:/127.0.0.1:61476 - R:localhost/127.0.0.1:6896]' for 'POST' to 'http://localhost:6896/session/7f96e7e36b9f10a8b5acad60a25246de/elements'
11:37:14.297 [Forwarding findElements on session 7f96e7e36b9f10a8b5acad60a25246de to remote] DEBUG org.asynchttpclient.netty.request.NettyRequestSender - Using open Channel [id: 0x1681981a, L:/127.0.0.1:61476 - R:localhost/127.0.0.1:6896] for POST '/session/7f96e7e36b9f10a8b5acad60a25246de/elements'
11:37:14.304 [AsyncHttpClient-1-8] DEBUG org.asynchttpclient.netty.handler.HttpHandler - 

Request DefaultHttpRequest(decodeResult: success, version: HTTP/1.1)
POST /session/7f96e7e36b9f10a8b5acad60a25246de/elements HTTP/1.1
User-Agent: selenium/4.8.0 (java windows)
Content-Length: 93
Content-Type: application/json; charset=utf-8
host: localhost:6896
accept: */*

Response DefaultHttpResponse(decodeResult: success, version: HTTP/1.1)
HTTP/1.1 200 OK
Content-Length: 705
Content-Type: application/json; charset=utf-8
cache-control: no-cache

11:37:14.304 [AsyncHttpClient-1-8] DEBUG org.asynchttpclient.netty.channel.ChannelManager - Adding key: http://localhost:6896 for channel [id: 0x1681981a, L:/127.0.0.1:61476 - R:localhost/127.0.0.1:6896]
11:37:14.305 [Forwarding getElementText on session 7f96e7e36b9f10a8b5acad60a25246de to remote] DEBUG org.asynchttpclient.netty.request.NettyRequestSender - Using pooled Channel '[id: 0x1681981a, L:/127.0.0.1:61476 - R:localhost/127.0.0.1:6896]' for 'GET' to 'http://localhost:6896/session/7f96e7e36b9f10a8b5acad60a25246de/element/6FF2D42796E1B5636833727143D40385_element_100/text'
11:37:14.305 [Forwarding getElementText on session 7f96e7e36b9f10a8b5acad60a25246de to remote] DEBUG org.asynchttpclient.netty.request.NettyRequestSender - Using open Channel [id: 0x1681981a, L:/127.0.0.1:61476 - R:localhost/127.0.0.1:6896] for GET '/session/7f96e7e36b9f10a8b5acad60a25246de/element/6FF2D42796E1B5636833727143D40385_element_100/text'
11:37:14.313 [AsyncHttpClient-1-8] DEBUG org.asynchttpclient.netty.handler.HttpHandler - 

Request DefaultFullHttpRequest(decodeResult: success, version: HTTP/1.1, content: EmptyByteBufBE)
GET /session/7f96e7e36b9f10a8b5acad60a25246de/element/6FF2D42796E1B5636833727143D40385_element_100/text HTTP/1.1
User-Agent: selenium/4.8.0 (java windows)
Cache-Control: no-cache
Content-Type: application/json; charset=utf-8
host: localhost:6896
accept: */*

Response DefaultHttpResponse(decodeResult: success, version: HTTP/1.1)
HTTP/1.1 200 OK
Content-Length: 29
Content-Type: application/json; charset=utf-8
cache-control: no-cache

11:37:14.313 [AsyncHttpClient-1-8] DEBUG org.asynchttpclient.netty.channel.ChannelManager - Adding key: http://localhost:6896 for channel [id: 0x1681981a, L:/127.0.0.1:61476 - R:localhost/127.0.0.1:6896]
11:37:14.314 [Forwarding findElements on session 7f96e7e36b9f10a8b5acad60a25246de to remote] DEBUG org.asynchttpclient.netty.request.NettyRequestSender - Using pooled Channel '[id: 0x1681981a, L:/127.0.0.1:61476 - R:localhost/127.0.0.1:6896]' for 'POST' to 'http://localhost:6896/session/7f96e7e36b9f10a8b5acad60a25246de/elements'
11:37:14.314 [Forwarding findElements on session 7f96e7e36b9f10a8b5acad60a25246de to remote] DEBUG org.asynchttpclient.netty.request.NettyRequestSender - Using open Channel [id: 0x1681981a, L:/127.0.0.1:61476 - R:localhost/127.0.0.1:6896] for POST '/session/7f96e7e36b9f10a8b5acad60a25246de/elements'
11:37:14.320 [AsyncHttpClient-1-8] DEBUG org.asynchttpclient.netty.handler.HttpHandler - 

Request DefaultHttpRequest(decodeResult: success, version: HTTP/1.1)
POST /session/7f96e7e36b9f10a8b5acad60a25246de/elements HTTP/1.1
User-Agent: selenium/4.8.0 (java windows)
Content-Length: 93
Content-Type: application/json; charset=utf-8
host: localhost:6896
accept: */*

Response DefaultHttpResponse(decodeResult: success, version: HTTP/1.1)
HTTP/1.1 200 OK
Content-Length: 705
Content-Type: application/json; charset=utf-8
cache-control: no-cache

11:37:14.321 [AsyncHttpClient-1-8] DEBUG org.asynchttpclient.netty.channel.ChannelManager - Adding key: http://localhost:6896 for channel [id: 0x1681981a, L:/127.0.0.1:61476 - R:localhost/127.0.0.1:6896]
11:37:14.322 [Forwarding findElements on session 7f96e7e36b9f10a8b5acad60a25246de to remote] DEBUG org.asynchttpclient.netty.request.NettyRequestSender - Using pooled Channel '[id: 0x1681981a, L:/127.0.0.1:61476 - R:localhost/127.0.0.1:6896]' for 'POST' to 'http://localhost:6896/session/7f96e7e36b9f10a8b5acad60a25246de/elements'
11:37:14.322 [Forwarding findElements on session 7f96e7e36b9f10a8b5acad60a25246de to remote] DEBUG org.asynchttpclient.netty.request.NettyRequestSender - Using open Channel [id: 0x1681981a, L:/127.0.0.1:61476 - R:localhost/127.0.0.1:6896] for POST '/session/7f96e7e36b9f10a8b5acad60a25246de/elements'
11:37:14.329 [AsyncHttpClient-1-8] DEBUG org.asynchttpclient.netty.handler.HttpHandler - 

Request DefaultHttpRequest(decodeResult: success, version: HTTP/1.1)
POST /session/7f96e7e36b9f10a8b5acad60a25246de/elements HTTP/1.1
User-Agent: selenium/4.8.0 (java windows)
Content-Length: 93
Content-Type: application/json; charset=utf-8
host: localhost:6896
accept: */*

Response DefaultHttpResponse(decodeResult: success, version: HTTP/1.1)
HTTP/1.1 200 OK
Content-Length: 705
Content-Type: application/json; charset=utf-8
cache-control: no-cache

11:37:14.329 [AsyncHttpClient-1-8] DEBUG org.asynchttpclient.netty.channel.ChannelManager - Adding key: http://localhost:6896 for channel [id: 0x1681981a, L:/127.0.0.1:61476 - R:localhost/127.0.0.1:6896]
11:37:14.330 [Forwarding getElementText on session 7f96e7e36b9f10a8b5acad60a25246de to remote] DEBUG org.asynchttpclient.netty.request.NettyRequestSender - Using pooled Channel '[id: 0x1681981a, L:/127.0.0.1:61476 - R:localhost/127.0.0.1:6896]' for 'GET' to 'http://localhost:6896/session/7f96e7e36b9f10a8b5acad60a25246de/element/6FF2D42796E1B5636833727143D40385_element_101/text'
11:37:14.330 [Forwarding getElementText on session 7f96e7e36b9f10a8b5acad60a25246de to remote] DEBUG org.asynchttpclient.netty.request.NettyRequestSender - Using open Channel [id: 0x1681981a, L:/127.0.0.1:61476 - R:localhost/127.0.0.1:6896] for GET '/session/7f96e7e36b9f10a8b5acad60a25246de/element/6FF2D42796E1B5636833727143D40385_element_101/text'
11:37:14.338 [AsyncHttpClient-1-8] DEBUG org.asynchttpclient.netty.handler.HttpHandler - 

Request DefaultFullHttpRequest(decodeResult: success, version: HTTP/1.1, content: EmptyByteBufBE)
GET /session/7f96e7e36b9f10a8b5acad60a25246de/element/6FF2D42796E1B5636833727143D40385_element_101/text HTTP/1.1
User-Agent: selenium/4.8.0 (java windows)
Cache-Control: no-cache
Content-Type: application/json; charset=utf-8
host: localhost:6896
accept: */*

Response DefaultHttpResponse(decodeResult: success, version: HTTP/1.1)
HTTP/1.1 200 OK
Content-Length: 171
Content-Type: application/json; charset=utf-8
cache-control: no-cache

11:37:14.338 [AsyncHttpClient-1-8] DEBUG org.asynchttpclient.netty.channel.ChannelManager - Adding key: http://localhost:6896 for channel [id: 0x1681981a, L:/127.0.0.1:61476 - R:localhost/127.0.0.1:6896]
11:37:14.338 [Forwarding findElements on session 7f96e7e36b9f10a8b5acad60a25246de to remote] DEBUG org.asynchttpclient.netty.request.NettyRequestSender - Using pooled Channel '[id: 0x1681981a, L:/127.0.0.1:61476 - R:localhost/127.0.0.1:6896]' for 'POST' to 'http://localhost:6896/session/7f96e7e36b9f10a8b5acad60a25246de/elements'
11:37:14.338 [Forwarding findElements on session 7f96e7e36b9f10a8b5acad60a25246de to remote] DEBUG org.asynchttpclient.netty.request.NettyRequestSender - Using open Channel [id: 0x1681981a, L:/127.0.0.1:61476 - R:localhost/127.0.0.1:6896] for POST '/session/7f96e7e36b9f10a8b5acad60a25246de/elements'
11:37:14.346 [AsyncHttpClient-1-8] DEBUG org.asynchttpclient.netty.handler.HttpHandler - 

Request DefaultHttpRequest(decodeResult: success, version: HTTP/1.1)
POST /session/7f96e7e36b9f10a8b5acad60a25246de/elements HTTP/1.1
User-Agent: selenium/4.8.0 (java windows)
Content-Length: 93
Content-Type: application/json; charset=utf-8
host: localhost:6896
accept: */*

Response DefaultHttpResponse(decodeResult: success, version: HTTP/1.1)
HTTP/1.1 200 OK
Content-Length: 705
Content-Type: application/json; charset=utf-8
cache-control: no-cache

11:37:14.346 [AsyncHttpClient-1-8] DEBUG org.asynchttpclient.netty.channel.ChannelManager - Adding key: http://localhost:6896 for channel [id: 0x1681981a, L:/127.0.0.1:61476 - R:localhost/127.0.0.1:6896]
11:37:14.347 [Forwarding findElements on session 7f96e7e36b9f10a8b5acad60a25246de to remote] DEBUG org.asynchttpclient.netty.request.NettyRequestSender - Using pooled Channel '[id: 0x1681981a, L:/127.0.0.1:61476 - R:localhost/127.0.0.1:6896]' for 'POST' to 'http://localhost:6896/session/7f96e7e36b9f10a8b5acad60a25246de/elements'
11:37:14.347 [Forwarding findElements on session 7f96e7e36b9f10a8b5acad60a25246de to remote] DEBUG org.asynchttpclient.netty.request.NettyRequestSender - Using open Channel [id: 0x1681981a, L:/127.0.0.1:61476 - R:localhost/127.0.0.1:6896] for POST '/session/7f96e7e36b9f10a8b5acad60a25246de/elements'
11:37:14.354 [AsyncHttpClient-1-8] DEBUG org.asynchttpclient.netty.handler.HttpHandler - 

Request DefaultHttpRequest(decodeResult: success, version: HTTP/1.1)
POST /session/7f96e7e36b9f10a8b5acad60a25246de/elements HTTP/1.1
User-Agent: selenium/4.8.0 (java windows)
Content-Length: 93
Content-Type: application/json; charset=utf-8
host: localhost:6896
accept: */*

Response DefaultHttpResponse(decodeResult: success, version: HTTP/1.1)
HTTP/1.1 200 OK
Content-Length: 705
Content-Type: application/json; charset=utf-8
cache-control: no-cache

11:37:14.354 [AsyncHttpClient-1-8] DEBUG org.asynchttpclient.netty.channel.ChannelManager - Adding key: http://localhost:6896 for channel [id: 0x1681981a, L:/127.0.0.1:61476 - R:localhost/127.0.0.1:6896]
11:37:14.355 [Forwarding getElementText on session 7f96e7e36b9f10a8b5acad60a25246de to remote] DEBUG org.asynchttpclient.netty.request.NettyRequestSender - Using pooled Channel '[id: 0x1681981a, L:/127.0.0.1:61476 - R:localhost/127.0.0.1:6896]' for 'GET' to 'http://localhost:6896/session/7f96e7e36b9f10a8b5acad60a25246de/element/6FF2D42796E1B5636833727143D40385_element_98/text'
11:37:14.355 [Forwarding getElementText on session 7f96e7e36b9f10a8b5acad60a25246de to remote] DEBUG org.asynchttpclient.netty.request.NettyRequestSender - Using open Channel [id: 0x1681981a, L:/127.0.0.1:61476 - R:localhost/127.0.0.1:6896] for GET '/session/7f96e7e36b9f10a8b5acad60a25246de/element/6FF2D42796E1B5636833727143D40385_element_98/text'
11:37:14.364 [AsyncHttpClient-1-8] DEBUG org.asynchttpclient.netty.handler.HttpHandler - 

Request DefaultFullHttpRequest(decodeResult: success, version: HTTP/1.1, content: EmptyByteBufBE)
GET /session/7f96e7e36b9f10a8b5acad60a25246de/element/6FF2D42796E1B5636833727143D40385_element_98/text HTTP/1.1
User-Agent: selenium/4.8.0 (java windows)
Cache-Control: no-cache
Content-Type: application/json; charset=utf-8
host: localhost:6896
accept: */*

Response DefaultHttpResponse(decodeResult: success, version: HTTP/1.1)
HTTP/1.1 200 OK
Content-Length: 25
Content-Type: application/json; charset=utf-8
cache-control: no-cache

11:37:14.364 [AsyncHttpClient-1-8] DEBUG org.asynchttpclient.netty.channel.ChannelManager - Adding key: http://localhost:6896 for channel [id: 0x1681981a, L:/127.0.0.1:61476 - R:localhost/127.0.0.1:6896]
11:37:14.365 [Forwarding findElements on session 7f96e7e36b9f10a8b5acad60a25246de to remote] DEBUG org.asynchttpclient.netty.request.NettyRequestSender - Using pooled Channel '[id: 0x1681981a, L:/127.0.0.1:61476 - R:localhost/127.0.0.1:6896]' for 'POST' to 'http://localhost:6896/session/7f96e7e36b9f10a8b5acad60a25246de/elements'
11:37:14.365 [Forwarding findElements on session 7f96e7e36b9f10a8b5acad60a25246de to remote] DEBUG org.asynchttpclient.netty.request.NettyRequestSender - Using open Channel [id: 0x1681981a, L:/127.0.0.1:61476 - R:localhost/127.0.0.1:6896] for POST '/session/7f96e7e36b9f10a8b5acad60a25246de/elements'
11:37:14.372 [AsyncHttpClient-1-8] DEBUG org.asynchttpclient.netty.handler.HttpHandler - 

Request DefaultHttpRequest(decodeResult: success, version: HTTP/1.1)
POST /session/7f96e7e36b9f10a8b5acad60a25246de/elements HTTP/1.1
User-Agent: selenium/4.8.0 (java windows)
Content-Length: 93
Content-Type: application/json; charset=utf-8
host: localhost:6896
accept: */*

Response DefaultHttpResponse(decodeResult: success, version: HTTP/1.1)
HTTP/1.1 200 OK
Content-Length: 705
Content-Type: application/json; charset=utf-8
cache-control: no-cache

11:37:14.372 [AsyncHttpClient-1-8] DEBUG org.asynchttpclient.netty.channel.ChannelManager - Adding key: http://localhost:6896 for channel [id: 0x1681981a, L:/127.0.0.1:61476 - R:localhost/127.0.0.1:6896]
11:37:14.372 [Forwarding findElements on session 7f96e7e36b9f10a8b5acad60a25246de to remote] DEBUG org.asynchttpclient.netty.request.NettyRequestSender - Using pooled Channel '[id: 0x1681981a, L:/127.0.0.1:61476 - R:localhost/127.0.0.1:6896]' for 'POST' to 'http://localhost:6896/session/7f96e7e36b9f10a8b5acad60a25246de/elements'
11:37:14.372 [Forwarding findElements on session 7f96e7e36b9f10a8b5acad60a25246de to remote] DEBUG org.asynchttpclient.netty.request.NettyRequestSender - Using open Channel [id: 0x1681981a, L:/127.0.0.1:61476 - R:localhost/127.0.0.1:6896] for POST '/session/7f96e7e36b9f10a8b5acad60a25246de/elements'
11:37:14.382 [AsyncHttpClient-1-8] DEBUG org.asynchttpclient.netty.handler.HttpHandler - 

Request DefaultHttpRequest(decodeResult: success, version: HTTP/1.1)
POST /session/7f96e7e36b9f10a8b5acad60a25246de/elements HTTP/1.1
User-Agent: selenium/4.8.0 (java windows)
Content-Length: 93
Content-Type: application/json; charset=utf-8
host: localhost:6896
accept: */*

Response DefaultHttpResponse(decodeResult: success, version: HTTP/1.1)
HTTP/1.1 200 OK
Content-Length: 705
Content-Type: application/json; charset=utf-8
cache-control: no-cache

11:37:14.382 [AsyncHttpClient-1-8] DEBUG org.asynchttpclient.netty.channel.ChannelManager - Adding key: http://localhost:6896 for channel [id: 0x1681981a, L:/127.0.0.1:61476 - R:localhost/127.0.0.1:6896]
11:37:14.383 [Forwarding getElementText on session 7f96e7e36b9f10a8b5acad60a25246de to remote] DEBUG org.asynchttpclient.netty.request.NettyRequestSender - Using pooled Channel '[id: 0x1681981a, L:/127.0.0.1:61476 - R:localhost/127.0.0.1:6896]' for 'GET' to 'http://localhost:6896/session/7f96e7e36b9f10a8b5acad60a25246de/element/6FF2D42796E1B5636833727143D40385_element_102/text'
11:37:14.383 [Forwarding getElementText on session 7f96e7e36b9f10a8b5acad60a25246de to remote] DEBUG org.asynchttpclient.netty.request.NettyRequestSender - Using open Channel [id: 0x1681981a, L:/127.0.0.1:61476 - R:localhost/127.0.0.1:6896] for GET '/session/7f96e7e36b9f10a8b5acad60a25246de/element/6FF2D42796E1B5636833727143D40385_element_102/text'
11:37:14.389 [AsyncHttpClient-1-8] DEBUG org.asynchttpclient.netty.handler.HttpHandler - 

Request DefaultFullHttpRequest(decodeResult: success, version: HTTP/1.1, content: EmptyByteBufBE)
GET /session/7f96e7e36b9f10a8b5acad60a25246de/element/6FF2D42796E1B5636833727143D40385_element_102/text HTTP/1.1
User-Agent: selenium/4.8.0 (java windows)
Cache-Control: no-cache
Content-Type: application/json; charset=utf-8
host: localhost:6896
accept: */*

Response DefaultHttpResponse(decodeResult: success, version: HTTP/1.1)
HTTP/1.1 200 OK
Content-Length: 17
Content-Type: application/json; charset=utf-8
cache-control: no-cache

11:37:14.389 [AsyncHttpClient-1-8] DEBUG org.asynchttpclient.netty.channel.ChannelManager - Adding key: http://localhost:6896 for channel [id: 0x1681981a, L:/127.0.0.1:61476 - R:localhost/127.0.0.1:6896]
11:37:14.390 [Forwarding findElements on session 7f96e7e36b9f10a8b5acad60a25246de to remote] DEBUG org.asynchttpclient.netty.request.NettyRequestSender - Using pooled Channel '[id: 0x1681981a, L:/127.0.0.1:61476 - R:localhost/127.0.0.1:6896]' for 'POST' to 'http://localhost:6896/session/7f96e7e36b9f10a8b5acad60a25246de/elements'
11:37:14.390 [Forwarding findElements on session 7f96e7e36b9f10a8b5acad60a25246de to remote] DEBUG org.asynchttpclient.netty.request.NettyRequestSender - Using open Channel [id: 0x1681981a, L:/127.0.0.1:61476 - R:localhost/127.0.0.1:6896] for POST '/session/7f96e7e36b9f10a8b5acad60a25246de/elements'
11:37:14.398 [AsyncHttpClient-1-8] DEBUG org.asynchttpclient.netty.handler.HttpHandler - 

Request DefaultHttpRequest(decodeResult: success, version: HTTP/1.1)
POST /session/7f96e7e36b9f10a8b5acad60a25246de/elements HTTP/1.1
User-Agent: selenium/4.8.0 (java windows)
Content-Length: 93
Content-Type: application/json; charset=utf-8
host: localhost:6896
accept: */*

Response DefaultHttpResponse(decodeResult: success, version: HTTP/1.1)
HTTP/1.1 200 OK
Content-Length: 705
Content-Type: application/json; charset=utf-8
cache-control: no-cache

11:37:14.398 [AsyncHttpClient-1-8] DEBUG org.asynchttpclient.netty.channel.ChannelManager - Adding key: http://localhost:6896 for channel [id: 0x1681981a, L:/127.0.0.1:61476 - R:localhost/127.0.0.1:6896]
11:37:14.398 [Forwarding findElements on session 7f96e7e36b9f10a8b5acad60a25246de to remote] DEBUG org.asynchttpclient.netty.request.NettyRequestSender - Using pooled Channel '[id: 0x1681981a, L:/127.0.0.1:61476 - R:localhost/127.0.0.1:6896]' for 'POST' to 'http://localhost:6896/session/7f96e7e36b9f10a8b5acad60a25246de/elements'
11:37:14.398 [Forwarding findElements on session 7f96e7e36b9f10a8b5acad60a25246de to remote] DEBUG org.asynchttpclient.netty.request.NettyRequestSender - Using open Channel [id: 0x1681981a, L:/127.0.0.1:61476 - R:localhost/127.0.0.1:6896] for POST '/session/7f96e7e36b9f10a8b5acad60a25246de/elements'
11:37:14.405 [AsyncHttpClient-1-8] DEBUG org.asynchttpclient.netty.handler.HttpHandler - 

Request DefaultHttpRequest(decodeResult: success, version: HTTP/1.1)
POST /session/7f96e7e36b9f10a8b5acad60a25246de/elements HTTP/1.1
User-Agent: selenium/4.8.0 (java windows)
Content-Length: 93
Content-Type: application/json; charset=utf-8
host: localhost:6896
accept: */*

Response DefaultHttpResponse(decodeResult: success, version: HTTP/1.1)
HTTP/1.1 200 OK
Content-Length: 705
Content-Type: application/json; charset=utf-8
cache-control: no-cache

11:37:14.405 [AsyncHttpClient-1-8] DEBUG org.asynchttpclient.netty.channel.ChannelManager - Adding key: http://localhost:6896 for channel [id: 0x1681981a, L:/127.0.0.1:61476 - R:localhost/127.0.0.1:6896]
11:37:14.405 [Forwarding getElementText on session 7f96e7e36b9f10a8b5acad60a25246de to remote] DEBUG org.asynchttpclient.netty.request.NettyRequestSender - Using pooled Channel '[id: 0x1681981a, L:/127.0.0.1:61476 - R:localhost/127.0.0.1:6896]' for 'GET' to 'http://localhost:6896/session/7f96e7e36b9f10a8b5acad60a25246de/element/6FF2D42796E1B5636833727143D40385_element_103/text'
11:37:14.405 [Forwarding getElementText on session 7f96e7e36b9f10a8b5acad60a25246de to remote] DEBUG org.asynchttpclient.netty.request.NettyRequestSender - Using open Channel [id: 0x1681981a, L:/127.0.0.1:61476 - R:localhost/127.0.0.1:6896] for GET '/session/7f96e7e36b9f10a8b5acad60a25246de/element/6FF2D42796E1B5636833727143D40385_element_103/text'
11:37:14.412 [AsyncHttpClient-1-8] DEBUG org.asynchttpclient.netty.handler.HttpHandler - 

Request DefaultFullHttpRequest(decodeResult: success, version: HTTP/1.1, content: EmptyByteBufBE)
GET /session/7f96e7e36b9f10a8b5acad60a25246de/element/6FF2D42796E1B5636833727143D40385_element_103/text HTTP/1.1
User-Agent: selenium/4.8.0 (java windows)
Cache-Control: no-cache
Content-Type: application/json; charset=utf-8
host: localhost:6896
accept: */*

Response DefaultHttpResponse(decodeResult: success, version: HTTP/1.1)
HTTP/1.1 200 OK
Content-Length: 33
Content-Type: application/json; charset=utf-8
cache-control: no-cache

11:37:14.412 [AsyncHttpClient-1-8] DEBUG org.asynchttpclient.netty.channel.ChannelManager - Adding key: http://localhost:6896 for channel [id: 0x1681981a, L:/127.0.0.1:61476 - R:localhost/127.0.0.1:6896]
11:37:14.413 [Forwarding findElements on session 7f96e7e36b9f10a8b5acad60a25246de to remote] DEBUG org.asynchttpclient.netty.request.NettyRequestSender - Using pooled Channel '[id: 0x1681981a, L:/127.0.0.1:61476 - R:localhost/127.0.0.1:6896]' for 'POST' to 'http://localhost:6896/session/7f96e7e36b9f10a8b5acad60a25246de/elements'
11:37:14.413 [Forwarding findElements on session 7f96e7e36b9f10a8b5acad60a25246de to remote] DEBUG org.asynchttpclient.netty.request.NettyRequestSender - Using open Channel [id: 0x1681981a, L:/127.0.0.1:61476 - R:localhost/127.0.0.1:6896] for POST '/session/7f96e7e36b9f10a8b5acad60a25246de/elements'
11:37:14.421 [AsyncHttpClient-1-8] DEBUG org.asynchttpclient.netty.handler.HttpHandler - 

Request DefaultHttpRequest(decodeResult: success, version: HTTP/1.1)
POST /session/7f96e7e36b9f10a8b5acad60a25246de/elements HTTP/1.1
User-Agent: selenium/4.8.0 (java windows)
Content-Length: 93
Content-Type: application/json; charset=utf-8
host: localhost:6896
accept: */*

Response DefaultHttpResponse(decodeResult: success, version: HTTP/1.1)
HTTP/1.1 200 OK
Content-Length: 705
Content-Type: application/json; charset=utf-8
cache-control: no-cache

11:37:14.421 [AsyncHttpClient-1-8] DEBUG org.asynchttpclient.netty.channel.ChannelManager - Adding key: http://localhost:6896 for channel [id: 0x1681981a, L:/127.0.0.1:61476 - R:localhost/127.0.0.1:6896]
11:37:14.422 [Forwarding findElements on session 7f96e7e36b9f10a8b5acad60a25246de to remote] DEBUG org.asynchttpclient.netty.request.NettyRequestSender - Using pooled Channel '[id: 0x1681981a, L:/127.0.0.1:61476 - R:localhost/127.0.0.1:6896]' for 'POST' to 'http://localhost:6896/session/7f96e7e36b9f10a8b5acad60a25246de/elements'
11:37:14.422 [Forwarding findElements on session 7f96e7e36b9f10a8b5acad60a25246de to remote] DEBUG org.asynchttpclient.netty.request.NettyRequestSender - Using open Channel [id: 0x1681981a, L:/127.0.0.1:61476 - R:localhost/127.0.0.1:6896] for POST '/session/7f96e7e36b9f10a8b5acad60a25246de/elements'
11:37:14.433 [AsyncHttpClient-1-8] DEBUG org.asynchttpclient.netty.handler.HttpHandler - 

Request DefaultHttpRequest(decodeResult: success, version: HTTP/1.1)
POST /session/7f96e7e36b9f10a8b5acad60a25246de/elements HTTP/1.1
User-Agent: selenium/4.8.0 (java windows)
Content-Length: 93
Content-Type: application/json; charset=utf-8
host: localhost:6896
accept: */*

Response DefaultHttpResponse(decodeResult: success, version: HTTP/1.1)
HTTP/1.1 200 OK
Content-Length: 705
Content-Type: application/json; charset=utf-8
cache-control: no-cache

11:37:14.434 [AsyncHttpClient-1-8] DEBUG org.asynchttpclient.netty.channel.ChannelManager - Adding key: http://localhost:6896 for channel [id: 0x1681981a, L:/127.0.0.1:61476 - R:localhost/127.0.0.1:6896]
11:37:14.435 [Forwarding getElementText on session 7f96e7e36b9f10a8b5acad60a25246de to remote] DEBUG org.asynchttpclient.netty.request.NettyRequestSender - Using pooled Channel '[id: 0x1681981a, L:/127.0.0.1:61476 - R:localhost/127.0.0.1:6896]' for 'GET' to 'http://localhost:6896/session/7f96e7e36b9f10a8b5acad60a25246de/element/6FF2D42796E1B5636833727143D40385_element_104/text'
11:37:14.435 [Forwarding getElementText on session 7f96e7e36b9f10a8b5acad60a25246de to remote] DEBUG org.asynchttpclient.netty.request.NettyRequestSender - Using open Channel [id: 0x1681981a, L:/127.0.0.1:61476 - R:localhost/127.0.0.1:6896] for GET '/session/7f96e7e36b9f10a8b5acad60a25246de/element/6FF2D42796E1B5636833727143D40385_element_104/text'
11:37:14.444 [AsyncHttpClient-1-8] DEBUG org.asynchttpclient.netty.handler.HttpHandler - 

Request DefaultFullHttpRequest(decodeResult: success, version: HTTP/1.1, content: EmptyByteBufBE)
GET /session/7f96e7e36b9f10a8b5acad60a25246de/element/6FF2D42796E1B5636833727143D40385_element_104/text HTTP/1.1
User-Agent: selenium/4.8.0 (java windows)
Cache-Control: no-cache
Content-Type: application/json; charset=utf-8
host: localhost:6896
accept: */*

Response DefaultHttpResponse(decodeResult: success, version: HTTP/1.1)
HTTP/1.1 200 OK
Content-Length: 171
Content-Type: application/json; charset=utf-8
cache-control: no-cache

11:37:14.444 [AsyncHttpClient-1-8] DEBUG org.asynchttpclient.netty.channel.ChannelManager - Adding key: http://localhost:6896 for channel [id: 0x1681981a, L:/127.0.0.1:61476 - R:localhost/127.0.0.1:6896]
11:37:14.445 [Forwarding findElements on session 7f96e7e36b9f10a8b5acad60a25246de to remote] DEBUG org.asynchttpclient.netty.request.NettyRequestSender - Using pooled Channel '[id: 0x1681981a, L:/127.0.0.1:61476 - R:localhost/127.0.0.1:6896]' for 'POST' to 'http://localhost:6896/session/7f96e7e36b9f10a8b5acad60a25246de/elements'
11:37:14.445 [Forwarding findElements on session 7f96e7e36b9f10a8b5acad60a25246de to remote] DEBUG org.asynchttpclient.netty.request.NettyRequestSender - Using open Channel [id: 0x1681981a, L:/127.0.0.1:61476 - R:localhost/127.0.0.1:6896] for POST '/session/7f96e7e36b9f10a8b5acad60a25246de/elements'
11:37:14.452 [AsyncHttpClient-1-8] DEBUG org.asynchttpclient.netty.handler.HttpHandler - 

Request DefaultHttpRequest(decodeResult: success, version: HTTP/1.1)
POST /session/7f96e7e36b9f10a8b5acad60a25246de/elements HTTP/1.1
User-Agent: selenium/4.8.0 (java windows)
Content-Length: 93
Content-Type: application/json; charset=utf-8
host: localhost:6896
accept: */*

Response DefaultHttpResponse(decodeResult: success, version: HTTP/1.1)
HTTP/1.1 200 OK
Content-Length: 705
Content-Type: application/json; charset=utf-8
cache-control: no-cache

11:37:14.452 [AsyncHttpClient-1-8] DEBUG org.asynchttpclient.netty.channel.ChannelManager - Adding key: http://localhost:6896 for channel [id: 0x1681981a, L:/127.0.0.1:61476 - R:localhost/127.0.0.1:6896]
11:37:14.453 [Forwarding findElements on session 7f96e7e36b9f10a8b5acad60a25246de to remote] DEBUG org.asynchttpclient.netty.request.NettyRequestSender - Using pooled Channel '[id: 0x1681981a, L:/127.0.0.1:61476 - R:localhost/127.0.0.1:6896]' for 'POST' to 'http://localhost:6896/session/7f96e7e36b9f10a8b5acad60a25246de/elements'
11:37:14.453 [Forwarding findElements on session 7f96e7e36b9f10a8b5acad60a25246de to remote] DEBUG org.asynchttpclient.netty.request.NettyRequestSender - Using open Channel [id: 0x1681981a, L:/127.0.0.1:61476 - R:localhost/127.0.0.1:6896] for POST '/session/7f96e7e36b9f10a8b5acad60a25246de/elements'
11:37:14.459 [AsyncHttpClient-1-8] DEBUG org.asynchttpclient.netty.handler.HttpHandler - 

Request DefaultHttpRequest(decodeResult: success, version: HTTP/1.1)
POST /session/7f96e7e36b9f10a8b5acad60a25246de/elements HTTP/1.1
User-Agent: selenium/4.8.0 (java windows)
Content-Length: 93
Content-Type: application/json; charset=utf-8
host: localhost:6896
accept: */*

Response DefaultHttpResponse(decodeResult: success, version: HTTP/1.1)
HTTP/1.1 200 OK
Content-Length: 705
Content-Type: application/json; charset=utf-8
cache-control: no-cache

11:37:14.459 [AsyncHttpClient-1-8] DEBUG org.asynchttpclient.netty.channel.ChannelManager - Adding key: http://localhost:6896 for channel [id: 0x1681981a, L:/127.0.0.1:61476 - R:localhost/127.0.0.1:6896]
11:37:14.460 [Forwarding getElementText on session 7f96e7e36b9f10a8b5acad60a25246de to remote] DEBUG org.asynchttpclient.netty.request.NettyRequestSender - Using pooled Channel '[id: 0x1681981a, L:/127.0.0.1:61476 - R:localhost/127.0.0.1:6896]' for 'GET' to 'http://localhost:6896/session/7f96e7e36b9f10a8b5acad60a25246de/element/6FF2D42796E1B5636833727143D40385_element_99/text'
11:37:14.460 [Forwarding getElementText on session 7f96e7e36b9f10a8b5acad60a25246de to remote] DEBUG org.asynchttpclient.netty.request.NettyRequestSender - Using open Channel [id: 0x1681981a, L:/127.0.0.1:61476 - R:localhost/127.0.0.1:6896] for GET '/session/7f96e7e36b9f10a8b5acad60a25246de/element/6FF2D42796E1B5636833727143D40385_element_99/text'
11:37:14.469 [AsyncHttpClient-1-8] DEBUG org.asynchttpclient.netty.handler.HttpHandler - 

Request DefaultFullHttpRequest(decodeResult: success, version: HTTP/1.1, content: EmptyByteBufBE)
GET /session/7f96e7e36b9f10a8b5acad60a25246de/element/6FF2D42796E1B5636833727143D40385_element_99/text HTTP/1.1
User-Agent: selenium/4.8.0 (java windows)
Cache-Control: no-cache
Content-Type: application/json; charset=utf-8
host: localhost:6896
accept: */*

Response DefaultHttpResponse(decodeResult: success, version: HTTP/1.1)
HTTP/1.1 200 OK
Content-Length: 25
Content-Type: application/json; charset=utf-8
cache-control: no-cache

11:37:14.469 [AsyncHttpClient-1-8] DEBUG org.asynchttpclient.netty.channel.ChannelManager - Adding key: http://localhost:6896 for channel [id: 0x1681981a, L:/127.0.0.1:61476 - R:localhost/127.0.0.1:6896]
11:37:14.469 [Forwarding findElements on session 7f96e7e36b9f10a8b5acad60a25246de to remote] DEBUG org.asynchttpclient.netty.request.NettyRequestSender - Using pooled Channel '[id: 0x1681981a, L:/127.0.0.1:61476 - R:localhost/127.0.0.1:6896]' for 'POST' to 'http://localhost:6896/session/7f96e7e36b9f10a8b5acad60a25246de/elements'
11:37:14.469 [Forwarding findElements on session 7f96e7e36b9f10a8b5acad60a25246de to remote] DEBUG org.asynchttpclient.netty.request.NettyRequestSender - Using open Channel [id: 0x1681981a, L:/127.0.0.1:61476 - R:localhost/127.0.0.1:6896] for POST '/session/7f96e7e36b9f10a8b5acad60a25246de/elements'
11:37:14.477 [AsyncHttpClient-1-8] DEBUG org.asynchttpclient.netty.handler.HttpHandler - 

Request DefaultHttpRequest(decodeResult: success, version: HTTP/1.1)
POST /session/7f96e7e36b9f10a8b5acad60a25246de/elements HTTP/1.1
User-Agent: selenium/4.8.0 (java windows)
Content-Length: 93
Content-Type: application/json; charset=utf-8
host: localhost:6896
accept: */*

Response DefaultHttpResponse(decodeResult: success, version: HTTP/1.1)
HTTP/1.1 200 OK
Content-Length: 705
Content-Type: application/json; charset=utf-8
cache-control: no-cache

11:37:14.477 [AsyncHttpClient-1-8] DEBUG org.asynchttpclient.netty.channel.ChannelManager - Adding key: http://localhost:6896 for channel [id: 0x1681981a, L:/127.0.0.1:61476 - R:localhost/127.0.0.1:6896]
11:37:14.478 [Forwarding findElements on session 7f96e7e36b9f10a8b5acad60a25246de to remote] DEBUG org.asynchttpclient.netty.request.NettyRequestSender - Using pooled Channel '[id: 0x1681981a, L:/127.0.0.1:61476 - R:localhost/127.0.0.1:6896]' for 'POST' to 'http://localhost:6896/session/7f96e7e36b9f10a8b5acad60a25246de/elements'
11:37:14.478 [Forwarding findElements on session 7f96e7e36b9f10a8b5acad60a25246de to remote] DEBUG org.asynchttpclient.netty.request.NettyRequestSender - Using open Channel [id: 0x1681981a, L:/127.0.0.1:61476 - R:localhost/127.0.0.1:6896] for POST '/session/7f96e7e36b9f10a8b5acad60a25246de/elements'
11:37:14.483 [AsyncHttpClient-1-8] DEBUG org.asynchttpclient.netty.handler.HttpHandler - 

Request DefaultHttpRequest(decodeResult: success, version: HTTP/1.1)
POST /session/7f96e7e36b9f10a8b5acad60a25246de/elements HTTP/1.1
User-Agent: selenium/4.8.0 (java windows)
Content-Length: 93
Content-Type: application/json; charset=utf-8
host: localhost:6896
accept: */*

Response DefaultHttpResponse(decodeResult: success, version: HTTP/1.1)
HTTP/1.1 200 OK
Content-Length: 705
Content-Type: application/json; charset=utf-8
cache-control: no-cache

11:37:14.483 [AsyncHttpClient-1-8] DEBUG org.asynchttpclient.netty.channel.ChannelManager - Adding key: http://localhost:6896 for channel [id: 0x1681981a, L:/127.0.0.1:61476 - R:localhost/127.0.0.1:6896]
11:37:14.484 [Forwarding getElementText on session 7f96e7e36b9f10a8b5acad60a25246de to remote] DEBUG org.asynchttpclient.netty.request.NettyRequestSender - Using pooled Channel '[id: 0x1681981a, L:/127.0.0.1:61476 - R:localhost/127.0.0.1:6896]' for 'GET' to 'http://localhost:6896/session/7f96e7e36b9f10a8b5acad60a25246de/element/6FF2D42796E1B5636833727143D40385_element_105/text'
11:37:14.484 [Forwarding getElementText on session 7f96e7e36b9f10a8b5acad60a25246de to remote] DEBUG org.asynchttpclient.netty.request.NettyRequestSender - Using open Channel [id: 0x1681981a, L:/127.0.0.1:61476 - R:localhost/127.0.0.1:6896] for GET '/session/7f96e7e36b9f10a8b5acad60a25246de/element/6FF2D42796E1B5636833727143D40385_element_105/text'
11:37:14.492 [AsyncHttpClient-1-8] DEBUG org.asynchttpclient.netty.handler.HttpHandler - 

Request DefaultFullHttpRequest(decodeResult: success, version: HTTP/1.1, content: EmptyByteBufBE)
GET /session/7f96e7e36b9f10a8b5acad60a25246de/element/6FF2D42796E1B5636833727143D40385_element_105/text HTTP/1.1
User-Agent: selenium/4.8.0 (java windows)
Cache-Control: no-cache
Content-Type: application/json; charset=utf-8
host: localhost:6896
accept: */*

Response DefaultHttpResponse(decodeResult: success, version: HTTP/1.1)
HTTP/1.1 200 OK
Content-Length: 17
Content-Type: application/json; charset=utf-8
cache-control: no-cache

11:37:14.492 [AsyncHttpClient-1-8] DEBUG org.asynchttpclient.netty.channel.ChannelManager - Adding key: http://localhost:6896 for channel [id: 0x1681981a, L:/127.0.0.1:61476 - R:localhost/127.0.0.1:6896]
11:37:14.493 [Forwarding findElements on session 7f96e7e36b9f10a8b5acad60a25246de to remote] DEBUG org.asynchttpclient.netty.request.NettyRequestSender - Using pooled Channel '[id: 0x1681981a, L:/127.0.0.1:61476 - R:localhost/127.0.0.1:6896]' for 'POST' to 'http://localhost:6896/session/7f96e7e36b9f10a8b5acad60a25246de/elements'
11:37:14.493 [Forwarding findElements on session 7f96e7e36b9f10a8b5acad60a25246de to remote] DEBUG org.asynchttpclient.netty.request.NettyRequestSender - Using open Channel [id: 0x1681981a, L:/127.0.0.1:61476 - R:localhost/127.0.0.1:6896] for POST '/session/7f96e7e36b9f10a8b5acad60a25246de/elements'
11:37:14.498 [AsyncHttpClient-1-8] DEBUG org.asynchttpclient.netty.handler.HttpHandler - 

Request DefaultHttpRequest(decodeResult: success, version: HTTP/1.1)
POST /session/7f96e7e36b9f10a8b5acad60a25246de/elements HTTP/1.1
User-Agent: selenium/4.8.0 (java windows)
Content-Length: 93
Content-Type: application/json; charset=utf-8
host: localhost:6896
accept: */*

Response DefaultHttpResponse(decodeResult: success, version: HTTP/1.1)
HTTP/1.1 200 OK
Content-Length: 705
Content-Type: application/json; charset=utf-8
cache-control: no-cache

11:37:14.498 [AsyncHttpClient-1-8] DEBUG org.asynchttpclient.netty.channel.ChannelManager - Adding key: http://localhost:6896 for channel [id: 0x1681981a, L:/127.0.0.1:61476 - R:localhost/127.0.0.1:6896]
11:37:14.498 [main] INFO  com.swaglabs.base.SetUp - product details has been stored in excel sheet
11:37:14.506 [main] WARN  org.apache.poi.POIDocument - DocumentSummaryInformation property set came back as null
11:37:14.507 [main] WARN  org.apache.poi.POIDocument - SummaryInformation property set came back as null
11:37:14.524 [Forwarding getAlertText on session 7f96e7e36b9f10a8b5acad60a25246de to remote] DEBUG org.asynchttpclient.netty.request.NettyRequestSender - Using pooled Channel '[id: 0x1681981a, L:/127.0.0.1:61476 - R:localhost/127.0.0.1:6896]' for 'GET' to 'http://localhost:6896/session/7f96e7e36b9f10a8b5acad60a25246de/alert/text'
11:37:14.524 [Forwarding getAlertText on session 7f96e7e36b9f10a8b5acad60a25246de to remote] DEBUG org.asynchttpclient.netty.request.NettyRequestSender - Using open Channel [id: 0x1681981a, L:/127.0.0.1:61476 - R:localhost/127.0.0.1:6896] for GET '/session/7f96e7e36b9f10a8b5acad60a25246de/alert/text'
11:37:14.526 [AsyncHttpClient-1-8] DEBUG org.asynchttpclient.netty.handler.HttpHandler - 

Request DefaultFullHttpRequest(decodeResult: success, version: HTTP/1.1, content: EmptyByteBufBE)
GET /session/7f96e7e36b9f10a8b5acad60a25246de/alert/text HTTP/1.1
User-Agent: selenium/4.8.0 (java windows)
Cache-Control: no-cache
Content-Type: application/json; charset=utf-8
host: localhost:6896
accept: */*

Response DefaultHttpResponse(decodeResult: success, version: HTTP/1.1)
HTTP/1.1 404 Not Found
Content-Length: 1522
Content-Type: application/json; charset=utf-8
cache-control: no-cache

11:37:14.526 [AsyncHttpClient-1-8] DEBUG org.asynchttpclient.netty.channel.ChannelManager - Adding key: http://localhost:6896 for channel [id: 0x1681981a, L:/127.0.0.1:61476 - R:localhost/127.0.0.1:6896]
11:37:14.526 [Forwarding getCurrentUrl on session 7f96e7e36b9f10a8b5acad60a25246de to remote] DEBUG org.asynchttpclient.netty.request.NettyRequestSender - Using pooled Channel '[id: 0x1681981a, L:/127.0.0.1:61476 - R:localhost/127.0.0.1:6896]' for 'GET' to 'http://localhost:6896/session/7f96e7e36b9f10a8b5acad60a25246de/url'
11:37:14.526 [Forwarding getCurrentUrl on session 7f96e7e36b9f10a8b5acad60a25246de to remote] DEBUG org.asynchttpclient.netty.request.NettyRequestSender - Using open Channel [id: 0x1681981a, L:/127.0.0.1:61476 - R:localhost/127.0.0.1:6896] for GET '/session/7f96e7e36b9f10a8b5acad60a25246de/url'
11:37:14.530 [AsyncHttpClient-1-8] DEBUG org.asynchttpclient.netty.handler.HttpHandler - 

Request DefaultFullHttpRequest(decodeResult: success, version: HTTP/1.1, content: EmptyByteBufBE)
GET /session/7f96e7e36b9f10a8b5acad60a25246de/url HTTP/1.1
User-Agent: selenium/4.8.0 (java windows)
Cache-Control: no-cache
Content-Type: application/json; charset=utf-8
host: localhost:6896
accept: */*

Response DefaultHttpResponse(decodeResult: success, version: HTTP/1.1)
HTTP/1.1 200 OK
Content-Length: 47
Content-Type: application/json; charset=utf-8
cache-control: no-cache

11:37:14.530 [AsyncHttpClient-1-8] DEBUG org.asynchttpclient.netty.channel.ChannelManager - Adding key: http://localhost:6896 for channel [id: 0x1681981a, L:/127.0.0.1:61476 - R:localhost/127.0.0.1:6896]
11:37:14.530 [Forwarding screenshot on session 7f96e7e36b9f10a8b5acad60a25246de to remote] DEBUG org.asynchttpclient.netty.request.NettyRequestSender - Using pooled Channel '[id: 0x1681981a, L:/127.0.0.1:61476 - R:localhost/127.0.0.1:6896]' for 'GET' to 'http://localhost:6896/session/7f96e7e36b9f10a8b5acad60a25246de/screenshot'
11:37:14.530 [Forwarding screenshot on session 7f96e7e36b9f10a8b5acad60a25246de to remote] DEBUG org.asynchttpclient.netty.request.NettyRequestSender - Using open Channel [id: 0x1681981a, L:/127.0.0.1:61476 - R:localhost/127.0.0.1:6896] for GET '/session/7f96e7e36b9f10a8b5acad60a25246de/screenshot'
11:37:14.653 [AsyncHttpClient-1-8] DEBUG org.asynchttpclient.netty.handler.HttpHandler - 

Request DefaultFullHttpRequest(decodeResult: success, version: HTTP/1.1, content: EmptyByteBufBE)
GET /session/7f96e7e36b9f10a8b5acad60a25246de/screenshot HTTP/1.1
User-Agent: selenium/4.8.0 (java windows)
Cache-Control: no-cache
Content-Type: application/json; charset=utf-8
host: localhost:6896
accept: */*

Response DefaultHttpResponse(decodeResult: success, version: HTTP/1.1)
HTTP/1.1 200 OK
Content-Length: 107236
Content-Type: application/json; charset=utf-8
cache-control: no-cache

11:37:14.653 [AsyncHttpClient-1-8] DEBUG org.asynchttpclient.netty.channel.ChannelManager - Adding key: http://localhost:6896 for channel [id: 0x1681981a, L:/127.0.0.1:61476 - R:localhost/127.0.0.1:6896]
11:37:14.655 [main] DEBUG net.serenitybdd.core.photography.Darkroom - Send negative for processing for target\site\serenity\432ff83cc9000345ab29ef208974690b6778251ce7f1ae168d17a1c9bb9e7734.png
11:37:14.655 [main] DEBUG net.thucydides.core.steps.StepInterceptor - STEP DONE: test11_StoreProductInExcel
11:37:14.658 [Forwarding getPageSource on session 7f96e7e36b9f10a8b5acad60a25246de to remote] DEBUG org.asynchttpclient.netty.request.NettyRequestSender - Using pooled Channel '[id: 0x1681981a, L:/127.0.0.1:61476 - R:localhost/127.0.0.1:6896]' for 'POST' to 'http://localhost:6896/session/7f96e7e36b9f10a8b5acad60a25246de/execute/sync'
11:37:14.658 [Forwarding getPageSource on session 7f96e7e36b9f10a8b5acad60a25246de to remote] DEBUG org.asynchttpclient.netty.request.NettyRequestSender - Using open Channel [id: 0x1681981a, L:/127.0.0.1:61476 - R:localhost/127.0.0.1:6896] for POST '/session/7f96e7e36b9f10a8b5acad60a25246de/execute/sync'
11:37:14.663 [AsyncHttpClient-1-8] DEBUG org.asynchttpclient.netty.handler.HttpHandler - 

Request DefaultHttpRequest(decodeResult: success, version: HTTP/1.1)
POST /session/7f96e7e36b9f10a8b5acad60a25246de/execute/sync HTTP/1.1
User-Agent: selenium/4.8.0 (java windows)
Content-Length: 176
Content-Type: application/json; charset=utf-8
host: localhost:6896
accept: */*

Response DefaultHttpResponse(decodeResult: success, version: HTTP/1.1)
HTTP/1.1 200 OK
Content-Length: 13422
Content-Type: application/json; charset=utf-8
cache-control: no-cache

11:37:14.663 [AsyncHttpClient-1-8] DEBUG org.asynchttpclient.netty.channel.ChannelManager - Adding key: http://localhost:6896 for channel [id: 0x1681981a, L:/127.0.0.1:61476 - R:localhost/127.0.0.1:6896]
11:37:14.664 [Forwarding getCurrentUrl on session 7f96e7e36b9f10a8b5acad60a25246de to remote] DEBUG org.asynchttpclient.netty.request.NettyRequestSender - Using pooled Channel '[id: 0x1681981a, L:/127.0.0.1:61476 - R:localhost/127.0.0.1:6896]' for 'GET' to 'http://localhost:6896/session/7f96e7e36b9f10a8b5acad60a25246de/url'
11:37:14.664 [Forwarding getCurrentUrl on session 7f96e7e36b9f10a8b5acad60a25246de to remote] DEBUG org.asynchttpclient.netty.request.NettyRequestSender - Using open Channel [id: 0x1681981a, L:/127.0.0.1:61476 - R:localhost/127.0.0.1:6896] for GET '/session/7f96e7e36b9f10a8b5acad60a25246de/url'
11:37:14.668 [AsyncHttpClient-1-8] DEBUG org.asynchttpclient.netty.handler.HttpHandler - 

Request DefaultFullHttpRequest(decodeResult: success, version: HTTP/1.1, content: EmptyByteBufBE)
GET /session/7f96e7e36b9f10a8b5acad60a25246de/url HTTP/1.1
User-Agent: selenium/4.8.0 (java windows)
Cache-Control: no-cache
Content-Type: application/json; charset=utf-8
host: localhost:6896
accept: */*

Response DefaultHttpResponse(decodeResult: success, version: HTTP/1.1)
HTTP/1.1 200 OK
Content-Length: 47
Content-Type: application/json; charset=utf-8
cache-control: no-cache

11:37:14.668 [AsyncHttpClient-1-8] DEBUG org.asynchttpclient.netty.channel.ChannelManager - Adding key: http://localhost:6896 for channel [id: 0x1681981a, L:/127.0.0.1:61476 - R:localhost/127.0.0.1:6896]
11:37:14.678 [main] DEBUG net.thucydides.core.steps.StepInterceptor - STARTING STEP: Tests.testCases - test12_checkoutAndValidateUserInterfaceHeaderAndFooters
11:37:14.683 [Forwarding findElement on session 7f96e7e36b9f10a8b5acad60a25246de to remote] DEBUG org.asynchttpclient.netty.request.NettyRequestSender - Using pooled Channel '[id: 0x1681981a, L:/127.0.0.1:61476 - R:localhost/127.0.0.1:6896]' for 'POST' to 'http://localhost:6896/session/7f96e7e36b9f10a8b5acad60a25246de/element'
11:37:14.683 [Forwarding findElement on session 7f96e7e36b9f10a8b5acad60a25246de to remote] DEBUG org.asynchttpclient.netty.request.NettyRequestSender - Using open Channel [id: 0x1681981a, L:/127.0.0.1:61476 - R:localhost/127.0.0.1:6896] for POST '/session/7f96e7e36b9f10a8b5acad60a25246de/element'
11:37:14.689 [AsyncHttpClient-1-8] DEBUG org.asynchttpclient.netty.handler.HttpHandler - 

Request DefaultHttpRequest(decodeResult: success, version: HTTP/1.1)
POST /session/7f96e7e36b9f10a8b5acad60a25246de/element HTTP/1.1
User-Agent: selenium/4.8.0 (java windows)
Content-Length: 74
Content-Type: application/json; charset=utf-8
host: localhost:6896
accept: */*

Response DefaultHttpResponse(decodeResult: success, version: HTTP/1.1)
HTTP/1.1 200 OK
Content-Length: 96
Content-Type: application/json; charset=utf-8
cache-control: no-cache

11:37:14.689 [AsyncHttpClient-1-8] DEBUG org.asynchttpclient.netty.channel.ChannelManager - Adding key: http://localhost:6896 for channel [id: 0x1681981a, L:/127.0.0.1:61476 - R:localhost/127.0.0.1:6896]
11:37:14.690 [Forwarding isElementDisplayed on session 7f96e7e36b9f10a8b5acad60a25246de to remote] DEBUG org.asynchttpclient.netty.request.NettyRequestSender - Using pooled Channel '[id: 0x1681981a, L:/127.0.0.1:61476 - R:localhost/127.0.0.1:6896]' for 'POST' to 'http://localhost:6896/session/7f96e7e36b9f10a8b5acad60a25246de/execute/sync'
11:37:14.690 [Forwarding isElementDisplayed on session 7f96e7e36b9f10a8b5acad60a25246de to remote] DEBUG org.asynchttpclient.netty.request.NettyRequestSender - Using open Channel [id: 0x1681981a, L:/127.0.0.1:61476 - R:localhost/127.0.0.1:6896] for POST '/session/7f96e7e36b9f10a8b5acad60a25246de/execute/sync'
11:37:14.696 [AsyncHttpClient-1-8] DEBUG org.asynchttpclient.netty.handler.HttpHandler - 

Request DefaultHttpRequest(decodeResult: success, version: HTTP/1.1)
POST /session/7f96e7e36b9f10a8b5acad60a25246de/execute/sync HTTP/1.1
User-Agent: selenium/4.8.0 (java windows)
Content-Length: 48815
Content-Type: application/json; charset=utf-8
host: localhost:6896
accept: */*

Response DefaultHttpResponse(decodeResult: success, version: HTTP/1.1)
HTTP/1.1 200 OK
Content-Length: 14
Content-Type: application/json; charset=utf-8
cache-control: no-cache

11:37:14.696 [AsyncHttpClient-1-8] DEBUG org.asynchttpclient.netty.channel.ChannelManager - Adding key: http://localhost:6896 for channel [id: 0x1681981a, L:/127.0.0.1:61476 - R:localhost/127.0.0.1:6896]
11:37:14.697 [Forwarding getElementTagName on session 7f96e7e36b9f10a8b5acad60a25246de to remote] DEBUG org.asynchttpclient.netty.request.NettyRequestSender - Using pooled Channel '[id: 0x1681981a, L:/127.0.0.1:61476 - R:localhost/127.0.0.1:6896]' for 'GET' to 'http://localhost:6896/session/7f96e7e36b9f10a8b5acad60a25246de/element/6FF2D42796E1B5636833727143D40385_element_106/name'
11:37:14.697 [Forwarding getElementTagName on session 7f96e7e36b9f10a8b5acad60a25246de to remote] DEBUG org.asynchttpclient.netty.request.NettyRequestSender - Using open Channel [id: 0x1681981a, L:/127.0.0.1:61476 - R:localhost/127.0.0.1:6896] for GET '/session/7f96e7e36b9f10a8b5acad60a25246de/element/6FF2D42796E1B5636833727143D40385_element_106/name'
11:37:14.701 [AsyncHttpClient-1-8] DEBUG org.asynchttpclient.netty.handler.HttpHandler - 

Request DefaultFullHttpRequest(decodeResult: success, version: HTTP/1.1, content: EmptyByteBufBE)
GET /session/7f96e7e36b9f10a8b5acad60a25246de/element/6FF2D42796E1B5636833727143D40385_element_106/name HTTP/1.1
User-Agent: selenium/4.8.0 (java windows)
Cache-Control: no-cache
Content-Type: application/json; charset=utf-8
host: localhost:6896
accept: */*

Response DefaultHttpResponse(decodeResult: success, version: HTTP/1.1)
HTTP/1.1 200 OK
Content-Length: 18
Content-Type: application/json; charset=utf-8
cache-control: no-cache

11:37:14.701 [AsyncHttpClient-1-8] DEBUG org.asynchttpclient.netty.channel.ChannelManager - Adding key: http://localhost:6896 for channel [id: 0x1681981a, L:/127.0.0.1:61476 - R:localhost/127.0.0.1:6896]
11:37:14.702 [Forwarding getElementTagName on session 7f96e7e36b9f10a8b5acad60a25246de to remote] DEBUG org.asynchttpclient.netty.request.NettyRequestSender - Using pooled Channel '[id: 0x1681981a, L:/127.0.0.1:61476 - R:localhost/127.0.0.1:6896]' for 'GET' to 'http://localhost:6896/session/7f96e7e36b9f10a8b5acad60a25246de/element/6FF2D42796E1B5636833727143D40385_element_106/name'
11:37:14.702 [Forwarding getElementTagName on session 7f96e7e36b9f10a8b5acad60a25246de to remote] DEBUG org.asynchttpclient.netty.request.NettyRequestSender - Using open Channel [id: 0x1681981a, L:/127.0.0.1:61476 - R:localhost/127.0.0.1:6896] for GET '/session/7f96e7e36b9f10a8b5acad60a25246de/element/6FF2D42796E1B5636833727143D40385_element_106/name'
11:37:14.705 [AsyncHttpClient-1-8] DEBUG org.asynchttpclient.netty.handler.HttpHandler - 

Request DefaultFullHttpRequest(decodeResult: success, version: HTTP/1.1, content: EmptyByteBufBE)
GET /session/7f96e7e36b9f10a8b5acad60a25246de/element/6FF2D42796E1B5636833727143D40385_element_106/name HTTP/1.1
User-Agent: selenium/4.8.0 (java windows)
Cache-Control: no-cache
Content-Type: application/json; charset=utf-8
host: localhost:6896
accept: */*

Response DefaultHttpResponse(decodeResult: success, version: HTTP/1.1)
HTTP/1.1 200 OK
Content-Length: 18
Content-Type: application/json; charset=utf-8
cache-control: no-cache

11:37:14.705 [AsyncHttpClient-1-8] DEBUG org.asynchttpclient.netty.channel.ChannelManager - Adding key: http://localhost:6896 for channel [id: 0x1681981a, L:/127.0.0.1:61476 - R:localhost/127.0.0.1:6896]
11:37:14.706 [Forwarding isElementEnabled on session 7f96e7e36b9f10a8b5acad60a25246de to remote] DEBUG org.asynchttpclient.netty.request.NettyRequestSender - Using pooled Channel '[id: 0x1681981a, L:/127.0.0.1:61476 - R:localhost/127.0.0.1:6896]' for 'GET' to 'http://localhost:6896/session/7f96e7e36b9f10a8b5acad60a25246de/element/6FF2D42796E1B5636833727143D40385_element_106/enabled'
11:37:14.706 [Forwarding isElementEnabled on session 7f96e7e36b9f10a8b5acad60a25246de to remote] DEBUG org.asynchttpclient.netty.request.NettyRequestSender - Using open Channel [id: 0x1681981a, L:/127.0.0.1:61476 - R:localhost/127.0.0.1:6896] for GET '/session/7f96e7e36b9f10a8b5acad60a25246de/element/6FF2D42796E1B5636833727143D40385_element_106/enabled'
11:37:14.713 [AsyncHttpClient-1-8] DEBUG org.asynchttpclient.netty.handler.HttpHandler - 

Request DefaultFullHttpRequest(decodeResult: success, version: HTTP/1.1, content: EmptyByteBufBE)
GET /session/7f96e7e36b9f10a8b5acad60a25246de/element/6FF2D42796E1B5636833727143D40385_element_106/enabled HTTP/1.1
User-Agent: selenium/4.8.0 (java windows)
Cache-Control: no-cache
Content-Type: application/json; charset=utf-8
host: localhost:6896
accept: */*

Response DefaultHttpResponse(decodeResult: success, version: HTTP/1.1)
HTTP/1.1 200 OK
Content-Length: 14
Content-Type: application/json; charset=utf-8
cache-control: no-cache

11:37:14.713 [AsyncHttpClient-1-8] DEBUG org.asynchttpclient.netty.channel.ChannelManager - Adding key: http://localhost:6896 for channel [id: 0x1681981a, L:/127.0.0.1:61476 - R:localhost/127.0.0.1:6896]
11:37:14.713 [Forwarding isElementEnabled on session 7f96e7e36b9f10a8b5acad60a25246de to remote] DEBUG org.asynchttpclient.netty.request.NettyRequestSender - Using pooled Channel '[id: 0x1681981a, L:/127.0.0.1:61476 - R:localhost/127.0.0.1:6896]' for 'GET' to 'http://localhost:6896/session/7f96e7e36b9f10a8b5acad60a25246de/element/6FF2D42796E1B5636833727143D40385_element_106/enabled'
11:37:14.713 [Forwarding isElementEnabled on session 7f96e7e36b9f10a8b5acad60a25246de to remote] DEBUG org.asynchttpclient.netty.request.NettyRequestSender - Using open Channel [id: 0x1681981a, L:/127.0.0.1:61476 - R:localhost/127.0.0.1:6896] for GET '/session/7f96e7e36b9f10a8b5acad60a25246de/element/6FF2D42796E1B5636833727143D40385_element_106/enabled'
11:37:14.719 [AsyncHttpClient-1-8] DEBUG org.asynchttpclient.netty.handler.HttpHandler - 

Request DefaultFullHttpRequest(decodeResult: success, version: HTTP/1.1, content: EmptyByteBufBE)
GET /session/7f96e7e36b9f10a8b5acad60a25246de/element/6FF2D42796E1B5636833727143D40385_element_106/enabled HTTP/1.1
User-Agent: selenium/4.8.0 (java windows)
Cache-Control: no-cache
Content-Type: application/json; charset=utf-8
host: localhost:6896
accept: */*

Response DefaultHttpResponse(decodeResult: success, version: HTTP/1.1)
HTTP/1.1 200 OK
Content-Length: 14
Content-Type: application/json; charset=utf-8
cache-control: no-cache

11:37:14.719 [AsyncHttpClient-1-8] DEBUG org.asynchttpclient.netty.channel.ChannelManager - Adding key: http://localhost:6896 for channel [id: 0x1681981a, L:/127.0.0.1:61476 - R:localhost/127.0.0.1:6896]
11:37:14.720 [Forwarding findElement on session 7f96e7e36b9f10a8b5acad60a25246de to remote] DEBUG org.asynchttpclient.netty.request.NettyRequestSender - Using pooled Channel '[id: 0x1681981a, L:/127.0.0.1:61476 - R:localhost/127.0.0.1:6896]' for 'POST' to 'http://localhost:6896/session/7f96e7e36b9f10a8b5acad60a25246de/element'
11:37:14.720 [Forwarding findElement on session 7f96e7e36b9f10a8b5acad60a25246de to remote] DEBUG org.asynchttpclient.netty.request.NettyRequestSender - Using open Channel [id: 0x1681981a, L:/127.0.0.1:61476 - R:localhost/127.0.0.1:6896] for POST '/session/7f96e7e36b9f10a8b5acad60a25246de/element'
11:37:14.729 [AsyncHttpClient-1-8] DEBUG org.asynchttpclient.netty.handler.HttpHandler - 

Request DefaultHttpRequest(decodeResult: success, version: HTTP/1.1)
POST /session/7f96e7e36b9f10a8b5acad60a25246de/element HTTP/1.1
User-Agent: selenium/4.8.0 (java windows)
Content-Length: 74
Content-Type: application/json; charset=utf-8
host: localhost:6896
accept: */*

Response DefaultHttpResponse(decodeResult: success, version: HTTP/1.1)
HTTP/1.1 200 OK
Content-Length: 96
Content-Type: application/json; charset=utf-8
cache-control: no-cache

11:37:14.730 [AsyncHttpClient-1-8] DEBUG org.asynchttpclient.netty.channel.ChannelManager - Adding key: http://localhost:6896 for channel [id: 0x1681981a, L:/127.0.0.1:61476 - R:localhost/127.0.0.1:6896]
11:37:14.732 [Forwarding isElementDisplayed on session 7f96e7e36b9f10a8b5acad60a25246de to remote] DEBUG org.asynchttpclient.netty.request.NettyRequestSender - Using pooled Channel '[id: 0x1681981a, L:/127.0.0.1:61476 - R:localhost/127.0.0.1:6896]' for 'POST' to 'http://localhost:6896/session/7f96e7e36b9f10a8b5acad60a25246de/execute/sync'
11:37:14.732 [Forwarding isElementDisplayed on session 7f96e7e36b9f10a8b5acad60a25246de to remote] DEBUG org.asynchttpclient.netty.request.NettyRequestSender - Using open Channel [id: 0x1681981a, L:/127.0.0.1:61476 - R:localhost/127.0.0.1:6896] for POST '/session/7f96e7e36b9f10a8b5acad60a25246de/execute/sync'
11:37:14.745 [AsyncHttpClient-1-8] DEBUG org.asynchttpclient.netty.handler.HttpHandler - 

Request DefaultHttpRequest(decodeResult: success, version: HTTP/1.1)
POST /session/7f96e7e36b9f10a8b5acad60a25246de/execute/sync HTTP/1.1
User-Agent: selenium/4.8.0 (java windows)
Content-Length: 48815
Content-Type: application/json; charset=utf-8
host: localhost:6896
accept: */*

Response DefaultHttpResponse(decodeResult: success, version: HTTP/1.1)
HTTP/1.1 200 OK
Content-Length: 14
Content-Type: application/json; charset=utf-8
cache-control: no-cache

11:37:14.745 [AsyncHttpClient-1-8] DEBUG org.asynchttpclient.netty.channel.ChannelManager - Adding key: http://localhost:6896 for channel [id: 0x1681981a, L:/127.0.0.1:61476 - R:localhost/127.0.0.1:6896]
11:37:14.745 [Forwarding clickElement on session 7f96e7e36b9f10a8b5acad60a25246de to remote] DEBUG org.asynchttpclient.netty.request.NettyRequestSender - Using pooled Channel '[id: 0x1681981a, L:/127.0.0.1:61476 - R:localhost/127.0.0.1:6896]' for 'POST' to 'http://localhost:6896/session/7f96e7e36b9f10a8b5acad60a25246de/element/6FF2D42796E1B5636833727143D40385_element_106/click'
11:37:14.745 [Forwarding clickElement on session 7f96e7e36b9f10a8b5acad60a25246de to remote] DEBUG org.asynchttpclient.netty.request.NettyRequestSender - Using open Channel [id: 0x1681981a, L:/127.0.0.1:61476 - R:localhost/127.0.0.1:6896] for POST '/session/7f96e7e36b9f10a8b5acad60a25246de/element/6FF2D42796E1B5636833727143D40385_element_106/click'
11:37:14.746 [AsyncHttpClient-1-1] DEBUG org.asynchttpclient.netty.channel.DefaultChannelPool - Entry count for : http://localhost:61482 : 1
11:37:14.789 [AsyncHttpClient-1-8] DEBUG org.asynchttpclient.netty.handler.HttpHandler - 

Request DefaultHttpRequest(decodeResult: success, version: HTTP/1.1)
POST /session/7f96e7e36b9f10a8b5acad60a25246de/element/6FF2D42796E1B5636833727143D40385_element_106/click HTTP/1.1
User-Agent: selenium/4.8.0 (java windows)
Content-Length: 58
Content-Type: application/json; charset=utf-8
host: localhost:6896
accept: */*

Response DefaultHttpResponse(decodeResult: success, version: HTTP/1.1)
HTTP/1.1 200 OK
Content-Length: 14
Content-Type: application/json; charset=utf-8
cache-control: no-cache

11:37:14.789 [AsyncHttpClient-1-8] DEBUG org.asynchttpclient.netty.channel.ChannelManager - Adding key: http://localhost:6896 for channel [id: 0x1681981a, L:/127.0.0.1:61476 - R:localhost/127.0.0.1:6896]
11:37:14.798 [Forwarding findElement on session 7f96e7e36b9f10a8b5acad60a25246de to remote] DEBUG org.asynchttpclient.netty.request.NettyRequestSender - Using pooled Channel '[id: 0x1681981a, L:/127.0.0.1:61476 - R:localhost/127.0.0.1:6896]' for 'POST' to 'http://localhost:6896/session/7f96e7e36b9f10a8b5acad60a25246de/element'
11:37:14.798 [Forwarding findElement on session 7f96e7e36b9f10a8b5acad60a25246de to remote] DEBUG org.asynchttpclient.netty.request.NettyRequestSender - Using open Channel [id: 0x1681981a, L:/127.0.0.1:61476 - R:localhost/127.0.0.1:6896] for POST '/session/7f96e7e36b9f10a8b5acad60a25246de/element'
11:37:14.813 [AsyncHttpClient-1-8] DEBUG org.asynchttpclient.netty.handler.HttpHandler - 

Request DefaultHttpRequest(decodeResult: success, version: HTTP/1.1)
POST /session/7f96e7e36b9f10a8b5acad60a25246de/element HTTP/1.1
User-Agent: selenium/4.8.0 (java windows)
Content-Length: 71
Content-Type: application/json; charset=utf-8
host: localhost:6896
accept: */*

Response DefaultHttpResponse(decodeResult: success, version: HTTP/1.1)
HTTP/1.1 200 OK
Content-Length: 96
Content-Type: application/json; charset=utf-8
cache-control: no-cache

11:37:14.813 [AsyncHttpClient-1-8] DEBUG org.asynchttpclient.netty.channel.ChannelManager - Adding key: http://localhost:6896 for channel [id: 0x1681981a, L:/127.0.0.1:61476 - R:localhost/127.0.0.1:6896]
11:37:14.815 [Forwarding isElementDisplayed on session 7f96e7e36b9f10a8b5acad60a25246de to remote] DEBUG org.asynchttpclient.netty.request.NettyRequestSender - Using pooled Channel '[id: 0x1681981a, L:/127.0.0.1:61476 - R:localhost/127.0.0.1:6896]' for 'POST' to 'http://localhost:6896/session/7f96e7e36b9f10a8b5acad60a25246de/execute/sync'
11:37:14.815 [Forwarding isElementDisplayed on session 7f96e7e36b9f10a8b5acad60a25246de to remote] DEBUG org.asynchttpclient.netty.request.NettyRequestSender - Using open Channel [id: 0x1681981a, L:/127.0.0.1:61476 - R:localhost/127.0.0.1:6896] for POST '/session/7f96e7e36b9f10a8b5acad60a25246de/execute/sync'
11:37:14.821 [AsyncHttpClient-1-8] DEBUG org.asynchttpclient.netty.handler.HttpHandler - 

Request DefaultHttpRequest(decodeResult: success, version: HTTP/1.1)
POST /session/7f96e7e36b9f10a8b5acad60a25246de/execute/sync HTTP/1.1
User-Agent: selenium/4.8.0 (java windows)
Content-Length: 48815
Content-Type: application/json; charset=utf-8
host: localhost:6896
accept: */*

Response DefaultHttpResponse(decodeResult: success, version: HTTP/1.1)
HTTP/1.1 200 OK
Content-Length: 14
Content-Type: application/json; charset=utf-8
cache-control: no-cache

11:37:14.821 [AsyncHttpClient-1-8] DEBUG org.asynchttpclient.netty.channel.ChannelManager - Adding key: http://localhost:6896 for channel [id: 0x1681981a, L:/127.0.0.1:61476 - R:localhost/127.0.0.1:6896]
11:37:14.821 [Forwarding getElementText on session 7f96e7e36b9f10a8b5acad60a25246de to remote] DEBUG org.asynchttpclient.netty.request.NettyRequestSender - Using pooled Channel '[id: 0x1681981a, L:/127.0.0.1:61476 - R:localhost/127.0.0.1:6896]' for 'GET' to 'http://localhost:6896/session/7f96e7e36b9f10a8b5acad60a25246de/element/6FF2D42796E1B5636833727143D40385_element_107/text'
11:37:14.821 [Forwarding getElementText on session 7f96e7e36b9f10a8b5acad60a25246de to remote] DEBUG org.asynchttpclient.netty.request.NettyRequestSender - Using open Channel [id: 0x1681981a, L:/127.0.0.1:61476 - R:localhost/127.0.0.1:6896] for GET '/session/7f96e7e36b9f10a8b5acad60a25246de/element/6FF2D42796E1B5636833727143D40385_element_107/text'
11:37:14.829 [AsyncHttpClient-1-8] DEBUG org.asynchttpclient.netty.handler.HttpHandler - 

Request DefaultFullHttpRequest(decodeResult: success, version: HTTP/1.1, content: EmptyByteBufBE)
GET /session/7f96e7e36b9f10a8b5acad60a25246de/element/6FF2D42796E1B5636833727143D40385_element_107/text HTTP/1.1
User-Agent: selenium/4.8.0 (java windows)
Cache-Control: no-cache
Content-Type: application/json; charset=utf-8
host: localhost:6896
accept: */*

Response DefaultHttpResponse(decodeResult: success, version: HTTP/1.1)
HTTP/1.1 200 OK
Content-Length: 21
Content-Type: application/json; charset=utf-8
cache-control: no-cache

11:37:14.829 [AsyncHttpClient-1-8] DEBUG org.asynchttpclient.netty.channel.ChannelManager - Adding key: http://localhost:6896 for channel [id: 0x1681981a, L:/127.0.0.1:61476 - R:localhost/127.0.0.1:6896]
11:37:14.829 [main] INFO  com.swaglabs.base.SetUp - header validation passed
11:37:14.833 [Forwarding getAlertText on session 7f96e7e36b9f10a8b5acad60a25246de to remote] DEBUG org.asynchttpclient.netty.request.NettyRequestSender - Using pooled Channel '[id: 0x1681981a, L:/127.0.0.1:61476 - R:localhost/127.0.0.1:6896]' for 'GET' to 'http://localhost:6896/session/7f96e7e36b9f10a8b5acad60a25246de/alert/text'
11:37:14.833 [Forwarding getAlertText on session 7f96e7e36b9f10a8b5acad60a25246de to remote] DEBUG org.asynchttpclient.netty.request.NettyRequestSender - Using open Channel [id: 0x1681981a, L:/127.0.0.1:61476 - R:localhost/127.0.0.1:6896] for GET '/session/7f96e7e36b9f10a8b5acad60a25246de/alert/text'
11:37:14.835 [AsyncHttpClient-1-8] DEBUG org.asynchttpclient.netty.handler.HttpHandler - 

Request DefaultFullHttpRequest(decodeResult: success, version: HTTP/1.1, content: EmptyByteBufBE)
GET /session/7f96e7e36b9f10a8b5acad60a25246de/alert/text HTTP/1.1
User-Agent: selenium/4.8.0 (java windows)
Cache-Control: no-cache
Content-Type: application/json; charset=utf-8
host: localhost:6896
accept: */*

Response DefaultHttpResponse(decodeResult: success, version: HTTP/1.1)
HTTP/1.1 404 Not Found
Content-Length: 1522
Content-Type: application/json; charset=utf-8
cache-control: no-cache

11:37:14.835 [AsyncHttpClient-1-8] DEBUG org.asynchttpclient.netty.channel.ChannelManager - Adding key: http://localhost:6896 for channel [id: 0x1681981a, L:/127.0.0.1:61476 - R:localhost/127.0.0.1:6896]
11:37:14.835 [Forwarding getCurrentUrl on session 7f96e7e36b9f10a8b5acad60a25246de to remote] DEBUG org.asynchttpclient.netty.request.NettyRequestSender - Using pooled Channel '[id: 0x1681981a, L:/127.0.0.1:61476 - R:localhost/127.0.0.1:6896]' for 'GET' to 'http://localhost:6896/session/7f96e7e36b9f10a8b5acad60a25246de/url'
11:37:14.835 [Forwarding getCurrentUrl on session 7f96e7e36b9f10a8b5acad60a25246de to remote] DEBUG org.asynchttpclient.netty.request.NettyRequestSender - Using open Channel [id: 0x1681981a, L:/127.0.0.1:61476 - R:localhost/127.0.0.1:6896] for GET '/session/7f96e7e36b9f10a8b5acad60a25246de/url'
11:37:14.839 [AsyncHttpClient-1-8] DEBUG org.asynchttpclient.netty.handler.HttpHandler - 

Request DefaultFullHttpRequest(decodeResult: success, version: HTTP/1.1, content: EmptyByteBufBE)
GET /session/7f96e7e36b9f10a8b5acad60a25246de/url HTTP/1.1
User-Agent: selenium/4.8.0 (java windows)
Cache-Control: no-cache
Content-Type: application/json; charset=utf-8
host: localhost:6896
accept: */*

Response DefaultHttpResponse(decodeResult: success, version: HTTP/1.1)
HTTP/1.1 200 OK
Content-Length: 60
Content-Type: application/json; charset=utf-8
cache-control: no-cache

11:37:14.839 [AsyncHttpClient-1-8] DEBUG org.asynchttpclient.netty.channel.ChannelManager - Adding key: http://localhost:6896 for channel [id: 0x1681981a, L:/127.0.0.1:61476 - R:localhost/127.0.0.1:6896]
11:37:14.839 [Forwarding screenshot on session 7f96e7e36b9f10a8b5acad60a25246de to remote] DEBUG org.asynchttpclient.netty.request.NettyRequestSender - Using pooled Channel '[id: 0x1681981a, L:/127.0.0.1:61476 - R:localhost/127.0.0.1:6896]' for 'GET' to 'http://localhost:6896/session/7f96e7e36b9f10a8b5acad60a25246de/screenshot'
11:37:14.839 [Forwarding screenshot on session 7f96e7e36b9f10a8b5acad60a25246de to remote] DEBUG org.asynchttpclient.netty.request.NettyRequestSender - Using open Channel [id: 0x1681981a, L:/127.0.0.1:61476 - R:localhost/127.0.0.1:6896] for GET '/session/7f96e7e36b9f10a8b5acad60a25246de/screenshot'
11:37:14.968 [AsyncHttpClient-1-8] DEBUG org.asynchttpclient.netty.handler.HttpHandler - 

Request DefaultFullHttpRequest(decodeResult: success, version: HTTP/1.1, content: EmptyByteBufBE)
GET /session/7f96e7e36b9f10a8b5acad60a25246de/screenshot HTTP/1.1
User-Agent: selenium/4.8.0 (java windows)
Cache-Control: no-cache
Content-Type: application/json; charset=utf-8
host: localhost:6896
accept: */*

Response DefaultHttpResponse(decodeResult: success, version: HTTP/1.1)
HTTP/1.1 200 OK
Content-Length: 38672
Content-Type: application/json; charset=utf-8
cache-control: no-cache

11:37:14.968 [AsyncHttpClient-1-8] DEBUG org.asynchttpclient.netty.channel.ChannelManager - Adding key: http://localhost:6896 for channel [id: 0x1681981a, L:/127.0.0.1:61476 - R:localhost/127.0.0.1:6896]
11:37:14.968 [main] DEBUG net.serenitybdd.core.photography.Darkroom - Send negative for processing for target\site\serenity\7e7bd543fff91fc6bfad3b285cfc2ec3862cdc9c9bc7b5538fa59f4d5ada86f1.png
11:37:14.969 [Forwarding getPageSource on session 7f96e7e36b9f10a8b5acad60a25246de to remote] DEBUG org.asynchttpclient.netty.request.NettyRequestSender - Using pooled Channel '[id: 0x1681981a, L:/127.0.0.1:61476 - R:localhost/127.0.0.1:6896]' for 'POST' to 'http://localhost:6896/session/7f96e7e36b9f10a8b5acad60a25246de/execute/sync'
11:37:14.969 [Forwarding getPageSource on session 7f96e7e36b9f10a8b5acad60a25246de to remote] DEBUG org.asynchttpclient.netty.request.NettyRequestSender - Using open Channel [id: 0x1681981a, L:/127.0.0.1:61476 - R:localhost/127.0.0.1:6896] for POST '/session/7f96e7e36b9f10a8b5acad60a25246de/execute/sync'
11:37:14.980 [AsyncHttpClient-1-8] DEBUG org.asynchttpclient.netty.handler.HttpHandler - 

Request DefaultHttpRequest(decodeResult: success, version: HTTP/1.1)
POST /session/7f96e7e36b9f10a8b5acad60a25246de/execute/sync HTTP/1.1
User-Agent: selenium/4.8.0 (java windows)
Content-Length: 176
Content-Type: application/json; charset=utf-8
host: localhost:6896
accept: */*

Response DefaultHttpResponse(decodeResult: success, version: HTTP/1.1)
HTTP/1.1 200 OK
Content-Length: 12652
Content-Type: application/json; charset=utf-8
cache-control: no-cache

11:37:14.980 [AsyncHttpClient-1-8] DEBUG org.asynchttpclient.netty.channel.ChannelManager - Adding key: http://localhost:6896 for channel [id: 0x1681981a, L:/127.0.0.1:61476 - R:localhost/127.0.0.1:6896]
11:37:14.982 [Forwarding getCurrentUrl on session 7f96e7e36b9f10a8b5acad60a25246de to remote] DEBUG org.asynchttpclient.netty.request.NettyRequestSender - Using pooled Channel '[id: 0x1681981a, L:/127.0.0.1:61476 - R:localhost/127.0.0.1:6896]' for 'GET' to 'http://localhost:6896/session/7f96e7e36b9f10a8b5acad60a25246de/url'
11:37:14.982 [Forwarding getCurrentUrl on session 7f96e7e36b9f10a8b5acad60a25246de to remote] DEBUG org.asynchttpclient.netty.request.NettyRequestSender - Using open Channel [id: 0x1681981a, L:/127.0.0.1:61476 - R:localhost/127.0.0.1:6896] for GET '/session/7f96e7e36b9f10a8b5acad60a25246de/url'
11:37:14.986 [AsyncHttpClient-1-8] DEBUG org.asynchttpclient.netty.handler.HttpHandler - 

Request DefaultFullHttpRequest(decodeResult: success, version: HTTP/1.1, content: EmptyByteBufBE)
GET /session/7f96e7e36b9f10a8b5acad60a25246de/url HTTP/1.1
User-Agent: selenium/4.8.0 (java windows)
Cache-Control: no-cache
Content-Type: application/json; charset=utf-8
host: localhost:6896
accept: */*

Response DefaultHttpResponse(decodeResult: success, version: HTTP/1.1)
HTTP/1.1 200 OK
Content-Length: 60
Content-Type: application/json; charset=utf-8
cache-control: no-cache

11:37:14.986 [AsyncHttpClient-1-8] DEBUG org.asynchttpclient.netty.channel.ChannelManager - Adding key: http://localhost:6896 for channel [id: 0x1681981a, L:/127.0.0.1:61476 - R:localhost/127.0.0.1:6896]
11:37:15.008 [Forwarding findElement on session 7f96e7e36b9f10a8b5acad60a25246de to remote] DEBUG org.asynchttpclient.netty.request.NettyRequestSender - Using pooled Channel '[id: 0x1681981a, L:/127.0.0.1:61476 - R:localhost/127.0.0.1:6896]' for 'POST' to 'http://localhost:6896/session/7f96e7e36b9f10a8b5acad60a25246de/element'
11:37:15.008 [Forwarding findElement on session 7f96e7e36b9f10a8b5acad60a25246de to remote] DEBUG org.asynchttpclient.netty.request.NettyRequestSender - Using open Channel [id: 0x1681981a, L:/127.0.0.1:61476 - R:localhost/127.0.0.1:6896] for POST '/session/7f96e7e36b9f10a8b5acad60a25246de/element'
11:37:15.019 [AsyncHttpClient-1-8] DEBUG org.asynchttpclient.netty.handler.HttpHandler - 

Request DefaultHttpRequest(decodeResult: success, version: HTTP/1.1)
POST /session/7f96e7e36b9f10a8b5acad60a25246de/element HTTP/1.1
User-Agent: selenium/4.8.0 (java windows)
Content-Length: 105
Content-Type: application/json; charset=utf-8
host: localhost:6896
accept: */*

Response DefaultHttpResponse(decodeResult: success, version: HTTP/1.1)
HTTP/1.1 200 OK
Content-Length: 96
Content-Type: application/json; charset=utf-8
cache-control: no-cache

11:37:15.019 [AsyncHttpClient-1-8] DEBUG org.asynchttpclient.netty.channel.ChannelManager - Adding key: http://localhost:6896 for channel [id: 0x1681981a, L:/127.0.0.1:61476 - R:localhost/127.0.0.1:6896]
11:37:15.022 [Forwarding isElementDisplayed on session 7f96e7e36b9f10a8b5acad60a25246de to remote] DEBUG org.asynchttpclient.netty.request.NettyRequestSender - Using pooled Channel '[id: 0x1681981a, L:/127.0.0.1:61476 - R:localhost/127.0.0.1:6896]' for 'POST' to 'http://localhost:6896/session/7f96e7e36b9f10a8b5acad60a25246de/execute/sync'
11:37:15.022 [Forwarding isElementDisplayed on session 7f96e7e36b9f10a8b5acad60a25246de to remote] DEBUG org.asynchttpclient.netty.request.NettyRequestSender - Using open Channel [id: 0x1681981a, L:/127.0.0.1:61476 - R:localhost/127.0.0.1:6896] for POST '/session/7f96e7e36b9f10a8b5acad60a25246de/execute/sync'
11:37:15.037 [AsyncHttpClient-1-8] DEBUG org.asynchttpclient.netty.handler.HttpHandler - 

Request DefaultHttpRequest(decodeResult: success, version: HTTP/1.1)
POST /session/7f96e7e36b9f10a8b5acad60a25246de/execute/sync HTTP/1.1
User-Agent: selenium/4.8.0 (java windows)
Content-Length: 48815
Content-Type: application/json; charset=utf-8
host: localhost:6896
accept: */*

Response DefaultHttpResponse(decodeResult: success, version: HTTP/1.1)
HTTP/1.1 200 OK
Content-Length: 14
Content-Type: application/json; charset=utf-8
cache-control: no-cache

11:37:15.037 [AsyncHttpClient-1-8] DEBUG org.asynchttpclient.netty.channel.ChannelManager - Adding key: http://localhost:6896 for channel [id: 0x1681981a, L:/127.0.0.1:61476 - R:localhost/127.0.0.1:6896]
11:37:15.037 [Forwarding getElementText on session 7f96e7e36b9f10a8b5acad60a25246de to remote] DEBUG org.asynchttpclient.netty.request.NettyRequestSender - Using pooled Channel '[id: 0x1681981a, L:/127.0.0.1:61476 - R:localhost/127.0.0.1:6896]' for 'GET' to 'http://localhost:6896/session/7f96e7e36b9f10a8b5acad60a25246de/element/6FF2D42796E1B5636833727143D40385_element_110/text'
11:37:15.037 [Forwarding getElementText on session 7f96e7e36b9f10a8b5acad60a25246de to remote] DEBUG org.asynchttpclient.netty.request.NettyRequestSender - Using open Channel [id: 0x1681981a, L:/127.0.0.1:61476 - R:localhost/127.0.0.1:6896] for GET '/session/7f96e7e36b9f10a8b5acad60a25246de/element/6FF2D42796E1B5636833727143D40385_element_110/text'
11:37:15.043 [AsyncHttpClient-1-8] DEBUG org.asynchttpclient.netty.handler.HttpHandler - 

Request DefaultFullHttpRequest(decodeResult: success, version: HTTP/1.1, content: EmptyByteBufBE)
GET /session/7f96e7e36b9f10a8b5acad60a25246de/element/6FF2D42796E1B5636833727143D40385_element_110/text HTTP/1.1
User-Agent: selenium/4.8.0 (java windows)
Cache-Control: no-cache
Content-Type: application/json; charset=utf-8
host: localhost:6896
accept: */*

Response DefaultHttpResponse(decodeResult: success, version: HTTP/1.1)
HTTP/1.1 200 OK
Content-Length: 38
Content-Type: application/json; charset=utf-8
cache-control: no-cache

11:37:15.043 [AsyncHttpClient-1-8] DEBUG org.asynchttpclient.netty.channel.ChannelManager - Adding key: http://localhost:6896 for channel [id: 0x1681981a, L:/127.0.0.1:61476 - R:localhost/127.0.0.1:6896]
secondary header vallidation passed
11:37:15.045 [Forwarding findElement on session 7f96e7e36b9f10a8b5acad60a25246de to remote] DEBUG org.asynchttpclient.netty.request.NettyRequestSender - Using pooled Channel '[id: 0x1681981a, L:/127.0.0.1:61476 - R:localhost/127.0.0.1:6896]' for 'POST' to 'http://localhost:6896/session/7f96e7e36b9f10a8b5acad60a25246de/element'
11:37:15.045 [Forwarding findElement on session 7f96e7e36b9f10a8b5acad60a25246de to remote] DEBUG org.asynchttpclient.netty.request.NettyRequestSender - Using open Channel [id: 0x1681981a, L:/127.0.0.1:61476 - R:localhost/127.0.0.1:6896] for POST '/session/7f96e7e36b9f10a8b5acad60a25246de/element'
11:37:15.053 [AsyncHttpClient-1-8] DEBUG org.asynchttpclient.netty.handler.HttpHandler - 

Request DefaultHttpRequest(decodeResult: success, version: HTTP/1.1)
POST /session/7f96e7e36b9f10a8b5acad60a25246de/element HTTP/1.1
User-Agent: selenium/4.8.0 (java windows)
Content-Length: 86
Content-Type: application/json; charset=utf-8
host: localhost:6896
accept: */*

Response DefaultHttpResponse(decodeResult: success, version: HTTP/1.1)
HTTP/1.1 200 OK
Content-Length: 96
Content-Type: application/json; charset=utf-8
cache-control: no-cache

11:37:15.053 [AsyncHttpClient-1-8] DEBUG org.asynchttpclient.netty.channel.ChannelManager - Adding key: http://localhost:6896 for channel [id: 0x1681981a, L:/127.0.0.1:61476 - R:localhost/127.0.0.1:6896]
11:37:15.054 [Forwarding isElementDisplayed on session 7f96e7e36b9f10a8b5acad60a25246de to remote] DEBUG org.asynchttpclient.netty.request.NettyRequestSender - Using pooled Channel '[id: 0x1681981a, L:/127.0.0.1:61476 - R:localhost/127.0.0.1:6896]' for 'POST' to 'http://localhost:6896/session/7f96e7e36b9f10a8b5acad60a25246de/execute/sync'
11:37:15.054 [Forwarding isElementDisplayed on session 7f96e7e36b9f10a8b5acad60a25246de to remote] DEBUG org.asynchttpclient.netty.request.NettyRequestSender - Using open Channel [id: 0x1681981a, L:/127.0.0.1:61476 - R:localhost/127.0.0.1:6896] for POST '/session/7f96e7e36b9f10a8b5acad60a25246de/execute/sync'
11:37:15.059 [AsyncHttpClient-1-8] DEBUG org.asynchttpclient.netty.handler.HttpHandler - 

Request DefaultHttpRequest(decodeResult: success, version: HTTP/1.1)
POST /session/7f96e7e36b9f10a8b5acad60a25246de/execute/sync HTTP/1.1
User-Agent: selenium/4.8.0 (java windows)
Content-Length: 48815
Content-Type: application/json; charset=utf-8
host: localhost:6896
accept: */*

Response DefaultHttpResponse(decodeResult: success, version: HTTP/1.1)
HTTP/1.1 200 OK
Content-Length: 14
Content-Type: application/json; charset=utf-8
cache-control: no-cache

11:37:15.059 [AsyncHttpClient-1-8] DEBUG org.asynchttpclient.netty.channel.ChannelManager - Adding key: http://localhost:6896 for channel [id: 0x1681981a, L:/127.0.0.1:61476 - R:localhost/127.0.0.1:6896]
11:37:15.061 [Forwarding isElementDisplayed on session 7f96e7e36b9f10a8b5acad60a25246de to remote] DEBUG org.asynchttpclient.netty.request.NettyRequestSender - Using pooled Channel '[id: 0x1681981a, L:/127.0.0.1:61476 - R:localhost/127.0.0.1:6896]' for 'POST' to 'http://localhost:6896/session/7f96e7e36b9f10a8b5acad60a25246de/execute/sync'
11:37:15.061 [Forwarding isElementDisplayed on session 7f96e7e36b9f10a8b5acad60a25246de to remote] DEBUG org.asynchttpclient.netty.request.NettyRequestSender - Using open Channel [id: 0x1681981a, L:/127.0.0.1:61476 - R:localhost/127.0.0.1:6896] for POST '/session/7f96e7e36b9f10a8b5acad60a25246de/execute/sync'
11:37:15.067 [AsyncHttpClient-1-8] DEBUG org.asynchttpclient.netty.handler.HttpHandler - 

Request DefaultHttpRequest(decodeResult: success, version: HTTP/1.1)
POST /session/7f96e7e36b9f10a8b5acad60a25246de/execute/sync HTTP/1.1
User-Agent: selenium/4.8.0 (java windows)
Content-Length: 48815
Content-Type: application/json; charset=utf-8
host: localhost:6896
accept: */*

Response DefaultHttpResponse(decodeResult: success, version: HTTP/1.1)
HTTP/1.1 200 OK
Content-Length: 14
Content-Type: application/json; charset=utf-8
cache-control: no-cache

11:37:15.067 [AsyncHttpClient-1-8] DEBUG org.asynchttpclient.netty.channel.ChannelManager - Adding key: http://localhost:6896 for channel [id: 0x1681981a, L:/127.0.0.1:61476 - R:localhost/127.0.0.1:6896]
11:37:15.067 [main] INFO  com.swaglabs.base.SetUp - shopping cart validation passed
11:37:15.069 [Forwarding findElement on session 7f96e7e36b9f10a8b5acad60a25246de to remote] DEBUG org.asynchttpclient.netty.request.NettyRequestSender - Using pooled Channel '[id: 0x1681981a, L:/127.0.0.1:61476 - R:localhost/127.0.0.1:6896]' for 'POST' to 'http://localhost:6896/session/7f96e7e36b9f10a8b5acad60a25246de/element'
11:37:15.069 [Forwarding findElement on session 7f96e7e36b9f10a8b5acad60a25246de to remote] DEBUG org.asynchttpclient.netty.request.NettyRequestSender - Using open Channel [id: 0x1681981a, L:/127.0.0.1:61476 - R:localhost/127.0.0.1:6896] for POST '/session/7f96e7e36b9f10a8b5acad60a25246de/element'
11:37:15.080 [AsyncHttpClient-1-8] DEBUG org.asynchttpclient.netty.handler.HttpHandler - 

Request DefaultHttpRequest(decodeResult: success, version: HTTP/1.1)
POST /session/7f96e7e36b9f10a8b5acad60a25246de/element HTTP/1.1
User-Agent: selenium/4.8.0 (java windows)
Content-Length: 81
Content-Type: application/json; charset=utf-8
host: localhost:6896
accept: */*

Response DefaultHttpResponse(decodeResult: success, version: HTTP/1.1)
HTTP/1.1 200 OK
Content-Length: 96
Content-Type: application/json; charset=utf-8
cache-control: no-cache

11:37:15.080 [AsyncHttpClient-1-8] DEBUG org.asynchttpclient.netty.channel.ChannelManager - Adding key: http://localhost:6896 for channel [id: 0x1681981a, L:/127.0.0.1:61476 - R:localhost/127.0.0.1:6896]
11:37:15.081 [Forwarding isElementDisplayed on session 7f96e7e36b9f10a8b5acad60a25246de to remote] DEBUG org.asynchttpclient.netty.request.NettyRequestSender - Using pooled Channel '[id: 0x1681981a, L:/127.0.0.1:61476 - R:localhost/127.0.0.1:6896]' for 'POST' to 'http://localhost:6896/session/7f96e7e36b9f10a8b5acad60a25246de/execute/sync'
11:37:15.081 [Forwarding isElementDisplayed on session 7f96e7e36b9f10a8b5acad60a25246de to remote] DEBUG org.asynchttpclient.netty.request.NettyRequestSender - Using open Channel [id: 0x1681981a, L:/127.0.0.1:61476 - R:localhost/127.0.0.1:6896] for POST '/session/7f96e7e36b9f10a8b5acad60a25246de/execute/sync'
11:37:15.091 [AsyncHttpClient-1-8] DEBUG org.asynchttpclient.netty.handler.HttpHandler - 

Request DefaultHttpRequest(decodeResult: success, version: HTTP/1.1)
POST /session/7f96e7e36b9f10a8b5acad60a25246de/execute/sync HTTP/1.1
User-Agent: selenium/4.8.0 (java windows)
Content-Length: 48815
Content-Type: application/json; charset=utf-8
host: localhost:6896
accept: */*

Response DefaultHttpResponse(decodeResult: success, version: HTTP/1.1)
HTTP/1.1 200 OK
Content-Length: 14
Content-Type: application/json; charset=utf-8
cache-control: no-cache

11:37:15.091 [AsyncHttpClient-1-8] DEBUG org.asynchttpclient.netty.channel.ChannelManager - Adding key: http://localhost:6896 for channel [id: 0x1681981a, L:/127.0.0.1:61476 - R:localhost/127.0.0.1:6896]
11:37:15.091 [Forwarding getElementText on session 7f96e7e36b9f10a8b5acad60a25246de to remote] DEBUG org.asynchttpclient.netty.request.NettyRequestSender - Using pooled Channel '[id: 0x1681981a, L:/127.0.0.1:61476 - R:localhost/127.0.0.1:6896]' for 'GET' to 'http://localhost:6896/session/7f96e7e36b9f10a8b5acad60a25246de/element/6FF2D42796E1B5636833727143D40385_element_108/text'
11:37:15.091 [Forwarding getElementText on session 7f96e7e36b9f10a8b5acad60a25246de to remote] DEBUG org.asynchttpclient.netty.request.NettyRequestSender - Using open Channel [id: 0x1681981a, L:/127.0.0.1:61476 - R:localhost/127.0.0.1:6896] for GET '/session/7f96e7e36b9f10a8b5acad60a25246de/element/6FF2D42796E1B5636833727143D40385_element_108/text'
11:37:15.098 [AsyncHttpClient-1-8] DEBUG org.asynchttpclient.netty.handler.HttpHandler - 

Request DefaultFullHttpRequest(decodeResult: success, version: HTTP/1.1, content: EmptyByteBufBE)
GET /session/7f96e7e36b9f10a8b5acad60a25246de/element/6FF2D42796E1B5636833727143D40385_element_108/text HTTP/1.1
User-Agent: selenium/4.8.0 (java windows)
Cache-Control: no-cache
Content-Type: application/json; charset=utf-8
host: localhost:6896
accept: */*

Response DefaultHttpResponse(decodeResult: success, version: HTTP/1.1)
HTTP/1.1 200 OK
Content-Length: 12
Content-Type: application/json; charset=utf-8
cache-control: no-cache

11:37:15.098 [AsyncHttpClient-1-8] DEBUG org.asynchttpclient.netty.channel.ChannelManager - Adding key: http://localhost:6896 for channel [id: 0x1681981a, L:/127.0.0.1:61476 - R:localhost/127.0.0.1:6896]
firstname validation failed
11:37:15.100 [Forwarding findElement on session 7f96e7e36b9f10a8b5acad60a25246de to remote] DEBUG org.asynchttpclient.netty.request.NettyRequestSender - Using pooled Channel '[id: 0x1681981a, L:/127.0.0.1:61476 - R:localhost/127.0.0.1:6896]' for 'POST' to 'http://localhost:6896/session/7f96e7e36b9f10a8b5acad60a25246de/element'
11:37:15.100 [Forwarding findElement on session 7f96e7e36b9f10a8b5acad60a25246de to remote] DEBUG org.asynchttpclient.netty.request.NettyRequestSender - Using open Channel [id: 0x1681981a, L:/127.0.0.1:61476 - R:localhost/127.0.0.1:6896] for POST '/session/7f96e7e36b9f10a8b5acad60a25246de/element'
11:37:15.115 [AsyncHttpClient-1-8] DEBUG org.asynchttpclient.netty.handler.HttpHandler - 

Request DefaultHttpRequest(decodeResult: success, version: HTTP/1.1)
POST /session/7f96e7e36b9f10a8b5acad60a25246de/element HTTP/1.1
User-Agent: selenium/4.8.0 (java windows)
Content-Length: 80
Content-Type: application/json; charset=utf-8
host: localhost:6896
accept: */*

Response DefaultHttpResponse(decodeResult: success, version: HTTP/1.1)
HTTP/1.1 200 OK
Content-Length: 96
Content-Type: application/json; charset=utf-8
cache-control: no-cache

11:37:15.115 [AsyncHttpClient-1-8] DEBUG org.asynchttpclient.netty.channel.ChannelManager - Adding key: http://localhost:6896 for channel [id: 0x1681981a, L:/127.0.0.1:61476 - R:localhost/127.0.0.1:6896]
11:37:15.117 [Forwarding isElementDisplayed on session 7f96e7e36b9f10a8b5acad60a25246de to remote] DEBUG org.asynchttpclient.netty.request.NettyRequestSender - Using pooled Channel '[id: 0x1681981a, L:/127.0.0.1:61476 - R:localhost/127.0.0.1:6896]' for 'POST' to 'http://localhost:6896/session/7f96e7e36b9f10a8b5acad60a25246de/execute/sync'
11:37:15.117 [Forwarding isElementDisplayed on session 7f96e7e36b9f10a8b5acad60a25246de to remote] DEBUG org.asynchttpclient.netty.request.NettyRequestSender - Using open Channel [id: 0x1681981a, L:/127.0.0.1:61476 - R:localhost/127.0.0.1:6896] for POST '/session/7f96e7e36b9f10a8b5acad60a25246de/execute/sync'
11:37:15.127 [AsyncHttpClient-1-8] DEBUG org.asynchttpclient.netty.handler.HttpHandler - 

Request DefaultHttpRequest(decodeResult: success, version: HTTP/1.1)
POST /session/7f96e7e36b9f10a8b5acad60a25246de/execute/sync HTTP/1.1
User-Agent: selenium/4.8.0 (java windows)
Content-Length: 48815
Content-Type: application/json; charset=utf-8
host: localhost:6896
accept: */*

Response DefaultHttpResponse(decodeResult: success, version: HTTP/1.1)
HTTP/1.1 200 OK
Content-Length: 14
Content-Type: application/json; charset=utf-8
cache-control: no-cache

11:37:15.127 [AsyncHttpClient-1-8] DEBUG org.asynchttpclient.netty.channel.ChannelManager - Adding key: http://localhost:6896 for channel [id: 0x1681981a, L:/127.0.0.1:61476 - R:localhost/127.0.0.1:6896]
11:37:15.127 [Forwarding getElementText on session 7f96e7e36b9f10a8b5acad60a25246de to remote] DEBUG org.asynchttpclient.netty.request.NettyRequestSender - Using pooled Channel '[id: 0x1681981a, L:/127.0.0.1:61476 - R:localhost/127.0.0.1:6896]' for 'GET' to 'http://localhost:6896/session/7f96e7e36b9f10a8b5acad60a25246de/element/6FF2D42796E1B5636833727143D40385_element_113/text'
11:37:15.127 [Forwarding getElementText on session 7f96e7e36b9f10a8b5acad60a25246de to remote] DEBUG org.asynchttpclient.netty.request.NettyRequestSender - Using open Channel [id: 0x1681981a, L:/127.0.0.1:61476 - R:localhost/127.0.0.1:6896] for GET '/session/7f96e7e36b9f10a8b5acad60a25246de/element/6FF2D42796E1B5636833727143D40385_element_113/text'
11:37:15.136 [AsyncHttpClient-1-8] DEBUG org.asynchttpclient.netty.handler.HttpHandler - 

Request DefaultFullHttpRequest(decodeResult: success, version: HTTP/1.1, content: EmptyByteBufBE)
GET /session/7f96e7e36b9f10a8b5acad60a25246de/element/6FF2D42796E1B5636833727143D40385_element_113/text HTTP/1.1
User-Agent: selenium/4.8.0 (java windows)
Cache-Control: no-cache
Content-Type: application/json; charset=utf-8
host: localhost:6896
accept: */*

Response DefaultHttpResponse(decodeResult: success, version: HTTP/1.1)
HTTP/1.1 200 OK
Content-Length: 12
Content-Type: application/json; charset=utf-8
cache-control: no-cache

11:37:15.136 [AsyncHttpClient-1-8] DEBUG org.asynchttpclient.netty.channel.ChannelManager - Adding key: http://localhost:6896 for channel [id: 0x1681981a, L:/127.0.0.1:61476 - R:localhost/127.0.0.1:6896]
lastname validation failed
11:37:15.138 [Forwarding findElement on session 7f96e7e36b9f10a8b5acad60a25246de to remote] DEBUG org.asynchttpclient.netty.request.NettyRequestSender - Using pooled Channel '[id: 0x1681981a, L:/127.0.0.1:61476 - R:localhost/127.0.0.1:6896]' for 'POST' to 'http://localhost:6896/session/7f96e7e36b9f10a8b5acad60a25246de/element'
11:37:15.138 [Forwarding findElement on session 7f96e7e36b9f10a8b5acad60a25246de to remote] DEBUG org.asynchttpclient.netty.request.NettyRequestSender - Using open Channel [id: 0x1681981a, L:/127.0.0.1:61476 - R:localhost/127.0.0.1:6896] for POST '/session/7f96e7e36b9f10a8b5acad60a25246de/element'
11:37:15.147 [AsyncHttpClient-1-8] DEBUG org.asynchttpclient.netty.handler.HttpHandler - 

Request DefaultHttpRequest(decodeResult: success, version: HTTP/1.1)
POST /session/7f96e7e36b9f10a8b5acad60a25246de/element HTTP/1.1
User-Agent: selenium/4.8.0 (java windows)
Content-Length: 91
Content-Type: application/json; charset=utf-8
host: localhost:6896
accept: */*

Response DefaultHttpResponse(decodeResult: success, version: HTTP/1.1)
HTTP/1.1 200 OK
Content-Length: 96
Content-Type: application/json; charset=utf-8
cache-control: no-cache

11:37:15.147 [AsyncHttpClient-1-8] DEBUG org.asynchttpclient.netty.channel.ChannelManager - Adding key: http://localhost:6896 for channel [id: 0x1681981a, L:/127.0.0.1:61476 - R:localhost/127.0.0.1:6896]
11:37:15.149 [Forwarding isElementDisplayed on session 7f96e7e36b9f10a8b5acad60a25246de to remote] DEBUG org.asynchttpclient.netty.request.NettyRequestSender - Using pooled Channel '[id: 0x1681981a, L:/127.0.0.1:61476 - R:localhost/127.0.0.1:6896]' for 'POST' to 'http://localhost:6896/session/7f96e7e36b9f10a8b5acad60a25246de/execute/sync'
11:37:15.149 [Forwarding isElementDisplayed on session 7f96e7e36b9f10a8b5acad60a25246de to remote] DEBUG org.asynchttpclient.netty.request.NettyRequestSender - Using open Channel [id: 0x1681981a, L:/127.0.0.1:61476 - R:localhost/127.0.0.1:6896] for POST '/session/7f96e7e36b9f10a8b5acad60a25246de/execute/sync'
11:37:15.162 [AsyncHttpClient-1-8] DEBUG org.asynchttpclient.netty.handler.HttpHandler - 

Request DefaultHttpRequest(decodeResult: success, version: HTTP/1.1)
POST /session/7f96e7e36b9f10a8b5acad60a25246de/execute/sync HTTP/1.1
User-Agent: selenium/4.8.0 (java windows)
Content-Length: 48815
Content-Type: application/json; charset=utf-8
host: localhost:6896
accept: */*

Response DefaultHttpResponse(decodeResult: success, version: HTTP/1.1)
HTTP/1.1 200 OK
Content-Length: 14
Content-Type: application/json; charset=utf-8
cache-control: no-cache

11:37:15.162 [AsyncHttpClient-1-8] DEBUG org.asynchttpclient.netty.channel.ChannelManager - Adding key: http://localhost:6896 for channel [id: 0x1681981a, L:/127.0.0.1:61476 - R:localhost/127.0.0.1:6896]
11:37:15.163 [Forwarding isElementDisplayed on session 7f96e7e36b9f10a8b5acad60a25246de to remote] DEBUG org.asynchttpclient.netty.request.NettyRequestSender - Using pooled Channel '[id: 0x1681981a, L:/127.0.0.1:61476 - R:localhost/127.0.0.1:6896]' for 'POST' to 'http://localhost:6896/session/7f96e7e36b9f10a8b5acad60a25246de/execute/sync'
11:37:15.163 [Forwarding isElementDisplayed on session 7f96e7e36b9f10a8b5acad60a25246de to remote] DEBUG org.asynchttpclient.netty.request.NettyRequestSender - Using open Channel [id: 0x1681981a, L:/127.0.0.1:61476 - R:localhost/127.0.0.1:6896] for POST '/session/7f96e7e36b9f10a8b5acad60a25246de/execute/sync'
11:37:15.172 [AsyncHttpClient-1-8] DEBUG org.asynchttpclient.netty.handler.HttpHandler - 

Request DefaultHttpRequest(decodeResult: success, version: HTTP/1.1)
POST /session/7f96e7e36b9f10a8b5acad60a25246de/execute/sync HTTP/1.1
User-Agent: selenium/4.8.0 (java windows)
Content-Length: 48815
Content-Type: application/json; charset=utf-8
host: localhost:6896
accept: */*

Response DefaultHttpResponse(decodeResult: success, version: HTTP/1.1)
HTTP/1.1 200 OK
Content-Length: 14
Content-Type: application/json; charset=utf-8
cache-control: no-cache

11:37:15.172 [AsyncHttpClient-1-8] DEBUG org.asynchttpclient.netty.channel.ChannelManager - Adding key: http://localhost:6896 for channel [id: 0x1681981a, L:/127.0.0.1:61476 - R:localhost/127.0.0.1:6896]
11:37:15.172 [main] INFO  com.swaglabs.base.SetUp - zip button verification passed
11:37:15.174 [Forwarding findElement on session 7f96e7e36b9f10a8b5acad60a25246de to remote] DEBUG org.asynchttpclient.netty.request.NettyRequestSender - Using pooled Channel '[id: 0x1681981a, L:/127.0.0.1:61476 - R:localhost/127.0.0.1:6896]' for 'POST' to 'http://localhost:6896/session/7f96e7e36b9f10a8b5acad60a25246de/element'
11:37:15.174 [Forwarding findElement on session 7f96e7e36b9f10a8b5acad60a25246de to remote] DEBUG org.asynchttpclient.netty.request.NettyRequestSender - Using open Channel [id: 0x1681981a, L:/127.0.0.1:61476 - R:localhost/127.0.0.1:6896] for POST '/session/7f96e7e36b9f10a8b5acad60a25246de/element'
11:37:15.188 [AsyncHttpClient-1-8] DEBUG org.asynchttpclient.netty.handler.HttpHandler - 

Request DefaultHttpRequest(decodeResult: success, version: HTTP/1.1)
POST /session/7f96e7e36b9f10a8b5acad60a25246de/element HTTP/1.1
User-Agent: selenium/4.8.0 (java windows)
Content-Length: 69
Content-Type: application/json; charset=utf-8
host: localhost:6896
accept: */*

Response DefaultHttpResponse(decodeResult: success, version: HTTP/1.1)
HTTP/1.1 200 OK
Content-Length: 96
Content-Type: application/json; charset=utf-8
cache-control: no-cache

11:37:15.188 [AsyncHttpClient-1-8] DEBUG org.asynchttpclient.netty.channel.ChannelManager - Adding key: http://localhost:6896 for channel [id: 0x1681981a, L:/127.0.0.1:61476 - R:localhost/127.0.0.1:6896]
11:37:15.191 [Forwarding isElementDisplayed on session 7f96e7e36b9f10a8b5acad60a25246de to remote] DEBUG org.asynchttpclient.netty.request.NettyRequestSender - Using pooled Channel '[id: 0x1681981a, L:/127.0.0.1:61476 - R:localhost/127.0.0.1:6896]' for 'POST' to 'http://localhost:6896/session/7f96e7e36b9f10a8b5acad60a25246de/execute/sync'
11:37:15.191 [Forwarding isElementDisplayed on session 7f96e7e36b9f10a8b5acad60a25246de to remote] DEBUG org.asynchttpclient.netty.request.NettyRequestSender - Using open Channel [id: 0x1681981a, L:/127.0.0.1:61476 - R:localhost/127.0.0.1:6896] for POST '/session/7f96e7e36b9f10a8b5acad60a25246de/execute/sync'
11:37:15.200 [AsyncHttpClient-1-8] DEBUG org.asynchttpclient.netty.handler.HttpHandler - 

Request DefaultHttpRequest(decodeResult: success, version: HTTP/1.1)
POST /session/7f96e7e36b9f10a8b5acad60a25246de/execute/sync HTTP/1.1
User-Agent: selenium/4.8.0 (java windows)
Content-Length: 48815
Content-Type: application/json; charset=utf-8
host: localhost:6896
accept: */*

Response DefaultHttpResponse(decodeResult: success, version: HTTP/1.1)
HTTP/1.1 200 OK
Content-Length: 14
Content-Type: application/json; charset=utf-8
cache-control: no-cache

11:37:15.200 [AsyncHttpClient-1-8] DEBUG org.asynchttpclient.netty.channel.ChannelManager - Adding key: http://localhost:6896 for channel [id: 0x1681981a, L:/127.0.0.1:61476 - R:localhost/127.0.0.1:6896]
11:37:15.201 [Forwarding isElementDisplayed on session 7f96e7e36b9f10a8b5acad60a25246de to remote] DEBUG org.asynchttpclient.netty.request.NettyRequestSender - Using pooled Channel '[id: 0x1681981a, L:/127.0.0.1:61476 - R:localhost/127.0.0.1:6896]' for 'POST' to 'http://localhost:6896/session/7f96e7e36b9f10a8b5acad60a25246de/execute/sync'
11:37:15.201 [Forwarding isElementDisplayed on session 7f96e7e36b9f10a8b5acad60a25246de to remote] DEBUG org.asynchttpclient.netty.request.NettyRequestSender - Using open Channel [id: 0x1681981a, L:/127.0.0.1:61476 - R:localhost/127.0.0.1:6896] for POST '/session/7f96e7e36b9f10a8b5acad60a25246de/execute/sync'
11:37:15.210 [AsyncHttpClient-1-8] DEBUG org.asynchttpclient.netty.handler.HttpHandler - 

Request DefaultHttpRequest(decodeResult: success, version: HTTP/1.1)
POST /session/7f96e7e36b9f10a8b5acad60a25246de/execute/sync HTTP/1.1
User-Agent: selenium/4.8.0 (java windows)
Content-Length: 48815
Content-Type: application/json; charset=utf-8
host: localhost:6896
accept: */*

Response DefaultHttpResponse(decodeResult: success, version: HTTP/1.1)
HTTP/1.1 200 OK
Content-Length: 14
Content-Type: application/json; charset=utf-8
cache-control: no-cache

11:37:15.210 [AsyncHttpClient-1-8] DEBUG org.asynchttpclient.netty.channel.ChannelManager - Adding key: http://localhost:6896 for channel [id: 0x1681981a, L:/127.0.0.1:61476 - R:localhost/127.0.0.1:6896]
11:37:15.210 [main] INFO  com.swaglabs.base.SetUp - cancel button verification passed
11:37:15.212 [Forwarding findElement on session 7f96e7e36b9f10a8b5acad60a25246de to remote] DEBUG org.asynchttpclient.netty.request.NettyRequestSender - Using pooled Channel '[id: 0x1681981a, L:/127.0.0.1:61476 - R:localhost/127.0.0.1:6896]' for 'POST' to 'http://localhost:6896/session/7f96e7e36b9f10a8b5acad60a25246de/element'
11:37:15.212 [Forwarding findElement on session 7f96e7e36b9f10a8b5acad60a25246de to remote] DEBUG org.asynchttpclient.netty.request.NettyRequestSender - Using open Channel [id: 0x1681981a, L:/127.0.0.1:61476 - R:localhost/127.0.0.1:6896] for POST '/session/7f96e7e36b9f10a8b5acad60a25246de/element'
11:37:15.221 [AsyncHttpClient-1-8] DEBUG org.asynchttpclient.netty.handler.HttpHandler - 

Request DefaultHttpRequest(decodeResult: success, version: HTTP/1.1)
POST /session/7f96e7e36b9f10a8b5acad60a25246de/element HTTP/1.1
User-Agent: selenium/4.8.0 (java windows)
Content-Length: 70
Content-Type: application/json; charset=utf-8
host: localhost:6896
accept: */*

Response DefaultHttpResponse(decodeResult: success, version: HTTP/1.1)
HTTP/1.1 200 OK
Content-Length: 96
Content-Type: application/json; charset=utf-8
cache-control: no-cache

11:37:15.221 [AsyncHttpClient-1-8] DEBUG org.asynchttpclient.netty.channel.ChannelManager - Adding key: http://localhost:6896 for channel [id: 0x1681981a, L:/127.0.0.1:61476 - R:localhost/127.0.0.1:6896]
11:37:15.225 [Forwarding isElementDisplayed on session 7f96e7e36b9f10a8b5acad60a25246de to remote] DEBUG org.asynchttpclient.netty.request.NettyRequestSender - Using pooled Channel '[id: 0x1681981a, L:/127.0.0.1:61476 - R:localhost/127.0.0.1:6896]' for 'POST' to 'http://localhost:6896/session/7f96e7e36b9f10a8b5acad60a25246de/execute/sync'
11:37:15.225 [Forwarding isElementDisplayed on session 7f96e7e36b9f10a8b5acad60a25246de to remote] DEBUG org.asynchttpclient.netty.request.NettyRequestSender - Using open Channel [id: 0x1681981a, L:/127.0.0.1:61476 - R:localhost/127.0.0.1:6896] for POST '/session/7f96e7e36b9f10a8b5acad60a25246de/execute/sync'
11:37:15.233 [AsyncHttpClient-1-8] DEBUG org.asynchttpclient.netty.handler.HttpHandler - 

Request DefaultHttpRequest(decodeResult: success, version: HTTP/1.1)
POST /session/7f96e7e36b9f10a8b5acad60a25246de/execute/sync HTTP/1.1
User-Agent: selenium/4.8.0 (java windows)
Content-Length: 48815
Content-Type: application/json; charset=utf-8
host: localhost:6896
accept: */*

Response DefaultHttpResponse(decodeResult: success, version: HTTP/1.1)
HTTP/1.1 200 OK
Content-Length: 14
Content-Type: application/json; charset=utf-8
cache-control: no-cache

11:37:15.233 [AsyncHttpClient-1-8] DEBUG org.asynchttpclient.netty.channel.ChannelManager - Adding key: http://localhost:6896 for channel [id: 0x1681981a, L:/127.0.0.1:61476 - R:localhost/127.0.0.1:6896]
11:37:15.235 [Forwarding isElementDisplayed on session 7f96e7e36b9f10a8b5acad60a25246de to remote] DEBUG org.asynchttpclient.netty.request.NettyRequestSender - Using pooled Channel '[id: 0x1681981a, L:/127.0.0.1:61476 - R:localhost/127.0.0.1:6896]' for 'POST' to 'http://localhost:6896/session/7f96e7e36b9f10a8b5acad60a25246de/execute/sync'
11:37:15.235 [Forwarding isElementDisplayed on session 7f96e7e36b9f10a8b5acad60a25246de to remote] DEBUG org.asynchttpclient.netty.request.NettyRequestSender - Using open Channel [id: 0x1681981a, L:/127.0.0.1:61476 - R:localhost/127.0.0.1:6896] for POST '/session/7f96e7e36b9f10a8b5acad60a25246de/execute/sync'
11:37:15.245 [AsyncHttpClient-1-8] DEBUG org.asynchttpclient.netty.handler.HttpHandler - 

Request DefaultHttpRequest(decodeResult: success, version: HTTP/1.1)
POST /session/7f96e7e36b9f10a8b5acad60a25246de/execute/sync HTTP/1.1
User-Agent: selenium/4.8.0 (java windows)
Content-Length: 48815
Content-Type: application/json; charset=utf-8
host: localhost:6896
accept: */*

Response DefaultHttpResponse(decodeResult: success, version: HTTP/1.1)
HTTP/1.1 200 OK
Content-Length: 14
Content-Type: application/json; charset=utf-8
cache-control: no-cache

11:37:15.245 [AsyncHttpClient-1-8] DEBUG org.asynchttpclient.netty.channel.ChannelManager - Adding key: http://localhost:6896 for channel [id: 0x1681981a, L:/127.0.0.1:61476 - R:localhost/127.0.0.1:6896]
11:37:15.246 [main] INFO  com.swaglabs.base.SetUp - checkout button verification passed
11:37:15.248 [Forwarding findElement on session 7f96e7e36b9f10a8b5acad60a25246de to remote] DEBUG org.asynchttpclient.netty.request.NettyRequestSender - Using pooled Channel '[id: 0x1681981a, L:/127.0.0.1:61476 - R:localhost/127.0.0.1:6896]' for 'POST' to 'http://localhost:6896/session/7f96e7e36b9f10a8b5acad60a25246de/element'
11:37:15.248 [Forwarding findElement on session 7f96e7e36b9f10a8b5acad60a25246de to remote] DEBUG org.asynchttpclient.netty.request.NettyRequestSender - Using open Channel [id: 0x1681981a, L:/127.0.0.1:61476 - R:localhost/127.0.0.1:6896] for POST '/session/7f96e7e36b9f10a8b5acad60a25246de/element'
11:37:15.254 [AsyncHttpClient-1-8] DEBUG org.asynchttpclient.netty.handler.HttpHandler - 

Request DefaultHttpRequest(decodeResult: success, version: HTTP/1.1)
POST /session/7f96e7e36b9f10a8b5acad60a25246de/element HTTP/1.1
User-Agent: selenium/4.8.0 (java windows)
Content-Length: 74
Content-Type: application/json; charset=utf-8
host: localhost:6896
accept: */*

Response DefaultHttpResponse(decodeResult: success, version: HTTP/1.1)
HTTP/1.1 200 OK
Content-Length: 96
Content-Type: application/json; charset=utf-8
cache-control: no-cache

11:37:15.254 [AsyncHttpClient-1-8] DEBUG org.asynchttpclient.netty.channel.ChannelManager - Adding key: http://localhost:6896 for channel [id: 0x1681981a, L:/127.0.0.1:61476 - R:localhost/127.0.0.1:6896]
11:37:15.257 [Forwarding isElementDisplayed on session 7f96e7e36b9f10a8b5acad60a25246de to remote] DEBUG org.asynchttpclient.netty.request.NettyRequestSender - Using pooled Channel '[id: 0x1681981a, L:/127.0.0.1:61476 - R:localhost/127.0.0.1:6896]' for 'POST' to 'http://localhost:6896/session/7f96e7e36b9f10a8b5acad60a25246de/execute/sync'
11:37:15.257 [Forwarding isElementDisplayed on session 7f96e7e36b9f10a8b5acad60a25246de to remote] DEBUG org.asynchttpclient.netty.request.NettyRequestSender - Using open Channel [id: 0x1681981a, L:/127.0.0.1:61476 - R:localhost/127.0.0.1:6896] for POST '/session/7f96e7e36b9f10a8b5acad60a25246de/execute/sync'
11:37:15.265 [AsyncHttpClient-1-8] DEBUG org.asynchttpclient.netty.handler.HttpHandler - 

Request DefaultHttpRequest(decodeResult: success, version: HTTP/1.1)
POST /session/7f96e7e36b9f10a8b5acad60a25246de/execute/sync HTTP/1.1
User-Agent: selenium/4.8.0 (java windows)
Content-Length: 48815
Content-Type: application/json; charset=utf-8
host: localhost:6896
accept: */*

Response DefaultHttpResponse(decodeResult: success, version: HTTP/1.1)
HTTP/1.1 200 OK
Content-Length: 14
Content-Type: application/json; charset=utf-8
cache-control: no-cache

11:37:15.265 [AsyncHttpClient-1-8] DEBUG org.asynchttpclient.netty.channel.ChannelManager - Adding key: http://localhost:6896 for channel [id: 0x1681981a, L:/127.0.0.1:61476 - R:localhost/127.0.0.1:6896]
11:37:15.265 [Forwarding getElementText on session 7f96e7e36b9f10a8b5acad60a25246de to remote] DEBUG org.asynchttpclient.netty.request.NettyRequestSender - Using pooled Channel '[id: 0x1681981a, L:/127.0.0.1:61476 - R:localhost/127.0.0.1:6896]' for 'GET' to 'http://localhost:6896/session/7f96e7e36b9f10a8b5acad60a25246de/element/6FF2D42796E1B5636833727143D40385_element_119/text'
11:37:15.265 [Forwarding getElementText on session 7f96e7e36b9f10a8b5acad60a25246de to remote] DEBUG org.asynchttpclient.netty.request.NettyRequestSender - Using open Channel [id: 0x1681981a, L:/127.0.0.1:61476 - R:localhost/127.0.0.1:6896] for GET '/session/7f96e7e36b9f10a8b5acad60a25246de/element/6FF2D42796E1B5636833727143D40385_element_119/text'
11:37:15.274 [AsyncHttpClient-1-8] DEBUG org.asynchttpclient.netty.handler.HttpHandler - 

Request DefaultFullHttpRequest(decodeResult: success, version: HTTP/1.1, content: EmptyByteBufBE)
GET /session/7f96e7e36b9f10a8b5acad60a25246de/element/6FF2D42796E1B5636833727143D40385_element_119/text HTTP/1.1
User-Agent: selenium/4.8.0 (java windows)
Cache-Control: no-cache
Content-Type: application/json; charset=utf-8
host: localhost:6896
accept: */*

Response DefaultHttpResponse(decodeResult: success, version: HTTP/1.1)
HTTP/1.1 200 OK
Content-Length: 86
Content-Type: application/json; charset=utf-8
cache-control: no-cache

11:37:15.274 [AsyncHttpClient-1-8] DEBUG org.asynchttpclient.netty.channel.ChannelManager - Adding key: http://localhost:6896 for channel [id: 0x1681981a, L:/127.0.0.1:61476 - R:localhost/127.0.0.1:6896]
11:37:15.275 [main] INFO  com.swaglabs.base.SetUp - footertext validation passed
11:37:15.278 [Forwarding getAlertText on session 7f96e7e36b9f10a8b5acad60a25246de to remote] DEBUG org.asynchttpclient.netty.request.NettyRequestSender - Using pooled Channel '[id: 0x1681981a, L:/127.0.0.1:61476 - R:localhost/127.0.0.1:6896]' for 'GET' to 'http://localhost:6896/session/7f96e7e36b9f10a8b5acad60a25246de/alert/text'
11:37:15.278 [Forwarding getAlertText on session 7f96e7e36b9f10a8b5acad60a25246de to remote] DEBUG org.asynchttpclient.netty.request.NettyRequestSender - Using open Channel [id: 0x1681981a, L:/127.0.0.1:61476 - R:localhost/127.0.0.1:6896] for GET '/session/7f96e7e36b9f10a8b5acad60a25246de/alert/text'
11:37:15.279 [AsyncHttpClient-1-8] DEBUG org.asynchttpclient.netty.handler.HttpHandler - 

Request DefaultFullHttpRequest(decodeResult: success, version: HTTP/1.1, content: EmptyByteBufBE)
GET /session/7f96e7e36b9f10a8b5acad60a25246de/alert/text HTTP/1.1
User-Agent: selenium/4.8.0 (java windows)
Cache-Control: no-cache
Content-Type: application/json; charset=utf-8
host: localhost:6896
accept: */*

Response DefaultHttpResponse(decodeResult: success, version: HTTP/1.1)
HTTP/1.1 404 Not Found
Content-Length: 1522
Content-Type: application/json; charset=utf-8
cache-control: no-cache

11:37:15.279 [AsyncHttpClient-1-8] DEBUG org.asynchttpclient.netty.channel.ChannelManager - Adding key: http://localhost:6896 for channel [id: 0x1681981a, L:/127.0.0.1:61476 - R:localhost/127.0.0.1:6896]
11:37:15.281 [Forwarding getCurrentUrl on session 7f96e7e36b9f10a8b5acad60a25246de to remote] DEBUG org.asynchttpclient.netty.request.NettyRequestSender - Using pooled Channel '[id: 0x1681981a, L:/127.0.0.1:61476 - R:localhost/127.0.0.1:6896]' for 'GET' to 'http://localhost:6896/session/7f96e7e36b9f10a8b5acad60a25246de/url'
11:37:15.281 [Forwarding getCurrentUrl on session 7f96e7e36b9f10a8b5acad60a25246de to remote] DEBUG org.asynchttpclient.netty.request.NettyRequestSender - Using open Channel [id: 0x1681981a, L:/127.0.0.1:61476 - R:localhost/127.0.0.1:6896] for GET '/session/7f96e7e36b9f10a8b5acad60a25246de/url'
11:37:15.284 [AsyncHttpClient-1-8] DEBUG org.asynchttpclient.netty.handler.HttpHandler - 

Request DefaultFullHttpRequest(decodeResult: success, version: HTTP/1.1, content: EmptyByteBufBE)
GET /session/7f96e7e36b9f10a8b5acad60a25246de/url HTTP/1.1
User-Agent: selenium/4.8.0 (java windows)
Cache-Control: no-cache
Content-Type: application/json; charset=utf-8
host: localhost:6896
accept: */*

Response DefaultHttpResponse(decodeResult: success, version: HTTP/1.1)
HTTP/1.1 200 OK
Content-Length: 60
Content-Type: application/json; charset=utf-8
cache-control: no-cache

11:37:15.285 [AsyncHttpClient-1-8] DEBUG org.asynchttpclient.netty.channel.ChannelManager - Adding key: http://localhost:6896 for channel [id: 0x1681981a, L:/127.0.0.1:61476 - R:localhost/127.0.0.1:6896]
11:37:15.285 [Forwarding screenshot on session 7f96e7e36b9f10a8b5acad60a25246de to remote] DEBUG org.asynchttpclient.netty.request.NettyRequestSender - Using pooled Channel '[id: 0x1681981a, L:/127.0.0.1:61476 - R:localhost/127.0.0.1:6896]' for 'GET' to 'http://localhost:6896/session/7f96e7e36b9f10a8b5acad60a25246de/screenshot'
11:37:15.285 [Forwarding screenshot on session 7f96e7e36b9f10a8b5acad60a25246de to remote] DEBUG org.asynchttpclient.netty.request.NettyRequestSender - Using open Channel [id: 0x1681981a, L:/127.0.0.1:61476 - R:localhost/127.0.0.1:6896] for GET '/session/7f96e7e36b9f10a8b5acad60a25246de/screenshot'
11:37:15.409 [AsyncHttpClient-1-8] DEBUG org.asynchttpclient.netty.handler.HttpHandler - 

Request DefaultFullHttpRequest(decodeResult: success, version: HTTP/1.1, content: EmptyByteBufBE)
GET /session/7f96e7e36b9f10a8b5acad60a25246de/screenshot HTTP/1.1
User-Agent: selenium/4.8.0 (java windows)
Cache-Control: no-cache
Content-Type: application/json; charset=utf-8
host: localhost:6896
accept: */*

Response DefaultHttpResponse(decodeResult: success, version: HTTP/1.1)
HTTP/1.1 200 OK
Content-Length: 38672
Content-Type: application/json; charset=utf-8
cache-control: no-cache

11:37:15.409 [AsyncHttpClient-1-8] DEBUG org.asynchttpclient.netty.channel.ChannelManager - Adding key: http://localhost:6896 for channel [id: 0x1681981a, L:/127.0.0.1:61476 - R:localhost/127.0.0.1:6896]
11:37:15.410 [main] DEBUG net.serenitybdd.core.photography.Darkroom - Send negative for processing for target\site\serenity\7e7bd543fff91fc6bfad3b285cfc2ec3862cdc9c9bc7b5538fa59f4d5ada86f1.png
11:37:15.410 [main] DEBUG net.thucydides.core.steps.StepInterceptor - STEP DONE: test12_checkoutAndValidateUserInterfaceHeaderAndFooters
]]></system-out>
    <system-err><![CDATA[Starting Microsoft Edge WebDriver 115.0.1901.188 (b51b39339c49c4dc7c61b77f8b61420ca0ab7b68) on port 6896
To submit feedback, report a bug, or suggest new features, please visit https://github.com/MicrosoftEdge/EdgeWebDriver

Only local connections are allowed.
Please see https://aka.ms/WebDriverSecurity for suggestions on keeping Microsoft Edge WebDriver safe.

Microsoft Edge WebDriver was started successfully.
[1693461989.939][WARNING]: This version of Microsoft Edge WebDriver has not been tested with Microsoft Edge version 116.
Aug 31, 2023 11:36:31 AM org.openqa.selenium.devtools.CdpVersionFinder findNearestMatch
WARNING: Unable to find CDP implementation matching 116
Aug 31, 2023 11:36:31 AM org.openqa.selenium.chromium.ChromiumDriver lambda$new$3
WARNING: Unable to find version of CDP to use for . You may need to include a dependency on a specific version of the CDP using something similar to `org.seleniumhq.selenium:selenium-devtools-v86:4.8.0` where the version ("v86") matches the version of the chromium-based browser you're using and the version number of the artifact is the same as Selenium's.
com.swaglabs.utilities.HeaderExist: header  text is not visible 
	at com.swaglabs.steps.LoginPageSteps.validateHeadersInloginPage(LoginPageSteps.java:195)
	at com.swaglabs.steps.LoginPageSteps$ByteBuddy$zS5Tw6BW.validateHeadersInloginPage$accessor$iqThXT80(Unknown Source)
	at java.base/jdk.internal.reflect.NativeMethodAccessorImpl.invoke0(Native Method)
	at java.base/jdk.internal.reflect.NativeMethodAccessorImpl.invoke(NativeMethodAccessorImpl.java:77)
	at java.base/jdk.internal.reflect.DelegatingMethodAccessorImpl.invoke(DelegatingMethodAccessorImpl.java:43)
	at java.base/java.lang.reflect.Method.invoke(Method.java:568)
	at net.thucydides.core.steps.BaseMethodRunner.invokeMethod(BaseMethodRunner.java:18)
	at net.thucydides.core.steps.NormalMethodRunner.invokeMethodAndNotifyFailures(NormalMethodRunner.java:18)
	at net.thucydides.core.steps.StepInterceptor.runNormalMethod(StepInterceptor.java:421)
	at net.thucydides.core.steps.StepInterceptor.testStepResult(StepInterceptor.java:193)
	at net.thucydides.core.steps.StepInterceptor.intercept(StepInterceptor.java:86)
	at net.thucydides.core.steps.ProxyConfiguration$InterceptorDispatcher.intercept(ProxyConfiguration.java:51)
	at com.swaglabs.steps.LoginPageSteps$ByteBuddy$zS5Tw6BW.validateHeadersInloginPage(Unknown Source)
	at com.swaglabs.steps.LoginPageSteps.test2_ValidateUserinterfaceHeadersAndFooters(LoginPageSteps.java:325)
	at com.swaglabs.steps.LoginPageSteps$ByteBuddy$zS5Tw6BW.test2_ValidateUserinterfaceHeadersAndFooters$accessor$iqThXT80(Unknown Source)
	at java.base/jdk.internal.reflect.NativeMethodAccessorImpl.invoke0(Native Method)
	at java.base/jdk.internal.reflect.NativeMethodAccessorImpl.invoke(NativeMethodAccessorImpl.java:77)
	at java.base/jdk.internal.reflect.DelegatingMethodAccessorImpl.invoke(DelegatingMethodAccessorImpl.java:43)
	at java.base/java.lang.reflect.Method.invoke(Method.java:568)
	at net.thucydides.core.steps.StepInterceptor.invokeMethod(StepInterceptor.java:518)
	at net.thucydides.core.steps.StepInterceptor.executeTestStepMethod(StepInterceptor.java:498)
	at net.thucydides.core.steps.StepInterceptor.runTestStep(StepInterceptor.java:472)
	at net.thucydides.core.steps.StepInterceptor.runOrSkipMethod(StepInterceptor.java:211)
	at net.thucydides.core.steps.StepInterceptor.testStepResult(StepInterceptor.java:198)
	at net.thucydides.core.steps.StepInterceptor.intercept(StepInterceptor.java:86)
	at net.thucydides.core.steps.ProxyConfiguration$InterceptorDispatcher.intercept(ProxyConfiguration.java:51)
	at com.swaglabs.steps.LoginPageSteps$ByteBuddy$zS5Tw6BW.test2_ValidateUserinterfaceHeadersAndFooters(Unknown Source)
	at com.swaglabs.testcases.Tests.testCases(Tests.java:67)
	at java.base/jdk.internal.reflect.NativeMethodAccessorImpl.invoke0(Native Method)
	at java.base/jdk.internal.reflect.NativeMethodAccessorImpl.invoke(NativeMethodAccessorImpl.java:77)
	at java.base/jdk.internal.reflect.DelegatingMethodAccessorImpl.invoke(DelegatingMethodAccessorImpl.java:43)
	at java.base/java.lang.reflect.Method.invoke(Method.java:568)
	at org.junit.runners.model.FrameworkMethod$1.runReflectiveCall(FrameworkMethod.java:59)
	at org.junit.internal.runners.model.ReflectiveCallable.run(ReflectiveCallable.java:12)
	at org.junit.runners.model.FrameworkMethod.invokeExplosively(FrameworkMethod.java:56)
	at org.junit.internal.runners.statements.InvokeMethod.evaluate(InvokeMethod.java:17)
	at net.serenitybdd.junit.runners.SerenityStatement.evaluate(SerenityStatement.java:33)
	at org.junit.internal.runners.statements.RunBefores.evaluate(RunBefores.java:26)
	at org.junit.runners.ParentRunner$3.evaluate(ParentRunner.java:306)
	at org.junit.runners.BlockJUnit4ClassRunner$1.evaluate(BlockJUnit4ClassRunner.java:100)
	at org.junit.runners.ParentRunner.runLeaf(ParentRunner.java:366)
	at org.junit.runners.BlockJUnit4ClassRunner.runChild(BlockJUnit4ClassRunner.java:103)
	at net.serenitybdd.junit.runners.SerenityRunner.performRunChild(SerenityRunner.java:471)
	at net.serenitybdd.junit.runners.SerenityRunner.runChild(SerenityRunner.java:445)
	at net.serenitybdd.junit.runners.SerenityRunner.runChild(SerenityRunner.java:61)
	at org.junit.runners.ParentRunner$4.run(ParentRunner.java:331)
	at org.junit.runners.ParentRunner$1.schedule(ParentRunner.java:79)
	at org.junit.runners.ParentRunner.runChildren(ParentRunner.java:329)
	at org.junit.runners.ParentRunner.access$100(ParentRunner.java:66)
	at org.junit.runners.ParentRunner$2.evaluate(ParentRunner.java:293)
	at org.junit.runners.ParentRunner.run(ParentRunner.java:413)
	at net.serenitybdd.junit.runners.SerenityRunner.run(SerenityRunner.java:254)
	at org.junit.runners.Suite.runChild(Suite.java:128)
	at org.junit.runners.Suite.runChild(Suite.java:27)
	at org.junit.runners.ParentRunner$4.run(ParentRunner.java:331)
	at org.junit.runners.ParentRunner$1.schedule(ParentRunner.java:79)
	at org.junit.runners.ParentRunner.runChildren(ParentRunner.java:329)
	at org.junit.runners.ParentRunner.access$100(ParentRunner.java:66)
	at org.junit.runners.ParentRunner$2.evaluate(ParentRunner.java:293)
	at org.junit.runners.ParentRunner$3.evaluate(ParentRunner.java:306)
	at org.junit.runners.ParentRunner.run(ParentRunner.java:413)
	at net.serenitybdd.junit.runners.SerenityParameterizedRunner.run(SerenityParameterizedRunner.java:217)
	at org.junit.runner.JUnitCore.run(JUnitCore.java:137)
	at org.junit.runner.JUnitCore.run(JUnitCore.java:115)
	at org.junit.vintage.engine.execution.RunnerExecutor.execute(RunnerExecutor.java:42)
	at org.junit.vintage.engine.VintageTestEngine.executeAllChildren(VintageTestEngine.java:80)
	at org.junit.vintage.engine.VintageTestEngine.execute(VintageTestEngine.java:72)
	at org.junit.platform.launcher.core.EngineExecutionOrchestrator.execute(EngineExecutionOrchestrator.java:107)
	at org.junit.platform.launcher.core.EngineExecutionOrchestrator.execute(EngineExecutionOrchestrator.java:88)
	at org.junit.platform.launcher.core.EngineExecutionOrchestrator.lambda$execute$0(EngineExecutionOrchestrator.java:54)
	at org.junit.platform.launcher.core.EngineExecutionOrchestrator.withInterceptedStreams(EngineExecutionOrchestrator.java:67)
	at org.junit.platform.launcher.core.EngineExecutionOrchestrator.execute(EngineExecutionOrchestrator.java:52)
	at org.junit.platform.launcher.core.DefaultLauncher.execute(DefaultLauncher.java:114)
	at org.junit.platform.launcher.core.DefaultLauncher.execute(DefaultLauncher.java:86)
	at org.junit.platform.launcher.core.DefaultLauncherSession$DelegatingLauncher.execute(DefaultLauncherSession.java:86)
	at org.junit.platform.launcher.core.SessionPerRequestLauncher.execute(SessionPerRequestLauncher.java:53)
	at org.apache.maven.surefire.junitplatform.JUnitPlatformProvider.lambda$execute$1(JUnitPlatformProvider.java:199)
	at java.base/java.util.Iterator.forEachRemaining(Iterator.java:133)
	at org.apache.maven.surefire.junitplatform.JUnitPlatformProvider.execute(JUnitPlatformProvider.java:193)
	at org.apache.maven.surefire.junitplatform.JUnitPlatformProvider.invokeAllTests(JUnitPlatformProvider.java:154)
	at org.apache.maven.surefire.junitplatform.JUnitPlatformProvider.invoke(JUnitPlatformProvider.java:120)
	at org.apache.maven.surefire.booter.ForkedBooter.runSuitesInProcess(ForkedBooter.java:428)
	at org.apache.maven.surefire.booter.ForkedBooter.execute(ForkedBooter.java:162)
	at org.apache.maven.surefire.booter.ForkedBooter.run(ForkedBooter.java:562)
	at org.apache.maven.surefire.booter.ForkedBooter.main(ForkedBooter.java:548)
]]></system-err>
  </testcase>
  <testcase name="testCases" classname="Tests" time="0">
    <skipped type="org.junit.AssumptionViolatedException"><![CDATA[org.junit.AssumptionViolatedException: skipping test because eror validated
]]></skipped>
    <system-out><![CDATA[11:37:15.413 [main] INFO  - 
  _____   ___   ___   _____     ___     _     ___   ___   ___   ___  
 |_   _| | __| / __| |_   _|   | _ \   /_\   / __| / __| | __| |   \ 
   | |   | _|  \__ \   | |     |  _/  / _ \  \__ \ \__ \ | _|  | |) |
   |_|   |___| |___/   |_|     |_|   /_/ \_\ |___/ |___/ |___| |___/ 

Test cases
----------------------------------------------------------------------
11:37:15.415 [AsyncHttpClient-1-10] DEBUG org.asynchttpclient.netty.handler.WebSocketHandler - Channel Closed: [id: 0x406b3ce9, L:/127.0.0.1:61501 ! R:localhost/127.0.0.1:61482] with attribute NettyResponseFuture{currentRetry=0,
	isDone=1,
	isCancelled=0,
	asyncHandler=org.asynchttpclient.ws.WebSocketUpgradeHandler@d6e075,
	nettyRequest=org.asynchttpclient.netty.request.NettyRequest@45d47e0b,
	future=java.util.concurrent.CompletableFuture@3bdcb317[Completed normally],
	uri=ws://localhost:61482/devtools/browser/308e2cea-6d4f-47e1-ab35-a2c0e54c7426,
	keepAlive=true,
	redirectCount=0,
	timeoutsHolder=null,
	inAuth=0,
	touch=1693461991571}
11:37:15.416 [AsyncHttpClient-1-10] DEBUG org.asynchttpclient.netty.channel.ChannelManager - Closing Channel [id: 0x406b3ce9, L:/127.0.0.1:61501 ! R:localhost/127.0.0.1:61482] 
11:37:15.416 [Driver Command Executor] DEBUG org.asynchttpclient.netty.request.NettyRequestSender - Using pooled Channel '[id: 0x1681981a, L:/127.0.0.1:61476 - R:localhost/127.0.0.1:6896]' for 'DELETE' to 'http://localhost:6896/session/7f96e7e36b9f10a8b5acad60a25246de'
11:37:15.416 [Driver Command Executor] DEBUG org.asynchttpclient.netty.request.NettyRequestSender - Using open Channel [id: 0x1681981a, L:/127.0.0.1:61476 - R:localhost/127.0.0.1:6896] for DELETE '/session/7f96e7e36b9f10a8b5acad60a25246de'
11:37:15.585 [AsyncHttpClient-1-9] DEBUG org.asynchttpclient.netty.handler.HttpHandler - Unexpected I/O exception on channel [id: 0xb766a250, L:/127.0.0.1:61500 - R:localhost/127.0.0.1:61482]
java.net.SocketException: Connection reset
	at java.base/sun.nio.ch.SocketChannelImpl.throwConnectionReset(SocketChannelImpl.java:394)
	at java.base/sun.nio.ch.SocketChannelImpl.read(SocketChannelImpl.java:426)
	at io.netty.buffer.PooledByteBuf.setBytes(PooledByteBuf.java:259)
	at io.netty.buffer.AbstractByteBuf.writeBytes(AbstractByteBuf.java:1132)
	at io.netty.channel.socket.nio.NioSocketChannel.doReadBytes(NioSocketChannel.java:357)
	at io.netty.channel.nio.AbstractNioByteChannel$NioByteUnsafe.read(AbstractNioByteChannel.java:151)
	at io.netty.channel.nio.NioEventLoop.processSelectedKey(NioEventLoop.java:788)
	at io.netty.channel.nio.NioEventLoop.processSelectedKeysOptimized(NioEventLoop.java:724)
	at io.netty.channel.nio.NioEventLoop.processSelectedKeys(NioEventLoop.java:650)
	at io.netty.channel.nio.NioEventLoop.run(NioEventLoop.java:562)
	at io.netty.util.concurrent.SingleThreadEventExecutor$4.run(SingleThreadEventExecutor.java:997)
	at io.netty.util.internal.ThreadExecutorMap$2.run(ThreadExecutorMap.java:74)
	at io.netty.util.concurrent.FastThreadLocalRunnable.run(FastThreadLocalRunnable.java:30)
	at java.base/java.lang.Thread.run(Thread.java:833)
11:37:15.585 [AsyncHttpClient-1-9] DEBUG org.asynchttpclient.netty.channel.ChannelManager - Closing Channel [id: 0xb766a250, L:/127.0.0.1:61500 - R:localhost/127.0.0.1:61482] 
11:37:15.585 [AsyncHttpClient-1-9] DEBUG org.asynchttpclient.netty.handler.HttpHandler - Channel Closed: [id: 0xb766a250, L:/127.0.0.1:61500 ! R:localhost/127.0.0.1:61482] with attribute DISCARD
11:37:15.697 [AsyncHttpClient-1-8] DEBUG org.asynchttpclient.netty.handler.HttpHandler - 

Request DefaultFullHttpRequest(decodeResult: success, version: HTTP/1.1, content: EmptyByteBufBE)
DELETE /session/7f96e7e36b9f10a8b5acad60a25246de HTTP/1.1
User-Agent: selenium/4.8.0 (java windows)
Content-Type: application/json; charset=utf-8
host: localhost:6896
accept: */*

Response DefaultHttpResponse(decodeResult: success, version: HTTP/1.1)
HTTP/1.1 200 OK
Content-Length: 14
Content-Type: application/json; charset=utf-8
cache-control: no-cache

11:37:15.697 [AsyncHttpClient-1-8] DEBUG org.asynchttpclient.netty.channel.ChannelManager - Adding key: http://localhost:6896 for channel [id: 0x1681981a, L:/127.0.0.1:61476 - R:localhost/127.0.0.1:6896]
11:37:15.839 [AsyncHttpClient-1-1] DEBUG org.asynchttpclient.netty.channel.DefaultChannelPool - Entry count for : http://localhost:6896 : 1
11:37:15.839 [AsyncHttpClient-1-1] DEBUG org.asynchttpclient.netty.channel.DefaultChannelPool - Entry count for : http://localhost:61482 : 1
11:37:15.839 [AsyncHttpClient-1-1] DEBUG org.asynchttpclient.netty.channel.DefaultChannelPool - Adding Candidate expired Channel [id: 0xb766a250, L:/127.0.0.1:61500 ! R:localhost/127.0.0.1:61482] isIdleTimeoutExpired=false isRemotelyClosed=true isTtlExpired=false
11:37:15.839 [AsyncHttpClient-1-1] DEBUG org.asynchttpclient.netty.channel.DefaultChannelPool - Closing Idle Channel [id: 0xb766a250, L:/127.0.0.1:61500 ! R:localhost/127.0.0.1:61482]
11:37:15.839 [AsyncHttpClient-1-1] DEBUG org.asynchttpclient.netty.channel.DefaultChannelPool - Closed 1 connections out of 2 in 0 ms
11:37:16.729 [AsyncHttpClient-1-8] DEBUG org.asynchttpclient.netty.handler.HttpHandler - Unexpected I/O exception on channel [id: 0x1681981a, L:/127.0.0.1:61476 - R:localhost/127.0.0.1:6896]
java.net.SocketException: Connection reset
	at java.base/sun.nio.ch.SocketChannelImpl.throwConnectionReset(SocketChannelImpl.java:394)
	at java.base/sun.nio.ch.SocketChannelImpl.read(SocketChannelImpl.java:426)
	at io.netty.buffer.PooledByteBuf.setBytes(PooledByteBuf.java:259)
	at io.netty.buffer.AbstractByteBuf.writeBytes(AbstractByteBuf.java:1132)
	at io.netty.channel.socket.nio.NioSocketChannel.doReadBytes(NioSocketChannel.java:357)
	at io.netty.channel.nio.AbstractNioByteChannel$NioByteUnsafe.read(AbstractNioByteChannel.java:151)
	at io.netty.channel.nio.NioEventLoop.processSelectedKey(NioEventLoop.java:788)
	at io.netty.channel.nio.NioEventLoop.processSelectedKeysOptimized(NioEventLoop.java:724)
	at io.netty.channel.nio.NioEventLoop.processSelectedKeys(NioEventLoop.java:650)
	at io.netty.channel.nio.NioEventLoop.run(NioEventLoop.java:562)
	at io.netty.util.concurrent.SingleThreadEventExecutor$4.run(SingleThreadEventExecutor.java:997)
	at io.netty.util.internal.ThreadExecutorMap$2.run(ThreadExecutorMap.java:74)
	at io.netty.util.concurrent.FastThreadLocalRunnable.run(FastThreadLocalRunnable.java:30)
	at java.base/java.lang.Thread.run(Thread.java:833)
11:37:16.729 [AsyncHttpClient-1-8] DEBUG org.asynchttpclient.netty.channel.ChannelManager - Closing Channel [id: 0x1681981a, L:/127.0.0.1:61476 - R:localhost/127.0.0.1:6896] 
11:37:16.729 [AsyncHttpClient-1-8] DEBUG org.asynchttpclient.netty.handler.HttpHandler - Channel Closed: [id: 0x1681981a, L:/127.0.0.1:61476 ! R:localhost/127.0.0.1:6896] with attribute DISCARD
11:37:16.772 [main] DEBUG net.thucydides.core.steps.StepEventBus - Test suite started for class com.swaglabs.testcases.Tests
11:37:16.772 [main] INFO  - Test Suite Started: Tests
11:37:16.772 [main] INFO  - 
  _____   ___   ___   _____     ___   _____     _     ___   _____   ___   ___  
 |_   _| | __| / __| |_   _|   / __| |_   _|   /_\   | _ \ |_   _| | __| |   \ 
   | |   | _|  \__ \   | |     \__ \   | |    / _ \  |   /   | |   | _|  | |) |
   |_|   |___| |___/   |_|     |___/   |_|   /_/ \_\ |_|_\   |_|   |___| |___/ 

testCases[3]
--------------------------------------------------------------------------------
11:37:16.811 [main] DEBUG net.thucydides.core.steps.StepInterceptor - STARTING STEP: SetUp.launchBrowser - launch browser
11:37:16.938 [AsyncHttpClient-1-1] DEBUG org.asynchttpclient.netty.channel.DefaultChannelPool - Entry count for : http://localhost:6896 : 1
11:37:16.938 [AsyncHttpClient-1-1] DEBUG org.asynchttpclient.netty.channel.DefaultChannelPool - Adding Candidate expired Channel [id: 0x1681981a, L:/127.0.0.1:61476 ! R:localhost/127.0.0.1:6896] isIdleTimeoutExpired=false isRemotelyClosed=true isTtlExpired=false
11:37:16.938 [AsyncHttpClient-1-1] DEBUG org.asynchttpclient.netty.channel.DefaultChannelPool - Closing Idle Channel [id: 0x1681981a, L:/127.0.0.1:61476 ! R:localhost/127.0.0.1:6896]
11:37:16.938 [AsyncHttpClient-1-1] DEBUG org.asynchttpclient.netty.channel.DefaultChannelPool - Closed 1 connections out of 1 in 0 ms
11:37:17.572 [AsyncHttpClient-1-11] DEBUG org.asynchttpclient.netty.channel.NettyConnectListener - Using new Channel '[id: 0x5bbdc2b9, L:/127.0.0.1:61695 - R:localhost/127.0.0.1:11548]' for 'POST' to '/session'
11:37:20.696 [AsyncHttpClient-1-11] DEBUG org.asynchttpclient.netty.handler.HttpHandler - 

Request DefaultHttpRequest(decodeResult: success, version: HTTP/1.1)
POST /session HTTP/1.1
User-Agent: selenium/4.8.0 (java windows)
Content-Length: 517
Content-Type: application/json; charset=utf-8
host: localhost:11548
accept: */*

Response DefaultHttpResponse(decodeResult: success, version: HTTP/1.1)
HTTP/1.1 200 OK
Content-Length: 828
Content-Type: application/json; charset=utf-8
cache-control: no-cache

11:37:20.696 [AsyncHttpClient-1-11] DEBUG org.asynchttpclient.netty.channel.ChannelManager - Adding key: http://localhost:11548 for channel [id: 0x5bbdc2b9, L:/127.0.0.1:61695 - R:localhost/127.0.0.1:11548]
11:37:20.709 [AsyncHttpClient-1-12] DEBUG org.asynchttpclient.netty.channel.NettyConnectListener - Using new Channel '[id: 0xbd673d96, L:/127.0.0.1:61712 - R:localhost/127.0.0.1:61697]' for 'GET' to '/json/version'
11:37:20.712 [AsyncHttpClient-1-12] DEBUG org.asynchttpclient.netty.handler.HttpHandler - 

Request DefaultFullHttpRequest(decodeResult: success, version: HTTP/1.1, content: EmptyByteBufBE)
GET /json/version HTTP/1.1
User-Agent: selenium/4.8.0 (java windows)
host: localhost:61697
accept: */*

Response DefaultHttpResponse(decodeResult: success, version: HTTP/1.1)
HTTP/1.1 200 OK
Content-Security-Policy: frame-ancestors 'none'
Content-Length: 436
Content-Type: application/json; charset=UTF-8

11:37:20.712 [AsyncHttpClient-1-12] DEBUG org.asynchttpclient.netty.channel.ChannelManager - Adding key: http://localhost:61697 for channel [id: 0xbd673d96, L:/127.0.0.1:61712 - R:localhost/127.0.0.1:61697]
11:37:20.725 [AsyncHttpClient-1-13] DEBUG org.asynchttpclient.netty.channel.NettyConnectListener - Using new Channel '[id: 0xbc6c0a65, L:/127.0.0.1:61713 - R:localhost/127.0.0.1:61697]' for 'GET' to '/devtools/browser/5ed1e99c-ca96-4680-9219-cdf3380a2360'
11:37:20.729 [AsyncHttpClient-1-13] DEBUG org.asynchttpclient.netty.handler.WebSocketHandler - 

Request DefaultFullHttpRequest(decodeResult: success, version: HTTP/1.1, content: EmptyByteBufBE)
GET /devtools/browser/5ed1e99c-ca96-4680-9219-cdf3380a2360 HTTP/1.1
upgrade: websocket
connection: upgrade
sec-websocket-key: 4zzcOD/UD22HtTY/tJVNHQ==
sec-websocket-version: 13
origin: http://localhost:61697
host: localhost:61697
accept: */*
user-agent: AHC/2.1

Response DefaultHttpResponse(decodeResult: success, version: HTTP/1.1)
HTTP/1.1 101 WebSocket Protocol Handshake
Upgrade: WebSocket
Connection: Upgrade
Sec-WebSocket-Accept: xbF9oYsto71h3p1NuwI/Kimwqp0=

11:37:20.734 [Forwarding setTimeout on session 221bcc29d5cf0aaa89a848ee0fa7326e to remote] DEBUG org.asynchttpclient.netty.request.NettyRequestSender - Using pooled Channel '[id: 0x5bbdc2b9, L:/127.0.0.1:61695 - R:localhost/127.0.0.1:11548]' for 'POST' to 'http://localhost:11548/session/221bcc29d5cf0aaa89a848ee0fa7326e/timeouts'
11:37:20.734 [Forwarding setTimeout on session 221bcc29d5cf0aaa89a848ee0fa7326e to remote] DEBUG org.asynchttpclient.netty.request.NettyRequestSender - Using open Channel [id: 0x5bbdc2b9, L:/127.0.0.1:61695 - R:localhost/127.0.0.1:11548] for POST '/session/221bcc29d5cf0aaa89a848ee0fa7326e/timeouts'
11:37:20.742 [AsyncHttpClient-1-11] DEBUG org.asynchttpclient.netty.handler.HttpHandler - 

Request DefaultHttpRequest(decodeResult: success, version: HTTP/1.1)
POST /session/221bcc29d5cf0aaa89a848ee0fa7326e/timeouts HTTP/1.1
User-Agent: selenium/4.8.0 (java windows)
Content-Length: 21
Content-Type: application/json; charset=utf-8
host: localhost:11548
accept: */*

Response DefaultHttpResponse(decodeResult: success, version: HTTP/1.1)
HTTP/1.1 200 OK
Content-Length: 14
Content-Type: application/json; charset=utf-8
cache-control: no-cache

11:37:20.745 [AsyncHttpClient-1-11] DEBUG org.asynchttpclient.netty.channel.ChannelManager - Adding key: http://localhost:11548 for channel [id: 0x5bbdc2b9, L:/127.0.0.1:61695 - R:localhost/127.0.0.1:11548]
11:37:20.746 [Forwarding maximizeCurrentWindow on session 221bcc29d5cf0aaa89a848ee0fa7326e to remote] DEBUG org.asynchttpclient.netty.request.NettyRequestSender - Using pooled Channel '[id: 0x5bbdc2b9, L:/127.0.0.1:61695 - R:localhost/127.0.0.1:11548]' for 'POST' to 'http://localhost:11548/session/221bcc29d5cf0aaa89a848ee0fa7326e/window/maximize'
11:37:20.746 [Forwarding maximizeCurrentWindow on session 221bcc29d5cf0aaa89a848ee0fa7326e to remote] DEBUG org.asynchttpclient.netty.request.NettyRequestSender - Using open Channel [id: 0x5bbdc2b9, L:/127.0.0.1:61695 - R:localhost/127.0.0.1:11548] for POST '/session/221bcc29d5cf0aaa89a848ee0fa7326e/window/maximize'
11:37:20.878 [AsyncHttpClient-1-11] DEBUG org.asynchttpclient.netty.handler.HttpHandler - 

Request DefaultHttpRequest(decodeResult: success, version: HTTP/1.1)
POST /session/221bcc29d5cf0aaa89a848ee0fa7326e/window/maximize HTTP/1.1
User-Agent: selenium/4.8.0 (java windows)
Content-Length: 3
Content-Type: application/json; charset=utf-8
host: localhost:11548
accept: */*

Response DefaultHttpResponse(decodeResult: success, version: HTTP/1.1)
HTTP/1.1 200 OK
Content-Length: 51
Content-Type: application/json; charset=utf-8
cache-control: no-cache

11:37:20.878 [AsyncHttpClient-1-11] DEBUG org.asynchttpclient.netty.channel.ChannelManager - Adding key: http://localhost:11548 for channel [id: 0x5bbdc2b9, L:/127.0.0.1:61695 - R:localhost/127.0.0.1:11548]
11:37:20.879 [Forwarding get on session 221bcc29d5cf0aaa89a848ee0fa7326e to remote] DEBUG org.asynchttpclient.netty.request.NettyRequestSender - Using pooled Channel '[id: 0x5bbdc2b9, L:/127.0.0.1:61695 - R:localhost/127.0.0.1:11548]' for 'POST' to 'http://localhost:11548/session/221bcc29d5cf0aaa89a848ee0fa7326e/url'
11:37:20.879 [Forwarding get on session 221bcc29d5cf0aaa89a848ee0fa7326e to remote] DEBUG org.asynchttpclient.netty.request.NettyRequestSender - Using open Channel [id: 0x5bbdc2b9, L:/127.0.0.1:61695 - R:localhost/127.0.0.1:11548] for POST '/session/221bcc29d5cf0aaa89a848ee0fa7326e/url'
11:37:21.333 [AsyncHttpClient-1-1] DEBUG org.asynchttpclient.netty.channel.DefaultChannelPool - Entry count for : http://localhost:61697 : 1
11:37:21.882 [AsyncHttpClient-1-11] DEBUG org.asynchttpclient.netty.handler.HttpHandler - 

Request DefaultHttpRequest(decodeResult: success, version: HTTP/1.1)
POST /session/221bcc29d5cf0aaa89a848ee0fa7326e/url HTTP/1.1
User-Agent: selenium/4.8.0 (java windows)
Content-Length: 56
Content-Type: application/json; charset=utf-8
host: localhost:11548
accept: */*

Response DefaultHttpResponse(decodeResult: success, version: HTTP/1.1)
HTTP/1.1 200 OK
Content-Length: 14
Content-Type: application/json; charset=utf-8
cache-control: no-cache

11:37:21.882 [AsyncHttpClient-1-11] DEBUG org.asynchttpclient.netty.channel.ChannelManager - Adding key: http://localhost:11548 for channel [id: 0x5bbdc2b9, L:/127.0.0.1:61695 - R:localhost/127.0.0.1:11548]
11:37:21.883 [Forwarding setTimeout on session 221bcc29d5cf0aaa89a848ee0fa7326e to remote] DEBUG org.asynchttpclient.netty.request.NettyRequestSender - Using pooled Channel '[id: 0x5bbdc2b9, L:/127.0.0.1:61695 - R:localhost/127.0.0.1:11548]' for 'POST' to 'http://localhost:11548/session/221bcc29d5cf0aaa89a848ee0fa7326e/timeouts'
11:37:21.884 [Forwarding setTimeout on session 221bcc29d5cf0aaa89a848ee0fa7326e to remote] DEBUG org.asynchttpclient.netty.request.NettyRequestSender - Using open Channel [id: 0x5bbdc2b9, L:/127.0.0.1:61695 - R:localhost/127.0.0.1:11548] for POST '/session/221bcc29d5cf0aaa89a848ee0fa7326e/timeouts'
11:37:21.887 [AsyncHttpClient-1-11] DEBUG org.asynchttpclient.netty.handler.HttpHandler - 

Request DefaultHttpRequest(decodeResult: success, version: HTTP/1.1)
POST /session/221bcc29d5cf0aaa89a848ee0fa7326e/timeouts HTTP/1.1
User-Agent: selenium/4.8.0 (java windows)
Content-Length: 21
Content-Type: application/json; charset=utf-8
host: localhost:11548
accept: */*

Response DefaultHttpResponse(decodeResult: success, version: HTTP/1.1)
HTTP/1.1 200 OK
Content-Length: 14
Content-Type: application/json; charset=utf-8
cache-control: no-cache

11:37:21.887 [AsyncHttpClient-1-11] DEBUG org.asynchttpclient.netty.channel.ChannelManager - Adding key: http://localhost:11548 for channel [id: 0x5bbdc2b9, L:/127.0.0.1:61695 - R:localhost/127.0.0.1:11548]
11:37:21.888 [Forwarding getCurrentUrl on session 221bcc29d5cf0aaa89a848ee0fa7326e to remote] DEBUG org.asynchttpclient.netty.request.NettyRequestSender - Using pooled Channel '[id: 0x5bbdc2b9, L:/127.0.0.1:61695 - R:localhost/127.0.0.1:11548]' for 'GET' to 'http://localhost:11548/session/221bcc29d5cf0aaa89a848ee0fa7326e/url'
11:37:21.888 [Forwarding getCurrentUrl on session 221bcc29d5cf0aaa89a848ee0fa7326e to remote] DEBUG org.asynchttpclient.netty.request.NettyRequestSender - Using open Channel [id: 0x5bbdc2b9, L:/127.0.0.1:61695 - R:localhost/127.0.0.1:11548] for GET '/session/221bcc29d5cf0aaa89a848ee0fa7326e/url'
11:37:21.918 [AsyncHttpClient-1-11] DEBUG org.asynchttpclient.netty.handler.HttpHandler - 

Request DefaultFullHttpRequest(decodeResult: success, version: HTTP/1.1, content: EmptyByteBufBE)
GET /session/221bcc29d5cf0aaa89a848ee0fa7326e/url HTTP/1.1
User-Agent: selenium/4.8.0 (java windows)
Cache-Control: no-cache
Content-Type: application/json; charset=utf-8
host: localhost:11548
accept: */*

Response DefaultHttpResponse(decodeResult: success, version: HTTP/1.1)
HTTP/1.1 200 OK
Content-Length: 38
Content-Type: application/json; charset=utf-8
cache-control: no-cache

11:37:21.918 [AsyncHttpClient-1-11] DEBUG org.asynchttpclient.netty.channel.ChannelManager - Adding key: http://localhost:11548 for channel [id: 0x5bbdc2b9, L:/127.0.0.1:61695 - R:localhost/127.0.0.1:11548]
11:37:21.919 [Forwarding getCurrentUrl on session 221bcc29d5cf0aaa89a848ee0fa7326e to remote] DEBUG org.asynchttpclient.netty.request.NettyRequestSender - Using pooled Channel '[id: 0x5bbdc2b9, L:/127.0.0.1:61695 - R:localhost/127.0.0.1:11548]' for 'GET' to 'http://localhost:11548/session/221bcc29d5cf0aaa89a848ee0fa7326e/url'
11:37:21.919 [Forwarding getCurrentUrl on session 221bcc29d5cf0aaa89a848ee0fa7326e to remote] DEBUG org.asynchttpclient.netty.request.NettyRequestSender - Using open Channel [id: 0x5bbdc2b9, L:/127.0.0.1:61695 - R:localhost/127.0.0.1:11548] for GET '/session/221bcc29d5cf0aaa89a848ee0fa7326e/url'
11:37:21.952 [AsyncHttpClient-1-11] DEBUG org.asynchttpclient.netty.handler.HttpHandler - 

Request DefaultFullHttpRequest(decodeResult: success, version: HTTP/1.1, content: EmptyByteBufBE)
GET /session/221bcc29d5cf0aaa89a848ee0fa7326e/url HTTP/1.1
User-Agent: selenium/4.8.0 (java windows)
Cache-Control: no-cache
Content-Type: application/json; charset=utf-8
host: localhost:11548
accept: */*

Response DefaultHttpResponse(decodeResult: success, version: HTTP/1.1)
HTTP/1.1 200 OK
Content-Length: 38
Content-Type: application/json; charset=utf-8
cache-control: no-cache

11:37:21.953 [AsyncHttpClient-1-11] DEBUG org.asynchttpclient.netty.channel.ChannelManager - Adding key: http://localhost:11548 for channel [id: 0x5bbdc2b9, L:/127.0.0.1:61695 - R:localhost/127.0.0.1:11548]
11:37:21.954 [main] INFO  com.swaglabs.base.SetUp - browser launched
11:37:21.958 [main] DEBUG net.serenitybdd.core.photography.Darkroom - Opening darkroom
11:37:21.959 [Forwarding getAlertText on session 221bcc29d5cf0aaa89a848ee0fa7326e to remote] DEBUG org.asynchttpclient.netty.request.NettyRequestSender - Using pooled Channel '[id: 0x5bbdc2b9, L:/127.0.0.1:61695 - R:localhost/127.0.0.1:11548]' for 'GET' to 'http://localhost:11548/session/221bcc29d5cf0aaa89a848ee0fa7326e/alert/text'
11:37:21.959 [Forwarding getAlertText on session 221bcc29d5cf0aaa89a848ee0fa7326e to remote] DEBUG org.asynchttpclient.netty.request.NettyRequestSender - Using open Channel [id: 0x5bbdc2b9, L:/127.0.0.1:61695 - R:localhost/127.0.0.1:11548] for GET '/session/221bcc29d5cf0aaa89a848ee0fa7326e/alert/text'
11:37:21.962 [Darkroom Processing Line] DEBUG net.serenitybdd.core.photography.DarkroomProcessingLine - Darkroom processing line starting up
11:37:21.964 [AsyncHttpClient-1-11] DEBUG org.asynchttpclient.netty.handler.HttpHandler - 

Request DefaultFullHttpRequest(decodeResult: success, version: HTTP/1.1, content: EmptyByteBufBE)
GET /session/221bcc29d5cf0aaa89a848ee0fa7326e/alert/text HTTP/1.1
User-Agent: selenium/4.8.0 (java windows)
Cache-Control: no-cache
Content-Type: application/json; charset=utf-8
host: localhost:11548
accept: */*

Response DefaultHttpResponse(decodeResult: success, version: HTTP/1.1)
HTTP/1.1 404 Not Found
Content-Length: 1522
Content-Type: application/json; charset=utf-8
cache-control: no-cache

11:37:21.964 [AsyncHttpClient-1-11] DEBUG org.asynchttpclient.netty.channel.ChannelManager - Adding key: http://localhost:11548 for channel [id: 0x5bbdc2b9, L:/127.0.0.1:61695 - R:localhost/127.0.0.1:11548]
11:37:21.965 [Forwarding getCurrentUrl on session 221bcc29d5cf0aaa89a848ee0fa7326e to remote] DEBUG org.asynchttpclient.netty.request.NettyRequestSender - Using pooled Channel '[id: 0x5bbdc2b9, L:/127.0.0.1:61695 - R:localhost/127.0.0.1:11548]' for 'GET' to 'http://localhost:11548/session/221bcc29d5cf0aaa89a848ee0fa7326e/url'
11:37:21.965 [Forwarding getCurrentUrl on session 221bcc29d5cf0aaa89a848ee0fa7326e to remote] DEBUG org.asynchttpclient.netty.request.NettyRequestSender - Using open Channel [id: 0x5bbdc2b9, L:/127.0.0.1:61695 - R:localhost/127.0.0.1:11548] for GET '/session/221bcc29d5cf0aaa89a848ee0fa7326e/url'
11:37:21.971 [AsyncHttpClient-1-11] DEBUG org.asynchttpclient.netty.handler.HttpHandler - 

Request DefaultFullHttpRequest(decodeResult: success, version: HTTP/1.1, content: EmptyByteBufBE)
GET /session/221bcc29d5cf0aaa89a848ee0fa7326e/url HTTP/1.1
User-Agent: selenium/4.8.0 (java windows)
Cache-Control: no-cache
Content-Type: application/json; charset=utf-8
host: localhost:11548
accept: */*

Response DefaultHttpResponse(decodeResult: success, version: HTTP/1.1)
HTTP/1.1 200 OK
Content-Length: 38
Content-Type: application/json; charset=utf-8
cache-control: no-cache

11:37:21.971 [AsyncHttpClient-1-11] DEBUG org.asynchttpclient.netty.channel.ChannelManager - Adding key: http://localhost:11548 for channel [id: 0x5bbdc2b9, L:/127.0.0.1:61695 - R:localhost/127.0.0.1:11548]
11:37:21.972 [Forwarding screenshot on session 221bcc29d5cf0aaa89a848ee0fa7326e to remote] DEBUG org.asynchttpclient.netty.request.NettyRequestSender - Using pooled Channel '[id: 0x5bbdc2b9, L:/127.0.0.1:61695 - R:localhost/127.0.0.1:11548]' for 'GET' to 'http://localhost:11548/session/221bcc29d5cf0aaa89a848ee0fa7326e/screenshot'
11:37:21.972 [Forwarding screenshot on session 221bcc29d5cf0aaa89a848ee0fa7326e to remote] DEBUG org.asynchttpclient.netty.request.NettyRequestSender - Using open Channel [id: 0x5bbdc2b9, L:/127.0.0.1:61695 - R:localhost/127.0.0.1:11548] for GET '/session/221bcc29d5cf0aaa89a848ee0fa7326e/screenshot'
11:37:22.161 [AsyncHttpClient-1-11] DEBUG org.asynchttpclient.netty.handler.HttpHandler - 

Request DefaultFullHttpRequest(decodeResult: success, version: HTTP/1.1, content: EmptyByteBufBE)
GET /session/221bcc29d5cf0aaa89a848ee0fa7326e/screenshot HTTP/1.1
User-Agent: selenium/4.8.0 (java windows)
Cache-Control: no-cache
Content-Type: application/json; charset=utf-8
host: localhost:11548
accept: */*

Response DefaultHttpResponse(decodeResult: success, version: HTTP/1.1)
HTTP/1.1 200 OK
Content-Length: 56888
Content-Type: application/json; charset=utf-8
cache-control: no-cache

11:37:22.161 [AsyncHttpClient-1-11] DEBUG org.asynchttpclient.netty.channel.ChannelManager - Adding key: http://localhost:11548 for channel [id: 0x5bbdc2b9, L:/127.0.0.1:61695 - R:localhost/127.0.0.1:11548]
11:37:22.164 [main] DEBUG net.serenitybdd.core.photography.Darkroom - Send negative for processing for target\site\serenity\9e064797e028a3807699613c333f7a315a08d2c82b6ed50ea0e2ad01a26ca09b.png
11:37:22.165 [main] DEBUG net.thucydides.core.steps.StepInterceptor - STEP DONE: launch browser
11:37:22.174 [Forwarding getPageSource on session 221bcc29d5cf0aaa89a848ee0fa7326e to remote] DEBUG org.asynchttpclient.netty.request.NettyRequestSender - Using pooled Channel '[id: 0x5bbdc2b9, L:/127.0.0.1:61695 - R:localhost/127.0.0.1:11548]' for 'POST' to 'http://localhost:11548/session/221bcc29d5cf0aaa89a848ee0fa7326e/execute/sync'
11:37:22.174 [Forwarding getPageSource on session 221bcc29d5cf0aaa89a848ee0fa7326e to remote] DEBUG org.asynchttpclient.netty.request.NettyRequestSender - Using open Channel [id: 0x5bbdc2b9, L:/127.0.0.1:61695 - R:localhost/127.0.0.1:11548] for POST '/session/221bcc29d5cf0aaa89a848ee0fa7326e/execute/sync'
11:37:22.181 [AsyncHttpClient-1-11] DEBUG org.asynchttpclient.netty.handler.HttpHandler - 

Request DefaultHttpRequest(decodeResult: success, version: HTTP/1.1)
POST /session/221bcc29d5cf0aaa89a848ee0fa7326e/execute/sync HTTP/1.1
User-Agent: selenium/4.8.0 (java windows)
Content-Length: 176
Content-Type: application/json; charset=utf-8
host: localhost:11548
accept: */*

Response DefaultHttpResponse(decodeResult: success, version: HTTP/1.1)
HTTP/1.1 200 OK
Content-Length: 4333
Content-Type: application/json; charset=utf-8
cache-control: no-cache

11:37:22.182 [AsyncHttpClient-1-11] DEBUG org.asynchttpclient.netty.channel.ChannelManager - Adding key: http://localhost:11548 for channel [id: 0x5bbdc2b9, L:/127.0.0.1:61695 - R:localhost/127.0.0.1:11548]
11:37:22.182 [Forwarding getCurrentUrl on session 221bcc29d5cf0aaa89a848ee0fa7326e to remote] DEBUG org.asynchttpclient.netty.request.NettyRequestSender - Using pooled Channel '[id: 0x5bbdc2b9, L:/127.0.0.1:61695 - R:localhost/127.0.0.1:11548]' for 'GET' to 'http://localhost:11548/session/221bcc29d5cf0aaa89a848ee0fa7326e/url'
11:37:22.183 [Forwarding getCurrentUrl on session 221bcc29d5cf0aaa89a848ee0fa7326e to remote] DEBUG org.asynchttpclient.netty.request.NettyRequestSender - Using open Channel [id: 0x5bbdc2b9, L:/127.0.0.1:61695 - R:localhost/127.0.0.1:11548] for GET '/session/221bcc29d5cf0aaa89a848ee0fa7326e/url'
11:37:22.186 [AsyncHttpClient-1-11] DEBUG org.asynchttpclient.netty.handler.HttpHandler - 

Request DefaultFullHttpRequest(decodeResult: success, version: HTTP/1.1, content: EmptyByteBufBE)
GET /session/221bcc29d5cf0aaa89a848ee0fa7326e/url HTTP/1.1
User-Agent: selenium/4.8.0 (java windows)
Cache-Control: no-cache
Content-Type: application/json; charset=utf-8
host: localhost:11548
accept: */*

Response DefaultHttpResponse(decodeResult: success, version: HTTP/1.1)
HTTP/1.1 200 OK
Content-Length: 38
Content-Type: application/json; charset=utf-8
cache-control: no-cache

11:37:22.186 [AsyncHttpClient-1-11] DEBUG org.asynchttpclient.netty.channel.ChannelManager - Adding key: http://localhost:11548 for channel [id: 0x5bbdc2b9, L:/127.0.0.1:61695 - R:localhost/127.0.0.1:11548]
11:37:22.194 [main] DEBUG net.thucydides.core.steps.StepInterceptor - STARTING STEP: Tests.testCases - launch browser
11:37:22.195 [Forwarding get on session 221bcc29d5cf0aaa89a848ee0fa7326e to remote] DEBUG org.asynchttpclient.netty.request.NettyRequestSender - Using pooled Channel '[id: 0x5bbdc2b9, L:/127.0.0.1:61695 - R:localhost/127.0.0.1:11548]' for 'POST' to 'http://localhost:11548/session/221bcc29d5cf0aaa89a848ee0fa7326e/url'
11:37:22.195 [Forwarding get on session 221bcc29d5cf0aaa89a848ee0fa7326e to remote] DEBUG org.asynchttpclient.netty.request.NettyRequestSender - Using open Channel [id: 0x5bbdc2b9, L:/127.0.0.1:61695 - R:localhost/127.0.0.1:11548] for POST '/session/221bcc29d5cf0aaa89a848ee0fa7326e/url'
11:37:22.351 [AsyncHttpClient-1-11] DEBUG org.asynchttpclient.netty.handler.HttpHandler - 

Request DefaultHttpRequest(decodeResult: success, version: HTTP/1.1)
POST /session/221bcc29d5cf0aaa89a848ee0fa7326e/url HTTP/1.1
User-Agent: selenium/4.8.0 (java windows)
Content-Length: 56
Content-Type: application/json; charset=utf-8
host: localhost:11548
accept: */*

Response DefaultHttpResponse(decodeResult: success, version: HTTP/1.1)
HTTP/1.1 200 OK
Content-Length: 14
Content-Type: application/json; charset=utf-8
cache-control: no-cache

11:37:22.351 [AsyncHttpClient-1-11] DEBUG org.asynchttpclient.netty.channel.ChannelManager - Adding key: http://localhost:11548 for channel [id: 0x5bbdc2b9, L:/127.0.0.1:61695 - R:localhost/127.0.0.1:11548]
11:37:22.362 [Forwarding getCurrentUrl on session 221bcc29d5cf0aaa89a848ee0fa7326e to remote] DEBUG org.asynchttpclient.netty.request.NettyRequestSender - Using pooled Channel '[id: 0x5bbdc2b9, L:/127.0.0.1:61695 - R:localhost/127.0.0.1:11548]' for 'GET' to 'http://localhost:11548/session/221bcc29d5cf0aaa89a848ee0fa7326e/url'
11:37:22.362 [Forwarding getCurrentUrl on session 221bcc29d5cf0aaa89a848ee0fa7326e to remote] DEBUG org.asynchttpclient.netty.request.NettyRequestSender - Using open Channel [id: 0x5bbdc2b9, L:/127.0.0.1:61695 - R:localhost/127.0.0.1:11548] for GET '/session/221bcc29d5cf0aaa89a848ee0fa7326e/url'
11:37:22.386 [AsyncHttpClient-1-11] DEBUG org.asynchttpclient.netty.handler.HttpHandler - 

Request DefaultFullHttpRequest(decodeResult: success, version: HTTP/1.1, content: EmptyByteBufBE)
GET /session/221bcc29d5cf0aaa89a848ee0fa7326e/url HTTP/1.1
User-Agent: selenium/4.8.0 (java windows)
Cache-Control: no-cache
Content-Type: application/json; charset=utf-8
host: localhost:11548
accept: */*

Response DefaultHttpResponse(decodeResult: success, version: HTTP/1.1)
HTTP/1.1 200 OK
Content-Length: 38
Content-Type: application/json; charset=utf-8
cache-control: no-cache

11:37:22.386 [AsyncHttpClient-1-11] DEBUG org.asynchttpclient.netty.channel.ChannelManager - Adding key: http://localhost:11548 for channel [id: 0x5bbdc2b9, L:/127.0.0.1:61695 - R:localhost/127.0.0.1:11548]
11:37:22.387 [Forwarding getCurrentUrl on session 221bcc29d5cf0aaa89a848ee0fa7326e to remote] DEBUG org.asynchttpclient.netty.request.NettyRequestSender - Using pooled Channel '[id: 0x5bbdc2b9, L:/127.0.0.1:61695 - R:localhost/127.0.0.1:11548]' for 'GET' to 'http://localhost:11548/session/221bcc29d5cf0aaa89a848ee0fa7326e/url'
11:37:22.387 [Forwarding getCurrentUrl on session 221bcc29d5cf0aaa89a848ee0fa7326e to remote] DEBUG org.asynchttpclient.netty.request.NettyRequestSender - Using open Channel [id: 0x5bbdc2b9, L:/127.0.0.1:61695 - R:localhost/127.0.0.1:11548] for GET '/session/221bcc29d5cf0aaa89a848ee0fa7326e/url'
11:37:22.399 [AsyncHttpClient-1-11] DEBUG org.asynchttpclient.netty.handler.HttpHandler - 

Request DefaultFullHttpRequest(decodeResult: success, version: HTTP/1.1, content: EmptyByteBufBE)
GET /session/221bcc29d5cf0aaa89a848ee0fa7326e/url HTTP/1.1
User-Agent: selenium/4.8.0 (java windows)
Cache-Control: no-cache
Content-Type: application/json; charset=utf-8
host: localhost:11548
accept: */*

Response DefaultHttpResponse(decodeResult: success, version: HTTP/1.1)
HTTP/1.1 200 OK
Content-Length: 38
Content-Type: application/json; charset=utf-8
cache-control: no-cache

11:37:22.399 [AsyncHttpClient-1-11] DEBUG org.asynchttpclient.netty.channel.ChannelManager - Adding key: http://localhost:11548 for channel [id: 0x5bbdc2b9, L:/127.0.0.1:61695 - R:localhost/127.0.0.1:11548]
11:37:22.399 [main] INFO  com.swaglabs.base.SetUp - browser launched
11:37:22.403 [Forwarding getAlertText on session 221bcc29d5cf0aaa89a848ee0fa7326e to remote] DEBUG org.asynchttpclient.netty.request.NettyRequestSender - Using pooled Channel '[id: 0x5bbdc2b9, L:/127.0.0.1:61695 - R:localhost/127.0.0.1:11548]' for 'GET' to 'http://localhost:11548/session/221bcc29d5cf0aaa89a848ee0fa7326e/alert/text'
11:37:22.403 [Forwarding getAlertText on session 221bcc29d5cf0aaa89a848ee0fa7326e to remote] DEBUG org.asynchttpclient.netty.request.NettyRequestSender - Using open Channel [id: 0x5bbdc2b9, L:/127.0.0.1:61695 - R:localhost/127.0.0.1:11548] for GET '/session/221bcc29d5cf0aaa89a848ee0fa7326e/alert/text'
11:37:22.406 [AsyncHttpClient-1-11] DEBUG org.asynchttpclient.netty.handler.HttpHandler - 

Request DefaultFullHttpRequest(decodeResult: success, version: HTTP/1.1, content: EmptyByteBufBE)
GET /session/221bcc29d5cf0aaa89a848ee0fa7326e/alert/text HTTP/1.1
User-Agent: selenium/4.8.0 (java windows)
Cache-Control: no-cache
Content-Type: application/json; charset=utf-8
host: localhost:11548
accept: */*

Response DefaultHttpResponse(decodeResult: success, version: HTTP/1.1)
HTTP/1.1 404 Not Found
Content-Length: 1522
Content-Type: application/json; charset=utf-8
cache-control: no-cache

11:37:22.406 [AsyncHttpClient-1-11] DEBUG org.asynchttpclient.netty.channel.ChannelManager - Adding key: http://localhost:11548 for channel [id: 0x5bbdc2b9, L:/127.0.0.1:61695 - R:localhost/127.0.0.1:11548]
11:37:22.408 [Forwarding getCurrentUrl on session 221bcc29d5cf0aaa89a848ee0fa7326e to remote] DEBUG org.asynchttpclient.netty.request.NettyRequestSender - Using pooled Channel '[id: 0x5bbdc2b9, L:/127.0.0.1:61695 - R:localhost/127.0.0.1:11548]' for 'GET' to 'http://localhost:11548/session/221bcc29d5cf0aaa89a848ee0fa7326e/url'
11:37:22.409 [Forwarding getCurrentUrl on session 221bcc29d5cf0aaa89a848ee0fa7326e to remote] DEBUG org.asynchttpclient.netty.request.NettyRequestSender - Using open Channel [id: 0x5bbdc2b9, L:/127.0.0.1:61695 - R:localhost/127.0.0.1:11548] for GET '/session/221bcc29d5cf0aaa89a848ee0fa7326e/url'
11:37:22.419 [AsyncHttpClient-1-11] DEBUG org.asynchttpclient.netty.handler.HttpHandler - 

Request DefaultFullHttpRequest(decodeResult: success, version: HTTP/1.1, content: EmptyByteBufBE)
GET /session/221bcc29d5cf0aaa89a848ee0fa7326e/url HTTP/1.1
User-Agent: selenium/4.8.0 (java windows)
Cache-Control: no-cache
Content-Type: application/json; charset=utf-8
host: localhost:11548
accept: */*

Response DefaultHttpResponse(decodeResult: success, version: HTTP/1.1)
HTTP/1.1 200 OK
Content-Length: 38
Content-Type: application/json; charset=utf-8
cache-control: no-cache

11:37:22.419 [AsyncHttpClient-1-11] DEBUG org.asynchttpclient.netty.channel.ChannelManager - Adding key: http://localhost:11548 for channel [id: 0x5bbdc2b9, L:/127.0.0.1:61695 - R:localhost/127.0.0.1:11548]
11:37:22.420 [Forwarding screenshot on session 221bcc29d5cf0aaa89a848ee0fa7326e to remote] DEBUG org.asynchttpclient.netty.request.NettyRequestSender - Using pooled Channel '[id: 0x5bbdc2b9, L:/127.0.0.1:61695 - R:localhost/127.0.0.1:11548]' for 'GET' to 'http://localhost:11548/session/221bcc29d5cf0aaa89a848ee0fa7326e/screenshot'
11:37:22.420 [Forwarding screenshot on session 221bcc29d5cf0aaa89a848ee0fa7326e to remote] DEBUG org.asynchttpclient.netty.request.NettyRequestSender - Using open Channel [id: 0x5bbdc2b9, L:/127.0.0.1:61695 - R:localhost/127.0.0.1:11548] for GET '/session/221bcc29d5cf0aaa89a848ee0fa7326e/screenshot'
11:37:22.437 [AsyncHttpClient-1-1] DEBUG org.asynchttpclient.netty.channel.DefaultChannelPool - Entry count for : http://localhost:61697 : 1
11:37:22.599 [AsyncHttpClient-1-11] DEBUG org.asynchttpclient.netty.handler.HttpHandler - 

Request DefaultFullHttpRequest(decodeResult: success, version: HTTP/1.1, content: EmptyByteBufBE)
GET /session/221bcc29d5cf0aaa89a848ee0fa7326e/screenshot HTTP/1.1
User-Agent: selenium/4.8.0 (java windows)
Cache-Control: no-cache
Content-Type: application/json; charset=utf-8
host: localhost:11548
accept: */*

Response DefaultHttpResponse(decodeResult: success, version: HTTP/1.1)
HTTP/1.1 200 OK
Content-Length: 56888
Content-Type: application/json; charset=utf-8
cache-control: no-cache

11:37:22.599 [AsyncHttpClient-1-11] DEBUG org.asynchttpclient.netty.channel.ChannelManager - Adding key: http://localhost:11548 for channel [id: 0x5bbdc2b9, L:/127.0.0.1:61695 - R:localhost/127.0.0.1:11548]
11:37:22.601 [main] DEBUG net.serenitybdd.core.photography.Darkroom - Send negative for processing for target\site\serenity\9e064797e028a3807699613c333f7a315a08d2c82b6ed50ea0e2ad01a26ca09b.png
11:37:22.601 [main] DEBUG net.thucydides.core.steps.StepInterceptor - STEP DONE: launch browser
11:37:22.609 [Forwarding getPageSource on session 221bcc29d5cf0aaa89a848ee0fa7326e to remote] DEBUG org.asynchttpclient.netty.request.NettyRequestSender - Using pooled Channel '[id: 0x5bbdc2b9, L:/127.0.0.1:61695 - R:localhost/127.0.0.1:11548]' for 'POST' to 'http://localhost:11548/session/221bcc29d5cf0aaa89a848ee0fa7326e/execute/sync'
11:37:22.609 [Forwarding getPageSource on session 221bcc29d5cf0aaa89a848ee0fa7326e to remote] DEBUG org.asynchttpclient.netty.request.NettyRequestSender - Using open Channel [id: 0x5bbdc2b9, L:/127.0.0.1:61695 - R:localhost/127.0.0.1:11548] for POST '/session/221bcc29d5cf0aaa89a848ee0fa7326e/execute/sync'
11:37:22.618 [AsyncHttpClient-1-11] DEBUG org.asynchttpclient.netty.handler.HttpHandler - 

Request DefaultHttpRequest(decodeResult: success, version: HTTP/1.1)
POST /session/221bcc29d5cf0aaa89a848ee0fa7326e/execute/sync HTTP/1.1
User-Agent: selenium/4.8.0 (java windows)
Content-Length: 176
Content-Type: application/json; charset=utf-8
host: localhost:11548
accept: */*

Response DefaultHttpResponse(decodeResult: success, version: HTTP/1.1)
HTTP/1.1 200 OK
Content-Length: 4333
Content-Type: application/json; charset=utf-8
cache-control: no-cache

11:37:22.618 [AsyncHttpClient-1-11] DEBUG org.asynchttpclient.netty.channel.ChannelManager - Adding key: http://localhost:11548 for channel [id: 0x5bbdc2b9, L:/127.0.0.1:61695 - R:localhost/127.0.0.1:11548]
11:37:22.619 [Forwarding getCurrentUrl on session 221bcc29d5cf0aaa89a848ee0fa7326e to remote] DEBUG org.asynchttpclient.netty.request.NettyRequestSender - Using pooled Channel '[id: 0x5bbdc2b9, L:/127.0.0.1:61695 - R:localhost/127.0.0.1:11548]' for 'GET' to 'http://localhost:11548/session/221bcc29d5cf0aaa89a848ee0fa7326e/url'
11:37:22.619 [Forwarding getCurrentUrl on session 221bcc29d5cf0aaa89a848ee0fa7326e to remote] DEBUG org.asynchttpclient.netty.request.NettyRequestSender - Using open Channel [id: 0x5bbdc2b9, L:/127.0.0.1:61695 - R:localhost/127.0.0.1:11548] for GET '/session/221bcc29d5cf0aaa89a848ee0fa7326e/url'
11:37:22.626 [AsyncHttpClient-1-11] DEBUG org.asynchttpclient.netty.handler.HttpHandler - 

Request DefaultFullHttpRequest(decodeResult: success, version: HTTP/1.1, content: EmptyByteBufBE)
GET /session/221bcc29d5cf0aaa89a848ee0fa7326e/url HTTP/1.1
User-Agent: selenium/4.8.0 (java windows)
Cache-Control: no-cache
Content-Type: application/json; charset=utf-8
host: localhost:11548
accept: */*

Response DefaultHttpResponse(decodeResult: success, version: HTTP/1.1)
HTTP/1.1 200 OK
Content-Length: 38
Content-Type: application/json; charset=utf-8
cache-control: no-cache

11:37:22.626 [AsyncHttpClient-1-11] DEBUG org.asynchttpclient.netty.channel.ChannelManager - Adding key: http://localhost:11548 for channel [id: 0x5bbdc2b9, L:/127.0.0.1:61695 - R:localhost/127.0.0.1:11548]
11:37:22.637 [main] DEBUG net.thucydides.core.steps.StepInterceptor - STARTING STEP: Tests.testCases - test2_ValidateUserinterfaceHeadersAndFooters
11:37:22.640 [Forwarding getTitle on session 221bcc29d5cf0aaa89a848ee0fa7326e to remote] DEBUG org.asynchttpclient.netty.request.NettyRequestSender - Using pooled Channel '[id: 0x5bbdc2b9, L:/127.0.0.1:61695 - R:localhost/127.0.0.1:11548]' for 'GET' to 'http://localhost:11548/session/221bcc29d5cf0aaa89a848ee0fa7326e/title'
11:37:22.640 [Forwarding getTitle on session 221bcc29d5cf0aaa89a848ee0fa7326e to remote] DEBUG org.asynchttpclient.netty.request.NettyRequestSender - Using open Channel [id: 0x5bbdc2b9, L:/127.0.0.1:61695 - R:localhost/127.0.0.1:11548] for GET '/session/221bcc29d5cf0aaa89a848ee0fa7326e/title'
11:37:22.648 [AsyncHttpClient-1-11] DEBUG org.asynchttpclient.netty.handler.HttpHandler - 

Request DefaultFullHttpRequest(decodeResult: success, version: HTTP/1.1, content: EmptyByteBufBE)
GET /session/221bcc29d5cf0aaa89a848ee0fa7326e/title HTTP/1.1
User-Agent: selenium/4.8.0 (java windows)
Cache-Control: no-cache
Content-Type: application/json; charset=utf-8
host: localhost:11548
accept: */*

Response DefaultHttpResponse(decodeResult: success, version: HTTP/1.1)
HTTP/1.1 200 OK
Content-Length: 21
Content-Type: application/json; charset=utf-8
cache-control: no-cache

11:37:22.648 [AsyncHttpClient-1-11] DEBUG org.asynchttpclient.netty.channel.ChannelManager - Adding key: http://localhost:11548 for channel [id: 0x5bbdc2b9, L:/127.0.0.1:61695 - R:localhost/127.0.0.1:11548]
11:37:22.658 [Forwarding getAlertText on session 221bcc29d5cf0aaa89a848ee0fa7326e to remote] DEBUG org.asynchttpclient.netty.request.NettyRequestSender - Using pooled Channel '[id: 0x5bbdc2b9, L:/127.0.0.1:61695 - R:localhost/127.0.0.1:11548]' for 'GET' to 'http://localhost:11548/session/221bcc29d5cf0aaa89a848ee0fa7326e/alert/text'
11:37:22.658 [Forwarding getAlertText on session 221bcc29d5cf0aaa89a848ee0fa7326e to remote] DEBUG org.asynchttpclient.netty.request.NettyRequestSender - Using open Channel [id: 0x5bbdc2b9, L:/127.0.0.1:61695 - R:localhost/127.0.0.1:11548] for GET '/session/221bcc29d5cf0aaa89a848ee0fa7326e/alert/text'
11:37:22.659 [AsyncHttpClient-1-11] DEBUG org.asynchttpclient.netty.handler.HttpHandler - 

Request DefaultFullHttpRequest(decodeResult: success, version: HTTP/1.1, content: EmptyByteBufBE)
GET /session/221bcc29d5cf0aaa89a848ee0fa7326e/alert/text HTTP/1.1
User-Agent: selenium/4.8.0 (java windows)
Cache-Control: no-cache
Content-Type: application/json; charset=utf-8
host: localhost:11548
accept: */*

Response DefaultHttpResponse(decodeResult: success, version: HTTP/1.1)
HTTP/1.1 404 Not Found
Content-Length: 1522
Content-Type: application/json; charset=utf-8
cache-control: no-cache

11:37:22.659 [AsyncHttpClient-1-11] DEBUG org.asynchttpclient.netty.channel.ChannelManager - Adding key: http://localhost:11548 for channel [id: 0x5bbdc2b9, L:/127.0.0.1:61695 - R:localhost/127.0.0.1:11548]
11:37:22.660 [Forwarding getCurrentUrl on session 221bcc29d5cf0aaa89a848ee0fa7326e to remote] DEBUG org.asynchttpclient.netty.request.NettyRequestSender - Using pooled Channel '[id: 0x5bbdc2b9, L:/127.0.0.1:61695 - R:localhost/127.0.0.1:11548]' for 'GET' to 'http://localhost:11548/session/221bcc29d5cf0aaa89a848ee0fa7326e/url'
11:37:22.660 [Forwarding getCurrentUrl on session 221bcc29d5cf0aaa89a848ee0fa7326e to remote] DEBUG org.asynchttpclient.netty.request.NettyRequestSender - Using open Channel [id: 0x5bbdc2b9, L:/127.0.0.1:61695 - R:localhost/127.0.0.1:11548] for GET '/session/221bcc29d5cf0aaa89a848ee0fa7326e/url'
11:37:22.664 [AsyncHttpClient-1-11] DEBUG org.asynchttpclient.netty.handler.HttpHandler - 

Request DefaultFullHttpRequest(decodeResult: success, version: HTTP/1.1, content: EmptyByteBufBE)
GET /session/221bcc29d5cf0aaa89a848ee0fa7326e/url HTTP/1.1
User-Agent: selenium/4.8.0 (java windows)
Cache-Control: no-cache
Content-Type: application/json; charset=utf-8
host: localhost:11548
accept: */*

Response DefaultHttpResponse(decodeResult: success, version: HTTP/1.1)
HTTP/1.1 200 OK
Content-Length: 38
Content-Type: application/json; charset=utf-8
cache-control: no-cache

11:37:22.664 [AsyncHttpClient-1-11] DEBUG org.asynchttpclient.netty.channel.ChannelManager - Adding key: http://localhost:11548 for channel [id: 0x5bbdc2b9, L:/127.0.0.1:61695 - R:localhost/127.0.0.1:11548]
11:37:22.665 [Forwarding screenshot on session 221bcc29d5cf0aaa89a848ee0fa7326e to remote] DEBUG org.asynchttpclient.netty.request.NettyRequestSender - Using pooled Channel '[id: 0x5bbdc2b9, L:/127.0.0.1:61695 - R:localhost/127.0.0.1:11548]' for 'GET' to 'http://localhost:11548/session/221bcc29d5cf0aaa89a848ee0fa7326e/screenshot'
11:37:22.665 [Forwarding screenshot on session 221bcc29d5cf0aaa89a848ee0fa7326e to remote] DEBUG org.asynchttpclient.netty.request.NettyRequestSender - Using open Channel [id: 0x5bbdc2b9, L:/127.0.0.1:61695 - R:localhost/127.0.0.1:11548] for GET '/session/221bcc29d5cf0aaa89a848ee0fa7326e/screenshot'
11:37:22.820 [AsyncHttpClient-1-11] DEBUG org.asynchttpclient.netty.handler.HttpHandler - 

Request DefaultFullHttpRequest(decodeResult: success, version: HTTP/1.1, content: EmptyByteBufBE)
GET /session/221bcc29d5cf0aaa89a848ee0fa7326e/screenshot HTTP/1.1
User-Agent: selenium/4.8.0 (java windows)
Cache-Control: no-cache
Content-Type: application/json; charset=utf-8
host: localhost:11548
accept: */*

Response DefaultHttpResponse(decodeResult: success, version: HTTP/1.1)
HTTP/1.1 200 OK
Content-Length: 56888
Content-Type: application/json; charset=utf-8
cache-control: no-cache

11:37:22.820 [AsyncHttpClient-1-11] DEBUG org.asynchttpclient.netty.channel.ChannelManager - Adding key: http://localhost:11548 for channel [id: 0x5bbdc2b9, L:/127.0.0.1:61695 - R:localhost/127.0.0.1:11548]
11:37:22.822 [main] DEBUG net.serenitybdd.core.photography.Darkroom - Send negative for processing for target\site\serenity\9e064797e028a3807699613c333f7a315a08d2c82b6ed50ea0e2ad01a26ca09b.png
11:37:22.823 [Forwarding getPageSource on session 221bcc29d5cf0aaa89a848ee0fa7326e to remote] DEBUG org.asynchttpclient.netty.request.NettyRequestSender - Using pooled Channel '[id: 0x5bbdc2b9, L:/127.0.0.1:61695 - R:localhost/127.0.0.1:11548]' for 'POST' to 'http://localhost:11548/session/221bcc29d5cf0aaa89a848ee0fa7326e/execute/sync'
11:37:22.823 [Forwarding getPageSource on session 221bcc29d5cf0aaa89a848ee0fa7326e to remote] DEBUG org.asynchttpclient.netty.request.NettyRequestSender - Using open Channel [id: 0x5bbdc2b9, L:/127.0.0.1:61695 - R:localhost/127.0.0.1:11548] for POST '/session/221bcc29d5cf0aaa89a848ee0fa7326e/execute/sync'
11:37:22.834 [AsyncHttpClient-1-11] DEBUG org.asynchttpclient.netty.handler.HttpHandler - 

Request DefaultHttpRequest(decodeResult: success, version: HTTP/1.1)
POST /session/221bcc29d5cf0aaa89a848ee0fa7326e/execute/sync HTTP/1.1
User-Agent: selenium/4.8.0 (java windows)
Content-Length: 176
Content-Type: application/json; charset=utf-8
host: localhost:11548
accept: */*

Response DefaultHttpResponse(decodeResult: success, version: HTTP/1.1)
HTTP/1.1 200 OK
Content-Length: 4333
Content-Type: application/json; charset=utf-8
cache-control: no-cache

11:37:22.834 [AsyncHttpClient-1-11] DEBUG org.asynchttpclient.netty.channel.ChannelManager - Adding key: http://localhost:11548 for channel [id: 0x5bbdc2b9, L:/127.0.0.1:61695 - R:localhost/127.0.0.1:11548]
11:37:22.834 [Forwarding getCurrentUrl on session 221bcc29d5cf0aaa89a848ee0fa7326e to remote] DEBUG org.asynchttpclient.netty.request.NettyRequestSender - Using pooled Channel '[id: 0x5bbdc2b9, L:/127.0.0.1:61695 - R:localhost/127.0.0.1:11548]' for 'GET' to 'http://localhost:11548/session/221bcc29d5cf0aaa89a848ee0fa7326e/url'
11:37:22.835 [Forwarding getCurrentUrl on session 221bcc29d5cf0aaa89a848ee0fa7326e to remote] DEBUG org.asynchttpclient.netty.request.NettyRequestSender - Using open Channel [id: 0x5bbdc2b9, L:/127.0.0.1:61695 - R:localhost/127.0.0.1:11548] for GET '/session/221bcc29d5cf0aaa89a848ee0fa7326e/url'
11:37:22.853 [AsyncHttpClient-1-11] DEBUG org.asynchttpclient.netty.handler.HttpHandler - 

Request DefaultFullHttpRequest(decodeResult: success, version: HTTP/1.1, content: EmptyByteBufBE)
GET /session/221bcc29d5cf0aaa89a848ee0fa7326e/url HTTP/1.1
User-Agent: selenium/4.8.0 (java windows)
Cache-Control: no-cache
Content-Type: application/json; charset=utf-8
host: localhost:11548
accept: */*

Response DefaultHttpResponse(decodeResult: success, version: HTTP/1.1)
HTTP/1.1 200 OK
Content-Length: 38
Content-Type: application/json; charset=utf-8
cache-control: no-cache

11:37:22.853 [AsyncHttpClient-1-11] DEBUG org.asynchttpclient.netty.channel.ChannelManager - Adding key: http://localhost:11548 for channel [id: 0x5bbdc2b9, L:/127.0.0.1:61695 - R:localhost/127.0.0.1:11548]
11:37:22.866 [main] INFO  com.swaglabs.base.SetUp - Swag Labs title validation passed
11:37:22.871 [Forwarding findElement on session 221bcc29d5cf0aaa89a848ee0fa7326e to remote] DEBUG org.asynchttpclient.netty.request.NettyRequestSender - Using pooled Channel '[id: 0x5bbdc2b9, L:/127.0.0.1:61695 - R:localhost/127.0.0.1:11548]' for 'POST' to 'http://localhost:11548/session/221bcc29d5cf0aaa89a848ee0fa7326e/element'
11:37:22.871 [Forwarding findElement on session 221bcc29d5cf0aaa89a848ee0fa7326e to remote] DEBUG org.asynchttpclient.netty.request.NettyRequestSender - Using open Channel [id: 0x5bbdc2b9, L:/127.0.0.1:61695 - R:localhost/127.0.0.1:11548] for POST '/session/221bcc29d5cf0aaa89a848ee0fa7326e/element'
11:37:22.884 [AsyncHttpClient-1-11] DEBUG org.asynchttpclient.netty.handler.HttpHandler - 

Request DefaultHttpRequest(decodeResult: success, version: HTTP/1.1)
POST /session/221bcc29d5cf0aaa89a848ee0fa7326e/element HTTP/1.1
User-Agent: selenium/4.8.0 (java windows)
Content-Length: 73
Content-Type: application/json; charset=utf-8
host: localhost:11548
accept: */*

Response DefaultHttpResponse(decodeResult: success, version: HTTP/1.1)
HTTP/1.1 200 OK
Content-Length: 95
Content-Type: application/json; charset=utf-8
cache-control: no-cache

11:37:22.884 [AsyncHttpClient-1-11] DEBUG org.asynchttpclient.netty.channel.ChannelManager - Adding key: http://localhost:11548 for channel [id: 0x5bbdc2b9, L:/127.0.0.1:61695 - R:localhost/127.0.0.1:11548]
11:37:22.886 [Forwarding isElementDisplayed on session 221bcc29d5cf0aaa89a848ee0fa7326e to remote] DEBUG org.asynchttpclient.netty.request.NettyRequestSender - Using pooled Channel '[id: 0x5bbdc2b9, L:/127.0.0.1:61695 - R:localhost/127.0.0.1:11548]' for 'POST' to 'http://localhost:11548/session/221bcc29d5cf0aaa89a848ee0fa7326e/execute/sync'
11:37:22.886 [Forwarding isElementDisplayed on session 221bcc29d5cf0aaa89a848ee0fa7326e to remote] DEBUG org.asynchttpclient.netty.request.NettyRequestSender - Using open Channel [id: 0x5bbdc2b9, L:/127.0.0.1:61695 - R:localhost/127.0.0.1:11548] for POST '/session/221bcc29d5cf0aaa89a848ee0fa7326e/execute/sync'
11:37:22.902 [AsyncHttpClient-1-11] DEBUG org.asynchttpclient.netty.handler.HttpHandler - 

Request DefaultHttpRequest(decodeResult: success, version: HTTP/1.1)
POST /session/221bcc29d5cf0aaa89a848ee0fa7326e/execute/sync HTTP/1.1
User-Agent: selenium/4.8.0 (java windows)
Content-Length: 48814
Content-Type: application/json; charset=utf-8
host: localhost:11548
accept: */*

Response DefaultHttpResponse(decodeResult: success, version: HTTP/1.1)
HTTP/1.1 200 OK
Content-Length: 14
Content-Type: application/json; charset=utf-8
cache-control: no-cache

11:37:22.902 [AsyncHttpClient-1-11] DEBUG org.asynchttpclient.netty.channel.ChannelManager - Adding key: http://localhost:11548 for channel [id: 0x5bbdc2b9, L:/127.0.0.1:61695 - R:localhost/127.0.0.1:11548]
11:37:22.902 [Forwarding getElementText on session 221bcc29d5cf0aaa89a848ee0fa7326e to remote] DEBUG org.asynchttpclient.netty.request.NettyRequestSender - Using pooled Channel '[id: 0x5bbdc2b9, L:/127.0.0.1:61695 - R:localhost/127.0.0.1:11548]' for 'GET' to 'http://localhost:11548/session/221bcc29d5cf0aaa89a848ee0fa7326e/element/7F1B751D72AB98312240D0B7862350F1_element_11/text'
11:37:22.902 [Forwarding getElementText on session 221bcc29d5cf0aaa89a848ee0fa7326e to remote] DEBUG org.asynchttpclient.netty.request.NettyRequestSender - Using open Channel [id: 0x5bbdc2b9, L:/127.0.0.1:61695 - R:localhost/127.0.0.1:11548] for GET '/session/221bcc29d5cf0aaa89a848ee0fa7326e/element/7F1B751D72AB98312240D0B7862350F1_element_11/text'
11:37:22.920 [AsyncHttpClient-1-11] DEBUG org.asynchttpclient.netty.handler.HttpHandler - 

Request DefaultFullHttpRequest(decodeResult: success, version: HTTP/1.1, content: EmptyByteBufBE)
GET /session/221bcc29d5cf0aaa89a848ee0fa7326e/element/7F1B751D72AB98312240D0B7862350F1_element_11/text HTTP/1.1
User-Agent: selenium/4.8.0 (java windows)
Cache-Control: no-cache
Content-Type: application/json; charset=utf-8
host: localhost:11548
accept: */*

Response DefaultHttpResponse(decodeResult: success, version: HTTP/1.1)
HTTP/1.1 200 OK
Content-Length: 21
Content-Type: application/json; charset=utf-8
cache-control: no-cache

11:37:22.920 [AsyncHttpClient-1-11] DEBUG org.asynchttpclient.netty.channel.ChannelManager - Adding key: http://localhost:11548 for channel [id: 0x5bbdc2b9, L:/127.0.0.1:61695 - R:localhost/127.0.0.1:11548]
11:37:22.920 [main] INFO  com.swaglabs.base.SetUp - header validation passed
11:37:22.923 [Forwarding findElement on session 221bcc29d5cf0aaa89a848ee0fa7326e to remote] DEBUG org.asynchttpclient.netty.request.NettyRequestSender - Using pooled Channel '[id: 0x5bbdc2b9, L:/127.0.0.1:61695 - R:localhost/127.0.0.1:11548]' for 'POST' to 'http://localhost:11548/session/221bcc29d5cf0aaa89a848ee0fa7326e/element'
11:37:22.923 [Forwarding findElement on session 221bcc29d5cf0aaa89a848ee0fa7326e to remote] DEBUG org.asynchttpclient.netty.request.NettyRequestSender - Using open Channel [id: 0x5bbdc2b9, L:/127.0.0.1:61695 - R:localhost/127.0.0.1:11548] for POST '/session/221bcc29d5cf0aaa89a848ee0fa7326e/element'
11:37:22.932 [AsyncHttpClient-1-11] DEBUG org.asynchttpclient.netty.handler.HttpHandler - 

Request DefaultHttpRequest(decodeResult: success, version: HTTP/1.1)
POST /session/221bcc29d5cf0aaa89a848ee0fa7326e/element HTTP/1.1
User-Agent: selenium/4.8.0 (java windows)
Content-Length: 73
Content-Type: application/json; charset=utf-8
host: localhost:11548
accept: */*

Response DefaultHttpResponse(decodeResult: success, version: HTTP/1.1)
HTTP/1.1 200 OK
Content-Length: 95
Content-Type: application/json; charset=utf-8
cache-control: no-cache

11:37:22.932 [AsyncHttpClient-1-11] DEBUG org.asynchttpclient.netty.channel.ChannelManager - Adding key: http://localhost:11548 for channel [id: 0x5bbdc2b9, L:/127.0.0.1:61695 - R:localhost/127.0.0.1:11548]
11:37:22.934 [Forwarding isElementDisplayed on session 221bcc29d5cf0aaa89a848ee0fa7326e to remote] DEBUG org.asynchttpclient.netty.request.NettyRequestSender - Using pooled Channel '[id: 0x5bbdc2b9, L:/127.0.0.1:61695 - R:localhost/127.0.0.1:11548]' for 'POST' to 'http://localhost:11548/session/221bcc29d5cf0aaa89a848ee0fa7326e/execute/sync'
11:37:22.934 [Forwarding isElementDisplayed on session 221bcc29d5cf0aaa89a848ee0fa7326e to remote] DEBUG org.asynchttpclient.netty.request.NettyRequestSender - Using open Channel [id: 0x5bbdc2b9, L:/127.0.0.1:61695 - R:localhost/127.0.0.1:11548] for POST '/session/221bcc29d5cf0aaa89a848ee0fa7326e/execute/sync'
11:37:22.950 [AsyncHttpClient-1-11] DEBUG org.asynchttpclient.netty.handler.HttpHandler - 

Request DefaultHttpRequest(decodeResult: success, version: HTTP/1.1)
POST /session/221bcc29d5cf0aaa89a848ee0fa7326e/execute/sync HTTP/1.1
User-Agent: selenium/4.8.0 (java windows)
Content-Length: 48814
Content-Type: application/json; charset=utf-8
host: localhost:11548
accept: */*

Response DefaultHttpResponse(decodeResult: success, version: HTTP/1.1)
HTTP/1.1 200 OK
Content-Length: 14
Content-Type: application/json; charset=utf-8
cache-control: no-cache

11:37:22.950 [AsyncHttpClient-1-11] DEBUG org.asynchttpclient.netty.channel.ChannelManager - Adding key: http://localhost:11548 for channel [id: 0x5bbdc2b9, L:/127.0.0.1:61695 - R:localhost/127.0.0.1:11548]
11:37:22.951 [Forwarding getElementText on session 221bcc29d5cf0aaa89a848ee0fa7326e to remote] DEBUG org.asynchttpclient.netty.request.NettyRequestSender - Using pooled Channel '[id: 0x5bbdc2b9, L:/127.0.0.1:61695 - R:localhost/127.0.0.1:11548]' for 'GET' to 'http://localhost:11548/session/221bcc29d5cf0aaa89a848ee0fa7326e/element/7F1B751D72AB98312240D0B7862350F1_element_11/text'
11:37:22.951 [Forwarding getElementText on session 221bcc29d5cf0aaa89a848ee0fa7326e to remote] DEBUG org.asynchttpclient.netty.request.NettyRequestSender - Using open Channel [id: 0x5bbdc2b9, L:/127.0.0.1:61695 - R:localhost/127.0.0.1:11548] for GET '/session/221bcc29d5cf0aaa89a848ee0fa7326e/element/7F1B751D72AB98312240D0B7862350F1_element_11/text'
11:37:22.963 [AsyncHttpClient-1-11] DEBUG org.asynchttpclient.netty.handler.HttpHandler - 

Request DefaultFullHttpRequest(decodeResult: success, version: HTTP/1.1, content: EmptyByteBufBE)
GET /session/221bcc29d5cf0aaa89a848ee0fa7326e/element/7F1B751D72AB98312240D0B7862350F1_element_11/text HTTP/1.1
User-Agent: selenium/4.8.0 (java windows)
Cache-Control: no-cache
Content-Type: application/json; charset=utf-8
host: localhost:11548
accept: */*

Response DefaultHttpResponse(decodeResult: success, version: HTTP/1.1)
HTTP/1.1 200 OK
Content-Length: 21
Content-Type: application/json; charset=utf-8
cache-control: no-cache

11:37:22.963 [AsyncHttpClient-1-11] DEBUG org.asynchttpclient.netty.channel.ChannelManager - Adding key: http://localhost:11548 for channel [id: 0x5bbdc2b9, L:/127.0.0.1:61695 - R:localhost/127.0.0.1:11548]
11:37:22.967 [Forwarding getAlertText on session 221bcc29d5cf0aaa89a848ee0fa7326e to remote] DEBUG org.asynchttpclient.netty.request.NettyRequestSender - Using pooled Channel '[id: 0x5bbdc2b9, L:/127.0.0.1:61695 - R:localhost/127.0.0.1:11548]' for 'GET' to 'http://localhost:11548/session/221bcc29d5cf0aaa89a848ee0fa7326e/alert/text'
11:37:22.967 [Forwarding getAlertText on session 221bcc29d5cf0aaa89a848ee0fa7326e to remote] DEBUG org.asynchttpclient.netty.request.NettyRequestSender - Using open Channel [id: 0x5bbdc2b9, L:/127.0.0.1:61695 - R:localhost/127.0.0.1:11548] for GET '/session/221bcc29d5cf0aaa89a848ee0fa7326e/alert/text'
11:37:22.968 [AsyncHttpClient-1-11] DEBUG org.asynchttpclient.netty.handler.HttpHandler - 

Request DefaultFullHttpRequest(decodeResult: success, version: HTTP/1.1, content: EmptyByteBufBE)
GET /session/221bcc29d5cf0aaa89a848ee0fa7326e/alert/text HTTP/1.1
User-Agent: selenium/4.8.0 (java windows)
Cache-Control: no-cache
Content-Type: application/json; charset=utf-8
host: localhost:11548
accept: */*

Response DefaultHttpResponse(decodeResult: success, version: HTTP/1.1)
HTTP/1.1 404 Not Found
Content-Length: 1522
Content-Type: application/json; charset=utf-8
cache-control: no-cache

11:37:22.968 [AsyncHttpClient-1-11] DEBUG org.asynchttpclient.netty.channel.ChannelManager - Adding key: http://localhost:11548 for channel [id: 0x5bbdc2b9, L:/127.0.0.1:61695 - R:localhost/127.0.0.1:11548]
11:37:22.969 [Forwarding getCurrentUrl on session 221bcc29d5cf0aaa89a848ee0fa7326e to remote] DEBUG org.asynchttpclient.netty.request.NettyRequestSender - Using pooled Channel '[id: 0x5bbdc2b9, L:/127.0.0.1:61695 - R:localhost/127.0.0.1:11548]' for 'GET' to 'http://localhost:11548/session/221bcc29d5cf0aaa89a848ee0fa7326e/url'
11:37:22.969 [Forwarding getCurrentUrl on session 221bcc29d5cf0aaa89a848ee0fa7326e to remote] DEBUG org.asynchttpclient.netty.request.NettyRequestSender - Using open Channel [id: 0x5bbdc2b9, L:/127.0.0.1:61695 - R:localhost/127.0.0.1:11548] for GET '/session/221bcc29d5cf0aaa89a848ee0fa7326e/url'
11:37:22.975 [AsyncHttpClient-1-11] DEBUG org.asynchttpclient.netty.handler.HttpHandler - 

Request DefaultFullHttpRequest(decodeResult: success, version: HTTP/1.1, content: EmptyByteBufBE)
GET /session/221bcc29d5cf0aaa89a848ee0fa7326e/url HTTP/1.1
User-Agent: selenium/4.8.0 (java windows)
Cache-Control: no-cache
Content-Type: application/json; charset=utf-8
host: localhost:11548
accept: */*

Response DefaultHttpResponse(decodeResult: success, version: HTTP/1.1)
HTTP/1.1 200 OK
Content-Length: 38
Content-Type: application/json; charset=utf-8
cache-control: no-cache

11:37:22.975 [AsyncHttpClient-1-11] DEBUG org.asynchttpclient.netty.channel.ChannelManager - Adding key: http://localhost:11548 for channel [id: 0x5bbdc2b9, L:/127.0.0.1:61695 - R:localhost/127.0.0.1:11548]
11:37:22.975 [Forwarding screenshot on session 221bcc29d5cf0aaa89a848ee0fa7326e to remote] DEBUG org.asynchttpclient.netty.request.NettyRequestSender - Using pooled Channel '[id: 0x5bbdc2b9, L:/127.0.0.1:61695 - R:localhost/127.0.0.1:11548]' for 'GET' to 'http://localhost:11548/session/221bcc29d5cf0aaa89a848ee0fa7326e/screenshot'
11:37:22.975 [Forwarding screenshot on session 221bcc29d5cf0aaa89a848ee0fa7326e to remote] DEBUG org.asynchttpclient.netty.request.NettyRequestSender - Using open Channel [id: 0x5bbdc2b9, L:/127.0.0.1:61695 - R:localhost/127.0.0.1:11548] for GET '/session/221bcc29d5cf0aaa89a848ee0fa7326e/screenshot'
11:37:23.105 [AsyncHttpClient-1-11] DEBUG org.asynchttpclient.netty.handler.HttpHandler - 

Request DefaultFullHttpRequest(decodeResult: success, version: HTTP/1.1, content: EmptyByteBufBE)
GET /session/221bcc29d5cf0aaa89a848ee0fa7326e/screenshot HTTP/1.1
User-Agent: selenium/4.8.0 (java windows)
Cache-Control: no-cache
Content-Type: application/json; charset=utf-8
host: localhost:11548
accept: */*

Response DefaultHttpResponse(decodeResult: success, version: HTTP/1.1)
HTTP/1.1 200 OK
Content-Length: 56888
Content-Type: application/json; charset=utf-8
cache-control: no-cache

11:37:23.106 [AsyncHttpClient-1-11] DEBUG org.asynchttpclient.netty.channel.ChannelManager - Adding key: http://localhost:11548 for channel [id: 0x5bbdc2b9, L:/127.0.0.1:61695 - R:localhost/127.0.0.1:11548]
11:37:23.107 [main] DEBUG net.serenitybdd.core.photography.Darkroom - Send negative for processing for target\site\serenity\9e064797e028a3807699613c333f7a315a08d2c82b6ed50ea0e2ad01a26ca09b.png
11:37:23.109 [Forwarding getPageSource on session 221bcc29d5cf0aaa89a848ee0fa7326e to remote] DEBUG org.asynchttpclient.netty.request.NettyRequestSender - Using pooled Channel '[id: 0x5bbdc2b9, L:/127.0.0.1:61695 - R:localhost/127.0.0.1:11548]' for 'POST' to 'http://localhost:11548/session/221bcc29d5cf0aaa89a848ee0fa7326e/execute/sync'
11:37:23.109 [Forwarding getPageSource on session 221bcc29d5cf0aaa89a848ee0fa7326e to remote] DEBUG org.asynchttpclient.netty.request.NettyRequestSender - Using open Channel [id: 0x5bbdc2b9, L:/127.0.0.1:61695 - R:localhost/127.0.0.1:11548] for POST '/session/221bcc29d5cf0aaa89a848ee0fa7326e/execute/sync'
11:37:23.114 [AsyncHttpClient-1-11] DEBUG org.asynchttpclient.netty.handler.HttpHandler - 

Request DefaultHttpRequest(decodeResult: success, version: HTTP/1.1)
POST /session/221bcc29d5cf0aaa89a848ee0fa7326e/execute/sync HTTP/1.1
User-Agent: selenium/4.8.0 (java windows)
Content-Length: 176
Content-Type: application/json; charset=utf-8
host: localhost:11548
accept: */*

Response DefaultHttpResponse(decodeResult: success, version: HTTP/1.1)
HTTP/1.1 200 OK
Content-Length: 4333
Content-Type: application/json; charset=utf-8
cache-control: no-cache

11:37:23.114 [AsyncHttpClient-1-11] DEBUG org.asynchttpclient.netty.channel.ChannelManager - Adding key: http://localhost:11548 for channel [id: 0x5bbdc2b9, L:/127.0.0.1:61695 - R:localhost/127.0.0.1:11548]
11:37:23.114 [Forwarding getCurrentUrl on session 221bcc29d5cf0aaa89a848ee0fa7326e to remote] DEBUG org.asynchttpclient.netty.request.NettyRequestSender - Using pooled Channel '[id: 0x5bbdc2b9, L:/127.0.0.1:61695 - R:localhost/127.0.0.1:11548]' for 'GET' to 'http://localhost:11548/session/221bcc29d5cf0aaa89a848ee0fa7326e/url'
11:37:23.114 [Forwarding getCurrentUrl on session 221bcc29d5cf0aaa89a848ee0fa7326e to remote] DEBUG org.asynchttpclient.netty.request.NettyRequestSender - Using open Channel [id: 0x5bbdc2b9, L:/127.0.0.1:61695 - R:localhost/127.0.0.1:11548] for GET '/session/221bcc29d5cf0aaa89a848ee0fa7326e/url'
11:37:23.117 [AsyncHttpClient-1-11] DEBUG org.asynchttpclient.netty.handler.HttpHandler - 

Request DefaultFullHttpRequest(decodeResult: success, version: HTTP/1.1, content: EmptyByteBufBE)
GET /session/221bcc29d5cf0aaa89a848ee0fa7326e/url HTTP/1.1
User-Agent: selenium/4.8.0 (java windows)
Cache-Control: no-cache
Content-Type: application/json; charset=utf-8
host: localhost:11548
accept: */*

Response DefaultHttpResponse(decodeResult: success, version: HTTP/1.1)
HTTP/1.1 200 OK
Content-Length: 38
Content-Type: application/json; charset=utf-8
cache-control: no-cache

11:37:23.117 [AsyncHttpClient-1-11] DEBUG org.asynchttpclient.netty.channel.ChannelManager - Adding key: http://localhost:11548 for channel [id: 0x5bbdc2b9, L:/127.0.0.1:61695 - R:localhost/127.0.0.1:11548]
11:37:23.128 [Forwarding findElement on session 221bcc29d5cf0aaa89a848ee0fa7326e to remote] DEBUG org.asynchttpclient.netty.request.NettyRequestSender - Using pooled Channel '[id: 0x5bbdc2b9, L:/127.0.0.1:61695 - R:localhost/127.0.0.1:11548]' for 'POST' to 'http://localhost:11548/session/221bcc29d5cf0aaa89a848ee0fa7326e/element'
11:37:23.128 [Forwarding findElement on session 221bcc29d5cf0aaa89a848ee0fa7326e to remote] DEBUG org.asynchttpclient.netty.request.NettyRequestSender - Using open Channel [id: 0x5bbdc2b9, L:/127.0.0.1:61695 - R:localhost/127.0.0.1:11548] for POST '/session/221bcc29d5cf0aaa89a848ee0fa7326e/element'
11:37:23.133 [AsyncHttpClient-1-11] DEBUG org.asynchttpclient.netty.handler.HttpHandler - 

Request DefaultHttpRequest(decodeResult: success, version: HTTP/1.1)
POST /session/221bcc29d5cf0aaa89a848ee0fa7326e/element HTTP/1.1
User-Agent: selenium/4.8.0 (java windows)
Content-Length: 73
Content-Type: application/json; charset=utf-8
host: localhost:11548
accept: */*

Response DefaultHttpResponse(decodeResult: success, version: HTTP/1.1)
HTTP/1.1 200 OK
Content-Length: 95
Content-Type: application/json; charset=utf-8
cache-control: no-cache

11:37:23.133 [AsyncHttpClient-1-11] DEBUG org.asynchttpclient.netty.channel.ChannelManager - Adding key: http://localhost:11548 for channel [id: 0x5bbdc2b9, L:/127.0.0.1:61695 - R:localhost/127.0.0.1:11548]
11:37:23.134 [Forwarding isElementDisplayed on session 221bcc29d5cf0aaa89a848ee0fa7326e to remote] DEBUG org.asynchttpclient.netty.request.NettyRequestSender - Using pooled Channel '[id: 0x5bbdc2b9, L:/127.0.0.1:61695 - R:localhost/127.0.0.1:11548]' for 'POST' to 'http://localhost:11548/session/221bcc29d5cf0aaa89a848ee0fa7326e/execute/sync'
11:37:23.134 [Forwarding isElementDisplayed on session 221bcc29d5cf0aaa89a848ee0fa7326e to remote] DEBUG org.asynchttpclient.netty.request.NettyRequestSender - Using open Channel [id: 0x5bbdc2b9, L:/127.0.0.1:61695 - R:localhost/127.0.0.1:11548] for POST '/session/221bcc29d5cf0aaa89a848ee0fa7326e/execute/sync'
11:37:23.141 [AsyncHttpClient-1-11] DEBUG org.asynchttpclient.netty.handler.HttpHandler - 

Request DefaultHttpRequest(decodeResult: success, version: HTTP/1.1)
POST /session/221bcc29d5cf0aaa89a848ee0fa7326e/execute/sync HTTP/1.1
User-Agent: selenium/4.8.0 (java windows)
Content-Length: 48814
Content-Type: application/json; charset=utf-8
host: localhost:11548
accept: */*

Response DefaultHttpResponse(decodeResult: success, version: HTTP/1.1)
HTTP/1.1 200 OK
Content-Length: 14
Content-Type: application/json; charset=utf-8
cache-control: no-cache

11:37:23.141 [AsyncHttpClient-1-11] DEBUG org.asynchttpclient.netty.channel.ChannelManager - Adding key: http://localhost:11548 for channel [id: 0x5bbdc2b9, L:/127.0.0.1:61695 - R:localhost/127.0.0.1:11548]
11:37:23.141 [Forwarding getElementText on session 221bcc29d5cf0aaa89a848ee0fa7326e to remote] DEBUG org.asynchttpclient.netty.request.NettyRequestSender - Using pooled Channel '[id: 0x5bbdc2b9, L:/127.0.0.1:61695 - R:localhost/127.0.0.1:11548]' for 'GET' to 'http://localhost:11548/session/221bcc29d5cf0aaa89a848ee0fa7326e/element/7F1B751D72AB98312240D0B7862350F1_element_11/text'
11:37:23.141 [Forwarding getElementText on session 221bcc29d5cf0aaa89a848ee0fa7326e to remote] DEBUG org.asynchttpclient.netty.request.NettyRequestSender - Using open Channel [id: 0x5bbdc2b9, L:/127.0.0.1:61695 - R:localhost/127.0.0.1:11548] for GET '/session/221bcc29d5cf0aaa89a848ee0fa7326e/element/7F1B751D72AB98312240D0B7862350F1_element_11/text'
11:37:23.146 [AsyncHttpClient-1-11] DEBUG org.asynchttpclient.netty.handler.HttpHandler - 

Request DefaultFullHttpRequest(decodeResult: success, version: HTTP/1.1, content: EmptyByteBufBE)
GET /session/221bcc29d5cf0aaa89a848ee0fa7326e/element/7F1B751D72AB98312240D0B7862350F1_element_11/text HTTP/1.1
User-Agent: selenium/4.8.0 (java windows)
Cache-Control: no-cache
Content-Type: application/json; charset=utf-8
host: localhost:11548
accept: */*

Response DefaultHttpResponse(decodeResult: success, version: HTTP/1.1)
HTTP/1.1 200 OK
Content-Length: 21
Content-Type: application/json; charset=utf-8
cache-control: no-cache

11:37:23.146 [AsyncHttpClient-1-11] DEBUG org.asynchttpclient.netty.channel.ChannelManager - Adding key: http://localhost:11548 for channel [id: 0x5bbdc2b9, L:/127.0.0.1:61695 - R:localhost/127.0.0.1:11548]
11:37:23.152 [Forwarding findElement on session 221bcc29d5cf0aaa89a848ee0fa7326e to remote] DEBUG org.asynchttpclient.netty.request.NettyRequestSender - Using pooled Channel '[id: 0x5bbdc2b9, L:/127.0.0.1:61695 - R:localhost/127.0.0.1:11548]' for 'POST' to 'http://localhost:11548/session/221bcc29d5cf0aaa89a848ee0fa7326e/element'
11:37:23.152 [Forwarding findElement on session 221bcc29d5cf0aaa89a848ee0fa7326e to remote] DEBUG org.asynchttpclient.netty.request.NettyRequestSender - Using open Channel [id: 0x5bbdc2b9, L:/127.0.0.1:61695 - R:localhost/127.0.0.1:11548] for POST '/session/221bcc29d5cf0aaa89a848ee0fa7326e/element'
11:37:23.162 [AsyncHttpClient-1-11] DEBUG org.asynchttpclient.netty.handler.HttpHandler - 

Request DefaultHttpRequest(decodeResult: success, version: HTTP/1.1)
POST /session/221bcc29d5cf0aaa89a848ee0fa7326e/element HTTP/1.1
User-Agent: selenium/4.8.0 (java windows)
Content-Length: 79
Content-Type: application/json; charset=utf-8
host: localhost:11548
accept: */*

Response DefaultHttpResponse(decodeResult: success, version: HTTP/1.1)
HTTP/1.1 200 OK
Content-Length: 95
Content-Type: application/json; charset=utf-8
cache-control: no-cache

11:37:23.162 [AsyncHttpClient-1-11] DEBUG org.asynchttpclient.netty.channel.ChannelManager - Adding key: http://localhost:11548 for channel [id: 0x5bbdc2b9, L:/127.0.0.1:61695 - R:localhost/127.0.0.1:11548]
11:37:23.165 [Forwarding isElementDisplayed on session 221bcc29d5cf0aaa89a848ee0fa7326e to remote] DEBUG org.asynchttpclient.netty.request.NettyRequestSender - Using pooled Channel '[id: 0x5bbdc2b9, L:/127.0.0.1:61695 - R:localhost/127.0.0.1:11548]' for 'POST' to 'http://localhost:11548/session/221bcc29d5cf0aaa89a848ee0fa7326e/execute/sync'
11:37:23.165 [Forwarding isElementDisplayed on session 221bcc29d5cf0aaa89a848ee0fa7326e to remote] DEBUG org.asynchttpclient.netty.request.NettyRequestSender - Using open Channel [id: 0x5bbdc2b9, L:/127.0.0.1:61695 - R:localhost/127.0.0.1:11548] for POST '/session/221bcc29d5cf0aaa89a848ee0fa7326e/execute/sync'
11:37:23.174 [AsyncHttpClient-1-11] DEBUG org.asynchttpclient.netty.handler.HttpHandler - 

Request DefaultHttpRequest(decodeResult: success, version: HTTP/1.1)
POST /session/221bcc29d5cf0aaa89a848ee0fa7326e/execute/sync HTTP/1.1
User-Agent: selenium/4.8.0 (java windows)
Content-Length: 48814
Content-Type: application/json; charset=utf-8
host: localhost:11548
accept: */*

Response DefaultHttpResponse(decodeResult: success, version: HTTP/1.1)
HTTP/1.1 200 OK
Content-Length: 14
Content-Type: application/json; charset=utf-8
cache-control: no-cache

11:37:23.174 [AsyncHttpClient-1-11] DEBUG org.asynchttpclient.netty.channel.ChannelManager - Adding key: http://localhost:11548 for channel [id: 0x5bbdc2b9, L:/127.0.0.1:61695 - R:localhost/127.0.0.1:11548]
11:37:23.174 [Forwarding getElementText on session 221bcc29d5cf0aaa89a848ee0fa7326e to remote] DEBUG org.asynchttpclient.netty.request.NettyRequestSender - Using pooled Channel '[id: 0x5bbdc2b9, L:/127.0.0.1:61695 - R:localhost/127.0.0.1:11548]' for 'GET' to 'http://localhost:11548/session/221bcc29d5cf0aaa89a848ee0fa7326e/element/7F1B751D72AB98312240D0B7862350F1_element_12/text'
11:37:23.174 [Forwarding getElementText on session 221bcc29d5cf0aaa89a848ee0fa7326e to remote] DEBUG org.asynchttpclient.netty.request.NettyRequestSender - Using open Channel [id: 0x5bbdc2b9, L:/127.0.0.1:61695 - R:localhost/127.0.0.1:11548] for GET '/session/221bcc29d5cf0aaa89a848ee0fa7326e/element/7F1B751D72AB98312240D0B7862350F1_element_12/text'
11:37:23.179 [AsyncHttpClient-1-11] DEBUG org.asynchttpclient.netty.handler.HttpHandler - 

Request DefaultFullHttpRequest(decodeResult: success, version: HTTP/1.1, content: EmptyByteBufBE)
GET /session/221bcc29d5cf0aaa89a848ee0fa7326e/element/7F1B751D72AB98312240D0B7862350F1_element_12/text HTTP/1.1
User-Agent: selenium/4.8.0 (java windows)
Cache-Control: no-cache
Content-Type: application/json; charset=utf-8
host: localhost:11548
accept: */*

Response DefaultHttpResponse(decodeResult: success, version: HTTP/1.1)
HTTP/1.1 200 OK
Content-Length: 12
Content-Type: application/json; charset=utf-8
cache-control: no-cache

11:37:23.179 [AsyncHttpClient-1-11] DEBUG org.asynchttpclient.netty.channel.ChannelManager - Adding key: http://localhost:11548 for channel [id: 0x5bbdc2b9, L:/127.0.0.1:61695 - R:localhost/127.0.0.1:11548]
11:37:23.180 [main] INFO  com.swaglabs.base.SetUp - username placeholder not validated failed
11:37:23.185 [Forwarding findElement on session 221bcc29d5cf0aaa89a848ee0fa7326e to remote] DEBUG org.asynchttpclient.netty.request.NettyRequestSender - Using pooled Channel '[id: 0x5bbdc2b9, L:/127.0.0.1:61695 - R:localhost/127.0.0.1:11548]' for 'POST' to 'http://localhost:11548/session/221bcc29d5cf0aaa89a848ee0fa7326e/element'
11:37:23.185 [Forwarding findElement on session 221bcc29d5cf0aaa89a848ee0fa7326e to remote] DEBUG org.asynchttpclient.netty.request.NettyRequestSender - Using open Channel [id: 0x5bbdc2b9, L:/127.0.0.1:61695 - R:localhost/127.0.0.1:11548] for POST '/session/221bcc29d5cf0aaa89a848ee0fa7326e/element'
11:37:23.197 [AsyncHttpClient-1-11] DEBUG org.asynchttpclient.netty.handler.HttpHandler - 

Request DefaultHttpRequest(decodeResult: success, version: HTTP/1.1)
POST /session/221bcc29d5cf0aaa89a848ee0fa7326e/element HTTP/1.1
User-Agent: selenium/4.8.0 (java windows)
Content-Length: 79
Content-Type: application/json; charset=utf-8
host: localhost:11548
accept: */*

Response DefaultHttpResponse(decodeResult: success, version: HTTP/1.1)
HTTP/1.1 200 OK
Content-Length: 94
Content-Type: application/json; charset=utf-8
cache-control: no-cache

11:37:23.197 [AsyncHttpClient-1-11] DEBUG org.asynchttpclient.netty.channel.ChannelManager - Adding key: http://localhost:11548 for channel [id: 0x5bbdc2b9, L:/127.0.0.1:61695 - R:localhost/127.0.0.1:11548]
11:37:23.198 [Forwarding isElementDisplayed on session 221bcc29d5cf0aaa89a848ee0fa7326e to remote] DEBUG org.asynchttpclient.netty.request.NettyRequestSender - Using pooled Channel '[id: 0x5bbdc2b9, L:/127.0.0.1:61695 - R:localhost/127.0.0.1:11548]' for 'POST' to 'http://localhost:11548/session/221bcc29d5cf0aaa89a848ee0fa7326e/execute/sync'
11:37:23.198 [Forwarding isElementDisplayed on session 221bcc29d5cf0aaa89a848ee0fa7326e to remote] DEBUG org.asynchttpclient.netty.request.NettyRequestSender - Using open Channel [id: 0x5bbdc2b9, L:/127.0.0.1:61695 - R:localhost/127.0.0.1:11548] for POST '/session/221bcc29d5cf0aaa89a848ee0fa7326e/execute/sync'
11:37:23.207 [AsyncHttpClient-1-11] DEBUG org.asynchttpclient.netty.handler.HttpHandler - 

Request DefaultHttpRequest(decodeResult: success, version: HTTP/1.1)
POST /session/221bcc29d5cf0aaa89a848ee0fa7326e/execute/sync HTTP/1.1
User-Agent: selenium/4.8.0 (java windows)
Content-Length: 48813
Content-Type: application/json; charset=utf-8
host: localhost:11548
accept: */*

Response DefaultHttpResponse(decodeResult: success, version: HTTP/1.1)
HTTP/1.1 200 OK
Content-Length: 14
Content-Type: application/json; charset=utf-8
cache-control: no-cache

11:37:23.207 [AsyncHttpClient-1-11] DEBUG org.asynchttpclient.netty.channel.ChannelManager - Adding key: http://localhost:11548 for channel [id: 0x5bbdc2b9, L:/127.0.0.1:61695 - R:localhost/127.0.0.1:11548]
11:37:23.208 [Forwarding getElementText on session 221bcc29d5cf0aaa89a848ee0fa7326e to remote] DEBUG org.asynchttpclient.netty.request.NettyRequestSender - Using pooled Channel '[id: 0x5bbdc2b9, L:/127.0.0.1:61695 - R:localhost/127.0.0.1:11548]' for 'GET' to 'http://localhost:11548/session/221bcc29d5cf0aaa89a848ee0fa7326e/element/7F1B751D72AB98312240D0B7862350F1_element_8/text'
11:37:23.208 [Forwarding getElementText on session 221bcc29d5cf0aaa89a848ee0fa7326e to remote] DEBUG org.asynchttpclient.netty.request.NettyRequestSender - Using open Channel [id: 0x5bbdc2b9, L:/127.0.0.1:61695 - R:localhost/127.0.0.1:11548] for GET '/session/221bcc29d5cf0aaa89a848ee0fa7326e/element/7F1B751D72AB98312240D0B7862350F1_element_8/text'
11:37:23.215 [AsyncHttpClient-1-11] DEBUG org.asynchttpclient.netty.handler.HttpHandler - 

Request DefaultFullHttpRequest(decodeResult: success, version: HTTP/1.1, content: EmptyByteBufBE)
GET /session/221bcc29d5cf0aaa89a848ee0fa7326e/element/7F1B751D72AB98312240D0B7862350F1_element_8/text HTTP/1.1
User-Agent: selenium/4.8.0 (java windows)
Cache-Control: no-cache
Content-Type: application/json; charset=utf-8
host: localhost:11548
accept: */*

Response DefaultHttpResponse(decodeResult: success, version: HTTP/1.1)
HTTP/1.1 200 OK
Content-Length: 12
Content-Type: application/json; charset=utf-8
cache-control: no-cache

11:37:23.215 [AsyncHttpClient-1-11] DEBUG org.asynchttpclient.netty.channel.ChannelManager - Adding key: http://localhost:11548 for channel [id: 0x5bbdc2b9, L:/127.0.0.1:61695 - R:localhost/127.0.0.1:11548]
11:37:23.215 [main] INFO  com.swaglabs.base.SetUp - password placeholder  validattion failed
11:37:23.217 [Forwarding findElement on session 221bcc29d5cf0aaa89a848ee0fa7326e to remote] DEBUG org.asynchttpclient.netty.request.NettyRequestSender - Using pooled Channel '[id: 0x5bbdc2b9, L:/127.0.0.1:61695 - R:localhost/127.0.0.1:11548]' for 'POST' to 'http://localhost:11548/session/221bcc29d5cf0aaa89a848ee0fa7326e/element'
11:37:23.217 [Forwarding findElement on session 221bcc29d5cf0aaa89a848ee0fa7326e to remote] DEBUG org.asynchttpclient.netty.request.NettyRequestSender - Using open Channel [id: 0x5bbdc2b9, L:/127.0.0.1:61695 - R:localhost/127.0.0.1:11548] for POST '/session/221bcc29d5cf0aaa89a848ee0fa7326e/element'
11:37:23.228 [AsyncHttpClient-1-11] DEBUG org.asynchttpclient.netty.handler.HttpHandler - 

Request DefaultHttpRequest(decodeResult: success, version: HTTP/1.1)
POST /session/221bcc29d5cf0aaa89a848ee0fa7326e/element HTTP/1.1
User-Agent: selenium/4.8.0 (java windows)
Content-Length: 59
Content-Type: application/json; charset=utf-8
host: localhost:11548
accept: */*

Response DefaultHttpResponse(decodeResult: success, version: HTTP/1.1)
HTTP/1.1 200 OK
Content-Length: 95
Content-Type: application/json; charset=utf-8
cache-control: no-cache

11:37:23.228 [AsyncHttpClient-1-11] DEBUG org.asynchttpclient.netty.channel.ChannelManager - Adding key: http://localhost:11548 for channel [id: 0x5bbdc2b9, L:/127.0.0.1:61695 - R:localhost/127.0.0.1:11548]
11:37:23.229 [Forwarding isElementDisplayed on session 221bcc29d5cf0aaa89a848ee0fa7326e to remote] DEBUG org.asynchttpclient.netty.request.NettyRequestSender - Using pooled Channel '[id: 0x5bbdc2b9, L:/127.0.0.1:61695 - R:localhost/127.0.0.1:11548]' for 'POST' to 'http://localhost:11548/session/221bcc29d5cf0aaa89a848ee0fa7326e/execute/sync'
11:37:23.229 [Forwarding isElementDisplayed on session 221bcc29d5cf0aaa89a848ee0fa7326e to remote] DEBUG org.asynchttpclient.netty.request.NettyRequestSender - Using open Channel [id: 0x5bbdc2b9, L:/127.0.0.1:61695 - R:localhost/127.0.0.1:11548] for POST '/session/221bcc29d5cf0aaa89a848ee0fa7326e/execute/sync'
11:37:23.238 [AsyncHttpClient-1-11] DEBUG org.asynchttpclient.netty.handler.HttpHandler - 

Request DefaultHttpRequest(decodeResult: success, version: HTTP/1.1)
POST /session/221bcc29d5cf0aaa89a848ee0fa7326e/execute/sync HTTP/1.1
User-Agent: selenium/4.8.0 (java windows)
Content-Length: 48814
Content-Type: application/json; charset=utf-8
host: localhost:11548
accept: */*

Response DefaultHttpResponse(decodeResult: success, version: HTTP/1.1)
HTTP/1.1 200 OK
Content-Length: 14
Content-Type: application/json; charset=utf-8
cache-control: no-cache

11:37:23.238 [AsyncHttpClient-1-11] DEBUG org.asynchttpclient.netty.channel.ChannelManager - Adding key: http://localhost:11548 for channel [id: 0x5bbdc2b9, L:/127.0.0.1:61695 - R:localhost/127.0.0.1:11548]
11:37:23.239 [Forwarding isElementDisplayed on session 221bcc29d5cf0aaa89a848ee0fa7326e to remote] DEBUG org.asynchttpclient.netty.request.NettyRequestSender - Using pooled Channel '[id: 0x5bbdc2b9, L:/127.0.0.1:61695 - R:localhost/127.0.0.1:11548]' for 'POST' to 'http://localhost:11548/session/221bcc29d5cf0aaa89a848ee0fa7326e/execute/sync'
11:37:23.239 [Forwarding isElementDisplayed on session 221bcc29d5cf0aaa89a848ee0fa7326e to remote] DEBUG org.asynchttpclient.netty.request.NettyRequestSender - Using open Channel [id: 0x5bbdc2b9, L:/127.0.0.1:61695 - R:localhost/127.0.0.1:11548] for POST '/session/221bcc29d5cf0aaa89a848ee0fa7326e/execute/sync'
11:37:23.249 [AsyncHttpClient-1-11] DEBUG org.asynchttpclient.netty.handler.HttpHandler - 

Request DefaultHttpRequest(decodeResult: success, version: HTTP/1.1)
POST /session/221bcc29d5cf0aaa89a848ee0fa7326e/execute/sync HTTP/1.1
User-Agent: selenium/4.8.0 (java windows)
Content-Length: 48814
Content-Type: application/json; charset=utf-8
host: localhost:11548
accept: */*

Response DefaultHttpResponse(decodeResult: success, version: HTTP/1.1)
HTTP/1.1 200 OK
Content-Length: 14
Content-Type: application/json; charset=utf-8
cache-control: no-cache

11:37:23.249 [AsyncHttpClient-1-11] DEBUG org.asynchttpclient.netty.channel.ChannelManager - Adding key: http://localhost:11548 for channel [id: 0x5bbdc2b9, L:/127.0.0.1:61695 - R:localhost/127.0.0.1:11548]
11:37:23.251 [Forwarding isElementDisplayed on session 221bcc29d5cf0aaa89a848ee0fa7326e to remote] DEBUG org.asynchttpclient.netty.request.NettyRequestSender - Using pooled Channel '[id: 0x5bbdc2b9, L:/127.0.0.1:61695 - R:localhost/127.0.0.1:11548]' for 'POST' to 'http://localhost:11548/session/221bcc29d5cf0aaa89a848ee0fa7326e/execute/sync'
11:37:23.251 [Forwarding isElementDisplayed on session 221bcc29d5cf0aaa89a848ee0fa7326e to remote] DEBUG org.asynchttpclient.netty.request.NettyRequestSender - Using open Channel [id: 0x5bbdc2b9, L:/127.0.0.1:61695 - R:localhost/127.0.0.1:11548] for POST '/session/221bcc29d5cf0aaa89a848ee0fa7326e/execute/sync'
11:37:23.261 [AsyncHttpClient-1-11] DEBUG org.asynchttpclient.netty.handler.HttpHandler - 

Request DefaultHttpRequest(decodeResult: success, version: HTTP/1.1)
POST /session/221bcc29d5cf0aaa89a848ee0fa7326e/execute/sync HTTP/1.1
User-Agent: selenium/4.8.0 (java windows)
Content-Length: 48814
Content-Type: application/json; charset=utf-8
host: localhost:11548
accept: */*

Response DefaultHttpResponse(decodeResult: success, version: HTTP/1.1)
HTTP/1.1 200 OK
Content-Length: 14
Content-Type: application/json; charset=utf-8
cache-control: no-cache

11:37:23.261 [AsyncHttpClient-1-11] DEBUG org.asynchttpclient.netty.channel.ChannelManager - Adding key: http://localhost:11548 for channel [id: 0x5bbdc2b9, L:/127.0.0.1:61695 - R:localhost/127.0.0.1:11548]
11:37:23.261 [main] INFO  com.swaglabs.base.SetUp - loginButton   validation passed
11:37:23.263 [Forwarding findElement on session 221bcc29d5cf0aaa89a848ee0fa7326e to remote] DEBUG org.asynchttpclient.netty.request.NettyRequestSender - Using pooled Channel '[id: 0x5bbdc2b9, L:/127.0.0.1:61695 - R:localhost/127.0.0.1:11548]' for 'POST' to 'http://localhost:11548/session/221bcc29d5cf0aaa89a848ee0fa7326e/element'
11:37:23.263 [Forwarding findElement on session 221bcc29d5cf0aaa89a848ee0fa7326e to remote] DEBUG org.asynchttpclient.netty.request.NettyRequestSender - Using open Channel [id: 0x5bbdc2b9, L:/127.0.0.1:61695 - R:localhost/127.0.0.1:11548] for POST '/session/221bcc29d5cf0aaa89a848ee0fa7326e/element'
11:37:23.271 [AsyncHttpClient-1-11] DEBUG org.asynchttpclient.netty.handler.HttpHandler - 

Request DefaultHttpRequest(decodeResult: success, version: HTTP/1.1)
POST /session/221bcc29d5cf0aaa89a848ee0fa7326e/element HTTP/1.1
User-Agent: selenium/4.8.0 (java windows)
Content-Length: 59
Content-Type: application/json; charset=utf-8
host: localhost:11548
accept: */*

Response DefaultHttpResponse(decodeResult: success, version: HTTP/1.1)
HTTP/1.1 200 OK
Content-Length: 95
Content-Type: application/json; charset=utf-8
cache-control: no-cache

11:37:23.271 [AsyncHttpClient-1-11] DEBUG org.asynchttpclient.netty.channel.ChannelManager - Adding key: http://localhost:11548 for channel [id: 0x5bbdc2b9, L:/127.0.0.1:61695 - R:localhost/127.0.0.1:11548]
11:37:23.273 [Forwarding isElementDisplayed on session 221bcc29d5cf0aaa89a848ee0fa7326e to remote] DEBUG org.asynchttpclient.netty.request.NettyRequestSender - Using pooled Channel '[id: 0x5bbdc2b9, L:/127.0.0.1:61695 - R:localhost/127.0.0.1:11548]' for 'POST' to 'http://localhost:11548/session/221bcc29d5cf0aaa89a848ee0fa7326e/execute/sync'
11:37:23.273 [Forwarding isElementDisplayed on session 221bcc29d5cf0aaa89a848ee0fa7326e to remote] DEBUG org.asynchttpclient.netty.request.NettyRequestSender - Using open Channel [id: 0x5bbdc2b9, L:/127.0.0.1:61695 - R:localhost/127.0.0.1:11548] for POST '/session/221bcc29d5cf0aaa89a848ee0fa7326e/execute/sync'
11:37:23.281 [AsyncHttpClient-1-11] DEBUG org.asynchttpclient.netty.handler.HttpHandler - 

Request DefaultHttpRequest(decodeResult: success, version: HTTP/1.1)
POST /session/221bcc29d5cf0aaa89a848ee0fa7326e/execute/sync HTTP/1.1
User-Agent: selenium/4.8.0 (java windows)
Content-Length: 48814
Content-Type: application/json; charset=utf-8
host: localhost:11548
accept: */*

Response DefaultHttpResponse(decodeResult: success, version: HTTP/1.1)
HTTP/1.1 200 OK
Content-Length: 14
Content-Type: application/json; charset=utf-8
cache-control: no-cache

11:37:23.281 [AsyncHttpClient-1-11] DEBUG org.asynchttpclient.netty.channel.ChannelManager - Adding key: http://localhost:11548 for channel [id: 0x5bbdc2b9, L:/127.0.0.1:61695 - R:localhost/127.0.0.1:11548]
11:37:23.283 [Forwarding isElementDisplayed on session 221bcc29d5cf0aaa89a848ee0fa7326e to remote] DEBUG org.asynchttpclient.netty.request.NettyRequestSender - Using pooled Channel '[id: 0x5bbdc2b9, L:/127.0.0.1:61695 - R:localhost/127.0.0.1:11548]' for 'POST' to 'http://localhost:11548/session/221bcc29d5cf0aaa89a848ee0fa7326e/execute/sync'
11:37:23.283 [Forwarding isElementDisplayed on session 221bcc29d5cf0aaa89a848ee0fa7326e to remote] DEBUG org.asynchttpclient.netty.request.NettyRequestSender - Using open Channel [id: 0x5bbdc2b9, L:/127.0.0.1:61695 - R:localhost/127.0.0.1:11548] for POST '/session/221bcc29d5cf0aaa89a848ee0fa7326e/execute/sync'
11:37:23.290 [AsyncHttpClient-1-11] DEBUG org.asynchttpclient.netty.handler.HttpHandler - 

Request DefaultHttpRequest(decodeResult: success, version: HTTP/1.1)
POST /session/221bcc29d5cf0aaa89a848ee0fa7326e/execute/sync HTTP/1.1
User-Agent: selenium/4.8.0 (java windows)
Content-Length: 48814
Content-Type: application/json; charset=utf-8
host: localhost:11548
accept: */*

Response DefaultHttpResponse(decodeResult: success, version: HTTP/1.1)
HTTP/1.1 200 OK
Content-Length: 14
Content-Type: application/json; charset=utf-8
cache-control: no-cache

11:37:23.290 [AsyncHttpClient-1-11] DEBUG org.asynchttpclient.netty.channel.ChannelManager - Adding key: http://localhost:11548 for channel [id: 0x5bbdc2b9, L:/127.0.0.1:61695 - R:localhost/127.0.0.1:11548]
11:37:23.292 [Forwarding isElementDisplayed on session 221bcc29d5cf0aaa89a848ee0fa7326e to remote] DEBUG org.asynchttpclient.netty.request.NettyRequestSender - Using pooled Channel '[id: 0x5bbdc2b9, L:/127.0.0.1:61695 - R:localhost/127.0.0.1:11548]' for 'POST' to 'http://localhost:11548/session/221bcc29d5cf0aaa89a848ee0fa7326e/execute/sync'
11:37:23.292 [Forwarding isElementDisplayed on session 221bcc29d5cf0aaa89a848ee0fa7326e to remote] DEBUG org.asynchttpclient.netty.request.NettyRequestSender - Using open Channel [id: 0x5bbdc2b9, L:/127.0.0.1:61695 - R:localhost/127.0.0.1:11548] for POST '/session/221bcc29d5cf0aaa89a848ee0fa7326e/execute/sync'
11:37:23.298 [AsyncHttpClient-1-11] DEBUG org.asynchttpclient.netty.handler.HttpHandler - 

Request DefaultHttpRequest(decodeResult: success, version: HTTP/1.1)
POST /session/221bcc29d5cf0aaa89a848ee0fa7326e/execute/sync HTTP/1.1
User-Agent: selenium/4.8.0 (java windows)
Content-Length: 48814
Content-Type: application/json; charset=utf-8
host: localhost:11548
accept: */*

Response DefaultHttpResponse(decodeResult: success, version: HTTP/1.1)
HTTP/1.1 200 OK
Content-Length: 14
Content-Type: application/json; charset=utf-8
cache-control: no-cache

11:37:23.298 [AsyncHttpClient-1-11] DEBUG org.asynchttpclient.netty.channel.ChannelManager - Adding key: http://localhost:11548 for channel [id: 0x5bbdc2b9, L:/127.0.0.1:61695 - R:localhost/127.0.0.1:11548]
11:37:23.301 [Forwarding getAlertText on session 221bcc29d5cf0aaa89a848ee0fa7326e to remote] DEBUG org.asynchttpclient.netty.request.NettyRequestSender - Using pooled Channel '[id: 0x5bbdc2b9, L:/127.0.0.1:61695 - R:localhost/127.0.0.1:11548]' for 'GET' to 'http://localhost:11548/session/221bcc29d5cf0aaa89a848ee0fa7326e/alert/text'
11:37:23.301 [Forwarding getAlertText on session 221bcc29d5cf0aaa89a848ee0fa7326e to remote] DEBUG org.asynchttpclient.netty.request.NettyRequestSender - Using open Channel [id: 0x5bbdc2b9, L:/127.0.0.1:61695 - R:localhost/127.0.0.1:11548] for GET '/session/221bcc29d5cf0aaa89a848ee0fa7326e/alert/text'
11:37:23.302 [AsyncHttpClient-1-11] DEBUG org.asynchttpclient.netty.handler.HttpHandler - 

Request DefaultFullHttpRequest(decodeResult: success, version: HTTP/1.1, content: EmptyByteBufBE)
GET /session/221bcc29d5cf0aaa89a848ee0fa7326e/alert/text HTTP/1.1
User-Agent: selenium/4.8.0 (java windows)
Cache-Control: no-cache
Content-Type: application/json; charset=utf-8
host: localhost:11548
accept: */*

Response DefaultHttpResponse(decodeResult: success, version: HTTP/1.1)
HTTP/1.1 404 Not Found
Content-Length: 1522
Content-Type: application/json; charset=utf-8
cache-control: no-cache

11:37:23.302 [AsyncHttpClient-1-11] DEBUG org.asynchttpclient.netty.channel.ChannelManager - Adding key: http://localhost:11548 for channel [id: 0x5bbdc2b9, L:/127.0.0.1:61695 - R:localhost/127.0.0.1:11548]
11:37:23.303 [Forwarding getCurrentUrl on session 221bcc29d5cf0aaa89a848ee0fa7326e to remote] DEBUG org.asynchttpclient.netty.request.NettyRequestSender - Using pooled Channel '[id: 0x5bbdc2b9, L:/127.0.0.1:61695 - R:localhost/127.0.0.1:11548]' for 'GET' to 'http://localhost:11548/session/221bcc29d5cf0aaa89a848ee0fa7326e/url'
11:37:23.303 [Forwarding getCurrentUrl on session 221bcc29d5cf0aaa89a848ee0fa7326e to remote] DEBUG org.asynchttpclient.netty.request.NettyRequestSender - Using open Channel [id: 0x5bbdc2b9, L:/127.0.0.1:61695 - R:localhost/127.0.0.1:11548] for GET '/session/221bcc29d5cf0aaa89a848ee0fa7326e/url'
11:37:23.307 [AsyncHttpClient-1-11] DEBUG org.asynchttpclient.netty.handler.HttpHandler - 

Request DefaultFullHttpRequest(decodeResult: success, version: HTTP/1.1, content: EmptyByteBufBE)
GET /session/221bcc29d5cf0aaa89a848ee0fa7326e/url HTTP/1.1
User-Agent: selenium/4.8.0 (java windows)
Cache-Control: no-cache
Content-Type: application/json; charset=utf-8
host: localhost:11548
accept: */*

Response DefaultHttpResponse(decodeResult: success, version: HTTP/1.1)
HTTP/1.1 200 OK
Content-Length: 38
Content-Type: application/json; charset=utf-8
cache-control: no-cache

11:37:23.307 [AsyncHttpClient-1-11] DEBUG org.asynchttpclient.netty.channel.ChannelManager - Adding key: http://localhost:11548 for channel [id: 0x5bbdc2b9, L:/127.0.0.1:61695 - R:localhost/127.0.0.1:11548]
11:37:23.308 [Forwarding screenshot on session 221bcc29d5cf0aaa89a848ee0fa7326e to remote] DEBUG org.asynchttpclient.netty.request.NettyRequestSender - Using pooled Channel '[id: 0x5bbdc2b9, L:/127.0.0.1:61695 - R:localhost/127.0.0.1:11548]' for 'GET' to 'http://localhost:11548/session/221bcc29d5cf0aaa89a848ee0fa7326e/screenshot'
11:37:23.308 [Forwarding screenshot on session 221bcc29d5cf0aaa89a848ee0fa7326e to remote] DEBUG org.asynchttpclient.netty.request.NettyRequestSender - Using open Channel [id: 0x5bbdc2b9, L:/127.0.0.1:61695 - R:localhost/127.0.0.1:11548] for GET '/session/221bcc29d5cf0aaa89a848ee0fa7326e/screenshot'
11:37:23.432 [AsyncHttpClient-1-11] DEBUG org.asynchttpclient.netty.handler.HttpHandler - 

Request DefaultFullHttpRequest(decodeResult: success, version: HTTP/1.1, content: EmptyByteBufBE)
GET /session/221bcc29d5cf0aaa89a848ee0fa7326e/screenshot HTTP/1.1
User-Agent: selenium/4.8.0 (java windows)
Cache-Control: no-cache
Content-Type: application/json; charset=utf-8
host: localhost:11548
accept: */*

Response DefaultHttpResponse(decodeResult: success, version: HTTP/1.1)
HTTP/1.1 200 OK
Content-Length: 56888
Content-Type: application/json; charset=utf-8
cache-control: no-cache

11:37:23.433 [AsyncHttpClient-1-11] DEBUG org.asynchttpclient.netty.channel.ChannelManager - Adding key: http://localhost:11548 for channel [id: 0x5bbdc2b9, L:/127.0.0.1:61695 - R:localhost/127.0.0.1:11548]
11:37:23.435 [main] DEBUG net.serenitybdd.core.photography.Darkroom - Send negative for processing for target\site\serenity\9e064797e028a3807699613c333f7a315a08d2c82b6ed50ea0e2ad01a26ca09b.png
11:37:23.436 [Forwarding getPageSource on session 221bcc29d5cf0aaa89a848ee0fa7326e to remote] DEBUG org.asynchttpclient.netty.request.NettyRequestSender - Using pooled Channel '[id: 0x5bbdc2b9, L:/127.0.0.1:61695 - R:localhost/127.0.0.1:11548]' for 'POST' to 'http://localhost:11548/session/221bcc29d5cf0aaa89a848ee0fa7326e/execute/sync'
11:37:23.436 [Forwarding getPageSource on session 221bcc29d5cf0aaa89a848ee0fa7326e to remote] DEBUG org.asynchttpclient.netty.request.NettyRequestSender - Using open Channel [id: 0x5bbdc2b9, L:/127.0.0.1:61695 - R:localhost/127.0.0.1:11548] for POST '/session/221bcc29d5cf0aaa89a848ee0fa7326e/execute/sync'
11:37:23.440 [AsyncHttpClient-1-11] DEBUG org.asynchttpclient.netty.handler.HttpHandler - 

Request DefaultHttpRequest(decodeResult: success, version: HTTP/1.1)
POST /session/221bcc29d5cf0aaa89a848ee0fa7326e/execute/sync HTTP/1.1
User-Agent: selenium/4.8.0 (java windows)
Content-Length: 176
Content-Type: application/json; charset=utf-8
host: localhost:11548
accept: */*

Response DefaultHttpResponse(decodeResult: success, version: HTTP/1.1)
HTTP/1.1 200 OK
Content-Length: 4333
Content-Type: application/json; charset=utf-8
cache-control: no-cache

11:37:23.440 [AsyncHttpClient-1-11] DEBUG org.asynchttpclient.netty.channel.ChannelManager - Adding key: http://localhost:11548 for channel [id: 0x5bbdc2b9, L:/127.0.0.1:61695 - R:localhost/127.0.0.1:11548]
11:37:23.444 [Forwarding getCurrentUrl on session 221bcc29d5cf0aaa89a848ee0fa7326e to remote] DEBUG org.asynchttpclient.netty.request.NettyRequestSender - Using pooled Channel '[id: 0x5bbdc2b9, L:/127.0.0.1:61695 - R:localhost/127.0.0.1:11548]' for 'GET' to 'http://localhost:11548/session/221bcc29d5cf0aaa89a848ee0fa7326e/url'
11:37:23.444 [Forwarding getCurrentUrl on session 221bcc29d5cf0aaa89a848ee0fa7326e to remote] DEBUG org.asynchttpclient.netty.request.NettyRequestSender - Using open Channel [id: 0x5bbdc2b9, L:/127.0.0.1:61695 - R:localhost/127.0.0.1:11548] for GET '/session/221bcc29d5cf0aaa89a848ee0fa7326e/url'
11:37:23.450 [AsyncHttpClient-1-11] DEBUG org.asynchttpclient.netty.handler.HttpHandler - 

Request DefaultFullHttpRequest(decodeResult: success, version: HTTP/1.1, content: EmptyByteBufBE)
GET /session/221bcc29d5cf0aaa89a848ee0fa7326e/url HTTP/1.1
User-Agent: selenium/4.8.0 (java windows)
Cache-Control: no-cache
Content-Type: application/json; charset=utf-8
host: localhost:11548
accept: */*

Response DefaultHttpResponse(decodeResult: success, version: HTTP/1.1)
HTTP/1.1 200 OK
Content-Length: 38
Content-Type: application/json; charset=utf-8
cache-control: no-cache

11:37:23.450 [AsyncHttpClient-1-11] DEBUG org.asynchttpclient.netty.channel.ChannelManager - Adding key: http://localhost:11548 for channel [id: 0x5bbdc2b9, L:/127.0.0.1:61695 - R:localhost/127.0.0.1:11548]
11:37:23.460 [Forwarding findElement on session 221bcc29d5cf0aaa89a848ee0fa7326e to remote] DEBUG org.asynchttpclient.netty.request.NettyRequestSender - Using pooled Channel '[id: 0x5bbdc2b9, L:/127.0.0.1:61695 - R:localhost/127.0.0.1:11548]' for 'POST' to 'http://localhost:11548/session/221bcc29d5cf0aaa89a848ee0fa7326e/element'
11:37:23.460 [Forwarding findElement on session 221bcc29d5cf0aaa89a848ee0fa7326e to remote] DEBUG org.asynchttpclient.netty.request.NettyRequestSender - Using open Channel [id: 0x5bbdc2b9, L:/127.0.0.1:61695 - R:localhost/127.0.0.1:11548] for POST '/session/221bcc29d5cf0aaa89a848ee0fa7326e/element'
11:37:23.470 [AsyncHttpClient-1-11] DEBUG org.asynchttpclient.netty.handler.HttpHandler - 

Request DefaultHttpRequest(decodeResult: success, version: HTTP/1.1)
POST /session/221bcc29d5cf0aaa89a848ee0fa7326e/element HTTP/1.1
User-Agent: selenium/4.8.0 (java windows)
Content-Length: 59
Content-Type: application/json; charset=utf-8
host: localhost:11548
accept: */*

Response DefaultHttpResponse(decodeResult: success, version: HTTP/1.1)
HTTP/1.1 200 OK
Content-Length: 95
Content-Type: application/json; charset=utf-8
cache-control: no-cache

11:37:23.470 [AsyncHttpClient-1-11] DEBUG org.asynchttpclient.netty.channel.ChannelManager - Adding key: http://localhost:11548 for channel [id: 0x5bbdc2b9, L:/127.0.0.1:61695 - R:localhost/127.0.0.1:11548]
11:37:23.473 [Forwarding isElementDisplayed on session 221bcc29d5cf0aaa89a848ee0fa7326e to remote] DEBUG org.asynchttpclient.netty.request.NettyRequestSender - Using pooled Channel '[id: 0x5bbdc2b9, L:/127.0.0.1:61695 - R:localhost/127.0.0.1:11548]' for 'POST' to 'http://localhost:11548/session/221bcc29d5cf0aaa89a848ee0fa7326e/execute/sync'
11:37:23.473 [Forwarding isElementDisplayed on session 221bcc29d5cf0aaa89a848ee0fa7326e to remote] DEBUG org.asynchttpclient.netty.request.NettyRequestSender - Using open Channel [id: 0x5bbdc2b9, L:/127.0.0.1:61695 - R:localhost/127.0.0.1:11548] for POST '/session/221bcc29d5cf0aaa89a848ee0fa7326e/execute/sync'
11:37:23.482 [AsyncHttpClient-1-11] DEBUG org.asynchttpclient.netty.handler.HttpHandler - 

Request DefaultHttpRequest(decodeResult: success, version: HTTP/1.1)
POST /session/221bcc29d5cf0aaa89a848ee0fa7326e/execute/sync HTTP/1.1
User-Agent: selenium/4.8.0 (java windows)
Content-Length: 48814
Content-Type: application/json; charset=utf-8
host: localhost:11548
accept: */*

Response DefaultHttpResponse(decodeResult: success, version: HTTP/1.1)
HTTP/1.1 200 OK
Content-Length: 14
Content-Type: application/json; charset=utf-8
cache-control: no-cache

11:37:23.482 [AsyncHttpClient-1-11] DEBUG org.asynchttpclient.netty.channel.ChannelManager - Adding key: http://localhost:11548 for channel [id: 0x5bbdc2b9, L:/127.0.0.1:61695 - R:localhost/127.0.0.1:11548]
11:37:23.484 [Forwarding isElementDisplayed on session 221bcc29d5cf0aaa89a848ee0fa7326e to remote] DEBUG org.asynchttpclient.netty.request.NettyRequestSender - Using pooled Channel '[id: 0x5bbdc2b9, L:/127.0.0.1:61695 - R:localhost/127.0.0.1:11548]' for 'POST' to 'http://localhost:11548/session/221bcc29d5cf0aaa89a848ee0fa7326e/execute/sync'
11:37:23.484 [Forwarding isElementDisplayed on session 221bcc29d5cf0aaa89a848ee0fa7326e to remote] DEBUG org.asynchttpclient.netty.request.NettyRequestSender - Using open Channel [id: 0x5bbdc2b9, L:/127.0.0.1:61695 - R:localhost/127.0.0.1:11548] for POST '/session/221bcc29d5cf0aaa89a848ee0fa7326e/execute/sync'
11:37:23.491 [AsyncHttpClient-1-11] DEBUG org.asynchttpclient.netty.handler.HttpHandler - 

Request DefaultHttpRequest(decodeResult: success, version: HTTP/1.1)
POST /session/221bcc29d5cf0aaa89a848ee0fa7326e/execute/sync HTTP/1.1
User-Agent: selenium/4.8.0 (java windows)
Content-Length: 48814
Content-Type: application/json; charset=utf-8
host: localhost:11548
accept: */*

Response DefaultHttpResponse(decodeResult: success, version: HTTP/1.1)
HTTP/1.1 200 OK
Content-Length: 14
Content-Type: application/json; charset=utf-8
cache-control: no-cache

11:37:23.491 [AsyncHttpClient-1-11] DEBUG org.asynchttpclient.netty.channel.ChannelManager - Adding key: http://localhost:11548 for channel [id: 0x5bbdc2b9, L:/127.0.0.1:61695 - R:localhost/127.0.0.1:11548]
11:37:23.492 [Forwarding isElementDisplayed on session 221bcc29d5cf0aaa89a848ee0fa7326e to remote] DEBUG org.asynchttpclient.netty.request.NettyRequestSender - Using pooled Channel '[id: 0x5bbdc2b9, L:/127.0.0.1:61695 - R:localhost/127.0.0.1:11548]' for 'POST' to 'http://localhost:11548/session/221bcc29d5cf0aaa89a848ee0fa7326e/execute/sync'
11:37:23.492 [Forwarding isElementDisplayed on session 221bcc29d5cf0aaa89a848ee0fa7326e to remote] DEBUG org.asynchttpclient.netty.request.NettyRequestSender - Using open Channel [id: 0x5bbdc2b9, L:/127.0.0.1:61695 - R:localhost/127.0.0.1:11548] for POST '/session/221bcc29d5cf0aaa89a848ee0fa7326e/execute/sync'
11:37:23.500 [AsyncHttpClient-1-11] DEBUG org.asynchttpclient.netty.handler.HttpHandler - 

Request DefaultHttpRequest(decodeResult: success, version: HTTP/1.1)
POST /session/221bcc29d5cf0aaa89a848ee0fa7326e/execute/sync HTTP/1.1
User-Agent: selenium/4.8.0 (java windows)
Content-Length: 48814
Content-Type: application/json; charset=utf-8
host: localhost:11548
accept: */*

Response DefaultHttpResponse(decodeResult: success, version: HTTP/1.1)
HTTP/1.1 200 OK
Content-Length: 14
Content-Type: application/json; charset=utf-8
cache-control: no-cache

11:37:23.501 [AsyncHttpClient-1-11] DEBUG org.asynchttpclient.netty.channel.ChannelManager - Adding key: http://localhost:11548 for channel [id: 0x5bbdc2b9, L:/127.0.0.1:61695 - R:localhost/127.0.0.1:11548]
11:37:23.504 [Forwarding getAlertText on session 221bcc29d5cf0aaa89a848ee0fa7326e to remote] DEBUG org.asynchttpclient.netty.request.NettyRequestSender - Using pooled Channel '[id: 0x5bbdc2b9, L:/127.0.0.1:61695 - R:localhost/127.0.0.1:11548]' for 'GET' to 'http://localhost:11548/session/221bcc29d5cf0aaa89a848ee0fa7326e/alert/text'
11:37:23.504 [Forwarding getAlertText on session 221bcc29d5cf0aaa89a848ee0fa7326e to remote] DEBUG org.asynchttpclient.netty.request.NettyRequestSender - Using open Channel [id: 0x5bbdc2b9, L:/127.0.0.1:61695 - R:localhost/127.0.0.1:11548] for GET '/session/221bcc29d5cf0aaa89a848ee0fa7326e/alert/text'
11:37:23.507 [AsyncHttpClient-1-11] DEBUG org.asynchttpclient.netty.handler.HttpHandler - 

Request DefaultFullHttpRequest(decodeResult: success, version: HTTP/1.1, content: EmptyByteBufBE)
GET /session/221bcc29d5cf0aaa89a848ee0fa7326e/alert/text HTTP/1.1
User-Agent: selenium/4.8.0 (java windows)
Cache-Control: no-cache
Content-Type: application/json; charset=utf-8
host: localhost:11548
accept: */*

Response DefaultHttpResponse(decodeResult: success, version: HTTP/1.1)
HTTP/1.1 404 Not Found
Content-Length: 1522
Content-Type: application/json; charset=utf-8
cache-control: no-cache

11:37:23.507 [AsyncHttpClient-1-11] DEBUG org.asynchttpclient.netty.channel.ChannelManager - Adding key: http://localhost:11548 for channel [id: 0x5bbdc2b9, L:/127.0.0.1:61695 - R:localhost/127.0.0.1:11548]
11:37:23.507 [Forwarding getCurrentUrl on session 221bcc29d5cf0aaa89a848ee0fa7326e to remote] DEBUG org.asynchttpclient.netty.request.NettyRequestSender - Using pooled Channel '[id: 0x5bbdc2b9, L:/127.0.0.1:61695 - R:localhost/127.0.0.1:11548]' for 'GET' to 'http://localhost:11548/session/221bcc29d5cf0aaa89a848ee0fa7326e/url'
11:37:23.507 [Forwarding getCurrentUrl on session 221bcc29d5cf0aaa89a848ee0fa7326e to remote] DEBUG org.asynchttpclient.netty.request.NettyRequestSender - Using open Channel [id: 0x5bbdc2b9, L:/127.0.0.1:61695 - R:localhost/127.0.0.1:11548] for GET '/session/221bcc29d5cf0aaa89a848ee0fa7326e/url'
11:37:23.512 [AsyncHttpClient-1-11] DEBUG org.asynchttpclient.netty.handler.HttpHandler - 

Request DefaultFullHttpRequest(decodeResult: success, version: HTTP/1.1, content: EmptyByteBufBE)
GET /session/221bcc29d5cf0aaa89a848ee0fa7326e/url HTTP/1.1
User-Agent: selenium/4.8.0 (java windows)
Cache-Control: no-cache
Content-Type: application/json; charset=utf-8
host: localhost:11548
accept: */*

Response DefaultHttpResponse(decodeResult: success, version: HTTP/1.1)
HTTP/1.1 200 OK
Content-Length: 38
Content-Type: application/json; charset=utf-8
cache-control: no-cache

11:37:23.512 [AsyncHttpClient-1-11] DEBUG org.asynchttpclient.netty.channel.ChannelManager - Adding key: http://localhost:11548 for channel [id: 0x5bbdc2b9, L:/127.0.0.1:61695 - R:localhost/127.0.0.1:11548]
11:37:23.513 [Forwarding screenshot on session 221bcc29d5cf0aaa89a848ee0fa7326e to remote] DEBUG org.asynchttpclient.netty.request.NettyRequestSender - Using pooled Channel '[id: 0x5bbdc2b9, L:/127.0.0.1:61695 - R:localhost/127.0.0.1:11548]' for 'GET' to 'http://localhost:11548/session/221bcc29d5cf0aaa89a848ee0fa7326e/screenshot'
11:37:23.513 [Forwarding screenshot on session 221bcc29d5cf0aaa89a848ee0fa7326e to remote] DEBUG org.asynchttpclient.netty.request.NettyRequestSender - Using open Channel [id: 0x5bbdc2b9, L:/127.0.0.1:61695 - R:localhost/127.0.0.1:11548] for GET '/session/221bcc29d5cf0aaa89a848ee0fa7326e/screenshot'
11:37:23.539 [AsyncHttpClient-1-1] DEBUG org.asynchttpclient.netty.channel.DefaultChannelPool - Entry count for : http://localhost:61697 : 1
11:37:23.636 [AsyncHttpClient-1-11] DEBUG org.asynchttpclient.netty.handler.HttpHandler - 

Request DefaultFullHttpRequest(decodeResult: success, version: HTTP/1.1, content: EmptyByteBufBE)
GET /session/221bcc29d5cf0aaa89a848ee0fa7326e/screenshot HTTP/1.1
User-Agent: selenium/4.8.0 (java windows)
Cache-Control: no-cache
Content-Type: application/json; charset=utf-8
host: localhost:11548
accept: */*

Response DefaultHttpResponse(decodeResult: success, version: HTTP/1.1)
HTTP/1.1 200 OK
Content-Length: 56888
Content-Type: application/json; charset=utf-8
cache-control: no-cache

11:37:23.636 [AsyncHttpClient-1-11] DEBUG org.asynchttpclient.netty.channel.ChannelManager - Adding key: http://localhost:11548 for channel [id: 0x5bbdc2b9, L:/127.0.0.1:61695 - R:localhost/127.0.0.1:11548]
11:37:23.638 [main] DEBUG net.serenitybdd.core.photography.Darkroom - Send negative for processing for target\site\serenity\9e064797e028a3807699613c333f7a315a08d2c82b6ed50ea0e2ad01a26ca09b.png
11:37:23.641 [Forwarding findElement on session 221bcc29d5cf0aaa89a848ee0fa7326e to remote] DEBUG org.asynchttpclient.netty.request.NettyRequestSender - Using pooled Channel '[id: 0x5bbdc2b9, L:/127.0.0.1:61695 - R:localhost/127.0.0.1:11548]' for 'POST' to 'http://localhost:11548/session/221bcc29d5cf0aaa89a848ee0fa7326e/element'
11:37:23.641 [Forwarding findElement on session 221bcc29d5cf0aaa89a848ee0fa7326e to remote] DEBUG org.asynchttpclient.netty.request.NettyRequestSender - Using open Channel [id: 0x5bbdc2b9, L:/127.0.0.1:61695 - R:localhost/127.0.0.1:11548] for POST '/session/221bcc29d5cf0aaa89a848ee0fa7326e/element'
11:37:23.653 [AsyncHttpClient-1-11] DEBUG org.asynchttpclient.netty.handler.HttpHandler - 

Request DefaultHttpRequest(decodeResult: success, version: HTTP/1.1)
POST /session/221bcc29d5cf0aaa89a848ee0fa7326e/element HTTP/1.1
User-Agent: selenium/4.8.0 (java windows)
Content-Length: 77
Content-Type: application/json; charset=utf-8
host: localhost:11548
accept: */*

Response DefaultHttpResponse(decodeResult: success, version: HTTP/1.1)
HTTP/1.1 200 OK
Content-Length: 95
Content-Type: application/json; charset=utf-8
cache-control: no-cache

11:37:23.653 [AsyncHttpClient-1-11] DEBUG org.asynchttpclient.netty.channel.ChannelManager - Adding key: http://localhost:11548 for channel [id: 0x5bbdc2b9, L:/127.0.0.1:61695 - R:localhost/127.0.0.1:11548]
11:37:23.656 [Forwarding isElementDisplayed on session 221bcc29d5cf0aaa89a848ee0fa7326e to remote] DEBUG org.asynchttpclient.netty.request.NettyRequestSender - Using pooled Channel '[id: 0x5bbdc2b9, L:/127.0.0.1:61695 - R:localhost/127.0.0.1:11548]' for 'POST' to 'http://localhost:11548/session/221bcc29d5cf0aaa89a848ee0fa7326e/execute/sync'
11:37:23.656 [Forwarding isElementDisplayed on session 221bcc29d5cf0aaa89a848ee0fa7326e to remote] DEBUG org.asynchttpclient.netty.request.NettyRequestSender - Using open Channel [id: 0x5bbdc2b9, L:/127.0.0.1:61695 - R:localhost/127.0.0.1:11548] for POST '/session/221bcc29d5cf0aaa89a848ee0fa7326e/execute/sync'
11:37:23.664 [AsyncHttpClient-1-11] DEBUG org.asynchttpclient.netty.handler.HttpHandler - 

Request DefaultHttpRequest(decodeResult: success, version: HTTP/1.1)
POST /session/221bcc29d5cf0aaa89a848ee0fa7326e/execute/sync HTTP/1.1
User-Agent: selenium/4.8.0 (java windows)
Content-Length: 48814
Content-Type: application/json; charset=utf-8
host: localhost:11548
accept: */*

Response DefaultHttpResponse(decodeResult: success, version: HTTP/1.1)
HTTP/1.1 200 OK
Content-Length: 14
Content-Type: application/json; charset=utf-8
cache-control: no-cache

11:37:23.664 [AsyncHttpClient-1-11] DEBUG org.asynchttpclient.netty.channel.ChannelManager - Adding key: http://localhost:11548 for channel [id: 0x5bbdc2b9, L:/127.0.0.1:61695 - R:localhost/127.0.0.1:11548]
11:37:23.664 [Forwarding getElementText on session 221bcc29d5cf0aaa89a848ee0fa7326e to remote] DEBUG org.asynchttpclient.netty.request.NettyRequestSender - Using pooled Channel '[id: 0x5bbdc2b9, L:/127.0.0.1:61695 - R:localhost/127.0.0.1:11548]' for 'GET' to 'http://localhost:11548/session/221bcc29d5cf0aaa89a848ee0fa7326e/element/7F1B751D72AB98312240D0B7862350F1_element_17/text'
11:37:23.664 [Forwarding getElementText on session 221bcc29d5cf0aaa89a848ee0fa7326e to remote] DEBUG org.asynchttpclient.netty.request.NettyRequestSender - Using open Channel [id: 0x5bbdc2b9, L:/127.0.0.1:61695 - R:localhost/127.0.0.1:11548] for GET '/session/221bcc29d5cf0aaa89a848ee0fa7326e/element/7F1B751D72AB98312240D0B7862350F1_element_17/text'
11:37:23.670 [AsyncHttpClient-1-11] DEBUG org.asynchttpclient.netty.handler.HttpHandler - 

Request DefaultFullHttpRequest(decodeResult: success, version: HTTP/1.1, content: EmptyByteBufBE)
GET /session/221bcc29d5cf0aaa89a848ee0fa7326e/element/7F1B751D72AB98312240D0B7862350F1_element_17/text HTTP/1.1
User-Agent: selenium/4.8.0 (java windows)
Cache-Control: no-cache
Content-Type: application/json; charset=utf-8
host: localhost:11548
accept: */*

Response DefaultHttpResponse(decodeResult: success, version: HTTP/1.1)
HTTP/1.1 200 OK
Content-Length: 106
Content-Type: application/json; charset=utf-8
cache-control: no-cache

11:37:23.670 [AsyncHttpClient-1-11] DEBUG org.asynchttpclient.netty.channel.ChannelManager - Adding key: http://localhost:11548 for channel [id: 0x5bbdc2b9, L:/127.0.0.1:61695 - R:localhost/127.0.0.1:11548]
11:37:23.670 [main] INFO  com.swaglabs.base.SetUp - Accepted usernames are:validated
11:37:23.671 [main] INFO  com.swaglabs.base.SetUp - standard_uservalidated
11:37:23.671 [main] INFO  com.swaglabs.base.SetUp - locked_out_uservalidated
11:37:23.671 [main] INFO  com.swaglabs.base.SetUp - problem_uservalidated
11:37:23.671 [main] INFO  com.swaglabs.base.SetUp - performance_glitch_uservalidated
11:37:23.675 [Forwarding findElement on session 221bcc29d5cf0aaa89a848ee0fa7326e to remote] DEBUG org.asynchttpclient.netty.request.NettyRequestSender - Using pooled Channel '[id: 0x5bbdc2b9, L:/127.0.0.1:61695 - R:localhost/127.0.0.1:11548]' for 'POST' to 'http://localhost:11548/session/221bcc29d5cf0aaa89a848ee0fa7326e/element'
11:37:23.675 [Forwarding findElement on session 221bcc29d5cf0aaa89a848ee0fa7326e to remote] DEBUG org.asynchttpclient.netty.request.NettyRequestSender - Using open Channel [id: 0x5bbdc2b9, L:/127.0.0.1:61695 - R:localhost/127.0.0.1:11548] for POST '/session/221bcc29d5cf0aaa89a848ee0fa7326e/element'
11:37:23.687 [AsyncHttpClient-1-11] DEBUG org.asynchttpclient.netty.handler.HttpHandler - 

Request DefaultHttpRequest(decodeResult: success, version: HTTP/1.1)
POST /session/221bcc29d5cf0aaa89a848ee0fa7326e/element HTTP/1.1
User-Agent: selenium/4.8.0 (java windows)
Content-Length: 77
Content-Type: application/json; charset=utf-8
host: localhost:11548
accept: */*

Response DefaultHttpResponse(decodeResult: success, version: HTTP/1.1)
HTTP/1.1 200 OK
Content-Length: 95
Content-Type: application/json; charset=utf-8
cache-control: no-cache

11:37:23.687 [AsyncHttpClient-1-11] DEBUG org.asynchttpclient.netty.channel.ChannelManager - Adding key: http://localhost:11548 for channel [id: 0x5bbdc2b9, L:/127.0.0.1:61695 - R:localhost/127.0.0.1:11548]
11:37:23.690 [Forwarding isElementDisplayed on session 221bcc29d5cf0aaa89a848ee0fa7326e to remote] DEBUG org.asynchttpclient.netty.request.NettyRequestSender - Using pooled Channel '[id: 0x5bbdc2b9, L:/127.0.0.1:61695 - R:localhost/127.0.0.1:11548]' for 'POST' to 'http://localhost:11548/session/221bcc29d5cf0aaa89a848ee0fa7326e/execute/sync'
11:37:23.690 [Forwarding isElementDisplayed on session 221bcc29d5cf0aaa89a848ee0fa7326e to remote] DEBUG org.asynchttpclient.netty.request.NettyRequestSender - Using open Channel [id: 0x5bbdc2b9, L:/127.0.0.1:61695 - R:localhost/127.0.0.1:11548] for POST '/session/221bcc29d5cf0aaa89a848ee0fa7326e/execute/sync'
11:37:23.698 [AsyncHttpClient-1-11] DEBUG org.asynchttpclient.netty.handler.HttpHandler - 

Request DefaultHttpRequest(decodeResult: success, version: HTTP/1.1)
POST /session/221bcc29d5cf0aaa89a848ee0fa7326e/execute/sync HTTP/1.1
User-Agent: selenium/4.8.0 (java windows)
Content-Length: 48814
Content-Type: application/json; charset=utf-8
host: localhost:11548
accept: */*

Response DefaultHttpResponse(decodeResult: success, version: HTTP/1.1)
HTTP/1.1 200 OK
Content-Length: 14
Content-Type: application/json; charset=utf-8
cache-control: no-cache

11:37:23.698 [AsyncHttpClient-1-11] DEBUG org.asynchttpclient.netty.channel.ChannelManager - Adding key: http://localhost:11548 for channel [id: 0x5bbdc2b9, L:/127.0.0.1:61695 - R:localhost/127.0.0.1:11548]
11:37:23.698 [Forwarding getElementText on session 221bcc29d5cf0aaa89a848ee0fa7326e to remote] DEBUG org.asynchttpclient.netty.request.NettyRequestSender - Using pooled Channel '[id: 0x5bbdc2b9, L:/127.0.0.1:61695 - R:localhost/127.0.0.1:11548]' for 'GET' to 'http://localhost:11548/session/221bcc29d5cf0aaa89a848ee0fa7326e/element/7F1B751D72AB98312240D0B7862350F1_element_10/text'
11:37:23.698 [Forwarding getElementText on session 221bcc29d5cf0aaa89a848ee0fa7326e to remote] DEBUG org.asynchttpclient.netty.request.NettyRequestSender - Using open Channel [id: 0x5bbdc2b9, L:/127.0.0.1:61695 - R:localhost/127.0.0.1:11548] for GET '/session/221bcc29d5cf0aaa89a848ee0fa7326e/element/7F1B751D72AB98312240D0B7862350F1_element_10/text'
11:37:23.706 [AsyncHttpClient-1-11] DEBUG org.asynchttpclient.netty.handler.HttpHandler - 

Request DefaultFullHttpRequest(decodeResult: success, version: HTTP/1.1, content: EmptyByteBufBE)
GET /session/221bcc29d5cf0aaa89a848ee0fa7326e/element/7F1B751D72AB98312240D0B7862350F1_element_10/text HTTP/1.1
User-Agent: selenium/4.8.0 (java windows)
Cache-Control: no-cache
Content-Type: application/json; charset=utf-8
host: localhost:11548
accept: */*

Response DefaultHttpResponse(decodeResult: success, version: HTTP/1.1)
HTTP/1.1 200 OK
Content-Length: 49
Content-Type: application/json; charset=utf-8
cache-control: no-cache

11:37:23.706 [AsyncHttpClient-1-11] DEBUG org.asynchttpclient.netty.channel.ChannelManager - Adding key: http://localhost:11548 for channel [id: 0x5bbdc2b9, L:/127.0.0.1:61695 - R:localhost/127.0.0.1:11548]
11:37:23.706 [main] INFO  com.swaglabs.base.SetUp - Password for all users:validated
11:37:23.706 [main] INFO  com.swaglabs.base.SetUp - secret_saucevalidated
11:37:23.710 [Forwarding getAlertText on session 221bcc29d5cf0aaa89a848ee0fa7326e to remote] DEBUG org.asynchttpclient.netty.request.NettyRequestSender - Using pooled Channel '[id: 0x5bbdc2b9, L:/127.0.0.1:61695 - R:localhost/127.0.0.1:11548]' for 'GET' to 'http://localhost:11548/session/221bcc29d5cf0aaa89a848ee0fa7326e/alert/text'
11:37:23.710 [Forwarding getAlertText on session 221bcc29d5cf0aaa89a848ee0fa7326e to remote] DEBUG org.asynchttpclient.netty.request.NettyRequestSender - Using open Channel [id: 0x5bbdc2b9, L:/127.0.0.1:61695 - R:localhost/127.0.0.1:11548] for GET '/session/221bcc29d5cf0aaa89a848ee0fa7326e/alert/text'
11:37:23.711 [AsyncHttpClient-1-11] DEBUG org.asynchttpclient.netty.handler.HttpHandler - 

Request DefaultFullHttpRequest(decodeResult: success, version: HTTP/1.1, content: EmptyByteBufBE)
GET /session/221bcc29d5cf0aaa89a848ee0fa7326e/alert/text HTTP/1.1
User-Agent: selenium/4.8.0 (java windows)
Cache-Control: no-cache
Content-Type: application/json; charset=utf-8
host: localhost:11548
accept: */*

Response DefaultHttpResponse(decodeResult: success, version: HTTP/1.1)
HTTP/1.1 404 Not Found
Content-Length: 1522
Content-Type: application/json; charset=utf-8
cache-control: no-cache

11:37:23.711 [AsyncHttpClient-1-11] DEBUG org.asynchttpclient.netty.channel.ChannelManager - Adding key: http://localhost:11548 for channel [id: 0x5bbdc2b9, L:/127.0.0.1:61695 - R:localhost/127.0.0.1:11548]
11:37:23.711 [Forwarding getCurrentUrl on session 221bcc29d5cf0aaa89a848ee0fa7326e to remote] DEBUG org.asynchttpclient.netty.request.NettyRequestSender - Using pooled Channel '[id: 0x5bbdc2b9, L:/127.0.0.1:61695 - R:localhost/127.0.0.1:11548]' for 'GET' to 'http://localhost:11548/session/221bcc29d5cf0aaa89a848ee0fa7326e/url'
11:37:23.711 [Forwarding getCurrentUrl on session 221bcc29d5cf0aaa89a848ee0fa7326e to remote] DEBUG org.asynchttpclient.netty.request.NettyRequestSender - Using open Channel [id: 0x5bbdc2b9, L:/127.0.0.1:61695 - R:localhost/127.0.0.1:11548] for GET '/session/221bcc29d5cf0aaa89a848ee0fa7326e/url'
11:37:23.717 [AsyncHttpClient-1-11] DEBUG org.asynchttpclient.netty.handler.HttpHandler - 

Request DefaultFullHttpRequest(decodeResult: success, version: HTTP/1.1, content: EmptyByteBufBE)
GET /session/221bcc29d5cf0aaa89a848ee0fa7326e/url HTTP/1.1
User-Agent: selenium/4.8.0 (java windows)
Cache-Control: no-cache
Content-Type: application/json; charset=utf-8
host: localhost:11548
accept: */*

Response DefaultHttpResponse(decodeResult: success, version: HTTP/1.1)
HTTP/1.1 200 OK
Content-Length: 38
Content-Type: application/json; charset=utf-8
cache-control: no-cache

11:37:23.717 [AsyncHttpClient-1-11] DEBUG org.asynchttpclient.netty.channel.ChannelManager - Adding key: http://localhost:11548 for channel [id: 0x5bbdc2b9, L:/127.0.0.1:61695 - R:localhost/127.0.0.1:11548]
11:37:23.718 [Forwarding screenshot on session 221bcc29d5cf0aaa89a848ee0fa7326e to remote] DEBUG org.asynchttpclient.netty.request.NettyRequestSender - Using pooled Channel '[id: 0x5bbdc2b9, L:/127.0.0.1:61695 - R:localhost/127.0.0.1:11548]' for 'GET' to 'http://localhost:11548/session/221bcc29d5cf0aaa89a848ee0fa7326e/screenshot'
11:37:23.718 [Forwarding screenshot on session 221bcc29d5cf0aaa89a848ee0fa7326e to remote] DEBUG org.asynchttpclient.netty.request.NettyRequestSender - Using open Channel [id: 0x5bbdc2b9, L:/127.0.0.1:61695 - R:localhost/127.0.0.1:11548] for GET '/session/221bcc29d5cf0aaa89a848ee0fa7326e/screenshot'
11:37:23.839 [AsyncHttpClient-1-11] DEBUG org.asynchttpclient.netty.handler.HttpHandler - 

Request DefaultFullHttpRequest(decodeResult: success, version: HTTP/1.1, content: EmptyByteBufBE)
GET /session/221bcc29d5cf0aaa89a848ee0fa7326e/screenshot HTTP/1.1
User-Agent: selenium/4.8.0 (java windows)
Cache-Control: no-cache
Content-Type: application/json; charset=utf-8
host: localhost:11548
accept: */*

Response DefaultHttpResponse(decodeResult: success, version: HTTP/1.1)
HTTP/1.1 200 OK
Content-Length: 56888
Content-Type: application/json; charset=utf-8
cache-control: no-cache

11:37:23.839 [AsyncHttpClient-1-11] DEBUG org.asynchttpclient.netty.channel.ChannelManager - Adding key: http://localhost:11548 for channel [id: 0x5bbdc2b9, L:/127.0.0.1:61695 - R:localhost/127.0.0.1:11548]
11:37:23.839 [main] DEBUG net.serenitybdd.core.photography.Darkroom - Send negative for processing for target\site\serenity\9e064797e028a3807699613c333f7a315a08d2c82b6ed50ea0e2ad01a26ca09b.png
11:37:23.840 [main] DEBUG net.thucydides.core.steps.StepInterceptor - STEP DONE: test2_ValidateUserinterfaceHeadersAndFooters
11:37:23.844 [Forwarding getPageSource on session 221bcc29d5cf0aaa89a848ee0fa7326e to remote] DEBUG org.asynchttpclient.netty.request.NettyRequestSender - Using pooled Channel '[id: 0x5bbdc2b9, L:/127.0.0.1:61695 - R:localhost/127.0.0.1:11548]' for 'POST' to 'http://localhost:11548/session/221bcc29d5cf0aaa89a848ee0fa7326e/execute/sync'
11:37:23.844 [Forwarding getPageSource on session 221bcc29d5cf0aaa89a848ee0fa7326e to remote] DEBUG org.asynchttpclient.netty.request.NettyRequestSender - Using open Channel [id: 0x5bbdc2b9, L:/127.0.0.1:61695 - R:localhost/127.0.0.1:11548] for POST '/session/221bcc29d5cf0aaa89a848ee0fa7326e/execute/sync'
11:37:23.852 [AsyncHttpClient-1-11] DEBUG org.asynchttpclient.netty.handler.HttpHandler - 

Request DefaultHttpRequest(decodeResult: success, version: HTTP/1.1)
POST /session/221bcc29d5cf0aaa89a848ee0fa7326e/execute/sync HTTP/1.1
User-Agent: selenium/4.8.0 (java windows)
Content-Length: 176
Content-Type: application/json; charset=utf-8
host: localhost:11548
accept: */*

Response DefaultHttpResponse(decodeResult: success, version: HTTP/1.1)
HTTP/1.1 200 OK
Content-Length: 4333
Content-Type: application/json; charset=utf-8
cache-control: no-cache

11:37:23.852 [AsyncHttpClient-1-11] DEBUG org.asynchttpclient.netty.channel.ChannelManager - Adding key: http://localhost:11548 for channel [id: 0x5bbdc2b9, L:/127.0.0.1:61695 - R:localhost/127.0.0.1:11548]
11:37:23.852 [Forwarding getCurrentUrl on session 221bcc29d5cf0aaa89a848ee0fa7326e to remote] DEBUG org.asynchttpclient.netty.request.NettyRequestSender - Using pooled Channel '[id: 0x5bbdc2b9, L:/127.0.0.1:61695 - R:localhost/127.0.0.1:11548]' for 'GET' to 'http://localhost:11548/session/221bcc29d5cf0aaa89a848ee0fa7326e/url'
11:37:23.852 [Forwarding getCurrentUrl on session 221bcc29d5cf0aaa89a848ee0fa7326e to remote] DEBUG org.asynchttpclient.netty.request.NettyRequestSender - Using open Channel [id: 0x5bbdc2b9, L:/127.0.0.1:61695 - R:localhost/127.0.0.1:11548] for GET '/session/221bcc29d5cf0aaa89a848ee0fa7326e/url'
11:37:23.857 [AsyncHttpClient-1-11] DEBUG org.asynchttpclient.netty.handler.HttpHandler - 

Request DefaultFullHttpRequest(decodeResult: success, version: HTTP/1.1, content: EmptyByteBufBE)
GET /session/221bcc29d5cf0aaa89a848ee0fa7326e/url HTTP/1.1
User-Agent: selenium/4.8.0 (java windows)
Cache-Control: no-cache
Content-Type: application/json; charset=utf-8
host: localhost:11548
accept: */*

Response DefaultHttpResponse(decodeResult: success, version: HTTP/1.1)
HTTP/1.1 200 OK
Content-Length: 38
Content-Type: application/json; charset=utf-8
cache-control: no-cache

11:37:23.857 [AsyncHttpClient-1-11] DEBUG org.asynchttpclient.netty.channel.ChannelManager - Adding key: http://localhost:11548 for channel [id: 0x5bbdc2b9, L:/127.0.0.1:61695 - R:localhost/127.0.0.1:11548]
11:37:23.861 [main] DEBUG net.thucydides.core.steps.StepInterceptor - STARTING STEP: Tests.testCases - login with user {0}
11:37:23.868 [Forwarding getPageSource on session 221bcc29d5cf0aaa89a848ee0fa7326e to remote] DEBUG org.asynchttpclient.netty.request.NettyRequestSender - Using pooled Channel '[id: 0x5bbdc2b9, L:/127.0.0.1:61695 - R:localhost/127.0.0.1:11548]' for 'POST' to 'http://localhost:11548/session/221bcc29d5cf0aaa89a848ee0fa7326e/execute/sync'
11:37:23.868 [Forwarding getPageSource on session 221bcc29d5cf0aaa89a848ee0fa7326e to remote] DEBUG org.asynchttpclient.netty.request.NettyRequestSender - Using open Channel [id: 0x5bbdc2b9, L:/127.0.0.1:61695 - R:localhost/127.0.0.1:11548] for POST '/session/221bcc29d5cf0aaa89a848ee0fa7326e/execute/sync'
11:37:23.873 [AsyncHttpClient-1-11] DEBUG org.asynchttpclient.netty.handler.HttpHandler - 

Request DefaultHttpRequest(decodeResult: success, version: HTTP/1.1)
POST /session/221bcc29d5cf0aaa89a848ee0fa7326e/execute/sync HTTP/1.1
User-Agent: selenium/4.8.0 (java windows)
Content-Length: 176
Content-Type: application/json; charset=utf-8
host: localhost:11548
accept: */*

Response DefaultHttpResponse(decodeResult: success, version: HTTP/1.1)
HTTP/1.1 200 OK
Content-Length: 4333
Content-Type: application/json; charset=utf-8
cache-control: no-cache

11:37:23.873 [AsyncHttpClient-1-11] DEBUG org.asynchttpclient.netty.channel.ChannelManager - Adding key: http://localhost:11548 for channel [id: 0x5bbdc2b9, L:/127.0.0.1:61695 - R:localhost/127.0.0.1:11548]
11:37:23.873 [Forwarding getCurrentUrl on session 221bcc29d5cf0aaa89a848ee0fa7326e to remote] DEBUG org.asynchttpclient.netty.request.NettyRequestSender - Using pooled Channel '[id: 0x5bbdc2b9, L:/127.0.0.1:61695 - R:localhost/127.0.0.1:11548]' for 'GET' to 'http://localhost:11548/session/221bcc29d5cf0aaa89a848ee0fa7326e/url'
11:37:23.873 [Forwarding getCurrentUrl on session 221bcc29d5cf0aaa89a848ee0fa7326e to remote] DEBUG org.asynchttpclient.netty.request.NettyRequestSender - Using open Channel [id: 0x5bbdc2b9, L:/127.0.0.1:61695 - R:localhost/127.0.0.1:11548] for GET '/session/221bcc29d5cf0aaa89a848ee0fa7326e/url'
11:37:23.877 [AsyncHttpClient-1-11] DEBUG org.asynchttpclient.netty.handler.HttpHandler - 

Request DefaultFullHttpRequest(decodeResult: success, version: HTTP/1.1, content: EmptyByteBufBE)
GET /session/221bcc29d5cf0aaa89a848ee0fa7326e/url HTTP/1.1
User-Agent: selenium/4.8.0 (java windows)
Cache-Control: no-cache
Content-Type: application/json; charset=utf-8
host: localhost:11548
accept: */*

Response DefaultHttpResponse(decodeResult: success, version: HTTP/1.1)
HTTP/1.1 200 OK
Content-Length: 38
Content-Type: application/json; charset=utf-8
cache-control: no-cache

11:37:23.877 [AsyncHttpClient-1-11] DEBUG org.asynchttpclient.netty.channel.ChannelManager - Adding key: http://localhost:11548 for channel [id: 0x5bbdc2b9, L:/127.0.0.1:61695 - R:localhost/127.0.0.1:11548]
11:37:23.882 [main] DEBUG net.thucydides.core.steps.StepInterceptor - STARTING STEP: LoginPageSteps.test3_loginWithAllUser - validate password footers
11:37:23.886 [Forwarding findElement on session 221bcc29d5cf0aaa89a848ee0fa7326e to remote] DEBUG org.asynchttpclient.netty.request.NettyRequestSender - Using pooled Channel '[id: 0x5bbdc2b9, L:/127.0.0.1:61695 - R:localhost/127.0.0.1:11548]' for 'POST' to 'http://localhost:11548/session/221bcc29d5cf0aaa89a848ee0fa7326e/element'
11:37:23.886 [Forwarding findElement on session 221bcc29d5cf0aaa89a848ee0fa7326e to remote] DEBUG org.asynchttpclient.netty.request.NettyRequestSender - Using open Channel [id: 0x5bbdc2b9, L:/127.0.0.1:61695 - R:localhost/127.0.0.1:11548] for POST '/session/221bcc29d5cf0aaa89a848ee0fa7326e/element'
11:37:23.894 [AsyncHttpClient-1-11] DEBUG org.asynchttpclient.netty.handler.HttpHandler - 

Request DefaultHttpRequest(decodeResult: success, version: HTTP/1.1)
POST /session/221bcc29d5cf0aaa89a848ee0fa7326e/element HTTP/1.1
User-Agent: selenium/4.8.0 (java windows)
Content-Length: 56
Content-Type: application/json; charset=utf-8
host: localhost:11548
accept: */*

Response DefaultHttpResponse(decodeResult: success, version: HTTP/1.1)
HTTP/1.1 200 OK
Content-Length: 95
Content-Type: application/json; charset=utf-8
cache-control: no-cache

11:37:23.894 [AsyncHttpClient-1-11] DEBUG org.asynchttpclient.netty.channel.ChannelManager - Adding key: http://localhost:11548 for channel [id: 0x5bbdc2b9, L:/127.0.0.1:61695 - R:localhost/127.0.0.1:11548]
11:37:23.896 [Forwarding isElementDisplayed on session 221bcc29d5cf0aaa89a848ee0fa7326e to remote] DEBUG org.asynchttpclient.netty.request.NettyRequestSender - Using pooled Channel '[id: 0x5bbdc2b9, L:/127.0.0.1:61695 - R:localhost/127.0.0.1:11548]' for 'POST' to 'http://localhost:11548/session/221bcc29d5cf0aaa89a848ee0fa7326e/execute/sync'
11:37:23.896 [Forwarding isElementDisplayed on session 221bcc29d5cf0aaa89a848ee0fa7326e to remote] DEBUG org.asynchttpclient.netty.request.NettyRequestSender - Using open Channel [id: 0x5bbdc2b9, L:/127.0.0.1:61695 - R:localhost/127.0.0.1:11548] for POST '/session/221bcc29d5cf0aaa89a848ee0fa7326e/execute/sync'
11:37:23.906 [AsyncHttpClient-1-11] DEBUG org.asynchttpclient.netty.handler.HttpHandler - 

Request DefaultHttpRequest(decodeResult: success, version: HTTP/1.1)
POST /session/221bcc29d5cf0aaa89a848ee0fa7326e/execute/sync HTTP/1.1
User-Agent: selenium/4.8.0 (java windows)
Content-Length: 48814
Content-Type: application/json; charset=utf-8
host: localhost:11548
accept: */*

Response DefaultHttpResponse(decodeResult: success, version: HTTP/1.1)
HTTP/1.1 200 OK
Content-Length: 14
Content-Type: application/json; charset=utf-8
cache-control: no-cache

11:37:23.906 [AsyncHttpClient-1-11] DEBUG org.asynchttpclient.netty.channel.ChannelManager - Adding key: http://localhost:11548 for channel [id: 0x5bbdc2b9, L:/127.0.0.1:61695 - R:localhost/127.0.0.1:11548]
11:37:23.906 [Forwarding clearElement on session 221bcc29d5cf0aaa89a848ee0fa7326e to remote] DEBUG org.asynchttpclient.netty.request.NettyRequestSender - Using pooled Channel '[id: 0x5bbdc2b9, L:/127.0.0.1:61695 - R:localhost/127.0.0.1:11548]' for 'POST' to 'http://localhost:11548/session/221bcc29d5cf0aaa89a848ee0fa7326e/element/7F1B751D72AB98312240D0B7862350F1_element_12/clear'
11:37:23.906 [Forwarding clearElement on session 221bcc29d5cf0aaa89a848ee0fa7326e to remote] DEBUG org.asynchttpclient.netty.request.NettyRequestSender - Using open Channel [id: 0x5bbdc2b9, L:/127.0.0.1:61695 - R:localhost/127.0.0.1:11548] for POST '/session/221bcc29d5cf0aaa89a848ee0fa7326e/element/7F1B751D72AB98312240D0B7862350F1_element_12/clear'
11:37:23.939 [AsyncHttpClient-1-11] DEBUG org.asynchttpclient.netty.handler.HttpHandler - 

Request DefaultHttpRequest(decodeResult: success, version: HTTP/1.1)
POST /session/221bcc29d5cf0aaa89a848ee0fa7326e/element/7F1B751D72AB98312240D0B7862350F1_element_12/clear HTTP/1.1
User-Agent: selenium/4.8.0 (java windows)
Content-Length: 57
Content-Type: application/json; charset=utf-8
host: localhost:11548
accept: */*

Response DefaultHttpResponse(decodeResult: success, version: HTTP/1.1)
HTTP/1.1 200 OK
Content-Length: 14
Content-Type: application/json; charset=utf-8
cache-control: no-cache

11:37:23.939 [AsyncHttpClient-1-11] DEBUG org.asynchttpclient.netty.channel.ChannelManager - Adding key: http://localhost:11548 for channel [id: 0x5bbdc2b9, L:/127.0.0.1:61695 - R:localhost/127.0.0.1:11548]
11:37:23.940 [Forwarding findElement on session 221bcc29d5cf0aaa89a848ee0fa7326e to remote] DEBUG org.asynchttpclient.netty.request.NettyRequestSender - Using pooled Channel '[id: 0x5bbdc2b9, L:/127.0.0.1:61695 - R:localhost/127.0.0.1:11548]' for 'POST' to 'http://localhost:11548/session/221bcc29d5cf0aaa89a848ee0fa7326e/element'
11:37:23.940 [Forwarding findElement on session 221bcc29d5cf0aaa89a848ee0fa7326e to remote] DEBUG org.asynchttpclient.netty.request.NettyRequestSender - Using open Channel [id: 0x5bbdc2b9, L:/127.0.0.1:61695 - R:localhost/127.0.0.1:11548] for POST '/session/221bcc29d5cf0aaa89a848ee0fa7326e/element'
11:37:23.947 [AsyncHttpClient-1-11] DEBUG org.asynchttpclient.netty.handler.HttpHandler - 

Request DefaultHttpRequest(decodeResult: success, version: HTTP/1.1)
POST /session/221bcc29d5cf0aaa89a848ee0fa7326e/element HTTP/1.1
User-Agent: selenium/4.8.0 (java windows)
Content-Length: 56
Content-Type: application/json; charset=utf-8
host: localhost:11548
accept: */*

Response DefaultHttpResponse(decodeResult: success, version: HTTP/1.1)
HTTP/1.1 200 OK
Content-Length: 95
Content-Type: application/json; charset=utf-8
cache-control: no-cache

11:37:23.947 [AsyncHttpClient-1-11] DEBUG org.asynchttpclient.netty.channel.ChannelManager - Adding key: http://localhost:11548 for channel [id: 0x5bbdc2b9, L:/127.0.0.1:61695 - R:localhost/127.0.0.1:11548]
11:37:23.948 [Forwarding isElementDisplayed on session 221bcc29d5cf0aaa89a848ee0fa7326e to remote] DEBUG org.asynchttpclient.netty.request.NettyRequestSender - Using pooled Channel '[id: 0x5bbdc2b9, L:/127.0.0.1:61695 - R:localhost/127.0.0.1:11548]' for 'POST' to 'http://localhost:11548/session/221bcc29d5cf0aaa89a848ee0fa7326e/execute/sync'
11:37:23.948 [Forwarding isElementDisplayed on session 221bcc29d5cf0aaa89a848ee0fa7326e to remote] DEBUG org.asynchttpclient.netty.request.NettyRequestSender - Using open Channel [id: 0x5bbdc2b9, L:/127.0.0.1:61695 - R:localhost/127.0.0.1:11548] for POST '/session/221bcc29d5cf0aaa89a848ee0fa7326e/execute/sync'
11:37:23.958 [AsyncHttpClient-1-11] DEBUG org.asynchttpclient.netty.handler.HttpHandler - 

Request DefaultHttpRequest(decodeResult: success, version: HTTP/1.1)
POST /session/221bcc29d5cf0aaa89a848ee0fa7326e/execute/sync HTTP/1.1
User-Agent: selenium/4.8.0 (java windows)
Content-Length: 48814
Content-Type: application/json; charset=utf-8
host: localhost:11548
accept: */*

Response DefaultHttpResponse(decodeResult: success, version: HTTP/1.1)
HTTP/1.1 200 OK
Content-Length: 14
Content-Type: application/json; charset=utf-8
cache-control: no-cache

11:37:23.958 [AsyncHttpClient-1-11] DEBUG org.asynchttpclient.netty.channel.ChannelManager - Adding key: http://localhost:11548 for channel [id: 0x5bbdc2b9, L:/127.0.0.1:61695 - R:localhost/127.0.0.1:11548]
11:37:23.959 [Forwarding sendKeysToElement on session 221bcc29d5cf0aaa89a848ee0fa7326e to remote] DEBUG org.asynchttpclient.netty.request.NettyRequestSender - Using pooled Channel '[id: 0x5bbdc2b9, L:/127.0.0.1:61695 - R:localhost/127.0.0.1:11548]' for 'POST' to 'http://localhost:11548/session/221bcc29d5cf0aaa89a848ee0fa7326e/element/7F1B751D72AB98312240D0B7862350F1_element_12/value'
11:37:23.959 [Forwarding sendKeysToElement on session 221bcc29d5cf0aaa89a848ee0fa7326e to remote] DEBUG org.asynchttpclient.netty.request.NettyRequestSender - Using open Channel [id: 0x5bbdc2b9, L:/127.0.0.1:61695 - R:localhost/127.0.0.1:11548] for POST '/session/221bcc29d5cf0aaa89a848ee0fa7326e/element/7F1B751D72AB98312240D0B7862350F1_element_12/value'
11:37:24.062 [AsyncHttpClient-1-11] DEBUG org.asynchttpclient.netty.handler.HttpHandler - 

Request DefaultHttpRequest(decodeResult: success, version: HTTP/1.1)
POST /session/221bcc29d5cf0aaa89a848ee0fa7326e/element/7F1B751D72AB98312240D0B7862350F1_element_12/value HTTP/1.1
User-Agent: selenium/4.8.0 (java windows)
Content-Length: 238
Content-Type: application/json; charset=utf-8
host: localhost:11548
accept: */*

Response DefaultHttpResponse(decodeResult: success, version: HTTP/1.1)
HTTP/1.1 200 OK
Content-Length: 14
Content-Type: application/json; charset=utf-8
cache-control: no-cache

11:37:24.062 [AsyncHttpClient-1-11] DEBUG org.asynchttpclient.netty.channel.ChannelManager - Adding key: http://localhost:11548 for channel [id: 0x5bbdc2b9, L:/127.0.0.1:61695 - R:localhost/127.0.0.1:11548]
11:37:24.063 [main] INFO  com.swaglabs.base.SetUp - username entered a:locked_out_user
11:37:24.065 [Forwarding findElement on session 221bcc29d5cf0aaa89a848ee0fa7326e to remote] DEBUG org.asynchttpclient.netty.request.NettyRequestSender - Using pooled Channel '[id: 0x5bbdc2b9, L:/127.0.0.1:61695 - R:localhost/127.0.0.1:11548]' for 'POST' to 'http://localhost:11548/session/221bcc29d5cf0aaa89a848ee0fa7326e/element'
11:37:24.065 [Forwarding findElement on session 221bcc29d5cf0aaa89a848ee0fa7326e to remote] DEBUG org.asynchttpclient.netty.request.NettyRequestSender - Using open Channel [id: 0x5bbdc2b9, L:/127.0.0.1:61695 - R:localhost/127.0.0.1:11548] for POST '/session/221bcc29d5cf0aaa89a848ee0fa7326e/element'
11:37:24.078 [AsyncHttpClient-1-11] DEBUG org.asynchttpclient.netty.handler.HttpHandler - 

Request DefaultHttpRequest(decodeResult: success, version: HTTP/1.1)
POST /session/221bcc29d5cf0aaa89a848ee0fa7326e/element HTTP/1.1
User-Agent: selenium/4.8.0 (java windows)
Content-Length: 53
Content-Type: application/json; charset=utf-8
host: localhost:11548
accept: */*

Response DefaultHttpResponse(decodeResult: success, version: HTTP/1.1)
HTTP/1.1 200 OK
Content-Length: 94
Content-Type: application/json; charset=utf-8
cache-control: no-cache

11:37:24.078 [AsyncHttpClient-1-11] DEBUG org.asynchttpclient.netty.channel.ChannelManager - Adding key: http://localhost:11548 for channel [id: 0x5bbdc2b9, L:/127.0.0.1:61695 - R:localhost/127.0.0.1:11548]
11:37:24.080 [Forwarding isElementDisplayed on session 221bcc29d5cf0aaa89a848ee0fa7326e to remote] DEBUG org.asynchttpclient.netty.request.NettyRequestSender - Using pooled Channel '[id: 0x5bbdc2b9, L:/127.0.0.1:61695 - R:localhost/127.0.0.1:11548]' for 'POST' to 'http://localhost:11548/session/221bcc29d5cf0aaa89a848ee0fa7326e/execute/sync'
11:37:24.080 [Forwarding isElementDisplayed on session 221bcc29d5cf0aaa89a848ee0fa7326e to remote] DEBUG org.asynchttpclient.netty.request.NettyRequestSender - Using open Channel [id: 0x5bbdc2b9, L:/127.0.0.1:61695 - R:localhost/127.0.0.1:11548] for POST '/session/221bcc29d5cf0aaa89a848ee0fa7326e/execute/sync'
11:37:24.093 [AsyncHttpClient-1-11] DEBUG org.asynchttpclient.netty.handler.HttpHandler - 

Request DefaultHttpRequest(decodeResult: success, version: HTTP/1.1)
POST /session/221bcc29d5cf0aaa89a848ee0fa7326e/execute/sync HTTP/1.1
User-Agent: selenium/4.8.0 (java windows)
Content-Length: 48813
Content-Type: application/json; charset=utf-8
host: localhost:11548
accept: */*

Response DefaultHttpResponse(decodeResult: success, version: HTTP/1.1)
HTTP/1.1 200 OK
Content-Length: 14
Content-Type: application/json; charset=utf-8
cache-control: no-cache

11:37:24.093 [AsyncHttpClient-1-11] DEBUG org.asynchttpclient.netty.channel.ChannelManager - Adding key: http://localhost:11548 for channel [id: 0x5bbdc2b9, L:/127.0.0.1:61695 - R:localhost/127.0.0.1:11548]
11:37:24.093 [Forwarding clearElement on session 221bcc29d5cf0aaa89a848ee0fa7326e to remote] DEBUG org.asynchttpclient.netty.request.NettyRequestSender - Using pooled Channel '[id: 0x5bbdc2b9, L:/127.0.0.1:61695 - R:localhost/127.0.0.1:11548]' for 'POST' to 'http://localhost:11548/session/221bcc29d5cf0aaa89a848ee0fa7326e/element/7F1B751D72AB98312240D0B7862350F1_element_8/clear'
11:37:24.093 [Forwarding clearElement on session 221bcc29d5cf0aaa89a848ee0fa7326e to remote] DEBUG org.asynchttpclient.netty.request.NettyRequestSender - Using open Channel [id: 0x5bbdc2b9, L:/127.0.0.1:61695 - R:localhost/127.0.0.1:11548] for POST '/session/221bcc29d5cf0aaa89a848ee0fa7326e/element/7F1B751D72AB98312240D0B7862350F1_element_8/clear'
11:37:24.122 [AsyncHttpClient-1-11] DEBUG org.asynchttpclient.netty.handler.HttpHandler - 

Request DefaultHttpRequest(decodeResult: success, version: HTTP/1.1)
POST /session/221bcc29d5cf0aaa89a848ee0fa7326e/element/7F1B751D72AB98312240D0B7862350F1_element_8/clear HTTP/1.1
User-Agent: selenium/4.8.0 (java windows)
Content-Length: 56
Content-Type: application/json; charset=utf-8
host: localhost:11548
accept: */*

Response DefaultHttpResponse(decodeResult: success, version: HTTP/1.1)
HTTP/1.1 200 OK
Content-Length: 14
Content-Type: application/json; charset=utf-8
cache-control: no-cache

11:37:24.122 [AsyncHttpClient-1-11] DEBUG org.asynchttpclient.netty.channel.ChannelManager - Adding key: http://localhost:11548 for channel [id: 0x5bbdc2b9, L:/127.0.0.1:61695 - R:localhost/127.0.0.1:11548]
11:37:24.124 [Forwarding findElement on session 221bcc29d5cf0aaa89a848ee0fa7326e to remote] DEBUG org.asynchttpclient.netty.request.NettyRequestSender - Using pooled Channel '[id: 0x5bbdc2b9, L:/127.0.0.1:61695 - R:localhost/127.0.0.1:11548]' for 'POST' to 'http://localhost:11548/session/221bcc29d5cf0aaa89a848ee0fa7326e/element'
11:37:24.124 [Forwarding findElement on session 221bcc29d5cf0aaa89a848ee0fa7326e to remote] DEBUG org.asynchttpclient.netty.request.NettyRequestSender - Using open Channel [id: 0x5bbdc2b9, L:/127.0.0.1:61695 - R:localhost/127.0.0.1:11548] for POST '/session/221bcc29d5cf0aaa89a848ee0fa7326e/element'
11:37:24.132 [AsyncHttpClient-1-11] DEBUG org.asynchttpclient.netty.handler.HttpHandler - 

Request DefaultHttpRequest(decodeResult: success, version: HTTP/1.1)
POST /session/221bcc29d5cf0aaa89a848ee0fa7326e/element HTTP/1.1
User-Agent: selenium/4.8.0 (java windows)
Content-Length: 53
Content-Type: application/json; charset=utf-8
host: localhost:11548
accept: */*

Response DefaultHttpResponse(decodeResult: success, version: HTTP/1.1)
HTTP/1.1 200 OK
Content-Length: 94
Content-Type: application/json; charset=utf-8
cache-control: no-cache

11:37:24.132 [AsyncHttpClient-1-11] DEBUG org.asynchttpclient.netty.channel.ChannelManager - Adding key: http://localhost:11548 for channel [id: 0x5bbdc2b9, L:/127.0.0.1:61695 - R:localhost/127.0.0.1:11548]
11:37:24.133 [Forwarding isElementDisplayed on session 221bcc29d5cf0aaa89a848ee0fa7326e to remote] DEBUG org.asynchttpclient.netty.request.NettyRequestSender - Using pooled Channel '[id: 0x5bbdc2b9, L:/127.0.0.1:61695 - R:localhost/127.0.0.1:11548]' for 'POST' to 'http://localhost:11548/session/221bcc29d5cf0aaa89a848ee0fa7326e/execute/sync'
11:37:24.133 [Forwarding isElementDisplayed on session 221bcc29d5cf0aaa89a848ee0fa7326e to remote] DEBUG org.asynchttpclient.netty.request.NettyRequestSender - Using open Channel [id: 0x5bbdc2b9, L:/127.0.0.1:61695 - R:localhost/127.0.0.1:11548] for POST '/session/221bcc29d5cf0aaa89a848ee0fa7326e/execute/sync'
11:37:24.140 [AsyncHttpClient-1-11] DEBUG org.asynchttpclient.netty.handler.HttpHandler - 

Request DefaultHttpRequest(decodeResult: success, version: HTTP/1.1)
POST /session/221bcc29d5cf0aaa89a848ee0fa7326e/execute/sync HTTP/1.1
User-Agent: selenium/4.8.0 (java windows)
Content-Length: 48813
Content-Type: application/json; charset=utf-8
host: localhost:11548
accept: */*

Response DefaultHttpResponse(decodeResult: success, version: HTTP/1.1)
HTTP/1.1 200 OK
Content-Length: 14
Content-Type: application/json; charset=utf-8
cache-control: no-cache

11:37:24.140 [AsyncHttpClient-1-11] DEBUG org.asynchttpclient.netty.channel.ChannelManager - Adding key: http://localhost:11548 for channel [id: 0x5bbdc2b9, L:/127.0.0.1:61695 - R:localhost/127.0.0.1:11548]
11:37:24.142 [Forwarding sendKeysToElement on session 221bcc29d5cf0aaa89a848ee0fa7326e to remote] DEBUG org.asynchttpclient.netty.request.NettyRequestSender - Using pooled Channel '[id: 0x5bbdc2b9, L:/127.0.0.1:61695 - R:localhost/127.0.0.1:11548]' for 'POST' to 'http://localhost:11548/session/221bcc29d5cf0aaa89a848ee0fa7326e/element/7F1B751D72AB98312240D0B7862350F1_element_8/value'
11:37:24.142 [Forwarding sendKeysToElement on session 221bcc29d5cf0aaa89a848ee0fa7326e to remote] DEBUG org.asynchttpclient.netty.request.NettyRequestSender - Using open Channel [id: 0x5bbdc2b9, L:/127.0.0.1:61695 - R:localhost/127.0.0.1:11548] for POST '/session/221bcc29d5cf0aaa89a848ee0fa7326e/element/7F1B751D72AB98312240D0B7862350F1_element_8/value'
11:37:24.402 [AsyncHttpClient-1-11] DEBUG org.asynchttpclient.netty.handler.HttpHandler - 

Request DefaultHttpRequest(decodeResult: success, version: HTTP/1.1)
POST /session/221bcc29d5cf0aaa89a848ee0fa7326e/element/7F1B751D72AB98312240D0B7862350F1_element_8/value HTTP/1.1
User-Agent: selenium/4.8.0 (java windows)
Content-Length: 207
Content-Type: application/json; charset=utf-8
host: localhost:11548
accept: */*

Response DefaultHttpResponse(decodeResult: success, version: HTTP/1.1)
HTTP/1.1 200 OK
Content-Length: 14
Content-Type: application/json; charset=utf-8
cache-control: no-cache

11:37:24.402 [AsyncHttpClient-1-11] DEBUG org.asynchttpclient.netty.channel.ChannelManager - Adding key: http://localhost:11548 for channel [id: 0x5bbdc2b9, L:/127.0.0.1:61695 - R:localhost/127.0.0.1:11548]
11:37:24.402 [main] INFO  com.swaglabs.base.SetUp - password entered a:secret_sauce
11:37:24.411 [Forwarding getAlertText on session 221bcc29d5cf0aaa89a848ee0fa7326e to remote] DEBUG org.asynchttpclient.netty.request.NettyRequestSender - Using pooled Channel '[id: 0x5bbdc2b9, L:/127.0.0.1:61695 - R:localhost/127.0.0.1:11548]' for 'GET' to 'http://localhost:11548/session/221bcc29d5cf0aaa89a848ee0fa7326e/alert/text'
11:37:24.412 [Forwarding getAlertText on session 221bcc29d5cf0aaa89a848ee0fa7326e to remote] DEBUG org.asynchttpclient.netty.request.NettyRequestSender - Using open Channel [id: 0x5bbdc2b9, L:/127.0.0.1:61695 - R:localhost/127.0.0.1:11548] for GET '/session/221bcc29d5cf0aaa89a848ee0fa7326e/alert/text'
11:37:24.416 [AsyncHttpClient-1-11] DEBUG org.asynchttpclient.netty.handler.HttpHandler - 

Request DefaultFullHttpRequest(decodeResult: success, version: HTTP/1.1, content: EmptyByteBufBE)
GET /session/221bcc29d5cf0aaa89a848ee0fa7326e/alert/text HTTP/1.1
User-Agent: selenium/4.8.0 (java windows)
Cache-Control: no-cache
Content-Type: application/json; charset=utf-8
host: localhost:11548
accept: */*

Response DefaultHttpResponse(decodeResult: success, version: HTTP/1.1)
HTTP/1.1 404 Not Found
Content-Length: 1522
Content-Type: application/json; charset=utf-8
cache-control: no-cache

11:37:24.416 [AsyncHttpClient-1-11] DEBUG org.asynchttpclient.netty.channel.ChannelManager - Adding key: http://localhost:11548 for channel [id: 0x5bbdc2b9, L:/127.0.0.1:61695 - R:localhost/127.0.0.1:11548]
11:37:24.418 [Forwarding getCurrentUrl on session 221bcc29d5cf0aaa89a848ee0fa7326e to remote] DEBUG org.asynchttpclient.netty.request.NettyRequestSender - Using pooled Channel '[id: 0x5bbdc2b9, L:/127.0.0.1:61695 - R:localhost/127.0.0.1:11548]' for 'GET' to 'http://localhost:11548/session/221bcc29d5cf0aaa89a848ee0fa7326e/url'
11:37:24.418 [Forwarding getCurrentUrl on session 221bcc29d5cf0aaa89a848ee0fa7326e to remote] DEBUG org.asynchttpclient.netty.request.NettyRequestSender - Using open Channel [id: 0x5bbdc2b9, L:/127.0.0.1:61695 - R:localhost/127.0.0.1:11548] for GET '/session/221bcc29d5cf0aaa89a848ee0fa7326e/url'
11:37:24.431 [AsyncHttpClient-1-11] DEBUG org.asynchttpclient.netty.handler.HttpHandler - 

Request DefaultFullHttpRequest(decodeResult: success, version: HTTP/1.1, content: EmptyByteBufBE)
GET /session/221bcc29d5cf0aaa89a848ee0fa7326e/url HTTP/1.1
User-Agent: selenium/4.8.0 (java windows)
Cache-Control: no-cache
Content-Type: application/json; charset=utf-8
host: localhost:11548
accept: */*

Response DefaultHttpResponse(decodeResult: success, version: HTTP/1.1)
HTTP/1.1 200 OK
Content-Length: 38
Content-Type: application/json; charset=utf-8
cache-control: no-cache

11:37:24.431 [AsyncHttpClient-1-11] DEBUG org.asynchttpclient.netty.channel.ChannelManager - Adding key: http://localhost:11548 for channel [id: 0x5bbdc2b9, L:/127.0.0.1:61695 - R:localhost/127.0.0.1:11548]
11:37:24.432 [Forwarding screenshot on session 221bcc29d5cf0aaa89a848ee0fa7326e to remote] DEBUG org.asynchttpclient.netty.request.NettyRequestSender - Using pooled Channel '[id: 0x5bbdc2b9, L:/127.0.0.1:61695 - R:localhost/127.0.0.1:11548]' for 'GET' to 'http://localhost:11548/session/221bcc29d5cf0aaa89a848ee0fa7326e/screenshot'
11:37:24.432 [Forwarding screenshot on session 221bcc29d5cf0aaa89a848ee0fa7326e to remote] DEBUG org.asynchttpclient.netty.request.NettyRequestSender - Using open Channel [id: 0x5bbdc2b9, L:/127.0.0.1:61695 - R:localhost/127.0.0.1:11548] for GET '/session/221bcc29d5cf0aaa89a848ee0fa7326e/screenshot'
11:37:24.661 [AsyncHttpClient-1-1] DEBUG org.asynchttpclient.netty.channel.DefaultChannelPool - Entry count for : http://localhost:61697 : 1
11:37:24.670 [AsyncHttpClient-1-11] DEBUG org.asynchttpclient.netty.handler.HttpHandler - 

Request DefaultFullHttpRequest(decodeResult: success, version: HTTP/1.1, content: EmptyByteBufBE)
GET /session/221bcc29d5cf0aaa89a848ee0fa7326e/screenshot HTTP/1.1
User-Agent: selenium/4.8.0 (java windows)
Cache-Control: no-cache
Content-Type: application/json; charset=utf-8
host: localhost:11548
accept: */*

Response DefaultHttpResponse(decodeResult: success, version: HTTP/1.1)
HTTP/1.1 200 OK
Content-Length: 56920
Content-Type: application/json; charset=utf-8
cache-control: no-cache

11:37:24.670 [AsyncHttpClient-1-11] DEBUG org.asynchttpclient.netty.channel.ChannelManager - Adding key: http://localhost:11548 for channel [id: 0x5bbdc2b9, L:/127.0.0.1:61695 - R:localhost/127.0.0.1:11548]
11:37:24.676 [main] DEBUG net.serenitybdd.core.photography.Darkroom - Send negative for processing for target\site\serenity\298aef006154a4e4c6eaad553576a033b64a551686b537e2fb7258b483cbcaf6.png
11:37:24.677 [main] DEBUG net.thucydides.core.steps.StepInterceptor - STEP DONE: validate password footers
11:37:24.677 [main] INFO  com.swaglabs.base.SetUp - username password entered
11:37:24.685 [Forwarding findElement on session 221bcc29d5cf0aaa89a848ee0fa7326e to remote] DEBUG org.asynchttpclient.netty.request.NettyRequestSender - Using pooled Channel '[id: 0x5bbdc2b9, L:/127.0.0.1:61695 - R:localhost/127.0.0.1:11548]' for 'POST' to 'http://localhost:11548/session/221bcc29d5cf0aaa89a848ee0fa7326e/element'
11:37:24.685 [Forwarding findElement on session 221bcc29d5cf0aaa89a848ee0fa7326e to remote] DEBUG org.asynchttpclient.netty.request.NettyRequestSender - Using open Channel [id: 0x5bbdc2b9, L:/127.0.0.1:61695 - R:localhost/127.0.0.1:11548] for POST '/session/221bcc29d5cf0aaa89a848ee0fa7326e/element'
11:37:24.698 [Darkroom Processing Line] DEBUG net.serenitybdd.core.photography.DarkroomProcessingLine - Processing screenshot image in /var/screenshots/screenshot-14857799181128163039
11:37:24.698 [Darkroom Processing Line] DEBUG net.serenitybdd.core.photography.DarkroomProcessingLine - Saving screenshot to target\site\serenity\298aef006154a4e4c6eaad553576a033b64a551686b537e2fb7258b483cbcaf6.png
11:37:24.704 [AsyncHttpClient-1-11] DEBUG org.asynchttpclient.netty.handler.HttpHandler - 

Request DefaultHttpRequest(decodeResult: success, version: HTTP/1.1)
POST /session/221bcc29d5cf0aaa89a848ee0fa7326e/element HTTP/1.1
User-Agent: selenium/4.8.0 (java windows)
Content-Length: 59
Content-Type: application/json; charset=utf-8
host: localhost:11548
accept: */*

Response DefaultHttpResponse(decodeResult: success, version: HTTP/1.1)
HTTP/1.1 200 OK
Content-Length: 95
Content-Type: application/json; charset=utf-8
cache-control: no-cache

11:37:24.704 [AsyncHttpClient-1-11] DEBUG org.asynchttpclient.netty.channel.ChannelManager - Adding key: http://localhost:11548 for channel [id: 0x5bbdc2b9, L:/127.0.0.1:61695 - R:localhost/127.0.0.1:11548]
11:37:24.707 [Forwarding isElementDisplayed on session 221bcc29d5cf0aaa89a848ee0fa7326e to remote] DEBUG org.asynchttpclient.netty.request.NettyRequestSender - Using pooled Channel '[id: 0x5bbdc2b9, L:/127.0.0.1:61695 - R:localhost/127.0.0.1:11548]' for 'POST' to 'http://localhost:11548/session/221bcc29d5cf0aaa89a848ee0fa7326e/execute/sync'
11:37:24.707 [Forwarding isElementDisplayed on session 221bcc29d5cf0aaa89a848ee0fa7326e to remote] DEBUG org.asynchttpclient.netty.request.NettyRequestSender - Using open Channel [id: 0x5bbdc2b9, L:/127.0.0.1:61695 - R:localhost/127.0.0.1:11548] for POST '/session/221bcc29d5cf0aaa89a848ee0fa7326e/execute/sync'
11:37:24.735 [AsyncHttpClient-1-11] DEBUG org.asynchttpclient.netty.handler.HttpHandler - 

Request DefaultHttpRequest(decodeResult: success, version: HTTP/1.1)
POST /session/221bcc29d5cf0aaa89a848ee0fa7326e/execute/sync HTTP/1.1
User-Agent: selenium/4.8.0 (java windows)
Content-Length: 48814
Content-Type: application/json; charset=utf-8
host: localhost:11548
accept: */*

Response DefaultHttpResponse(decodeResult: success, version: HTTP/1.1)
HTTP/1.1 200 OK
Content-Length: 14
Content-Type: application/json; charset=utf-8
cache-control: no-cache

11:37:24.735 [AsyncHttpClient-1-11] DEBUG org.asynchttpclient.netty.channel.ChannelManager - Adding key: http://localhost:11548 for channel [id: 0x5bbdc2b9, L:/127.0.0.1:61695 - R:localhost/127.0.0.1:11548]
11:37:24.736 [Forwarding getElementTagName on session 221bcc29d5cf0aaa89a848ee0fa7326e to remote] DEBUG org.asynchttpclient.netty.request.NettyRequestSender - Using pooled Channel '[id: 0x5bbdc2b9, L:/127.0.0.1:61695 - R:localhost/127.0.0.1:11548]' for 'GET' to 'http://localhost:11548/session/221bcc29d5cf0aaa89a848ee0fa7326e/element/7F1B751D72AB98312240D0B7862350F1_element_15/name'
11:37:24.736 [Forwarding getElementTagName on session 221bcc29d5cf0aaa89a848ee0fa7326e to remote] DEBUG org.asynchttpclient.netty.request.NettyRequestSender - Using open Channel [id: 0x5bbdc2b9, L:/127.0.0.1:61695 - R:localhost/127.0.0.1:11548] for GET '/session/221bcc29d5cf0aaa89a848ee0fa7326e/element/7F1B751D72AB98312240D0B7862350F1_element_15/name'
11:37:24.744 [AsyncHttpClient-1-11] DEBUG org.asynchttpclient.netty.handler.HttpHandler - 

Request DefaultFullHttpRequest(decodeResult: success, version: HTTP/1.1, content: EmptyByteBufBE)
GET /session/221bcc29d5cf0aaa89a848ee0fa7326e/element/7F1B751D72AB98312240D0B7862350F1_element_15/name HTTP/1.1
User-Agent: selenium/4.8.0 (java windows)
Cache-Control: no-cache
Content-Type: application/json; charset=utf-8
host: localhost:11548
accept: */*

Response DefaultHttpResponse(decodeResult: success, version: HTTP/1.1)
HTTP/1.1 200 OK
Content-Length: 17
Content-Type: application/json; charset=utf-8
cache-control: no-cache

11:37:24.744 [AsyncHttpClient-1-11] DEBUG org.asynchttpclient.netty.channel.ChannelManager - Adding key: http://localhost:11548 for channel [id: 0x5bbdc2b9, L:/127.0.0.1:61695 - R:localhost/127.0.0.1:11548]
11:37:24.748 [Forwarding getElementTagName on session 221bcc29d5cf0aaa89a848ee0fa7326e to remote] DEBUG org.asynchttpclient.netty.request.NettyRequestSender - Using pooled Channel '[id: 0x5bbdc2b9, L:/127.0.0.1:61695 - R:localhost/127.0.0.1:11548]' for 'GET' to 'http://localhost:11548/session/221bcc29d5cf0aaa89a848ee0fa7326e/element/7F1B751D72AB98312240D0B7862350F1_element_15/name'
11:37:24.748 [Forwarding getElementTagName on session 221bcc29d5cf0aaa89a848ee0fa7326e to remote] DEBUG org.asynchttpclient.netty.request.NettyRequestSender - Using open Channel [id: 0x5bbdc2b9, L:/127.0.0.1:61695 - R:localhost/127.0.0.1:11548] for GET '/session/221bcc29d5cf0aaa89a848ee0fa7326e/element/7F1B751D72AB98312240D0B7862350F1_element_15/name'
11:37:24.779 [AsyncHttpClient-1-11] DEBUG org.asynchttpclient.netty.handler.HttpHandler - 

Request DefaultFullHttpRequest(decodeResult: success, version: HTTP/1.1, content: EmptyByteBufBE)
GET /session/221bcc29d5cf0aaa89a848ee0fa7326e/element/7F1B751D72AB98312240D0B7862350F1_element_15/name HTTP/1.1
User-Agent: selenium/4.8.0 (java windows)
Cache-Control: no-cache
Content-Type: application/json; charset=utf-8
host: localhost:11548
accept: */*

Response DefaultHttpResponse(decodeResult: success, version: HTTP/1.1)
HTTP/1.1 200 OK
Content-Length: 17
Content-Type: application/json; charset=utf-8
cache-control: no-cache

11:37:24.779 [AsyncHttpClient-1-11] DEBUG org.asynchttpclient.netty.channel.ChannelManager - Adding key: http://localhost:11548 for channel [id: 0x5bbdc2b9, L:/127.0.0.1:61695 - R:localhost/127.0.0.1:11548]
11:37:24.781 [Forwarding isElementEnabled on session 221bcc29d5cf0aaa89a848ee0fa7326e to remote] DEBUG org.asynchttpclient.netty.request.NettyRequestSender - Using pooled Channel '[id: 0x5bbdc2b9, L:/127.0.0.1:61695 - R:localhost/127.0.0.1:11548]' for 'GET' to 'http://localhost:11548/session/221bcc29d5cf0aaa89a848ee0fa7326e/element/7F1B751D72AB98312240D0B7862350F1_element_15/enabled'
11:37:24.781 [Forwarding isElementEnabled on session 221bcc29d5cf0aaa89a848ee0fa7326e to remote] DEBUG org.asynchttpclient.netty.request.NettyRequestSender - Using open Channel [id: 0x5bbdc2b9, L:/127.0.0.1:61695 - R:localhost/127.0.0.1:11548] for GET '/session/221bcc29d5cf0aaa89a848ee0fa7326e/element/7F1B751D72AB98312240D0B7862350F1_element_15/enabled'
11:37:24.808 [AsyncHttpClient-1-11] DEBUG org.asynchttpclient.netty.handler.HttpHandler - 

Request DefaultFullHttpRequest(decodeResult: success, version: HTTP/1.1, content: EmptyByteBufBE)
GET /session/221bcc29d5cf0aaa89a848ee0fa7326e/element/7F1B751D72AB98312240D0B7862350F1_element_15/enabled HTTP/1.1
User-Agent: selenium/4.8.0 (java windows)
Cache-Control: no-cache
Content-Type: application/json; charset=utf-8
host: localhost:11548
accept: */*

Response DefaultHttpResponse(decodeResult: success, version: HTTP/1.1)
HTTP/1.1 200 OK
Content-Length: 14
Content-Type: application/json; charset=utf-8
cache-control: no-cache

11:37:24.808 [AsyncHttpClient-1-11] DEBUG org.asynchttpclient.netty.channel.ChannelManager - Adding key: http://localhost:11548 for channel [id: 0x5bbdc2b9, L:/127.0.0.1:61695 - R:localhost/127.0.0.1:11548]
11:37:24.810 [Forwarding isElementEnabled on session 221bcc29d5cf0aaa89a848ee0fa7326e to remote] DEBUG org.asynchttpclient.netty.request.NettyRequestSender - Using pooled Channel '[id: 0x5bbdc2b9, L:/127.0.0.1:61695 - R:localhost/127.0.0.1:11548]' for 'GET' to 'http://localhost:11548/session/221bcc29d5cf0aaa89a848ee0fa7326e/element/7F1B751D72AB98312240D0B7862350F1_element_15/enabled'
11:37:24.810 [Forwarding isElementEnabled on session 221bcc29d5cf0aaa89a848ee0fa7326e to remote] DEBUG org.asynchttpclient.netty.request.NettyRequestSender - Using open Channel [id: 0x5bbdc2b9, L:/127.0.0.1:61695 - R:localhost/127.0.0.1:11548] for GET '/session/221bcc29d5cf0aaa89a848ee0fa7326e/element/7F1B751D72AB98312240D0B7862350F1_element_15/enabled'
11:37:24.820 [AsyncHttpClient-1-11] DEBUG org.asynchttpclient.netty.handler.HttpHandler - 

Request DefaultFullHttpRequest(decodeResult: success, version: HTTP/1.1, content: EmptyByteBufBE)
GET /session/221bcc29d5cf0aaa89a848ee0fa7326e/element/7F1B751D72AB98312240D0B7862350F1_element_15/enabled HTTP/1.1
User-Agent: selenium/4.8.0 (java windows)
Cache-Control: no-cache
Content-Type: application/json; charset=utf-8
host: localhost:11548
accept: */*

Response DefaultHttpResponse(decodeResult: success, version: HTTP/1.1)
HTTP/1.1 200 OK
Content-Length: 14
Content-Type: application/json; charset=utf-8
cache-control: no-cache

11:37:24.820 [AsyncHttpClient-1-11] DEBUG org.asynchttpclient.netty.channel.ChannelManager - Adding key: http://localhost:11548 for channel [id: 0x5bbdc2b9, L:/127.0.0.1:61695 - R:localhost/127.0.0.1:11548]
11:37:24.823 [Forwarding findElement on session 221bcc29d5cf0aaa89a848ee0fa7326e to remote] DEBUG org.asynchttpclient.netty.request.NettyRequestSender - Using pooled Channel '[id: 0x5bbdc2b9, L:/127.0.0.1:61695 - R:localhost/127.0.0.1:11548]' for 'POST' to 'http://localhost:11548/session/221bcc29d5cf0aaa89a848ee0fa7326e/element'
11:37:24.823 [Forwarding findElement on session 221bcc29d5cf0aaa89a848ee0fa7326e to remote] DEBUG org.asynchttpclient.netty.request.NettyRequestSender - Using open Channel [id: 0x5bbdc2b9, L:/127.0.0.1:61695 - R:localhost/127.0.0.1:11548] for POST '/session/221bcc29d5cf0aaa89a848ee0fa7326e/element'
11:37:24.832 [AsyncHttpClient-1-11] DEBUG org.asynchttpclient.netty.handler.HttpHandler - 

Request DefaultHttpRequest(decodeResult: success, version: HTTP/1.1)
POST /session/221bcc29d5cf0aaa89a848ee0fa7326e/element HTTP/1.1
User-Agent: selenium/4.8.0 (java windows)
Content-Length: 59
Content-Type: application/json; charset=utf-8
host: localhost:11548
accept: */*

Response DefaultHttpResponse(decodeResult: success, version: HTTP/1.1)
HTTP/1.1 200 OK
Content-Length: 95
Content-Type: application/json; charset=utf-8
cache-control: no-cache

11:37:24.832 [AsyncHttpClient-1-11] DEBUG org.asynchttpclient.netty.channel.ChannelManager - Adding key: http://localhost:11548 for channel [id: 0x5bbdc2b9, L:/127.0.0.1:61695 - R:localhost/127.0.0.1:11548]
11:37:24.835 [Forwarding isElementDisplayed on session 221bcc29d5cf0aaa89a848ee0fa7326e to remote] DEBUG org.asynchttpclient.netty.request.NettyRequestSender - Using pooled Channel '[id: 0x5bbdc2b9, L:/127.0.0.1:61695 - R:localhost/127.0.0.1:11548]' for 'POST' to 'http://localhost:11548/session/221bcc29d5cf0aaa89a848ee0fa7326e/execute/sync'
11:37:24.835 [Forwarding isElementDisplayed on session 221bcc29d5cf0aaa89a848ee0fa7326e to remote] DEBUG org.asynchttpclient.netty.request.NettyRequestSender - Using open Channel [id: 0x5bbdc2b9, L:/127.0.0.1:61695 - R:localhost/127.0.0.1:11548] for POST '/session/221bcc29d5cf0aaa89a848ee0fa7326e/execute/sync'
11:37:24.861 [AsyncHttpClient-1-11] DEBUG org.asynchttpclient.netty.handler.HttpHandler - 

Request DefaultHttpRequest(decodeResult: success, version: HTTP/1.1)
POST /session/221bcc29d5cf0aaa89a848ee0fa7326e/execute/sync HTTP/1.1
User-Agent: selenium/4.8.0 (java windows)
Content-Length: 48814
Content-Type: application/json; charset=utf-8
host: localhost:11548
accept: */*

Response DefaultHttpResponse(decodeResult: success, version: HTTP/1.1)
HTTP/1.1 200 OK
Content-Length: 14
Content-Type: application/json; charset=utf-8
cache-control: no-cache

11:37:24.861 [AsyncHttpClient-1-11] DEBUG org.asynchttpclient.netty.channel.ChannelManager - Adding key: http://localhost:11548 for channel [id: 0x5bbdc2b9, L:/127.0.0.1:61695 - R:localhost/127.0.0.1:11548]
11:37:24.861 [Forwarding clickElement on session 221bcc29d5cf0aaa89a848ee0fa7326e to remote] DEBUG org.asynchttpclient.netty.request.NettyRequestSender - Using pooled Channel '[id: 0x5bbdc2b9, L:/127.0.0.1:61695 - R:localhost/127.0.0.1:11548]' for 'POST' to 'http://localhost:11548/session/221bcc29d5cf0aaa89a848ee0fa7326e/element/7F1B751D72AB98312240D0B7862350F1_element_15/click'
11:37:24.861 [Forwarding clickElement on session 221bcc29d5cf0aaa89a848ee0fa7326e to remote] DEBUG org.asynchttpclient.netty.request.NettyRequestSender - Using open Channel [id: 0x5bbdc2b9, L:/127.0.0.1:61695 - R:localhost/127.0.0.1:11548] for POST '/session/221bcc29d5cf0aaa89a848ee0fa7326e/element/7F1B751D72AB98312240D0B7862350F1_element_15/click'
11:37:25.018 [AsyncHttpClient-1-11] DEBUG org.asynchttpclient.netty.handler.HttpHandler - 

Request DefaultHttpRequest(decodeResult: success, version: HTTP/1.1)
POST /session/221bcc29d5cf0aaa89a848ee0fa7326e/element/7F1B751D72AB98312240D0B7862350F1_element_15/click HTTP/1.1
User-Agent: selenium/4.8.0 (java windows)
Content-Length: 57
Content-Type: application/json; charset=utf-8
host: localhost:11548
accept: */*

Response DefaultHttpResponse(decodeResult: success, version: HTTP/1.1)
HTTP/1.1 200 OK
Content-Length: 14
Content-Type: application/json; charset=utf-8
cache-control: no-cache

11:37:25.018 [AsyncHttpClient-1-11] DEBUG org.asynchttpclient.netty.channel.ChannelManager - Adding key: http://localhost:11548 for channel [id: 0x5bbdc2b9, L:/127.0.0.1:61695 - R:localhost/127.0.0.1:11548]
11:37:25.020 [main] INFO  com.swaglabs.base.SetUp - login button clicked
11:37:25.020 [main] INFO  com.swaglabs.base.SetUp - login button clicked
11:37:25.025 [Forwarding findElement on session 221bcc29d5cf0aaa89a848ee0fa7326e to remote] DEBUG org.asynchttpclient.netty.request.NettyRequestSender - Using pooled Channel '[id: 0x5bbdc2b9, L:/127.0.0.1:61695 - R:localhost/127.0.0.1:11548]' for 'POST' to 'http://localhost:11548/session/221bcc29d5cf0aaa89a848ee0fa7326e/element'
11:37:25.025 [Forwarding findElement on session 221bcc29d5cf0aaa89a848ee0fa7326e to remote] DEBUG org.asynchttpclient.netty.request.NettyRequestSender - Using open Channel [id: 0x5bbdc2b9, L:/127.0.0.1:61695 - R:localhost/127.0.0.1:11548] for POST '/session/221bcc29d5cf0aaa89a848ee0fa7326e/element'
11:37:25.048 [AsyncHttpClient-1-11] DEBUG org.asynchttpclient.netty.handler.HttpHandler - 

Request DefaultHttpRequest(decodeResult: success, version: HTTP/1.1)
POST /session/221bcc29d5cf0aaa89a848ee0fa7326e/element HTTP/1.1
User-Agent: selenium/4.8.0 (java windows)
Content-Length: 113
Content-Type: application/json; charset=utf-8
host: localhost:11548
accept: */*

Response DefaultHttpResponse(decodeResult: success, version: HTTP/1.1)
HTTP/1.1 200 OK
Content-Length: 95
Content-Type: application/json; charset=utf-8
cache-control: no-cache

11:37:25.049 [AsyncHttpClient-1-11] DEBUG org.asynchttpclient.netty.channel.ChannelManager - Adding key: http://localhost:11548 for channel [id: 0x5bbdc2b9, L:/127.0.0.1:61695 - R:localhost/127.0.0.1:11548]
11:37:25.051 [Forwarding isElementDisplayed on session 221bcc29d5cf0aaa89a848ee0fa7326e to remote] DEBUG org.asynchttpclient.netty.request.NettyRequestSender - Using pooled Channel '[id: 0x5bbdc2b9, L:/127.0.0.1:61695 - R:localhost/127.0.0.1:11548]' for 'POST' to 'http://localhost:11548/session/221bcc29d5cf0aaa89a848ee0fa7326e/execute/sync'
11:37:25.051 [Forwarding isElementDisplayed on session 221bcc29d5cf0aaa89a848ee0fa7326e to remote] DEBUG org.asynchttpclient.netty.request.NettyRequestSender - Using open Channel [id: 0x5bbdc2b9, L:/127.0.0.1:61695 - R:localhost/127.0.0.1:11548] for POST '/session/221bcc29d5cf0aaa89a848ee0fa7326e/execute/sync'
11:37:25.061 [AsyncHttpClient-1-11] DEBUG org.asynchttpclient.netty.handler.HttpHandler - 

Request DefaultHttpRequest(decodeResult: success, version: HTTP/1.1)
POST /session/221bcc29d5cf0aaa89a848ee0fa7326e/execute/sync HTTP/1.1
User-Agent: selenium/4.8.0 (java windows)
Content-Length: 48814
Content-Type: application/json; charset=utf-8
host: localhost:11548
accept: */*

Response DefaultHttpResponse(decodeResult: success, version: HTTP/1.1)
HTTP/1.1 200 OK
Content-Length: 14
Content-Type: application/json; charset=utf-8
cache-control: no-cache

11:37:25.061 [AsyncHttpClient-1-11] DEBUG org.asynchttpclient.netty.channel.ChannelManager - Adding key: http://localhost:11548 for channel [id: 0x5bbdc2b9, L:/127.0.0.1:61695 - R:localhost/127.0.0.1:11548]
11:37:25.064 [Forwarding isElementDisplayed on session 221bcc29d5cf0aaa89a848ee0fa7326e to remote] DEBUG org.asynchttpclient.netty.request.NettyRequestSender - Using pooled Channel '[id: 0x5bbdc2b9, L:/127.0.0.1:61695 - R:localhost/127.0.0.1:11548]' for 'POST' to 'http://localhost:11548/session/221bcc29d5cf0aaa89a848ee0fa7326e/execute/sync'
11:37:25.064 [Forwarding isElementDisplayed on session 221bcc29d5cf0aaa89a848ee0fa7326e to remote] DEBUG org.asynchttpclient.netty.request.NettyRequestSender - Using open Channel [id: 0x5bbdc2b9, L:/127.0.0.1:61695 - R:localhost/127.0.0.1:11548] for POST '/session/221bcc29d5cf0aaa89a848ee0fa7326e/execute/sync'
11:37:25.073 [AsyncHttpClient-1-11] DEBUG org.asynchttpclient.netty.handler.HttpHandler - 

Request DefaultHttpRequest(decodeResult: success, version: HTTP/1.1)
POST /session/221bcc29d5cf0aaa89a848ee0fa7326e/execute/sync HTTP/1.1
User-Agent: selenium/4.8.0 (java windows)
Content-Length: 48814
Content-Type: application/json; charset=utf-8
host: localhost:11548
accept: */*

Response DefaultHttpResponse(decodeResult: success, version: HTTP/1.1)
HTTP/1.1 200 OK
Content-Length: 14
Content-Type: application/json; charset=utf-8
cache-control: no-cache

11:37:25.074 [AsyncHttpClient-1-11] DEBUG org.asynchttpclient.netty.channel.ChannelManager - Adding key: http://localhost:11548 for channel [id: 0x5bbdc2b9, L:/127.0.0.1:61695 - R:localhost/127.0.0.1:11548]
11:37:25.075 [Forwarding findElement on session 221bcc29d5cf0aaa89a848ee0fa7326e to remote] DEBUG org.asynchttpclient.netty.request.NettyRequestSender - Using pooled Channel '[id: 0x5bbdc2b9, L:/127.0.0.1:61695 - R:localhost/127.0.0.1:11548]' for 'POST' to 'http://localhost:11548/session/221bcc29d5cf0aaa89a848ee0fa7326e/element'
11:37:25.075 [Forwarding findElement on session 221bcc29d5cf0aaa89a848ee0fa7326e to remote] DEBUG org.asynchttpclient.netty.request.NettyRequestSender - Using open Channel [id: 0x5bbdc2b9, L:/127.0.0.1:61695 - R:localhost/127.0.0.1:11548] for POST '/session/221bcc29d5cf0aaa89a848ee0fa7326e/element'
11:37:25.089 [AsyncHttpClient-1-11] DEBUG org.asynchttpclient.netty.handler.HttpHandler - 

Request DefaultHttpRequest(decodeResult: success, version: HTTP/1.1)
POST /session/221bcc29d5cf0aaa89a848ee0fa7326e/element HTTP/1.1
User-Agent: selenium/4.8.0 (java windows)
Content-Length: 113
Content-Type: application/json; charset=utf-8
host: localhost:11548
accept: */*

Response DefaultHttpResponse(decodeResult: success, version: HTTP/1.1)
HTTP/1.1 200 OK
Content-Length: 95
Content-Type: application/json; charset=utf-8
cache-control: no-cache

11:37:25.089 [AsyncHttpClient-1-11] DEBUG org.asynchttpclient.netty.channel.ChannelManager - Adding key: http://localhost:11548 for channel [id: 0x5bbdc2b9, L:/127.0.0.1:61695 - R:localhost/127.0.0.1:11548]
11:37:25.091 [Forwarding isElementDisplayed on session 221bcc29d5cf0aaa89a848ee0fa7326e to remote] DEBUG org.asynchttpclient.netty.request.NettyRequestSender - Using pooled Channel '[id: 0x5bbdc2b9, L:/127.0.0.1:61695 - R:localhost/127.0.0.1:11548]' for 'POST' to 'http://localhost:11548/session/221bcc29d5cf0aaa89a848ee0fa7326e/execute/sync'
11:37:25.091 [Forwarding isElementDisplayed on session 221bcc29d5cf0aaa89a848ee0fa7326e to remote] DEBUG org.asynchttpclient.netty.request.NettyRequestSender - Using open Channel [id: 0x5bbdc2b9, L:/127.0.0.1:61695 - R:localhost/127.0.0.1:11548] for POST '/session/221bcc29d5cf0aaa89a848ee0fa7326e/execute/sync'
11:37:25.113 [AsyncHttpClient-1-11] DEBUG org.asynchttpclient.netty.handler.HttpHandler - 

Request DefaultHttpRequest(decodeResult: success, version: HTTP/1.1)
POST /session/221bcc29d5cf0aaa89a848ee0fa7326e/execute/sync HTTP/1.1
User-Agent: selenium/4.8.0 (java windows)
Content-Length: 48814
Content-Type: application/json; charset=utf-8
host: localhost:11548
accept: */*

Response DefaultHttpResponse(decodeResult: success, version: HTTP/1.1)
HTTP/1.1 200 OK
Content-Length: 14
Content-Type: application/json; charset=utf-8
cache-control: no-cache

11:37:25.113 [AsyncHttpClient-1-11] DEBUG org.asynchttpclient.netty.channel.ChannelManager - Adding key: http://localhost:11548 for channel [id: 0x5bbdc2b9, L:/127.0.0.1:61695 - R:localhost/127.0.0.1:11548]
11:37:25.113 [Forwarding getElementText on session 221bcc29d5cf0aaa89a848ee0fa7326e to remote] DEBUG org.asynchttpclient.netty.request.NettyRequestSender - Using pooled Channel '[id: 0x5bbdc2b9, L:/127.0.0.1:61695 - R:localhost/127.0.0.1:11548]' for 'GET' to 'http://localhost:11548/session/221bcc29d5cf0aaa89a848ee0fa7326e/element/7F1B751D72AB98312240D0B7862350F1_element_20/text'
11:37:25.113 [Forwarding getElementText on session 221bcc29d5cf0aaa89a848ee0fa7326e to remote] DEBUG org.asynchttpclient.netty.request.NettyRequestSender - Using open Channel [id: 0x5bbdc2b9, L:/127.0.0.1:61695 - R:localhost/127.0.0.1:11548] for GET '/session/221bcc29d5cf0aaa89a848ee0fa7326e/element/7F1B751D72AB98312240D0B7862350F1_element_20/text'
11:37:25.126 [AsyncHttpClient-1-11] DEBUG org.asynchttpclient.netty.handler.HttpHandler - 

Request DefaultFullHttpRequest(decodeResult: success, version: HTTP/1.1, content: EmptyByteBufBE)
GET /session/221bcc29d5cf0aaa89a848ee0fa7326e/element/7F1B751D72AB98312240D0B7862350F1_element_20/text HTTP/1.1
User-Agent: selenium/4.8.0 (java windows)
Cache-Control: no-cache
Content-Type: application/json; charset=utf-8
host: localhost:11548
accept: */*

Response DefaultHttpResponse(decodeResult: success, version: HTTP/1.1)
HTTP/1.1 200 OK
Content-Length: 63
Content-Type: application/json; charset=utf-8
cache-control: no-cache

11:37:25.126 [AsyncHttpClient-1-11] DEBUG org.asynchttpclient.netty.channel.ChannelManager - Adding key: http://localhost:11548 for channel [id: 0x5bbdc2b9, L:/127.0.0.1:61695 - R:localhost/127.0.0.1:11548]
error validation passed
11:37:25.131 [main] INFO  -       -> TEST IGNORED
11:37:25.131 [main] ERROR  -       -> ASSUMPTION VIOLATED: skipping test because eror validated
11:37:25.133 [main] DEBUG net.thucydides.core.steps.StepInterceptor - STEP DONE: login with user {0}
]]></system-out>
    <system-err><![CDATA[Starting Microsoft Edge WebDriver 115.0.1901.188 (b51b39339c49c4dc7c61b77f8b61420ca0ab7b68) on port 11548
To submit feedback, report a bug, or suggest new features, please visit https://github.com/MicrosoftEdge/EdgeWebDriver

Only local connections are allowed.
Please see https://aka.ms/WebDriverSecurity for suggestions on keeping Microsoft Edge WebDriver safe.

Microsoft Edge WebDriver was started successfully.
[1693462039.193][WARNING]: This version of Microsoft Edge WebDriver has not been tested with Microsoft Edge version 116.
Aug 31, 2023 11:37:20 AM org.openqa.selenium.devtools.CdpVersionFinder findNearestMatch
WARNING: Unable to find CDP implementation matching 116
Aug 31, 2023 11:37:20 AM org.openqa.selenium.chromium.ChromiumDriver lambda$new$3
WARNING: Unable to find version of CDP to use for . You may need to include a dependency on a specific version of the CDP using something similar to `org.seleniumhq.selenium:selenium-devtools-v86:4.8.0` where the version ("v86") matches the version of the chromium-based browser you're using and the version number of the artifact is the same as Selenium's.
com.swaglabs.utilities.HeaderExist: header  text is not visible 
	at com.swaglabs.steps.LoginPageSteps.validateHeadersInloginPage(LoginPageSteps.java:195)
	at com.swaglabs.steps.LoginPageSteps$ByteBuddy$zS5Tw6BW.validateHeadersInloginPage$accessor$iqThXT80(Unknown Source)
	at java.base/jdk.internal.reflect.NativeMethodAccessorImpl.invoke0(Native Method)
	at java.base/jdk.internal.reflect.NativeMethodAccessorImpl.invoke(NativeMethodAccessorImpl.java:77)
	at java.base/jdk.internal.reflect.DelegatingMethodAccessorImpl.invoke(DelegatingMethodAccessorImpl.java:43)
	at java.base/java.lang.reflect.Method.invoke(Method.java:568)
	at net.thucydides.core.steps.BaseMethodRunner.invokeMethod(BaseMethodRunner.java:18)
	at net.thucydides.core.steps.NormalMethodRunner.invokeMethodAndNotifyFailures(NormalMethodRunner.java:18)
	at net.thucydides.core.steps.StepInterceptor.runNormalMethod(StepInterceptor.java:421)
	at net.thucydides.core.steps.StepInterceptor.testStepResult(StepInterceptor.java:193)
	at net.thucydides.core.steps.StepInterceptor.intercept(StepInterceptor.java:86)
	at net.thucydides.core.steps.ProxyConfiguration$InterceptorDispatcher.intercept(ProxyConfiguration.java:51)
	at com.swaglabs.steps.LoginPageSteps$ByteBuddy$zS5Tw6BW.validateHeadersInloginPage(Unknown Source)
	at com.swaglabs.steps.LoginPageSteps.test2_ValidateUserinterfaceHeadersAndFooters(LoginPageSteps.java:325)
	at com.swaglabs.steps.LoginPageSteps$ByteBuddy$zS5Tw6BW.test2_ValidateUserinterfaceHeadersAndFooters$accessor$iqThXT80(Unknown Source)
	at java.base/jdk.internal.reflect.NativeMethodAccessorImpl.invoke0(Native Method)
	at java.base/jdk.internal.reflect.NativeMethodAccessorImpl.invoke(NativeMethodAccessorImpl.java:77)
	at java.base/jdk.internal.reflect.DelegatingMethodAccessorImpl.invoke(DelegatingMethodAccessorImpl.java:43)
	at java.base/java.lang.reflect.Method.invoke(Method.java:568)
	at net.thucydides.core.steps.StepInterceptor.invokeMethod(StepInterceptor.java:518)
	at net.thucydides.core.steps.StepInterceptor.executeTestStepMethod(StepInterceptor.java:498)
	at net.thucydides.core.steps.StepInterceptor.runTestStep(StepInterceptor.java:472)
	at net.thucydides.core.steps.StepInterceptor.runOrSkipMethod(StepInterceptor.java:211)
	at net.thucydides.core.steps.StepInterceptor.testStepResult(StepInterceptor.java:198)
	at net.thucydides.core.steps.StepInterceptor.intercept(StepInterceptor.java:86)
	at net.thucydides.core.steps.ProxyConfiguration$InterceptorDispatcher.intercept(ProxyConfiguration.java:51)
	at com.swaglabs.steps.LoginPageSteps$ByteBuddy$zS5Tw6BW.test2_ValidateUserinterfaceHeadersAndFooters(Unknown Source)
	at com.swaglabs.testcases.Tests.testCases(Tests.java:67)
	at java.base/jdk.internal.reflect.NativeMethodAccessorImpl.invoke0(Native Method)
	at java.base/jdk.internal.reflect.NativeMethodAccessorImpl.invoke(NativeMethodAccessorImpl.java:77)
	at java.base/jdk.internal.reflect.DelegatingMethodAccessorImpl.invoke(DelegatingMethodAccessorImpl.java:43)
	at java.base/java.lang.reflect.Method.invoke(Method.java:568)
	at org.junit.runners.model.FrameworkMethod$1.runReflectiveCall(FrameworkMethod.java:59)
	at org.junit.internal.runners.model.ReflectiveCallable.run(ReflectiveCallable.java:12)
	at org.junit.runners.model.FrameworkMethod.invokeExplosively(FrameworkMethod.java:56)
	at org.junit.internal.runners.statements.InvokeMethod.evaluate(InvokeMethod.java:17)
	at net.serenitybdd.junit.runners.SerenityStatement.evaluate(SerenityStatement.java:33)
	at org.junit.internal.runners.statements.RunBefores.evaluate(RunBefores.java:26)
	at org.junit.runners.ParentRunner$3.evaluate(ParentRunner.java:306)
	at org.junit.runners.BlockJUnit4ClassRunner$1.evaluate(BlockJUnit4ClassRunner.java:100)
	at org.junit.runners.ParentRunner.runLeaf(ParentRunner.java:366)
	at org.junit.runners.BlockJUnit4ClassRunner.runChild(BlockJUnit4ClassRunner.java:103)
	at net.serenitybdd.junit.runners.SerenityRunner.performRunChild(SerenityRunner.java:471)
	at net.serenitybdd.junit.runners.SerenityRunner.runChild(SerenityRunner.java:445)
	at net.serenitybdd.junit.runners.SerenityRunner.runChild(SerenityRunner.java:61)
	at org.junit.runners.ParentRunner$4.run(ParentRunner.java:331)
	at org.junit.runners.ParentRunner$1.schedule(ParentRunner.java:79)
	at org.junit.runners.ParentRunner.runChildren(ParentRunner.java:329)
	at org.junit.runners.ParentRunner.access$100(ParentRunner.java:66)
	at org.junit.runners.ParentRunner$2.evaluate(ParentRunner.java:293)
	at org.junit.runners.ParentRunner.run(ParentRunner.java:413)
	at net.serenitybdd.junit.runners.SerenityRunner.run(SerenityRunner.java:254)
	at org.junit.runners.Suite.runChild(Suite.java:128)
	at org.junit.runners.Suite.runChild(Suite.java:27)
	at org.junit.runners.ParentRunner$4.run(ParentRunner.java:331)
	at org.junit.runners.ParentRunner$1.schedule(ParentRunner.java:79)
	at org.junit.runners.ParentRunner.runChildren(ParentRunner.java:329)
	at org.junit.runners.ParentRunner.access$100(ParentRunner.java:66)
	at org.junit.runners.ParentRunner$2.evaluate(ParentRunner.java:293)
	at org.junit.runners.ParentRunner$3.evaluate(ParentRunner.java:306)
	at org.junit.runners.ParentRunner.run(ParentRunner.java:413)
	at net.serenitybdd.junit.runners.SerenityParameterizedRunner.run(SerenityParameterizedRunner.java:217)
	at org.junit.runner.JUnitCore.run(JUnitCore.java:137)
	at org.junit.runner.JUnitCore.run(JUnitCore.java:115)
	at org.junit.vintage.engine.execution.RunnerExecutor.execute(RunnerExecutor.java:42)
	at org.junit.vintage.engine.VintageTestEngine.executeAllChildren(VintageTestEngine.java:80)
	at org.junit.vintage.engine.VintageTestEngine.execute(VintageTestEngine.java:72)
	at org.junit.platform.launcher.core.EngineExecutionOrchestrator.execute(EngineExecutionOrchestrator.java:107)
	at org.junit.platform.launcher.core.EngineExecutionOrchestrator.execute(EngineExecutionOrchestrator.java:88)
	at org.junit.platform.launcher.core.EngineExecutionOrchestrator.lambda$execute$0(EngineExecutionOrchestrator.java:54)
	at org.junit.platform.launcher.core.EngineExecutionOrchestrator.withInterceptedStreams(EngineExecutionOrchestrator.java:67)
	at org.junit.platform.launcher.core.EngineExecutionOrchestrator.execute(EngineExecutionOrchestrator.java:52)
	at org.junit.platform.launcher.core.DefaultLauncher.execute(DefaultLauncher.java:114)
	at org.junit.platform.launcher.core.DefaultLauncher.execute(DefaultLauncher.java:86)
	at org.junit.platform.launcher.core.DefaultLauncherSession$DelegatingLauncher.execute(DefaultLauncherSession.java:86)
	at org.junit.platform.launcher.core.SessionPerRequestLauncher.execute(SessionPerRequestLauncher.java:53)
	at org.apache.maven.surefire.junitplatform.JUnitPlatformProvider.lambda$execute$1(JUnitPlatformProvider.java:199)
	at java.base/java.util.Iterator.forEachRemaining(Iterator.java:133)
	at org.apache.maven.surefire.junitplatform.JUnitPlatformProvider.execute(JUnitPlatformProvider.java:193)
	at org.apache.maven.surefire.junitplatform.JUnitPlatformProvider.invokeAllTests(JUnitPlatformProvider.java:154)
	at org.apache.maven.surefire.junitplatform.JUnitPlatformProvider.invoke(JUnitPlatformProvider.java:120)
	at org.apache.maven.surefire.booter.ForkedBooter.runSuitesInProcess(ForkedBooter.java:428)
	at org.apache.maven.surefire.booter.ForkedBooter.execute(ForkedBooter.java:162)
	at org.apache.maven.surefire.booter.ForkedBooter.run(ForkedBooter.java:562)
	at org.apache.maven.surefire.booter.ForkedBooter.main(ForkedBooter.java:548)
]]></system-err>
  </testcase>
</testsuite>